1377805802 50160129 329584462
1377805802 1 66 1 66
1377805503 2 66 2 66
1377805500 1 65 2 66
1377805200 0 65 0 66
1377804900 0 65 1 66
1377804600 1 65 2 66
1377804300 1 66 2 66
1377804000 0 65 1 66
1377803700 1 65 6 66
1377803400 5 66 6 66
1377803100 1 65 2 66
1377802800 0 65 1 66
1377802500 1 65 1 66
1377802200 1 65 1 66
1377801900 1 66 1 66
1377801600 1 66 5 66
1377801300 4 65 5 66
1377801000 1 65 2 66
1377800700 1 65 2 66
1377800400 0 65 0 65
1377800100 0 65 3 65
1377799800 2 65 3 66
1377799500 0 66 1 66
1377799200 0 66 1 66
1377798900 1 66 1 66
1377798600 1 65 1 66
1377798300 0 65 1 66
1377798000 0 65 1 66
1377797700 1 65 2 65
1377797400 1 65 2 66
1377797100 0 66 1 66
1377796800 0 66 1 66
1377796500 1 66 1 66
1377796200 1 65 3 66
1377795900 2 65 3 66
1377795600 1 66 1 66
1377795300 1 65 1 66
1377795000 1 65 1 66
1377794700 0 66 1 66
1377794400 0 66 0 66
1377794100 0 65 3 66
1377793800 2 65 3 66
1377793500 0 66 1 66
1377793200 0 66 0 66
1377792900 0 66 0 66
1377792600 0 65 1 66
1377792300 1 65 2 66
1377792000 1 66 2 66
1377791700 1 66 1 66
1377791400 1 66 1 66
1377791100 0 65 1 66
1377790800 0 65 1 66
1377790500 1 66 3 66
1377790200 2 65 3 66
1377789900 1 65 2 66
1377789600 0 66 0 66
1377789300 0 66 1 66
1377789000 1 66 1 66
1377788700 0 65 1 66
1377788400 0 64 1 66
1377788100 1 66 1 66
1377787800 1 66 1 66
1377787500 0 65 1 66
1377787200 0 65 0 66
1377786900 0 66 0 66
1377786600 0 66 1 66
1377786300 1 66 1 66
1377786000 1 66 1 66
1377785700 1 65 1 66
1377785400 1 65 1 65
1377785100 0 65 1 66
1377784800 0 66 0 66
1377784500 0 66 2 66
1377784200 1 65 2 66
1377783900 0 65 1 66
1377783600 0 65 0 66
1377783300 0 65 1 66
1377783000 1 65 1 66
1377782700 1 65 2 66
1377782400 1 65 2 66
1377782100 1 65 1 65
1377781800 1 65 1 66
1377781500 1 66 2 66
1377781200 1 65 2 66
1377780900 1 65 3 65
1377780600 2 65 3 66
1377780300 0 65 1 66
1377780000 0 65 1 66
1377779700 1 66 1 66
1377779400 1 66 1 66
1377779100 0 66 1 66
1377778800 0 66 0 66
1377778500 0 65 1 66
1377778200 1 65 1 66
1377777900 0 65 1 66
1377777600 0 65 1 66
1377777300 1 65 1 66
1377777000 1 65 3 66
1377776700 3 65 4 66
1377776400 3 65 4 66
1377776100 1 65 1 66
1377775800 1 65 1 66
1377775500 0 66 1 66
1377775200 0 66 1 66
1377774900 1 65 3 66
1377774600 3 65 5 66
1377774300 4 66 5 66
1377774000 0 65 1 66
1377773700 1 65 1 66
1377773400 1 66 1 66
1377773100 0 66 1 66
1377772800 0 65 0 66
1377772500 0 65 1 66
1377772200 1 66 1 66
1377771900 0 66 1 66
1377771600 0 65 1 66
1377771300 1 65 1 66
1377771000 1 65 3 66
1377770700 2 65 3 65
1377770400 0 65 0 65
1377770100 0 65 1 66
1377769800 1 65 1 66
1377769500 0 65 1 65
1377769200 0 65 2 66
1377768900 1 66 2 66
1377768600 1 65 1 66
1377768300 0 65 1 66
1377768000 0 66 0 66
1377767700 0 66 1 66
1377767400 1 66 1 66
1377767100 0 66 1 66
1377766800 0 65 0 66
1377766500 0 65 1 66
1377766200 1 65 1 66
1377765900 0 65 1 66
1377765600 0 66 1 66
1377765300 1 66 4 66
1377765000 3 65 4 66
1377764700 0 65 1 65
1377764400 0 65 1 66
1377764100 1 66 1 66
1377763800 1 66 1 66
1377763500 1 65 2 66
1377763200 2 65 5 65
1377762900 4 65 5 66
1377762600 1 65 1 66
1377762300 0 65 1 66
1377762000 0 66 0 66
1377761700 0 66 1 66
1377761400 1 65 3 66
1377761100 3 65 4 66
1377760800 3 66 4 66
1377760500 1 66 1 66
1377760200 1 66 2 66
1377759900 1 66 2 66
1377759600 0 65 1 66
1377759300 1 65 6 66
1377759000 5 66 6 66
1377758700 0 65 1 66
1377758400 0 65 0 65
1377758100 0 65 0 66
1377757800 0 66 3 66
1377757500 3 65 4 66
1377757200 3 65 4 65
1377756900 1 65 1 66
1377756600 1 66 1 66
1377756300 0 65 1 66
1377756000 0 65 1 66
1377755700 1 65 4 66
1377755400 4 65 5 66
1377755100 4 66 5 66
1377754800 0 65 0 66
1377754500 0 65 1 65
1377754200 1 65 1 66
1377753900 0 65 1 66
1377753600 0 65 1 66
1377753300 1 66 1 66
1377753000 1 65 1 66
1377752700 0 65 1 66
1377752400 0 66 1 66
1377752100 1 66 1 66
1377751800 1 65 3 66
1377751500 2 65 3 66
1377751200 0 66 1 66
1377750900 1 65 1 66
1377750600 1 65 1 65
1377750300 0 65 1 65
1377750000 0 65 3 65
1377749700 2 65 3 66
1377749400 1 65 2 66
1377749100 0 65 1 66
1377748800 0 66 1 66
1377748500 1 65 1 66
1377748200 1 65 3 65
1377747900 2 65 3 66
1377747600 0 65 1 66
1377747300 1 65 1 66
1377747000 1 66 1 66
1377746700 0 65 1 66
1377746400 0 65 1 66
1377746100 1 65 1 66
1377745800 1 65 1 66
1377745500 0 65 1 66
1377745200 0 65 0 66
1377744900 0 66 1 66
1377744600 1 66 1 66
1377744300 0 65 1 66
1377744000 0 65 1 65
1377743700 1 65 1 66
1377743400 1 66 1 66
1377743100 0 65 1 66
1377742800 0 65 1 65
1377742500 1 65 1 66
1377742200 0 66 1 66
1377741900 0 66 0 66
1377741600 0 66 1 66
1377741300 1 65 1 66
1377741000 0 65 1 66
1377740700 0 66 0 66
1377740400 0 66 2 66
1377740100 2 66 2 66
1377739800 1 65 2 66
1377739500 0 65 0 65
1377739200 0 65 1 66
1377738900 1 66 1 66
1377738600 1 65 2 66
1377738300 2 65 3 65
1377738000 2 65 3 66
1377737700 1 65 1 66
1377737400 0 65 1 65
1377737100 0 65 0 66
1377736800 0 66 1 66
1377736500 1 65 2 66
1377736200 1 65 2 66
1377735900 0 65 1 66
1377735600 0 65 0 66
1377735300 0 66 1 66
1377735000 0 66 1 66
1377734700 0 66 1 66
1377734400 1 65 1 66
1377734100 0 65 1 66
1377733800 0 66 0 66
1377733500 0 65 0 66
1377733200 0 65 1 65
1377732900 1 65 1 66
1377732600 1 66 2 66
1377732300 2 66 5 66
1377732000 4 65 5 66
1377731700 1 65 1 66
1377731400 1 65 1 66
1377731100 0 65 1 66
1377730800 0 66 1 66
1377730500 1 65 2 66
1377730200 1 65 2 66
1377729900 0 66 0 66
1377729600 0 65 0 66
1377729300 0 65 1 66
1377729000 0 65 1 66
1377728700 0 65 1 66
1377728400 1 66 1 66
1377728100 1 65 1 66
1377727800 0 65 1 65
1377727500 0 65 0 66
1377727200 0 65 0 66
1377726900 0 65 2 66
1377726600 1 65 2 66
1377726300 0 65 1 66
1377726000 0 65 0 66
1377725700 0 65 1 65
1377725400 1 65 2 66
1377725100 2 65 2 66
1377724800 1 65 2 66
1377724500 1 66 1 66
1377724200 0 66 1 66
1377723900 0 65 0 66
1377723600 0 65 0 66
1377723300 0 66 1 66
1377723000 1 65 1 66
1377722700 1 65 5 66
1377722400 4 66 5 66
1377722100 0 66 1 66
1377721800 0 66 1 66
1377721500 0 65 0 66
1377721200 0 65 3 66
1377720900 2 66 3 66
1377720600 1 65 2 66
1377720300 0 65 0 66
1377720000 0 66 1 66
1377719700 1 65 1 66
1377719400 0 65 1 65
1377719100 0 65 1 66
1377718800 0 66 1 66
1377718500 0 65 1 66
1377718200 0 65 1 66
1377717900 0 65 0 66
1377717600 0 65 1 65
1377717300 1 65 4 66
1377717000 3 65 4 66
1377716700 0 65 1 66
1377716400 0 66 1 66
1377716100 1 65 1 66
1377715800 0 65 1 66
1377715500 0 66 1 66
1377715200 1 65 1 66
1377714900 1 65 5 65
1377714600 4 65 5 66
1377714300 0 66 2 66
1377714000 1 66 2 66
1377713700 1 65 1 66
1377713400 0 65 1 65
1377713100 0 65 1 66
1377712800 0 66 1 66
1377712500 0 66 1 66
1377712200 0 66 1 66
1377711900 0 65 1 66
1377711600 1 65 1 66
1377711300 1 65 1 66
1377711000 0 65 1 65
1377710700 0 65 1 66
1377710400 0 66 1 66
1377710100 0 66 1 66
1377709800 0 66 1 66
1377709500 0 65 1 66
1377709200 1 65 1 65
1377708900 1 65 1 66
1377708600 0 66 1 66
1377708300 0 66 1 66
1377708000 0 65 1 66
1377707700 0 65 3 66
1377707400 2 66 3 66
1377707100 0 66 1 67
1377706800 0 66 1 67
1377706500 1 65 1 66
1377706200 0 65 1 65
1377705900 0 65 2 65
1377705600 2 65 2 66
1377705300 2 65 6 66
1377705000 5 65 6 66
1377704700 0 66 1 66
1377704400 0 65 1 66
1377704100 0 65 1 66
1377703800 0 66 1 66
1377703500 0 65 1 66
1377703200 1 65 1 65
1377702900 1 65 1 66
1377702600 0 66 1 66
1377702300 0 65 2 66
1377702000 1 65 2 66
1377701700 1 65 1 66
1377701400 0 65 1 66
1377701100 0 66 1 66
1377700800 1 66 1 66
1377700500 1 65 1 66
1377700200 0 65 1 66
1377699900 0 65 3 66
1377699600 2 65 3 65
1377699300 1 65 1 66
1377699000 0 66 1 66
1377698700 0 66 1 66
1377698400 1 66 1 66
1377698100 1 65 4 66
1377697800 3 65 4 66
1377697500 0 66 1 66
1377697200 1 66 1 66
1377696900 1 65 1 66
1377696600 0 65 1 66
1377696300 0 66 1 66
1377696000 1 66 3 66
1377695700 2 65 3 66
1377695400 0 65 1 66
1377695100 0 65 2 66
1377694800 1 65 2 66
1377694500 1 66 1 66
1377694200 1 66 2 66
1377693900 1 65 2 66
1377693600 0 65 1 66
1377693300 0 66 1 66
1377693000 0 66 1 66
1377692700 0 65 1 66
1377692400 1 65 3 65
1377692100 2 65 3 66
1377691800 0 66 1 66
1377691500 0 66 1 66
1377691200 1 66 1 66
1377690900 1 65 1 66
1377690600 0 65 1 66
1377690300 0 65 1 66
1377690000 1 65 1 66
1377689700 1 66 1 66
1377689400 0 66 1 66
1377689100 0 65 1 66
1377688800 1 65 1 65
1377688500 1 65 3 66
1377688200 2 66 3 66
1377687900 0 66 1 66
1377687600 1 65 1 66
1377687300 1 65 1 65
1377687000 0 65 1 66
1377686700 0 66 1 66
1377686400 1 65 1 66
1377686100 1 65 2 66
1377685800 1 65 2 66
1377685500 0 65 1 66
1377685200 1 66 1 66
1377684900 1 66 1 66
1377684600 1 65 2 66
1377684300 1 65 2 66
1377684000 1 65 1 66
1377683700 1 65 1 65
1377683400 0 65 1 66
1377683100 0 66 1 66
1377682800 1 65 3 66
1377682500 2 65 3 65
1377682200 0 65 1 66
1377681900 0 66 1 66
1377681600 1 66 1 66
1377681300 1 65 1 66
1377681000 0 65 1 65
1377680700 0 65 1 66
1377680400 0 65 1 66
1377680100 0 65 1 66
1377679800 0 66 1 66
1377679500 0 65 1 66
1377679200 1 65 1 65
1377678900 1 65 2 66
1377678600 2 66 4 66
1377678300 3 65 4 66
1377678000 1 65 1 66
1377677700 1 66 1 66
1377677400 0 66 1 66
1377677100 0 65 1 66
1377676800 1 65 1 66
1377676500 1 66 6 67
1377676200 5 66 6 67
1377675900 0 65 1 65
1377675600 1 65 1 66
1377675300 1 65 1 66
1377675000 1 65 2 66
1377674700 2 65 5 66
1377674400 4 65 5 66
1377674100 1 66 1 66
1377673800 0 66 1 66
1377673500 0 66 1 66
1377673200 1 66 2 66
1377672900 2 65 2 66
1377672600 2 65 4 65
1377672300 3 65 4 66
1377672000 1 66 1 66
1377671700 1 66 1 66
1377671400 0 65 1 66
1377671100 0 65 1 66
1377670800 1 66 1 66
1377670500 1 66 1 66
1377670200 0 65 1 66
1377669900 0 65 2 65
1377669600 1 65 2 66
1377669300 1 65 2 66
1377669000 2 65 4 66
1377668700 3 65 4 66
1377668400 1 65 1 66
1377668100 1 66 1 66
1377667800 0 65 1 66
1377667500 0 65 1 66
1377667200 1 66 2 66
1377666900 2 65 6 66
1377666600 5 65 6 66
1377666300 0 66 1 66
1377666000 1 65 1 66
1377665700 1 65 1 66
1377665400 0 66 1 66
1377665100 0 65 5 66
1377664800 4 65 5 66
1377664500 1 66 1 66
1377664200 0 66 1 66
1377663900 0 65 1 66
1377663600 1 65 1 66
1377663300 1 66 1 66
1377663000 0 65 1 66
1377662700 0 65 1 65
1377662400 0 65 1 66
1377662100 0 65 0 66
1377661800 0 65 0 66
1377661500 0 66 3 66
1377661200 2 65 3 66
1377660900 1 65 1 66
1377660600 0 65 1 66
1377660300 0 65 1 66
1377660000 1 66 1 66
1377659700 1 65 3 66
1377659400 2 65 3 65
1377659100 0 65 1 66
1377658800 1 66 1 66
1377658500 1 65 1 66
1377658200 0 65 1 66
1377657900 0 65 1 66
1377657600 1 65 3 65
1377657300 2 65 3 66
1377657000 1 66 2 66
1377656700 0 65 1 66
1377656400 0 65 1 65
1377656100 0 65 1 66
1377655800 1 65 2 66
1377655500 1 65 2 66
1377655200 0 66 1 66
1377654900 0 65 1 66
1377654600 0 65 1 66
1377654300 0 66 1 66
1377654000 1 66 1 66
1377653700 1 66 4 66
1377653400 3 65 4 66
1377653100 0 65 0 65
1377652800 0 65 1 66
1377652500 1 66 1 66
1377652200 0 65 1 66
1377651900 0 65 2 66
1377651600 1 66 2 66
1377651300 1 65 1 66
1377651000 0 65 1 66
1377650700 0 66 1 66
1377650400 1 65 1 66
1377650100 1 65 2 66
1377649800 1 66 2 66
1377649500 0 65 5 66
1377649200 4 65 5 66
1377648900 1 66 1 66
1377648600 0 65 1 66
1377648300 0 65 1 66
1377648000 1 66 2 66
1377647700 2 66 6 66
1377647400 5 65 6 66
1377647100 0 65 1 66
1377646800 1 66 1 66
1377646500 0 66 1 66
1377646200 0 65 2 66
1377645900 2 65 5 66
1377645600 4 66 5 66
1377645300 0 66 1 66
1377645000 0 65 1 66
1377644700 0 65 1 66
1377644400 1 65 1 66
1377644100 1 65 2 66
1377643800 2 65 5 66
1377643500 4 65 5 66
1377643200 0 65 1 66
1377642900 0 65 1 66
1377642600 0 65 1 66
1377642300 0 65 1 66
1377642000 1 66 1 66
1377641700 1 66 1 66
1377641400 0 65 1 66
1377641100 0 65 1 65
1377640800 1 65 1 66
1377640500 1 65 2 66
1377640200 1 65 2 66
1377639900 1 65 1 66
1377639600 1 65 1 65
1377639300 1 65 1 66
1377639000 0 66 1 66
1377638700 0 66 1 66
1377638400 0 66 1 66
1377638100 0 65 6 66
1377637800 5 65 6 66
1377637500 0 66 1 66
1377637200 1 66 1 66
1377636900 1 65 1 66
1377636600 0 65 1 65
1377636300 0 65 5 66
1377636000 4 65 5 66
1377635700 1 65 1 66
1377635400 0 65 1 66
1377635100 0 65 1 66
1377634800 1 65 1 66
1377634500 1 65 2 66
1377634200 2 65 4 66
1377633900 3 65 4 66
1377633600 1 66 1 66
1377633300 1 65 1 66
1377633000 0 65 1 65
1377632700 0 65 1 66
1377632400 1 66 1 66
1377632100 1 66 1 66
1377631800 1 65 1 66
1377631500 1 65 1 66
1377631200 1 65 1 66
1377630900 1 65 1 65
1377630600 1 65 1 66
1377630300 1 65 1 66
1377630000 1 65 1 65
1377629700 1 65 1 66
1377629400 1 66 1 66
1377629100 1 65 2 66
1377628800 1 65 2 66
1377628500 1 65 2 66
1377628200 1 64 2 66
1377627900 0 65 2 66
1377627600 1 65 2 66
1377627300 0 65 1 66
1377627000 1 65 3 66
1377626700 2 66 3 66
1377626400 1 65 1 66
1377626100 1 65 1 65
1377625800 0 65 1 66
1377624600 0 65 1 66
1377622800 0 65 1 66
1377621000 0 65 2 66
1377619200 1 65 5 66
1377617400 0 65 2 66
1377615600 0 65 4 66
1377613800 0 65 2 66
1377612000 0 65 3 66
1377610200 0 65 2 66
1377608400 0 64 2 66
1377606600 0 65 2 66
1377604800 0 65 2 66
1377603000 0 65 2 66
1377601200 0 65 6 66
1377599400 0 65 6 66
1377597600 0 65 4 66
1377595800 0 65 5 66
1377594000 0 65 6 66
1377592200 0 65 2 66
1377590400 0 65 2 66
1377588600 0 65 2 66
1377586800 0 65 4 66
1377585000 0 65 2 66
1377583200 0 65 3 66
1377581400 0 65 4 66
1377579600 0 65 2 66
1377577800 1 65 5 66
1377576000 0 65 6 66
1377574200 0 65 6 66
1377572400 0 65 4 67
1377570600 0 65 5 67
1377568800 0 65 6 66
1377567000 0 65 4 66
1377565200 0 65 5 66
1377563400 0 65 4 66
1377561600 0 65 1 66
1377559800 0 65 2 66
1377558000 0 65 2 66
1377556200 0 65 2 66
1377554400 0 65 2 66
1377552600 0 65 5 66
1377550800 0 65 1 66
1377549000 0 65 2 66
1377547200 0 65 2 66
1377545400 0 65 3 66
1377543600 0 65 3 66
1377541800 0 65 3 66
1377540000 0 65 3 66
1377538200 0 65 3 66
1377536400 0 65 2 66
1377534600 0 66 2 66
1377532800 0 65 4 66
1377531000 0 65 2 66
1377529200 0 65 1 66
1377527400 0 65 6 66
1377525600 0 65 2 66
1377523800 0 65 2 67
1377522000 0 65 2 66
1377520200 0 65 3 66
1377518400 0 65 2 66
1377516600 0 64 4 66
1377514800 0 65 4 66
1377513000 0 65 4 66
1377511200 0 65 2 66
1377509400 0 65 4 66
1377507600 0 65 6 66
1377505800 0 65 4 66
1377504000 0 65 2 66
1377502200 0 65 2 66
1377500400 0 65 3 67
1377498600 0 65 2 66
1377496800 0 65 2 66
1377495000 0 65 2 66
1377493200 0 65 1 66
1377491400 0 65 3 66
1377489600 0 65 2 66
1377487800 0 65 3 66
1377486000 0 65 1 66
1377484200 0 65 2 66
1377482400 0 65 2 66
1377480600 0 65 2 66
1377478800 0 65 2 66
1377477000 0 65 3 66
1377475200 0 65 2 66
1377473400 0 65 5 66
1377471600 0 65 4 66
1377469800 0 65 2 66
1377468000 0 65 1 66
1377466200 0 65 3 66
1377464400 0 65 2 66
1377462600 0 65 2 66
1377460800 0 65 2 66
1377459000 0 65 2 66
1377457200 0 65 3 66
1377455400 0 66 3 66
1377453600 0 65 2 66
1377451800 0 65 2 66
1377450000 0 65 2 66
1377448200 0 65 1 66
1377446400 0 65 1 67
1377444600 0 65 1 66
1377442800 0 65 3 66
1377441000 0 65 2 66
1377439200 0 65 2 66
1377437400 0 65 3 66
1377435600 0 65 3 66
1377433800 0 65 3 66
1377432000 0 65 2 66
1377430200 0 65 1 66
1377428400 0 65 1 66
1377426600 0 65 1 66
1377424800 0 65 5 66
1377423000 0 65 4 66
1377421200 0 65 2 66
1377419400 0 65 3 66
1377417600 0 65 1 66
1377415800 0 65 2 66
1377414000 0 65 1 66
1377412200 0 65 5 66
1377410400 0 65 2 66
1377408600 0 65 1 66
1377406800 0 65 1 66
1377405000 0 65 3 66
1377403200 0 64 1 66
1377401400 0 65 2 66
1377399600 0 65 2 66
1377397800 0 65 2 66
1377396000 0 65 2 66
1377394200 0 65 3 66
1377392400 0 65 2 66
1377390600 0 65 1 66
1377388800 0 65 3 66
1377387000 0 65 1 66
1377385200 0 65 1 66
1377383400 0 65 1 66
1377381600 0 65 1 66
1377379800 0 65 1 66
1377378000 0 65 1 66
1377376200 0 65 1 66
1377374400 0 65 1 66
1377372600 0 65 3 66
1377370800 0 65 3 66
1377369000 0 65 3 66
1377367200 0 65 5 66
1377365400 0 65 3 66
1377363600 0 65 2 66
1377361800 0 65 1 66
1377360000 0 65 1 66
1377358200 0 65 3 66
1377356400 0 65 1 66
1377354600 0 65 2 66
1377352800 0 65 3 66
1377351000 0 65 3 66
1377349200 0 65 3 66
1377347400 0 65 5 66
1377345600 0 65 5 66
1377343800 0 65 2 66
1377342000 0 65 2 66
1377340200 0 65 5 66
1377338400 0 65 4 66
1377336600 0 65 1 66
1377334800 0 65 1 66
1377333000 0 64 1 66
1377331200 0 65 3 66
1377329400 0 65 1 66
1377327600 0 65 2 66
1377325800 0 65 1 66
1377324000 0 65 1 66
1377322200 0 65 3 66
1377320400 0 65 2 66
1377318600 0 65 5 66
1377316800 0 65 4 66
1377315000 0 65 3 66
1377313200 0 64 3 66
1377311400 0 65 2 66
1377309600 0 65 5 66
1377307800 0 65 4 66
1377306000 0 65 3 66
1377304200 0 65 1 66
1377302400 0 65 3 66
1377300600 0 65 1 66
1377298800 0 65 3 66
1377297000 0 65 1 66
1377295200 0 65 5 66
1377293400 1 65 5 66
1377291600 1 65 6 66
1377289800 0 64 3 66
1377288000 0 65 8 66
1377286200 2 65 8 66
1377284400 2 65 5 66
1377282600 5 65 22 66
1377280800 23 65 45 66
1377279000 20 65 21 66
1377277200 19 64 22 66
1377275400 20 65 26 66
1377273600 20 65 22 66
1377271800 20 65 25 66
1377270000 21 65 23 66
1377268200 20 65 22 66
1377266400 21 65 24 66
1377264600 20 65 23 66
1377262800 21 65 77 66
1377261000 28 65 77 66
1377259200 19 65 22 66
1377257400 19 65 21 66
1377255600 19 65 20 66
1377253800 20 65 20 67
1377252000 19 65 25 66
1377250200 19 65 25 66
1377248400 19 65 21 66
1377246600 20 65 22 66
1377244800 19 64 22 66
1377243000 19 65 21 66
1377241200 19 65 21 66
1377239400 20 65 22 66
1377237600 19 65 22 66
1377235800 20 65 24 66
1377234000 20 64 24 66
1377232200 20 65 24 66
1377230400 20 65 22 66
1377228600 20 65 22 66
1377226800 20 65 24 66
1377225000 20 65 22 66
1377223200 20 65 22 66
1377221400 20 65 22 66
1377219600 19 65 22 66
1377217800 20 65 25 66
1377216000 20 65 23 66
1377214200 20 65 22 66
1377212400 20 65 21 66
1377210600 20 65 22 66
1377208800 20 65 22 66
1377207000 20 65 30 66
1377205200 20 65 26 66
1377203400 20 65 26 66
1377201600 21 64 24 66
1377199800 24 65 43 66
1377198000 22 65 28 66
1377196200 21 65 26 66
1377194400 20 65 23 66
1377192600 21 65 27 66
1377190800 22 65 27 66
1377189000 20 65 24 66
1377187200 20 65 22 66
1377185400 19 64 23 66
1377183600 20 65 25 66
1377181800 22 65 27 66
1377180000 21 65 25 66
1377178200 25 65 34 66
1377176400 29 65 62 66
1377174600 19 65 20 67
1377172800 19 65 20 66
1377171000 20 65 22 66
1377169200 20 65 21 66
1377167400 20 65 21 66
1377165600 19 65 20 66
1377163800 19 65 21 66
1377162000 19 65 21 66
1377160200 19 65 22 66
1377158400 20 65 22 66
1377156600 20 65 22 66
1377154800 19 65 20 66
1377153000 20 65 22 66
1377151200 20 65 24 66
1377149400 20 65 24 66
1377147600 20 65 24 66
1377145800 19 65 22 66
1377144000 19 65 21 66
1377142200 20 65 21 66
1377140400 20 65 22 66
1377138600 20 65 22 66
1377136800 20 65 24 66
1377135000 19 65 22 66
1377133200 19 65 21 66
1377131400 20 65 24 66
1377129600 19 65 24 66
1377127800 20 65 24 66
1377126000 20 65 21 66
1377124200 19 65 41 66
1377122400 23 65 41 66
1377120600 20 65 22 66
1377118800 20 65 25 66
1377117000 20 65 22 66
1377115200 20 65 22 66
1377113400 20 65 23 66
1377111600 20 65 22 66
1377109800 20 65 22 66
1377108000 20 65 22 66
1377106200 20 65 22 66
1377104400 20 65 22 66
1377102600 20 65 26 66
1377100800 19 65 23 66
1377099000 20 65 23 66
1377097200 20 65 22 66
1377095400 20 65 22 66
1377093600 15 65 28 66
1377091800 20 65 28 66
1377090000 27 65 56 66
1377088200 20 64 21 66
1377086400 20 65 26 66
1377084600 20 65 24 66
1377082800 20 65 25 66
1377081000 20 65 24 66
1377079200 20 65 24 66
1377077400 19 65 20 66
1377075600 20 65 21 66
1377073800 20 65 22 66
1377072000 19 64 23 66
1377070200 20 65 22 66
1377068400 20 65 24 66
1377066600 20 65 23 66
1377064800 20 65 23 66
1377063000 20 64 22 66
1377061200 19 65 21 66
1377059400 20 65 24 66
1377057600 20 65 21 66
1377055800 20 65 21 66
1377054000 20 65 21 66
1377052200 19 65 20 66
1377050400 20 65 21 66
1377048600 20 65 22 66
1377046800 20 65 22 66
1377045000 20 65 22 66
1377043200 20 65 22 66
1377041400 19 65 24 66
1377039600 20 65 20 66
1377037800 20 65 21 66
1377036000 20 65 24 66
1377034200 20 65 24 66
1377032400 20 65 22 66
1377030600 20 65 27 66
1377028800 20 65 24 66
1377027000 20 65 25 66
1377025200 20 65 23 66
1377023400 20 65 21 66
1377021600 20 65 23 66
1377019800 20 65 24 66
1377018000 19 65 23 66
1377016200 19 65 23 66
1377014400 20 65 23 66
1377012600 20 65 25 67
1377010800 20 65 24 66
1377009000 20 65 24 66
1377007200 26 65 46 66
1377005400 21 65 27 66
1377003600 32 65 55 66
1377001800 19 65 20 66
1377000000 19 65 23 66
1376998200 19 65 22 66
1376996400 19 65 23 66
1376994600 19 65 20 66
1376992800 19 65 22 66
1376991000 19 65 21 66
1376989200 19 65 21 66
1376987400 20 65 21 66
1376985600 19 65 24 66
1376983800 19 65 21 66
1376982000 19 65 21 66
1376980200 19 65 22 66
1376978400 19 65 22 66
1376976600 19 65 22 66
1376974800 19 65 24 66
1376973000 19 65 20 66
1376971200 19 65 23 66
1376969400 19 65 21 66
1376967600 19 65 22 66
1376965800 19 65 20 66
1376964000 19 64 22 66
1376962200 19 65 21 66
1376960400 19 65 25 66
1376958600 19 65 25 66
1376956800 19 65 24 66
1376955000 19 65 21 66
1376953200 19 65 21 66
1376951400 19 65 26 66
1376949600 24 65 43 66
1376947800 20 65 22 66
1376946000 20 65 23 67
1376944200 22 65 26 66
1376942400 24 65 44 66
1376940600 21 65 26 66
1376938800 23 65 46 66
1376937000 20 65 26 66
1376935200 21 65 27 66
1376933400 20 65 24 66
1376931600 20 65 23 66
1376929800 20 65 27 66
1376928000 20 65 24 66
1376926200 20 65 23 66
1376924400 20 65 22 66
1376922600 20 65 24 66
1376920800 21 65 41 66
1376919000 27 65 41 66
1376917200 40 65 60 66
1376915400 19 65 20 67
1376913600 19 65 20 66
1376911800 19 65 22 66
1376910000 19 65 22 66
1376908200 19 65 22 66
1376906400 20 65 20 67
1376904600 19 65 22 66
1376902800 19 65 22 67
1376901000 19 65 20 67
1376899200 19 65 20 66
1376897400 20 65 22 66
1376895600 19 65 24 66
1376893800 19 65 20 66
1376892000 19 65 20 66
1376890200 19 65 22 66
1376888400 19 65 21 66
1376886600 19 64 21 66
1376884800 19 65 24 66
1376883000 19 65 21 66
1376881200 19 65 22 66
1376879400 19 65 20 66
1376877600 20 65 20 67
1376875800 19 65 21 66
1376874000 19 65 22 66
1376872200 19 65 22 66
1376870400 19 65 24 66
1376868600 20 65 24 66
1376866800 20 65 24 66
1376865000 19 65 22 66
1376863200 19 65 20 66
1376861400 19 65 24 66
1376859600 19 65 24 66
1376857800 19 65 20 66
1376856000 19 65 20 66
1376854200 19 65 20 66
1376852400 19 65 24 66
1376850600 19 65 24 66
1376848800 19 65 21 66
1376847000 19 65 22 66
1376845200 19 65 22 66
1376843400 19 65 23 66
1376841600 19 65 20 66
1376839800 19 65 20 66
1376838000 19 65 21 66
1376836200 19 65 21 66
1376834400 19 65 21 66
1376832600 20 65 22 66
1376830800 20 65 24 66
1376829000 20 65 22 66
1376827200 19 65 21 66
1376825400 19 65 22 66
1376823600 20 65 24 66
1376821800 20 65 24 66
1376820000 20 64 22 66
1376818200 19 65 23 66
1376816400 19 65 22 66
1376814600 20 65 22 66
1376812800 20 65 22 66
1376811000 20 65 20 66
1376809200 20 65 20 66
1376807400 20 65 22 66
1376805600 20 65 21 66
1376803800 19 65 20 66
1376802000 19 65 22 66
1376800200 19 65 21 66
1376798400 20 65 21 66
1376796600 20 65 22 66
1376794800 19 65 20 66
1376793000 19 65 22 66
1376791200 19 65 20 66
1376789400 19 65 21 66
1376787600 20 65 22 66
1376785800 19 65 20 66
1376784000 20 65 22 66
1376782200 20 65 22 67
1376780400 20 65 20 66
1376778600 19 64 22 66
1376776800 19 65 20 66
1376775000 19 65 24 66
1376773200 19 65 21 66
1376771400 20 65 22 66
1376769600 19 65 22 66
1376767800 20 65 22 66
1376766000 19 65 22 66
1376764200 19 64 22 66
1376762400 20 65 22 66
1376760600 20 65 21 66
1376758800 19 65 22 66
1376757000 19 65 22 66
1376755200 19 65 24 66
1376753400 20 65 24 66
1376751600 19 65 22 66
1376749800 19 65 20 66
1376748000 19 65 22 66
1376746200 19 65 22 66
1376744400 19 65 22 66
1376742600 20 65 22 66
1376740800 19 65 21 66
1376739000 19 65 22 66
1376737200 19 65 22 66
1376735400 19 65 20 66
1376733600 19 65 20 66
1376731800 19 65 22 66
1376730000 19 65 21 66
1376728200 20 65 24 66
1376726400 19 65 24 66
1376724600 20 65 22 66
1376722800 20 65 20 66
1376721000 19 64 22 66
1376719200 19 65 21 66
1376717400 19 65 21 66
1376715600 19 65 25 66
1376713800 19 65 24 66
1376712000 19 65 24 66
1376710200 19 65 24 66
1376708400 19 65 22 66
1376706600 19 65 20 66
1376704800 19 65 20 66
1376703000 19 65 22 66
1376701200 19 65 24 66
1376699400 20 65 24 67
1376697600 19 65 22 66
1376695800 19 65 22 66
1376694000 20 65 22 66
1376692200 19 65 20 66
1376690400 19 65 21 66
1376688600 19 65 23 66
1376686800 19 65 25 66
1376685000 25 65 37 66
1376683200 20 65 24 66
1376681400 20 65 23 66
1376679600 21 65 25 66
1376677800 20 65 24 66
1376676000 20 64 25 66
1376674200 19 65 22 66
1376672400 20 65 22 66
1376670600 24 65 30 66
1376668800 20 65 30 66
1376667000 21 65 24 66
1376665200 21 65 26 66
1376663400 19 65 21 66
1376661600 21 65 26 66
1376659800 19 65 24 66
1376658000 31 65 61 66
1376656200 24 65 55 66
1376654400 19 65 20 66
1376652600 19 65 20 66
1376650800 19 65 21 66
1376649000 20 65 21 66
1376647200 19 65 21 66
1376645400 19 65 20 66
1376643600 19 65 20 66
1376641800 20 65 22 66
1376640000 19 65 22 66
1376638200 19 65 21 66
1376636400 19 65 21 66
1376634600 19 65 25 66
1376632800 19 65 22 66
1376631000 19 65 22 66
1376629200 19 65 21 66
1376627400 19 65 24 66
1376625600 19 65 24 66
1376623800 19 65 21 66
1376622000 19 65 23 66
1376620200 19 65 21 66
1376618400 19 65 21 66
1376616600 19 65 24 66
1376614800 19 65 22 66
1376613000 19 65 23 66
1376611200 19 65 20 66
1376609400 19 65 21 66
1376607600 19 65 22 66
1376605800 19 65 22 66
1376604000 19 65 21 66
1376602200 20 65 24 66
1376600400 19 65 22 66
1376598600 20 65 24 66
1376596800 19 65 21 66
1376595000 20 65 24 66
1376593200 20 65 24 66
1376591400 20 65 23 66
1376589600 20 65 22 66
1376587800 20 65 23 66
1376586000 20 65 25 66
1376584200 20 65 25 66
1376582400 20 65 22 66
1376580600 20 65 23 66
1376578800 21 65 24 66
1376577000 7 65 23 66
1376575200 4 65 26 66
1376573400 1 65 17 66
1376571600 14 65 61 66
1376569800 1 65 5 66
1376568000 0 65 1 66
1376566200 0 65 1 66
1376564400 0 65 1 66
1376562600 0 65 2 66
1376560800 0 65 1 66
1376559000 0 65 2 66
1376557200 0 65 2 66
1376555400 0 65 3 67
1376553600 0 65 2 66
1376551800 0 65 1 66
1376550000 0 65 5 66
1376548200 0 65 1 66
1376546400 0 65 1 66
1376544600 0 65 3 66
1376539200 0 65 3 67
1376532000 0 65 3 66
1376524800 0 65 5 66
1376517600 0 65 2 67
1376510400 0 64 4 67
1376503200 0 65 3 66
1376496000 0 65 2 66
1376488800 0 65 3 66
1376481600 0 65 5 66
1376474400 0 65 4 66
1376467200 17 64 23 66
1376460000 19 65 23 66
1376452800 19 65 22 66
1376445600 19 65 23 66
1376438400 19 65 24 66
1376431200 19 65 27 67
1376424000 20 65 29 66
1376416800 20 65 23 67
1376409600 23 65 46 66
1376402400 21 65 42 66
1376395200 19 64 22 67
1376388000 19 64 23 67
1376380800 19 64 23 66
1376373600 19 65 25 66
1376366400 19 64 22 66
1376359200 19 65 22 67
1376352000 19 65 25 66
1376344800 20 64 27 66
1376337600 19 65 28 66
1376330400 20 65 28 66
1376323200 6 65 34 66
1376316000 5 65 59 66
1376308800 0 65 5 66
1376301600 0 65 7 66
1376294400 0 64 5 66
1376287200 0 65 4 67
1376280000 0 65 5 66
1376272800 0 65 4 66
1376265600 0 65 5 66
1376258400 0 65 5 66
1376251200 0 65 4 66
1376244000 0 65 4 66
1376236800 0 65 6 66
1376229600 0 64 6 66
1376222400 0 64 5 66
1376215200 0 65 4 66
1376208000 0 65 5 66
1376200800 0 64 6 66
1376193600 0 65 5 66
1376186400 0 65 5 66
1376179200 0 64 6 66
1376172000 0 65 5 66
1376164800 0 65 5 66
1376157600 0 65 5 67
1376150400 0 65 5 66
1376143200 0 64 6 66
1376136000 0 65 5 66
1376128800 0 65 5 66
1376121600 0 65 5 66
1376114400 0 65 5 66
1376107200 0 65 5 66
1376100000 0 65 6 66
1376092800 5 65 45 66
1376085600 21 64 45 66
1376078400 20 65 30 66
1376071200 21 65 44 66
1376064000 21 65 45 66
1376056800 22 64 41 66
1376049600 22 65 65 66
1376042400 19 65 25 66
1376035200 19 65 23 66
1376028000 19 64 25 66
1376020800 19 64 24 66
1376013600 19 65 25 66
1376006400 19 65 24 66
1375999200 23 65 52 66
1375992000 20 65 30 66
1375984800 20 65 29 67
1375977600 22 64 45 67
1375970400 21 65 45 66
1375963200 19 65 24 66
1375956000 19 65 25 67
1375948800 19 65 25 66
1375941600 19 65 27 66
1375934400 19 65 27 67
1375927200 19 65 26 66
1375920000 19 65 27 66
1375912800 20 65 29 66
1375905600 20 65 29 66
1375898400 20 65 27 66
1375891200 21 65 28 67
1375884000 21 64 63 66
1375876800 19 65 25 67
1375869600 20 65 25 66
1375862400 19 65 25 66
1375855200 19 65 25 66
1375848000 19 65 24 67
1375840800 19 64 25 67
1375833600 19 65 25 66
1375826400 20 65 47 66
1375819200 21 65 48 66
1375812000 24 64 66 66
1375804800 19 64 30 66
1375797600 21 65 48 66
1375790400 19 65 25 66
1375783200 19 65 24 66
1375776000 19 65 24 66
1375768800 19 65 25 66
1375761600 19 65 24 67
1375754400 19 65 25 67
1375747200 19 65 25 67
1375740000 4 65 22 66
1375732800 0 65 7 66
1375725600 1 65 7 66
1375718400 7 65 31 66
1375711200 20 65 43 66
1375704000 19 65 24 66
1375696800 19 65 25 67
1375689600 19 64 24 66
1375682400 19 65 25 66
1375675200 19 65 25 66
1375668000 19 65 25 66
1375660800 19 65 24 66
1375653600 19 65 24 66
1375646400 19 65 25 66
1375639200 19 64 24 66
1375632000 19 65 25 66
1375624800 19 65 25 66
1375617600 19 65 25 66
1375610400 19 65 25 66
1375603200 19 65 25 67
1375596000 19 64 25 67
1375588800 19 65 25 66
1375581600 19 64 22 66
1375574400 19 65 25 66
1375567200 19 64 23 66
1375560000 19 64 27 66
1375552800 19 65 24 66
1375545600 19 65 26 66
1375538400 19 65 26 66
1375531200 19 64 27 66
1375524000 19 65 24 66
1375516800 19 65 25 66
1375509600 19 64 26 67
1375502400 19 65 27 67
1375495200 19 65 27 66
1375488000 19 65 26 66
1375480800 20 65 28 66
1375473600 19 65 29 66
1375466400 20 65 27 66
1375459200 3 64 24 66
1375452000 1 65 33 66
1375444800 0 64 6 66
1375437600 0 65 4 66
1375430400 0 65 5 66
1375423200 0 65 4 66
1375416000 0 65 5 66
1375408800 0 65 6 67
1375401600 0 65 6 66
1375394400 0 65 5 66
1375387200 0 65 4 66
1375380000 0 65 6 66
1375372800 0 65 5 66
1375365600 0 65 5 66
1375358400 0 65 4 66
1375351200 0 65 5 66
1375344000 0 65 4 66
1375336800 0 65 5 66
1375329600 0 65 6 66
1375322400 0 65 5 66
1375315200 0 65 7 66
1375308000 1 64 9 66
1375300800 1 65 8 66
1375293600 0 65 7 66
1375286400 1 65 12 66
1375279200 2 65 25 66
1375272000 0 65 7 66
1375264800 0 65 4 66
1375257600 0 65 2 66
1375250400 0 65 3 66
1375243200 0 65 3 66
1375236000 0 65 3 66
1375228800 0 64 4 66
1375221600 2 65 34 66
1375214400 3 64 27 66
1375207200 7 64 29 66
1375200000 19 65 25 66
1375192800 23 65 71 66
1375185600 19 65 22 66
1375178400 19 64 23 66
1375171200 19 65 23 66
1375164000 19 64 24 66
1375156800 19 64 22 66
1375149600 19 64 23 66
1375142400 19 65 28 66
1375135200 21 65 44 66
1375128000 19 64 25 66
1375120800 19 65 26 66
1375113600 19 65 24 66
1375106400 21 65 73 66
1375099200 19 65 22 66
1375092000 19 65 22 66
1375084800 19 65 23 66
1375077600 19 65 22 66
1375070400 19 65 22 67
1375063200 19 65 23 66
1375056000 19 65 22 66
1375048800 19 65 22 66
1375041600 19 64 22 66
1375034400 19 65 22 66
1375027200 19 65 22 66
1375020000 19 65 22 67
1375012800 19 65 22 66
1375005600 19 64 24 66
1374998400 19 64 23 66
1374991200 19 64 23 67
1374984000 19 65 24 66
1374976800 19 65 25 66
1374969600 19 65 25 66
1374962400 19 65 25 66
1374955200 19 65 27 67
1374948000 19 65 26 66
1374940800 19 64 26 66
1374933600 19 65 27 66
1374926400 19 65 28 66
1374919200 19 65 26 66
1374912000 19 65 25 66
1374904800 19 65 25 66
1374897600 19 65 26 66
1374890400 19 65 23 66
1374883200 19 65 26 66
1374876000 20 65 28 66
1374868800 21 65 29 66
1374861600 20 65 29 66
1374854400 20 65 29 66
1374847200 21 65 52 66
1374840000 19 65 25 67
1374832800 19 65 26 67
1374825600 19 65 25 66
1374818400 19 65 25 66
1374811200 19 65 24 66
1374804000 19 65 24 66
1374796800 19 65 27 66
1374789600 19 65 26 66
1374782400 19 65 28 66
1374775200 22 65 42 66
1374768000 20 64 28 66
1374760800 22 65 76 67
1374753600 20 65 26 66
1374746400 20 65 26 66
1374739200 20 65 25 67
1374732000 20 65 25 67
1374724800 20 65 25 66
1374717600 19 64 26 66
1374710400 19 65 27 67
1374703200 21 65 42 66
1374696000 21 65 45 66
1374688800 20 65 24 66
1374681600 21 65 30 66
1374674400 22 65 50 66
1374667200 19 65 22 66
1374660000 19 65 24 66
1374652800 19 65 22 67
1374645600 19 65 23 66
1374638400 19 65 23 66
1374631200 19 65 23 66
1374624000 19 65 25 66
1374616800 21 65 44 66
1374609600 19 64 28 66
1374602400 20 65 29 66
1374595200 20 65 30 66
1374588000 21 65 38 66
1374580800 19 64 23 66
1374573600 19 65 22 66
1374566400 19 65 25 66
1374559200 19 65 25 67
1374552000 19 65 22 67
1374544800 19 65 23 66
1374537600 19 65 24 66
1374530400 21 65 64 66
1374523200 33 65 120 66
1374516000 20 65 27 66
1374508800 12 65 41 66
1374501600 0 65 6 66
1374494400 0 65 5 66
1374487200 0 65 7 66
1374480000 0 65 6 66
1374472800 0 65 6 66
1374465600 0 65 7 66
1374458400 0 65 6 66
1374451200 0 65 7 66
1374444000 0 64 5 66
1374436800 0 65 6 66
1374429600 0 65 6 66
1374422400 0 65 5 66
1374415200 0 65 6 67
1374408000 0 64 6 66
1374400800 0 65 5 66
1374393600 0 65 6 66
1374386400 0 65 6 66
1374379200 0 65 6 67
1374372000 0 64 6 66
1374364800 0 65 5 66
1374357600 0 65 5 66
1374350400 0 65 8 66
1374343200 0 65 6 66
1374336000 0 65 7 66
1374328800 0 65 3 66
1374321600 0 65 7 66
1374314400 0 65 4 66
1374307200 0 65 5 66
1374300000 0 65 7 66
1374292800 0 65 7 66
1374285600 1 65 6 66
1374278400 1 65 7 66
1374271200 1 65 9 66
1374264000 5 65 38 66
1374256800 2 65 15 66
1374249600 1 65 27 66
1374242400 7 65 92 66
1374235200 0 64 6 66
1374228000 0 64 4 66
1374220800 0 65 7 66
1374213600 0 65 5 66
1374206400 0 65 6 66
1374199200 0 65 4 66
1374192000 0 65 52 66
1374184800 3 65 52 66
1374177600 1 65 25 66
1374170400 5 65 43 66
1374163200 2 65 24 66
1374156000 1 65 21 66
1374148800 0 65 5 67
1374141600 0 65 4 66
1374134400 0 65 3 66
1374127200 0 65 5 66
1374120000 0 65 6 66
1374112800 0 65 6 66
1374105600 0 65 8 66
1374098400 2 65 11 67
1374091200 1 65 7 66
1374084000 1 65 8 66
1374076800 1 65 8 66
1374069600 4 65 56 66
1374062400 0 65 5 66
1374055200 0 65 5 66
1374048000 0 65 3 66
1374040800 0 65 5 66
1374033600 0 65 3 66
1374026400 0 65 4 66
1374019200 0 65 7 66
1374012000 0 65 7 66
1374004800 2 65 18 67
1373997600 2 65 25 66
1373990400 1 65 4 66
1373983200 2 65 23 66
1373976000 0 65 7 66
1373968800 0 64 6 66
1373961600 0 65 6 66
1373954400 0 65 6 66
1373947200 0 65 3 66
1373940000 0 64 2 66
1373932800 0 64 5 66
1373925600 1 65 11 66
1373918400 2 64 28 66
1373911200 0 65 5 67
1373904000 0 65 6 66
1373896800 1 65 30 66
1373889600 0 65 4 66
1373882400 0 65 4 66
1373875200 0 65 5 66
1373868000 0 64 3 66
1373860800 0 65 2 66
1373853600 0 65 2 66
1373846400 0 65 2 66
1373839200 0 65 3 66
1373832000 0 65 4 66
1373824800 0 65 2 66
1373817600 0 64 5 66
1373810400 0 65 4 66
1373803200 0 65 2 66
1373796000 0 64 2 66
1373788800 0 65 3 66
1373781600 0 65 3 66
1373774400 0 64 6 66
1373767200 0 64 6 66
1373760000 0 65 1 66
1373752800 0 65 3 66
1373745600 0 65 5 66
1373738400 0 65 3 66
1373731200 0 64 3 66
1373724000 0 65 5 66
1373716800 0 64 5 66
1373709600 0 64 1 66
1373702400 0 65 1 67
1373695200 0 65 2 66
1373688000 0 65 6 66
1373680800 0 64 5 66
1373673600 0 65 3 66
1373666400 11 65 25 66
1373659200 16 64 27 66
1373652000 0 65 63 66
1373644800 3 65 63 66
1373637600 1 65 22 66
1373630400 0 65 4 66
1373623200 0 65 3 67
1373616000 0 65 6 66
1373608800 0 64 1 66
1373601600 0 65 5 67
1373594400 0 65 5 66
1373587200 0 65 3 66
1373580000 1 64 26 66
1373572800 0 64 10 66
1373565600 0 65 6 66
1373558400 0 65 7 67
1373551200 2 65 50 66
1373544000 0 65 6 66
1373536800 0 65 3 66
1373529600 0 65 3 66
1373522400 0 65 5 66
1373515200 0 65 5 66
1373508000 0 65 3 66
1373500800 0 65 7 66
1373493600 0 65 7 66
1373486400 0 65 9 66
1373479200 0 65 6 66
1373472000 1 64 7 66
1373464800 1 65 28 66
1373457600 0 65 2 67
1373450400 0 65 2 66
1373443200 0 65 2 66
1373436000 0 65 2 66
1373428800 0 65 2 66
1373421600 0 65 2 66
1373414400 1 65 49 66
1373407200 6 64 49 66
1373400000 0 65 5 66
1373392800 1 64 6 66
1373385600 1 65 7 66
1373378400 0 65 17 66
1373371200 0 65 5 66
1373364000 0 65 5 66
1373356800 0 65 3 66
1373349600 0 65 3 66
1373342400 0 65 5 66
1373335200 0 65 4 66
1373328000 0 65 3 67
1373320800 1 65 30 66
1373313600 2 65 27 66
1373306400 1 65 5 66
1373299200 2 65 28 66
1373292000 1 65 35 66
1373284800 0 64 3 66
1373277600 0 65 3 66
1373270400 0 65 4 66
1373263200 0 65 5 66
1373256000 0 64 5 66
1373248800 0 65 5 66
1373241600 0 65 5 66
1373234400 0 64 3 66
1373227200 0 65 3 66
1373220000 0 65 3 66
1373212800 0 65 4 66
1373205600 0 65 5 66
1373198400 0 65 5 66
1373191200 0 65 5 66
1373184000 0 64 3 66
1373176800 0 65 5 66
1373169600 0 65 5 66
1373162400 0 64 3 66
1373155200 0 65 4 66
1373148000 0 65 3 67
1373140800 0 65 5 66
1373133600 0 65 3 66
1373126400 0 65 6 66
1373119200 0 64 2 67
1373112000 0 64 5 67
1373104800 0 65 5 66
1373097600 0 64 4 66
1373090400 0 65 5 66
1373083200 0 64 5 66
1373076000 0 65 4 67
1373068800 0 65 3 66
1373061600 0 65 5 66
1373054400 0 65 5 66
1373047200 0 65 5 67
1373040000 0 65 3 66
1373032800 0 65 3 67
1373025600 0 64 3 67
1373018400 0 65 3 66
1373011200 0 65 3 67
1373004000 0 65 3 66
1372996800 0 65 3 66
1372989600 0 64 5 66
1372982400 0 64 6 66
1372975200 0 65 3 66
1372968000 0 65 5 67
1372960800 0 65 7 66
1372953600 0 65 5 66
1372946400 0 64 3 66
1372939200 0 65 4 66
1372932000 0 65 3 66
1372924800 0 65 6 66
1372917600 0 65 5 66
1372910400 0 65 2 66
1372903200 0 65 6 66
1372896000 0 65 4 66
1372888800 0 65 6 67
1372881600 1 65 31 66
1372874400 0 65 7 67
1372867200 1 65 27 66
1372860000 1 65 18 66
1372852800 0 64 5 66
1372845600 0 65 6 66
1372838400 0 65 6 66
1372831200 0 65 6 66
1372824000 0 65 6 66
1372816800 0 64 6 66
1372809600 0 65 9 66
1372802400 1 65 8 66
1372795200 1 65 28 66
1372788000 0 65 11 66
1372780800 0 67 18 437
1372773600 2 65 44 66
1372766400 0 64 2 66
1372759200 0 65 6 66
1372752000 0 65 5 66
1372744800 0 65 4 66
1372737600 0 65 2 66
1372730400 0 65 3 67
1372723200 0 65 5 66
1372716000 0 65 6 66
1372708800 1 65 18 66
1372701600 0 65 8 66
1372694400 0 65 10 66
1372687200 1 65 23 66
1372680000 1 64 33 66
1372672800 0 64 5 66
1372665600 0 65 3 66
1372658400 0 65 4 66
1372651200 0 65 5 66
1372644000 0 65 3 66
1372636800 0 65 3 66
1372629600 0 65 3 66
1372622400 0 64 5 66
1372615200 0 65 5 66
1372608000 0 64 3 66
1372600800 0 65 5 66
1372593600 0 65 5 66
1372586400 0 65 3 66
1372579200 0 65 6 66
1372572000 0 65 5 66
1372564800 0 65 5 67
1372557600 0 65 4 67
1372550400 0 65 5 67
1372543200 0 65 3 66
1372536000 0 65 2 66
1372528800 0 65 3 66
1372521600 0 65 5 66
1372514400 0 65 5 66
1372507200 0 65 5 66
1372500000 0 65 5 66
1372492800 0 65 3 66
1372485600 0 65 6 66
1372478400 0 65 2 66
1372471200 0 64 3 66
1372464000 0 65 6 66
1372456800 0 65 8 66
1372449600 1 65 31 66
1372442400 0 65 6 67
1372435200 2 65 29 66
1372428000 1 65 21 66
1372420800 0 65 3 66
1372413600 0 65 5 67
1372406400 0 65 4 66
1372399200 0 65 3 67
1372392000 0 65 3 66
1372384800 0 65 5 66
1372377600 0 65 6 66
1372370400 1 65 22 66
1372363200 3 64 37 66
1372356000 1 65 27 66
1372348800 1 64 7 66
1372341600 2 65 44 66
1372334400 0 64 5 66
1372327200 0 65 5 66
1372320000 0 64 5 66
1372312800 0 65 3 66
1372305600 0 65 4 66
1372298400 0 65 2 66
1372291200 0 65 4 66
1372284000 13 65 31 67
1372276800 22 65 55 66
1372269600 20 65 25 66
1372262400 20 65 24 66
1372255200 20 64 56 67
1372248000 19 65 24 66
1372240800 19 65 24 66
1372233600 19 65 24 66
1372226400 19 65 25 66
1372219200 19 65 25 66
1372204800 18 64 62 67
1372118400 19 64 66 66
1372032000 19 64 26 66
1371945600 19 64 25 67
1371859200 19 64 48 67
1371772800 19 65 60 67
1371686400 19 64 65 66
1371600000 19 64 52 67
1371513600 19 64 55 67
1371427200 19 64 25 66
1371340800 19 64 26 66
1371254400 19 64 47 67
1371168000 6 64 62 67
1371081600 3 64 31 67
1370995200 19 64 45 67
1370908800 19 64 81 67
1370822400 19 64 25 67
1370736000 19 64 24 67
1370649600 19 64 44 66
1370563200 19 64 51 66
1370476800 19 65 44 67
1370390400 21 64 61 67
1370304000 20 64 31 67
1370217600 20 64 31 67
1370131200 20 64 30 67
1370044800 21 64 63 67
1369958400 21 64 51 67
1369872000 21 64 34 67
1369785600 22 64 39 67
1369699200 22 64 33 67
1369612800 21 64 32 67
1369526400 22 65 34 67
1369440000 22 64 92 67
1369353600 21 64 59 67
1369267200 11 64 66 67
1369180800 4 64 39 67
1369094400 4 64 49 67
1369008000 4 64 20 67
1368921600 4 64 17 67
1368835200 3 64 42 67
1368748800 4 64 44 67
1368662400 4 64 61 67
1368576000 4 64 30 67
1368489600 3 64 32 67
1368403200 3 64 15 67
1368316800 3 64 16 67
1368230400 8 64 35 67
1368144000 11 64 43 67
1368057600 20 64 52 67
1367971200 21 64 52 66
1367884800 21 64 48 67
1367798400 21 64 31 67
1367712000 21 64 30 67
1367625600 20 64 50 67
1367539200 8 64 54 67
1367452800 15 64 71 67
1367366400 21 64 48 67
1367280000 21 64 65 67
1367193600 20 65 32 67
1367107200 21 64 32 67
1367020800 21 64 57 67
1366934400 9 64 50 68
1366848000 1 64 36 68
1366761600 1 64 52 66
1366675200 2 64 42 67
1366588800 3 64 16 67
1366502400 3 64 16 67
1366416000 4 64 38 67
1366329600 4 64 33 66
1366243200 2 64 41 67
1366156800 2 64 58 67
1366070400 2 64 49 67
1365984000 3 64 14 67
1365897600 3 64 15 66
1365811200 2 64 39 66
1365724800 2 64 43 67
1365638400 2 64 41 67
1365552000 2 64 64 67
1365465600 3 65 38 67
1365379200 4 64 16 66
1365292800 3 64 16 67
1365206400 2 64 37 67
1365120000 1 64 36 67
1365033600 10 64 36 67
1364947200 21 64 50 67
1364860800 18 64 56 67
1364774400 20 64 31 67
1364688000 20 64 31 67
1364601600 9 64 56 66
1364515200 1 65 31 67
1364428800 11 64 71 67
1364342400 19 64 59 67
1364256000 18 64 51 67
1364169600 19 64 32 67
1364083200 19 64 34 67
1363996800 20 64 51 67
1363910400 12 64 55 67
1363824000 20 64 36 67
1363737600 4 64 46 67
1363651200 3 64 38 66
1363564800 2 64 15 66
1363478400 18 64 33 67
1363392000 19 64 50 67
1363305600 8 64 146 66
1363219200 21 64 52 67
1363132800 21 64 43 67
1363046400 10 64 60 67
1362960000 4 64 23 67
1362873600 4 64 21 67
1362787200 3 65 102 66
1362700800 1 64 41 67
1362614400 2 64 43 67
1362528000 1 64 35 67
1362441600 13 64 53 67
1362355200 21 64 40 67
1362268800 20 64 43 66
1362182400 21 64 55 67
1362096000 21 65 54 67
1362009600 20 64 49 67
1361923200 20 64 62 67
1361836800 7 64 51 67
1361750400 3 64 21 67
1361664000 3 64 21 67
1361577600 1 64 21 67
1361491200 1 65 21 67
1361404800 1 64 22 67
1361318400 2 64 28 67
1361232000 3 64 29 67
1361145600 2 64 27 67
1361059200 3 64 28 67
1360972800 1 64 25 66
1360886400 2 64 37 67
1360800000 9 64 44 67
1360713600 20 64 45 67
1360627200 15 64 51 66
1360540800 19 64 31 67
1360454400 19 64 32 66
1360368000 19 64 68 67
1360281600 20 64 43 67
1360195200 1 64 64 67
1360108800 1 64 39 67
1360022400 19 64 57 67
1359936000 20 64 37 67
1359849600 21 64 38 67
1359763200 21 64 57 67
1359676800 21 64 76 67
1359590400 20 64 103 67
1359504000 21 64 61 67
1359417600 22 64 75 66
1359331200 19 64 39 67
1359244800 19 64 29 67
1359158400 19 64 53 67
1359072000 5 64 51 67
1358985600 0 64 26 67
1358899200 13 64 49 66
1358812800 19 65 30 66
1358726400 19 64 31 67
1358640000 19 64 30 67
1358553600 19 64 52 67
1358467200 19 64 57 67
1358380800 19 64 51 67
1358294400 14 64 71 67
1358208000 6 64 49 67
1358121600 1 64 30 66
1358035200 1 64 32 67
1357948800 3 64 38 67
1357862400 4 64 43 67
1357776000 9 65 48 67
1357689600 19 64 47 67
1357603200 20 65 60 67
1357516800 20 64 30 67
1357430400 20 64 31 67
1357344000 19 64 55 67
1357257600 19 64 82 67
1357171200 7 64 64 66
1357084800 0 64 3 67
1356998400 0 64 26 67
1356912000 0 64 3 67
1356825600 0 64 3 67
1356739200 0 64 5 67
1356652800 0 64 3 67
1356566400 0 64 3 67
1356480000 0 64 3 66
1356393600 0 65 3 66
1356307200 0 64 3 67
1356220800 4 64 22 67
1356134400 19 64 23 67
1356048000 19 64 24 67
1355961600 6 64 55 67
1355875200 0 64 3 67
1355788800 14 65 82 67
1355702400 19 64 24 66
1355616000 19 64 22 67
1355529600 19 64 23 66
1355443200 13 64 72 67
1355356800 19 64 32 67
1355270400 19 65 44 67
1355184000 19 64 45 67
1355097600 19 64 22 67
1355011200 19 64 24 67
1354924800 6 64 54 66
1354838400 0 64 32 67
1354752000 11 65 63 67
1354665600 18 64 69 67
1354579200 19 64 53 66
1354492800 19 64 23 66
1354406400 19 64 23 66
1354320000 19 65 42 67
1354233600 19 64 48 66
1354147200 5 64 38 67
1354060800 0 64 30 67
1353974400 0 64 52 66
1353888000 0 64 4 67
1353801600 0 65 4 67
1353715200 0 64 4 67
1353628800 0 65 3 67
1353542400 0 64 22 67
1353456000 0 65 22 67
1353369600 0 64 38 67
1353283200 0 65 4 67
1353196800 0 65 6 67
1353110400 0 65 28 67
1353024000 0 65 31 67
1352937600 15 65 42 67
1352851200 19 64 58 67
1352764800 19 64 42 67
1352678400 6 64 23 67
1352592000 0 65 4 67
1352505600 15 64 55 67
1352419200 19 64 40 67
1352332800 19 65 45 66
1352246400 19 64 66 67
1352160000 19 64 35 67
1352073600 19 64 23 67
1351987200 19 64 23 67
1351900800 6 64 48 67
1351814400 0 64 27 67
1351728000 10 64 48 67
1351641600 19 65 25 67
1351555200 19 64 23 67
1351468800 19 64 23 67
1351382400 19 64 24 67
1351296000 19 64 50 67
1351209600 19 64 88 66
1351123200 19 65 43 67
1351036800 13 65 46 67
1350950400 19 65 41 67
1350864000 19 64 23 67
1350777600 19 64 23 67
1350691200 19 64 41 67
1350604800 19 64 39 67
1350518400 17 64 47 67
1350432000 19 64 49 67
1350345600 6 65 55 67
1350259200 0 64 4 67
1350172800 0 64 4 67
1350086400 0 64 54 77
1350000000 3 65 28 66
1349913600 19 65 23 67
1349827200 19 64 38 67
1349740800 7 65 43 67
1349654400 0 65 3 66
1349568000 0 64 3 68
1349481600 0 64 30 67
1349395200 0 64 20 66
1349308800 0 64 40 67
1349222400 11 64 23 67
1349136000 19 64 50 67
1349049600 19 64 24 67
1348963200 19 64 56 67
1348876800 19 65 67 67
1348790400 19 64 45 67
1348704000 19 64 76 67
1348617600 19 65 53 67
1348531200 7 65 49 67
1348444800 3 64 24 67
1348358400 19 64 21 67
1348272000 19 65 73 67
1348185600 19 65 93 67
1348099200 19 65 53 66
1348012800 19 64 43 67
1347926400 19 64 56 67
1347840000 19 64 21 67
1347753600 19 64 21 67
1347667200 19 64 21 67
1347580800 19 65 44 67
1347494400 19 65 68 67
1347408000 5 65 44 67
1347321600 0 64 68 66
1347235200 0 64 2 67
1347148800 0 64 2 67
1347062400 0 64 19 67
1346976000 0 65 28 67
1346889600 1 64 48 67
1346803200 17 65 72 67
1346716800 19 64 21 67
1346630400 19 65 21 67
1346544000 19 65 21 67
1346457600 19 64 56 67
1346371200 19 65 62 67
1346284800 19 64 50 67
1346198400 7 65 44 67
1346112000 0 65 26 67
1346025600 0 64 2 67
1345939200 0 64 2 67
1345852800 0 64 44 67
1345766400 0 65 42 67
1345680000 11 64 46 66
1345593600 19 64 39 67
1345507200 19 65 46 66
1345420800 19 65 21 67
1345334400 19 64 21 66
1345248000 19 65 21 67
1345161600 19 64 24 67
1345075200 11 64 53 67
1344988800 19 65 44 67
1344902400 5 64 27 67
1344816000 0 65 2 67
1344729600 0 65 2 67
1344643200 7 59 22 67
1344556800 10 64 18 67
1344470400 10 64 21 67
1344384000 8 64 20 67
1344297600 1 64 57 67
1344211200 0 64 0 67
1344124800 0 64 0 67
1344038400 9 65 18 66
1343952000 10 64 21 67
1343865600 10 64 21 67
1343779200 10 64 26 67
1343692800 0 65 63 67
1343606400 0 65 0 66
1343520000 0 64 0 67
1343433600 1 65 76 67
1343347200 0 65 0 66
1343260800 0 65 0 66
1343174400 9 64 20 67
1343088000 2 65 66 67
1343001600 0 65 0 67
1342915200 0 64 0 67
1342828800 7 64 18 67
1342742400 10 64 18 67
1342656000 10 64 19 67
1342569600 10 64 32 67
1342483200 2 64 71 67
1342396800 0 65 0 67
1342310400 0 64 0 67
1342224000 8 65 21 67
1342137600 2 64 21 67
1342051200 9 64 13 67
1341964800 10 64 19 67
1341878400 2 64 51 67
1341792000 0 64 0 67
1341705600 0 65 0 67
1341619200 9 64 20 67
1341532800 2 64 23 67
1341446400 0 64 0 67
1341360000 7 65 19 67
1341273600 2 64 69 67
1341187200 0 64 0 67
1341100800 0 64 48 67
1341014400 9 64 12 67
1340928000 9 65 17 67
1340841600 9 65 21 67
1340755200 10 64 18 67
1340668800 2 64 71 66
1340582400 0 65 0 67
1340496000 0 65 0 66
1340409600 6 64 21 67
1340323200 10 64 15 67
1340236800 10 65 23 67
1340150400 10 64 22 67
1340064000 3 64 70 67
1339977600 0 64 0 67
1339891200 0 65 1 67
1339804800 1 64 70 67
1339718400 9 64 70 66
1339632000 10 64 25 67
1339545600 2 64 45 67
1339459200 0 64 0 67
1339372800 0 64 0 67
1339286400 0 64 0 67
1339200000 8 64 64 65
1339113600 8 64 19 65
1339027200 9 64 46 66
1338940800 9 64 56 65
1338854400 2 64 70 66
1338768000 0 31 0 78
1338681600 0 62 0 62
1338595200 8 62 70 62
1338508800 2 61 70 62
1338422400 8 62 21 62
1338336000 2 62 58 62
1338249600 0 62 0 62
1338163200 0 62 0 62
1338076800 0 62 0 62
1337990400 7 62 57 62
1337904000 10 62 79 62
1337817600 1 62 76 62
1337731200 8 61 70 63
1337644800 10 62 80 62
1337558400 10 62 11 62
1337472000 10 62 11 62
1337385600 10 62 19 62
1337299200 10 62 24 62
1337212800 2 62 70 62
1337126400 4 62 50 62
1337040000 2 62 70 62
1336953600 0 62 0 62
1336867200 0 62 0 62
1336780800 0 62 0 62
1336694400 8 62 18 62
1336608000 9 62 79 62
1336521600 2 62 13 62
1336435200 0 62 54 62
1336348800 0 62 0 62
1336262400 0 62 0 62
1336176000 9 62 21 62
1336089600 10 61 23 62
1336003200 10 61 69 63
1335916800 10 61 17 62
1335830400 2 62 70 62
1335744000 0 62 0 62
1335657600 0 62 0 62
1335571200 9 62 24 62
1335484800 10 62 18 62
1335398400 9 62 20 62
1335312000 10 62 19 62
1335225600 2 62 70 62
1335139200 0 62 0 62
1335052800 0 62 0 62
1334966400 1 62 70 62
1334880000 0 62 0 62
1334793600 0 62 0 62
1334707200 9 62 21 62
1334620800 4 62 65 62
1334534400 0 62 0 62
1334448000 0 62 0 62
1334361600 8 61 70 62
1334275200 8 62 17 62
1334188800 5 62 19 62
1334102400 10 62 23 62
1334016000 2 62 70 62
1333929600 0 62 0 62
1333843200 0 62 0 62
1333756800 5 62 17 62
1333670400 10 62 15 62
1333584000 2 62 65 62
1333497600 3 62 17 62
1333411200 2 62 81 62
1333324800 0 62 11 62
1333238400 10 62 20 62
1333152000 10 62 63 62
1333065600 10 62 69 62
1332979200 10 62 70 62
1332892800 2 62 17 62
1332806400 0 62 60 62
1332720000 0 62 0 62
1332633600 0 62 0 62
1332547200 8 62 20 62
1332460800 10 62 63 62
1332374400 10 62 18 62
1332288000 10 62 18 62
1332201600 2 62 15 62
1332115200 0 62 0 62
1332028800 0 62 0 62
1331942400 0 62 5 62
1331856000 0 62 1 62
1331769600 5 62 53 65
1331683200 10 64 75 65
1331596800 2 64 70 66
1331510400 0 64 0 65
1331424000 0 64 0 65
1331337600 9 64 18 65
1331251200 9 64 18 65
1331164800 2 64 70 65
1331078400 5 64 18 66
1330992000 2 64 74 65
1330905600 0 64 0 65
1330819200 0 64 0 65
1330732800 9 64 16 65
1330646400 10 64 18 65
1330560000 10 64 65 65
1330473600 2 64 70 65
1330387200 0 64 0 65
1330300800 0 64 0 65
1330214400 0 64 0 66
1330128000 0 64 0 65
1330041600 0 64 0 66
1329955200 0 64 0 65
1329868800 0 64 0 65
1329782400 0 64 0 65
1329696000 0 64 0 66
1329609600 0 64 0 65
1329523200 8 64 17 66
1329436800 9 64 18 65
1329350400 9 64 18 66
1329264000 10 64 17 65
1329177600 3 64 70 65
1329091200 7 64 18 65
1329004800 10 64 17 65
1328918400 10 64 13 65
1328832000 1 64 12 65
1328745600 5 64 16 65
1328659200 10 64 18 65
1328572800 10 64 71 65
1328486400 1 64 70 65
1328400000 0 64 1 66
1328313600 9 64 16 66
1328227200 9 64 17 65
1328140800 1 64 12 66
1328054400 6 64 28 65
1327968000 10 64 78 65
1327881600 1 64 56 65
1327795200 0 64 0 65
1327708800 9 64 20 65
1327622400 10 64 18 65
1327536000 10 64 18 65
1327449600 2 64 56 66
1327363200 0 64 0 65
1327276800 0 64 0 65
1327190400 0 64 0 66
1327104000 9 64 16 65
1327017600 10 64 17 65
1326931200 10 64 13 65
1326844800 2 64 57 65
1326758400 0 64 0 65
1326672000 0 64 0 65
1326585600 0 64 0 65
1326499200 6 64 70 65
1326412800 9 64 21 65
1326326400 9 64 18 65
1326240000 9 64 18 65
1326153600 2 64 63 65
1326067200 0 64 0 65
1325980800 0 64 0 65
1325894400 8 64 70 65
1325808000 10 64 13 66
1325721600 10 64 17 66
1325635200 2 64 50 66
1325548800 0 64 0 65
1325462400 0 64 0 66
1325376000 0 64 0 66
1325289600 2 64 12 74
1325203200 5 64 19 65
1325116800 10 64 18 65
1325030400 2 64 71 65
1324944000 0 53 0 219
1324857600 0 62 0 62
1324771200 0 62 0 62
1324684800 0 62 0 62
1324598400 1 62 11 62
1324512000 5 62 18 62
1324425600 10 62 19 62
1324339200 2 62 14 62
1324252800 0 62 0 62
1324166400 0 62 0 62
1324080000 9 61 23 63
1323993600 10 61 19 63
1323907200 1 62 11 62
1323820800 5 62 39 62
1323734400 3 62 110 62
1323648000 0 62 0 62
1323561600 0 62 1 62
1323475200 9 62 21 63
1323388800 10 62 21 62
1323302400 10 62 18 62
1323216000 2 62 18 62
1323129600 0 62 53 62
1323043200 0 62 0 62
1322956800 0 62 10 62
1322870400 10 62 65 62
1322784000 9 62 20 62
1322697600 10 62 16 62
1322611200 10 62 15 62
1322524800 2 62 16 62
1322438400 0 62 0 62
1322352000 0 62 0 62
1322265600 0 62 0 62
1322179200 0 62 0 62
1322092800 5 62 71 62
1322006400 9 62 69 62
1321920000 2 62 73 62
1321833600 0 62 0 62
1321747200 0 62 0 62
1321660800 9 62 23 62
1321574400 10 62 16 62
1321488000 2 62 12 62
1321401600 4 62 63 62
1321315200 2 62 72 62
1321228800 0 62 0 62
1321142400 0 62 0 62
1321056000 8 62 19 62
1320969600 9 62 70 62
1320883200 1 11 63 62
1320796800 0 0 0 0
1320710400 0 0 0 0
1320624000 0 0 0 0
1320537600 0 0 0 0
1320451200 0 0 0 0
1320364800 0 0 0 0
1320278400 0 0 0 0
1320192000 0 0 0 0
1320105600 0 0 0 0
1320019200 0 0 0 0
1319932800 0 0 0 0
1319846400 0 0 0 0
1319760000 0 0 0 0
1319673600 0 0 0 0
1319587200 0 0 0 0
1319500800 0 0 0 0
1319414400 0 0 0 0
1319328000 0 0 0 0
1319241600 0 0 0 0
1319155200 0 0 0 0
1319068800 0 0 0 0
1318982400 0 0 0 0
1318896000 0 0 0 0
1318809600 0 0 0 0
1318723200 0 0 0 0
1318636800 0 0 0 0
1318550400 0 0 0 0
1318464000 0 0 0 0
1318377600 0 0 0 0
1318291200 0 0 0 0
1318204800 0 0 0 0
1318118400 0 0 0 0
1318032000 0 0 0 0
1317945600 0 0 0 0
1317859200 0 0 0 0
1317772800 0 0 0 0
1317686400 0 0 0 0
1317600000 0 0 0 0
1317513600 0 0 0 0
1317427200 0 0 0 0
1317340800 0 0 0 0
1317254400 0 0 0 0
1317168000 0 0 0 0
1317081600 0 0 0 0
1316995200 0 0 0 0
1316908800 0 0 0 0
1316822400 0 0 0 0
1316736000 0 0 0 0
1316649600 0 0 0 0
1316563200 0 0 0 0
1316476800 0 0 0 0
1316390400 0 0 0 0
1316304000 0 0 0 0
1316217600 0 0 0 0
1316131200 0 0 0 0
1316044800 0 0 0 0
1315958400 0 0 0 0
1315872000 0 0 0 0
1315785600 0 0 0 0
1315699200 0 0 0 0
1315612800 0 0 0 0
1315526400 0 0 0 0
1315440000 0 0 0 0
1315353600 0 0 0 0
1315267200 0 0 0 0
1315180800 0 0 0 0
1315094400 0 0 0 0
1315008000 0 0 0 0
1314921600 0 0 0 0
1314835200 0 0 0 0
1314748800 0 0 0 0
1314662400 0 0 0 0
1314576000 0 0 0 0
1314489600 0 0 0 0
1314403200 0 0 0 0
1314316800 0 0 0 0
1314230400 0 0 0 0
1314144000 0 0 0 0
1314057600 0 0 0 0
1313971200 0 0 0 0
1313884800 0 0 0 0
1313798400 0 0 0 0
1313712000 0 0 0 0
1313625600 0 0 0 0
1313539200 0 0 0 0
1313452800 0 0 0 0
1313366400 0 0 0 0
1313280000 0 0 0 0
1313193600 0 0 0 0
1313107200 0 0 0 0
1313020800 0 0 0 0
1312934400 0 0 0 0
1312848000 0 0 0 0
1312761600 0 0 0 0
1312675200 0 0 0 0
1312588800 0 0 0 0
1312502400 0 0 0 0
1312416000 0 0 0 0
1312329600 0 0 0 0
1312243200 0 0 0 0
1312156800 0 0 0 0
1312070400 0 0 0 0
1311984000 0 0 0 0
1311897600 0 0 0 0
1311811200 0 0 0 0
1311724800 0 0 0 0
1311638400 0 0 0 0
1311552000 0 0 0 0
1311465600 0 0 0 0
1311379200 0 0 0 0
1311292800 0 0 0 0
1311206400 0 0 0 0
1311120000 0 0 0 0
1311033600 0 0 0 0
1310947200 0 0 0 0
1310860800 0 0 0 0
1310774400 0 0 0 0
1310688000 0 0 0 0
1310601600 0 0 0 0
1310515200 0 0 0 0
1310428800 0 0 0 0
1310342400 0 0 0 0
1310256000 0 0 0 0
1310169600 0 0 0 0
1310083200 0 0 0 0
1309996800 0 0 0 0
1309910400 0 0 0 0
1309824000 0 0 0 0
1309737600 0 0 0 0
1309651200 0 0 0 0
1309564800 0 0 0 0
1309478400 0 0 0 0
1309392000 0 0 0 0
1309305600 0 0 0 0
1309219200 0 0 0 0
1309132800 0 0 0 0
1309046400 0 0 0 0
