1377805804 1364184087 2383180759
1377805804 3208 500 3208 500
1377805504 3287 440 3287 440
1377805500 3288 440 3399 440
1377805200 3398 440 3399 459
1377804900 3347 458 3350 459
1377804600 3160 439 3393 440
1377804300 3392 440 3393 448
1377804000 3374 453 3377 825
1377803700 3223 819 3261 825
1377803400 3267 449 3762 1072
1377803100 3757 1065 3762 1072
1377802800 3354 441 3604 442
1377802500 3600 440 3604 441
1377802200 3337 440 3449 440
1377801900 3446 440 3449 442
1377801600 3292 443 3309 519
1377801300 3310 518 3483 519
1377801000 3483 441 3506 442
1377800700 3503 440 3506 575
1377800400 3331 576 3332 689
1377800100 3291 685 3438 689
1377799800 3447 448 4163 1087
1377799500 4151 1078 4163 1087
1377799200 3287 440 3291 440
1377798900 3032 441 3307 526
1377798600 3307 525 3307 526
1377798300 3305 477 3307 478
1377798000 3172 440 3224 458
1377797700 3224 457 3260 458
1377797400 3260 441 3296 441
1377797100 3308 457 4251 1649
1377796800 4240 1635 4251 1649
1377796500 3473 667 3480 671
1377796200 3027 449 3471 1101
1377795900 3473 1105 3676 1417
1377795600 3670 1404 3676 1417
1377795300 3281 441 3282 442
1377795000 3249 440 3286 441
1377794700 3286 438 3296 442
1377794400 3294 442 3296 459
1377794100 3149 457 3151 459
1377793800 3070 315 3419 379
1377793500 3416 380 3419 522
1377793200 3256 523 3257 627
1377792900 3218 623 3219 627
1377792600 3195 387 4008 1002
1377792300 4000 993 4008 1002
1377792000 3462 379 3463 380
1377791700 3416 379 3418 380
1377791400 3257 380 3332 380
1377791100 3332 380 3338 380
1377790800 3336 380 3338 397
1377790500 3206 396 3207 397
1377790200 3154 381 3298 382
1377789900 3298 379 3343 475
1377789600 3341 477 3343 670
1377789300 3256 666 3284 670
1377789000 3290 388 3763 980
1377788700 3758 971 3763 980
1377788400 3419 379 3421 382
1377788100 3423 381 3623 382
1377787800 3619 380 3623 381
1377787500 3426 379 3429 381
1377787200 3239 381 3240 398
1377786900 3236 397 3239 398
1377786600 3081 380 3356 381
1377786300 3358 382 3552 531
1377786000 3549 532 3552 610
1377785700 3387 606 3388 610
1377785400 3326 389 3791 1008
1377785100 3788 999 3791 1008
1377784800 3605 380 3607 380
1377784500 3540 379 3545 380
1377784200 3291 379 3709 380
1377783900 3701 380 3709 381
1377783600 3137 381 3282 397
1377783300 3283 397 3411 441
1377783000 3410 440 3411 441
1377782700 3375 382 3377 387
1377782400 3294 391 3295 745
1377782100 3280 740 3397 745
1377781800 3398 388 3537 1024
1377781500 3530 1016 3537 1024
1377781200 3073 440 3075 441
1377780900 2927 382 2930 383
1377780600 2774 380 2893 380
1377780300 2892 380 2893 381
1377780000 2863 381 2865 397
1377779700 2755 396 2792 397
1377779400 2793 379 2947 442
1377779100 2946 441 2947 442
1377778800 2876 392 2878 720
1377778500 2738 716 2739 720
1377778200 2696 389 2912 1009
1377777900 2909 1002 2912 1009
1377777600 2635 379 2648 380
1377777300 2649 378 2758 381
1377777000 2757 380 2758 381
1377776700 2702 379 2703 380
1377776400 2657 380 2658 397
1377776100 2636 396 2656 397
1377775800 2655 379 2656 380
1377775500 2632 378 2633 379
1377775200 2620 383 2741 726
1377774900 2739 721 2741 726
1377774600 2621 384 3052 997
1377774300 3047 988 3052 997
1377774000 2703 378 2704 380
1377773700 2655 379 2686 380
1377773400 2685 379 2686 379
1377773100 2649 379 2649 380
1377772800 2648 380 2649 397
1377772500 2640 396 2641 397
1377772200 2612 379 2620 379
1377771900 2620 379 2649 380
1377771600 2649 384 2706 724
1377771300 2705 719 2706 724
1377771000 2684 388 2940 993
1377770700 2937 984 2940 993
1377770400 2757 379 2759 379
1377770100 2641 379 2642 379
1377769800 2632 379 2642 379
1377769500 2641 379 2642 380
1377769200 2624 380 2634 397
1377768900 2634 396 2678 397
1377768600 2677 379 2678 380
1377768300 2648 378 2699 379
1377768000 2699 383 2743 731
1377767700 2741 726 2743 731
1377767400 2665 386 2922 978
1377767100 2918 970 2922 978
1377766800 2687 379 2738 379
1377766500 2736 379 2738 379
1377766200 2634 379 2635 379
1377765900 2616 379 2647 379
1377765600 2647 379 2659 397
1377765300 2659 396 2662 397
1377765000 2662 379 2691 379
1377764700 2690 379 2691 380
1377764400 2659 384 2725 726
1377764100 2724 721 2725 726
1377763800 2676 384 3425 995
1377763500 3414 986 3425 995
1377763200 2668 379 2669 379
1377762900 2643 379 2812 380
1377762600 2810 380 2812 380
1377762300 2665 380 2666 380
1377762000 2637 380 2638 399
1377761700 2610 405 2806 801
1377761400 2804 795 2806 801
1377761100 2696 381 2697 459
1377760800 2659 462 2693 648
1377760500 2692 644 2693 648
1377760200 2633 384 3007 1036
1377759900 3003 1027 3007 1036
1377759600 2710 380 2711 380
1377759300 2674 380 2718 380
1377759000 2717 380 2718 380
1377758700 2683 380 2684 380
1377758400 2616 380 2656 397
1377758100 2655 396 2656 397
1377757800 2636 380 2645 381
1377757500 2644 379 2645 380
1377757200 2638 384 2775 731
1377756900 2773 726 2775 731
1377756600 2667 387 2937 1035
1377756300 2933 1026 2937 1035
1377756000 2671 380 2672 380
1377755700 2626 380 2679 381
1377755400 2679 380 2738 381
1377755100 2737 380 2738 380
1377754800 2679 380 2680 398
1377754500 2664 397 2665 398
1377754200 2664 380 2665 381
1377753900 2661 393 3706 1436
1377753600 3692 1426 3706 1436
1377753300 2716 724 2717 729
1377753000 2670 388 2949 1031
1377752700 2944 1022 2949 1031
1377752400 2616 379 2646 380
1377752100 2645 380 2646 381
1377751800 2632 380 2633 381
1377751500 2628 380 2772 380
1377751200 2772 380 2781 398
1377750900 2780 397 2781 398
1377750600 2717 380 2719 380
1377750300 2641 380 2642 391
1377750000 2624 395 2695 717
1377749700 2693 712 2695 717
1377749400 2621 384 2937 1031
1377749100 2933 1022 2937 1031
1377748800 2673 380 2674 380
1377748500 2622 380 2644 380
1377748200 2643 380 2644 380
1377747900 2642 379 2668 380
1377747600 2668 379 2751 399
1377747300 2749 398 2751 399
1377747000 2616 380 2617 381
1377746700 2595 380 2668 381
1377746400 2668 383 2732 725
1377746100 2731 721 2732 725
1377745800 2665 390 2975 1008
1377745500 2970 999 2975 1008
1377745200 2663 380 2664 381
1377744900 2647 378 2672 381
1377744600 2671 380 2672 381
1377744300 2617 378 2699 381
1377744000 2699 381 2741 398
1377743700 2740 397 2741 398
1377743400 2730 380 2732 380
1377743100 2645 380 2683 388
1377742800 2683 392 2707 719
1377742500 2706 714 2707 719
1377742200 2669 388 2927 996
1377741900 2924 987 2927 996
1377741600 2701 379 2702 380
1377741300 2636 379 2642 380
1377741000 2641 379 2642 380
1377740700 2620 379 2667 380
1377740400 2666 380 2667 398
1377740100 2640 397 2641 398
1377739800 2636 379 2715 380
1377739500 2714 379 2715 380
1377739200 2695 383 2722 725
1377738900 2721 720 2722 725
1377738600 2710 388 2961 997
1377738300 2957 988 2961 997
1377738000 2676 379 2678 380
1377737700 2599 378 2678 380
1377737400 2677 379 2678 380
1377737100 2641 379 2653 379
1377736800 2653 379 2688 397
1377736500 2687 396 2688 397
1377736200 2683 379 2700 380
1377735900 2700 380 2721 380
1377735600 2721 384 2739 725
1377735300 2737 720 2739 725
1377735000 2646 388 2910 1022
1377734700 2906 1011 2910 1022
1377734400 2678 378 2679 378
1377734100 2678 378 2679 381
1377733800 2676 380 2729 381
1377733500 2730 379 2830 379
1377733200 2831 380 2979 460
1377732900 2975 458 2979 460
1377732600 2732 380 2733 380
1377732300 2676 379 2774 380
1377732000 2774 382 2787 734
1377731700 2786 730 2787 734
1377731400 2744 389 2937 1001
1377731100 2934 992 2937 1001
1377730800 2766 379 2829 380
1377730500 2831 379 3025 379
1377730200 3024 379 3025 380
1377729900 2964 380 2991 382
1377729600 2990 382 2991 399
1377729300 2922 398 2923 399
1377729000 2881 380 3020 380
1377728700 3019 380 3020 380
1377728400 2961 385 3300 814
1377728100 3297 808 3300 814
1377727800 3077 388 3270 1015
1377727500 3270 1004 3293 1015
1377727200 3290 378 3293 380
1377726900 3010 380 3220 380
1377726600 3218 380 3220 380
1377726300 3089 379 3206 380
1377726000 3204 379 3206 398
1377725700 3120 397 3346 398
1377725400 3345 379 3346 380
1377725100 3336 381 3338 483
1377724800 3253 485 3255 651
1377724500 3169 647 3318 651
1377724200 3321 387 3596 992
1377723900 3592 983 3596 992
1377723600 3319 380 3322 381
1377723300 3126 380 3469 381
1377723000 3468 379 3469 379
1377722700 3418 379 3421 380
1377722400 3258 380 3259 398
1377722100 3240 397 3292 398
1377721800 3292 378 3326 380
1377721500 3324 380 3326 380
1377721200 3223 385 3269 761
1377720900 3269 755 3278 761
1377720600 3284 389 3775 991
1377720300 3768 982 3775 991
1377720000 3266 379 3379 380
1377719700 3378 378 3379 381
1377719400 3290 380 3434 381
1377719100 3436 380 3618 479
1377718800 3613 477 3618 479
1377718500 3341 401 3554 767
1377718200 3554 761 3614 767
1377717900 3613 378 3614 459
1377717600 3572 462 3609 742
1377717300 3607 737 3609 742
1377717000 3479 387 3958 1008
1377716700 3954 999 3958 1008
1377716400 3722 380 3944 380
1377716100 3940 380 3944 381
1377715800 3689 381 3747 381
1377715500 3743 380 3747 381
1377715200 3489 380 3556 398
1377714900 3557 397 3682 398
1377714600 3681 380 3682 381
1377714300 3637 381 3640 438
1377714000 3485 442 3774 707
1377713700 3767 702 3774 707
1377713400 3293 388 3947 1002
1377713100 3943 993 3947 1002
1377712800 3692 379 3826 441
1377712500 3825 440 3826 441
1377712200 3765 380 3772 380
1377711900 3304 380 3617 380
1377711600 3614 380 3617 398
1377711300 3404 397 3536 398
1377711000 3535 380 3536 381
1377710700 3489 389 4536 1502
1377710400 4521 1492 4536 1502
1377710100 3474 749 3541 754
1377709800 3546 388 3967 1033
1377709500 3960 1024 3967 1033
1377709200 3481 379 3483 380
1377708900 3350 378 3522 380
1377708600 3520 380 3522 380
1377708300 3384 380 3563 380
1377708000 3559 380 3563 397
1377707700 3380 396 3381 397
1377707400 3337 378 3454 379
1377707100 3455 379 3586 421
1377706800 3581 426 3586 724
1377706500 3315 719 3372 724
1377706200 3377 388 3821 1088
1377705900 3815 1078 3821 1088
1377705600 3403 379 3404 380
1377705300 3363 379 3470 380
1377705000 3469 380 3470 380
1377704700 3428 379 3545 380
1377704400 3543 379 3545 398
1377704100 3429 397 3431 398
1377703800 3319 379 3481 379
1377703500 3479 379 3481 381
1377703200 3371 386 3462 763
1377702900 3461 757 3462 763
1377702600 3459 387 4010 1010
1377702300 4001 1001 4010 1010
1377702000 3395 379 3419 380
1377701700 3417 379 3419 381
1377701400 3334 380 3435 381
1377701100 3434 379 3435 380
1377700800 3383 379 3384 397
1377700500 3347 396 3518 397
1377700200 3517 379 3518 380
1377699900 3502 380 3503 386
1377699600 3498 391 3500 770
1377699300 3401 764 3402 770
1377699000 3400 387 3842 997
1377698700 3839 988 3842 997
1377698400 3647 379 3652 380
1377698100 3335 379 3350 380
1377697800 3352 380 3570 380
1377697500 3570 380 3600 442
1377697200 3594 441 3600 442
1377696900 3191 398 3267 399
1377696600 3265 378 3267 380
1377696300 3130 380 3504 380
1377696000 3501 387 3504 815
1377695700 3342 810 3345 815
1377695400 3196 449 3437 1041
1377695100 3432 1034 3437 1041
1377694800 3021 380 3024 381
1377694500 2823 380 3017 381
1377694200 3015 380 3017 381
1377693900 2867 379 2955 380
1377693600 2953 380 2955 400
1377693300 2837 399 2840 400
1377693000 2682 379 2797 380
1377692700 2796 379 2797 381
1377692400 2762 385 2861 740
1377692100 2859 735 2861 740
1377691800 2780 389 3049 991
1377691500 3044 982 3049 991
1377691200 2739 380 2740 380
1377690900 2674 380 2675 380
1377690600 2653 379 2654 380
1377690300 2628 379 2669 380
1377690000 2669 380 2702 399
1377689700 2701 398 2702 399
1377689400 2696 379 2697 380
1377689100 2677 379 2678 381
1377688800 2670 384 2753 733
1377688500 2751 728 2753 733
1377688200 2679 389 2867 1000
1377687900 2864 991 2867 1000
1377687600 2683 379 2684 380
1377687300 2650 379 2651 381
1377687000 2589 381 2644 381
1377686700 2644 380 2699 381
1377686400 2698 380 2699 398
1377686100 2641 397 2711 398
1377685800 2711 380 2712 381
1377685500 2711 380 2712 380
1377685200 2703 384 2704 732
1377684900 2695 727 2696 732
1377684600 2629 389 2812 1008
1377684300 2809 999 2812 1008
1377684000 2648 380 2663 380
1377683700 2662 380 2663 381
1377683400 2619 380 2706 381
1377683100 2705 379 2706 379
1377682800 2658 379 2677 400
1377682500 2676 399 2677 400
1377682200 2659 379 2715 380
1377681900 2714 379 2715 381
1377681600 2662 385 2741 737
1377681300 2739 732 2741 737
1377681000 2607 385 2901 1007
1377680700 2898 998 2901 1007
1377680400 2686 379 2687 380
1377680100 2652 379 2653 380
1377679800 2649 379 2688 380
1377679500 2687 380 2688 380
1377679200 2684 380 2685 399
1377678900 2630 398 2631 399
1377678600 2626 379 2660 380
1377678300 2660 379 2721 379
1377678000 2720 383 2721 736
1377677700 2716 731 2718 736
1377677400 2641 387 2897 975
1377677100 2894 967 2897 975
1377676800 2714 380 2715 380
1377676500 2646 380 2686 380
1377676200 2685 379 2686 380
1377675900 2670 377 2671 381
1377675600 2642 382 2648 478
1377675300 2649 482 2752 723
1377675000 2750 718 2752 723
1377674700 2644 381 2679 466
1377674400 2680 469 2778 644
1377674100 2776 640 2778 644
1377673800 2687 388 2961 1005
1377673500 2957 996 2961 1005
1377673200 2706 379 2707 380
1377672900 2655 377 2656 382
1377672600 2647 381 2648 382
1377672300 2616 379 2686 381
1377672000 2685 381 2686 397
1377671700 2629 396 2630 397
1377671400 2630 380 2645 381
1377671100 2645 380 2658 394
1377670800 2660 399 2789 714
1377670500 2788 710 2789 714
1377670200 2712 390 2899 1011
1377669900 2896 1002 2899 1011
1377669600 2705 379 2706 380
1377669300 2653 379 2672 380
1377669000 2672 380 2699 381
1377668700 2698 381 2699 381
1377668400 2673 381 2697 397
1377668100 2696 396 2697 397
1377667800 2646 380 2709 381
1377667500 2721 392 3670 1415
1377667200 3657 1406 3670 1415
1377666900 2738 746 2739 751
1377666600 2721 387 2955 979
1377666300 2950 971 2955 979
1377666000 2628 380 2629 381
1377665700 2615 379 2652 380
1377665400 2652 379 2654 380
1377665100 2654 379 2704 382
1377664800 2704 382 2706 399
1377664500 2705 398 2706 399
1377664200 2640 379 2641 381
1377663900 2624 380 2636 381
1377663600 2636 384 2694 731
1377663300 2693 726 2694 731
1377663000 2645 388 3042 1004
1377662700 3036 995 3042 1004
1377662400 2665 380 2666 380
1377662100 2662 380 2662 380
1377661800 2662 379 2674 380
1377661500 2673 379 2674 381
1377661200 2666 381 2667 398
1377660900 2665 397 2666 398
1377660600 2600 379 2637 380
1377660300 2637 378 2671 381
1377660000 2671 385 2720 729
1377659700 2719 724 2720 729
1377659400 2704 388 2924 1033
1377659100 2921 1024 2924 1033
1377658800 2746 380 2747 380
1377658500 2706 380 2707 380
1377658200 2665 379 2666 380
1377657900 2655 378 2673 381
1377657600 2672 381 2673 402
1377657300 2638 401 2639 402
1377657000 2622 379 2644 380
1377656700 2643 379 2644 380
1377656400 2642 384 2728 730
1377656100 2727 725 2728 730
1377655800 2666 388 2958 988
1377655500 2955 981 2958 988
1377655200 2698 380 2712 381
1377654900 2711 380 2712 381
1377654600 2639 380 2640 381
1377654300 2608 379 2676 381
1377654000 2676 381 2685 398
1377653700 2684 397 2685 398
1377653400 2642 380 2689 380
1377653100 2688 380 2689 381
1377652800 2648 386 2862 791
1377652500 2859 785 2862 791
1377652200 2690 388 2937 1007
1377651900 2933 998 2937 1007
1377651600 2701 379 2727 380
1377651300 2727 379 2813 381
1377651000 2811 380 2813 381
1377650700 2727 379 2739 380
1377650400 2738 380 2739 398
1377650100 2727 397 2728 398
1377649800 2714 380 2753 381
1377649500 2752 380 2753 380
1377649200 2728 384 2748 731
1377648900 2747 726 2748 731
1377648600 2692 388 3046 1009
1377648300 3041 1000 3046 1009
1377648000 2692 379 2767 381
1377647700 2767 381 2773 381
1377647400 2773 380 2807 381
1377647100 2805 379 2807 381
1377646800 2729 381 2763 397
1377646500 2761 396 2763 397
1377646200 2639 380 2747 380
1377645900 2746 380 2747 380
1377645600 2700 384 2900 738
1377645300 2900 733 2901 738
1377645000 2905 386 3215 971
1377644700 3212 965 3215 971
1377644400 2977 380 2978 381
1377644100 2977 380 3275 381
1377643800 3275 381 3309 381
1377643500 3307 380 3309 381
1377643200 3222 379 3224 459
1377642900 3142 457 3147 459
1377642600 2847 381 3189 440
1377642300 3186 439 3189 440
1377642000 2986 384 3271 754
1377641700 3268 749 3271 754
1377641400 3096 387 3433 1002
1377641100 3429 995 3433 1002
1377640800 3128 380 3186 381
1377640500 3184 378 3186 379
1377640200 3035 378 3309 382
1377639900 3308 381 3309 382
1377639600 3248 380 3250 399
1377639300 3101 398 3103 399
1377639000 3011 379 3090 380
1377638700 3089 380 3090 380
1377638400 3091 385 3336 768
1377638100 3332 762 3336 768
1377637800 3081 388 3628 1011
1377637500 3623 1001 3628 1011
1377637200 3350 439 3410 440
1377636900 3407 380 3410 381
1377636600 3207 380 3208 381
1377636300 3198 378 3332 380
1377636000 3332 380 3374 398
1377635700 3371 397 3374 398
1377635400 3171 380 3172 381
1377635100 3143 379 3193 387
1377634800 3197 391 3499 757
1377634500 3494 751 3499 757
1377634200 3190 387 3567 1032
1377633900 3562 1023 3567 1032
1377633600 3255 379 3435 380
1377633300 3433 378 3435 380
1377633000 3346 379 3347 380
1377632700 3274 378 3275 380
1377632400 3235 380 3340 397
1377632100 3341 401 3468 806
1377631800 3466 800 3468 806
1377631500 3371 380 3373 449
1377631200 3235 452 3450 698
1377630900 3447 693 3450 698
1377630600 3255 388 3569 1077
1377630300 3565 1067 3569 1077
1377630000 3322 378 3366 379
1377629700 3363 378 3366 381
1377629400 3150 380 3385 381
1377629100 3384 379 3385 381
1377628800 3325 381 3327 396
1377628500 3242 395 3243 396
1377628200 3231 379 3256 379
1377627900 3255 379 3256 395
1377627600 3185 400 3318 747
1377627300 3315 742 3318 747
1377627000 3103 387 3500 1025
1377626700 3495 1016 3500 1025
1377626400 3150 379 3255 380
1377626100 3255 378 3266 379
1377625800 3254 398 3338 441
1377624600 3527 730 4301 1449
1377622800 3154 381 3242 399
1377621000 3282 551 3534 1034
1377619200 3279 381 3333 398
1377617400 3278 545 3566 995
1377615600 3233 381 3387 397
1377613800 3295 550 3547 1039
1377612000 3369 381 3537 398
1377610200 3185 552 3355 985
1377608400 2871 382 3114 399
1377606600 2711 543 2966 1018
1377604800 2703 382 2823 398
1377603000 2705 540 2951 1000
1377601200 2651 381 2705 398
1377599400 2703 543 2904 1012
1377597600 2662 381 2729 397
1377595800 2698 542 2938 1005
1377594000 2677 382 2736 399
1377592200 2690 540 2908 999
1377590400 2663 382 2854 865
1377588600 2743 622 3033 1010
1377586800 2657 381 2703 399
1377585000 2777 545 3095 1026
1377583200 2809 381 2908 398
1377581400 3021 715 3817 1435
1377579600 2783 381 2896 397
1377577800 2832 535 3044 971
1377576000 2783 382 2841 399
1377574200 2848 540 3166 996
1377572400 2767 382 2846 399
1377570600 2868 542 3134 1012
1377568800 2772 381 2832 399
1377567000 2888 554 3101 1021
1377565200 2815 381 2944 397
1377563400 2918 540 3174 996
1377561600 2951 391 2989 441
1377559800 3073 543 3318 1007
1377558000 3059 391 3206 440
1377556200 3247 543 3673 993
1377554400 3438 402 3673 506
1377552600 3471 550 3710 1017
1377550800 3447 381 3595 398
1377549000 3465 547 3585 1004
1377547200 3271 383 3423 804
1377545400 3377 619 3677 1018
1377543600 3653 391 3981 441
1377541800 3445 544 3529 986
1377540000 3491 381 3569 398
1377538200 3562 725 4489 1435
1377536400 3355 380 3540 396
1377534600 3478 557 3816 1062
1377532800 3363 381 3437 398
1377531000 3494 559 3949 1015
1377529200 3562 381 3785 399
1377527400 3608 544 3852 991
1377525600 3542 392 3852 443
1377523800 3373 558 3525 1033
1377522000 3036 381 3279 398
1377520200 2923 549 3190 987
1377518400 2820 381 2925 397
1377516600 2832 545 3046 1036
1377514800 2767 380 2813 397
1377513000 2830 538 2980 989
1377511200 2776 381 2818 398
1377509400 2834 537 3013 982
1377507600 2780 381 2819 399
1377505800 2825 539 3021 1000
1377504000 2790 382 2910 802
1377502200 2848 606 3044 984
1377500400 2769 382 2805 398
1377498600 2832 543 3036 1016
1377496800 2781 381 2818 398
1377495000 3005 719 3814 1436
1377493200 2772 381 2819 397
1377491400 2811 540 2987 1008
1377489600 2770 382 2796 398
1377487800 2817 538 3022 993
1377486000 2765 381 2780 398
1377484200 2831 541 3085 1007
1377482400 2754 381 2776 400
1377480600 2835 549 3009 1004
1377478800 2758 381 2788 397
1377477000 2818 540 3006 1007
1377475200 2764 381 2784 398
1377473400 2823 548 3055 989
1377471600 2776 381 2807 398
1377469800 2805 541 3005 1008
1377468000 2770 381 2802 398
1377466200 2817 535 3023 971
1377464400 2764 381 2784 398
1377462600 2820 539 3003 989
1377460800 2766 382 3025 864
1377459000 2869 626 3025 979
1377457200 2771 380 2790 396
1377455400 2825 540 3040 1010
1377453600 2772 380 2792 396
1377451800 2990 715 3610 1276
1377450000 2774 381 2799 399
1377448200 2822 538 3075 995
1377446400 2760 382 2789 399
1377444600 2819 544 3010 1021
1377442800 2751 383 2792 400
1377441000 2810 537 2982 985
1377439200 2775 382 2803 399
1377437400 2812 539 3020 992
1377435600 2780 381 2816 398
1377433800 2814 543 3060 1019
1377432000 2763 381 2788 398
1377430200 2829 541 3047 1012
1377428400 2764 381 2789 400
1377426600 2824 542 3031 1011
1377424800 2771 381 2810 399
1377423000 2826 539 3047 996
1377421200 2786 381 2801 398
1377419400 2818 544 2967 1026
1377417600 2787 382 2995 867
1377415800 2869 619 3089 997
1377414000 2775 382 2809 399
1377412200 2820 539 2982 1003
1377410400 2763 381 2802 399
1377408600 2998 717 3813 1436
1377406800 2766 382 2795 398
1377405000 2816 541 3002 1015
1377403200 2770 382 2803 398
1377401400 2813 538 2989 992
1377399600 2773 381 2791 397
1377397800 2821 541 3019 1000
1377396000 2763 383 2791 399
1377394200 2827 539 3041 991
1377392400 2626 386 2718 403
1377390600 2684 539 2880 991
1377388800 2637 391 2679 439
1377387000 2682 542 2924 1011
1377385200 2636 391 2689 440
1377383400 2656 535 2825 980
1377381600 2624 380 2652 396
1377379800 2689 539 2914 998
1377378000 2619 381 2640 398
1377376200 2691 539 2905 1001
1377374400 2621 382 2882 865
1377372600 2774 629 3150 1005
1377370800 2697 381 2945 398
1377369000 2672 540 2908 1007
1377367200 2628 380 2677 398
1377365400 2821 719 3621 1436
1377363600 2604 381 2628 398
1377361800 2656 534 2871 968
1377360000 2595 381 2630 399
1377358200 2659 535 2814 978
1377356400 2600 381 2680 397
1377354600 2664 544 2852 1021
1377352800 2607 381 2648 398
1377351000 2652 550 2827 1004
1377349200 2615 381 2653 398
1377347400 2646 540 2871 1010
1377345600 2596 382 2627 399
1377343800 2657 545 2839 1039
1377342000 2598 382 2638 398
1377340200 2670 539 2867 1010
1377338400 2628 381 2677 398
1377336600 2686 538 2891 991
1377334800 2639 381 2695 397
1377333000 2670 536 2882 986
1377331200 2637 383 2755 801
1377329400 2720 609 2982 1002
1377327600 2616 381 2647 398
1377325800 2679 542 2892 1015
1377324000 2622 381 2649 400
1377322200 2846 715 3644 1436
1377320400 2610 382 2655 398
1377318600 2650 541 2816 1009
1377316800 2625 382 2659 400
1377315000 2672 539 2858 1008
1377313200 2610 381 2638 396
1377311400 2678 541 2911 1013
1377309600 2606 381 2622 398
1377307800 2693 555 2867 1002
1377306000 2611 374 2696 425
1377304200 2684 534 2891 968
1377302400 2652 382 2682 407
1377300600 2732 539 3004 1007
1377298800 2768 401 2912 457
1377297000 2973 553 3289 997
1377295200 3018 380 3049 397
1377293400 3130 553 3468 983
1377291600 3258 381 3363 397
1377289800 3379 549 3471 1027
1377288000 3450 394 3632 804
1377286200 3504 621 3704 976
1377284400 3391 391 3466 440
1377282600 3484 550 3691 1022
1377280800 3376 392 3463 460
1377279000 3533 720 4176 1502
1377277200 3346 391 3701 459
1377275400 3412 556 3715 998
1377273600 7990 383 28471 399
1377271800 3291 550 3524 1025
1377270000 3230 381 3594 397
1377268200 3287 550 3399 1022
1377266400 3319 382 3653 443
1377264600 3252 595 3530 1000
1377262800 2837 381 2975 398
1377261000 2814 554 2970 1023
1377259200 2678 381 2705 398
1377257400 2704 538 2885 999
1377255600 2626 380 2683 397
1377253800 2705 532 2860 958
1377252000 2639 381 2690 398
1377250200 2721 543 2971 1031
1377248400 2667 380 2700 396
1377246600 2717 543 2953 1023
1377244800 2653 382 2768 803
1377243000 2755 607 3063 990
1377241200 2633 381 2658 398
1377239400 2722 537 2977 990
1377237600 2654 380 2714 398
1377235800 2872 717 3505 1227
1377234000 2651 381 2687 397
1377232200 2686 540 2882 1004
1377230400 2665 382 2772 398
1377228600 2701 540 2908 1010
1377226800 2654 381 2717 397
1377225000 2737 537 2971 984
1377223200 2663 381 2718 398
1377221400 2720 555 2877 1028
1377219600 2675 381 2738 398
1377217800 2700 537 2975 990
1377216000 2831 381 3005 398
1377214200 2959 538 3211 983
1377212400 2969 392 3104 459
1377210600 3023 556 3424 1017
1377208800 3071 381 3167 397
1377207000 3242 562 3438 1100
1377205200 3144 391 3363 440
1377203400 3257 556 3366 1007
1377201600 3200 383 3430 803
1377199800 3307 1158 3531 3799
1377198000 3227 381 3672 399
1377196200 3246 550 3562 1024
1377194400 3078 401 3126 441
1377192600 3362 723 4220 1435
1377190800 3328 382 3513 400
1377189000 3628 549 3977 1022
1377187200 3378 381 3598 397
1377185400 3535 545 3831 988
1377183600 3425 381 3965 398
1377181800 3734 550 4103 1026
1377180000 3674 381 3870 398
1377178200 3651 564 3744 998
1377176400 3060 381 3479 400
1377174600 3004 554 3147 961
1377172800 2824 381 3010 398
1377171000 2873 538 3053 993
1377169200 2800 380 2862 398
1377167400 2863 539 3013 1000
1377165600 2821 381 2908 398
1377163800 2862 539 3046 999
1377162000 2825 380 2919 399
1377160200 2871 536 3090 983
1377158400 2829 382 2972 801
1377156600 2946 605 3236 977
1377154800 2803 381 2833 400
1377153000 2859 541 3023 1011
1377151200 2849 381 2940 397
1377149400 3026 717 3857 1435
1377147600 2801 382 2888 399
1377145800 2885 544 3190 1029
1377144000 2796 380 2824 397
1377142200 2871 545 3092 1036
1377140400 2788 381 2845 398
1377138600 2890 536 3110 977
1377136800 2780 381 2817 398
1377135000 2900 537 3162 988
1377133200 2796 381 2848 397
1377131400 2876 540 3049 999
1377129600 2747 391 2830 458
1377127800 2813 545 2944 965
1377126000 2882 380 3044 397
1377124200 3213 568 3643 1019
1377122400 3238 378 3320 395
1377120600 3358 550 3542 1015
1377118800 3332 381 3567 398
1377117000 3587 547 3953 1011
1377115200 3420 395 3638 804
1377113400 3490 617 3731 1010
1377111600 3544 381 3698 399
1377109800 3559 554 3891 1053
1377108000 3478 381 3656 398
1377106200 3471 721 4083 1435
1377104400 3303 380 3470 397
1377102600 3409 552 3711 1040
1377100800 3375 381 3536 398
1377099000 3330 552 3621 1038
1377097200 3528 380 3635 397
1377095400 3394 546 3490 1011
1377093600 3463 391 3688 438
1377091800 3243 563 3450 1057
1377090000 2964 381 3251 398
1377088200 2881 544 3033 1028
1377086400 2675 381 2722 398
1377084600 2719 540 2902 1007
1377082800 2641 381 2713 399
1377081000 2710 539 2903 995
1377079200 2644 381 2698 400
1377077400 2698 544 2879 1029
1377075600 2666 380 2695 395
1377073800 2707 541 2919 1006
1377072000 2668 383 2883 864
1377070200 2757 617 3030 986
1377068400 2635 381 2666 398
1377066600 2721 538 2949 983
1377064800 2655 380 2712 398
1377063000 2855 719 3610 1365
1377061200 2651 381 2705 398
1377059400 2687 541 2893 1008
1377057600 2664 381 2700 399
1377055800 2820 567 3180 1039
1377054000 2918 381 2987 400
1377052200 2983 530 3243 942
1377050400 2917 381 2956 398
1377048600 2961 539 3096 1001
1377046800 2928 381 3025 399
1377045000 3030 540 3160 999
1377043200 2966 380 3033 399
1377041400 2953 536 3110 978
1377039600 3044 391 3213 441
1377037800 3256 566 3404 1009
1377036000 3208 382 3411 399
1377034200 3349 547 3528 1003
1377032400 3420 392 3661 460
1377030600 3440 546 3725 991
1377028800 3235 383 3499 803
1377027000 3342 617 3499 1006
1377025200 3367 401 3438 458
1377023400 3357 546 3633 1001
1377021600 3451 381 3591 398
1377019800 3607 720 4299 1436
1377018000 3352 381 3499 398
1377016200 3413 545 3642 995
1377014400 3335 380 3599 397
1377012600 3478 525 3600 869
1377010800 3288 380 3384 397
1377009000 3479 541 3686 974
1377007200 3327 391 3537 440
1377005400 3368 567 3440 1074
1377003600 2906 392 3071 443
1377001800 2758 540 2968 998
1377000000 2716 381 2842 399
1376998200 2741 546 2938 1043
1376996400 2687 381 2796 399
1376994600 2670 536 2890 982
1376992800 2646 381 2703 398
1376991000 2679 542 2907 1016
1376989200 2646 381 2701 398
1376987400 2691 543 2886 1023
1376985600 2664 382 2810 805
1376983800 2825 610 2969 1007
1376982000 2617 381 2685 398
1376980200 2687 536 2850 980
1376978400 2680 380 2767 396
1376976600 2852 717 3656 1436
1376974800 2648 381 2798 398
1376973000 2696 544 2924 1021
1376971200 2620 381 2650 398
1376969400 2722 538 2897 988
1376967600 2629 381 2651 397
1376965800 2730 539 3002 989
1376964000 2660 381 2762 398
1376962200 2709 550 2894 1008
1376960400 2660 381 2706 398
1376958600 2738 540 3052 1002
1376956800 2792 381 2865 399
1376955000 2802 551 3158 1063
1376953200 2900 381 3163 399
1376951400 3152 540 3324 979
1376949600 3228 431 3559 502
1376947800 3425 558 3559 1033
1376946000 3306 381 3414 398
1376944200 3516 542 3859 985
1376942400 3361 382 3575 872
1376940600 3549 635 3744 1049
1376938800 3389 391 3502 440
1376937000 3526 548 3944 1012
1376935200 3367 381 3493 397
1376933400 3449 731 4245 1440
1376931600 3253 380 3424 396
1376929800 3535 548 4104 1012
1376928000 3352 381 3442 397
1376926200 3456 546 3931 996
1376924400 3464 381 3824 399
1376922600 3935 547 4641 1006
1376920800 3550 390 3805 435
1376919000 3220 559 3332 1025
1376917200 2865 391 3098 440
1376915400 2767 538 2950 997
1376913600 2612 380 2682 397
1376911800 2634 539 2859 1006
1376910000 2559 381 2615 397
1376908200 2627 534 2842 975
1376906400 2592 381 2633 398
1376904600 2630 540 2844 1009
1376902800 2579 380 2623 399
1376901000 2639 534 2835 978
1376899200 2574 381 2738 805
1376897400 2677 613 2845 1023
1376895600 2571 381 2599 398
1376893800 2629 534 2821 976
1376892000 2595 381 2618 399
1376890200 2805 718 3286 1136
1376888400 2575 381 2606 398
1376886600 2632 539 2872 995
1376884800 2568 381 2590 398
1376883000 2631 538 2820 997
1376881200 2568 381 2596 400
1376879400 2639 540 2859 1012
1376877600 2567 382 2584 398
1376875800 2622 539 2814 1002
1376874000 2568 381 2586 398
1376872200 2629 542 2842 1017
1376870400 2580 391 2620 458
1376868600 2631 540 2850 1013
1376866800 2566 381 2593 398
1376865000 2637 538 2859 993
1376863200 2569 381 2587 397
1376861400 2633 540 2843 1011
1376859600 2563 381 2585 399
1376857800 2636 540 2888 1003
1376856000 2573 382 2770 804
1376854200 2656 613 2845 1028
1376852400 2584 381 2604 398
1376850600 2623 535 2815 977
1376848800 2571 381 2610 399
1376847000 2796 712 3401 1231
1376845200 2570 381 2598 398
1376843400 2646 540 2867 1015
1376841600 2570 380 2604 396
1376839800 2631 538 2848 999
1376838000 2582 381 2606 399
1376836200 2616 542 2807 1022
1376834400 2579 381 2607 398
1376832600 2627 553 2832 1022
1376830800 2568 381 2596 399
1376829000 2617 531 2775 961
1376827200 2562 381 2583 400
1376825400 2632 539 2816 999
1376823600 2563 381 2604 398
1376821800 2608 535 2786 982
1376820000 2590 381 2647 398
1376818200 2641 542 2871 1027
1376816400 2582 381 2606 397
1376814600 2638 536 2858 986
1376812800 2579 382 2752 803
1376811000 2673 612 2845 1014
1376809200 2574 381 2599 396
1376807400 2631 537 2795 990
1376805600 2595 381 2611 399
1376803800 2799 719 3583 1436
1376802000 2570 381 2585 398
1376800200 2641 545 2915 1036
1376798400 2566 381 2577 399
1376796600 2636 539 2874 1004
1376794800 2576 380 2613 400
1376793000 2648 539 2866 1001
1376791200 2556 381 2590 398
1376789400 2627 553 2753 1023
1376787600 2578 381 2633 399
1376785800 2650 538 2891 999
1376784000 2601 380 2645 397
1376782200 2667 545 2895 977
1376780400 2591 381 2617 397
1376778600 2663 543 2889 1020
1376776800 2569 382 2598 399
1376775000 2641 539 2866 1002
1376773200 2576 381 2676 399
1376771400 2719 540 3057 1008
1376769600 2592 382 2874 922
1376767800 2668 626 2874 987
1376766000 2588 381 2623 397
1376764200 2648 543 2867 1022
1376762400 2576 381 2624 399
1376760600 2834 719 3600 1437
1376758800 2624 381 2650 396
1376757000 2659 542 2886 1026
1376755200 2572 381 2638 400
1376753400 2644 538 2854 999
1376751600 2583 382 2621 398
1376749800 2626 543 2875 1020
1376748000 2579 380 2591 397
1376746200 2639 545 2848 981
1376744400 2570 381 2611 397
1376742600 2631 537 2809 995
1376740800 2559 381 2591 396
1376739000 2638 539 2846 1005
1376737200 2574 380 2606 395
1376735400 2625 536 2854 986
1376733600 2583 382 2607 398
1376731800 2629 540 2870 1006
1376730000 2585 381 2647 396
1376728200 2643 545 2836 1036
1376726400 2581 381 2769 806
1376724600 2688 609 2893 997
1376722800 2573 381 2623 398
1376721000 2642 542 2860 1018
1376719200 2601 381 2619 398
1376717400 2800 715 3596 1436
1376715600 2585 381 2620 398
1376713800 2631 539 2845 1000
1376712000 2573 381 2614 398
1376710200 2653 536 2904 985
1376708400 2579 381 2600 398
1376706600 2639 537 2844 989
1376704800 2572 381 2612 398
1376703000 2628 536 2828 991
1376701200 2581 380 2612 397
1376699400 2663 537 2922 988
1376697600 2650 391 2748 461
1376695800 2727 539 2958 1002
1376694000 2736 380 2970 399
1376692200 3053 569 3558 1164
1376690400 3173 375 3561 398
1376688600 3545 550 4089 1025
1376686800 3409 380 3955 398
1376685000 3578 544 3955 995
1376683200 3519 403 3843 806
1376681400 3316 618 3405 1016
1376679600 3397 381 3746 398
1376677800 3529 549 3654 1022
1376676000 3357 390 3543 440
1376674200 3451 721 4122 1435
1376672400 3221 381 3509 397
1376670600 3479 549 3705 1018
1376668800 3463 401 3649 457
1376667000 3575 546 4052 994
1376665200 3527 382 3652 399
1376663400 3559 546 3796 1004
1376661600 3597 390 3703 441
1376659800 3371 554 3663 967
1376658000 2932 382 3075 399
1376656200 2748 542 2842 1009
1376654400 2626 381 2699 398
1376652600 2649 536 2854 986
1376650800 2608 381 2671 399
1376649000 2648 537 2883 989
1376647200 2626 381 2680 398
1376645400 2658 544 2900 1026
1376643600 2615 381 2678 398
1376641800 2673 533 2859 961
1376640000 2602 383 2934 865
1376638200 2726 622 2934 1020
1376636400 2596 381 2631 399
1376634600 2665 539 2823 999
1376632800 2621 382 2642 398
1376631000 2829 714 3696 1435
1376629200 2599 382 2616 400
1376627400 2665 538 2855 993
1376625600 2590 380 2612 399
1376623800 2690 546 2936 1046
1376622000 2589 382 2633 398
1376620200 2710 539 3006 996
1376618400 2705 381 2781 399
1376616600 2806 555 3030 1032
1376614800 2762 380 2816 398
1376613000 2814 542 3025 1014
1376611200 2791 380 2869 398
1376609400 2886 546 3128 979
1376607600 2953 380 3151 396
1376605800 3230 544 3404 1009
1376604000 3295 391 3567 441
1376602200 3496 565 3847 1062
1376600400 3714 380 4866 396
1376598600 3567 559 3813 1016
1376596800 3600 383 3825 804
1376595000 3811 625 4191 994
1376593200 3636 381 4109 398
1376591400 3589 544 4264 994
1376589600 3653 380 3878 396
1376587800 3590 718 4406 1435
1376586000 3516 390 3828 440
1376584200 3851 550 4364 1020
1376582400 3716 381 4521 398
1376580600 3694 549 4093 1021
1376578800 3551 381 3902 397
1376577000 3815 548 4452 1016
1376575200 3718 391 3939 441
1376573400 3382 560 3519 980
1376571600 2949 392 3156 443
1376569800 2858 552 2972 1013
1376568000 2773 381 2837 398
1376566200 2802 545 2994 1037
1376564400 2765 381 2931 398
1376562600 2787 541 2970 1017
1376560800 2748 381 2809 399
1376559000 2822 539 3085 994
1376557200 2711 381 2835 399
1376555400 2832 544 3013 1027
1376553600 2755 382 2993 803
1376551800 2894 606 3139 984
1376550000 2765 382 2816 398
1376548200 2758 536 3002 973
1376546400 2773 381 2856 400
1376544600 2842 544 3656 1247
1376539200 2777 460 3088 1009
1376532000 2716 461 2972 1028
1376524800 2808 469 3309 1027
1376517600 3304 465 3985 1008
1376510400 3384 483 4002 1021
1376503200 3402 510 4660 1437
1376496000 3492 463 3904 1028
1376488800 3038 468 3788 1020
1376481600 2647 459 2925 1007
1376474400 2642 459 2913 1014
1376467200 2651 478 2894 1024
1376460000 2693 504 3657 1436
1376452800 2636 460 2914 1009
1376445600 2743 461 3215 1026
1376438400 2914 470 3342 1079
1376431200 3403 465 4042 1031
1376424000 3412 487 3945 1024
1376416800 3363 513 4347 1434
1376409600 3348 463 4062 1017
1376402400 2955 468 3472 1025
1376395200 2623 460 2899 1021
1376388000 2626 458 2860 1007
1376380800 2637 483 2914 1012
1376373600 2668 503 3636 1435
1376366400 2614 460 2894 1026
1376359200 2651 461 2920 1028
1376352000 2817 478 3288 1034
1376344800 3206 465 4072 1043
1376337600 3249 486 3779 1109
1376330400 3283 508 3803 1380
1376323200 3409 463 3958 1010
1376316000 2917 469 3352 1026
1376308800 2574 459 2802 1002
1376301600 2580 459 2830 1017
1376294400 2584 479 2855 1006
1376287200 2620 504 3564 1436
1376280000 2564 457 2788 996
1376272800 2567 458 2826 993
1376265600 2566 460 2845 1018
1376258400 2566 462 2833 1026
1376251200 2578 480 2860 1031
1376244000 2611 504 3281 1147
1376236800 2568 456 2842 978
1376229600 2565 457 2838 992
1376222400 2566 460 2854 1037
1376215200 2578 459 2825 1009
1376208000 2585 481 2862 1042
1376200800 2617 502 3527 1379
1376193600 2565 458 2802 1002
1376186400 2563 460 2787 1022
1376179200 2571 461 2830 996
1376172000 2584 456 2858 980
1376164800 2603 479 2885 995
1376157600 2632 504 3587 1435
1376150400 2599 459 2891 1007
1376143200 2605 460 2894 1015
1376136000 2583 460 2905 1014
1376128800 2597 459 2868 1008
1376121600 2602 484 2893 1063
1376114400 2637 506 3449 1279
1376107200 2587 461 2864 1049
1376100000 2612 459 2935 1004
1376092800 2737 465 3193 1026
1376085600 3142 469 3499 1063
1376078400 3174 481 3458 1007
1376071200 3195 507 3625 1422
1376064000 3306 470 3898 1040
1376056800 3071 470 3589 1013
1376049600 2621 460 2944 1024
1376042400 2647 459 2855 1016
1376035200 2625 475 2859 1006
1376028000 2662 504 3579 1435
1376020800 2621 461 2871 1021
1376013600 2664 462 2942 1010
1376006400 2786 469 3311 1004
1375999200 3124 472 3593 1032
1375992000 3209 484 3690 1003
1375984800 3155 508 4012 1435
1375977600 3168 460 3558 980
1375970400 2959 470 3558 1008
1375963200 2646 460 2900 1032
1375956000 2633 459 2898 1017
1375948800 2637 475 2907 983
1375941600 2666 505 3379 1499
1375934400 2619 458 2916 1016
1375927200 2682 458 2963 983
1375920000 2827 468 3237 1078
1375912800 3301 467 3794 1027
1375905600 3264 489 3499 1013
1375898400 3400 507 4532 1435
1375891200 3362 463 3545 1018
1375884000 3138 464 3551 1013
1375876800 2639 459 2965 1017
1375869600 2630 459 2840 1015
1375862400 2638 476 2898 997
1375855200 2667 501 3627 1435
1375848000 2623 460 2911 1023
1375840800 2674 464 3054 1033
1375833600 2948 466 3617 1020
1375826400 3408 466 3865 1090
1375819200 3555 487 4032 1048
1375812000 3630 509 4595 1435
1375804800 3639 464 5104 1030
1375797600 3346 471 4064 1078
1375790400 2700 461 2936 1028
1375783200 2662 461 2937 1025
1375776000 2654 478 3101 991
1375768800 2667 501 3597 1429
1375761600 2619 459 2906 1009
1375754400 2639 462 2902 1010
1375747200 2832 465 3443 1027
1375740000 3444 464 4030 1016
1375732800 3490 486 3769 1030
1375725600 3454 509 4091 1443
1375718400 3609 461 4090 1013
1375711200 3152 465 4090 1010
1375704000 2594 459 2856 999
1375696800 2594 461 2828 1046
1375689600 2603 477 2887 1034
1375682400 2632 504 3293 1111
1375675200 2582 459 2817 1006
1375668000 2584 461 2815 1038
1375660800 2580 459 2851 1005
1375653600 2585 460 2873 1029
1375646400 2592 479 2864 1014
1375639200 2626 503 3585 1435
1375632000 2590 459 2854 1036
1375624800 2577 459 2765 1007
1375617600 2588 458 2858 1003
1375610400 2595 458 2823 1002
1375603200 2603 477 2878 1012
1375596000 2635 503 3581 1430
1375588800 2581 458 2829 1000
1375581600 2588 459 2864 1019
1375574400 2622 459 2902 1013
1375567200 2663 458 2984 1025
1375560000 2637 477 2883 1008
1375552800 2691 503 3622 1436
1375545600 2645 456 2844 973
1375538400 2591 461 2845 1039
1375531200 2592 458 2880 1021
1375524000 2601 460 2850 1020
1375516800 2607 481 2890 1026
1375509600 2636 504 3576 1441
1375502400 2583 456 2838 1001
1375495200 2608 458 2863 1016
1375488000 2764 463 3190 1005
1375480800 3243 466 3727 1030
1375473600 3248 480 3535 1011
1375466400 3266 508 3971 1287
1375459200 3255 461 3626 997
1375452000 3028 468 3497 1030
1375444800 2622 461 2891 1025
1375437600 2618 460 2901 1020
1375430400 2623 475 2901 998
1375423200 2668 504 3191 1157
1375416000 2618 461 2967 1025
1375408800 2689 458 2951 991
1375401600 2853 466 3280 1006
1375394400 3191 464 3605 1025
1375387200 3199 487 3497 1041
1375380000 3198 508 4217 1435
1375372800 3302 461 4364 994
1375365600 2972 462 3429 1069
1375358400 2601 461 2965 1026
1375351200 2607 461 2865 1033
1375344000 2613 481 2877 1032
1375336800 2652 503 3419 1261
1375329600 2609 459 2820 998
1375322400 2662 462 3001 998
1375315200 2858 465 3369 1014
1375308000 3205 467 3853 1034
1375300800 3225 485 3561 1011
1375293600 3228 506 4122 1435
1375286400 3167 464 3527 1020
1375279200 2959 468 3527 1018
1375272000 2591 461 2836 1025
1375264800 2595 461 2841 1028
1375257600 2644 480 3253 1033
1375250400 2639 502 3560 1436
1375243200 2592 460 2907 1024
1375236000 2610 459 2864 1000
1375228800 2787 463 3226 1055
1375221600 3169 468 3445 1060
1375214400 3301 489 3665 1035
1375207200 3432 511 4507 1437
1375200000 3465 466 3733 1009
1375192800 3094 470 3566 1003
1375185600 2631 459 2952 1019
1375178400 2661 459 2873 1004
1375171200 2650 477 2904 996
1375164000 2685 504 3591 1436
1375156800 2640 459 2908 1010
1375149600 2662 462 3066 1011
1375142400 2866 470 3337 1090
1375135200 3171 476 3686 1093
1375128000 3391 489 3715 1026
1375120800 3339 514 4313 1497
1375113600 3413 470 3807 1043
1375106400 3032 464 3587 1009
1375099200 2627 458 2809 1033
1375092000 2600 459 2842 1003
1375084800 2609 477 2869 1013
1375077600 2642 503 3592 1431
1375070400 2591 456 2863 1000
1375063200 2592 462 2831 1007
1375056000 2593 460 2841 1021
1375048800 2593 459 2845 1014
1375041600 2608 481 2863 1012
1375034400 2631 503 3594 1434
1375027200 2588 458 2834 1000
1375020000 2583 457 2824 999
1375012800 2582 458 2825 1011
1375005600 2599 459 2857 1008
1374998400 2607 477 2872 1021
1374991200 2633 504 3573 1431
1374984000 2589 459 2833 1011
1374976800 2588 461 2830 1015
1374969600 2597 458 2853 1004
1374962400 2618 462 2837 1023
1374955200 2614 476 2891 1003
1374948000 2648 504 3201 1120
1374940800 2595 459 2803 1007
1374933600 2592 460 2882 1042
1374926400 2586 460 2820 1034
1374919200 2604 460 2860 1024
1374912000 2604 476 2859 1006
1374904800 2633 503 3609 1436
1374897600 2594 458 2865 1010
1374890400 2597 460 2897 1052
1374883200 2733 465 3159 1014
1374876000 3088 464 3346 1002
1374868800 3252 488 3517 1024
1374861600 3298 507 4020 1297
1374854400 3265 462 3453 1021
1374847200 3087 471 3533 1016
1374840000 2645 459 2894 1001
1374832800 2634 462 2939 1036
1374825600 2644 478 2886 996
1374818400 2674 502 3655 1436
1374811200 2619 457 2850 979
1374804000 2644 462 2912 1016
1374796800 2814 464 3292 1020
1374789600 3315 464 3713 992
1374782400 3382 488 3652 1021
1374775200 3444 507 4389 1431
1374768000 3546 466 4143 1023
1374760800 3155 468 3723 1007
1374753600 2664 458 2887 986
1374746400 2663 459 2932 997
1374739200 2673 480 2900 1015
1374732000 2702 502 3638 1416
1374724800 2660 459 2951 1007
1374717600 2770 468 3134 1019
1374710400 3023 465 3463 1010
1374703200 3416 463 3732 1025
1374696000 3597 487 3976 1041
1374688800 3573 508 4802 1435
1374681600 3466 461 3782 1003
1374674400 3200 465 3641 1031
1374667200 2649 462 2945 1057
1374660000 2657 461 2962 1062
1374652800 2660 475 2892 988
1374645600 2685 503 3658 1431
1374638400 2635 464 2904 1023
1374631200 2660 459 2906 994
1374624000 2882 468 3748 1013
1374616800 3289 466 3663 1016
1374609600 3405 485 3732 1043
1374602400 3412 510 4302 1440
1374595200 3371 464 3581 1014
1374588000 3175 470 3642 1038
1374580800 2651 457 3001 983
1374573600 2632 458 2880 1002
1374566400 2641 477 2878 983
1374559200 2680 503 3614 1434
1374552000 2641 459 2886 1028
1374544800 2674 461 2868 1002
1374537600 2909 467 3584 1057
1374530400 3455 466 5655 1027
1374523200 3523 487 3927 1031
1374516000 3463 511 4234 1435
1374508800 3430 464 3932 1020
1374501600 3017 468 3578 997
1374494400 2592 463 2869 1024
1374487200 2584 457 2816 993
1374480000 2587 478 2827 997
1374472800 2620 503 3248 1085
1374465600 2576 459 2833 1022
1374458400 2572 458 2811 1023
1374451200 2575 462 2806 1032
1374444000 2575 461 2817 1022
1374436800 2579 476 2804 1006
1374429600 2618 503 3394 1258
1374422400 2570 459 2843 1021
1374415200 2569 460 2812 1031
1374408000 2565 456 2829 989
1374400800 2587 458 2858 1016
1374393600 2592 478 2825 1010
1374386400 2620 500 3492 1336
1374379200 2571 455 2794 964
1374372000 2572 459 2799 990
1374364800 2572 455 2822 978
1374357600 2574 459 2816 987
1374350400 2590 504 3019 1561
1374343200 2619 501 3569 1438
1374336000 2586 458 2837 1005
1374328800 2595 458 2891 1020
1374321600 2589 459 2867 1035
1374314400 2603 458 2875 987
1374307200 2611 480 2859 1011
1374300000 2646 504 3622 1429
1374292800 2596 459 2884 1018
1374285600 2624 460 2887 1042
1374278400 2725 465 3148 1017
1374271200 3002 466 3278 1019
1374264000 3158 485 3499 1016
1374256800 3171 509 4045 1434
1374249600 3290 465 3705 1001
1374242400 2987 470 3433 1075
1374235200 2631 458 2863 1010
1374228000 2626 458 2901 1002
1374220800 2637 478 2876 996
1374213600 2670 502 3644 1434
1374206400 2622 458 2855 993
1374199200 2646 459 2892 1004
1374192000 2786 465 3448 1029
1374184800 3184 471 3585 1017
1374177600 3241 491 3635 1005
1374170400 3290 510 4425 1436
1374163200 3476 469 4106 1029
1374156000 3146 474 3638 1025
1374148800 2652 461 2890 1014
1374141600 2635 460 2890 997
1374134400 2651 483 2934 1032
1374127200 2680 505 3723 1432
1374120000 2628 461 2905 1046
1374112800 2652 463 3003 1052
1374105600 2795 464 3258 1030
1374098400 3273 472 3669 1016
1374091200 3404 481 3702 1021
1374084000 3361 513 3871 1215
1374076800 3363 464 3674 1004
1374069600 3142 475 3576 1085
1374062400 2662 460 2945 1001
1374055200 2649 459 2908 1008
1374048000 2662 477 2892 1004
1374040800 2684 504 3645 1436
1374033600 2657 460 3146 1002
1374026400 2645 458 2916 991
1374019200 2826 472 3363 1066
1374012000 3186 465 3543 1025
1374004800 3270 480 3737 1005
1373997600 3333 508 4212 1434
1373990400 3341 463 3824 1027
1373983200 2999 470 3548 1015
1373976000 2630 458 2878 1002
1373968800 2626 460 2849 1034
1373961600 2637 479 2912 1041
1373954400 2672 503 3640 1434
1373947200 2616 458 2903 1019
1373940000 2638 457 2946 1002
1373932800 2807 469 3194 1005
1373925600 3136 465 3517 1014
1373918400 3283 485 3665 1022
1373911200 3233 511 4337 1497
1373904000 3340 464 3657 1040
1373896800 3002 472 3490 1025
1373889600 2561 458 2838 1013
1373882400 2567 459 2780 1015
1373875200 2577 477 2807 1009
1373868000 2607 503 3322 1181
1373860800 2562 458 2800 1003
1373853600 2563 459 2862 1057
1373846400 2563 456 2808 988
1373839200 2564 454 2808 986
1373832000 2570 476 2841 1030
1373824800 2606 502 3568 1434
1373817600 2559 458 2807 999
1373810400 2564 458 2816 1005
1373803200 2561 456 2773 990
1373796000 2574 458 2820 1009
1373788800 2580 479 2859 1048
1373781600 2613 505 3475 1315
1373774400 2565 462 2832 1075
1373767200 2559 457 2805 998
1373760000 2564 458 2823 1002
1373752800 2563 458 2795 1010
1373745600 2573 480 2856 1041
1373738400 2628 503 3310 1184
1373731200 2572 459 2787 1019
1373724000 2560 458 2826 1004
1373716800 2567 456 2782 990
1373709600 2582 458 2855 1005
1373702400 2600 474 2833 1021
1373695200 2631 500 3570 1434
1373688000 2588 458 2830 1027
1373680800 2591 461 2887 1020
1373673600 2668 464 3134 1126
1373666400 2930 461 3354 1011
1373659200 3089 479 3457 1001
1373652000 3080 506 3941 1393
1373644800 3095 465 3347 1071
1373637600 2926 464 3363 1002
1373630400 2595 459 2818 1037
1373623200 2598 458 2849 1009
1373616000 2631 477 3038 996
1373608800 2634 500 3641 1440
1373601600 2584 457 2803 1005
1373594400 2632 460 2977 1039
1373587200 2836 461 3397 1030
1373580000 3096 465 3328 1026
1373572800 3099 479 3400 1031
1373565600 3211 505 3953 1137
1373558400 3272 463 3607 1034
1373551200 2978 463 3482 992
1373544000 2597 456 2843 988
1373536800 2607 457 2940 999
1373529600 2623 477 2933 1017
1373522400 2633 504 3474 1339
1373515200 2592 459 2861 1013
1373508000 2624 462 2904 999
1373500800 2778 462 3266 999
1373493600 3103 461 3486 1011
1373486400 3251 476 3839 1020
1373479200 3212 507 4036 1126
1373472000 3293 460 4772 1011
1373464800 2995 466 3547 1079
1373457600 2635 459 2885 1009
1373450400 2634 456 2901 982
1373443200 2639 476 2871 1029
1373436000 2673 503 3578 1434
1373428800 2629 458 2880 1012
1373421600 2651 461 2935 1081
1373414400 2819 462 3327 1075
1373407200 3141 462 3357 1021
1373400000 3266 480 3845 1015
1373392800 3293 505 4255 1435
1373385600 3311 460 3597 995
1373378400 2982 461 3383 1003
1373371200 2628 458 2848 1001
1373364000 2624 459 2858 1023
1373356800 2625 478 2914 1043
1373349600 2666 506 3631 1438
1373342400 2618 457 2868 993
1373335200 2646 460 2961 1034
1373328000 2818 465 3238 1012
1373320800 3181 466 3518 1043
1373313600 3207 480 3668 1015
1373306400 3190 505 4042 1429
1373299200 3303 462 3796 1010
1373292000 3009 469 3516 1014
1373284800 2572 457 2815 999
1373277600 2574 457 2817 996
1373270400 2577 471 2809 1001
1373263200 2586 501 3546 1433
1373256000 2545 457 2798 1005
1373248800 2548 463 2805 1039
1373241600 2546 457 2795 1008
1373234400 2551 456 2783 1009
1373227200 2557 476 2820 1020
1373220000 2604 500 3195 1123
1373212800 2543 456 2768 994
1373205600 2545 455 2822 1006
1373198400 2541 457 2786 996
1373191200 2557 454 2769 978
1373184000 2561 476 2793 998
1373176800 2594 501 3573 1434
1373169600 2566 458 2774 1014
1373162400 2568 453 2803 987
1373155200 2574 457 2822 998
1373148000 2577 460 2867 1038
1373140800 2590 478 2842 1014
1373133600 2621 501 3602 1434
1373126400 2586 457 2811 999
1373119200 2572 455 2829 1000
1373112000 2578 457 2858 1000
1373104800 2584 457 2795 1012
1373097600 2595 478 2852 1000
1373090400 2630 501 3251 1078
1373083200 2529 457 2779 1000
1373076000 2572 456 2841 1000
1373068800 2592 458 2837 1012
1373061600 2598 458 2831 1021
1373054400 2595 478 2850 1009
1373047200 2635 500 3607 1444
1373040000 2595 457 2838 989
1373032800 2588 458 2806 1000
1373025600 2588 457 2841 1013
1373018400 2595 457 2849 1005
1373011200 2604 477 2892 1031
1373004000 2634 499 3614 1432
1372996800 2582 456 2790 996
1372989600 2588 457 2835 1010
1372982400 2593 458 2823 1010
1372975200 2586 457 2818 1008
1372968000 2591 474 2833 1006
1372960800 2629 501 3570 1434
1372953600 2590 455 2833 974
1372946400 2584 457 2830 1001
1372939200 2588 456 2829 1009
1372932000 2570 457 2795 993
1372924800 2576 472 2845 1019
1372917600 2609 501 3600 1439
1372910400 2557 457 2795 997
1372903200 2575 457 2879 999
1372896000 2599 455 2800 974
1372888800 2697 457 2955 993
1372881600 3038 486 3346 1032
1372874400 3117 507 3609 1148
1372867200 3146 463 3755 1042
1372860000 2912 417 3303 743
1372852800 2582 411 2733 724
1372845600 2574 411 2672 727
1372838400 2588 429 2807 861
1372831200 2617 454 3600 1437
1372824000 2578 421 2744 726
1372816800 2581 410 2653 727
1372809600 2776 420 3168 744
1372802400 3122 415 3345 761
1372795200 3215 441 3563 800
1372788000 3246 517 3874 1865
1372780800 3765 422 22136 2574
1372773600 2786 316 3271 1066
1372766400 2393 307 2721 1017
1372759200 2401 306 2753 1022
1372752000 2402 318 2695 1003
1372744800 2436 350 3487 1252
1372737600 2386 304 2713 1011
1372730400 2415 313 2803 1051
1372723200 2577 313 3250 1064
1372716000 2983 310 3323 1027
1372708800 3065 331 3715 1019
1372701600 3085 355 3902 1194
1372694400 3096 311 3717 1025
1372687200 2858 313 3273 1014
1372680000 2457 309 2732 1023
1372672800 2389 307 2694 1011
1372665600 2397 321 2744 989
1372658400 2431 349 3389 1252
1372651200 2397 307 2757 1044
1372644000 2404 303 2720 1004
1372636800 2373 304 2649 986
1372629600 2398 305 2747 1003
1372622400 2412 325 2745 1013
1372615200 2424 349 3044 1016
1372608000 2384 305 2720 1017
1372600800 2379 305 2681 1010
1372593600 2382 306 2742 1023
1372586400 2391 305 2676 1002
1372579200 2408 326 2736 1015
1372572000 2433 349 3353 1227
1372564800 2385 305 2711 1016
1372557600 2387 307 2728 1021
1372550400 2399 307 2725 1019
1372543200 2399 306 2741 1006
1372536000 2399 326 2729 1016
1372528800 2427 348 3366 1253
1372521600 2384 305 2740 1010
1372514400 2397 307 2711 1029
1372507200 2404 305 2700 1012
1372500000 2411 306 2701 1011
1372492800 2431 325 2748 1007
1372485600 2472 374 3378 1608
1372478400 2404 307 2753 1025
1372471200 2421 307 2838 995
1372464000 2560 308 3028 1016
1372456800 2849 313 3559 999
1372449600 2935 330 3221 1008
1372442400 2902 356 3736 1249
1372435200 3003 310 3405 1009
1372428000 2729 309 3162 1011
1372420800 2449 307 2703 1014
1372413600 2434 306 2735 1002
1372406400 2451 326 2784 1004
1372399200 2486 349 3454 1252
1372392000 2431 307 2758 1017
1372384800 2452 309 2822 1003
1372377600 2578 312 3019 1018
1372370400 2864 311 3360 1022
1372363200 2915 327 3457 1035
1372356000 2979 362 3929 1253
1372348800 2989 311 3386 1033
1372341600 2717 311 3050 1019
1372334400 2427 307 2742 1020
1372327200 2432 305 2744 996
1372320000 2444 322 2779 989
1372312800 2472 349 3443 1257
1372305600 2418 306 2848 1008
1372298400 2438 308 2742 1005
1372291200 2603 309 3202 1026
1372284000 3032 324 4726 1031
1372276800 3038 327 3304 1016
1372269600 2944 354 3439 1012
1372262400 2989 311 3475 1017
1372255200 2747 310 3177 1016
1372248000 2436 308 2808 1023
1372240800 2437 306 2787 1027
1372233600 2449 328 2745 1010
1372226400 2476 351 3406 1270
1372219200 2431 305 2768 1018
1372204800 2681 317 3948 1252
1372118400 2711 315 4539 1303
1372032000 2435 315 3253 1101
1371945600 2437 313 3282 1097
1371859200 2670 318 3979 1091
1371772800 2680 318 4197 1171
1371686400 2727 328 4018 3361
1371600000 2792 315 4131 1251
1371513600 2693 317 3689 1252
1371427200 2387 313 3371 1251
1371340800 2393 313 3397 1257
1371254400 2611 326 3828 3590
1371168000 2788 437 4160 1435
1371081600 2869 500 4252 1437
1370995200 2815 500 4313 1439
1370908800 2877 503 4538 1437
1370822400 2577 498 3540 1441
1370736000 2580 498 3530 1437
1370649600 2904 503 4159 1806
1370563200 2907 500 4261 1437
1370476800 2927 502 4480 1434
1370390400 2940 500 4641 1437
1370304000 2882 501 4195 1439
1370217600 2589 498 3547 1436
1370131200 2545 497 3520 1437
1370044800 2857 499 4012 1437
1369958400 2817 449 4426 1437
1369872000 2787 430 4279 1371
1369785600 2780 431 4153 1370
1369699200 2532 427 3483 1371
1369612800 2528 428 3563 1370
1369526400 2529 428 3478 1371
1369440000 2697 430 3723 1372
1369353600 2783 429 3875 1375
1369267200 2869 429 4505 1366
1369180800 2842 430 4069 1369
1369094400 2828 430 4242 1370
1369008000 2520 429 3407 1258
1368921600 2523 428 3486 1370
1368835200 2788 430 4344 1370
1368748800 2812 431 4430 1371
1368662400 2831 439 4463 1464
1368576000 2790 432 3963 1370
1368489600 2783 432 4010 1370
1368403200 2539 429 3529 1375
1368316800 2541 427 3511 1370
1368230400 2801 430 3828 1370
1368144000 2930 431 4406 1374
1368057600 2894 432 4217 1371
1367971200 2919 431 4230 1370
1367884800 2926 494 4175 1382
1367798400 2599 498 3565 1437
1367712000 2603 499 3587 1438
1367625600 2863 501 3971 1331
1367539200 2962 502 4689 1437
1367452800 2957 502 4068 1438
1367366400 2909 502 4153 1437
1367280000 2954 503 4453 1437
1367193600 2656 498 3632 1437
1367107200 2674 497 3648 1436
1367020800 2913 500 4129 1546
1366934400 2937 501 4145 1438
1366848000 2909 501 4191 1440
1366761600 2942 501 4588 1443
1366675200 2940 499 4446 1438
1366588800 2560 496 3555 1440
1366502400 2559 496 3518 1438
1366416000 2805 500 4090 1438
1366329600 2858 501 4147 1435
1366243200 2944 502 4584 1442
1366156800 3002 500 4817 1438
1366070400 2967 500 4454 1438
1365984000 2597 498 3815 1676
1365897600 2599 496 3759 1674
1365811200 2921 499 4134 1568
1365724800 2958 501 4488 1644
1365638400 2966 501 4302 1441
1365552000 2935 499 4107 1437
1365465600 2963 501 4539 1438
1365379200 2584 496 3548 1437
1365292800 2597 497 3576 1442
1365206400 2877 500 4294 1437
1365120000 2894 499 4133 1436
1365033600 2863 500 4360 1440
1364947200 3003 499 4426 1438
1364860800 2952 502 4435 1435
1364774400 2597 497 3570 1437
1364688000 2611 496 3595 1438
1364601600 2843 500 4030 1437
1364515200 2959 502 4075 1787
1364428800 2916 500 4356 1438
1364342400 2937 501 4591 1442
1364256000 2893 504 4344 1438
1364169600 2576 497 3563 1436
1364083200 2590 497 3633 1438
1363996800 2891 501 4191 1436
1363910400 2927 502 4250 1438
1363824000 2943 500 4389 1439
1363737600 2908 501 4057 1436
1363651200 2912 502 4363 1434
1363564800 2587 497 3546 1434
1363478400 2592 499 3633 1497
1363392000 2880 501 4082 1436
1363305600 2897 500 4122 1435
1363219200 2992 499 4537 1435
1363132800 3021 499 4465 1434
1363046400 3030 500 4694 1338
1362960000 2655 497 3620 1435
1362873600 2674 497 3628 1433
1362787200 2895 502 4189 1434
1362700800 2913 500 4430 1435
1362614400 2900 502 4277 1490
1362528000 2921 501 4296 1434
1362441600 2858 500 3873 1434
1362355200 2569 497 3567 1527
1362268800 2575 496 3521 1452
1362182400 2801 442 4327 1422
1362096000 2799 428 3960 1439
1362009600 2759 428 3909 1474
1361923200 2796 428 4270 1456
1361836800 2769 428 4557 1487
1361750400 2501 427 3321 1466
1361664000 2501 427 3454 1458
1361577600 2712 428 3817 1482
1361491200 2983 430 4125 1466
1361404800 3046 428 4300 1425
1361318400 2995 428 4657 1429
1361232000 2787 427 3568 1468
1361145600 2786 427 3763 1476
1361059200 2787 427 3750 1465
1360972800 3009 431 4499 2101
1360886400 3040 428 4396 1530
1360800000 3069 429 4848 1519
1360713600 3047 429 4392 1531
1360627200 2944 427 4229 1520
1360540800 2738 427 3711 1489
1360454400 2740 426 3688 1488
1360368000 2865 428 3812 1521
1360281600 3074 428 4629 1539
1360195200 3089 428 4437 1539
1360108800 3117 428 4290 1539
1360022400 3074 427 4743 1540
1359936000 2767 426 3734 1493
1359849600 2779 426 3745 1468
1359763200 3054 428 5000 1533
1359676800 3067 428 4338 1538
1359590400 3046 428 4328 1530
1359504000 3098 428 4468 1536
1359417600 3077 427 4591 1523
1359331200 2800 426 3776 1497
1359244800 2805 426 3797 1482
1359158400 3057 430 4434 1591
1359072000 3055 426 4422 1531
1358985600 3046 427 4303 1517
1358899200 3040 428 4364 1531
1358812800 2813 426 3776 1471
1358726400 2806 427 3750 1487
1358640000 2814 424 3785 1475
1358553600 3028 426 4158 1520
1358467200 3084 427 4347 1520
1358380800 3155 426 4456 1519
1358294400 3149 426 4442 1529
1358208000 3109 426 4202 1529
1358121600 2821 425 3814 1470
1358035200 2825 424 3809 1469
1357948800 3010 427 4262 1519
1357862400 3003 425 4304 1495
1357776000 3199 427 5087 1529
1357689600 3119 427 4706 1538
1357603200 3589 965 4652 2192
1357516800 3375 1069 4085 2117
1357430400 3377 1070 4119 2114
1357344000 3573 1071 4706 2177
1357257600 3614 1071 4865 2166
1357171200 3622 1071 4865 2169
1357084800 3363 1069 4342 2126
1356998400 3484 1071 4484 2154
1356912000 3370 1070 4362 2128
1356825600 3378 1075 4288 2118
1356739200 3551 1076 4849 2159
1356652800 3522 1075 4630 2156
1356566400 3488 1071 4541 2168
1356480000 3352 1071 4303 2596
1356393600 3354 1067 4309 2111
1356307200 3352 1067 4308 2102
1356220800 3363 1069 4346 2111
1356134400 3627 1070 4873 2160
1356048000 3655 1070 4786 2172
1355961600 3631 1067 4977 2151
1355875200 3608 1066 4782 2121
1355788800 3656 1068 5016 2142
1355702400 3396 1065 4386 2110
1355616000 3417 1066 4386 2100
1355529600 3628 1066 4720 2116
1355443200 3739 1069 7763 2143
1355356800 3714 1067 6036 2167
1355270400 4518 1067 75434 2112
1355184000 3705 1067 5023 2151
1355097600 3383 1065 4185 2098
1355011200 3393 1065 4389 2116
1354924800 3667 1068 4817 2145
1354838400 3700 1066 4962 2117
1354752000 3692 1068 5109 2145
1354665600 3672 1067 5157 2177
1354579200 3647 1068 4991 2135
1354492800 3388 1065 4042 2117
1354406400 3401 1064 4383 2112
1354320000 3632 1068 4937 2145
1354233600 3691 1068 5072 2149
1354147200 3715 1069 5240 2163
1354060800 3726 1067 4976 2140
1353974400 3474 1069 4691 2111
1353888000 6504 989 281546 9646
1353801600 2801 764 3749 1794
1353715200 2806 762 3786 1773
1353628800 2808 764 3782 1777
1353542400 3029 747 4361 1769
1353456000 3135 739 4389 1723
1353369600 3102 738 4580 1721
1353283200 2809 736 3802 1725
1353196800 2816 736 3800 1723
1353110400 3105 777 4431 2004
1353024000 3123 767 4502 1849
1352937600 3261 771 4613 1856
1352851200 3228 768 4801 1851
1352764800 3142 769 4543 1851
1352678400 2814 764 3825 1785
1352592000 2826 765 3841 1813
1352505600 3240 770 5717 1846
1352419200 3074 757 4519 1839
1352332800 3157 741 4571 1732
1352246400 3203 741 4743 1721
1352160000 3142 739 4702 1727
1352073600 2853 737 3903 1724
1351987200 2843 738 3843 1722
1351900800 3117 740 4637 1728
1351814400 3120 740 4335 1726
1351728000 3023 740 4195 1716
1351641600 2776 737 3834 1722
1351555200 2835 737 3825 1720
1351468800 2859 738 3866 1717
1351382400 2868 737 3841 1714
1351296000 3154 742 4483 1731
1351209600 3282 741 4752 1734
1351123200 3245 741 5011 1733
1351036800 3210 742 4606 1730
1350950400 3227 741 4632 1723
1350864000 2901 737 3914 1719
1350777600 2903 737 3899 1717
1350691200 3126 741 4495 1724
1350604800 3259 740 4898 1728
1350518400 3250 740 4713 1727
1350432000 3397 742 5425 1725
1350345600 3292 742 4857 1732
1350259200 2850 737 3836 1711
1350172800 2862 736 3869 1716
1350086400 3197 740 4619 1737
1350000000 3274 743 5156 1742
1349913600 3140 742 4562 1741
1349827200 3264 743 4570 1730
1349740800 3186 741 4565 1718
1349654400 2861 739 3850 1722
1349568000 2858 740 3853 1723
1349481600 3183 760 4779 2333
1349395200 3197 743 4596 1731
1349308800 3260 742 5547 1725
1349222400 3201 752 4574 3166
1349136000 3167 740 4524 1732
1349049600 2868 738 3865 1723
1348963200 2893 738 3862 1721
1348876800 3193 742 4734 1726
1348790400 3268 742 4783 1735
1348704000 3258 742 4487 1724
1348617600 3278 742 4664 1731
1348531200 3235 767 6011 3944
1348444800 2860 738 3840 1721
1348358400 2865 739 3833 1715
1348272000 3145 740 4243 1718
1348185600 3270 742 4885 1740
1348099200 3236 744 4744 1731
1348012800 3272 741 4940 1727
1347926400 3164 741 4629 1719
1347840000 2879 739 3881 1719
1347753600 2885 738 3921 1720
1347667200 3199 741 4629 1725
1347580800 3249 741 4797 1724
1347494400 3244 741 5173 1728
1347408000 3233 742 4420 1719
1347321600 3286 742 4826 1737
1347235200 2856 740 3825 1722
1347148800 2863 739 3854 1715
1347062400 3181 743 4688 1724
1346976000 3208 743 4643 1737
1346889600 3228 743 4861 1723
1346803200 3278 743 4735 1731
1346716800 2849 739 3894 1721
1346630400 2844 738 3830 1721
1346544000 2847 738 3821 1721
1346457600 3023 742 4112 1725
1346371200 3119 741 4393 1725
1346284800 3109 742 4471 1726
1346198400 3113 741 4530 1721
1346112000 3153 741 4639 1726
1346025600 2839 738 3799 1722
1345939200 2844 738 3844 1724
1345852800 2831 744 4358 1717
1345766400 2866 741 4252 1715
1345680000 2871 755 4348 4561
1345593600 2863 740 4221 1720
1345507200 2772 739 4129 1726
1345420800 2489 735 3220 1476
1345334400 2491 736 3450 1716
1345248000 2694 737 4077 1725
1345161600 2753 739 3992 1719
1345075200 2804 739 4125 1718
1344988800 2802 739 4037 1628
1344902400 2755 739 3891 1557
1344816000 2472 736 3196 1441
1344729600 2485 735 3488 1722
1344643200 2783 750 3703 2696
1344556800 2803 740 4088 1723
1344470400 2805 742 4053 2046
1344384000 2874 739 4002 1716
1344297600 2806 738 4634 1718
1344211200 2467 736 3087 1475
1344124800 2473 735 3435 1712
1344038400 2780 740 3859 1494
1343952000 2817 741 4285 1720
1343865600 2882 741 4140 1471
1343779200 2850 740 4280 1718
1343692800 2816 739 3863 1516
1343606400 2503 736 3489 1716
1343520000 2513 736 3353 1570
1343433600 2814 741 4302 1764
1343347200 2853 741 4155 1714
1343260800 2887 741 4457 1719
1343174400 2913 743 4538 1727
1343088000 2863 743 4438 1721
1343001600 2463 737 3460 1718
1342915200 2468 737 3456 1716
1342828800 2862 742 4122 1719
1342742400 2931 744 4204 1722
1342656000 2977 755 4618 2687
1342569600 2973 743 4688 1725
1342483200 2842 743 4543 1974
1342396800 2408 736 3396 1714
1342310400 2432 737 3422 1715
1342224000 2830 742 4301 1720
1342137600 2946 745 4565 1718
1342051200 2828 741 4544 1723
1341964800 2908 744 4590 1723
1341878400 2895 741 4671 1716
1341792000 2357 737 3273 1614
1341705600 2364 737 3156 1500
1341619200 2643 741 3659 1721
1341532800 2612 742 3952 1739
1341446400 2298 737 3239 1712
1341360000 2582 739 3917 1728
1341273600 2689 742 4230 1728
1341187200 2252 734 2898 1457
1341100800 2280 739 3241 1708
1341014400 2290 366 4054 1719
1340928000 2261 241 3554 1330
1340841600 2328 254 3923 3430
1340755200 2382 235 4195 966
1340668800 2505 231 6214 972
1340582400 1779 226 2763 1213
1340496000 1780 227 2805 1223
1340409600 2231 229 4017 980
1340323200 2427 231 4469 1111
1340236800 2207 231 3783 1222
1340150400 2236 230 5069 1186
1340064000 2206 229 3570 978
1339977600 1832 227 2799 1211
1339891200 1843 225 2563 949
1339804800 2308 232 4213 1217
1339718400 2239 230 3769 1224
1339632000 2253 232 3683 1016
1339545600 2261 244 3717 2742
1339459200 2240 230 4865 1214
1339372800 1797 224 2822 1212
1339286400 1827 222 3189 1466
1339200000 2101 216 3615 1088
1339113600 2273 216 3821 1202
1339027200 2152 214 3553 1198
1338940800 2294 217 5463 1202
1338854400 2238 215 3665 1194
1338768000 988 126 2831 1199
1338681600 1850 216 2817 1205
1338595200 2223 223 3724 1205
1338508800 2340 231 10085 4723
1338422400 2154 218 3565 1957
1338336000 2172 219 3896 1913
1338249600 1822 216 3168 2020
1338163200 1820 216 3117 2014
1338076800 1813 215 3193 2026
1337990400 2076 217 3243 2002
1337904000 2197 216 4281 1962
1337817600 2202 217 4084 1974
1337731200 2360 223 12480 1940
1337644800 2326 216 4839 1206
1337558400 1801 216 2785 1202
1337472000 1802 216 2787 1202
1337385600 2586 218 8498 1205
1337299200 2751 218 7259 1204
1337212800 2638 216 6616 1203
1337126400 2488 217 6571 1206
1337040000 2519 225 6024 1670
1336953600 2541 216 9495 1210
1336867200 3599 216 9731 1207
1336780800 3351 216 8911 1206
1336694400 2427 218 4596 1209
1336608000 2322 215 4924 1204
1336521600 2209 216 3399 1207
1336435200 2402 216 4225 1204
1336348800 1869 218 2859 1203
1336262400 1959 215 4632 1204
1336176000 2609 220 10019 1204
1336089600 2412 258 7886 1202
1336003200 2242 260 3652 1277
1335916800 2323 223 4484 1348
1335830400 2324 223 4765 1202
1335744000 2847 218 7979 1208
1335657600 2783 216 8810 1208
1335571200 3571 217 9823 1209
1335484800 2230 218 3773 1202
1335398400 2442 219 6236 1208
1335312000 2175 216 3961 1960
1335225600 2221 219 4116 2004
1335139200 1809 219 3052 1841
1335052800 1805 218 3060 1849
1334966400 2088 192 3757 3608
1334880000 2139 153 3968 918
1334793600 2151 153 3334 911
1334707200 2173 152 5158 893
1334620800 2192 154 3869 913
1334534400 1839 151 4235 893
1334448000 1863 152 6434 899
1334361600 1932 152 2831 901
1334275200 2633 175 46771 2609
1334188800 2126 152 10526 934
1334102400 2129 152 4034 1014
1334016000 2004 166 3410 3518
1333929600 1729 155 2556 1066
1333843200 1732 155 2120 1107
1333756800 2096 153 4655 1117
1333670400 2097 154 3478 1160
1333584000 2157 154 3685 1145
1333497600 2306 154 5321 1159
1333411200 2459 152 20870 1174
1333324800 1699 153 2071 1140
1333238400 1696 155 2106 1168
1333152000 2099 155 3247 1176
1333065600 2202 155 3908 1145
1332979200 2205 154 4131 1183
1332892800 2038 154 3070 1094
1332806400 2213 154 10527 1416
1332720000 1912 152 9232 1104
1332633600 1819 152 4502 1145
1332547200 2142 152 4077 1099
1332460800 2116 155 3426 1131
1332374400 2118 155 4093 1157
1332288000 2134 152 3191 1162
1332201600 2070 151 3084 1121
1332115200 1826 153 6557 1160
1332028800 1904 153 9340 1514
1331942400 2172 153 6951 1193
1331856000 2249 152 8453 1129
1331769600 2232 154 3638 1155
1331683200 2191 153 3328 1172
1331596800 2156 154 3339 1146
1331510400 1802 154 2229 1150
1331424000 1810 153 2260 1103
1331337600 2085 153 2836 1176
1331251200 2085 154 3163 1141
1331164800 2099 151 3018 1100
1331078400 2115 152 3243 1092
1330992000 2116 154 3265 1164
1330905600 1814 151 2207 1166
1330819200 1814 152 2190 1174
1330732800 2041 154 2952 1118
1330646400 2103 154 3011 1134
1330560000 2129 153 3068 1105
1330473600 2114 159 3051 1209
1330387200 2143 150 3280 1189
1330300800 1819 152 2189 1072
1330214400 1821 154 2333 1152
1330128000 2042 151 3084 1186
1330041600 2087 155 3062 1176
1329955200 2093 153 3222 1125
1329868800 2058 155 2869 1514
1329782400 1810 151 2178 1150
1329696000 1811 152 2197 1097
1329609600 1824 154 2328 1161
1329523200 2116 153 3384 1160
1329436800 2108 153 4092 1121
1329350400 2060 154 2979 1162
1329264000 2065 154 3684 1117
1329177600 2105 153 3434 1188
1329091200 1778 153 2153 1125
1329004800 1786 153 2153 1124
1328918400 1928 153 2547 1159
1328832000 1947 156 3088 1302
1328745600 1946 164 2658 3734
1328659200 1966 154 2794 1217
1328572800 2017 155 2929 1165
1328486400 1771 151 2173 1103
1328400000 1774 154 2221 1186
1328313600 2038 154 2792 1179
1328227200 2131 154 3323 1177
1328140800 2142 154 3151 1177
1328054400 2155 151 3306 1188
1327968000 2136 152 3218 1171
1327881600 1769 151 2135 1064
1327795200 1774 150 2236 1121
1327708800 2015 153 2916 1088
1327622400 2107 153 3342 1123
1327536000 2162 155 3756 1148
1327449600 2126 151 3355 1134
1327363200 2020 150 2931 1073
1327276800 1764 148 2149 1160
1327190400 1769 149 2152 1014
1327104000 2020 150 2889 1108
1327017600 2032 149 2897 1095
1326931200 2025 150 2812 1154
1326844800 2126 149 3434 1118
1326758400 1769 150 2143 1150
1326672000 1758 148 2144 1131
1326585600 1768 150 2166 1109
1326499200 2012 151 3379 1054
1326412800 2090 151 3142 1107
1326326400 2072 150 3010 1099
1326240000 2083 150 3887 1051
1326153600 2088 150 3897 1123
1326067200 1763 150 2162 1096
1325980800 1779 150 2306 1070
1325894400 2067 153 3232 1115
1325808000 1999 153 3022 1172
1325721600 2022 152 3641 1100
1325635200 2023 151 3841 1136
1325548800 1730 151 2115 1143
1325462400 1733 149 2103 1140
1325376000 1733 151 2101 1167
1325289600 1817 152 2324 1125
1325203200 1927 153 2698 1077
1325116800 1902 153 2629 1155
1325030400 1912 151 2839 1158
1324944000 1505 140 3587 3355
1324857600 1737 152 2096 1048
1324771200 1734 152 2077 1018
1324684800 1737 152 2124 1087
1324598400 1907 150 2782 1056
1324512000 1919 148 2769 890
1324425600 1992 149 2818 886
1324339200 1991 151 2923 921
1324252800 1748 147 2087 914
1324166400 1753 148 2113 902
1324080000 1969 148 2919 933
1323993600 2061 146 3090 914
1323907200 2022 146 2860 889
1323820800 2050 148 3081 899
1323734400 2033 146 3059 898
1323648000 1752 147 2120 900
1323561600 1758 146 2231 916
1323475200 2014 148 2897 913
1323388800 2080 147 3182 901
1323302400 2072 146 4211 908
1323216000 2087 146 3264 897
1323129600 1999 146 3020 897
1323043200 1749 146 2084 892
1322956800 1749 145 2101 869
1322870400 1944 147 2772 897
1322784000 2028 148 3089 900
1322697600 2012 147 3214 885
1322611200 2041 149 3984 903
1322524800 1934 151 2965 912
1322438400 1657 146 1986 873
1322352000 1660 148 2007 909
1322265600 1669 145 2027 887
1322179200 1671 147 2008 885
1322092800 1879 147 2767 886
1322006400 1985 148 2789 908
1321920000 2029 148 3038 904
1321833600 1768 147 2128 901
1321747200 1771 146 2142 879
1321660800 2020 148 2935 905
1321574400 2061 150 3250 1329
1321488000 2066 149 3306 913
1321401600 2226 276 3583 904
1321315200 2052 285 3069 915
1321228800 1818 282 2091 890
1321142400 1820 282 2115 887
1321056000 2061 308 3275 4155
1320969600 2044 180 3583 1350
1320883200 2018 132 3498 3477
1320796800 2009 120 2808 731
1320710400 2123 137 6463 4440
1320624000 1720 120 2003 733
1320537600 1720 119 2006 723
1320451200 1985 120 3274 736
1320364800 634 30 4466 2346
1320278400 0 0 0 0
1320192000 0 0 0 0
1320105600 0 0 0 0
1320019200 0 0 0 0
1319932800 0 0 0 0
1319846400 0 0 0 0
1319760000 0 0 0 0
1319673600 0 0 0 0
1319587200 0 0 0 0
1319500800 0 0 0 0
1319414400 0 0 0 0
1319328000 0 0 0 0
1319241600 0 0 0 0
1319155200 0 0 0 0
1319068800 0 0 0 0
1318982400 0 0 0 0
1318896000 0 0 0 0
1318809600 0 0 0 0
1318723200 0 0 0 0
1318636800 0 0 0 0
1318550400 0 0 0 0
1318464000 0 0 0 0
1318377600 0 0 0 0
1318291200 0 0 0 0
1318204800 0 0 0 0
1318118400 0 0 0 0
1318032000 0 0 0 0
1317945600 0 0 0 0
1317859200 0 0 0 0
1317772800 0 0 0 0
1317686400 0 0 0 0
1317600000 0 0 0 0
1317513600 0 0 0 0
1317427200 0 0 0 0
1317340800 0 0 0 0
1317254400 0 0 0 0
1317168000 0 0 0 0
1317081600 0 0 0 0
1316995200 0 0 0 0
1316908800 0 0 0 0
1316822400 0 0 0 0
1316736000 0 0 0 0
1316649600 0 0 0 0
1316563200 0 0 0 0
1316476800 0 0 0 0
1316390400 0 0 0 0
1316304000 0 0 0 0
1316217600 0 0 0 0
1316131200 0 0 0 0
1316044800 0 0 0 0
1315958400 0 0 0 0
1315872000 0 0 0 0
1315785600 0 0 0 0
1315699200 0 0 0 0
1315612800 0 0 0 0
1315526400 0 0 0 0
1315440000 0 0 0 0
1315353600 0 0 0 0
1315267200 0 0 0 0
1315180800 0 0 0 0
1315094400 0 0 0 0
1315008000 0 0 0 0
1314921600 0 0 0 0
1314835200 0 0 0 0
1314748800 0 0 0 0
1314662400 0 0 0 0
1314576000 0 0 0 0
1314489600 0 0 0 0
1314403200 0 0 0 0
1314316800 0 0 0 0
1314230400 0 0 0 0
1314144000 0 0 0 0
1314057600 0 0 0 0
1313971200 0 0 0 0
1313884800 0 0 0 0
1313798400 0 0 0 0
1313712000 0 0 0 0
1313625600 0 0 0 0
1313539200 0 0 0 0
1313452800 0 0 0 0
1313366400 0 0 0 0
1313280000 0 0 0 0
1313193600 0 0 0 0
1313107200 0 0 0 0
1313020800 0 0 0 0
1312934400 0 0 0 0
1312848000 0 0 0 0
1312761600 0 0 0 0
1312675200 0 0 0 0
1312588800 0 0 0 0
1312502400 0 0 0 0
1312416000 0 0 0 0
1312329600 0 0 0 0
1312243200 0 0 0 0
1312156800 0 0 0 0
1312070400 0 0 0 0
1311984000 0 0 0 0
1311897600 0 0 0 0
1311811200 0 0 0 0
1311724800 0 0 0 0
1311638400 0 0 0 0
1311552000 0 0 0 0
1311465600 0 0 0 0
1311379200 0 0 0 0
1311292800 0 0 0 0
1311206400 0 0 0 0
1311120000 0 0 0 0
1311033600 0 0 0 0
1310947200 0 0 0 0
1310860800 0 0 0 0
1310774400 0 0 0 0
1310688000 0 0 0 0
1310601600 0 0 0 0
1310515200 0 0 0 0
1310428800 0 0 0 0
1310342400 0 0 0 0
1310256000 0 0 0 0
1310169600 0 0 0 0
1310083200 0 0 0 0
1309996800 0 0 0 0
1309910400 0 0 0 0
1309824000 0 0 0 0
1309737600 0 0 0 0
1309651200 0 0 0 0
1309564800 0 0 0 0
1309478400 0 0 0 0
1309392000 0 0 0 0
1309305600 0 0 0 0
1309219200 0 0 0 0
1309132800 0 0 0 0
1309046400 0 0 0 0
