1377805803 157855381 3985205647
1377805803 1707 24845 1707 24845
1377805504 12341 376343 12341 376343
1377805500 12253 373204 12341 376343
1377805200 3588 61715 3617 62498
1377804900 1551 4247 7979 39124
1377804600 7917 38942 7979 39124
1377804300 1837 22136 3585 105238
1377804000 3592 104939 4337 105238
1377803700 4347 76032 5092 126043
1377803400 5051 124871 5092 126043
1377803100 1027 8906 1426 8937
1377802800 1488 8070 6122 166455
1377802500 6073 164914 6122 166455
1377802200 1250 12303 2057 12412
1377801900 2105 4397 5676 12443
1377801600 5643 12379 5676 12443
1377801300 2362 6111 2376 6137
1377801000 985 3561 1630 4123
1377800700 1618 4117 1630 4123
1377800400 740 3709 741 3713
1377800100 684 3430 692 3795
1377799800 692 3794 729 3795
1377799500 729 3757 753 3760
1377799200 752 3489 753 3494
1377798900 678 3140 679 3277
1377798600 630 3277 759 3283
1377798300 764 3280 1279 3283
1377798000 1273 3058 1279 3327
1377797700 894 3370 2526 6606
1377797400 2524 6592 2526 6606
1377797100 2419 5564 2425 5583
1377796800 1981 4248 1993 6920
1377796500 869 6901 1367 6920
1377796200 1360 5200 1367 12818
1377795900 881 12691 882 12818
1377795600 888 3540 1607 24042
1377795300 1602 23767 1607 24042
1377795000 1266 3434 1274 3441
1377794700 724 2932 1035 3492
1377794400 1030 3495 1035 3735
1377794100 709 3735 1490 3740
1377793800 1504 4113 2959 41111
1377793500 2930 40610 2959 41111
1377793200 873 3594 2165 6415
1377792900 2145 6385 2165 6415
1377792600 724 4207 783 4761
1377792300 784 4748 940 4761
1377792000 937 3509 940 3511
1377791700 739 3570 1230 18945
1377791400 1237 18958 1993 20327
1377791100 1980 20164 1993 20327
1377790800 1050 8112 1052 8154
1377790500 866 4052 1526 5868
1377790200 1538 6114 2439 24333
1377789900 2469 25328 5447 123910
1377789600 5411 122347 5447 123910
1377789300 2787 6733 2805 6751
1377789000 1535 5448 2719 8624
1377788700 2712 8600 2719 8624
1377788400 2093 6321 3667 6689
1377788100 3642 6655 3667 6689
1377787800 1855 5391 4331 93068
1377787500 4315 92272 4331 93068
1377787200 3141 33071 3167 33418
1377786900 1336 7583 6391 19406
1377786600 6337 19260 6391 19406
1377786300 1018 4856 1019 4863
1377786000 975 4412 2233 6066
1377785700 2228 6169 2233 13846
1377785400 1880 13782 1887 13846
1377785100 1263 7444 1587 7483
1377784800 1577 4596 1587 4648
1377784500 910 4697 1670 8375
1377784200 1672 8345 1872 8375
1377783900 1914 7149 5072 135629
1377783600 5029 133884 5072 135629
1377783300 1886 4755 1892 4771
1377783000 1503 3584 1509 3726
1377782700 997 3758 2207 6190
1377782400 2251 6501 5528 29574
1377782100 5488 29345 5528 29574
1377781800 1567 6689 1641 6752
1377781500 1620 2052 1641 2076
1377781200 80 327 81 328
1377780900 54 313 134 354
1377780600 133 353 134 354
1377780300 89 326 90 327
1377780000 53 313 56 314
1377779700 56 304 74 313
1377779400 73 312 74 313
1377779100 49 294 50 303
1377778800 45 303 80 309
1377778500 79 308 80 309
1377778200 44 291 44 292
1377777900 44 291 91 336
1377777600 90 335 91 336
1377777300 50 302 224 462
1377777000 222 460 224 462
1377776700 96 327 97 328
1377776400 54 290 55 291
1377776100 44 289 98 327
1377775800 97 326 98 327
1377775500 62 313 63 314
1377775200 43 295 72 306
1377774900 72 306 138 374
1377774600 137 373 138 374
1377774300 45 294 83 332
1377774000 82 331 83 332
1377773700 50 314 51 315
1377773400 47 287 83 335
1377773100 82 334 83 335
1377772800 47 289 54 322
1377772500 54 321 81 322
1377772200 80 305 81 338
1377771900 69 337 70 338
1377771600 42 288 77 313
1377771300 76 313 77 316
1377771000 50 318 244 488
1377770700 241 485 244 488
1377770400 83 307 84 308
1377770100 48 302 48 303
1377769800 48 297 82 311
1377769500 82 311 155 371
1377769200 153 370 155 371
1377768900 53 305 117 338
1377768600 116 337 117 338
1377768300 47 286 48 311
1377768000 47 311 113 366
1377767700 112 365 113 366
1377767400 53 313 54 314
1377767100 41 298 115 368
1377766800 114 366 115 368
1377766500 48 287 49 288
1377766200 41 285 98 338
1377765900 97 337 98 338
1377765600 59 305 60 306
1377765300 58 295 88 326
1377765000 87 325 88 326
1377764700 56 310 531 349
1377764400 525 348 531 349
1377764100 96 331 185 427
1377763800 183 425 185 427
1377763500 60 304 146 384
1377763200 144 382 146 384
1377762900 59 300 520 560
1377762600 514 559 520 560
1377762300 140 541 141 544
1377762000 63 325 64 326
1377761700 62 296 95 560
1377761400 95 560 147 652
1377761100 146 648 147 652
1377760800 77 319 93 331
1377760500 92 330 93 331
1377760200 51 307 52 308
1377759900 44 308 85 313
1377759600 84 312 85 313
1377759300 44 299 45 300
1377759000 41 285 89 337
1377758700 88 336 89 337
1377758400 55 298 192 438
1377758100 190 436 192 438
1377757800 77 306 78 306
1377757500 51 305 52 306
1377757200 47 288 76 317
1377756900 76 317 154 409
1377756600 152 407 154 409
1377756300 47 298 77 314
1377756000 76 313 77 314
1377755700 49 299 50 300
1377755400 46 292 85 316
1377755100 84 315 85 316
1377754800 45 284 52 307
1377754500 52 307 80 312
1377754200 79 311 80 312
1377753900 53 308 54 309
1377753600 45 299 80 317
1377753300 79 316 80 317
1377753000 47 301 48 302
1377752700 44 281 89 340
1377752400 90 341 191 423
1377752100 189 421 191 423
1377751800 39 291 83 307
1377751500 82 306 83 307
1377751200 53 302 54 303
1377750900 53 300 84 319
1377750600 83 318 84 319
1377750300 54 309 55 310
1377750000 42 292 101 337
1377749700 101 337 121 380
1377749400 120 379 121 380
1377749100 44 295 80 317
1377748800 79 317 80 324
1377748500 55 323 56 324
1377748200 40 281 83 332
1377747900 82 331 83 332
1377747600 51 304 57 305
1377747300 57 304 76 309
1377747000 75 309 76 317
1377746700 75 398 206 6430
1377746400 205 6369 206 6430
1377746100 110 338 111 339
1377745800 68 324 186 403
1377745500 185 402 186 403
1377745200 86 322 87 323
1377744900 45 299 62 314
1377744600 62 313 79 314
1377744300 78 307 79 316
1377744000 49 315 50 316
1377743700 49 312 84 322
1377743400 84 322 123 342
1377743100 122 341 123 342
1377742800 48 296 77 316
1377742500 76 315 77 316
1377742200 53 304 54 305
1377741900 35 281 87 330
1377741600 86 329 87 330
1377741300 49 301 50 302
1377741000 42 290 80 325
1377740700 79 324 80 325
1377740400 59 313 207 443
1377740100 205 441 207 443
1377739800 78 317 79 318
1377739500 56 307 57 308
1377739200 47 301 73 304
1377738900 72 304 73 329
1377738600 53 328 54 329
1377738300 47 300 100 348
1377738000 100 348 138 375
1377737700 136 373 138 375
1377737400 56 297 102 312
1377737100 101 311 102 312
1377736800 48 308 54 312
1377736500 54 312 79 315
1377736200 78 314 79 315
1377735900 50 296 51 297
1377735600 41 283 80 310
1377735300 79 309 80 310
1377735000 52 307 56 335
1377734700 56 334 80 335
1377734400 80 316 108 356
1377734100 107 355 108 356
1377733800 125 546 2011 16091
1377733500 2007 16029 2011 16091
1377733200 1767 11389 1775 11471
1377732900 1172 5358 1176 5378
1377732600 888 3880 891 3887
1377732300 817 3882 10881 48695
1377732000 10753 48178 10881 48695
1377731700 1346 9908 1353 9994
1377731400 694 1443 696 1992
1377731100 582 1989 603 1992
1377730800 603 1774 608 1778
1377730500 617 1560 1356 2446
1377730200 1479 5668 13720 324737
1377729900 13827 328875 21776 635146
1377729600 21840 637027 26624 776271
1377729300 26554 774118 26624 776271
1377729000 21316 611204 21413 614867
1377728700 11848 250032 17080 388768
1377728400 17093 389808 18412 492799
1377728100 18396 492032 18412 492799
1377727800 16750 413569 16829 416142
1377727500 10911 223105 11083 223205
1377727200 11080 215842 11083 223065
1377726900 10796 223055 10797 223065
1377726600 10697 222109 10699 222137
1377726300 10557 219255 10563 219396
1377726000 10019 205299 10314 205314
1377725700 10429 207582 18994 454699
1377725400 18934 451370 18994 454699
1377725100 14488 205335 14543 227850
1377724800 10470 229170 13996 359884
1377724500 13995 359895 13996 360746
1377724200 13914 359075 13928 360746
1377723900 12921 237075 14140 355096
1377723600 14140 353981 14140 355096
1377723300 14118 271599 14140 280109
1377723000 12040 279901 13734 280109
1377722700 14855 258733 97868 259335
1377722400 96703 214139 97868 214189
1377722100 10542 210607 10873 220907
1377721800 10879 220888 11357 220907
1377721500 11356 219574 11357 222721
1377721200 11352 222495 11424 222721
1377720900 11445 206193 13004 234539
1377720600 13000 234686 13004 245629
1377720300 12785 245654 19675 248227
1377720000 19591 247996 19675 248227
1377719700 11347 225110 11455 225194
1377719400 11450 216940 11455 224770
1377719100 11127 225012 12912 242926
1377718800 12893 242926 12912 242926
1377718500 11549 242921 11552 242926
1377718200 11383 242439 11389 242625
1377717900 10854 224066 10855 224107
1377717600 10800 220080 13178 223696
1377717300 13161 223703 13178 224396
1377717000 11531 224525 11532 237298
1377716700 11518 237157 11527 237298
1377716400 10899 226394 10911 226730
1377716100 10065 201435 10073 201539
1377715800 9462 193416 9478 193798
1377715500 8333 164902 8337 165163
1377715200 8060 145789 8067 159702
1377714900 8064 159662 8067 159702
1377714600 7859 156667 7861 156730
1377714300 7667 150423 7669 150452
1377714000 7562 149054 9990 205993
1377713700 10026 206333 12697 231518
1377713400 12678 231444 12697 231518
1377713100 10804 224070 10808 224122
1377712800 10530 220288 10550 222033
1377712500 10541 221994 10550 222033
1377712200 9716 218262 10576 223052
1377711900 10575 223034 10576 223052
1377711600 10568 221743 10569 223065
1377711300 10548 223108 10708 226292
1377711000 10708 226226 10712 226292
1377710700 10703 221211 10712 221379
1377710400 9878 204234 9895 204626
1377710100 8627 175340 9175 182744
1377709800 9177 182835 9372 189634
1377709500 9354 189270 9372 189634
1377709200 7678 153971 10702 220290
1377708900 10714 220420 11645 230108
1377708600 11643 230272 11645 242412
1377708300 11523 242271 11906 242412
1377708000 11895 231886 11906 231902
1377707700 11147 230753 14872 230786
1377707400 14817 231082 14872 253057
1377707100 10856 253738 14381 304152
1377706800 14658 302402 35180 304152
1377706500 34839 171286 35180 172972
1377706200 1155 4509 5772 8590
1377705900 5761 8600 5772 9358
1377705600 5031 9477 10844 18339
1377705300 10804 18235 10844 18339
1377705000 7808 10460 7901 10542
1377704700 946 4463 1655 6984
1377704400 1659 6997 2022 7985
1377704100 2037 8016 3182 10373
1377703800 3163 10333 3182 10373
1377703500 1372 6400 1380 6434
1377703200 841 3957 1406 4670
1377702900 1415 4686 2385 6349
1377702600 2372 6513 2385 18655
1377702300 1475 18474 1823 18655
1377702000 1817 5161 1823 7450
1377701700 1448 7868 2798 38843
1377701400 2784 38414 2798 38843
1377701100 1795 6684 1809 6716
1377700800 766 4358 1277 5340
1377700500 1274 5329 1277 5340
1377700200 1085 5003 3527 36790
1377699900 3527 36912 3543 45998
1377699600 3529 45514 3543 45998
1377699300 2496 9760 2674 10432
1377699000 2665 10452 2674 11979
1377698700 2064 11933 2069 11979
1377698400 1633 7482 1641 10481
1377698100 1105 10409 1110 10481
1377697800 651 3336 2129 4328
1377697500 2116 4344 2129 5545
1377697200 1203 5779 2504 23121
1377696900 2727 23119 24860 23121
1377696600 24613 22768 24860 22993
1377696300 210 819 3051 17623
1377696000 3012 17394 3051 17623
1377695700 140 495 142 500
1377695400 42 189 42 190
1377695100 42 187 86 213
1377694800 85 213 86 213
1377694500 60 254 616 3305
1377694200 608 3263 616 3305
1377693900 76 194 196 330
1377693600 194 328 196 330
1377693300 49 189 80 203
1377693000 79 202 80 203
1377692700 54 190 55 191
1377692400 46 188 77 204
1377692100 76 203 77 204
1377691800 43 186 46 188
1377691500 46 188 96 228
1377691200 95 227 96 228
1377690900 50 187 51 188
1377690600 48 188 148 258
1377690300 146 257 148 258
1377690000 58 200 59 201
1377689700 47 175 81 209
1377689400 80 208 81 209
1377689100 47 189 48 190
1377688800 48 182 78 191
1377688500 77 191 78 197
1377688200 42 196 44 197
1377687900 44 190 94 208
1377687600 93 207 94 208
1377687300 56 192 202 341
1377687000 200 339 202 341
1377686700 76 201 77 202
1377686400 61 198 62 199
1377686100 40 184 87 206
1377685800 86 205 87 206
1377685500 85 202 86 203
1377685200 51 197 157 258
1377684900 155 257 157 258
1377684600 45 187 46 189
1377684300 44 189 77 206
1377684000 76 205 77 206
1377683700 49 183 50 189
1377683400 50 189 78 204
1377683100 77 203 78 204
1377682800 57 196 58 197
1377682500 48 180 82 207
1377682200 81 206 82 207
1377681900 44 187 45 188
1377681600 46 176 244 354
1377681300 241 351 244 354
1377681000 40 183 45 188
1377680700 45 188 96 226
1377680400 95 225 96 226
1377680100 49 194 50 195
1377679800 50 181 86 204
1377679500 85 203 86 204
1377679200 60 197 134 250
1377678900 133 249 134 250
1377678600 81 196 82 202
1377678300 53 201 54 202
1377678000 40 184 85 204
1377677700 84 203 85 204
1377677400 39 162 41 197
1377677100 41 197 83 198
1377676800 82 198 83 198
1377676500 61 198 62 208
1377676200 52 207 73 208
1377675900 74 207 241 361
1377675600 238 358 241 361
1377675300 40 185 94 210
1377675000 93 209 94 210
1377674700 49 185 72 209
1377674400 72 209 89 212
1377674100 88 211 89 212
1377673800 44 184 44 185
1377673500 44 174 106 231
1377673200 105 233 106 462
1377672900 83 462 121 498
1377672600 121 495 215 498
1377672300 212 289 215 291
1377672000 55 208 56 209
1377671700 44 183 82 208
1377671400 81 207 82 208
1377671100 47 188 48 189
1377670800 39 174 84 199
1377670500 83 198 84 199
1377670200 43 185 43 186
1377669900 43 184 80 201
1377669600 81 202 202 335
1377669300 199 333 202 335
1377669000 50 188 108 222
1377668700 107 221 108 222
1377668400 55 199 56 200
1377668100 44 177 90 218
1377667800 89 217 90 218
1377667500 49 179 50 183
1377667200 41 185 149 452
1377666900 147 448 149 452
1377666600 37 167 47 189
1377666300 47 189 88 211
1377666000 89 211 192 294
1377665700 190 292 192 294
1377665400 50 190 110 228
1377665100 109 227 110 228
1377664800 60 213 61 214
1377664500 48 172 83 207
1377664200 82 206 83 207
1377663900 46 185 177 302
1377663600 175 300 177 302
1377663300 86 199 87 200
1377663000 39 185 62 209
1377662700 62 208 84 209
1377662400 83 205 84 206
1377662100 47 192 50 193
1377661800 50 189 78 196
1377661500 77 196 78 210
1377661200 60 209 61 210
1377660900 41 186 77 195
1377660600 76 194 77 195
1377660300 47 183 48 184
1377660000 41 173 78 205
1377659700 77 204 78 205
1377659400 63 199 64 200
1377659100 45 194 168 264
1377658800 166 263 168 264
1377658500 66 216 103 1763
1377658200 104 1764 201 1907
1377657900 200 1890 201 1907
1377657600 124 267 125 268
1377657300 50 179 75 205
1377657000 76 206 179 319
1377656700 177 317 179 319
1377656400 39 164 85 211
1377656100 84 210 85 211
1377655800 42 180 49 194
1377655500 49 194 86 203
1377655200 85 202 86 203
1377654900 48 187 50 188
1377654600 50 187 79 194
1377654300 78 194 79 206
1377654000 57 205 58 206
1377653700 39 169 78 197
1377653400 77 197 78 217
1377653100 59 216 60 217
1377652800 43 183 109 220
1377652500 109 220 151 250
1377652200 149 249 151 250
1377651900 49 192 83 208
1377651600 82 207 83 208
1377651300 55 190 56 192
1377651000 49 192 86 198
1377650700 85 197 86 198
1377650400 56 195 179 306
1377650100 177 304 179 306
1377649800 69 211 70 212
1377649500 55 193 61 218
1377649200 61 217 84 218
1377648900 83 214 84 215
1377648600 50 195 50 196
1377648300 50 191 86 217
1377648000 85 216 86 217
1377647700 51 189 53 193
1377647400 53 193 80 207
1377647100 79 207 80 208
1377646800 55 207 56 208
1377646500 39 172 87 213
1377646200 86 212 87 213
1377645900 53 208 54 209
1377645600 54 187 97 223
1377645300 97 223 137 258
1377645000 136 257 137 258
1377644700 43 195 89 208
1377644400 88 207 89 208
1377644100 51 187 52 196
1377643800 48 197 221 328
1377643500 218 326 221 328
1377643200 55 212 95 244
1377642900 94 243 95 244
1377642600 92 221 93 222
1377642300 60 213 61 214
1377642000 48 190 91 339
1377641700 90 338 91 339
1377641400 45 299 74 361
1377641100 74 361 81 361
1377640800 81 361 81 363
1377640500 80 363 81 376
1377640200 48 376 89 432
1377639900 88 432 89 466
1377639600 69 465 70 466
1377639300 69 433 90 437
1377639000 92 439 281 651
1377638700 278 648 281 651
1377638400 80 658 982 15551
1377638100 987 15383 1400 15551
1377637800 1395 3040 1400 4324
1377637500 1047 4300 1053 4324
1377637200 649 2562 1160 3035
1377636900 1180 3686 3206 68230
1377636600 3175 67365 3206 68230
1377636300 925 3758 3169 31629
1377636000 3218 33639 6892 182451
1377635700 6951 185119 12837 449287
1377635400 12731 445603 12837 449287
1377635100 4946 174918 8273 316188
1377634800 8198 312763 8273 316188
1377634500 2728 58850 4309 59342
1377634200 4295 22607 4309 37816
1377633900 3029 39027 5302 128658
1377633600 5258 127059 5302 128658
1377633300 2022 8812 2024 12639
1377633000 1913 12552 1922 12639
1377632700 1073 3957 1077 3963
1377632400 822 3526 879 3842
1377632100 923 5058 5297 125457
1377631800 5268 124569 5297 125457
1377631500 2406 36417 2416 36718
1377631200 1502 6653 1508 6667
1377630900 1138 6156 4223 45512
1377630600 4181 44993 4223 45512
1377630300 1112 6586 1115 6617
1377630000 852 3624 1474 4573
1377629700 1498 4853 3275 25632
1377629400 3258 25428 3275 25632
1377629100 1658 5300 1660 5309
1377628800 1580 6067 5270 107445
1377628500 5211 106062 5270 107445
1377628200 887 3763 938 3764
1377627900 936 3719 938 3722
1377627600 845 3507 1462 4335
1377627300 1477 5086 2617 60671
1377627000 2661 61997 5961 160188
1377626700 6154 161567 25325 298091
1377626400 25113 296008 25325 298091
1377626100 4148 90035 4149 101602
1377625800 2261 28281 6410 101602
1377624600 4791 15769 10059 287572
1377622800 4053 87989 6984 287572
1377621000 2870 42016 6738 202240
1377619200 4907 131972 8957 262982
1377617400 1390 9055 3329 30981
1377615600 4348 87392 7260 205465
1377613800 3149 60772 7495 164162
1377612000 1501 5329 3148 8464
1377610200 2066 11060 6114 46025
1377608400 103 232 319 408
1377606600 58 192 89 213
1377604800 64 197 106 218
1377603000 110 245 202 330
1377601200 64 198 91 215
1377599400 92 502 137 1986
1377597600 85 217 245 353
1377595800 76 208 147 261
1377594000 58 190 82 204
1377592200 58 193 92 214
1377590400 107 231 244 365
1377588600 69 204 138 253
1377586800 61 192 97 217
1377585000 63 204 109 218
1377583200 98 225 290 382
1377581400 66 233 136 445
1377579600 55 189 79 200
1377577800 104 231 203 311
1377576000 57 191 81 209
1377574200 56 192 81 209
1377572400 84 211 165 263
1377570600 165 2191 413 11971
1377568800 180 219 779 304
1377567000 74 208 149 270
1377565200 59 193 79 207
1377563400 83 214 194 316
1377561600 61 198 112 215
1377559800 81 215 183 281
1377558000 85 245 208 329
1377556200 79 709 146 2622
1377554400 85 803 146 2622
1377552600 7990 83875 32695 243022
1377550800 254411 15858 576636 34470
1377549000 570277 38210 581673 79364
1377547200 68985 7349 412695 22548
1377545400 20812 890507 117368 5295951
1377543600 3892 78481 5885 147552
1377541800 6880 115483 14634 213330
1377540000 3485 61197 5596 132752
1377538200 1126 5644 1994 14852
1377536400 1150 4054 1488 6346
1377534600 1762 14131 2786 41486
1377532800 3540 72619 7777 211307
1377531000 918 5092 1255 10854
1377529200 2186 53395 11114 434029
1377527400 3376 85821 11114 434029
1377525600 1565 2865 14159 330469
1377523800 3945 61049 14159 330469
1377522000 59 217 88 256
1377520200 95 248 201 348
1377518400 58 210 82 237
1377516600 55 212 66 228
1377514800 94 242 272 392
1377513000 55 212 70 232
1377511200 84 405 160 799
1377509400 88 240 243 387
1377507600 80 232 132 271
1377505800 60 213 83 229
1377504000 65 217 89 235
1377502200 85 237 186 329
1377500400 75 224 169 287
1377498600 59 213 85 248
1377496800 141 228 535 297
1377495000 102 281 244 561
1377493200 60 222 68 232
1377491400 61 215 99 226
1377489600 59 217 69 255
1377487800 94 240 218 353
1377486000 57 209 69 218
1377484200 55 212 66 228
1377482400 104 249 297 416
1377480600 52 208 64 219
1377478800 59 217 72 235
1377477000 54 209 260 407
1377475200 197 315 642 587
1377473400 60 222 81 247
1377471600 62 215 81 235
1377469800 84 242 183 340
1377468000 99 856 177 3970
1377466200 73 257 145 456
1377464400 84 238 192 329
1377462600 69 223 151 263
1377460800 58 214 71 225
1377459000 57 215 90 258
1377457200 103 252 211 344
1377455400 55 212 73 234
1377453600 56 210 65 221
1377451800 85 243 228 366
1377450000 71 217 151 287
1377448200 60 216 78 232
1377446400 55 208 210 349
1377444600 101 250 210 349
1377442800 63 215 87 226
1377441000 57 211 73 224
1377439200 96 250 268 432
1377437400 82 261 132 457
1377435600 56 211 68 228
1377433800 83 234 212 353
1377432000 56 211 71 233
1377430200 71 223 150 276
1377428400 59 216 212 353
1377426600 79 230 212 353
1377424800 74 225 133 263
1377423000 132 217 530 273
1377421200 81 235 192 332
1377419400 57 214 155 285
1377417600 73 219 155 285
1377415800 83 235 217 354
1377414000 56 214 199 337
1377412200 155 272 517 415
1377410400 87 237 208 335
1377408600 76 254 117 441
1377406800 79 227 145 270
1377405000 92 243 233 377
1377403200 55 211 68 247
1377401400 55 212 68 247
1377399600 73 227 148 281
1377397800 78 229 202 338
1377396000 59 214 76 223
1377394200 71 225 149 288
1377392400 81 233 207 335
1377390600 53 206 64 240
1377388800 61 221 78 244
1377387000 72 229 217 356
1377385200 84 234 217 356
1377383400 61 225 77 245
1377381600 80 230 181 1647
1377379800 126 768 292 1824
1377378000 63 219 97 249
1377376200 58 213 76 239
1377374400 108 254 229 366
1377372600 54 213 64 229
1377370800 57 212 71 225
1377369000 72 223 152 285
1377367200 95 246 277 413
1377365400 55 219 85 259
1377363600 61 218 85 259
1377361800 77 226 176 298
1377360000 64 216 109 251
1377358200 55 213 67 242
1377356400 59 214 82 242
1377354600 82 231 220 351
1377352800 60 215 84 234
1377351000 67 254 123 452
1377349200 62 212 158 299
1377347400 74 231 158 299
1377345600 60 213 92 234
1377343800 143 223 564 276
1377342000 83 234 136 282
1377340200 139 259 513 464
1377338400 54 211 68 233
1377336600 63 218 118 261
1377334800 73 221 160 297
1377333000 55 208 64 216
1377331200 90 241 268 403
1377329400 55 216 72 239
1377327600 77 232 166 303
1377325800 52 208 209 352
1377324000 84 235 209 352
1377322200 77 258 153 456
1377320400 57 215 70 236
1377318600 84 235 222 341
1377316800 62 218 66 239
1377315000 74 225 168 300
1377313200 63 214 88 228
1377311400 86 242 222 353
1377309600 78 225 186 313
1377307800 98 642 184 1530
1377306000 83 237 196 343
1377304200 74 233 132 279
1377302400 58 217 72 230
1377300600 58 220 227 392
1377298800 106 267 227 392
1377297000 58 334 110 401
1377295200 76 435 110 542
1377293400 456 4403 3189 34129
1377291600 2854 61370 4621 153644
1377289800 2769 13257 3778 20082
1377288000 5081 28613 9838 104592
1377286200 9752 161277 25693 652128
1377284400 5560 62562 8693 242989
1377282600 1771 4968 4489 16998
1377280800 6115 112156 9571 283481
1377279000 3482 7684 420724 33616
1377277200 94740 141476 420724 349821
1377275400 4028 36204 14630 169958
1377273600 6778 45841 14630 229324
1377271800 5450 84730 9971 229324
1377270000 2989 16302 5344 113493
1377268200 4273 30589 7083 113493
1377266400 5041 20417 7437 32178
1377264600 6619 31648 23818 102880
1377262800 70 234 88 283
1377261000 57 216 69 226
1377259200 79 232 195 349
1377257400 73 230 155 279
1377255600 57 212 68 228
1377253800 90 241 191 344
1377252000 76 225 164 284
1377250200 59 217 80 464
1377248400 87 320 155 519
1377246600 96 246 248 384
1377244800 79 229 140 270
1377243000 59 212 84 258
1377241200 62 221 84 258
1377239400 88 240 171 332
1377237600 62 222 81 260
1377235800 66 256 120 450
1377234000 76 237 127 293
1377232200 79 233 202 339
1377230400 62 216 81 241
1377228600 70 221 150 300
1377226800 80 232 177 325
1377225000 58 213 80 236
1377223200 56 209 68 230
1377221400 72 224 196 349
1377219600 108 712 196 1672
1377217800 57 221 71 232
1377216000 77 229 165 285
1377214200 88 248 180 342
1377212400 67 229 88 253
1377210600 152 272 539 332
1377208800 68 296 169 464
1377207000 1277 19118 4751 78191
1377205200 8899 214235 18253 638929
1377203400 6746 103285 12278 314736
1377201600 9706 134843 13999 314736
1377199800 6122 83733 10912 200934
1377198000 5094 56309 6653 137968
1377196200 4068 20806 8430 42617
1377194400 1725 4307 2651 5042
1377192600 3053 8375 3749 14572
1377190800 2982 17676 4743 55842
1377189000 2520 9536 3959 18981
1377187200 2475 10917 3959 19911
1377185400 2041 8146 3098 16492
1377183600 2851 9448 4040 15462
1377181800 3897 10812 7523 14809
1377180000 3974 16923 6800 49339
1377178200 2707 11996 6222 32410
1377176400 657 1506 3662 7992
1377174600 104 1141 220 5673
1377172800 72 227 209 357
1377171000 78 237 209 357
1377169200 60 218 76 245
1377167400 59 213 68 218
1377165600 98 243 208 358
1377163800 59 222 77 245
1377162000 58 211 73 228
1377160200 111 262 337 461
1377158400 60 213 79 226
1377156600 61 219 78 234
1377154800 62 218 214 352
1377153000 97 246 214 352
1377151200 63 216 93 233
1377149400 71 253 135 471
1377147600 77 228 207 355
1377145800 88 245 532 355
1377144000 135 226 532 288
1377142200 74 228 144 288
1377140400 82 233 192 325
1377138600 58 213 74 232
1377136800 60 213 80 232
1377135000 70 226 148 270
1377133200 81 236 196 331
1377131400 144 289 554 626
1377129600 73 227 167 312
1377127800 83 249 192 368
1377126000 64 272 79 365
1377124200 82 386 185 521
1377122400 68 477 103 704
1377120600 1784 6710 2599 17013
1377118800 4780 44307 9938 180182
1377117000 6310 98127 10211 167072
1377115200 3772 15402 8537 27144
1377113400 5567 17966 7717 27413
1377111600 4123 15862 7362 28336
1377109800 3613 17672 4953 31241
1377108000 2420 9555 2937 15124
1377106200 1901 8125 2573 17451
1377104400 1696 7888 3017 24916
1377102600 3716 22160 5811 42059
1377100800 4120 12416 9880 23763
1377099000 4076 52201 9254 155410
1377097200 5047 12981 9254 17894
1377095400 2278 8865 3403 14866
1377093600 3142 15947 6818 67580
1377091800 3721 25200 6972 67580
1377090000 84 248 155 311
1377088200 57 211 238 332
1377086400 85 238 238 332
1377084600 84 239 183 343
1377082800 60 209 91 233
1377081000 83 230 203 303
1377079200 79 230 193 328
1377077400 57 212 88 223
1377075600 61 211 570 348
1377073800 155 247 570 858
1377072000 120 481 245 945
1377070200 57 217 104 259
1377068400 156 274 614 551
1377066600 79 233 201 341
1377064800 58 213 122 444
1377063000 66 254 122 444
1377061200 80 230 153 285
1377059400 83 236 232 352
1377057600 132 2828 279 8063
1377055800 53 216 82 225
1377054000 79 229 165 314
1377052200 82 240 193 348
1377050400 75 224 135 253
1377048600 58 216 93 239
1377046800 101 260 197 345
1377045000 59 222 95 246
1377043200 61 223 89 235
1377041400 63 228 293 394
1377039600 97 279 293 394
1377037800 59 376 88 512
1377036000 87 574 1894 16472
1377034200 3473 10889 9425 16472
1377032400 5073 144419 18142 828150
1377030600 4784 91256 12531 298034
1377028800 25726 65892 133616 252592
1377027000 77155 137840 258605 256577
1377025200 20368 141504 78909 300528
1377023400 5667 70398 10416 181534
1377021600 8427 103628 12836 287981
1377019800 3027 9967 3943 23642
1377018000 2298 24507 7710 185068
1377016200 6203 99215 8214 209529
1377014400 5449 93152 8383 170376
1377012600 4606 28533 10287 62695
1377010800 4710 33779 6483 50785
1377009000 2669 13878 4045 29408
1377007200 3135 15794 5107 39277
1377005400 4002 20057 6628 37815
1377003600 139 261 523 458
1377001800 74 229 165 288
1377000000 68 225 96 321
1376998200 146 272 583 404
1376996400 71 220 144 273
1376994600 59 217 72 230
1376992800 63 213 104 240
1376991000 80 232 199 342
1376989200 80 228 185 321
1376987400 65 222 106 262
1376985600 92 243 247 391
1376983800 95 457 159 1585
1376982000 73 223 150 265
1376980200 82 239 171 323
1376978400 57 213 72 236
1376976600 82 266 131 441
1376974800 56 207 76 229
1376973000 81 237 195 343
1376971200 60 216 149 284
1376969400 70 224 149 284
1376967600 82 240 183 343
1376965800 56 217 70 229
1376964000 75 228 150 287
1376962200 80 247 191 341
1376960400 55 223 72 246
1376958600 60 229 94 248
1376956800 75 233 181 319
1376955000 155 2337 443 12700
1376953200 64 240 87 286
1376951400 61 438 82 506
1376949600 77 458 168 774
1376947800 1395 11527 3466 27646
1376946000 5523 19965 8885 34991
1376944200 4267 20478 7612 39617
1376942400 2866 8686 7069 17348
1376940600 4006 34980 6613 130334
1376938800 9049 215739 20823 737616
1376937000 5909 65396 14487 250255
1376935200 5250 50401 14487 250255
1376933400 3941 81022 8105 226557
1376931600 2044 9240 3716 23722
1376929800 3099 18986 23559 70693
1376928000 9956 37662 23559 65600
1376926200 4370 10663 6211 19994
1376924400 2300 6787 5142 14502
1376922600 1243 2522 1572 3835
1376920800 23642 6398 134861 19098
1376919000 2061 7300 4158 20030
1376917200 50 208 122 257
1376915400 36 201 50 209
1376913600 36 196 49 206
1376911800 50 208 137 278
1376910000 39 202 57 213
1376908200 34 203 49 213
1376906400 36 199 49 215
1376904600 49 211 120 272
1376902800 36 198 48 215
1376901000 34 198 52 210
1376899200 37 198 82 213
1376897400 61 215 135 269
1376895600 55 418 101 1476
1376893800 35 202 49 213
1376892000 56 213 155 280
1376890200 39 207 72 229
1376888400 40 202 60 229
1376886600 57 212 124 245
1376884800 35 203 48 218
1376883000 35 198 49 203
1376881200 36 198 48 213
1376879400 49 210 117 259
1376877600 36 199 48 210
1376875800 36 198 63 216
1376874000 36 202 48 221
1376872200 52 213 130 269
1376870400 37 204 66 217
1376868600 41 204 72 225
1376866800 69 269 169 563
1376865000 34 199 49 217
1376863200 36 202 49 216
1376861400 54 215 163 293
1376859600 36 202 49 219
1376857800 37 204 71 215
1376856000 141 259 513 471
1376854200 42 205 92 233
1376852400 36 203 49 214
1376850600 34 200 133 262
1376848800 50 206 133 262
1376847000 35 202 48 218
1376845200 35 197 49 211
1376843400 50 210 135 275
1376841600 38 202 51 223
1376839800 36 200 59 222
1376838000 54 214 127 267
1376836200 35 199 48 214
1376834400 35 205 49 227
1376832600 35 201 48 214
1376830800 53 210 142 280
1376829000 33 198 48 219
1376827200 37 205 49 231
1376825400 37 199 71 219
1376823600 67 220 176 304
1376821800 38 201 59 215
1376820000 42 204 75 221
1376818200 48 207 117 266
1376816400 36 204 49 232
1376814600 34 201 51 214
1376812800 37 201 51 210
1376811000 53 213 147 292
1376809200 37 199 51 213
1376807400 36 202 51 210
1376805600 53 210 152 297
1376803800 36 202 50 219
1376802000 35 197 47 211
1376800200 36 202 138 272
1376798400 50 212 138 272
1376796600 36 201 50 209
1376794800 35 198 48 209
1376793000 59 215 153 288
1376791200 40 202 60 213
1376789400 38 198 68 209
1376787600 51 208 142 278
1376785800 34 200 48 216
1376784000 37 202 48 216
1376782200 43 203 99 237
1376780400 58 297 123 726
1376778600 118 250 527 478
1376776800 37 198 49 209
1376775000 48 209 115 260
1376773200 37 199 48 214
1376771400 34 206 52 224
1376769600 36 204 133 278
1376767800 50 211 133 278
1376766000 36 201 48 210
1376764200 36 200 49 207
1376762400 56 212 150 285
1376760600 40 209 74 275
1376758800 63 233 212 338
1376757000 1870 6233 5847 31578
1376755200 168 284 329 408
1376753400 161 287 771 316
1376751600 4547 798 21603 2933
1376749800 66 219 144 266
1376748000 58 217 83 239
1376746200 81 269 182 446
1376744400 58 220 163 305
1376742600 69 231 163 305
1376740800 60 217 72 230
1376739000 157 242 553 337
1376737200 79 230 193 302
1376735400 67 222 85 238
1376733600 57 216 73 237
1376731800 102 252 189 340
1376730000 56 211 68 220
1376728200 56 215 83 237
1376726400 62 217 264 385
1376724600 118 270 264 385
1376722800 57 211 69 233
1376721000 61 220 82 228
1376719200 58 216 186 326
1376717400 99 281 186 442
1376715600 57 219 71 229
1376713800 54 215 77 245
1376712000 99 248 206 342
1376710200 52 215 63 234
1376708400 58 217 70 230
1376706600 140 778 292 1836
1376704800 58 218 532 476
1376703000 130 255 532 476
1376701200 61 221 299 395
1376699400 95 248 299 395
1376697600 60 225 74 234
1376695800 60 225 88 251
1376694000 115 321 224 516
1376692200 79 461 115 516
1376690400 63 546 86 623
1376688600 1264 21290 3523 74483
1376686800 8618 14519 23212 40931
1376685000 2286 7548 3103 16879
1376683200 4772 49958 7593 145141
1376681400 2757 53972 7378 264266
1376679600 4669 125619 11693 430424
1376677800 4571 82541 13494 379949
1376676000 3267 35395 8372 175178
1376674200 4869 55989 10844 147599
1376672400 5930 96453 15368 593753
1376670600 5700 108274 15368 593753
1376668800 2786 12204 5004 26656
1376667000 3328 45077 7009 96742
1376665200 3412 42174 5396 100228
1376663400 3316 8343 7533 12207
1376661600 3467 9179 4428 12587
1376659800 4363 44888 9291 186497
1376658000 70 228 97 240
1376656200 91 244 156 296
1376654400 73 223 225 362
1376652600 103 256 225 362
1376650800 71 228 97 244
1376649000 92 238 162 296
1376647200 122 411 203 1130
1376645400 80 228 111 256
1376643600 71 224 175 297
1376641800 113 263 266 415
1376640000 77 235 108 272
1376638200 78 226 122 270
1376636400 70 224 182 305
1376634600 201 313 573 506
1376632800 75 243 125 308
1376631000 84 270 118 451
1376629200 100 243 207 354
1376627400 95 248 207 354
1376625600 77 229 108 265
1376623800 71 228 111 255
1376622000 114 262 244 378
1376620200 70 223 95 242
1376618400 93 412 127 771
1376616600 88 242 198 346
1376614800 92 247 153 302
1376613000 67 228 103 266
1376611200 101 257 188 343
1376609400 85 250 174 307
1376607600 78 277 110 388
1376605800 120 473 265 692
1376604000 99 519 140 561
1376602200 2354 10801 4150 29894
1376600400 5945 17572 22657 43674
1376598600 2076 4488 4503 14519
1376596800 2337 8019 4304 23746
1376595000 2394 9435 5000 30564
1376593200 3047 8510 5000 19411
1376591400 1546 3039 2663 5184
1376589600 2780 5753 3738 8693
1376587800 1215 1977 1803 2234
1376586000 1141 1914 1263 2022
1376584200 1139 2037 1306 2651
1376582400 2475 5739 4932 12159
1376580600 1992 10619 2962 35283
1376578800 2313 14765 3289 58487
1376577000 2856 14127 5319 39655
1376575200 3048 5822 9864 10785
1376573400 927 2030 3288 6777
1376571600 81 272 96 289
1376569800 103 288 226 366
1376568000 80 271 248 433
1376566200 110 300 248 433
1376564400 84 268 242 386
1376562600 108 289 242 386
1376560800 185 344 712 3129
1376559000 98 745 200 3129
1376557200 92 277 153 324
1376555400 80 269 95 297
1376553600 98 294 210 389
1376551800 97 332 144 458
1376550000 79 254 94 270
1376548200 78 256 107 281
1376546400 99 279 209 382
1376544600 98 285 271 540
1376539200 90 261 211 388
1376532000 101 392 235 3121
1376524800 117 313 547 564
1376517600 1371 6229 4800 77483
1376510400 3775 26064 8932 105105
1376503200 2181 5226 11747 22276
1376496000 2410 8232 7715 27388
1376488800 1296 10062 5099 172845
1376481600 94 238 387 398
1376474400 90 259 241 814
1376467200 86 239 317 392
1376460000 578 21986 7798 325793
1376452800 77 235 189 346
1376445600 85 407 271 4324
1376438400 75 265 184 435
1376431200 3030 35429 7490 174635
1376424000 6071 74681 12046 294483
1376416800 5834 52711 19801 666284
1376409600 7728 91870 68996 606599
1376402400 1455 15927 7755 115023
1376395200 65 227 167 306
1376388000 103 327 542 2358
1376380800 75 234 191 321
1376373600 81 245 275 585
1376366400 71 227 197 346
1376359200 78 413 225 2394
1376352000 77 274 209 415
1376344800 2877 40728 6635 174144
1376337600 3999 38443 9376 130246
1376330400 3891 63329 10328 206798
1376323200 12240 268077 116286 5757489
1376316000 813 1949 6096 15008
1376308800 94 236 534 400
1376301600 70 228 346 1210
1376294400 72 309 171 1210
1376287200 67 236 246 589
1376280000 74 229 210 367
1376272800 74 233 232 382
1376265600 94 353 556 1779
1376258400 71 236 227 454
1376251200 74 234 238 378
1376244000 69 228 216 354
1376236800 88 228 541 336
1376229600 78 243 251 458
1376222400 68 227 221 362
1376215200 78 235 218 371
1376208000 72 230 219 358
1376200800 69 234 192 477
1376193600 91 241 504 471
1376186400 78 234 210 347
1376179200 73 348 235 3083
1376172000 93 242 543 468
1376164800 80 241 250 418
1376157600 71 233 219 364
1376150400 75 235 198 357
1376143200 72 240 209 467
1376136000 74 234 218 372
1376128800 70 231 239 394
1376121600 96 247 546 496
1376114400 76 243 232 450
1376107200 73 235 206 339
1376100000 89 232 534 336
1376092800 84 346 205 2060
1376085600 3769 68202 11439 232523
1376078400 12022 129555 84190 1080754
1376071200 5090 38122 20644 119138
1376064000 1495 9259 8503 63199
1376056800 708 6455 4877 49661
1376049600 77 237 201 395
1376042400 75 238 241 393
1376035200 76 303 180 1909
1376028000 70 242 203 464
1376020800 105 357 572 1689
1376013600 68 235 199 350
1376006400 80 274 188 500
1375999200 145 1164 2196 16384
1375992000 5946 83059 22046 239235
1375984800 4206 22806 15127 94824
1375977600 5058 18598 14401 71624
1375970400 2145 17314 9753 152216
1375963200 799 1367 1039 3105
1375956000 835 1801 1222 13312
1375948800 793 1413 1157 3947
1375941600 773 1258 937 1467
1375934400 819 1585 1324 6222
1375927200 780 1253 1007 1512
1375920000 806 1330 1256 1975
1375912800 3313 35127 13609 384551
1375905600 7313 50577 66295 276707
1375898400 3560 53941 10420 202212
1375891200 5589 63020 15363 321360
1375884000 2117 7412 7206 24796
1375876800 746 1211 880 1389
1375869600 758 1201 1121 1322
1375862400 750 1225 881 1486
1375855200 766 1225 1285 1523
1375848000 743 1229 854 1497
1375840800 757 1311 996 2622
1375833600 750 1269 937 1713
1375826400 2056 25608 6010 133921
1375819200 2843 33320 10064 227763
1375812000 8165 193991 47998 1921152
1375804800 9272 238243 50494 2081652
1375797600 2444 25392 7707 181256
1375790400 824 1273 1225 1690
1375783200 816 1282 1208 1845
1375776000 764 1214 959 1516
1375768800 780 1266 930 1943
1375761600 784 1228 910 1348
1375754400 790 1399 944 5000
1375747200 779 1259 991 1453
1375740000 3311 29712 11315 277488
1375732800 4326 57525 12625 283531
1375725600 2530 35905 9434 305733
1375718400 1649 8504 3792 51579
1375711200 1715 7424 8849 51438
1375704000 769 1204 969 1474
1375696800 794 1246 971 1507
1375689600 799 1381 984 2464
1375682400 829 1912 1180 13148
1375675200 794 1293 949 1482
1375668000 798 1314 917 1503
1375660800 820 1307 1043 1871
1375653600 826 1324 1017 1649
1375646400 824 1283 1285 1510
1375639200 811 1288 1379 1671
1375632000 850 1357 1565 2346
1375624800 808 1332 976 2106
1375617600 797 1272 1053 1426
1375610400 803 1271 1001 1448
1375603200 798 1287 1043 1784
1375596000 807 1280 1176 1459
1375588800 811 1289 1052 1587
1375581600 824 1367 1197 2604
1375574400 822 1311 1346 1701
1375567200 839 1318 1190 1630
1375560000 796 1274 1049 2928
1375552800 809 1375 1006 2928
1375545600 843 1387 1664 2224
1375538400 825 1357 1232 2289
1375531200 793 1270 923 1406
1375524000 792 1269 1034 1646
1375516800 802 1315 982 1652
1375509600 808 1287 1242 1528
1375502400 795 1282 1193 1468
1375495200 844 1430 1309 3111
1375488000 791 1357 942 2105
1375480800 6624 130789 29415 679809
1375473600 3910 50205 14064 319196
1375466400 3844 18934 10939 98377
1375459200 4541 49745 10688 210002
1375452000 2590 8756 18334 45553
1375444800 796 1310 930 1469
1375437600 811 1448 1037 3741
1375430400 835 1429 1260 2946
1375423200 809 1357 1334 1841
1375416000 801 1330 1059 1721
1375408800 800 1562 977 4007
1375401600 803 1549 2010 17718
1375394400 4162 53702 9618 195993
1375387200 4754 57439 9772 255762
1375380000 3904 49119 6856 195371
1375372800 4357 29205 14361 192485
1375365600 2228 10304 7965 73038
1375358400 809 1409 1265 2110
1375351200 843 1395 1315 1743
1375344000 814 2023 1351 16510
1375336800 778 1351 932 1673
1375329600 807 1424 1055 2230
1375322400 808 2032 1174 13295
1375315200 804 1681 978 3447
1375308000 3612 52124 15220 476527
1375300800 6071 82393 11865 355260
1375293600 7793 55990 58611 239750
1375286400 5072 22100 22155 136325
1375279200 1916 6740 7861 46388
1375272000 767 1257 921 1440
1375264800 782 1295 914 1617
1375257600 784 1318 1049 1717
1375250400 768 1276 984 1863
1375243200 785 1332 1008 1934
1375236000 806 1334 1259 1877
1375228800 782 1359 892 1883
1375221600 5076 84978 15551 380693
1375214400 4877 36650 14268 187060
1375207200 2823 11283 10907 85851
1375200000 2265 8237 8711 79067
1375192800 2026 3561 4093 10421
1375185600 1432 2921 2266 27076
1375178400 1389 1703 1519 1894
1375171200 1375 1735 1535 2354
1375164000 1394 1730 1736 2418
1375156800 1371 1890 1540 3501
1375149600 1397 1919 1632 6218
1375142400 1397 1757 1911 2012
1375135200 7010 79730 17894 293334
1375128000 6888 108042 35392 591507
1375120800 4811 71601 16932 468068
1375113600 7984 51744 70459 143602
1375106400 3536 37641 7622 238346
1375099200 994 3139 4452 36699
1375092000 768 1314 1131 2117
1375084800 751 1771 1043 9382
1375077600 730 1250 990 1497
1375070400 751 1246 1231 1505
1375063200 750 1250 1196 1631
1375056000 729 1231 889 1416
1375048800 744 1259 904 1480
1375041600 722 1222 854 1407
1375034400 722 1231 975 1476
1375027200 723 1364 970 4607
1375020000 732 1266 1002 1526
1375012800 753 1261 1162 1853
1375005600 764 1240 1172 1438
1374998400 732 1227 1096 1418
1374991200 760 1267 1180 1480
1374984000 741 1237 1125 1472
1374976800 717 1232 803 1348
1374969600 720 1234 956 5136
1374962400 768 1636 1245 5136
1374955200 719 1263 893 1551
1374948000 748 1269 1208 1506
1374940800 722 1247 907 1627
1374933600 725 1262 872 1459
1374926400 735 1265 1174 1847
1374919200 739 1245 1298 1556
1374912000 735 1315 1273 2869
1374904800 744 1294 1054 1857
1374897600 727 1255 1039 1507
1374890400 749 1461 1206 4197
1374883200 759 1314 1243 1618
1374876000 6940 193224 49069 2135654
1374868800 5987 78999 48180 1650499
1374861600 6054 66349 21493 453446
1374854400 5918 93275 15231 329190
1374847200 4044 57269 11322 346972
1374840000 727 1272 836 1996
1374832800 764 1410 1008 3495
1374825600 738 1308 876 1903
1374818400 779 1380 1493 2675
1374811200 737 1280 895 1705
1374804000 729 1263 846 1420
1374796800 732 1328 868 1596
1374789600 4806 62922 19298 176674
1374782400 4999 68642 11743 301783
1374775200 2551 19369 7049 162964
1374768000 21785 34872 138476 175119
1374760800 3045 18216 16442 180758
1374753600 729 1393 844 1996
1374746400 757 1490 1286 3017
1374739200 722 1349 1049 1732
1374732000 724 1379 1057 1704
1374724800 717 1348 861 1516
1374717600 779 2333 1214 16031
1374710400 727 1389 847 1565
1374703200 6092 95824 17143 348242
1374696000 5253 58595 12716 311039
1374688800 4763 57571 10527 262620
1374681600 3645 21240 7764 54822
1374674400 1482 4835 2877 34234
1374667200 821 1327 966 1875
1374660000 823 1314 1048 1526
1374652800 899 1479 2774 5511
1374645600 825 1314 1065 1494
1374638400 859 1367 1232 1897
1374631200 929 1624 2041 3308
1374624000 908 1584 1180 3105
1374616800 4277 60743 13903 241290
1374609600 4030 22291 11742 231418
1374602400 4821 84395 14471 485012
1374595200 5774 56714 31269 309995
1374588000 3501 13561 31269 97343
1374580800 788 1455 962 3075
1374573600 808 1344 1293 1856
1374566400 816 1440 1287 3085
1374559200 780 1409 918 3020
1374552000 794 1386 1157 2085
1374544800 791 1446 1222 4357
1374537600 845 2184 5000 118099
1374530400 3701 40959 7402 118099
1374523200 4299 34756 8038 206419
1374516000 4075 40769 16247 530562
1374508800 7387 55142 14321 393268
1374501600 2941 18523 9973 85822
1374494400 751 1306 972 1884
1374487200 786 1302 1176 1674
1374480000 762 1595 964 8041
1374472800 743 1322 835 1677
1374465600 768 1377 1284 3266
1374458400 740 1284 854 1669
1374451200 748 1325 941 2540
1374444000 765 1302 1180 1882
1374436800 770 1259 1441 1488
1374429600 740 1260 893 1565
1374422400 750 1257 881 1401
1374415200 777 1625 1250 9113
1374408000 744 1258 932 1475
1374400800 758 1283 1260 2060
1374393600 742 1258 942 1522
1374386400 744 1287 1042 1570
1374379200 750 1322 1026 2917
1374372000 733 1265 1112 2118
1374364800 742 1528 949 5757
1374357600 787 1308 1324 2028
1374350400 761 1295 1294 1879
1374343200 752 1293 959 1697
1374336000 768 1332 1178 2644
1374328800 765 1414 921 3104
1374321600 744 1310 958 2020
1374314400 740 1289 949 1840
1374307200 752 1406 909 4193
1374300000 745 1290 989 1612
1374292800 761 1353 993 2760
1374285600 754 1285 1218 1563
1374278400 757 1677 1061 8541
1374271200 3356 45372 11159 223371
1374264000 5201 67721 15027 233354
1374256800 4939 66502 22870 356605
1374249600 5688 42905 22870 158746
1374242400 17672 59929 272636 298653
1374235200 1189 1777 1419 3032
1374228000 1219 1825 1419 3769
1374220800 1230 1710 1664 1976
1374213600 1239 1732 1664 2091
1374206400 1225 1700 1388 2838
1374199200 1251 1802 1629 2838
1374192000 1240 1771 1380 2101
1374184800 6448 102640 19981 401230
1374177600 9798 216354 55652 1364845
1374170400 4694 47796 26575 188695
1374163200 6970 80423 22590 193306
1374156000 2584 12492 9949 116132
1374148800 779 1338 1093 2048
1374141600 816 1528 1122 3089
1374134400 800 1326 1155 1707
1374127200 791 1321 921 1471
1374120000 778 1369 921 2618
1374112800 813 1719 974 7216
1374105600 797 1371 1223 1561
1374098400 4041 56771 22337 895254
1374091200 5913 132828 22337 895254
1374084000 15274 576217 47943 2356592
1374076800 7579 68209 80460 311417
1374069600 3529 53325 10755 274613
1374062400 780 1297 994 1492
1374055200 791 1512 1055 4313
1374048000 913 6443 4182 125022
1374040800 799 1320 1185 1553
1374033600 783 1372 920 2069
1374026400 778 1348 1030 2578
1374019200 780 1427 952 1799
1374012000 25594 70693 434435 389589
1374004800 80690 242005 407512 776484
1373997600 6284 171978 13918 545336
1373990400 4777 52351 12189 195998
1373983200 4163 34029 12692 376642
1373976000 752 1209 885 1327
1373968800 769 1321 952 2347
1373961600 812 1270 1654 2102
1373954400 770 1240 1160 1527
1373947200 753 1267 858 1911
1373940000 744 1260 934 1895
1373932800 1318 17067 13082 359202
1373925600 4837 57556 16999 163358
1373918400 6400 48703 13152 195430
1373911200 5000 38889 10786 195016
1373904000 5202 36653 16362 164215
1373896800 2925 20736 7995 105364
1373889600 812 1226 1250 1416
1373882400 784 1364 1066 4152
1373875200 795 1397 969 4432
1373868000 792 1214 983 1424
1373860800 800 1449 1163 4838
1373853600 800 1395 1042 3836
1373846400 802 1280 1243 2520
1373839200 776 1205 899 1420
1373832000 782 1195 949 1385
1373824800 775 1190 939 1336
1373817600 849 2312 1939 23944
1373810400 792 1231 1190 1566
1373803200 772 1191 899 1346
1373796000 774 1194 887 1408
1373788800 805 1240 1251 1745
1373781600 783 1213 952 1402
1373774400 795 1300 1258 2835
1373767200 797 1198 1258 1356
1373760000 1204 17539 10759 389512
1373752800 781 1197 960 1449
1373745600 805 1201 1165 1323
1373738400 777 1195 941 1336
1373731200 783 1237 1008 1930
1373724000 782 1223 1148 1577
1373716800 793 1199 1145 1377
1373709600 773 1206 962 1365
1373702400 791 1225 1351 1826
1373695200 778 1220 1024 1598
1373688000 790 1498 1017 8233
1373680800 798 1212 1232 1430
1373673600 788 1428 949 2614
1373666400 17737 600998 67667 2287639
1373659200 5666 53268 11988 163664
1373652000 4591 26646 10349 119243
1373644800 4736 50504 8587 134393
1373637600 3351 39421 10613 337193
1373630400 767 1312 987 3053
1373623200 783 1331 987 2822
1373616000 822 2813 1781 29867
1373608800 805 1326 1338 1948
1373601600 769 1328 916 1995
1373594400 766 1301 924 2081
1373587200 806 1562 1508 4824
1373580000 3148 23911 14059 190661
1373572800 14857 482915 56819 2325000
1373565600 3951 49782 10089 309643
1373558400 4648 35311 16570 140680
1373551200 7849 194240 44684 1559023
1373544000 743 1196 1169 1592
1373536800 710 1154 923 1332
1373529600 714 1309 871 2794
1373522400 689 1212 835 2794
1373515200 726 1296 980 2586
1373508000 716 1338 984 5128
1373500800 969 3455 3509 42397
1373493600 12112 227097 60312 2360364
1373486400 6022 85908 42852 1555577
1373479200 6640 66110 28252 511994
1373472000 4077 36672 13833 404207
1373464800 9633 173317 62274 1350743
1373457600 1442 1264 1734 1876
1373450400 1440 1435 1776 3142
1373443200 2291 34544 13625 483440
1373436000 1469 1309 2910 2476
1373428800 1428 1374 1669 3398
1373421600 1443 2282 2133 26727
1373414400 1609 4861 3862 89042
1373407200 10571 269424 26839 859642
1373400000 118057 165468 439735 733633
1373392800 3253 18430 12146 169423
1373385600 5437 54776 18954 195679
1373378400 5077 52845 30997 249448
1373371200 957 896 1193 1171
1373364000 974 942 1289 1560
1373356800 954 894 1150 1072
1373349600 991 1486 1452 14866
1373342400 982 1046 1537 4745
1373335200 973 968 1355 1882
1373328000 991 1575 1996 16218
1373320800 41920 179571 439594 755956
1373313600 47186 159679 420662 485308
1373306400 5156 136383 13395 713276
1373299200 4830 100337 15956 525453
1373292000 3459 17340 22843 103931
1373284800 913 860 1169 1128
1373277600 941 1030 1238 4704
1373270400 971 1394 1407 4556
1373263200 930 1048 1331 3594
1373256000 934 926 1260 5612
1373248800 924 1035 1219 5612
1373241600 910 849 1152 1066
1373234400 960 1257 1363 6908
1373227200 930 860 1122 1045
1373220000 932 864 1129 1033
1373212800 944 870 1317 1281
1373205600 918 856 1389 1130
1373198400 967 861 1454 1295
1373191200 949 867 1396 1242
1373184000 923 851 1185 1174
1373176800 898 876 1158 1450
1373169600 922 839 1216 1059
1373162400 951 874 1517 1365
1373155200 933 875 1127 1114
1373148000 946 1073 1175 4034
1373140800 915 848 1299 1128
1373133600 917 849 1072 1074
1373126400 1067 1081 2830 3697
1373119200 940 860 1477 1207
1373112000 910 843 1098 1008
1373104800 938 1121 1153 7360
1373097600 916 850 1161 1089
1373090400 956 920 1465 1366
1373083200 933 898 1200 2132
1373076000 928 1028 1106 3589
1373068800 911 850 1118 1041
1373061600 1054 1042 2389 3036
1373054400 959 877 1406 1012
1373047200 926 966 1110 2355
1373040000 970 1175 1303 7214
1373032800 958 918 1083 1197
1373025600 929 858 1080 975
1373018400 1000 1010 1501 2397
1373011200 931 883 1157 1103
1373004000 955 1027 1249 2702
1372996800 941 1135 1206 4170
1372989600 967 1043 1359 4665
1372982400 967 968 1400 2783
1372975200 955 962 1137 2682
1372968000 952 880 1162 1096
1372960800 922 863 1166 1124
1372953600 972 1101 1458 3392
1372946400 934 934 1108 2016
1372939200 974 1025 1302 2894
1372932000 986 1177 1213 2608
1372924800 945 924 1086 1274
1372917600 967 940 1366 1541
1372910400 936 874 1286 1145
1372903200 950 952 1200 2605
1372896000 958 1063 1135 3739
1372888800 961 923 1143 1109
1372881600 928 1063 1099 1837
1372874400 947 1124 1211 1409
1372867200 1003 1323 1449 3173
1372860000 978 1129 1394 2125
1372852800 956 935 1119 1507
1372845600 975 1191 1379 3961
1372838400 974 959 1342 1957
1372831200 950 1241 1387 8471
1372824000 959 1324 1366 8380
1372816800 923 1132 1203 4849
1372809600 1096 3849 4986 68446
1372802400 5464 38114 22211 195487
1372795200 5263 105373 11909 529280
1372788000 10703 256362 16061 528041
1372780800 6413 29083 62935 257109
1372773600 2279 11316 9200 60551
1372766400 293 442 820 603
1372759200 300 492 630 931
1372752000 304 643 492 3840
1372744800 288 548 633 2734
1372737600 310 544 771 1261
1372730400 274 563 431 3279
1372723200 637 7870 7599 174758
1372716000 6767 83828 34514 445176
1372708800 8723 51010 45601 239468
1372701600 6826 24795 92734 94405
1372694400 4390 35093 19231 349586
1372687200 1979 16544 9294 116428
1372680000 488 570 649 762
1372672800 488 566 793 871
1372665600 488 574 647 757
1372658400 494 593 687 992
1372651200 555 631 957 1220
1372644000 547 606 967 831
1372636800 513 570 1012 2266
1372629600 490 639 656 2266
1372622400 518 566 938 701
1372615200 532 589 737 813
1372608000 510 717 728 3742
1372600800 493 580 619 770
1372593600 477 551 619 661
1372586400 486 559 642 704
1372579200 514 581 965 812
1372572000 505 611 812 1183
1372564800 561 629 2052 1814
1372557600 611 640 2166 1890
1372550400 552 597 932 801
1372543200 537 712 741 2323
1372536000 519 585 736 780
1372528800 491 570 839 873
1372521600 510 602 690 839
1372514400 501 595 694 834
1372507200 488 576 641 731
1372500000 548 684 999 1758
1372492800 509 585 916 738
1372485600 552 644 1019 1394
1372478400 550 615 853 751
1372471200 488 711 718 1844
1372464000 683 1417 9752 69790
1372456800 3174 38315 10040 149190
1372449600 7030 95087 22266 224092
1372442400 3479 49138 17427 224092
1372435200 4349 13071 19554 30791
1372428000 2740 9750 11732 49314
1372420800 299 503 788 1017
1372413600 414 5024 2461 101629
1372406400 293 619 523 2051
1372399200 300 762 513 6795
1372392000 284 571 533 2101
1372384800 285 566 472 1196
1372377600 1054 9586 4385 125823
1372370400 2599 38053 7302 167138
1372363200 4353 33295 19816 162907
1372356000 2991 33853 20296 146083
1372348800 4349 16524 25144 110155
1372341600 2287 21207 21561 155896
1372334400 309 585 443 2089
1372327200 324 796 631 1828
1372320000 280 518 428 1063
1372312800 295 532 554 1291
1372305600 290 500 607 764
1372298400 289 552 430 1149
1372291200 557 924 4508 21411
1372284000 4822 59829 18112 450218
1372276800 6258 31950 18980 159733
1372269600 3706 28081 7357 123941
1372262400 3569 32408 10982 274889
1372255200 2183 9214 10982 49960
1372248000 289 479 642 669
1372240800 302 579 719 1357
1372233600 300 542 532 891
1372226400 303 825 533 7766
1372219200 307 644 768 3989
1372204800 1725 21794 49063 438948
1372118400 6005 97830 28821 704556
1372032000 292 599 914 2700
1371945600 291 648 793 7827
1371859200 6734 98300 31457 527075
1371772800 2411 9997 102002 255653
1371686400 1660 4804 65406 106124
1371600000 3697 79841 153353 2481171
1371513600 2077 14578 88426 409224
1371427200 301 593 2483 22072
1371340800 300 604 1252 22824
1371254400 4416 59727 99638 422658
1371168000 12485 10554 737066 283809
1371081600 2672 5199 18297 189894
1370995200 2493 8601 91008 129211
1370908800 2374 45243 37427 610080
1370822400 305 519 853 7710
1370736000 305 537 808 5461
1370649600 2344 46336 54669 2356892
1370563200 1853 36545 13312 603321
1370476800 3815 23301 590315 619842
1370390400 1087 18609 28504 1050276
1370304000 982 2244 35606 58060
1370217600 620 1690 32466 226376
1370131200 37327 15206 849660 175649
1370044800 21705 42329 731957 383595
1369958400 13886 53724 78401 676738
1369872000 1923 20819 52362 393795
1369785600 1523 22820 11984 276126
1369699200 74 251 523 3964
1369612800 75 239 624 730
1369526400 72 248 521 1739
1369440000 1998 7829 338333 313160
1369353600 1450 20972 38602 1067424
1369267200 2182 24116 34210 588106
1369180800 4207 16721 690391 317453
1369094400 2027 22667 85950 758772
1369008000 80 242 526 501
1368921600 80 254 558 1970
1368835200 1114 10084 54580 234638
1368748800 2085 34935 14760 575739
1368662400 1987 26100 23167 460787
1368576000 1887 23391 25991 390156
1368489600 1642 27458 16681 561904
1368403200 82 255 584 1545
1368316800 84 253 581 2650
1368230400 1642 20314 32825 458136
1368144000 1511 20617 11235 358673
1368057600 1254 21002 9610 214584
1367971200 1386 14690 22483 299286
1367884800 1442 21606 13197 566572
1367798400 80 232 578 484
1367712000 90 262 743 2830
1367625600 1890 24875 33316 832044
1367539200 1988 11159 22966 209756
1367452800 1084 3644 55193 121971
1367366400 1766 22639 68249 1905508
1367280000 1703 15981 71394 600434
1367193600 88 233 591 491
1367107200 84 245 636 1902
1367020800 2077 5810 128106 284791
1366934400 1917 9700 54563 214755
1366848000 952 7076 27609 442915
1366761600 60 571 2163 67281
1366675200 3461 13979 542113 1109361
1366588800 82 230 597 600
1366502400 84 253 590 3683
1366416000 1376 10709 80750 836088
1366329600 1313 9384 44601 232415
1366243200 2514 21493 98990 801388
1366156800 2098 30004 56965 1202225
1366070400 1979 26892 52621 606848
1365984000 85 243 602 1572
1365897600 87 248 591 3281
1365811200 1751 29468 54879 2168331
1365724800 1209 8295 9597 344161
1365638400 1027 7654 41442 223116
1365552000 3013 6612 129969 161004
1365465600 2576 15120 51778 285844
1365379200 1150 1120 3968 3781
1365292800 1149 1142 1815 4179
1365206400 3737 14534 149781 244943
1365120000 2240 12933 13054 236932
1365033600 2477 16773 61560 1669517
1364947200 2840 19281 65509 951881
1364860800 2252 12220 15967 149789
1364774400 1168 1124 1815 3299
1364688000 1175 1295 2251 40925
1364601600 2778 14566 24347 353202
1364515200 2162 8611 17256 123050
1364428800 2990 16360 38822 248101
1364342400 2339 5718 33156 122662
1364256000 3079 11689 68867 191304
1364169600 1471 1454 2224 5603
1364083200 1462 1457 2330 5862
1363996800 2569 8831 18139 181658
1363910400 2410 7423 39670 185678
1363824000 1479 3429 44379 69295
1363737600 2539 8662 51441 197994
1363651200 1995 10435 10846 306628
1363564800 1024 1017 1606 3503
1363478400 1022 1056 1586 3394
1363392000 2413 18417 63870 575509
1363305600 4947 100954 40172 469254
1363219200 3036 46095 19579 367000
1363132800 1916 9235 17433 178028
1363046400 2221 10711 18568 770987
1362960000 1139 1175 1744 2817
1362873600 1156 1255 3665 8613
1362787200 2773 32429 65604 2221698
1362700800 2690 9879 52402 172230
1362614400 1262 2817 17878 77928
1362528000 3345 36405 204769 2218673
1362441600 2175 15638 16207 364695
1362355200 903 1013 1569 9211
1362268800 904 980 1380 3959
1362182400 2488 25123 60240 2140777
1362096000 2545 13655 64454 297595
1362009600 2296 12968 46701 180684
1361923200 1894 9417 20191 256796
1361836800 1643 4753 35476 50008
1361750400 379 567 1035 8750
1361664000 383 650 1071 28295
1361577600 1715 7217 17175 271465
1361491200 2632 25223 48342 657063
1361404800 3597 11673 384211 151264
1361318400 2240 14796 36820 126446
1361232000 1077 1338 8876 77841
1361145600 1040 1022 3142 9214
1361059200 1040 1089 1567 15522
1360972800 1833 7896 17224 222550
1360886400 3039 25741 221484 2355584
1360800000 1902 8465 32495 252904
1360713600 1487 6775 10803 333131
1360627200 1627 6647 32366 113538
1360540800 408 587 936 2684
1360454400 452 1861 1692 57521
1360368000 1545 15970 25277 768420
1360281600 2311 20596 30096 578998
1360195200 1903 14988 94039 818978
1360108800 1673 13607 34854 183184
1360022400 3320 90321 53358 2383228
1359936000 435 619 1197 2255
1359849600 432 1032 2403 94580
1359763200 1454 8163 23203 132279
1359676800 1263 7303 15208 260407
1359590400 1486 20425 28192 1234467
1359504000 2059 23786 31302 1210056
1359417600 2046 10089 39594 742675
1359331200 491 536 1072 3185
1359244800 512 545 1261 1373
1359158400 1466 12127 29068 848692
1359072000 1385 15120 11760 212695
1358985600 66085 11448 2481686 241188
1358899200 3903 90311 9910 352438
1358812800 4885 137875 25611 161962
1358726400 4659 137261 5197 144387
1358640000 4623 136465 5166 141303
1358553600 6803 31340 173217 417123
1358467200 111680 15358 6962601 208892
1358380800 24772 12271 390077 192493
1358294400 1258 7580 89919 231105
1358208000 32415 4517 1839008 104385
1358121600 504 540 34204 37695
1358035200 8145 714 782422 39620
1357948800 50379 8355 4495787 205175
1357862400 1015 5255 7876 123773
1357776000 652 9798 6641 193053
1357689600 787 5621 27662 155824
1357603200 643 2458 30731 39667
1357516800 80 203 601 740
1357430400 83 220 737 2938
1357344000 3632 108985 58058 2408349
1357257600 1797 5039 112326 161808
1357171200 1190 3805 35847 34669
1357084800 291 445 841 9052
1356998400 2980 31760 65531 2391329
1356912000 281 425 764 7714
1356825600 529 2057 7050 93164
1356739200 1648 3680 91321 55329
1356652800 2948 36761 213038 2270554
1356566400 1434 8248 30844 446354
1356480000 44 178 587 1138
1356393600 42 182 519 2230
1356307200 42 178 478 2220
1356220800 43 181 509 1868
1356134400 2573 5382 170903 60176
1356048000 1994 28600 16977 525756
1355961600 2128 22776 54008 1346597
1355875200 3260 54420 71784 2329937
1355788800 3821 80869 128196 2386924
1355702400 298 410 841 3840
1355616000 301 459 861 8807
1355529600 1507 4642 24384 90896
1355443200 9830 11706 625235 408199
1355356800 1991 17137 28383 430330
1355270400 1758 10174 104477 516949
1355184000 1614 7953 29193 226901
1355097600 120 223 597 1526
1355011200 207 307 944 3162
1354924800 1173 8157 16210 233454
1354838400 2099 35923 52303 2337599
1354752000 4344 80205 61948 664918
1354665600 2926 23025 30960 499991
1354579200 1261 7937 31326 102739
1354492800 43 180 500 2528
1354406400 44 180 523 649
1354320000 1155 16967 17617 265641
1354233600 1030 5984 24696 119463
1354147200 603 2596 13647 40328
1354060800 15732 6737 610800 151466
1353974400 1993 9075 15917 135343
1353888000 915 861 1595 6000
1353801600 908 865 1414 3974
1353715200 907 912 1466 7557
1353628800 932 2094 3221 102241
1353542400 2090 20499 33924 235475
1353456000 2231 11949 28706 281358
1353369600 1928 7225 47266 348584
1353283200 860 801 1315 2437
1353196800 857 821 1315 2780
1353110400 1824 9570 104365 313308
1353024000 1600 10653 27237 556195
1352937600 1304 6393 15760 285419
1352851200 1304 5493 29672 104536
1352764800 2972 7796 384353 230900
1352678400 80 200 598 674
1352592000 81 210 563 694
1352505600 2360 10360 21565 446944
1352419200 2275 7373 22814 128171
1352332800 2610 15424 56588 1080475
1352246400 4877 9134 615162 234136
1352160000 1421 12057 15141 240457
1352073600 44 167 481 529
1351987200 45 174 478 1045
1351900800 403 3618 7389 180491
1351814400 1398 10723 20119 219007
1351728000 1362 8212 14447 117037
1351641600 555 3266 18081 765740
1351555200 366 544 2431 4718
1351468800 290 407 1367 4968
1351382400 291 490 878 14634
1351296000 828 8762 16186 179559
1351209600 1378 12156 15772 682521
1351123200 2043 14419 13951 229322
1351036800 2910 28837 20343 458447
1350950400 11849 22348 1302537 580760
1350864000 1306 1169 2025 1772
1350777600 1276 1214 1822 8397
1350691200 20727 54820 1602197 1721690
1350604800 2666 13819 23179 241067
1350518400 2541 20929 36338 484317
1350432000 4399 45102 461296 1959688
1350345600 1252 16944 60235 2163699
1350259200 58 205 570 426
1350172800 57 210 569 594
1350086400 1461 8194 18267 124581
1350000000 1357 9776 13425 257403
1349913600 2730 11674 314987 383604
1349827200 30205 13836 412966 667842
1349740800 976 4175 11608 59421
1349654400 254 393 890 4677
1349568000 260 426 1056 9278
1349481600 947 10245 24853 1004527
1349395200 1772 10700 224027 1149082
1349308800 1429 9338 10493 389047
1349222400 1191 13138 10881 480192
1349136000 19275 10314 1013947 138357
1349049600 334 711 5473 40164
1348963200 1209 9998 34880 1048239
1348876800 1861 7149 94298 401154
1348790400 1802 19404 17147 350913
1348704000 4041 9796 512120 220085
1348617600 1140 6778 10024 306667
1348531200 1777 14557 99080 417847
1348444800 55 208 546 520
1348358400 82 372 1379 37991
1348272000 2405 18177 18850 136213
1348185600 3297 32884 31790 474166
1348099200 2688 14917 42413 159307
1348012800 40746 13355 5490889 462915
1347926400 2957 48523 53743 2291655
1347840000 1014 1124 1610 5085
1347753600 45966 3421 529849 27566
1347667200 110691 25427 6307325 236097
1347580800 3879 18156 16602 488320
1347494400 2305 18816 22264 436903
1347408000 4114 80172 166769 2384804
1347321600 2077 18758 44489 335109
1347235200 77 199 582 965
1347148800 81 216 599 2414
1347062400 1753 17562 26861 644142
1346976000 79192 19557 6876799 631087
1346889600 1598 16967 36385 229599
1346803200 5702 189887 82677 2411728
1346716800 78 231 576 2766
1346630400 78 193 588 880
1346544000 77 202 577 1503
1346457600 1408 6047 25364 114957
1346371200 1221 8612 28470 217301
1346284800 1370 24659 16950 725508
1346198400 1354 13306 22473 404405
1346112000 1226 10591 25051 353823
1346025600 76 196 645 1119
1345939200 78 226 695 5270
1345852800 1266 17037 34055 1159020
1345766400 1663 17508 32567 360009
1345680000 1960 36232 59182 1468361
1345593600 1276 16233 19603 619250
1345507200 765 5922 14564 598954
1345420800 82 196 673 478
1345334400 81 232 593 2058
1345248000 1595 18670 13413 340847
1345161600 1245 16984 21083 912623
1345075200 1333 10793 35266 260313
1344988800 1019 6408 7767 116726
1344902400 4204 114768 65604 2424112
1344816000 202 299 747 1452
1344729600 205 304 723 1374
1344643200 1469 12116 25162 280815
1344556800 2254 29416 56964 162265
1344470400 1418 23550 11167 243840
1344384000 2024 43004 32638 1380274
1344297600 33561 27384 4556134 295719
1344211200 168 289 656 1140
1344124800 174 286 615 1270
1344038400 37081 13512 253500 405363
1343952000 2011 49863 59671 2267813
1343865600 756 8556 29310 199923
1343779200 826 5405 9935 141566
1343692800 1106 8166 54950 497092
1343606400 9 177 39 215
1343520000 9 181 38 232
1343433600 1536 14674 28890 187419
1343347200 2672 41876 63020 2404188
1343260800 3019 61909 50280 1047453
1343174400 7482 192377 154525 6641666
1343088000 6536 133057 103445 1047180
1343001600 42 214 555 2969
1342915200 44 211 547 1373
1342828800 592 4439 10430 92211
1342742400 2075 37945 25959 587195
1342656000 7092 139361 49377 627974
1342569600 5201 98041 39908 1216928
1342483200 965 6781 14353 184933
1342396800 180 322 656 1453
1342310400 184 381 626 6522
1342224000 1086 10480 29689 453443
1342137600 1308 12027 31757 197682
1342051200 1566 6099 137040 190523
1341964800 963 4509 12842 78338
1341878400 1292 10525 52855 241293
1341792000 171 300 713 951
1341705600 173 325 693 2129
1341619200 1149 6705 56808 152685
1341532800 1352 7008 53648 147785
1341446400 190 382 679 2685
1341360000 677 3800 22787 101312
1341273600 1175 5483 10389 63694
1341187200 176 382 673 14827
1341100800 743 1107 52159 21601
1341014400 1650 5608 98870 157743
1340928000 3464 41903 133775 556954
1340841600 2358 5169 106509 84794
1340755200 2553 11778 116683 745367
1340668800 1927 22395 33612 661822
1340582400 138 331 529 1449
1340496000 146 498 1075 40173
1340409600 1625 4420 54290 119735
1340323200 1660 4703 83803 125847
1340236800 1780 14752 51367 579855
1340150400 1528 6378 54344 162475
1340064000 1757 4358 82802 62314
1339977600 355 490 918 6438
1339891200 374 515 1132 6663
1339804800 1155 4711 28920 77127
1339718400 1553 19882 56541 518708
1339632000 1227 5911 80398 147749
1339545600 1836 7295 68389 244051
1339459200 2957 40383 107868 573591
1339372800 169 340 647 2383
1339286400 182 342 683 1230
1339200000 1099 10509 12832 209470
1339113600 1107 9331 21528 241659
1339027200 1156 10207 33831 428042
1338940800 1422 15124 94615 292335
1338854400 1048 4766 28762 137780
1338768000 134 253 640 1098
1338681600 256 513 611 6781
1338595200 1331 14158 11699 358456
1338508800 1079 6181 30620 145173
1338422400 1410 7832 51351 301189
1338336000 1283 7723 29377 195678
1338249600 288 561 800 5530
1338163200 272 468 760 1545
1338076800 276 486 798 2366
1337990400 1962 25119 76711 599293
1337904000 1545 23858 15647 566347
1337817600 1427 12938 28937 399782
1337731200 1429 8649 82311 264325
1337644800 2810 9622 174234 196047
1337558400 251 475 657 1375
1337472000 243 463 617 1529
1337385600 2938 17462 109814 367188
1337299200 1511 4792 54699 64089
1337212800 910 4325 14913 100914
1337126400 1055 6182 27604 127313
1337040000 1758 3944 142683 76223
1336953600 247 404 736 3474
1336867200 276 2084 6343 240278
1336780800 1201 9732 44979 231802
1336694400 1366 7940 73489 534450
1336608000 1442 9534 33573 167452
1336521600 1111 3768 46457 118323
1336435200 3165 4514 242612 141589
1336348800 275 470 974 2573
1336262400 288 748 1112 27199
1336176000 1099 3797 14947 58435
1336089600 2126 26289 26405 344163
1336003200 1600 8357 61660 190819
1335916800 2113 9617 15526 240347
1335830400 3870 49413 174484 994715
1335744000 259 483 1064 2120
1335657600 263 532 733 5691
1335571200 37350 49517 126441 561444
1335484800 38030 48807 2949908 559314
1335398400 1858 20236 55964 726264
1335312000 1386 14580 14741 278019
1335225600 1706 11215 57872 253640
1335139200 254 530 767 2807
1335052800 254 545 758 8625
1334966400 965 8981 14414 148317
1334880000 42154 21587 513406 3344861
1334793600 1314 7114 108291 152250
1334707200 1046 9448 15108 432585
1334620800 2160 45642 19701 576265
1334534400 194 370 605 1694
1334448000 195 385 699 1634
1334361600 1493 16604 11673 205402
1334275200 2413 46756 19783 606120
1334188800 3645 87591 16822 613734
1334102400 3176 61387 79527 3301175
1334016000 1424 14476 12570 274843
1333929600 420 588 4640 4300
1333843200 487 615 9785 7397
1333756800 981 10931 15727 378131
1333670400 1475 18940 38292 376802
1333584000 1994 45708 26823 559275
1333497600 1251 14704 15058 403049
1333411200 1163 16996 14057 420829
1333324800 521 5813 11100 133685
1333238400 1913 2366 61584 79656
1333152000 1938 13677 55232 616337
1333065600 2787 51029 151021 8537061
1332979200 2348 13227 160108 639852
1332892800 2377 32080 28830 575649
1332806400 1881 29193 80270 569281
1332720000 211 374 911 3253
1332633600 211 392 872 3886
1332547200 2600 48746 68221 552975
1332460800 1537 5052 57197 141109
1332374400 1324 14554 19867 246593
1332288000 2383 26926 76404 4331788
1332201600 1162 12147 14016 465235
1332115200 201 415 661 6420
1332028800 231 438 1033 3482
1331942400 900 8023 13470 226308
1331856000 1495 10949 28575 218592
1331769600 1369 16182 41485 164268
1331683200 1447 5505 54830 127638
1331596800 3154 83973 157725 8209905
1331510400 242 407 728 3649
1331424000 245 446 787 7969
1331337600 2976 64426 161975 7791223
1331251200 3626 53798 180642 10367537
1331164800 1362 9685 20431 297420
1331078400 5363 150371 56110 433475
1330992000 1655 21640 21576 469651
1330905600 222 391 694 6592
1330819200 226 404 720 6504
1330732800 1840 20086 41472 1365762
1330646400 1575 8080 34226 165202
1330560000 1400 8878 27159 134723
1330473600 1447 8100 25606 202884
1330387200 1176 15576 9465 294693
1330300800 208 388 698 1636
1330214400 213 497 659 12475
1330128000 1086 12708 9761 169364
1330041600 1176 11294 32097 202594
1329955200 1353 13326 16445 227284
1329868800 1185 13262 17008 591358
1329782400 285 676 3011 23720
1329696000 267 434 761 3354
1329609600 266 467 750 7070
1329523200 1437 25197 17691 540758
1329436800 1604 5829 142542 181671
1329350400 1203 13254 8334 140617
1329264000 923 9945 6644 137461
1329177600 1108 8919 22546 121468
1329091200 163 342 596 6440
1329004800 175 422 692 14638
1328918400 1090 12796 9238 242725
1328832000 1155 9017 10399 137926
1328745600 1332 12674 10864 188030
1328659200 1039 10852 8836 183998
1328572800 1217 13240 10646 292349
1328486400 387 448 1057 3808
1328400000 388 501 823 4113
1328313600 863 7745 12515 264299
1328227200 1085 10607 11138 257688
1328140800 1890 19377 34631 492491
1328054400 1264 9035 67929 221302
1327968000 1494 16381 10991 241927
1327881600 204 373 670 3104
1327795200 201 397 663 7273
1327708800 986 8910 10223 176307
1327622400 1139 8223 37857 118407
1327536000 2447 27118 69813 265466
1327449600 2284 35133 51628 511523
1327363200 2557 46885 32860 575633
1327276800 167 318 604 1656
1327190400 183 404 607 11725
1327104000 1933 23151 17113 369955
1327017600 2895 70480 13914 269801
1326931200 4931 147251 13517 354841
1326844800 7309 238863 76130 649814
1326758400 3904 136326 4925 182279
1326672000 4218 152994 5001 162912
1326585600 4065 144236 5074 164221
1326499200 5595 164324 78741 498421
1326412800 2230 54198 11424 214325
1326326400 1025 10593 15651 214955
1326240000 1244 14135 31748 147938
1326153600 4427 126498 37966 182383
1326067200 4519 155263 5014 159011
1325980800 4557 155641 5124 163520
1325894400 5259 145158 61690 200317
1325808000 51673 188002 1891742 700844
1325721600 4087 127789 45846 772997
1325635200 4570 132752 21256 392308
1325548800 3913 138656 4626 167339
1325462400 4312 158766 4920 163389
1325376000 4632 161426 43447 169372
1325289600 5396 159004 15976 327099
1325203200 4758 144250 21279 229498
1325116800 1805 23831 78824 209687
1325030400 5130 136868 23739 457119
1324944000 3668 107852 6347 160658
1324857600 4181 125959 5010 153847
1324771200 4425 141968 5232 165636
1324684800 4275 132278 5017 154109
1324598400 4875 147322 25980 312380
1324512000 4940 148183 24242 524916
1324425600 4835 134577 44501 346772
1324339200 5599 134466 67669 314224
1324252800 3690 127871 4649 158233
1324166400 3929 142478 4576 158184
1324080000 5285 150149 38757 547367
1323993600 5031 107496 98592 282235
1323907200 5740 129730 77193 355868
1323820800 5738 153988 98692 571951
1323734400 4821 127805 69748 277082
1323648000 3935 125993 4516 151974
1323561600 4292 142633 5015 160936
1323475200 4978 111691 150012 242522
1323388800 5924 149394 66312 334362
1323302400 7365 141988 317434 363026
1323216000 4980 151997 23834 387563
1323129600 4936 136419 61327 226776
1323043200 4264 156105 4878 158505
1322956800 4097 144823 4902 159239
1322870400 5059 137723 97440 366189
1322784000 6145 147947 128808 392238
1322697600 5309 130289 66785 494634
1322611200 1582 17616 32351 266563
1322524800 1849 15773 69302 698878
1322438400 189 334 520 1068
1322352000 190 389 728 9597
1322265600 188 373 640 6405
1322179200 198 409 682 8299
1322092800 1437 13859 98679 248610
1322006400 2374 6690 126930 152705
1321920000 876 4904 13503 222584
1321833600 207 421 1063 8782
1321747200 223 439 674 6738
1321660800 757 4210 4738 174336
1321574400 1322 9072 111031 226663
1321488000 1002 11515 11162 341267
1321401600 1090 5717 52815 137550
1321315200 1187 10045 36266 380822
1321228800 224 401 832 1517
1321142400 230 480 744 6059
1321056000 1756 32648 84384 3770257
1320969600 194 979 19398 87058
1320883200 0 30 4 432
1320796800 0 0 0 0
1320710400 0 0 0 0
1320624000 0 0 0 0
1320537600 0 0 0 0
1320451200 0 0 0 0
1320364800 0 0 0 0
1320278400 0 0 0 0
1320192000 0 0 0 0
1320105600 0 0 0 0
1320019200 0 0 0 0
1319932800 0 0 0 0
1319846400 0 0 0 0
1319760000 0 0 0 0
1319673600 0 0 0 0
1319587200 0 0 0 0
1319500800 0 0 0 0
1319414400 0 0 0 0
1319328000 0 0 0 0
1319241600 0 0 0 0
1319155200 0 0 0 0
1319068800 0 0 0 0
1318982400 0 0 0 0
1318896000 0 0 0 0
1318809600 0 0 0 0
1318723200 0 0 0 0
1318636800 0 0 0 0
1318550400 0 0 0 0
1318464000 0 0 0 0
1318377600 0 0 0 0
1318291200 0 0 0 0
1318204800 0 0 0 0
1318118400 0 0 0 0
1318032000 0 0 0 0
1317945600 0 0 0 0
1317859200 0 0 0 0
1317772800 0 0 0 0
1317686400 0 0 0 0
1317600000 0 0 0 0
1317513600 0 0 0 0
1317427200 0 0 0 0
1317340800 0 0 0 0
1317254400 0 0 0 0
1317168000 0 0 0 0
1317081600 0 0 0 0
1316995200 0 0 0 0
1316908800 0 0 0 0
1316822400 0 0 0 0
1316736000 0 0 0 0
1316649600 0 0 0 0
1316563200 0 0 0 0
1316476800 0 0 0 0
1316390400 0 0 0 0
1316304000 0 0 0 0
1316217600 0 0 0 0
1316131200 0 0 0 0
1316044800 0 0 0 0
1315958400 0 0 0 0
1315872000 0 0 0 0
1315785600 0 0 0 0
1315699200 0 0 0 0
1315612800 0 0 0 0
1315526400 0 0 0 0
1315440000 0 0 0 0
1315353600 0 0 0 0
1315267200 0 0 0 0
1315180800 0 0 0 0
1315094400 0 0 0 0
1315008000 0 0 0 0
1314921600 0 0 0 0
1314835200 0 0 0 0
1314748800 0 0 0 0
1314662400 0 0 0 0
1314576000 0 0 0 0
1314489600 0 0 0 0
1314403200 0 0 0 0
1314316800 0 0 0 0
1314230400 0 0 0 0
1314144000 0 0 0 0
1314057600 0 0 0 0
1313971200 0 0 0 0
1313884800 0 0 0 0
1313798400 0 0 0 0
1313712000 0 0 0 0
1313625600 0 0 0 0
1313539200 0 0 0 0
1313452800 0 0 0 0
1313366400 0 0 0 0
1313280000 0 0 0 0
1313193600 0 0 0 0
1313107200 0 0 0 0
1313020800 0 0 0 0
1312934400 0 0 0 0
1312848000 0 0 0 0
1312761600 0 0 0 0
1312675200 0 0 0 0
1312588800 0 0 0 0
1312502400 0 0 0 0
1312416000 0 0 0 0
1312329600 0 0 0 0
1312243200 0 0 0 0
1312156800 0 0 0 0
1312070400 0 0 0 0
1311984000 0 0 0 0
1311897600 0 0 0 0
1311811200 0 0 0 0
1311724800 0 0 0 0
1311638400 0 0 0 0
1311552000 0 0 0 0
1311465600 0 0 0 0
1311379200 0 0 0 0
1311292800 0 0 0 0
1311206400 0 0 0 0
1311120000 0 0 0 0
1311033600 0 0 0 0
1310947200 0 0 0 0
1310860800 0 0 0 0
1310774400 0 0 0 0
1310688000 0 0 0 0
1310601600 0 0 0 0
1310515200 0 0 0 0
1310428800 0 0 0 0
1310342400 0 0 0 0
1310256000 0 0 0 0
1310169600 0 0 0 0
1310083200 0 0 0 0
1309996800 0 0 0 0
1309910400 0 0 0 0
1309824000 0 0 0 0
1309737600 0 0 0 0
1309651200 0 0 0 0
1309564800 0 0 0 0
1309478400 0 0 0 0
1309392000 0 0 0 0
1309305600 0 0 0 0
1309219200 0 0 0 0
1309132800 0 0 0 0
1309046400 0 0 0 0
