1377805802 1559984623 3254442592
1377805802 2793 6644 2793 6644
1377805502 0 0 0 0
1377805500 0 0 0 0
1377805200 0 0 0 0
1377804900 0 0 0 0
1377804600 0 0 0 0
1377804300 0 0 0 0
1377804000 0 0 1 14
1377803700 2 19 179 912
1377803400 179 912 243 1201
1377803100 251 1219 2648 6642
1377802800 2654 6813 3686 32352
1377802500 3680 32256 3686 32352
1377802200 2049 3835 5506 7035
1377801900 5518 7128 7308 21011
1377801600 7284 20943 7308 21011
1377801300 119 797 175 798
1377801000 175 706 258 948
1377800700 258 947 343 948
1377800400 342 879 343 880
1377800100 195 756 251 832
1377799800 251 832 268 952
1377799500 273 955 1950 1952
1377799200 1958 2968 3200 154383
1377798900 3194 153902 3200 154383
1377798600 1696 10081 2178 10129
1377798300 2170 2939 2178 2949
1377798000 0 0 0 0
1377797700 0 0 0 0
1377797400 0 0 0 0
1377797100 0 0 0 0
1377796800 0 0 0 0
1377796500 0 0 0 0
1377796200 0 0 0 0
1377795900 0 0 0 9
1377795600 0 11 234 855
1377795300 234 856 235 1149
1377795000 242 1153 1355 1797
1377794700 1351 1793 1355 1797
1377794400 223 866 334 973
1377794100 334 972 405 973
1377793800 404 890 405 1572
1377793500 312 1567 313 1572
1377793200 185 853 232 854
1377792900 231 836 232 838
1377792600 130 684 171 802
1377792300 171 803 405 1370
1377792000 403 1366 405 1370
1377791700 234 808 235 809
1377791400 125 755 219 756
1377791100 219 754 242 3386
1377790800 242 3378 327 3386
1377790500 326 1087 327 1384
1377790200 323 1381 324 1384
1377789900 256 1065 370 1066
1377789600 368 915 370 917
1377789300 193 683 416 872
1377789000 422 876 2286 2164
1377788700 2279 2159 2286 2164
1377788400 271 788 293 937
1377788100 291 935 293 937
1377787800 134 755 182 758
1377787500 187 765 1063 1825
1377787200 1064 1837 1218 3661
1377786900 1235 3791 3859 23161
1377786600 3854 23142 3859 23161
1377786300 2543 17542 2549 17623
1377786000 1737 5538 1748 5570
1377785700 121 772 238 796
1377785400 241 801 1298 2428
1377785100 1304 2433 2308 3266
1377784800 2305 3273 2308 4414
1377784500 1948 4415 1952 4652
1377784200 1424 4651 1526 4652
1377783900 1524 4496 1526 5400
1377783600 1293 5413 3259 9523
1377783300 3267 9608 4483 22409
1377783000 4474 22346 4483 22409
1377782700 1996 3493 2010 3517
1377782400 0 0 0 0
1377782100 0 0 0 0
1377781800 0 0 0 0
1377781500 0 0 0 0
1377781200 0 0 0 0
1377780900 0 0 0 0
1377780600 0 0 0 0
1377780300 0 0 0 0
1377780000 0 0 0 0
1377779700 0 0 0 0
1377779400 0 0 0 0
1377779100 0 0 0 0
1377778800 0 0 0 0
1377778500 0 0 0 0
1377778200 0 0 0 0
1377777900 0 0 0 0
1377777600 0 0 0 0
1377777300 0 0 0 0
1377777000 0 0 0 0
1377776700 0 0 0 0
1377776400 0 0 0 0
1377776100 0 0 0 0
1377775800 0 0 0 0
1377775500 0 0 0 0
1377775200 0 0 0 0
1377774900 0 0 0 0
1377774600 0 0 0 0
1377774300 0 0 0 0
1377774000 0 0 0 0
1377773700 0 0 0 0
1377773400 0 0 0 0
1377773100 0 0 0 0
1377772800 0 0 0 0
1377772500 0 0 0 0
1377772200 0 0 0 0
1377771900 0 0 0 0
1377771600 0 0 0 0
1377771300 0 0 0 0
1377771000 0 0 0 0
1377770700 0 0 0 0
1377770400 0 0 0 0
1377770100 0 0 0 0
1377769800 0 0 0 0
1377769500 0 0 0 0
1377769200 0 0 0 0
1377768900 0 0 0 0
1377768600 0 0 0 0
1377768300 0 0 0 0
1377768000 0 0 0 0
1377767700 0 0 0 0
1377767400 0 0 0 0
1377767100 0 0 0 0
1377766800 0 0 0 0
1377766500 0 0 0 0
1377766200 0 0 0 0
1377765900 0 0 0 0
1377765600 0 0 0 0
1377765300 0 0 0 0
1377765000 0 0 0 0
1377764700 0 0 0 0
1377764400 0 0 0 0
1377764100 0 0 0 0
1377763800 0 0 0 0
1377763500 0 0 0 0
1377763200 0 0 0 0
1377762900 0 0 0 0
1377762600 0 0 0 0
1377762300 0 0 0 0
1377762000 0 0 0 0
1377761700 0 0 0 0
1377761400 0 0 0 0
1377761100 0 0 0 0
1377760800 0 0 0 0
1377760500 0 0 0 0
1377760200 0 0 0 0
1377759900 0 0 0 0
1377759600 0 0 0 0
1377759300 0 0 0 0
1377759000 0 0 0 0
1377758700 0 0 0 0
1377758400 0 0 0 0
1377758100 0 0 0 0
1377757800 0 0 0 0
1377757500 0 0 0 0
1377757200 0 0 0 0
1377756900 0 0 0 0
1377756600 0 0 0 0
1377756300 0 0 0 0
1377756000 0 0 0 0
1377755700 0 0 0 0
1377755400 0 0 0 0
1377755100 0 0 0 0
1377754800 0 0 0 0
1377754500 0 0 0 0
1377754200 0 0 0 0
1377753900 0 0 0 0
1377753600 0 0 0 0
1377753300 0 0 0 0
1377753000 0 0 0 0
1377752700 0 0 0 0
1377752400 0 0 0 0
1377752100 0 0 0 0
1377751800 0 0 0 0
1377751500 0 0 0 0
1377751200 0 0 0 0
1377750900 0 0 0 0
1377750600 0 0 0 0
1377750300 0 0 0 0
1377750000 0 0 0 0
1377749700 0 0 0 0
1377749400 0 0 0 0
1377749100 0 0 0 0
1377748800 0 0 0 0
1377748500 0 0 0 0
1377748200 0 0 0 0
1377747900 0 0 0 0
1377747600 0 0 0 0
1377747300 0 0 0 0
1377747000 0 0 0 0
1377746700 0 0 0 0
1377746400 0 0 0 0
1377746100 0 0 0 0
1377745800 0 0 0 0
1377745500 0 0 0 0
1377745200 0 0 0 0
1377744900 0 0 0 0
1377744600 0 0 0 0
1377744300 0 0 0 0
1377744000 0 0 0 0
1377743700 0 0 0 0
1377743400 0 0 0 0
1377743100 0 0 0 0
1377742800 0 0 0 0
1377742500 0 0 0 0
1377742200 0 0 0 0
1377741900 0 0 0 0
1377741600 0 0 0 0
1377741300 0 0 0 0
1377741000 0 0 0 0
1377740700 0 0 0 0
1377740400 0 0 0 0
1377740100 0 0 0 0
1377739800 0 0 0 0
1377739500 0 0 0 0
1377739200 0 0 0 0
1377738900 0 0 0 0
1377738600 0 0 0 0
1377738300 0 0 0 0
1377738000 0 0 0 0
1377737700 0 0 0 0
1377737400 0 0 0 0
1377737100 0 0 0 0
1377736800 0 0 0 0
1377736500 0 0 0 0
1377736200 0 0 0 0
1377735900 0 0 0 0
1377735600 0 0 0 0
1377735300 0 0 0 0
1377735000 0 0 0 0
1377734700 0 0 0 0
1377734400 0 0 0 0
1377734100 0 0 0 0
1377733800 0 0 0 0
1377733500 0 0 0 0
1377733200 0 0 3 15
1377732900 5 21 422 979
1377732600 420 977 422 979
1377732300 118 652 119 653
1377732000 102 583 166 696
1377731700 165 695 166 696
1377731400 114 536 148 639
1377731100 147 638 148 639
1377730800 49 541 112 585
1377730500 112 584 112 585
1377730200 111 580 112 581
1377729900 64 561 193 961
1377729600 192 958 193 961
1377729300 162 620 163 621
1377729000 37 547 115 675
1377728700 115 675 184 695
1377728400 183 694 184 695
1377728100 113 675 835 4120
1377727800 841 4258 1843 24904
1377727500 1831 24742 1843 24904
1377727200 167 712 168 713
1377726900 84 708 137 722
1377726600 136 721 137 722
1377726300 81 653 2079 2040
1377726000 2066 2030 2079 2040
1377725700 160 676 161 744
1377725400 107 745 216 918
1377725100 217 917 399 918
1377724800 398 812 399 831
1377724500 181 831 412 947
1377724200 410 947 412 957
1377723900 224 955 226 957
1377723600 57 711 109 736
1377723300 109 735 151 736
1377723000 150 710 151 724
1377722700 109 724 192 827
1377722400 191 827 192 855
1377722100 178 853 179 855
1377721800 112 688 113 761
1377721500 105 760 112 761
1377721200 112 735 142 878
1377720900 141 878 142 929
1377720600 106 927 207 929
1377720300 213 772 2103 1902
1377720000 2096 1899 2103 1902
1377719700 247 1066 248 1068
1377719400 113 731 229 4643
1377719100 238 4688 1712 11449
1377718800 1711 11360 1712 11449
1377718500 1680 2614 1697 2641
1377718200 0 0 0 0
1377717900 0 0 0 0
1377717600 0 0 0 0
1377717300 0 1 131 417
1377717000 130 417 131 686
1377716700 101 687 148 863
1377716400 149 863 438 1009
1377716100 435 1006 438 1009
1377715800 104 661 108 772
1377715500 108 772 237 793
1377715200 237 793 330 937
1377714900 341 959 2055 4382
1377714600 2053 4379 2055 4382
1377714300 1707 3666 1711 3669
1377714000 1113 3340 1118 3354
1377713700 528 1401 4950 12932
1377713400 4949 12942 4950 16198
1377713100 4676 16513 5402 63558
1377712800 5378 63154 5402 63558
1377712500 1869 3085 1876 3096
1377712200 0 0 0 0
1377711900 0 0 0 0
1377711600 0 0 0 0
1377711300 0 0 0 0
1377711000 0 0 0 0
1377710700 0 0 67 118
1377710400 67 120 104 857
1377710100 105 857 304 964
1377709800 302 962 304 964
1377709500 46 674 125 790
1377709200 124 789 125 790
1377708900 58 755 179 1006
1377708600 181 1030 494 4637
1377708300 491 4610 494 4637
1377708000 106 729 107 797
1377707700 68 896 1294 15661
1377707400 1288 15563 1294 15661
1377707100 395 1012 396 1169
1377706800 413 1261 3127 15007
1377706500 3129 15008 3872 15346
1377706200 3855 15260 3872 15346
1377705900 1424 2598 3309 14306
1377705600 3298 14260 3309 14306
1377705300 231 633 232 863
1377705000 168 864 250 1026
1377704700 249 1024 250 1026
1377704400 179 815 347 998
1377704100 363 1118 2836 19037
1377703800 2841 19019 4566 19037
1377703500 4563 13747 4566 24355
1377703200 3815 24343 4263 24355
1377702900 4268 21060 6023 43774
1377702600 5992 43528 6023 43774
1377702300 1449 6863 1451 6879
1377702000 957 2193 958 5395
1377701700 953 5366 958 5395
1377701400 267 1175 268 1177
1377701100 224 870 271 989
1377700800 278 1006 1347 3659
1377700500 1347 3658 1357 3659
1377700200 1362 3604 2220 14159
1377699900 2216 14123 2220 14159
1377699600 1716 8822 1719 8842
1377699300 855 2871 856 2880
1377699000 793 2089 2767 73324
1377698700 2773 73863 4729 235295
1377698400 4709 233780 4729 235295
1377698100 1864 8042 1870 8066
1377697800 367 1199 1885 9211
1377697500 1898 9201 3906 9211
1377697200 3879 7737 3906 7789
1377696900 0 0 0 0
1377696600 0 0 0 0
1377696300 0 0 0 0
1377696000 0 0 0 0
1377695700 0 0 0 0
1377695400 0 0 0 0
1377695100 0 0 0 0
1377694800 0 0 0 0
1377694500 0 0 0 0
1377694200 0 0 0 0
1377693900 0 0 0 0
1377693600 0 0 0 0
1377693300 0 0 0 0
1377693000 0 0 0 0
1377692700 0 0 0 0
1377692400 0 0 0 0
1377692100 0 0 0 0
1377691800 0 0 0 0
1377691500 0 0 0 0
1377691200 0 0 0 0
1377690900 0 0 0 0
1377690600 0 0 0 0
1377690300 0 0 0 0
1377690000 0 0 0 0
1377689700 0 0 0 0
1377689400 0 0 0 0
1377689100 0 0 0 0
1377688800 0 0 0 0
1377688500 0 0 0 0
1377688200 0 0 0 0
1377687900 0 0 0 0
1377687600 0 0 0 0
1377687300 0 0 0 0
1377687000 0 0 0 0
1377686700 0 0 0 0
1377686400 0 0 0 0
1377686100 0 0 0 0
1377685800 0 0 0 0
1377685500 0 0 0 0
1377685200 0 0 0 0
1377684900 0 0 0 0
1377684600 0 0 0 0
1377684300 0 0 0 0
1377684000 0 0 0 0
1377683700 0 0 0 0
1377683400 0 0 0 0
1377683100 0 0 0 0
1377682800 0 0 0 0
1377682500 0 0 0 0
1377682200 0 0 0 0
1377681900 0 0 0 0
1377681600 0 0 0 0
1377681300 0 0 0 0
1377681000 0 0 0 0
1377680700 0 0 0 0
1377680400 0 0 0 0
1377680100 0 0 0 0
1377679800 0 0 0 0
1377679500 0 0 0 0
1377679200 0 0 0 0
1377678900 0 0 0 0
1377678600 0 0 0 0
1377678300 0 0 0 0
1377678000 0 0 0 0
1377677700 0 0 0 0
1377677400 0 0 0 0
1377677100 0 0 0 0
1377676800 0 0 0 0
1377676500 0 0 0 0
1377676200 0 0 0 0
1377675900 0 0 0 0
1377675600 0 0 0 0
1377675300 0 0 0 0
1377675000 0 0 0 0
1377674700 0 0 0 0
1377674400 0 0 0 0
1377674100 0 0 0 0
1377673800 0 0 0 0
1377673500 0 0 0 0
1377673200 0 0 0 0
1377672900 0 0 0 0
1377672600 0 0 0 0
1377672300 0 0 0 0
1377672000 0 0 0 0
1377671700 0 0 0 0
1377671400 0 0 0 0
1377671100 0 0 0 0
1377670800 0 0 0 0
1377670500 0 0 0 0
1377670200 0 0 0 0
1377669900 0 0 0 0
1377669600 0 0 0 0
1377669300 0 0 0 0
1377669000 0 0 0 0
1377668700 0 0 0 0
1377668400 0 0 0 0
1377668100 0 0 0 0
1377667800 0 0 0 0
1377667500 0 0 0 0
1377667200 0 0 0 0
1377666900 0 0 0 0
1377666600 0 0 0 0
1377666300 0 0 0 0
1377666000 0 0 0 0
1377665700 0 0 0 0
1377665400 0 0 0 0
1377665100 0 0 0 0
1377664800 0 0 0 0
1377664500 0 0 0 0
1377664200 0 0 0 0
1377663900 0 0 0 0
1377663600 0 0 0 0
1377663300 0 0 0 0
1377663000 0 0 0 0
1377662700 0 0 0 0
1377662400 0 0 0 0
1377662100 0 0 0 0
1377661800 0 0 0 0
1377661500 0 0 0 0
1377661200 0 0 0 0
1377660900 0 0 0 0
1377660600 0 0 0 0
1377660300 0 0 0 0
1377660000 0 0 0 0
1377659700 0 0 0 0
1377659400 0 0 0 0
1377659100 0 0 0 0
1377658800 0 0 0 0
1377658500 0 0 0 0
1377658200 0 0 0 0
1377657900 0 0 0 0
1377657600 0 0 0 0
1377657300 0 0 0 0
1377657000 0 0 0 0
1377656700 0 0 0 0
1377656400 0 0 0 0
1377656100 0 0 0 0
1377655800 0 0 0 0
1377655500 0 0 0 0
1377655200 0 0 0 0
1377654900 0 0 0 0
1377654600 0 0 0 0
1377654300 0 0 0 0
1377654000 0 0 0 0
1377653700 0 0 0 0
1377653400 0 0 0 0
1377653100 0 0 0 0
1377652800 0 0 0 0
1377652500 0 0 0 0
1377652200 0 0 0 0
1377651900 0 0 0 0
1377651600 0 0 0 0
1377651300 0 0 0 0
1377651000 0 0 0 0
1377650700 0 0 0 0
1377650400 0 0 0 0
1377650100 0 0 0 0
1377649800 0 0 0 0
1377649500 0 0 0 0
1377649200 0 0 0 0
1377648900 0 0 0 0
1377648600 0 0 0 0
1377648300 0 0 0 0
1377648000 0 0 0 0
1377647700 0 0 0 0
1377647400 0 0 0 0
1377647100 0 0 0 0
1377646800 0 0 0 0
1377646500 0 0 0 0
1377646200 0 0 0 0
1377645900 0 0 0 0
1377645600 0 0 0 0
1377645300 0 0 0 0
1377645000 0 0 0 0
1377644700 0 0 0 0
1377644400 0 0 0 0
1377644100 0 0 0 0
1377643800 0 0 0 0
1377643500 0 0 0 0
1377643200 0 0 1 4
1377642900 3 9 362 787
1377642600 363 788 518 1002
1377642300 515 1001 518 1002
1377642000 187 974 188 976
1377641700 99 605 288 1161
1377641400 288 1161 363 1208
1377641100 362 1206 363 1208
1377640800 165 804 753 1815
1377640500 756 1818 1666 2901
1377640200 1661 2894 1666 2901
1377639900 346 837 348 839
1377639600 93 668 332 894
1377639300 341 902 1818 2138
1377639000 1807 2129 1818 2138
1377638700 288 869 1223 3508
1377638400 1215 3489 1223 3508
1377638100 55 728 121 889
1377637800 121 889 225 987
1377637500 224 984 225 987
1377637200 114 647 115 648
1377636900 70 635 113 895
1377636600 112 894 113 895
1377636300 85 702 86 703
1377636000 41 663 130 1179
1377635700 129 1177 130 1179
1377635400 35 645 182 795
1377635100 181 796 182 967
1377634800 144 965 145 967
1377634500 45 692 49 758
1377634200 52 774 992 5673
1377633900 1025 6161 5958 78931
1377633600 5918 78409 5958 78931
1377633300 54 801 108 24795
1377633000 108 24804 311 27681
1377632700 317 27614 2271 27681
1377632400 2264 7575 2271 7598
1377632100 351 834 352 835
1377631800 97 815 98 816
1377631500 90 667 170 744
1377631200 169 743 170 744
1377630900 87 738 295 1321
1377630600 334 1493 6251 27165
1377630300 6230 27074 6251 27165
1377630000 0 0 0 0
1377629700 0 0 0 0
1377629400 0 0 0 0
1377629100 0 0 0 0
1377628800 0 0 0 0
1377628500 0 0 0 0
1377628200 0 2 95 301
1377627900 95 302 101 650
1377627600 101 650 170 677
1377627300 170 677 191 777
1377627000 191 777 218 881
1377626700 227 972 1656 14588
1377626400 1652 14544 1656 14588
1377626100 570 1451 574 1455
1377625800 532 1107 2028 3554
1377624600 122 570 228 995
1377622800 576 1841 1812 6572
1377621000 1572 5622 3502 14062
1377619200 390 1865 1222 6060
1377617400 576 1547 2810 14922
1377615600 3449 19800 6094 45860
1377613800 2262 8192 3318 16728
1377612000 0 0 0 0
1377610200 0 0 0 0
1377608400 0 0 0 0
1377606600 0 0 0 0
1377604800 0 0 0 0
1377603000 0 0 0 0
1377601200 0 0 0 0
1377599400 0 0 0 0
1377597600 0 0 0 0
1377595800 0 0 0 0
1377594000 0 0 0 0
1377592200 0 0 0 0
1377590400 0 0 0 0
1377588600 0 0 0 0
1377586800 0 0 0 0
1377585000 0 0 0 0
1377583200 0 0 0 0
1377581400 0 0 0 0
1377579600 0 0 0 0
1377577800 0 0 0 0
1377576000 0 0 0 0
1377574200 0 0 0 0
1377572400 0 0 0 0
1377570600 0 0 0 0
1377568800 0 0 0 0
1377567000 0 0 0 0
1377565200 0 0 0 0
1377563400 0 0 0 0
1377561600 156 384 606 1141
1377559800 218 662 451 882
1377558000 173 729 293 929
1377556200 200 824 388 3344
1377554400 249 1325 939 3344
1377552600 1791 9960 5947 35879
1377550800 1258 5595 58554 18271
1377549000 16748 5484 58554 9513
1377547200 4075 3404 13712 9226
1377545400 6532 4863 13712 9226
1377543600 1412 8476 4162 33915
1377541800 0 4 162 2699
1377540000 333 2427 1308 8457
1377538200 348 1129 1056 2796
1377536400 2193 3534 14722 16248
1377534600 3466 5744 14722 16248
1377532800 1883 9092 3709 20930
1377531000 2269 14660 7164 122152
1377529200 2756 28071 7164 122152
1377527400 937 5320 18956 1030562
1377525600 3734 172572 18956 1030562
1377523800 0 0 0 0
1377522000 0 0 0 0
1377520200 0 0 0 0
1377518400 0 0 0 0
1377516600 0 0 0 0
1377514800 0 0 0 0
1377513000 0 0 0 0
1377511200 0 0 0 0
1377509400 0 0 0 0
1377507600 0 0 0 0
1377505800 0 0 0 0
1377504000 0 0 0 0
1377502200 0 0 0 0
1377500400 0 0 0 0
1377498600 0 0 0 0
1377496800 0 0 0 0
1377495000 0 0 0 0
1377493200 0 0 0 0
1377491400 0 0 0 0
1377489600 0 0 0 0
1377487800 0 0 0 0
1377486000 0 0 0 0
1377484200 0 0 0 0
1377482400 0 0 0 0
1377480600 0 0 0 0
1377478800 0 0 0 0
1377477000 0 0 0 0
1377475200 386 905 1520 4291
1377473400 643 1363 2592 6851
1377471600 0 0 0 0
1377469800 0 0 0 0
1377468000 0 0 0 0
1377466200 112 284 308 619
1377464400 5130 5598 21767 16970
1377462600 316 705 638 872
1377460800 159 585 250 766
1377459000 1872 8581 4343 28114
1377457200 0 0 0 0
1377455400 0 0 0 0
1377453600 0 0 0 0
1377451800 0 0 0 0
1377450000 0 0 0 0
1377448200 0 0 0 0
1377446400 0 0 0 0
1377444600 0 0 0 0
1377442800 0 0 0 0
1377441000 0 0 0 0
1377439200 0 0 0 0
1377437400 0 0 0 0
1377435600 0 0 0 0
1377433800 0 0 0 0
1377432000 0 0 0 0
1377430200 0 0 0 0
1377428400 0 0 0 0
1377426600 0 0 0 0
1377424800 0 0 0 0
1377423000 0 0 0 0
1377421200 0 0 0 0
1377419400 0 0 0 0
1377417600 0 0 0 0
1377415800 0 0 0 0
1377414000 0 0 0 0
1377412200 0 0 0 0
1377410400 0 0 0 0
1377408600 0 0 0 0
1377406800 0 0 0 0
1377405000 0 0 0 0
1377403200 0 0 0 0
1377401400 0 0 0 0
1377399600 0 0 0 0
1377397800 0 0 0 0
1377396000 0 0 0 0
1377394200 0 0 0 0
1377392400 0 0 0 0
1377390600 0 0 0 0
1377388800 1405 6093 3630 16712
1377387000 203 661 2490 7951
1377385200 2641 6836 5718 20367
1377383400 0 0 0 0
1377381600 0 0 0 0
1377379800 0 0 0 0
1377378000 0 0 180 193
1377376200 211 552 2616 9076
1377374400 490 1902 2616 9076
1377372600 58 481 155 777
1377370800 563 1265 1884 3483
1377369000 1835 21393 5898 99628
1377367200 1602 5670 3856 16287
1377365400 0 0 0 0
1377363600 0 0 0 0
1377361800 0 0 0 0
1377360000 0 0 0 0
1377358200 0 0 0 0
1377356400 0 0 0 0
1377354600 0 0 0 0
1377352800 0 0 0 0
1377351000 0 0 0 0
1377349200 0 0 0 0
1377347400 0 0 0 0
1377345600 0 0 0 0
1377343800 0 0 0 0
1377342000 0 0 0 0
1377340200 0 0 0 0
1377338400 0 0 0 0
1377336600 0 0 0 0
1377334800 0 0 0 0
1377333000 0 0 0 0
1377331200 0 0 0 0
1377329400 0 0 0 0
1377327600 0 0 0 0
1377325800 0 0 0 0
1377324000 0 0 0 0
1377322200 0 0 0 0
1377320400 0 0 0 0
1377318600 0 0 0 0
1377316800 0 0 0 0
1377315000 0 0 0 0
1377313200 0 0 0 0
1377311400 0 0 0 0
1377309600 0 0 0 0
1377307800 0 0 0 0
1377306000 0 0 0 0
1377304200 0 0 0 0
1377302400 465 3667 1519 19114
1377300600 312 719 467 999
1377298800 211 597 245 698
1377297000 236 687 377 829
1377295200 628 1126 2607 2328
1377293400 829 2081 4420 10481
1377291600 0 0 0 0
1377289800 0 0 0 0
1377288000 73 333 239 970
1377286200 572 1267 3024 5396
1377284400 89 383 266 910
1377282600 1157 6628 2670 17577
1377280800 3338 18091 4778 42035
1377279000 356 1063 692 3816
1377277200 863 3024 2370 6689
1377275400 244 1149 2228 11955
1377273600 3706 8886 8688 18885
1377271800 641 2379 1397 6900
1377270000 850 1587 3005 2758
1377268200 610 1260 2532 2555
1377266400 1725 3843 3632 10675
1377264600 0 0 0 0
1377262800 0 0 0 0
1377261000 0 0 0 0
1377259200 0 0 0 0
1377257400 0 0 0 0
1377255600 0 0 0 0
1377253800 0 0 0 0
1377252000 0 0 0 0
1377250200 0 0 0 0
1377248400 0 0 0 0
1377246600 0 0 0 0
1377244800 0 0 0 0
1377243000 0 0 0 0
1377241200 0 0 0 0
1377239400 0 0 0 0
1377237600 0 0 0 0
1377235800 0 0 0 0
1377234000 0 0 0 0
1377232200 0 0 0 0
1377230400 0 0 0 0
1377228600 0 0 0 0
1377226800 0 0 0 0
1377225000 0 0 0 0
1377223200 0 0 0 0
1377221400 837 9433 3240 39909
1377219600 549 1294 1962 2832
1377217800 395 935 764 1554
1377216000 297 874 596 1489
1377214200 207 710 234 757
1377212400 241 774 419 861
1377210600 204 825 255 1022
1377208800 248 1020 398 1464
1377207000 450 1319 2708 2597
1377205200 1657 2858 3233 7464
1377203400 40 170 293 930
1377201600 346 1336 1873 30433
1377199800 428 5256 1873 30433
1377198000 0 0 0 0
1377196200 121 686 207 1123
1377194400 461 1280 2092 4484
1377192600 210 1050 340 1284
1377190800 849 2645 3338 8285
1377189000 2850 5249 9989 20445
1377187200 804 4233 3927 20445
1377185400 631 2706 1990 7818
1377183600 3106 17547 5903 51009
1377181800 2112 20229 3366 81659
1377180000 416 812 2514 4907
1377178200 0 0 0 0
1377176400 0 0 0 0
1377174600 0 0 0 0
1377172800 0 0 0 0
1377171000 0 0 0 0
1377169200 0 0 0 0
1377167400 0 0 0 0
1377165600 0 0 0 0
1377163800 0 0 0 0
1377162000 0 0 0 0
1377160200 0 0 0 0
1377158400 0 0 0 0
1377156600 0 0 0 0
1377154800 0 0 0 0
1377153000 0 0 0 0
1377151200 0 0 0 0
1377149400 0 0 0 0
1377147600 0 0 0 0
1377145800 0 0 0 0
1377144000 0 0 0 0
1377142200 0 0 0 0
1377140400 0 0 0 0
1377138600 0 0 0 0
1377136800 0 0 0 0
1377135000 0 0 0 0
1377133200 0 0 0 0
1377131400 0 0 0 0
1377129600 0 0 132 454
1377127800 349 855 965 1464
1377126000 167 8812 580 49162
1377124200 1020 4550 3272 12707
1377122400 684 1699 3176 3395
1377120600 187 1085 285 1390
1377118800 172 1466 263 2345
1377117000 180 965 323 1229
1377115200 690 1373 2766 4648
1377113400 194 10785 1766 60002
1377111600 4772 7927 19507 13500
1377109800 2283 6677 6583 19246
1377108000 0 0 0 0
1377106200 80 316 261 1503
1377104400 196 1004 328 1503
1377102600 186 876 270 2177
1377100800 416 1363 1205 2177
1377099000 723 3323 1389 8027
1377097200 3122 12283 7171 43838
1377095400 3461 12504 5216 20427
1377093600 1390 4224 6105 13201
1377091800 0 0 0 0
1377090000 0 0 0 0
1377088200 0 0 0 0
1377086400 0 0 0 0
1377084600 0 0 0 0
1377082800 0 0 0 0
1377081000 0 0 0 0
1377079200 0 0 0 0
1377077400 0 0 0 0
1377075600 0 0 0 0
1377073800 0 0 0 0
1377072000 0 0 0 0
1377070200 0 0 0 0
1377068400 0 0 0 0
1377066600 0 0 0 0
1377064800 0 0 0 0
1377063000 0 0 0 0
1377061200 0 0 0 0
1377059400 0 0 0 0
1377057600 0 0 0 0
1377055800 0 0 0 0
1377054000 0 0 0 0
1377052200 0 0 0 0
1377050400 0 0 0 0
1377048600 0 0 0 0
1377046800 0 0 0 0
1377045000 0 4 1385 4518
1377043200 663 11699 1385 62336
1377041400 1460 2686 3766 10227
1377039600 779 2624 4302 14687
1377037800 0 0 0 0
1377036000 0 0 0 0
1377034200 0 0 0 0
1377032400 0 2 1525 5969
1377030600 1170 5876 2054 10094
1377028800 203 991 285 1452
1377027000 921 1559 2532 2464
1377025200 1018 2856 3723 11716
1377023400 205 999 3266 49330
1377021600 6145 166430 8475 281373
1377019800 6071 153237 7109 196761
1377018000 5743 134119 7452 216397
1377016200 1485 11216 4016 39294
1377014400 5941 10241 27365 34637
1377012600 331 935 1023 1337
1377010800 1527 5249 2506 9326
1377009000 948 2540 2033 6681
1377007200 878 2385 4188 9813
1377005400 0 0 0 0
1377003600 0 0 0 0
1377001800 0 0 0 0
1377000000 0 0 0 0
1376998200 0 0 0 0
1376996400 0 0 0 0
1376994600 0 0 0 0
1376992800 0 0 0 0
1376991000 0 0 0 0
1376989200 0 0 0 0
1376987400 0 0 0 0
1376985600 0 0 0 0
1376983800 0 0 0 0
1376982000 0 0 0 0
1376980200 0 0 0 0
1376978400 0 0 0 0
1376976600 0 0 0 0
1376974800 0 0 0 0
1376973000 0 0 0 0
1376971200 0 0 0 0
1376969400 0 0 0 0
1376967600 0 0 0 0
1376965800 0 0 0 0
1376964000 0 0 0 0
1376962200 0 0 0 0
1376960400 0 0 0 0
1376958600 0 0 0 0
1376956800 0 0 0 0
1376955000 1438 15695 6279 88358
1376953200 2140 53269 4152 153226
1376951400 474 1369 4578 18938
1376949600 1221 4340 4578 18938
1376947800 122 845 2037 2163
1376946000 2014 9438 4385 34434
1376944200 1480 2171 4695 5447
1376942400 518 1482 1440 3596
1376940600 1 0 11 4
1376938800 79 529 193 947
1376937000 2212 5363 5579 9670
1376935200 0 0 0 0
1376933400 0 0 316 645
1376931600 197 819 784 1676
1376929800 293 1093 784 3954
1376928000 1356 5489 4781 18001
1376926200 4198 23711 7684 56551
1376924400 2460 10103 3533 16201
1376922600 2529 10857 5374 45565
1376920800 634 7560 3835 45565
1376919000 0 0 0 0
1376917200 0 0 0 0
1376915400 0 0 0 0
1376913600 0 0 0 0
1376911800 0 0 0 0
1376910000 0 0 0 0
1376908200 0 0 0 0
1376906400 0 0 0 0
1376904600 0 0 0 0
1376902800 0 0 0 0
1376901000 0 0 0 0
1376899200 0 0 0 0
1376897400 0 0 0 0
1376895600 0 0 0 0
1376893800 0 0 0 0
1376892000 0 0 0 0
1376890200 0 0 0 0
1376888400 0 0 0 0
1376886600 0 0 0 0
1376884800 0 0 0 0
1376883000 0 0 0 0
1376881200 0 0 0 0
1376879400 0 0 0 0
1376877600 0 0 0 0
1376875800 0 0 0 0
1376874000 0 0 0 0
1376872200 0 0 0 0
1376870400 0 16 886 31568
1376868600 1367 53372 4788 272932
1376866800 804 12404 4905 245525
1376865000 5066 56134 7496 245525
1376863200 1334 14187 4177 64274
1376861400 0 0 0 0
1376859600 0 0 0 0
1376857800 0 0 0 0
1376856000 0 0 0 0
1376854200 0 0 0 0
1376852400 0 0 0 0
1376850600 0 0 0 0
1376848800 0 0 0 0
1376847000 0 0 0 0
1376845200 0 0 0 0
1376843400 0 0 0 0
1376841600 0 0 0 0
1376839800 0 0 0 0
1376838000 0 0 0 0
1376836200 0 0 0 0
1376834400 0 0 0 0
1376832600 0 0 0 0
1376830800 0 0 0 0
1376829000 0 0 0 0
1376827200 0 0 0 0
1376825400 0 0 0 0
1376823600 0 0 0 0
1376821800 0 0 0 0
1376820000 0 0 0 0
1376818200 0 0 0 0
1376816400 0 0 0 0
1376814600 0 0 0 0
1376812800 0 0 0 0
1376811000 0 0 0 0
1376809200 0 0 0 0
1376807400 0 0 0 0
1376805600 0 0 0 0
1376803800 0 0 0 0
1376802000 0 0 0 0
1376800200 0 0 0 0
1376798400 0 0 0 0
1376796600 0 0 0 0
1376794800 0 0 0 0
1376793000 0 0 0 0
1376791200 0 0 0 0
1376789400 0 0 0 0
1376787600 0 0 0 0
1376785800 0 0 0 0
1376784000 0 0 0 0
1376782200 1574 35083 5263 192313
1376780400 653 1920 909 2345
1376778600 641 1965 3211 5729
1376776800 2995 7062 6542 16219
1376775000 974 1709 1870 2368
1376773200 1050 5041 3484 17681
1376771400 2241 8380 4175 16249
1376769600 0 0 0 0
1376767800 0 0 0 0
1376766000 0 0 0 0
1376764200 0 0 0 0
1376762400 0 0 0 0
1376760600 0 0 0 0
1376758800 0 0 0 0
1376757000 0 0 0 0
1376755200 0 0 0 0
1376753400 0 0 0 0
1376751600 0 0 0 0
1376749800 0 0 0 0
1376748000 0 0 0 0
1376746200 0 0 0 0
1376744400 0 0 0 0
1376742600 0 0 0 0
1376740800 0 0 0 0
1376739000 0 0 0 0
1376737200 0 0 0 0
1376735400 0 0 0 0
1376733600 0 0 0 0
1376731800 0 0 0 0
1376730000 0 0 0 0
1376728200 0 0 0 0
1376726400 0 0 0 0
1376724600 0 0 0 0
1376722800 0 0 0 0
1376721000 0 0 0 0
1376719200 0 0 0 0
1376717400 0 0 0 0
1376715600 0 0 0 0
1376713800 0 0 0 0
1376712000 0 0 0 0
1376710200 0 0 0 0
1376708400 0 0 0 0
1376706600 0 0 0 0
1376704800 0 0 0 0
1376703000 0 0 0 0
1376701200 0 0 0 0
1376699400 0 0 0 0
1376697600 7 20 477 954
1376695800 1601 14028 4364 110340
1376694000 2222 23236 4448 110340
1376692200 184 709 227 798
1376690400 205 792 252 865
1376688600 535 2790 1431 10358
1376686800 1135 5704 3167 14879
1376685000 1614 10733 3167 29039
1376683200 2454 16885 6456 42112
1376681400 0 0 0 0
1376679600 0 0 0 0
1376677800 0 0 0 0
1376676000 0 0 0 0
1376674200 57 174 348 1047
1376672400 226 929 599 1437
1376670600 20878 10818 118159 40745
1376668800 1851 6744 4083 17979
1376667000 358 1211 1260 3093
1376665200 2971 9077 6545 22728
1376663400 280 492 1693 2976
1376661600 49 280 125 868
1376659800 2026 3741 6373 10671
1376658000 0 0 0 0
1376656200 0 0 0 0
1376654400 0 0 0 0
1376652600 0 0 0 0
1376650800 0 0 0 0
1376649000 0 0 0 0
1376647200 0 0 0 0
1376645400 0 0 0 0
1376643600 0 0 0 0
1376641800 0 0 0 0
1376640000 0 0 0 0
1376638200 0 0 0 0
1376636400 0 0 0 0
1376634600 0 0 0 0
1376632800 0 0 0 0
1376631000 0 0 0 0
1376629200 0 0 0 0
1376627400 0 0 0 0
1376625600 0 0 0 0
1376623800 0 0 0 0
1376622000 0 0 0 0
1376620200 0 0 0 0
1376618400 0 0 0 0
1376616600 0 0 0 0
1376614800 0 0 0 0
1376613000 36 203 164 727
1376611200 146 655 250 788
1376609400 187 750 263 840
1376607600 2074 6627 9538 32200
1376605800 1885 5811 2978 11181
1376604000 1259 2950 1889 3794
1376602200 1425 4433 2444 8455
1376600400 1888 7635 5229 27219
1376598600 968 2331 2933 6026
1376596800 178 702 295 943
1376595000 882 2477 1848 6941
1376593200 1678 3764 9059 17340
1376591400 432 1389 1895 4232
1376589600 0 0 0 0
1376587800 0 0 0 0
1376586000 166 792 278 1220
1376584200 1152 3669 2806 7337
1376582400 620 1253 1204 1878
1376580600 1228 6061 4503 24944
1376578800 2802 8186 6649 18113
1376577000 2321 10362 3725 17712
1376575200 476 1435 2171 4454
1376573400 0 0 0 0
1376571600 0 0 0 0
1376569800 0 0 0 0
1376568000 0 0 0 0
1376566200 0 0 0 0
1376564400 0 0 0 0
1376562600 0 0 0 0
1376560800 0 0 0 0
1376559000 0 0 0 0
1376557200 0 0 0 0
1376555400 0 0 0 0
1376553600 0 0 0 0
1376551800 0 0 0 0
1376550000 0 0 0 0
1376548200 0 0 0 0
1376546400 0 0 0 0
1376544600 0 0 0 0
1376539200 0 0 0 0
1376532000 0 0 0 0
1376524800 290 3014 1434 45964
1376517600 2151 8974 11425 72445
1376510400 953 7728 8969 55111
1376503200 891 6993 5024 65799
1376496000 1983 15241 9801 167447
1376488800 224 804 2722 9703
1376481600 0 0 0 0
1376474400 0 0 0 0
1376467200 0 0 0 0
1376460000 0 0 0 0
1376452800 0 0 0 0
1376445600 0 0 0 0
1376438400 183 642 409 1899
1376431200 619 4160 3256 18548
1376424000 530 5782 4326 76249
1376416800 668 4566 3651 39619
1376409600 1337 12498 7560 97301
1376402400 604 3137 7560 38918
1376395200 0 0 0 0
1376388000 0 0 0 0
1376380800 0 0 0 0
1376373600 0 0 0 0
1376366400 0 0 0 0
1376359200 0 0 0 0
1376352000 412 918 3764 3571
1376344800 2447 7958 42870 51546
1376337600 2746 9203 14513 88558
1376330400 723 8683 7279 168845
1376323200 2143 9732 10492 167315
1376316000 603 8231 7563 167315
1376308800 0 0 0 0
1376301600 0 0 0 0
1376294400 0 0 0 0
1376287200 0 0 0 0
1376280000 0 0 0 0
1376272800 0 0 0 0
1376265600 0 0 0 0
1376258400 103 690 2772 16547
1376251200 979 2879 5521 16560
1376244000 0 0 0 0
1376236800 0 0 0 0
1376229600 0 0 0 0
1376222400 0 0 0 0
1376215200 0 0 0 0
1376208000 0 0 0 0
1376200800 0 0 0 0
1376193600 0 0 0 0
1376186400 0 0 0 0
1376179200 1013 1866 14666 20565
1376172000 0 0 0 0
1376164800 0 0 0 0
1376157600 0 0 0 0
1376150400 0 0 0 0
1376143200 0 0 0 0
1376136000 0 0 0 0
1376128800 0 0 0 0
1376121600 0 0 0 0
1376114400 0 0 0 0
1376107200 0 0 0 0
1376100000 0 0 0 0
1376092800 324 1032 4083 29688
1376085600 1735 6545 4083 29688
1376078400 644 14305 5945 324054
1376071200 1305 6405 8781 55843
1376064000 1000 1991 3708 9201
1376056800 629 1820 5255 17457
1376049600 0 0 0 0
1376042400 0 0 0 0
1376035200 0 0 0 0
1376028000 0 0 0 0
1376020800 0 0 0 0
1376013600 5 10 1080 1766
1376006400 1013 2571 2423 17551
1375999200 859 3881 3647 22875
1375992000 47 330 1006 7093
1375984800 1719 8361 7816 84850
1375977600 1243 5093 6274 38279
1375970400 125 367 3031 8875
1375963200 0 0 0 0
1375956000 0 0 0 0
1375948800 0 0 0 0
1375941600 0 0 0 0
1375934400 0 0 0 0
1375927200 0 0 426 2599
1375920000 422 5627 1956 54117
1375912800 1338 11171 6834 93006
1375905600 171 2947 479 36121
1375898400 195 4273 321 65156
1375891200 1103 6389 4670 34842
1375884000 706 3454 4670 26386
1375876800 0 0 0 0
1375869600 0 0 0 0
1375862400 0 0 0 0
1375855200 0 0 0 0
1375848000 0 0 0 0
1375840800 0 0 0 0
1375833600 520 1236 1024 8930
1375826400 1645 16210 8248 237670
1375819200 1175 5184 6204 49333
1375812000 1613 10906 15042 123914
1375804800 1704 22686 7782 254806
1375797600 173 886 2345 8855
1375790400 0 0 0 0
1375783200 0 0 0 0
1375776000 0 0 0 0
1375768800 0 0 0 0
1375761600 0 0 0 0
1375754400 0 0 0 0
1375747200 0 0 0 0
1375740000 0 0 0 0
1375732800 0 0 0 0
1375725600 0 0 0 0
1375718400 0 0 0 0
1375711200 0 0 0 0
1375704000 0 0 0 0
1375696800 0 0 0 0
1375689600 0 0 0 0
1375682400 0 0 0 0
1375675200 0 0 0 0
1375668000 0 0 0 0
1375660800 0 0 0 0
1375653600 0 0 0 0
1375646400 0 0 0 0
1375639200 0 0 0 0
1375632000 0 0 0 0
1375624800 0 0 0 0
1375617600 0 0 0 0
1375610400 0 0 0 0
1375603200 0 0 0 0
1375596000 0 0 0 0
1375588800 0 0 0 0
1375581600 0 0 0 0
1375574400 0 0 0 0
1375567200 0 0 0 0
1375560000 0 0 0 0
1375552800 0 0 0 0
1375545600 0 0 0 0
1375538400 0 0 0 0
1375531200 0 0 0 0
1375524000 0 0 0 0
1375516800 0 0 0 0
1375509600 0 0 0 0
1375502400 0 0 0 0
1375495200 0 0 0 0
1375488000 0 0 0 0
1375480800 0 0 0 0
1375473600 0 0 0 0
1375466400 0 0 0 0
1375459200 0 0 0 0
1375452000 0 0 0 0
1375444800 0 0 0 0
1375437600 0 0 0 0
1375430400 0 0 0 0
1375423200 0 0 0 0
1375416000 0 0 0 0
1375408800 0 0 0 0
1375401600 0 0 0 0
1375394400 0 0 0 0
1375387200 0 0 0 0
1375380000 0 0 0 0
1375372800 0 0 0 0
1375365600 0 0 0 0
1375358400 0 0 0 0
1375351200 0 0 0 0
1375344000 0 0 0 0
1375336800 0 0 0 0
1375329600 0 0 0 0
1375322400 0 0 0 0
1375315200 0 0 0 0
1375308000 0 0 0 0
1375300800 0 0 0 0
1375293600 0 0 0 0
1375286400 0 0 0 0
1375279200 0 0 0 0
1375272000 0 0 0 0
1375264800 0 0 0 0
1375257600 0 0 0 0
1375250400 0 0 0 0
1375243200 0 0 0 0
1375236000 0 0 0 0
1375228800 0 0 0 0
1375221600 0 0 23 204
1375214400 336 1451 1594 10930
1375207200 382 2585 2142 33368
1375200000 909 3258 6675 19189
1375192800 528 2649 3113 16304
1375185600 0 0 0 0
1375178400 0 0 0 0
1375171200 0 0 0 0
1375164000 0 0 0 0
1375156800 0 0 0 0
1375149600 455 1353 3297 9028
1375142400 623 2521 4523 12100
1375135200 846 3152 6681 32636
1375128000 760 3284 4730 18499
1375120800 551 1815 2703 8965
1375113600 2035 17764 6068 123587
1375106400 1176 9240 6628 59069
1375099200 0 0 0 0
1375092000 0 0 0 0
1375084800 0 0 0 0
1375077600 0 0 0 0
1375070400 0 0 0 0
1375063200 0 0 0 0
1375056000 699 1735 5517 14469
1375048800 202 682 367 1090
1375041600 411 1111 5446 18620
1375034400 0 0 0 0
1375027200 0 0 0 0
1375020000 0 0 0 0
1375012800 0 0 0 0
1375005600 0 0 0 0
1374998400 0 0 0 0
1374991200 0 0 0 0
1374984000 0 0 0 0
1374976800 0 0 0 0
1374969600 473 1743 3370 15479
1374962400 1178 2744 5957 21845
1374955200 1052 6262 5957 91611
1374948000 0 0 0 0
1374940800 0 0 0 0
1374933600 0 0 0 0
1374926400 0 0 0 0
1374919200 0 0 0 0
1374912000 0 0 0 0
1374904800 0 0 0 0
1374897600 0 0 0 0
1374890400 0 0 108 747
1374883200 339 1433 5195 27185
1374876000 1511 6016 6725 30706
1374868800 261 2172 2400 30438
1374861600 1480 19022 6813 283281
1374854400 1314 15255 5655 283281
1374847200 608 2653 2996 19919
1374840000 0 0 0 0
1374832800 0 0 0 0
1374825600 0 0 0 0
1374818400 0 0 0 0
1374811200 0 0 0 0
1374804000 6808 3412 73199 32038
1374796800 261 1298 782 9757
1374789600 995 4000 7359 28538
1374782400 859 7199 4673 67068
1374775200 416 966 2449 3107
1374768000 5642 5194 71362 69727
1374760800 0 0 0 0
1374753600 0 0 0 0
1374746400 0 0 0 0
1374739200 0 0 0 0
1374732000 0 0 0 0
1374724800 0 0 0 0
1374717600 723 2712 3218 10792
1374710400 202 950 494 4076
1374703200 373 1399 2291 6777
1374696000 211 1050 476 1874
1374688800 741 2947 2606 25926
1374681600 6061 7634 93823 30046
1374674400 276 2587 3666 41273
1374667200 0 0 0 0
1374660000 0 0 0 0
1374652800 0 0 0 0
1374645600 0 0 0 0
1374638400 4506 4903 7731 15010
1374631200 5640 7839 8461 39364
1374624000 287 3253 972 27621
1374616800 339 1562 1933 9655
1374609600 423 4275 2638 29055
1374602400 392 1875 2960 14068
1374595200 1294 4628 5548 49512
1374588000 162 384 3031 5432
1374580800 0 0 0 0
1374573600 0 0 0 0
1374566400 0 0 0 0
1374559200 0 0 0 0
1374552000 0 0 0 0
1374544800 113 420 530 1115
1374537600 465 1344 4180 5322
1374530400 211 603 4180 5322
1374523200 2262 6252 10466 26005
1374516000 6373 2720 90417 17889
1374508800 5259 2334 71382 17889
1374501600 124 774 2110 14590
1374494400 152 369 2884 5768
1374487200 0 0 0 0
1374480000 0 0 0 0
1374472800 0 0 0 0
1374465600 0 0 0 0
1374458400 0 0 0 0
1374451200 694 1423 3345 5538
1374444000 286 446 2323 3559
1374436800 0 0 0 0
1374429600 0 0 0 0
1374422400 0 0 0 0
1374415200 0 0 0 0
1374408000 0 0 0 0
1374400800 0 0 0 0
1374393600 0 0 0 0
1374386400 0 0 0 0
1374379200 0 0 0 0
1374372000 159 406 2688 6146
1374364800 0 0 0 0
1374357600 454 1765 3394 18941
1374350400 1011 3216 5984 24542
1374343200 0 0 0 0
1374336000 0 0 0 0
1374328800 0 0 0 0
1374321600 0 0 0 0
1374314400 0 0 0 0
1374307200 0 0 0 0
1374300000 0 0 0 0
1374292800 0 0 0 0
1374285600 1 4 1420 4196
1374278400 524 2673 3541 19163
1374271200 385 1583 1132 8420
1374264000 401 1526 2631 6313
1374256800 1092 3887 3885 17479
1374249600 834 5043 6423 78891
1374242400 0 0 0 0
1374235200 0 0 0 0
1374228000 0 0 0 0
1374220800 0 0 0 0
1374213600 0 0 0 0
1374206400 0 0 0 0
1374199200 138 618 1592 9458
1374192000 397 1555 2813 9450
1374184800 468 1488 2224 6918
1374177600 308 1177 2508 5627
1374170400 1069 7316 5757 63002
1374163200 918 2550 5048 17346
1374156000 0 0 0 0
1374148800 0 0 0 0
1374141600 0 0 0 0
1374134400 0 0 0 0
1374127200 0 0 0 0
1374120000 0 0 0 0
1374112800 4035 1652 86487 5913
1374105600 258 935 557 1646
1374098400 971 4604 3799 41778
1374091200 982 22343 5745 186654
1374084000 248 1446 1402 5580
1374076800 583 2392 2592 9800
1374069600 109 306 1350 3510
1374062400 0 0 0 0
1374055200 0 0 0 0
1374048000 0 0 0 0
1374040800 0 0 0 0
1374033600 0 0 0 0
1374026400 119 297 1345 2143
1374019200 374 924 1061 1896
1374012000 722 2797 2594 29160
1374004800 784 2302 4041 12587
1373997600 787 2858 5346 19876
1373990400 823 2928 5916 14533
1373983200 447 1749 3262 19339
1373976000 0 0 0 0
1373968800 0 0 0 0
1373961600 0 0 0 0
1373954400 0 0 0 0
1373947200 0 0 0 0
1373940000 0 0 0 0
1373932800 350 1050 1823 4202
1373925600 2837 3913 36399 36767
1373918400 974 3708 5434 38683
1373911200 162 843 496 4294
1373904000 1386 15276 8027 266739
1373896800 531 1165 3466 5814
1373889600 0 0 0 0
1373882400 0 0 0 0
1373875200 0 0 0 0
1373868000 0 0 0 0
1373860800 0 0 0 0
1373853600 563 2391 5028 29429
1373846400 0 0 0 0
1373839200 0 0 0 0
1373832000 0 0 0 0
1373824800 0 0 0 0
1373817600 0 0 0 0
1373810400 0 0 0 0
1373803200 0 0 0 0
1373796000 0 0 0 0
1373788800 0 0 0 0
1373781600 0 0 0 0
1373774400 0 0 0 0
1373767200 0 0 0 0
1373760000 0 0 0 0
1373752800 0 0 0 0
1373745600 0 0 0 0
1373738400 0 0 0 0
1373731200 0 0 0 0
1373724000 0 0 0 0
1373716800 0 0 0 0
1373709600 0 0 0 0
1373702400 0 0 0 0
1373695200 0 0 0 0
1373688000 0 0 0 0
1373680800 0 0 0 0
1373673600 0 0 0 0
1373666400 0 0 0 0
1373659200 0 0 0 0
1373652000 0 0 0 0
1373644800 0 0 0 0
1373637600 0 0 0 0
1373630400 0 0 0 0
1373623200 0 0 0 0
1373616000 0 0 0 0
1373608800 0 0 0 0
1373601600 0 0 0 0
1373594400 0 0 0 0
1373587200 0 0 0 0
1373580000 0 0 0 0
1373572800 0 0 0 0
1373565600 0 0 0 0
1373558400 0 0 0 0
1373551200 0 0 0 0
1373544000 0 0 0 0
1373536800 0 0 0 0
1373529600 0 0 0 0
1373522400 0 0 0 0
1373515200 0 0 0 0
1373508000 0 0 0 0
1373500800 0 0 0 0
1373493600 0 0 0 0
1373486400 0 0 0 0
1373479200 0 0 0 0
1373472000 0 0 0 0
1373464800 0 0 0 0
1373457600 0 0 0 0
1373450400 0 0 0 0
1373443200 0 0 0 0
1373436000 0 0 0 0
1373428800 0 0 0 0
1373421600 0 0 0 0
1373414400 0 0 0 0
1373407200 0 0 0 0
1373400000 0 0 0 0
1373392800 0 0 0 0
1373385600 0 0 0 0
1373378400 0 0 0 0
1373371200 0 0 0 0
1373364000 0 0 0 0
1373356800 0 0 0 0
1373349600 0 0 0 0
1373342400 0 0 0 0
1373335200 0 0 0 0
1373328000 0 0 0 0
1373320800 0 0 0 0
1373313600 0 0 0 0
1373306400 0 0 0 0
1373299200 0 0 0 0
1373292000 0 0 0 0
1373284800 0 0 0 0
1373277600 0 0 0 0
1373270400 0 0 0 0
1373263200 0 0 0 0
1373256000 0 0 0 0
1373248800 0 0 0 0
1373241600 0 0 0 0
1373234400 0 0 0 0
1373227200 0 0 0 0
1373220000 0 0 0 0
1373212800 0 0 0 0
1373205600 0 0 0 0
1373198400 0 0 0 0
1373191200 0 0 0 0
1373184000 0 0 0 0
1373176800 0 0 0 0
1373169600 0 0 0 0
1373162400 0 0 0 0
1373155200 0 0 0 0
1373148000 0 0 0 0
1373140800 0 0 0 0
1373133600 0 0 0 0
1373126400 0 0 0 0
1373119200 0 0 0 0
1373112000 0 0 0 0
1373104800 0 0 0 0
1373097600 0 0 0 0
1373090400 0 0 0 0
1373083200 0 0 0 0
1373076000 0 0 0 0
1373068800 0 0 0 0
1373061600 0 0 0 0
1373054400 0 0 0 0
1373047200 0 0 0 0
1373040000 0 0 0 0
1373032800 0 0 0 0
1373025600 0 0 0 0
1373018400 0 0 0 0
1373011200 0 0 0 0
1373004000 0 0 0 0
1372996800 0 0 0 0
1372989600 0 0 0 0
1372982400 0 0 0 0
1372975200 0 0 0 0
1372968000 0 0 0 0
1372960800 0 0 0 0
1372953600 0 0 0 0
1372946400 0 0 0 0
1372939200 0 0 0 0
1372932000 0 0 0 0
1372924800 0 0 0 0
1372917600 0 0 0 0
1372910400 0 0 0 0
1372903200 0 0 0 0
1372896000 0 0 0 0
1372888800 0 0 0 0
1372881600 0 0 0 0
1372874400 0 0 0 0
1372867200 0 0 0 0
1372860000 0 0 0 0
1372852800 0 0 0 0
1372845600 0 0 0 0
1372838400 0 0 0 0
1372831200 0 0 0 0
1372824000 0 0 0 0
1372816800 0 0 0 0
1372809600 0 0 0 0
1372802400 0 0 0 0
1372795200 0 0 0 0
1372788000 0 0 0 0
1372780800 0 0 0 0
1372773600 0 0 0 0
1372766400 0 0 0 0
1372759200 0 0 0 0
1372752000 0 0 0 0
1372744800 0 0 0 0
1372737600 0 0 0 0
1372730400 0 0 0 0
1372723200 0 0 0 0
1372716000 0 0 0 0
1372708800 0 0 0 0
1372701600 0 0 0 0
1372694400 0 0 0 0
1372687200 0 0 0 0
1372680000 0 0 0 0
1372672800 0 0 0 0
1372665600 0 0 0 0
1372658400 0 0 0 0
1372651200 0 0 0 0
1372644000 0 0 0 0
1372636800 0 0 0 0
1372629600 0 0 0 0
1372622400 0 0 0 0
1372615200 0 0 0 0
1372608000 0 0 0 0
1372600800 0 0 0 0
1372593600 0 0 0 0
1372586400 0 0 0 0
1372579200 0 0 0 0
1372572000 0 0 0 0
1372564800 0 0 0 0
1372557600 0 0 0 0
1372550400 0 0 0 0
1372543200 0 0 0 0
1372536000 0 0 0 0
1372528800 0 0 0 0
1372521600 0 0 0 0
1372514400 0 0 0 0
1372507200 0 0 0 0
1372500000 0 0 0 0
1372492800 0 0 0 0
1372485600 0 0 0 0
1372478400 0 0 0 0
1372471200 0 0 0 0
1372464000 0 0 0 0
1372456800 0 0 0 0
1372449600 0 0 0 0
1372442400 0 0 0 0
1372435200 0 0 0 0
1372428000 0 0 0 0
1372420800 0 0 0 0
1372413600 0 0 0 0
1372406400 0 0 0 0
1372399200 0 0 0 0
1372392000 0 0 0 0
1372384800 0 0 0 0
1372377600 0 0 0 0
1372370400 0 0 0 0
1372363200 0 0 0 0
1372356000 0 0 0 0
1372348800 0 0 0 0
1372341600 0 0 0 0
1372334400 0 0 0 0
1372327200 0 0 0 0
1372320000 0 0 0 0
1372312800 0 0 0 0
1372305600 0 0 0 0
1372298400 0 0 0 0
1372291200 0 0 0 0
1372284000 0 0 0 0
1372276800 0 0 0 0
1372269600 0 0 0 0
1372262400 0 0 0 0
1372255200 0 0 0 0
1372248000 0 0 0 0
1372240800 0 0 0 0
1372233600 0 0 0 0
1372226400 0 0 0 0
1372219200 0 0 0 0
1372204800 0 0 0 0
1372118400 0 0 0 0
1372032000 0 0 0 0
1371945600 5 16 2106 3301
1371859200 6287 2709 131748 84541
1371772800 12237 1865 828752 46902
1371686400 39580 5766 1272111 193155
1371600000 879 2759 110446 146768
1371513600 287 3911 17795 883413
1371427200 50 135 7073 20293
1371340800 0 0 0 0
1371254400 0 0 0 0
1371168000 0 0 0 0
1371081600 0 0 0 0
1370995200 0 0 0 0
1370908800 0 0 0 0
1370822400 0 0 0 0
1370736000 0 0 0 0
1370649600 0 0 0 0
1370563200 0 0 0 0
1370476800 0 0 0 0
1370390400 0 0 0 0
1370304000 0 0 0 0
1370217600 0 0 0 0
1370131200 0 0 0 0
1370044800 0 0 0 0
1369958400 0 0 0 0
1369872000 0 0 0 0
1369785600 0 0 0 0
1369699200 0 0 0 0
1369612800 0 0 0 0
1369526400 0 0 0 0
1369440000 0 0 0 0
1369353600 0 0 0 0
1369267200 0 0 0 0
1369180800 0 0 0 0
1369094400 0 0 0 0
1369008000 0 0 0 0
1368921600 0 0 0 0
1368835200 286 892 8188 57470
1368748800 466 1590 14341 73224
1368662400 760 2180 34790 124184
1368576000 344 1946 6961 47792
1368489600 435 2472 7251 74663
1368403200 74 343 6011 27427
1368316800 263 1115 5989 46151
1368230400 896 5819 46282 118943
1368144000 576 14794 11075 240136
1368057600 785 3379 9581 53881
1367971200 797 17427 41023 1403425
1367884800 2650 2542 198201 49976
1367798400 50 197 5359 19547
1367712000 0 0 0 0
1367625600 0 0 0 0
1367539200 0 0 0 0
1367452800 0 0 0 0
1367366400 0 0 0 0
1367280000 0 0 0 0
1367193600 0 0 0 0
1367107200 0 0 0 0
1367020800 0 0 0 0
1366934400 0 0 0 0
1366848000 0 0 0 0
1366761600 0 0 0 0
1366675200 0 0 0 0
1366588800 0 0 0 0
1366502400 0 0 0 0
1366416000 0 0 0 0
1366329600 0 0 0 0
1366243200 0 0 0 0
1366156800 0 0 0 0
1366070400 0 0 0 0
1365984000 0 0 0 0
1365897600 0 0 0 0
1365811200 0 0 0 0
1365724800 0 0 0 0
1365638400 0 0 0 0
1365552000 0 0 0 0
1365465600 0 0 0 0
1365379200 0 0 0 0
1365292800 0 0 0 0
1365206400 0 0 0 0
1365120000 0 0 0 0
1365033600 0 0 0 0
1364947200 0 0 0 0
1364860800 0 0 0 0
1364774400 0 0 0 0
1364688000 0 0 0 0
1364601600 0 0 0 0
1364515200 0 0 0 0
1364428800 0 0 0 0
1364342400 0 0 0 0
1364256000 0 0 0 0
1364169600 0 0 0 0
1364083200 0 0 0 0
1363996800 386 1095 10926 45401
1363910400 875 35483 6982 266521
1363824000 544 2409 25115 102679
1363737600 586 2125 10162 53211
1363651200 554 4001 9927 128142
1363564800 70 198 5910 17318
1363478400 100 824 4543 60951
1363392000 439 1319 22552 35241
1363305600 514 4462 7173 160745
1363219200 627 5658 9184 162393
1363132800 558 2330 9413 50379
1363046400 557 2734 8957 77384
1362960000 64 285 5978 55218
1362873600 167 1052 11310 136311
1362787200 399 1099 10128 25657
1362700800 393 1800 7758 48049
1362614400 456 2196 7671 141417
1362528000 1780 1745 397986 42339
1362441600 432 1986 14814 110476
1362355200 36 134 4172 22685
1362268800 0 0 0 0
1362182400 296 1669 5745 67559
1362096000 481 2376 9455 61570
1362009600 990 4722 113867 138788
1361923200 616 2562 9933 65550
1361836800 0 0 0 0
1361750400 0 0 0 0
1361664000 0 0 0 0
1361577600 179 629 5651 40346
1361491200 332 1148 13530 40125
1361404800 637 1223 82204 24003
1361318400 405 1655 5926 63316
1361232000 1399 1255 326308 58724
1361145600 119 469 7642 68197
1361059200 265 860 7066 47131
1360972800 494 2381 10078 101684
1360886400 696 1955 62255 42461
1360800000 565 3953 7296 151376
1360713600 878 4223 87211 272858
1360627200 343 1529 11622 59830
1360540800 143 861 6113 60514
1360454400 317 1652 6462 73377
1360368000 770 1564 47623 45684
1360281600 688 2275 65437 61360
1360195200 456 1680 7847 48201
1360108800 850 1865 14165 41112
1360022400 764 2773 11841 149005
1359936000 0 0 0 0
1359849600 0 0 0 0
1359763200 363 1096 6798 43209
1359676800 438 1268 45762 61258
1359590400 963 1546 93561 51026
1359504000 410 1730 10205 37003
1359417600 460 1692 22446 80852
1359331200 234 940 8052 56312
1359244800 760 1224 59780 114257
1359158400 449 1162 41400 32165
1359072000 419 1535 9390 34828
1358985600 371 2757 5563 124644
1358899200 470 1895 10406 49345
1358812800 81 429 5164 46615
1358726400 121 599 8408 94673
1358640000 176 615 6774 34207
1358553600 293 1702 5550 113506
1358467200 625 1386 35124 62178
1358380800 292 1345 9770 133825
1358294400 659 1272 87649 24763
1358208000 1128 1215 88397 28418
1358121600 94 410 5140 30495
1358035200 192 812 7141 52893
1357948800 548 1038 22677 28947
1357862400 524 1547 50542 73247
1357776000 1008 2494 134127 115472
1357689600 406 1359 32401 38186
1357603200 1327 3588 113843 165544
1357516800 782 948 157365 74800
1357430400 14 47 3005 8704
1357344000 365 1487 9283 31376
1357257600 445 1155 16107 29586
1357171200 446 1480 8522 35679
1357084800 53 114 5724 10666
1356998400 437 1706 8591 76508
1356912000 0 0 0 0
1356825600 0 0 0 0
1356739200 0 0 0 0
1356652800 0 0 0 0
1356566400 0 0 0 0
1356480000 0 0 0 0
1356393600 0 0 0 0
1356307200 0 0 0 0
1356220800 0 0 0 0
1356134400 0 0 0 0
1356048000 857 1408 138085 95443
1355961600 999 1387 151138 60063
1355875200 712 1447 65436 63641
1355788800 308 1118 5013 43575
1355702400 110 627 4921 86703
1355616000 79 187 5661 14956
1355529600 292 819 13352 31084
1355443200 362 1455 7026 31076
1355356800 265 1450 7134 136904
1355270400 552 2003 8414 55420
1355184000 948 1587 121567 56699
1355097600 862 2774 139302 197620
1355011200 1727 1217 127769 68934
1354924800 587 3405 15903 282229
1354838400 404 1239 5867 46622
1354752000 456 2753 9598 221466
1354665600 289 889 7550 21515
1354579200 460 1780 6088 50031
1354492800 0 0 0 0
1354406400 0 0 0 0
1354320000 0 0 0 0
1354233600 0 0 0 0
1354147200 0 0 0 0
1354060800 0 0 0 0
1353974400 0 0 0 0
1353888000 0 0 0 0
1353801600 0 0 0 0
1353715200 0 0 0 0
1353628800 0 0 0 0
1353542400 0 0 0 0
1353456000 0 0 0 0
1353369600 0 0 0 0
1353283200 0 0 0 0
1353196800 0 0 0 0
1353110400 174 1564 4630 179605
1353024000 3280 2493 528743 69898
1352937600 246 1364 5851 66192
1352851200 442 1715 9329 57671
1352764800 310 1636 6654 63228
1352678400 104 570 7166 43549
1352592000 0 0 0 0
1352505600 492 1148 7038 27810
1352419200 657 2256 11341 127202
1352332800 644 1640 11897 32254
1352246400 284 946 10364 19629
1352160000 668 1819 11693 38539
1352073600 577 585 92853 40458
1351987200 247 817 8311 50856
1351900800 482 1622 14406 82644
1351814400 283 880 18271 17412
1351728000 653 1367 49606 46224
1351641600 704 848 55955 19918
1351555200 0 0 0 0
1351468800 136 350 7688 12281
1351382400 120 368 5018 13618
1351296000 221 844 4834 19512
1351209600 231 1015 3193 27814
1351123200 401 1094 13110 30756
1351036800 1009 5099 127142 1111697
1350950400 255 1080 7240 38253
1350864000 15 30 3178 4381
1350777600 0 0 0 0
1350691200 0 0 0 0
1350604800 0 0 0 0
1350518400 0 0 0 0
1350432000 0 0 0 0
1350345600 0 0 0 0
1350259200 0 0 0 0
1350172800 0 0 0 0
1350086400 0 0 0 0
1350000000 0 0 0 0
1349913600 0 0 0 0
1349827200 0 0 0 0
1349740800 0 0 0 0
1349654400 0 0 0 0
1349568000 0 0 0 0
1349481600 112 221 10351 14504
1349395200 400 1656 13597 52702
1349308800 306 1000 7788 53122
1349222400 0 0 0 0
1349136000 0 0 0 0
1349049600 0 0 0 0
1348963200 0 0 0 0
1348876800 0 0 0 0
1348790400 2400 2870 451426 115719
1348704000 2476 3926 80951 73044
1348617600 984 2069 24305 51284
1348531200 155 1101 4134 115792
1348444800 0 0 0 0
1348358400 0 0 0 0
1348272000 0 0 0 0
1348185600 0 0 0 0
1348099200 58 171 5238 9754
1348012800 0 0 0 0
1347926400 0 0 0 0
1347840000 0 0 0 0
1347753600 0 0 0 0
1347667200 0 0 0 0
1347580800 0 0 0 0
1347494400 77 480 6200 46348
1347408000 0 0 0 0
1347321600 0 0 0 0
1347235200 0 0 0 0
1347148800 0 0 0 0
1347062400 0 0 0 0
1346976000 0 0 0 0
1346889600 0 0 0 0
1346803200 0 0 0 0
1346716800 0 0 0 0
1346630400 0 0 0 0
1346544000 0 0 0 0
1346457600 0 0 0 0
1346371200 0 0 0 0
1346284800 0 0 0 0
1346198400 0 0 0 0
1346112000 0 0 0 0
1346025600 0 0 0 0
1345939200 0 0 0 0
1345852800 0 0 0 0
1345766400 0 0 0 0
1345680000 0 0 0 0
1345593600 0 0 0 0
1345507200 0 0 0 0
1345420800 0 0 0 0
1345334400 0 0 0 0
1345248000 0 0 0 0
1345161600 0 0 0 0
1345075200 0 0 0 0
1344988800 0 0 0 0
1344902400 0 0 0 0
1344816000 0 0 0 0
1344729600 0 0 0 0
1344643200 696 1669 16786 28263
1344556800 678 2337 35930 87978
1344470400 273 1262 6884 54750
1344384000 592 1795 15805 91875
1344297600 4710 7217 118328 146610
1344211200 0 0 0 0
1344124800 0 0 0 0
1344038400 0 0 0 0
1343952000 0 0 0 0
1343865600 0 0 0 0
1343779200 0 0 0 0
1343692800 0 0 0 0
1343606400 0 0 0 0
1343520000 0 0 0 0
1343433600 272 599 10479 13590
1343347200 1251 2167 56289 65041
1343260800 1025 2937 35844 319074
1343174400 1467 2571 71682 78912
1343088000 1248 2223 38214 43443
1343001600 0 0 0 0
1342915200 0 0 0 0
1342828800 0 0 0 0
1342742400 0 0 0 0
1342656000 0 0 0 0
1342569600 0 0 0 0
1342483200 0 0 0 0
1342396800 0 0 0 0
1342310400 0 0 0 0
1342224000 232 660 5340 13446
1342137600 605 1860 32249 55149
1342051200 661 2078 21769 170422
1341964800 739 1733 54607 67494
1341878400 919 2263 30239 52623
1341792000 0 0 0 0
1341705600 0 0 0 0
1341619200 0 0 0 0
1341532800 400 1050 36625 46889
1341446400 266 724 9342 36270
1341360000 8697 6901 330040 335603
1341273600 2724 4810 226340 577514
1341187200 108 424 5786 40223
1341100800 154 461 5669 24610
1341014400 936 1855 107804 54299
1340928000 439 2258 6194 73229
1340841600 591 2540 26440 150592
1340755200 5239 5039 184910 84891
1340668800 423 2826 6795 188561
1340582400 77 796 7354 47663
1340496000 667 1056 74462 85640
1340409600 638 2178 68854 69773
1340323200 6857 7447 299486 205915
1340236800 3759 4771 444513 513476
1340150400 993 1906 76783 66981
1340064000 636 4105 30090 210993
1339977600 589 1893 30957 125025
1339891200 0 0 0 0
1339804800 567 1502 11349 39514
1339718400 811 3290 63586 93563
1339632000 509 2497 14428 140037
1339545600 911 3067 57680 257216
1339459200 3422 4671 189570 209385
1339372800 55 125 5335 13978
1339286400 0 0 0 0
1339200000 0 0 0 0
1339113600 295 1463 17058 85021
1339027200 3312 4741 182453 205590
1338940800 506 1959 7111 129508
1338854400 354 1693 10639 111039
1338768000 117 305 16624 39306
1338681600 90 382 5019 40370
1338595200 378 3264 12396 598763
1338508800 842 2408 31701 71737
1338422400 435 1693 16069 133025
1338336000 738 2796 28294 88770
1338249600 0 0 0 0
1338163200 0 0 0 0
1338076800 0 0 0 0
1337990400 858 1617 47288 62925
1337904000 600 2015 8827 51294
1337817600 695 8356 40373 604159
1337731200 1125 9666 58650 760695
1337644800 461 1803 13245 121063
1337558400 72 205 6695 23527
1337472000 92 359 4723 33254
1337385600 406 1295 22352 29457
1337299200 452 1779 13594 46153
1337212800 379 1859 5906 50281
1337126400 681 5630 30543 530477
1337040000 656 2207 20026 37327
1336953600 0 0 0 0
1336867200 0 0 0 0
1336780800 206 2106 6724 242425
1336694400 553 2142 17693 61583
1336608000 615 3073 12245 143016
1336521600 1240 3185 34519 58495
1336435200 763 2642 60852 83064
1336348800 44 204 5000 32273
1336262400 0 0 0 0
1336176000 431 3698 11373 593891
1336089600 638 3008 28408 149120
1336003200 466 26002 18698 751073
1335916800 511 7998 15970 170994
1335830400 342 1648 7211 45544
1335744000 0 0 0 0
1335657600 0 0 0 0
1335571200 975 2894 29884 110910
1335484800 323 1169 8760 32598
1335398400 576 6233 17394 197061
1335312000 0 0 0 0
1335225600 0 0 0 0
1335139200 0 0 0 0
1335052800 0 0 0 0
1334966400 742 1925 39412 67175
1334880000 91 664 4291 127192
1334793600 0 0 0 0
1334707200 434 1390 20911 52552
1334620800 782 1616 30421 50975
1334534400 0 0 0 0
1334448000 0 0 0 0
1334361600 0 0 0 0
1334275200 631 2198 50017 86711
1334188800 2526 3697 104488 211715
1334102400 2002 2639 78657 49284
1334016000 534 3433 33664 340536
1333929600 55 365 5011 12215
1333843200 629 3278 108187 152943
1333756800 828 1852 61773 73554
1333670400 1327 21919 69812 177936
1333584000 450 1014 17267 23198
1333497600 500 1945 11496 71770
1333411200 609 4446 35635 719546
1333324800 181 463 24604 35932
1333238400 198 744 24154 62578
1333152000 350 1794 9260 50700
1333065600 628 1720 47232 92446
1332979200 579 2130 29025 50829
1332892800 613 2875 25334 68676
1332806400 0 0 0 0
1332720000 0 0 0 0
1332633600 0 0 0 0
1332547200 127 705 5286 84344
1332460800 745 2509 39292 161448
1332374400 695 1826 30335 32893
1332288000 1097 2864 32529 125491
1332201600 2054 3787 145281 76151
1332115200 0 0 0 0
1332028800 0 0 0 0
1331942400 315 1088 21744 33845
1331856000 480 1549 21971 77149
1331769600 657 2100 26518 57653
1331683200 684 1693 24851 35130
1331596800 1056 4052 31975 535130
1331510400 231 755 26485 26706
1331424000 224 410 29242 36503
1331337600 1216 2964 60480 115429
1331251200 1223 2386 40674 49095
1331164800 859 1772 33834 39455
1331078400 839 2188 30194 118591
1330992000 2107 3875 79019 92520
1330905600 242 685 58585 50737
1330819200 67 168 5399 14790
1330732800 1387 3387 35100 164352
1330646400 929 3471 35113 488104
1330560000 1077 2799 59274 165834
1330473600 864 1983 33506 51623
1330387200 2042 3553 63783 64788
1330300800 50 215 7342 21633
1330214400 0 0 0 0
1330128000 634 2249 44802 204095
1330041600 761 1420 44802 40561
1329955200 1696 2695 49409 49002
1329868800 1349 2582 72653 57588
1329782400 207 1095 8361 22392
1329696000 33 484 4905 6864
1329609600 542 1407 43628 53292
1329523200 1650 3109 44923 50567
1329436800 1822 3251 38026 71959
1329350400 1501 3023 128932 82630
1329264000 1006 2586 33794 43238
1329177600 2083 6476 45336 495549
1329091200 1042 2055 48867 60460
1329004800 647 1218 36790 60011
1328918400 1893 3884 70193 131910
1328832000 1308 3242 51955 93785
1328745600 1209 2991 67267 74556
1328659200 1218 2767 52220 63821
1328572800 631 1509 44054 28673
1328486400 177 710 22109 25852
1328400000 311 863 50343 27672
1328313600 914 3054 63228 268805
1328227200 626 1811 33333 40066
1328140800 614 2074 29085 48770
1328054400 1111 3173 59222 70121
1327968000 284 996 25446 41435
1327881600 68 227 6987 22540
1327795200 0 0 0 0
1327708800 623 1448 35006 49800
1327622400 810 1920 40320 34564
1327536000 276 1481 4750 50407
1327449600 577 1785 36684 43164
1327363200 2141 3400 82767 52033
1327276800 139 921 6235 24501
1327190400 147 923 5268 101911
1327104000 454 1595 54918 113982
1327017600 781 2089 57010 86092
1326931200 892 2583 37205 50731
1326844800 623 1897 23446 57691
1326758400 117 1139 6358 49660
1326672000 97 927 6941 49660
1326585600 78 190 8701 12833
1326499200 833 2571 49545 62388
1326412800 2278 5042 81562 110421
1326326400 736 2350 22266 58184
1326240000 376 2062 13309 98760
1326153600 1086 2783 58544 130882
1326067200 111 467 6260 37967
1325980800 83 361 6337 27996
1325894400 2896 3704 186550 186334
1325808000 453 3675 5528 63262
1325721600 6451 9645 168979 163332
1325635200 3601 5967 193932 305056
1325548800 1151 2051 94338 91412
1325462400 1293 1370 89087 95584
1325376000 1340 3190 79130 150431
1325289600 2047 3603 73515 128283
1325203200 0 0 0 0
1325116800 0 0 0 0
1325030400 0 0 0 0
1324944000 0 0 0 0
1324857600 0 0 0 0
1324771200 0 0 0 0
1324684800 0 0 0 0
1324598400 0 0 0 0
1324512000 7 16 1926 2054
1324425600 2015 2868 233327 175347
1324339200 783 2374 27342 51333
1324252800 330 832 31237 75965
1324166400 252 888 17956 101650
1324080000 1563 3510 31761 69713
1323993600 1895 2883 184011 132890
1323907200 1448 3462 190773 162208
1323820800 603 2091 22357 50211
1323734400 451 1780 27489 63256
1323648000 65 290 6751 35056
1323561600 266 1685 8247 82123
1323475200 510 1690 28976 47613
1323388800 454 1657 17339 65329
1323302400 1130 3860 66371 206499
1323216000 1263 2526 36837 51308
1323129600 2035 3917 204289 164119
1323043200 253 535 22033 40438
1322956800 1021 1730 38542 53655
1322870400 1293 3013 49443 74791
1322784000 923 3368 55659 294653
1322697600 667 1779 22006 31496
1322611200 722 2672 16707 122111
1322524800 375 1862 8037 67350
1322438400 68 221 6541 16808
1322352000 0 0 0 0
1322265600 0 0 0 0
1322179200 0 0 0 0
1322092800 771 2106 18145 45750
1322006400 591 2359 19592 58993
1321920000 342 1207 22330 32359
1321833600 0 0 0 0
1321747200 0 0 0 0
1321660800 184 715 5832 32051
1321574400 686 2480 61785 82908
1321488000 1071 3958 18956 485522
1321401600 201 993 4781 58543
1321315200 542 2366 14743 59792
1321228800 0 0 0 0
1321142400 0 0 0 0
1321056000 0 0 0 0
1320969600 93 408 4015 22597
1320883200 160 1049 9738 114803
1320796800 0 0 0 0
1320710400 0 0 0 0
1320624000 0 0 0 0
1320537600 0 0 0 0
1320451200 0 0 0 0
1320364800 0 0 0 0
1320278400 0 0 0 0
1320192000 0 0 0 0
1320105600 0 0 0 0
1320019200 0 0 0 0
1319932800 0 0 0 0
1319846400 0 0 0 0
1319760000 0 0 0 0
1319673600 0 0 0 0
1319587200 0 0 0 0
1319500800 0 0 0 0
1319414400 0 0 0 0
1319328000 0 0 0 0
1319241600 0 0 0 0
1319155200 0 0 0 0
1319068800 0 0 0 0
1318982400 0 0 0 0
1318896000 0 0 0 0
1318809600 0 0 0 0
1318723200 0 0 0 0
1318636800 0 0 0 0
1318550400 0 0 0 0
1318464000 0 0 0 0
1318377600 0 0 0 0
1318291200 0 0 0 0
1318204800 0 0 0 0
1318118400 0 0 0 0
1318032000 0 0 0 0
1317945600 0 0 0 0
1317859200 0 0 0 0
1317772800 0 0 0 0
1317686400 0 0 0 0
1317600000 0 0 0 0
1317513600 0 0 0 0
1317427200 0 0 0 0
1317340800 0 0 0 0
1317254400 0 0 0 0
1317168000 0 0 0 0
1317081600 0 0 0 0
1316995200 0 0 0 0
1316908800 0 0 0 0
1316822400 0 0 0 0
1316736000 0 0 0 0
1316649600 0 0 0 0
1316563200 0 0 0 0
1316476800 0 0 0 0
1316390400 0 0 0 0
1316304000 0 0 0 0
1316217600 0 0 0 0
1316131200 0 0 0 0
1316044800 0 0 0 0
1315958400 0 0 0 0
1315872000 0 0 0 0
1315785600 0 0 0 0
1315699200 0 0 0 0
1315612800 0 0 0 0
1315526400 0 0 0 0
1315440000 0 0 0 0
1315353600 0 0 0 0
1315267200 0 0 0 0
1315180800 0 0 0 0
1315094400 0 0 0 0
1315008000 0 0 0 0
1314921600 0 0 0 0
1314835200 0 0 0 0
1314748800 0 0 0 0
1314662400 0 0 0 0
1314576000 0 0 0 0
1314489600 0 0 0 0
1314403200 0 0 0 0
1314316800 0 0 0 0
1314230400 0 0 0 0
1314144000 0 0 0 0
1314057600 0 0 0 0
1313971200 0 0 0 0
1313884800 0 0 0 0
1313798400 0 0 0 0
1313712000 0 0 0 0
1313625600 0 0 0 0
1313539200 0 0 0 0
1313452800 0 0 0 0
1313366400 0 0 0 0
1313280000 0 0 0 0
1313193600 0 0 0 0
1313107200 0 0 0 0
1313020800 0 0 0 0
1312934400 0 0 0 0
1312848000 0 0 0 0
1312761600 0 0 0 0
1312675200 0 0 0 0
1312588800 0 0 0 0
1312502400 0 0 0 0
1312416000 0 0 0 0
1312329600 0 0 0 0
1312243200 0 0 0 0
1312156800 0 0 0 0
1312070400 0 0 0 0
1311984000 0 0 0 0
1311897600 0 0 0 0
1311811200 0 0 0 0
1311724800 0 0 0 0
1311638400 0 0 0 0
1311552000 0 0 0 0
1311465600 0 0 0 0
1311379200 0 0 0 0
1311292800 0 0 0 0
1311206400 0 0 0 0
1311120000 0 0 0 0
1311033600 0 0 0 0
1310947200 0 0 0 0
1310860800 0 0 0 0
1310774400 0 0 0 0
1310688000 0 0 0 0
1310601600 0 0 0 0
1310515200 0 0 0 0
1310428800 0 0 0 0
1310342400 0 0 0 0
1310256000 0 0 0 0
1310169600 0 0 0 0
1310083200 0 0 0 0
1309996800 0 0 0 0
1309910400 0 0 0 0
1309824000 0 0 0 0
1309737600 0 0 0 0
1309651200 0 0 0 0
1309564800 0 0 0 0
1309478400 0 0 0 0
1309392000 0 0 0 0
1309305600 0 0 0 0
1309219200 0 0 0 0
1309132800 0 0 0 0
1309046400 0 0 0 0
