1377805802 3659574440 3279208278
1377805802 44234 2003627 44234 2003627
1377805503 40090 1812267 40090 1812267
1377805500 40135 1814669 46984 2172705
1377805200 47031 2174816 51721 2383823
1377804900 51716 2383276 51721 2383823
1377804600 51315 2330297 52728 2492902
1377804300 52748 2492902 54765 2492902
1377804000 54750 2492506 54765 2492902
1377803700 52648 2434150 54972 2488822
1377803400 54950 2488461 54972 2488822
1377803100 52810 2451304 52832 2452820
1377802800 49572 2222255 49661 2225457
1377802500 40865 1905271 41810 1905271
1377802200 41827 1905594 43587 1937580
1377801900 43601 1938910 45039 2070604
1377801600 45106 2073530 55100 2509608
1377801300 55076 2508797 55100 2509608
1377801000 51555 2383709 51611 2388096
1377800700 45993 1949477 46029 1949477
1377800400 42561 1950545 46382 2056346
1377800100 46354 2055611 46382 2056346
1377799800 43679 1985328 50876 2343470
1377799500 50895 2344355 53774 2476223
1377799200 53730 2473446 53774 2476223
1377798900 49431 2196483 49466 2198613
1377798600 44222 1879224 44263 1879224
1377798300 41235 1877235 41262 1879224
1377798000 37069 1569171 37353 1580970
1377797700 8990 400791 8994 401094
1377797400 8631 371599 9999 450607
1377797100 10001 450718 10282 461780
1377796800 10346 464750 19901 907355
1377796500 19982 911320 28071 1303900
1377796200 27994 1300227 28071 1303900
1377795900 20432 935484 20457 936642
1377795600 18059 825247 32029 1479447
1377795300 32028 1479418 32029 1479447
1377795000 32015 1483697 33918 2187536
1377794700 34002 2187536 46602 2187536
1377794400 46554 2185325 46602 2187536
1377794100 41947 1968901 47574 2207448
1377793800 47514 2204837 47574 2207448
1377793500 38473 1804016 38720 1815868
1377793200 14308 641750 36874 1732497
1377792900 36869 1732375 36874 1732497
1377792600 36391 1716901 36463 1720338
1377792300 29309 1379285 33350 1765170
1377792000 33393 1765170 37671 1765170
1377791700 37654 1764396 37671 1765170
1377791400 35175 1648853 35186 1649172
1377791100 34195 1617912 35413 1674464
1377790800 35403 1673936 35413 1674464
1377790500 33921 1594768 33935 1595362
1377790200 31951 1509071 37899 1782965
1377789900 37905 1785411 38555 2027653
1377789600 38601 2027653 43238 2027653
1377789300 43195 2025564 43238 2027653
1377789000 39039 1819875 42376 1985245
1377788700 42377 1985379 42611 2005458
1377788400 42423 1996518 42611 2005458
1377788100 23898 1112609 26471 1220348
1377787800 26522 1222834 31616 1469004
1377787500 31608 1468653 31616 1469004
1377787200 30905 1431458 31518 1433963
1377786900 31459 1183524 31518 1183524
1377786600 25647 1182072 25679 1183524
1377786300 21045 968959 27414 1284503
1377786000 27336 1280679 27414 1284503
1377785700 19628 900056 19672 902116
1377785400 15472 701151 31472 1444590
1377785100 31473 1444821 31633 1467731
1377784800 31651 1468403 33441 1534937
1377784500 33497 1537519 39067 1793217
1377784200 39006 1790604 39067 1793217
1377783900 30121 1402589 37521 1523791
1377783600 37470 1523791 37521 1523791
1377783300 32435 1522694 32454 1523791
1377783000 30593 1413812 30603 1414184
1377782700 29165 1357299 29187 1358424
1377782400 27161 1250065 34993 1652751
1377782100 34905 1648427 34993 1652751
1377781800 21793 998660 21911 1004187
1377781500 10195 453096 13153 602782
1377781200 13226 606070 20484 931611
1377780900 20548 934765 30147 1404814
1377780600 30204 1407694 35891 1692896
1377780300 35885 1692844 35891 1692896
1377780000 35335 1687729 36166 1687729
1377779700 36149 1687193 36166 1687729
1377779400 34467 1629966 34554 1634211
1377779100 21742 1003980 35139 1644979
1377778800 35139 1645016 35218 1650608
1377778500 35142 1646967 35218 1650608
1377778200 23916 1102820 23953 1104600
1377777900 20365 928126 24588 1146362
1377777600 24691 1151180 34939 1628180
1377777300 34925 1628088 34939 1628180
1377777000 32976 1614471 34736 1614471
1377776700 34754 1615339 37457 1744720
1377776400 37416 1742643 37457 1744720
1377776100 33484 1539050 37273 1739921
1377775800 37152 1734292 37273 1739921
1377775500 25106 1171003 25231 1177026
1377775200 12767 574625 12771 574790
1377774900 12393 558339 12576 561232
1377774600 12648 564596 23497 1065869
1377774300 23532 1067637 28889 1331100
1377774000 28898 1331473 29799 1368404
1377773700 29800 1369205 29926 1448544
1377773400 29943 1448544 31632 1448544
1377773100 31783 1455746 46764 2168834
1377772800 46750 2168156 46764 2168834
1377772500 45227 2094192 45371 2101092
1377772200 31077 1414465 41458 1914401
1377771900 41367 1909641 41458 1914401
1377771600 32564 1442676 43852 1860697
1377771300 43798 1851835 43852 1860697
1377771000 38368 974555 38511 974555
1377770700 24257 972723 24301 974555
1377770400 20005 791678 21145 833296
1377770100 21137 832975 21145 833296
1377769800 20222 791279 33415 1391720
1377769500 33497 1395504 41710 1770151
1377769200 41725 1770860 43238 1841072
1377768900 43220 1840349 43238 1841072
1377768600 41533 1769112 42727 1813668
1377768300 42720 1813156 42727 1813668
1377768000 41751 1736906 41760 1736906
1377767700 40841 1734314 40898 1736906
1377767400 35333 1480702 41479 1768752
1377767100 41398 1765135 41479 1768752
1377766800 33516 1409864 39815 1681230
1377766500 39830 1682029 41404 1761214
1377766200 41415 1761766 42593 1816464
1377765900 42579 1815815 42593 1816464
1377765600 41190 1751379 41207 1751610
1377765300 38709 1717004 39458 1717004
1377765000 39425 1715451 39458 1717004
1377764700 36235 1562549 37678 1642185
1377764400 37704 1643385 40360 1762220
1377764100 40192 1754561 40360 1762220
1377763800 23655 996722 23656 1049076
1377763500 23467 1047345 23513 1049076
1377763200 19057 882268 32431 1503837
1377762900 32528 1508468 42186 1966985
1377762600 42197 1964041 43366 1966985
1377762300 43314 1672619 43366 1672619
1377762000 35695 1672873 36706 1710793
1377761700 36566 1704314 36706 1710793
1377761400 22775 1063877 26217 1200039
1377761100 26155 1197193 26217 1200039
1377760800 17281 784315 40687 1890314
1377760500 40703 1891075 42364 1966417
1377760200 42311 1963986 42364 1966417
1377759900 34452 1602098 34464 1623079
1377759600 33375 1623079 34913 1623079
1377759300 34894 1622198 34913 1623079
1377759000 32999 1532878 33045 1535021
1377758700 26099 1207634 26227 1213623
1377758400 13510 614557 13514 614795
1377758100 13133 590963 13137 591058
1377757800 12733 581344 12738 581639
1377757500 12244 551540 12260 552226
1377757200 10691 484139 12237 547521
1377756900 12241 547727 12905 578561
1377756600 12898 578266 12905 578561
1377756300 12249 549056 12253 549141
1377756000 11911 540912 12865 579419
1377755700 12864 579365 12865 579419
1377755400 12833 573955 12836 574032
1377755100 12458 562224 12466 562528
1377754800 11712 532304 12307 548117
1377754500 12309 548234 12618 565682
1377754200 12614 565531 12618 565682
1377753900 12090 543389 12850 576529
1377753600 12849 576529 12850 576529
1377753300 12826 576505 12827 576529
1377753000 12791 574071 12794 574210
1377752700 12524 560479 12702 574666
1377752400 12793 579000 21803 1008161
1377752100 21824 1009182 25095 1161331
1377751800 25060 1159571 25095 1161331
1377751500 21683 988265 27359 1275702
1377751200 27364 1275817 27863 1287245
1377750900 27972 1292238 38797 1786613
1377750600 38745 1784361 38797 1786613
1377750300 33429 1549708 33677 1561458
1377750000 9046 390480 16961 780064
1377749700 17014 782579 22343 1031595
1377749400 22369 1033247 26289 1279402
1377749100 26299 1279402 27291 1279402
1377748800 27237 1276734 27291 1279402
1377748500 21944 1012152 21955 1012682
1377748200 20907 960015 21753 1004653
1377747900 21797 1006787 26217 1218059
1377747600 26194 1216971 26217 1218059
1377747300 22872 1056476 26341 1216186
1377747000 26365 1217309 28767 1328531
1377746700 28706 1325856 28767 1328531
1377746400 22595 1057475 22671 1061128
1377746100 11355 513222 11357 513310
1377745800 11129 500043 11131 500110
1377745500 10983 492980 10996 493469
1377745200 9177 420393 9818 442490
1377744900 9815 442377 9818 442490
1377744600 9622 433281 10419 735359
1377744300 10474 735359 15960 735359
1377744000 16034 738809 23368 1080376
1377743700 23399 1081919 26495 1234707
1377743400 26505 1235147 27549 1278738
1377743100 27548 1278751 27549 1280746
1377742800 27449 1281277 29186 1360510
1377742500 29178 1360036 29186 1360510
1377742200 28461 1312899 28471 1313201
1377741900 27508 1282565 27517 1283035
1377741600 26675 1236564 27726 1282922
1377741300 27671 1280366 27726 1282922
1377741000 22305 1026692 22322 1027394
1377740700 19938 921959 23600 922236
1377740400 23558 880701 23600 880701
1377740100 19443 882566 23187 1067213
1377739800 23175 1066799 23187 1067213
1377739500 21941 1020859 22044 1025889
1377739200 11750 523102 11889 542135
1377738900 11862 540875 11889 542135
1377738600 9215 417257 11359 521089
1377738300 11386 522381 14099 650350
1377738000 14133 651979 19255 894793
1377737700 19341 899004 27896 1315955
1377737400 27827 1312728 27896 1315955
1377737100 17728 833789 21606 1006508
1377736800 21658 1009062 26831 1261934
1377736500 26843 1262549 28675 1354318
1377736200 28660 1353819 28675 1354318
1377735900 26521 1279547 27076 1279547
1377735600 26944 1273153 27076 1279547
1377735300 13952 642103 18077 829511
1377735000 18095 830424 19976 920882
1377734700 20032 923501 25587 1182877
1377734400 25581 1182586 25587 1182877
1377734100 24776 1140491 28314 1312933
1377733800 28384 1316367 35392 1656384
1377733500 35432 1658220 39466 1840082
1377733200 39450 1839334 39466 1840082
1377732900 37926 1766029 39223 1834225
1377732600 39222 1834225 39223 1834225
1377732300 39197 1833627 39209 1834225
1377732000 38025 1774919 38972 1820238
1377731700 38948 1819134 38972 1820238
1377731400 35548 1656302 38823 1812113
1377731100 38804 1811289 38823 1812113
1377730800 36970 1730932 39481 1842872
1377730500 39467 1840445 39481 1842872
1377730200 38072 1600203 38100 1600203
1377729900 33962 1602150 38558 1794952
1377729600 38546 1794447 38558 1794952
1377729300 37362 1743453 37385 1744507
1377729000 35131 1638642 35141 1639137
1377728700 33618 1560602 33708 1564980
1377728400 24769 1127808 25915 1219521
1377728100 25906 1219149 25915 1219521
1377727800 24699 1163342 24707 1163830
1377727500 24105 1120950 40748 1698196
1377727200 40717 1698196 40748 1698196
1377726900 36155 1698692 36803 1747868
1377726600 36787 1747175 36803 1747868
1377726300 35207 1674536 35290 1678648
1377726000 23066 1070496 40511 1915981
1377725700 40583 1919299 47736 2247858
1377725400 47711 2246896 47736 2247858
1377725100 45221 2145803 45319 2151739
1377724800 35521 1558212 35539 1558212
1377724500 32991 1559390 35398 1676015
1377724200 35408 1676588 36464 1733321
1377723900 36444 1732417 36464 1733321
1377723600 34413 1638315 34508 1642982
1377723300 25085 1175660 25100 1176361
1377723000 22956 1073619 29913 1415477
1377722700 29969 1418135 35547 1681341
1377722400 35489 1678552 35547 1681341
1377722100 29641 1405272 29773 1683254
1377721800 16785 1683254 35563 1683254
1377721500 35579 1684004 37183 1758299
1377721200 37042 1751513 37183 1758299
1377720900 23234 1082614 29301 1371190
1377720600 29240 1368356 29301 1371190
1377720300 23329 1089875 29673 1389951
1377720000 29688 1390671 32017 1498078
1377719700 31910 1492829 32017 1498078
1377719400 16223 717569 29220 1393937
1377719100 29266 1396144 33866 1614701
1377718800 33606 1599327 33866 1614701
1377718500 14382 461713 14439 461713
1377718200 10192 461791 10360 473487
1377717900 10358 473342 10360 473487
1377717600 10122 451974 10231 463046
1377717300 10234 463190 10690 484719
1377717000 10686 484560 10690 484719
1377716700 10149 460994 10372 469341
1377716400 10379 469589 11077 494188
1377716100 11071 493940 11077 494188
1377715800 10496 469257 10502 469395
1377715500 9976 455671 10189 455685
1377715200 10193 454495 10615 473040
1377714900 10616 473180 10750 487063
1377714600 10743 486792 10750 487063
1377714300 9833 446570 10254 458715
1377714000 10268 459378 11751 525069
1377713700 11769 525820 13557 600188
1377713400 13645 604507 26771 1248160
1377713100 26861 1252428 35781 1674967
1377712800 35768 1674224 35781 1674967
1377712500 34560 1601671 36099 1740023
1377712200 36108 1740023 37059 1740023
1377711900 37046 1739269 37059 1740023
1377711600 35835 1665018 36427 1700878
1377711300 36430 1700993 36823 1712420
1377711000 36837 1713161 38312 1786576
1377710700 38352 1788343 44461 2051727
1377710400 44447 2051203 44461 2051727
1377710100 42354 1970530 42408 1973150
1377709800 37073 1711226 37080 1711226
1377709500 36396 1709388 36433 1711226
1377709200 31047 1438548 40380 1877726
1377708900 40448 1880897 47257 2194856
1377708600 47277 2195824 49295 2291668
1377708300 49184 2286616 49295 2291668
1377708000 38124 1780693 38246 1786540
1377707700 26290 1207897 46167 1801604
1377707400 46089 1801604 46167 1801604
1377707100 38190 1788650 38460 1801604
1377706800 11624 510921 21023 972404
1377706500 21034 972927 22711 1050894
1377706200 22739 1052302 25556 1191715
1377705900 25481 1188148 25556 1191715
1377705600 18188 836914 22176 1020881
1377705300 22226 1023323 27198 1265108
1377705000 27275 1268484 34918 1602731
1377704700 34890 1601391 34918 1602731
1377704400 32157 1466238 32216 1468787
1377704100 26553 1219599 41361 1785016
1377703800 41463 1785016 51634 1785016
1377703500 52549 1781809 143196 1785016
1377703200 142503 1465548 143196 1647359
1377702900 39169 1644047 39278 1647359
1377702600 28447 1317164 30677 1415145
1377702300 30757 1418966 42744 1988413
1377702000 42674 1984923 42744 1988413
1377701700 35780 1639339 35785 1639497
1377701400 35408 1629042 39745 2152207
1377701100 39810 2152207 46287 2152207
1377700800 46294 2152552 47086 2186765
1377700500 47031 2184289 47086 2186765
1377700200 41582 1938263 41601 1939220
1377699900 39768 1843925 40437 1881030
1377699600 40465 1882308 44638 2072734
1377699300 44664 2073556 47250 2155022
1377699000 47239 2155022 47250 2155022
1377698700 46195 2154002 46216 2155022
1377698400 43210 2003179 45378 2106097
1377698100 45361 2105338 45378 2106097
1377697800 42854 1991321 42877 1992359
1377697500 40666 1891523 47122 2180533
1377697200 47039 2179816 47122 2180533
1377696900 38946 2108857 45324 2108857
1377696600 45303 2107884 45324 2108857
1377696300 41999 1954044 42179 1962980
1377696000 24440 1081658 49358 2289234
1377695700 49348 2288631 49358 2289234
1377695400 48462 2229945 50300 2327380
1377695100 50292 2326450 50300 2327380
1377694800 49179 2187998 49193 2187998
1377694500 47821 2188978 49347 2286003
1377694200 49290 2283335 49347 2286003
1377693900 43700 2021040 49664 2291461
1377693600 49657 2291112 49664 2291461
1377693300 48849 2250965 48973 2256620
1377693000 36618 1694425 37450 2014048
1377692700 37492 2014048 43875 2014048
1377692400 43919 2016242 50489 2343240
1377692100 50480 2342690 50489 2343240
1377691800 49129 2257922 49197 2260828
1377691500 42564 1974088 51143 2351129
1377691200 51118 2350792 51143 2351129
1377690900 47463 2300630 49779 2300630
1377690600 49753 2299585 49779 2300630
1377690300 47224 2195547 47234 2196170
1377690000 46355 2135123 48865 2253792
1377689700 48880 2254537 51224 2365658
1377689400 51092 2359603 51224 2365658
1377689100 38047 1760319 38401 1782046
1377688800 38401 1782046 38401 1782046
1377688500 38404 1782253 38724 1802825
1377688200 38708 1801995 38724 1802825
1377687900 37206 1719935 37250 1729652
1377687600 37329 1733242 45185 2088683
1377687300 45193 2088997 46044 2120166
1377687000 46025 2119232 46044 2120166
1377686700 43225 1981051 43230 2077524
1377686400 42833 2077524 44776 2077524
1377686100 44820 2079484 49272 2273526
1377685800 49237 2272153 49272 2273526
1377685500 45736 2129821 45870 2136228
1377685200 32561 1497663 37060 1709081
1377684900 37007 1706746 37060 1709081
1377684600 31650 1469392 31783 1475581
1377684300 18600 858775 22480 1065102
1377684000 22485 1065102 23309 1065102
1377683700 23313 1065280 24005 1091922
1377683400 24072 1095189 34075 1582023
1377683100 34157 1586081 42357 1987870
1377682800 42343 1987158 42357 1987870
1377682500 40313 1883184 44599 2091193
1377682200 44594 2091092 44599 2091193
1377681900 44057 2075731 44165 2081134
1377681600 33413 1542611 35964 1710506
1377681300 35973 1710506 36866 1710506
1377681000 36875 1710946 38246 1776654
1377680700 38215 1775250 38246 1776654
1377680400 35101 1632791 35175 1636325
1377680100 27917 1286731 35642 1659689
1377679800 35653 1660175 37340 1732700
1377679500 37319 1731789 37340 1732700
1377679200 34231 1595680 34242 1596175
1377678900 33146 1546284 33172 1546689
1377678600 30633 1506236 32152 1506236
1377678300 31993 1498557 32152 1506236
1377678000 16371 739468 18661 845430
1377677700 18689 846693 21542 971733
1377677400 21588 973989 26178 1197422
1377677100 26278 1202189 36219 1674215
1377676800 36240 1675180 38358 1770799
1377676500 38368 1771343 39952 1852483
1377676200 40034 1856539 48194 2258091
1377675900 48114 2253283 48194 2258091
1377675600 36268 1537023 36296 1537023
1377675300 33736 1543899 47866 2224646
1377675000 47783 2220699 47866 2224646
1377674700 39586 1827259 39642 1830025
1377674400 34171 1559567 46384 2159641
1377674100 46376 2159447 46384 2159641
1377673800 45614 2139629 45667 2140244
1377673500 37925 2048110 43823 2048110
1377673200 43688 2041674 43823 2048110
1377672900 30448 1406842 38657 1754094
1377672600 38642 1753615 38657 1754094
1377672300 36412 1681488 36422 1682298
1377672000 35474 1602512 37213 1716171
1377671700 37220 1716465 38368 1760353
1377671400 38354 1759835 38368 1760353
1377671100 36973 1703358 36974 1708594
1377670800 36765 1185056 36876 1185056
1377670500 25931 1188481 36743 1698819
1377670200 36722 1697455 36743 1698819
1377669900 34710 1563396 35836 1654500
1377669600 35852 1655219 37469 1726429
1377669300 37473 1726363 37890 1726429
1377669000 37881 1719711 37890 1719849
1377668700 36679 1699786 38943 1774863
1377668400 39006 1780116 45290 2300173
1377668100 45319 2300173 49714 2300173
1377667800 49700 2299811 49714 2300173
1377667500 48387 2263580 48391 2264007
1377667200 47981 2220130 48010 2221330
1377666900 43668 2038789 43712 2041423
1377666600 39265 1774877 39344 1778049
1377666300 31541 1463168 36226 1687280
1377666000 36234 1687280 37439 1687280
1377665700 37437 1687557 37439 1715066
1377665400 37292 1714685 37301 1715066
1377665100 35976 1658203 36483 1688788
1377664800 36489 1688955 37530 1713889
1377664500 37621 1718221 46637 2147130
1377664200 46588 2145039 46637 2147130
1377663900 39099 1832882 39296 1833499
1377663600 19840 1771811 38118 1771811
1377663300 38227 1777155 49110 2306239
1377663000 49094 2305477 49110 2306239
1377662700 47508 2229957 47511 2230104
1377662400 47264 2213293 47304 2215413
1377662100 43351 2001851 43390 2003430
1377661800 39654 1848445 49561 2131638
1377661500 49526 2131638 49561 2131638
1377661200 46073 2127941 46157 2131638
1377660900 37912 1765686 45064 2133142
1377660600 45016 2130797 45064 2133142
1377660300 40308 1898502 40310 1898667
1377660000 40087 1875698 44970 2137982
1377659700 44979 2136492 45952 2137982
1377659400 45926 1989072 45952 1989072
1377659100 42134 1991230 46832 2204878
1377658800 46811 2203828 46832 2204878
1377658500 44774 2098686 44801 2099955
1377658200 40977 1914061 49922 2342824
1377657900 49921 2342667 49922 2342824
1377657600 49888 2320349 49906 2422016
1377657300 48161 2422016 51943 2422016
1377657000 51885 2419225 51943 2422016
1377656700 46232 2142862 46235 2142998
1377656400 45886 2124602 51160 2404142
1377656100 51124 2402294 51160 2404142
1377655800 47572 2217553 47648 2219404
1377655500 40124 2034354 43804 2034354
1377655200 43824 2035205 45853 2119474
1377654900 45812 2117408 45853 2119474
1377654600 41766 1911253 41803 1912876
1377654300 38232 1755664 48472 2251437
1377654000 48441 2249964 48472 2251437
1377653700 45421 2104402 50557 2130114
1377653400 50522 2130114 50557 2130114
1377653100 45343 2126769 45401 2130114
1377652800 36736 1628792 36744 1661099
1377652500 35974 1661006 36904 1661099
1377652200 36895 1651905 36904 1657622
1377651900 36055 1658189 38231 1714374
1377651600 38193 1713006 38231 1714374
1377651300 34495 1578144 36017 1652323
1377651000 36043 1653152 38677 1735239
1377650700 38671 1735239 38677 1735239
1377650400 37983 1739310 47159 2142381
1377650100 47232 2146196 54465 2523936
1377649800 54421 2521664 54465 2523936
1377649500 50077 2297433 51150 2366507
1377649200 51123 2361004 51150 2366507
1377648900 48425 1816240 48514 1816240
1377648600 39623 1815398 39645 1816240
1377648300 37531 1733123 40610 1838640
1377648000 40592 1838253 40610 1838640
1377647700 38850 1797850 38888 1799985
1377647400 33236 1482384 37572 1734820
1377647100 37558 1733787 37572 1734820
1377646800 36244 1632152 37652 1721020
1377646500 37649 1719388 37652 1721020
1377646200 37203 1476239 37244 1476239
1377645900 33231 1479383 38849 1790707
1377645600 38854 1790839 39447 1803966
1377645300 39428 1803340 39447 1803966
1377645000 37588 1739770 37622 1741407
1377644700 32688 1496974 35733 1652583
1377644400 35749 1653421 37394 1736404
1377644100 37387 1736173 37394 1736404
1377643800 36766 1713363 36767 1713363
1377643500 36689 1714174 39778 1794527
1377643200 39757 1793845 39778 1794527
1377642900 37870 1731886 49294 2274705
1377642600 49298 2274936 49701 2297876
1377642300 49588 2292245 49701 2297876
1377642000 38439 1735897 41354 1889586
1377641700 41293 1884557 41354 1889586
1377641400 35290 1386692 35325 1386692
1377641100 30278 1390342 41666 1934337
1377640800 41781 1939583 53187 2459031
1377640500 53185 2459044 53187 2461081
1377640200 52900 2459518 52934 2461081
1377639900 47922 2224690 47957 2226669
1377639600 44281 2018864 44471 2028801
1377639300 25480 1035178 25506 1035178
1377639000 23103 1043225 40313 1839905
1377638700 40357 1842053 44779 2054719
1377638400 44862 2058827 53141 2465591
1377638100 53139 2465535 53141 2465591
1377637800 52983 2457868 53030 2460039
1377637500 48309 2244192 48353 2361656
1377637200 44075 2361656 51477 2361656
1377636900 51473 2361521 51477 2361656
1377636600 50885 2340965 50903 2341532
1377636300 49202 2286133 52112 2410228
1377636000 52087 2409053 52112 2410228
1377635700 49711 2292887 52622 2310259
1377635400 52596 2310259 52622 2310259
1377635100 50109 2311834 53483 2467780
1377634800 53479 2467744 53483 2467780
1377634500 53064 2462860 53089 2464227
1377634200 50665 2328213 52034 2421154
1377633900 51902 2414798 52034 2421154
1377633600 38843 1792585 38871 2486219
1377633300 36256 2486219 53382 2486219
1377633000 53340 2484411 53382 2486219
1377632700 46879 2203870 47111 2215122
1377632400 24026 1091243 28317 1275026
1377632100 28440 1280954 46890 2164243
1377631800 46935 2166360 53648 2481934
1377631500 53590 2480659 53648 2481934
1377631200 45015 2290787 49776 2290787
1377630900 49793 2291729 51530 2384990
1377630600 51487 2383050 51530 2384990
1377630300 47286 2192327 49982 2320079
1377630000 49958 2318867 49982 2320079
1377629700 47677 2200967 48409 2401456
1377629400 48430 2401456 51656 2401456
1377629100 51615 2399317 51656 2401456
1377628800 47413 2179178 47594 2187595
1377628500 29532 1346889 31579 1445242
1377628200 31784 1455089 52134 2430019
1377627900 52118 2429178 52134 2430019
1377627600 49870 2305015 53863 2410673
1377627300 53841 2410673 53863 2410673
1377627000 51743 2411490 53842 2492431
1377626700 53824 2491754 53842 2492431
1377626400 52109 2425354 54370 2517358
1377626100 54356 2516703 54370 2517358
1377625800 43883 1893736 53064 2451867
1377624600 36030 1638643 38539 1777655
1377622800 31442 1499588 46595 2191237
1377621000 25541 1180114 46595 2191237
1377619200 35927 1685580 42495 2005808
1377617400 39917 1837812 42846 2016282
1377615600 34759 1552727 42846 2016282
1377613800 39066 1816303 43006 2026431
1377612000 31857 1496483 44190 2048715
1377610200 33509 1554458 44190 2048715
1377608400 33740 1515292 38748 1791728
1377606600 27038 1262811 33603 1590781
1377604800 42123 1934525 48461 2220694
1377603000 35027 1585793 40684 1886611
1377601200 36737 1710811 47122 2211560
1377599400 30066 1350097 41005 1890957
1377597600 35332 1635483 37787 1727103
1377595800 36484 1674547 39944 1851259
1377594000 39251 1924056 48753 2258757
1377592200 38924 1852149 50474 2335787
1377590400 48584 2208766 51026 2369398
1377588600 43597 2053394 49397 2276289
1377586800 48022 2210485 50481 2255956
1377585000 46775 2118723 50481 2233355
1377583200 46249 2193868 50331 2317457
1377581400 38060 1696159 48754 2231519
1377579600 40315 1853034 47379 2155176
1377577800 26426 1184284 47379 2155176
1377576000 31021 1354363 36488 1588216
1377574200 27485 1210129 45922 2055158
1377572400 47384 2074675 51751 2350024
1377570600 43931 2026060 51751 2350024
1377568800 45614 2067601 54885 2458329
1377567000 48087 2128176 54885 2458329
1377565200 39960 1704985 51276 2068233
1377563400 31929 1416658 41472 1788376
1377561600 21718 958165 34261 1553892
1377559800 33502 1506117 50964 2278015
1377558000 44700 1975782 52689 2330866
1377556200 46990 1998422 55417 2330866
1377554400 51282 2187203 53265 2268780
1377552600 51382 2167348 53265 2279702
1377550800 36967 1517559 42141 1732918
1377549000 45597 1983373 53067 2274374
1377547200 51059 2184929 53262 2251475
1377545400 46822 1995945 51909 2270170
1377543600 44830 2029236 50871 2233911
1377541800 37366 1745469 45357 2102327
1377540000 36679 1692757 38150 1750741
1377538200 40668 1913475 47861 2223923
1377536400 45298 2130453 50381 2333432
1377534600 31060 1423413 45098 2072487
1377532800 27190 1223390 37499 1713543
1377531000 31999 1332290 37499 1698556
1377529200 18606 829117 21496 959558
1377527400 25659 1163692 37162 2078870
1377525600 42599 2108200 47490 2198337
1377523800 33797 1417249 46540 2138643
1377522000 26304 1192159 34652 1589012
1377520200 25513 1158457 32461 1484156
1377518400 25066 1131971 32757 1500858
1377516600 36447 1662570 49182 2266986
1377514800 43869 2053810 49585 2288648
1377513000 38284 1686194 45309 2058107
1377511200 35710 1657049 38506 1811493
1377509400 40923 1907859 49924 2312701
1377507600 47337 2163812 49826 2312833
1377505800 44430 2049535 47878 2202429
1377504000 46202 2139160 49874 2304976
1377502200 38078 1764295 43011 1990091
1377500400 36516 1677250 37381 1711764
1377498600 36437 1672495 36684 1686738
1377496800 34905 1611647 38129 1724995
1377495000 41280 1895998 48799 2277063
1377493200 41467 1920848 51669 2402181
1377491400 41556 1755247 50262 2309827
1377489600 47451 2219147 50196 2322709
1377487800 39710 1890468 48905 2283372
1377486000 36740 1696632 43511 2021503
1377484200 31722 1446964 42983 1966863
1377482400 45362 2147000 49635 2310128
1377480600 41241 1937886 48157 2231280
1377478800 37633 1746483 47606 2231280
1377477000 35499 1621673 37469 1669707
1377475200 33129 1515330 36986 1677392
1377473400 34842 1602124 37038 1683967
1377471600 34527 1524946 44276 2020793
1377469800 35833 1598883 44276 2020793
1377468000 35854 1662061 38754 1965034
1377466200 41912 1976051 44772 2074073
1377464400 43387 2015615 44886 2072082
1377462600 41944 1933938 45859 2108355
1377460800 43427 2007562 45273 2090072
1377459000 37343 1685652 39496 1805532
1377457200 35053 1598231 36212 1640496
1377455400 37689 1730783 43567 1980737
1377453600 36944 1664006 38318 1779700
1377451800 37455 1704229 45915 2139424
1377450000 44235 2053928 47587 2197913
1377448200 37835 1923969 43425 2027514
1377446400 40603 1849857 43282 2012351
1377444600 38842 1799038 42511 1945899
1377442800 40028 1846665 42580 1990782
1377441000 39181 1810894 42375 1933988
1377439200 41735 1952621 43277 2023390
1377437400 33648 1560346 42399 2093437
1377435600 40019 1959799 45023 2114007
1377433800 35721 1663267 40881 1917723
1377432000 30642 1417937 36136 1671853
1377430200 32126 1492623 33151 1542295
1377428400 36275 1714900 44797 2098542
1377426600 31204 1429659 39605 1839783
1377424800 34202 1543131 36343 1636312
1377423000 34223 1574903 36537 1637260
1377421200 34399 1570415 36313 1701792
1377419400 36771 1702092 39007 1778611
1377417600 45235 2094324 48978 2294177
1377415800 39648 1764656 48978 2294177
1377414000 39763 1831841 48212 2243066
1377412200 43772 2028107 47555 2213548
1377410400 42396 1935430 46443 2069319
1377408600 36057 1651905 37267 1691685
1377406800 40705 1854038 47473 2110436
1377405000 34799 1600889 45623 2089216
1377403200 30399 1359597 35064 1610727
1377401400 37024 1730041 42717 1996290
1377399600 37806 1745526 44349 2054566
1377397800 44032 2036868 45318 2100574
1377396000 43321 1987314 45121 2100574
1377394200 33103 1403235 39181 1804480
1377392400 36099 1645125 38014 1710216
1377390600 36321 1668427 37603 1709381
1377388800 35902 1649719 37722 1716239
1377387000 43392 2012950 47198 2174764
1377385200 41202 1890608 46380 2144063
1377383400 39880 1851548 47990 2233964
1377381600 46694 2160011 48799 2271000
1377379800 40354 1855655 49323 2298740
1377378000 46579 2176721 49442 2308355
1377376200 47113 2181552 49976 2277792
1377374400 45404 2110635 49030 2275962
1377372600 44087 2061891 49200 2287620
1377370800 36880 1694588 38771 1774050
1377369000 39407 1821594 45574 2112802
1377367200 41276 1911397 48517 2244752
1377365400 42346 1925534 49727 2240814
1377363600 46023 2146993 48768 2290782
1377361800 40529 1847117 46458 2131938
1377360000 34616 1598764 37782 1756057
1377358200 33599 1563449 37124 1717948
1377356400 35726 1665451 36808 1717163
1377354600 32095 1405142 36266 1690513
1377352800 44768 2071929 49026 2273330
1377351000 43556 1945417 52607 2260525
1377349200 49833 2113648 53824 2301356
1377347400 52682 2235079 54225 2323014
1377345600 52045 2223051 54332 2323014
1377343800 40651 1869971 45652 2103290
1377342000 41761 1989791 43476 2020374
1377340200 36965 1649429 44962 2055176
1377338400 46714 2119404 47938 2161953
1377336600 46917 2121435 48505 2182207
1377334800 46694 2112451 47034 2139978
1377333000 45814 2071134 48656 2170414
1377331200 36959 1664715 45954 2082964
1377329400 30173 1398084 41415 1932726
1377327600 43015 2067926 49247 2295751
1377325800 42362 2002156 48543 2268170
1377324000 44118 2068036 49148 2280408
1377322200 38310 1763879 45592 2097615
1377320400 39905 1881134 48491 2257174
1377318600 41523 1918085 53113 2455355
1377316800 49515 2268196 53113 2455355
1377315000 51292 2390067 54673 2538303
1377313200 51413 2351743 54583 2517630
1377311400 40812 1893974 52207 2421314
1377309600 43998 2017162 53808 2493106
1377307800 30570 1396707 46099 2142249
1377306000 32626 1491702 34917 1607854
1377304200 34282 1548854 38338 1787604
1377302400 42740 1944520 48127 2244161
1377300600 37304 1730949 45113 2107222
1377298800 41041 1994010 48630 2259847
1377297000 38857 1852357 45709 2124219
1377295200 40703 1878444 43474 2011180
1377293400 33136 1526263 43474 2011180
1377291600 38621 1736866 42733 1973461
1377289800 41547 1917258 44035 1998043
1377288000 39033 1784215 44029 2031188
1377286200 37761 1728627 45484 2108296
1377284400 39534 1871825 46192 2126395
1377282600 34618 1516125 42913 1978639
1377280800 33992 1563784 38984 2018859
1377279000 39598 1889790 43872 2018859
1377277200 39003 1808570 45682 2096256
1377275400 36082 1643452 41973 1913989
1377273600 42594 1957209 50926 2326542
1377271800 35770 1655849 38125 1737491
1377270000 31171 1514557 38125 1742800
1377268200 36676 1678057 38210 1743196
1377266400 39476 1841797 49938 2287107
1377264600 39450 1791374 47739 2181810
1377262800 38824 1727025 44442 2027355
1377261000 41790 1935266 43817 2025554
1377259200 42200 1953693 43227 2003537
1377257400 35831 1699652 44178 2060790
1377255600 36952 1765207 44615 2064482
1377253800 39777 1829643 50811 2039976
1377252000 50196 2208377 55482 2562638
1377250200 51771 2430845 56889 2618749
1377248400 45083 2081928 49741 2289720
1377246600 43100 1930475 58370 2683312
1377244800 53229 2393444 60124 2746688
1377243000 38874 1703087 47893 2149640
1377241200 33645 1605239 40058 1879162
1377239400 34665 1610200 40206 1879162
1377237600 32624 1536104 35827 1684659
1377235800 35364 1662482 39661 1845809
1377234000 38579 1797124 46820 2165556
1377232200 33832 1347667 46820 2165556
1377230400 42152 1959082 44584 2015151
1377228600 37515 1742532 43522 2020677
1377226800 36778 1702067 44172 2058575
1377225000 33179 1470878 44172 2058575
1377223200 31244 1447916 44154 1775960
1377221400 37123 1667142 44214 2077451
1377219600 32731 1498635 47185 2208992
1377217800 38026 1766117 47185 2208992
1377216000 41269 1907951 46780 2167833
1377214200 41720 2021921 47050 2191507
1377212400 36843 1622784 42632 1988034
1377210600 39581 1755483 46746 2172583
1377208800 46717 2163571 48420 2226290
1377207000 39052 1809544 46417 2159168
1377205200 30922 1426416 40846 1865061
1377203400 44415 2060282 46750 2151349
1377201600 34142 1557912 41692 2220827
1377199800 39770 1915467 48373 2220827
1377198000 30177 1338649 36061 1676390
1377196200 43428 1966119 48675 2231361
1377194400 33473 1526698 46377 2127633
1377192600 35130 1564602 36787 1682877
1377190800 34829 1630902 43397 2002332
1377189000 41245 1900516 51107 2373050
1377187200 43559 1955275 51107 2211605
1377185400 37878 1731936 46265 2181853
1377183600 25092 855292 34301 1582721
1377181800 20663 959151 30247 1388361
1377180000 16772 776263 29077 1357674
1377178200 29490 1370624 39625 1840830
1377176400 33837 1577001 39733 1849692
1377174600 19134 847276 26682 1233995
1377172800 30097 1401912 41379 1932497
1377171000 36428 1758547 45552 2119923
1377169200 32510 1582112 46169 2148109
1377167400 36732 1695421 44190 2089768
1377165600 35048 1562858 44190 2089768
1377163800 42432 1989268 46554 2173059
1377162000 25354 1160770 28192 1291097
1377160200 18955 865674 20416 919328
1377158400 20310 931002 39319 1831365
1377156600 36241 1612797 43595 2018421
1377154800 23521 1080677 33694 1565458
1377153000 26616 1281490 41930 1941975
1377151200 21943 1009623 29439 1362763
1377149400 40180 1884352 43874 2035495
1377147600 36390 1687606 42823 1992351
1377145800 21627 990046 41753 1946269
1377144000 12512 562812 12989 580297
1377142200 25645 1181584 37213 1722741
1377140400 33379 1559120 37719 1750906
1377138600 28874 1293931 37037 1727115
1377136800 13690 615584 47881 2210568
1377135000 39829 1746317 50793 2210568
1377133200 22633 1045137 37661 1989888
1377131400 34956 1660373 42813 1989888
1377129600 16226 741475 26077 1212612
1377127800 17847 807154 27244 1176407
1377126000 30229 1368778 46243 2149306
1377124200 34954 1539612 44710 1906147
1377122400 12905 567340 15023 663052
1377120600 20618 896673 38133 1639891
1377118800 35634 1585651 38906 1739925
1377117000 45567 1570507 156080 1739925
1377115200 121227 1343679 168847 1986894
1377113400 24841 775592 44892 1022890
1377111600 10317 835547 11983 959088
1377109800 11136 908311 12080 982281
1377108000 11262 909838 12072 985239
1377106200 10999 882956 11728 942914
1377104400 18182 1263894 25936 1472607
1377102600 24198 1316059 31997 1706080
1377100800 18474 1243786 33578 1854587
1377099000 31612 1796637 33578 1854587
1377097200 26137 1556902 33245 1856306
1377095400 19611 1226911 33245 1856306
1377093600 15178 1092762 31934 1755688
1377091800 20537 1184650 31934 1755688
1377090000 14962 1113296 15486 1156743
1377088200 14480 1078184 15117 1144091
1377086400 17767 1210190 24545 1516705
1377084600 29568 1735330 35238 1965523
1377082800 33078 1832461 35689 1983326
1377081000 26022 1503558 35689 1961450
1377079200 24549 1451583 26521 1570302
1377077400 25822 1508687 26356 1553326
1377075600 25375 1497435 26617 1567986
1377073800 24472 1419725 26732 1565161
1377072000 24571 1453888 28341 1634061
1377070200 25368 1501322 31176 1780087
1377068400 29553 1686565 32625 1859859
1377066600 24465 1437983 32625 1859859
1377064800 25034 1490898 32221 1808489
1377063000 30964 1755068 32210 1810290
1377061200 28707 1645375 32113 1828697
1377059400 23640 1297065 31536 1532067
1377057600 25567 1478349 27161 1570711
1377055800 25183 1483172 27161 1570711
1377054000 25468 1459145 26539 1513101
1377052200 25940 1492755 26983 1565916
1377050400 25287 1464171 27060 1577813
1377048600 26812 1528661 31421 1754097
1377046800 23119 1410260 30108 1705617
1377045000 16137 1140348 18131 1203370
1377043200 16311 1149597 17201 1195365
1377041400 16070 1138802 17035 1215981
1377039600 25926 1585991 30325 1788028
1377037800 28524 1677589 33235 1917957
1377036000 28255 1639324 33234 1870346
1377034200 17309 1242604 20592 1403692
1377032400 16943 1224998 17943 1272537
1377030600 22911 1423239 33126 1927797
1377028800 12115 858734 12973 969907
1377027000 12679 906452 15634 1184571
1377025200 12058 852123 13914 1064527
1377023400 14692 1089992 22871 1344057
1377021600 27556 1565050 33721 1902082
1377019800 14874 1038657 15510 1095981
1377018000 17710 1238208 28965 1657110
1377016200 19738 1221184 28239 1619421
1377014400 25150 1419002 27725 1602293
1377012600 26439 1587824 27982 1646468
1377010800 24521 1468422 27878 1617390
1377009000 26395 1580261 27392 1634455
1377007200 22266 1393082 27392 1634455
1377005400 18693 1151446 24434 1443137
1377003600 20250 1283902 23306 1430087
1377001800 22479 1426223 24784 1476873
1377000000 23778 1443046 24847 1497107
1376998200 22853 1417907 25108 1533691
1376996400 23017 1400836 25108 1533691
1376994600 23089 1401753 26987 1603466
1376992800 24547 1452006 26647 1576637
1376991000 23206 1395682 26481 1562304
1376989200 20898 1221680 25087 1374557
1376987400 23886 1438679 25961 1535027
1376985600 24692 1445748 26415 1513172
1376983800 23329 1404680 29621 1688418
1376982000 16421 1163854 17404 1224048
1376980200 21833 1403590 30742 1789441
1376978400 28785 1619685 31095 1778611
1376976600 27703 1610460 30228 1743130
1376974800 28996 1675330 30482 1747127
1376973000 20360 1299388 28721 1660729
1376971200 16608 1164514 16995 1202542
1376969400 16929 1191512 17428 1229281
1376967600 15590 1112038 16761 1163770
1376965800 18722 1263301 36218 1699651
1376964000 29361 1616671 36340 2005561
1376962200 28793 1778469 35948 1918220
1376960400 28368 1670023 31440 1795587
1376958600 25432 1497876 30803 1774864
1376956800 30030 1715772 32359 1855846
1376955000 28002 1605256 31981 1805505
1376953200 14690 1066059 24564 1497972
1376951400 23538 1436670 30029 1721931
1376949600 23874 1471374 24278 1493676
1376947800 21982 1349104 24208 1481892
1376946000 23474 1445247 24208 1476409
1376944200 23358 1381330 23844 1457480
1376942400 22732 1414006 23951 1479871
1376940600 23467 1425090 24587 1481358
1376938800 23726 1474155 24411 1537136
1376937000 23398 1450103 23821 1489899
1376935200 24039 1478449 24456 1527656
1376933400 22451 1374384 23860 1475178
1376931600 21483 1343622 23519 1463592
1376929800 22100 1343569 25711 1557537
1376928000 25666 1536181 26119 1605176
1376926200 24003 1455354 26102 1531750
1376924400 15528 1147024 17240 1215891
1376922600 24874 1523691 27322 1657884
1376920800 21824 1427168 25751 1532524
1376919000 25465 1541594 32448 1856037
1376917200 24116 1508230 32448 1856037
1376915400 29177 1732520 32764 1855950
1376913600 28389 1652334 32709 1842407
1376911800 27859 1630112 33217 1874996
1376910000 28109 1590845 33049 1852026
1376908200 19306 1162338 29731 1693422
1376906400 29320 1657276 33192 1851287
1376904600 26914 1620159 32969 1876622
1376902800 28114 1651821 33563 1894091
1376901000 31764 1819343 33452 1896686
1376899200 26551 1510233 33550 1903512
1376897400 23756 1418855 31517 1779495
1376895600 21868 1344733 27888 1608020
1376893800 15774 1130698 16658 1181552
1376892000 20471 1387457 27851 1644181
1376890200 16953 1177175 27016 1460559
1376888400 19305 1209578 27016 1380370
1376886600 17794 1182153 25348 1500136
1376884800 14361 1052485 15447 1133649
1376883000 24815 1518868 37115 2046118
1376881200 26803 1588999 36769 2041372
1376879400 35233 1995342 36851 2041372
1376877600 35330 1931100 37213 2055579
1376875800 19630 1171457 36479 1913861
1376874000 16488 1170732 17477 1230239
1376872200 15719 1089020 16462 1171657
1376870400 15545 1032726 17042 1178426
1376868600 12636 868467 20978 1359200
1376866800 27460 1589498 33710 1837564
1376865000 24189 1485702 31591 1837564
1376863200 28757 1637534 30977 1782751
1376861400 29290 1679283 31142 1790389
1376859600 25435 1514171 30166 1678779
1376857800 27745 1530185 30926 1731724
1376856000 25597 1291525 31837 1666873
1376854200 23595 1344697 31631 1768168
1376852400 30026 1702504 32209 1876380
1376850600 24872 1504179 30745 1774570
1376848800 22630 1396698 30618 1755016
1376847000 14841 1048732 15351 1124881
1376845200 25078 1489019 29298 1717863
1376843400 27825 1598170 32123 1789217
1376841600 30707 1643540 32270 1816730
1376839800 23326 1453943 32093 1834205
1376838000 27192 1510147 32202 1793990
1376836200 29181 1698811 32563 1839889
1376834400 27848 1638034 32563 1839889
1376832600 20469 1323365 30430 1714183
1376830800 21250 1316658 32000 1817974
1376829000 21862 1374838 31160 1787731
1376827200 18106 1230064 30880 1749896
1376825400 29448 1677236 31268 1749896
1376823600 25617 1582197 31268 1757972
1376821800 26296 1548895 31874 1799450
1376820000 27754 1532374 30881 1697858
1376818200 30500 1646859 31517 1714701
1376816400 28416 1654356 31627 1792205
1376814600 28559 1635549 31421 1738839
1376812800 27415 1620224 30428 1734060
1376811000 24683 1411019 29678 1698463
1376809200 17018 973928 26071 1378694
1376807400 13922 891683 16680 1082239
1376805600 22883 1284387 26215 1505601
1376803800 23756 1410695 26515 1505601
1376802000 13927 916741 21595 1251674
1376800200 20421 1214363 29305 1614323
1376798400 25278 1501566 30623 1773267
1376796600 28550 1597998 30097 1775313
1376794800 28334 1657068 30801 1775313
1376793000 16740 1167156 18902 1274410
1376791200 21357 1359707 29569 1696061
1376789400 16683 1018992 28300 1624611
1376787600 13002 885744 20266 1230858
1376785800 25982 1531964 28161 1644207
1376784000 27506 1608719 28437 1652939
1376782200 27256 1606974 28535 1654449
1376780400 25735 1473467 30655 1748824
1376778600 25949 1541673 30655 1748824
1376776800 27061 1624368 28836 1670053
1376775000 27090 1587903 28412 1657021
1376773200 25177 1496562 28411 1605794
1376771400 27924 1617244 28821 1673083
1376769600 25805 1531498 29903 1684046
1376767800 28568 1662283 29517 1714373
1376766000 23737 1404718 29610 1725971
1376764200 26235 1618223 29566 1725971
1376762400 28112 1645655 29955 1720792
1376760600 26181 1571906 28264 1687773
1376758800 24137 1475666 28132 1671513
1376757000 22071 1360831 27313 1665302
1376755200 23219 1386064 27832 1643159
1376753400 25456 1509765 27832 1650309
1376751600 19484 1249553 28185 1683731
1376749800 23928 1504875 28185 1683731
1376748000 25316 1590040 28235 1683851
1376746200 18883 1228762 24354 1428690
1376744400 16237 1139834 17460 1236694
1376742600 22869 1318458 33822 1871726
1376740800 20768 1355078 33974 1912276
1376739000 30902 1775304 34466 1905695
1376737200 24356 1511128 34484 1934473
1376735400 27572 1597153 31986 1807744
1376733600 29303 1590927 32300 1740431
1376731800 31557 1759716 32342 1811017
1376730000 31387 1760478 33317 1851339
1376728200 30615 1740162 33052 1832535
1376726400 28415 1662906 32963 1811243
1376724600 26115 1631673 32013 1836220
1376722800 31880 1846605 34248 2002974
1376721000 30228 1750221 32782 1884277
1376719200 16252 1113641 17081 1207192
1376717400 20584 1340512 32033 1828441
1376715600 30442 1725187 33673 1849796
1376713800 20346 1299883 28690 1657631
1376712000 17044 1173915 17502 1189143
1376710200 15715 1059846 17563 1221378
1376708400 17775 1132192 31224 1652876
1376706600 29508 1636973 33087 2034854
1376704800 33996 1930964 36376 2034854
1376703000 26211 1576048 31777 1771536
1376701200 23271 1320085 24834 1487504
1376699400 24234 1439329 25568 1487504
1376697600 24941 1474022 25961 1534428
1376695800 24254 1467101 24565 1496579
1376694000 23143 1422026 24172 1471470
1376692200 22331 1357993 25414 1498431
1376690400 22269 1372813 24325 1421298
1376688600 24445 1456792 25969 1543284
1376686800 25597 1517490 26041 1543345
1376685000 25343 1507932 26010 1539509
1376683200 24915 1457948 26264 1533530
1376681400 24379 1445375 25716 1505261
1376679600 24834 1467554 26245 1547524
1376677800 25200 1478673 26277 1547524
1376676000 20469 1247145 26014 1461584
1376674200 22269 1347330 26373 1538078
1376672400 25066 1487366 27210 1587280
1376670600 19829 1225328 23888 1352106
1376668800 24933 1463467 29270 1660250
1376667000 21856 1420133 29364 1683427
1376665200 27050 1577350 30386 1739349
1376663400 29565 1687411 30386 1739349
1376661600 27039 1536611 29275 1641336
1376659800 19620 1250555 27312 1567701
1376658000 21779 1381117 32358 1811168
1376656200 16392 1151660 17252 1199982
1376654400 16392 1153201 17385 1210863
1376652600 17181 1191355 17385 1210863
1376650800 23802 1504115 34681 1923476
1376649000 27034 1543142 33261 1844394
1376647200 25048 1511465 33082 1877566
1376645400 18722 1266871 22421 1422672
1376643600 15189 1046405 17176 1189092
1376641800 15563 1116840 17680 1196818
1376640000 18910 1254949 27182 1606588
1376638200 25618 1478476 30107 1698026
1376636400 24593 1421124 28022 1593128
1376634600 25505 1513796 28046 1619498
1376632800 17014 1169812 18651 1277560
1376631000 15156 1043391 15925 1124009
1376629200 23905 1470975 28546 1645367
1376627400 19883 1190158 28843 1600533
1376625600 25496 1481918 30149 1724511
1376623800 28886 1630597 29791 1720461
1376622000 26780 1538610 29444 1680369
1376620200 16789 1107658 30235 1753276
1376618400 25395 1484842 31374 1765172
1376616600 19362 1183573 27996 1588849
1376614800 15486 1121620 15851 1143017
1376613000 16498 1123339 17679 1169913
1376611200 15214 1043491 16522 1181033
1376609400 14546 986786 16284 1154101
1376607600 18170 1244123 23503 1488699
1376605800 20373 1290771 24260 1462913
1376604000 26778 1644527 31375 1814473
1376602200 15970 1135376 18817 1234253
1376600400 20516 1338052 30897 1775271
1376598600 28949 1669854 31378 1779068
1376596800 31122 1653277 32748 1853433
1376595000 16032 1117930 16519 1172075
1376593200 16081 1144486 16860 1193134
1376591400 16061 1123750 16860 1193134
1376589600 15985 1127627 16574 1584714
1376587800 26742 1644168 30950 1779251
1376586000 28732 1629859 32327 1840546
1376584200 18456 1145865 27010 1478388
1376582400 15057 1096863 16560 1168293
1376580600 20068 1292507 28152 1586741
1376578800 17702 1175445 24670 1442054
1376577000 18615 1112283 26886 1507534
1376575200 19100 1260413 27881 1594583
1376573400 19866 1265412 27379 1573791
1376571600 28390 1642633 33664 1857916
1376569800 23317 1434434 34266 1895082
1376568000 15201 1087963 16076 1125199
1376566200 16847 1181588 17668 1227892
1376564400 17099 1168651 33165 1770682
1376562600 19161 1232753 33165 1770682
1376560800 20126 1304389 28373 1650425
1376559000 27840 1614734 32090 1808303
1376557200 29623 1694805 31614 1771645
1376555400 31226 1743201 31614 1782788
1376553600 21831 1467517 31885 1787608
1376551800 28831 1657642 31885 1796423
1376550000 30063 1702697 32486 1846771
1376548200 28742 1697020 32043 1846523
1376546400 16873 1181741 17259 1202629
1376544600 23265 1439864 33925 1910123
1376539200 24650 1478005 25775 1539390
1376532000 23227 1377256 33628 1859094
1376524800 24835 1426850 33255 1853502
1376517600 18903 1138739 25321 1374552
1376510400 16537 1033593 27510 1512944
1376503200 18480 1127199 29108 1564446
1376496000 23042 1309102 30293 1598727
1376488800 19386 1151379 28985 1587180
1376481600 25997 1410086 29289 1570140
1376474400 24327 1352939 27840 1506644
1376467200 22030 1265612 28214 1524551
1376460000 22945 1277067 27230 1449998
1376452800 24044 1324942 31387 1631364
1376445600 21546 1222991 31470 1754459
1376438400 20626 1202351 23770 1350350
1376431200 23255 1345697 25285 1450084
1376424000 22554 1321808 25257 1456378
1376416800 20348 1170805 25686 1412074
1376409600 20394 1222453 29841 1615053
1376402400 22240 1292604 28152 1547064
1376395200 25515 1400005 30721 1636441
1376388000 29153 1585482 31847 1712921
1376380800 21786 1255487 38728 1993247
1376373600 26905 1476142 39294 2024247
1376366400 13953 915071 15278 1000691
1376359200 21591 1210924 25914 1428095
1376352000 20580 1176769 29322 1602956
1376344800 25933 1467301 30700 1626914
1376337600 27376 1500071 30700 1653703
1376330400 24383 1346566 29901 1644576
1376323200 20678 1168178 22377 1249735
1376316000 17295 1004431 28788 1574967
1376308800 21276 1204022 29191 1575901
1376301600 25195 1372309 26988 1457827
1376294400 19246 1089904 27521 1457827
1376287200 21434 1190101 29196 1576863
1376280000 12870 859900 17133 1066202
1376272800 22438 1263808 29046 1585465
1376265600 25314 1369999 28749 1518558
1376258400 23558 1310263 28705 1530821
1376251200 15333 987623 27614 1470494
1376244000 19888 1158906 33270 1754679
1376236800 29570 1547218 32690 1736260
1376229600 27382 1504639 32785 1728591
1376222400 20663 1207176 32778 1769107
1376215200 28256 1536206 31753 1680464
1376208000 20144 1176307 31483 1680464
1376200800 18551 1085808 30308 1663953
1376193600 21673 1174077 28813 1478846
1376186400 20895 1204506 28207 1520134
1376179200 23955 1347838 29309 1590306
1376172000 23102 1272401 27536 1362589
1376164800 26100 1250825 27624 1350163
1376157600 24166 1202869 27163 1349292
1376150400 25931 1277288 30895 1485057
1376143200 24248 1261405 30243 1466086
1376136000 25035 1375482 32861 1701060
1376128800 21627 1242216 22683 1323568
1376121600 22387 1283177 24114 1392872
1376114400 21368 1229508 24395 1422663
1376107200 13350 831451 14824 975750
1376100000 24424 1349728 36466 1914541
1376092800 26140 1435405 31784 1735767
1376085600 27076 1378819 32092 1564362
1376078400 21197 1139123 31051 1551851
1376071200 23612 1151069 32477 1529747
1376064000 26250 1227183 32539 1494113
1376056800 19298 977337 32299 1490603
1376049600 17326 1042895 32730 1708420
1376042400 25487 1412228 32907 1761029
1376035200 21531 1230709 31236 1650079
1376028000 21129 1228877 27101 1479392
1376020800 20152 1178886 32350 1729761
1376013600 23934 1201126 32373 1511167
1376006400 20397 1029800 28382 1413731
1375999200 24244 1231949 27439 1371803
1375992000 25717 1301652 29399 1436795
1375984800 21396 1031725 33684 1419105
1375977600 23886 1212993 34786 1645975
1375970400 21264 1174352 31447 1412846
1375963200 21920 1223145 23504 1324874
1375956000 21317 1196872 23391 1299356
1375948800 23516 1301980 29547 1590691
1375941600 20774 1194945 29546 1590691
1375934400 26914 1452613 28620 1589235
1375927200 21949 1262184 30129 1622723
1375920000 25031 1416202 28893 1623263
1375912800 20104 1196790 28836 1623263
1375905600 18316 1090356 29284 1582461
1375898400 19798 1185723 27281 1560331
1375891200 24489 1410629 31857 1710074
1375884000 16975 1002888 31810 1703583
1375876800 19054 1137776 31421 1699031
1375869600 22275 1253286 28774 1538251
1375862400 21652 1239681 34148 1816418
1375855200 24133 1370067 33028 1758473
1375848000 23769 1327301 26918 1496574
1375840800 24372 1347244 28391 1535742
1375833600 19786 959408 33823 1494051
1375826400 31536 1411299 34134 1541975
1375819200 23918 1170919 33576 1657999
1375812000 21969 1238175 32457 1711521
1375804800 13300 864572 24990 1285187
1375797600 21332 1120702 25576 1376420
1375790400 22495 1191302 31789 1655722
1375783200 19737 1094193 33936 1700143
1375776000 25200 1380208 34339 1759911
1375768800 15904 970427 26903 1450316
1375761600 20331 1353972 29320 1664288
1375754400 26116 1575369 31436 1814753
1375747200 23441 1492169 26560 1735425
1375740000 20532 1138527 26259 1423386
1375732800 19274 1069540 26188 1428950
1375725600 19512 1138254 35784 1934239
1375718400 27543 1772458 38863 2275074
1375711200 26505 1737818 37869 2196484
1375704000 24343 1608033 36945 2193173
1375696800 27440 1703181 36324 2073785
1375689600 23223 1519032 33999 2018596
1375682400 26222 1698205 39603 2373851
1375675200 23508 1648863 34840 1800771
1375668000 28183 1868082 35336 2182239
1375660800 31990 1986028 36745 2209969
1375653600 26257 1352267 31448 1602521
1375646400 27979 1419828 31829 1617280
1375639200 22216 1225661 34564 2169233
1375632000 30839 1966615 36427 2260215
1375624800 32518 2037424 39777 2346558
1375617600 32164 2019737 40225 2371375
1375610400 35993 2169606 38677 2336936
1375603200 28982 1844893 38176 2290218
1375596000 31259 1918942 35981 2172591
1375588800 26182 1694203 32344 1998333
1375581600 20029 1390675 31273 1926839
1375574400 27204 1759749 34932 2123768
1375567200 22559 1208701 26919 1493258
1375560000 24576 1410422 29351 1744179
1375552800 25649 1545048 29937 1788632
1375545600 18295 1047354 20519 1245138
1375538400 19304 1098531 28065 1557613
1375531200 22660 1311020 30228 1679461
1375524000 28924 1628766 31402 1762989
1375516800 26902 1537592 30349 1727940
1375509600 28648 1632421 36936 2286708
1375502400 33548 2131122 36456 2282670
1375495200 31352 2031072 35739 2257138
1375488000 31641 2052529 52543 2634247
1375480800 51565 2619208 53545 2679564
1375473600 47946 2462240 52569 2672063
1375466400 38132 2130828 47888 2574986
1375459200 23758 1658974 34712 2159169
1375452000 29790 1921686 34356 2174860
1375444800 33104 2052863 37508 2279215
1375437600 34861 2143797 37631 2281497
1375430400 33934 2055005 39081 2322022
1375423200 27171 1720702 38289 2270276
1375416000 26403 1688510 29594 1860438
1375408800 27943 1735638 33858 2008668
1375401600 30291 1876677 40757 2303225
1375394400 40834 2313249 42192 2346794
1375387200 36891 2230983 41534 2316443
1375380000 31160 1980008 36920 2245028
1375372800 29430 1942158 31723 2077328
1375365600 27603 1899394 34125 2124783
1375358400 31018 1962410 40787 2521833
1375351200 40396 2459435 42555 2547008
1375344000 38117 2332426 44492 2622780
1375336800 33095 1979720 44195 2622780
1375329600 22732 1254508 26682 1509807
1375322400 24031 1293133 30207 1595855
1375315200 24901 1405534 29269 1897070
1375308000 27872 1836226 30147 2015474
1375300800 28660 1886884 31169 2064016
1375293600 28496 1899307 34866 2196976
1375286400 28813 1901509 34866 2210968
1375279200 28794 1915997 34374 2194019
1375272000 29723 1902853 35955 2182855
1375264800 35853 1989637 36230 2006502
1375257600 39557 2171031 42769 2310449
1375250400 38313 2121261 42693 2313162
1375243200 30941 1938322 33224 2136992
1375236000 32519 2089280 36534 2279650
1375228800 33105 2092802 37669 2346034
1375221600 37097 2334541 38656 2395632
1375214400 37193 2301872 42394 2389233
1375207200 31448 1984935 38538 2389039
1375200000 23989 1434914 29858 1795754
1375192800 23135 1324510 30032 1813006
1375185600 23667 1398420 31486 1709717
1375178400 29787 1902463 36389 2265979
1375171200 31085 1996594 35350 2123766
1375164000 30601 1916777 34466 2130390
1375156800 26753 1674044 31671 1967001
1375149600 20120 1443551 29660 1809349
1375142400 22924 1522403 34079 2005986
1375135200 14938 934247 29872 1483525
1375128000 15960 1091143 17461 1228367
1375120800 20631 1182006 33052 1889369
1375113600 30745 1703611 35626 2025953
1375106400 28820 1672344 34980 1986064
1375099200 28824 1704320 33385 1956947
1375092000 21893 1221513 29737 1597418
1375084800 23973 1292379 28702 1492339
1375077600 26061 1445155 35413 2206142
1375070400 26491 1788762 35988 2153115
1375063200 30826 1954349 36222 2136314
1375056000 30597 1933202 35576 2084805
1375048800 32926 1738727 36969 2117837
1375041600 27155 1451239 35084 1794008
1375034400 30193 1752181 46230 2418409
1375027200 44601 2326833 46978 2450121
1375020000 44996 2358155 49934 2530162
1375012800 40240 2097707 49594 2526333
1375005600 39453 2318289 46174 2507390
1374998400 41861 2334251 47767 2513086
1374991200 37149 2162910 46522 2579018
1374984000 30253 1882047 43417 2579018
1374976800 34673 2136173 40177 2408106
1374969600 36412 2190871 41081 2416828
1374962400 35268 2173815 38499 2290770
1374955200 36620 2251872 38592 2329527
1374948000 34852 2167219 38233 2323252
1374940800 31576 2067263 37359 2323011
1374933600 31319 2043010 37061 2350841
1374926400 31534 2005331 42394 2558870
1374919200 36013 2245640 44515 2624442
1374912000 36846 2228967 46145 2555209
1374904800 34832 2083781 43962 2579090
1374897600 31949 2007104 44262 2564686
1374890400 40288 2264583 50442 2659390
1374883200 29711 1962825 39707 2451420
1374876000 31916 2083978 34936 2180263
1374868800 32062 2102561 33437 2203986
1374861600 33013 2070819 39229 2436222
1374854400 32454 2138894 39886 2460361
1374847200 28572 1902220 34675 2232908
1374840000 33792 2078569 41691 2471730
1374832800 29559 1913648 35170 2187687
1374825600 33056 2069301 43224 2483688
1374818400 36121 2244202 44715 2618606
1374811200 32917 2094556 43755 2581788
1374804000 32704 2074000 41805 2523399
1374796800 29497 1936398 36893 2257968
1374789600 32487 2054431 42873 2526118
1374782400 28431 1888652 40212 2425441
1374775200 30931 1943411 43420 2559427
1374768000 35670 2234366 43473 2579818
1374760800 33601 2083893 40808 2439105
1374753600 35516 2146081 40526 2420360
1374746400 37542 2268763 42176 2460019
1374739200 36362 2212316 41498 2455204
1374732000 31564 2004855 39369 2415207
1374724800 31839 1997506 39724 2435213
1374717600 31376 2021266 38054 2297645
1374710400 32507 2043904 38637 2357963
1374703200 31396 2008884 36159 2198051
1374696000 26660 1815979 36220 2235548
1374688800 28487 1860047 35649 2212238
1374681600 32794 2109853 35931 2211642
1374674400 31533 1998330 34467 2177376
1374667200 32279 2052184 37379 2217036
1374660000 27309 1810026 38859 2350563
1374652800 35155 2164879 41501 2438255
1374645600 30927 1977975 37743 2278935
1374638400 31239 1988254 37303 2288492
1374631200 30180 1935560 40124 2373973
1374624000 31609 1992852 41457 2505200
1374616800 35442 2153504 39313 2324112
1374609600 33971 2096569 37563 2262929
1374602400 30828 1818992 37857 2243650
1374595200 36326 2182589 47038 2531096
1374588000 32413 2062815 39023 2356032
1374580800 29708 1923932 36859 2291533
1374573600 30549 1935877 34720 2081590
1374566400 31814 1986616 36275 2186184
1374559200 31727 1971006 38522 2310668
1374552000 38965 2264376 45315 2425586
1374544800 34997 2010579 45490 2556670
1374537600 34255 2118722 42889 2622578
1374530400 43389 2571120 45389 2670284
1374523200 42071 2504902 44938 2599298
1374516000 29075 1687136 45170 2322964
1374508800 31153 1987176 33775 2097760
1374501600 23255 1584203 33775 2097760
1374494400 25522 1680396 36020 2188116
1374487200 27806 1825548 45098 2557295
1374480000 34227 2131842 44631 2433841
1374472800 30409 1899192 37652 2271272
1374465600 26769 1505923 32409 1895757
1374458400 20110 884330 26551 1198004
1374451200 18321 833041 23685 1067159
1374444000 19749 888510 25577 1160920
1374436800 21465 962627 25623 1154671
1374429600 11669 519199 24586 1103046
1374422400 16679 755678 18597 829946
1374415200 8957 396514 18009 803981
1374408000 14245 635331 24387 1103979
1374400800 16309 704963 17983 799983
1374393600 15687 674080 27605 1242616
1374386400 14977 688527 27937 1253597
1374379200 15700 691455 21521 960940
1374372000 14500 646136 22366 1005075
1374364800 19622 881626 30923 1386967
1374357600 22487 957742 30454 1360345
1374350400 25383 1135779 31318 1394347
1374343200 21123 932343 30835 1376549
1374336000 22207 973237 27004 1208562
1374328800 21713 941227 27011 1215003
1374321600 9312 411205 24036 1069845
1374314400 15172 673329 21691 961368
1374307200 19773 884108 23844 1074937
1374300000 20865 1002731 31982 1968140
1374292800 28247 1837950 36589 2215657
1374285600 25595 1707706 36127 2202760
1374278400 24969 1662892 36335 2212753
1374271200 21960 1542058 23444 1583354
1374264000 22238 1557458 23910 1603072
1374256800 24711 1638372 31779 2023216
1374249600 28706 1855258 31426 2038708
1374242400 27937 1858025 36335 2296358
1374235200 25631 1690676 36926 2244542
1374228000 30608 1933254 40321 2404643
1374220800 30398 1864866 40453 2410772
1374213600 29670 1871769 41663 2437270
1374206400 20573 1458074 29568 1810721
1374199200 26356 1770673 36744 2257852
1374192000 26608 1787028 35019 2164095
1374184800 32536 2072081 34908 2164095
1374177600 32644 2056299 35906 2190565
1374170400 33632 2149248 42531 2600547
1374163200 34541 2171493 42531 2547943
1374156000 34333 2146260 41007 2435314
1374148800 33388 2065273 37726 2255003
1374141600 28110 1798981 30088 1945465
1374134400 31361 1981745 37750 2256481
1374127200 31675 1960203 37483 2234463
1374120000 27529 1727603 31509 1918839
1374112800 23811 1628909 30251 1920317
1374105600 28457 1817423 38879 2434382
1374098400 38064 2327218 41953 2472699
1374091200 30187 1967731 33702 2002283
1374084000 31170 1943050 40132 2388499
1374076800 30104 1974591 41783 2482946
1374069600 36321 2235180 41041 2464054
1374062400 30489 1928142 39757 2422862
1374055200 26971 1771366 30412 1821652
1374048000 32562 2008438 40665 2371402
1374040800 34915 2090413 42338 2447459
1374033600 32000 1989547 38336 2268156
1374026400 30023 1859569 39839 2284342
1374019200 28092 1867313 45571 2644554
1374012000 30038 1993001 31434 2061053
1374004800 30511 2012016 32296 2097204
1373997600 33616 1768355 119609 2149586
1373990400 35083 2118325 46125 2667701
1373983200 44137 2340483 64321 2749949
1373976000 38334 2149364 50837 2664171
1373968800 32207 1994149 36778 2188487
1373961600 33238 2075570 38080 2274734
1373954400 32535 2004896 37818 2270737
1373947200 28913 1706338 34576 2004821
1373940000 25887 1648682 33630 1970958
1373932800 23572 1627840 37051 2321728
1373925600 35261 2242065 37123 2336736
1373918400 34426 2200105 37323 2341942
1373911200 33345 2072530 38166 2323866
1373904000 35441 2150585 45420 2656344
1373896800 34603 2065596 45989 2706204
1373889600 34578 1946649 53586 2763831
1373882400 28717 1815726 31845 2003597
1373875200 27641 1814237 34092 2061685
1373868000 28709 1854142 34385 2134370
1373860800 32033 2019118 35059 2172497
1373853600 32176 2025436 39835 2337571
1373846400 29167 1884604 41439 2443463
1373839200 22256 1529661 32066 2056763
1373832000 34339 2161518 38038 2289379
1373824800 32685 2032303 37487 2282875
1373817600 32280 2041866 40261 2394426
1373810400 31451 1960263 39766 2360376
1373803200 30268 1858378 34204 2041154
1373796000 31696 2000115 33861 2088596
1373788800 31527 1984437 34731 2120370
1373781600 29713 1884720 34725 2120370
1373774400 28067 1753207 33013 2021946
1373767200 26273 1706161 29847 1900590
1373760000 26966 1755208 31285 1960845
1373752800 29393 1887845 31405 1965152
1373745600 28930 1831666 31661 1966625
1373738400 27305 1733823 31713 2003525
1373731200 25839 1533912 29896 1874425
1373724000 26035 1591463 29514 1825859
1373716800 24277 1551261 27701 1764805
1373709600 16963 993768 26263 1494501
1373702400 25416 1425578 31116 1705988
1373695200 25853 1378919 31033 1625099
1373688000 23126 1512339 31746 1938741
1373680800 26659 1676294 31408 1866188
1373673600 27871 1733652 43411 2415470
1373666400 42851 2374349 45605 2435744
1373659200 41566 2388057 45605 2447230
1373652000 37116 2185667 42250 2418490
1373644800 32073 1882188 36316 2160183
1373637600 24816 1645708 35463 2086219
1373630400 25183 1622069 36421 2175286
1373623200 35386 2159480 36772 2230892
1373616000 22559 1430849 35043 2128832
1373608800 24345 1651288 33002 2014149
1373601600 27429 1670692 29844 1815466
1373594400 24957 1508635 28562 1709245
1373587200 23717 1541479 27699 1830130
1373580000 19615 1487126 31349 2017952
1373572800 29758 1885332 32655 2071506
1373565600 25526 1656585 35830 2200555
1373558400 14707 908503 16072 1020929
1373551200 21507 1206159 27412 1472285
1373544000 17090 1021847 24010 1502375
1373536800 24337 1332800 26927 1608308
1373529600 29596 1630589 36090 2017513
1373522400 27285 1608085 36234 2046444
1373515200 24321 1353938 27686 1588732
1373508000 20964 1146048 30240 1548391
1373500800 21229 1282543 29841 1823294
1373493600 25030 1439987 38590 1986445
1373486400 31745 1767224 40525 2173017
1373479200 32122 1764772 40817 2087063
1373472000 25302 1534987 31433 1932125
1373464800 23075 1490954 32491 1978901
1373457600 26216 1586341 36176 2023325
1373450400 30028 1891268 33672 2037496
1373443200 29911 1868918 37403 2241320
1373436000 30291 1811655 37948 2178354
1373428800 29270 1726139 34678 2073377
1373421600 29346 1804571 32710 1987701
1373414400 24838 1634255 31549 1972817
1373407200 21529 1382786 23805 1605276
1373400000 21130 1311858 24784 1663645
1373392800 22355 1473543 32940 2143115
1373385600 32679 2118506 35326 2212384
1373378400 30420 1976566 34968 2171152
1373371200 29781 1880282 34831 2112698
1373364000 28354 1652318 30488 1786802
1373356800 27554 1656235 31032 1820768
1373349600 25234 1526330 31446 1868018
1373342400 20922 1165124 22854 1281942
1373335200 21442 1179959 24314 1370007
1373328000 22212 1263760 35471 1805356
1373320800 38352 2063261 41712 2304139
1373313600 36136 2005460 40618 2249233
1373306400 28725 1760374 33750 1973846
1373299200 27844 1790572 33364 2054415
1373292000 26447 1762767 31615 2020089
1373284800 28599 1800674 34584 2042970
1373277600 23721 1454724 31501 1781156
1373270400 27724 1618741 31798 1836965
1373263200 27988 1668205 32326 2002033
1373256000 30048 1936335 33103 2085871
1373248800 28056 1766652 37295 2227308
1373241600 28271 1785966 38240 2278017
1373234400 17134 1211236 18874 1391026
1373227200 17952 1284168 20687 1440919
1373220000 19099 1325426 24286 1660947
1373212800 25037 1699970 33847 2036795
1373205600 31172 1954428 36061 2128103
1373198400 27317 1797155 35292 2062510
1373191200 26088 1357749 28106 1475318
1373184000 20353 1084813 27098 1399271
1373176800 20231 1123056 22968 1503234
1373169600 20741 1477561 22576 1557497
1373162400 26002 1725133 33341 1998685
1373155200 28024 1815635 32933 2040856
1373148000 27690 1734434 29822 1923065
1373140800 25353 1680716 31748 1888025
1373133600 27422 1786483 31266 1986523
1373126400 28938 1860508 31817 2024825
1373119200 27367 1780469 31417 1985899
1373112000 26481 1726730 31924 1979111
1373104800 28418 1779339 32097 1976326
1373097600 26495 1738913 31339 1930632
1373090400 22865 1523023 28117 1771233
1373083200 12785 829921 14091 931335
1373076000 16714 1029699 23724 1396517
1373068800 20908 1238244 24412 1434933
1373061600 18997 1370252 21557 1568680
1373054400 17508 1251648 21490 1555528
1373047200 18486 1304013 22114 1594844
1373040000 16231 939123 23361 1289119
1373032800 20862 1157760 24310 1325976
1373025600 21617 1156080 26613 1696454
1373018400 27196 1740971 30299 1843558
1373011200 22643 1536689 30397 1837712
1373004000 20496 1401975 29565 1818751
1372996800 23370 1515017 29419 1812758
1372989600 25362 1621668 30338 1852561
1372982400 26934 1745519 32735 2031141
1372975200 21664 1545291 23072 1655985
1372968000 21007 1470683 22981 1641275
1372960800 21053 1516394 29674 1901135
1372953600 29576 1910979 33952 2112405
1372946400 28005 1852628 32288 2073239
1372939200 27214 1735474 30994 1906277
1372932000 27426 1741577 31459 1941653
1372924800 25233 1677733 30913 1878118
1372917600 24118 1600757 26936 1740621
1372910400 22706 1422107 26119 1600773
1372903200 18879 1264606 25204 1553198
1372896000 21294 1413240 31153 1890847
1372888800 23154 1624140 37631 2303212
1372881600 30355 1949809 37631 2303212
1372874400 31076 1887713 37322 2229469
1372867200 27686 1789244 34323 2118902
1372860000 30207 1926651 35483 2123503
1372852800 24182 1616394 31195 1953085
1372845600 20822 1109397 24684 1272185
1372838400 18755 1000782 23346 1226476
1372831200 19007 1042616 28326 1820793
1372824000 24620 1635069 28866 1855101
1372816800 26994 1693764 29573 1886472
1372809600 25548 1710372 37241 2253834
1372802400 35194 2261202 39440 2420962
1372795200 34017 2202883 38844 2396549
1372788000 128465 1436450 179297 2195640
1372780800 18523 491945 132455 2647755
1372773600 14282 626450 20470 913403
1372766400 12907 568958 19579 872809
1372759200 11977 515834 22093 983090
1372752000 19016 836371 24699 1077984
1372744800 19774 869923 24699 1077984
1372737600 16250 706252 23496 1003017
1372730400 21194 923756 23953 1049524
1372723200 19640 868225 25939 1128857
1372716000 14028 612963 20976 903501
1372708800 12852 552699 19816 874529
1372701600 15824 689770 20817 924964
1372694400 14077 617097 21075 912600
1372687200 9895 434151 18880 828045
1372680000 15269 680109 31359 1332887
1372672800 31349 1327573 33321 1413810
1372665600 28442 1206071 34011 1408479
1372658400 28730 1211519 42532 1659976
1372651200 41083 1636248 42791 1665411
1372644000 40890 1643199 41319 1649308
1372636800 38200 1543941 41234 1653292
1372629600 22708 1004114 26604 1178017
1372622400 19341 870230 25036 1115580
1372615200 18585 820260 26998 1188192
1372608000 9067 384241 14608 630279
1372600800 13483 585386 15585 667361
1372593600 11813 508092 14920 651285
1372586400 11022 485553 12286 546413
1372579200 10366 455013 12487 546735
1372572000 11126 484289 13582 598841
1372564800 12191 531783 15109 653605
1372557600 13660 596275 14796 637075
1372550400 10787 461218 18795 821575
1372543200 21814 969417 24653 1139979
1372536000 18938 842840 27257 1176952
1372528800 15188 644182 25325 1136469
1372521600 14155 622235 25764 1157083
1372514400 18880 849445 25228 1126364
1372507200 17926 803440 25435 1128520
1372500000 21342 942285 27106 1151347
1372492800 19086 837305 27076 1194793
1372485600 19431 872175 28820 1267748
1372478400 10632 448320 22708 1009307
1372471200 20561 910303 25911 1143832
1372464000 17903 795957 24474 1089472
1372456800 16303 711288 20752 911443
1372449600 18357 792086 23921 1048487
1372442400 16778 716563 22684 998139
1372435200 7905 333281 11428 488718
1372428000 11412 495952 14850 649752
1372420800 11370 490086 21774 978514
1372413600 18043 799319 26322 1150535
1372406400 22177 991069 26982 1176594
1372399200 20723 927826 26545 1156343
1372392000 17916 801528 23935 1052730
1372384800 18685 829195 24592 1087888
1372377600 18991 840307 30168 1304164
1372370400 20336 898399 26803 1191367
1372363200 21386 953357 26579 1176388
1372356000 22405 984706 29412 1194917
1372348800 22283 979719 25310 1119557
1372341600 15767 691843 22990 990916
1372334400 12948 556863 23402 1000383
1372327200 19547 858665 25025 1083997
1372320000 17943 789134 23944 1060770
1372312800 18895 832462 26439 1155353
1372305600 14439 650249 19910 883350
1372298400 15532 699224 24080 1045106
1372291200 12670 551143 43742 1699294
1372284000 42775 1688115 43829 1714020
1372276800 41234 1625778 43632 1686636
1372269600 32460 1310903 44331 1702955
1372262400 27878 1223867 33240 1427294
1372255200 28378 1233001 32218 1391587
1372248000 27915 1205109 31946 1353312
1372240800 15411 659873 22375 929973
1372233600 17043 742080 23896 1029266
1372226400 15837 697096 22956 1006884
1372219200 9675 421097 12692 551921
1372204800 16563 711080 31884 1290096
1372118400 14702 639254 28322 1268387
1372032000 14199 627236 27223 1202208
1371945600 17500 761884 27515 1198243
1371859200 11417 496250 26265 1139907
1371772800 14838 647213 29249 1224717
1371686400 17831 783166 29828 1355610
1371600000 18545 798476 30808 1325181
1371513600 25144 1161173 40117 1880722
1371427200 25413 1171310 41470 1929090
1371340800 22699 1047981 40996 1915486
1371254400 23649 1015468 78739 1696374
1371168000 24317 1110625 35317 1671582
1371081600 22362 1032868 38336 1776909
1370995200 23960 1087795 40176 1751179
1370908800 25275 1126916 41231 1908371
1370822400 28235 1299186 39935 1917143
1370736000 30655 1402614 45977 2011596
1370649600 23879 1109730 43290 2021597
1370563200 27247 1227066 41776 1796140
1370476800 26549 1222177 41763 1969632
1370390400 25959 1191835 41353 1903702
1370304000 27909 1290324 44335 2047992
1370217600 27090 1250568 43146 1968335
1370131200 26127 1188917 41155 1807730
1370044800 25425 1169514 42309 1965527
1369958400 21881 996414 37274 1774726
1369872000 23410 1053625 36913 1710522
1369785600 24191 1105685 43358 1882237
1369699200 23160 1075213 48202 2228319
1369612800 29109 1341712 45494 2068590
1369526400 25118 1174844 37703 1783587
1369440000 28909 1338239 46818 2113372
1369353600 25589 1178897 44672 2026311
1369267200 25071 1147293 37636 1719235
1369180800 30004 1367180 44600 2032755
1369094400 25181 1160517 41453 1912910
1369008000 27429 1263160 39371 1819067
1368921600 25721 1186413 35627 1658422
1368835200 29199 1338298 41434 1903189
1368748800 26534 1214078 39055 1778836
1368662400 31563 1426506 50394 2187655
1368576000 28818 1298509 45758 2044655
1368489600 24905 1113065 43099 1893701
1368403200 29182 1364865 44179 2077387
1368316800 30124 1411712 42882 1991466
1368230400 27169 1241463 39956 1850075
1368144000 30324 1384520 49606 2196751
1368057600 36488 1586514 96208 2497870
1367971200 33700 1523481 54350 2319585
1367884800 27848 1256715 50114 2193888
1367798400 26257 1213367 41053 1916329
1367712000 30710 1413945 44409 2012346
1367625600 23222 1023623 90972 1854651
1367539200 27353 1259160 37875 1725339
1367452800 28463 1303250 53727 1953363
1367366400 30104 1371302 56964 2086340
1367280000 30741 1369899 45675 1996628
1367193600 26239 1206067 39476 1778213
1367107200 25952 1188698 36225 1633985
1367020800 26875 1233192 43609 2005670
1366934400 27469 1258453 62774 1810553
1366848000 26207 1207085 37961 1780894
1366761600 30755 1419811 40184 1855892
1366675200 26871 1233624 41067 1841450
1366588800 29771 1395941 43812 1995526
1366502400 25748 1193225 36114 1660180
1366416000 32888 1560598 77172 2166613
1366329600 43683 1616112 424379 2125961
1366243200 43062 1700936 355223 2294568
1366156800 20769 1470560 86432 2585585
1366070400 17227 1443066 19233 1586393
1365984000 16894 1423987 18843 1520701
1365897600 17165 1457151 19407 1597628
1365811200 17429 1452424 20786 1584489
1365724800 17837 1418117 26930 1743930
1365638400 19856 1482542 31910 1753500
1365552000 20863 1583009 27304 1778322
1365465600 24181 1716714 27449 1974087
1365379200 23838 1646392 26688 1936108
1365292800 22728 1517655 26348 1892950
1365206400 25663 1787619 29434 2106502
1365120000 42706 1928738 347927 2220286
1365033600 25000 1555343 137654 2298366
1364947200 26132 1715429 33824 2140275
1364860800 12051 746045 99700 2243533
1364774400 0 0 0 0
1364688000 0 0 0 0
1364601600 26999 1105620 53757 1748216
1364515200 42478 1682427 500377 1727750
1364428800 22004 917292 45619 2392028
1364342400 41952 1763047 44377 1832525
1364256000 7309 308998 44748 1839387
1364169600 0 537 0 614
1364083200 6345 265683 43917 1823952
1363996800 42415 1756979 44918 1824276
1363910400 190873 1735793 2132690 1844593
1363824000 40292 1683114 45285 1846175
1363737600 8146 339555 42970 1791283
1363651200 24710 1030164 42434 1719397
1363564800 39101 1572575 40599 1607576
1363478400 39152 1589186 42360 1723088
1363392000 17313 680851 176070 2545118
1363305600 0 0 0 0
1363219200 0 0 0 0
1363132800 0 0 0 0
1363046400 6755 289685 40884 1738562
1362960000 40186 1653207 43180 1751134
1362873600 39563 1621615 43335 1760719
1362787200 40782 1690676 42480 1741154
1362700800 164854 958082 2224183 1812295
1362614400 308760 1754865 1488751 1839287
1362528000 43430 1735545 45943 1888837
1362441600 41311 1671590 46304 1851841
1362355200 40137 1627251 41896 1664660
1362268800 41142 1688590 43757 1739348
1362182400 41500 1668993 43923 1750632
1362096000 41501 1695033 44251 1806520
1362009600 69191 1684764 1963074 1779630
1361923200 41239 1678628 46480 1854363
1361836800 323648 1741484 1491260 1914470
1361750400 41399 1677228 42757 1713159
1361664000 42319 1684579 44799 1795177
1361577600 43147 1774877 45698 1862692
1361491200 41613 1697103 44737 1831987
1361404800 40348 1639951 44135 1815489
1361318400 40655 1656973 45167 1817501
1361232000 40115 1613725 42814 1697794
1361145600 31577 1281968 40861 1621191
1361059200 39824 1643102 42551 1736230
1360972800 41370 1684518 43887 1756888
1360886400 41883 1712105 44105 1804088
1360800000 41591 1688376 43905 1754814
1360713600 41105 1667737 44301 1788223
1360627200 41405 1668621 44440 1807459
1360540800 39343 1609462 42062 1656898
1360454400 40451 1624823 42716 1732843
1360368000 41605 1677441 43610 1776522
1360281600 40917 1630713 44899 1824328
1360195200 42369 1676396 330815 1841799
1360108800 387398 1682678 1971213 1834953
1360022400 220933 1677019 1507195 1854656
1359936000 39641 1602309 40871 1634428
1359849600 40967 1633619 44371 1759539
1359763200 41747 1693519 44478 1816159
1359676800 41317 1664268 44484 1829298
1359590400 42884 1728636 44398 1803535
1359504000 283184 1685158 1398415 1776629
1359417600 517654 1653426 2053819 1811569
1359331200 39524 1586415 41101 1624007
1359244800 34864 1424628 42585 1743454
1359158400 385665 1729665 1967588 1835627
1359072000 686508 1759285 1986984 1831837
1358985600 274452 1783917 1510587 1899747
1358899200 254888 1753733 1619802 1881922
1358812800 41316 1678875 43800 1780992
1358726400 40104 1633428 41578 1672147
1358640000 42293 1700120 43861 1783599
1358553600 408583 1415018 1641694 1837624
1358467200 524696 1442272 1903675 1852320
1358380800 879499 1685023 1932090 1853067
1358294400 530418 1696665 1452268 1802818
1358208000 143427 1670907 1482357 1804554
1358121600 39936 1616544 41420 1651767
1358035200 42207 1700401 44527 1780850
1357948800 316927 1689178 1428967 1782615
1357862400 602677 1707921 1527715 1871219
1357776000 357492 1631259 1858387 1760882
1357689600 584733 1629995 1853920 1780764
1357603200 368803 1632346 1850829 1757202
1357516800 39933 1640942 42059 1742931
1357430400 229487 1614377 1066093 1746693
1357344000 484857 1489622 1290999 1830317
1357257600 41382 1699479 45165 1847082
1357171200 348923 1330058 1480133 1810516
1357084800 19490 792352 46479 1887819
1356998400 36655 1475847 47721 1905883
1356912000 31916 1300456 41882 1692314
1356825600 41272 1671258 44696 1796952
1356739200 41426 1706547 45194 1843614
1356652800 42237 1736019 46311 1864858
1356566400 44684 1814681 46987 1896486
1356480000 44680 1820864 46359 1880956
1356393600 44177 1790159 46864 1901822
1356307200 42479 1727056 44505 1774457
1356220800 43002 1774026 46912 1898377
1356134400 43222 1766032 47800 1932487
1356048000 399489 1703427 1904678 1803936
1355961600 692973 1668228 1923681 1830194
1355875200 17040 693922 57708 2518481
1355788800 39261 1571922 172173 1890984
1355702400 40994 1666197 42561 1705833
1355616000 41548 1725648 44187 1808861
1355529600 182618 1676977 1662969 1825886
1355443200 705671 1700367 1806609 1840196
1355356800 389036 1701243 1734854 1849414
1355270400 871230 1632115 2017655 1825356
1355184000 480184 1762729 1932515 1909927
1355097600 43276 1767482 44530 1807242
1355011200 43104 1769920 48238 1899400
1354924800 324449 1829380 1448645 1900929
1354838400 806281 1704500 1505595 1941426
1354752000 888171 1695838 1517672 1822704
1354665600 449064 1657263 1502955 1821109
1354579200 556108 1607387 1478238 1767826
1354492800 40212 1594857 40931 1632860
1354406400 368664 1601880 1797577 1692979
1354320000 1217849 1636571 2448803 1955897
1354233600 737870 1621625 2898263 1783553
1354147200 39966 1612525 43397 1762567
1354060800 31853 1275089 43598 1729529
1353974400 12980 505257 40742 1571157
1353888000 40455 1590712 41041 1618823
1353801600 40694 1614411 42186 1707718
1353715200 40955 1659077 42206 1722410
1353628800 40845 1644608 42197 1714482
1353542400 40764 1645326 43173 1723996
1353456000 31355 1256511 43487 1732364
1353369600 9620 386091 40177 1592838
1353283200 39635 1583314 40629 1610895
1353196800 39961 1587934 42154 1688872
1353110400 40666 1643255 42762 1716153
1353024000 41383 1672000 43253 1732158
1352937600 41318 1646123 43572 1729073
1352851200 41585 1674076 43721 1790878
1352764800 42435 1700893 44024 1795407
1352678400 41403 1641083 42456 1677663
1352592000 41200 1650919 43466 1755542
1352505600 41913 1686257 44166 1782566
1352419200 41648 1682318 43856 1782916
1352332800 41477 1690438 44409 1827444
1352246400 42743 1740575 43699 1797218
1352160000 41546 1672596 45306 1796634
1352073600 40908 1634562 42126 1658855
1351987200 41052 1654045 43334 1752214
1351900800 41564 1684070 45015 1806060
1351814400 41168 1651131 44834 1790579
1351728000 41668 1657866 44194 1787371
1351641600 42006 1660486 44200 1727249
1351555200 40924 1636200 64847 1725900
1351468800 40502 1599943 40965 1616708
1351382400 40712 1625037 43905 1740734
1351296000 41478 1667712 44690 1826124
1351209600 41298 1679571 43462 1788206
1351123200 42305 1728164 47242 1948798
1351036800 41965 1705679 45887 1872728
1350950400 41048 1675838 43645 1789733
1350864000 39728 1633482 41115 1665594
1350777600 40935 1646709 43969 1780282
1350691200 43082 1713135 45734 1804227
1350604800 42451 1718077 45512 1841448
1350518400 41967 1679992 45920 1801284
1350432000 41774 1672672 44199 1764734
1350345600 41953 1695051 44133 1791945
1350259200 41255 1661820 42579 1691537
1350172800 42157 1680071 43299 1736538
1350086400 35024 1398715 50649 2320455
1350000000 20901 859554 43189 1752735
1349913600 39563 1609407 43365 1775723
1349827200 42082 1666895 43876 1740281
1349740800 42269 1676058 44469 1779885
1349654400 41847 1627836 42416 1648157
1349568000 41663 1675271 43859 1769761
1349481600 40815 1615608 44735 1805150
1349395200 39484 1548790 42088 1643174
1349308800 38543 1542074 42799 1773345
1349222400 43648 1345841 2106881 2058781
1349136000 25478 1028917 47872 1919454
1349049600 14573 594677 47255 1903764
1348963200 45174 1835677 48195 1938682
1348876800 44017 1777002 87824 1907976
1348790400 41262 1676487 44572 1834262
1348704000 41279 1681946 45139 1860388
1348617600 42587 1640808 432590 1774229
1348531200 25493 986114 395780 1799231
1348444800 20121 826012 21638 885397
1348358400 21476 856426 21747 884098
1348272000 21474 845965 23736 905103
1348185600 21488 836743 23930 921176
1348099200 33111 1313833 48661 1937322
1348012800 14632 597977 40210 1647626
1347926400 44018 1817276 46385 1898427
1347840000 44065 1801956 45340 1825715
1347753600 44432 1817309 46478 1886801
1347667200 41860 1697480 45779 1862360
1347580800 33342 1358829 43432 1790385
1347494400 40097 1610760 43392 1767518
1347408000 41388 1640398 44093 1747510
1347321600 33432 1349997 43511 1750136
1347235200 25198 1022218 39970 1595288
1347148800 32345 1294937 43560 1732478
1347062400 14615 590350 38484 1583473
1346976000 39556 1589191 42734 1703870
1346889600 38747 1566941 41606 1683590
1346803200 40272 1631440 43342 1739297
1346716800 39854 1641020 41933 1697513
1346630400 31509 1314306 40388 1644519
1346544000 11133 463292 38601 1615254
1346457600 15172 615038 38501 1559087
1346371200 39701 1601180 44659 2054882
1346284800 39912 1607014 42048 1691751
1346198400 39556 1568060 42008 1702160
1346112000 39725 1592221 42422 1715238
1346025600 38377 1540228 38806 1571198
1345939200 38913 1552724 41929 1676191
1345852800 41097 1641443 43885 1731016
1345766400 41413 1690071 44037 1812049
1345680000 43246 1771347 44983 1817160
1345593600 44026 1782271 47475 1893067
1345507200 43327 1752737 46233 1883200
1345420800 41665 1708233 41974 1729242
1345334400 42104 1728002 43743 1797413
1345248000 42508 1739949 43910 1802928
1345161600 33325 1367609 44928 1829618
1345075200 16907 679024 38302 1534986
1344988800 40176 1573004 186616 1736679
1344902400 39337 1590320 42952 1737111
1344816000 37757 1543546 38191 1566174
1344729600 38718 1553402 41659 1661687
1344643200 39617 1589330 42265 1698514
1344556800 39678 1591801 41968 1705670
1344470400 39666 1584587 42846 1755527
1344384000 39556 1587949 42029 1717247
1344297600 39777 1580491 43803 1771766
1344211200 37866 1497214 38164 1522916
1344124800 38306 1519847 40908 1630553
1344038400 40309 1623220 43171 1711438
1343952000 41195 1671340 44246 1817197
1343865600 41234 1667136 45790 1888041
1343779200 33704 1360728 45238 1819973
1343692800 32627 1297843 44130 1720847
1343606400 39868 1612153 40264 1640597
1343520000 39452 1606681 41908 1701880
1343433600 40172 1638142 42592 1753351
1343347200 36304 1478021 42083 1706395
1343260800 14646 566227 200817 1504079
1343174400 90681 1582084 1870663 1683045
1343088000 39578 1612137 42150 1731680
1343001600 38756 1574020 39821 1606811
1342915200 39948 1612374 43692 1759705
1342828800 40351 1643240 42629 1757760
1342742400 39969 1610935 45622 1859218
1342656000 38515 1561510 43002 1737698
1342569600 39274 1585218 42087 1715948
1342483200 40964 1643799 44192 1801424
1342396800 39786 1588799 40597 1632934
1342310400 33439 1346872 43124 1722284
1342224000 25580 1042233 43071 1723227
1342137600 39236 1607440 43987 1790691
1342051200 39468 1600280 44075 1794222
1341964800 37723 1531412 42501 1742737
1341878400 31153 1256618 43530 1738955
1341792000 7461 296610 40033 1587244
1341705600 39971 1602316 41560 1707843
1341619200 39639 1601738 42857 1722466
1341532800 40959 1647687 43888 1808657
1341446400 40652 1612465 42108 1676995
1341360000 39397 1584339 42306 1711225
1341273600 39635 1619856 42040 1727221
1341187200 38003 1545952 38336 1573009
1341100800 38541 1567055 41734 1655854
1341014400 38989 1576185 43272 1748821
1340928000 33196 1352798 43411 1770142
1340841600 6237 252361 38193 1531410
1340755200 32472 1319622 42356 1761909
1340668800 17888 735602 38320 1579814
1340582400 37519 1546466 38340 1586938
1340496000 38455 1539228 41877 1692131
1340409600 32419 1295967 42257 1714892
1340323200 14499 587981 38358 1550397
1340236800 32865 1342320 42043 1760249
1340150400 22103 910543 41722 1723759
1340064000 25109 1019261 41865 1719543
1339977600 31355 1275080 39748 1593932
1339891200 27754 1150292 41923 1724193
1339804800 39364 1611724 42901 1732141
1339718400 40053 1645532 43232 1747227
1339632000 40590 1645018 43329 1745080
1339545600 41591 1693849 45097 1820256
1339459200 40589 1677840 45342 1837520
1339372800 38856 1604877 40423 1653729
1339286400 39053 1619975 43489 1787223
1339200000 41870 1734366 45079 1843982
1339113600 41402 1701053 43715 1802578
1339027200 40230 1618080 43306 1826077
1338940800 38614 1584998 43241 1789939
1338854400 39897 1623609 43470 1753864
1338768000 20909 843615 40217 1596809
1338681600 38825 1576170 43457 1728026
1338595200 38879 1591709 43945 1802992
1338508800 31396 1279877 41433 1709724
1338422400 35024 1416060 42130 1696317
1338336000 38866 1580649 41739 1705650
1338249600 39454 1575923 41508 1657028
1338163200 37318 1508296 38594 1560360
1338076800 37890 1538586 41710 1666766
1337990400 32698 1324529 41796 1690020
1337904000 40555 1629509 43645 1767750
1337817600 32530 1327420 44571 2289691
1337731200 23216 916021 42162 1712015
1337644800 39504 1582531 42210 1734368
1337558400 37304 1508073 38373 1561042
1337472000 37091 1503634 41604 1678678
1337385600 39434 1576016 41954 1727367
1337299200 39095 1573059 44963 1844497
1337212800 39427 1585819 42705 1746254
1337126400 39412 1609089 43141 1754534
1337040000 40851 1667291 44289 1790497
1336953600 39821 1625776 41298 1650684
1336867200 40642 1652934 45353 1835532
1336780800 39970 1625319 43552 1794206
1336694400 39663 1619405 43681 1774984
1336608000 40110 1634820 43077 1763658
1336521600 39721 1626086 43396 1781296
1336435200 40141 1631432 42305 1776004
1336348800 38527 1582755 40558 1624774
1336262400 39212 1608337 42371 1696469
1336176000 48428 1593851 1294603 1861126
1336089600 38309 1577856 41704 1753936
1336003200 37592 1516816 40919 2903220
1335916800 37827 1537385 40883 1783397
1335830400 38451 1535260 41926 1695276
1335744000 36817 1443248 37825 1484946
1335657600 37957 1509179 41225 1660329
1335571200 38376 1532917 42637 1726517
1335484800 37695 1506269 41853 1740143
1335398400 37591 1493681 40899 1692514
1335312000 37355 1475719 39850 1601265
1335225600 37632 1491396 40916 1645511
1335139200 35899 1412857 36508 1433002
1335052800 33362 1310287 40338 1614082
1334966400 38192 1514734 41796 1666329
1334880000 38032 1525714 41731 1658926
1334793600 36929 1493534 41729 1800155
1334707200 37215 1503624 41472 1705368
1334620800 37731 1511960 40266 1626258
1334534400 35624 1437739 36611 1489376
1334448000 36476 1457692 42844 1765459
1334361600 37381 1481417 39742 1619217
1334275200 28607 596225 5586966 4333143
1334188800 0 0 0 0
1334102400 14 119 340 595
1334016000 87 254 5740 5897
1333929600 10 175 12 191
1333843200 9 175 12 195
1333756800 69 234 6804 6955
1333670400 83 249 9160 9313
1333584000 38 203 6337 6493
1333497600 10 176 457 640
1333411200 217 383 10938 11088
1333324800 10 174 12 189
1333238400 10 174 12 187
1333152000 414 579 10976 11117
1333065600 159 324 9119 9265
1332979200 391 545 10976 11126
1332892800 332 483 10976 11124
1332806400 65 204 7306 7431
1332720000 10 149 12 161
1332633600 10 149 12 160
1332547200 59 199 8392 8515
1332460800 171 311 10976 11090
1332374400 61 200 6830 6959
1332288000 235 374 10976 11093
1332201600 191 331 10939 11062
1332115200 10 149 12 163
1332028800 10 149 12 165
1331942400 261 401 10977 11101
1331856000 16 157 2312 2450
1331769600 252 392 10940 11056
1331683200 155 294 10939 11057
1331596800 189 328 10943 11059
1331510400 10 149 12 162
1331424000 10 149 12 160
1331337600 228 369 10902 11021
1331251200 82 221 9385 9504
1331164800 172 312 10976 11099
1331078400 139 279 10940 11059
1330992000 170 310 10940 11058
1330905600 10 149 12 162
1330819200 10 149 13 162
1330732800 159 298 10000 10116
1330646400 57 197 5423 5552
1330560000 139 278 9412 9535
1330473600 70 209 5904 6042
1330387200 125 264 10976 11097
1330300800 10 149 12 166
1330214400 10 149 12 163
1330128000 532 671 10979 11094
1330041600 496 635 10976 11092
1329955200 10 149 17 167
1329868800 9 149 17 161
1329782400 10 149 13 162
1329696000 9 149 12 164
1329609600 10 149 12 162
1329523200 44 183 7366 7498
1329436800 142 281 10903 11017
1329350400 42 182 2816 2949
1329264000 51 190 4883 5030
1329177600 247 388 10940 11056
1329091200 10 149 12 163
1329004800 10 149 12 165
1328918400 10 149 21 165
1328832000 125 266 7325 7459
1328745600 58 198 4859 4985
1328659200 73 213 10083 10198
1328572800 50 191 4266 4402
1328486400 10 149 12 163
1328400000 10 149 12 161
1328313600 152 295 10692 10815
1328227200 134 276 7172 7301
1328140800 218 360 10975 11093
1328054400 84 225 6314 6440
1327968000 115 258 7884 8018
1327881600 10 150 12 165
1327795200 10 151 12 167
1327708800 465 604 10976 11095
1327622400 81 223 4970 5112
1327536000 32 174 4199 4345
1327449600 98 240 10676 10800
1327363200 73 216 8954 9104
1327276800 10 150 12 167
1327190400 9 150 12 167
1327104000 166 307 10989 11110
1327017600 10 151 17 164
1326931200 10 151 17 172
1326844800 10 150 12 175
1326758400 10 150 12 186
1326672000 10 150 12 166
1326585600 10 150 12 167
1326499200 58 200 6384 6509
1326412800 24 166 2320 2455
1326326400 117 259 10326 10450
1326240000 87 230 6467 6594
1326153600 265 406 10975 11099
1326067200 9 151 12 165
1325980800 10 150 12 164
1325894400 147 289 10977 11095
1325808000 30 171 4172 4308
1325721600 42 184 7530 7682
1325635200 209 351 10976 11096
1325548800 22 166 26 200
1325462400 22 166 26 234
1325376000 22 166 26 178
1325289600 15 157 646 791
1325203200 10 151 13 167
1325116800 10 151 18 164
1325030400 157 298 10975 11097
1324944000 7 128 738 2147
1324857600 10 150 12 164
1324771200 10 150 12 163
1324684800 9 150 12 164
1324598400 58 198 4156 4288
1324512000 77 217 10245 10370
1324425600 170 311 10974 11093
1324339200 66 207 10940 11056
1324252800 10 150 12 164
1324166400 10 150 12 220
1324080000 7138 7266 10977 11103
1323993600 1769 1905 10976 11099
1323907200 244 386 7574 7711
1323820800 32 174 2799 2933
1323734400 99 241 9807 9933
1323648000 10 148 12 160
1323561600 10 149 12 160
1323475200 323 461 10975 11088
1323388800 40 179 5154 5283
1323302400 110 250 10254 10374
1323216000 36 176 3509 3644
1323129600 395 533 10942 11061
1323043200 10 148 12 163
1322956800 10 148 12 163
1322870400 466 605 10976 11090
1322784000 37 176 3744 3874
1322697600 19 158 2074 2209
1322611200 723 860 10986 11102
1322524800 470 607 10978 11097
1322438400 10 148 12 161
1322352000 10 148 12 180
1322265600 10 148 12 162
1322179200 10 149 12 161
1322092800 14 153 1631 1786
1322006400 81 220 5122 5250
1321920000 433 571 10976 11095
1321833600 10 148 12 160
1321747200 10 149 12 162
1321660800 22 160 2150 2288
1321574400 42 180 2462 2610
1321488000 76 216 7438 7564
1321401600 10 149 15 160
1321315200 115 254 10977 11097
1321228800 10 148 12 159
1321142400 10 149 12 159
1321056000 44 184 7305 7431
1320969600 296 433 10976 11095
1320883200 441 580 10980 11098
1320796800 12 150 1049 1184
1320710400 133 273 10940 11056
1320624000 10 149 13 161
1320537600 10 149 12 162
1320451200 47 186 6138 6266
1320364800 1 38 29 171
1320278400 0 0 0 0
1320192000 0 0 0 0
1320105600 0 0 0 0
1320019200 0 0 0 0
1319932800 0 0 0 0
1319846400 0 0 0 0
1319760000 0 0 0 0
1319673600 0 0 0 0
1319587200 0 0 0 0
1319500800 0 0 0 0
1319414400 0 0 0 0
1319328000 0 0 0 0
1319241600 0 0 0 0
1319155200 0 0 0 0
1319068800 0 0 0 0
1318982400 0 0 0 0
1318896000 0 0 0 0
1318809600 0 0 0 0
1318723200 0 0 0 0
1318636800 0 0 0 0
1318550400 0 0 0 0
1318464000 0 0 0 0
1318377600 0 0 0 0
1318291200 0 0 0 0
1318204800 0 0 0 0
1318118400 0 0 0 0
1318032000 0 0 0 0
1317945600 0 0 0 0
1317859200 0 0 0 0
1317772800 0 0 0 0
1317686400 0 0 0 0
1317600000 0 0 0 0
1317513600 0 0 0 0
1317427200 0 0 0 0
1317340800 0 0 0 0
1317254400 0 0 0 0
1317168000 0 0 0 0
1317081600 0 0 0 0
1316995200 0 0 0 0
1316908800 0 0 0 0
1316822400 0 0 0 0
1316736000 0 0 0 0
1316649600 0 0 0 0
1316563200 0 0 0 0
1316476800 0 0 0 0
1316390400 0 0 0 0
1316304000 0 0 0 0
1316217600 0 0 0 0
1316131200 0 0 0 0
1316044800 0 0 0 0
1315958400 0 0 0 0
1315872000 0 0 0 0
1315785600 0 0 0 0
1315699200 0 0 0 0
1315612800 0 0 0 0
1315526400 0 0 0 0
1315440000 0 0 0 0
1315353600 0 0 0 0
1315267200 0 0 0 0
1315180800 0 0 0 0
1315094400 0 0 0 0
1315008000 0 0 0 0
1314921600 0 0 0 0
1314835200 0 0 0 0
1314748800 0 0 0 0
1314662400 0 0 0 0
1314576000 0 0 0 0
1314489600 0 0 0 0
1314403200 0 0 0 0
1314316800 0 0 0 0
1314230400 0 0 0 0
1314144000 0 0 0 0
1314057600 0 0 0 0
1313971200 0 0 0 0
1313884800 0 0 0 0
1313798400 0 0 0 0
1313712000 0 0 0 0
1313625600 0 0 0 0
1313539200 0 0 0 0
1313452800 0 0 0 0
1313366400 0 0 0 0
1313280000 0 0 0 0
1313193600 0 0 0 0
1313107200 0 0 0 0
1313020800 0 0 0 0
1312934400 0 0 0 0
1312848000 0 0 0 0
1312761600 0 0 0 0
1312675200 0 0 0 0
1312588800 0 0 0 0
1312502400 0 0 0 0
1312416000 0 0 0 0
1312329600 0 0 0 0
1312243200 0 0 0 0
1312156800 0 0 0 0
1312070400 0 0 0 0
1311984000 0 0 0 0
1311897600 0 0 0 0
1311811200 0 0 0 0
1311724800 0 0 0 0
1311638400 0 0 0 0
1311552000 0 0 0 0
1311465600 0 0 0 0
1311379200 0 0 0 0
1311292800 0 0 0 0
1311206400 0 0 0 0
1311120000 0 0 0 0
1311033600 0 0 0 0
1310947200 0 0 0 0
1310860800 0 0 0 0
1310774400 0 0 0 0
1310688000 0 0 0 0
1310601600 0 0 0 0
1310515200 0 0 0 0
1310428800 0 0 0 0
1310342400 0 0 0 0
1310256000 0 0 0 0
1310169600 0 0 0 0
1310083200 0 0 0 0
1309996800 0 0 0 0
1309910400 0 0 0 0
1309824000 0 0 0 0
1309737600 0 0 0 0
1309651200 0 0 0 0
1309564800 0 0 0 0
1309478400 0 0 0 0
1309392000 0 0 0 0
1309305600 0 0 0 0
1309219200 0 0 0 0
1309132800 0 0 0 0
1309046400 0 0 0 0
