1377805804 2218763038 2027036441
1377805804 540 438 540 438
1377805505 486 376 486 376
1377805500 486 376 491 377
1377805200 491 377 497 394
1377804900 496 393 497 394
1377804600 489 377 490 378
1377804300 488 376 489 385
1377804000 487 389 571 752
1377803700 569 745 571 752
1377803400 491 384 779 929
1377803100 775 921 779 929
1377802800 488 377 492 378
1377802500 491 377 492 378
1377802200 486 377 490 378
1377801900 489 377 490 378
1377801600 489 379 556 455
1377801300 555 453 556 455
1377801000 483 376 488 376
1377800700 488 377 512 508
1377800400 512 509 546 617
1377800100 545 613 546 617
1377799800 493 384 789 944
1377799500 784 936 789 944
1377799200 486 376 487 377
1377798900 480 378 554 455
1377798600 553 454 554 455
1377798300 532 418 533 419
1377798000 482 377 497 395
1377797700 496 394 497 395
1377797400 482 379 489 380
1377797100 502 390 1516 1398
1377796800 1502 1387 1516 1398
1377796500 539 596 540 599
1377796200 490 385 774 951
1377795900 776 955 924 1291
1377795600 918 1278 924 1291
1377795300 484 379 484 380
1377795000 483 377 484 377
1377794700 482 377 485 380
1377794400 485 380 491 397
1377794100 489 395 491 397
1377793800 378 255 438 319
1377793500 438 320 458 457
1377793200 458 458 482 557
1377792900 481 553 482 557
1377792600 442 326 645 860
1377792300 642 852 645 860
1377792000 440 318 441 319
1377791700 433 318 434 319
1377791400 432 319 434 320
1377791100 434 319 436 320
1377790800 436 319 444 335
1377790500 443 334 444 335
1377790200 432 320 439 321
1377789900 439 319 450 411
1377789600 450 413 500 598
1377789300 499 594 500 598
1377789000 440 325 667 841
1377788700 663 834 667 841
1377788400 432 319 432 320
1377788100 432 320 438 320
1377787800 437 319 438 320
1377787500 424 318 433 321
1377787200 433 321 440 335
1377786900 439 334 440 335
1377786600 432 320 438 320
1377786300 438 321 461 467
1377786000 461 467 483 540
1377785700 482 537 483 540
1377785400 440 326 686 864
1377785100 682 856 686 864
1377784800 437 319 438 320
1377784500 433 318 434 318
1377784200 430 318 434 319
1377783900 433 319 434 320
1377783600 421 320 440 336
1377783300 440 336 482 380
1377783000 481 379 482 380
1377782700 430 320 430 326
1377782400 430 330 498 671
1377782100 496 666 498 671
1377781800 423 325 700 879
1377781500 697 872 700 879
1377781200 474 377 475 378
1377780900 423 321 424 322
1377780600 418 318 419 318
1377780300 417 318 418 320
1377780000 407 320 413 336
1377779700 412 335 413 336
1377779400 402 318 470 378
1377779100 469 377 470 378
1377778800 406 329 462 650
1377778500 461 645 462 650
1377778200 398 324 676 866
1377777900 673 860 676 866
1377777600 391 317 392 318
1377777300 387 316 400 318
1377777000 399 317 400 318
1377776700 397 317 398 317
1377776400 394 317 400 334
1377776100 399 333 400 334
1377775800 389 317 396 318
1377775500 396 316 397 317
1377775200 397 321 471 653
1377774900 469 648 471 653
1377774600 396 321 668 854
1377774300 664 846 668 854
1377774000 396 317 397 318
1377773700 392 317 395 318
1377773400 395 317 401 317
1377773100 400 317 401 318
1377772800 387 318 402 334
1377772500 401 333 402 334
1377772200 389 317 395 317
1377771900 394 317 395 318
1377771600 389 322 463 651
1377771300 461 646 463 651
1377771000 390 324 677 852
1377770700 673 844 677 852
1377770400 390 317 394 317
1377770100 393 317 394 318
1377769800 392 317 396 318
1377769500 395 317 396 317
1377769200 392 317 401 334
1377768900 400 333 401 334
1377768600 394 317 395 318
1377768300 391 316 393 318
1377768000 393 322 463 657
1377767700 462 652 463 657
1377767400 393 323 659 839
1377767100 655 832 659 839
1377766800 389 318 391 318
1377766500 391 317 391 318
1377766200 391 317 395 317
1377765900 394 317 395 318
1377765600 385 318 405 334
1377765300 404 333 405 334
1377765000 386 317 387 317
1377764700 384 317 393 317
1377764400 393 321 465 653
1377764100 463 648 465 653
1377763800 389 321 656 853
1377763500 652 845 656 853
1377763200 390 317 396 317
1377762900 395 317 396 320
1377762600 389 319 393 320
1377762300 393 318 393 319
1377762000 393 319 399 337
1377761700 401 343 546 710
1377761400 544 704 546 710
1377761100 397 319 407 396
1377760800 407 399 451 577
1377760500 450 573 451 577
1377760200 387 326 673 890
1377759900 669 882 673 890
1377759600 385 319 394 319
1377759300 393 319 394 319
1377759000 384 319 395 319
1377758700 394 319 395 320
1377758400 392 320 406 335
1377758100 405 334 406 335
1377757800 393 319 394 320
1377757500 390 319 391 319
1377757200 388 323 474 658
1377756900 472 653 474 658
1377756600 392 326 695 891
1377756300 690 883 695 891
1377756000 393 318 394 318
1377755700 389 318 390 320
1377755400 389 319 400 320
1377755100 399 318 400 319
1377754800 385 319 399 335
1377754500 398 334 399 335
1377754200 390 319 392 320
1377753900 405 329 1407 1193
1377753600 1391 1184 1407 1193
1377753300 463 649 464 654
1377753000 398 325 703 886
1377752700 698 878 703 886
1377752400 391 319 391 319
1377752100 391 319 395 319
1377751800 395 318 397 319
1377751500 396 318 397 319
1377751200 395 319 407 336
1377750900 406 335 407 336
1377750600 394 319 395 319
1377750300 392 319 395 330
1377750000 395 334 461 645
1377749700 460 640 461 645
1377749400 392 322 692 885
1377749100 688 877 692 885
1377748800 393 318 394 320
1377748500 390 320 396 320
1377748200 395 319 396 320
1377747900 390 318 391 319
1377747600 390 319 402 336
1377747300 401 335 402 336
1377747000 393 319 394 319
1377746700 388 319 394 319
1377746400 395 323 469 655
1377746100 468 650 469 655
1377745800 397 326 688 865
1377745500 684 857 688 865
1377745200 395 319 396 320
1377744900 395 318 398 319
1377744600 397 319 398 319
1377744300 388 319 389 319
1377744000 389 319 407 336
1377743700 406 335 407 336
1377743400 389 319 398 319
1377743100 398 319 400 326
1377742800 400 330 457 648
1377742500 456 643 457 648
1377742200 404 326 671 855
1377741900 667 847 671 855
1377741600 398 319 399 319
1377741300 395 319 396 319
1377741000 396 318 400 319
1377740700 399 317 400 317
1377740400 397 317 398 335
1377740100 396 334 397 335
1377739800 395 317 396 318
1377739500 392 317 399 318
1377739200 399 322 464 652
1377738900 463 647 464 652
1377738600 410 325 660 855
1377738300 656 847 660 855
1377738000 405 317 406 318
1377737700 383 317 395 317
1377737400 395 317 401 317
1377737100 400 317 401 318
1377736800 395 318 413 334
1377736500 412 333 413 334
1377736200 397 317 403 317
1377735900 402 317 403 319
1377735600 397 323 479 653
1377735300 477 648 479 653
1377735000 401 324 686 876
1377734700 681 866 686 876
1377734400 394 316 395 317
1377734100 390 317 404 320
1377733800 403 319 404 320
1377733500 399 318 399 318
1377733200 399 319 473 395
1377732900 472 393 473 395
1377732600 404 318 405 319
1377732300 390 316 399 317
1377732000 400 320 477 663
1377731700 476 658 477 663
1377731400 408 324 611 858
1377731100 608 850 611 858
1377730800 410 317 412 318
1377730500 412 316 416 318
1377730200 416 318 418 319
1377729900 418 319 421 320
1377729600 420 320 421 337
1377729300 419 336 420 337
1377729000 417 319 418 319
1377728700 418 319 426 319
1377728400 427 324 559 739
1377728100 557 733 559 739
1377727800 428 327 679 870
1377727500 674 860 679 870
1377727200 432 317 432 317
1377726900 431 317 432 319
1377726600 430 318 431 319
1377726300 426 318 431 319
1377726000 431 319 436 336
1377725700 435 335 436 336
1377725400 432 317 433 317
1377725100 433 318 443 419
1377724800 443 421 493 581
1377724500 492 577 493 581
1377724200 430 326 674 851
1377723900 670 843 674 851
1377723600 432 318 432 318
1377723300 431 317 432 318
1377723000 431 317 436 319
1377722700 435 319 436 319
1377722400 432 319 437 335
1377722100 436 334 437 335
1377721800 431 318 431 319
1377721500 430 319 431 320
1377721200 431 326 500 686
1377720900 499 681 500 686
1377720600 445 327 713 851
1377720300 709 843 713 851
1377720000 432 318 433 319
1377719700 429 318 433 318
1377719400 433 317 433 318
1377719100 434 317 508 409
1377718800 507 407 508 409
1377718500 449 340 564 680
1377718200 562 675 564 680
1377717900 434 318 445 394
1377717600 446 397 552 669
1377717300 550 664 552 669
1377717000 435 327 687 865
1377716700 683 857 687 865
1377716400 429 319 434 320
1377716100 434 318 437 319
1377715800 436 319 437 319
1377715500 433 319 434 319
1377715200 429 319 441 336
1377714900 440 335 441 336
1377714600 435 319 436 319
1377714300 434 319 439 372
1377714000 440 376 505 636
1377713700 503 631 505 636
1377713400 429 327 706 860
1377713100 702 852 706 860
1377712800 435 319 481 379
1377712500 480 378 481 379
1377712200 439 318 440 319
1377711900 437 318 439 320
1377711600 439 320 448 336
1377711300 447 335 448 336
1377711000 440 318 441 319
1377710700 441 330 1494 1249
1377710400 1480 1241 1494 1249
1377710100 507 674 509 679
1377709800 435 325 715 885
1377709500 711 877 715 885
1377709200 428 317 435 318
1377708900 434 317 435 317
1377708600 430 317 431 317
1377708300 428 317 429 318
1377708000 423 318 445 334
1377707700 445 333 445 334
1377707400 444 317 445 319
1377707100 432 319 448 357
1377706800 448 361 507 651
1377706500 506 646 507 651
1377706200 447 326 777 941
1377705900 772 932 777 941
1377705600 440 318 441 318
1377705300 436 318 436 319
1377705000 435 318 436 319
1377704700 429 316 439 318
1377704400 439 318 450 335
1377704100 449 334 450 335
1377703800 438 317 439 318
1377703500 435 317 436 320
1377703200 435 324 517 689
1377702900 515 684 517 689
1377702600 440 325 729 867
1377702300 725 859 729 867
1377702000 441 317 442 318
1377701700 433 317 439 318
1377701400 438 318 439 318
1377701100 438 317 439 318
1377700800 439 317 443 334
1377700500 442 333 443 334
1377700200 439 317 440 318
1377699900 435 317 443 325
1377699600 443 329 515 695
1377699300 513 689 515 695
1377699000 438 325 702 855
1377698700 698 847 702 855
1377698400 441 318 442 318
1377698100 439 318 440 318
1377697800 439 317 440 318
1377697500 433 317 502 378
1377697200 501 377 502 378
1377696900 451 335 452 336
1377696600 439 318 440 318
1377696300 425 318 428 319
1377696000 430 326 566 739
1377695700 564 734 566 739
1377695400 486 386 740 903
1377695100 735 895 740 903
1377694800 421 319 422 320
1377694500 418 318 427 319
1377694200 427 319 441 319
1377693900 440 319 441 319
1377693600 439 319 454 337
1377693300 453 336 454 337
1377693000 435 319 441 320
1377692700 441 319 444 319
1377692400 444 323 516 668
1377692100 515 663 516 668
1377691800 445 326 710 850
1377691500 706 842 710 850
1377691200 441 318 442 320
1377690900 410 319 411 320
1377690600 397 319 410 319
1377690300 409 318 410 319
1377690000 408 318 411 337
1377689700 410 336 411 337
1377689400 408 318 408 319
1377689100 407 318 408 319
1377688800 405 322 477 660
1377688500 476 655 477 660
1377688200 411 326 618 858
1377687900 615 850 618 858
1377687600 411 319 412 320
1377687300 407 318 408 319
1377687000 403 319 403 320
1377686700 403 319 407 320
1377686400 407 319 417 336
1377686100 416 335 417 336
1377685800 399 319 404 320
1377685500 404 318 412 319
1377685200 412 323 476 661
1377684900 475 656 476 661
1377684600 403 326 604 865
1377684300 601 857 604 865
1377684000 404 319 405 319
1377683700 404 319 405 319
1377683400 404 319 404 319
1377683100 403 318 404 319
1377682800 395 318 408 337
1377682500 407 336 408 337
1377682200 395 319 400 319
1377681900 400 319 407 320
1377681600 408 324 485 663
1377681300 483 658 485 663
1377681000 393 326 631 861
1377680700 627 853 631 861
1377680400 398 319 404 319
1377680100 403 318 404 319
1377679800 400 318 401 320
1377679500 396 319 399 320
1377679200 399 319 413 336
1377678900 412 335 413 336
1377678600 395 319 396 320
1377678300 393 318 398 318
1377678000 399 322 476 664
1377677700 475 659 476 664
1377677400 404 326 659 837
1377677100 655 830 659 837
1377676800 396 319 397 320
1377676500 396 319 397 320
1377676200 395 318 402 319
1377675900 401 319 402 319
1377675600 397 320 431 414
1377675300 433 418 539 633
1377675000 537 628 539 633
1377674700 397 319 416 401
1377674400 416 404 461 575
1377674100 460 571 461 575
1377673800 406 326 669 863
1377673500 665 855 669 863
1377673200 401 318 417 319
1377672900 416 318 417 319
1377672600 398 319 402 319
1377672300 401 319 402 319
1377672000 400 319 407 336
1377671700 406 335 407 336
1377671400 400 319 401 320
1377671100 396 318 400 334
1377670800 401 339 472 642
1377670500 471 638 472 642
1377670200 401 327 658 867
1377669900 654 859 658 867
1377669600 399 319 403 320
1377669300 403 319 405 320
1377669000 405 318 411 319
1377668700 410 318 411 320
1377668400 398 320 413 335
1377668100 412 334 413 335
1377667800 398 318 405 319
1377667500 418 329 1392 1170
1377667200 1379 1163 1392 1170
1377666900 483 671 485 677
1377666600 424 324 699 842
1377666300 695 835 699 842
1377666000 400 318 401 319
1377665700 400 318 400 318
1377665400 400 318 400 319
1377665100 400 319 402 320
1377664800 402 320 411 336
1377664500 410 335 411 336
1377664200 399 319 401 320
1377663900 401 319 401 320
1377663600 401 323 469 658
1377663300 468 653 469 658
1377663000 404 326 674 863
1377662700 670 855 674 863
1377662400 403 319 404 320
1377662100 402 319 403 320
1377661800 393 319 404 319
1377661500 403 319 404 320
1377661200 401 320 411 336
1377660900 410 335 411 336
1377660600 400 318 401 319
1377660300 398 318 405 319
1377660000 405 323 473 656
1377659700 472 651 473 656
1377659400 410 326 671 886
1377659100 667 878 671 886
1377658800 401 318 405 318
1377658500 405 318 418 320
1377658200 417 319 418 320
1377657900 411 318 412 320
1377657600 403 320 413 340
1377657300 412 339 413 340
1377657000 398 318 403 319
1377656700 403 318 403 319
1377656400 404 323 478 657
1377656100 477 652 478 657
1377655800 409 326 650 850
1377655500 646 842 650 850
1377655200 403 319 404 320
1377654900 399 319 405 320
1377654600 404 318 405 319
1377654300 402 319 402 320
1377654000 402 320 405 336
1377653700 404 335 405 336
1377653400 402 318 403 319
1377653100 402 318 403 320
1377652800 401 325 529 717
1377652500 527 711 529 717
1377652200 410 326 686 866
1377651900 682 858 686 866
1377651600 407 319 408 319
1377651300 403 319 410 320
1377651000 409 319 410 320
1377650700 404 317 410 320
1377650400 410 320 413 336
1377650100 412 335 413 336
1377649800 407 318 414 319
1377649500 413 318 414 319
1377649200 408 323 476 660
1377648900 475 655 476 660
1377648600 422 326 698 865
1377648300 694 857 698 865
1377648000 412 319 414 319
1377647700 413 319 414 320
1377647400 409 319 418 320
1377647100 417 317 418 320
1377646800 408 320 431 336
1377646500 430 335 431 336
1377646200 399 319 413 319
1377645900 412 319 413 319
1377645600 411 323 486 665
1377645300 485 660 486 665
1377645000 422 325 685 837
1377644700 681 830 685 837
1377644400 415 319 426 319
1377644100 426 319 430 320
1377643800 429 319 430 320
1377643500 417 318 423 318
1377643200 423 319 491 396
1377642900 489 394 491 396
1377642600 425 319 482 377
1377642300 481 376 482 377
1377642000 426 322 508 682
1377641700 506 677 508 682
1377641400 430 324 676 863
1377641100 672 855 676 863
1377640800 424 319 430 319
1377640500 429 319 430 319
1377640200 427 319 428 319
1377639900 425 319 433 320
1377639600 433 320 436 335
1377639300 435 334 436 335
1377639000 423 319 429 319
1377638700 429 318 429 319
1377638400 430 323 507 693
1377638100 505 688 507 693
1377637800 434 326 703 869
1377637500 699 860 703 869
1377637200 486 376 487 377
1377636900 425 319 434 320
1377636600 433 319 434 320
1377636300 432 319 433 319
1377636000 428 319 446 336
1377635700 445 335 446 336
1377635400 434 318 435 319
1377635100 426 318 435 327
1377634800 435 331 506 686
1377634500 504 679 506 686
1377634200 432 325 692 885
1377633900 688 877 692 885
1377633600 432 319 438 320
1377633300 438 319 443 319
1377633000 442 318 443 319
1377632700 436 318 437 318
1377632400 434 318 436 334
1377632100 438 339 597 712
1377631800 594 706 597 712
1377631500 435 318 446 385
1377631200 446 388 496 625
1377630900 495 620 496 625
1377630600 440 325 744 930
1377630300 739 921 744 930
1377630000 430 317 434 318
1377629700 434 318 436 319
1377629400 436 318 445 319
1377629100 444 317 445 318
1377628800 443 318 444 334
1377628500 436 333 436 334
1377628200 435 317 436 317
1377627900 428 317 440 333
1377627600 441 338 507 674
1377627300 506 669 507 674
1377627000 438 324 732 878
1377626700 727 870 732 878
1377626400 430 317 431 318
1377626100 429 317 435 318
1377625800 448 336 484 377
1377624600 667 623 1455 1202
1377622800 432 320 438 336
1377621000 492 474 723 886
1377619200 433 320 438 337
1377617400 489 469 690 857
1377615600 433 320 441 337
1377613800 492 473 729 891
1377612000 431 319 438 335
1377610200 491 474 688 844
1377608400 413 320 426 337
1377606600 455 466 648 873
1377604800 400 320 409 336
1377603000 454 464 678 857
1377601200 394 320 406 336
1377599400 455 466 681 871
1377597600 393 320 402 336
1377595800 453 465 682 860
1377594000 396 320 413 337
1377592200 447 464 645 857
1377590400 395 320 608 772
1377588600 486 540 676 867
1377586800 396 320 410 337
1377585000 449 468 660 880
1377583200 399 320 407 337
1377581400 623 608 1412 1188
1377579600 400 320 416 335
1377577800 453 459 653 835
1377576000 400 320 413 335
1377574200 451 463 666 855
1377572400 401 319 410 335
1377570600 465 465 694 869
1377568800 403 319 416 336
1377567000 472 478 700 875
1377565200 409 320 424 336
1377563400 468 464 694 855
1377561600 424 330 471 379
1377559800 471 465 668 863
1377558000 432 329 477 378
1377556200 482 466 678 852
1377554400 451 340 547 439
1377552600 492 472 709 872
1377550800 433 320 440 336
1377549000 494 472 712 862
1377547200 436 322 601 712
1377545400 519 536 714 872
1377543600 443 328 482 377
1377541800 489 467 698 847
1377540000 432 318 441 334
1377538200 660 616 1454 1187
1377536400 431 318 442 333
1377534600 494 480 731 916
1377532800 435 319 446 335
1377531000 504 481 716 870
1377529200 431 320 445 337
1377527400 480 468 652 850
1377525600 440 328 492 379
1377523800 502 481 749 894
1377522000 416 320 422 336
1377520200 466 472 663 848
1377518400 399 320 404 335
1377516600 444 469 626 889
1377514800 400 320 411 335
1377513000 452 463 671 853
1377511200 395 320 410 336
1377509400 452 461 663 844
1377507600 396 320 404 336
1377505800 449 463 658 859
1377504000 394 320 560 713
1377502200 477 526 654 845
1377500400 394 320 408 336
1377498600 446 465 636 872
1377496800 398 320 405 336
1377495000 623 611 1410 1188
1377493200 396 320 406 336
1377491400 439 464 595 865
1377489600 396 321 404 336
1377487800 447 462 653 853
1377486000 394 320 402 335
1377484200 453 464 681 864
1377482400 393 319 407 336
1377480600 454 472 626 861
1377478800 397 319 407 335
1377477000 447 463 635 864
1377475200 394 319 402 335
1377473400 459 472 679 851
1377471600 395 320 402 336
1377469800 443 464 627 867
1377468000 395 320 403 337
1377466200 445 458 637 833
1377464400 396 319 402 334
1377462600 445 462 633 850
1377460800 395 321 616 772
1377459000 488 544 622 840
1377457200 393 318 403 333
1377455400 451 463 661 862
1377453600 395 318 402 334
1377451800 625 607 1250 1055
1377450000 394 319 403 335
1377448200 452 462 671 854
1377446400 395 320 403 336
1377444600 445 467 638 876
1377442800 396 321 408 338
1377441000 440 459 587 844
1377439200 395 321 405 338
1377437400 449 462 661 853
1377435600 397 320 405 336
1377433800 450 467 649 874
1377432000 392 320 397 336
1377430200 453 465 672 870
1377428400 395 320 407 337
1377426600 453 465 680 867
1377424800 394 320 405 337
1377423000 448 463 652 858
1377421200 395 320 407 336
1377419400 442 467 607 879
1377417600 395 320 610 771
1377415800 487 535 666 854
1377414000 394 320 408 336
1377412200 438 463 586 861
1377410400 395 320 401 336
1377408600 614 608 1407 1188
1377406800 394 320 401 337
1377405000 445 465 624 874
1377403200 396 320 402 337
1377401400 446 462 639 852
1377399600 396 321 409 335
1377397800 440 464 611 859
1377396000 398 321 406 337
1377394200 454 462 675 850
1377392400 394 325 408 341
1377390600 450 462 660 851
1377388800 401 330 440 376
1377387000 453 464 683 868
1377385200 403 329 449 378
1377383400 440 459 636 844
1377381600 392 318 404 334
1377379800 448 463 674 856
1377378000 388 318 398 334
1377376200 443 461 667 859
1377374400 393 321 607 771
1377372600 489 546 665 861
1377370800 390 319 401 335
1377369000 446 462 677 863
1377367200 385 318 399 334
1377365400 613 610 1399 1188
1377363600 386 320 393 336
1377361800 437 459 632 832
1377360000 387 320 400 335
1377358200 435 460 611 840
1377356400 387 320 399 335
1377354600 440 466 633 876
1377352800 386 320 399 336
1377351000 449 474 632 862
1377349200 389 320 402 336
1377347400 440 464 645 867
1377345600 388 320 398 336
1377343800 436 468 620 891
1377342000 390 320 402 336
1377340200 444 464 670 871
1377338400 391 320 397 337
1377336600 444 461 656 851
1377334800 392 320 406 335
1377333000 443 460 660 847
1377331200 393 321 551 712
1377329400 474 527 661 859
1377327600 388 320 401 336
1377325800 441 465 648 871
1377324000 390 320 399 338
1377322200 616 608 1391 1188
1377320400 389 320 404 336
1377318600 432 465 583 866
1377316800 392 320 404 337
1377315000 443 463 639 865
1377313200 392 320 401 336
1377311400 444 465 661 870
1377309600 390 320 398 335
1377307800 456 478 637 860
1377306000 386 313 421 358
1377304200 442 459 628 830
1377302400 396 320 411 341
1377300600 464 462 701 863
1377298800 458 338 499 392
1377297000 503 476 690 855
1377295200 438 318 442 334
1377293400 504 477 706 848
1377291600 441 320 450 335
1377289800 488 472 670 881
1377288000 444 331 602 713
1377286200 519 539 665 839
1377284400 441 329 486 376
1377282600 493 473 711 877
1377280800 439 329 496 395
1377279000 657 612 1460 1251
1377277200 442 328 507 394
1377275400 500 478 702 857
1377273600 441 322 450 337
1377271800 492 473 723 880
1377270000 434 320 445 335
1377268200 477 472 627 876
1377266400 433 320 483 380
1377264600 527 517 681 860
1377262800 419 320 431 336
1377261000 469 476 650 881
1377259200 395 318 402 335
1377257400 443 461 651 857
1377255600 390 318 403 334
1377253800 442 455 629 822
1377252000 393 318 397 335
1377250200 449 466 681 883
1377248400 401 318 426 335
1377246600 452 465 689 876
1377244800 395 321 551 712
1377243000 473 526 661 850
1377241200 395 320 407 336
1377239400 443 461 629 850
1377237600 393 319 405 334
1377235800 612 609 1203 1016
1377234000 392 319 400 336
1377232200 443 463 620 861
1377230400 393 320 397 336
1377228600 448 464 645 866
1377226800 402 319 413 336
1377225000 455 461 674 846
1377223200 397 320 406 336
1377221400 458 478 637 883
1377219600 404 319 440 335
1377217800 450 461 668 847
1377216000 409 319 418 334
1377214200 469 461 691 844
1377212400 433 329 488 395
1377210600 481 477 625 872
1377208800 431 318 437 334
1377207000 503 483 787 950
1377205200 442 328 488 376
1377203400 501 479 710 865
1377201600 435 321 598 712
1377199800 590 1057 865 3614
1377198000 432 320 446 337
1377196200 491 472 702 877
1377194400 450 339 488 377
1377192600 658 615 1443 1188
1377190800 432 320 442 337
1377189000 491 472 709 877
1377187200 432 320 443 336
1377185400 490 468 706 849
1377183600 437 320 449 337
1377181800 491 473 708 881
1377180000 435 319 444 334
1377178200 509 486 706 853
1377176400 420 319 427 337
1377174600 492 478 666 825
1377172800 412 320 419 336
1377171000 462 461 669 851
1377169200 408 319 419 335
1377167400 464 462 685 858
1377165600 409 318 418 334
1377163800 462 463 673 857
1377162000 408 318 420 337
1377160200 462 460 675 844
1377158400 410 319 569 710
1377156600 487 525 669 840
1377154800 402 320 414 337
1377153000 449 464 636 867
1377151200 402 319 414 335
1377149400 623 609 1415 1188
1377147600 403 320 412 338
1377145800 460 467 675 882
1377144000 404 319 414 336
1377142200 460 468 677 887
1377140400 403 320 415 336
1377138600 456 460 655 839
1377136800 402 319 410 336
1377135000 470 461 720 847
1377133200 402 318 414 334
1377131400 456 462 653 857
1377129600 411 328 465 393
1377127800 460 468 616 829
1377126000 424 318 449 334
1377124200 516 489 730 878
1377122400 425 316 448 334
1377120600 490 472 708 864
1377118800 437 319 456 340
1377117000 494 468 721 861
1377115200 445 333 602 712
1377113400 519 534 722 866
1377111600 432 318 441 335
1377109800 493 477 739 912
1377108000 432 319 442 335
1377106200 663 612 1448 1186
1377104400 435 319 445 333
1377102600 493 474 711 891
1377100800 439 318 449 335
1377099000 496 473 726 893
1377097200 439 318 453 333
1377095400 489 469 688 867
1377093600 446 330 493 377
1377091800 501 486 726 913
1377090000 416 320 426 335
1377088200 467 469 692 882
1377086400 400 320 406 336
1377084600 449 464 643 865
1377082800 396 320 404 337
1377081000 451 463 671 855
1377079200 395 320 403 336
1377077400 441 467 621 882
1377075600 395 320 402 335
1377073800 452 464 683 863
1377072000 403 321 614 771
1377070200 482 534 651 846
1377068400 396 319 407 335
1377066600 448 461 643 844
1377064800 396 320 402 336
1377063000 609 610 1332 1127
1377061200 395 320 402 335
1377059400 451 465 677 865
1377057600 401 320 432 336
1377055800 479 489 715 893
1377054000 407 320 417 336
1377052200 473 456 665 810
1377050400 412 320 418 337
1377048600 449 463 604 860
1377046800 409 320 420 337
1377045000 469 463 685 857
1377043200 414 319 422 336
1377041400 467 459 679 839
1377039600 429 329 472 379
1377037800 498 487 695 866
1377036000 431 321 443 338
1377034200 488 471 692 861
1377032400 443 331 502 397
1377030600 492 470 709 852
1377028800 434 320 598 711
1377027000 502 535 624 863
1377025200 452 339 501 394
1377023400 488 468 694 859
1377021600 435 318 443 336
1377019800 657 612 1441 1187
1377018000 432 318 444 334
1377016200 487 468 691 852
1377014400 434 318 443 333
1377012600 477 451 598 750
1377010800 432 318 443 334
1377009000 490 464 699 836
1377007200 440 329 484 377
1377005400 506 489 753 925
1377003600 416 330 467 379
1377001800 455 464 675 857
1377000000 395 320 405 336
1376998200 451 468 691 894
1376996400 390 319 398 336
1376994600 445 460 666 843
1376992800 387 319 396 335
1376991000 447 465 678 872
1376989200 386 319 393 336
1376987400 446 466 677 878
1376985600 388 322 551 712
1376983800 474 530 673 864
1376982000 385 320 394 336
1376980200 440 460 642 843
1376978400 391 320 400 336
1376976600 608 610 1402 1189
1376974800 391 320 404 336
1376973000 447 467 679 876
1376971200 389 320 401 336
1376969400 445 462 650 849
1376967600 399 320 425 336
1376965800 460 462 672 850
1376964000 394 320 402 335
1376962200 459 474 674 866
1376960400 396 320 405 336
1376958600 458 464 687 861
1376956800 408 320 423 335
1376955000 487 475 731 920
1376953200 429 320 439 336
1376951400 485 464 705 841
1376949600 458 363 494 423
1376947800 491 478 702 886
1376946000 436 319 446 335
1376944200 487 465 688 845
1376942400 432 320 657 779
1376940600 522 552 682 899
1376938800 442 329 483 377
1376937000 490 470 720 867
1376935200 429 318 440 334
1376933400 662 622 1443 1186
1376931600 433 319 445 334
1376929800 488 469 700 867
1376928000 433 320 443 335
1376926200 490 468 708 855
1376924400 436 319 449 337
1376922600 491 470 705 863
1376920800 442 328 478 370
1376919000 497 482 713 879
1376917200 417 328 475 378
1376915400 460 461 676 855
1376913600 399 318 407 334
1376911800 439 461 662 859
1376910000 380 318 388 335
1376908200 435 457 636 833
1376906400 381 318 388 334
1376904600 431 462 626 866
1376902800 382 318 390 336
1376901000 431 457 619 839
1376899200 380 320 550 712
1376897400 467 530 646 879
1376895600 380 320 391 336
1376893800 433 459 629 839
1376892000 380 320 390 336
1376890200 610 610 1104 941
1376888400 380 320 391 337
1376886600 438 462 646 854
1376884800 382 319 387 335
1376883000 428 461 593 856
1376881200 382 319 396 337
1376879400 437 463 660 868
1376877600 381 320 398 335
1376875800 432 463 620 863
1376874000 381 320 389 336
1376872200 436 465 634 872
1376870400 391 329 450 395
1376868600 436 463 654 869
1376866800 381 320 391 335
1376865000 432 461 623 853
1376863200 382 320 390 335
1376861400 436 464 642 868
1376859600 381 320 389 335
1376857800 439 463 663 861
1376856000 382 321 554 712
1376854200 467 531 675 882
1376852400 384 320 393 336
1376850600 434 458 639 839
1376848800 381 320 386 337
1376847000 605 605 1197 1019
1376845200 383 320 393 336
1376843400 438 464 656 869
1376841600 380 319 388 334
1376839800 438 462 660 858
1376838000 381 320 390 335
1376836200 431 465 621 876
1376834400 382 320 392 336
1376832600 441 475 622 874
1376830800 382 320 392 337
1376829000 423 457 577 826
1376827200 380 320 389 337
1376825400 439 462 651 857
1376823600 381 320 389 336
1376821800 423 459 573 844
1376820000 383 320 390 336
1376818200 438 466 649 881
1376816400 381 320 387 336
1376814600 434 460 636 847
1376812800 382 321 544 712
1376811000 461 530 641 874
1376809200 383 320 388 336
1376807400 432 461 618 850
1376805600 383 321 387 337
1376803800 604 610 1389 1188
1376802000 380 320 392 336
1376800200 443 468 685 888
1376798400 382 320 390 336
1376796600 441 462 656 862
1376794800 385 320 400 337
1376793000 438 463 648 860
1376791200 382 319 390 335
1376789400 435 474 578 876
1376787600 383 318 393 334
1376785800 447 461 675 858
1376784000 386 318 415 335
1376782200 470 468 662 838
1376780400 405 319 410 335
1376778600 461 465 670 874
1376776800 384 320 406 337
1376775000 436 462 655 857
1376773200 383 319 396 336
1376771400 448 463 667 865
1376769600 383 321 658 828
1376767800 471 545 658 847
1376766000 383 320 392 335
1376764200 441 466 664 876
1376762400 384 320 396 337
1376760600 617 611 1392 1190
1376758800 439 319 449 334
1376757000 453 465 688 881
1376755200 382 320 396 336
1376753400 441 462 659 858
1376751600 382 320 392 336
1376749800 435 465 649 875
1376748000 383 320 393 336
1376746200 444 469 632 843
1376744400 381 319 390 334
1376742600 429 460 604 854
1376740800 381 319 390 334
1376739000 438 463 660 863
1376737200 381 319 386 334
1376735400 435 461 643 847
1376733600 381 320 389 336
1376731800 438 462 661 863
1376730000 382 319 388 334
1376728200 429 467 609 890
1376726400 381 319 550 715
1376724600 467 527 664 856
1376722800 381 320 390 337
1376721000 439 465 666 874
1376719200 381 320 393 336
1376717400 607 607 1388 1188
1376715600 383 320 391 336
1376713800 434 462 626 859
1376712000 382 320 393 336
1376710200 440 461 663 846
1376708400 383 320 396 336
1376706600 434 461 624 848
1376704800 384 320 396 335
1376703000 434 459 636 850
1376701200 384 318 392 334
1376699400 440 460 654 849
1376697600 397 329 453 395
1376695800 454 461 660 860
1376694000 415 319 423 336
1376692200 498 490 820 1012
1376690400 429 315 442 336
1376688600 487 472 709 882
1376686800 435 319 445 336
1376685000 486 467 689 854
1376683200 453 340 601 714
1376681400 503 537 628 872
1376679600 435 319 448 336
1376677800 489 473 678 876
1376676000 442 330 491 379
1376674200 645 614 1433 1189
1376672400 428 318 444 335
1376670600 495 470 723 869
1376668800 451 338 495 393
1376667000 489 469 688 854
1376665200 437 320 442 336
1376663400 487 471 674 860
1376661600 444 329 485 377
1376659800 499 477 687 830
1376658000 424 320 435 337
1376656200 441 464 588 867
1376654400 386 320 396 336
1376652600 440 460 655 847
1376650800 388 319 397 336
1376649000 438 461 643 849
1376647200 387 320 396 336
1376645400 443 467 679 881
1376643600 384 320 396 336
1376641800 433 458 615 826
1376640000 383 320 606 772
1376638200 466 540 606 875
1376636400 383 320 390 336
1376634600 434 462 620 858
1376632800 384 319 389 335
1376631000 604 606 1394 1188
1376629200 383 321 392 340
1376627400 438 462 652 852
1376625600 384 320 394 337
1376623800 445 468 679 897
1376622000 383 320 391 334
1376620200 442 463 664 854
1376618400 399 319 420 336
1376616600 453 477 652 885
1376614800 394 319 412 335
1376613000 446 464 656 869
1376611200 395 318 407 335
1376609400 459 470 638 840
1376607600 410 318 431 334
1376605800 482 467 709 865
1376604000 449 329 495 378
1376602200 505 487 722 913
1376600400 438 318 448 335
1376598600 502 481 693 869
1376596800 437 321 605 712
1376595000 527 543 703 853
1376593200 439 320 449 336
1376591400 491 469 683 853
1376589600 436 318 449 333
1376587800 658 609 1449 1186
1376586000 446 328 493 376
1376584200 492 472 691 874
1376582400 440 318 453 334
1376580600 496 472 719 876
1376578800 440 318 451 334
1376577000 499 469 728 870
1376575200 448 329 498 379
1376573400 504 483 687 841
1376571600 426 330 487 381
1376569800 460 474 668 869
1376568000 395 319 405 336
1376566200 452 468 687 888
1376564400 394 320 400 336
1376562600 445 463 644 870
1376560800 392 320 405 337
1376559000 452 462 674 856
1376557200 387 319 399 336
1376555400 441 467 644 879
1376553600 384 320 547 712
1376551800 469 526 663 843
1376550000 385 320 396 336
1376548200 437 460 634 838
1376546400 386 320 390 337
1376544600 479 463 1212 1032
1376539200 415 392 677 866
1376532000 423 392 664 883
1376524800 448 400 696 880
1376517600 458 397 654 864
1376510400 472 414 729 876
1376503200 506 432 1447 1190
1376496000 461 393 665 881
1376488800 460 400 711 876
1376481600 425 391 686 864
1376474400 419 391 671 870
1376467200 420 407 636 879
1376460000 461 428 1399 1189
1376452800 413 391 671 866
1376445600 437 392 701 880
1376438400 461 401 764 933
1376431200 464 396 730 885
1376424000 478 416 723 879
1376416800 513 435 1450 1186
1376409600 459 393 672 872
1376402400 446 398 665 878
1376395200 423 390 676 876
1376388000 416 388 665 863
1376380800 429 411 673 867
1376373600 459 425 1401 1186
1376366400 416 391 662 876
1376359200 426 391 703 881
1376352000 459 408 719 887
1376344800 461 394 725 897
1376337600 472 414 806 962
1376330400 499 431 1113 1207
1376323200 459 394 719 864
1376316000 446 399 685 879
1376308800 411 390 656 860
1376301600 408 391 642 876
1376294400 418 408 666 863
1376287200 450 426 1388 1188
1376280000 408 388 643 855
1376272800 409 388 661 851
1376265600 410 389 677 873
1376258400 409 393 651 878
1376251200 419 409 679 883
1376244000 453 426 1114 949
1376236800 407 386 658 838
1376229600 408 388 655 848
1376222400 410 390 671 889
1376215200 410 389 666 864
1376208000 420 409 685 893
1376200800 450 425 1340 1140
1376193600 408 388 647 860
1376186400 405 390 618 876
1376179200 411 391 654 852
1376172000 421 387 682 841
1376164800 424 408 668 854
1376157600 462 426 1397 1186
1376150400 417 389 675 865
1376143200 411 390 670 870
1376136000 411 391 658 870
1376128800 414 391 670 868
1376121600 421 411 702 911
1376114400 457 428 1249 1059
1376107200 412 391 671 900
1376100000 423 390 689 862
1376092800 443 395 653 881
1376085600 468 398 755 911
1376078400 469 411 715 863
1376071200 503 430 1148 1232
1376064000 468 399 734 890
1376056800 459 400 687 868
1376049600 417 390 678 877
1376042400 415 388 640 870
1376035200 420 404 656 863
1376028000 458 426 1392 1187
1376020800 417 390 651 875
1376013600 432 393 671 865
1376006400 450 400 690 861
1375999200 469 401 736 884
1375992000 475 414 716 861
1375984800 503 431 1442 1187
1375977600 460 392 680 842
1375970400 451 400 680 863
1375963200 422 390 693 881
1375956000 423 389 687 871
1375948800 425 404 671 847
1375941600 458 427 1193 1291
1375934400 416 388 675 871
1375927200 436 388 706 845
1375920000 445 398 737 931
1375912800 465 397 744 886
1375905600 478 418 725 868
1375898400 503 430 1448 1187
1375891200 463 393 700 872
1375884000 456 395 726 867
1375876800 420 391 661 873
1375869600 420 391 676 871
1375862400 428 405 667 858
1375855200 458 424 1398 1186
1375848000 420 390 682 877
1375840800 433 393 697 884
1375833600 462 397 728 877
1375826400 466 397 757 944
1375819200 476 416 744 898
1375812000 510 432 1447 1186
1375804800 467 394 698 883
1375797600 464 401 753 926
1375790400 424 390 689 882
1375783200 418 390 666 878
1375776000 427 407 671 851
1375768800 458 423 1395 1187
1375761600 418 389 653 865
1375754400 425 392 666 866
1375747200 444 395 680 883
1375740000 459 394 678 870
1375732800 470 415 728 886
1375725600 502 432 1451 1195
1375718400 459 392 693 868
1375711200 457 396 704 866
1375704000 415 389 660 855
1375696800 413 391 675 897
1375689600 419 406 688 886
1375682400 453 426 1083 921
1375675200 410 389 659 863
1375668000 409 390 638 889
1375660800 412 389 674 865
1375653600 411 391 662 882
1375646400 420 409 678 869
1375639200 455 426 1398 1187
1375632000 411 390 663 887
1375624800 408 389 617 863
1375617600 414 389 666 861
1375610400 412 388 649 859
1375603200 420 405 681 867
1375596000 455 425 1397 1186
1375588800 411 388 650 857
1375581600 414 389 660 873
1375574400 421 390 679 867
1375567200 422 389 666 877
1375560000 426 405 677 864
1375552800 469 425 1413 1187
1375545600 425 387 658 837
1375538400 412 391 646 892
1375531200 417 390 690 876
1375524000 416 390 686 872
1375516800 424 409 676 878
1375509600 455 426 1394 1192
1375502400 412 387 658 858
1375495200 417 389 662 870
1375488000 437 393 681 862
1375480800 461 396 727 882
1375473600 463 409 675 866
1375466400 500 429 1303 1064
1375459200 457 391 670 854
1375452000 452 398 702 886
1375444800 419 391 687 878
1375437600 418 390 680 873
1375430400 421 405 663 853
1375423200 460 426 991 1007
1375416000 418 390 684 882
1375408800 430 388 674 851
1375401600 445 397 709 863
1375394400 458 394 717 882
1375387200 470 417 687 892
1375380000 501 430 1436 1187
1375372800 458 392 686 852
1375365600 450 393 735 924
1375358400 421 392 691 880
1375351200 414 391 677 886
1375344000 426 409 673 884
1375336800 457 426 1232 1043
1375329600 414 389 653 856
1375322400 425 393 665 856
1375315200 446 397 706 870
1375308000 464 397 720 886
1375300800 472 413 723 867
1375293600 501 429 1441 1187
1375286400 461 393 724 874
1375279200 449 399 678 874
1375272000 417 391 655 879
1375264800 411 391 650 878
1375257600 426 410 690 884
1375250400 458 425 1401 1187
1375243200 416 390 694 878
1375236000 417 390 641 861
1375228800 442 394 728 913
1375221600 468 399 768 916
1375214400 473 418 694 887
1375207200 508 435 1447 1189
1375200000 461 396 664 867
1375192800 453 399 691 862
1375185600 416 389 683 874
1375178400 416 389 660 863
1375171200 423 407 665 854
1375164000 458 426 1403 1187
1375156800 413 389 669 865
1375149600 422 393 680 867
1375142400 457 400 731 944
1375135200 472 407 768 945
1375128000 478 418 727 879
1375120800 508 437 1501 1247
1375113600 463 399 706 893
1375106400 451 393 673 865
1375099200 420 390 647 885
1375092000 411 388 659 859
1375084800 419 406 656 865
1375077600 455 426 1395 1188
1375070400 410 387 660 858
1375063200 416 393 669 865
1375056000 414 390 670 876
1375048800 414 389 665 869
1375041600 427 410 680 865
1375034400 455 425 1393 1186
1375027200 411 388 659 858
1375020000 409 388 627 859
1375012800 410 390 658 867
1375005600 413 390 660 862
1374998400 421 406 676 875
1374991200 450 426 1393 1186
1374984000 413 389 666 866
1374976800 415 390 665 869
1374969600 415 389 667 861
1374962400 419 393 652 878
1374955200 425 406 674 861
1374948000 458 426 1014 972
1374940800 415 390 663 863
1374933600 416 391 694 893
1374926400 414 391 658 886
1374919200 415 391 685 882
1374912000 420 405 661 862
1374904800 451 425 1400 1187
1374897600 415 389 672 867
1374890400 418 390 698 911
1374883200 440 394 696 870
1374876000 460 394 683 859
1374868800 474 418 715 878
1374861600 504 429 1320 1072
1374854400 462 393 722 874
1374847200 460 402 688 872
1374840000 422 390 676 859
1374832800 417 392 696 885
1374825600 426 408 663 854
1374818400 460 424 1398 1186
1374811200 414 387 660 840
1374804000 435 393 659 869
1374796800 445 394 710 876
1374789600 464 395 711 851
1374782400 481 418 736 875
1374775200 506 430 1445 1189
1374768000 468 397 732 876
1374760800 460 400 676 864
1374753600 424 389 647 847
1374746400 422 390 677 855
1374739200 431 410 668 870
1374732000 464 426 1384 1167
1374724800 425 390 670 860
1374717600 463 398 710 873
1374710400 462 396 685 866
1374703200 466 394 745 878
1374696000 474 415 683 891
1374688800 509 430 1455 1187
1374681600 465 392 710 860
1374674400 461 396 705 887
1374667200 424 392 715 906
1374660000 427 391 725 912
1374652800 430 404 658 847
1374645600 462 426 1403 1183
1374638400 421 393 680 876
1374631200 429 389 681 854
1374624000 456 398 723 868
1374616800 463 396 699 871
1374609600 474 414 756 895
1374602400 509 433 1444 1187
1374595200 463 394 700 869
1374588000 463 399 720 889
1374580800 420 387 666 843
1374573600 412 388 650 859
1374566400 424 406 658 843
1374559200 459 425 1397 1186
1374552000 419 389 673 881
1374544800 430 392 670 860
1374537600 451 398 759 915
1374530400 462 397 695 878
1374523200 473 415 685 883
1374516000 510 433 1448 1188
1374508800 461 394 693 873
1374501600 457 398 679 856
1374494400 419 392 673 879
1374487200 408 388 651 852
1374480000 415 407 618 854
1374472800 451 425 1045 947
1374465600 408 388 655 879
1374458400 410 390 678 876
1374451200 409 392 650 883
1374444000 410 390 674 876
1374436800 414 405 639 862
1374429600 450 425 1224 1041
1374422400 408 389 669 875
1374415200 405 390 634 884
1374408000 406 387 634 847
1374400800 408 388 676 872
1374393600 416 406 648 867
1374386400 449 423 1299 1100
1374379200 406 385 632 828
1374372000 410 389 643 849
1374364800 407 385 660 839
1374357600 410 390 643 849
1374350400 427 430 838 1345
1374343200 449 423 1399 1190
1374336000 412 389 668 862
1374328800 416 390 656 875
1374321600 413 390 679 887
1374314400 413 388 663 848
1374307200 418 409 647 868
1374300000 458 427 1401 1182
1374292800 414 391 664 874
1374285600 421 391 649 893
1374278400 443 395 683 872
1374271200 459 396 682 874
1374264000 473 414 729 871
1374256800 508 432 1445 1187
1374249600 462 394 716 860
1374242400 458 400 752 929
1374235200 419 389 670 865
1374228000 417 388 655 860
1374220800 426 407 665 856
1374213600 460 425 1397 1186
1374206400 418 387 663 851
1374199200 430 390 676 860
1374192000 445 396 706 880
1374184800 463 401 727 873
1374177600 474 420 697 861
1374170400 505 433 1439 1188
1374163200 466 399 695 882
1374156000 461 403 716 878
1374148800 421 392 678 869
1374141600 417 391 668 859
1374134400 430 412 681 888
1374127200 462 429 1400 1189
1374120000 419 392 678 899
1374112800 431 394 735 907
1374105600 437 394 626 883
1374098400 467 402 715 873
1374091200 465 410 679 877
1374084000 505 434 1232 1005
1374076800 461 394 687 860
1374069600 461 404 733 934
1374062400 422 391 683 860
1374055200 419 390 670 865
1374048000 421 406 612 859
1374040800 464 426 1408 1187
1374033600 416 390 658 860
1374026400 423 388 655 850
1374019200 457 403 762 922
1374012000 461 395 726 880
1374004800 469 408 685 862
1373997600 505 429 1446 1185
1373990400 464 392 711 877
1373983200 451 400 691 871
1373976000 422 388 671 856
1373968800 417 389 666 886
1373961600 428 407 698 891
1373954400 460 425 1409 1185
1373947200 415 388 635 873
1373940000 425 388 670 859
1373932800 451 400 694 862
1373925600 463 397 711 870
1373918400 475 415 703 876
1373911200 506 434 1500 1248
1373904000 463 394 746 890
1373896800 453 402 689 879
1373889600 409 389 659 869
1373882400 405 390 628 871
1373875200 417 407 647 869
1373868000 450 426 1149 977
1373860800 407 387 638 859
1373853600 412 389 708 914
1373846400 411 386 659 847
1373839200 410 386 655 846
1373832000 417 405 674 883
1373824800 452 424 1397 1186
1373817600 409 388 655 856
1373810400 410 389 660 863
1373803200 409 387 653 849
1373796000 411 389 654 865
1373788800 419 407 696 900
1373781600 455 427 1281 1087
1373774400 410 393 688 924
1373767200 408 388 658 856
1373760000 408 388 642 859
1373752800 408 390 652 867
1373745600 419 408 688 893
1373738400 459 426 1164 980
1373731200 411 389 656 877
1373724000 408 388 670 862
1373716800 411 387 648 852
1373709600 412 388 675 864
1373702400 416 403 664 875
1373695200 455 423 1400 1187
1373688000 412 389 660 880
1373680800 415 390 669 872
1373673600 434 396 798 980
1373666400 454 392 710 867
1373659200 469 409 712 860
1373652000 499 429 1395 1149
1373644800 462 396 772 926
1373637600 449 394 713 860
1373630400 417 389 663 888
1373623200 411 387 656 866
1373616000 422 407 666 855
1373608800 453 422 1404 1186
1373601600 412 388 661 862
1373594400 418 390 688 891
1373587200 442 392 729 883
1373580000 460 395 722 875
1373572800 468 408 737 885
1373565600 504 427 1155 944
1373558400 463 392 682 885
1373551200 448 393 685 852
1373544000 412 386 647 847
1373536800 408 387 653 857
1373529600 418 405 666 871
1373522400 452 426 1304 1107
1373515200 410 390 660 871
1373508000 427 392 657 856
1373500800 442 393 671 855
1373493600 457 393 708 868
1373486400 463 405 734 875
1373479200 494 428 1150 940
1373472000 457 390 707 867
1373464800 456 397 741 936
1373457600 424 390 686 867
1373450400 422 387 663 844
1373443200 429 406 662 883
1373436000 463 425 1400 1185
1373428800 424 389 681 865
1373421600 431 391 718 930
1373414400 455 392 754 929
1373407200 454 394 631 876
1373400000 465 408 705 870
1373392800 499 428 1445 1186
1373385600 456 390 666 852
1373378400 442 392 665 861
1373371200 420 389 669 859
1373364000 415 391 642 878
1373356800 421 407 650 890
1373349600 462 428 1402 1191
1373342400 415 387 641 852
1373335200 422 390 692 887
1373328000 447 396 682 873
1373320800 461 397 706 893
1373313600 463 408 712 870
1373306400 498 428 1432 1180
1373299200 458 392 728 865
1373292000 452 399 668 869
1373284800 408 387 658 855
1373277600 407 386 648 854
1373270400 411 400 647 857
1373263200 450 424 1396 1185
1373256000 405 388 651 861
1373248800 412 393 680 891
1373241600 407 388 637 865
1373234400 409 388 669 865
1373227200 415 405 637 873
1373220000 450 422 991 974
1373212800 406 385 630 852
1373205600 406 386 669 863
1373198400 404 386 655 854
1373191200 407 386 643 840
1373184000 415 405 644 855
1373176800 448 422 1397 1186
1373169600 403 389 617 866
1373162400 405 383 656 847
1373155200 408 386 648 855
1373148000 408 390 672 888
1373140800 419 407 663 870
1373133600 448 424 1394 1186
1373126400 406 387 629 857
1373119200 404 385 655 857
1373112000 408 388 652 858
1373104800 405 387 640 867
1373097600 417 406 661 856
1373090400 449 424 1045 938
1373083200 408 388 653 857
1373076000 407 387 649 858
1373068800 410 389 666 868
1373061600 407 390 642 876
1373054400 418 406 671 865
1373047200 452 423 1407 1197
1373040000 410 386 651 844
1373032800 408 389 643 858
1373025600 405 387 636 868
1373018400 408 387 665 862
1373011200 415 405 667 883
1373004000 449 421 1396 1184
1372996800 403 387 601 854
1372989600 407 389 646 865
1372982400 410 389 676 866
1372975200 407 387 629 864
1372968000 414 404 641 864
1372960800 452 425 1395 1187
1372953600 408 386 634 836
1372946400 409 387 662 859
1372939200 408 386 634 864
1372932000 407 386 648 851
1372924800 415 401 674 872
1372917600 450 424 1400 1190
1372910400 408 386 643 855
1372903200 413 388 673 858
1372896000 415 386 635 837
1372888800 430 389 643 852
1372881600 469 415 715 885
1372874400 503 430 1060 999
1372867200 463 394 732 894
1372860000 430 353 493 668
1372852800 397 346 459 650
1372845600 394 346 456 653
1372838400 404 365 603 767
1372831200 436 383 1409 1188
1372824000 405 356 573 652
1372816800 399 347 461 654
1372809600 472 356 556 671
1372802400 492 351 563 688
1372795200 499 376 649 711
1372788000 516 442 1267 1710
1372780800 395 348 1445 1445
1372773600 275 284 627 937
1372766400 238 275 565 885
1372759200 241 274 576 893
1372752000 240 285 527 876
1372744800 279 311 1207 1047
1372737600 236 273 548 882
1372730400 252 281 608 923
1372723200 266 281 606 929
1372716000 290 278 603 898
1372708800 298 298 619 891
1372701600 331 317 1204 999
1372694400 290 279 612 896
1372687200 288 282 598 890
1372680000 251 278 558 893
1372672800 237 276 568 886
1372665600 245 289 565 864
1372658400 280 309 1207 1046
1372651200 245 275 585 910
1372644000 238 271 535 877
1372636800 233 273 491 863
1372629600 247 274 577 878
1372622400 252 292 559 884
1372615200 278 309 910 886
1372608000 239 274 564 887
1372600800 239 273 551 881
1372593600 240 274 572 895
1372586400 237 273 533 875
1372579200 251 294 584 887
1372572000 282 311 1185 1026
1372564800 241 275 549 888
1372557600 242 274 584 892
1372550400 248 274 575 889
1372543200 241 274 564 878
1372536000 250 292 571 884
1372528800 281 309 1219 1047
1372521600 239 273 568 879
1372514400 242 274 561 898
1372507200 240 274 555 883
1372500000 242 274 576 883
1372492800 252 292 560 878
1372485600 299 331 1206 1401
1372478400 243 275 593 894
1372471200 249 276 567 871
1372464000 271 277 606 888
1372456800 290 281 610 873
1372449600 296 297 593 882
1372442400 331 316 1259 1046
1372435200 290 278 611 881
1372428000 277 277 568 883
1372420800 244 275 493 889
1372413600 247 275 564 874
1372406400 258 293 580 877
1372399200 291 309 1219 1046
1372392000 244 275 566 886
1372384800 251 277 570 878
1372377600 273 280 601 889
1372370400 291 279 595 892
1372363200 294 293 621 905
1372356000 340 321 1248 1042
1372348800 295 280 635 902
1372341600 280 279 599 890
1372334400 243 274 558 890
1372327200 243 273 555 870
1372320000 251 289 557 863
1372312800 286 310 1218 1047
1372305600 245 274 581 881
1372298400 250 277 554 878
1372291200 265 277 596 896
1372284000 297 293 601 899
1372276800 295 293 617 887
1372269600 331 314 884 884
1372262400 292 279 620 889
1372255200 277 277 595 888
1372248000 250 276 590 895
1372240800 246 275 593 896
1372233600 255 293 577 881
1372226400 289 309 1234 1059
1372219200 250 273 596 887
1372204800 271 282 1266 1046
1372118400 266 281 1139 1122
1372032000 246 280 1064 920
1371945600 248 279 1063 917
1371859200 266 283 1008 959
1371772800 270 284 1182 979
1371686400 274 295 1226 3230
1371600000 286 282 1252 1045
1371513600 268 282 1260 1044
1371427200 243 279 1215 1045
1371340800 247 280 1213 1047
1371254400 268 293 1253 3432
1371168000 390 377 1403 1202
1371081600 452 426 1450 1189
1370995200 449 424 1442 1189
1370908800 452 427 1446 1190
1370822400 426 422 1392 1188
1370736000 428 423 1393 1189
1370649600 454 428 1442 1556
1370563200 453 426 1438 1185
1370476800 453 425 1448 1187
1370390400 452 424 1448 1188
1370304000 449 426 1436 1189
1370217600 429 423 1391 1189
1370131200 428 423 1396 1188
1370044800 453 423 1437 1188
1369958400 404 374 1443 1189
1369872000 388 356 1380 1124
1369785600 385 357 1384 1122
1369699200 365 353 1331 1125
1369612800 361 354 1329 1123
1369526400 363 354 1333 1124
1369440000 382 356 1371 1125
1369353600 388 356 1337 1123
1369267200 390 356 1374 1123
1369180800 398 356 1332 1123
1369094400 391 356 1383 1124
1369008000 364 355 1224 1031
1368921600 364 355 1329 1123
1368835200 388 356 1378 1123
1368748800 388 356 1376 1125
1368662400 398 364 1426 1205
1368576000 392 358 1349 1120
1368489600 388 358 1380 1124
1368403200 363 355 1334 1124
1368316800 366 353 1331 1124
1368230400 391 356 1337 1124
1368144000 393 357 1378 1127
1368057600 394 356 1387 1125
1367971200 394 357 1385 1123
1367884800 446 420 1396 1143
1367798400 427 422 1394 1189
1367712000 432 422 1403 1190
1367625600 453 426 1293 1100
1367539200 458 426 1442 1189
1367452800 456 426 1392 1189
1367366400 455 425 1445 1189
1367280000 457 427 1441 1188
1367193600 437 423 1405 1187
1367107200 437 422 1397 1187
1367020800 459 424 1442 1190
1366934400 458 426 1442 1190
1366848000 460 424 1452 1191
1366761600 457 425 1445 1190
1366675200 452 424 1446 1189
1366588800 428 421 1398 1191
1366502400 431 421 1399 1191
1366416000 458 426 1451 1189
1366329600 458 425 1447 1189
1366243200 459 425 1453 1190
1366156800 458 425 1447 1191
1366070400 451 423 1440 1188
1365984000 430 421 1630 1384
1365897600 428 421 1627 1382
1365811200 457 424 1523 1294
1365724800 457 424 1651 1359
1365638400 460 426 1448 1193
1365552000 456 423 1453 1189
1365465600 451 425 1447 1190
1365379200 426 421 1394 1190
1365292800 429 423 1398 1192
1365206400 453 424 1444 1189
1365120000 453 424 1443 1188
1365033600 452 424 1450 1193
1364947200 456 423 1453 1189
1364860800 452 425 1439 1187
1364774400 428 422 1395 1189
1364688000 430 421 1402 1190
1364601600 455 425 1447 1189
1364515200 458 427 1447 1538
1364428800 457 425 1446 1190
1364342400 457 425 1442 1190
1364256000 454 428 1445 1190
1364169600 430 422 1398 1188
1364083200 439 422 1457 1191
1363996800 458 427 1448 1189
1363910400 460 427 1450 1190
1363824000 458 424 1450 1190
1363737600 457 426 1445 1188
1363651200 458 427 1448 1186
1363564800 432 421 1393 1185
1363478400 436 423 1462 1247
1363392000 459 426 1450 1188
1363305600 458 426 1443 1187
1363219200 458 424 1452 1187
1363132800 460 424 1450 1186
1363046400 456 425 1308 1107
1362960000 433 423 1399 1187
1362873600 437 423 1400 1186
1362787200 462 427 1443 1217
1362700800 458 425 1444 1188
1362614400 456 426 1437 1311
1362528000 459 426 1443 1222
1362441600 454 424 1399 1216
1362355200 431 422 1397 1348
1362268800 434 422 1404 1276
1362182400 407 369 1384 1245
1362096000 394 356 1213 1262
1362009600 391 355 1387 1293
1361923200 392 355 1381 1277
1361836800 387 356 1388 1312
1361750400 365 353 1160 1286
1361664000 369 355 1335 1280
1361577600 390 355 1264 1296
1361491200 395 356 1335 1287
1361404800 390 355 1335 1248
1361318400 392 356 1363 1257
1361232000 375 354 1145 1289
1361145600 372 353 1335 1300
1361059200 373 354 1333 1289
1360972800 393 358 1384 1840
1360886400 389 356 1387 1348
1360800000 393 356 1379 1339
1360713600 393 356 1386 1350
1360627200 386 354 1382 1338
1360540800 364 354 1330 1308
1360454400 365 354 1337 1306
1360368000 381 354 1367 1338
1360281600 395 355 1387 1356
1360195200 393 357 1388 1358
1360108800 389 355 1339 1356
1360022400 388 355 1389 1358
1359936000 365 353 1331 1310
1359849600 367 353 1333 1288
1359763200 395 355 1386 1350
1359676800 396 356 1378 1355
1359590400 395 355 1380 1348
1359504000 395 356 1392 1358
1359417600 391 355 1390 1341
1359331200 370 353 1332 1312
1359244800 368 353 1348 1302
1359158400 392 357 1382 1398
1359072000 393 355 1383 1348
1358985600 391 354 1386 1337
1358899200 387 354 1383 1348
1358812800 372 352 1334 1291
1358726400 366 355 1335 1305
1358640000 367 352 1331 1296
1358553600 392 354 1330 1338
1358467200 392 354 1382 1339
1358380800 393 354 1387 1338
1358294400 391 354 1387 1348
1358208000 388 353 1333 1349
1358121600 364 352 1331 1291
1358035200 365 352 1335 1289
1357948800 388 353 1385 1336
1357862400 389 352 1377 1316
1357776000 394 354 1387 1348
1357689600 393 354 1381 1354
1357603200 893 797 1794 1900
1357516800 975 882 1600 1819
1357430400 972 882 1608 1821
1357344000 995 885 1982 1882
1357257600 996 884 1909 1875
1357171200 993 885 1852 1872
1357084800 971 883 1944 1831
1356998400 990 885 1658 1866
1356912000 972 882 1838 1835
1356825600 974 888 1784 1833
1356739200 991 888 1942 1869
1356652800 995 889 1965 1864
1356566400 989 885 1979 1873
1356480000 969 885 1933 2242
1356393600 970 880 1857 1818
1356307200 968 880 1945 1812
1356220800 973 882 1937 1820
1356134400 992 884 1937 1867
1356048000 996 884 1991 1879
1355961600 993 882 1984 1858
1355875200 992 881 1992 1828
1355788800 989 881 1940 1852
1355702400 967 879 1930 1818
1355616000 978 880 1945 1809
1355529600 994 881 1763 1830
1355443200 994 883 1840 1857
1355356800 994 881 1995 1879
1355270400 994 882 1981 1824
1355184000 990 881 1978 1859
1355097600 969 878 1606 1806
1355011200 972 880 1919 1823
1354924800 993 883 1871 1853
1354838400 992 880 1979 1829
1354752000 994 882 1884 1855
1354665600 993 881 1914 1882
1354579200 991 883 1934 1846
1354492800 968 880 1708 1823
1354406400 979 879 1942 1818
1354320000 992 881 1984 1846
1354233600 993 882 1994 1842
1354147200 995 883 1987 1831
1354060800 993 882 1987 1818
1353974400 990 883 1941 1795
1353888000 4269 802 270606 6666
1353801600 674 632 1553 1525
1353715200 676 630 1668 1505
1353628800 676 632 1658 1500
1353542400 695 616 1702 1495
1353456000 693 609 1697 1416
1353369600 690 608 1697 1415
1353283200 671 606 1653 1414
1353196800 673 606 1661 1417
1353110400 700 644 1691 1764
1353024000 698 636 1696 1591
1352937600 701 639 1706 1596
1352851200 701 637 1704 1581
1352764800 699 638 1696 1587
1352678400 681 632 1683 1522
1352592000 680 633 1654 1559
1352505600 696 638 1698 1585
1352419200 694 625 1698 1573
1352332800 695 610 1708 1425
1352246400 695 611 1710 1418
1352160000 695 609 1704 1415
1352073600 678 607 1697 1417
1351987200 676 606 1668 1417
1351900800 690 609 1699 1416
1351814400 695 610 1710 1420
1351728000 695 610 1702 1414
1351641600 678 606 1693 1415
1351555200 670 607 1651 1412
1351468800 669 607 1653 1409
1351382400 671 607 1651 1408
1351296000 689 611 1700 1428
1351209600 694 611 1710 1425
1351123200 694 611 1689 1424
1351036800 697 611 1710 1422
1350950400 692 611 1692 1418
1350864000 671 606 1652 1409
1350777600 671 606 1658 1416
1350691200 695 612 1652 1411
1350604800 696 610 1714 1426
1350518400 697 610 1703 1420
1350432000 700 611 1661 1413
1350345600 695 611 1706 1429
1350259200 673 607 1537 1305
1350172800 674 605 1657 1411
1350086400 703 611 1692 1427
1350000000 698 612 1708 1428
1349913600 694 611 1698 1427
1349827200 696 613 1707 1422
1349740800 692 611 1690 1413
1349654400 678 609 1669 1416
1349568000 673 610 1665 1417
1349481600 705 629 1973 1946
1349395200 695 612 1705 1424
1349308800 694 612 1704 1416
1349222400 693 622 1704 3011
1349136000 692 610 1703 1425
1349049600 672 608 1662 1418
1348963200 678 607 1654 1414
1348876800 698 611 1708 1418
1348790400 697 611 1709 1433
1348704000 699 611 1709 1419
1348617600 701 612 1705 1423
1348531200 696 634 1700 3723
1348444800 671 608 1657 1413
1348358400 671 609 1652 1411
1348272000 693 608 1698 1413
1348185600 699 612 1710 1427
1348099200 698 613 1714 1425
1348012800 697 610 1691 1415
1347926400 692 611 1693 1412
1347840000 673 608 1659 1412
1347753600 675 608 1676 1418
1347667200 695 610 1701 1418
1347580800 693 610 1707 1416
1347494400 698 611 1667 1419
1347408000 699 611 1663 1417
1347321600 694 612 1710 1423
1347235200 672 608 1659 1416
1347148800 677 607 1669 1413
1347062400 694 612 1706 1416
1346976000 697 613 1712 1428
1346889600 696 612 1706 1416
1346803200 697 613 1663 1420
1346716800 675 607 1661 1415
1346630400 673 607 1657 1414
1346544000 674 609 1663 1414
1346457600 691 610 1703 1422
1346371200 698 611 1709 1419
1346284800 698 612 1703 1420
1346198400 696 610 1712 1415
1346112000 693 609 1706 1420
1346025600 677 607 1656 1415
1345939200 678 608 1666 1412
1345852800 699 614 1699 1411
1345766400 698 609 1701 1411
1345680000 702 624 1702 4363
1345593600 700 610 1655 1414
1345507200 695 609 1716 1419
1345420800 671 604 1275 1247
1345334400 674 605 1652 1410
1345248000 691 607 1700 1418
1345161600 692 609 1649 1404
1345075200 695 609 1695 1416
1344988800 696 609 1482 1240
1344902400 690 609 1364 1250
1344816000 671 605 1474 1257
1344729600 673 606 1670 1415
1344643200 695 620 1656 2559
1344556800 694 610 1648 1369
1344470400 695 611 1703 1738
1344384000 696 609 1661 1416
1344297600 692 609 1704 1414
1344211200 671 605 1372 1246
1344124800 674 606 1647 1408
1344038400 696 609 1365 1259
1343952000 697 610 1700 1414
1343865600 699 611 1331 1249
1343779200 696 610 1698 1412
1343692800 691 609 1362 1254
1343606400 672 604 1652 1410
1343520000 672 606 1370 1244
1343433600 694 611 1701 1450
1343347200 698 611 1649 1404
1343260800 699 611 1706 1415
1343174400 700 613 1702 1424
1343088000 694 613 1706 1419
1343001600 673 607 1654 1408
1342915200 673 606 1664 1412
1342828800 702 610 1700 1409
1342742400 695 614 1661 1416
1342656000 699 623 1692 2560
1342569600 697 612 1704 1419
1342483200 694 613 1700 1686
1342396800 673 606 1653 1410
1342310400 672 606 1658 1409
1342224000 695 611 1700 1416
1342137600 698 615 1707 1417
1342051200 700 612 1688 1396
1341964800 697 613 1681 1400
1341878400 697 611 1657 1410
1341792000 671 606 1612 1383
1341705600 673 606 1571 1341
1341619200 690 610 1653 1409
1341532800 693 612 1706 1430
1341446400 674 607 1570 1333
1341360000 695 610 1681 1417
1341273600 694 612 1647 1405
1341187200 673 605 1293 1232
1341100800 676 608 1646 1405
1341014400 336 310 1709 1418
1340928000 205 214 924 1152
1340841600 208 224 820 3349
1340755200 208 206 897 867
1340668800 201 201 890 867
1340582400 180 197 1170 1005
1340496000 179 197 1176 1016
1340409600 201 200 823 865
1340323200 206 200 1086 921
1340236800 202 201 1218 1015
1340150400 203 202 1153 983
1340064000 200 208 896 896
1339977600 180 204 1170 1005
1339891200 183 194 917 823
1339804800 204 200 1218 1011
1339718400 203 200 1222 1016
1339632000 205 203 1014 852
1339545600 206 212 1228 2674
1339459200 198 198 1165 1008
1339372800 177 193 1175 1004
1339286400 207 192 1586 1235
1339200000 198 186 1100 905
1339113600 201 186 1212 997
1339027200 206 185 1207 994
1338940800 201 186 1210 996
1338854400 229 186 1206 990
1338768000 126 108 1214 993
1338681600 225 187 1217 1000
1338595200 254 192 1264 1000
1338508800 246 201 1589 4451
1338422400 249 188 1530 1651
1338336000 244 189 1564 1614
1338249600 224 186 1589 1704
1338163200 225 187 1525 1699
1338076800 226 186 1598 1708
1337990400 241 187 1537 1689
1337904000 246 187 1572 1655
1337817600 243 185 1537 1665
1337731200 248 192 1569 1638
1337644800 237 186 1256 1000
1337558400 218 186 1203 996
1337472000 218 186 1206 997
1337385600 238 187 1254 999
1337299200 238 187 1239 999
1337212800 242 187 1245 998
1337126400 240 186 1242 1000
1337040000 241 195 1238 1536
1336953600 217 186 1212 1003
1336867200 220 187 1207 1001
1336780800 245 187 1244 1000
1336694400 251 188 1266 1003
1336608000 248 186 1260 1001
1336521600 250 186 1236 1004
1336435200 250 186 1250 997
1336348800 230 188 1223 1001
1336262400 230 186 1215 996
1336176000 246 190 1247 998
1336089600 245 184 1244 996
1336003200 243 182 1259 1002
1335916800 219 185 1184 1094
1335830400 197 192 1182 1023
1335744000 194 187 1185 1001
1335657600 195 186 1186 1001
1335571200 194 187 1188 1002
1335484800 195 187 1182 997
1335398400 195 188 1188 1001
1335312000 194 186 1511 1653
1335225600 197 188 1537 1685
1335139200 196 190 1461 1553
1335052800 199 188 1469 1566
1334966400 123 163 1190 3513
1334880000 89 127 427 787
1334793600 89 127 418 781
1334707200 89 125 425 766
1334620800 89 128 431 783
1334534400 88 125 420 765
1334448000 87 125 415 771
1334361600 89 126 423 773
1334275200 103 147 678 2533
1334188800 89 126 427 803
1334102400 88 126 480 885
1334016000 91 139 451 3437
1333929600 89 128 445 939
1333843200 124 127 508 975
1333756800 88 127 461 985
1333670400 88 128 497 1023
1333584000 88 128 465 1011
1333497600 89 128 442 1024
1333411200 90 126 472 1037
1333324800 90 127 455 1009
1333238400 91 128 475 1032
1333152000 89 128 445 1040
1333065600 90 128 475 1014
1332979200 90 128 504 1043
1332892800 90 128 437 967
1332806400 90 128 646 1226
1332720000 88 126 454 979
1332633600 90 126 440 1013
1332547200 88 126 452 976
1332460800 89 129 461 1002
1332374400 90 129 465 1026
1332288000 90 127 459 1027
1332201600 88 125 450 993
1332115200 90 127 475 1029
1332028800 89 128 613 1308
1331942400 90 127 511 1054
1331856000 90 125 458 999
1331769600 89 127 449 1022
1331683200 89 127 492 1037
1331596800 89 127 452 1014
1331510400 89 127 495 1018
1331424000 90 126 457 977
1331337600 89 127 475 1040
1331251200 88 128 417 1006
1331164800 88 125 429 975
1331078400 89 126 450 968
1330992000 88 128 454 1030
1330905600 91 126 470 1029
1330819200 89 126 465 1037
1330732800 90 128 443 991
1330646400 89 128 461 1005
1330560000 89 127 435 979
1330473600 93 131 572 1039
1330387200 87 124 418 1051
1330300800 88 125 431 951
1330214400 89 127 457 1019
1330128000 89 125 475 1048
1330041600 90 129 499 1043
1329955200 89 126 470 998
1329868800 89 129 550 1309
1329782400 89 125 454 1016
1329696000 90 126 465 972
1329609600 88 127 430 1027
1329523200 90 126 456 1025
1329436800 90 127 446 994
1329350400 88 128 449 1027
1329264000 89 128 460 991
1329177600 89 127 443 1050
1329091200 90 125 471 997
1329004800 89 126 462 995
1328918400 89 127 491 1024
1328832000 91 129 542 1128
1328745600 91 138 495 3629
1328659200 90 128 439 1074
1328572800 90 129 489 1030
1328486400 90 124 438 977
1328400000 91 127 504 1048
1328313600 92 127 450 1042
1328227200 90 128 494 1040
1328140800 91 128 497 1040
1328054400 90 126 476 1052
1327968000 88 125 487 1036
1327881600 87 125 444 942
1327795200 89 124 453 992
1327708800 88 126 445 962
1327622400 90 127 477 995
1327536000 88 128 454 1016
1327449600 87 125 439 1005
1327363200 88 124 451 953
1327276800 87 122 465 1025
1327190400 88 123 432 904
1327104000 87 124 458 982
1327017600 88 123 426 971
1326931200 87 124 485 1022
1326844800 87 123 461 991
1326758400 86 124 447 1017
1326672000 87 122 465 1001
1326585600 89 124 445 982
1326499200 87 124 425 936
1326412800 89 125 455 982
1326326400 88 124 458 975
1326240000 87 124 435 936
1326153600 88 124 449 994
1326067200 88 124 456 968
1325980800 90 124 485 950
1325894400 88 127 440 987
1325808000 89 126 437 1037
1325721600 90 126 456 974
1325635200 89 125 478 1006
1325548800 88 124 467 1012
1325462400 89 124 462 1008
1325376000 88 125 457 1031
1325289600 90 125 452 997
1325203200 91 126 466 957
1325116800 89 127 484 1019
1325030400 90 125 450 1025
1324944000 79 116 1526 3185
1324857600 92 126 459 923
1324771200 88 125 438 899
1324684800 90 126 471 956
1324598400 93 124 440 930
1324512000 89 122 431 764
1324425600 94 123 434 761
1324339200 92 124 510 791
1324252800 87 121 439 784
1324166400 87 122 432 773
1324080000 90 123 423 800
1323993600 88 121 449 784
1323907200 88 122 441 765
1323820800 87 122 435 772
1323734400 86 121 417 771
1323648000 88 122 447 772
1323561600 88 120 437 786
1323475200 89 123 428 783
1323388800 87 121 426 774
1323302400 88 121 437 776
1323216000 88 121 427 769
1323129600 87 121 430 769
1323043200 87 121 417 766
1322956800 87 121 432 747
1322870400 87 121 434 770
1322784000 89 122 444 773
1322697600 89 121 446 760
1322611200 88 123 435 776
1322524800 92 124 448 782
1322438400 87 121 419 749
1322352000 89 122 439 780
1322265600 88 119 441 761
1322179200 88 121 413 759
1322092800 88 121 422 761
1322006400 87 122 435 779
1321920000 88 121 421 774
1321833600 88 121 438 773
1321747200 87 121 425 755
1321660800 88 122 439 777
1321574400 90 123 605 1150
1321488000 88 124 435 784
1321401600 147 232 439 776
1321315200 149 241 426 788
1321228800 148 238 422 765
1321142400 148 237 406 762
1321056000 154 262 595 4020
1320969600 101 149 589 1191
1320883200 76 111 379 3398
1320796800 73 98 362 625
1320710400 87 113 4321 3636
1320624000 74 98 356 628
1320537600 73 97 349 619
1320451200 74 99 363 630
1320364800 18 24 1942 2148
1320278400 0 0 0 0
1320192000 0 0 0 0
1320105600 0 0 0 0
1320019200 0 0 0 0
1319932800 0 0 0 0
1319846400 0 0 0 0
1319760000 0 0 0 0
1319673600 0 0 0 0
1319587200 0 0 0 0
1319500800 0 0 0 0
1319414400 0 0 0 0
1319328000 0 0 0 0
1319241600 0 0 0 0
1319155200 0 0 0 0
1319068800 0 0 0 0
1318982400 0 0 0 0
1318896000 0 0 0 0
1318809600 0 0 0 0
1318723200 0 0 0 0
1318636800 0 0 0 0
1318550400 0 0 0 0
1318464000 0 0 0 0
1318377600 0 0 0 0
1318291200 0 0 0 0
1318204800 0 0 0 0
1318118400 0 0 0 0
1318032000 0 0 0 0
1317945600 0 0 0 0
1317859200 0 0 0 0
1317772800 0 0 0 0
1317686400 0 0 0 0
1317600000 0 0 0 0
1317513600 0 0 0 0
1317427200 0 0 0 0
1317340800 0 0 0 0
1317254400 0 0 0 0
1317168000 0 0 0 0
1317081600 0 0 0 0
1316995200 0 0 0 0
1316908800 0 0 0 0
1316822400 0 0 0 0
1316736000 0 0 0 0
1316649600 0 0 0 0
1316563200 0 0 0 0
1316476800 0 0 0 0
1316390400 0 0 0 0
1316304000 0 0 0 0
1316217600 0 0 0 0
1316131200 0 0 0 0
1316044800 0 0 0 0
1315958400 0 0 0 0
1315872000 0 0 0 0
1315785600 0 0 0 0
1315699200 0 0 0 0
1315612800 0 0 0 0
1315526400 0 0 0 0
1315440000 0 0 0 0
1315353600 0 0 0 0
1315267200 0 0 0 0
1315180800 0 0 0 0
1315094400 0 0 0 0
1315008000 0 0 0 0
1314921600 0 0 0 0
1314835200 0 0 0 0
1314748800 0 0 0 0
1314662400 0 0 0 0
1314576000 0 0 0 0
1314489600 0 0 0 0
1314403200 0 0 0 0
1314316800 0 0 0 0
1314230400 0 0 0 0
1314144000 0 0 0 0
1314057600 0 0 0 0
1313971200 0 0 0 0
1313884800 0 0 0 0
1313798400 0 0 0 0
1313712000 0 0 0 0
1313625600 0 0 0 0
1313539200 0 0 0 0
1313452800 0 0 0 0
1313366400 0 0 0 0
1313280000 0 0 0 0
1313193600 0 0 0 0
1313107200 0 0 0 0
1313020800 0 0 0 0
1312934400 0 0 0 0
1312848000 0 0 0 0
1312761600 0 0 0 0
1312675200 0 0 0 0
1312588800 0 0 0 0
1312502400 0 0 0 0
1312416000 0 0 0 0
1312329600 0 0 0 0
1312243200 0 0 0 0
1312156800 0 0 0 0
1312070400 0 0 0 0
1311984000 0 0 0 0
1311897600 0 0 0 0
1311811200 0 0 0 0
1311724800 0 0 0 0
1311638400 0 0 0 0
1311552000 0 0 0 0
1311465600 0 0 0 0
1311379200 0 0 0 0
1311292800 0 0 0 0
1311206400 0 0 0 0
1311120000 0 0 0 0
1311033600 0 0 0 0
1310947200 0 0 0 0
1310860800 0 0 0 0
1310774400 0 0 0 0
1310688000 0 0 0 0
1310601600 0 0 0 0
1310515200 0 0 0 0
1310428800 0 0 0 0
1310342400 0 0 0 0
1310256000 0 0 0 0
1310169600 0 0 0 0
1310083200 0 0 0 0
1309996800 0 0 0 0
1309910400 0 0 0 0
1309824000 0 0 0 0
1309737600 0 0 0 0
1309651200 0 0 0 0
1309564800 0 0 0 0
1309478400 0 0 0 0
1309392000 0 0 0 0
1309305600 0 0 0 0
1309219200 0 0 0 0
1309132800 0 0 0 0
1309046400 0 0 0 0
