1377805802 608719241 2116167581
1377805802 1092 3278 1092 3278
1377805503 3722 9202 3722 9202
1377805500 3708 9233 3722 13954
1377805200 1721 13875 1727 13954
1377804900 832 2246 835 2253
1377804600 426 1276 439 1316
1377804300 440 1317 610 1508
1377804000 611 1529 875 4749
1377803700 885 4892 1899 19146
1377803400 1893 19044 1899 19146
1377803100 1105 3924 1407 4854
1377802800 1403 4837 1407 4854
1377802500 851 2470 1180 13598
1377802200 1180 13552 1319 13598
1377801900 1324 6761 2192 16188
1377801600 2202 16136 3813 16188
1377801300 3812 8615 3813 32694
1377801000 3680 32670 3696 32694
1377800700 1389 28977 1395 29162
1377800400 607 1533 608 1534
1377800100 531 1633 1950 24736
1377799800 1987 24768 7624 29594
1377799500 7624 29853 7630 68445
1377799200 7601 68075 7630 68445
1377798900 3269 12998 3282 13047
1377798600 1348 5721 2310 7152
1377798300 2311 7204 2477 14965
1377798000 2463 14874 2477 14965
1377797700 406 1380 407 1382
1377797400 405 1166 406 1167
1377797100 364 1155 503 1343
1377796800 502 1342 503 1343
1377796500 400 1299 957 10830
1377796200 953 10767 957 10830
1377795900 417 1420 1849 7306
1377795600 1839 7265 1849 7306
1377795300 400 1189 505 1316
1377795000 505 1315 539 1316
1377794700 541 1322 928 10624
1377794400 925 10563 928 10624
1377794100 493 1605 494 1609
1377793800 388 1140 531 1947
1377793500 531 1942 611 1947
1377793200 611 1332 708 3602
1377792900 717 3676 2090 14745
1377792600 2083 14660 2090 14745
1377792300 1065 2100 1068 2105
1377792000 753 1415 794 1658
1377791700 826 1837 5681 28601
1377791400 5652 28447 5681 28601
1377791100 1483 5596 2367 16561
1377790800 2361 16479 2367 16561
1377790500 1551 4335 2471 10525
1377790200 2471 10526 2616 10750
1377789900 2609 10700 2616 10750
1377789600 1618 3391 1621 9628
1377789300 1189 9664 1921 15077
1377789000 1952 15840 6598 129630
1377788700 6597 129661 6598 134422
1377788400 6556 134618 7262 163957
1377788100 7263 163940 7507 163957
1377787800 7497 161216 7507 161484
1377787500 6564 134839 7257 147211
1377787200 7247 147088 7257 147211
1377786900 6315 135002 6316 135008
1377786600 6257 134202 6264 135270
1377786300 6270 135328 7313 144076
1377786000 7313 144058 7399 144076
1377785700 7398 141449 7399 149423
1377785400 7289 149335 7294 149423
1377785100 6670 136267 6671 137906
1377784800 6530 137938 6882 141205
1377784500 6880 141230 6882 143774
1377784200 6776 143716 6779 143774
1377783900 6397 135481 8506 175220
1377783600 8500 175033 8506 175220
1377783300 7691 147205 7693 147280
1377783000 7430 136173 7795 139819
1377782700 7793 139777 7795 139819
1377782400 7550 134320 12193 235392
1377782100 12140 234040 12193 235392
1377781800 4295 32513 4307 32669
1377781500 2524 9327 2540 9385
1377781200 188 821 217 931
1377780900 216 929 217 931
1377780600 193 742 219 822
1377780300 218 821 219 822
1377780000 193 805 208 806
1377779700 208 676 221 697
1377779400 220 697 221 701
1377779100 195 700 195 701
1377778800 195 686 220 824
1377778500 219 822 220 824
1377778200 193 655 239 724
1377777900 238 722 239 724
1377777600 142 548 147 589
1377777300 146 588 147 589
1377777000 142 553 144 571
1377776700 144 570 145 571
1377776400 144 569 145 589
1377776100 143 589 170 594
1377775800 169 593 170 594
1377775500 147 574 148 574
1377775200 143 573 143 574
1377774900 142 548 143 549
1377774600 141 548 142 572
1377774300 140 572 156 580
1377774000 155 579 156 580
1377773700 142 552 143 568
1377773400 142 568 144 627
1377773100 143 626 144 627
1377772800 142 557 143 559
1377772500 143 559 154 578
1377772200 153 577 154 578
1377771900 143 555 144 592
1377771600 143 591 144 592
1377771300 140 580 142 581
1377771000 142 564 149 599
1377770700 149 598 159 599
1377770400 158 580 159 581
1377770100 143 570 144 571
1377769800 142 538 143 563
1377769500 142 562 143 563
1377769200 142 554 144 555
1377768900 144 553 157 596
1377768600 156 595 157 596
1377768300 144 581 145 582
1377768000 136 534 142 539
1377767700 142 541 151 910
1377767400 150 928 151 3677
1377767100 144 3660 159 3677
1377766800 158 1163 159 1167
1377766500 142 569 143 873
1377766200 142 870 143 873
1377765900 143 556 143 557
1377765600 143 549 143 612
1377765300 143 613 168 764
1377765000 167 762 168 764
1377764700 138 611 144 612
1377764400 144 607 145 612
1377764100 144 612 145 616
1377763800 144 615 145 616
1377763500 145 583 155 584
1377763200 154 574 155 579
1377762900 142 578 143 579
1377762600 142 553 144 581
1377762300 143 580 144 581
1377762000 142 559 172 683
1377761700 171 682 172 683
1377761400 143 557 203 896
1377761100 202 893 203 896
1377760800 147 576 148 577
1377760500 142 541 143 549
1377760200 142 549 144 591
1377759900 144 590 154 591
1377759600 153 565 154 584
1377759300 142 583 143 584
1377759000 142 561 144 562
1377758700 143 548 144 549
1377758400 141 538 142 559
1377758100 138 559 159 573
1377757800 158 572 159 573
1377757500 142 559 143 563
1377757200 143 563 143 564
1377756900 143 563 143 564
1377756600 143 541 145 567
1377756300 145 567 164 604
1377756000 163 603 164 604
1377755700 143 560 144 561
1377755400 142 560 143 582
1377755100 142 581 143 582
1377754800 141 552 142 587
1377754500 136 587 158 610
1377754200 157 609 158 610
1377753900 142 587 144 588
1377753600 144 548 144 566
1377753300 143 565 144 566
1377753000 143 554 143 563
1377752700 143 562 143 563
1377752400 143 530 161 668
1377752100 160 667 161 668
1377751800 141 534 142 555
1377751500 139 555 140 568
1377751200 140 568 148 570
1377750900 148 570 148 633
1377750600 148 633 161 669
1377750300 160 669 161 682
1377750000 146 682 184 733
1377749700 184 760 257 4861
1377749400 256 4832 257 4861
1377749100 147 586 148 587
1377748800 143 548 167 597
1377748500 166 596 167 597
1377748200 141 567 142 568
1377747900 136 562 143 564
1377747600 143 565 147 827
1377747300 147 827 158 873
1377747000 158 871 164 873
1377746700 164 600 190 3147
1377746400 189 3130 190 3147
1377746100 146 643 147 644
1377745800 136 548 143 582
1377745500 142 581 143 582
1377745200 142 548 161 613
1377744900 160 612 161 613
1377744600 142 555 143 562
1377744300 142 561 143 562
1377744000 142 560 150 592
1377743700 149 591 150 592
1377743400 143 545 160 654
1377743100 159 653 160 654
1377742800 142 560 143 561
1377742500 136 561 142 564
1377742200 142 564 144 605
1377741900 144 605 217 649
1377741600 216 649 217 690
1377741300 211 689 212 690
1377741000 193 637 219 671
1377740700 218 670 219 671
1377740400 196 638 197 668
1377740100 193 668 220 690
1377739800 219 689 220 690
1377739500 212 680 217 721
1377739200 216 720 217 721
1377738900 193 656 193 657
1377738600 193 627 222 688
1377738300 221 687 222 688
1377738000 195 646 212 668
1377737700 212 668 218 671
1377737400 217 670 218 671
1377737100 194 654 219 677
1377736800 218 676 219 677
1377736500 198 670 199 705
1377736200 196 705 229 806
1377735900 228 805 229 806
1377735600 195 668 203 721
1377735300 203 720 219 721
1377735000 218 711 219 712
1377734700 198 673 199 674
1377734400 192 640 237 773
1377734100 236 772 237 773
1377733800 193 633 219 676
1377733500 218 675 219 676
1377733200 192 661 193 740
1377732900 189 739 216 740
1377732600 215 723 216 724
1377732300 193 704 211 768
1377732000 211 768 222 779
1377731700 221 778 222 779
1377731400 201 711 219 781
1377731100 218 780 219 781
1377730800 193 705 201 721
1377730500 201 721 239 827
1377730200 238 826 239 827
1377729900 195 706 196 827
1377729600 192 826 212 827
1377729300 211 759 212 760
1377729000 194 731 219 765
1377728700 218 765 219 808
1377728400 211 807 212 808
1377728100 194 767 218 875
1377727800 217 874 218 875
1377727500 211 913 1438 5764
1377727200 1472 5773 6651 7190
1377726900 6621 7161 6651 7190
1377726600 2298 3584 3216 96973
1377726300 3214 96811 3216 96973
1377726000 3011 73979 6965 257693
1377725700 6935 256101 6965 257693
1377725400 2474 18899 3175 18948
1377725100 3170 11574 3175 11616
1377724800 2464 5474 5567 18222
1377724500 5583 18171 8034 18222
1377724200 7983 10523 8034 10586
1377723900 482 1174 509 1175
1377723600 518 1093 1991 3094
1377723300 1987 3095 1991 3279
1377723000 1526 3462 6014 30774
1377722700 6036 30697 9323 30774
1377722400 9314 19246 9323 22229
1377722100 8060 22210 8062 22229
1377721800 7794 19315 7823 19434
1377721500 3520 1694 6094 17121
1377721200 6089 17170 6094 24618
1377720900 5470 24567 5490 24618
1377720600 2495 16874 2509 16978
1377720300 441 1480 442 1482
1377720000 427 1198 753 2936
1377719700 756 2967 1272 7712
1377719400 1275 7808 1728 22231
1377719100 1719 22091 1728 22231
1377718800 400 1294 417 1295
1377718500 416 1232 417 1304
1377718200 376 1303 415 1304
1377717900 417 1263 808 8440
1377717600 813 8476 1695 13901
1377717300 1686 13815 1695 13901
1377717000 406 1085 539 1298
1377716700 539 1300 649 1601
1377716400 652 1616 1101 3892
1377716100 1099 3887 1101 3892
1377715800 839 3721 3233 81039
1377715500 3275 82659 9668 324157
1377715200 9607 322014 9668 324157
1377714900 595 2793 596 2804
1377714600 520 2690 6499 226838
1377714300 6467 225440 6499 226838
1377714000 1818 17094 3483 17158
1377713700 3460 7577 3483 7623
1377713400 174 810 186 826
1377713100 185 825 186 826
1377712800 156 744 205 878
1377712500 204 877 205 878
1377712200 161 757 162 765
1377711900 162 765 187 774
1377711600 186 774 187 802
1377711300 161 801 163 802
1377711000 163 736 198 820
1377710700 197 819 198 820
1377710400 162 763 186 789
1377710100 185 789 186 844
1377709800 160 843 161 844
1377709500 156 758 187 813
1377709200 186 813 187 816
1377708900 178 815 179 816
1377708600 162 771 187 801
1377708300 202 1140 2563 51722
1377708000 2602 52554 6484 135009
1377707700 6482 135003 6484 135009
1377707400 6221 134302 7470 142290
1377707100 7467 142332 7470 146498
1377706800 7304 146919 18492 209764
1377706500 18409 209271 18492 209764
1377706200 6093 136001 7977 160177
1377705900 7966 160024 7977 160177
1377705600 6365 137384 8291 141678
1377705300 8288 141724 8291 148580
1377705000 7852 148603 8441 152160
1377704700 8442 152160 8697 152160
1377704400 8679 152064 8697 152160
1377704100 6033 137858 7185 152460
1377703800 7205 152589 10208 171927
1377703500 10179 171688 10208 171927
1377703200 5982 136187 6663 144965
1377702900 6661 144939 6663 144965
1377702600 6502 141172 7362 142602
1377702300 7354 142571 7362 142602
1377702000 6294 138085 6298 138098
1377701700 5831 136146 6054 136151
1377701400 6066 135553 7924 150806
1377701100 7912 150741 7924 150806
1377700800 6142 141075 7871 142643
1377700500 7849 141947 7871 142643
1377700200 4636 38150 4660 38281
1377699900 1184 18631 1186 18695
1377699600 1032 9300 1799 20856
1377699300 1791 20733 1799 20856
1377699000 713 2471 1022 3719
1377698700 1019 3705 1022 3719
1377698400 617 1726 618 1729
1377698100 517 1730 804 1987
1377697800 825 2811 4045 125736
1377697500 4040 125342 4045 125736
1377697200 3396 67169 8310 133867
1377696900 8329 133856 11273 133867
1377696600 11262 132394 11273 144578
1377696300 9570 143561 9626 144578
1377696000 4051 42617 4073 42944
1377695700 1908 10259 1920 10322
1377695400 162 975 163 976
1377695100 144 835 145 836
1377694800 131 787 176 927
1377694500 175 926 176 927
1377694200 129 834 157 867
1377693900 156 867 157 922
1377693600 129 920 130 922
1377693300 130 742 158 744
1377693000 157 744 158 846
1377692700 147 844 148 846
1377692400 132 692 155 720
1377692100 154 719 155 720
1377691800 130 662 153 709
1377691500 152 708 153 709
1377691200 85 581 96 639
1377690900 95 638 96 639
1377690600 78 577 79 600
1377690300 78 599 79 600
1377690000 75 591 78 613
1377689700 78 612 80 613
1377689400 80 584 89 599
1377689100 88 598 89 599
1377688800 78 584 79 585
1377688500 76 578 77 579
1377688200 72 568 79 606
1377687900 79 605 79 606
1377687600 79 567 116 650
1377687300 115 649 116 650
1377687000 91 629 92 630
1377686700 79 600 79 601
1377686400 78 586 79 594
1377686100 77 594 78 603
1377685800 75 603 87 661
1377685500 86 660 87 661
1377685200 79 635 80 636
1377684900 78 587 79 601
1377684600 78 600 84 601
1377684300 83 584 84 585
1377684000 79 570 101 673
1377683700 100 672 101 673
1377683400 78 538 79 542
1377683100 78 542 79 547
1377682800 77 546 78 547
1377682500 76 544 77 548
1377682200 73 548 97 657
1377681900 96 656 97 657
1377681600 78 586 79 587
1377681300 78 586 78 587
1377681000 78 563 79 564
1377680700 78 559 79 560
1377680400 78 555 95 586
1377680100 94 585 95 586
1377679800 78 564 79 565
1377679500 78 552 79 556
1377679200 77 555 78 556
1377678900 72 545 82 622
1377678600 82 622 99 662
1377678300 98 661 99 662
1377678000 80 647 81 648
1377677700 80 620 88 655
1377677400 87 654 88 655
1377677100 78 555 79 561
1377676800 78 561 90 565
1377676500 89 565 90 573
1377676200 78 572 78 573
1377675900 77 567 78 568
1377675600 72 542 78 559
1377675300 78 559 79 577
1377675000 79 577 90 598
1377674700 89 598 90 608
1377674400 79 607 80 608
1377674100 78 578 82 600
1377673800 81 599 82 600
1377673500 78 581 89 582
1377673200 89 561 109 897
1377672900 109 894 113 897
1377672600 112 594 113 595
1377672300 80 575 81 576
1377672000 79 553 81 554
1377671700 80 543 81 554
1377671400 79 554 96 616
1377671100 95 615 96 616
1377670800 73 563 80 564
1377670500 79 553 80 583
1377670200 78 582 79 583
1377669900 79 556 79 572
1377669600 79 571 93 572
1377669300 92 568 93 612
1377669000 78 611 79 612
1377668700 79 586 81 587
1377668400 80 577 81 616
1377668100 78 615 79 616
1377667800 79 566 89 596
1377667500 88 595 89 596
1377667200 78 579 79 580
1377666900 78 565 78 578
1377666600 78 578 79 581
1377666300 79 580 79 581
1377666000 79 556 90 557
1377665700 89 557 90 577
1377665400 78 577 79 579
1377665100 79 578 79 579
1377664800 78 574 79 575
1377664500 77 575 78 636
1377664200 77 635 97 636
1377663900 96 611 97 650
1377663600 80 649 81 650
1377663300 80 583 80 614
1377663000 80 613 84 614
1377662700 84 552 100 618
1377662400 99 617 100 618
1377662100 78 584 79 585
1377661800 78 551 79 552
1377661500 78 550 79 551
1377661200 77 540 78 551
1377660900 71 551 94 584
1377660600 93 583 94 584
1377660300 77 570 78 571
1377660000 76 559 78 560
1377659700 78 548 87 571
1377659400 86 571 87 573
1377659100 82 573 101 594
1377658800 100 593 101 594
1377658500 90 557 99 2131
1377658200 99 2121 133 2131
1377657900 132 636 133 637
1377657600 97 566 98 567
1377657300 78 549 94 608
1377657000 93 607 94 608
1377656700 78 543 79 575
1377656400 78 574 79 575
1377656100 77 548 78 553
1377655800 72 553 79 572
1377655500 79 573 172 725
1377655200 171 724 172 725
1377654900 129 607 149 670
1377654600 148 669 149 670
1377654300 134 617 135 625
1377654000 132 625 155 656
1377653700 154 656 155 689
1377653400 146 688 147 689
1377653100 129 638 164 696
1377652800 163 695 164 696
1377652500 122 620 133 658
1377652200 133 658 158 706
1377651900 157 706 158 711
1377651600 148 710 155 711
1377651300 154 675 155 676
1377651000 129 623 129 624
1377650700 129 619 155 679
1377650400 154 678 155 679
1377650100 130 634 149 725
1377649800 149 725 157 739
1377649500 156 738 157 739
1377649200 125 670 155 744
1377648900 154 743 155 744
1377648600 130 656 130 684
1377648300 130 684 174 724
1377648000 173 723 174 724
1377647700 129 669 130 670
1377647400 129 662 154 742
1377647100 153 741 154 742
1377646800 129 681 155 695
1377646500 154 694 155 695
1377646200 145 686 146 687
1377645900 122 650 156 707
1377645600 155 706 156 707
1377645300 129 666 129 815
1377645000 129 813 155 815
1377644700 154 635 155 647
1377644400 149 646 150 647
1377644100 148 645 149 680
1377643800 134 679 135 680
1377643500 132 668 166 711
1377643200 165 710 166 711
1377642900 135 696 141 748
1377642600 141 747 155 748
1377642300 154 733 155 734
1377642000 130 728 153 731
1377641700 152 730 153 731
1377641400 143 658 144 698
1377641100 140 764 962 10640
1377640800 975 11369 3029 120090
1377640500 3029 120002 3106 120090
1377640200 3099 106768 3106 107011
1377639900 2088 70590 2089 70741
1377639600 2005 70689 2243 70741
1377639300 2240 65399 2243 65554
1377639000 1933 42131 1940 42398
1377638700 919 2468 1799 6070
1377638400 1797 6065 1799 6070
1377638100 1650 5382 3564 10487
1377637800 3558 10530 3564 17050
1377637500 2801 16948 2813 17050
1377637200 1699 6865 1703 6878
1377636900 1237 4962 1240 4979
1377636600 922 2514 924 2515
1377636300 667 2434 1325 8540
1377636000 1326 8568 1487 12859
1377635700 1483 12797 1487 12859
1377635400 992 3618 993 3623
1377635100 974 2947 1343 9031
1377634800 1339 8987 1343 9031
1377634500 821 2487 826 2499
1377634200 405 1448 1309 12289
1377633900 1305 12228 1309 12289
1377633600 755 3195 756 3202
1377633300 693 2409 696 24840
1377633000 355 24866 602 28818
1377632700 601 28636 602 28818
1377632400 540 1693 1245 12026
1377632100 1247 12025 1653 12026
1377631800 1645 11850 1653 11922
1377631500 497 1263 635 2203
1377631200 635 2206 723 2711
1377630900 723 2731 820 5790
1377630600 821 5803 1073 7834
1377630300 1072 7823 1073 7834
1377630000 1034 6175 1039 6209
1377629700 416 1197 533 1974
1377629400 533 1970 659 1974
1377629100 660 1485 927 4747
1377628800 947 5302 2956 60296
1377628500 2989 61063 6284 137054
1377628200 6294 137139 7803 149938
1377627900 7789 149799 7803 149938
1377627600 5738 129210 5739 129212
1377627300 5717 128916 5717 128921
1377627000 5718 128271 5978 129240
1377626700 5981 129280 6496 135332
1377626400 6490 135278 6496 135332
1377626100 5635 127356 5636 127373
1377625800 5659 124851 6443 135192
1377624600 5971 128835 6443 138481
1377622800 6063 130975 7001 139400
1377621000 6671 132364 7904 145294
1377619200 6558 133783 7756 188325
1377617400 7582 180833 8845 239403
1377615600 7697 147496 9964 184747
1377613800 7470 142881 9964 168524
1377612000 10867 182807 21258 260540
1377610200 6105 117234 10809 210000
1377608400 409 3077 1946 15160
1377606600 115 660 131 828
1377604800 49 516 68 562
1377603000 49 520 64 567
1377601200 48 511 66 777
1377599400 68 719 123 1513
1377597600 48 503 66 540
1377595800 54 514 67 535
1377594000 52 497 65 520
1377592200 59 541 81 660
1377590400 54 502 71 569
1377588600 55 523 62 586
1377586800 56 504 71 531
1377585000 59 520 73 547
1377583200 54 516 74 590
1377581400 54 514 74 579
1377579600 56 510 73 547
1377577800 55 536 74 608
1377576000 57 505 73 562
1377574200 55 509 74 551
1377572400 57 513 85 622
1377570600 90 1769 119 6354
1377568800 125 951 180 2832
1377567000 143 1763 274 7611
1377565200 143 1856 319 8228
1377563400 140 1609 262 6592
1377561600 138 1674 271 7014
1377559800 144 1895 305 8220
1377558000 143 1639 285 6525
1377556200 150 2246 2060 90674
1377554400 3901 107426 5897 214563
1377552600 3927 141234 7942 214563
1377550800 5505 125714 7942 177037
1377549000 5377 123857 6174 141899
1377547200 5143 111405 6885 145160
1377545400 6758 140222 7520 145160
1377543600 9467 143849 17767 171247
1377541800 5642 133372 6176 142795
1377540000 5699 134714 6092 142795
1377538200 5972 137358 12404 195279
1377536400 7767 147430 23296 208631
1377534600 13129 165139 23296 208631
1377532800 6309 138219 7750 150038
1377531000 7375 143302 10095 155590
1377529200 6733 139929 7834 159207
1377527400 6791 142326 7331 159207
1377525600 7062 149214 9501 295812
1377523800 4592 146328 10652 473037
1377522000 1058 6758 5798 37649
1377520200 121 621 149 800
1377518400 58 567 74 800
1377516600 56 475 71 531
1377514800 57 483 74 531
1377513000 56 486 67 533
1377511200 79 577 105 972
1377509400 56 467 63 489
1377507600 57 474 74 523
1377505800 58 488 68 523
1377504000 58 474 76 539
1377502200 52 484 68 506
1377500400 52 470 70 516
1377498600 51 474 76 532
1377496800 53 469 70 494
1377495000 50 475 68 513
1377493200 57 470 79 525
1377491400 59 519 75 622
1377489600 57 471 68 515
1377487800 59 475 75 498
1377486000 56 467 74 531
1377484200 56 474 97 518
1377482400 118 555 145 594
1377480600 113 558 138 594
1377478800 114 555 127 593
1377477000 111 600 131 639
1377475200 109 563 142 612
1377473400 108 564 141 625
1377471600 109 562 130 600
1377469800 119 574 130 610
1377468000 130 876 206 2517
1377466200 118 569 150 650
1377464400 116 556 135 633
1377462600 136 702 190 900
1377460800 116 563 148 645
1377459000 116 572 131 624
1377457200 116 554 132 614
1377455400 120 574 152 658
1377453600 116 555 134 573
1377451800 115 558 133 606
1377450000 118 557 137 629
1377448200 128 665 149 927
1377446400 116 558 150 618
1377444600 116 561 141 615
1377442800 116 564 132 616
1377441000 121 571 150 666
1377439200 116 554 132 578
1377437400 116 575 137 631
1377435600 109 574 129 628
1377433800 116 625 145 717
1377432000 53 482 72 537
1377430200 56 491 73 538
1377428400 56 486 77 513
1377426600 59 503 79 540
1377424800 52 485 67 519
1377423000 53 502 76 546
1377421200 56 485 74 559
1377419400 59 535 74 568
1377417600 58 495 77 570
1377415800 56 497 73 524
1377414000 57 484 73 557
1377412200 56 487 73 522
1377410400 59 493 76 571
1377408600 60 497 81 535
1377406800 58 489 74 550
1377405000 55 536 72 607
1377403200 48 476 54 505
1377401400 52 497 69 554
1377399600 48 486 65 550
1377397800 51 489 99 547
1377396000 109 567 145 631
1377394200 115 583 133 611
1377392400 119 573 134 605
1377390600 121 622 142 672
1377388800 115 584 151 631
1377387000 117 619 134 790
1377385200 121 589 132 666
1377383400 114 588 129 631
1377381600 114 577 148 1995
1377379800 119 810 151 1995
1377378000 114 578 139 649
1377376200 123 658 179 828
1377374400 109 567 126 595
1377372600 107 570 143 673
1377370800 113 592 143 673
1377369000 113 582 145 646
1377367200 109 577 126 606
1377365400 108 556 126 616
1377363600 109 553 129 634
1377361800 126 675 154 907
1377360000 113 557 132 575
1377358200 114 559 145 640
1377356400 115 558 149 628
1377354600 123 565 149 630
1377352800 115 560 130 630
1377351000 114 564 146 622
1377349200 115 557 154 674
1377347400 123 604 154 674
1377345600 57 467 75 536
1377343800 55 475 75 536
1377342000 57 469 75 505
1377340200 57 502 75 536
1377338400 57 477 69 496
1377336600 57 474 73 493
1377334800 56 482 74 524
1377333000 56 522 63 565
1377331200 59 484 79 539
1377329400 52 494 67 524
1377327600 50 485 71 533
1377325800 50 487 60 531
1377324000 49 485 66 533
1377322200 50 485 66 522
1377320400 50 488 71 592
1377318600 61 539 82 609
1377316800 59 490 82 557
1377315000 58 492 75 568
1377313200 53 476 77 570
1377311400 58 494 125 610
1377309600 115 564 147 634
1377307800 141 808 161 1749
1377306000 116 573 133 653
1377304200 117 622 136 665
1377302400 115 589 151 696
1377300600 120 615 151 696
1377298800 117 608 132 653
1377297000 115 653 132 782
1377295200 119 779 149 890
1377293400 123 898 149 1092
1377291600 117 857 133 926
1377289800 132 948 180 1089
1377288000 119 920 141 966
1377286200 118 1016 157 1510
1377284400 121 1103 157 1965
1377282600 124 910 157 1028
1377280800 115 941 134 1054
1377279000 121 927 228 3170
1377277200 139 1286 228 3170
1377275400 130 1320 158 9980
1377273600 118 2454 141 9980
1377271800 119 1039 141 1325
1377270000 118 956 148 1030
1377268200 123 962 148 1055
1377266400 119 1190 135 1748
1377264600 117 1085 137 1360
1377262800 122 880 157 983
1377261000 121 746 157 973
1377259200 58 573 79 628
1377257400 56 582 69 633
1377255600 55 587 75 635
1377253800 59 596 75 612
1377252000 55 571 75 608
1377250200 59 660 87 1096
1377248400 73 7086 104 38641
1377246600 60 593 73 626
1377244800 56 577 73 641
1377243000 56 593 73 641
1377241200 55 569 74 604
1377239400 62 590 79 658
1377237600 57 585 74 684
1377235800 55 729 65 1441
1377234000 62 584 73 619
1377232200 57 596 68 653
1377230400 59 579 75 609
1377228600 59 579 71 607
1377226800 59 587 81 651
1377225000 55 578 109 651
1377223200 117 681 132 755
1377221400 120 687 153 773
1377219600 133 916 168 2061
1377217800 118 697 133 758
1377216000 116 702 131 763
1377214200 116 751 141 816
1377212400 118 768 150 864
1377210600 144 1174 10331 252828
1377208800 7053 151459 10331 252828
1377207000 6622 134901 8655 139447
1377205200 5884 131160 6448 139642
1377203400 6095 131484 6570 139590
1377201600 6948 136439 11030 378826
1377199800 9606 285239 13885 458350
1377198000 5990 129449 6390 138141
1377196200 6080 130403 6599 138284
1377194400 6009 129422 6495 137302
1377192600 6425 134196 8743 149486
1377190800 7446 140667 10254 154204
1377189000 8156 134956 14689 175053
1377187200 7510 147369 9662 175053
1377185400 7177 155600 9962 243953
1377183600 6212 133873 6687 142555
1377181800 8223 155518 10849 227876
1377180000 8461 144262 18733 174192
1377178200 9816 152298 13033 169065
1377176400 4235 44249 10020 137884
1377174600 180 1315 230 3608
1377172800 91 662 108 693
1377171000 90 648 108 777
1377169200 91 590 107 618
1377167400 90 607 101 627
1377165600 93 605 108 714
1377163800 91 597 101 633
1377162000 90 595 103 634
1377160200 95 642 118 698
1377158400 92 592 107 640
1377156600 92 610 123 666
1377154800 91 598 108 624
1377153000 89 600 106 642
1377151200 91 603 107 648
1377149400 91 598 110 645
1377147600 92 602 108 674
1377145800 96 663 109 754
1377144000 90 596 107 657
1377142200 93 603 108 635
1377140400 94 601 106 673
1377138600 213 5229 780 28164
1377136800 152 686 169 717
1377135000 147 707 179 761
1377133200 147 705 177 753
1377131400 146 742 165 807
1377129600 142 708 160 742
1377127800 143 749 178 787
1377126000 148 8798 179 48540
1377124200 171 1243 9917 158980
1377122400 6031 117002 9917 158980
1377120600 6688 149489 9753 254740
1377118800 5298 115650 6900 136028
1377117000 10390 128074 24136 314365
1377115200 7535 150526 13439 314365
1377113400 2324 23858 4367 82500
1377111600 960 3607 1799 8726
1377109800 1395 6865 2575 12531
1377108000 545 4028 1153 16011
1377106200 487 3162 1006 11638
1377104400 512 3134 969 11090
1377102600 1218 15166 2228 66145
1377100800 1312 5277 1845 13791
1377099000 1189 14473 1836 61612
1377097200 1019 4120 2812 12189
1377095400 1018 7430 3142 19442
1377093600 2697 14666 5076 43151
1377091800 2384 11882 4343 22996
1377090000 1139 7849 4309 27960
1377088200 149 737 161 831
1377086400 88 661 102 738
1377084600 86 586 106 638
1377082800 84 577 107 608
1377081000 84 594 100 634
1377079200 83 576 100 610
1377077400 85 585 100 630
1377075600 84 579 100 643
1377073800 90 627 115 1194
1377072000 99 695 129 1194
1377070200 83 585 103 634
1377068400 85 591 100 632
1377066600 86 576 102 622
1377064800 84 574 97 650
1377063000 84 579 102 645
1377061200 86 588 103 645
1377059400 86 619 102 661
1377057600 118 1886 273 8382
1377055800 86 582 109 636
1377054000 317 10853 1493 62258
1377052200 85 592 136 662
1377050400 373 10609 1545 60335
1377048600 144 683 177 761
1377046800 148 672 177 839
1377045000 146 733 162 839
1377043200 143 711 159 786
1377041400 143 726 177 779
1377039600 147 801 177 836
1377037800 150 940 6272 126850
1377036000 6718 137155 7525 145087
1377034200 10934 173496 20389 243644
1377032400 6063 138069 6595 146263
1377030600 6140 135193 6446 143666
1377028800 6371 136912 7982 144154
1377027000 7069 140352 9497 153478
1377025200 7053 143046 9497 157348
1377023400 6916 140747 8204 149219
1377021600 6088 131896 6748 134426
1377019800 6137 134990 6693 141082
1377018000 6055 134202 6876 144667
1377016200 6165 136830 7274 143557
1377014400 6591 136510 7826 143548
1377012600 8122 144606 10727 161180
1377010800 8150 166091 12886 268520
1377009000 6235 136299 6849 145595
1377007200 8757 171049 14556 280315
1377005400 4167 56941 9173 157269
1377003600 1148 5757 5085 25934
1377001800 149 752 165 936
1377000000 86 598 101 700
1376998200 88 580 104 642
1376996400 84 564 99 624
1376994600 86 567 104 621
1376992800 86 553 102 586
1376991000 85 562 94 590
1376989200 83 558 103 652
1376987400 88 581 108 643
1376985600 83 603 98 815
1376983800 100 700 142 1273
1376982000 85 559 96 599
1376980200 86 574 104 682
1376978400 83 566 97 618
1376976600 87 564 108 607
1376974800 86 561 101 606
1376973000 85 584 108 621
1376971200 86 562 100 624
1376969400 83 565 101 606
1376967600 86 568 102 602
1376965800 84 568 136 604
1376964000 146 649 159 695
1376962200 145 658 160 684
1376960400 146 669 179 706
1376958600 149 700 172 721
1376956800 148 691 167 787
1376955000 176 1767 334 6970
1376953200 148 740 178 791
1376951400 146 904 2215 14879
1376949600 3702 45548 7078 134256
1376947800 1598 6602 3610 13628
1376946000 4318 84753 9671 198113
1376944200 6738 137283 11737 198917
1376942400 5583 127690 5927 131971
1376940600 5873 136256 6612 145134
1376938800 5910 135413 6387 142316
1376937000 5975 136025 6680 144572
1376935200 5756 131938 6282 136701
1376933400 5857 133247 6602 143564
1376931600 11289 149035 15387 181912
1376929800 6806 139638 7695 144519
1376928000 1979 32995 7695 138603
1376926200 91 1035 127 1472
1376924400 87 877 126 983
1376922600 79 879 93 1017
1376920800 5307 62577 11030 134638
1376919000 2822 27157 7345 81420
1376917200 3042 22605 8636 55919
1376915400 149 815 166 867
1376913600 87 686 106 720
1376911800 87 680 109 706
1376910000 89 679 109 706
1376908200 89 692 100 735
1376906400 88 689 111 746
1376904600 88 672 107 717
1376902800 84 664 105 735
1376901000 92 703 112 747
1376899200 87 671 106 737
1376897400 86 675 108 743
1376895600 106 893 149 1958
1376893800 87 676 108 734
1376892000 86 680 109 792
1376890200 86 669 107 722
1376888400 86 673 110 804
1376886600 89 729 101 804
1376884800 88 664 111 738
1376883000 83 656 100 694
1376881200 89 674 106 751
1376879400 88 663 136 741
1376877600 144 743 163 778
1376875800 149 763 161 805
1376874000 148 772 170 832
1376872200 148 796 170 834
1376870400 147 750 164 794
1376868600 149 762 180 810
1376866800 154 813 180 1009
1376865000 147 773 167 833
1376863200 146 770 174 849
1376861400 147 752 178 848
1376859600 152 766 178 848
1376857800 151 849 182 1088
1376856000 147 761 166 822
1376854200 145 761 161 785
1376852400 144 745 160 783
1376850600 151 762 165 822
1376848800 147 757 169 791
1376847000 163 1241 184 2106
1376845200 152 1114 168 1838
1376843400 158 866 170 1094
1376841600 145 745 167 798
1376839800 146 740 180 798
1376838000 164 1770 207 3971
1376836200 158 1135 184 1892
1376834400 143 755 165 1265
1376832600 155 1128 181 2380
1376830800 144 751 164 817
1376829000 153 803 167 831
1376827200 86 663 92 681
1376825400 86 666 102 725
1376823600 89 669 102 689
1376821800 86 678 105 745
1376820000 90 676 107 742
1376818200 86 671 99 707
1376816400 86 660 100 706
1376814600 90 715 112 837
1376812800 87 669 107 732
1376811000 87 678 107 709
1376809200 87 661 98 702
1376807400 88 665 102 715
1376805600 86 667 101 707
1376803800 88 672 103 693
1376802000 87 678 94 744
1376800200 89 729 103 785
1376798400 86 671 104 734
1376796600 90 686 105 726
1376794800 84 665 99 699
1376793000 88 678 155 755
1376791200 146 764 160 856
1376789400 149 780 164 824
1376787600 147 767 179 915
1376785800 148 803 162 853
1376784000 147 758 177 824
1376782200 153 789 171 844
1376780400 154 983 182 1634
1376778600 152 771 168 805
1376776800 147 763 171 837
1376775000 147 759 178 812
1376773200 150 752 165 781
1376771400 149 802 169 861
1376769600 147 748 161 787
1376767800 146 764 179 855
1376766000 149 767 171 835
1376764200 145 769 165 806
1376762400 146 762 163 853
1376760600 158 786 219 991
1376758800 148 744 177 814
1376757000 155 873 172 1157
1376755200 146 755 175 813
1376753400 146 759 161 794
1376751600 146 762 162 802
1376749800 149 763 165 801
1376748000 148 753 172 790
1376746200 145 762 182 837
1376744400 146 748 161 821
1376742600 154 807 170 877
1376740800 86 661 102 698
1376739000 88 675 102 717
1376737200 86 661 101 707
1376735400 88 681 98 718
1376733600 86 663 98 689
1376731800 88 682 103 721
1376730000 86 673 102 718
1376728200 90 718 105 752
1376726400 85 671 98 704
1376724600 88 683 101 712
1376722800 86 674 102 732
1376721000 88 675 102 712
1376719200 87 694 101 734
1376717400 86 669 101 723
1376715600 103 1400 184 6011
1376713800 115 2142 184 6011
1376712000 88 694 98 732
1376710200 86 698 105 735
1376708400 87 699 104 771
1376706600 108 976 144 2168
1376704800 147 790 180 839
1376703000 145 798 176 845
1376701200 149 796 164 870
1376699400 147 843 167 890
1376697600 145 808 160 840
1376695800 146 834 182 897
1376694000 150 829 177 908
1376692200 148 854 171 949
1376690400 146 891 179 1016
1376688600 153 987 168 1077
1376686800 151 936 164 978
1376685000 150 1021 179 1269
1376683200 143 1274 175 2168
1376681400 145 1075 177 47389
1376679600 148 8806 161 47389
1376677800 163 1945 221 5660
1376676000 148 8557 182 46256
1376674200 154 1187 187 2240
1376672400 146 921 159 952
1376670600 159 1145 187 1455
1376668800 147 1717 164 3436
1376667000 279 1044 2418 30315
1376665200 2003 7333 9038 30315
1376663400 150 962 182 1067
1376661600 151 947 171 1002
1376659800 145 953 161 1027
1376658000 148 981 168 1271
1376656200 150 924 185 1271
1376654400 87 698 103 722
1376652600 88 714 111 789
1376650800 87 700 109 754
1376649000 87 717 113 795
1376647200 99 782 122 1166
1376645400 86 703 107 745
1376643600 88 708 110 759
1376641800 88 798 107 1709
1376640000 86 872 102 1709
1376638200 88 710 111 786
1376636400 86 688 106 722
1376634600 90 839 106 1466
1376632800 89 709 106 791
1376631000 88 700 115 798
1376629200 86 698 107 754
1376627400 91 1001 110 2341
1376625600 86 705 106 742
1376623800 85 710 93 769
1376622000 88 710 109 768
1376620200 85 708 162 791
1376618400 159 888 193 1397
1376616600 151 807 183 894
1376614800 145 786 165 818
1376613000 144 833 162 893
1376611200 146 812 179 905
1376609400 149 865 179 928
1376607600 148 851 182 965
1376605800 144 875 160 925
1376604000 147 913 191 1063
1376602200 150 1040 191 1146
1376600400 151 971 174 1082
1376598600 156 1091 180 1349
1376596800 144 1005 162 1061
1376595000 148 1026 164 1377
1376593200 150 1063 182 1377
1376591400 144 1025 175 1166
1376589600 147 987 163 1122
1376587800 154 984 208 1125
1376586000 150 941 180 1071
1376584200 155 1075 187 1449
1376582400 147 1063 173 1598
1376580600 148 953 190 1024
1376578800 147 921 159 968
1376577000 150 1027 168 1619
1376575200 147 955 172 1088
1376573400 145 951 161 1052
1376571600 146 824 177 1046
1376569800 151 812 178 873
1376568000 88 639 104 707
1376566200 87 1058 97 2755
1376564400 87 641 97 699
1376562600 89 639 103 707
1376560800 88 631 146 2063
1376559000 98 887 146 2063
1376557200 86 634 97 681
1376555400 89 682 109 728
1376553600 87 629 105 674
1376551800 88 653 103 681
1376550000 86 641 102 679
1376548200 88 642 103 662
1376546400 86 643 104 691
1376544600 89 659 101 754
1376539200 86 639 134 707
1376532000 151 805 188 2153
1376524800 146 784 3193 56654
1376517600 8501 157606 14167 475036
1376510400 7512 190883 20905 981233
1376503200 7126 136890 10381 159494
1376496000 6572 139348 7656 152654
1376488800 2711 47485 11450 371330
1376481600 80 537 96 594
1376474400 84 563 119 827
1376467200 81 613 95 668
1376460000 83 633 107 802
1376452800 80 618 148 724
1376445600 146 821 195 2791
1376438400 142 868 3267 116186
1376431200 5923 133034 10334 273306
1376424000 8097 172025 15206 378674
1376416800 7965 136663 11756 189244
1376409600 7563 135327 11216 168365
1376402400 1892 28369 8612 160919
1376395200 82 662 97 748
1376388000 84 704 109 1735
1376380800 81 656 105 750
1376373600 82 669 107 768
1376366400 80 655 142 750
1376359200 145 869 188 3023
1376352000 209 1809 7233 130711
1376344800 8505 213500 11240 373380
1376337600 7275 162287 11640 299722
1376330400 7976 153861 11979 280664
1376323200 8552 140170 30732 215454
1376316000 1633 21628 9315 155203
1376308800 83 577 100 695
1376301600 84 564 133 1525
1376294400 86 599 133 1525
1376287200 84 572 100 699
1376280000 83 560 134 624
1376272800 144 663 176 822
1376265600 145 707 196 1972
1376258400 145 671 178 973
1376251200 143 645 175 734
1376244000 147 679 184 1064
1376236800 144 648 181 736
1376229600 143 654 172 727
1376222400 83 563 99 652
1376215200 84 573 102 641
1376208000 84 565 108 632
1376200800 83 577 97 657
1376193600 83 568 133 650
1376186400 144 662 174 736
1376179200 148 724 190 2078
1376172000 145 673 174 820
1376164800 144 701 176 800
1376157600 147 730 195 1070
1376150400 145 703 172 790
1376143200 144 707 181 809
1376136000 84 556 100 641
1376128800 84 564 98 646
1376121600 84 555 99 624
1376114400 84 569 106 674
1376107200 86 558 133 682
1376100000 146 650 171 728
1376092800 170 1134 7095 133409
1376085600 7608 147338 9501 247594
1376078400 6195 129544 12614 337175
1376071200 7242 139634 12090 209518
1376064000 6985 133863 15699 164131
1376056800 4424 82359 12093 191148
1376049600 16 620 27 1329
1376042400 15 514 25 541
1376035200 19 558 97 1371
1376028000 15 3061 20 59361
1376020800 21 580 91 1881
1376013600 76 658 96 708
1376006400 78 793 4421 77778
1375999200 6531 127896 9943 205137
1375992000 10053 128639 12125 141551
1375984800 29184 930435 110311 4203176
1375977600 11693 134318 14441 160076
1375970400 7987 66026 13024 145394
1375963200 4269 5380 4294 5509
1375956000 4267 5323 4289 5392
1375948800 4272 5375 4325 6460
1375941600 4267 5335 4289 5414
1375934400 4274 5424 4344 7678
1375927200 4329 5412 4501 5632
1375920000 4324 5663 10775 169204
1375912800 11244 144653 16449 246138
1375905600 8702 86741 19408 258567
1375898400 10513 142272 12781 202286
1375891200 11479 168952 20436 620891
1375884000 7386 53382 13826 165990
1375876800 4230 5327 4362 5505
1375869600 4232 5292 4362 5437
1375862400 4234 5301 4256 5353
1375855200 4236 5314 4262 5422
1375848000 4233 5297 4317 5424
1375840800 4300 5445 4371 6446
1375833600 4305 5538 9117 31312
1375826400 5468 14439 9117 37560
1375819200 6885 37509 16234 333838
1375812000 5019 15811 7198 70848
1375804800 7445 66342 17518 199440
1375797600 7739 57503 17518 199440
1375790400 4201 5275 4324 5481
1375783200 4204 5268 4245 5496
1375776000 4199 5252 4224 5352
1375768800 4202 5268 4240 5348
1375761600 4199 5253 4256 5330
1375754400 4265 5414 4324 6612
1375747200 4273 5495 5271 22360
1375740000 8830 90029 16836 156918
1375732800 10834 139626 13043 204386
1375725600 10611 135000 20603 172631
1375718400 10912 138681 20603 201217
1375711200 6610 47400 12393 155516
1375704000 4243 5395 4261 5482
1375696800 4243 5386 4260 5465
1375689600 4242 5386 4259 5465
1375682400 4244 5435 4265 6169
1375675200 4242 5391 4293 5462
1375668000 4303 5473 4334 5543
1375660800 4302 5476 4440 5662
1375653600 4297 5471 4442 5661
1375646400 4304 5471 4399 5617
1375639200 4302 5483 4346 5594
1375632000 4305 5480 4363 5640
1375624800 4302 5483 4343 5604
1375617600 4243 5393 4258 5451
1375610400 4243 5391 4270 5456
1375603200 4242 5390 4259 5468
1375596000 4242 5395 4273 5466
1375588800 4242 5386 4316 5504
1375581600 4304 5503 4353 6151
1375574400 4303 5466 4335 5545
1375567200 4306 5471 4350 5544
1375560000 4305 5488 4339 5747
1375552800 4302 5477 4333 5617
1375545600 4305 5479 4347 5628
1375538400 4302 5487 4330 5556
1375531200 4242 5401 4269 5452
1375524000 4242 5394 4261 5473
1375516800 4241 5389 4266 5487
1375509600 4243 5401 4260 5500
1375502400 4244 5392 4297 5464
1375495200 4308 5533 4366 6365
1375488000 4302 5549 5519 33028
1375480800 10784 159296 16704 228740
1375473600 10081 138366 13840 193315
1375466400 11271 192377 14440 241058
1375459200 10273 157046 14610 266355
1375452000 7910 88784 13817 335624
1375444800 4205 5269 4221 5379
1375437600 4207 5298 4225 5768
1375430400 4207 5247 4225 5323
1375423200 4208 5290 4257 5784
1375416000 4213 5247 4294 6421
1375408800 4269 5436 4294 6552
1375401600 4341 6282 9400 126085
1375394400 9800 131468 11329 151084
1375387200 5648 128163 7325 155842
1375380000 6567 131984 13120 147011
1375372800 6561 132941 11396 181101
1375365600 3014 66134 7312 143716
1375358400 121 664 151 723
1375351200 116 657 131 741
1375344000 118 656 132 713
1375336800 116 662 137 710
1375329600 121 710 188 1269
1375322400 177 774 215 1239
1375315200 208 1461 9498 124005
1375308000 5856 127198 9650 138263
1375300800 5731 131923 8937 171276
1375293600 4466 111480 5509 135832
1375286400 5579 128769 9015 171270
1375279200 2410 33380 8718 163245
1375272000 86 595 106 643
1375264800 85 585 105 660
1375257600 86 587 115 641
1375250400 85 598 105 654
1375243200 89 619 184 869
1375236000 146 686 184 788
1375228800 155 773 2557 39335
1375221600 6035 156120 11854 434441
1375214400 5579 131426 7794 148593
1375207200 5637 133215 9604 162794
1375200000 6366 135585 13334 177849
1375192800 3534 83093 10725 320115
1375185600 54 686 110 1907
1375178400 49 629 72 692
1375171200 50 624 72 706
1375164000 49 629 61 698
1375156800 55 658 100 1188
1375149600 110 723 138 787
1375142400 111 796 138 1004
1375135200 110 935 139 1284
1375128000 111 1029 146 2270
1375120800 110 969 136 1489
1375113600 118 1044 161 1489
1375106400 110 976 144 1450
1375099200 53 666 92 1867
1375092000 50 585 70 677
1375084800 51 580 70 644
1375077600 49 583 66 654
1375070400 50 580 102 646
1375063200 109 666 138 728
1375056000 110 667 139 741
1375048800 110 675 136 799
1375041600 109 700 144 986
1375034400 109 669 134 765
1375027200 113 671 159 845
1375020000 108 665 134 716
1375012800 51 584 79 652
1375005600 49 580 79 624
1374998400 49 618 66 1083
1374991200 49 885 61 7719
1374984000 50 590 98 680
1374976800 109 691 131 820
1374969600 111 695 154 2602
1374962400 112 773 171 2602
1374955200 111 671 137 754
1374948000 109 667 140 746
1374940800 113 665 173 875
1374933600 109 668 144 747
1374926400 49 581 69 676
1374919200 49 580 61 643
1374912000 49 579 63 631
1374904800 50 588 62 683
1374897600 50 579 140 677
1374890400 117 739 160 2072
1374883200 165 1932 5239 118185
1374876000 5241 112851 14779 314198
1374868800 5503 146191 10362 270676
1374861600 6519 153972 10495 253488
1374854400 4256 81792 9202 146127
1374847200 1499 18283 5801 127542
1374840000 80 622 163 1038
1374832800 79 596 125 813
1374825600 75 582 103 624
1374818400 79 624 150 1261
1374811200 77 585 145 652
1374804000 134 686 168 797
1374796800 141 797 882 2045
1374789600 1592 29331 5599 127231
1374782400 1382 11674 6106 67806
1374775200 1145 6367 2283 24622
1374768000 1840 26437 7170 181634
1374760800 1269 20622 5469 172918
1374753600 89 611 110 657
1374746400 97 656 202 1523
1374739200 97 607 185 656
1374732000 98 621 172 706
1374724800 90 606 147 681
1374717600 166 1049 270 6125
1374710400 169 830 2949 12059
1374703200 1301 6972 4445 40011
1374696000 2175 18114 4448 101410
1374688800 138993 16823 715742 126054
1374681600 1540 23651 5612 110678
1374674400 1807 11232 6008 52189
1374667200 69 627 83 713
1374660000 70 606 91 669
1374652800 70 596 90 626
1374645600 69 605 87 727
1374638400 68 610 148 709
1374631200 135 744 190 1535
1374624000 169 978 8317 43601
1374616800 2006 18580 8317 92559
1374609600 1437 22211 4842 116557
1374602400 2369 34951 14113 529794
1374595200 2366 19828 10498 105664
1374588000 2442 54442 7468 230055
1374580800 50 596 63 717
1374573600 49 583 65 656
1374566400 54 613 110 1232
1374559200 49 594 64 685
1374552000 50 592 125 925
1374544800 110 806 140 2405
1374537600 109 840 2707 25574
1374530400 6610 173669 16043 521044
1374523200 6029 149805 10857 307356
1374516000 1796 26116 7391 158079
1374508800 1188 12454 5224 64384
1374501600 1286 9249 4852 38528
1374494400 18 484 56 563
1374487200 15 475 25 537
1374480000 15 467 27 519
1374472800 16 472 19 565
1374465600 14 467 86 520
1374458400 75 524 103 577
1374451200 77 555 120 1068
1374444000 74 533 102 623
1374436800 74 531 101 608
1374429600 74 536 98 589
1374422400 73 533 95 568
1374415200 76 538 104 588
1374408000 14 452 22 493
1374400800 15 449 26 502
1374393600 15 449 26 489
1374386400 15 451 23 503
1374379200 24 453 73 529
1374372000 86 557 107 633
1374364800 91 655 173 2797
1374357600 88 554 108 606
1374350400 87 551 111 592
1374343200 87 559 109 628
1374336000 86 555 108 637
1374328800 88 555 127 603
1374321600 29 472 40 534
1374314400 27 472 35 507
1374307200 28 469 39 500
1374300000 27 477 33 540
1374292800 33 526 99 899
1374285600 88 627 121 708
1374278400 85 758 862 9696
1374271200 469 3835 1578 27695
1374264000 492 3070 1039 11298
1374256800 500 2934 1853 9573
1374249600 910 9743 7522 82064
1374242400 1652 7964 6543 32723
1374235200 18 532 56 1173
1374228000 15 491 19 535
1374220800 15 519 26 1095
1374213600 15 497 26 604
1374206400 15 520 125 1169
1374199200 78 611 125 1169
1374192000 94 762 574 2635
1374184800 2091 21476 12306 133719
1374177600 924 3330 3105 11801
1374170400 1885 16563 12450 86320
1374163200 21524 8736 272290 29745
1374156000 19659 110592 161538 1617214
1374148800 16 502 21 964
1374141600 19 640 74 2697
1374134400 15 472 24 510
1374127200 15 478 27 554
1374120000 15 470 60 541
1374112800 83 692 143 3463
1374105600 74 735 95 1266
1374098400 1452 23227 4630 97927
1374091200 1483 21650 6649 187998
1374084000 2251 11502 18349 53506
1374076800 775 4984 2756 25391
1374069600 1606 12463 11571 97020
1374062400 155 1089 169 1576
1374055200 156 1055 180 1174
1374048000 155 1012 171 1197
1374040800 158 977 177 1099
1374033600 154 960 195 1028
1374026400 217 1113 246 1588
1374019200 241 1191 1371 27026
1374012000 2419 30911 13297 116874
1374004800 663 3572 3765 21727
1373997600 4686 5877 83908 40167
1373990400 2754 26664 6130 113821
1373983200 1678 21751 6939 89461
1373976000 190 740 211 1404
1373968800 197 748 286 1579
1373961600 190 706 220 990
1373954400 192 715 222 997
1373947200 191 709 274 995
1373940000 258 849 311 1429
1373932800 251 928 858 16566
1373925600 1864 37011 3305 103107
1373918400 1454 14283 6380 86429
1373911200 2051 17945 11426 46044
1373904000 2404 9900 8658 29211
1373896800 807 6773 4645 40137
1373889600 90 563 114 754
1373882400 97 641 172 2108
1373875200 90 561 104 732
1373868000 90 566 114 751
1373860800 89 560 150 766
1373853600 153 713 218 2038
1373846400 148 644 172 797
1373839200 151 657 175 818
1373832000 149 642 174 847
1373824800 151 655 180 835
1373817600 151 642 176 799
1373810400 150 650 176 846
1373803200 91 568 115 781
1373796000 89 562 114 766
1373788800 91 565 103 747
1373781600 90 569 110 758
1373774400 89 4865 170 102435
1373767200 151 646 174 821
1373760000 152 680 195 1477
1373752800 151 646 176 833
1373745600 149 644 182 847
1373738400 150 650 174 855
1373731200 151 640 177 770
1373724000 152 652 181 845
1373716800 91 564 121 753
1373709600 90 561 107 764
1373702400 91 556 113 750
1373695200 90 564 115 758
1373688000 91 559 169 746
1373680800 159 948 321 7744
1373673600 155 750 1725 13628
1373666400 1218 14751 3872 93298
1373659200 1399 26646 4585 150675
1373652000 2381 26674 10763 366106
1373644800 2755 26789 9248 136806
1373637600 1851 14076 7491 46034
1373630400 169 4241 218 4970
1373623200 165 4265 199 5077
1373616000 163 4206 177 4311
1373608800 167 4220 193 4372
1373601600 162 4199 244 4324
1373594400 225 4314 246 4421
1373587200 454 9478 4759 71464
1373580000 3353 18419 17344 46252
1373572800 1637 14224 6945 151326
1373565600 1680 16872 6952 226117
1373558400 1673 16325 5857 142667
1373551200 1490 23551 12948 399313
1373544000 110 536 122 632
1373536800 110 540 122 628
1373529600 115 598 178 1842
1373522400 109 504 121 572
1373515200 112 556 179 1827
1373508000 170 701 195 1850
1373500800 182 2912 3560 104447
1373493600 6496 70702 46133 331688
1373486400 5303 21217 77778 90293
1373479200 1292 9058 8055 84338
1373472000 1188 7805 3508 41817
1373464800 873 6562 3680 39207
1373457600 114 558 176 852
1373450400 111 532 123 797
1373443200 111 517 130 562
1373436000 110 524 122 621
1373428800 114 560 199 1535
1373421600 171 630 199 713
1373414400 204 900 2377 39595
1373407200 1869 15360 6453 59814
1373400000 940 5626 5302 35788
1373392800 1573 30057 5630 125686
1373385600 2122 35423 7030 176495
1373378400 1393 10586 6054 73835
1373371200 111 565 141 1006
1373364000 113 545 157 771
1373356800 113 540 139 843
1373349600 111 529 121 598
1373342400 109 522 163 629
1373335200 175 650 257 1004
1373328000 208 1220 1070 10735
1373320800 1144 7819 6231 74372
1373313600 1084 7964 4433 36848
1373306400 2419 12695 10447 79200
1373299200 1028 6769 3166 43765
1373292000 990 8445 3883 43765
1373284800 117 3086 135 3129
1373277600 117 3100 132 3586
1373270400 118 3085 134 3126
1373263200 120 3086 134 3129
1373256000 305 1681 4331 7081
1373248800 74 526 103 570
1373241600 72 527 97 575
1373234400 78 658 149 3598
1373227200 72 524 96 568
1373220000 73 531 97 629
1373212800 73 533 98 582
1373205600 74 530 101 613
1373198400 14 446 37 523
1373191200 15 442 39 470
1373184000 16 444 55 485
1373176800 15 445 25 482
1373169600 14 446 67 516
1373162400 74 531 101 584
1373155200 73 534 114 618
1373148000 77 594 135 2052
1373140800 73 522 97 560
1373133600 74 533 97 606
1373126400 73 540 120 727
1373119200 75 528 99 574
1373112000 14 443 21 475
1373104800 17 531 70 2565
1373097600 14 452 26 487
1373090400 15 447 28 485
1373083200 13 443 86 533
1373076000 78 584 158 1949
1373068800 73 527 106 579
1373061600 75 538 101 747
1373054400 72 525 95 571
1373047200 78 562 145 1259
1373040000 72 534 107 598
1373032800 77 534 111 602
1373025600 15 451 38 496
1373018400 18 473 69 1144
1373011200 16 449 53 494
1373004000 13 447 26 502
1372996800 14 442 91 554
1372989600 77 612 166 2469
1372982400 72 541 103 717
1372975200 74 529 104 577
1372968000 73 522 96 572
1372960800 74 527 96 604
1372953600 77 577 130 1762
1372946400 74 527 107 572
1372939200 15 444 28 484
1372932000 14 442 20 479
1372924800 15 484 26 950
1372917600 14 446 23 493
1372910400 15 444 92 570
1372903200 74 525 101 589
1372896000 77 549 132 922
1372888800 73 561 96 628
1372881600 785 5453 5222 25797
1372874400 1043 5209 3194 13635
1372867200 1704 10232 6252 41979
1372860000 2423 18052 11722 133035
1372852800 39 482 60 597
1372845600 38 470 54 512
1372838400 43 493 118 935
1372831200 40 480 130 3279
1372824000 74 1932 239 5783
1372816800 110 1082 239 5783
1372809600 212 1703 4171 32698
1372802400 1573 14275 6650 338349
1372795200 2307 43223 6650 338349
1372788000 1127 13193 4562 110458
1372780800 2467 12257 14280 63981
1372773600 1276 9738 4484 65931
1372766400 155 3187 174 3331
1372759200 155 3196 175 3331
1372752000 159 3200 217 3408
1372744800 154 3189 175 3260
1372737600 159 3201 227 3487
1372730400 216 3254 240 3332
1372723200 215 3331 809 4383
1372716000 1667 10382 5601 27987
1372708800 1341 17055 4839 93963
1372701600 1662 11220 3382 36652
1372694400 2037 20056 5956 156347
1372687200 1799 14239 5403 48917
1372680000 155 3210 176 3594
1372672800 154 3131 176 3212
1372665600 155 3128 182 3191
1372658400 154 3131 181 3199
1372651200 154 3151 220 3537
1372644000 215 3216 236 3268
1372636800 213 3213 247 3817
1372629600 220 3267 268 3817
1372622400 212 3208 240 3286
1372615200 215 3221 236 3284
1372608000 213 3214 241 3279
1372600800 215 3215 233 3281
1372593600 153 3127 176 3188
1372586400 154 3129 174 3186
1372579200 152 3124 174 3170
1372572000 155 3128 173 3179
1372564800 154 3128 204 3190
1372557600 214 3216 247 3393
1372550400 213 3206 244 3296
1372543200 222 3268 267 4032
1372536000 214 3207 247 3271
1372528800 214 3208 239 3255
1372521600 214 3210 237 3308
1372514400 214 3205 242 3351
1372507200 154 3124 173 3226
1372500000 160 3154 204 3624
1372492800 153 3128 177 3242
1372485600 155 3124 181 3270
1372478400 153 3131 221 3212
1372471200 218 3274 277 3886
1372464000 490 4260 1874 20487
1372456800 997 6879 2659 20487
1372449600 1190 8963 5688 44764
1372442400 1313 9826 4626 29295
1372435200 1895 9339 16039 28542
1372428000 1745 13266 5339 51440
1372420800 154 3231 174 3351
1372413600 156 3212 194 3511
1372406400 155 3200 183 3285
1372399200 156 3207 177 3289
1372392000 154 3199 223 3300
1372384800 218 3331 255 3706
1372377600 214 3393 2311 9823
1372370400 2961 16463 8362 60429
1372363200 2374 44232 9478 362820
1372356000 4158 24239 13979 234511
1372348800 5190 64344 35997 1218663
1372341600 2606 7644 20008 37858
1372334400 119 2920 137 56751
1372327200 123 733 164 1415
1372320000 118 1601 135 24229
1372312800 120 603 142 976
1372305600 119 4039 189 39679
1372298400 183 2661 210 47823
1372291200 179 788 3834 15091
1372284000 2382 20619 14204 126156
1372276800 1892 6988 9196 13802
1372269600 1426 6214 7207 32883
1372262400 853 6320 3639 34082
1372255200 1126 8884 4337 56577
1372248000 50 577 65 626
1372240800 53 604 97 850
1372233600 51 574 81 625
1372226400 50 583 65 648
1372219200 82 626 171 744
1372204800 86 784 158 2475
1372118400 532 4127 7526 198744
1372032000 119 850 207 51066
1371945600 127 1025 2341 101367
1371859200 508 3847 7566 93500
1371772800 702 6195 7940 298866
1371686400 672 5854 9821 152071
1371600000 659 5247 7082 117334
1371513600 547 3822 4951 77132
1371427200 83 624 200 2556
1371340800 83 627 194 2339
1371254400 329 1302 480 2030
1371168000 540 3612 7591 91292
1371081600 680 4895 26415 225793
1370995200 782 4464 37538 82846
1370908800 52 760 166 2808
1370822400 50 614 141 2153
1370736000 51 630 154 2259
1370649600 594 4650 11247 88193
1370563200 763 6374 20619 820555
1370476800 680 3180 15852 42492
1370390400 775 5577 7225 122946
1370304000 750 4495 16856 93711
1370217600 238 765 328 1764
1370131200 238 767 328 1550
1370044800 30086 58234 3021645 5389855
1369958400 602 3353 5520 67894
1369872000 564 3669 8827 68293
1369785600 640 6143 12277 304742
1369699200 72 993 200 2837
1369612800 72 989 132 1565
1369526400 73 993 142 2387
1369440000 3560 36570 396224 4231935
1369353600 385 3226 6786 56782
1369267200 76 1217 236 6801
1369180800 934 15724 16692 531733
1369094400 876 5900 8184 257084
1369008000 106 912 178 1193
1368921600 107 924 188 1757
1368835200 112 1176 209 3368
1368748800 964 19428 60632 2561097
1368662400 671 5180 13208 245904
1368576000 870 5833 9717 134697
1368489600 87 1103 499 4270
1368403200 85 875 173 2224
1368316800 85 883 153 2061
1368230400 1222 17748 20825 528886
1368144000 1072 26811 99828 344325
1368057600 1032 10346 16440 595198
1367971200 673 6317 7517 235898
1367884800 11953 29873 2279023 4562004
1367798400 104 958 177 1265
1367712000 107 986 195 3656
1367625600 2072 8456 150301 151564
1367539200 1310 6459 11564 207566
1367452800 1785 7529 7732 124975
1367366400 1690 6863 10926 280078
1367280000 1708 5692 8694 83298
1367193600 1231 2207 1461 2811
1367107200 1230 2219 1471 3835
1367020800 2013 14717 33559 1389968
1366934400 9601 18477 2190759 1484598
1366848000 1077 2283 2131 4514
1366761600 5365 4599 678544 101901
1366675200 892 4001 22589 63646
1366588800 224 970 317 1234
1366502400 227 994 341 2849
1366416000 298 1353 7266 40969
1366329600 194 1161 328 2711
1366243200 385 3269 9178 298743
1366156800 48617 63764 2164458 2172846
1366070400 698 3270 19956 137051
1365984000 122 981 229 2439
1365897600 122 980 216 2698
1365811200 572 4109 13685 103151
1365724800 784 5824 11890 211616
1365638400 888 4944 38262 118897
1365552000 4001 9440 381998 873611
1365465600 838 4291 19641 55745
1365379200 178 977 288 1591
1365292800 179 988 292 2355
1365206400 1019 5917 9957 111664
1365120000 906 4635 12471 73192
1365033600 1256 8217 12255 235718
1364947200 973 7689 10156 145826
1364860800 1005 6385 19066 155956
1364774400 140 914 253 1959
1364688000 142 1058 1139 40380
1364601600 1119 7368 23833 320026
1364515200 1587 4635 192345 197636
1364428800 1049 5646 11025 158343
1364342400 777 3821 8579 68014
1364256000 877 7845 8809 236842
1364169600 118 691 242 2769
1364083200 118 695 194 2254
1363996800 1848 30149 140231 286660
1363910400 12969 17655 3377588 771525
1363824000 1065 18110 16275 689681
1363737600 840 15600 16436 791442
1363651200 137 849 233 2139
1363564800 135 688 223 1551
1363478400 135 768 243 2052
1363392000 5243 9052 415604 370050
1363305600 758 10495 8369 333877
1363219200 813 15838 11183 366260
1363132800 833 13461 8276 307108
1363046400 837 4761 9755 111369
1362960000 204 636 306 891
1362873600 212 717 287 2417
1362787200 1166 5660 121301 204522
1362700800 1595 5658 97931 138725
1362614400 711 7699 8523 302369
1362528000 713 5989 8965 115092
1362441600 913 6644 12347 93697
1362355200 172 718 293 2159
1362268800 172 725 291 2196
1362182400 891 5643 12185 124477
1362096000 1686 6420 76892 144457
1362009600 1231 20820 11130 432424
1361923200 1561 20480 63366 417968
1361836800 1053 10576 12822 295046
1361750400 385 6860 30338 891973
1361664000 158 677 2213 8050
1361577600 38258 34780 6796634 2712495
1361491200 987 4860 83239 190103
1361404800 912 10161 14238 433537
1361318400 819 7259 10427 327816
1361232000 50 539 130 1416
1361145600 50 521 112 995
1361059200 51 540 185 3304
1360972800 3419 4486 659636 131675
1360886400 1560 9613 68358 224052
1360800000 2312 9425 384306 575705
1360713600 1426120 1590408 8688223 9458750
1360627200 1029 9700 17954 272540
1360540800 104 605 179 1468
1360454400 106 620 212 3532
1360368000 517 2668 11508 70009
1360281600 774 6045 6101 192387
1360195200 663 6417 7919 301545
1360108800 1517 14594 54553 892672
1360022400 1154 6076 63829 170352
1359936000 83 587 160 1148
1359849600 84 592 151 882
1359763200 1006 7910 9789 392742
1359676800 1222 3687 28720 62767
1359590400 784 4087 12713 111492
1359504000 1210 8304 24478 165219
1359417600 1268 6302 17528 104737
1359331200 118 609 204 2014
1359244800 118 611 180 953
1359158400 887 7292 22997 471810
1359072000 1039 6598 14226 121136
1358985600 2934 8621 196954 725292
1358899200 816 5165 7594 128693
1358812800 163 698 254 1311
1358726400 162 691 243 1145
1358640000 163 717 229 1052
1358553600 164 889 254 3024
1358467200 622 4506 23934 255149
1358380800 1224 9380 93916 1088936
1358294400 1167 6489 36280 77190
1358208000 797 4489 41424 118419
1358121600 83 559 160 921
1358035200 86 621 548 19930
1357948800 974 8651 16496 220817
1357862400 1697 4068 148800 83382
1357776000 697 4891 19018 101954
1357689600 1010 5330 16077 209402
1357603200 735 3722 11288 108740
1357516800 84 649 159 1067
1357430400 85 662 159 1680
1357344000 643 4116 11538 98015
1357257600 605 3562 5274 44544
1357171200 15035 4913 882764 123748
1357084800 117 564 198 1674
1356998400 483 2456 6376 27413
1356912000 116 552 188 1752
1356825600 187 591 9815 4905
1356739200 299 776 9427 6259
1356652800 190 775 4901 6624
1356566400 21369 5307 1030407 74994
1356480000 51 491 144 1486
1356393600 49 505 136 2639
1356307200 50 492 129 2545
1356220800 50 522 116 2124
1356134400 527 3432 8040 131666
1356048000 117 833 240 3366
1355961600 505 5101 10719 113591
1355875200 85 715 270 6021
1355788800 684 4275 11805 105477
1355702400 83 591 159 1799
1355616000 82 598 152 1384
1355529600 1994 5017 279460 253576
1355443200 571 3716 7691 107922
1355356800 802 6679 10889 251206
1355270400 688 3311 33396 84575
1355184000 165 861 8441 12882
1355097600 116 627 204 1074
1355011200 117 637 196 1115
1354924800 141 748 8934 4411
1354838400 1294 24032 43204 2354110
1354752000 828 5671 13662 120573
1354665600 1208 19616 33400 1435519
1354579200 923 3931 19861 69027
1354492800 150 647 235 2949
1354406400 151 669 231 1028
1354320000 1006 8104 11138 419883
1354233600 6002 4984 474234 246696
1354147200 639 3232 5710 36293
1354060800 548 3314 7290 81449
1353974400 844 4911 20794 106811
1353888000 216 643 294 2398
1353801600 217 641 322 3763
1353715200 217 644 343 2766
1353628800 217 636 295 1181
1353542400 223 720 7027 3808
1353456000 190 738 5288 2757
1353369600 232 1076 3926 17292
1353283200 149 545 221 2104
1353196800 149 553 222 2494
1353110400 292 1526 9292 91722
1353024000 182 764 255 1633
1352937600 220 938 10649 10964
1352851200 263 915 10979 4481
1352764800 116 788 199 2123
1352678400 115 583 202 1032
1352592000 116 565 184 1032
1352505600 257 1308 14393 46583
1352419200 117 804 202 2284
1352332800 119 869 612 19434
1352246400 118 850 204 1542
1352160000 116 780 225 2432
1352073600 226 1482 3818 27705
1351987200 115 647 190 1523
1351900800 184 1528 10775 219304
1351814400 467 1998 8647 44784
1351728000 224 827 6075 5194
1351641600 117 674 219 2614
1351555200 116 621 220 2717
1351468800 116 621 196 2908
1351382400 119 667 214 2755
1351296000 117 793 212 2547
1351209600 1951 8413 149866 889295
1351123200 909 3114 11116 32592
1351036800 2528 5824 354273 368636
1350950400 1202 13180 15985 456390
1350864000 121 619 197 974
1350777600 122 629 197 1675
1350691200 1046 9808 14173 559001
1350604800 1037 6335 14494 243578
1350518400 3508 7607 371117 229763
1350432000 8023 16950 1491804 1524189
1350345600 793 3426 73730 120963
1350259200 80 486 142 653
1350172800 80 497 158 951
1350086400 630 4627 9130 170106
1350000000 735 4258 9709 85055
1349913600 662 4973 10243 204082
1349827200 695 5197 9076 155508
1349740800 650 3574 9209 52096
1349654400 80 501 153 2625
1349568000 81 502 158 1194
1349481600 1090 6410 16212 220070
1349395200 878 4514 9083 75558
1349308800 30680 36737 3644097 3673034
1349222400 90220 5472 10261078 249867
1349136000 118 814 210 2691
1349049600 117 665 204 1842
1348963200 174 1082 1167 10366
1348876800 647 4855 16102 125245
1348790400 1011 14762 21244 828262
1348704000 1038 12251 29829 225845
1348617600 769 6153 17681 739578
1348531200 647 3639 10696 82078
1348444800 82 599 148 806
1348358400 83 667 151 1709
1348272000 575 3650 8185 150396
1348185600 1022 19162 11407 315459
1348099200 915 4733 11339 79633
1348012800 817 5545 13306 224415
1347926400 643 3356 28204 131163
1347840000 83 644 179 4591
1347753600 84 639 184 1713
1347667200 655 4456 16712 184074
1347580800 11323 395150 488790 8314858
1347494400 10651 463321 115974 5052990
1347408000 573 3666 8391 193163
1347321600 483 3179 6773 42719
1347235200 82 583 157 1379
1347148800 82 591 168 2815
1347062400 726 7487 16964 735483
1346976000 717 5326 32283 204976
1346889600 792 6994 11050 325004
1346803200 525 3511 6731 110459
1346716800 86 585 193 3160
1346630400 85 563 154 1207
1346544000 88 737 1188 49686
1346457600 86 729 204 2644
1346371200 844 12408 23899 1016957
1346284800 1302 12939 23371 304111
1346198400 1001 8632 54212 597780
1346112000 397 2567 9471 138359
1346025600 50 461 133 1246
1345939200 50 474 134 5413
1345852800 792 7940 9275 517158
1345766400 689 4616 19744 194124
1345680000 568 3615 6050 61652
1345593600 730 4458 5429 83319
1345507200 627 4104 18730 68713
1345420800 87 771 195 2469
1345334400 94 959 1172 49581
1345248000 1312 4236 172319 386992
1345161600 679 4037 6846 192412
1345075200 777 3966 9858 234250
1344988800 797 3286 7891 63299
1344902400 141 763 253 3837
1344816000 141 580 207 1723
1344729600 140 578 212 1572
1344643200 906 3201 10148 80327
1344556800 835 6502 13700 517722
1344470400 835 3071 9070 45734
1344384000 127774 10986 12149379 319205
1344297600 901 2943 7070 30255
1344211200 120 677 199 1608
1344124800 118 679 215 1644
1344038400 953 3994 20455 86877
1343952000 1218 4165 25364 84236
1343865600 175878 15831 11335737 625269
1343779200 2996 41712 169026 6936000
1343692800 1345 5330 56700 97907
1343606400 223 734 313 2928
1343520000 321 739 907 3279
1343433600 4424 14972 477109 2055048
1343347200 1877 18058 16038 297463
1343260800 1414 3899 16723 55240
1343174400 1126 2727 13689 37339
1343088000 1115 2741 14779 46477
1343001600 655 808 732 3505
1342915200 2003 982 193778 24360
1342828800 662 1084 742 2735
1342742400 1364 5211 30127 188221
1342656000 1327 5514 19252 159469
1342569600 1533 10686 26493 895637
1342483200 1884 10123 71604 1200487
1342396800 1056 1117 1447 2199
1342310400 1063 1266 2386 50179
1342224000 1562 3781 9855 125892
1342137600 1903 12042 44097 1316076
1342051200 1158 4465 26688 120885
1341964800 1109 7029 8882 114142
1341878400 2306 3014 442950 33886
1341792000 163 787 305 1914
1341705600 169 769 297 2653
1341619200 737 4227 17284 116053
1341532800 655 4159 4861 66486
1341446400 166 706 249 1104
1341360000 534 2737 10233 38020
1341273600 786 6844 14649 422268
1341187200 198 876 569 15425
1341100800 197 853 275 2189
1341014400 30490 5748 8447152 254305
1340928000 878 11289 35365 898206
1340841600 38351 50736 4054209 4066499
1340755200 546 3405 10008 93340
1340668800 532 2758 7431 49460
1340582400 112 694 173 14284
1340496000 115 621 178 1200
1340409600 532 5675 28116 875151
1340323200 480 2585 10078 56702
1340236800 173 854 5378 22171
1340150400 680 6914 26778 1056403
1340064000 948 3368 18873 78034
1339977600 110 842 181 12434
1339891200 115 684 234 3825
1339804800 445 2973 3918 133896
1339718400 427 2892 8494 53467
1339632000 636 4477 13772 138566
1339545600 647 3084 21225 99340
1339459200 526 4560 5455 150685
1339372800 109 640 182 2739
1339286400 114 602 190 1419
1339200000 1490 7915 155551 619046
1339113600 457 2884 8343 56441
1339027200 432 2238 8421 28787
1338940800 527 3044 15896 93515
1338854400 499 4425 11916 115906
1338768000 50 307 173 1079
1338681600 89 570 186 1012
1338595200 478 3110 8217 96927
1338508800 733 3346 26950 59055
1338422400 427 2719 7476 84323
1338336000 452 4789 5917 191091
1338249600 86 579 223 5260
1338163200 85 547 156 1101
1338076800 85 550 161 2304
1337990400 11422 3318 2119244 292870
1337904000 583 3322 16390 96961
1337817600 1954 11349 202152 614425
1337731200 57314 76209 3776300 3849206
1337644800 100 885 3429 7030
1337558400 87 635 165 936
1337472000 87 710 165 21146
1337385600 953 9995 37785 1043351
1337299200 1322 9803 70017 714707
1337212800 1058 6692 72033 476851
1337126400 673 5879 37636 208494
1337040000 534 5325 13182 550320
1336953600 92 640 175 2176
1336867200 93 652 171 3250
1336780800 589 4781 16294 244389
1336694400 368 6276 30396 1183129
1336608000 0 0 0 0
1336521600 0 0 0 0
1336435200 0 0 0 0
1336348800 0 0 0 0
1336262400 0 0 0 0
1336176000 0 0 0 0
1336089600 0 0 0 0
1336003200 0 0 0 0
1335916800 0 0 0 0
1335830400 271 1760 5580 42517
1335744000 92 586 179 2398
1335657600 94 671 448 17058
1335571200 496 2667 6748 46475
1335484800 505 2434 9461 67621
1335398400 565 3482 10018 87145
1335312000 532 2878 15376 76412
1335225600 444 2666 4934 51313
1335139200 92 601 175 2388
1335052800 92 597 190 1579
1334966400 654 3370 19389 129194
1334880000 588 4383 10723 78729
1334793600 602 4834 19933 216834
1334707200 112 713 1146 7018
1334620800 547 3424 25994 185621
1334534400 87 416 164 1776
1334448000 91 436 586 2456
1334361600 590 6719 14683 167166
1334275200 639 3721 10644 113627
1334188800 823 6564 9694 195749
1334102400 285 1272 8128 30524
1334016000 455 2599 24972 77045
1333929600 89 427 194 1298
1333843200 93 13344 1266 152598
1333756800 522 2286 12440 43180
1333670400 467 3358 10820 97646
1333584000 94 783 1020 17074
1333497600 561 4416 8804 181084
1333411200 875 5066 53507 154519
1333324800 87 557 157 2183
1333238400 575 2533 82839 337595
1333152000 771 4628 25321 170880
1333065600 725 3767 36630 92605
1332979200 430 2686 9935 67536
1332892800 423 2082 7070 72361
1332806400 656 3130 11949 84442
1332720000 155 533 238 3100
1332633600 155 526 250 3791
1332547200 536 6847 7025 152664
1332460800 501 4031 12908 414953
1332374400 520 2510 9098 69361
1332288000 509 2295 8770 32945
1332201600 491 1988 8507 35530
1332115200 93 565 173 2498
1332028800 96 658 196 2090
1331942400 95 721 203 2536
1331856000 702 4656 16074 148038
1331769600 720 2655 56356 79151
1331683200 449 2965 6425 132022
1331596800 555 4455 5616 537509
1331510400 93 571 174 697
1331424000 91 591 166 4327
1331337600 787 9070 42786 948663
1331251200 842 15241 76429 3482516
1331164800 887 3092 30592 150386
1331078400 566 2520 6558 77374
1330992000 88 703 224 3064
1330905600 89 591 201 3613
1330819200 89 585 212 1299
1330732800 620 2543 6611 66857
1330646400 502 3349 10428 426717
1330560000 845 3286 11358 62892
1330473600 774 4633 21527 340403
1330387200 431 2124 6279 61303
1330300800 93 587 170 1812
1330214400 103 603 214 2143
1330128000 939 5588 28797 351133
1330041600 653 2733 20922 60456
1329955200 2897 23460 56378 1211804
1329868800 391 2464 13485 69922
1329782400 128 659 5500 14030
1329696000 106 595 2970 1961
1329609600 109 600 3184 2195
1329523200 526 2569 4626 68456
1329436800 465 2310 9212 140640
1329350400 574 3274 5428 80872
1329264000 402 2225 7406 36881
1329177600 470 4551 7220 481617
1329091200 87 583 190 1500
1329004800 88 620 171 1869
1328918400 595 7756 27052 1064936
1328832000 2648 73020 212531 8459195
1328745600 3496 8816 458049 551739
1328659200 1493 3871 27137 69977
1328572800 446 3051 23530 288283
1328486400 88 594 183 2247
1328400000 94 501 1964 4704
1328313600 769 5470 82726 288679
1328227200 1913 2570 395443 45564
1328140800 3229 3162 255977 51466
1328054400 755 3072 8402 47551
1327968000 4765 3216 312947 49955
1327881600 91 483 169 3067
1327795200 116 487 4810 2279
1327708800 474 2063 13229 119290
1327622400 4208 100874 289781 12109083
1327536000 6702 2923 770501 36455
1327449600 633 2074 14705 26307
1327363200 1078 3064 21573 86680
1327276800 91 578 170 1934
1327190400 92 583 176 2320
1327104000 287 1670 4928 32987
1327017600 749 4046 66970 215409
1326931200 821 3968 43873 118399
1326844800 908 3492 28737 145856
1326758400 158 730 789 25732
1326672000 155 623 241 1058
1326585600 155 623 236 1236
1326499200 942 9697 22779 734929
1326412800 1404 21153 125132 4984108
1326326400 445 2670 3278 78191
1326240000 420 2038 7604 43643
1326153600 462 2710 5764 121516
1326067200 135 598 220 1839
1325980800 135 620 236 1794
1325894400 454 3055 4686 123122
1325808000 394 2613 7633 91185
1325721600 415 2872 6645 217693
1325635200 419 2147 3776 29511
1325548800 106 802 1057 2699
1325462400 95 578 174 2190
1325376000 106 589 216 1084
1325289600 495 3357 6207 134241
1325203200 526 4225 9323 153169
1325116800 322 1782 4749 63662
1325030400 468 2427 8429 130522
1324944000 72 493 395 12683
1324857600 93 569 184 1015
1324771200 92 578 226 1664
1324684800 93 603 355 7875
1324598400 423 6131 24870 992176
1324512000 533 3731 7355 83954
1324425600 605 2098 13371 34815
1324339200 820 8489 30592 1277723
1324252800 129 663 212 29276
1324166400 130 569 223 1806
1324080000 952 6307 22236 347066
1323993600 198 677 7249 6275
1323907200 270 816 6859 21671
1323820800 191 777 9531 6879
1323734400 637 6793 5683 146544
1323648000 88 532 166 700
1323561600 87 544 163 2012
1323475200 1278 3691 237483 252380
1323388800 450 2606 4571 96739
1323302400 541 3067 6009 52384
1323216000 487 3244 5401 85944
1323129600 98 686 1122 6370
1323043200 97 560 1122 3461
1322956800 92 549 204 842
1322870400 554 3086 6047 102278
1322784000 596 4120 13872 145100
1322697600 377 2166 4738 25816
1322611200 765 11065 16126 530142
1322524800 494 3163 5605 137115
1322438400 136 579 305 1300
1322352000 135 579 302 1817
1322265600 137 607 341 6760
1322179200 137 611 375 8701
1322092800 383 1825 4563 29435
1322006400 720 3127 34461 108143
1321920000 945 16734 24379 972476
1321833600 77 564 234 1599
1321747200 78 563 227 882
1321660800 1022 8850 25908 342864
1321574400 525 3306 25518 214178
1321488000 51 621 229 7078
1321401600 51 539 294 7674
1321315200 50 533 251 7284
1321228800 51 391 190 985
1321142400 50 408 223 6024
1321056000 52 590 209 4093
1320969600 52 690 223 7326
1320883200 565 3884 6604 181116
1320796800 1026 3426 59849 179258
1320710400 2581 4428 161655 123462
1320624000 41 478 95 792
1320537600 45 488 98 802
1320451200 65 274 2810 6511
1320364800 0 0 0 0
1320278400 0 0 0 0
1320192000 0 0 0 0
1320105600 0 0 0 0
1320019200 0 0 0 0
1319932800 0 0 0 0
1319846400 0 0 0 0
1319760000 0 0 0 0
1319673600 0 0 0 0
1319587200 0 0 0 0
1319500800 0 0 0 0
1319414400 0 0 0 0
1319328000 0 0 0 0
1319241600 0 0 0 0
1319155200 0 0 0 0
1319068800 0 0 0 0
1318982400 0 0 0 0
1318896000 0 0 0 0
1318809600 0 0 0 0
1318723200 0 0 0 0
1318636800 0 0 0 0
1318550400 0 0 0 0
1318464000 0 0 0 0
1318377600 0 0 0 0
1318291200 0 0 0 0
1318204800 0 0 0 0
1318118400 0 0 0 0
1318032000 0 0 0 0
1317945600 0 0 0 0
1317859200 0 0 0 0
1317772800 0 0 0 0
1317686400 0 0 0 0
1317600000 0 0 0 0
1317513600 0 0 0 0
1317427200 0 0 0 0
1317340800 0 0 0 0
1317254400 0 0 0 0
1317168000 0 0 0 0
1317081600 0 0 0 0
1316995200 0 0 0 0
1316908800 0 0 0 0
1316822400 0 0 0 0
1316736000 0 0 0 0
1316649600 0 0 0 0
1316563200 0 0 0 0
1316476800 0 0 0 0
1316390400 0 0 0 0
1316304000 0 0 0 0
1316217600 0 0 0 0
1316131200 0 0 0 0
1316044800 0 0 0 0
1315958400 0 0 0 0
1315872000 0 0 0 0
1315785600 0 0 0 0
1315699200 0 0 0 0
1315612800 0 0 0 0
1315526400 0 0 0 0
1315440000 0 0 0 0
1315353600 0 0 0 0
1315267200 0 0 0 0
1315180800 0 0 0 0
1315094400 0 0 0 0
1315008000 0 0 0 0
1314921600 0 0 0 0
1314835200 0 0 0 0
1314748800 0 0 0 0
1314662400 0 0 0 0
1314576000 0 0 0 0
1314489600 0 0 0 0
1314403200 0 0 0 0
1314316800 0 0 0 0
1314230400 0 0 0 0
1314144000 0 0 0 0
1314057600 0 0 0 0
1313971200 0 0 0 0
1313884800 0 0 0 0
1313798400 0 0 0 0
1313712000 0 0 0 0
1313625600 0 0 0 0
1313539200 0 0 0 0
1313452800 0 0 0 0
1313366400 0 0 0 0
1313280000 0 0 0 0
1313193600 0 0 0 0
1313107200 0 0 0 0
1313020800 0 0 0 0
1312934400 0 0 0 0
1312848000 0 0 0 0
1312761600 0 0 0 0
1312675200 0 0 0 0
1312588800 0 0 0 0
1312502400 0 0 0 0
1312416000 0 0 0 0
1312329600 0 0 0 0
1312243200 0 0 0 0
1312156800 0 0 0 0
1312070400 0 0 0 0
1311984000 0 0 0 0
1311897600 0 0 0 0
1311811200 0 0 0 0
1311724800 0 0 0 0
1311638400 0 0 0 0
1311552000 0 0 0 0
1311465600 0 0 0 0
1311379200 0 0 0 0
1311292800 0 0 0 0
1311206400 0 0 0 0
1311120000 0 0 0 0
1311033600 0 0 0 0
1310947200 0 0 0 0
1310860800 0 0 0 0
1310774400 0 0 0 0
1310688000 0 0 0 0
1310601600 0 0 0 0
1310515200 0 0 0 0
1310428800 0 0 0 0
1310342400 0 0 0 0
1310256000 0 0 0 0
1310169600 0 0 0 0
1310083200 0 0 0 0
1309996800 0 0 0 0
1309910400 0 0 0 0
1309824000 0 0 0 0
1309737600 0 0 0 0
1309651200 0 0 0 0
1309564800 0 0 0 0
1309478400 0 0 0 0
1309392000 0 0 0 0
1309305600 0 0 0 0
1309219200 0 0 0 0
1309132800 0 0 0 0
1309046400 0 0 0 0
