1377805807 -1 -1
1377805807 0 0 0 0
1377805508 0 0 0 0
1377805500 0 0 0 0
1377805200 0 0 0 0
1377804900 0 0 0 0
1377804600 0 0 0 0
1377804300 0 0 0 0
1377804000 0 0 0 0
1377803700 0 0 0 0
1377803400 0 0 0 0
1377803100 0 0 0 0
1377802800 0 0 0 0
1377802500 0 0 0 0
1377802200 0 0 0 0
1377801900 0 0 0 0
1377801600 0 0 0 0
1377801300 0 0 0 0
1377801000 0 0 0 0
1377800700 0 0 0 0
1377800400 0 0 0 0
1377800100 0 0 0 0
1377799800 0 0 0 0
1377799500 0 0 0 0
1377799200 0 0 0 0
1377798900 0 0 0 0
1377798600 0 0 0 0
1377798300 0 0 0 0
1377798000 0 0 0 0
1377797700 0 0 0 0
1377797400 0 0 0 0
1377797100 0 0 0 0
1377796800 0 0 0 0
1377796500 0 0 0 0
1377796200 0 0 0 0
1377795900 0 0 0 0
1377795600 0 0 0 0
1377795300 0 0 0 0
1377795000 0 0 0 0
1377794700 0 0 0 0
1377794400 0 0 0 0
1377794100 0 0 0 0
1377793800 0 0 0 0
1377793500 0 0 0 0
1377793200 0 0 0 0
1377792900 0 0 0 0
1377792600 0 0 0 0
1377792300 0 0 0 0
1377792000 0 0 0 0
1377791700 0 0 0 0
1377791400 0 0 0 0
1377791100 0 0 0 0
1377790800 0 0 0 0
1377790500 0 0 0 0
1377790200 0 0 0 0
1377789900 0 0 0 0
1377789600 0 0 0 0
1377789300 0 0 0 0
1377789000 0 0 0 0
1377788700 0 0 0 0
1377788400 0 0 0 0
1377788100 0 0 0 0
1377787800 0 0 0 0
1377787500 0 0 0 0
1377787200 0 0 0 0
1377786900 0 0 0 0
1377786600 0 0 0 0
1377786300 0 0 0 0
1377786000 0 0 0 0
1377785700 0 0 0 0
1377785400 0 0 0 0
1377785100 0 0 0 0
1377784800 0 0 0 0
1377784500 0 0 0 0
1377784200 0 0 0 0
1377783900 0 0 0 0
1377783600 0 0 0 0
1377783300 0 0 0 0
1377783000 0 0 0 0
1377782700 0 0 0 0
1377782400 0 0 0 0
1377782100 0 0 0 0
1377781800 0 0 0 0
1377781500 0 0 0 0
1377781200 0 0 0 0
1377780900 0 0 0 0
1377780600 0 0 0 0
1377780300 0 0 0 0
1377780000 0 0 0 0
1377779700 0 0 0 0
1377779400 0 0 0 0
1377779100 0 0 0 0
1377778800 0 0 0 0
1377778500 0 0 0 0
1377778200 0 0 0 0
1377777900 0 0 0 0
1377777600 0 0 0 0
1377777300 0 0 0 0
1377777000 0 0 0 0
1377776700 0 0 0 0
1377776400 0 0 0 0
1377776100 0 0 0 0
1377775800 0 0 0 0
1377775500 0 0 0 0
1377775200 0 0 0 0
1377774900 0 0 0 0
1377774600 0 0 0 0
1377774300 0 0 0 0
1377774000 0 0 0 0
1377773700 0 0 0 0
1377773400 0 0 0 0
1377773100 0 0 0 0
1377772800 0 0 0 0
1377772500 0 0 0 0
1377772200 0 0 0 0
1377771900 0 0 0 0
1377771600 0 0 0 0
1377771300 0 0 0 0
1377771000 0 0 0 0
1377770700 0 0 0 0
1377770400 0 0 0 0
1377770100 0 0 0 0
1377769800 0 0 0 0
1377769500 0 0 0 0
1377769200 0 0 0 0
1377768900 0 0 0 0
1377768600 0 0 0 0
1377768300 0 0 0 0
1377768000 0 0 0 0
1377767700 0 0 0 0
1377767400 0 0 0 0
1377767100 0 0 0 0
1377766800 0 0 0 0
1377766500 0 0 0 0
1377766200 0 0 0 0
1377765900 0 0 0 0
1377765600 0 0 0 0
1377765300 0 0 0 0
1377765000 0 0 0 0
1377764700 0 0 0 0
1377764400 0 0 0 0
1377764100 0 0 0 0
1377763800 0 0 0 0
1377763500 0 0 0 0
1377763200 0 0 0 0
1377762900 0 0 0 0
1377762600 0 0 0 0
1377762300 0 0 0 0
1377762000 0 0 0 0
1377761700 0 0 0 0
1377761400 0 0 0 0
1377761100 0 0 0 0
1377760800 0 0 0 0
1377760500 0 0 0 0
1377760200 0 0 0 0
1377759900 0 0 0 0
1377759600 0 0 0 0
1377759300 0 0 0 0
1377759000 0 0 0 0
1377758700 0 0 0 0
1377758400 0 0 0 0
1377758100 0 0 0 0
1377757800 0 0 0 0
1377757500 0 0 0 0
1377757200 0 0 0 0
1377756900 0 0 0 0
1377756600 0 0 0 0
1377756300 0 0 0 0
1377756000 0 0 0 0
1377755700 0 0 0 0
1377755400 0 0 0 0
1377755100 0 0 0 0
1377754800 0 0 0 0
1377754500 0 0 0 0
1377754200 0 0 0 0
1377753900 0 0 0 0
1377753600 0 0 0 0
1377753300 0 0 0 0
1377753000 0 0 0 0
1377752700 0 0 0 0
1377752400 0 0 0 0
1377752100 0 0 0 0
1377751800 0 0 0 0
1377751500 0 0 0 0
1377751200 0 0 0 0
1377750900 0 0 0 0
1377750600 0 0 0 0
1377750300 0 0 0 0
1377750000 0 0 0 0
1377749700 0 0 0 0
1377749400 0 0 0 0
1377749100 0 0 0 0
1377748800 0 0 0 0
1377748500 0 0 0 0
1377748200 0 0 0 0
1377747900 0 0 0 0
1377747600 0 0 0 0
1377747300 0 0 0 0
1377747000 0 0 0 0
1377746700 0 0 0 0
1377746400 0 0 0 0
1377746100 0 0 0 0
1377745800 0 0 0 0
1377745500 0 0 0 0
1377745200 0 0 0 0
1377744900 0 0 0 0
1377744600 0 0 0 0
1377744300 0 0 0 0
1377744000 0 0 0 0
1377743700 0 0 0 0
1377743400 0 0 0 0
1377743100 0 0 0 0
1377742800 0 0 0 0
1377742500 0 0 0 0
1377742200 0 0 0 0
1377741900 0 0 0 0
1377741600 0 0 0 0
1377741300 0 0 0 0
1377741000 0 0 0 0
1377740700 0 0 0 0
1377740400 0 0 0 0
1377740100 0 0 0 0
1377739800 0 0 0 0
1377739500 0 0 0 0
1377739200 0 0 0 0
1377738900 0 0 0 0
1377738600 0 0 0 0
1377738300 0 0 0 0
1377738000 0 0 0 0
1377737700 0 0 0 0
1377737400 0 0 0 0
1377737100 0 0 0 0
1377736800 0 0 0 0
1377736500 0 0 0 0
1377736200 0 0 0 0
1377735900 0 0 0 0
1377735600 0 0 0 0
1377735300 0 0 0 0
1377735000 0 0 0 0
1377734700 0 0 0 0
1377734400 0 0 0 0
1377734100 0 0 0 0
1377733800 0 0 0 0
1377733500 0 0 0 0
1377733200 0 0 0 0
1377732900 0 0 0 0
1377732600 0 0 0 0
1377732300 0 0 0 0
1377732000 0 0 0 0
1377731700 0 0 0 0
1377731400 0 0 0 0
1377731100 0 0 0 0
1377730800 0 0 0 0
1377730500 0 0 0 0
1377730200 0 0 0 0
1377729900 0 0 0 0
1377729600 0 0 0 0
1377729300 0 0 0 0
1377729000 0 0 0 0
1377728700 0 0 0 0
1377728400 0 0 0 0
1377728100 0 0 0 0
1377727800 0 0 0 0
1377727500 0 0 0 0
1377727200 0 0 0 0
1377726900 0 0 0 0
1377726600 0 0 0 0
1377726300 0 0 0 0
1377726000 0 0 0 0
1377725700 0 0 0 0
1377725400 0 0 0 0
1377725100 0 0 0 0
1377724800 0 0 0 0
1377724500 0 0 0 0
1377724200 0 0 0 0
1377723900 0 0 0 0
1377723600 0 0 0 0
1377723300 0 0 0 0
1377723000 0 0 0 0
1377722700 0 0 0 0
1377722400 0 0 0 0
1377722100 0 0 0 0
1377721800 0 0 0 0
1377721500 0 0 0 0
1377721200 0 0 0 0
1377720900 0 0 0 0
1377720600 0 0 0 0
1377720300 0 0 0 0
1377720000 0 0 0 0
1377719700 0 0 0 0
1377719400 0 0 0 0
1377719100 0 0 0 0
1377718800 0 0 0 0
1377718500 0 0 0 0
1377718200 0 0 0 0
1377717900 0 0 0 0
1377717600 0 0 0 0
1377717300 0 0 0 0
1377717000 0 0 0 0
1377716700 0 0 0 0
1377716400 0 0 0 0
1377716100 0 0 0 0
1377715800 0 0 0 0
1377715500 0 0 0 0
1377715200 0 0 0 0
1377714900 0 0 0 0
1377714600 0 0 0 0
1377714300 0 0 0 0
1377714000 0 0 0 0
1377713700 0 0 0 0
1377713400 0 0 0 0
1377713100 0 0 0 0
1377712800 0 0 0 0
1377712500 0 0 0 0
1377712200 0 0 0 0
1377711900 0 0 0 0
1377711600 0 0 0 0
1377711300 0 0 0 0
1377711000 0 0 0 0
1377710700 0 0 0 0
1377710400 0 0 0 0
1377710100 0 0 0 0
1377709800 0 0 0 0
1377709500 0 0 0 0
1377709200 0 0 0 0
1377708900 0 0 0 0
1377708600 0 0 0 0
1377708300 0 0 0 0
1377708000 0 0 0 0
1377707700 0 0 0 0
1377707400 0 0 0 0
1377707100 0 0 0 0
1377706800 0 0 0 0
1377706500 0 0 0 0
1377706200 0 0 0 0
1377705900 0 0 0 0
1377705600 0 0 0 0
1377705300 0 0 0 0
1377705000 0 0 0 0
1377704700 0 0 0 0
1377704400 0 0 0 0
1377704100 0 0 0 0
1377703800 0 0 0 0
1377703500 0 0 0 0
1377703200 0 0 0 0
1377702900 0 0 0 0
1377702600 0 0 0 0
1377702300 0 0 0 0
1377702000 0 0 0 0
1377701700 0 0 0 0
1377701400 0 0 0 0
1377701100 0 0 0 0
1377700800 0 0 0 0
1377700500 0 0 0 0
1377700200 0 0 0 0
1377699900 0 0 0 0
1377699600 0 0 0 0
1377699300 0 0 0 0
1377699000 0 0 0 0
1377698700 0 0 0 0
1377698400 0 0 0 0
1377698100 0 0 0 0
1377697800 0 0 0 0
1377697500 0 0 0 0
1377697200 0 0 0 0
1377696900 0 0 0 0
1377696600 0 0 0 0
1377696300 0 0 0 0
1377696000 0 0 0 0
1377695700 0 0 0 0
1377695400 0 0 0 0
1377695100 0 0 0 0
1377694800 0 0 0 0
1377694500 0 0 0 0
1377694200 0 0 0 0
1377693900 0 0 0 0
1377693600 0 0 0 0
1377693300 0 0 0 0
1377693000 0 0 0 0
1377692700 0 0 0 0
1377692400 0 0 0 0
1377692100 0 0 0 0
1377691800 0 0 0 0
1377691500 0 0 0 0
1377691200 0 0 0 0
1377690900 0 0 0 0
1377690600 0 0 0 0
1377690300 0 0 0 0
1377690000 0 0 0 0
1377689700 0 0 0 0
1377689400 0 0 0 0
1377689100 0 0 0 0
1377688800 0 0 0 0
1377688500 0 0 0 0
1377688200 0 0 0 0
1377687900 0 0 0 0
1377687600 0 0 0 0
1377687300 0 0 0 0
1377687000 0 0 0 0
1377686700 0 0 0 0
1377686400 0 0 0 0
1377686100 0 0 0 0
1377685800 0 0 0 0
1377685500 0 0 0 0
1377685200 0 0 0 0
1377684900 0 0 0 0
1377684600 0 0 0 0
1377684300 0 0 0 0
1377684000 0 0 0 0
1377683700 0 0 0 0
1377683400 0 0 0 0
1377683100 0 0 0 0
1377682800 0 0 0 0
1377682500 0 0 0 0
1377682200 0 0 0 0
1377681900 0 0 0 0
1377681600 0 0 0 0
1377681300 0 0 0 0
1377681000 0 0 0 0
1377680700 0 0 0 0
1377680400 0 0 0 0
1377680100 0 0 0 0
1377679800 0 0 0 0
1377679500 0 0 0 0
1377679200 0 0 0 0
1377678900 0 0 0 0
1377678600 0 0 0 0
1377678300 0 0 0 0
1377678000 0 0 0 0
1377677700 0 0 0 0
1377677400 0 0 0 0
1377677100 0 0 0 0
1377676800 0 0 0 0
1377676500 0 0 0 0
1377676200 0 0 0 0
1377675900 0 0 0 0
1377675600 0 0 0 0
1377675300 0 0 0 0
1377675000 0 0 0 0
1377674700 0 0 0 0
1377674400 0 0 0 0
1377674100 0 0 0 0
1377673800 0 0 0 0
1377673500 0 0 0 0
1377673200 0 0 0 0
1377672900 0 0 0 0
1377672600 0 0 0 0
1377672300 0 0 0 0
1377672000 0 0 0 0
1377671700 0 0 0 0
1377671400 0 0 0 0
1377671100 0 0 0 0
1377670800 0 0 0 0
1377670500 0 0 0 0
1377670200 0 0 0 0
1377669900 0 0 0 0
1377669600 0 0 0 0
1377669300 0 0 0 0
1377669000 0 0 0 0
1377668700 0 0 0 0
1377668400 0 0 0 0
1377668100 0 0 0 0
1377667800 0 0 0 0
1377667500 0 0 0 0
1377667200 0 0 0 0
1377666900 0 0 0 0
1377666600 0 0 0 0
1377666300 0 0 0 0
1377666000 0 0 0 0
1377665700 0 0 0 0
1377665400 0 0 0 0
1377665100 0 0 0 0
1377664800 0 0 0 0
1377664500 0 0 0 0
1377664200 0 0 0 0
1377663900 0 0 0 0
1377663600 0 0 0 0
1377663300 0 0 0 0
1377663000 0 0 0 0
1377662700 0 0 0 0
1377662400 0 0 0 0
1377662100 0 0 0 0
1377661800 0 0 0 0
1377661500 0 0 0 0
1377661200 0 0 0 0
1377660900 0 0 0 0
1377660600 0 0 0 0
1377660300 0 0 0 0
1377660000 0 0 0 0
1377659700 0 0 0 0
1377659400 0 0 0 0
1377659100 0 0 0 0
1377658800 0 0 0 0
1377658500 0 0 0 0
1377658200 0 0 0 0
1377657900 0 0 0 0
1377657600 0 0 0 0
1377657300 0 0 0 0
1377657000 0 0 0 0
1377656700 0 0 0 0
1377656400 0 0 0 0
1377656100 0 0 0 0
1377655800 0 0 0 0
1377655500 0 0 0 0
1377655200 0 0 0 0
1377654900 0 0 0 0
1377654600 0 0 0 0
1377654300 0 0 0 0
1377654000 0 0 0 0
1377653700 0 0 0 0
1377653400 0 0 0 0
1377653100 0 0 0 0
1377652800 0 0 0 0
1377652500 0 0 0 0
1377652200 0 0 0 0
1377651900 0 0 0 0
1377651600 0 0 0 0
1377651300 0 0 0 0
1377651000 0 0 0 0
1377650700 0 0 0 0
1377650400 0 0 0 0
1377650100 0 0 0 0
1377649800 0 0 0 0
1377649500 0 0 0 0
1377649200 0 0 0 0
1377648900 0 0 0 0
1377648600 0 0 0 0
1377648300 0 0 0 0
1377648000 0 0 0 0
1377647700 0 0 0 0
1377647400 0 0 0 0
1377647100 0 0 0 0
1377646800 0 0 0 0
1377646500 0 0 0 0
1377646200 0 0 0 0
1377645900 0 0 0 0
1377645600 0 0 0 0
1377645300 0 0 0 0
1377645000 0 0 0 0
1377644700 0 0 0 0
1377644400 0 0 0 0
1377644100 0 0 0 0
1377643800 0 0 0 0
1377643500 0 0 0 0
1377643200 0 0 0 0
1377642900 0 0 0 0
1377642600 0 0 0 0
1377642300 0 0 0 0
1377642000 0 0 0 0
1377641700 0 0 0 0
1377641400 0 0 0 0
1377641100 0 0 0 0
1377640800 0 0 0 0
1377640500 0 0 0 0
1377640200 0 0 0 0
1377639900 0 0 0 0
1377639600 0 0 0 0
1377639300 0 0 0 0
1377639000 0 0 0 0
1377638700 0 0 0 0
1377638400 0 0 0 0
1377638100 0 0 0 0
1377637800 0 0 0 0
1377637500 0 0 0 0
1377637200 0 0 0 0
1377636900 0 0 0 0
1377636600 0 0 0 0
1377636300 0 0 0 0
1377636000 0 0 0 0
1377635700 0 0 0 0
1377635400 0 0 0 0
1377635100 0 0 0 0
1377634800 0 0 0 0
1377634500 0 0 0 0
1377634200 0 0 0 0
1377633900 0 0 0 0
1377633600 0 0 0 0
1377633300 0 0 0 0
1377633000 0 0 0 0
1377632700 0 0 0 0
1377632400 0 0 0 0
1377632100 0 0 0 0
1377631800 0 0 0 0
1377631500 0 0 0 0
1377631200 0 0 0 0
1377630900 0 0 0 0
1377630600 0 0 0 0
1377630300 0 0 0 0
1377630000 0 0 0 0
1377629700 0 0 0 0
1377629400 0 0 0 0
1377629100 0 0 0 0
1377628800 0 0 0 0
1377628500 0 0 0 0
1377628200 0 0 0 0
1377627900 0 0 0 0
1377627600 0 0 0 0
1377627300 0 0 0 0
1377627000 0 0 0 0
1377626700 0 0 0 0
1377626400 0 0 0 0
1377626100 0 0 0 0
1377625800 0 0 0 0
1377624600 0 0 0 0
1377622800 0 0 0 0
1377621000 0 0 0 0
1377619200 0 0 0 0
1377617400 0 0 0 0
1377615600 0 0 0 0
1377613800 0 0 0 0
1377612000 0 0 0 0
1377610200 0 0 0 0
1377608400 0 0 0 0
1377606600 0 0 0 0
1377604800 0 0 0 0
1377603000 0 0 0 0
1377601200 0 0 0 0
1377599400 0 0 0 0
1377597600 0 0 0 0
1377595800 0 0 0 0
1377594000 0 0 0 0
1377592200 0 0 0 0
1377590400 0 0 0 0
1377588600 0 0 0 0
1377586800 0 0 0 0
1377585000 0 0 0 0
1377583200 0 0 0 0
1377581400 0 0 0 0
1377579600 0 0 0 0
1377577800 0 0 0 0
1377576000 0 0 0 0
1377574200 0 0 0 0
1377572400 0 0 0 0
1377570600 0 0 0 0
1377568800 0 0 0 0
1377567000 0 0 0 0
1377565200 0 0 0 0
1377563400 0 0 0 0
1377561600 0 0 0 0
1377559800 0 0 0 0
1377558000 0 0 0 0
1377556200 0 0 0 0
1377554400 0 0 0 0
1377552600 0 0 0 0
1377550800 0 0 0 0
1377549000 0 0 0 0
1377547200 0 0 0 0
1377545400 0 0 0 0
1377543600 0 0 0 0
1377541800 0 0 0 0
1377540000 0 0 0 0
1377538200 0 0 0 0
1377536400 0 0 0 0
1377534600 0 0 0 0
1377532800 0 0 0 0
1377531000 0 0 0 0
1377529200 0 0 0 0
1377527400 0 0 0 0
1377525600 0 0 0 0
1377523800 0 0 0 0
1377522000 0 0 0 0
1377520200 0 0 0 0
1377518400 0 0 0 0
1377516600 0 0 0 0
1377514800 0 0 0 0
1377513000 0 0 0 0
1377511200 0 0 0 0
1377509400 0 0 0 0
1377507600 0 0 0 0
1377505800 0 0 0 0
1377504000 0 0 0 0
1377502200 0 0 0 0
1377500400 0 0 0 0
1377498600 0 0 0 0
1377496800 0 0 0 0
1377495000 0 0 0 0
1377493200 0 0 0 0
1377491400 0 0 0 0
1377489600 0 0 0 0
1377487800 0 0 0 0
1377486000 0 0 0 0
1377484200 0 0 0 0
1377482400 0 0 0 0
1377480600 0 0 0 0
1377478800 0 0 0 0
1377477000 0 0 0 0
1377475200 0 0 0 0
1377473400 0 0 0 0
1377471600 0 0 0 0
1377469800 0 0 0 0
1377468000 0 0 0 0
1377466200 0 0 0 0
1377464400 0 0 0 0
1377462600 0 0 0 0
1377460800 0 0 0 0
1377459000 0 0 0 0
1377457200 0 0 0 0
1377455400 0 0 0 0
1377453600 0 0 0 0
1377451800 0 0 0 0
1377450000 0 0 0 0
1377448200 0 0 0 0
1377446400 0 0 0 0
1377444600 0 0 0 0
1377442800 0 0 0 0
1377441000 0 0 0 0
1377439200 0 0 0 0
1377437400 0 0 0 0
1377435600 0 0 0 0
1377433800 0 0 0 0
1377432000 0 0 0 0
1377430200 0 0 0 0
1377428400 0 0 0 0
1377426600 0 0 0 0
1377424800 0 0 0 0
1377423000 0 0 0 0
1377421200 0 0 0 0
1377419400 0 0 0 0
1377417600 0 0 0 0
1377415800 0 0 0 0
1377414000 0 0 0 0
1377412200 0 0 0 0
1377410400 0 0 0 0
1377408600 0 0 0 0
1377406800 0 0 0 0
1377405000 0 0 0 0
1377403200 0 0 0 0
1377401400 0 0 0 0
1377399600 0 0 0 0
1377397800 0 0 0 0
1377396000 0 0 0 0
1377394200 0 0 0 0
1377392400 0 0 0 0
1377390600 0 0 0 0
1377388800 0 0 0 0
1377387000 0 0 0 0
1377385200 0 0 0 0
1377383400 0 0 0 0
1377381600 0 0 0 0
1377379800 0 0 0 0
1377378000 0 0 0 0
1377376200 0 0 0 0
1377374400 0 0 0 0
1377372600 0 0 0 0
1377370800 0 0 0 0
1377369000 0 0 0 0
1377367200 0 0 0 0
1377365400 0 0 0 0
1377363600 0 0 0 0
1377361800 0 0 0 0
1377360000 0 0 0 0
1377358200 0 0 0 0
1377356400 0 0 0 0
1377354600 0 0 0 0
1377352800 0 0 0 0
1377351000 0 0 0 0
1377349200 0 0 0 0
1377347400 0 0 0 0
1377345600 0 0 0 0
1377343800 0 0 0 0
1377342000 0 0 0 0
1377340200 0 0 0 0
1377338400 0 0 0 0
1377336600 0 0 0 0
1377334800 0 0 0 0
1377333000 0 0 0 0
1377331200 0 0 0 0
1377329400 0 0 0 0
1377327600 0 0 0 0
1377325800 0 0 0 0
1377324000 0 0 0 0
1377322200 0 0 0 0
1377320400 0 0 0 0
1377318600 0 0 0 0
1377316800 0 0 0 0
1377315000 0 0 0 0
1377313200 0 0 0 0
1377311400 0 0 0 0
1377309600 0 0 0 0
1377307800 0 0 0 0
1377306000 0 0 0 0
1377304200 0 0 0 0
1377302400 0 0 0 0
1377300600 0 0 0 0
1377298800 0 0 0 0
1377297000 0 0 0 0
1377295200 0 0 0 0
1377293400 0 0 0 0
1377291600 0 0 0 0
1377289800 0 0 0 0
1377288000 0 0 0 0
1377286200 0 0 0 0
1377284400 0 0 0 0
1377282600 0 0 0 0
1377280800 0 0 0 0
1377279000 0 0 0 0
1377277200 0 0 0 0
1377275400 0 0 0 0
1377273600 0 0 0 0
1377271800 0 0 0 0
1377270000 0 0 0 0
1377268200 0 0 0 0
1377266400 0 0 0 0
1377264600 0 0 0 0
1377262800 0 0 0 0
1377261000 0 0 0 0
1377259200 0 0 0 0
1377257400 0 0 0 0
1377255600 0 0 0 0
1377253800 0 0 0 0
1377252000 0 0 0 0
1377250200 0 0 0 0
1377248400 0 0 0 0
1377246600 0 0 0 0
1377244800 0 0 0 0
1377243000 0 0 0 0
1377241200 0 0 0 0
1377239400 0 0 0 0
1377237600 0 0 0 0
1377235800 0 0 0 0
1377234000 0 0 0 0
1377232200 0 0 0 0
1377230400 0 0 0 0
1377228600 0 0 0 0
1377226800 0 0 0 0
1377225000 0 0 0 0
1377223200 0 0 0 0
1377221400 0 0 0 0
1377219600 0 0 0 0
1377217800 0 0 0 0
1377216000 0 0 0 0
1377214200 0 0 0 0
1377212400 0 0 0 0
1377210600 0 0 0 0
1377208800 0 0 0 0
1377207000 0 0 0 0
1377205200 0 0 0 0
1377203400 0 0 0 0
1377201600 0 0 0 0
1377199800 0 0 0 0
1377198000 0 0 0 0
1377196200 0 0 0 0
1377194400 0 0 0 0
1377192600 0 0 0 0
1377190800 0 0 0 0
1377189000 0 0 0 0
1377187200 0 0 0 0
1377185400 0 0 0 0
1377183600 0 0 0 0
1377181800 0 0 0 0
1377180000 0 0 0 0
1377178200 0 0 0 0
1377176400 0 0 0 0
1377174600 0 0 0 0
1377172800 0 0 0 0
1377171000 0 0 0 0
1377169200 0 0 0 0
1377167400 0 0 0 0
1377165600 0 0 0 0
1377163800 0 0 0 0
1377162000 0 0 0 0
1377160200 0 0 0 0
1377158400 0 0 0 0
1377156600 0 0 0 0
1377154800 0 0 0 0
1377153000 0 0 0 0
1377151200 0 0 0 0
1377149400 0 0 0 0
1377147600 0 0 0 0
1377145800 0 0 0 0
1377144000 0 0 0 0
1377142200 0 0 0 0
1377140400 0 0 0 0
1377138600 0 0 0 0
1377136800 0 0 0 0
1377135000 0 0 0 0
1377133200 0 0 0 0
1377131400 0 0 0 0
1377129600 0 0 0 0
1377127800 0 0 0 0
1377126000 0 0 0 0
1377124200 0 0 0 0
1377122400 0 0 0 0
1377120600 0 0 0 0
1377118800 0 0 0 0
1377117000 0 0 0 0
1377115200 0 0 0 0
1377113400 0 0 0 0
1377111600 0 0 0 0
1377109800 0 0 0 0
1377108000 0 0 0 0
1377106200 0 0 0 0
1377104400 0 0 0 0
1377102600 0 0 0 0
1377100800 0 0 0 0
1377099000 0 0 0 0
1377097200 0 0 0 0
1377095400 0 0 0 0
1377093600 0 0 0 0
1377091800 0 0 0 0
1377090000 0 0 0 0
1377088200 0 0 0 0
1377086400 0 0 0 0
1377084600 0 0 0 0
1377082800 0 0 0 0
1377081000 0 0 0 0
1377079200 0 0 0 0
1377077400 0 0 0 0
1377075600 0 0 0 0
1377073800 0 0 0 0
1377072000 0 0 0 0
1377070200 0 0 0 0
1377068400 0 0 0 0
1377066600 0 0 0 0
1377064800 0 0 0 0
1377063000 0 0 0 0
1377061200 0 0 0 0
1377059400 0 0 0 0
1377057600 0 0 0 0
1377055800 0 0 0 0
1377054000 0 0 0 0
1377052200 0 0 0 0
1377050400 0 0 0 0
1377048600 0 0 0 0
1377046800 0 0 0 0
1377045000 0 0 0 0
1377043200 0 0 0 0
1377041400 0 0 0 0
1377039600 0 0 0 0
1377037800 0 0 0 0
1377036000 0 0 0 0
1377034200 0 0 0 0
1377032400 0 0 0 0
1377030600 0 0 0 0
1377028800 0 0 0 0
1377027000 0 0 0 0
1377025200 0 0 0 0
1377023400 0 0 0 0
1377021600 0 0 0 0
1377019800 0 0 0 0
1377018000 0 0 0 0
1377016200 0 0 0 0
1377014400 0 0 0 0
1377012600 0 0 0 0
1377010800 0 0 0 0
1377009000 0 0 0 0
1377007200 0 0 0 0
1377005400 0 0 0 0
1377003600 0 0 0 0
1377001800 0 0 0 0
1377000000 0 0 0 0
1376998200 0 0 0 0
1376996400 0 0 0 0
1376994600 0 0 0 0
1376992800 0 0 0 0
1376991000 0 0 0 0
1376989200 0 0 0 0
1376987400 0 0 0 0
1376985600 0 0 0 0
1376983800 0 0 0 0
1376982000 0 0 0 0
1376980200 0 0 0 0
1376978400 0 0 0 0
1376976600 0 0 0 0
1376974800 0 0 0 0
1376973000 0 0 0 0
1376971200 0 0 0 0
1376969400 0 0 0 0
1376967600 0 0 0 0
1376965800 0 0 0 0
1376964000 0 0 0 0
1376962200 0 0 0 0
1376960400 0 0 0 0
1376958600 0 0 0 0
1376956800 0 0 0 0
1376955000 0 0 0 0
1376953200 0 0 0 0
1376951400 0 0 0 0
1376949600 0 0 0 0
1376947800 0 0 0 0
1376946000 0 0 0 0
1376944200 0 0 0 0
1376942400 0 0 0 0
1376940600 0 0 0 0
1376938800 0 0 0 0
1376937000 0 0 0 0
1376935200 0 0 0 0
1376933400 0 0 0 0
1376931600 0 0 0 0
1376929800 0 0 0 0
1376928000 0 0 0 0
1376926200 0 0 0 0
1376924400 0 0 0 0
1376922600 0 0 0 0
1376920800 0 0 0 0
1376919000 0 0 0 0
1376917200 0 0 0 0
1376915400 0 0 0 0
1376913600 0 0 0 0
1376911800 0 0 0 0
1376910000 0 0 0 0
1376908200 0 0 0 0
1376906400 0 0 0 0
1376904600 0 0 0 0
1376902800 0 0 0 0
1376901000 0 0 0 0
1376899200 0 0 0 0
1376897400 0 0 0 0
1376895600 0 0 0 0
1376893800 0 0 0 0
1376892000 0 0 0 0
1376890200 0 0 0 0
1376888400 0 0 0 0
1376886600 0 0 0 0
1376884800 0 0 0 0
1376883000 0 0 0 0
1376881200 0 0 0 0
1376879400 0 0 0 0
1376877600 0 0 0 0
1376875800 0 0 0 0
1376874000 0 0 0 0
1376872200 0 0 0 0
1376870400 0 0 0 0
1376868600 0 0 0 0
1376866800 0 0 0 0
1376865000 0 0 0 0
1376863200 0 0 0 0
1376861400 0 0 0 0
1376859600 0 0 0 0
1376857800 0 0 0 0
1376856000 0 0 0 0
1376854200 0 0 0 0
1376852400 0 0 0 0
1376850600 0 0 0 0
1376848800 0 0 0 0
1376847000 0 0 0 0
1376845200 0 0 0 0
1376843400 0 0 0 0
1376841600 0 0 0 0
1376839800 0 0 0 0
1376838000 0 0 0 0
1376836200 0 0 0 0
1376834400 0 0 0 0
1376832600 0 0 0 0
1376830800 0 0 0 0
1376829000 0 0 0 0
1376827200 0 0 0 0
1376825400 0 0 0 0
1376823600 0 0 0 0
1376821800 0 0 0 0
1376820000 0 0 0 0
1376818200 0 0 0 0
1376816400 0 0 0 0
1376814600 0 0 0 0
1376812800 0 0 0 0
1376811000 0 0 0 0
1376809200 0 0 0 0
1376807400 0 0 0 0
1376805600 0 0 0 0
1376803800 0 0 0 0
1376802000 0 0 0 0
1376800200 0 0 0 0
1376798400 0 0 0 0
1376796600 0 0 0 0
1376794800 0 0 0 0
1376793000 0 0 0 0
1376791200 0 0 0 0
1376789400 0 0 0 0
1376787600 0 0 0 0
1376785800 0 0 0 0
1376784000 0 0 0 0
1376782200 0 0 0 0
1376780400 0 0 0 0
1376778600 0 0 0 0
1376776800 0 0 0 0
1376775000 0 0 0 0
1376773200 0 0 0 0
1376771400 0 0 0 0
1376769600 0 0 0 0
1376767800 0 0 0 0
1376766000 0 0 0 0
1376764200 0 0 0 0
1376762400 0 0 0 0
1376760600 0 0 0 0
1376758800 0 0 0 0
1376757000 0 0 0 0
1376755200 0 0 0 0
1376753400 0 0 0 0
1376751600 0 0 0 0
1376749800 0 0 0 0
1376748000 0 0 0 0
1376746200 0 0 0 0
1376744400 0 0 0 0
1376742600 0 0 0 0
1376740800 0 0 0 0
1376739000 0 0 0 0
1376737200 0 0 0 0
1376735400 0 0 0 0
1376733600 0 0 0 0
1376731800 0 0 0 0
1376730000 0 0 0 0
1376728200 0 0 0 0
1376726400 0 0 0 0
1376724600 0 0 0 0
1376722800 0 0 0 0
1376721000 0 0 0 0
1376719200 0 0 0 0
1376717400 0 0 0 0
1376715600 0 0 0 0
1376713800 0 0 0 0
1376712000 0 0 0 0
1376710200 0 0 0 0
1376708400 0 0 0 0
1376706600 0 0 0 0
1376704800 0 0 0 0
1376703000 0 0 0 0
1376701200 0 0 0 0
1376699400 0 0 0 0
1376697600 0 0 0 0
1376695800 0 0 0 0
1376694000 0 0 0 0
1376692200 0 0 0 0
1376690400 0 0 0 0
1376688600 0 0 0 0
1376686800 0 0 0 0
1376685000 0 0 0 0
1376683200 0 0 0 0
1376681400 0 0 0 0
1376679600 0 0 0 0
1376677800 0 0 0 0
1376676000 0 0 0 0
1376674200 0 0 0 0
1376672400 0 0 0 0
1376670600 0 0 0 0
1376668800 0 0 0 0
1376667000 0 0 0 0
1376665200 0 0 0 0
1376663400 0 0 0 0
1376661600 0 0 0 0
1376659800 0 0 0 0
1376658000 0 0 0 0
1376656200 0 0 0 0
1376654400 0 0 0 0
1376652600 0 0 0 0
1376650800 0 0 0 0
1376649000 0 0 0 0
1376647200 0 0 0 0
1376645400 0 0 0 0
1376643600 0 0 0 0
1376641800 0 0 0 0
1376640000 0 0 0 0
1376638200 0 0 0 0
1376636400 0 0 0 0
1376634600 0 0 0 0
1376632800 0 0 0 0
1376631000 0 0 0 0
1376629200 0 0 0 0
1376627400 0 0 0 0
1376625600 0 0 0 0
1376623800 0 0 0 0
1376622000 0 0 0 0
1376620200 0 0 0 0
1376618400 0 0 0 0
1376616600 0 0 0 0
1376614800 0 0 0 0
1376613000 0 0 0 0
1376611200 0 0 0 0
1376609400 0 0 0 0
1376607600 0 0 0 0
1376605800 0 0 0 0
1376604000 0 0 0 0
1376602200 0 0 0 0
1376600400 0 0 0 0
1376598600 0 0 0 0
1376596800 0 0 0 0
1376595000 0 0 0 0
1376593200 0 0 0 0
1376591400 0 0 0 0
1376589600 0 0 0 0
1376587800 0 0 0 0
1376586000 0 0 0 0
1376584200 0 0 0 0
1376582400 0 0 0 0
1376580600 0 0 0 0
1376578800 0 0 0 0
1376577000 0 0 0 0
1376575200 0 0 0 0
1376573400 0 0 0 0
1376571600 0 0 0 0
1376569800 0 0 0 0
1376568000 0 0 0 0
1376566200 0 0 0 0
1376564400 0 0 0 0
1376562600 0 0 0 0
1376560800 0 0 0 0
1376559000 0 0 0 0
1376557200 0 0 0 0
1376555400 0 0 0 0
1376553600 0 0 0 0
1376551800 0 0 0 0
1376550000 0 0 0 0
1376548200 0 0 0 0
1376546400 0 0 0 0
1376544600 0 0 0 0
1376539200 0 0 0 0
1376532000 0 0 0 0
1376524800 0 0 0 0
1376517600 0 0 0 0
1376510400 0 0 0 0
1376503200 0 0 0 0
1376496000 0 0 0 0
1376488800 0 0 0 0
1376481600 0 0 0 0
1376474400 0 0 0 0
1376467200 0 0 0 0
1376460000 0 0 0 0
1376452800 0 0 0 0
1376445600 0 0 0 0
1376438400 0 0 0 0
1376431200 0 0 0 0
1376424000 0 0 0 0
1376416800 0 0 0 0
1376409600 0 0 0 0
1376402400 0 0 0 0
1376395200 0 0 0 0
1376388000 0 0 0 0
1376380800 0 0 0 0
1376373600 0 0 0 0
1376366400 0 0 0 0
1376359200 0 0 0 0
1376352000 0 0 0 0
1376344800 0 0 0 0
1376337600 0 0 0 0
1376330400 0 0 0 0
1376323200 0 0 0 0
1376316000 0 0 0 0
1376308800 0 0 0 0
1376301600 0 0 0 0
1376294400 0 0 0 0
1376287200 0 0 0 0
1376280000 0 0 0 0
1376272800 0 0 0 0
1376265600 0 0 0 0
1376258400 0 0 0 0
1376251200 0 0 0 0
1376244000 0 0 0 0
1376236800 0 0 0 0
1376229600 0 0 0 0
1376222400 0 0 0 0
1376215200 0 0 0 0
1376208000 0 0 0 0
1376200800 0 0 0 0
1376193600 0 0 0 0
1376186400 0 0 0 0
1376179200 0 0 0 0
1376172000 0 0 0 0
1376164800 0 0 0 0
1376157600 0 0 0 0
1376150400 0 0 0 0
1376143200 0 0 0 0
1376136000 0 0 0 0
1376128800 0 0 0 0
1376121600 0 0 0 0
1376114400 0 0 0 0
1376107200 0 0 0 0
1376100000 0 0 0 0
1376092800 0 0 0 0
1376085600 0 0 0 0
1376078400 0 0 0 0
1376071200 0 0 0 0
1376064000 0 0 0 0
1376056800 0 0 0 0
1376049600 0 0 0 0
1376042400 0 0 0 0
1376035200 0 0 0 0
1376028000 0 0 0 0
1376020800 0 0 0 0
1376013600 0 0 0 0
1376006400 0 0 0 0
1375999200 0 0 0 0
1375992000 0 0 0 0
1375984800 0 0 0 0
1375977600 0 0 0 0
1375970400 0 0 0 0
1375963200 0 0 0 0
1375956000 0 0 0 0
1375948800 0 0 0 0
1375941600 0 0 0 0
1375934400 0 0 0 0
1375927200 0 0 0 0
1375920000 0 0 0 0
1375912800 0 0 0 0
1375905600 0 0 0 0
1375898400 0 0 0 0
1375891200 0 0 0 0
1375884000 0 0 0 0
1375876800 0 0 0 0
1375869600 0 0 0 0
1375862400 0 0 0 0
1375855200 0 0 0 0
1375848000 0 0 0 0
1375840800 0 0 0 0
1375833600 0 0 0 0
1375826400 0 0 0 0
1375819200 0 0 0 0
1375812000 0 0 0 0
1375804800 0 0 0 0
1375797600 0 0 0 0
1375790400 0 0 0 0
1375783200 0 0 0 0
1375776000 0 0 0 0
1375768800 0 0 0 0
1375761600 0 0 0 0
1375754400 0 0 0 0
1375747200 0 0 0 0
1375740000 0 0 0 0
1375732800 0 0 0 0
1375725600 0 0 0 0
1375718400 0 0 0 0
1375711200 0 0 0 0
1375704000 0 0 0 0
1375696800 0 0 0 0
1375689600 0 0 0 0
1375682400 0 0 0 0
1375675200 0 0 0 0
1375668000 0 0 0 0
1375660800 0 0 0 0
1375653600 0 0 0 0
1375646400 0 0 0 0
1375639200 0 0 0 0
1375632000 0 0 0 0
1375624800 0 0 0 0
1375617600 0 0 0 0
1375610400 0 0 0 0
1375603200 0 0 0 0
1375596000 0 0 0 0
1375588800 0 0 0 0
1375581600 0 0 0 0
1375574400 0 0 0 0
1375567200 0 0 0 0
1375560000 0 0 0 0
1375552800 0 0 0 0
1375545600 0 0 0 0
1375538400 0 0 0 0
1375531200 0 0 0 0
1375524000 0 0 0 0
1375516800 0 0 0 0
1375509600 0 0 0 0
1375502400 0 0 0 0
1375495200 0 0 0 0
1375488000 0 0 0 0
1375480800 0 0 0 0
1375473600 0 0 0 0
1375466400 0 0 0 0
1375459200 0 0 0 0
1375452000 0 0 0 0
1375444800 0 0 0 0
1375437600 0 0 0 0
1375430400 0 0 0 0
1375423200 0 0 0 0
1375416000 0 0 0 0
1375408800 0 0 0 0
1375401600 0 0 0 0
1375394400 0 0 0 0
1375387200 0 0 0 0
1375380000 0 0 0 0
1375372800 0 0 0 0
1375365600 0 0 0 0
1375358400 0 0 0 0
1375351200 0 0 0 0
1375344000 0 0 0 0
1375336800 0 0 0 0
1375329600 0 0 0 0
1375322400 0 0 0 0
1375315200 0 0 0 0
1375308000 0 0 0 0
1375300800 0 0 0 0
1375293600 0 0 0 0
1375286400 0 0 0 0
1375279200 0 0 0 0
1375272000 0 0 0 0
1375264800 0 0 0 0
1375257600 0 0 0 0
1375250400 0 0 0 0
1375243200 0 0 0 0
1375236000 0 0 0 0
1375228800 0 0 0 0
1375221600 0 0 0 0
1375214400 0 0 0 0
1375207200 0 0 0 0
1375200000 0 0 0 0
1375192800 0 0 0 0
1375185600 0 0 0 0
1375178400 0 0 0 0
1375171200 0 0 0 0
1375164000 0 0 0 0
1375156800 0 0 0 0
1375149600 0 0 0 0
1375142400 0 0 0 0
1375135200 0 0 0 0
1375128000 0 0 0 0
1375120800 0 0 0 0
1375113600 0 0 0 0
1375106400 0 0 0 0
1375099200 0 0 0 0
1375092000 0 0 0 0
1375084800 0 0 0 0
1375077600 0 0 0 0
1375070400 0 0 0 0
1375063200 0 0 0 0
1375056000 0 0 0 0
1375048800 0 0 0 0
1375041600 0 0 0 0
1375034400 0 0 0 0
1375027200 0 0 0 0
1375020000 0 0 0 0
1375012800 0 0 0 0
1375005600 0 0 0 0
1374998400 0 0 0 0
1374991200 0 0 0 0
1374984000 0 0 0 0
1374976800 0 0 0 0
1374969600 0 0 0 0
1374962400 0 0 0 0
1374955200 0 0 0 0
1374948000 0 0 0 0
1374940800 0 0 0 0
1374933600 0 0 0 0
1374926400 0 0 0 0
1374919200 0 0 0 0
1374912000 0 0 0 0
1374904800 0 0 0 0
1374897600 0 0 0 0
1374890400 0 0 0 0
1374883200 0 0 0 0
1374876000 0 0 0 0
1374868800 0 0 0 0
1374861600 0 0 0 0
1374854400 0 0 0 0
1374847200 0 0 0 0
1374840000 0 0 0 0
1374832800 0 0 0 0
1374825600 0 0 0 0
1374818400 0 0 0 0
1374811200 0 0 0 0
1374804000 0 0 0 0
1374796800 0 0 0 0
1374789600 0 0 0 0
1374782400 0 0 0 0
1374775200 0 0 0 0
1374768000 0 0 0 0
1374760800 0 0 0 0
1374753600 0 0 0 0
1374746400 0 0 0 0
1374739200 0 0 0 0
1374732000 0 0 0 0
1374724800 0 0 0 0
1374717600 0 0 0 0
1374710400 0 0 0 0
1374703200 0 0 0 0
1374696000 0 0 0 0
1374688800 0 0 0 0
1374681600 0 0 0 0
1374674400 0 0 0 0
1374667200 0 0 0 0
1374660000 0 0 0 0
1374652800 0 0 0 0
1374645600 0 0 0 0
1374638400 0 0 0 0
1374631200 0 0 0 0
1374624000 0 0 0 0
1374616800 0 0 0 0
1374609600 0 0 0 0
1374602400 0 0 0 0
1374595200 0 0 0 0
1374588000 0 0 0 0
1374580800 0 0 0 0
1374573600 0 0 0 0
1374566400 0 0 0 0
1374559200 0 0 0 0
1374552000 0 0 0 0
1374544800 0 0 0 0
1374537600 0 0 0 0
1374530400 0 0 0 0
1374523200 0 0 0 0
1374516000 0 0 0 0
1374508800 0 0 0 0
1374501600 0 0 0 0
1374494400 0 0 0 0
1374487200 0 0 0 0
1374480000 0 0 0 0
1374472800 0 0 0 0
1374465600 0 0 0 0
1374458400 0 0 0 0
1374451200 0 0 0 0
1374444000 0 0 0 0
1374436800 0 0 0 0
1374429600 0 0 0 0
1374422400 0 0 0 0
1374415200 0 0 0 0
1374408000 0 0 0 0
1374400800 0 0 0 0
1374393600 0 0 0 0
1374386400 0 0 0 0
1374379200 0 0 0 0
1374372000 0 0 0 0
1374364800 0 0 0 0
1374357600 0 0 0 0
1374350400 0 0 0 0
1374343200 0 0 0 0
1374336000 0 0 0 0
1374328800 0 0 0 0
1374321600 0 0 0 0
1374314400 0 0 0 0
1374307200 0 0 0 0
1374300000 0 0 0 0
1374292800 0 0 0 0
1374285600 0 0 0 0
1374278400 0 0 0 0
1374271200 0 0 0 0
1374264000 0 0 0 0
1374256800 0 0 0 0
1374249600 0 0 0 0
1374242400 0 0 0 0
1374235200 0 0 0 0
1374228000 0 0 0 0
1374220800 0 0 0 0
1374213600 0 0 0 0
1374206400 0 0 0 0
1374199200 0 0 0 0
1374192000 0 0 0 0
1374184800 0 0 0 0
1374177600 0 0 0 0
1374170400 0 0 0 0
1374163200 0 0 0 0
1374156000 0 0 0 0
1374148800 0 0 0 0
1374141600 0 0 0 0
1374134400 0 0 0 0
1374127200 0 0 0 0
1374120000 0 0 0 0
1374112800 0 0 0 0
1374105600 0 0 0 0
1374098400 0 0 0 0
1374091200 0 0 0 0
1374084000 0 0 0 0
1374076800 0 0 0 0
1374069600 0 0 0 0
1374062400 0 0 0 0
1374055200 0 0 0 0
1374048000 0 0 0 0
1374040800 0 0 0 0
1374033600 0 0 0 0
1374026400 0 0 0 0
1374019200 0 0 0 0
1374012000 0 0 0 0
1374004800 0 0 0 0
1373997600 0 0 0 0
1373990400 0 0 0 0
1373983200 0 0 0 0
1373976000 0 0 0 0
1373968800 0 0 0 0
1373961600 0 0 0 0
1373954400 0 0 0 0
1373947200 0 0 0 0
1373940000 0 0 0 0
1373932800 0 0 0 0
1373925600 0 0 0 0
1373918400 0 0 0 0
1373911200 0 0 0 0
1373904000 0 0 0 0
1373896800 0 0 0 0
1373889600 0 0 0 0
1373882400 0 0 0 0
1373875200 0 0 0 0
1373868000 0 0 0 0
1373860800 0 0 0 0
1373853600 0 0 0 0
1373846400 0 0 0 0
1373839200 0 0 0 0
1373832000 0 0 0 0
1373824800 0 0 0 0
1373817600 0 0 0 0
1373810400 0 0 0 0
1373803200 0 0 0 0
1373796000 0 0 0 0
1373788800 0 0 0 0
1373781600 0 0 0 0
1373774400 0 0 0 0
1373767200 0 0 0 0
1373760000 0 0 0 0
1373752800 0 0 0 0
1373745600 0 0 0 0
1373738400 0 0 0 0
1373731200 0 0 0 0
1373724000 0 0 0 0
1373716800 0 0 0 0
1373709600 0 0 0 0
1373702400 0 0 0 0
1373695200 0 0 0 0
1373688000 0 0 0 0
1373680800 0 0 0 0
1373673600 0 0 0 0
1373666400 0 0 0 0
1373659200 0 0 0 0
1373652000 0 0 0 0
1373644800 0 0 0 0
1373637600 0 0 0 0
1373630400 0 0 0 0
1373623200 0 0 0 0
1373616000 0 0 0 0
1373608800 0 0 0 0
1373601600 0 0 0 0
1373594400 0 0 0 0
1373587200 0 0 0 0
1373580000 0 0 0 0
1373572800 0 0 0 0
1373565600 0 0 0 0
1373558400 0 0 0 0
1373551200 0 0 0 0
1373544000 0 0 0 0
1373536800 0 0 0 0
1373529600 0 0 0 0
1373522400 0 0 0 0
1373515200 0 0 0 0
1373508000 0 0 0 0
1373500800 0 0 0 0
1373493600 0 0 0 0
1373486400 0 0 0 0
1373479200 0 0 0 0
1373472000 0 0 0 0
1373464800 0 0 0 0
1373457600 0 0 0 0
1373450400 0 0 0 0
1373443200 0 0 0 0
1373436000 0 0 0 0
1373428800 0 0 0 0
1373421600 0 0 0 0
1373414400 0 0 0 0
1373407200 0 0 0 0
1373400000 0 0 0 0
1373392800 0 0 0 0
1373385600 0 0 0 0
1373378400 0 0 0 0
1373371200 0 0 0 0
1373364000 0 0 0 0
1373356800 0 0 0 0
1373349600 0 0 0 0
1373342400 0 0 0 0
1373335200 0 0 0 0
1373328000 0 0 0 0
1373320800 0 0 0 0
1373313600 0 0 0 0
1373306400 0 0 0 0
1373299200 0 0 0 0
1373292000 0 0 0 0
1373284800 0 0 0 0
1373277600 0 0 0 0
1373270400 0 0 0 0
1373263200 0 0 0 0
1373256000 0 0 0 0
1373248800 0 0 0 0
1373241600 0 0 0 0
1373234400 0 0 0 0
1373227200 0 0 0 0
1373220000 0 0 0 0
1373212800 0 0 0 0
1373205600 0 0 0 0
1373198400 0 0 0 0
1373191200 0 0 0 0
1373184000 0 0 0 0
1373176800 0 0 0 0
1373169600 0 0 0 0
1373162400 0 0 0 0
1373155200 0 0 0 0
1373148000 0 0 0 0
1373140800 0 0 0 0
1373133600 0 0 0 0
1373126400 0 0 0 0
1373119200 0 0 0 0
1373112000 0 0 0 0
1373104800 0 0 0 0
1373097600 0 0 0 0
1373090400 0 0 0 0
1373083200 0 0 0 0
1373076000 0 0 0 0
1373068800 0 0 0 0
1373061600 0 0 0 0
1373054400 0 0 0 0
1373047200 0 0 0 0
1373040000 0 0 0 0
1373032800 0 0 0 0
1373025600 0 0 0 0
1373018400 0 0 0 0
1373011200 0 0 0 0
1373004000 0 0 0 0
1372996800 0 0 0 0
1372989600 0 0 0 0
1372982400 0 0 0 0
1372975200 0 0 0 0
1372968000 0 0 0 0
1372960800 0 0 0 0
1372953600 0 0 0 0
1372946400 0 0 0 0
1372939200 0 0 0 0
1372932000 0 0 0 0
1372924800 0 0 0 0
1372917600 0 0 0 0
1372910400 0 0 0 0
1372903200 0 0 0 0
1372896000 0 0 0 0
1372888800 0 0 0 0
1372881600 0 0 0 0
1372874400 0 0 0 0
1372867200 0 0 0 0
1372860000 0 0 0 0
1372852800 0 0 0 0
1372845600 0 0 0 0
1372838400 0 0 0 0
1372831200 0 0 0 0
1372824000 0 0 0 0
1372816800 0 0 0 0
1372809600 0 0 0 0
1372802400 0 0 0 0
1372795200 4821 84 7495 154
1372788000 5572 160 64633 4605
1372780800 13179 4360 50639 12289
1372773600 16539 10697 21982 12171
1372766400 14934 10664 19603 11566
1372759200 15076 10733 19733 11685
1372752000 20155 10609 89013 12543
1372744800 14777 10544 19821 11776
1372737600 14564 10274 19803 11607
1372730400 15021 10548 20027 11802
1372723200 16167 10676 24241 12172
1372716000 19011 10898 32837 12472
1372708800 20341 10809 28907 12566
1372701600 20712 11024 29371 12549
1372694400 19037 10953 33466 12510
1372687200 17171 10906 22442 12321
1372680000 15586 10744 28957 12036
1372672800 14874 10773 19541 11672
1372665600 14870 10888 19641 12245
1372658400 14909 10794 21299 11851
1372651200 14903 10831 19601 11794
1372644000 15281 10875 29021 12081
1372636800 14914 10881 19551 11734
1372629600 15011 10928 19566 11734
1372622400 15060 10977 19923 12001
1372615200 15086 10999 19922 11974
1372608000 15385 10939 29149 12377
1372600800 15038 10962 19768 11866
1372593600 14967 10898 19539 11731
1372586400 14876 10802 20049 12155
1372579200 14958 10969 19912 12574
1372572000 15428 10954 29855 12133
1372564800 14973 10922 19747 11950
1372557600 14946 10895 19485 11618
1372550400 14917 10874 19815 11972
1372543200 14965 10890 20007 12078
1372536000 15456 11021 29299 12370
1372528800 15172 11091 20294 12418
1372521600 15252 11148 20270 12292
1372514400 15300 11151 20081 12236
1372507200 15313 11083 20064 12158
1372500000 15545 10967 28910 12269
1372492800 20316 11095 81030 13523
1372485600 15100 10866 19601 11662
1372478400 14478 10274 18646 11364
1372471200 14979 10795 19857 12212
1372464000 16194 11020 30838 12421
1372456800 18797 11308 30838 13219
1372449600 18547 11361 22721 13281
1372442400 21669 11169 33529 12821
1372435200 19761 11277 28334 12835
1372428000 18574 11259 29769 12563
1372420800 16231 11124 29769 12081
1372413600 15627 11018 20551 12143
1372406400 21264 11497 79825 12975
1372399200 15567 11015 20556 12143
1372392000 15587 11005 30104 12038
1372384800 16033 10956 30104 11863
1372377600 16762 11302 22692 12774
1372370400 18481 11589 22954 13298
1372363200 18680 11617 22968 13245
1372356000 18810 11472 31988 13100
1372348800 28396 11480 238759 12851
1372341600 17266 11345 23141 12209
1372334400 18342 11329 72717 11953
1372327200 22128 11179 161095 12279
1372320000 23963 11525 105263 14342
1372312800 15951 11000 29386 12231
1372305600 19580 10985 56202 11965
1372298400 23752 10912 209958 12209
1372291200 16751 11247 22874 12805
1372284000 19109 11577 32186 12967
1372276800 19316 11558 32186 13234
1372269600 18718 11516 23247 13762
1372262400 19031 11599 24149 12825
1372255200 17804 11505 23753 12725
1372248000 16218 11393 29652 12197
1372240800 16483 11290 29652 12396
1372233600 24289 11321 83122 12844
1372226400 18581 11081 82642 12719
1372219200 15829 10987 29574 11876
1372204800 17892 11011 88903 13467
1372118400 16691 10398 80317 15839
1372032000 15023 10447 65669 11877
1371945600 15196 10299 85830 15419
1371859200 16779 10492 84883 12265
1371772800 17635 10755 118014 113112
1371686400 18209 10405 86998 13079
1371600000 18901 10714 99827 12588
1371513600 17581 11009 47734 16616
1371427200 15422 11162 29158 12479
1371340800 15787 10960 87715 13207
1371254400 19320 10982 445448 12780
1371168000 18762 10994 168882 13574
1371081600 19021 10931 164624 91117
1370995200 17740 10798 89937 13024
1370908800 18307 11031 193806 13143
1370822400 15230 11070 29067 12721
1370736000 15281 10554 88779 12904
1370649600 18093 10589 87659 13379
1370563200 18190 11060 85233 14601
1370476800 18724 10942 82440 13078
1370390400 17393 10910 84344 13117
1370304000 17458 10887 237084 12731
1370217600 15071 10692 28592 12104
1370131200 15185 10343 79544 12931
1370044800 18424 10558 72748 12319
1369958400 17565 10789 70031 13041
1369872000 18259 10841 81432 13671
1369785600 17867 11121 67525 12593
1369699200 15662 11432 30163 16541
1369612800 15728 11564 29243 12977
1369526400 16079 11534 68324 52117
1369440000 17860 12142 192139 188010
1369353600 21792 11904 92500 14821
1369267200 23617 11879 86976 14747
1369180800 24091 11891 83655 15815
1369094400 26481 11953 844128 13436
1369008000 33705 12018 3826973 13546
1368921600 20600 11902 90317 13612
1368835200 22453 11868 91662 13455
1368748800 22922 11959 108038 31271
1368662400 23445 12604 204458 193849
1368576000 22930 12044 105526 13265
1368489600 23143 12050 345055 13363
1368403200 20492 12086 33949 13380
1368316800 21188 12024 100527 13764
1368230400 31505 12038 1042672 14702
1368144000 38928 11981 259591 14668
1368057600 23446 12073 89366 14039
1367971200 23774 12028 95261 14166
1367884800 22503 11859 42780 13478
1367798400 20424 11875 34041 13234
1367712000 20452 11617 85974 13342
1367625600 22503 11721 86776 13825
1367539200 23250 11689 98827 15599
1367452800 24300 11800 139322 18569
1367366400 22643 11733 91602 13332
1367280000 23019 11883 37524 13177
1367193600 20855 11939 32002 13322
1367107200 20976 11692 86285 13390
1367020800 22521 11682 85916 13258
1366934400 22957 11783 88079 16416
1366848000 23357 11795 91974 27749
1366761600 25668 11730 96856 13255
1366675200 23137 11845 46955 13003
1366588800 20503 11993 45417 13165
1366502400 20612 11772 98063 13678
1366416000 24160 11814 102803 13447
1366329600 37128 12158 1479365 114173
1366243200 25422 11966 94717 27351
1366156800 24191 11738 98134 13411
1366070400 23101 11954 42309 13305
1365984000 20452 12003 34232 29002
1365897600 20889 11769 95730 13725
1365811200 24461 11820 94837 13414
1365724800 23780 11891 99623 32696
1365638400 25062 12248 133462 124916
1365552000 23838 11860 93620 14327
1365465600 23020 12002 37758 13636
1365379200 20685 12076 33842 13834
1365292800 21972 11867 338856 18535
1365206400 25946 15949 95107 20625
1365120000 26452 18468 128095 23342
1365033600 26483 18332 152854 25055
1364947200 23539 12578 119358 29819
1364860800 23508 12046 165028 52228
1364774400 20646 11987 34257 17915
1364688000 21159 11782 151051 18137
1364601600 23412 14497 125882 37077
1364515200 23703 12450 201385 189986
1364428800 24136 11938 112390 40972
1364342400 23945 12060 125815 37237
1364256000 23750 11991 39808 13698
1364169600 20898 12009 31875 13091
1364083200 21264 11855 93207 13242
1363996800 24430 11871 94839 14449
1363910400 28602 14465 494279 39118
1363824000 37719 14845 112494 29969
1363737600 38226 14908 121323 29064
1363651200 26943 7771 56353 30573
1363564800 19132 3367 23096 4852
1363478400 19787 3376 93499 5420
1363392000 23891 2555 94128 62844
1363305600 25760 2716 135401 124550
1363219200 26416 1526 239268 3426
1363132800 30521 1816 490764 230111
1363046400 24622 849 182151 2409
1362960000 19794 845 86114 2764
1362873600 20291 846 90484 2483
1362787200 25603 851 330154 2900
1362700800 25943 873 151527 5533
1362614400 28464 872 331335 3780
1362528000 26105 1205 596254 103391
1362441600 31674 826 1505639 2349
1362355200 19148 838 31385 5662
1362268800 19602 825 58452 2410
1362182400 24716 949 227456 31773
1362096000 27739 3001 168605 15458
1362009600 29314 4279 87572 19574
1361923200 29302 4309 70189 5979
1361836800 31216 4217 323304 6108
1361750400 23650 4246 38399 5351
1361664000 24317 4252 64967 6139
1361577600 29851 4443 169299 33202
1361491200 30646 4343 299660 31963
1361404800 32126 4259 544750 8325
1361318400 32004 4291 945721 5707
1361232000 23869 4180 55299 5837
1361145600 23709 4217 35929 6041
1361059200 24946 4272 150111 5732
1360972800 31208 4443 348188 23382
1360886400 31613 4566 482237 33452
1360800000 34203 7266 476379 207652
1360713600 32736 8835 202766 29917
1360627200 47934 9855 98709 11432
1360540800 48079 10069 53540 11540
1360454400 46416 9861 158800 14651
1360368000 47977 9554 210602 12676
1360281600 43581 9181 422806 31531
1360195200 44639 8737 717725 26634
1360108800 51212 8679 983113 20183
1360022400 69836 8698 5547465 9969
1359936000 37997 9030 44343 10721
1359849600 37898 8890 135219 30362
1359763200 42909 9253 394583 44088
1359676800 38315 16257 760852 730097
1359590400 37517 8814 1164547 39251
1359504000 26714 7641 852802 84620
1359417600 12762 1515 493707 21779
1359331200 5026 386 80012 19416
1359244800 6874 212 84112 3656
1359158400 23290 5290 821584 413752
1359072000 17058 87 1276755 1326
1358985600 9245 83 141049 1474
1358899200 9220 83 90790 1623
1358812800 4524 80 14097 239
1358726400 4340 80 6138 243
1358640000 4946 81 90935 1320
1358553600 9572 84 130813 1997
1358467200 9952 86 96624 2333
1358380800 7592 83 89009 1285
1358294400 7824 82 92066 1294
1358208000 17354 79 1744425 247
1358121600 4079 80 7838 227
1358035200 4366 86 91670 2222
1357948800 7047 81 90399 1195
1357862400 7318 93 113729 3827
1357776000 7977 91 109613 3383
1357689600 7328 86 98118 2270
1357603200 7461 361 25398 585
1357516800 4237 424 15256 573
1357430400 4691 431 95164 2593
1357344000 10193 427 298780 1758
1357257600 8849 451 331013 8525
1357171200 5549 424 29839 609
1357084800 4314 431 101081 3102
1356998400 5857 424 19149 583
1356912000 3988 424 4232 577
1356825600 4360 431 95162 2714
1356739200 5388 430 97910 2801
1356652800 5636 433 106501 3435
1356566400 5703 440 129181 3181
1356480000 4214 431 101768 2872
1356393600 3880 424 4073 586
1356307200 3864 424 4001 600
1356220800 4370 429 97548 1984
1356134400 6097 442 98938 3438
1356048000 6611 431 98575 2978
1355961600 6911 431 155159 2761
1355875200 7533 434 99804 2178
1355788800 7279 438 142648 4878
1355702400 4169 424 10396 574
1355616000 4613 433 103969 3676
1355529600 6695 431 97419 2782
1355443200 8678 431 384020 2744
1355356800 12476 551 564200 15190
1355270400 12965 579 285068 8397
1355184000 6668 427 30817 1376
1355097600 4419 424 15560 629
1355011200 4699 430 95993 2587
1354924800 6939 430 96313 2809
1354838400 7235 428 94818 1872
1354752000 9761 544 643112 35263
1354665600 7179 426 33003 1494
1354579200 6080 424 19884 581
1354492800 4009 424 5448 628
1354406400 5404 429 91777 2416
1354320000 8168 432 94462 3028
1354233600 6706 429 87810 2344
1354147200 7135 433 87713 2010
1354060800 7375 426 90395 1564
1353974400 5762 424 20330 581
1353888000 6655 333 288440 10238
1353801600 3521 93 89238 1811
1353715200 3780 100 88786 2064
1353628800 3567 93 88439 1796
1353542400 6044 103 88865 1662
1353456000 7960 98 95383 2275
1353369600 5754 92 24890 297
1353283200 3425 89 3647 242
1353196800 3826 90 90892 1201
1353110400 6393 95 90119 1188
1353024000 6677 100 89193 2090
1352937600 8182 114 134392 4171
1352851200 7230 97 91830 1433
1352764800 5748 94 18176 260
1352678400 3684 88 9075 245
1352592000 3978 94 87013 1659
1352505600 7008 102 88115 2215
1352419200 5387 98 90422 1310
1352332800 6793 130 202362 9018
1352246400 6458 100 85417 1932
1352160000 6659 93 29064 250
1352073600 3561 89 4583 239
1351987200 3882 96 86876 2218
1351900800 5560 99 89663 2222
1351814400 5144 100 90055 2193
1351728000 5915 130 327685 7117
1351641600 3644 89 15037 242
1351555200 3387 90 6360 257
1351468800 3408 89 3600 237
1351382400 3767 93 93990 1377
1351296000 5426 102 93503 2533
1351209600 7540 124 330793 8806
1351123200 7142 116 158878 4306
1351036800 5980 100 100167 1852
1350950400 5534 94 21469 299
1350864000 4176 89 10188 249
1350777600 4879 99 92443 2643
1350691200 7316 103 147045 2616
1350604800 9544 104 304035 2622
1350518400 7532 117 91613 2608
1350432000 6778 104 98881 2811
1350345600 6549 96 19866 301
1350259200 3704 89 4297 288
1350172800 4074 98 92492 2612
1350086400 5636 101 92796 2606
1350000000 7458 106 160715 2671
1349913600 6606 126 331837 8942
1349827200 5720 97 28999 933
1349740800 5068 94 10843 249
1349654400 4065 157 93791 4516
1349568000 3785 347 4701 3390
1349481600 6031 344 92886 26386
1349395200 6939 108 91453 2604
1349308800 6778 118 93735 2682
1349222400 5963 103 99585 2819
1349136000 7360 94 52002 247
1349049600 3899 89 4652 310
1348963200 4509 99 95789 2693
1348876800 7022 102 132684 2599
1348790400 9193 150 383662 8055
1348704000 7874 118 91820 2613
1348617600 6153 105 95864 2697
1348531200 6131 104 47048 2221
1348444800 3693 90 4676 297
1348358400 4169 97 90139 2550
1348272000 6155 283 91460 13667
1348185600 8056 274 365428 10180
1348099200 16066 558 598834 16831
1348012800 6147 95 19562 248
1347926400 5913 94 18870 251
1347840000 3898 91 4697 242
1347753600 3956 91 7856 244
1347667200 5539 93 17876 244
1347580800 5647 95 16550 257
1347494400 6229 95 19155 265
1347408000 6403 97 89344 272
1347321600 5832 95 48100 253
1347235200 3755 90 4032 244
1347148800 3808 90 4280 241
1347062400 5369 94 24657 249
1346976000 5355 95 22143 248
1346889600 5820 95 37849 259
1346803200 5740 98 43705 1053
1346716800 3709 91 4081 244
1346630400 3706 90 4002 236
1346544000 3728 90 4188 245
1346457600 5314 93 21427 262
1346371200 7401 94 85875 243
1346284800 6828 95 61287 248
1346198400 6334 262 99593 12975
1346112000 5269 91 18604 245
1346025600 3805 89 4207 533
1345939200 3872 88 4510 243
1345852800 4923 201 20978 25443
1345766400 5686 90 28088 247
1345680000 5682 105 18665 2725
1345593600 5437 91 19187 250
1345507200 4943 91 16905 252
1345420800 3424 87 3627 244
1345334400 3494 86 3781 233
1345248000 5509 89 27196 236
1345161600 4815 90 20843 240
1345075200 5044 90 21273 239
1344988800 5289 91 17692 256
1344902400 5356 90 18673 242
1344816000 3351 86 3536 235
1344729600 3466 86 4677 234
1344643200 5379 93 17624 1127
1344556800 5135 90 18624 246
1344470400 5644 90 18239 243
1344384000 5191 89 18858 236
1344297600 5526 90 17598 237
1344211200 3365 86 3644 232
1344124800 3456 86 3898 242
1344038400 6038 89 22156 244
1343952000 5306 93 18190 250
1343865600 6596 92 22118 249
1343779200 5808 91 18465 240
1343692800 5495 90 18058 239
1343606400 3542 87 3834 236
1343520000 3596 86 4872 229
1343433600 6386 91 125846 245
1343347200 6313 92 22500 250
1343260800 6210 91 20993 244
1343174400 6618 93 30230 246
1343088000 5650 93 20350 251
1343001600 3814 88 4035 233
1342915200 3915 87 4575 236
1342828800 6735 90 24857 245
1342742400 6613 91 107200 248
1342656000 7739 101 41111 1764
1342569600 6813 90 24365 246
1342483200 6909 92 29795 245
1342396800 3684 86 4036 236
1342310400 3853 85 4452 236
1342224000 6501 90 30049 244
1342137600 7140 91 49882 249
1342051200 6308 91 24883 256
1341964800 6018 92 19157 255
1341878400 6351 92 19700 241
1341792000 3620 87 3862 237
1341705600 3710 87 4159 233
1341619200 5923 90 18015 249
1341532800 5865 91 21683 248
1341446400 3643 86 4134 225
1341360000 6370 89 27157 247
1341273600 5335 91 18229 251
1341187200 3556 86 3979 227
1341100800 3648 88 4810 236
1341014400 6625 91 86541 247
1340928000 9854 92 236459 241
1340841600 10175 93 611949 248
1340755200 6906 92 29942 255
1340668800 7444 91 119741 258
1340582400 3661 86 21519 232
1340496000 3734 87 12106 236
1340409600 6128 90 40851 251
1340323200 6825 91 42712 245
1340236800 7580 91 325218 244
1340150400 7717 92 99257 246
1340064000 10874 92 732763 244
1339977600 4424 86 45767 230
1339891200 3820 86 5074 231
1339804800 6012 90 28518 243
1339718400 7736 93 333264 254
1339632000 10145 92 401446 248
1339545600 8656 95 302497 257
1339459200 6483 94 130594 248
1339372800 3674 88 4000 234
1339286400 3550 88 7993 237
1339200000 5028 93 19428 245
1339113600 6003 94 19847 252
1339027200 5427 95 27313 259
1338940800 7083 95 212120 276
1338854400 5408 138 99056 4815
1338768000 0 0 0 0
1338681600 0 0 0 0
1338595200 0 0 0 0
1338508800 0 0 0 0
1338422400 0 0 0 0
1338336000 0 0 0 0
1338249600 0 0 0 0
1338163200 0 0 0 0
1338076800 0 0 0 0
1337990400 0 0 0 0
1337904000 0 0 0 0
1337817600 0 0 0 0
1337731200 0 0 0 0
1337644800 0 0 0 0
1337558400 0 0 0 0
1337472000 0 0 0 0
1337385600 0 0 0 0
1337299200 0 0 0 0
1337212800 0 0 0 0
1337126400 0 0 0 0
1337040000 0 0 0 0
1336953600 0 0 0 0
1336867200 0 0 0 0
1336780800 0 0 0 0
1336694400 0 0 0 0
1336608000 0 0 0 0
1336521600 0 0 0 0
1336435200 0 0 0 0
1336348800 0 0 0 0
1336262400 0 0 0 0
1336176000 0 0 0 0
1336089600 0 0 0 0
1336003200 0 0 0 0
1335916800 0 0 0 0
1335830400 0 0 0 0
1335744000 0 0 0 0
1335657600 0 0 0 0
1335571200 0 0 0 0
1335484800 0 0 0 0
1335398400 0 0 0 0
1335312000 0 0 0 0
1335225600 0 0 0 0
1335139200 0 0 0 0
1335052800 0 0 0 0
1334966400 9745 136 31696 1195
1334880000 10767 145 49115 1232
1334793600 10655 146 472646 1282
1334707200 7958 147 77190 1263
1334620800 8766 146 221337 1222
1334534400 3767 142 22589 1171
1334448000 3844 147 23160 1193
1334361600 6047 151 27832 1400
1334275200 19046 37703 876497 3446374
1334188800 26259 7482 1868088 302017
1334102400 16166 5425 781528 120799
1334016000 9748 5083 289554 131519
1333929600 6572 4545 286111 58525
1333843200 3387 1364 42057 22792
1333756800 56338 56282 1721131 1169856
1333670400 241171 153955 8962968 1768889
1333584000 18496 3526 122715 57204
1333497600 181048 12175 5812527 277534
1333411200 143006 109821 2532012 5971266
1333324800 56351 30695 92286 563608
1333238400 50206 429 88788 9603
1333152000 113416 19595 5150039 289467
1333065600 75775 7096 4500184 188748
1332979200 73895 1750 5162875 155754
1332892800 56596 1666 981961 128049
1332806400 52538 752 165663 13579
1332720000 47565 337 81202 2517
1332633600 47038 340 78892 2500
1332547200 54499 3108 533960 27381
1332460800 51341 411 87659 2634
1332374400 62101 9622 1288150 494420
1332288000 46269 1241 109161 96891
1332201600 57788 480 2077248 6066
1332115200 49880 417 77660 19417
1332028800 46390 1014 129893 15921
1331942400 54891 454 188306 5303
1331856000 48419 931119 1010166 8461376
1331769600 28700 27794 1828378 1918338
1331683200 10308 1693 405341 5417
1331596800 42884 51709 1467649 1970610
1331510400 4454 421 16278 3527
1331424000 4656 418 23204 2498
1331337600 8381 11134 78983 1076255
1331251200 8127 1635 130002 19746
1331164800 12882 4759 322410 302902
1331078400 22776 113001 870556 158271
1330992000 48224 11130 5117577 166502
1330905600 4351 335 20302 1570
1330819200 4445 336 22349 1493
1330732800 6003 1164 22482 129361
1330646400 20468 44237 874847 3172989
1330560000 958432 158955 8885896 5839698
1330473600 46256 3131 6165189 192904
1330387200 9476 16397 305335 55769
1330300800 5854 25336 12235 26442
1330214400 29762 1021774 203198 8355377
1330128000 45467 1184403 1101101 8536945
1330041600 103479 965846 5520213 5045717
1329955200 13358 411 731370 8655
1329868800 9073 534 609728 10193
1329782400 4505 292 71000 1387
1329696000 4173 290 11192 1281
1329609600 4410 291 23205 1330
1329523200 21309 1955 4096417 190685
1329436800 32077 986932 230942 5060022
1329350400 11901 14418 594076 28801
1329264000 12793 155965 144933 5024146
1329177600 32501 900146 677878 5157523
1329091200 4379 325 24134 1206
1329004800 4597 341 26540 11037
1328918400 20507 66791 1790792 6267213
1328832000 67530 4649 1469425 274105
1328745600 9362 3745 186186 90839
1328659200 15547 3030 1006788 58018
1328572800 8377 16688 167488 2333803
1328486400 4336 328 11117 1298
1328400000 4493 336 22101 1368
1328313600 45005 934881 1998030 7804247
1328227200 70155 2345059 598909 7668348
1328140800 29168 648542 848462 7809582
1328054400 172684 753246 3139251 7378939
1327968000 7717 1342 164723 37693
1327881600 4257 403 17313 1307
1327795200 4407 539 16838 12245
1327708800 74782 2559620 263723 7213291
1327622400 43533 1263869 465660 7388932
1327536000 10894 21571 714188 191702
1327449600 19137 2269 613543 134099
1327363200 14614 292835 220099 8390855
1327276800 4318 310 13262 1444
1327190400 4443 320 21117 1353
1327104000 35913 1068145 657327 8480460
1327017600 100482 2568497 2919866 8509298
1326931200 19245 138267 896077 169891
1326844800 13394 232688 81304 433011
1326758400 8679 136404 109042 175550
1326672000 8436 153349 10293 163391
1326585600 8328 144529 11286 163851
1326499200 17473 179988 1191303 4699536
1326412800 9486 51539 54971 208874
1326326400 85680 3305083 171776 5055598
1326240000 31220 970265 202488 5071892
1326153600 13050 183265 216796 8306149
1326067200 8776 155805 13783 159263
1325980800 8842 154817 17589 164797
1325894400 99832 144683 4364111 323580
1325808000 12980 215430 193531 7905066
1325721600 47348 419509 1207603 10905529
1325635200 13127 141859 133522 308390
1325548800 9889 163984 41613 192522
1325462400 10552 184181 66689 189251
1325376000 10164 186794 14246 196176
1325289600 24444 330547 894026 7564022
1325203200 81328 146670 10220476 442947
1325116800 8146 19778 576089 171177
1325030400 9271 130016 67565 161404
1324944000 7626 123879 20462 160987
1324857600 7516 125905 16371 155060
1324771200 7783 141925 13440 156385
1324684800 7846 132177 44057 154815
1324598400 55586 149087 5210856 370746
1324512000 111233 143866 9285112 389136
1324425600 57094 127984 7129040 380728
1324339200 47801 172129 9154140 7276919
1324252800 7698 128161 38138 158367
1324166400 7945 142724 16447 158420
1324080000 11302 136479 211892 164893
1323993600 11618 97963 313846 164893
1323907200 12228 120607 143661 185795
1323820800 12839 140026 384569 209196
1323734400 11153 122603 74578 196776
1323648000 7993 126391 9003 152307
1323561600 8456 143015 14801 159364
1323475200 10772 104142 74775 158556
1323388800 16762 137993 512281 286327
1323302400 11034 138648 90414 303083
1323216000 10079 134265 80275 166619
1323129600 11602 133373 139468 234529
1323043200 8483 156526 10750 159379
1322956800 8376 145182 17405 159135
1322870400 10739 126714 104909 198049
1322784000 13180 144491 178182 394196
1322697600 11128 124428 73349 177878
1322611200 10013 19802 258329 536234
1322524800 7956 1422 71444 56566
1322438400 3782 531 7037 1356
1322352000 3797 769 8464 34027
1322265600 3980 770 40598 33544
1322179200 4043 769 36223 33730
1322092800 6131 2667 98790 92793
1322006400 12241 2003 697064 70154
1321920000 12494 3810 1240164 60661
1321833600 5218 322 290749 5895
1321747200 7943 2758 940249 348049
1321660800 320710 307509 915990 446403
1321574400 382966 57532 580343 886921
1321488000 98577 31855 577820 1296995
1321401600 17495 15952 1740066 669329
1321315200 6825 22539 43441 1422734
1321228800 3928 350 6688 1083
1321142400 4136 352 20800 984
1321056000 7211 12926 109443 1662320
1320969600 7333 1172 47012 187373
1320883200 9121 69646 150280 2618944
1320796800 11856 387 1211688 26994
1320710400 5787 223 21389 4260
1320624000 3928 147 4451 1112
1320537600 3961 146 4523 801
1320451200 5567 253 17646 5324
1320364800 1963 72 38220 6315
1320278400 0 0 0 0
1320192000 0 0 0 0
1320105600 0 0 0 0
1320019200 0 0 0 0
1319932800 0 0 0 0
1319846400 0 0 0 0
1319760000 0 0 0 0
1319673600 0 0 0 0
1319587200 0 0 0 0
1319500800 0 0 0 0
1319414400 0 0 0 0
1319328000 0 0 0 0
1319241600 0 0 0 0
1319155200 0 0 0 0
1319068800 0 0 0 0
1318982400 0 0 0 0
1318896000 0 0 0 0
1318809600 0 0 0 0
1318723200 0 0 0 0
1318636800 0 0 0 0
1318550400 0 0 0 0
1318464000 0 0 0 0
1318377600 0 0 0 0
1318291200 0 0 0 0
1318204800 0 0 0 0
1318118400 0 0 0 0
1318032000 0 0 0 0
1317945600 0 0 0 0
1317859200 0 0 0 0
1317772800 0 0 0 0
1317686400 0 0 0 0
1317600000 0 0 0 0
1317513600 0 0 0 0
1317427200 0 0 0 0
1317340800 0 0 0 0
1317254400 0 0 0 0
1317168000 0 0 0 0
1317081600 0 0 0 0
1316995200 0 0 0 0
1316908800 0 0 0 0
1316822400 0 0 0 0
1316736000 0 0 0 0
1316649600 0 0 0 0
1316563200 0 0 0 0
1316476800 0 0 0 0
1316390400 0 0 0 0
1316304000 0 0 0 0
1316217600 0 0 0 0
1316131200 0 0 0 0
1316044800 0 0 0 0
1315958400 0 0 0 0
1315872000 0 0 0 0
1315785600 0 0 0 0
1315699200 0 0 0 0
1315612800 0 0 0 0
1315526400 0 0 0 0
1315440000 0 0 0 0
1315353600 0 0 0 0
1315267200 0 0 0 0
1315180800 0 0 0 0
1315094400 0 0 0 0
1315008000 0 0 0 0
1314921600 0 0 0 0
1314835200 0 0 0 0
1314748800 0 0 0 0
1314662400 0 0 0 0
1314576000 0 0 0 0
1314489600 0 0 0 0
1314403200 0 0 0 0
1314316800 0 0 0 0
1314230400 0 0 0 0
1314144000 0 0 0 0
1314057600 0 0 0 0
1313971200 0 0 0 0
1313884800 0 0 0 0
1313798400 0 0 0 0
1313712000 0 0 0 0
1313625600 0 0 0 0
1313539200 0 0 0 0
1313452800 0 0 0 0
1313366400 0 0 0 0
1313280000 0 0 0 0
1313193600 0 0 0 0
1313107200 0 0 0 0
1313020800 0 0 0 0
1312934400 0 0 0 0
1312848000 0 0 0 0
1312761600 0 0 0 0
1312675200 0 0 0 0
1312588800 0 0 0 0
1312502400 0 0 0 0
1312416000 0 0 0 0
1312329600 0 0 0 0
1312243200 0 0 0 0
1312156800 0 0 0 0
1312070400 0 0 0 0
1311984000 0 0 0 0
1311897600 0 0 0 0
1311811200 0 0 0 0
1311724800 0 0 0 0
1311638400 0 0 0 0
1311552000 0 0 0 0
1311465600 0 0 0 0
1311379200 0 0 0 0
1311292800 0 0 0 0
1311206400 0 0 0 0
1311120000 0 0 0 0
1311033600 0 0 0 0
1310947200 0 0 0 0
1310860800 0 0 0 0
1310774400 0 0 0 0
1310688000 0 0 0 0
1310601600 0 0 0 0
1310515200 0 0 0 0
1310428800 0 0 0 0
1310342400 0 0 0 0
1310256000 0 0 0 0
1310169600 0 0 0 0
1310083200 0 0 0 0
1309996800 0 0 0 0
1309910400 0 0 0 0
1309824000 0 0 0 0
1309737600 0 0 0 0
1309651200 0 0 0 0
1309564800 0 0 0 0
1309478400 0 0 0 0
1309392000 0 0 0 0
1309305600 0 0 0 0
1309219200 0 0 0 0
1309132800 0 0 0 0
1309046400 0 0 0 0
