1377805804 3148330256 871160949
1377805804 1211364 1045127 1211364 1045127
1377805504 1900344 955921 1900344 955921
1377805500 1889287 954103 1900344 955921
1377805200 1071070 817400 1071085 819630
1377804900 1067157 652428 1070027 652428
1377804600 856204 653990 992382 808634
1377804300 992880 808784 1029732 819905
1377804000 1029604 820034 1029732 829623
1377803700 1022128 829426 1167312 829623
1377803400 1170330 813478 1393718 814869
1377803100 1393718 712666 1393718 921789
1377802800 1396260 922700 1584412 990163
1377802500 1581457 989369 1584412 990163
1377802200 1361099 930755 1362851 940780
1377801900 1235941 942348 1567958 1058447
1377801600 1591577 1060534 3929957 1267228
1377801300 3907144 1265186 3929957 1267228
1377801000 1643518 1062029 1648748 1063093
1377800700 1256556 981741 1256556 983357
1377800400 1254827 865288 1256556 1092880
1377800100 1132497 1092880 1544288 1092880
1377799800 1542382 1090827 1544288 1092880
1377799500 1403202 940265 1539161 1035707
1377799200 1540080 1034735 1608141 1035707
1377798900 1609846 964565 1778648 1135543
1377798600 1765945 1124717 1778648 1135543
1377798300 1015185 484438 1016486 486005
1377798000 885541 331788 886426 514336
1377797700 820060 510750 820060 514336
1377797400 821324 246714 914873 343475
1377797100 914379 343140 914873 343475
1377796800 878293 318469 908543 325966
1377796500 910193 326021 1032295 330137
1377796200 1033768 330843 1142827 383103
1377795900 1137949 380983 1142827 383103
1377795600 778360 225122 877548 298174
1377795300 877869 298798 901684 345030
1377795000 901855 345179 914527 356230
1377794700 916904 356515 1152266 384803
1377794400 1151773 404338 1152266 1849979
1377794100 1115314 1828422 1115314 1849979
1377793800 1114263 233896 1115314 298047
1377793500 1008897 298453 1010273 328548
1377793200 944945 331783 3744613 571201
1377792900 3707267 565474 3744613 571201
1377792600 943090 140611 943722 141720
1377792300 896378 58596 896378 58596
1377792000 894886 58663 896378 63671
1377791700 784818 63745 814582 71075
1377791400 818795 71181 1130562 79051
1377791100 1132468 79157 1273519 87018
1377790800 1269881 87133 1273519 95713
1377790500 1006899 96745 1619929 199003
1377790200 1619371 201403 1619929 379009
1377789900 1572675 379754 1578134 434929
1377789600 1169632 434001 1235836 434929
1377789300 1234107 366219 1235836 429914
1377789000 1109650 430878 1365356 502271
1377788700 1365356 503073 1365356 582479
1377788400 1363771 579590 1365356 582479
1377788100 1245162 367825 1246538 516678
1377787800 1142897 514864 1143355 516678
1377787500 1109212 379757 1121991 380689
1377787200 1126468 312287 1457776 421563
1377786900 1454101 423116 1457776 538091
1377786600 1179986 535099 1182155 538091
1377786300 1019514 313867 1019958 322518
1377786000 1020785 323871 1082044 424002
1377785700 1081891 423521 1082044 424002
1377785400 1069297 387208 1070642 387971
1377785100 936224 313089 936224 414866
1377784800 937648 415044 1043046 428223
1377784500 1043474 427253 1075152 428223
1377784200 1075766 356374 1121233 421199
1377783900 1126142 422059 1489425 485721
1377783600 1518775 487595 3690736 626330
1377783300 3669119 623151 3690736 626330
1377783000 2074922 388478 2612064 444629
1377782700 2604535 444877 2612064 463245
1377782400 2047402 462939 2047402 463245
1377782100 2028114 438431 2047402 440345
1377781800 597712 296466 600812 296869
1377781500 370908 266315 560844 266701
1377781200 556209 234844 560844 237787
1377780900 214767 17074 328401 17075
1377780600 329698 17017 425687 17048
1377780300 425738 14816 429584 17639
1377780000 475867 25056 3900851 573928
1377779700 3855741 566692 3900851 573928
1377779400 515087 31280 517639 31285
1377779100 264462 30737 410110 30861
1377778800 419412 23334 1107809 152789
1377778500 1099531 151381 1107809 152789
1377778200 279692 15239 280033 250868
1377777900 254478 248462 254478 250868
1377777600 256058 10399 373050 12878
1377777300 372688 12872 373050 12878
1377777000 337215 12312 360463 12573
1377776700 360475 12574 361388 12708
1377776400 359662 12673 361388 12708
1377776100 233787 10199 365460 13338
1377775800 364238 13302 365460 13338
1377775500 271369 10651 273829 10704
1377775200 89447 6789 95298 7042
1377774900 95221 7039 95298 7042
1377774600 89571 6830 92335 7366
1377774300 92307 7356 92335 7366
1377774000 90404 6676 97733 6861
1377773700 97861 6865 107368 7204
1377773400 108075 7217 160463 8209
1377773100 163407 8274 381268 13149
1377772800 413279 13593 2782163 46507
1377772500 2746810 46507 2782163 46507
1377772200 133002 46035 299822 46507
1377771900 299733 11171 299822 11229
1377771600 293305 11245 301732 12480
1377771300 301107 12458 301732 12480
1377771000 253085 10811 254895 10847
1377770700 118452 8161 119150 8190
1377770400 66903 6021 75780 6482
1377770100 75640 6477 75780 6482
1377769800 63506 6084 188223 9018
1377769500 189342 9044 272211 10999
1377769200 301219 13347 2447841 187123
1377768900 2422785 185205 2447841 187123
1377768600 565825 43012 568662 43322
1377768300 284905 12362 285012 12376
1377768000 274300 11016 274340 11422
1377767700 270616 11397 271401 11422
1377767400 213614 9642 289961 11781
1377767100 289575 11747 289961 11781
1377766800 261047 9294 261047 10820
1377766500 261113 10819 266045 10820
1377766200 266409 10791 293373 11259
1377765900 292854 11250 293373 11259
1377765600 268066 27536 1271173 1280671
1377765300 1258297 1263802 1271173 1280671
1377765000 304364 15439 305543 15519
1377764700 217543 9551 247894 10647
1377764400 278469 14009 2541087 262859
1377764100 2508736 259827 2541087 262859
1377763800 125554 37493 1188763 234878
1377763500 1174390 232177 1188763 234878
1377763200 112338 32062 224293 32360
1377762900 224690 10075 254070 10805
1377762600 254145 10797 259758 10805
1377762300 259306 10229 259758 10236
1377762000 214397 9577 214620 9579
1377761700 190646 9420 192336 9460
1377761400 90979 7107 91194 7856
1377761100 91118 7842 91194 7856
1377760800 88309 6926 253089 10547
1377760500 253067 10549 253089 10718
1377760200 251859 10729 291145 11831
1377759900 291266 11820 300290 11831
1377759600 300184 11036 300290 11303
1377759300 292208 11302 292396 11303
1377759000 277261 11211 278296 11244
1377758700 199190 8763 200718 8787
1377758400 117998 10050 2471765 234875
1377758100 2440644 232273 2471765 234875
1377757800 137164 39311 137708 39750
1377757500 96655 6846 96969 6856
1377757200 73531 6156 77752 6917
1377756900 77730 6912 77752 6917
1377756600 76168 6596 76797 7127
1377756300 76697 7113 76797 7127
1377756000 69472 6154 77322 6400
1377755700 77306 6400 77322 6465
1377755400 76204 6462 77087 6465
1377755100 77014 6399 77087 15172
1377754800 73450 18117 208873 236067
1377754500 208873 233959 208873 236067
1377754200 207043 25059 208873 25313
1377753900 71700 6326 75929 7544
1377753600 75953 7539 77733 7544
1377753300 77656 7214 77733 7225
1377753000 72057 6448 76817 7643
1377752700 76761 7642 76817 7643
1377752400 71164 7627 71284 7630
1377752100 62265 7431 62301 7435
1377751800 59832 7163 76535 7350
1377751500 77010 8280 112188 77148
1377751200 157034 99997 3475641 1790871
1377750900 3438108 1772841 3475641 1790871
1377750600 658681 438163 660705 438670
1377750300 507679 400843 508906 414137
1377750000 448992 418384 2821264 732717
1377749700 2788905 728511 2821264 732717
1377749400 393146 420684 394393 756545
1377749100 269776 749431 269776 756545
1377748800 269859 223232 276035 235477
1377748500 279264 238756 518236 481421
1377748200 516304 479764 518236 481421
1377747900 325129 315810 328726 320184
1377747600 328233 319644 328726 320184
1377747300 280117 266232 329082 268249
1377747000 331402 270906 503145 467593
1377746700 502122 464625 503145 467593
1377746400 424153 244672 426494 245018
1377746100 251141 219640 266021 270685
1377745800 266784 271711 323292 347698
1377745500 323252 347391 323292 347698
1377745200 319671 323784 320361 324687
1377744900 270345 259013 393280 409632
1377744600 393045 409557 393280 409632
1377744300 370555 402551 427234 429825
1377744000 430474 428452 670289 429825
1377743700 664971 326646 670289 326883
1377743400 272015 309115 313406 309115
1377743100 313496 309381 322502 335745
1377742800 323126 335674 369312 335745
1377742500 368249 329744 369312 330476
1377742200 289957 276143 313402 312884
1377741900 313317 312897 313402 313904
1377741600 308702 315469 432597 431312
1377741300 431242 429822 432597 431312
1377741000 330458 319076 330984 319620
1377740700 293180 280628 455670 454938
1377740400 455978 452522 478831 454938
1377740100 476579 273887 478831 283311
1377739800 309876 283670 309985 310276
1377739500 301713 309879 301837 310276
1377739200 291882 279850 292552 280555
1377738900 242944 228463 288447 281889
1377738600 288958 281779 326836 281889
1377738300 327670 273432 389456 273667
1377738000 389863 256535 430217 304303
1377737700 432330 303762 588710 304303
1377737400 586742 263933 588710 277626
1377737100 441138 277063 441138 277626
1377736800 445401 236340 760890 302328
1377736500 759407 301947 760890 302328
1377736200 612618 264992 614163 332455
1377735900 613291 331400 614163 332455
1377735600 547368 265215 548825 1142044
1377735300 439603 1131063 439603 1142044
1377735000 442956 319431 691105 385209
1377734700 685944 383959 691105 385209
1377734400 304173 291013 312787 291503
1377734100 313172 243163 351290 306938
1377733800 353574 306743 522647 306938
1377733500 522611 291774 522647 292381
1377733200 519593 246855 519958 246910
1377732900 492882 243332 513757 280972
1377732600 513713 280987 513757 282489
1377732300 510616 283101 600200 328411
1377732000 600230 328671 602482 347966
1377731700 601329 347014 602482 347966
1377731400 488281 254229 569402 359858
1377731100 569562 359630 581408 359858
1377730800 581679 342883 601793 351721
1377730500 600912 350967 601793 351721
1377730200 540503 296206 892750 371021
1377729900 896465 371021 1171397 371021
1377729600 1178391 370662 1695989 371021
1377729300 1688207 343776 1695989 344156
1377729000 1110675 316544 1112409 381402
1377728700 982373 381121 982373 381402
1377728400 982414 358965 985458 360376
1377728100 984597 254867 985458 282231
1377727800 897375 282989 899427 339122
1377727500 749136 339635 1013330 377625
1377727200 1012134 376454 1013330 377625
1377726900 894231 260637 924192 268819
1377726600 928257 269789 1229107 341576
1377726300 1227011 342154 1229107 384969
1377726000 1088125 385611 2286709 433164
1377725700 2284758 431866 2286709 433164
1377725400 2135014 336576 2140433 392725
1377725100 1734077 393031 1734077 415735
1377724800 1734803 415648 1788541 415735
1377724500 1787815 407239 1788541 409213
1377724200 1736204 262821 1890407 384974
1377723900 1882127 384792 1890407 384974
1377723600 1266230 373880 1269462 562100
1377723300 1031779 566028 1378850 856709
1377723000 1383886 860027 1756566 1105630
1377722700 1798327 1105416 4888695 1105630
1377722400 4888695 1091203 4888695 1209686
1377722100 4838523 1203490 4888695 1209686
1377721800 1132328 750065 1611097 1125556
1377721500 1610463 1128014 1611097 1309979
1377721200 1569623 1309979 2016125 1309979
1377720900 2007913 1307969 2016125 1309979
1377720600 1398338 1160490 1400281 1252712
1377720300 1254582 1250961 1254582 1252712
1377720000 1258154 1079576 1522525 1223431
1377719700 1522884 1221710 1558507 1223431
1377719400 1569753 1054346 2402008 1272506
1377719100 2396973 1268351 2402008 1272506
1377718800 2016568 960884 2024405 960912
1377718500 1546992 951969 1554214 959238
1377718200 1014314 416222 1181408 624122
1377717900 1176597 626510 1181408 862961
1377717600 700340 853659 700340 862961
1377717300 702133 166116 834865 223813
1377717000 835962 223272 917187 223813
1377716700 917811 184273 964061 256650
1377716400 965061 258172 1039102 370830
1377716100 1050721 368548 1910551 370830
1377715800 1898999 199693 1910551 199693
1377715500 1058332 212128 2102953 1132344
1377715200 2121294 1125908 3478593 1132344
1377714900 3442451 643016 3478593 649693
1377714600 767998 148420 768007 148957
1377714300 767370 110834 767370 268372
1377714000 775191 278199 1353947 1005440
1377713700 1350054 1001002 1353947 1005440
1377713400 1056287 664418 1062021 672591
1377713100 633818 59602 770477 59629
1377712800 769888 57690 770477 61975
1377712500 726200 61855 726368 61975
1377712200 710120 50277 744865 69096
1377711900 744406 68837 744865 69096
1377711600 757192 53337 4213085 320497
1377711300 4166258 316842 4213085 320497
1377711000 703214 46601 860706 60914
1377710700 858787 60840 860706 60914
1377710400 668887 53701 668887 64441
1377710100 669186 64402 691344 64441
1377709800 691402 61374 695705 61523
1377709500 695111 50380 695705 50397
1377709200 636929 48731 698193 48765
1377708900 698313 45471 707248 51719
1377708600 708062 51771 768317 55632
1377708300 769488 55973 856156 81225
1377708000 886732 99484 3149418 1450722
1377707700 3134258 1433619 3149418 1450722
1377707400 2003129 167050 2012492 168015
1377707100 1315815 96364 1721985 144686
1377706800 1719773 148699 1721985 445715
1377706500 1556149 442720 1556149 445715
1377706200 1585787 149613 3779025 395875
1377705900 3745874 392154 3779025 395875
1377705600 1283510 116269 1292724 116838
1377705300 601231 74153 601747 74199
1377705000 573783 71268 1366755 106602
1377704700 1359372 106220 1366755 106602
1377704400 822088 78270 1488117 98614
1377704100 1488117 98793 1488117 112099
1377703800 1487147 111828 1488117 112099
1377703500 1416095 91960 1465643 103179
1377703200 1470194 103518 1806996 128667
1377702900 1795020 128404 1806996 128667
1377702600 913818 109144 1281259 120409
1377702300 1277914 120260 1281259 120409
1377702000 1034151 109337 1309636 115002
1377701700 1306617 114709 1309636 115002
1377701400 1081694 93557 1083273 129003
1377701100 977601 129079 1920532 134755
1377700800 1920532 135707 1920532 206214
1377700500 1913083 205788 1920532 206214
1377700200 1362355 174233 1394914 174338
1377699900 1405045 166428 2154746 166517
1377699600 2145132 164750 2154746 527362
1377699300 1464245 538127 3721584 1334802
1377699000 3694914 1319047 3721584 1334802
1377698700 1719354 153049 1721361 153187
1377698400 1520681 139467 1520681 139467
1377698100 1520246 139500 1520681 141982
1377697800 1490272 142380 1650352 171843
1377697500 1650226 172184 1650352 197440
1377697200 1661803 199888 3205926 381105
1377696900 3191753 379464 3205926 381105
1377696600 1776191 215388 1788697 217099
1377696300 843516 88790 850792 88845
1377696000 302962 84358 305152 84793
1377695700 140907 51968 140907 52172
1377695400 139675 36686 140907 36940
1377695100 48440 17924 48529 17942
1377694800 40129 16084 72523 16144
1377694500 72354 11871 72523 24127
1377694200 62372 24040 244580 24127
1377693900 242436 17583 244580 17658
1377693600 63113 13042 2497211 222439
1377693300 2466785 219807 2497211 222439
1377693000 212733 24781 215305 25042
1377692700 22408 5482 22429 5990
1377692400 29708 7610 722781 127540
1377692100 713499 126065 722781 127540
1377691800 30238 17437 295752 52244
1377691500 292600 51757 295752 52244
1377691200 59004 15650 59394 15757
1377690900 20435 5109 20467 5110
1377690600 18084 5043 18173 5044
1377690300 18151 4972 18173 4974
1377690000 16608 4836 17885 5318
1377689700 17856 5312 17885 5318
1377689400 15756 4884 18433 4960
1377689100 18407 4958 18433 4960
1377688800 15943 4833 17444 5473
1377688500 17432 5474 17444 5578
1377688200 16668 5580 22669 5782
1377687900 22579 5770 22669 5782
1377687600 15987 4950 18448 5454
1377687300 18424 5454 18448 5513
1377687000 16748 5504 18838 5513
1377686700 18808 4858 18838 4918
1377686400 46143 7798 2228889 220984
1377686100 2200311 218737 2228889 220984
1377685800 84725 51866 85600 52496
1377685500 19962 5243 20008 5247
1377685200 16655 5020 19309 5726
1377684900 19273 5716 19309 5726
1377684600 16651 5050 18371 5741
1377684300 18394 5731 20159 5741
1377684000 20178 5017 22060 5252
1377683700 22041 5252 22060 5297
1377683400 20230 5293 23269 5297
1377683100 23240 5060 23269 5247
1377682800 57685 7940 3673464 274638
1377682500 3628138 271535 3673464 274638
1377682200 270673 41427 274020 41916
1377681900 22993 5278 23031 5280
1377681600 20273 5183 22555 6006
1377681300 22526 6000 22555 6006
1377681000 20418 5617 22414 5969
1377680700 22393 5961 22414 5969
1377680400 20913 5410 22005 5411
1377680100 21988 5377 22005 5378
1377679800 20782 5311 22398 5314
1377679500 22379 5092 22398 5242
1377679200 53759 23279 2508037 1358027
1377678900 2477457 1340269 2508037 1358027
1377678600 212018 25929 214610 26211
1377678300 20217 5115 20217 5116
1377678000 50549 8520 2295120 260817
1377677700 2264947 257758 2295120 260817
1377677400 62849 34668 2330577 277128
1377677100 2299853 273653 2330577 277128
1377676800 26246 16393 26307 16540
1377676500 21760 5552 21786 5557
1377676200 19873 5203 20842 5207
1377675900 20804 4973 20842 5067
1377675600 17113 5070 17566 5330
1377675300 17594 5346 19259 6339
1377675000 19316 6323 23565 6339
1377674700 23514 5177 23565 5386
1377674400 19774 5388 21528 5557
1377674100 21511 5555 21528 5557
1377673800 20309 5445 22748 5764
1377673500 22740 5765 22748 5896
1377673200 22241 5893 27805 5896
1377672900 27742 5742 27805 6335
1377672600 21587 6320 21919 6335
1377672300 21896 5229 21919 5230
1377672000 51862 8443 2392880 247822
1377671700 2361476 244821 2392880 247822
1377671400 37375 22576 37594 22812
1377671100 21194 5138 21213 5142
1377670800 19845 4917 23096 5825
1377670500 23058 5819 23096 5825
1377670200 19427 5254 22517 5841
1377669900 22492 5831 22517 5841
1377669600 20681 5100 21251 5444
1377669300 21250 5441 21251 5444
1377669000 21230 5230 23494 5333
1377668700 23463 5331 23494 5333
1377668400 53142 7750 2469508 194893
1377668100 2445712 193190 2469508 194893
1377667800 89098 24409 89999 24670
1377667500 22417 5133 22442 6105
1377667200 20653 6102 22702 6105
1377666900 22667 5885 22702 5893
1377666600 20112 5374 22444 5962
1377666300 22417 5949 22444 5962
1377666000 20467 5030 22518 5549
1377665700 22484 5543 22518 5549
1377665400 20050 5159 22760 5554
1377665100 22737 5549 22760 5554
1377664800 55051 19346 3479338 1427125
1377664500 3435618 1408412 3479338 1427125
1377664200 198593 23496 200376 23682
1377663900 22084 5149 22121 5162
1377663600 19586 8896 33128 285220
1377663300 33128 281830 33128 285220
1377663000 64578 34480 2391895 290334
1377662700 2360298 286587 2391895 290334
1377662400 22126 9264 22138 9315
1377662100 21274 5531 21295 5532
1377661800 19813 5495 23391 5497
1377661500 23342 5365 23391 5381
1377661200 19768 5382 21804 5529
1377660900 21790 5529 21804 5554
1377660600 20816 5550 22491 5554
1377660300 22468 5298 22491 5300
1377660000 20288 5120 21844 5694
1377659700 21826 5691 21844 5694
1377659400 20562 5520 22344 6057
1377659100 22387 6044 25572 6057
1377658800 25565 5147 25572 5761
1377658500 25287 5760 43033 5761
1377658200 42907 5748 43033 6786
1377657900 33468 6780 33588 6786
1377657600 27254 7169 442426 77251
1377657300 436907 76465 442426 77251
1377657000 28450 18184 28544 18353
1377656700 21519 5737 21535 5739
1377656400 19996 5558 21426 5775
1377656100 21408 5770 21426 5775
1377655800 20137 5486 23148 6515
1377655500 23141 6505 23148 6515
1377655200 22446 5600 22453 5648
1377654900 21906 5643 21936 5648
1377654600 19713 5285 21556 5286
1377654300 21541 5280 21556 5283
1377654000 26684 6065 485251 76039
1377653700 480591 75337 485251 76039
1377653400 19315 5903 22216 5905
1377653100 22183 5791 22216 5794
1377652800 18989 5812 22388 7203
1377652500 22388 7189 22423 7203
1377652200 22430 6220 22979 7040
1377651900 22955 7191 22979 18422
1377651600 21237 18263 23868 18422
1377651300 23942 6540 31292 6709
1377651000 31609 6728 55091 8148
1377650700 54747 8123 55091 8148
1377650400 91025 11300 5288971 425209
1377650100 5219776 419719 5288971 425209
1377649800 98373 13375 99380 13473
1377649500 23832 6143 23876 6144
1377649200 26002 20214 423497 1063903
1377648900 423497 1053982 423497 1063903
1377648600 425982 319517 609942 319849
1377648300 607379 294630 609942 294967
1377648000 422621 268944 783257 269694
1377647700 781094 213277 783257 213464
1377647400 623140 198894 778879 199494
1377647100 779280 154088 809019 154518
1377646800 808149 122533 809019 137406
1377646500 743793 137389 743793 137406
1377646200 741433 135431 743793 135768
1377645900 566821 110496 566845 110522
1377645600 565253 109264 580209 157920
1377645300 579751 157464 580209 157920
1377645000 546962 123891 625322 134582
1377644700 628039 135362 897039 212607
1377644400 895649 212094 897039 212607
1377644100 793323 174212 828658 179414
1377643800 829110 179112 862576 179414
1377643500 863650 156887 943164 162639
1377643200 945817 163942 1142161 260399
1377642900 1139120 260500 1142161 268043
1377642600 919222 267520 1295756 268043
1377642300 1294569 228890 1295756 233930
1377642000 1195151 233084 1206764 233930
1377641700 335710 169897 335844 170528
1377641400 327695 123794 513185 180845
1377641100 512619 180845 513185 180845
1377640800 460894 181159 776271 204426
1377640500 776271 205059 776271 267801
1377640200 775584 267481 776271 267801
1377639900 706337 234932 707571 235805
1377639600 633914 172819 2030471 352931
1377639300 2010164 351589 2030471 352931
1377639000 507652 252164 522768 252285
1377638700 523572 243702 583099 278746
1377638400 584526 277859 690169 278746
1377638100 688627 213432 690169 300652
1377637800 574267 301179 574557 340198
1377637500 552382 339063 552874 340198
1377637200 515876 256150 516030 330620
1377636900 505647 332006 591225 434638
1377636600 590065 434752 591225 443201
1377636300 503892 442299 504240 443201
1377636000 484991 382208 990935 871017
1377635700 990935 866134 990935 871017
1377635400 984721 382723 990935 382753
1377635100 527769 379196 739317 380543
1377634800 743459 282203 1049973 479497
1377634500 1042893 478313 1049973 479497
1377634200 525894 392865 1036088 550797
1377633900 1031611 547907 1036088 550797
1377633600 697197 333168 700343 334097
1377633300 464061 261981 464407 264429
1377633000 438747 80797 456039 80883
1377632700 455447 76697 456039 240005
1377632400 412425 240491 466461 276501
1377632100 468029 276361 623287 276501
1377631800 620560 262711 623287 277494
1377631500 351221 279286 413206 456751
1377631200 414543 457180 513523 488988
1377630900 513473 488313 513523 488988
1377630600 505731 433124 509816 438393
1377630300 203840 43180 232861 43219
1377630000 233097 40380 250610 43134
1377629700 279845 44497 2443264 145387
1377629400 2443264 146862 2443264 256083
1377629100 2447948 256342 2794581 275517
1377628800 2795011 275577 2820413 279119
1377628500 2791001 276641 2820413 279119
1377628200 614126 92758 614543 93304
1377627900 582793 52338 583299 52385
1377627600 532408 47739 532730 48173
1377627300 509110 48130 543512 48173
1377627000 541432 44974 543512 45017
1377626700 389469 41979 531373 54053
1377626400 528372 53807 531373 54053
1377626100 307403 35768 387250 45327
1377625800 345465 94077 453977 269630
1377624600 235270 37666 532092 50389
1377622800 990808 44680 4245282 63260
1377621000 1269409 661545 3285168 2891354
1377619200 580959 160662 962622 474217
1377617400 412126 55856 563910 81028
1377615600 467973 117098 563910 324768
1377613800 404440 90376 558813 122634
1377612000 1072993 111322 3617896 335714
1377610200 271454 53882 394575 79038
1377608400 82848 232607 178202 1300883
1377606600 1121471 123226 4211804 405602
1377604800 35925 7276 106721 16072
1377603000 20358 5311 22771 5809
1377601200 92431 37211 454169 198423
1377599400 26408 8895 37642 25453
1377597600 52063 12133 212337 46527
1377595800 51855 10323 208176 35684
1377594000 75878 26626 355120 134908
1377592200 136216 27257 390062 69542
1377590400 35727 7932 114513 22384
1377588600 20614 5818 23251 7287
1377586800 428222 45412 2467907 246204
1377585000 27684 9835 56940 32009
1377583200 27183 39810 50327 210994
1377581400 27957 8861 50327 23651
1377579600 822260 252919 4807060 1485103
1377577800 831536 57279 2478008 287183
1377576000 22892 5748 27236 6340
1377574200 22711 5809 26614 6077
1377572400 94957 36660 456575 190312
1377570600 46577 12306 94380 40554
1377568800 87381 16045 404640 66267
1377567000 25231 8595 29351 19454
1377565200 34423 76158 69826 421818
1377563400 142649 191121 522410 981283
1377561600 33794 9367 38440 10319
1377559800 41171 11704 63612 15849
1377558000 469925 64762 2355752 266870
1377556200 205706 61520 487012 178529
1377554400 805976 82286 3100141 264075
1377552600 397082 60571 549695 83035
1377550800 2087131 1072810 9770443 4670004
1377549000 5167315 1945460 7212030 3193364
1377547200 294025 120942 405962 467487
1377545400 392921 101163 1010831 197007
1377543600 449875 84514 888712 239219
1377541800 397414 62073 470629 83779
1377540000 390119 68745 537596 160872
1377538200 1000829 54481 4235027 116628
1377536400 887451 129630 3152059 476186
1377534600 519984 103854 939268 174827
1377532800 362129 75102 502356 119156
1377531000 393376 77495 677314 167636
1377529200 426431 77158 984607 141590
1377527400 385076 57985 1342273 82950
1377525600 873468 101782 2729002 265590
1377523800 391531 61371 928808 97933
1377522000 87031 289990 162186 1639323
1377520200 880880 114319 2734764 328032
1377518400 19302 5427 22003 8183
1377516600 17711 5358 19282 6206
1377514800 397740 44488 2287438 239763
1377513000 23892 10054 51525 33274
1377511200 128913 17862 668092 78721
1377509400 78296 10970 382602 38138
1377507600 34659 94314 112074 540433
1377505800 233127 42637 773297 138643
1377504000 18371 6369 21132 11504
1377502200 18027 5760 18851 6311
1377500400 85113 15724 421785 67550
1377498600 20203 8682 27098 24382
1377496800 115676 16785 603063 74020
1377495000 32334 8474 101840 21775
1377493200 440652 39189 2550359 208519
1377491400 147624 27835 375692 70676
1377489600 17348 5293 18597 5757
1377487800 18078 5322 19147 5757
1377486000 83326 14371 413461 62085
1377484200 21546 9589 41786 32051
1377482400 407069 35938 2368181 191372
1377480600 31209 7601 101165 20616
1377478800 181401 224611 995342 1322518
1377477000 419348 248221 2275164 1150552
1377475200 18776 5470 21653 6534
1377473400 19791 5789 25648 7501
1377471600 390169 43257 2247963 234265
1377469800 20772 8894 31252 28177
1377468000 52986 10324 186916 34777
1377466200 20671 6199 30216 10963
1377464400 126899 96208 653252 542452
1377462600 382065 52094 1795515 212367
1377460800 18795 5107 20004 5791
1377459000 27167 7147 43511 9305
1377457200 84103 17956 411668 81745
1377455400 19678 7658 25095 20392
1377453600 63008 11635 282762 44914
1377451800 46273 9430 185736 29643
1377450000 102461 73494 522155 417850
1377448200 382142 49601 1752066 200514
1377446400 18867 5768 19691 9977
1377444600 18791 5432 19296 5895
1377442800 88729 15222 439299 66159
1377441000 21692 9257 36943 30206
1377439200 54094 13049 230422 52971
1377437400 20071 7893 26453 21094
1377435600 117891 88975 613523 509166
1377433800 110056 51645 293745 212538
1377432000 18636 4833 20614 5213
1377430200 25606 5344 58836 6111
1377428400 85862 14915 423307 65240
1377426600 19851 8224 25448 23718
1377424800 150442 17882 805092 82108
1377423000 79796 10400 390541 36306
1377421200 148837 83338 798817 475423
1377419400 219483 34351 688703 95179
1377417600 19114 5742 21901 10241
1377415800 18851 5266 19601 6023
1377414000 83488 14629 407336 63093
1377412200 21278 8706 34866 25954
1377410400 64445 13157 291404 53828
1377408600 30406 7148 88229 15029
1377406800 451781 5851 2617660 10218
1377405000 205373 29695 702009 81484
1377403200 18746 5377 19606 8111
1377401400 18857 5114 20026 5943
1377399600 83968 14146 412381 60023
1377397800 20632 9026 30703 28224
1377396000 376272 33388 2155782 174302
1377394200 18436 5127 19958 5896
1377392400 44732 314358 192435 1862711
1377390600 623626 269935 2351145 1263405
1377388800 20350 5982 31257 7966
1377387000 14224 4833 21047 6883
1377385200 419245 45606 2407494 235296
1377383400 19719 9463 51977 35352
1377381600 46126 24327 207956 123543
1377379800 18716 4708 33821 5367
1377378000 20262 107134 52132 619473
1377376200 213331 38592 832913 135177
1377374400 15195 4804 22775 7217
1377372600 14517 4632 18977 5180
1377370800 83438 18125 420559 84006
1377369000 36027 8282 112889 15897
1377367200 67706 21836 305040 100318
1377365400 13478 4507 14374 5189
1377363600 133146 76196 732212 435860
1377361800 169872 30390 478778 87883
1377360000 13281 4415 13714 4968
1377358200 13405 4178 14110 4633
1377356400 83024 14694 429286 64420
1377354600 15045 7632 21430 23645
1377352800 74358 21436 378300 107317
1377351000 15479 5389 21431 10097
1377349200 93437 78430 489098 448619
1377347400 150568 23126 378783 51230
1377345600 22589 5739 69802 13884
1377343800 13683 4598 15594 6203
1377342000 77626 12925 398303 56453
1377340200 15367 8121 22901 26712
1377338400 74171 14064 375051 63168
1377336600 31332 12304 119647 52986
1377334800 117508 74900 634836 427499
1377333000 148381 26650 410999 79836
1377331200 14946 6287 20439 16953
1377329400 13912 4486 15539 5203
1377327600 181664 37094 1021559 201628
1377325800 23282 9049 69789 32691
1377324000 19351 46712 25355 258077
1377322200 19601 7938 25355 23359
1377320400 512976 254413 2987257 1503705
1377318600 946259 117810 2786159 338400
1377316800 17654 4209 18932 4674
1377315000 18221 4536 19111 5583
1377313200 417104 58592 2404031 327974
1377311400 20097 7697 28813 22845
1377309600 63604 27905 290544 144815
1377307800 23108 5440 31423 6637
1377306000 37284 57880 130094 324807
1377304200 144183 179702 407111 948004
1377302400 22899 5193 38642 6194
1377300600 25781 7197 46136 12151
1377298800 111140 26907 405948 79649
1377297000 68739 125928 256825 2001118
1377295200 334129 554436 700902 2001118
1377293400 272587 189503 474130 471026
1377291600 1060686 310055 4557254 1487974
1377289800 2641928 1900001 6832172 4813510
1377288000 1751452 3383846 2019367 4813510
1377286200 1631362 4577331 2533124 5838899
1377284400 992493 1973313 2533124 4413368
1377282600 185077 51863 372092 89756
1377280800 836310 79874 3635245 286634
1377279000 148493 38649 258246 450820
1377277200 728014 185616 2975399 450820
1377275400 365504 96457 791297 163190
1377273600 396935 76181 653958 132065
1377271800 580711 84206 1138549 135804
1377270000 1289033 108382 1885708 172939
1377268200 1672039 93440 2238692 191073
1377266400 2215119 190196 2945979 233902
1377264600 1046645 113170 2674401 160493
1377262800 524365 242015 2631916 1329154
1377261000 820314 110425 2373134 287177
1377259200 15819 5521 18373 6349
1377257400 13977 5246 16211 6130
1377255600 415820 44756 2423618 242674
1377253800 18347 10474 37000 36679
1377252000 50964 42433 232242 227878
1377250200 51279 10872 232242 36668
1377248400 196041 30356 1020225 152847
1377246600 144783 25835 274040 57549
1377244800 33989 7762 131908 20036
1377243000 14524 5610 17963 6025
1377241200 88038 15708 459022 69087
1377239400 29113 9025 100509 26479
1377237600 90104 17123 466646 77095
1377235800 70912 10423 281056 35126
1377234000 521304 227390 3054961 1338960
1377232200 796156 98590 2346829 286134
1377230400 14954 5714 40669 6247
1377228600 19628 6327 40669 6932
1377226800 26712 42873 82548 225913
1377225000 29245 13091 82548 45564
1377223200 400911 39041 2304222 200169
1377221400 35976 11272 63245 23275
1377219600 871409 258473 5070801 1512711
1377217800 555917 270389 2445195 1253947
1377216000 28293 12050 40453 18911
1377214200 72117 18940 269044 39995
1377212400 46544 72408 65533 292516
1377210600 440003 54804 2223200 137356
1377208800 927813 128005 3719644 468180
1377207000 387401 114267 484279 214505
1377205200 1027047 141600 3134720 366317
1377203400 727677 114647 2518023 185293
1377201600 1930942 126483 2518023 161192
1377199800 1899113 99855 2052638 111072
1377198000 1767991 100117 2069528 160100
1377196200 1169869 75799 1653561 106333
1377194400 1302473 87665 2673490 229761
1377192600 915445 56680 1146796 68382
1377190800 3190802 339964 7103471 1668895
1377189000 1276559 188199 2830794 387171
1377187200 528805 75991 639405 83316
1377185400 367948 67297 466894 101034
1377183600 567839 135565 1379042 340042
1377181800 686011 157467 1122793 543626
1377180000 868650 728020 2894096 2819364
1377178200 497996 72832 705146 109531
1377176400 616576 121034 1974049 500319
1377174600 241453 41761 501563 93614
1377172800 201221 11062 289859 12781
1377171000 260770 12669 297860 13137
1377169200 203482 19029 432703 63266
1377167400 212399 16501 263638 41805
1377165600 433350 31354 1754284 135737
1377163800 267111 17378 392907 42728
1377162000 240696 28440 1108935 130600
1377160200 209916 34131 371918 69670
1377158400 76675 9102 256045 13332
1377156600 237035 12485 304624 13935
1377154800 140626 18550 516554 71216
1377153000 132509 12864 285197 30289
1377151200 257723 25910 1242128 115276
1377149400 280283 15791 306839 26956
1377147600 590412 45499 2348694 212939
1377145800 212492 30412 430628 59980
1377144000 68249 8122 71703 8508
1377142200 182800 11048 285081 14345
1377140400 306147 21632 630256 67040
1377138600 223669 16184 289716 35743
1377136800 181181 20630 743039 80634
1377135000 204384 14561 284685 27406
1377133200 550898 53531 2883937 273402
1377131400 252821 186754 518390 967815
1377129600 73041 10018 77041 10886
1377127800 73221 13631 78187 17850
1377126000 637588 45178 1860801 113771
1377124200 376418 79076 443047 125804
1377122400 621294 106240 1765301 202103
1377120600 477424 88584 634931 124531
1377118800 945341 369818 1481145 1718854
1377117000 1165638 197709 3195912 379737
1377115200 1101937 87096 1890023 119947
1377113400 599072 75930 1850568 94057
1377111600 201517 112834 320555 296216
1377109800 231726 64597 308196 94862
1377108000 721097 83594 3151969 280622
1377106200 176620 43613 282960 53728
1377104400 759360 40774 3793167 46345
1377102600 389209 104204 732570 268910
1377100800 203278 65067 300917 82596
1377099000 265603 60802 396520 76958
1377097200 482131 83136 5949007 377773
1377095400 1386428 143537 5949007 377773
1377093600 566584 100646 1931947 217599
1377091800 214240 70738 310687 103839
1377090000 934445 256013 4140392 1406562
1377088200 354438 101765 1729955 292381
1377086400 30151 7885 77208 13920
1377084600 17628 6243 18644 6695
1377082800 406128 42551 2357542 224294
1377081000 25808 13278 67797 49328
1377079200 492693 43066 2867906 227506
1377077400 31479 10864 99918 33989
1377075600 466187 224519 2698661 1312033
1377073800 650331 107429 2463933 323534
1377072000 21182 9368 32738 23424
1377070200 17369 6338 20309 6591
1377068400 20050 44319 37770 235371
1377066600 19400 10805 37770 34708
1377064800 385871 35297 2179537 181669
1377063000 23905 7930 66546 16549
1377061200 492582 225140 2863205 1319932
1377059400 457258 89516 2214978 253613
1377057600 48730 7004 160743 9039
1377055800 22750 6824 27438 7900
1377054000 102485 18957 419631 72545
1377052200 27375 10041 29429 20817
1377050400 167036 21582 809243 89084
1377048600 37118 10608 76829 24904
1377046800 258945 31152 1383739 142703
1377045000 125491 184893 375627 968203
1377043200 41522 9134 89304 13045
1377041400 48637 13170 88932 18292
1377039600 114506 26408 416388 76599
1377037800 49211 52882 211435 170387
1377036000 548250 111332 974865 240126
1377034200 381523 81968 552833 463518
1377032400 778958 293281 2824098 1115407
1377030600 890210 124588 2934561 361335
1377028800 389328 86578 916459 184133
1377027000 741239 145576 1826640 335643
1377025200 834156 138705 2722771 311982
1377023400 365460 67311 486915 82004
1377021600 1698995 116566 2888374 254457
1377019800 424643 50625 559836 76314
1377018000 418745 268859 581755 1385260
1377016200 909582 175385 2669603 376788
1377014400 474527 74254 872507 129360
1377012600 422130 108120 479675 160798
1377010800 530769 99867 727442 144266
1377009000 340819 73461 425006 96161
1377007200 639961 85259 2239394 211011
1377005400 222983 53119 324915 79410
1377003600 424261 53701 2192263 218850
1377001800 235488 56366 692534 178176
1377000000 32990 11179 104288 19759
1376998200 15611 6583 23440 7253
1376996400 22249 43298 49387 228843
1376994600 19625 13369 49387 48815
1376992800 421240 39267 2455013 206246
1376991000 69104 12717 348447 44495
1376989200 346783 8643 2007948 19473
1376987400 1088178 119272 4192437 386841
1376985600 15291 9659 19845 28301
1376983800 19146 6915 29762 7677
1376982000 79239 15738 408461 64801
1376980200 15003 9079 20244 24643
1376978400 100974 15830 532533 65872
1376976600 29239 9335 106667 25276
1376974800 38433 157149 143339 912090
1376973000 477084 75108 1492753 211532
1376971200 19108 6669 21624 6985
1376969400 19397 6744 21247 7421
1376967600 441234 48031 2544321 254554
1376965800 24611 10139 50131 26119
1376964000 436919 40904 2518788 209778
1376962200 35030 10176 97919 23564
1376960400 53496 259288 140699 1518319
1376958600 306597 259770 1586630 1214412
1376956800 22626 7381 24949 8387
1376955000 62451 11697 208421 19751
1376953200 161040 51785 375532 207294
1376951400 128769 36265 317863 52853
1376949600 912986 101330 2776584 277376
1376947800 183086 58364 217706 80935
1376946000 324800 258506 467039 1179220
1376944200 1286052 285723 5871909 828814
1376942400 306462 59242 381184 65787
1376940600 711413 62620 1194600 70900
1376938800 731051 104540 1194600 294696
1376937000 436616 92533 518575 231911
1376935200 1217147 113189 5352789 407577
1376933400 392550 45299 540085 72502
1376931600 1331992 381688 6545558 2022520
1376929800 3443785 1595889 6010402 2883342
1376928000 282200 103624 528970 331051
1376926200 280624 74815 442740 128206
1376924400 411950 62770 641242 94976
1376922600 273249 58111 519910 94976
1376920800 639476 136786 2351883 361986
1376919000 692294 98567 2733316 142286
1376917200 188760 124541 555023 636838
1376915400 631648 69055 3253110 312570
1376913600 21471 6093 62741 14253
1376911800 13137 4644 15208 5381
1376910000 383042 42298 2223454 230171
1376908200 17416 9474 35652 34337
1376906400 460877 40764 2687737 221678
1376904600 33534 9202 134196 31948
1376902800 235808 269255 1350241 1598249
1376901000 425157 148798 2265292 578143
1376899200 16110 10174 29703 38983
1376897400 13520 4862 20250 5391
1376895600 81275 15091 394079 66239
1376893800 14740 7330 21364 20509
1376892000 72267 12773 366711 53995
1376890200 53054 10886 250008 36187
1376888400 668890 132913 3927443 767652
1376886600 632930 72262 3245713 327310
1376884800 14170 5758 15123 8292
1376883000 13900 5289 15644 5963
1376881200 18451 44375 38612 241118
1376879400 17715 8105 38612 24696
1376877600 335773 32466 1947945 171975
1376875800 17394 7387 37774 20493
1376874000 220685 248749 1256578 1469516
1376872200 478464 261155 2139450 1234982
1376870400 13373 4628 44356 6017
1376868600 66463 6264 287531 9568
1376866800 78668 13630 390552 54267
1376865000 81968 13977 337406 34960
1376863200 60097 12785 210506 45673
1376861400 13543 5397 14218 8652
1376859600 20872 125266 57044 727545
1376857800 523744 64636 2597928 284525
1376856000 13686 4963 14878 5499
1376854200 14041 5145 15016 5497
1376852400 79573 16881 411868 76965
1376850600 15700 9004 23564 29750
1376848800 87897 13578 452428 57024
1376847000 46678 8974 208781 29194
1376845200 1124508 111013 6676289 643359
1376843400 115276 59394 341188 255282
1376841600 13730 5418 15853 9624
1376839800 13375 4620 14140 5114
1376838000 86897 17063 449759 77551
1376836200 16343 8899 24275 29349
1376834400 39365 10721 167961 40444
1376832600 29727 7492 110053 21435
1376830800 1133485 149649 6754176 878030
1376829000 516510 65143 2469409 286832
1376827200 23844 6242 76731 14859
1376825400 13763 4698 14594 5216
1376823600 72563 13559 366875 58625
1376821800 24872 9986 82536 37068
1376820000 21945 7277 163379 34675
1376818200 38058 9616 163379 34675
1376816400 29723 83007 113382 477368
1376814600 452524 56349 2303800 250775
1376812800 35792 7292 150791 21434
1376811000 13810 4920 15614 5465
1376809200 77694 15484 400144 70127
1376807400 13908 6453 15287 15856
1376805600 34708 10240 139629 38390
1376803800 24539 6712 82635 15329
1376802000 581550 100230 3077283 567092
1376800200 611065 65111 2831907 280553
1376798400 68402 6094 74553 6400
1376796600 61418 5996 71682 6414
1376794800 56298 42400 82765 225987
1376793000 54654 12152 82765 43330
1376791200 503754 40695 2713456 213574
1376789400 51777 8111 108070 20372
1376787600 494903 265882 2688269 1565304
1376785800 597109 268381 2384167 1264162
1376784000 54354 5912 70988 6465
1376782200 98061 7932 249183 11659
1376780400 130961 16715 435808 65247
1376778600 62233 9412 77201 21257
1376776800 261742 28826 1103264 121717
1376775000 91070 10881 126574 24014
1376773200 321889 87696 1215731 479838
1376771400 554291 58414 2104183 220162
1376769600 179589 9350 262204 11476
1376767800 228243 11009 336513 13905
1376766000 320817 21128 635048 68914
1376764200 211335 14495 257101 35967
1376762400 151005 19187 355352 77687
1376760600 54566 10558 231461 37161
1376758800 146893 81761 812403 465246
1376757000 997208 59952 2238418 224179
1376755200 114094 7623 361450 14682
1376753400 213307 10711 290798 13339
1376751600 232524 25584 468257 99503
1376749800 14166 9199 24803 30966
1376748000 140492 26185 780973 133330
1376746200 15457 6984 30803 17757
1376744400 140504 76529 783049 436169
1376742600 439356 54108 2078509 223353
1376740800 11756 5268 12746 8453
1376739000 12129 4908 13419 5528
1376737200 80009 16350 416195 73348
1376735400 14706 8027 24132 23163
1376733600 97129 18023 518525 83450
1376731800 32893 13418 113345 54383
1376730000 119845 72471 629634 407856
1376728200 88315 52800 247490 230927
1376726400 36935 7803 136859 21263
1376724600 17583 5544 18708 6233
1376722800 740226 77497 4354865 439260
1376721000 20515 7695 36619 19376
1376719200 437425 46631 2537013 252517
1376717400 30731 8311 77321 21305
1376715600 510813 7515 2942079 17224
1376713800 490006 148897 2746658 511503
1376712000 20009 6781 23269 13048
1376710200 17788 6020 19652 7072
1376708400 96151 60805 488630 335833
1376706600 23946 7999 43655 15037
1376704800 53892 12885 232559 47929
1376703000 27194 8487 74280 22756
1376701200 444035 51488 2576174 281511
1376699400 121740 172230 399351 897368
1376697600 19355 6203 27404 9196
1376695800 35970 9953 132856 13358
1376694000 426076 47313 2320545 231291
1376692200 43190 20128 82450 45156
1376690400 508517 107604 2517573 302343
1376688600 1064676 100716 2778591 246967
1376686800 560952 328351 2146077 1541526
1376685000 1068225 147555 2993999 356438
1376683200 249061 90291 358835 202515
1376681400 173864 35991 1316675 63998
1376679600 579602 107263 1316675 313638
1376677800 274966 81608 387740 120837
1376676000 418622 56554 1175948 131970
1376674200 185279 33619 277736 41622
1376672400 540676 81915 2207203 275041
1376670600 627852 189159 1125249 334110
1376668800 402608 47667 1265986 64023
1376667000 225538 56856 344851 97888
1376665200 402386 87128 786503 121754
1376663400 310619 74708 473896 111644
1376661600 670297 119058 2807339 375459
1376659800 251391 120072 336889 221548
1376658000 338813 216711 1401717 1195837
1376656200 452846 125861 2311524 372441
1376654400 15471 6516 18835 10917
1376652600 14580 5771 15403 6425
1376650800 381639 41183 2217179 218963
1376649000 20394 12475 49284 46518
1376647200 276890 27328 1574822 134022
1376645400 38033 10540 158518 34762
1376643600 214997 28244 1220679 141995
1376641800 182646 33031 502057 82759
1376640000 15103 6348 18903 9792
1376638200 15393 5938 18715 6393
1376636400 76629 15705 388695 66393
1376634600 18684 9482 37718 27834
1376632800 27339 38749 90008 203909
1376631000 27167 9353 90008 25226
1376629200 522268 221237 3050981 1293716
1376627400 842090 101011 2472518 284842
1376625600 18385 5937 18874 6513
1376623800 19198 6200 19968 6954
1376622000 395637 42521 2276372 222030
1376620200 25236 15257 43516 41259
1376618400 343351 38098 1332964 145470
1376616600 29783 16726 72305 31002
1376614800 929379 101899 5440761 519752
1376613000 156849 185012 498907 909541
1376611200 51201 23929 88323 45716
1376609400 50935 32589 88323 45716
1376607600 110262 29333 487352 87905
1376605800 65873 31881 217702 43274
1376604000 1491971 85136 4093742 195321
1376602200 4126946 137871 8145638 184864
1376600400 189798 113227 272381 410842
1376598600 486738 83545 1196629 171371
1376596800 216329 57810 274916 66610
1376595000 803499 84947 2656699 117459
1376593200 252510 57111 631694 105901
1376591400 170711 54415 351701 74374
1376589600 102777 61836 132816 184566
1376587800 107419 27332 239035 30173
1376586000 915998 101317 5086515 443208
1376584200 757758 93484 1626649 193899
1376582400 761264 112364 2127935 154822
1376580600 4576160 249706 6427449 371864
1376578800 1767602 124995 4849634 208751
1376577000 229353 102508 348039 238318
1376575200 679146 96765 3276664 277505
1376573400 344764 131874 834781 593794
1376571600 521162 23852 2664430 51585
1376569800 839860 102519 2502758 278690
1376568000 16214 8630 22074 21556
1376566200 17338 6124 28997 7340
1376564400 20652 41127 54718 219657
1376562600 20841 12496 54718 47695
1376560800 109936 28651 588249 144494
1376559000 52345 10970 244123 37694
1376557200 115486 31474 623139 162372
1376555400 212859 34919 505027 88990
1376553600 21323 7535 57085 18049
1376551800 15886 6248 18758 6494
1376550000 83706 18303 431274 81195
1376548200 16383 7490 25194 14797
1376546400 384339 35225 2232537 182396
1376544600 387240 121896 4168589 1475466
1376539200 114995 17072 2290517 238367
1376532000 150746 65469 1535246 919277
1376524800 56914 24074 427235 92982
1376517600 738573 132911 4871758 785663
1376510400 541898 118428 2283839 368094
1376503200 843953 163853 3010371 1595162
1376496000 737681 154057 2849077 356595
1376488800 585408 130500 3402611 1304390
1376481600 119700 15640 2332777 222584
1376474400 394320 38484 3988257 310844
1376467200 47015 10063 462189 83460
1376460000 363684 87766 3050755 1283071
1376452800 110618 16927 2242596 221433
1376445600 259384 58750 4660085 897185
1376438400 128442 42284 638236 138742
1376431200 1029828 162864 3256350 1338036
1376424000 1222470 115324 3285707 383781
1376416800 879111 113402 4004694 477414
1376409600 923446 481332 3024217 1318349
1376402400 751449 537542 4043892 2933105
1376395200 118396 17782 2390560 239960
1376388000 224602 54828 2417796 784669
1376380800 34555 10503 418192 74130
1376373600 462303 92850 4912896 1392583
1376366400 23766 17798 60755 229390
1376359200 333680 59927 3729456 781854
1376352000 97415 30753 821177 151719
1376344800 1286673 290527 3389653 1775252
1376337600 673438 190704 2686681 1553928
1376330400 810594 186418 2422697 1238823
1376323200 786280 187850 6039272 566987
1376316000 493724 130924 3820363 1421315
1376308800 111582 15268 2308504 219611
1376301600 309938 97066 2630403 1493747
1376294400 32981 8129 379061 69656
1376287200 344045 42892 4061170 477628
1376280000 113045 15411 2334835 221449
1376272800 201527 132526 2210672 1512615
1376265600 33577 7598 350759 51794
1376258400 180308 42187 2358287 515701
1376251200 34327 8822 408566 66823
1376244000 155332 38100 2442678 441313
1376236800 31093 8398 425551 70623
1376229600 165773 39905 2456745 478638
1376222400 30047 8015 387861 61019
1376215200 157350 39917 2322507 499925
1376208000 15041 8020 64221 63366
1376200800 383703 85838 3544685 699564
1376193600 117912 15356 2502084 233165
1376186400 80916 80592 1062318 1414950
1376179200 34207 8627 355161 53101
1376172000 150992 38066 2217143 460941
1376164800 31450 12264 409895 75438
1376157600 178691 45109 2340059 450768
1376150400 38826 13137 455529 91923
1376143200 88632 46407 733600 471165
1376136000 33467 12424 437313 71690
1376128800 175773 41789 2408069 416096
1376121600 61708 18045 1041668 200683
1376114400 283184 82918 2997187 977493
1376107200 111127 22382 2326100 320104
1376100000 315244 126592 2449376 1238718
1376092800 48806 17588 420033 111537
1376085600 1782423 408359 8137902 1078337
1376078400 716470 258287 2732334 855304
1376071200 671363 244286 3712088 1385008
1376064000 570770 146868 3556269 764899
1376056800 518333 86597 3568544 314863
1376049600 111668 15846 2293875 246265
1376042400 472381 87769 5806137 1467430
1376035200 115654 15580 2392139 230753
1376028000 371004 92845 3510778 1307168
1376020800 38654 8820 429289 60876
1376013600 162473 63615 1900636 883757
1376006400 166916 46915 2391288 260592
1375999200 790334 184847 4694297 1435097
1375992000 630861 206994 1729985 902668
1375984800 1765928 1006091 5471455 4325891
1375977600 448071 129378 863980 297779
1375970400 354418 267190 2065403 2500032
1375963200 116314 23043 2258121 232446
1375956000 259420 96920 2355808 1115247
1375948800 116038 22189 2257432 252188
1375941600 309987 91648 2418562 1204373
1375934400 43942 20439 473289 217749
1375927200 73285 92705 467380 896862
1375920000 91027 31573 794516 97710
1375912800 1651054 975776 4000843 3516137
1375905600 551913 185153 2586800 1151835
1375898400 879782 159225 2854712 1369106
1375891200 558573 357821 1168456 3275345
1375884000 776226 1378141 3383102 3795085
1375876800 40317 14021 363294 60754
1375869600 89187 24418 435678 92876
1375862400 78688 18661 1338330 170867
1375855200 430942 99355 4256464 1222926
1375848000 88413 20735 1499174 205010
1375840800 104251 70745 615556 884409
1375833600 286565 44447 1171998 208285
1375826400 1150642 227201 4833713 2401653
1375819200 1191011 261113 3552970 569710
1375812000 615138 94489 3581974 399888
1375804800 4338550 1903363 13749829 9075798
1375797600 598848 139845 3424378 1260782
1375790400 120234 20038 2351888 232717
1375783200 110670 29119 686400 155561
1375776000 40259 14025 438509 83294
1375768800 348497 42430 3081331 281930
1375761600 123131 20562 2352035 223987
1375754400 191559 69422 2412088 901314
1375747200 102158 43106 454404 99361
1375740000 909527 193516 3456631 1527208
1375732800 535008 85832 2917649 333845
1375725600 747456 141243 7202719 1543376
1375718400 1835920 1241809 4024803 2840181
1375711200 755734 997017 2395295 3660771
1375704000 23245 15428 50454 75612
1375696800 545474 119856 6224243 1567613
1375689600 22018 22943 32266 242938
1375682400 342290 58647 2496827 619102
1375675200 37197 15216 397671 66118
1375668000 77398 79907 524063 990756
1375660800 38397 15058 394213 63001
1375653600 78804 49198 756109 549706
1375646400 37662 15721 409549 77874
1375639200 172718 43975 2281517 407602
1375632000 39231 16131 434976 87087
1375624800 250998 53926 2532500 603350
1375617600 22523 15059 31594 66829
1375610400 150408 45293 2171115 456793
1375603200 41706 15622 409426 67525
1375596000 379328 110201 5594943 814282
1375588800 125626 22620 2475865 230820
1375581600 151745 42278 2129887 473593
1375574400 40217 15586 415443 69285
1375567200 154270 44547 2036480 473970
1375560000 40958 15734 436333 83894
1375552800 89575 45275 392339 392347
1375545600 44916 16107 465741 86139
1375538400 186658 48596 2211198 477476
1375531200 42565 16030 453346 83337
1375524000 199372 47814 2419769 422820
1375516800 30157 22025 68846 227734
1375509600 529289 112119 4782945 1371549
1375502400 28313 25944 48638 309848
1375495200 935867 97865 11462741 901278
1375488000 626262 1030219 2077154 3091355
1375480800 1865682 3607127 4857617 12398601
1375473600 823880 4943504 7308314 12341245
1375466400 799990 539134 3048144 8110362
1375459200 454431 86265 1011535 315684
1375452000 448926 64907 3034625 278712
1375444800 46441 14688 426110 74305
1375437600 362852 88405 2439092 1145119
1375430400 123806 22986 2347160 246691
1375423200 161935 74924 2022713 1058842
1375416000 43444 15870 427141 80023
1375408800 217010 74437 3306691 893313
1375401600 65842 34112 460425 87763
1375394400 707362 260143 5108406 2191143
1375387200 916560 133536 3528205 1031910
1375380000 1014069 141680 6319284 1248490
1375372800 788495 413003 5799919 2043603
1375365600 355982 53681 2006492 215681
1375358400 35971 12704 432725 74241
1375351200 223019 58851 2351078 645266
1375344000 113825 19418 2281103 231786
1375336800 266971 94145 3038788 1129133
1375329600 74330 12818 856610 71483
1375322400 273957 71387 4912000 879143
1375315200 105901 38301 487263 101617
1375308000 679672 1019902 2521918 3991735
1375300800 3080747 835080 5794969 2115935
1375293600 1459428 336433 10672583 1960031
1375286400 869962 111203 6009957 548484
1375279200 353918 66712 1403934 348806
1375272000 39316 11758 413992 71639
1375264800 170276 26115 2316916 182617
1375257600 125082 18230 2429500 246376
1375250400 328045 40311 2599871 283543
1375243200 37287 11128 398266 71680
1375236000 189397 67212 2564899 874628
1375228800 112651 69016 659197 236325
1375221600 765353 295074 1561016 775363
1375214400 416436 291869 800363 518490
1375207200 1559206 327389 12042901 1914308
1375200000 1484202 812831 4878337 2756788
1375192800 1424543 735636 4010816 2043531
1375185600 43902 13594 452966 79701
1375178400 161265 30130 1412574 172704
1375171200 25604 19898 48972 225547
1375164000 421763 89050 2640732 1150417
1375156800 39697 12617 404046 74382
1375149600 101189 70503 767771 893169
1375142400 391385 1212206 1153385 4107226
1375135200 780254 1065293 7061785 4107226
1375128000 1322564 130789 2549624 555339
1375120800 621629 159254 3460434 393507
1375113600 385457 93592 2568446 366160
1375106400 684898 134117 2774318 1149011
1375099200 42522 17976 466449 187900
1375092000 254305 54104 2489663 607512
1375084800 36525 11817 409619 79315
1375077600 258474 52634 2468931 656133
1375070400 34212 11310 425168 71947
1375063200 72994 76327 553891 980401
1375056000 34682 12104 401095 73182
1375048800 75106 37177 577626 522032
1375041600 43419 16392 441483 74693
1375034400 154960 41337 2181903 447145
1375027200 35978 11863 404040 67114
1375020000 188653 44562 2199326 505301
1375012800 34472 12168 425918 78145
1375005600 71663 43622 572286 502884
1374998400 34691 11758 417886 72499
1374991200 219006 44507 2393002 521943
1374984000 35302 12879 452412 105887
1374976800 215419 136860 2171828 1355039
1374969600 120184 19256 2422645 226243
1374962400 160776 44961 1925969 450076
1374955200 40108 12827 398485 74684
1374948000 156461 43257 2134869 469463
1374940800 33814 11218 421052 77739
1374933600 139261 41813 2148876 426383
1374926400 41423 12033 431368 75647
1374919200 188277 34878 2202646 417270
1374912000 66311 17743 1042140 210862
1374904800 493455 110561 4770575 1322466
1374897600 122448 22203 2423270 325664
1374890400 516640 58327 10961244 893051
1374883200 54100 16633 354890 68157
1374876000 911110 187750 3459568 1377715
1374868800 607462 216510 2628465 385150
1374861600 1231613 669694 3262481 2927597
1374854400 384330 98718 796238 249316
1374847200 656904 124787 3463739 1217340
1374840000 121520 17661 2336254 232343
1374832800 289979 83916 2448218 1035021
1374825600 121398 17978 2360289 228806
1374818400 115088 30137 860899 216710
1374811200 39448 9984 407154 61446
1374804000 388304 82063 7641678 907117
1374796800 54107 19736 407945 75927
1374789600 761705 150361 4895306 1398908
1374782400 408507 79743 2470210 315568
1374775200 371416 97428 1241177 514833
1374768000 474196 121089 1064067 293672
1374760800 348338 108974 2520218 1027647
1374753600 113863 17502 2285743 218440
1374746400 300482 38021 3037629 324165
1374739200 72264 12757 591077 85272
1374732000 245839 81456 2509514 1132643
1374724800 127487 19115 2449920 229699
1374717600 662341 80422 11022153 891270
1374710400 95864 120639 470534 188646
1374703200 663439 257030 5999369 1634515
1374696000 307721 191461 554144 387759
1374688800 823979 409244 3940105 2140444
1374681600 300248 126312 730202 304281
1374674400 425425 58599 2785475 272428
1374667200 17831 9921 35739 74232
1374660000 123360 21997 819776 134681
1374652800 37024 9727 405959 67825
1374645600 332822 77171 2418554 1086364
1374638400 23280 21126 45611 238830
1374631200 336522 101524 4502376 916791
1374624000 74901 33193 450408 166798
1374616800 482508 181725 2740350 1285692
1374609600 343435 74823 2698345 326579
1374602400 576157 144917 4159880 1307282
1374595200 287571 73902 748606 239373
1374588000 559023 104916 4099507 928097
1374580800 125827 18003 2354666 222301
1374573600 342901 87695 4148852 991873
1374566400 124551 18234 2348687 220433
1374559200 354024 37620 2468324 250275
1374552000 42338 10930 417372 67998
1374544800 257496 70909 4314676 903848
1374537600 124372 35441 714579 246228
1374530400 892244 559982 2242736 2481233
1374523200 602769 219681 2715055 461486
1374516000 729406 271511 3255478 1456289
1374508800 437234 134547 2646471 367814
1374501600 488009 129188 2631169 1081015
1374494400 32595 9670 452953 80926
1374487200 227232 53305 2607081 698098
1374480000 32195 8951 414534 64977
1374472800 203741 26086 3428897 333750
1374465600 108660 16247 2276669 217445
1374458400 153351 129973 2143262 1287093
1374451200 30863 9239 365168 56426
1374444000 158497 41957 2224477 506752
1374436800 28794 8810 366671 58978
1374429600 151707 38072 2299830 441738
1374422400 30534 10072 411851 65181
1374415200 158572 40488 2255616 488828
1374408000 30443 9324 423735 78829
1374400800 155357 41593 2241424 522926
1374393600 30674 8858 428031 64205
1374386400 250044 44808 2925901 541161
1374379200 112836 15444 2404843 230288
1374372000 174623 129198 2335090 1286015
1374364800 32026 8603 401870 58940
1374357600 235765 21602 2549624 239567
1374350400 33723 9964 426584 67289
1374343200 68191 43573 587435 537246
1374336000 31319 9811 432064 82058
1374328800 146774 38511 1883886 420139
1374321600 31577 9245 459101 90514
1374314400 169404 40078 2250461 444524
1374307200 17127 23575 59771 412252
1374300000 554419 106310 4349657 1276444
1374292800 116048 19405 2456782 306189
1374285600 362744 125701 3425780 1284218
1374278400 55816 23794 460133 201053
1374271200 507487 120262 3475457 1046096
1374264000 345846 214243 1102401 655053
1374256800 569596 233152 2160901 395098
1374249600 289116 76793 2503149 325854
1374242400 615840 178876 3128392 999925
1374235200 37499 16366 446826 165399
1374228000 93371 22481 524450 151418
1374220800 116657 16520 2255993 220298
1374213600 402037 89203 3952484 1161229
1374206400 39231 14918 432763 165823
1374199200 451034 88024 7206890 885717
1374192000 92467 63452 551331 336447
1374184800 460905 353301 1303365 3797641
1374177600 705836 380696 2732281 476981
1374170400 1969790 672004 7977454 1998248
1374163200 891914 376259 2916797 734160
1374156000 1352119 423616 6242544 1305210
1374148800 307279 196165 2457827 373626
1374141600 347030 188008 1179971 322650
1374134400 201812 164483 579501 239163
1374127200 712721 236809 4075336 575224
1374120000 172623 158026 215155 374589
1374112800 433198 214797 5044253 1040132
1374105600 264247 191818 505949 294152
1374098400 651660 271490 2610189 806461
1374091200 735017 235298 1525483 381214
1374084000 1009846 275979 2627388 528097
1374076800 332756 104674 688330 517606
1374069600 355864 75919 2128930 233153
1374062400 41530 11046 438508 67176
1374055200 181719 28425 1731645 223386
1374048000 52617 12108 478202 80453
1374040800 321312 120457 2377333 1062856
1374033600 120437 17590 2365380 236608
1374026400 178377 113561 2592867 1021292
1374019200 86918 33329 512247 101219
1374012000 1184875 241590 6816582 1406286
1374004800 636922 289341 3275731 639728
1373997600 687103 267687 3857897 575589
1373990400 328955 139489 777015 230365
1373983200 568195 167777 2490565 1031945
1373976000 18541 16052 45235 210515
1373968800 281161 25477 3260336 233403
1373961600 34475 9928 433573 77211
1373954400 318557 81757 3352394 1112983
1373947200 119271 16231 2328957 230949
1373940000 660409 110441 11133725 1110310
1373932800 118284 42321 544645 138238
1373925600 732340 185814 2857618 1736949
1373918400 591086 2233385 3283355 12966451
1373911200 580678 113906 7083680 1116761
1373904000 299870 78039 671440 144742
1373896800 646909 122140 4222694 1163968
1373889600 110198 15944 2284927 212650
1373882400 364046 126020 5011577 1445735
1373875200 32652 9074 430862 73718
1373868000 366924 103463 5154774 1377392
1373860800 111303 15333 2315298 226494
1373853600 762947 93029 7304767 1039780
1373846400 31840 7967 331718 49716
1373839200 99066 44640 1309911 565884
1373832000 30839 8098 394316 57587
1373824800 143394 36319 2106087 396710
1373817600 32657 8721 417865 68301
1373810400 166133 41099 2140329 484161
1373803200 29849 8371 400290 60447
1373796000 56314 38998 511297 467651
1373788800 32659 9146 421536 82988
1373781600 338023 86159 2937199 1310997
1373774400 117797 14632 2344632 218230
1373767200 558046 150207 11808664 1184299
1373760000 52092 9220 419034 61548
1373752800 152153 38914 1995097 476894
1373745600 34781 8710 417706 62370
1373738400 192180 21656 2240073 262639
1373731200 35220 9332 444134 78812
1373724000 72802 37817 400046 414187
1373716800 30234 8316 427809 64784
1373709600 169823 39317 2252165 419795
1373702400 60195 14945 1051375 219138
1373695200 219944 51119 2294205 403405
1373688000 112807 18802 2390210 309309
1373680800 241936 145853 2487687 1048469
1373673600 42814 15295 437921 89586
1373666400 987658 120764 3323539 545904
1373659200 236015 75886 442541 259516
1373652000 671754 194009 5554008 1440524
1373644800 454049 80165 2615651 269726
1373637600 513821 151931 2883195 1139229
1373630400 35111 8666 425978 71567
1373623200 114362 23408 853967 202605
1373616000 84378 12366 509285 90382
1373608800 174709 31541 1322928 275681
1373601600 171438 19380 2369912 224356
1373594400 294760 113850 3156856 1100922
1373587200 489128 6195929 2823446 7706325
1373580000 1647439 7521337 5975632 7891155
1373572800 966922 7554711 3590678 7843184
1373565600 1047914 7655832 8927386 8079743
1373558400 360625 2324915 918336 7623053
1373551200 928155 91052 7760766 566572
1373544000 74659 19026 107992 209146
1373536800 471232 116508 3196590 1068187
1373529600 93315 20291 187345 219265
1373522400 475560 120693 3647907 1055701
1373515200 106140 13509 454267 64882
1373508000 273611 65889 3178139 865730
1373500800 190953 38373 536331 100990
1373493600 862831 101250 3302433 379856
1373486400 497931 93670 3107481 303758
1373479200 696622 187316 3888354 1259622
1373472000 456323 95109 2580205 385518
1373464800 834234 167065 3291833 1164987
1373457600 94000 17194 484949 179397
1373450400 194131 27161 1069456 150983
1373443200 218461 20334 2295949 213851
1373436000 414493 77721 3494810 1054181
1373428800 114794 17314 512355 165032
1373421600 443203 88963 7940337 900212
1373414400 188443 72989 788406 274567
1373407200 820515 255990 3608932 1863848
1373400000 488981 185315 2826854 531543
1373392800 545401 85206 4441687 330876
1373385600 309766 81625 700225 281121
1373378400 696435 161838 3075607 1209579
1373371200 112468 16590 2198449 204210
1373364000 172023 30326 2215697 240980
1373356800 39010 10460 425511 75368
1373349600 387439 109195 3724603 1066857
1373342400 124304 16706 2398255 232032
1373335200 126037 62946 1698391 909554
1373328000 122966 64487 525424 469459
1373320800 1330477 1486751 8102136 5424932
1373313600 983001 1221017 3000241 3844086
1373306400 688092 114452 3059554 973963
1373299200 1532466 114579 2721159 336981
1373292000 540102 76249 3250949 280457
1373284800 38121 9248 393020 59477
1373277600 201527 46759 2202029 530145
1373270400 41052 9961 424392 86266
1373263200 156726 48344 2522893 638553
1373256000 35982 9043 429862 66754
1373248800 261079 162526 2249531 1246243
1373241600 111261 8464 2270471 40003
1373234400 133103 87409 1926508 962484
1373227200 33017 8853 396616 56942
1373220000 130721 36452 1702397 443565
1373212800 32528 8805 397056 60833
1373205600 140810 39771 1882993 511712
1373198400 35208 8766 407810 56754
1373191200 123101 37545 1587684 494492
1373184000 36400 9527 436672 81720
1373176800 252153 46219 4075269 719284
1373169600 32790 8319 407335 65073
1373162400 218749 155801 2255380 1258254
1373155200 18535 15720 41396 221657
1373148000 285662 82672 2952284 1043619
1373140800 33531 8941 410954 60057
1373133600 107296 32783 815133 467465
1373126400 36701 10798 450793 78088
1373119200 179790 110200 2268158 1149733
1373112000 116007 15221 2359887 226373
1373104800 214285 76924 2460337 1015562
1373097600 60656 15349 1035693 225869
1373090400 403848 89152 3125070 1200604
1373083200 116789 19489 2359905 301560
1373076000 609165 93886 10669193 1027294
1373068800 36330 9271 444183 70196
1373061600 237606 71041 2427632 906503
1373054400 115418 15965 2326163 211099
1373047200 203613 59220 3100759 1051679
1373040000 38465 9716 452597 72148
1373032800 418372 79982 3472006 1035970
1373025600 20661 15573 53325 217362
1373018400 249382 98182 2786851 1059201
1373011200 38373 9856 454585 76964
1373004000 234396 72393 2684574 960615
1372996800 117495 15643 2275176 212313
1372989600 235141 124708 2175246 1013721
1372982400 40130 9181 421592 58947
1372975200 194951 57210 2338325 751001
1372968000 121012 16636 2356167 225147
1372960800 332268 71999 4181535 1074163
1372953600 42802 10496 478764 86759
1372946400 218500 58747 2520568 653585
1372939200 111198 15593 2222513 200919
1372932000 303525 127167 3575528 1181473
1372924800 37927 9931 426998 86599
1372917600 315012 44939 2532118 296269
1372910400 109507 15627 2169093 207893
1372903200 366146 167019 2662429 1396831
1372896000 38646 10060 383925 58134
1372888800 173360 48989 2052330 479541
1372881600 219621 45480 2589646 259628
1372874400 989875 565126 5696378 5384064
1372867200 1620286 1427993 5696378 5531921
1372860000 729587 316955 3134757 1242661
1372852800 118641 16109 2251116 208869
1372845600 339820 116463 3210070 1051460
1372838400 38703 10218 477920 79960
1372831200 309862 36005 3346263 287213
1372824000 117680 15918 2260441 215839
1372816800 156930 145152 2476214 1065447
1372809600 128107 43551 803177 183365
1372802400 1047609 332136 6185849 1262184
1372795200 559562 233400 2507241 880596
1372788000 813194 202901 3569944 1340614
1372780800 1135078 657719 7742667 9961714
1372773600 1658360 2126582 7742667 9961714
1372766400 129115 26295 2324288 225223
1372759200 330161 123323 2569027 1102912
1372752000 240519 28284 2598978 233059
1372744800 585488 123068 3137749 1020018
1372737600 50729 23373 447498 181458
1372730400 570953 71501 11002268 873448
1372723200 690622 55211 2729610 267017
1372716000 2510244 1769614 7189226 6417991
1372708800 1228738 686928 3706627 2065381
1372701600 749023 1247600 2009519 3161406
1372694400 1194175 149103 3378716 485986
1372687200 546009 131355 4693525 731224
1372680000 67368 22097 457870 80523
1372672800 148286 60255 1532492 567071
1372665600 46065 19110 433454 79565
1372658400 325961 63848 3308972 697881
1372651200 122941 25133 2284112 226083
1372644000 369104 181136 3640008 1338419
1372636800 44185 23057 418181 171378
1372629600 274360 57201 3417142 529011
1372622400 44572 18861 412568 71959
1372615200 219411 54077 3191297 488344
1372608000 45464 18901 425358 78037
1372600800 79073 34331 464462 352059
1372593600 48272 19130 416440 73244
1372586400 216798 52551 3206848 464523
1372579200 52560 19655 423463 75823
1372572000 179630 57223 2523014 534979
1372564800 47509 19319 426171 74604
1372557600 333690 168685 2459045 1304247
1372550400 32145 25522 51562 225760
1372543200 185541 49063 2572860 415008
1372536000 50350 19614 477065 80915
1372528800 201422 52044 2641390 465952
1372521600 47442 19348 470989 86212
1372514400 434089 96580 6121083 1065157
1372507200 35745 26005 68908 226879
1372500000 246569 53412 2985401 442632
1372492800 80788 25109 1101620 221389
1372485600 578640 149017 5768721 1155108
1372478400 32827 28781 43706 333754
1372471200 308156 90930 4116622 888268
1372464000 162552 60121 648217 176754
1372456800 599246 192646 5158732 1219799
1372449600 570078 97873 2902220 301929
1372442400 1715371 1202396 4332497 2600245
1372435200 460337 283397 1420744 2124800
1372428000 689395 267928 6274435 1161217
1372420800 223328 84488 2351615 712366
1372413600 154773 70037 810553 961066
1372406400 43152 20280 165441 88560
1372399200 399156 115582 2740874 921025
1372392000 125526 25304 2212708 227440
1372384800 134590 72124 1270734 928833
1372377600 689403 504574 1565586 765926
1372370400 1514171 585037 4008267 1521005
1372363200 962816 1820624 1801673 7988514
1372356000 799249 148865 4458440 1196044
1372348800 623376 93157 2772734 215101
1372341600 571204 142774 2892069 1048918
1372334400 42899 26083 317573 229063
1372327200 409523 86102 3599719 1016378
1372320000 69913 20448 553146 99093
1372312800 300037 84383 3089066 943174
1372305600 154220 26377 2300989 232705
1372298400 172515 66441 2250471 892598
1372291200 96847 44385 493044 139393
1372284000 594438 151397 3084603 1112222
1372276800 288295 110912 2417551 588756
1372269600 593891 665741 3817275 2888459
1372262400 939742 202875 1768202 496265
1372255200 519658 148435 2618199 822791
1372248000 121334 27853 2200898 224905
1372240800 227830 109035 2885266 1021039
1372233600 62530 21266 549828 105232
1372226400 374677 91301 5906436 1112909
1372219200 239624 68375 4437783 1060720
1372204800 350047 92246 4648293 1250877
1372118400 342812 78635 4762340 1454725
1372032000 207958 66475 10752355 2214687
1371945600 177600 60137 4594853 1778480
1371859200 440261 121118 7043919 7743725
1371772800 445273 1019518 11503769 8537791
1371686400 476049 1148510 8163730 8704033
1371600000 432608 1391967 4213318 7796196
1371513600 443905 85534 9691392 1266174
1371427200 155605 44431 4608597 1037560
1371340800 227175 51445 10817067 1034567
1371254400 322378 86426 4518292 1155012
1371168000 310667 97326 4694732 1571346
1371081600 399071 82979 6679983 1128382
1370995200 355999 85698 6084006 1126365
1370908800 463811 88604 4838106 1202862
1370822400 226206 47739 7400862 978984
1370736000 281794 52657 12785144 1010528
1370649600 360353 91387 3940595 1301695
1370563200 381834 111810 4791896 2215202
1370476800 397999 158263 7740545 6219021
1370390400 365563 73677 4221832 1088497
1370304000 341010 65754 9776313 1049068
1370217600 190561 45419 3522189 1026745
1370131200 240555 89004 5094631 1071521
1370044800 518296 213124 8020185 5653748
1369958400 323694 96535 3898561 1118914
1369872000 290007 81559 4487876 1094829
1369785600 372475 1523463 12771620 8296970
1369699200 142572 39502 2636303 1011274
1369612800 100149 28919 4523883 1006182
1369526400 174521 47117 7037479 990752
1369440000 364435 74796 4434873 1029819
1369353600 404338 2835622 6164612 8864664
1369267200 648123 2104874 12392019 12469080
1369180800 356662 1817455 5300780 8750359
1369094400 464346 162603 12680257 3326433
1369008000 133010 72835 3881652 4558136
1368921600 155935 51733 4345573 1041718
1368835200 611295 317888 10815507 6222566
1368748800 745615 276144 7996865 5167823
1368662400 441446 129616 4474208 3133256
1368576000 377224 103558 3914868 3148510
1368489600 388430 100898 12771839 3157127
1368403200 206238 56797 7384476 2319363
1368316800 225769 76423 4264912 2591133
1368230400 547614 198137 5694017 3556833
1368144000 547273 206161 10938739 3395920
1368057600 373199 185229 4318450 3413135
1367971200 738449 364170 11330016 2711638
1367884800 546218 262553 6926932 4344444
1367798400 247004 162459 3664501 2955315
1367712000 304212 177152 5819185 2481513
1367625600 527855 247973 4174750 3269428
1367539200 802101 386018 11845072 7662472
1367452800 433921 163467 5484504 3414261
1367366400 437650 159905 10969089 4529174
1367280000 339226 129696 6244718 2519576
1367193600 136591 63121 3381560 3065360
1367107200 202501 79052 4441469 2450784
1367020800 851652 546614 10433548 6896177
1366934400 883216 229161 8682593 3346003
1366848000 346869 135006 4543982 3174729
1366761600 423470 146500 9618736 3232615
1366675200 360371 183408 5787458 5065702
1366588800 144644 49355 3553161 3126519
1366502400 193460 71364 5576341 3188229
1366416000 585308 149077 6042176 3307494
1366329600 460846 373222 6528220 8446745
1366243200 1163712 1644391 10233819 8759701
1366156800 751018 509661 5986767 7528699
1366070400 481321 1390567 6983212 8041364
1365984000 128684 45234 3295922 1008026
1365897600 138989 51045 5183555 3224076
1365811200 429681 118129 11277188 2960230
1365724800 234692 79664 3383170 2857113
1365638400 390193 138867 4180748 3328520
1365552000 256272 112925 6594369 2732467
1365465600 337979 110177 6114466 3219069
1365379200 140735 56035 4242035 3169951
1365292800 192703 57384 10589757 3063539
1365206400 4675437 1095348 9961745 6294590
1365120000 2720338 734489 9423516 8414702
1365033600 1408850 534019 9390245 6797559
1364947200 641612 154635 7787635 2537911
1364860800 860840 777332 2375046 2019223
1364774400 1318004 1297423 1672852 1498282
1364688000 1095400 1078185 1761218 1741374
1364601600 703367 595861 4863174 5565237
1364515200 168050 65756 1574925 602617
1364428800 417015 318942 10098629 9013571
1364342400 141268 58907 1670057 1583053
1364256000 151332 49209 1315307 574141
1364169600 38018 19276 60633 21469
1364083200 39009 19199 129969 28686
1363996800 181522 52209 1195671 397440
1363910400 239942 56663 4422523 359167
1363824000 193517 63511 2223669 433293
1363737600 214956 449820 1432519 4295929
1363651200 273848 217143 2176051 1840139
1363564800 30131 7024 45374 12454
1363478400 34119 7474 233665 26630
1363392000 239940 360591 2861738 4700523
1363305600 489524 146591 7276642 3007923
1363219200 574650 2744077 6610775 5176122
1363132800 394005 1019404 5113834 5506091
1363046400 254963 228756 2548550 8293294
1362960000 46747 6754 158057 12429
1362873600 83761 18710 868198 175049
1362787200 736030 259485 4885653 2190037
1362700800 362434 102696 3162513 1098084
1362614400 328481 45650 3342055 250429
1362528000 287946 52640 3432281 490916
1362441600 467605 48337 6204979 399719
1362355200 37325 6288 149823 11787
1362268800 39449 6394 343844 17480
1362182400 316486 40977 5657779 1858095
1362096000 458893 141588 4305460 6202494
1362009600 488955 99948 4936968 2737498
1361923200 520426 74525 5889334 689595
1361836800 504436 54924 7454948 470870
1361750400 227202 15764 1065310 42437
1361664000 167941 14639 716959 22896
1361577600 457842 58991 7183364 2326478
1361491200 452714 73912 3484405 2001871
1361404800 364515 40916 4419266 453071
1361318400 416598 49059 3987075 360738
1361232000 173386 19265 495051 347841
1361145600 165616 15527 232156 23895
1361059200 170904 16210 386176 29133
1360972800 446134 99641 5867610 4724317
1360886400 475972 55125 3662681 472113
1360800000 541704 63569 3618186 488867
1360713600 1068335 1586436 9707247 10877098
1360627200 527655 102000 5852828 2121519
1360540800 310542 27848 385459 61332
1360454400 316751 27740 935273 37787
1360368000 436441 45399 3191954 294411
1360281600 611225 193081 3731121 1708864
1360195200 565995 86211 4906289 476959
1360108800 529659 72772 4288547 511074
1360022400 645430 79689 8138678 436467
1359936000 315355 27430 1119147 45449
1359849600 330672 27712 1105719 36983
1359763200 845108 91333 8404231 1315804
1359676800 549438 80862 3227632 436553
1359590400 623289 95588 9157490 1573224
1359504000 532968 99868 6489380 516529
1359417600 335308 107578 7438413 1273377
1359331200 44013 9891 1635007 442320
1359244800 41627 6024 303215 71222
1359158400 370987 50735 8927266 635846
1359072000 425634 123354 4988245 1024768
1358985600 446680 373619 5872050 5552449
1358899200 427186 269788 4768483 2588831
1358812800 209426 169119 1472809 467458
1358726400 185602 151654 977795 163168
1358640000 185818 153084 494445 202439
1358553600 255284 101394 3001121 457021
1358467200 509714 2787778 7910355 10790181
1358380800 426189 1028515 4346175 9485875
1358294400 314127 116185 3475721 1341826
1358208000 392453 128084 4983690 2114228
1358121600 36769 16779 756471 265487
1358035200 34112 23513 852851 795374
1357948800 168632 102117 1182011 2716745
1357862400 137670 85964 3370657 841179
1357776000 176094 57881 1767710 1402396
1357689600 172600 70754 4127792 563364
1357603200 300299 170784 2509356 3152002
1357516800 30246 29157 279447 2010816
1357430400 33729 14948 253163 230221
1357344000 276103 45092 2603644 369463
1357257600 198341 89996 3160271 2617633
1357171200 112134 56239 1453819 1187368
1357084800 53337 1419728 153904 5181425
1356998400 172520 566659 2846634 7047188
1356912000 19768 4999 66482 7739
1356825600 29700 7812 1374594 148943
1356739200 124744 155283 1753455 5290137
1356652800 165369 43795 2437240 2003067
1356566400 129924 70739 3601555 1808232
1356480000 18192 4260 113353 6468
1356393600 23484 4438 820222 24018
1356307200 17756 4213 39868 5768
1356220800 19079 5446 65175 46461
1356134400 100891 34071 967757 263958
1356048000 165157 51312 4452743 550252
1355961600 211217 86194 4512262 1327352
1355875200 154527 41918 2717933 217291
1355788800 217349 401809 2637665 5344731
1355702400 20447 6668 112714 10698
1355616000 24599 7551 160254 78715
1355529600 180396 62477 2429985 1042516
1355443200 175209 108649 1599354 2785174
1355356800 154731 42674 2286808 1117215
1355270400 138355 62137 1616334 2854498
1355184000 159148 49790 2012917 511591
1355097600 24562 7543 221336 148113
1355011200 23440 8572 115578 139250
1354924800 826227 366690 4762302 1961972
1354838400 186282 39971 2546605 251147
1354752000 238010 86757 1204689 472976
1354665600 196121 805914 1759021 5222764
1354579200 195363 1061139 5056790 5400327
1354492800 43462 28227 82361 30966
1354406400 67566 34315 907556 891009
1354320000 291156 347526 3363768 5345004
1354233600 144421 38737 1529367 518940
1354147200 548579 695356 11711266 12578550
1354060800 2128479 1749549 12517185 9820366
1353974400 159774 39027 1877923 266015
1353888000 43480 41475 353447 928048
1353801600 42840 26963 126297 28450
1353715200 43733 27069 127189 29717
1353628800 43424 25788 142764 29259
1353542400 1684745 1102991 11904036 8656691
1353456000 826827 829265 12698958 11484446
1353369600 125387 34113 2486905 336014
1353283200 20050 5211 650834 22233
1353196800 19028 5256 104283 8191
1353110400 222579 37131 1982012 732175
1353024000 165544 38716 3887912 610620
1352937600 321106 79991 2372625 3562165
1352851200 213784 80347 1935582 2740108
1352764800 842500 638158 12932780 9860810
1352678400 20041 5381 785628 27816
1352592000 22548 5708 786003 27280
1352505600 140950 48007 1778505 653628
1352419200 161356 99942 2763392 3286781
1352332800 171402 83910 1373424 724398
1352246400 1128243 826163 12536173 9697059
1352160000 160235 90994 1968660 1340898
1352073600 31191 7629 208254 99517
1351987200 79242 9731 3609231 398691
1351900800 1778377 1372671 12841701 9872466
1351814400 154989 76447 1542007 511433
1351728000 146513 69105 2815436 2401472
1351641600 47134 12388 857915 467097
1351555200 22583 7873 114138 179536
1351468800 19790 6259 46999 14715
1351382400 22340 6824 109049 19957
1351296000 565662 368878 12723896 9719429
1351209600 204139 96708 7796913 468263
1351123200 151249 116312 1389824 2177579
1351036800 150683 63718 2124557 449980
1350950400 213429 179070 2106282 3080013
1350864000 42580 28434 566547 34056
1350777600 47106 28553 703443 59283
1350691200 330884 108038 3243432 3478479
1350604800 204145 77835 2477316 389730
1350518400 234892 183041 3176446 3228762
1350432000 372048 100385 12909847 2162322
1350345600 295911 43865 7593789 1059375
1350259200 13629 4474 24189 6554
1350172800 19325 4596 1366252 21974
1350086400 146654 69025 2749733 3212459
1350000000 108979 36128 1501399 670613
1349913600 148525 57878 1085358 792833
1349827200 126836 71626 3099965 476961
1349740800 105093 31444 2750506 539180
1349654400 18522 5581 116467 10894
1349568000 21313 6237 764479 20418
1349481600 546647 36505 12454912 311910
1349395200 974369 701338 12527539 9646159
1349308800 2049666 1666631 12970023 11171353
1349222400 149126 68325 2910469 7551604
1349136000 162881 57161 3218406 1136551
1349049600 21510 6499 75752 19266
1348963200 98592 23067 1765875 189382
1348876800 854362 798356 12775216 11455383
1348790400 1506500 1016893 12619381 9661081
1348704000 170105 39463 2199389 322956
1348617600 135862 51846 1297167 1178886
1348531200 251021 157421 4260385 3585133
1348444800 12579 4177 39229 23371
1348358400 15519 4731 117434 16240
1348272000 107513 29338 3178579 393423
1348185600 161334 37127 2544061 247389
1348099200 171215 39332 2631839 264851
1348012800 104177 68450 1892532 5570870
1347926400 120496 23283 2557124 233150
1347840000 14711 5025 52946 18041
1347753600 18187 51566 85434 535809
1347667200 120562 159999 1517528 4840742
1347580800 545908 48893 9152702 734446
1347494400 835834 686609 6049980 12335676
1347408000 425287 61994 3890563 1924913
1347321600 184132 33791 2046885 273007
1347235200 13886 4690 31469 16091
1347148800 19730 4798 600859 13748
1347062400 149893 34263 2931279 563870
1346976000 150703 117542 2303809 7098016
1346889600 311310 139766 4208316 2016379
1346803200 599703 362078 4068180 5758349
1346716800 182220 49056 1414929 3417961
1346630400 16826 5220 658214 15007
1346544000 20195 5341 557339 13241
1346457600 115217 20167 1891715 159971
1346371200 137749 34456 2473712 321171
1346284800 126819 24994 1869521 294411
1346198400 126086 30757 1228773 198077
1346112000 93436 32004 1249461 380025
1346025600 14297 5026 32628 8502
1345939200 15038 5068 57784 7149
1345852800 84784 21769 1371771 222470
1345766400 96938 31631 732578 264970
1345680000 406726 406535 10375625 11776435
1345593600 131750 77979 1217634 2384563
1345507200 111248 35422 1198696 376452
1345420800 9456 3369 27198 5460
1345334400 26760 545351 723671 7686822
1345248000 82449 21854 873798 232280
1345161600 131044 843172 5996434 5268431
1345075200 155167 1407394 2434378 5535524
1344988800 107032 26520 3813998 355589
1344902400 207269 41110 2817112 2192084
1344816000 11124 3948 23168 6172
1344729600 13353 4157 27336 8641
1344643200 119573 25999 1313432 297801
1344556800 1246462 693999 11254021 10906055
1344470400 1637343 1172322 12073118 9763587
1344384000 1669514 1362822 11921306 12214211
1344297600 1706834 1179475 12354485 9316436
1344211200 13178 5457 35374 31128
1344124800 13407 5219 26466 8440
1344038400 1093091 754577 12198931 9239832
1343952000 236017 149870 2654451 1882612
1343865600 412104 247433 11860051 11775362
1343779200 1595143 1568331 12222745 11847000
1343692800 174603 141060 2607359 2397402
1343606400 15453 4018 73178 13240
1343520000 16231 4682 46125 29254
1343433600 1610530 562357 13952367 7895710
1343347200 272547 825376 3048621 11642229
1343260800 252252 667846 2912557 10352029
1343174400 355089 45175 6892388 269304
1343088000 398555 156215 4682117 3952847
1343001600 21218 5694 188405 10012
1342915200 2841143 2824065 12378929 12389630
1342828800 2574530 2540095 12335355 12333465
1342742400 185244 43672 1459650 386400
1342656000 658728 451325 7340271 7707597
1342569600 448909 302608 12054746 11746697
1342483200 2193972 1339918 12075395 8683558
1342396800 15281 6669 41162 48552
1342310400 15877 6599 62365 11836
1342224000 120642 33728 1408673 414762
1342137600 183639 41068 3857597 297179
1342051200 422089 195005 12708315 12443510
1341964800 128675 40959 2047185 391448
1341878400 137861 39137 1908403 511385
1341792000 9604 3159 54519 4677
1341705600 10306 3196 47610 5329
1341619200 78998 31079 922784 297077
1341532800 116042 56154 1217622 1907745
1341446400 13081 5338 47282 14140
1341360000 101212 36676 1638823 389571
1341273600 162191 107857 2438707 2204324
1341187200 11715 4508 50270 10304
1341100800 28407 11194 561849 204878
1341014400 251760 199888 2396373 6549117
1340928000 365418 59849 5830941 771257
1340841600 2327778 2542382 12229927 8838468
1340755200 629579 917343 3603739 2856018
1340668800 209167 49010 1942853 658690
1340582400 12105 8484 58398 26314
1340496000 13534 9138 98828 85216
1340409600 98624 38778 1073262 230416
1340323200 125264 89383 2003174 2562237
1340236800 131297 36593 993717 487824
1340150400 233710 41299 12514527 363282
1340064000 360002 61440 12516987 943197
1339977600 32157 22473 273573 52848
1339891200 26745 21859 71375 40920
1339804800 125016 53704 1281396 215700
1339718400 130032 44866 1291146 1302133
1339632000 206085 151063 11122228 3859967
1339545600 126066 40888 1916438 334854
1339459200 279036 76610 2253096 2330342
1339372800 11038 6686 162372 12121
1339286400 27133 7353 599396 19718
1339200000 134898 39225 1924059 359437
1339113600 370316 303613 10273681 9930136
1339027200 171559 35306 3364325 325579
1338940800 185631 612291 2586785 5027266
1338854400 206887 44732 2448228 635555
1338768000 5698 2356 54931 19645
1338681600 10561 6550 49562 12076
1338595200 153502 54093 7385613 1368482
1338508800 126104 39598 2277983 928301
1338422400 194311 216969 10203118 11668809
1338336000 200777 82973 4105517 2722277
1338249600 10896 7070 88823 9702
1338163200 19018 6977 797756 12813
1338076800 11338 7109 254998 43577
1337990400 172410 60535 2445167 2578557
1337904000 134648 46830 1950209 620487
1337817600 209304 32504 5514420 284850
1337731200 267309 95228 4247954 4199241
1337644800 126136 40467 1819421 312579
1337558400 11474 9368 61747 16588
1337472000 12470 9625 44723 14187
1337385600 1824456 1055216 11800899 9762650
1337299200 148791 34593 2845569 964507
1337212800 110683 32368 867942 399194
1337126400 106047 29222 2350756 318407
1337040000 129863 39826 3975254 1788853
1336953600 21194 6911 278509 15774
1336867200 31095 7020 373941 14265
1336780800 143377 43594 2448956 1749012
1336694400 126960 31211 2227373 309750
1336608000 128808 57874 1015678 2568790
1336521600 108991 31445 3237333 190824
1336435200 123493 48668 1589664 452038
1336348800 21329 8260 282320 17520
1336262400 25628 8557 267133 20486
1336176000 117241 47862 1853640 1694738
1336089600 2662627 43147 8489927 482933
1336003200 409998 50577 3217572 2178334
1335916800 351353 80542 4200174 3873681
1335830400 217069 61073 1591852 1469081
1335744000 66243 11461 346333 22197
1335657600 64046 11615 331921 20711
1335571200 216752 638883 1382413 7503719
1335484800 239443 111168 7016349 2768950
1335398400 247023 157838 1766957 2753745
1335312000 159447 185292 2745837 5054005
1335225600 180232 772292 1617565 5142305
1335139200 48901 7764 286711 19194
1335052800 50004 7844 270058 18069
1334966400 281818 651081 2893148 10921311
1334880000 128322 59897 3613632 541919
1334793600 127424 19441 1925868 416230
1334707200 238293 538014 2411783 5222350
1334620800 200681 434487 2043262 9471452
1334534400 37352 3061 325549 15271
1334448000 21644 3256 296410 15123
1334361600 117586 25127 990379 183180
1334275200 156091 29991 1125357 223998
1334188800 251689 42269 5982224 655817
1334102400 215051 62343 3197954 894772
1334016000 124225 29981 1848391 537074
1333929600 36274 7239 298894 61570
1333843200 57164 20669 358762 167021
1333756800 170494 78491 3127738 1204809
1333670400 423435 176392 9456674 1796558
1333584000 171967 34019 1237588 421353
1333497600 478207 332543 13374086 11150470
1333411200 320563 164738 9459169 8690104
1333324800 78482 35476 395589 626470
1333238400 75340 8245 425084 160941
1333152000 255500 59031 5374973 334312
1333065600 201849 46554 4636459 640571
1332979200 164790 46108 1259447 1657532
1332892800 170385 32193 1320553 197232
1332806400 158890 27165 836955 327797
1332720000 69410 2591 106642 5770
1332633600 69317 2581 115258 5677
1332547200 192111 25069 1983733 165730
1332460800 130289 26780 800814 294480
1332374400 148798 30551 1345671 370239
1332288000 144175 36896 1493389 417230
1332201600 165862 35612 2126472 867337
1332115200 63629 2889 108923 21751
1332028800 68596 3595 146992 18969
1331942400 143098 27776 1956768 1729343
1331856000 128806 956532 1377232 8609388
1331769600 166582 81094 5053332 5014745
1331683200 94352 37726 1486403 430124
1331596800 248790 107349 8393314 2219390
1331510400 9868 3223 36058 29133
1331424000 11260 3989 51909 61814
1331337600 117311 43058 3343289 1138129
1331251200 110280 41126 1839487 501237
1331164800 161971 59491 10042543 639173
1331078400 261161 187723 1582838 761995
1330992000 141952 91209 5689287 704962
1330905600 12036 3313 63865 60022
1330819200 11976 3227 31067 8159
1330732800 105365 33644 5912622 749302
1330646400 161285 36137 5242745 655498
1330560000 1041435 186108 9048231 5377810
1330473600 164667 74571 6368003 1607830
1330387200 136355 44417 3116808 277974
1330300800 38413 30707 125064 110137
1330214400 61313 1030366 239590 8464163
1330128000 134785 1244191 1335767 8507674
1330041600 204344 986358 5611048 5146579
1329955200 108591 29040 2411608 347585
1329868800 79256 22091 1916949 226677
1329782400 11723 3086 130876 10917
1329696000 10359 2815 25742 7550
1329609600 12172 3855 65841 46798
1329523200 137743 25591 6771187 265894
1329436800 322000 1028676 4869225 5280855
1329350400 107189 44971 816974 399423
1329264000 102353 186247 1716542 5072295
1329177600 107618 924421 1568430 5196683
1329091200 20723 6169 157761 53838
1329004800 23992 6613 177544 47862
1328918400 121251 113699 1933650 6281129
1328832000 228106 59558 8642416 497792
1328745600 134258 89760 1396760 716591
1328659200 109438 82617 1027865 581498
1328572800 184415 89636 3196331 2356870
1328486400 22348 6970 92531 33458
1328400000 19513 5429 45411 56832
1328313600 132494 1018983 2315532 7662643
1328227200 158654 2386111 1458508 7935435
1328140800 128855 727630 1474092 9471358
1328054400 273810 839364 3443143 7919861
1327968000 122437 137202 1005423 1257317
1327881600 19888 5953 62750 80816
1327795200 16834 5151 42250 11526
1327708800 152224 2601869 794190 7292080
1327622400 176787 1340678 10007988 7417627
1327536000 169363 74130 2878493 2256585
1327449600 231880 70878 9485675 4280069
1327363200 353623 472985 4830288 8408520
1327276800 13335 3532 67966 9638
1327190400 14053 3614 114419 8700
1327104000 207758 1135472 3351716 9874025
1327017600 384795 2696349 3178738 9607135
1326931200 307600 225012 1875296 963978
1326844800 328954 281274 1310390 925499
1326758400 154205 143458 401726 182010
1326672000 169117 160000 227979 175910
1326585600 160274 151125 188098 174783
1326499200 262508 207236 1490350 1555526
1326412800 158987 110446 5180230 757801
1326326400 190018 3400140 1291776 5103450
1326240000 125777 1022392 1237064 5214352
1326153600 212880 191465 977831 7333468
1326067200 171302 162731 209059 168739
1325980800 172129 163276 199109 173993
1325894400 320961 179461 4561015 569815
1325808000 311018 361900 10801071 7945283
1325721600 668287 578041 10801071 10887042
1325635200 262924 189812 2521320 1268129
1325548800 183349 173176 290496 255237
1325462400 203291 193880 318729 285839
1325376000 207196 196960 350912 273930
1325289600 478610 328162 9796851 7799882
1325203200 276931 190495 2881073 532288
1325116800 104436 62378 974291 547781
1325030400 230744 175259 1541174 700641
1324944000 121008 113705 178654 167743
1324857600 141378 132899 171373 163219
1324771200 157701 149169 181941 164639
1324684800 149996 139279 341231 162839
1324598400 274966 183572 5616114 599336
1324512000 301918 193752 5260729 2603141
1324425600 310962 204811 4801667 2812687
1324339200 212119 203279 1487976 7329530
1324252800 144094 134896 211411 166600
1324166400 159504 149747 270898 177358
1324080000 224529 176121 2383791 341354
1323993600 205012 176093 1330965 1451509
1323907200 233172 202301 712592 991962
1323820800 241519 235094 1227394 821970
1323734400 221619 280839 613874 1158568
1323648000 141779 132826 169511 160904
1323561600 167465 150774 408204 186623
1323475200 222831 213463 1589588 1316804
1323388800 243768 184954 2300803 743504
1323302400 232109 251164 984546 1105243
1323216000 258912 207308 2314129 1693275
1323129600 235742 251539 1154754 978835
1323043200 172585 163392 211417 185425
1322956800 162620 152926 228320 202497
1322870400 240222 182826 1824524 717329
1322784000 385815 246712 8891280 1220943
1322697600 221099 169551 968914 731275
1322611200 109679 109394 1861569 1267623
1322524800 128261 103742 2146993 2073593
1322438400 8884 3196 24349 8194
1322352000 8995 3399 43696 38369
1322265600 9278 3407 76281 37616
1322179200 9419 3405 49347 37910
1322092800 61803 36760 409976 446730
1322006400 106087 58106 2508515 717282
1321920000 110786 77829 1517544 607331
1321833600 11469 2646 22074 8229
1321747200 16783 5705 947566 356981
1321660800 410791 355717 2240947 841013
1321574400 171549 92445 1905335 838299
1321488000 114127 47322 2149080 1012892
1321401600 106060 47980 1980879 1796622
1321315200 79669 33595 1081304 282102
1321228800 18381 9595 25428 11228
1321142400 18939 9646 63838 12432
1321056000 119696 49109 3880551 509585
1320969600 84114 34929 1201728 371105
1320883200 61655 23942 955132 434759
1320796800 49402 25435 1252860 438722
1320710400 82807 18544 2609057 203219
1320624000 10525 1859 22451 8833
1320537600 10793 1940 56929 11907
1320451200 52460 6335 2652485 89888
1320364800 8699 1301 78598 14122
1320278400 0 0 0 0
1320192000 0 0 0 0
1320105600 0 0 0 0
1320019200 0 0 0 0
1319932800 0 0 0 0
1319846400 0 0 0 0
1319760000 0 0 0 0
1319673600 0 0 0 0
1319587200 0 0 0 0
1319500800 0 0 0 0
1319414400 0 0 0 0
1319328000 0 0 0 0
1319241600 0 0 0 0
1319155200 0 0 0 0
1319068800 0 0 0 0
1318982400 0 0 0 0
1318896000 0 0 0 0
1318809600 0 0 0 0
1318723200 0 0 0 0
1318636800 0 0 0 0
1318550400 0 0 0 0
1318464000 0 0 0 0
1318377600 0 0 0 0
1318291200 0 0 0 0
1318204800 0 0 0 0
1318118400 0 0 0 0
1318032000 0 0 0 0
1317945600 0 0 0 0
1317859200 0 0 0 0
1317772800 0 0 0 0
1317686400 0 0 0 0
1317600000 0 0 0 0
1317513600 0 0 0 0
1317427200 0 0 0 0
1317340800 0 0 0 0
1317254400 0 0 0 0
1317168000 0 0 0 0
1317081600 0 0 0 0
1316995200 0 0 0 0
1316908800 0 0 0 0
1316822400 0 0 0 0
1316736000 0 0 0 0
1316649600 0 0 0 0
1316563200 0 0 0 0
1316476800 0 0 0 0
1316390400 0 0 0 0
1316304000 0 0 0 0
1316217600 0 0 0 0
1316131200 0 0 0 0
1316044800 0 0 0 0
1315958400 0 0 0 0
1315872000 0 0 0 0
1315785600 0 0 0 0
1315699200 0 0 0 0
1315612800 0 0 0 0
1315526400 0 0 0 0
1315440000 0 0 0 0
1315353600 0 0 0 0
1315267200 0 0 0 0
1315180800 0 0 0 0
1315094400 0 0 0 0
1315008000 0 0 0 0
1314921600 0 0 0 0
1314835200 0 0 0 0
1314748800 0 0 0 0
1314662400 0 0 0 0
1314576000 0 0 0 0
1314489600 0 0 0 0
1314403200 0 0 0 0
1314316800 0 0 0 0
1314230400 0 0 0 0
1314144000 0 0 0 0
1314057600 0 0 0 0
1313971200 0 0 0 0
1313884800 0 0 0 0
1313798400 0 0 0 0
1313712000 0 0 0 0
1313625600 0 0 0 0
1313539200 0 0 0 0
1313452800 0 0 0 0
1313366400 0 0 0 0
1313280000 0 0 0 0
1313193600 0 0 0 0
1313107200 0 0 0 0
1313020800 0 0 0 0
1312934400 0 0 0 0
1312848000 0 0 0 0
1312761600 0 0 0 0
1312675200 0 0 0 0
1312588800 0 0 0 0
1312502400 0 0 0 0
1312416000 0 0 0 0
1312329600 0 0 0 0
1312243200 0 0 0 0
1312156800 0 0 0 0
1312070400 0 0 0 0
1311984000 0 0 0 0
1311897600 0 0 0 0
1311811200 0 0 0 0
1311724800 0 0 0 0
1311638400 0 0 0 0
1311552000 0 0 0 0
1311465600 0 0 0 0
1311379200 0 0 0 0
1311292800 0 0 0 0
1311206400 0 0 0 0
1311120000 0 0 0 0
1311033600 0 0 0 0
1310947200 0 0 0 0
1310860800 0 0 0 0
1310774400 0 0 0 0
1310688000 0 0 0 0
1310601600 0 0 0 0
1310515200 0 0 0 0
1310428800 0 0 0 0
1310342400 0 0 0 0
1310256000 0 0 0 0
1310169600 0 0 0 0
1310083200 0 0 0 0
1309996800 0 0 0 0
1309910400 0 0 0 0
1309824000 0 0 0 0
1309737600 0 0 0 0
1309651200 0 0 0 0
1309564800 0 0 0 0
1309478400 0 0 0 0
1309392000 0 0 0 0
1309305600 0 0 0 0
1309219200 0 0 0 0
1309132800 0 0 0 0
1309046400 0 0 0 0
