1377805802 1209652213 2775984806
1377805802 0 116 0 116
1377805503 0 116 0 116
1377805500 0 116 0 117
1377805200 0 116 0 117
1377804900 0 115 1 116
1377804600 0 116 1 117
1377804300 0 117 0 117
1377804000 0 116 0 117
1377803700 0 116 0 116
1377803400 0 116 0 117
1377803100 0 117 0 117
1377802800 0 116 0 117
1377802500 0 116 0 117
1377802200 0 117 49 129
1377801900 48 128 49 129
1377801600 0 116 1 117
1377801300 0 117 0 117
1377801000 40 118 4097 238
1377800700 4056 236 4097 238
1377800400 0 115 0 117
1377800100 0 117 0 117
1377799800 0 116 0 117
1377799500 0 116 0 117
1377799200 0 117 0 117
1377798900 0 116 0 117
1377798600 0 116 0 116
1377798300 0 116 0 117
1377798000 0 116 0 117
1377797700 0 116 0 117
1377797400 0 117 0 117
1377797100 0 116 0 117
1377796800 0 115 0 117
1377796500 0 117 0 117
1377796200 0 117 0 117
1377795900 0 116 0 117
1377795600 0 116 0 117
1377795300 0 117 0 117
1377795000 0 117 0 117
1377794700 0 116 0 117
1377794400 0 116 0 117
1377794100 0 117 0 117
1377793800 0 117 0 117
1377793500 0 116 0 117
1377793200 0 116 0 117
1377792900 0 117 0 117
1377792600 0 116 0 117
1377792300 0 116 0 116
1377792000 0 116 0 117
1377791700 0 117 0 117
1377791400 0 116 0 117
1377791100 0 115 0 117
1377790800 0 117 0 117
1377790500 0 117 0 117
1377790200 0 117 1 117
1377789900 0 117 1 117
1377789600 0 117 1 117
1377789300 0 116 1 117
1377789000 0 116 0 116
1377788700 0 116 0 117
1377788400 0 117 0 117
1377788100 0 116 0 117
1377787800 0 116 0 117
1377787500 0 116 0 117
1377787200 0 115 0 117
1377786900 0 116 0 117
1377786600 0 116 0 117
1377786300 0 117 0 117
1377786000 0 116 0 117
1377785700 0 116 0 116
1377785400 0 116 0 117
1377785100 0 116 0 117
1377784800 0 116 0 116
1377784500 0 116 0 116
1377784200 0 116 0 117
1377783900 0 116 0 117
1377783600 0 116 0 117
1377783300 0 116 0 117
1377783000 0 116 0 117
1377782700 0 116 0 117
1377782400 0 116 0 117
1377782100 0 116 0 117
1377781800 0 116 0 116
1377781500 0 116 0 117
1377781200 0 116 0 117
1377780900 0 116 0 117
1377780600 0 117 0 117
1377780300 0 116 0 117
1377780000 0 116 0 117
1377779700 0 116 0 117
1377779400 0 116 0 117
1377779100 0 116 0 117
1377778800 0 116 0 117
1377778500 0 116 1 117
1377778200 0 116 1 117
1377777900 0 117 1 117
1377777600 0 116 1 117
1377777300 0 116 0 117
1377777000 0 116 0 117
1377776700 0 116 0 117
1377776400 0 117 0 117
1377776100 0 117 0 117
1377775800 0 117 0 117
1377775500 0 117 0 117
1377775200 0 116 0 117
1377774900 0 116 0 117
1377774600 0 116 0 117
1377774300 0 116 0 117
1377774000 0 117 0 117
1377773700 0 117 0 117
1377773400 0 117 0 117
1377773100 0 116 0 117
1377772800 0 116 0 117
1377772500 0 117 0 117
1377772200 0 117 0 117
1377771900 0 117 0 117
1377771600 0 116 0 117
1377771300 0 116 0 117
1377771000 0 116 0 117
1377770700 0 116 0 116
1377770400 0 116 0 116
1377770100 0 116 0 117
1377769800 0 117 0 117
1377769500 0 117 0 117
1377769200 0 116 0 117
1377768900 0 116 0 117
1377768600 0 117 0 117
1377768300 0 117 0 117
1377768000 0 117 0 117
1377767700 0 116 0 117
1377767400 0 115 0 116
1377767100 0 116 1 117
1377766800 0 117 1 117
1377766500 0 116 0 117
1377766200 0 116 1 117
1377765900 0 116 1 117
1377765600 0 116 0 117
1377765300 0 117 0 117
1377765000 0 116 0 117
1377764700 0 116 0 118
1377764400 0 117 0 118
1377764100 0 115 0 117
1377763800 0 117 0 117
1377763500 0 117 0 117
1377763200 0 117 0 117
1377762900 0 116 0 117
1377762600 0 116 0 116
1377762300 0 116 0 117
1377762000 0 116 0 117
1377761700 0 116 0 117
1377761400 0 117 0 117
1377761100 0 117 0 117
1377760800 0 116 0 117
1377760500 0 116 0 116
1377760200 0 116 0 117
1377759900 0 117 0 117
1377759600 0 117 0 117
1377759300 0 117 0 117
1377759000 0 116 0 117
1377758700 0 116 0 117
1377758400 0 117 0 118
1377758100 0 117 0 118
1377757800 0 116 0 116
1377757500 0 116 0 117
1377757200 0 117 0 117
1377756900 0 117 0 117
1377756600 0 117 0 117
1377756300 0 116 0 117
1377756000 0 115 0 117
1377755700 0 117 0 117
1377755400 0 117 1 117
1377755100 0 116 1 117
1377754800 0 116 1 116
1377754500 0 116 1 116
1377754200 0 116 0 116
1377753900 0 116 0 117
1377753600 0 116 0 117
1377753300 0 116 0 118
1377753000 0 117 0 118
1377752700 0 116 0 116
1377752400 0 115 0 116
1377752100 0 115 0 116
1377751800 0 116 0 117
1377751500 0 116 0 117
1377751200 0 116 0 117
1377750900 0 117 0 117
1377750600 0 116 0 117
1377750300 0 115 0 116
1377750000 0 115 0 117
1377749700 0 117 0 117
1377749400 0 116 0 117
1377749100 0 116 0 118
1377748800 0 117 0 118
1377748500 0 116 0 117
1377748200 0 116 0 117
1377747900 0 116 0 117
1377747600 0 117 0 117
1377747300 0 116 0 117
1377747000 0 116 0 117
1377746700 0 117 0 117
1377746400 0 117 0 117
1377746100 0 117 0 117
1377745800 0 116 0 117
1377745500 0 116 0 117
1377745200 0 117 0 117
1377744900 0 117 0 117
1377744600 0 116 0 117
1377744300 0 116 0 116
1377744000 0 116 0 117
1377743700 0 117 1 117
1377743400 0 117 1 117
1377743100 0 117 1 117
1377742800 0 116 1 117
1377742500 0 115 0 117
1377742200 0 117 0 117
1377741900 0 117 0 117
1377741600 0 116 0 117
1377741300 0 116 0 117
1377741000 0 116 0 117
1377740700 0 116 0 117
1377740400 0 117 0 117
1377740100 0 116 0 117
1377739800 0 116 0 117
1377739500 0 116 0 117
1377739200 0 116 0 116
1377738900 0 116 0 117
1377738600 0 117 0 117
1377738300 0 116 0 117
1377738000 0 116 0 118
1377737700 0 117 0 118
1377737400 0 116 0 117
1377737100 0 117 0 117
1377736800 0 116 0 117
1377736500 0 116 0 117
1377736200 0 117 0 117
1377735900 0 117 0 117
1377735600 0 116 0 117
1377735300 0 115 0 117
1377735000 0 117 0 117
1377734700 0 117 0 117
1377734400 0 117 0 117
1377734100 0 117 0 117
1377733800 0 117 0 117
1377733500 0 117 0 118
1377733200 0 117 0 118
1377732900 0 116 3 117
1377732600 2 117 3 117
1377732300 0 116 1 117
1377732000 0 116 1 116
1377731700 0 116 10 122
1377731400 102 124 9253 344
1377731100 9161 342 9253 344
1377730800 91 159 92 160
1377730500 0 117 0 117
1377730200 0 117 0 117
1377729900 0 117 93 157
1377729600 92 156 93 157
1377729300 0 117 1 118
1377729000 0 117 0 117
1377728700 0 117 0 117
1377728400 0 116 0 117
1377728100 0 116 0 117
1377727800 0 117 0 117
1377727500 0 117 0 117
1377727200 0 117 0 117
1377726900 0 116 0 117
1377726600 0 116 0 117
1377726300 0 117 0 117
1377726000 0 117 0 117
1377725700 0 116 0 117
1377725400 0 116 0 118
1377725100 0 117 1 118
1377724800 0 116 1 117
1377724500 0 116 0 117
1377724200 0 117 0 117
1377723900 0 116 0 117
1377723600 0 116 0 117
1377723300 0 117 0 117
1377723000 0 117 0 117
1377722700 0 117 32 131
1377722400 31 130 32 131
1377722100 16 122 17 123
1377721800 0 117 0 117
1377721500 0 117 2 118
1377721200 1 117 2 118
1377720900 870 131 87001 1609
1377720600 86131 1594 87001 1609
1377720300 26 141 27 142
1377720000 0 116 0 116
1377719700 0 116 0 117
1377719400 0 117 0 117
1377719100 0 117 0 118
1377718800 0 117 1 118
1377718500 0 115 1 115
1377718200 0 115 0 117
1377717900 0 117 0 117
1377717600 0 116 0 117
1377717300 0 116 0 117
1377717000 0 117 0 117
1377716700 0 116 0 117
1377716400 0 116 0 118
1377716100 0 117 0 118
1377715800 0 116 0 117
1377715500 0 117 0 117
1377715200 0 116 0 117
1377714900 0 116 0 116
1377714600 0 116 0 116
1377714300 0 116 0 117
1377714000 0 117 0 117
1377713700 0 116 0 117
1377713400 0 116 0 118
1377713100 0 117 0 118
1377712800 0 115 0 116
1377712500 0 116 0 117
1377712200 0 116 0 117
1377711900 0 116 0 116
1377711600 0 116 0 117
1377711300 0 117 0 118
1377711000 0 117 0 118
1377710700 0 116 0 117
1377710400 0 117 0 117
1377710100 0 117 0 117
1377709800 0 116 0 117
1377709500 0 116 0 116
1377709200 0 116 0 117
1377708900 0 117 1 117
1377708600 0 117 1 117
1377708300 0 117 0 117
1377708000 0 117 0 118
1377707700 0 117 0 118
1377707400 0 116 0 117
1377707100 0 116 1 117
1377706800 0 117 1 117
1377706500 0 117 0 117
1377706200 0 117 0 118
1377705900 0 117 0 118
1377705600 0 117 0 118
1377705300 0 117 0 118
1377705000 0 117 0 117
1377704700 0 117 0 117
1377704400 0 117 0 117
1377704100 0 116 0 117
1377703800 3 116 502 254
1377703500 498 253 502 254
1377703200 4 119 527 336
1377702900 523 334 527 336
1377702600 36 120 3503 518
1377702300 3479 515 3503 518
1377702000 0 117 0 117
1377701700 0 116 0 117
1377701400 0 116 0 117
1377701100 0 117 12 122
1377700800 11 121 12 122
1377700500 0 117 0 117
1377700200 0 116 0 117
1377699900 0 116 0 116
1377699600 0 116 12 124
1377699300 11 123 12 124
1377699000 0 116 0 117
1377698700 0 117 62 133
1377698400 64 133 286 223
1377698100 284 222 286 223
1377697800 1 117 1 117
1377697500 35 120 3418 490
1377697200 3383 486 3418 490
1377696900 0 116 0 117
1377696600 0 117 0 117
1377696300 0 117 0 117
1377696000 0 116 0 117
1377695700 0 116 0 117
1377695400 0 116 1 117
1377695100 0 116 1 117
1377694800 0 117 0 117
1377694500 0 116 0 117
1377694200 0 116 0 117
1377693900 0 117 0 117
1377693600 0 116 0 117
1377693300 0 116 0 117
1377693000 0 117 0 117
1377692700 0 117 0 117
1377692400 0 117 0 117
1377692100 0 116 0 117
1377691800 0 116 0 117
1377691500 0 116 0 117
1377691200 0 116 0 117
1377690900 0 117 0 117
1377690600 0 116 0 117
1377690300 0 116 0 117
1377690000 0 117 0 117
1377689700 0 116 0 117
1377689400 0 116 0 117
1377689100 0 116 0 117
1377688800 0 115 0 117
1377688500 0 117 0 117
1377688200 0 117 0 117
1377687900 0 116 0 117
1377687600 0 115 0 117
1377687300 0 116 0 117
1377687000 0 116 0 117
1377686700 0 116 0 117
1377686400 0 116 0 116
1377686100 0 116 0 116
1377685800 0 116 1 117
1377685500 0 117 1 117
1377685200 0 117 0 117
1377684900 0 117 0 117
1377684600 0 117 0 117
1377684300 0 116 0 117
1377684000 0 116 1 117
1377683700 0 117 1 117
1377683400 0 117 0 117
1377683100 0 117 0 117
1377682800 0 116 0 117
1377682500 0 116 0 116
1377682200 0 116 0 117
1377681900 0 116 0 117
1377681600 0 116 0 116
1377681300 0 116 0 116
1377681000 0 116 0 117
1377680700 0 116 0 117
1377680400 0 116 0 117
1377680100 0 116 0 117
1377679800 0 116 0 117
1377679500 0 117 0 117
1377679200 0 116 0 117
1377678900 0 116 0 117
1377678600 0 117 0 117
1377678300 0 116 0 117
1377678000 0 115 0 116
1377677700 0 116 0 117
1377677400 0 117 0 117
1377677100 0 117 0 117
1377676800 0 116 0 117
1377676500 0 116 0 118
1377676200 0 117 0 118
1377675900 0 116 0 117
1377675600 0 116 0 116
1377675300 0 116 0 117
1377675000 0 117 0 117
1377674700 0 117 0 118
1377674400 0 117 0 118
1377674100 0 117 1 117
1377673800 0 117 1 117
1377673500 0 116 0 117
1377673200 0 116 0 117
1377672900 0 117 0 117
1377672600 0 117 0 117
1377672300 0 117 1 117
1377672000 0 116 1 117
1377671700 0 116 0 117
1377671400 0 116 0 117
1377671100 0 116 0 117
1377670800 0 117 0 117
1377670500 0 117 0 118
1377670200 0 117 0 118
1377669900 0 116 0 116
1377669600 0 116 0 117
1377669300 0 116 0 117
1377669000 0 116 0 116
1377668700 0 116 0 117
1377668400 0 117 0 117
1377668100 0 116 0 117
1377667800 0 116 0 117
1377667500 0 116 0 117
1377667200 0 116 0 117
1377666900 0 117 0 118
1377666600 0 117 0 118
1377666300 0 117 0 117
1377666000 0 116 0 117
1377665700 0 116 0 117
1377665400 0 117 0 117
1377665100 0 116 0 117
1377664800 0 115 0 117
1377664500 0 116 0 117
1377664200 0 116 0 116
1377663900 0 116 0 117
1377663600 0 117 0 117
1377663300 0 117 0 117
1377663000 0 117 0 117
1377662700 0 116 1 117
1377662400 0 116 1 117
1377662100 0 116 0 117
1377661800 0 116 0 117
1377661500 0 117 0 117
1377661200 0 116 0 117
1377660900 0 115 0 117
1377660600 0 117 1 117
1377660300 0 117 1 117
1377660000 0 116 0 117
1377659700 0 116 0 116
1377659400 0 116 0 117
1377659100 0 117 0 117
1377658800 0 117 0 117
1377658500 0 117 0 117
1377658200 0 116 0 117
1377657900 0 115 0 116
1377657600 0 116 0 117
1377657300 0 117 0 117
1377657000 0 117 0 117
1377656700 0 117 0 117
1377656400 0 117 0 117
1377656100 0 116 0 117
1377655800 0 116 0 118
1377655500 0 117 0 118
1377655200 0 116 0 117
1377654900 0 117 0 117
1377654600 0 116 0 117
1377654300 0 116 0 117
1377654000 0 117 0 117
1377653700 0 116 0 117
1377653400 0 116 0 116
1377653100 0 116 0 116
1377652800 0 116 0 116
1377652500 0 116 0 116
1377652200 0 116 0 117
1377651900 0 117 0 117
1377651600 0 117 0 117
1377651300 0 116 0 117
1377651000 0 116 1 117
1377650700 0 116 1 117
1377650400 0 115 0 118
1377650100 0 117 0 118
1377649800 0 116 0 117
1377649500 0 115 0 116
1377649200 0 116 1 117
1377648900 0 116 1 117
1377648600 0 116 0 117
1377648300 0 117 0 118
1377648000 0 117 0 118
1377647700 0 116 0 117
1377647400 0 117 0 117
1377647100 0 116 0 117
1377646800 0 115 0 116
1377646500 0 115 0 117
1377646200 0 117 0 117
1377645900 0 116 0 117
1377645600 0 116 0 117
1377645300 0 117 0 117
1377645000 0 116 0 117
1377644700 0 116 0 117
1377644400 0 117 0 117
1377644100 0 116 0 117
1377643800 0 116 0 116
1377643500 0 116 0 117
1377643200 0 116 0 117
1377642900 0 116 0 117
1377642600 0 117 0 117
1377642300 0 116 0 117
1377642000 0 116 0 117
1377641700 0 117 0 117
1377641400 0 117 0 117
1377641100 0 117 0 117
1377640800 0 116 0 117
1377640500 0 115 0 117
1377640200 0 117 0 117
1377639900 0 117 0 117
1377639600 0 116 0 117
1377639300 0 116 1 117
1377639000 0 117 1 117
1377638700 0 117 0 117
1377638400 0 117 0 117
1377638100 0 117 0 117
1377637800 0 117 10 123
1377637500 9 122 10 123
1377637200 0 116 1 117
1377636900 0 116 0 117
1377636600 0 117 0 117
1377636300 0 116 0 117
1377636000 0 116 0 117
1377635700 0 116 0 117
1377635400 0 116 0 117
1377635100 0 117 0 117
1377634800 0 116 0 117
1377634500 0 116 0 117
1377634200 0 117 0 117
1377633900 0 116 0 117
1377633600 0 116 0 117
1377633300 0 117 0 117
1377633000 0 117 0 117
1377632700 0 117 0 117
1377632400 0 116 0 117
1377632100 0 116 0 116
1377631800 0 116 0 116
1377631500 0 116 0 117
1377631200 0 116 0 117
1377630900 0 116 0 117
1377630600 0 117 0 117
1377630300 0 116 0 117
1377630000 0 116 0 117
1377629700 0 116 0 117
1377629400 0 116 0 116
1377629100 0 116 0 116
1377628800 0 116 0 117
1377628500 0 116 0 117
1377628200 0 116 0 117
1377627900 0 116 1 117
1377627600 0 116 1 116
1377627300 0 116 0 117
1377627000 0 116 0 117
1377626700 0 116 0 117
1377626400 0 117 0 117
1377626100 0 116 0 117
1377625800 0 115 1 117
1377624600 2330 190 13972 554
1377622800 207 171 1099 401
1377621000 58 132 180 166
1377619200 16247 658 90167 2423
1377617400 0 115 1 118
1377615600 0 115 0 117
1377613800 0 116 0 118
1377612000 0 116 0 118
1377610200 0 115 0 118
1377608400 0 116 1 117
1377606600 0 115 1 118
1377604800 0 116 0 118
1377603000 0 115 0 118
1377601200 0 116 0 117
1377599400 0 115 0 117
1377597600 0 116 1 117
1377595800 0 115 1 117
1377594000 0 116 1 117
1377592200 0 116 0 117
1377590400 0 115 0 117
1377588600 0 116 0 117
1377586800 0 116 0 117
1377585000 0 116 1 118
1377583200 0 116 1 117
1377581400 0 115 0 118
1377579600 0 115 0 117
1377577800 0 116 0 117
1377576000 0 116 0 117
1377574200 0 116 1 117
1377572400 0 116 1 118
1377570600 0 116 0 118
1377568800 0 115 0 118
1377567000 0 115 0 117
1377565200 0 116 0 117
1377563400 0 116 0 117
1377561600 0 116 1 117
1377559800 0 116 1 117
1377558000 0 115 0 117
1377556200 0 116 0 117
1377554400 1 118 17 133
1377552600 0 116 0 117
1377550800 0 116 0 117
1377549000 0 116 1 117
1377547200 0 116 0 118
1377545400 0 116 1 118
1377543600 90 143 8055 1157
1377541800 1329 287 8055 1157
1377540000 0 116 6 120
1377538200 3 117 12 123
1377536400 1 117 10 123
1377534600 4 117 14 123
1377532800 9 120 22 128
1377531000 4 117 20 127
1377529200 1 116 10 123
1377527400 0 116 0 117
1377525600 0 115 1 117
1377523800 0 116 0 117
1377522000 0 115 1 118
1377520200 0 115 0 118
1377518400 0 116 0 117
1377516600 0 116 0 118
1377514800 0 115 0 117
1377513000 0 116 1 118
1377511200 0 116 1 117
1377509400 0 116 0 117
1377507600 0 116 0 117
1377505800 0 116 0 117
1377504000 0 116 0 117
1377502200 0 116 1 117
1377500400 0 116 0 117
1377498600 0 115 1 117
1377496800 0 115 0 117
1377495000 0 116 0 117
1377493200 0 115 0 118
1377491400 0 116 1 118
1377489600 0 116 1 117
1377487800 0 115 1 117
1377486000 0 116 0 117
1377484200 0 116 0 117
1377482400 0 115 0 117
1377480600 0 115 0 117
1377478800 0 116 1 117
1377477000 0 116 0 117
1377475200 0 116 1 118
1377473400 0 116 0 117
1377471600 0 115 0 117
1377469800 0 116 0 117
1377468000 0 116 1 117
1377466200 0 116 0 117
1377464400 0 116 1 117
1377462600 0 116 0 117
1377460800 0 116 0 118
1377459000 0 116 0 118
1377457200 0 116 0 118
1377455400 0 116 1 118
1377453600 0 116 0 117
1377451800 0 116 1 118
1377450000 0 116 0 118
1377448200 0 116 0 117
1377446400 0 116 0 117
1377444600 0 116 1 117
1377442800 0 115 0 117
1377441000 0 116 1 118
1377439200 0 116 0 118
1377437400 0 116 0 117
1377435600 0 116 0 118
1377433800 0 116 0 117
1377432000 0 116 1 118
1377430200 0 115 1 117
1377428400 0 116 1 117
1377426600 0 116 0 118
1377424800 0 116 0 117
1377423000 0 116 0 118
1377421200 0 116 1 118
1377419400 0 116 0 117
1377417600 0 116 1 117
1377415800 0 116 0 117
1377414000 0 116 0 117
1377412200 0 117 0 117
1377410400 0 115 0 117
1377408600 0 116 1 117
1377406800 0 115 1 117
1377405000 0 115 0 117
1377403200 0 115 0 117
1377401400 0 116 0 117
1377399600 0 116 0 117
1377397800 0 116 1 117
1377396000 0 116 0 118
1377394200 0 115 1 117
1377392400 0 116 0 117
1377390600 0 117 0 117
1377388800 0 116 0 117
1377387000 0 116 1 117
1377385200 0 115 1 117
1377383400 0 116 1 117
1377381600 0 116 0 117
1377379800 0 115 0 117
1377378000 0 116 0 117
1377376200 0 116 0 117
1377374400 0 116 1 117
1377372600 0 116 0 117
1377370800 0 115 1 118
1377369000 0 116 0 117
1377367200 0 116 0 118
1377365400 0 116 0 118
1377363600 0 115 1 118
1377361800 0 116 0 117
1377360000 0 116 1 117
1377358200 0 116 0 117
1377356400 0 116 0 117
1377354600 0 116 0 117
1377352800 0 116 0 117
1377351000 0 116 1 117
1377349200 0 116 0 118
1377347400 0 116 1 118
1377345600 0 116 0 118
1377343800 0 115 0 117
1377342000 0 116 0 117
1377340200 0 116 1 118
1377338400 0 116 0 117
1377336600 0 116 1 117
1377334800 0 116 0 118
1377333000 0 116 0 118
1377331200 0 116 0 118
1377329400 0 116 0 118
1377327600 0 116 1 117
1377325800 0 116 1 118
1377324000 0 116 1 118
1377322200 0 116 0 117
1377320400 0 115 0 118
1377318600 0 116 0 117
1377316800 0 116 1 117
1377315000 0 116 0 118
1377313200 0 116 1 118
1377311400 0 115 0 117
1377309600 0 115 0 117
1377307800 0 116 0 118
1377306000 0 116 0 117
1377304200 0 116 1 117
1377302400 0 116 1 118
1377300600 0 116 0 117
1377298800 0 116 2 118
1377297000 1 117 14 125
1377295200 0 116 0 117
1377293400 0 116 6 119
1377291600 0 116 0 117
1377289800 410 212 3905 533
1377288000 3512 522 6395 705
1377286200 1055 213 6395 705
1377284400 0 116 0 117
1377282600 0 116 1 117
1377280800 0 116 1 117
1377279000 10 124 176 253
1377277200 175 251 363 351
1377275400 299 316 538 446
1377273600 211 271 537 445
1377271800 267 300 537 445
1377270000 175 251 176 254
1377268200 299 316 539 448
1377266400 16214 803 87862 2288
1377264600 175 251 176 253
1377262800 175 251 176 253
1377261000 175 251 176 253
1377259200 175 252 176 253
1377257400 174 251 176 254
1377255600 174 251 176 253
1377253800 175 251 176 253
1377252000 175 251 176 253
1377250200 175 252 176 253
1377248400 175 252 176 253
1377246600 175 251 176 252
1377244800 175 251 176 253
1377243000 174 251 176 253
1377241200 175 251 176 253
1377239400 175 252 176 253
1377237600 175 251 176 253
1377235800 175 251 176 253
1377234000 175 251 176 253
1377232200 175 252 176 253
1377230400 175 251 176 253
1377228600 175 252 176 253
1377226800 175 251 177 253
1377225000 174 251 175 253
1377223200 174 251 176 253
1377221400 175 251 175 253
1377219600 175 251 175 252
1377217800 175 251 176 253
1377216000 174 251 176 254
1377214200 174 251 176 254
1377212400 174 251 176 253
1377210600 175 251 176 253
1377208800 174 251 176 253
1377207000 174 251 247 290
1377205200 299 316 540 448
1377203400 174 251 176 253
1377201600 174 251 176 253
1377199800 174 251 175 253
1377198000 175 250 176 253
1377196200 174 251 176 253
1377194400 174 251 175 252
1377192600 175 251 234 284
1377190800 318 319 621 446
1377189000 175 251 176 253
1377187200 178 253 200 265
1377185400 179 253 195 264
1377183600 177 252 195 265
1377181800 175 251 176 254
1377180000 175 252 176 253
1377178200 175 251 176 253
1377176400 174 251 176 253
1377174600 174 251 175 252
1377172800 175 251 175 253
1377171000 174 250 176 253
1377169200 174 251 176 253
1377167400 174 251 176 253
1377165600 174 251 176 253
1377163800 174 251 175 252
1377162000 175 251 176 253
1377160200 174 251 176 253
1377158400 175 252 176 253
1377156600 175 251 176 253
1377154800 175 251 176 253
1377153000 175 251 177 253
1377151200 175 251 177 253
1377149400 175 251 176 253
1377147600 175 251 176 253
1377145800 175 251 176 253
1377144000 175 252 176 253
1377142200 175 252 176 252
1377140400 175 252 176 253
1377138600 178 255 200 274
1377136800 180 255 194 271
1377135000 175 251 176 253
1377133200 174 251 177 253
1377131400 175 251 176 253
1377129600 175 251 176 253
1377127800 175 251 176 253
1377126000 175 252 176 253
1377124200 298 316 540 447
1377122400 299 317 537 447
1377120600 175 250 176 253
1377118800 175 252 176 253
1377117000 174 251 176 254
1377115200 175 251 176 254
1377113400 175 251 176 253
1377111600 175 251 297 317
1377109800 299 316 538 448
1377108000 175 252 176 253
1377106200 175 251 176 254
1377104400 175 251 176 253
1377102600 301 317 539 446
1377100800 185 257 539 446
1377099000 415 377 561 451
1377097200 175 251 177 254
1377095400 175 251 176 253
1377093600 179 255 204 277
1377091800 174 251 175 253
1377090000 174 251 176 253
1377088200 218 274 538 447
1377086400 256 294 538 447
1377084600 175 251 175 253
1377082800 174 252 176 253
1377081000 175 251 175 252
1377079200 174 251 175 252
1377077400 174 250 175 252
1377075600 174 251 176 254
1377073800 174 251 176 254
1377072000 175 251 176 253
1377070200 175 251 176 253
1377068400 174 251 176 253
1377066600 175 251 175 253
1377064800 174 251 175 253
1377063000 174 251 176 254
1377061200 174 251 176 254
1377059400 175 251 176 252
1377057600 175 251 177 254
1377055800 175 251 176 253
1377054000 175 251 176 253
1377052200 174 251 176 253
1377050400 175 251 176 253
1377048600 174 251 176 253
1377046800 175 252 176 254
1377045000 175 250 176 253
1377043200 175 252 176 253
1377041400 174 251 176 253
1377039600 174 251 235 284
1377037800 300 315 538 446
1377036000 175 251 176 254
1377034200 185 256 538 442
1377032400 293 308 538 442
1377030600 228 275 533 445
1377028800 566 413 933 449
1377027000 503 423 1509 488
1377025200 2384 609 7187 1279
1377023400 840 437 1710 656
1377021600 548 362 552 366
1377019800 549 365 554 370
1377018000 548 362 552 366
1377016200 549 364 552 368
1377014400 549 367 551 373
1377012600 548 364 550 369
1377010800 548 364 551 369
1377009000 549 365 552 370
1377007200 513 356 552 368
1377005400 183 255 184 258
1377003600 183 256 184 257
1377001800 182 255 184 258
1377000000 183 255 185 258
1376998200 182 255 184 258
1376996400 182 255 184 258
1376994600 182 256 184 258
1376992800 182 255 185 258
1376991000 183 255 184 258
1376989200 183 256 184 258
1376987400 183 255 185 257
1376985600 183 256 185 258
1376983800 183 256 184 257
1376982000 183 256 185 258
1376980200 183 256 184 257
1376978400 184 256 184 258
1376976600 183 257 184 257
1376974800 183 256 184 257
1376973000 183 255 184 258
1376971200 182 255 185 257
1376969400 183 256 184 257
1376967600 183 255 184 258
1376965800 182 256 184 258
1376964000 183 256 184 258
1376962200 183 256 184 257
1376960400 183 256 184 258
1376958600 182 255 184 257
1376956800 184 255 184 258
1376955000 199 264 624 532
1376953200 304 326 624 532
1376951400 183 255 185 258
1376949600 298 374 647 735
1376947800 259 339 608 720
1376946000 183 256 203 272
1376944200 192 265 219 289
1376942400 193 263 222 288
1376940600 315 326 545 451
1376938800 183 255 184 258
1376937000 184 257 184 257
1376935200 183 256 184 258
1376933400 183 256 184 257
1376931600 183 255 184 257
1376929800 183 256 184 257
1376928000 183 256 184 259
1376926200 309 322 550 450
1376924400 456 332 1416 582
1376922600 826 511 1127 610
1376920800 1553 441 7863 1146
1376919000 183 256 185 257
1376917200 183 256 184 258
1376915400 183 255 184 258
1376913600 183 255 184 258
1376911800 183 255 184 257
1376910000 182 255 185 258
1376908200 183 256 184 257
1376906400 182 255 184 258
1376904600 183 255 184 257
1376902800 182 256 184 258
1376901000 182 255 184 257
1376899200 183 255 184 258
1376897400 183 255 184 257
1376895600 182 255 183 258
1376893800 182 255 184 257
1376892000 182 255 184 257
1376890200 182 254 185 257
1376888400 183 256 185 258
1376886600 183 255 184 258
1376884800 183 255 184 258
1376883000 183 256 184 257
1376881200 183 256 184 258
1376879400 183 256 184 258
1376877600 183 256 184 257
1376875800 183 256 184 258
1376874000 183 255 184 258
1376872200 183 256 184 258
1376870400 183 255 184 258
1376868600 183 255 184 257
1376866800 183 255 184 257
1376865000 183 255 184 258
1376863200 183 255 184 257
1376861400 183 255 184 257
1376859600 183 255 184 257
1376857800 183 255 184 257
1376856000 183 254 183 257
1376854200 182 255 183 257
1376852400 182 254 184 258
1376850600 183 255 183 257
1376848800 182 255 183 256
1376847000 182 255 183 257
1376845200 182 255 184 257
1376843400 183 255 183 257
1376841600 182 255 184 257
1376839800 183 256 184 258
1376838000 183 256 184 258
1376836200 183 256 185 258
1376834400 307 321 551 453
1376832600 183 256 185 258
1376830800 183 256 184 258
1376829000 183 256 184 257
1376827200 183 255 184 257
1376825400 183 256 184 257
1376823600 182 255 184 258
1376821800 182 255 183 257
1376820000 182 256 183 256
1376818200 183 255 184 258
1376816400 182 255 184 256
1376814600 182 255 184 257
1376812800 183 255 184 257
1376811000 182 255 184 257
1376809200 183 255 183 258
1376807400 183 256 184 257
1376805600 183 256 184 257
1376803800 182 255 184 257
1376802000 183 255 184 257
1376800200 182 255 184 258
1376798400 183 256 184 258
1376796600 183 255 184 257
1376794800 183 256 184 257
1376793000 183 256 184 258
1376791200 182 255 184 257
1376789400 182 254 183 257
1376787600 182 255 184 257
1376785800 182 255 183 257
1376784000 182 255 183 257
1376782200 182 255 183 257
1376780400 183 255 183 257
1376778600 182 255 183 258
1376776800 182 255 184 258
1376775000 182 255 184 257
1376773200 183 256 184 257
1376771400 183 256 184 257
1376769600 183 255 184 257
1376767800 183 256 185 258
1376766000 183 255 185 258
1376764200 182 255 184 258
1376762400 182 256 184 258
1376760600 183 255 184 257
1376758800 183 256 184 257
1376757000 183 256 184 258
1376755200 183 256 184 257
1376753400 183 255 184 257
1376751600 183 256 184 257
1376749800 183 255 184 258
1376748000 183 256 184 257
1376746200 182 255 184 258
1376744400 183 255 184 258
1376742600 182 255 184 258
1376740800 182 255 183 257
1376739000 182 255 183 257
1376737200 182 255 183 257
1376735400 183 255 184 257
1376733600 182 255 184 257
1376731800 182 255 184 257
1376730000 182 254 184 257
1376728200 183 255 184 257
1376726400 182 255 183 256
1376724600 182 255 184 257
1376722800 183 256 184 257
1376721000 183 256 184 257
1376719200 183 255 184 257
1376717400 183 256 184 258
1376715600 183 255 185 258
1376713800 183 255 184 258
1376712000 184 256 184 258
1376710200 183 255 184 258
1376708400 183 256 184 257
1376706600 183 257 185 258
1376704800 182 255 185 258
1376703000 182 255 184 257
1376701200 183 255 184 258
1376699400 182 255 185 258
1376697600 183 256 185 257
1376695800 183 255 184 257
1376694000 182 255 185 258
1376692200 196 260 544 453
1376690400 2865 95899 24987 2364917
1376688600 11216 894031 24987 2517162
1376686800 183 255 184 258
1376685000 183 256 184 257
1376683200 183 256 184 257
1376681400 183 256 184 258
1376679600 183 256 184 257
1376677800 183 256 184 258
1376676000 183 255 184 258
1376674200 183 255 184 258
1376672400 183 256 185 258
1376670600 183 256 184 257
1376668800 184 256 184 258
1376667000 183 256 184 258
1376665200 183 256 185 258
1376663400 183 255 184 258
1376661600 183 256 184 258
1376659800 183 255 185 259
1376658000 183 256 184 258
1376656200 183 255 184 257
1376654400 183 256 184 257
1376652600 183 256 184 258
1376650800 183 255 184 258
1376649000 183 255 184 257
1376647200 183 255 184 258
1376645400 182 255 184 258
1376643600 183 255 184 258
1376641800 182 256 184 258
1376640000 183 255 184 257
1376638200 183 256 183 257
1376636400 182 255 184 258
1376634600 182 255 184 257
1376632800 183 255 183 257
1376631000 183 256 184 257
1376629200 183 256 184 258
1376627400 183 256 185 258
1376625600 183 255 184 258
1376623800 183 256 184 258
1376622000 183 256 185 257
1376620200 183 256 184 258
1376618400 183 256 184 258
1376616600 183 256 185 258
1376614800 183 255 185 258
1376613000 183 256 184 258
1376611200 183 256 184 257
1376609400 183 256 185 257
1376607600 183 256 184 258
1376605800 185 257 202 273
1376604000 183 256 184 261
1376602200 183 256 184 261
1376600400 187 257 209 267
1376598600 183 255 184 258
1376596800 183 256 193 263
1376595000 183 256 184 257
1376593200 183 256 193 263
1376591400 182 255 184 257
1376589600 183 256 193 262
1376587800 183 256 184 257
1376586000 183 256 192 261
1376584200 183 256 184 257
1376582400 249 300 389 396
1376580600 310 323 546 454
1376578800 183 255 183 257
1376577000 182 255 183 257
1376575200 183 256 183 257
1376573400 183 255 184 257
1376571600 183 255 184 257
1376569800 183 256 184 257
1376568000 182 255 184 257
1376566200 182 255 184 258
1376564400 182 255 184 257
1376562600 183 255 184 258
1376560800 182 255 184 258
1376559000 183 255 184 257
1376557200 183 255 184 257
1376555400 183 255 184 258
1376553600 182 255 184 257
1376551800 183 255 184 257
1376550000 183 255 185 258
1376548200 182 255 185 258
1376546400 183 256 184 257
1376544600 182 255 184 258
1376539200 182 255 184 258
1376532000 182 255 185 258
1376524800 183 255 185 258
1376517600 1389 76497 21764 2041822
1376510400 3116 177362 33813 2041822
1376503200 3636 254602 22594 2672057
1376496000 326 307 2203 847
1376488800 212 264 879 491
1376481600 183 255 194 264
1376474400 183 255 194 263
1376467200 183 255 194 261
1376460000 183 256 194 262
1376452800 411 348 1199 541
1376445600 736 397 2246 719
1376438400 548 362 552 371
1376431200 4080 169556 26516 2530934
1376424000 893 783 3047 2166
1376416800 2385 1942 4220 2253
1376409600 1953 828 11981 2267
1376402400 195 255 199 258
1376395200 195 255 198 258
1376388000 195 255 198 258
1376380800 196 255 197 259
1376373600 195 256 197 258
1376366400 235 275 554 453
1376359200 456 348 1969 688
1376352000 196 255 197 258
1376344800 1339 646 9856 2160
1376337600 259 295 558 458
1376330400 253 292 553 455
1376323200 236 283 554 455
1376316000 192 259 407 373
1376308800 183 255 185 258
1376301600 182 254 185 258
1376294400 183 256 185 258
1376287200 183 256 184 258
1376280000 182 254 184 258
1376272800 182 254 184 258
1376265600 182 255 184 258
1376258400 182 255 184 258
1376251200 182 255 184 257
1376244000 182 254 184 258
1376236800 182 255 184 258
1376229600 182 255 184 258
1376222400 182 255 184 258
1376215200 183 255 185 258
1376208000 182 255 184 258
1376200800 182 255 184 259
1376193600 182 255 184 258
1376186400 182 254 184 257
1376179200 182 255 184 258
1376172000 182 255 184 258
1376164800 182 255 184 258
1376157600 182 255 184 258
1376150400 182 255 184 258
1376143200 182 255 185 258
1376136000 182 255 184 257
1376128800 182 255 184 258
1376121600 182 254 184 257
1376114400 182 255 184 258
1376107200 182 254 184 257
1376100000 182 255 184 258
1376092800 183 255 185 258
1376085600 182 255 184 259
1376078400 713 357 8973 1457
1376071200 214 271 551 453
1376064000 183 255 184 258
1376056800 183 255 185 259
1376049600 183 255 184 258
1376042400 182 254 184 258
1376035200 182 255 184 258
1376028000 182 255 184 257
1376020800 182 254 185 258
1376013600 182 255 184 258
1376006400 251 291 554 455
1375999200 182 255 184 258
1375992000 246 288 556 451
1375984800 5958 269717 35856 2754341
1375977600 1231 7935 10556 142480
1375970400 3 117 22 128
1375963200 0 116 1 118
1375956000 0 115 0 118
1375948800 0 116 1 117
1375941600 0 115 1 118
1375934400 0 115 0 117
1375927200 0 115 1 117
1375920000 1 116 45 169
1375912800 0 115 10 122
1375905600 12 124 230 294
1375898400 10849 339 162393 2267
1375891200 7729 325 113865 1450
1375884000 1 116 13 122
1375876800 1 116 1 118
1375869600 1 116 1 118
1375862400 1 116 1 118
1375855200 1 115 1 118
1375848000 1 116 1 117
1375840800 1 116 1 117
1375833600 1 115 1 118
1375826400 1 116 8 122
1375819200 3422 206 81872 2218
1375812000 189 143 3410 488
1375804800 1 116 14 124
1375797600 0 115 1 118
1375790400 0 116 1 118
1375783200 0 115 1 117
1375776000 0 116 1 118
1375768800 0 115 1 117
1375761600 0 116 1 118
1375754400 0 115 1 118
1375747200 0 116 1 118
1375740000 0 115 1 117
1375732800 325 158 3525 516
1375725600 1 116 1 118
1375718400 1 116 1 118
1375711200 1 115 1 117
1375704000 1 116 1 117
1375696800 1 116 1 118
1375689600 1 116 1 118
1375682400 1 116 1 118
1375675200 1 116 1 117
1375668000 1 116 1 118
1375660800 1 116 1 118
1375653600 1 116 1 118
1375646400 1 116 1 118
1375639200 1 116 1 118
1375632000 1 116 1 118
1375624800 1 116 1 118
1375617600 1 116 1 119
1375610400 1 115 1 118
1375603200 1 116 1 118
1375596000 1 116 1 118
1375588800 1 116 1 118
1375581600 1 116 1 118
1375574400 1 116 1 118
1375567200 1 116 1 117
1375560000 1 116 1 118
1375552800 1 116 1 118
1375545600 1 116 1 117
1375538400 1 116 1 118
1375531200 1 116 1 118
1375524000 1 115 1 118
1375516800 1 116 1 118
1375509600 1 116 1 118
1375502400 1 116 1 118
1375495200 1 116 1 118
1375488000 1 116 1 118
1375480800 1 116 1 118
1375473600 1 116 1 118
1375466400 8 117 178 167
1375459200 274 138 6387 588
1375452000 0 116 1 118
1375444800 0 115 1 118
1375437600 0 116 1 117
1375430400 0 115 1 118
1375423200 0 116 1 118
1375416000 0 116 1 117
1375408800 0 115 1 118
1375401600 0 115 1 117
1375394400 0 116 1 118
1375387200 0 116 1 118
1375380000 0 116 1 117
1375372800 0 116 1 117
1375365600 0 115 1 117
1375358400 0 116 1 118
1375351200 0 115 1 117
1375344000 0 116 1 117
1375336800 0 116 1 118
1375329600 0 115 1 118
1375322400 0 115 1 117
1375315200 0 116 1 118
1375308000 0 115 1 127
1375300800 0 116 1 129
1375293600 0 116 1 127
1375286400 0 115 1 127
1375279200 0 116 1 128
1375272000 0 115 1 129
1375264800 0 116 1 129
1375257600 0 115 1 129
1375250400 0 116 1 129
1375243200 0 116 1 128
1375236000 0 116 1 129
1375228800 0 115 1 128
1375221600 0 116 1 129
1375214400 0 116 1 130
1375207200 0 115 1 130
1375200000 0 116 1 130
1375192800 0 116 1 125
1375185600 0 116 1 130
1375178400 0 116 1 129
1375171200 0 116 1 129
1375164000 0 116 1 130
1375156800 0 116 1 130
1375149600 0 116 1 131
1375142400 0 115 1 130
1375135200 69 130 1633 459
1375128000 1 115 1 126
1375120800 1 116 9 127
1375113600 27 125 449 283
1375106400 849 231 7166 992
1375099200 514 293 7487 1129
1375092000 174 252 177 267
1375084800 174 251 176 264
1375077600 174 251 176 262
1375070400 174 251 176 263
1375063200 174 251 176 266
1375056000 175 251 176 262
1375048800 175 252 177 265
1375041600 175 251 177 268
1375034400 175 252 177 265
1375027200 174 251 176 262
1375020000 174 251 176 266
1375012800 174 251 176 264
1375005600 175 251 177 262
1374998400 174 251 176 262
1374991200 174 251 176 264
1374984000 175 251 177 267
1374976800 175 251 177 265
1374969600 174 251 176 266
1374962400 174 251 176 263
1374955200 174 251 176 265
1374948000 174 251 177 264
1374940800 174 251 176 265
1374933600 174 250 176 265
1374926400 174 251 176 267
1374919200 174 251 177 261
1374912000 174 251 176 263
1374904800 174 251 176 262
1374897600 174 251 177 266
1374890400 174 251 177 265
1374883200 175 251 178 262
1374876000 211 268 540 449
1374868800 174 250 176 266
1374861600 174 251 176 265
1374854400 174 251 176 262
1374847200 174 251 176 265
1374840000 174 250 177 264
1374832800 174 250 177 265
1374825600 174 250 176 264
1374818400 174 251 176 263
1374811200 174 251 176 262
1374804000 174 251 176 262
1374796800 174 251 176 263
1374789600 174 251 176 263
1374782400 174 251 176 265
1374775200 206 266 541 440
1374768000 174 251 177 262
1374760800 175 252 177 265
1374753600 175 251 177 265
1374746400 174 251 176 268
1374739200 174 251 177 264
1374732000 175 252 177 265
1374724800 175 251 176 268
1374717600 175 251 176 264
1374710400 175 251 177 263
1374703200 175 252 176 266
1374696000 175 252 177 272
1374688800 174 251 191 259
1374681600 245 262 1547 465
1374674400 174 251 176 253
1374667200 175 251 177 254
1374660000 175 251 177 254
1374652800 174 251 176 253
1374645600 174 251 176 254
1374638400 174 250 176 254
1374631200 174 251 176 253
1374624000 174 251 177 254
1374616800 175 251 177 254
1374609600 174 250 177 254
1374602400 174 251 176 254
1374595200 174 251 176 253
1374588000 175 251 182 254
1374580800 175 251 176 254
1374573600 175 251 176 254
1374566400 175 251 177 254
1374559200 175 251 177 254
1374552000 175 251 177 254
1374544800 175 251 177 253
1374537600 205 267 541 447
1374530400 758 429 6369 741
1374523200 679 343 5334 587
1374516000 870 6024 5707 136195
1374508800 174 251 176 253
1374501600 174 250 177 253
1374494400 175 251 176 253
1374487200 174 251 176 253
1374480000 174 251 176 253
1374472800 174 251 176 254
1374465600 174 251 177 254
1374458400 174 251 176 254
1374451200 175 250 176 254
1374444000 175 251 176 253
1374436800 175 251 176 254
1374429600 175 251 176 254
1374422400 175 251 177 254
1374415200 175 251 177 253
1374408000 175 251 176 253
1374400800 175 250 176 254
1374393600 174 251 176 253
1374386400 175 251 176 253
1374379200 175 251 177 254
1374372000 175 250 177 253
1374364800 174 251 176 253
1374357600 174 251 176 253
1374350400 174 250 176 253
1374343200 174 250 176 253
1374336000 175 251 176 253
1374328800 175 250 176 253
1374321600 174 251 176 254
1374314400 174 251 176 253
1374307200 174 251 176 254
1374300000 174 251 176 254
1374292800 174 251 176 253
1374285600 174 251 176 253
1374278400 174 250 176 254
1374271200 1807 1723 9612 10554
1374264000 687 782 5968 10475
1374256800 6085 151606 37757 2037839
1374249600 67 158 538 445
1374242400 739 736 4500 10728
1374235200 0 116 1 118
1374228000 0 115 0 117
1374220800 0 115 1 118
1374213600 0 115 1 118
1374206400 0 115 1 118
1374199200 0 115 1 118
1374192000 0 116 0 117
1374184800 0 115 1 118
1374177600 0 115 1 118
1374170400 0 115 0 117
1374163200 0 115 1 118
1374156000 0 116 0 118
1374148800 0 116 1 117
1374141600 0 116 1 118
1374134400 0 116 0 117
1374127200 0 115 1 118
1374120000 0 115 1 117
1374112800 0 115 1 118
1374105600 0 116 1 118
1374098400 48 142 642 289
1374091200 344 160 3259 403
1374084000 222 192 2682 796
1374076800 233 364 678 694
1374069600 177 269 251 703
1374062400 175 251 183 257
1374055200 175 251 184 257
1374048000 174 251 183 257
1374040800 174 250 183 257
1374033600 320 339 1429 1016
1374026400 175 250 215 260
1374019200 176 250 231 263
1374012000 7313 437581 31600 3132090
1374004800 0 115 0 118
1373997600 0 115 0 117
1373990400 0 115 0 118
1373983200 0 115 0 118
1373976000 0 116 0 117
1373968800 0 115 0 117
1373961600 0 115 0 117
1373954400 0 115 0 117
1373947200 0 115 0 118
1373940000 0 115 2 118
1373932800 151 137 3273 538
1373925600 898 11002 7888 143003
1373918400 1703 40198 21987 960196
1373911200 224 162 2707 409
1373904000 585 247 1325 461
1373896800 0 115 2 117
1373889600 0 115 0 117
1373882400 0 115 0 117
1373875200 0 116 0 117
1373868000 0 115 0 117
1373860800 0 115 0 117
1373853600 0 115 0 117
1373846400 0 115 0 118
1373839200 0 115 0 117
1373832000 0 115 0 117
1373824800 0 115 0 117
1373817600 0 115 0 118
1373810400 0 115 0 117
1373803200 0 115 0 117
1373796000 0 114 0 117
1373788800 0 115 0 117
1373781600 0 115 0 117
1373774400 0 115 0 117
1373767200 0 115 0 117
1373760000 0 115 0 117
1373752800 0 115 0 117
1373745600 0 115 0 117
1373738400 0 115 0 117
1373731200 0 115 0 117
1373724000 0 115 0 120
1373716800 0 115 0 117
1373709600 0 115 0 117
1373702400 0 115 0 118
1373695200 0 115 0 117
1373688000 0 115 0 117
1373680800 0 115 0 117
1373673600 0 115 0 117
1373666400 126 157 2254 412
1373659200 2146 523 11265 1541
1373652000 1102 40163 22350 960325
1373644800 22 129 220 287
1373637600 241 196 2640 575
1373630400 0 115 17 127
1373623200 0 115 1 117
1373616000 0 115 1 118
1373608800 0 115 1 118
1373601600 49 132 676 339
1373594400 14 126 261 275
1373587200 0 115 8 121
1373580000 49 138 310 293
1373572800 26 142 99 226
1373565600 104 222 281 288
1373558400 3390 237 78883 1656
1373551200 0 115 12 123
1373544000 1 115 1 118
1373536800 1 116 1 118
1373529600 1 116 1 118
1373522400 1 115 1 118
1373515200 1 116 1 118
1373508000 7 122 136 217
1373500800 17 122 114 181
1373493600 4120 2819 18144 3727
1373486400 6405 1430 50235 3251
1373479200 0 115 0 117
1373472000 0 115 0 117
1373464800 0 115 0 117
1373457600 0 115 0 117
1373450400 0 115 0 117
1373443200 0 115 0 117
1373436000 0 115 0 117
1373428800 0 115 0 117
1373421600 0 115 0 117
1373414400 0 115 0 117
1373407200 0 115 0 117
1373400000 0 115 0 117
1373392800 0 115 0 117
1373385600 0 115 0 117
1373378400 0 115 6 119
1373371200 0 115 0 117
1373364000 0 115 0 117
1373356800 0 115 0 117
1373349600 0 115 0 117
1373342400 0 115 0 117
1373335200 0 115 0 117
1373328000 0 115 0 117
1373320800 0 115 0 119
1373313600 1 115 29 130
1373306400 0 115 3 117
1373299200 0 115 0 117
1373292000 0 115 0 117
1373284800 0 115 0 117
1373277600 0 115 0 117
1373270400 0 115 0 117
1373263200 0 115 0 117
1373256000 0 115 0 117
1373248800 0 115 0 118
1373241600 0 115 0 117
1373234400 0 115 0 117
1373227200 0 115 0 117
1373220000 0 115 0 117
1373212800 0 115 0 118
1373205600 0 115 0 117
1373198400 0 115 0 117
1373191200 0 115 0 117
1373184000 0 115 0 117
1373176800 0 115 0 117
1373169600 0 115 0 117
1373162400 0 115 0 117
1373155200 0 115 0 117
1373148000 0 115 0 117
1373140800 0 115 0 117
1373133600 0 115 0 117
1373126400 0 115 0 117
1373119200 0 115 0 117
1373112000 0 115 0 117
1373104800 0 115 0 117
1373097600 0 115 0 117
1373090400 0 115 0 117
1373083200 0 115 0 117
1373076000 0 115 0 118
1373068800 0 115 0 117
1373061600 0 115 0 117
1373054400 0 115 0 117
1373047200 0 115 0 117
1373040000 0 115 0 117
1373032800 0 115 0 117
1373025600 0 115 0 117
1373018400 0 115 0 117
1373011200 0 115 0 117
1373004000 0 115 0 117
1372996800 0 115 0 117
1372989600 0 115 0 117
1372982400 0 115 0 118
1372975200 0 115 0 118
1372968000 0 115 0 117
1372960800 0 115 0 118
1372953600 0 115 0 118
1372946400 0 115 0 117
1372939200 0 115 0 117
1372932000 0 115 0 117
1372924800 0 115 0 118
1372917600 0 115 0 117
1372910400 0 115 0 117
1372903200 0 115 0 118
1372896000 0 115 0 117
1372888800 0 115 0 117
1372881600 0 115 0 117
1372874400 0 115 0 118
1372867200 0 115 0 117
1372860000 0 115 0 117
1372852800 0 115 0 117
1372845600 0 115 0 118
1372838400 0 115 0 117
1372831200 0 115 0 117
1372824000 0 115 0 117
1372816800 0 115 0 117
1372809600 0 115 0 117
1372802400 0 115 0 119
1372795200 0 115 0 117
1372788000 0 115 0 117
1372780800 0 121 0 772
1372773600 0 115 0 117
1372766400 0 115 0 117
1372759200 0 115 0 117
1372752000 0 115 0 118
1372744800 0 115 0 117
1372737600 0 115 0 118
1372730400 0 115 0 117
1372723200 0 115 0 117
1372716000 0 115 0 117
1372708800 0 115 0 117
1372701600 0 115 0 117
1372694400 0 115 0 117
1372687200 0 115 0 117
1372680000 0 115 0 117
1372672800 0 115 0 118
1372665600 0 115 0 117
1372658400 0 115 0 117
1372651200 0 115 0 118
1372644000 0 115 0 117
1372636800 0 115 0 117
1372629600 0 115 0 117
1372622400 0 115 0 117
1372615200 0 115 0 117
1372608000 0 115 0 117
1372600800 0 115 0 118
1372593600 0 115 0 117
1372586400 0 115 0 117
1372579200 0 115 0 117
1372572000 0 115 0 117
1372564800 0 114 0 117
1372557600 0 115 0 117
1372550400 0 115 0 118
1372543200 0 115 0 117
1372536000 0 115 0 117
1372528800 0 115 0 117
1372521600 0 115 0 117
1372514400 0 115 0 117
1372507200 0 115 0 117
1372500000 0 115 0 118
1372492800 0 115 0 117
1372485600 0 115 0 117
1372478400 0 115 0 117
1372471200 0 115 0 117
1372464000 0 115 0 117
1372456800 0 115 0 117
1372449600 0 115 0 117
1372442400 202 141 4295 615
1372435200 303 145 3889 498
1372428000 0 115 12 123
1372420800 0 115 0 117
1372413600 0 115 0 117
1372406400 0 115 0 117
1372399200 0 115 0 117
1372392000 0 115 0 117
1372384800 0 115 0 117
1372377600 864 199 7227 1002
1372370400 1422 292 10645 1357
1372363200 0 115 0 117
1372356000 361 168 7471 1068
1372348800 781 228 15802 1944
1372341600 1 116 1 119
1372334400 1 115 1 118
1372327200 1 116 1 118
1372320000 1 116 2 118
1372312800 1 116 1 118
1372305600 1 116 1 118
1372298400 1 116 1 118
1372291200 1 115 1 118
1372284000 1 116 1 118
1372276800 1 115 2 119
1372269600 1 115 1 118
1372262400 1 116 1 119
1372255200 1 116 1 118
1372248000 1 116 1 117
1372240800 1 116 1 118
1372233600 1 116 2 118
1372226400 1 116 1 118
1372219200 1 115 1 119
1372204800 67 120 8107 644
1372118400 22 115 6965 557
1372032000 0 115 0 118
1371945600 0 115 0 118
1371859200 36 120 4849 738
1371772800 233 453 14162 1605
1371686400 1344 232 162149 2247
1371600000 97 124 11200 908
1371513600 76 117 21043 1121
1371427200 1 116 3 118
1371340800 1 115 1 118
1371254400 401 127 68065 2163
1371168000 1 115 1 121
1371081600 1 115 1 119
1370995200 1 115 1 119
1370908800 5 115 1422 444
1370822400 1 115 1 118
1370736000 1 115 1 118
1370649600 28 119 6310 972
1370563200 0 115 0 118
1370476800 73 124 10246 1617
1370390400 0 115 0 118
1370304000 0 115 0 118
1370217600 0 115 0 118
1370131200 0 115 0 118
1370044800 0 115 1 180
1369958400 4174 3906 16224 6513
1369872000 2266 2508 25681 191067
1369785600 1 115 1 118
1369699200 1 115 1 119
1369612800 1 116 1 119
1369526400 2402 2322 6982 6514
1369440000 6497 69169 37316 2232830
1369353600 1 116 1 130
1369267200 25 116 7200 908
1369180800 140 138 10130 1317
1369094400 498 346 13492 3541
1369008000 1 116 1 133
1368921600 1 116 1 132
1368835200 883 1132 7458 23520
1368748800 1785 2085 23047 161151
1368662400 3443 2677 92641 181815
1368576000 1 116 25 138
1368489600 28 116 8134 471
1368403200 1 116 1 119
1368316800 1 116 1 119
1368230400 69 121 8709 962
1368144000 2247 1659 63132 3845
1368057600 4544 3115 34383 9204
1367971200 4115 4772 27871 266905
1367884800 880 872 9749 3447
1367798400 1 116 1 119
1367712000 1 116 1 119
1367625600 1 115 11 124
1367539200 139 157 9756 1258
1367452800 95 187 13474 20038
1367366400 173 169 5062 1356
1367280000 237 234 5258 813
1367193600 68 165 837 197
1367107200 76 165 838 195
1367020800 1151 394 82695 3510
1366934400 1183 1423 42235 260546
1366848000 62 294 7060 26945
1366761600 7 120 455 667
1366675200 92 304 3766 47430
1366588800 0 114 0 118
1366502400 0 115 0 118
1366416000 0 115 0 118
1366329600 0 115 1 119
1366243200 0 115 1 119
1366156800 0 115 3 120
1366070400 0 115 1 118
1365984000 0 115 1 118
1365897600 0 115 1 118
1365811200 0 115 1 118
1365724800 0 115 1 118
1365638400 242 159 3826 2736
1365552000 102 137 11556 1562
1365465600 0 115 0 118
1365379200 0 114 0 118
1365292800 0 115 0 118
1365206400 208 192 5828 611
1365120000 42 129 7116 833
1365033600 176 719 16644 169348
1364947200 0 114 11 122
1364860800 0 115 3 117
1364774400 0 114 0 118
1364688000 0 115 0 117
1364601600 260 143 19216 1359
1364515200 242 145 11633 1642
1364428800 92 125 12510 1190
1364342400 398 138 87529 2693
1364256000 250 150 8042 1399
1364169600 0 115 0 118
1364083200 0 115 0 119
1363996800 80 128 6945 1546
1363910400 407 322 11872 1715
1363824000 294 324 8860 1233
1363737600 404 344 10225 1478
1363651200 209 317 218 323
1363564800 209 318 213 323
1363478400 209 318 214 325
1363392000 471 378 10944 1984
1363305600 259 342 7450 1057
1363219200 254 342 7248 1178
1363132800 240 342 3996 849
1363046400 237 340 6683 1022
1362960000 208 338 213 348
1362873600 208 338 212 348
1362787200 208 338 212 347
1362700800 265 344 8315 1249
1362614400 207 338 213 348
1362528000 276 345 7177 930
1362441600 209 271 7478 750
1362355200 102 238 103 249
1362268800 102 238 103 247
1362182400 226 250 7706 1204
1362096000 251 256 8876 1114
1362009600 634 272 81793 2327
1361923200 247 252 16619 1922
1361836800 250 258 12193 1030
1361750400 102 238 104 249
1361664000 102 238 105 248
1361577600 151 242 7538 972
1361491200 536 771 15582 82371
1361404800 160 512 6369 40090
1361318400 367 256 37610 1664
1361232000 104 237 105 247
1361145600 104 238 105 248
1361059200 104 238 105 247
1360972800 307 265 15001 1665
1360886400 102 238 109 247
1360800000 268 245 42587 1267
1360713600 686 306 70227 3778
1360627200 538 365 35587 1582
1360540800 208 338 213 349
1360454400 209 339 212 347
1360368000 240 347 1063 634
1360281600 148 257 8100 655
1360195200 133 241 7980 1042
1360108800 360 344 22654 1303
1360022400 216 339 484 431
1359936000 208 338 212 348
1359849600 215 338 324 378
1359763200 160 264 8434 774
1359676800 200 321 364 392
1359590400 242 346 799 559
1359504000 266 352 921 606
1359417600 148 215 7414 1067
1359331200 0 136 0 144
1359244800 0 136 0 144
1359158400 0 136 6 172
1359072000 0 136 0 145
1358985600 0 136 0 145
1358899200 0 150 0 164
1358812800 0 153 0 163
1358726400 0 152 0 162
1358640000 0 152 0 165
1358553600 13 154 4160 773
1358467200 541 326 27753 1078
1358380800 596 285 27167 1394
1358294400 249 195 41265 1807
1358208000 371 157 49625 1736
1358121600 0 115 1 118
1358035200 0 115 1 118
1357948800 766 241 37575 1778
1357862400 0 115 11 123
1357776000 0 115 131 126
1357689600 5 115 1364 337
1357603200 17 117 2396 606
1357516800 2 116 8 120
1357430400 2 117 15 124
1357344000 54 122 6504 694
1357257600 0 115 0 119
1357171200 0 115 0 120
1357084800 0 115 0 120
1356998400 390 1754 23561 460547
1356912000 0 115 0 120
1356825600 777 4990 50466 1215194
1356739200 722 6739 59776 1444392
1356652800 476 194 17301 5162
1356566400 267 377 13575 25058
1356480000 0 115 0 120
1356393600 0 115 0 119
1356307200 0 115 0 119
1356220800 0 115 0 120
1356134400 450 166 21960 2529
1356048000 397 3535 22981 460589
1355961600 204 227 10770 26103
1355875200 74 126 7081 1357
1355788800 119 133 10666 1270
1355702400 0 115 0 117
1355616000 0 115 0 118
1355529600 429 159 85097 1982
1355443200 81 168 9376 1364
1355356800 217 202 16127 1890
1355270400 213 244 15463 1130
1355184000 55 345 4262 24249
1355097600 0 173 0 181
1355011200 0 173 0 182
1354924800 0 172 167 231
1354838400 979 1676 87861 225158
1354752000 392 131 83848 1464
1354665600 154 1613 18149 425937
1354579200 36 286 5232 24499
1354492800 0 117 0 135
1354406400 0 118 0 136
1354320000 169 137 13430 1983
1354233600 89 128 10141 1062
1354147200 84 128 10556 1605
1354060800 166 1795 20209 474381
1353974400 0 118 0 136
1353888000 0 118 0 136
1353801600 0 118 0 135
1353715200 0 118 0 135
1353628800 0 118 0 136
1353542400 0 122 2 137
1353456000 0 124 4 174
1353369600 0 124 0 137
1353283200 0 124 0 136
1353196800 0 124 0 137
1353110400 42 128 7285 846
1353024000 60 224 4326 24036
1352937600 0 125 44 137
1352851200 155 1288 15833 328645
1352764800 89 1271 17758 329765
1352678400 0 126 265 416
1352592000 261 410 273 426
1352505600 139 1294 13893 329478
1352419200 0 125 0 155
1352332800 103 156 10402 890
1352246400 0 147 5 163
1352160000 159 161 14136 1472
1352073600 0 147 0 162
1351987200 0 148 0 161
1351900800 0 147 0 161
1351814400 127 1383 14931 351891
1351728000 0 124 0 158
1351641600 0 115 2 118
1351555200 0 115 3 117
1351468800 0 115 0 118
1351382400 0 115 0 118
1351296000 0 163 0 190
1351209600 61 171 15645 946
1351123200 0 168 6 186
1351036800 0 169 0 188
1350950400 66 222 178 286
1350864000 115 263 117 285
1350777600 132 266 234 312
1350691200 244 1615 17003 387094
1350604800 126 259 585 532
1350518400 222 265 8291 1240
1350432000 117 245 701 375
1350345600 107 244 110 263
1350259200 107 244 110 264
1350172800 116 245 232 276
1350086400 353 341 14716 2693
1350000000 180 297 717 625
1349913600 89 202 1252 590
1349827200 41 163 4295 995
1349740800 194 176 28439 2400
1349654400 1 142 1 160
1349568000 1 143 1 161
1349481600 67 162 12038 2720
1349395200 42 152 4416 440
1349308800 0 149 0 163
1349222400 316 153 83179 2442
1349136000 0 138 13 149
1349049600 0 137 0 147
1348963200 1694 1565 84210 366641
1348876800 445 6483 80582 1810726
1348790400 527 6536 74775 1816914
1348704000 413 6513 75115 1817050
1348617600 405 6487 78531 1816347
1348531200 69 151 7051 1154
1348444800 91 226 117 259
1348358400 115 247 117 258
1348272000 250 261 15078 2275
1348185600 501 291 82323 2366
1348099200 1286 322 87189 2985
1348012800 1084 845 10666 3480
1347926400 513 404 46133 1940
1347840000 323 378 326 392
1347753600 323 379 326 392
1347667200 2846 1793 9668 3374
1347580800 4186 2574 4205 2593
1347494400 994 698 12567 3461
1347408000 469 458 23656 3376
1347321600 892 502 50055 3988
1347235200 0 171 0 183
1347148800 0 171 0 188
1347062400 1058 544 84086 3980
1346976000 1318 705 23619 4227
1346889600 148 154 28151 2029
1346803200 77 1155 10624 206281
1346716800 89 145 17642 1052
1346630400 0 142 0 155
1346544000 0 142 0 155
1346457600 118 153 10896 1496
1346371200 65 241 7957 27323
1346284800 0 142 3 155
1346198400 14 143 3561 596
1346112000 0 141 0 152
1346025600 0 141 0 154
1345939200 0 142 0 153
1345852800 0 141 0 153
1345766400 0 141 0 154
1345680000 0 141 0 155
1345593600 0 142 0 155
1345507200 49 147 4219 705
1345420800 0 141 0 153
1345334400 0 142 0 154
1345248000 0 141 0 151
1345161600 0 141 0 154
1345075200 27 219 4809 26513
1344988800 0 122 8 133
1344902400 73 311 6821 26694
1344816000 0 121 0 134
1344729600 0 122 0 133
1344643200 0 123 4 133
1344556800 146 512 7780 53218
1344470400 2068 3568 515788 590181
1344384000 0 121 212 259
1344297600 280 2051 23040 545338
1344211200 0 123 0 136
1344124800 0 123 0 136
1344038400 16 129 4115 990
1343952000 6481 15224 189793 2563427
1343865600 2045 19980 46538 1362790
1343779200 3331 51697 198292 5152147
1343692800 36 316 8510 53308
1343606400 0 128 0 141
1343520000 0 128 0 142
1343433600 75 321 9312 26651
1343347200 82 135 14250 1276
1343260800 0 129 6 142
1343174400 0 128 0 144
1343088000 21 224 3000 26637
1343001600 0 128 0 141
1342915200 0 128 0 142
1342828800 77 170 2518 398
1342742400 24 134 3700 343
1342656000 5 130 912 969
1342569600 0 127 0 142
1342483200 81 207 102 237
1342396800 99 225 102 238
1342310400 99 225 102 237
1342224000 210 1948 20110 468600
1342137600 146 318 14211 27555
1342051200 132 237 4666 900
1341964800 162 847 4224 138867
1341878400 129 238 630 455
1341792000 107 228 109 239
1341705600 112 228 355 321
1341619200 207 431 11964 54132
1341532800 214 429 16581 53077
1341446400 107 228 110 242
1341360000 433 170 113299 2890
1341273600 0 127 0 138
1341187200 0 128 0 140
1341100800 810 4756 85432 488619
1341014400 2463 3456 82295 433923
1340928000 1504 13753 58873 1301568
1340841600 209 724 10770 105815
1340755200 1123 954 88686 55292
1340668800 3127 845 83883 28015
1340582400 3486 700 4392 881
1340496000 3433 706 4393 860
1340409600 3509 1174 17636 54139
1340323200 3527 801 6730 27786
1340236800 3518 906 17976 28248
1340150400 3704 1077 11112 53601
1340064000 3711 1062 12848 53671
1339977600 3775 716 4436 979
1339891200 3753 711 4440 974
1339804800 3764 838 9605 28237
1339718400 4014 3272 28360 578160
1339632000 3891 855 13161 3997
1339545600 4297 976 90466 53792
1339459200 3812 1020 15962 54642
1339372800 3821 712 4431 933
1339286400 3781 708 4597 1095
1339200000 3799 718 4481 2520
1339113600 3792 730 4640 2566
1339027200 3782 719 4617 2536
1338940800 3646 791 7974 27729
1338854400 920 395 4365 855
1338768000 800 351 4461 899
1338681600 3724 704 4612 1366
1338595200 3675 727 4431 1011
1338508800 3777 737 4624 956
1338422400 3760 743 4638 2315
1338336000 3802 814 8416 27570
1338249600 3785 729 4620 982
1338163200 3688 1144 9391 125438
1338076800 3676 687 4624 829
1337990400 3760 1711 16340 289186
1337904000 3824 704 18337 1571
1337817600 3704 781 10358 27597
1337731200 4818 816 342797 41304
1337644800 4016 711 87159 3251
1337558400 3670 709 4594 850
1337472000 3690 699 4593 828
1337385600 3778 1819 15669 283924
1337299200 3936 2227 19602 284818
1337212800 3781 1789 16285 282895
1337126400 3762 1893 15383 283050
1337040000 3753 2114 15594 284982
1336953600 3740 1807 11763 248028
1336867200 3738 1797 11582 183131
1336780800 3794 1815 14058 270057
1336694400 3929 3896 28607 751520
1336608000 4063 1877 55219 282804
1336521600 4458 1958 133292 287340
1336435200 4265 2434 56050 283852
1336348800 3982 1860 12900 250540
1336262400 4017 1867 11632 227358
1336176000 4043 1863 31264 147573
1336089600 3684 1799 13984 274865
1336003200 4492 2186 130017 282535
1335916800 3858 1746 17768 282344
1335830400 4400 2215 86414 277273
1335744000 3817 1729 13607 263835
1335657600 3782 2128 12260 252946
1335571200 3887 1932 10892 213987
1335484800 4832 1940 11403 156296
1335398400 5220 2034 16007 265206
1335312000 5171 2185 17562 283897
1335225600 5436 2379 28285 270476
1335139200 5132 1965 15438 269108
1335052800 4951 1952 14478 253552
1334966400 5155 1983 12186 212379
1334880000 5424 2137 16150 198007
1334793600 4972 1978 13954 275565
1334707200 926 1494 12103 283164
1334620800 378 1431 12055 281973
1334534400 343 1425 12067 283958
1334448000 364 1419 11794 277794
1334361600 982 1482 10298 266597
1334275200 1394 1703 78484 389922
1334188800 0 0 0 0
1334102400 20 124 3856 4018
1334016000 235 403 10939 11087
1333929600 10 177 12 193
1333843200 10 176 11 196
1333756800 55 222 4908 5066
1333670400 10 177 11 212
1333584000 55 223 6616 6770
1333497600 120 287 10338 10482
1333411200 184 351 10905 11053
1333324800 26 192 3116 3273
1333238400 10 176 12 188
1333152000 67 234 5767 5936
1333065600 89 254 10977 11124
1332979200 368 528 10978 11125
1332892800 199 350 8939 9093
1332806400 81 224 5801 5938
1332720000 22 165 26 176
1332633600 23 165 26 175
1332547200 77 218 5008 5137
1332460800 75 217 6689 6817
1332374400 52 194 3514 3652
1332288000 74 215 4776 4910
1332201600 328 469 10977 11094
1332115200 10 150 11 165
1332028800 10 150 11 168
1331942400 10 150 11 187
1331856000 10 151 14 260
1331769600 186 327 9803 9929
1331683200 27 168 5218 5351
1331596800 191 331 10945 11078
1331510400 10 150 12 162
1331424000 10 150 11 163
1331337600 61 202 4304 4439
1331251200 78 218 4389 4527
1331164800 384 524 10975 11091
1331078400 19 160 1957 2097
1330992000 106 247 10939 11061
1330905600 10 151 11 164
1330819200 10 151 12 163
1330732800 182 324 10978 11095
1330646400 211 353 10020 10154
1330560000 54 195 5585 5716
1330473600 88 231 10940 11081
1330387200 22 165 26 176
1330300800 22 165 25 181
1330214400 22 165 25 179
1330128000 22 165 25 178
1330041600 22 165 26 190
1329955200 22 165 25 183
1329868800 11 151 26 175
1329782400 10 150 12 164
1329696000 10 151 11 165
1329609600 10 151 11 164
1329523200 34 176 3331 3469
1329436800 34 177 2520 2661
1329350400 44 186 3422 3561
1329264000 10 150 11 210
1329177600 118 260 10942 11056
1329091200 84 227 9870 9987
1329004800 22 163 1804 1950
1328918400 34 175 3164 3306
1328832000 166 308 10904 11019
1328745600 530 671 10979 11100
1328659200 134 275 10903 11025
1328572800 178 320 10976 11099
1328486400 138 279 9791 9913
1328400000 10 150 12 162
1328313600 77 220 10604 10738
1328227200 36 179 4501 4647
1328140800 66 210 5339 5469
1328054400 64 208 4929 5058
1327968000 123 267 10218 10341
1327881600 10 152 11 167
1327795200 10 152 11 168
1327708800 66 208 3910 4043
1327622400 82 224 10184 10312
1327536000 76 219 8604 8730
1327449600 27 171 2590 2736
1327363200 10 153 16 290
1327276800 10 152 11 168
1327190400 10 152 11 168
1327104000 10 152 17 171
1327017600 95 237 6845 6975
1326931200 206 348 10939 11063
1326844800 102 244 9776 9899
1326758400 10 152 11 187
1326672000 10 152 12 167
1326585600 10 151 11 169
1326499200 66 209 4475 4615
1326412800 98 241 9488 9613
1326326400 27 171 2469 2611
1326240000 101 241 9061 9191
1326153600 35 178 3541 3679
1326067200 10 152 11 166
1325980800 10 152 12 166
1325894400 319 463 10975 11093
1325808000 22 167 30 181
1325721600 260 403 10367 10490
1325635200 98 241 9310 9439
1325548800 10 152 11 186
1325462400 10 152 11 221
1325376000 10 152 16 165
1325289600 124 268 10475 10629
1325203200 67 210 8219 8364
1325116800 38 181 4004 4143
1325030400 534 676 10977 11099
1324944000 7 129 773 2292
1324857600 10 150 11 164
1324771200 10 150 12 163
1324684800 10 150 17 163
1324598400 29 170 3196 3335
1324512000 161 301 10939 11062
1324425600 61 203 5787 5919
1324339200 112 252 10939 11056
1324252800 9 150 17 164
1324166400 10 150 11 220
1324080000 58 198 9078 9197
1323993600 155 296 8758 8907
1323907200 274 415 10940 11064
1323820800 127 268 6031 6159
1323734400 204 346 10941 11060
1323648000 10 148 11 159
1323561600 10 148 11 160
1323475200 138 278 6707 6838
1323388800 108 247 10939 11053
1323302400 250 388 10940 11056
1323216000 157 296 8349 8473
1323129600 99 238 10938 11059
1323043200 10 148 18 163
1322956800 10 148 11 162
1322870400 183 321 10902 11019
1322784000 83 222 10902 11021
1322697600 121 259 8111 8230
1322611200 89 228 4907 5040
1322524800 111 249 8780 8900
1322438400 10 148 11 161
1322352000 10 148 12 181
1322265600 10 148 17 162
1322179200 10 148 11 161
1322092800 96 234 7984 8111
1322006400 164 302 9518 9642
1321920000 48 188 5021 5151
1321833600 10 148 11 160
1321747200 10 148 18 162
1321660800 160 298 7769 7912
1321574400 10 148 16 161
1321488000 62 201 5952 6082
1321401600 88 227 6437 6564
1321315200 107 246 10059 10179
1321228800 10 149 11 159
1321142400 10 148 11 159
1321056000 10 148 18 159
1320969600 32 173 2026 2165
1320883200 12 150 25 174
1320796800 19 159 42 210
1320710400 23 163 26 174
1320624000 22 163 26 176
1320537600 22 163 26 176
1320451200 23 163 29 189
1320364800 4 41 41 199
1320278400 0 0 0 0
1320192000 0 0 0 0
1320105600 0 0 0 0
1320019200 0 0 0 0
1319932800 0 0 0 0
1319846400 0 0 0 0
1319760000 0 0 0 0
1319673600 0 0 0 0
1319587200 0 0 0 0
1319500800 0 0 0 0
1319414400 0 0 0 0
1319328000 0 0 0 0
1319241600 0 0 0 0
1319155200 0 0 0 0
1319068800 0 0 0 0
1318982400 0 0 0 0
1318896000 0 0 0 0
1318809600 0 0 0 0
1318723200 0 0 0 0
1318636800 0 0 0 0
1318550400 0 0 0 0
1318464000 0 0 0 0
1318377600 0 0 0 0
1318291200 0 0 0 0
1318204800 0 0 0 0
1318118400 0 0 0 0
1318032000 0 0 0 0
1317945600 0 0 0 0
1317859200 0 0 0 0
1317772800 0 0 0 0
1317686400 0 0 0 0
1317600000 0 0 0 0
1317513600 0 0 0 0
1317427200 0 0 0 0
1317340800 0 0 0 0
1317254400 0 0 0 0
1317168000 0 0 0 0
1317081600 0 0 0 0
1316995200 0 0 0 0
1316908800 0 0 0 0
1316822400 0 0 0 0
1316736000 0 0 0 0
1316649600 0 0 0 0
1316563200 0 0 0 0
1316476800 0 0 0 0
1316390400 0 0 0 0
1316304000 0 0 0 0
1316217600 0 0 0 0
1316131200 0 0 0 0
1316044800 0 0 0 0
1315958400 0 0 0 0
1315872000 0 0 0 0
1315785600 0 0 0 0
1315699200 0 0 0 0
1315612800 0 0 0 0
1315526400 0 0 0 0
1315440000 0 0 0 0
1315353600 0 0 0 0
1315267200 0 0 0 0
1315180800 0 0 0 0
1315094400 0 0 0 0
1315008000 0 0 0 0
1314921600 0 0 0 0
1314835200 0 0 0 0
1314748800 0 0 0 0
1314662400 0 0 0 0
1314576000 0 0 0 0
1314489600 0 0 0 0
1314403200 0 0 0 0
1314316800 0 0 0 0
1314230400 0 0 0 0
1314144000 0 0 0 0
1314057600 0 0 0 0
1313971200 0 0 0 0
1313884800 0 0 0 0
1313798400 0 0 0 0
1313712000 0 0 0 0
1313625600 0 0 0 0
1313539200 0 0 0 0
1313452800 0 0 0 0
1313366400 0 0 0 0
1313280000 0 0 0 0
1313193600 0 0 0 0
1313107200 0 0 0 0
1313020800 0 0 0 0
1312934400 0 0 0 0
1312848000 0 0 0 0
1312761600 0 0 0 0
1312675200 0 0 0 0
1312588800 0 0 0 0
1312502400 0 0 0 0
1312416000 0 0 0 0
1312329600 0 0 0 0
1312243200 0 0 0 0
1312156800 0 0 0 0
1312070400 0 0 0 0
1311984000 0 0 0 0
1311897600 0 0 0 0
1311811200 0 0 0 0
1311724800 0 0 0 0
1311638400 0 0 0 0
1311552000 0 0 0 0
1311465600 0 0 0 0
1311379200 0 0 0 0
1311292800 0 0 0 0
1311206400 0 0 0 0
1311120000 0 0 0 0
1311033600 0 0 0 0
1310947200 0 0 0 0
1310860800 0 0 0 0
1310774400 0 0 0 0
1310688000 0 0 0 0
1310601600 0 0 0 0
1310515200 0 0 0 0
1310428800 0 0 0 0
1310342400 0 0 0 0
1310256000 0 0 0 0
1310169600 0 0 0 0
1310083200 0 0 0 0
1309996800 0 0 0 0
1309910400 0 0 0 0
1309824000 0 0 0 0
1309737600 0 0 0 0
1309651200 0 0 0 0
1309564800 0 0 0 0
1309478400 0 0 0 0
1309392000 0 0 0 0
1309305600 0 0 0 0
1309219200 0 0 0 0
1309132800 0 0 0 0
1309046400 0 0 0 0
