1377805803 1519220004 2265108177
1377805803 77355 2326 77355 2326
1377805503 114907 3094 114907 3094
1377805500 115258 3101 167634 4204
1377805200 167425 4200 167634 4204
1377804900 146908 3827 162938 4142
1377804600 162995 4143 171637 4370
1377804300 171488 4366 171637 4370
1377804000 156859 4047 167565 4359
1377803700 167532 4357 167565 4359
1377803400 164181 4253 164266 4256
1377803100 155575 3993 155826 3999
1377802800 117415 3175 118216 3193
1377802500 38292 1468 49665 1703
1377802200 49730 1704 56176 1845
1377801900 56380 1850 76625 2414
1377801600 77111 2424 149546 3966
1377801300 149564 3965 152272 3966
1377801000 151227 3840 152272 3862
1377800700 47848 1756 52834 1788
1377800400 53059 1792 75392 2282
1377800100 75361 2281 75392 2282
1377799800 73011 2233 134416 3512
1377799500 134581 3515 150922 3852
1377799200 150380 3840 150922 3852
1377798900 96408 2699 96780 2707
1377798600 41054 1545 41074 1546
1377798300 39603 1532 41676 1574
1377798000 41668 1573 41676 1574
1377797700 40918 1521 40965 1523
1377797400 36511 1396 53868 1753
1377797100 53913 1754 58445 1878
1377796800 59130 1892 127039 3331
1377796500 127830 3347 206207 4986
1377796200 205456 4970 206207 4986
1377795900 131071 3407 131164 3409
1377795600 122417 3297 195289 4742
1377795300 195257 4741 195289 4742
1377795000 192313 4694 213825 5092
1377794700 213522 5085 213825 5092
1377794400 167924 4171 168388 4181
1377794100 122442 3241 160192 4064
1377793800 159832 4062 160192 4064
1377793500 123354 3881 124195 3905
1377793200 40588 1525 86852 2416
1377792900 86885 2417 90244 2567
1377792600 90568 2563 122686 2567
1377792300 122686 2207 122686 3166
1377792000 123286 3179 182709 4527
1377791700 182504 4522 182709 4527
1377791400 151274 3892 152084 3911
1377791100 71062 2080 71157 2083
1377790800 61495 1877 61689 1881
1377790500 42374 1482 49741 1668
1377790200 50002 1674 75843 2345
1377789900 76232 2352 114764 3078
1377789600 115135 3084 151943 3773
1377789300 152542 3785 211883 5035
1377789000 211709 5031 211883 5035
1377788700 194237 4671 194570 4678
1377788400 143881 3625 144648 3642
1377788100 69332 2011 203368 4909
1377787800 203772 4916 243851 5653
1377787500 243891 5655 247940 5912
1377787200 247854 5910 247940 5912
1377786900 238948 5775 239387 5786
1377786600 195416 4765 195571 4769
1377786300 180414 4450 209506 4945
1377786000 208651 4928 209506 4945
1377785700 123768 3244 124062 3251
1377785400 96276 2651 255380 6009
1377785100 255289 6006 255380 6009
1377784800 246493 5781 258533 6130
1377784500 258262 6124 258533 6130
1377784200 230707 5522 231450 5538
1377783900 119446 3173 120013 3183
1377783600 63256 2193 63344 2195
1377783300 56147 2034 209021 5084
1377783000 208950 5081 209021 5084
1377782700 196963 4743 198456 4773
1377782400 49400 1815 68252 2279
1377782100 68291 2280 74178 2481
1377781800 74094 2477 74178 2481
1377781500 65857 2107 70336 2137
1377781200 70352 2138 72017 2268
1377780900 71990 2265 72017 2268
1377780600 69371 2041 69386 2071
1377780300 67872 2070 67888 2071
1377780000 66329 2042 68279 2044
1377779700 68290 1898 69472 1962
1377779400 69482 1962 71057 2010
1377779100 71042 2009 71057 2010
1377778800 69611 1995 72168 2140
1377778500 72310 2142 93612 2517
1377778200 93485 2514 93612 2517
1377777900 80936 2215 80985 2217
1377777600 73845 2047 81836 2231
1377777300 81801 2230 81836 2231
1377777000 76735 2101 82612 2239
1377776700 83093 2249 130762 3302
1377776400 131541 3318 208693 4994
1377776100 207963 4977 208693 4994
1377775800 135188 3337 135706 3348
1377775500 84030 2276 93760 2502
1377775200 93591 2497 93760 2502
1377774900 76952 2075 82719 2197
1377774600 83564 2215 209511 4939
1377774300 210229 4954 281404 6460
1377774000 281524 6462 293439 6674
1377773700 293535 6676 303130 6948
1377773400 302630 6938 303130 6948
1377773100 253148 5980 253157 5981
1377772800 252272 5887 252289 5889
1377772500 251001 5794 287462 6680
1377772200 286513 6659 287462 6680
1377771900 190824 4620 192604 4659
1377771600 14502 770 14649 774
1377771300 1 427 1 428
1377771000 1 414 1 444
1377770700 1 443 1 444
1377770400 1 397 1 421
1377770100 1 420 1 421
1377769800 1 384 1 409
1377769500 1 408 1 409
1377769200 1 401 1 402
1377768900 1 398 1 420
1377768600 1 420 1 430
1377768300 1 429 1 430
1377768000 1 390 1 391
1377767700 1 389 1 754
1377767400 1 781 1 3523
1377767100 1 3497 1 3523
1377766800 1 969 1 975
1377766500 1 419 1 720
1377766200 1 716 1 720
1377765900 1 401 1 402
1377765600 1 390 1 457
1377765300 1 456 1 457
1377765000 1 411 1 411
1377764700 1 411 1 411
1377764400 1 411 1 416
1377764100 1 416 1 417
1377763800 990 438 148458 3576
1377763500 148729 3582 175589 4243
1377763200 175441 4240 175589 4243
1377762900 161815 3965 258849 5958
1377762600 258791 5957 258849 5958
1377762300 252816 5888 253062 5894
1377762000 216709 5070 278052 6364
1377761700 277515 6352 278052 6364
1377761400 224596 5170 251036 5740
1377761100 249293 5703 251036 5740
1377760800 76513 2080 76789 2086
1377760500 49282 1550 49283 1574
1377760200 49009 1569 49195 1574
1377759900 21317 940 21346 942
1377759600 18449 819 18456 853
1377759300 17774 853 18743 855
1377759000 18750 854 19531 855
1377758700 19515 852 19531 853
1377758400 17983 803 17993 816
1377758100 17045 814 17085 816
1377757800 13171 684 13172 726
1377757500 13148 726 13618 732
1377757200 13617 732 13618 740
1377756900 13622 740 14791 740
1377756600 14825 741 18235 841
1377756300 18244 840 19192 841
1377756000 19186 830 19192 837
1377755700 18689 837 18902 845
1377755400 18895 845 18902 852
1377755100 18220 851 18654 852
1377754800 18644 833 18654 858
1377754500 17743 858 20396 890
1377754200 20380 889 20396 890
1377753900 18876 873 20625 875
1377753600 20603 874 20625 875
1377753300 18455 842 18656 843
1377753000 18671 835 20181 871
1377752700 20186 870 21067 871
1377752400 21354 873 49775 1599
1377752100 49829 1599 55186 1625
1377751800 55017 1621 55186 1625
1377751500 38510 1302 60114 1750
1377751200 60089 1749 60114 1750
1377750900 57622 1696 57692 1698
1377750600 50632 1552 50702 1554
1377750300 43492 1439 43746 1445
1377750000 19446 902 124453 3070
1377749700 124904 3079 169630 4038
1377749400 169690 4039 178662 4234
1377749100 178824 4237 194950 4536
1377748800 194491 4526 194950 4536
1377748500 148693 3565 149098 3574
1377748200 108883 2740 146744 3546
1377747900 147046 3552 176987 4175
1377747600 176734 4169 176987 4175
1377747300 139283 3398 153071 3751
1377747000 152159 3748 153071 3751
1377746700 61905 3474 61905 3492
1377746400 61909 1764 62540 1836
1377746100 62555 1835 64807 1836
1377745800 64777 1800 64807 1801
1377745500 61682 1775 61836 1779
1377745200 46580 1407 51314 1525
1377744900 51340 1525 53997 1571
1377744600 54065 1572 64337 1796
1377744300 64947 1808 125362 3072
1377744000 125870 3082 176235 4151
1377743700 176283 4151 181101 4220
1377743400 181549 4229 225952 5213
1377743100 225673 5207 225952 5213
1377742800 184360 4326 203933 4723
1377742500 203833 4721 203933 4723
1377742200 194072 4539 198697 4642
1377741900 198674 4641 198697 4642
1377741600 196317 4607 196490 4611
1377741300 179525 4291 205042 4838
1377741000 204717 4831 205042 4838
1377740700 172489 4144 172638 4148
1377740400 150190 3664 150391 3668
1377740100 130768 3288 171879 4108
1377739800 171687 4104 171879 4108
1377739500 151931 3730 152705 3747
1377739200 75500 2088 93614 2460
1377738900 93239 2451 93614 2460
1377738600 56258 1616 66592 1866
1377738300 66532 1864 66592 1866
1377738000 60634 1753 60638 1754
1377737700 60125 1734 60145 1735
1377737400 58216 1696 61496 1784
1377737100 61440 1782 61496 1784
1377736800 55965 1640 56850 1670
1377736500 56832 1669 56850 1670
1377736200 54111 1593 54155 1594
1377735900 47760 1510 67142 1861
1377735600 67548 1870 107795 2786
1377735300 107988 2789 127136 3145
1377735000 127468 3152 160410 3874
1377734700 161570 3898 276432 6316
1377734400 275923 6305 276432 6316
1377734100 200583 4731 273140 6241
1377733800 272712 6232 273140 6241
1377733500 230424 5423 235132 5472
1377733200 235303 5476 252247 5937
1377732900 252154 5934 252247 5937
1377732600 243081 5716 249530 5821
1377732300 249315 5816 249530 5821
1377732000 228151 5407 234585 5544
1377731700 234561 5543 234585 5544
1377731400 231113 5486 241337 5671
1377731100 241349 5670 242576 5671
1377730800 242746 5657 259596 5996
1377730500 259613 5997 261395 6097
1377730200 260461 6076 261395 6097
1377729900 168653 4070 232065 5539
1377729600 232282 5542 253818 5889
1377729300 253666 5886 253818 5889
1377729000 238395 5592 238690 5599
1377728700 207762 4926 209280 4958
1377728400 57564 1785 61552 1879
1377728100 61598 1880 68568 2079
1377727800 68815 2084 93276 2618
1377727500 93238 2616 93276 2618
1377727200 89325 2503 89508 2507
1377726900 62024 1985 62089 1988
1377726600 55757 1776 63983 1964
1377726300 63934 1962 63983 1964
1377726000 59546 1856 101730 2731
1377725700 102490 2747 177788 4358
1377725400 177653 4355 177788 4358
1377725100 163119 4075 164317 4101
1377724800 44591 1544 44611 1545
1377724500 41653 1541 45453 1608
1377724200 45440 1608 45453 1625
1377723900 44692 1633 92182 2435
1377723600 91701 2426 92182 2435
1377723300 44130 1556 48682 1652
1377723000 48660 1651 48682 1652
1377722700 45391 1577 45423 1578
1377722400 42287 1536 47861 1751
1377722100 47810 1749 47861 1751
1377721800 42858 1573 45655 1608
1377721500 45626 1607 45655 1608
1377721200 43751 1576 139778 3650
1377720900 140674 3668 229395 5496
1377720600 228749 5482 229395 5496
1377720300 165159 4115 219500 5283
1377720000 219533 5285 222803 5519
1377719700 221792 5496 222803 5519
1377719400 71038 2171 71288 2177
1377719100 46301 1618 46327 1619
1377718800 43745 1611 44890 1620
1377718500 44870 1621 44890 1723
1377718200 43431 1722 46512 1723
1377717900 46503 1636 46512 1637
1377717600 45321 1622 46536 1641
1377717300 46520 1640 46536 1641
1377717000 45072 1586 50373 1741
1377716700 50306 1739 50373 1741
1377716400 43757 1602 46514 1690
1377716100 46535 1689 48682 1690
1377715800 48624 1672 48682 1673
1377715500 42965 1616 42966 1618
1377715200 42968 1518 49342 1702
1377714900 49349 1701 50087 1702
1377714600 50002 1668 50087 1670
1377714300 41671 1515 50004 1676
1377714000 49999 1677 50004 1800
1377713700 49543 1799 51397 1800
1377713400 51355 1731 51397 1732
1377713100 47155 1684 47203 1686
1377712800 42479 1554 44077 1627
1377712500 44083 1626 45053 1627
1377712200 45087 1618 48540 1707
1377711900 48521 1706 48540 1707
1377711600 46705 1625 47066 1685
1377711300 47025 1683 47066 1685
1377711000 43248 1544 64224 2041
1377710700 64645 2050 127470 3394
1377710400 127415 3392 127470 3394
1377710100 121385 3256 121986 3269
1377709800 61940 2062 61982 2064
1377709500 57847 1891 65145 2076
1377709200 65371 2080 99166 2784
1377708900 100019 2802 184501 4590
1377708600 184587 4591 193128 4787
1377708300 192002 4764 193128 4787
1377708000 80585 2510 80585 2511
1377707700 81523 2490 174391 4466
1377707400 173974 4457 174391 4466
1377707100 132231 3592 132782 3604
1377706800 79229 2496 223999 5499
1377706500 223988 5498 223999 5499
1377706200 222834 5415 270946 6435
1377705900 269751 6409 270946 6435
1377705600 152122 3919 212104 5211
1377705300 212761 5224 277845 6582
1377705000 277503 6574 277845 6582
1377704700 243755 5806 248337 6007
1377704400 247623 5991 248337 6007
1377704100 177474 4418 223984 5504
1377703800 224029 5504 228552 5556
1377703500 228398 5552 228552 5556
1377703200 213517 5235 246745 6091
1377702900 245497 6063 246745 6091
1377702600 122497 3376 170716 4513
1377702300 171384 4525 237539 5781
1377702000 237136 5772 237539 5781
1377701700 198121 4980 282802 6830
1377701400 282494 6822 282802 6830
1377701100 252033 6050 252060 6139
1377700800 249274 6134 249449 6139
1377700500 231080 5662 232044 5682
1377700200 135420 3755 135683 3760
1377699900 109752 3326 146308 4087
1377699600 146831 4098 198648 5237
1377699300 199030 5243 236852 5925
1377699000 236727 5922 236852 5925
1377698700 223887 5630 224374 5641
1377698400 152134 4070 231375 5697
1377698100 230997 5688 231375 5697
1377697800 193029 4818 193638 4831
1377697500 133990 3613 249045 6133
1377697200 248979 6129 249045 6133
1377696900 242226 5820 242456 5825
1377696600 207880 5137 208082 5141
1377696300 186575 4719 187887 4745
1377696000 57729 2232 153893 4226
1377695700 154127 4229 177354 4574
1377695400 177099 4567 177354 4574
1377695100 151931 3961 162551 4121
1377694800 162443 4118 162551 4121
1377694500 151885 3845 161558 4153
1377694200 161338 4148 161558 4153
1377693900 139745 3719 160036 4214
1377693600 160045 4212 160977 4214
1377693300 160128 4014 160977 4033
1377693000 76018 2163 76174 2166
1377692700 60984 1881 108662 2856
1377692400 109376 2871 180133 4383
1377692100 180073 4381 180133 4383
1377691800 173623 4192 174204 4204
1377691500 116476 3045 151357 3769
1377691200 151702 3776 203248 4853
1377690900 202957 4846 203248 4853
1377690600 174506 4248 206374 4927
1377690300 205647 4911 206374 4927
1377690000 133981 3424 161054 4008
1377689700 161443 4016 200024 4810
1377689400 198785 4783 200024 4810
1377689100 76146 2159 76173 2160
1377688800 72045 2083 72134 2085
1377688500 58945 1794 64107 1909
1377688200 64092 1908 64107 1909
1377687900 62596 1896 62616 1897
1377687600 61761 1832 166428 4080
1377687300 166806 4088 204231 4885
1377687000 204083 4881 204231 4885
1377686700 189589 4574 196504 4685
1377686400 195965 4674 196504 4685
1377686100 142874 3591 159806 3964
1377685800 159528 3958 159806 3964
1377685500 131169 3384 132065 3404
1377685200 42847 1485 78359 2198
1377684900 78397 2199 82183 2305
1377684600 82168 2304 82183 2305
1377684300 80674 2282 80720 2284
1377684000 76132 2154 76136 2155
1377683700 76109 2154 151577 3779
1377683400 152879 3806 281833 6573
1377683100 281143 6557 281833 6573
1377682800 212685 5033 212834 5036
1377682500 191149 4639 254586 7432
1377682200 254586 7417 254586 7432
1377681900 253148 5988 254586 6019
1377681600 110879 2955 116482 3091
1377681300 116498 3090 118175 3091
1377681000 119281 3106 284149 6658
1377680700 284842 6672 353535 8140
1377680400 352144 8111 353535 8140
1377680100 215886 5280 350515 8108
1377679800 350328 8104 350515 8108
1377679500 330264 7732 331838 7767
1377679200 95422 2555 95828 2564
1377678900 55308 1672 56185 1701
1377678600 56129 1699 56185 1701
1377678300 50713 1572 61273 1852
1377678000 61489 1856 82964 2301
1377677700 83240 2307 110578 2964
1377677400 111274 2978 180226 4411
1377677100 182028 4450 360463 8405
1377676800 360447 8404 360463 8405
1377676500 358699 8299 358938 8306
1377676200 334795 7689 335105 7696
1377675900 302589 7032 304148 7066
1377675600 70470 2020 78165 2205
1377675300 80892 2263 282746 6606
1377675000 282779 6606 286142 6639
1377674700 283926 6592 286142 6639
1377674400 66675 1993 222765 5326
1377674100 223002 5330 246474 5782
1377673800 245974 5771 246474 5782
1377673500 196645 4760 204727 4854
1377673200 204226 4844 204727 4854
1377672900 154204 3873 154697 3884
1377672600 80838 2262 80858 2263
1377672300 78866 2251 78873 2252
1377672000 78221 2200 78239 2201
1377671700 76450 2166 76454 2167
1377671400 76095 2133 78570 2204
1377671100 78605 2204 82078 2281
1377670800 82044 2280 82078 2281
1377670500 79606 2215 81170 2281
1377670200 81101 2279 81170 2281
1377669900 74315 2110 77356 2197
1377669600 77364 2196 78172 2197
1377669300 78118 2186 78172 2187
1377669000 72841 2135 79094 2245
1377668700 79096 2244 79486 2245
1377668400 80880 2271 218976 5270
1377668100 219295 5276 266928 6249
1377667800 266845 6246 266928 6249
1377667500 258583 6034 258634 6035
1377667200 253180 5959 253579 5968
1377666900 192638 4602 193747 4626
1377666600 82713 2306 82884 2310
1377666300 65935 1955 73863 2106
1377666000 73949 2107 82511 2263
1377665700 82480 2262 82511 2263
1377665400 79398 2230 79451 2232
1377665100 74191 2127 74218 2128
1377664800 70295 2026 73444 2106
1377664500 74990 2139 228139 5448
1377664200 228000 5445 228139 5448
1377663900 206010 4990 207435 5022
1377663600 67254 1962 293489 6703
1377663300 293419 6701 293489 6703
1377663000 286162 6541 286548 6550
1377662700 248434 5735 286982 6580
1377662400 285847 6556 286982 6580
1377662100 174630 4261 283959 6492
1377661800 284016 6493 289668 6611
1377661500 288927 6595 289668 6611
1377661200 216292 5063 283341 6452
1377660900 283262 6450 283341 6452
1377660600 274986 6254 275533 6266
1377660300 220641 5082 220891 5087
1377660000 184061 4371 243932 5564
1377659700 244363 5573 287087 6519
1377659400 286351 6503 287087 6519
1377659100 177568 4233 264336 6080
1377658800 264825 6090 313319 7116
1377658500 311991 7087 313319 7116
1377658200 181445 4329 268417 6809
1377657900 268417 6804 268417 6809
1377657600 267964 6190 268417 6200
1377657300 224143 5239 320385 7332
1377657000 319948 7322 320385 7332
1377656700 277071 6359 331573 7554
1377656400 331319 7548 331573 7554
1377656100 306407 6986 327986 7469
1377655800 327749 7463 327986 7469
1377655500 304004 6940 304369 6948
1377655200 249358 5798 249623 5804
1377654900 223012 5212 223201 5216
1377654600 204990 4910 268614 6229
1377654300 268984 6236 305635 6964
1377654000 304869 6948 305635 6964
1377653700 229477 5455 273264 6398
1377653400 273136 6394 273264 6398
1377653100 252675 5911 254142 5943
1377652800 34271 1274 44770 1472
1377652500 44782 1472 46014 1513
1377652200 46002 1512 46014 1513
1377651900 44860 1507 45957 1508
1377651600 45966 1500 46905 1522
1377651300 46871 1521 46905 1522
1377651000 42082 1405 59214 1768
1377650700 59242 1768 63507 1881
1377650400 64229 1896 135727 3415
1377650100 136671 3435 230162 5415
1377649800 229832 5408 230162 5415
1377649500 197239 4725 200626 4806
1377649200 200135 4795 200626 4806
1377648900 150979 3786 151584 3800
1377648600 90971 2452 91154 2456
1377648300 72994 2137 86196 2371
1377648000 86174 2370 86196 2371
1377647700 83839 2340 84034 2345
1377647400 64579 1920 64597 1924
1377647100 62842 1923 62867 1924
1377646800 60367 1856 60378 1857
1377646500 59305 1846 59319 1847
1377646200 57177 1800 57229 1802
1377645900 52200 1699 59398 1863
1377645600 59352 1861 59398 1863
1377645300 54904 1753 56067 1937
1377645000 56022 1933 56067 1937
1377644700 51572 1611 51721 1613
1377644400 51725 1613 52184 1651
1377644100 52229 1652 56720 1809
1377643800 56666 1807 56720 1809
1377643500 51406 1700 55368 1776
1377643200 55346 1775 55368 1776
1377642900 54164 1772 149910 3867
1377642600 150167 3872 175642 4450
1377642300 174462 4424 175642 4450
1377642000 58175 1905 102649 2802
1377641700 102561 2799 102649 2802
1377641400 94323 2610 159070 4129
1377641100 159220 4131 181620 4544
1377640800 183179 4577 337567 7893
1377640500 337516 7892 337567 7893
1377640200 329949 7771 330018 7773
1377639900 320172 7584 357102 8541
1377639600 355376 8502 357102 8541
1377639300 184032 4700 184515 4712
1377639000 137542 3597 268364 6460
1377638700 268921 6472 324123 7710
1377638400 324140 7709 325902 7710
1377638100 326024 7705 338116 8022
1377637800 337606 8010 338116 8022
1377637500 286261 6810 287169 6830
1377637200 197630 4937 317995 7677
1377636900 318050 7677 326337 7786
1377636600 325697 7771 326337 7786
1377636300 263099 6346 331394 7919
1377636000 330695 7903 331394 7919
1377635700 261864 6409 317134 7538
1377635400 316592 7526 317134 7538
1377635100 263697 6436 337248 8116
1377634800 337058 8111 337248 8116
1377634500 318311 7619 321908 7624
1377634200 321908 7216 321908 8620
1377633900 320437 8585 321908 8620
1377633600 174770 5209 174810 5218
1377633300 172476 4653 332973 31128
1377633000 332125 31151 332973 33501
1377632700 246643 33193 248187 33501
1377632400 94199 2724 130223 3495
1377632100 131645 3527 343586 8308
1377631800 343380 8302 343586 8308
1377631500 312135 7458 312775 7472
1377631200 217996 5480 335576 8024
1377630900 335408 8021 335576 8024
1377630600 317900 7706 318853 7727
1377630300 223991 5651 265317 6491
1377630000 265546 6497 288278 7120
1377629700 288124 7114 288278 7120
1377629400 273618 6539 340565 8093
1377629100 340456 8090 340565 8093
1377628800 327799 7845 329759 7889
1377628500 133977 3548 149658 3893
1377628200 151304 3929 314331 7505
1377627900 314177 7501 314331 7505
1377627600 291701 7031 332416 7821
1377627300 332387 7820 332416 7821
1377627000 329612 7803 329872 7857
1377626700 329914 7857 334165 7858
1377626400 334178 7858 335545 7943
1377626100 335470 7942 335545 7943
1377625800 179210 4576 328058 7847
1377624600 67600 2070 68965 2134
1377622800 69029 2114 289682 6774
1377621000 159988 4015 289682 6774
1377619200 177957 4456 193145 4828
1377617400 168353 4233 187159 4646
1377615600 153629 3935 172645 4337
1377613800 157118 4039 225715 5502
1377612000 62541 2106 186249 5531
1377610200 88478 2730 186249 5531
1377608400 119157 3181 275307 6396
1377606600 52002 1637 74254 2092
1377604800 198535 4753 289959 6759
1377603000 89063 2414 181464 4443
1377601200 154366 3793 309863 7131
1377599400 88205 2397 223916 5282
1377597600 44904 1439 50478 1544
1377595800 52744 1624 102230 2673
1377594000 127021 3219 195830 4650
1377592200 85670 2356 184239 4447
1377590400 185741 4481 211237 5075
1377588600 227844 5477 358054 8396
1377586800 324707 7623 358058 8401
1377585000 288617 6768 349766 8112
1377583200 321494 7590 363880 8368
1377581400 135524 3453 304057 7157
1377579600 185925 4529 300242 7005
1377577800 122824 3156 300242 7005
1377576000 58054 1723 98219 2601
1377574200 88181 2378 161915 3990
1377572400 215770 5084 263034 6024
1377570600 220941 5167 283546 6488
1377568800 219046 5155 266521 6148
1377567000 215808 5116 290039 6616
1377565200 236802 5541 290039 6616
1377563400 170760 4128 264073 6088
1377561600 92333 2469 264073 6088
1377559800 221686 5272 260838 6151
1377558000 154362 3874 230205 5514
1377556200 74740 2181 230205 5514
1377554400 1 569 2 587
1377552600 1 589 1 632
1377550800 1 598 1 633
1377549000 1 607 1 665
1377547200 1 684 2 1120
1377545400 1 619 1 657
1377543600 115201 3048 262500 6136
1377541800 144832 3696 282595 6678
1377540000 62580 1950 81679 2348
1377538200 140917 3683 280497 6658
1377536400 218555 5316 287428 6950
1377534600 119367 3200 235440 5580
1377532800 62807 2019 67271 2147
1377531000 60687 1993 67268 2165
1377529200 67298 2107 74420 2268
1377527400 59221 1950 102873 2991
1377525600 187700 4807 240832 5943
1377523800 94574 2693 202812 4920
1377522000 48490 1633 52643 2035
1377520200 51041 1579 60602 2095
1377518400 56235 1734 60602 2095
1377516600 116742 2990 310370 7221
1377514800 275473 6427 326795 7481
1377513000 203634 4872 307704 7169
1377511200 123054 3091 215660 5026
1377509400 188498 4687 263547 6097
1377507600 229937 5390 274282 6344
1377505800 223351 5246 243031 5681
1377504000 216260 5102 251990 5874
1377502200 152984 3766 219994 5139
1377500400 73164 2023 80455 2184
1377498600 70749 1982 73647 2060
1377496800 72109 2000 75743 2062
1377495000 156962 3827 314394 7216
1377493200 149625 3684 312888 7168
1377491400 232984 5441 283738 6581
1377489600 224236 5251 248003 5723
1377487800 229765 5332 275456 6269
1377486000 108915 2781 261886 6016
1377484200 95819 2504 141982 3522
1377482400 200435 4800 242953 5633
1377480600 150321 3665 241151 5537
1377478800 115435 2907 241151 5537
1377477000 69155 1949 72612 2021
1377475200 55167 1639 63895 1821
1377473400 56885 1686 60872 1795
1377471600 59943 1736 240015 5564
1377469800 153723 3735 240015 5564
1377468000 110420 2795 188268 4445
1377466200 183616 4366 205398 4798
1377464400 174594 4159 187266 4382
1377462600 140200 3495 202167 4831
1377460800 162095 3905 195922 4598
1377459000 65597 1860 89927 2358
1377457200 48765 1484 52767 1589
1377455400 80328 2173 143061 3537
1377453600 74793 2037 99269 2560
1377451800 81879 2195 191809 4499
1377450000 201130 4701 218930 5048
1377448200 222972 5186 300904 6885
1377446400 239455 5509 288030 6580
1377444600 184145 4379 288332 6579
1377442800 286582 6550 298002 6773
1377441000 260007 6002 283755 6514
1377439200 246676 5685 293054 6721
1377437400 246583 5614 290218 6521
1377435600 219626 5053 267978 6005
1377433800 176944 4162 283401 6388
1377432000 67329 1896 85106 2289
1377430200 49682 1523 56665 1694
1377428400 130446 3233 246926 5681
1377426600 104485 2696 246926 5681
1377424800 50055 1527 52593 1569
1377423000 50608 1549 54685 1633
1377421200 48211 1488 51417 1549
1377419400 89648 2400 99709 2610
1377417600 198544 4695 260137 5972
1377415800 213883 5023 260137 5972
1377414000 204886 4815 259970 5975
1377412200 229270 5323 259077 5961
1377410400 201412 4724 254500 5824
1377408600 62966 1809 72356 2032
1377406800 144951 3544 241842 5577
1377405000 193029 4570 274177 6327
1377403200 296120 6751 328593 7510
1377401400 290579 6645 318503 7233
1377399600 261086 6037 301038 6932
1377397800 266694 6130 286218 6553
1377396000 256242 5926 286218 6553
1377394200 188808 4492 264480 6120
1377392400 78148 2138 82498 2234
1377390600 82550 2243 91680 2447
1377388800 77093 2133 81263 2274
1377387000 194126 4620 240967 5618
1377385200 150839 3718 233646 5465
1377383400 170949 4086 218514 5052
1377381600 219673 5047 236923 5421
1377379800 199065 4628 248046 5641
1377378000 228254 5256 250170 5682
1377376200 225612 5207 246246 5614
1377374400 211099 4992 229361 5476
1377372600 157185 3787 220011 5122
1377370800 62107 1808 64711 1875
1377369000 103455 2681 228980 5343
1377367200 126919 3177 220753 5160
1377365400 121713 3053 210832 4940
1377363600 182661 4344 224848 5240
1377361800 182740 4348 240649 5547
1377360000 62634 1792 70474 1969
1377358200 60872 1768 63726 1875
1377356400 50899 1533 64079 1815
1377354600 51163 1540 69826 1958
1377352800 175549 4184 217752 5054
1377351000 66488 1862 192105 4588
1377349200 0 423 1 429
1377347400 0 423 0 446
1377345600 0 418 0 438
1377343800 39894 1334 56657 1695
1377342000 50519 1576 54664 1644
1377340200 169989 4165 296806 6995
1377338400 248461 5789 275818 6416
1377336600 251969 5877 268960 6262
1377334800 260551 5989 275259 6344
1377333000 247946 5774 263953 6106
1377331200 275866 6366 304920 6973
1377329400 197653 4708 291419 6717
1377327600 185033 4421 259227 6003
1377325800 237690 5533 304157 6947
1377324000 240258 5591 278342 6429
1377322200 89007 2372 185554 4448
1377320400 145414 3568 260180 6010
1377318600 232116 5496 375381 8625
1377316800 315694 7341 383663 8867
1377315000 369047 8289 385678 8867
1377313200 312333 7268 368015 8453
1377311400 172612 4238 374783 8679
1377309600 339994 7867 386711 8754
1377307800 123493 3109 337048 7655
1377306000 52860 1603 58889 1737
1377304200 143873 3536 246688 5691
1377302400 226104 5303 246688 5691
1377300600 192568 4606 263401 6088
1377298800 216573 5114 263401 6088
1377297000 144881 3618 196429 4697
1377295200 139265 3599 146529 3719
1377293400 142797 3703 146389 3785
1377291600 140862 3723 151757 3969
1377289800 141172 3763 145586 3887
1377288000 123440 3427 194502 4939
1377286200 195081 5037 236507 5791
1377284400 208715 5422 236507 6857
1377282600 194223 4925 215984 5357
1377280800 92170 2815 180877 4675
1377279000 168491 4402 222209 5549
1377277200 99890 2937 179034 4668
1377275400 96181 3004 203377 12404
1377273600 94856 4608 169838 12404
1377271800 40485 1808 41579 2128
1377270000 37672 1662 39204 1712
1377268200 39182 1691 40869 1781
1377266400 98122 3228 161225 4700
1377264600 135509 3876 171211 4581
1377262800 157903 4128 179621 4569
1377261000 154629 3920 180110 4375
1377259200 173795 4236 196850 4750
1377257400 181033 4414 213913 5124
1377255600 166341 4106 201836 4833
1377253800 185994 4604 250883 6004
1377252000 244964 5860 286330 6723
1377250200 224128 5503 273891 6476
1377248400 149538 10267 291652 40261
1377246600 83232 2395 295909 7008
1377244800 214901 5253 304344 7308
1377243000 188658 4677 286344 6923
1377241200 57119 1789 111459 2962
1377239400 81803 2335 111459 2962
1377237600 74256 2169 77193 2226
1377235800 74427 2319 119290 3135
1377234000 158129 3970 263624 6191
1377232200 179944 4419 225263 5414
1377230400 141757 3767 183864 4499
1377228600 119576 3120 188809 4571
1377226800 79796 2287 166393 4127
1377225000 158921 3942 194961 4687
1377223200 162066 4015 206259 4938
1377221400 196755 4783 299284 6956
1377219600 199355 4837 294139 6882
1377217800 156305 3940 294139 6882
1377216000 191893 4772 308985 7319
1377214200 303830 7256 325842 7757
1377212400 274567 6666 330288 7887
1377210600 233225 5760 296080 7224
1377208800 249839 6056 254710 6243
1377207000 170518 4423 244504 5901
1377205200 215327 5437 295139 7198
1377203400 257793 6420 307117 7308
1377201600 215687 5015 314516 7544
1377199800 151640 4139 280002 6862
1377198000 233214 5843 318261 7651
1377196200 262543 6473 286565 7031
1377194400 145637 3944 272333 6681
1377192600 81209 2566 92702 2734
1377190800 120338 3525 251200 6886
1377189000 173896 4648 251200 6886
1377187200 181314 4691 235091 6332
1377185400 92642 3167 231097 6332
1377183600 48520 2181 52177 2926
1377181800 164455 16170 280640 72465
1377180000 121990 10728 256547 45322
1377178200 152121 4094 256547 6251
1377176400 130381 3460 199867 4970
1377174600 111852 3017 179730 4457
1377172800 105910 2878 205706 5014
1377171000 108325 2913 217986 5203
1377169200 169836 4157 234234 5477
1377167400 175602 4284 230046 5465
1377165600 202894 4833 256943 5935
1377163800 189679 4555 207995 4960
1377162000 217853 5099 255117 5915
1377160200 156565 3881 183522 4460
1377158400 179360 4349 245590 5725
1377156600 136706 3464 179892 4396
1377154800 166683 4007 179003 4307
1377153000 137863 3451 178331 4299
1377151200 161401 3927 178797 4292
1377149400 128616 3288 144668 3646
1377147600 100267 2680 119949 3105
1377145800 87187 2457 119949 3105
1377144000 83886 2401 89711 2555
1377142200 85031 2440 88624 2534
1377140400 84364 2401 88505 2504
1377138600 83554 2391 86683 2444
1377136800 96255 2687 325464 7778
1377135000 242941 5791 352522 8306
1377133200 189635 4536 308449 7043
1377131400 229671 5369 284383 6481
1377129600 120917 3104 244634 5708
1377127800 143187 3594 256006 5995
1377126000 177487 12333 236729 52398
1377124200 132782 3870 186402 5204
1377122400 61897 2445 63252 3682
1377120600 117024 3441 230458 5920
1377118800 219936 6023 252776 7617
1377117000 210695 5278 250102 6044
1377115200 149124 3931 250102 6044
1377113400 33918 11234 122849 59629
1377111600 1 699 2 775
1377109800 1 853 2 1384
1377108000 1 796 2 990
1377106200 1 776 2 1352
1377104400 66075 2306 128856 3591
1377102600 176840 4678 310311 7626
1377100800 104666 3083 271819 6675
1377099000 255413 6292 277373 6738
1377097200 192453 4953 289071 7037
1377095400 107317 3144 277231 6833
1377093600 56334 2007 268544 6694
1377091800 114461 3387 268544 6694
1377090000 44348 1639 50516 1857
1377088200 48488 1598 53211 1820
1377086400 82805 2413 151997 3847
1377084600 243377 5892 322680 7695
1377082800 279730 6768 311365 7504
1377081000 174228 4337 302865 7164
1377079200 129958 3344 166128 4095
1377077400 134199 3435 158948 3960
1377075600 145862 3672 169148 4188
1377073800 133823 3431 151766 3811
1377072000 134834 3456 165817 4136
1377070200 199681 4902 335054 7898
1377068400 298366 7084 357920 8356
1377066600 231188 5638 366620 8726
1377064800 228590 5537 353288 8271
1377063000 320239 7562 363173 8557
1377061200 293502 6915 339792 7977
1377059400 291153 7024 398290 9490
1377057600 370037 8832 413184 9954
1377055800 359394 8662 413184 9954
1377054000 367374 8872 399648 9514
1377052200 369426 8880 403694 9663
1377050400 379763 8847 401441 9568
1377048600 267051 6405 353271 8460
1377046800 166584 4138 268910 6440
1377045000 75275 2183 90493 2534
1377043200 71819 2128 85648 2469
1377041400 73927 2201 85648 2469
1377039600 173385 4414 225744 5540
1377037800 216632 5356 287469 6967
1377036000 231294 6297 303249 10334
1377034200 72083 2289 102951 2954
1377032400 69338 2253 93888 2811
1377030600 153185 4099 278605 6820
1377028800 48460 1852 53551 1975
1377027000 49996 1873 56700 2007
1377025200 48767 1850 53150 1898
1377023400 55753 1984 179206 4837
1377021600 227387 5844 302273 7553
1377019800 67256 2264 70153 2323
1377018000 104706 3056 246721 6144
1377016200 102204 2947 245074 6080
1377014400 140942 3689 164626 4460
1377012600 125414 3510 136470 3802
1377010800 118037 3324 144720 3934
1377009000 126612 3558 141291 4507
1377007200 108916 3344 168126 4541
1377005400 88853 2907 151064 4077
1377003600 155855 4100 223085 5383
1377001800 199251 4915 236218 5705
1377000000 208990 5074 234946 5607
1376998200 193107 4691 251399 5949
1376996400 216337 5234 244018 5812
1376994600 207029 5011 255449 6075
1376992800 236773 5633 267748 6295
1376991000 213342 5116 273808 6428
1376989200 222062 4960 288564 6847
1376987400 238227 5708 288564 6847
1376985600 243880 5846 284263 6743
1376983800 191221 4650 254707 6043
1376982000 76966 2165 83586 2321
1376980200 142044 3576 259365 6115
1376978400 252120 5988 287767 6774
1376976600 240652 5752 280768 6640
1376974800 247193 5860 273869 6442
1376973000 134324 3438 262708 6231
1376971200 74640 2136 80117 2278
1376969400 72661 2096 77048 2194
1376967600 61934 1861 72254 2097
1376965800 97380 2646 332559 7848
1376964000 239558 5785 332559 7848
1376962200 241016 6039 319105 7595
1376960400 247871 5916 295650 6988
1376958600 213832 5206 315931 7455
1376956800 283508 6703 305063 7134
1376955000 239164 5761 294710 6980
1376953200 61058 1955 192870 4875
1376951400 176694 4605 267061 6465
1376949600 153837 4138 172128 4475
1376947800 148925 3984 183158 4781
1376946000 155983 4152 171136 4559
1376944200 159577 4294 184352 4920
1376942400 161090 4268 204578 5210
1376940600 156507 4179 165199 4477
1376938800 146719 3921 179762 4689
1376937000 143127 3878 164086 4475
1376935200 158438 4196 172521 4475
1376933400 168570 4414 203742 5168
1376931600 164771 4286 191488 4861
1376929800 142711 3916 181578 7613
1376928000 176312 5101 181578 7613
1376926200 152012 4120 185971 5007
1376924400 62466 2150 83744 2626
1376922600 165251 4398 192271 5103
1376920800 140640 3932 191197 4989
1376919000 153919 4332 213714 5427
1376917200 129617 3573 218148 5482
1376915400 190750 4740 234096 5672
1376913600 192729 4742 240951 5743
1376911800 155767 4503 240951 6085
1376910000 192134 4743 235350 5664
1376908200 113344 3039 199487 4915
1376906400 222167 5427 261406 6276
1376904600 182994 4515 247213 5891
1376902800 190684 4676 252530 5982
1376901000 230290 5547 253557 6021
1376899200 173511 4309 251035 6023
1376897400 196367 4849 270067 6459
1376895600 187525 4655 290300 6890
1376893800 73319 2157 84991 2410
1376892000 157032 3983 282840 6748
1376890200 96371 2656 281019 6732
1376888400 137599 3566 281019 6732
1376886600 115292 3076 245754 5909
1376884800 50677 1628 58975 1809
1376883000 159385 4021 299627 7092
1376881200 190656 4718 303777 7173
1376879400 292334 6922 321254 7529
1376877600 299865 7113 323251 7700
1376875800 132741 3463 316211 7544
1376874000 70267 2091 74160 2166
1376872200 70379 2071 76636 2215
1376870400 74224 2161 76636 2215
1376868600 53322 1714 127787 3331
1376866800 190218 4679 263589 6296
1376865000 160727 4046 241813 5806
1376863200 217463 5257 248768 5868
1376861400 227951 5459 259042 6160
1376859600 182273 4483 252182 5999
1376857800 198783 5154 258999 6190
1376856000 204040 5005 270727 6448
1376854200 177142 4416 252063 6074
1376852400 242794 5794 258590 6124
1376850600 176551 4359 252859 5998
1376848800 152016 3822 249728 5905
1376847000 56538 1772 75830 2213
1376845200 186404 4597 248574 5987
1376843400 101250 2764 226918 5478
1376841600 47630 1628 50424 1727
1376839800 29788 1208 50087 1662
1376838000 41553 1480 48970 1661
1376836200 46584 1602 53511 1760
1376834400 40493 1469 50534 1710
1376832600 66075 2002 98486 2707
1376830800 162489 4083 308457 7274
1376829000 162199 4066 290827 6824
1376827200 102866 2779 299429 7033
1376825400 292640 6535 307736 7259
1376823600 220330 5329 307736 7259
1376821800 232970 5629 319421 7506
1376820000 281202 6713 333167 7942
1376818200 328405 7775 345675 8200
1376816400 263661 6299 321047 7561
1376814600 282861 6745 332415 7866
1376812800 262603 6299 325566 7690
1376811000 211336 5152 291303 6902
1376809200 106017 2851 244515 5860
1376807400 58808 1825 94385 2582
1376805600 189758 4446 220772 5406
1376803800 169200 4207 211587 5136
1376802000 67407 2014 164487 4119
1376800200 127128 3324 210016 5154
1376798400 129222 3361 187806 4631
1376796600 156626 3957 180601 4466
1376794800 151478 3826 166129 4130
1376793000 59564 1837 81035 2306
1376791200 92311 2548 162441 4085
1376789400 71087 2107 150600 3837
1376787600 40575 1423 59279 1857
1376785800 97386 2701 131217 3438
1376784000 108151 2927 132114 3457
1376782200 98603 2742 123185 3277
1376780400 97508 2695 144856 3748
1376778600 154604 3924 247465 5879
1376776800 217809 5259 247465 5879
1376775000 218478 5257 252271 6042
1376773200 196887 4794 246716 6023
1376771400 239017 5737 255904 6105
1376769600 216065 5201 277741 6524
1376767800 255279 6037 277741 6524
1376766000 176669 4345 269169 6359
1376764200 212896 5129 268858 6331
1376762400 242616 5755 268986 6330
1376760600 196919 4806 251211 5944
1376758800 143485 3646 187628 4638
1376757000 77569 2266 184148 4576
1376755200 33749 1317 42258 1511
1376753400 40261 1469 48865 1686
1376751600 28400 1197 41870 1495
1376749800 34231 1325 41870 1495
1376748000 36574 1370 45254 1588
1376746200 66174 2046 102415 2861
1376744400 92382 2613 104398 2890
1376742600 200924 5098 395744 9585
1376740800 138718 4303 263274 9347
1376739000 340436 8247 406740 9755
1376737200 221857 5537 399710 9579
1376735400 267760 6525 375062 8959
1376733600 298436 7249 361669 8765
1376731800 312900 7504 337855 8125
1376730000 316135 7556 348772 8258
1376728200 303096 7233 335874 7925
1376726400 269486 6504 337747 8055
1376724600 197511 4836 269922 6457
1376722800 239282 5733 261436 6243
1376721000 227318 5473 265836 6303
1376719200 70729 2114 75519 2211
1376717400 111668 2974 249212 5981
1376715600 232277 5630 274017 6580
1376713800 123148 3282 217111 5293
1376712000 87314 2496 90430 2571
1376710200 89779 2576 98936 2836
1376708400 138671 3703 368867 8874
1376706600 317208 7719 368867 8874
1376704800 369246 8829 404655 9726
1376703000 154257 4022 363481 8596
1376701200 50159 1726 57207 1872
1376699400 52054 1738 58266 1913
1376697600 51915 1777 58266 1913
1376695800 44188 1637 47607 1698
1376694000 39684 1521 42529 1596
1376692200 137131 3633 246317 5988
1376690400 181657 4648 251055 6178
1376688600 223517 5589 251055 6178
1376686800 230194 5723 250419 6203
1376685000 227441 5708 244580 6101
1376683200 235429 6210 257577 7568
1376681400 228348 5884 247534 51553
1376679600 222688 13388 265515 51553
1376677800 239401 6851 264632 10237
1376676000 202472 12848 267242 48873
1376674200 198668 5400 263078 6889
1376672400 248140 6161 281399 6960
1376670600 171526 4738 224697 6460
1376668800 299264 8483 401129 11993
1376667000 214220 5754 364132 9167
1376665200 334917 8518 399961 10043
1376663400 388406 9878 399961 10110
1376661600 341696 8763 402030 10309
1376659800 162477 4477 356326 8964
1376658000 106371 3229 210385 5313
1376656200 59422 1984 72692 2260
1376654400 62904 1945 69479 2122
1376652600 67451 2055 72369 2155
1376650800 139020 3598 260386 6233
1376649000 208337 5073 286266 6686
1376647200 191848 4720 303635 7096
1376645400 96667 2670 148089 3811
1376643600 67710 2040 79215 2271
1376641800 62376 2000 83869 3416
1376640000 100002 2907 227361 5531
1376638200 282743 6994 439431 10899
1376636400 337445 8404 443276 11024
1376634600 341887 8488 436728 10958
1376632800 111292 3055 148586 3835
1376631000 90651 2623 106078 3018
1376629200 303968 7345 400335 9531
1376627400 190331 5071 352282 8503
1376625600 203796 4998 275791 6605
1376623800 239752 5796 253677 6073
1376622000 210095 5131 250728 5976
1376620200 91151 2578 249163 5933
1376618400 194376 4789 270489 6476
1376616600 130116 3438 236465 5728
1376614800 61625 1921 74839 2205
1376613000 76021 2267 92711 2612
1376611200 73414 2201 82251 2448
1376609400 73964 2273 82251 2448
1376607600 96216 2719 181396 4601
1376605800 116035 3189 202883 5031
1376604000 139910 3741 178432 4547
1376602200 46048 1793 74456 2399
1376600400 85807 2616 168409 4407
1376598600 152250 4135 174665 4622
1376596800 178306 4724 195953 5116
1376595000 55504 2026 57774 2334
1376593200 56162 2074 59514 2334
1376591400 53634 1987 56950 2082
1376589600 53662 1951 55884 2138
1376587800 140785 3819 188874 4887
1376586000 163634 4290 198907 5163
1376584200 68454 2274 153105 4122
1376582400 12036 1118 16617 1671
1376580600 25591 1326 47885 1866
1376578800 21940 1213 39735 1617
1376577000 25988 1408 46074 2508
1376575200 23477 1283 45903 1918
1376573400 42638 1686 57098 1959
1376571600 107177 2969 130647 3567
1376569800 80223 2302 139941 3582
1376568000 36191 1294 45803 1493
1376566200 49459 2008 52179 3698
1376564400 52236 1656 136094 3509
1376562600 42787 1451 136094 3509
1376560800 24309 1054 45750 1553
1376559000 44926 1543 50818 1690
1376557200 47002 1583 53924 1742
1376555400 50593 1673 52596 1764
1376553600 28839 1157 52079 1698
1376551800 212294 5277 395758 9338
1376550000 362431 8567 419011 9861
1376548200 327291 7734 408392 9571
1376546400 91027 2491 93959 2576
1376544600 232055 5595 405213 9474
1376539200 290185 6815 317843 7474
1376532000 145955 3695 323706 7595
1376524800 94651 2637 192054 4774
1376517600 140317 4089 267279 6524
1376510400 110903 3112 267992 6500
1376503200 139237 3747 343613 8397
1376496000 233988 6326 364875 16035
1376488800 61007 6079 326275 62189
1376481600 62105 1858 193813 4659
1376474400 167949 4099 203041 4868
1376467200 179266 4419 277180 6633
1376460000 218942 5280 290687 6872
1376452800 140499 3581 203976 4958
1376445600 235831 5728 329814 7849
1376438400 254004 6274 319619 7651
1376431200 82609 4004 102377 19999
1376424000 74836 5774 106439 77247
1376416800 88724 5359 263465 41002
1376409600 176699 4735 311110 7653
1376402400 123236 3440 254298 6307
1376395200 153228 3938 332713 7905
1376388000 288411 7034 343453 8180
1376380800 165210 4222 344912 8209
1376373600 180307 4519 309769 7362
1376366400 15442 931 18720 1011
1376359200 39633 1522 58279 1952
1376352000 46463 1742 167804 4344
1376344800 143183 7285 192717 51983
1376337600 161980 4387 201310 5894
1376330400 138536 3830 203584 5442
1376323200 58961 2157 75465 2588
1376316000 75872 2456 266868 6334
1376308800 188312 4565 382526 9238
1376301600 339652 8058 372450 8939
1376294400 237076 5873 419106 10282
1376287200 282426 6901 423555 10342
1376280000 77104 2219 155429 3985
1376272800 175373 4296 363713 8489
1376265600 132573 3393 179687 4426
1376258400 46003 1544 59639 1833
1376251200 22605 1001 47242 1576
1376244000 82276 2378 433413 10424
1376236800 372650 9050 441858 10877
1376229600 266274 6440 441858 10877
1376222400 111905 2928 274762 6442
1376215200 50126 1637 61247 1929
1376208000 61678 1870 174035 4321
1376200800 92199 2521 181884 4443
1376193600 209905 5143 319166 7560
1376186400 145320 3670 286049 6759
1376179200 146651 3695 225121 5434
1376172000 50000 1669 55539 1794
1376164800 50405 1712 55198 1823
1376157600 46178 1600 63016 1899
1376150400 170807 4239 242858 5776
1376143200 66216 1945 222783 5255
1376136000 88765 2390 257839 6055
1376128800 252036 5898 297615 7038
1376121600 285968 6706 340037 7970
1376114400 269835 6392 344156 8091
1376107200 68899 2004 75499 2149
1376100000 163051 4035 295971 6965
1376092800 189813 4714 330994 7997
1376085600 276825 7086 330979 12988
1376078400 164625 4480 333282 8278
1376071200 192876 7408 325523 61498
1376064000 233970 5921 348464 8728
1376056800 76591 2507 332513 8152
1376049600 63627 2045 370680 8789
1376042400 241867 5905 370680 8789
1376035200 105236 2882 337557 7970
1376028000 63646 4496 226906 60453
1376020800 129197 3358 260662 6187
1376013600 136696 3553 233222 5647
1376006400 115335 3223 315658 7834
1375999200 268718 6761 320612 8064
1375992000 299993 7582 369551 10194
1375984800 194192 5540 376144 9464
1375977600 188531 5068 377371 9368
1375970400 221462 5675 334053 8270
1375963200 266612 6456 311767 7445
1375956000 219003 5275 249909 5993
1375948800 92582 2577 243047 5769
1375941600 31951 1271 55357 1808
1375934400 49521 1670 56682 1826
1375927200 78847 2315 163430 4173
1375920000 130005 3616 315147 29138
1375912800 178473 5850 313554 29138
1375905600 142826 6131 296812 39125
1375898400 152158 7504 288211 66033
1375891200 126152 3578 185312 4952
1375884000 81554 2545 188821 5069
1375876800 115014 3087 247478 5969
1375869600 139143 3583 212705 5202
1375862400 134578 3499 261133 6261
1375855200 167397 4200 253471 6073
1375848000 180282 4469 215987 5252
1375840800 183200 4546 229127 5638
1375833600 115343 3298 295049 8031
1375826400 271074 8420 292505 25064
1375819200 155384 6968 293246 58187
1375812000 154914 5405 297223 30454
1375804800 15694 2646 54781 24306
1375797600 46955 1885 55967 2433
1375790400 81833 2412 292500 7033
1375783200 157309 4041 314327 7530
1375776000 177984 4435 316137 7530
1375768800 74487 2209 147933 4624
1375761600 117258 3077 253675 6090
1375754400 182831 4517 263874 6284
1375747200 133343 3585 175543 4701
1375740000 126634 3808 198414 6579
1375732800 116227 3474 193767 5145
1375725600 116096 6010 275825 66656
1375718400 171687 7482 307263 72346
1375711200 183496 4986 380230 9501
1375704000 152162 4055 360258 9135
1375696800 156442 3941 251809 6014
1375689600 116572 3062 224396 5448
1375682400 137484 3501 242586 5790
1375675200 75185 2159 199670 4834
1375668000 146588 3700 255396 6097
1375660800 194685 4748 257444 6098
1375653600 128560 3300 164802 4105
1375646400 140591 3589 175735 4375
1375639200 109255 2921 178242 4388
1375632000 151239 3812 173216 4257
1375624800 70025 2075 173216 4257
1375617600 73456 2166 341645 8037
1375610400 314752 7453 346174 8135
1375603200 180160 4473 348691 8271
1375596000 167396 4163 216209 5188
1375588800 106845 2884 177604 4371
1375581600 46993 1522 158999 3982
1375574400 174345 4291 270632 6434
1375567200 142874 3637 190544 4705
1375560000 144689 3672 200589 4883
1375552800 122523 3183 165710 4124
1375545600 48907 1642 53153 1753
1375538400 83432 2375 193753 4754
1375531200 109002 2906 212420 5123
1375524000 172567 4263 225626 5416
1375516800 193226 4765 299562 7081
1375509600 245197 5895 316962 7551
1375502400 165239 4121 216072 5232
1375495200 121940 3158 187580 4577
1375488000 68732 2055 139684 3485
1375480800 2 6197 3 78170
1375473600 13371 6405 67163 66741
1375466400 83803 2676 123445 3545
1375459200 96216 5666 247319 57693
1375452000 186163 4758 242605 6259
1375444800 221018 5338 270570 6433
1375437600 117605 3067 151033 3724
1375430400 120666 3098 192844 4640
1375423200 89547 2409 184216 4477
1375416000 134302 3387 192445 4814
1375408800 145779 3788 201600 4845
1375401600 161437 4090 205142 4977
1375394400 139732 3807 165648 4307
1375387200 135116 3787 156145 4462
1375380000 139214 3800 238019 5937
1375372800 212256 5407 253089 7376
1375365600 130602 3473 218874 5452
1375358400 150661 3753 252873 6006
1375351200 232365 5528 262264 6260
1375344000 178861 4374 239262 5699
1375336800 127158 3256 226313 5346
1375329600 159242 4018 216061 5250
1375322400 203622 4985 289029 6817
1375315200 183176 4641 262603 6330
1375308000 43404 1825 48770 3495
1375300800 45053 2463 50529 15763
1375293600 51065 1896 125925 3481
1375286400 93953 4732 129509 47944
1375279200 123239 3346 202830 4886
1375272000 164860 4048 218366 5144
1375264800 54724 1708 57501 1791
1375257600 57750 1770 67354 1981
1375250400 71896 2082 202520 4858
1375243200 201632 4855 231189 5513
1375236000 150624 3747 234021 5596
1375228800 131894 3416 184621 4594
1375221600 170664 4389 195956 4973
1375214400 155882 4555 198276 13798
1375207200 137500 5168 186733 36168
1375200000 137702 4005 208707 6832
1375192800 156878 5949 228114 40262
1375185600 156978 3973 197390 4858
1375178400 107934 2961 157146 4057
1375171200 120618 3220 167751 4268
1375164000 143063 3705 249945 6010
1375156800 190127 4713 261943 6351
1375149600 72528 2186 249369 6101
1375142400 90300 2633 226165 5619
1375135200 16541 1184 43235 1778
1375128000 13660 1205 15483 2489
1375120800 57643 2135 296216 7516
1375113600 264205 6732 307184 7763
1375106400 166628 4487 311867 7732
1375099200 160656 4075 280399 6631
1375092000 179890 4358 287729 6851
1375084800 103903 2786 290349 6960
1375077600 60931 1915 153873 3854
1375070400 80311 2290 145416 3699
1375063200 72927 2157 156426 3918
1375056000 59143 1874 85791 2465
1375048800 55979 1821 60756 1949
1375041600 43552 1559 72633 2185
1375034400 59166 1871 263483 6365
1375027200 236106 5824 282435 6734
1375020000 202212 4973 276796 6674
1375012800 145951 3745 275903 6690
1375005600 190978 4715 252559 6027
1374998400 208571 5124 252758 6204
1374991200 187193 4913 281889 9304
1374984000 73059 2109 243605 5764
1374976800 154884 3966 245204 6025
1374969600 191210 4720 263199 6300
1374962400 47764 1669 58451 1916
1374955200 56438 1840 68797 2122
1374948000 51904 1708 127743 3312
1374940800 85093 2394 155222 3898
1374933600 104951 2830 196147 4794
1374926400 121012 3184 288426 6772
1374919200 163725 4102 294335 6930
1374912000 181192 4513 312824 7397
1374904800 177728 4442 323206 7644
1374897600 123659 3233 323356 7581
1374890400 164507 4139 319510 7523
1374883200 88478 2505 168205 4339
1374876000 149041 3988 182500 4805
1374868800 157655 4239 190032 4879
1374861600 165573 4393 221273 5618
1374854400 127463 3568 215876 5449
1374847200 77161 2430 187121 4895
1374840000 193575 4648 311144 7225
1374832800 115358 3041 215683 5283
1374825600 170278 4244 301064 7079
1374818400 199047 5015 312618 7302
1374811200 124669 3243 245766 5838
1374804000 70014 2109 227975 5444
1374796800 36540 1464 67933 2203
1374789600 141151 3828 273695 6712
1374782400 88330 6649 232967 68504
1374775200 116352 3445 258863 6441
1374768000 140969 3936 221855 5982
1374760800 100976 2994 195717 4856
1374753600 159370 4025 310038 7403
1374746400 282167 6694 338118 7982
1374739200 134569 3519 324462 7638
1374732000 60013 1902 318714 7436
1374724800 203141 4969 324546 7595
1374717600 171352 4336 313750 7385
1374710400 163038 4221 226495 5554
1374703200 139321 3906 202528 5701
1374696000 76323 2530 202738 5333
1374688800 97198 3045 211025 5486
1374681600 49519 2111 64605 2390
1374674400 61454 2281 92904 2942
1374667200 93047 2624 240887 5771
1374660000 83416 2369 238067 5676
1374652800 210271 5095 267661 6338
1374645600 178819 4368 262671 6203
1374638400 169181 4234 269956 6386
1374631200 151592 3869 270034 6468
1374624000 125596 3415 274531 6585
1374616800 40385 1767 47945 2318
1374609600 38436 1714 46736 2072
1374602400 63618 2182 211955 5451
1374595200 175036 4639 245839 6142
1374588000 125167 3555 215025 5636
1374580800 95644 2653 205676 5055
1374573600 62598 1960 91461 2595
1374566400 196688 4870 301682 7139
1374559200 227135 5476 298398 7013
1374552000 222497 5357 266489 6311
1374544800 107763 3028 244913 5887
1374537600 112203 3162 297078 7571
1374530400 269117 9284 288967 54164
1374523200 258121 6937 291565 9086
1374516000 80843 2560 280111 7197
1374508800 140713 3996 167032 4609
1374501600 40419 1644 181038 4751
1374494400 98631 2629 177557 4322
1374487200 89487 2442 297287 7004
1374480000 160202 4109 296451 6968
1374472800 136958 3458 251555 5996
1374465600 171815 4216 223910 5353
1374458400 229931 5459 271779 6359
1374451200 204778 4937 255108 6094
1374444000 200927 4844 267927 6302
1374436800 232535 5481 279809 6616
1374429600 148435 3719 404087 9318
1374422400 370040 8593 423579 9935
1374415200 157921 3935 409685 9483
1374408000 163788 4047 273112 6456
1374400800 249857 5949 294559 7000
1374393600 183943 4469 296075 6974
1374386400 150155 3754 280785 6625
1374379200 209631 5069 319711 7531
1374372000 159448 4086 296807 6999
1374364800 200308 4831 334040 7806
1374357600 227003 5477 324008 7585
1374350400 256145 6132 334483 7824
1374343200 208050 5060 322138 7551
1374336000 240190 5781 293575 6981
1374328800 249916 5977 337355 7849
1374321600 109732 2887 302850 7114
1374314400 210500 5064 309838 7273
1374307200 241564 5760 306122 7161
1374300000 217348 5230 297405 6979
1374292800 146154 3724 250700 6020
1374285600 97711 2662 251675 6021
1374278400 70445 2110 201768 4935
1374271200 0 733 1 1207
1374264000 1 788 1 1616
1374256800 24385 1355 111156 3168
1374249600 47175 1947 51224 2265
1374242400 75264 2480 173481 4646
1374235200 84173 2336 225655 5311
1374228000 125969 3201 260405 6103
1374220800 124576 3338 306600 7247
1374213600 155243 3907 321251 7498
1374206400 37738 1340 138950 3536
1374199200 83068 2320 210443 5095
1374192000 79321 2357 209307 5530
1374184800 205121 5352 217466 5668
1374177600 252807 6627 324469 9822
1374170400 251733 9104 323696 68740
1374163200 163509 4605 273958 6946
1374156000 83742 2708 265802 7056
1374148800 83358 2363 344756 8098
1374141600 314659 7480 353968 8304
1374134400 265790 6354 333116 7766
1374127200 218910 5259 327958 7661
1374120000 141935 3613 174387 4308
1374112800 88796 2434 170208 4175
1374105600 141660 3770 251355 6411
1374098400 210213 5704 259804 7841
1374091200 67983 3727 73712 12463
1374084000 92296 3024 224066 5860
1374076800 98071 3221 219153 5828
1374069600 208631 5543 290773 7373
1374062400 163888 4179 299642 7119
1374055200 68608 2073 73483 2216
1374048000 139275 3611 239377 5670
1374040800 172632 4247 248570 5960
1374033600 171320 4219 251150 5923
1374026400 129677 3359 244867 5947
1374019200 93678 2682 250013 6160
1374012000 51691 2074 60021 2717
1374004800 49503 2087 55067 3609
1373997600 58785 2119 161059 4506
1373990400 87840 2781 219287 5754
1373983200 181370 4408 295800 7052
1373976000 188369 4514 292428 6900
1373968800 171213 4195 211676 5068
1373961600 156924 3920 196756 4788
1373954400 158149 3972 205342 5059
1373947200 198576 4991 274017 6585
1373940000 155492 3926 262031 6294
1373932800 99718 2812 251488 6766
1373925600 204255 7486 251488 40710
1373918400 191303 4945 228729 5794
1373911200 181426 4746 254703 6437
1373904000 100208 3008 211984 5431
1373896800 89110 2717 229099 5874
1373889600 117742 3014 290284 6787
1373882400 239048 5636 296850 6886
1373875200 150955 3736 271401 6330
1373868000 150122 3784 276964 6557
1373860800 244751 5836 276918 6579
1373853600 127566 3260 274190 6480
1373846400 67128 1912 144962 3615
1373839200 17066 798 237055 5615
1373832000 245616 5768 296407 6917
1373824800 223520 5315 282628 6583
1373817600 143981 3598 199164 4791
1373810400 145388 3557 204661 4923
1373803200 123511 3120 168286 4108
1373796000 50186 1602 55809 1736
1373788800 259115 6287 418844 9849
1373781600 321573 7616 426970 10085
1373774400 215456 9450 297844 104192
1373767200 142087 3561 261021 6149
1373760000 138369 3486 330590 7647
1373752800 321771 7497 359280 8435
1373745600 326203 7645 369904 8683
1373738400 283468 6720 344225 8025
1373731200 260719 6194 306334 7215
1373724000 119896 3119 288156 6814
1373716800 55531 1706 111370 2947
1373709600 181216 4505 353725 8262
1373702400 279099 6718 370581 8661
1373695200 296007 7075 395887 9335
1373688000 31841 1170 61456 1829
1373680800 238538 5753 410208 9571
1373673600 307229 7454 407133 9603
1373666400 157515 4273 176599 4775
1373659200 159954 4367 194567 4983
1373652000 154400 4184 220308 5839
1373644800 235676 6025 296732 7510
1373637600 134255 3668 293625 7389
1373630400 150462 3739 296162 6911
1373623200 243272 5770 269802 6803
1373616000 109500 2964 267981 6234
1373608800 81834 2294 145949 3712
1373601600 48670 1604 55393 1761
1373594400 122860 3193 198882 4810
1373587200 124817 5717 190968 59421
1373580000 18384 1253 228162 5945
1373572800 207190 5499 267076 6780
1373565600 148262 4110 246966 6293
1373558400 61628 2252 73049 2560
1373551200 147741 4051 238324 5950
1373544000 140866 3615 416413 10040
1373536800 402682 9868 449373 11110
1373529600 327301 7701 428400 10275
1373522400 201679 4845 338453 7870
1373515200 53823 1677 62188 1866
1373508000 96356 2701 242971 5969
1373500800 89980 4499 214228 47533
1373493600 87429 6244 178168 45261
1373486400 121224 8277 182326 47898
1373479200 127468 3709 194526 5464
1373472000 57102 2298 97570 3105
1373464800 90742 2846 249631 6013
1373457600 178599 4406 302315 7112
1373450400 241940 5760 312725 7278
1373443200 113387 2966 293160 6878
1373436000 44072 1464 60946 1839
1373428800 48400 1563 59211 1812
1373421600 90210 2464 142061 3562
1373414400 53031 1806 82958 2347
1373407200 47969 2017 52509 2238
1373400000 49249 3435 58118 36187
1373392800 45733 1975 73042 2621
1373385600 67662 2409 95110 3057
1373378400 101087 2968 185767 4828
1373371200 117412 3046 182146 4425
1373364000 50704 1624 57397 1790
1373356800 133908 3423 237559 5630
1373349600 179885 4356 275564 6399
1373342400 221411 5216 275564 6399
1373335200 163127 4016 242017 5705
1373328000 93525 2716 152300 4151
1373320800 1 698 1 861
1373313600 7780 954 48917 2570
1373306400 48907 1955 132901 3781
1373299200 86611 2792 129554 3770
1373292000 82712 2579 126938 3755
1373284800 122652 3150 284111 6696
1373277600 179930 4430 305341 7261
1373270400 219852 5246 282759 6640
1373263200 227325 5394 290074 6786
1373256000 244674 5802 316746 7361
1373248800 163458 4012 295830 6874
1373241600 151322 3753 264426 6197
1373234400 67930 1986 76958 2196
1373227200 68038 1991 82840 2311
1373220000 65226 1936 77351 2143
1373212800 101535 2673 226034 5380
1373205600 221727 5293 298171 6999
1373198400 151003 3763 274078 6428
1373191200 169557 4173 201756 4841
1373184000 143839 3599 198140 4767
1373176800 131258 3321 179320 4385
1373169600 68821 2001 81473 2268
1373162400 144525 3605 234773 5524
1373155200 174113 4246 244670 5844
1373148000 163196 4016 206732 5031
1373140800 112990 2919 184892 4497
1373133600 135876 3430 189217 4571
1373126400 137173 3460 177132 4348
1373119200 125502 3199 176857 4287
1373112000 118608 3040 170369 4153
1373104800 149242 3711 175236 4284
1373097600 103973 2757 166438 4070
1373090400 77609 2178 94438 2549
1373083200 59728 1815 62954 1887
1373076000 100594 2672 198813 4832
1373068800 148654 3706 197256 4773
1373061600 54082 1710 65054 1936
1373054400 54791 1711 63032 1906
1373047200 52528 1654 66166 1955
1373040000 106364 2826 189089 4563
1373032800 148067 3695 201536 4883
1373025600 166623 4113 219334 5226
1373018400 168037 4129 192472 4682
1373011200 93706 2551 196744 4779
1373004000 80698 2256 248617 5855
1372996800 139792 3499 248617 5855
1372989600 135806 3423 206744 4897
1372982400 125898 3244 196186 4770
1372975200 67192 1980 79887 2248
1372968000 71463 2052 88464 2508
1372960800 70522 2047 111319 2903
1372953600 93251 2511 127279 3256
1372946400 164384 4055 252262 5985
1372939200 208267 4985 242872 5741
1372932000 187790 4530 217032 5121
1372924800 94194 2571 205600 4912
1372917600 51478 1636 56907 1785
1372910400 42144 1423 56715 1767
1372903200 64840 1899 88329 2422
1372896000 121272 3117 272845 6480
1372888800 70620 1995 238772 5768
1372881600 154125 4799 229523 22048
1372874400 170706 4905 243574 17316
1372867200 119978 3366 189847 4864
1372860000 175210 4538 230769 5697
1372852800 112327 2916 197347 4813
1372845600 153063 3784 207753 5012
1372838400 91888 2492 197126 4749
1372831200 72063 2064 192196 4593
1372824000 132259 3318 194255 4631
1372816800 170115 4158 213605 5114
1372809600 114590 3042 190122 4765
1372802400 112523 3275 150100 4060
1372795200 109628 3301 158538 4330
1372788000 52442 1962 109628 3199
1372780800 27584 2073 294084 20236
1372773600 1 712 2 1104
1372766400 1 485 2 519
1372759200 1 489 2 529
1372752000 1 485 2 517
1372744800 1 486 2 532
1372737600 1 484 2 532
1372730400 1 463 3 536
1372723200 1 543 2 1611
1372716000 1 705 2 852
1372708800 1 743 2 933
1372701600 1 754 2 943
1372694400 0 801 2 1050
1372687200 1 750 2 1027
1372680000 1 506 1 897
1372672800 1 426 1 476
1372665600 1 426 1 460
1372658400 1 428 1 490
1372651200 1 449 1 835
1372644000 1 429 1 477
1372636800 1 428 1 463
1372629600 1 428 1 476
1372622400 1 426 1 475
1372615200 1 430 1 476
1372608000 1 430 1 479
1372600800 1 428 1 474
1372593600 1 428 1 494
1372586400 1 427 1 474
1372579200 1 426 1 479
1372572000 1 426 1 463
1372564800 1 427 1 468
1372557600 1 425 1 458
1372550400 1 423 1 484
1372543200 1 420 1 461
1372536000 1 425 1 471
1372528800 1 422 1 464
1372521600 1 427 1 486
1372514400 1 423 1 464
1372507200 1 424 1 469
1372500000 1 422 1 488
1372492800 1 422 1 455
1372485600 1 422 1 464
1372478400 1 430 1 461
1372471200 1 456 1 574
1372464000 1 600 2 845
1372456800 1 842 2 1066
1372449600 1 905 2 1330
1372442400 1 893 2 1653
1372435200 0 889 2 992
1372428000 0 805 2 1006
1372420800 1 530 3 660
1372413600 1 495 1 543
1372406400 1 498 1 564
1372399200 1 500 1 547
1372392000 1 501 1 551
1372384800 1 519 1 614
1372377600 1 602 2 763
1372370400 1 783 2 1054
1372363200 1 848 2 1039
1372356000 1 899 2 1672
1372348800 0 3510 2 63610
1372341600 0 691 1 1003
1372334400 0 2794 1 56629
1372327200 0 578 1 1261
1372320000 0 1476 1 24033
1372312800 0 472 1 874
1372305600 0 3912 1 39543
1372298400 0 2425 1 47599
1372291200 0 587 1 958
1372284000 0 911 1 1288
1372276800 0 959 1 1155
1372269600 0 961 1 1135
1372262400 0 960 1 1502
1372255200 0 798 2 1267
1372248000 0 521 1 571
1372240800 0 520 1 570
1372233600 0 517 1 562
1372226400 0 524 1 599
1372219200 0 521 1 572
1372204800 0 660 2 1267
1372118400 0 1029 2 52658
1372032000 0 688 1 50910
1371945600 0 506 1 585
1371859200 0 840 2 46207
1371772800 1 818 2 44112
1371686400 0 923 2 60435
1371600000 1 992 2 73675
1371513600 82037 2443 367563 8331
1371427200 106289 2860 252309 5945
1371340800 123575 3187 288802 6682
1371254400 133718 3571 450329 10855
1371168000 101033 2817 255532 6260
1371081600 101089 2715 309331 6767
1370995200 109509 2946 213656 5372
1370908800 97226 2762 247832 5834
1370822400 125267 3162 276047 6356
1370736000 113069 2893 380306 8804
1370649600 98917 2721 289979 6154
1370563200 133808 3480 260980 6205
1370476800 120579 3245 386500 9069
1370390400 113239 3081 276903 6397
1370304000 163581 4145 423069 9937
1370217600 125805 3162 245308 5707
1370131200 84250 2366 241003 5777
1370044800 111188 3141 377851 9234
1369958400 119916 3228 318639 7594
1369872000 149211 3898 382693 9990
1369785600 148331 3827 373392 8821
1369699200 130197 3281 445156 9913
1369612800 125189 3159 310984 7177
1369526400 102839 2625 305974 6305
1369440000 166517 3936 339607 7663
1369353600 122071 3239 402148 9331
1369267200 132803 3519 402148 9331
1369180800 113637 3090 360191 8315
1369094400 124895 3265 246863 6617
1369008000 116012 2881 270713 5796
1368921600 94620 2491 261328 6062
1368835200 144981 3676 326923 7500
1368748800 103722 2840 245823 6051
1368662400 69745 2308 219371 32086
1368576000 71749 2185 219371 5104
1368489600 76630 2266 219682 5088
1368403200 100136 2561 272504 6232
1368316800 123753 2962 259465 5435
1368230400 122377 3182 252230 5746
1368144000 136864 17489 261007 209736
1368057600 110437 3057 238568 5854
1367971200 128615 3458 377137 8834
1367884800 88542 2623 220243 8500
1367798400 122213 3090 276195 6418
1367712000 127100 3194 264754 6125
1367625600 88035 2605 296574 6831
1367539200 95385 2753 308071 7288
1367452800 115971 3226 354155 8134
1367366400 135645 3463 273874 6003
1367280000 109706 3203 427505 10990
1367193600 113495 2924 279995 6020
1367107200 74792 2139 207016 5006
1367020800 131809 3460 265353 6234
1366934400 91605 2611 246423 5684
1366848000 138266 3515 274603 5949
1366761600 133720 3498 295920 6942
1366675200 75365 2301 195007 4552
1366588800 146839 3481 344837 8000
1366502400 133976 3211 304948 6950
1366416000 211981 4641 380718 7975
1366329600 92255 2431 368216 7681
1366243200 199988 4526 381320 8411
1366156800 19724 1115 239588 5592
1366070400 1 665 12 1247
1365984000 1 504 2 661
1365897600 1 499 1 596
1365811200 1 692 2 1935
1365724800 1 683 2 1171
1365638400 1 699 2 1257
1365552000 1 682 2 1263
1365465600 96116 2838 160669 4391
1365379200 105655 2742 173601 4092
1365292800 107639 2784 161894 3928
1365206400 97862 2777 154220 3967
1365120000 102476 2897 134638 3652
1365033600 65328 2140 156097 4335
1364947200 76000 2410 154091 3999
1364860800 39666 1509 169106 4104
1364774400 1 527 3 610
1364688000 4008 596 45048 1245
1364601600 347805 9560 472082 14186
1364515200 421773 11660 465828 13017
1364428800 429724 11856 473941 13158
1364342400 322885 8964 463111 12985
1364256000 364588 9911 460099 12783
1364169600 432747 11517 450275 11873
1364083200 404112 10860 477760 13533
1363996800 349592 9962 474743 13468
1363910400 424416 11462 475425 13467
1363824000 420630 11361 476717 13297
1363737600 385619 10883 470086 14104
1363651200 420642 11326 542077 14156
1363564800 436669 11244 450443 11875
1363478400 427154 11333 444436 11973
1363392000 435802 12257 474794 13983
1363305600 433323 12167 479229 13608
1363219200 417808 11504 441227 13141
1363132800 419262 11552 451502 16029
1363046400 428247 12034 467991 23655
1362960000 460943 12824 473347 13285
1362873600 369184 10299 466839 13385
1362787200 420772 11881 462925 14551
1362700800 425610 12202 494965 16815
1362614400 375077 10582 425491 12227
1362528000 353420 9972 454811 36066
1362441600 416472 11240 454758 12471
1362355200 414844 11163 441139 11749
1362268800 417502 11349 463563 13173
1362182400 418493 11588 463080 29395
1362096000 406374 11786 465271 66310
1362009600 326807 9325 450621 15740
1361923200 404827 11455 466869 22406
1361836800 138397 4476 407081 18566
1361750400 86699 2668 426671 11579
1361664000 424346 11318 465635 12915
1361577600 414863 11424 459639 12766
1361491200 401284 11044 430553 12713
1361404800 401130 11267 433723 18843
1361318400 415018 11561 464417 18255
1361232000 400432 10928 430478 11628
1361145600 423490 11153 454097 11660
1361059200 408069 10963 439045 11638
1360972800 395696 11255 464187 54485
1360886400 363032 10182 456991 16505
1360800000 354213 9931 448542 12281
1360713600 395218 11048 465099 22505
1360627200 394539 10988 445983 12396
1360540800 368285 9751 468174 13139
1360454400 389607 10561 429571 13722
1360368000 364438 10191 439993 12207
1360281600 414021 11372 455162 20730
1360195200 400810 11228 460232 19296
1360108800 394670 11098 425810 32100
1360022400 405729 11257 461397 13696
1359936000 318186 8738 426235 11603
1359849600 160092 4586 426021 11583
1359763200 369196 10396 428110 17787
1359676800 405136 11433 435080 71946
1359590400 325824 9186 506714 20124
1359504000 269687 7914 443017 30061
1359417600 416533 11590 466008 17556
1359331200 411998 11000 458922 12551
1359244800 415735 11386 467447 13359
1359158400 402358 11265 788000 21943
1359072000 398822 11215 429532 24197
1358985600 426730 11825 478154 13648
1358899200 372339 9964 456685 12316
1358812800 428247 11814 462890 13296
1358726400 436870 11697 465455 13232
1358640000 439513 11535 497755 12843
1358553600 441926 12192 493814 13778
1358467200 333703 9348 466346 13221
1358380800 403760 11084 500356 14347
1358294400 415665 11050 463367 38574
1358208000 199146 5870 451228 23315
1358121600 427649 11169 455553 11810
1358035200 431083 11228 474987 12766
1357948800 423742 11309 453541 12694
1357862400 417523 11112 491694 12720
1357776000 425275 11573 466095 12871
1357689600 362070 9992 459190 12670
1357603200 429986 11936 467386 13252
1357516800 425931 11705 472788 13261
1357430400 451086 12328 489434 13433
1357344000 423046 11486 463120 13306
1357257600 432875 11733 463322 13000
1357171200 434292 11873 478797 33367
1357084800 437506 11631 474290 13143
1356998400 438650 11758 486831 14722
1356912000 437800 11368 466606 13138
1356825600 431248 11109 458308 12521
1356739200 428987 11722 465583 13259
1356652800 425511 11503 495039 13319
1356566400 419200 11036 454702 14040
1356480000 425124 11419 463692 13100
1356393600 419085 10908 454350 11699
1356307200 449362 11615 464852 13109
1356220800 344382 9177 489222 13499
1356134400 360066 9999 463478 13213
1356048000 419601 11234 504956 13999
1355961600 412525 11079 451545 12679
1355875200 430631 11843 462588 13080
1355788800 431196 11631 485890 13080
1355702400 345059 9655 462615 13225
1355616000 313736 8440 461558 13253
1355529600 420167 11386 454630 12996
1355443200 409624 10940 454601 13200
1355356800 375034 10180 495301 13564
1355270400 255898 6868 456219 12366
1355184000 414401 11261 458258 12808
1355097600 432377 11130 453632 11792
1355011200 418542 11173 463928 13148
1354924800 442480 12112 487277 14134
1354838400 420636 11498 481863 13353
1354752000 419300 11254 450561 12489
1354665600 412647 11086 454348 14096
1354579200 424636 11320 459527 12687
1354492800 442930 11727 464407 13041
1354406400 425841 10009 459820 12925
1354320000 425788 9863 506268 13465
1354233600 413385 11430 487124 13584
1354147200 434144 11587 457371 12422
1354060800 438026 11762 461159 12636
1353974400 429368 11458 481782 12954
1353888000 441890 11238 453739 12083
1353801600 346727 9043 458500 12662
1353715200 326859 8618 445892 11597
1353628800 123354 3487 458616 12401
1353542400 435831 11399 480437 13173
1353456000 342738 9398 460388 12960
1353369600 61647 2059 441917 11570
1353283200 185294 4876 442208 11548
1353196800 343025 8900 453847 11561
1353110400 350156 9313 452875 12069
1353024000 431560 11493 458795 12816
1352937600 443916 12258 486728 13577
1352851200 425748 11725 465577 13326
1352764800 414983 11117 456043 12678
1352678400 435131 11253 457121 12100
1352592000 422872 10946 452393 11637
1352505600 434580 12022 480500 13395
1352419200 419046 11281 449372 12302
1352332800 424114 11344 488359 13184
1352246400 408561 11078 451920 12186
1352160000 414414 11257 445616 12088
1352073600 428896 11096 456531 12510
1351987200 417404 10991 452568 11769
1351900800 418178 11280 463423 12708
1351814400 420877 11308 449361 12858
1351728000 339738 9080 477710 13300
1351641600 208121 5968 478428 13371
1351555200 434702 11410 478228 13391
1351468800 427538 11183 448119 11728
1351382400 415513 10926 451228 11718
1351296000 417749 11358 468587 13088
1351209600 338654 9342 439900 12238
1351123200 154345 4311 442326 11596
1351036800 413021 11189 440906 12205
1350950400 406545 10980 449294 12238
1350864000 412273 10816 442988 11961
1350777600 425070 11180 442117 11722
1350691200 410326 11107 510529 13707
1350604800 419581 11618 469011 13371
1350518400 431903 12128 483924 16739
1350432000 419594 11374 448453 12193
1350345600 416838 11221 447803 12214
1350259200 433145 11065 449647 11700
1350172800 415569 10952 443882 11700
1350086400 335540 9355 474802 13315
1350000000 220345 6232 441998 11764
1349913600 420067 11273 447437 11808
1349827200 418657 11189 444612 11900
1349740800 380492 10018 473502 12821
1349654400 416723 10875 438271 11594
1349568000 420761 10904 446131 11613
1349481600 348943 9628 468249 13117
1349395200 260955 7372 453885 22066
1349308800 412737 11359 472761 13406
1349222400 419338 11368 471518 13369
1349136000 344284 9641 476233 13713
1349049600 266605 7630 468882 13407
1348963200 411199 11235 464542 13177
1348876800 304272 8608 442997 12408
1348790400 340250 9466 444921 12382
1348704000 171541 4942 443415 11774
1348617600 375272 10178 439936 12275
1348531200 23242 1177 281343 6348
1348444800 0 491 0 602
1348358400 0 547 0 645
1348272000 0 728 0 1195
1348185600 0 754 0 1792
1348099200 0 711 0 1734
1348012800 0 663 0 1096
1347926400 0 632 0 1111
1347840000 0 520 0 614
1347753600 0 522 0 593
1347667200 0 659 0 1600
1347580800 296820 8315 466915 13351
1347494400 408366 11328 456374 12563
1347408000 401343 11054 450028 12628
1347321600 412831 11255 440259 11924
1347235200 432410 11427 438497 11701
1347148800 424923 11201 443684 11707
1347062400 350683 9610 467439 13012
1346976000 74658 2507 443768 11658
1346889600 414868 11292 444278 41531
1346803200 345314 9416 459879 12811
1346716800 209490 5708 439866 11660
1346630400 421793 11038 441576 11675
1346544000 426460 11229 445403 11750
1346457600 408228 11064 444582 12057
1346371200 414908 11262 445436 12333
1346284800 391473 10462 445370 11782
1346198400 403983 10946 439476 11896
1346112000 338451 9229 440645 12274
1346025600 142733 4001 440876 11603
1345939200 414947 10993 460812 12742
1345852800 413343 11210 437691 17527
1345766400 340023 9436 439053 11858
1345680000 176725 5187 436395 11839
1345593600 339884 9530 463060 13010
1345507200 68520 2356 436872 14098
1345420800 97618 2946 439903 11663
1345334400 421048 11251 450831 11654
1345248000 413151 11209 457171 12515
1345161600 332877 9252 439080 12198
1345075200 346973 9813 434339 27659
1344988800 408706 11311 435220 11959
1344902400 402233 11115 440509 11753
1344816000 418545 11085 428552 11555
1344729600 417845 11033 462172 12767
1344643200 392497 11086 441978 12124
1344556800 381217 11078 419461 11890
1344470400 388543 11157 436663 11809
1344384000 389154 11149 418093 11670
1344297600 324652 9527 421139 12186
1344211200 188094 5461 413841 11597
1344124800 394785 10898 432290 11627
1344038400 388810 11041 425773 11790
1343952000 387568 11127 419444 11755
1343865600 383310 11039 421649 11854
1343779200 392290 11385 436825 12013
1343692800 385226 11198 414071 11999
1343606400 410031 11135 416649 11512
1343520000 401213 11139 435994 11643
1343433600 385642 11520 417221 61076
1343347200 380891 11064 418907 11929
1343260800 379731 10863 416646 11700
1343174400 358747 10552 415635 12113
1343088000 316100 9338 418651 12106
1343001600 129164 3903 416373 11624
1342915200 418004 11244 446743 11830
1342828800 301316 8720 436136 11744
1342742400 211609 6362 417611 12032
1342656000 384438 11105 418728 12369
1342569600 383498 10897 419765 11593
1342483200 388042 11375 412441 12074
1342396800 408329 11158 418382 11528
1342310400 397962 10865 417850 11784
1342224000 373566 10918 412029 11987
1342137600 378334 11049 412100 12394
1342051200 379934 11176 410842 12680
1341964800 310157 9219 410829 12092
1341878400 256056 7659 409702 12332
1341792000 81815 2659 413436 11656
1341705600 398537 11107 418909 11645
1341619200 377699 10803 410094 11789
1341532800 381719 10977 407086 11812
1341446400 389004 11091 408130 11416
1341360000 391076 11286 438774 11972
1341273600 386685 11206 412625 11886
1341187200 329896 9057 411859 11199
1341100800 180058 5183 409936 11602
1341014400 318146 9564 411809 19191
1340928000 52285 2863 407407 64938
1340841600 362882 11025 411334 73667
1340755200 383551 11037 413039 16255
1340668800 382855 11091 409442 16864
1340582400 396799 10705 413164 22590
1340496000 385546 10726 415015 11601
1340409600 379941 11135 405579 14021
1340323200 307119 8834 408781 11972
1340236800 204326 6042 407285 22004
1340150400 382692 11129 410308 13641
1340064000 388941 11583 413794 26069
1339977600 396244 10982 416982 22438
1339891200 394860 10899 419335 11609
1339804800 378756 10727 487487 13227
1339718400 375398 10965 410392 25714
1339632000 377439 11197 411097 34540
1339545600 378602 10945 404750 19318
1339459200 307599 8891 408550 11841
1339372800 56722 1944 412923 11209
1339286400 353456 9548 416256 11490
1339200000 375150 10326 407599 20645
1339113600 371980 10107 406445 11173
1339027200 374714 10238 408407 10923
1338940800 377136 10295 414507 11716
1338854400 369908 10109 404679 13327
1338768000 210696 5655 409828 11217
1338681600 391252 10717 412861 11301
1338595200 375101 10553 415019 11691
1338508800 381132 10956 416229 21708
1338422400 374523 10741 512649 18373
1338336000 290970 8198 385097 15747
1338249600 180796 5375 389867 11189
1338163200 384681 10909 393730 11292
1338076800 369503 10434 393473 11197
1337990400 356111 9930 389431 23239
1337904000 360835 10230 385379 20366
1337817600 353572 16493 386264 594309
1337731200 356465 18143 386969 768329
1337644800 294093 8420 386953 15568
1337558400 77467 2633 388909 11281
1337472000 363575 10195 395079 30341
1337385600 353443 10463 406904 47313
1337299200 351292 9941 386158 24161
1337212800 353585 10007 386858 11410
1337126400 361167 10203 388966 11573
1337040000 295092 8293 389518 11170
1336953600 138485 4235 390553 11175
1336867200 371781 10458 392899 11249
1336780800 358444 10024 386511 11190
1336694400 353776 9694 386066 11164
1336608000 357261 9914 389394 11184
1336521600 356827 9923 386953 11091
1336435200 356554 10299 386605 86816
1336348800 384134 10790 395854 24977
1336262400 374052 10367 391273 11189
1336176000 361192 10000 389093 11870
1336089600 357809 30069 386940 150887
1336003200 355330 43250 387921 1355831
1335916800 360032 16510 388025 181157
1335830400 355529 10101 389538 41323
1335744000 309700 8773 393600 11117
1335657600 170139 5125 386665 11303
1335571200 346313 9690 387521 11354
1335484800 290118 8148 390264 11194
1335398400 100207 3345 387113 11169
1335312000 359036 10168 389454 11349
1335225600 294357 8357 389656 11333
1335139200 118398 3742 387159 11327
1335052800 368977 10501 393576 11365
1334966400 349241 9761 389116 11253
1334880000 358193 9842 387963 11025
1334793600 356323 10511 387901 222289
1334707200 288799 7912 387877 11051
1334620800 242441 7006 386941 11066
1334534400 375595 10540 396604 11053
1334448000 374397 10446 394765 11101
1334361600 354975 9652 390500 11204
1334275200 116820 3239 363501 22894
1334188800 0 0 0 0
1334102400 7 134 36 581
1334016000 87 255 7192 7368
1333929600 10 177 12 193
1333843200 10 176 12 196
1333756800 20 188 1983 2144
1333670400 16 183 649 811
1333584000 44 212 4765 4942
1333497600 46 213 4760 4920
1333411200 57 225 4840 5000
1333324800 10 176 12 190
1333238400 10 176 12 188
1333152000 141 309 10080 10228
1333065600 412 577 10976 11123
1332979200 95 253 8169 8337
1332892800 114 269 9419 9586
1332806400 167 306 10937 11086
1332720000 9 149 12 160
1332633600 9 149 12 159
1332547200 192 333 10941 11062
1332460800 243 384 10977 11097
1332374400 109 249 8228 8367
1332288000 198 338 10901 11019
1332201600 560 699 10977 11091
1332115200 10 149 12 163
1332028800 10 148 11 167
1331942400 27 167 3467 3609
1331856000 110 251 5946 6068
1331769600 220 359 10941 11064
1331683200 286 425 10940 11056
1331596800 169 309 10023 10173
1331510400 10 149 12 162
1331424000 10 149 11 161
1331337600 42 181 2428 2573
1331251200 119 259 8922 9043
1331164800 56 195 4407 4545
1331078400 249 389 10573 10703
1330992000 92 231 9576 9709
1330905600 10 149 12 163
1330819200 10 150 12 163
1330732800 133 274 10977 11096
1330646400 93 235 10976 11100
1330560000 90 231 8497 8639
1330473600 181 323 10942 11063
1330387200 147 289 9935 10068
1330300800 10 151 12 169
1330214400 10 150 12 165
1330128000 52 193 5479 5623
1330041600 108 248 10938 11083
1329955200 59 201 4539 4688
1329868800 92 233 9818 9955
1329782400 10 149 18 164
1329696000 10 151 12 165
1329609600 10 150 12 164
1329523200 10 151 12 164
1329436800 97 240 5342 5483
1329350400 127 269 5526 5655
1329264000 85 226 8447 8584
1329177600 92 235 7786 7927
1329091200 23 165 27 179
1329004800 23 166 26 182
1328918400 45 188 5731 5868
1328832000 73 214 9696 9818
1328745600 517 656 10976 11097
1328659200 25 166 2144 2294
1328572800 158 302 10853 10978
1328486400 23 166 26 179
1328400000 22 165 26 177
1328313600 115 258 5392 5526
1328227200 38 182 4098 4241
1328140800 131 274 10976 11097
1328054400 61 204 10954 11081
1327968000 33 177 3978 4115
1327881600 23 167 26 180
1327795200 23 167 26 183
1327708800 71 214 7319 7467
1327622400 77 219 5908 6056
1327536000 161 304 10976 11097
1327449600 95 240 10976 11103
1327363200 11 155 600 558
1327276800 10 152 12 168
1327190400 10 153 12 168
1327104000 67 210 8426 8558
1327017600 143 287 8747 8886
1326931200 138 281 10940 11065
1326844800 15 157 601 754
1326758400 10 152 12 188
1326672000 10 152 12 168
1326585600 10 152 12 168
1326499200 46 190 2487 2630
1326412800 190 333 9909 10041
1326326400 18 163 54 427
1326240000 134 277 8101 8231
1326153600 15 158 1288 1432
1326067200 10 152 12 165
1325980800 10 152 12 166
1325894400 19 163 1708 1851
1325808000 137 280 10939 11060
1325721600 91 233 10939 11081
1325635200 38 183 3113 3268
1325548800 23 167 30 201
1325462400 22 167 26 236
1325376000 22 167 26 180
1325289600 34 179 3855 3995
1325203200 107 252 6645 6777
1325116800 101 244 7593 7728
1325030400 112 254 10939 11055
1324944000 7 130 481 1062
1324857600 10 152 12 166
1324771200 10 152 12 165
1324684800 10 152 12 165
1324598400 145 287 10941 11061
1324512000 51 193 5448 5576
1324425600 109 252 6256 6384
1324339200 116 260 5783 5909
1324252800 10 152 12 165
1324166400 10 152 12 222
1324080000 228 373 10050 10202
1323993600 208 351 10940 11084
1323907200 151 292 10938 11068
1323820800 167 311 7736 7863
1323734400 165 307 9583 9740
1323648000 10 150 12 161
1323561600 10 150 12 162
1323475200 201 342 10775 10924
1323388800 111 252 7732 7866
1323302400 80 222 8983 9106
1323216000 113 254 8596 8714
1323129600 26 167 3817 3957
1323043200 10 150 12 164
1322956800 10 150 18 164
1322870400 89 230 10939 11059
1322784000 193 333 10975 11099
1322697600 24 165 2162 2305
1322611200 316 456 10941 11062
1322524800 32 173 3688 3824
1322438400 9 150 12 162
1322352000 10 150 12 182
1322265600 10 150 12 164
1322179200 10 150 16 163
1322092800 129 270 10939 11059
1322006400 184 324 8720 8848
1321920000 72 215 4717 4847
1321833600 10 150 12 163
1321747200 32 172 5075 5215
1321660800 46 187 6609 6733
1321574400 61 201 9269 9400
1321488000 127 268 10939 11081
1321401600 210 350 10976 11095
1321315200 12 152 1118 1269
1321228800 10 150 12 161
1321142400 10 150 12 161
1321056000 87 228 9535 9672
1320969600 101 242 10966 11086
1320883200 15 155 1585 1732
1320796800 10 150 19 198
1320710400 10 150 16 162
1320624000 10 150 12 163
1320537600 10 150 12 163
1320451200 10 150 19 176
1320364800 1 38 56 213
1320278400 0 0 0 0
1320192000 0 0 0 0
1320105600 0 0 0 0
1320019200 0 0 0 0
1319932800 0 0 0 0
1319846400 0 0 0 0
1319760000 0 0 0 0
1319673600 0 0 0 0
1319587200 0 0 0 0
1319500800 0 0 0 0
1319414400 0 0 0 0
1319328000 0 0 0 0
1319241600 0 0 0 0
1319155200 0 0 0 0
1319068800 0 0 0 0
1318982400 0 0 0 0
1318896000 0 0 0 0
1318809600 0 0 0 0
1318723200 0 0 0 0
1318636800 0 0 0 0
1318550400 0 0 0 0
1318464000 0 0 0 0
1318377600 0 0 0 0
1318291200 0 0 0 0
1318204800 0 0 0 0
1318118400 0 0 0 0
1318032000 0 0 0 0
1317945600 0 0 0 0
1317859200 0 0 0 0
1317772800 0 0 0 0
1317686400 0 0 0 0
1317600000 0 0 0 0
1317513600 0 0 0 0
1317427200 0 0 0 0
1317340800 0 0 0 0
1317254400 0 0 0 0
1317168000 0 0 0 0
1317081600 0 0 0 0
1316995200 0 0 0 0
1316908800 0 0 0 0
1316822400 0 0 0 0
1316736000 0 0 0 0
1316649600 0 0 0 0
1316563200 0 0 0 0
1316476800 0 0 0 0
1316390400 0 0 0 0
1316304000 0 0 0 0
1316217600 0 0 0 0
1316131200 0 0 0 0
1316044800 0 0 0 0
1315958400 0 0 0 0
1315872000 0 0 0 0
1315785600 0 0 0 0
1315699200 0 0 0 0
1315612800 0 0 0 0
1315526400 0 0 0 0
1315440000 0 0 0 0
1315353600 0 0 0 0
1315267200 0 0 0 0
1315180800 0 0 0 0
1315094400 0 0 0 0
1315008000 0 0 0 0
1314921600 0 0 0 0
1314835200 0 0 0 0
1314748800 0 0 0 0
1314662400 0 0 0 0
1314576000 0 0 0 0
1314489600 0 0 0 0
1314403200 0 0 0 0
1314316800 0 0 0 0
1314230400 0 0 0 0
1314144000 0 0 0 0
1314057600 0 0 0 0
1313971200 0 0 0 0
1313884800 0 0 0 0
1313798400 0 0 0 0
1313712000 0 0 0 0
1313625600 0 0 0 0
1313539200 0 0 0 0
1313452800 0 0 0 0
1313366400 0 0 0 0
1313280000 0 0 0 0
1313193600 0 0 0 0
1313107200 0 0 0 0
1313020800 0 0 0 0
1312934400 0 0 0 0
1312848000 0 0 0 0
1312761600 0 0 0 0
1312675200 0 0 0 0
1312588800 0 0 0 0
1312502400 0 0 0 0
1312416000 0 0 0 0
1312329600 0 0 0 0
1312243200 0 0 0 0
1312156800 0 0 0 0
1312070400 0 0 0 0
1311984000 0 0 0 0
1311897600 0 0 0 0
1311811200 0 0 0 0
1311724800 0 0 0 0
1311638400 0 0 0 0
1311552000 0 0 0 0
1311465600 0 0 0 0
1311379200 0 0 0 0
1311292800 0 0 0 0
1311206400 0 0 0 0
1311120000 0 0 0 0
1311033600 0 0 0 0
1310947200 0 0 0 0
1310860800 0 0 0 0
1310774400 0 0 0 0
1310688000 0 0 0 0
1310601600 0 0 0 0
1310515200 0 0 0 0
1310428800 0 0 0 0
1310342400 0 0 0 0
1310256000 0 0 0 0
1310169600 0 0 0 0
1310083200 0 0 0 0
1309996800 0 0 0 0
1309910400 0 0 0 0
1309824000 0 0 0 0
1309737600 0 0 0 0
1309651200 0 0 0 0
1309564800 0 0 0 0
1309478400 0 0 0 0
1309392000 0 0 0 0
1309305600 0 0 0 0
1309219200 0 0 0 0
1309132800 0 0 0 0
1309046400 0 0 0 0
