1377805807 -1 -1
1377805807 0 0 0 0
1377805508 0 0 0 0
1377805500 0 0 0 0
1377805200 0 0 0 0
1377804900 0 0 0 0
1377804600 0 0 0 0
1377804300 0 0 0 0
1377804000 0 0 0 0
1377803700 0 0 0 0
1377803400 0 0 0 0
1377803100 0 0 0 0
1377802800 0 0 0 0
1377802500 0 0 0 0
1377802200 0 0 0 0
1377801900 0 0 0 0
1377801600 0 0 0 0
1377801300 0 0 0 0
1377801000 0 0 0 0
1377800700 0 0 0 0
1377800400 0 0 0 0
1377800100 0 0 0 0
1377799800 0 0 0 0
1377799500 0 0 0 0
1377799200 0 0 0 0
1377798900 0 0 0 0
1377798600 0 0 0 0
1377798300 0 0 0 0
1377798000 0 0 0 0
1377797700 0 0 0 0
1377797400 0 0 0 0
1377797100 0 0 0 0
1377796800 0 0 0 0
1377796500 0 0 0 0
1377796200 0 0 0 0
1377795900 0 0 0 0
1377795600 0 0 0 0
1377795300 0 0 0 0
1377795000 0 0 0 0
1377794700 0 0 0 0
1377794400 0 0 0 0
1377794100 0 0 0 0
1377793800 0 0 0 0
1377793500 0 0 0 0
1377793200 0 0 0 0
1377792900 0 0 0 0
1377792600 0 0 0 0
1377792300 0 0 0 0
1377792000 0 0 0 0
1377791700 0 0 0 0
1377791400 0 0 0 0
1377791100 0 0 0 0
1377790800 0 0 0 0
1377790500 0 0 0 0
1377790200 0 0 0 0
1377789900 0 0 0 0
1377789600 0 0 0 0
1377789300 0 0 0 0
1377789000 0 0 0 0
1377788700 0 0 0 0
1377788400 0 0 0 0
1377788100 0 0 0 0
1377787800 0 0 0 0
1377787500 0 0 0 0
1377787200 0 0 0 0
1377786900 0 0 0 0
1377786600 0 0 0 0
1377786300 0 0 0 0
1377786000 0 0 0 0
1377785700 0 0 0 0
1377785400 0 0 0 0
1377785100 0 0 0 0
1377784800 0 0 0 0
1377784500 0 0 0 0
1377784200 0 0 0 0
1377783900 0 0 0 0
1377783600 0 0 0 0
1377783300 0 0 0 0
1377783000 0 0 0 0
1377782700 0 0 0 0
1377782400 0 0 0 0
1377782100 0 0 0 0
1377781800 0 0 0 0
1377781500 0 0 0 0
1377781200 0 0 0 0
1377780900 0 0 0 0
1377780600 0 0 0 0
1377780300 0 0 0 0
1377780000 0 0 0 0
1377779700 0 0 0 0
1377779400 0 0 0 0
1377779100 0 0 0 0
1377778800 0 0 0 0
1377778500 0 0 0 0
1377778200 0 0 0 0
1377777900 0 0 0 0
1377777600 0 0 0 0
1377777300 0 0 0 0
1377777000 0 0 0 0
1377776700 0 0 0 0
1377776400 0 0 0 0
1377776100 0 0 0 0
1377775800 0 0 0 0
1377775500 0 0 0 0
1377775200 0 0 0 0
1377774900 0 0 0 0
1377774600 0 0 0 0
1377774300 0 0 0 0
1377774000 0 0 0 0
1377773700 0 0 0 0
1377773400 0 0 0 0
1377773100 0 0 0 0
1377772800 0 0 0 0
1377772500 0 0 0 0
1377772200 0 0 0 0
1377771900 0 0 0 0
1377771600 0 0 0 0
1377771300 0 0 0 0
1377771000 0 0 0 0
1377770700 0 0 0 0
1377770400 0 0 0 0
1377770100 0 0 0 0
1377769800 0 0 0 0
1377769500 0 0 0 0
1377769200 0 0 0 0
1377768900 0 0 0 0
1377768600 0 0 0 0
1377768300 0 0 0 0
1377768000 0 0 0 0
1377767700 0 0 0 0
1377767400 0 0 0 0
1377767100 0 0 0 0
1377766800 0 0 0 0
1377766500 0 0 0 0
1377766200 0 0 0 0
1377765900 0 0 0 0
1377765600 0 0 0 0
1377765300 0 0 0 0
1377765000 0 0 0 0
1377764700 0 0 0 0
1377764400 0 0 0 0
1377764100 0 0 0 0
1377763800 0 0 0 0
1377763500 0 0 0 0
1377763200 0 0 0 0
1377762900 0 0 0 0
1377762600 0 0 0 0
1377762300 0 0 0 0
1377762000 0 0 0 0
1377761700 0 0 0 0
1377761400 0 0 0 0
1377761100 0 0 0 0
1377760800 0 0 0 0
1377760500 0 0 0 0
1377760200 0 0 0 0
1377759900 0 0 0 0
1377759600 0 0 0 0
1377759300 0 0 0 0
1377759000 0 0 0 0
1377758700 0 0 0 0
1377758400 0 0 0 0
1377758100 0 0 0 0
1377757800 0 0 0 0
1377757500 0 0 0 0
1377757200 0 0 0 0
1377756900 0 0 0 0
1377756600 0 0 0 0
1377756300 0 0 0 0
1377756000 0 0 0 0
1377755700 0 0 0 0
1377755400 0 0 0 0
1377755100 0 0 0 0
1377754800 0 0 0 0
1377754500 0 0 0 0
1377754200 0 0 0 0
1377753900 0 0 0 0
1377753600 0 0 0 0
1377753300 0 0 0 0
1377753000 0 0 0 0
1377752700 0 0 0 0
1377752400 0 0 0 0
1377752100 0 0 0 0
1377751800 0 0 0 0
1377751500 0 0 0 0
1377751200 0 0 0 0
1377750900 0 0 0 0
1377750600 0 0 0 0
1377750300 0 0 0 0
1377750000 0 0 0 0
1377749700 0 0 0 0
1377749400 0 0 0 0
1377749100 0 0 0 0
1377748800 0 0 0 0
1377748500 0 0 0 0
1377748200 0 0 0 0
1377747900 0 0 0 0
1377747600 0 0 0 0
1377747300 0 0 0 0
1377747000 0 0 0 0
1377746700 0 0 0 0
1377746400 0 0 0 0
1377746100 0 0 0 0
1377745800 0 0 0 0
1377745500 0 0 0 0
1377745200 0 0 0 0
1377744900 0 0 0 0
1377744600 0 0 0 0
1377744300 0 0 0 0
1377744000 0 0 0 0
1377743700 0 0 0 0
1377743400 0 0 0 0
1377743100 0 0 0 0
1377742800 0 0 0 0
1377742500 0 0 0 0
1377742200 0 0 0 0
1377741900 0 0 0 0
1377741600 0 0 0 0
1377741300 0 0 0 0
1377741000 0 0 0 0
1377740700 0 0 0 0
1377740400 0 0 0 0
1377740100 0 0 0 0
1377739800 0 0 0 0
1377739500 0 0 0 0
1377739200 0 0 0 0
1377738900 0 0 0 0
1377738600 0 0 0 0
1377738300 0 0 0 0
1377738000 0 0 0 0
1377737700 0 0 0 0
1377737400 0 0 0 0
1377737100 0 0 0 0
1377736800 0 0 0 0
1377736500 0 0 0 0
1377736200 0 0 0 0
1377735900 0 0 0 0
1377735600 0 0 0 0
1377735300 0 0 0 0
1377735000 0 0 0 0
1377734700 0 0 0 0
1377734400 0 0 0 0
1377734100 0 0 0 0
1377733800 0 0 0 0
1377733500 0 0 0 0
1377733200 0 0 0 0
1377732900 0 0 0 0
1377732600 0 0 0 0
1377732300 0 0 0 0
1377732000 0 0 0 0
1377731700 0 0 0 0
1377731400 0 0 0 0
1377731100 0 0 0 0
1377730800 0 0 0 0
1377730500 0 0 0 0
1377730200 0 0 0 0
1377729900 0 0 0 0
1377729600 0 0 0 0
1377729300 0 0 0 0
1377729000 0 0 0 0
1377728700 0 0 0 0
1377728400 0 0 0 0
1377728100 0 0 0 0
1377727800 0 0 0 0
1377727500 0 0 0 0
1377727200 0 0 0 0
1377726900 0 0 0 0
1377726600 0 0 0 0
1377726300 0 0 0 0
1377726000 0 0 0 0
1377725700 0 0 0 0
1377725400 0 0 0 0
1377725100 0 0 0 0
1377724800 0 0 0 0
1377724500 0 0 0 0
1377724200 0 0 0 0
1377723900 0 0 0 0
1377723600 0 0 0 0
1377723300 0 0 0 0
1377723000 0 0 0 0
1377722700 0 0 0 0
1377722400 0 0 0 0
1377722100 0 0 0 0
1377721800 0 0 0 0
1377721500 0 0 0 0
1377721200 0 0 0 0
1377720900 0 0 0 0
1377720600 0 0 0 0
1377720300 0 0 0 0
1377720000 0 0 0 0
1377719700 0 0 0 0
1377719400 0 0 0 0
1377719100 0 0 0 0
1377718800 0 0 0 0
1377718500 0 0 0 0
1377718200 0 0 0 0
1377717900 0 0 0 0
1377717600 0 0 0 0
1377717300 0 0 0 0
1377717000 0 0 0 0
1377716700 0 0 0 0
1377716400 0 0 0 0
1377716100 0 0 0 0
1377715800 0 0 0 0
1377715500 0 0 0 0
1377715200 0 0 0 0
1377714900 0 0 0 0
1377714600 0 0 0 0
1377714300 0 0 0 0
1377714000 0 0 0 0
1377713700 0 0 0 0
1377713400 0 0 0 0
1377713100 0 0 0 0
1377712800 0 0 0 0
1377712500 0 0 0 0
1377712200 0 0 0 0
1377711900 0 0 0 0
1377711600 0 0 0 0
1377711300 0 0 0 0
1377711000 0 0 0 0
1377710700 0 0 0 0
1377710400 0 0 0 0
1377710100 0 0 0 0
1377709800 0 0 0 0
1377709500 0 0 0 0
1377709200 0 0 0 0
1377708900 0 0 0 0
1377708600 0 0 0 0
1377708300 0 0 0 0
1377708000 0 0 0 0
1377707700 0 0 0 0
1377707400 0 0 0 0
1377707100 0 0 0 0
1377706800 0 0 0 0
1377706500 0 0 0 0
1377706200 0 0 0 0
1377705900 0 0 0 0
1377705600 0 0 0 0
1377705300 0 0 0 0
1377705000 0 0 0 0
1377704700 0 0 0 0
1377704400 0 0 0 0
1377704100 0 0 0 0
1377703800 0 0 0 0
1377703500 0 0 0 0
1377703200 0 0 0 0
1377702900 0 0 0 0
1377702600 0 0 0 0
1377702300 0 0 0 0
1377702000 0 0 0 0
1377701700 0 0 0 0
1377701400 0 0 0 0
1377701100 0 0 0 0
1377700800 0 0 0 0
1377700500 0 0 0 0
1377700200 0 0 0 0
1377699900 0 0 0 0
1377699600 0 0 0 0
1377699300 0 0 0 0
1377699000 0 0 0 0
1377698700 0 0 0 0
1377698400 0 0 0 0
1377698100 0 0 0 0
1377697800 0 0 0 0
1377697500 0 0 0 0
1377697200 0 0 0 0
1377696900 0 0 0 0
1377696600 0 0 0 0
1377696300 0 0 0 0
1377696000 0 0 0 0
1377695700 0 0 0 0
1377695400 0 0 0 0
1377695100 0 0 0 0
1377694800 0 0 0 0
1377694500 0 0 0 0
1377694200 0 0 0 0
1377693900 0 0 0 0
1377693600 0 0 0 0
1377693300 0 0 0 0
1377693000 0 0 0 0
1377692700 0 0 0 0
1377692400 0 0 0 0
1377692100 0 0 0 0
1377691800 0 0 0 0
1377691500 0 0 0 0
1377691200 0 0 0 0
1377690900 0 0 0 0
1377690600 0 0 0 0
1377690300 0 0 0 0
1377690000 0 0 0 0
1377689700 0 0 0 0
1377689400 0 0 0 0
1377689100 0 0 0 0
1377688800 0 0 0 0
1377688500 0 0 0 0
1377688200 0 0 0 0
1377687900 0 0 0 0
1377687600 0 0 0 0
1377687300 0 0 0 0
1377687000 0 0 0 0
1377686700 0 0 0 0
1377686400 0 0 0 0
1377686100 0 0 0 0
1377685800 0 0 0 0
1377685500 0 0 0 0
1377685200 0 0 0 0
1377684900 0 0 0 0
1377684600 0 0 0 0
1377684300 0 0 0 0
1377684000 0 0 0 0
1377683700 0 0 0 0
1377683400 0 0 0 0
1377683100 0 0 0 0
1377682800 0 0 0 0
1377682500 0 0 0 0
1377682200 0 0 0 0
1377681900 0 0 0 0
1377681600 0 0 0 0
1377681300 0 0 0 0
1377681000 0 0 0 0
1377680700 0 0 0 0
1377680400 0 0 0 0
1377680100 0 0 0 0
1377679800 0 0 0 0
1377679500 0 0 0 0
1377679200 0 0 0 0
1377678900 0 0 0 0
1377678600 0 0 0 0
1377678300 0 0 0 0
1377678000 0 0 0 0
1377677700 0 0 0 0
1377677400 0 0 0 0
1377677100 0 0 0 0
1377676800 0 0 0 0
1377676500 0 0 0 0
1377676200 0 0 0 0
1377675900 0 0 0 0
1377675600 0 0 0 0
1377675300 0 0 0 0
1377675000 0 0 0 0
1377674700 0 0 0 0
1377674400 0 0 0 0
1377674100 0 0 0 0
1377673800 0 0 0 0
1377673500 0 0 0 0
1377673200 0 0 0 0
1377672900 0 0 0 0
1377672600 0 0 0 0
1377672300 0 0 0 0
1377672000 0 0 0 0
1377671700 0 0 0 0
1377671400 0 0 0 0
1377671100 0 0 0 0
1377670800 0 0 0 0
1377670500 0 0 0 0
1377670200 0 0 0 0
1377669900 0 0 0 0
1377669600 0 0 0 0
1377669300 0 0 0 0
1377669000 0 0 0 0
1377668700 0 0 0 0
1377668400 0 0 0 0
1377668100 0 0 0 0
1377667800 0 0 0 0
1377667500 0 0 0 0
1377667200 0 0 0 0
1377666900 0 0 0 0
1377666600 0 0 0 0
1377666300 0 0 0 0
1377666000 0 0 0 0
1377665700 0 0 0 0
1377665400 0 0 0 0
1377665100 0 0 0 0
1377664800 0 0 0 0
1377664500 0 0 0 0
1377664200 0 0 0 0
1377663900 0 0 0 0
1377663600 0 0 0 0
1377663300 0 0 0 0
1377663000 0 0 0 0
1377662700 0 0 0 0
1377662400 0 0 0 0
1377662100 0 0 0 0
1377661800 0 0 0 0
1377661500 0 0 0 0
1377661200 0 0 0 0
1377660900 0 0 0 0
1377660600 0 0 0 0
1377660300 0 0 0 0
1377660000 0 0 0 0
1377659700 0 0 0 0
1377659400 0 0 0 0
1377659100 0 0 0 0
1377658800 0 0 0 0
1377658500 0 0 0 0
1377658200 0 0 0 0
1377657900 0 0 0 0
1377657600 0 0 0 0
1377657300 0 0 0 0
1377657000 0 0 0 0
1377656700 0 0 0 0
1377656400 0 0 0 0
1377656100 0 0 0 0
1377655800 0 0 0 0
1377655500 0 0 0 0
1377655200 0 0 0 0
1377654900 0 0 0 0
1377654600 0 0 0 0
1377654300 0 0 0 0
1377654000 0 0 0 0
1377653700 0 0 0 0
1377653400 0 0 0 0
1377653100 0 0 0 0
1377652800 0 0 0 0
1377652500 0 0 0 0
1377652200 0 0 0 0
1377651900 0 0 0 0
1377651600 0 0 0 0
1377651300 0 0 0 0
1377651000 0 0 0 0
1377650700 0 0 0 0
1377650400 0 0 0 0
1377650100 0 0 0 0
1377649800 0 0 0 0
1377649500 0 0 0 0
1377649200 0 0 0 0
1377648900 0 0 0 0
1377648600 0 0 0 0
1377648300 0 0 0 0
1377648000 0 0 0 0
1377647700 0 0 0 0
1377647400 0 0 0 0
1377647100 0 0 0 0
1377646800 0 0 0 0
1377646500 0 0 0 0
1377646200 0 0 0 0
1377645900 0 0 0 0
1377645600 0 0 0 0
1377645300 0 0 0 0
1377645000 0 0 0 0
1377644700 0 0 0 0
1377644400 0 0 0 0
1377644100 0 0 0 0
1377643800 0 0 0 0
1377643500 0 0 0 0
1377643200 0 0 0 0
1377642900 0 0 0 0
1377642600 0 0 0 0
1377642300 0 0 0 0
1377642000 0 0 0 0
1377641700 0 0 0 0
1377641400 0 0 0 0
1377641100 0 0 0 0
1377640800 0 0 0 0
1377640500 0 0 0 0
1377640200 0 0 0 0
1377639900 0 0 0 0
1377639600 0 0 0 0
1377639300 0 0 0 0
1377639000 0 0 0 0
1377638700 0 0 0 0
1377638400 0 0 0 0
1377638100 0 0 0 0
1377637800 0 0 0 0
1377637500 0 0 0 0
1377637200 0 0 0 0
1377636900 0 0 0 0
1377636600 0 0 0 0
1377636300 0 0 0 0
1377636000 0 0 0 0
1377635700 0 0 0 0
1377635400 0 0 0 0
1377635100 0 0 0 0
1377634800 0 0 0 0
1377634500 0 0 0 0
1377634200 0 0 0 0
1377633900 0 0 0 0
1377633600 0 0 0 0
1377633300 0 0 0 0
1377633000 0 0 0 0
1377632700 0 0 0 0
1377632400 0 0 0 0
1377632100 0 0 0 0
1377631800 0 0 0 0
1377631500 0 0 0 0
1377631200 0 0 0 0
1377630900 0 0 0 0
1377630600 0 0 0 0
1377630300 0 0 0 0
1377630000 0 0 0 0
1377629700 0 0 0 0
1377629400 0 0 0 0
1377629100 0 0 0 0
1377628800 0 0 0 0
1377628500 0 0 0 0
1377628200 0 0 0 0
1377627900 0 0 0 0
1377627600 0 0 0 0
1377627300 0 0 0 0
1377627000 0 0 0 0
1377626700 0 0 0 0
1377626400 0 0 0 0
1377626100 0 0 0 0
1377625800 0 0 0 0
1377624600 0 0 0 0
1377622800 0 0 0 0
1377621000 0 0 0 0
1377619200 0 0 0 0
1377617400 0 0 0 0
1377615600 0 0 0 0
1377613800 0 0 0 0
1377612000 0 0 0 0
1377610200 0 0 0 0
1377608400 0 0 0 0
1377606600 0 0 0 0
1377604800 0 0 0 0
1377603000 0 0 0 0
1377601200 0 0 0 0
1377599400 0 0 0 0
1377597600 0 0 0 0
1377595800 0 0 0 0
1377594000 0 0 0 0
1377592200 0 0 0 0
1377590400 0 0 0 0
1377588600 0 0 0 0
1377586800 0 0 0 0
1377585000 0 0 0 0
1377583200 0 0 0 0
1377581400 0 0 0 0
1377579600 0 0 0 0
1377577800 0 0 0 0
1377576000 0 0 0 0
1377574200 0 0 0 0
1377572400 0 0 0 0
1377570600 0 0 0 0
1377568800 0 0 0 0
1377567000 0 0 0 0
1377565200 0 0 0 0
1377563400 0 0 0 0
1377561600 0 0 0 0
1377559800 0 0 0 0
1377558000 0 0 0 0
1377556200 0 0 0 0
1377554400 0 0 0 0
1377552600 0 0 0 0
1377550800 0 0 0 0
1377549000 0 0 0 0
1377547200 0 0 0 0
1377545400 0 0 0 0
1377543600 0 0 0 0
1377541800 0 0 0 0
1377540000 0 0 0 0
1377538200 0 0 0 0
1377536400 0 0 0 0
1377534600 0 0 0 0
1377532800 0 0 0 0
1377531000 0 0 0 0
1377529200 0 0 0 0
1377527400 0 0 0 0
1377525600 0 0 0 0
1377523800 0 0 0 0
1377522000 0 0 0 0
1377520200 0 0 0 0
1377518400 0 0 0 0
1377516600 0 0 0 0
1377514800 0 0 0 0
1377513000 0 0 0 0
1377511200 0 0 0 0
1377509400 0 0 0 0
1377507600 0 0 0 0
1377505800 0 0 0 0
1377504000 0 0 0 0
1377502200 0 0 0 0
1377500400 0 0 0 0
1377498600 0 0 0 0
1377496800 0 0 0 0
1377495000 0 0 0 0
1377493200 0 0 0 0
1377491400 0 0 0 0
1377489600 0 0 0 0
1377487800 0 0 0 0
1377486000 0 0 0 0
1377484200 0 0 0 0
1377482400 0 0 0 0
1377480600 0 0 0 0
1377478800 0 0 0 0
1377477000 0 0 0 0
1377475200 0 0 0 0
1377473400 0 0 0 0
1377471600 0 0 0 0
1377469800 0 0 0 0
1377468000 0 0 0 0
1377466200 0 0 0 0
1377464400 0 0 0 0
1377462600 0 0 0 0
1377460800 0 0 0 0
1377459000 0 0 0 0
1377457200 0 0 0 0
1377455400 0 0 0 0
1377453600 0 0 0 0
1377451800 0 0 0 0
1377450000 0 0 0 0
1377448200 0 0 0 0
1377446400 0 0 0 0
1377444600 0 0 0 0
1377442800 0 0 0 0
1377441000 0 0 0 0
1377439200 0 0 0 0
1377437400 0 0 0 0
1377435600 0 0 0 0
1377433800 0 0 0 0
1377432000 0 0 0 0
1377430200 0 0 0 0
1377428400 0 0 0 0
1377426600 0 0 0 0
1377424800 0 0 0 0
1377423000 0 0 0 0
1377421200 0 0 0 0
1377419400 0 0 0 0
1377417600 0 0 0 0
1377415800 0 0 0 0
1377414000 0 0 0 0
1377412200 0 0 0 0
1377410400 0 0 0 0
1377408600 0 0 0 0
1377406800 0 0 0 0
1377405000 0 0 0 0
1377403200 0 0 0 0
1377401400 0 0 0 0
1377399600 0 0 0 0
1377397800 0 0 0 0
1377396000 0 0 0 0
1377394200 0 0 0 0
1377392400 0 0 0 0
1377390600 0 0 0 0
1377388800 0 0 0 0
1377387000 0 0 0 0
1377385200 0 0 0 0
1377383400 0 0 0 0
1377381600 0 0 0 0
1377379800 0 0 0 0
1377378000 0 0 0 0
1377376200 0 0 0 0
1377374400 0 0 0 0
1377372600 0 0 0 0
1377370800 0 0 0 0
1377369000 0 0 0 0
1377367200 0 0 0 0
1377365400 0 0 0 0
1377363600 0 0 0 0
1377361800 0 0 0 0
1377360000 0 0 0 0
1377358200 0 0 0 0
1377356400 0 0 0 0
1377354600 0 0 0 0
1377352800 0 0 0 0
1377351000 0 0 0 0
1377349200 0 0 0 0
1377347400 0 0 0 0
1377345600 0 0 0 0
1377343800 0 0 0 0
1377342000 0 0 0 0
1377340200 0 0 0 0
1377338400 0 0 0 0
1377336600 0 0 0 0
1377334800 0 0 0 0
1377333000 0 0 0 0
1377331200 0 0 0 0
1377329400 0 0 0 0
1377327600 0 0 0 0
1377325800 0 0 0 0
1377324000 0 0 0 0
1377322200 0 0 0 0
1377320400 0 0 0 0
1377318600 0 0 0 0
1377316800 0 0 0 0
1377315000 0 0 0 0
1377313200 0 0 0 0
1377311400 0 0 0 0
1377309600 0 0 0 0
1377307800 0 0 0 0
1377306000 0 0 0 0
1377304200 0 0 0 0
1377302400 0 0 0 0
1377300600 0 0 0 0
1377298800 0 0 0 0
1377297000 0 0 0 0
1377295200 0 0 0 0
1377293400 0 0 0 0
1377291600 0 0 0 0
1377289800 0 0 0 0
1377288000 0 0 0 0
1377286200 0 0 0 0
1377284400 0 0 0 0
1377282600 0 0 0 0
1377280800 0 0 0 0
1377279000 0 0 0 0
1377277200 0 0 0 0
1377275400 0 0 0 0
1377273600 0 0 0 0
1377271800 0 0 0 0
1377270000 0 0 0 0
1377268200 0 0 0 0
1377266400 0 0 0 0
1377264600 0 0 0 0
1377262800 0 0 0 0
1377261000 0 0 0 0
1377259200 0 0 0 0
1377257400 0 0 0 0
1377255600 0 0 0 0
1377253800 0 0 0 0
1377252000 0 0 0 0
1377250200 0 0 0 0
1377248400 0 0 0 0
1377246600 0 0 0 0
1377244800 0 0 0 0
1377243000 0 0 0 0
1377241200 0 0 0 0
1377239400 0 0 0 0
1377237600 0 0 0 0
1377235800 0 0 0 0
1377234000 0 0 0 0
1377232200 0 0 0 0
1377230400 0 0 0 0
1377228600 0 0 0 0
1377226800 0 0 0 0
1377225000 0 0 0 0
1377223200 0 0 0 0
1377221400 0 0 0 0
1377219600 0 0 0 0
1377217800 0 0 0 0
1377216000 0 0 0 0
1377214200 0 0 0 0
1377212400 0 0 0 0
1377210600 0 0 0 0
1377208800 0 0 0 0
1377207000 0 0 0 0
1377205200 0 0 0 0
1377203400 0 0 0 0
1377201600 0 0 0 0
1377199800 0 0 0 0
1377198000 0 0 0 0
1377196200 0 0 0 0
1377194400 0 0 0 0
1377192600 0 0 0 0
1377190800 0 0 0 0
1377189000 0 0 0 0
1377187200 0 0 0 0
1377185400 0 0 0 0
1377183600 0 0 0 0
1377181800 0 0 0 0
1377180000 0 0 0 0
1377178200 0 0 0 0
1377176400 0 0 0 0
1377174600 0 0 0 0
1377172800 0 0 0 0
1377171000 0 0 0 0
1377169200 0 0 0 0
1377167400 0 0 0 0
1377165600 0 0 0 0
1377163800 0 0 0 0
1377162000 0 0 0 0
1377160200 0 0 0 0
1377158400 0 0 0 0
1377156600 0 0 0 0
1377154800 0 0 0 0
1377153000 0 0 0 0
1377151200 0 0 0 0
1377149400 0 0 0 0
1377147600 0 0 0 0
1377145800 0 0 0 0
1377144000 0 0 0 0
1377142200 0 0 0 0
1377140400 0 0 0 0
1377138600 0 0 0 0
1377136800 0 0 0 0
1377135000 0 0 0 0
1377133200 0 0 0 0
1377131400 0 0 0 0
1377129600 0 0 0 0
1377127800 0 0 0 0
1377126000 0 0 0 0
1377124200 0 0 0 0
1377122400 0 0 0 0
1377120600 0 0 0 0
1377118800 0 0 0 0
1377117000 0 0 0 0
1377115200 0 0 0 0
1377113400 0 0 0 0
1377111600 0 0 0 0
1377109800 0 0 0 0
1377108000 0 0 0 0
1377106200 0 0 0 0
1377104400 0 0 0 0
1377102600 0 0 0 0
1377100800 0 0 0 0
1377099000 0 0 0 0
1377097200 0 0 0 0
1377095400 0 0 0 0
1377093600 0 0 0 0
1377091800 0 0 0 0
1377090000 0 0 0 0
1377088200 0 0 0 0
1377086400 0 0 0 0
1377084600 0 0 0 0
1377082800 0 0 0 0
1377081000 0 0 0 0
1377079200 0 0 0 0
1377077400 0 0 0 0
1377075600 0 0 0 0
1377073800 0 0 0 0
1377072000 0 0 0 0
1377070200 0 0 0 0
1377068400 0 0 0 0
1377066600 0 0 0 0
1377064800 0 0 0 0
1377063000 0 0 0 0
1377061200 0 0 0 0
1377059400 0 0 0 0
1377057600 0 0 0 0
1377055800 0 0 0 0
1377054000 0 0 0 0
1377052200 0 0 0 0
1377050400 0 0 0 0
1377048600 0 0 0 0
1377046800 0 0 0 0
1377045000 0 0 0 0
1377043200 0 0 0 0
1377041400 0 0 0 0
1377039600 0 0 0 0
1377037800 0 0 0 0
1377036000 0 0 0 0
1377034200 0 0 0 0
1377032400 0 0 0 0
1377030600 0 0 0 0
1377028800 0 0 0 0
1377027000 0 0 0 0
1377025200 0 0 0 0
1377023400 0 0 0 0
1377021600 0 0 0 0
1377019800 0 0 0 0
1377018000 0 0 0 0
1377016200 0 0 0 0
1377014400 0 0 0 0
1377012600 0 0 0 0
1377010800 0 0 0 0
1377009000 0 0 0 0
1377007200 0 0 0 0
1377005400 0 0 0 0
1377003600 0 0 0 0
1377001800 0 0 0 0
1377000000 0 0 0 0
1376998200 0 0 0 0
1376996400 0 0 0 0
1376994600 0 0 0 0
1376992800 0 0 0 0
1376991000 0 0 0 0
1376989200 0 0 0 0
1376987400 0 0 0 0
1376985600 0 0 0 0
1376983800 0 0 0 0
1376982000 0 0 0 0
1376980200 0 0 0 0
1376978400 0 0 0 0
1376976600 0 0 0 0
1376974800 0 0 0 0
1376973000 0 0 0 0
1376971200 0 0 0 0
1376969400 0 0 0 0
1376967600 0 0 0 0
1376965800 0 0 0 0
1376964000 0 0 0 0
1376962200 0 0 0 0
1376960400 0 0 0 0
1376958600 0 0 0 0
1376956800 0 0 0 0
1376955000 0 0 0 0
1376953200 0 0 0 0
1376951400 0 0 0 0
1376949600 0 0 0 0
1376947800 0 0 0 0
1376946000 0 0 0 0
1376944200 0 0 0 0
1376942400 0 0 0 0
1376940600 0 0 0 0
1376938800 0 0 0 0
1376937000 0 0 0 0
1376935200 0 0 0 0
1376933400 0 0 0 0
1376931600 0 0 0 0
1376929800 0 0 0 0
1376928000 0 0 0 0
1376926200 0 0 0 0
1376924400 0 0 0 0
1376922600 0 0 0 0
1376920800 0 0 0 0
1376919000 0 0 0 0
1376917200 0 0 0 0
1376915400 0 0 0 0
1376913600 0 0 0 0
1376911800 0 0 0 0
1376910000 0 0 0 0
1376908200 0 0 0 0
1376906400 0 0 0 0
1376904600 0 0 0 0
1376902800 0 0 0 0
1376901000 0 0 0 0
1376899200 0 0 0 0
1376897400 0 0 0 0
1376895600 0 0 0 0
1376893800 0 0 0 0
1376892000 0 0 0 0
1376890200 0 0 0 0
1376888400 0 0 0 0
1376886600 0 0 0 0
1376884800 0 0 0 0
1376883000 0 0 0 0
1376881200 0 0 0 0
1376879400 0 0 0 0
1376877600 0 0 0 0
1376875800 0 0 0 0
1376874000 0 0 0 0
1376872200 0 0 0 0
1376870400 0 0 0 0
1376868600 0 0 0 0
1376866800 0 0 0 0
1376865000 0 0 0 0
1376863200 0 0 0 0
1376861400 0 0 0 0
1376859600 0 0 0 0
1376857800 0 0 0 0
1376856000 0 0 0 0
1376854200 0 0 0 0
1376852400 0 0 0 0
1376850600 0 0 0 0
1376848800 0 0 0 0
1376847000 0 0 0 0
1376845200 0 0 0 0
1376843400 0 0 0 0
1376841600 0 0 0 0
1376839800 0 0 0 0
1376838000 0 0 0 0
1376836200 0 0 0 0
1376834400 0 0 0 0
1376832600 0 0 0 0
1376830800 0 0 0 0
1376829000 0 0 0 0
1376827200 0 0 0 0
1376825400 0 0 0 0
1376823600 0 0 0 0
1376821800 0 0 0 0
1376820000 0 0 0 0
1376818200 0 0 0 0
1376816400 0 0 0 0
1376814600 0 0 0 0
1376812800 0 0 0 0
1376811000 0 0 0 0
1376809200 0 0 0 0
1376807400 0 0 0 0
1376805600 0 0 0 0
1376803800 0 0 0 0
1376802000 0 0 0 0
1376800200 0 0 0 0
1376798400 0 0 0 0
1376796600 0 0 0 0
1376794800 0 0 0 0
1376793000 0 0 0 0
1376791200 0 0 0 0
1376789400 0 0 0 0
1376787600 0 0 0 0
1376785800 0 0 0 0
1376784000 0 0 0 0
1376782200 0 0 0 0
1376780400 0 0 0 0
1376778600 0 0 0 0
1376776800 0 0 0 0
1376775000 0 0 0 0
1376773200 0 0 0 0
1376771400 0 0 0 0
1376769600 0 0 0 0
1376767800 0 0 0 0
1376766000 0 0 0 0
1376764200 0 0 0 0
1376762400 0 0 0 0
1376760600 0 0 0 0
1376758800 0 0 0 0
1376757000 0 0 0 0
1376755200 0 0 0 0
1376753400 0 0 0 0
1376751600 0 0 0 0
1376749800 0 0 0 0
1376748000 0 0 0 0
1376746200 0 0 0 0
1376744400 0 0 0 0
1376742600 0 0 0 0
1376740800 0 0 0 0
1376739000 0 0 0 0
1376737200 0 0 0 0
1376735400 0 0 0 0
1376733600 0 0 0 0
1376731800 0 0 0 0
1376730000 0 0 0 0
1376728200 0 0 0 0
1376726400 0 0 0 0
1376724600 0 0 0 0
1376722800 0 0 0 0
1376721000 0 0 0 0
1376719200 0 0 0 0
1376717400 0 0 0 0
1376715600 0 0 0 0
1376713800 0 0 0 0
1376712000 0 0 0 0
1376710200 0 0 0 0
1376708400 0 0 0 0
1376706600 0 0 0 0
1376704800 0 0 0 0
1376703000 0 0 0 0
1376701200 0 0 0 0
1376699400 0 0 0 0
1376697600 0 0 0 0
1376695800 0 0 0 0
1376694000 0 0 0 0
1376692200 0 0 0 0
1376690400 0 0 0 0
1376688600 0 0 0 0
1376686800 0 0 0 0
1376685000 0 0 0 0
1376683200 0 0 0 0
1376681400 0 0 0 0
1376679600 0 0 0 0
1376677800 0 0 0 0
1376676000 0 0 0 0
1376674200 0 0 0 0
1376672400 0 0 0 0
1376670600 0 0 0 0
1376668800 0 0 0 0
1376667000 0 0 0 0
1376665200 0 0 0 0
1376663400 0 0 0 0
1376661600 0 0 0 0
1376659800 0 0 0 0
1376658000 0 0 0 0
1376656200 0 0 0 0
1376654400 0 0 0 0
1376652600 0 0 0 0
1376650800 0 0 0 0
1376649000 0 0 0 0
1376647200 0 0 0 0
1376645400 0 0 0 0
1376643600 0 0 0 0
1376641800 0 0 0 0
1376640000 0 0 0 0
1376638200 0 0 0 0
1376636400 0 0 0 0
1376634600 0 0 0 0
1376632800 0 0 0 0
1376631000 0 0 0 0
1376629200 0 0 0 0
1376627400 0 0 0 0
1376625600 0 0 0 0
1376623800 0 0 0 0
1376622000 0 0 0 0
1376620200 0 0 0 0
1376618400 0 0 0 0
1376616600 0 0 0 0
1376614800 0 0 0 0
1376613000 0 0 0 0
1376611200 0 0 0 0
1376609400 0 0 0 0
1376607600 0 0 0 0
1376605800 0 0 0 0
1376604000 0 0 0 0
1376602200 0 0 0 0
1376600400 0 0 0 0
1376598600 0 0 0 0
1376596800 0 0 0 0
1376595000 0 0 0 0
1376593200 0 0 0 0
1376591400 0 0 0 0
1376589600 0 0 0 0
1376587800 0 0 0 0
1376586000 0 0 0 0
1376584200 0 0 0 0
1376582400 0 0 0 0
1376580600 0 0 0 0
1376578800 0 0 0 0
1376577000 0 0 0 0
1376575200 0 0 0 0
1376573400 0 0 0 0
1376571600 0 0 0 0
1376569800 0 0 0 0
1376568000 0 0 0 0
1376566200 0 0 0 0
1376564400 0 0 0 0
1376562600 0 0 0 0
1376560800 0 0 0 0
1376559000 0 0 0 0
1376557200 0 0 0 0
1376555400 0 0 0 0
1376553600 0 0 0 0
1376551800 0 0 0 0
1376550000 0 0 0 0
1376548200 0 0 0 0
1376546400 0 0 0 0
1376544600 0 0 0 0
1376539200 0 0 0 0
1376532000 0 0 0 0
1376524800 0 0 0 0
1376517600 0 0 0 0
1376510400 0 0 0 0
1376503200 0 0 0 0
1376496000 0 0 0 0
1376488800 0 0 0 0
1376481600 0 0 0 0
1376474400 0 0 0 0
1376467200 0 0 0 0
1376460000 0 0 0 0
1376452800 0 0 0 0
1376445600 0 0 0 0
1376438400 0 0 0 0
1376431200 0 0 0 0
1376424000 0 0 0 0
1376416800 0 0 0 0
1376409600 0 0 0 0
1376402400 0 0 0 0
1376395200 0 0 0 0
1376388000 0 0 0 0
1376380800 0 0 0 0
1376373600 0 0 0 0
1376366400 0 0 0 0
1376359200 0 0 0 0
1376352000 0 0 0 0
1376344800 0 0 0 0
1376337600 0 0 0 0
1376330400 0 0 0 0
1376323200 0 0 0 0
1376316000 0 0 0 0
1376308800 0 0 0 0
1376301600 0 0 0 0
1376294400 0 0 0 0
1376287200 0 0 0 0
1376280000 0 0 0 0
1376272800 0 0 0 0
1376265600 0 0 0 0
1376258400 0 0 0 0
1376251200 0 0 0 0
1376244000 0 0 0 0
1376236800 0 0 0 0
1376229600 0 0 0 0
1376222400 0 0 0 0
1376215200 0 0 0 0
1376208000 0 0 0 0
1376200800 0 0 0 0
1376193600 0 0 0 0
1376186400 0 0 0 0
1376179200 0 0 0 0
1376172000 0 0 0 0
1376164800 0 0 0 0
1376157600 0 0 0 0
1376150400 0 0 0 0
1376143200 0 0 0 0
1376136000 0 0 0 0
1376128800 0 0 0 0
1376121600 0 0 0 0
1376114400 0 0 0 0
1376107200 0 0 0 0
1376100000 0 0 0 0
1376092800 0 0 0 0
1376085600 0 0 0 0
1376078400 0 0 0 0
1376071200 0 0 0 0
1376064000 0 0 0 0
1376056800 0 0 0 0
1376049600 0 0 0 0
1376042400 0 0 0 0
1376035200 0 0 0 0
1376028000 0 0 0 0
1376020800 0 0 0 0
1376013600 0 0 0 0
1376006400 0 0 0 0
1375999200 0 0 0 0
1375992000 0 0 0 0
1375984800 0 0 0 0
1375977600 0 0 0 0
1375970400 0 0 0 0
1375963200 0 0 0 0
1375956000 0 0 0 0
1375948800 0 0 0 0
1375941600 0 0 0 0
1375934400 0 0 0 0
1375927200 0 0 0 0
1375920000 0 0 0 0
1375912800 0 0 0 0
1375905600 0 0 0 0
1375898400 0 0 0 0
1375891200 0 0 0 0
1375884000 0 0 0 0
1375876800 0 0 0 0
1375869600 0 0 0 0
1375862400 0 0 0 0
1375855200 0 0 0 0
1375848000 0 0 0 0
1375840800 0 0 0 0
1375833600 0 0 0 0
1375826400 0 0 0 0
1375819200 0 0 0 0
1375812000 0 0 0 0
1375804800 0 0 0 0
1375797600 0 0 0 0
1375790400 0 0 0 0
1375783200 0 0 0 0
1375776000 0 0 0 0
1375768800 0 0 0 0
1375761600 0 0 0 0
1375754400 0 0 0 0
1375747200 0 0 0 0
1375740000 0 0 0 0
1375732800 0 0 0 0
1375725600 0 0 0 0
1375718400 0 0 0 0
1375711200 0 0 0 0
1375704000 0 0 0 0
1375696800 0 0 0 0
1375689600 0 0 0 0
1375682400 0 0 0 0
1375675200 0 0 0 0
1375668000 0 0 0 0
1375660800 0 0 0 0
1375653600 0 0 0 0
1375646400 0 0 0 0
1375639200 0 0 0 0
1375632000 0 0 0 0
1375624800 0 0 0 0
1375617600 0 0 0 0
1375610400 0 0 0 0
1375603200 0 0 0 0
1375596000 0 0 0 0
1375588800 0 0 0 0
1375581600 0 0 0 0
1375574400 0 0 0 0
1375567200 0 0 0 0
1375560000 0 0 0 0
1375552800 0 0 0 0
1375545600 0 0 0 0
1375538400 0 0 0 0
1375531200 0 0 0 0
1375524000 0 0 0 0
1375516800 0 0 0 0
1375509600 0 0 0 0
1375502400 0 0 0 0
1375495200 0 0 0 0
1375488000 0 0 0 0
1375480800 0 0 0 0
1375473600 0 0 0 0
1375466400 0 0 0 0
1375459200 0 0 0 0
1375452000 0 0 0 0
1375444800 0 0 0 0
1375437600 0 0 0 0
1375430400 0 0 0 0
1375423200 0 0 0 0
1375416000 0 0 0 0
1375408800 0 0 0 0
1375401600 0 0 0 0
1375394400 0 0 0 0
1375387200 0 0 0 0
1375380000 0 0 0 0
1375372800 0 0 0 0
1375365600 0 0 0 0
1375358400 0 0 0 0
1375351200 0 0 0 0
1375344000 0 0 0 0
1375336800 0 0 0 0
1375329600 0 0 0 0
1375322400 0 0 0 0
1375315200 0 0 0 0
1375308000 0 0 0 0
1375300800 0 0 0 0
1375293600 0 0 0 0
1375286400 0 0 0 0
1375279200 0 0 0 0
1375272000 0 0 0 0
1375264800 0 0 0 0
1375257600 0 0 0 0
1375250400 0 0 0 0
1375243200 0 0 0 0
1375236000 0 0 0 0
1375228800 0 0 0 0
1375221600 0 0 0 0
1375214400 0 0 0 0
1375207200 0 0 0 0
1375200000 0 0 0 0
1375192800 0 0 0 0
1375185600 0 0 0 0
1375178400 0 0 0 0
1375171200 0 0 0 0
1375164000 0 0 0 0
1375156800 0 0 0 0
1375149600 0 0 0 0
1375142400 0 0 0 0
1375135200 0 0 0 0
1375128000 0 0 0 0
1375120800 0 0 0 0
1375113600 0 0 0 0
1375106400 0 0 0 0
1375099200 0 0 0 0
1375092000 0 0 0 0
1375084800 0 0 0 0
1375077600 0 0 0 0
1375070400 0 0 0 0
1375063200 0 0 0 0
1375056000 0 0 0 0
1375048800 0 0 0 0
1375041600 0 0 0 0
1375034400 0 0 0 0
1375027200 0 0 0 0
1375020000 0 0 0 0
1375012800 0 0 0 0
1375005600 0 0 0 0
1374998400 0 0 0 0
1374991200 0 0 0 0
1374984000 0 0 0 0
1374976800 0 0 0 0
1374969600 0 0 0 0
1374962400 0 0 0 0
1374955200 0 0 0 0
1374948000 0 0 0 0
1374940800 0 0 0 0
1374933600 0 0 0 0
1374926400 0 0 0 0
1374919200 0 0 0 0
1374912000 0 0 0 0
1374904800 0 0 0 0
1374897600 0 0 0 0
1374890400 0 0 0 0
1374883200 0 0 0 0
1374876000 0 0 0 0
1374868800 0 0 0 0
1374861600 0 0 0 0
1374854400 0 0 0 0
1374847200 0 0 0 0
1374840000 0 0 0 0
1374832800 0 0 0 0
1374825600 0 0 0 0
1374818400 0 0 0 0
1374811200 0 0 0 0
1374804000 0 0 0 0
1374796800 0 0 0 0
1374789600 0 0 0 0
1374782400 0 0 0 0
1374775200 0 0 0 0
1374768000 0 0 0 0
1374760800 0 0 0 0
1374753600 0 0 0 0
1374746400 0 0 0 0
1374739200 0 0 0 0
1374732000 0 0 0 0
1374724800 0 0 0 0
1374717600 0 0 0 0
1374710400 0 0 0 0
1374703200 0 0 0 0
1374696000 0 0 0 0
1374688800 0 0 0 0
1374681600 0 0 0 0
1374674400 0 0 0 0
1374667200 0 0 0 0
1374660000 0 0 0 0
1374652800 0 0 0 0
1374645600 0 0 0 0
1374638400 0 0 0 0
1374631200 0 0 0 0
1374624000 0 0 0 0
1374616800 0 0 0 0
1374609600 0 0 0 0
1374602400 0 0 0 0
1374595200 0 0 0 0
1374588000 0 0 0 0
1374580800 0 0 0 0
1374573600 0 0 0 0
1374566400 0 0 0 0
1374559200 0 0 0 0
1374552000 0 0 0 0
1374544800 0 0 0 0
1374537600 0 0 0 0
1374530400 0 0 0 0
1374523200 0 0 0 0
1374516000 0 0 0 0
1374508800 0 0 0 0
1374501600 0 0 0 0
1374494400 0 0 0 0
1374487200 0 0 0 0
1374480000 0 0 0 0
1374472800 0 0 0 0
1374465600 0 0 0 0
1374458400 0 0 0 0
1374451200 0 0 0 0
1374444000 0 0 0 0
1374436800 0 0 0 0
1374429600 0 0 0 0
1374422400 0 0 0 0
1374415200 0 0 0 0
1374408000 0 0 0 0
1374400800 0 0 0 0
1374393600 0 0 0 0
1374386400 0 0 0 0
1374379200 0 0 0 0
1374372000 0 0 0 0
1374364800 0 0 0 0
1374357600 0 0 0 0
1374350400 0 0 0 0
1374343200 0 0 0 0
1374336000 0 0 0 0
1374328800 0 0 0 0
1374321600 0 0 0 0
1374314400 0 0 0 0
1374307200 0 0 0 0
1374300000 0 0 0 0
1374292800 0 0 0 0
1374285600 0 0 0 0
1374278400 0 0 0 0
1374271200 0 0 0 0
1374264000 0 0 0 0
1374256800 0 0 0 0
1374249600 0 0 0 0
1374242400 0 0 0 0
1374235200 0 0 0 0
1374228000 0 0 0 0
1374220800 0 0 0 0
1374213600 0 0 0 0
1374206400 0 0 0 0
1374199200 0 0 0 0
1374192000 0 0 0 0
1374184800 0 0 0 0
1374177600 0 0 0 0
1374170400 0 0 0 0
1374163200 0 0 0 0
1374156000 0 0 0 0
1374148800 0 0 0 0
1374141600 0 0 0 0
1374134400 0 0 0 0
1374127200 0 0 0 0
1374120000 0 0 0 0
1374112800 0 0 0 0
1374105600 0 0 0 0
1374098400 0 0 0 0
1374091200 0 0 0 0
1374084000 0 0 0 0
1374076800 0 0 0 0
1374069600 0 0 0 0
1374062400 0 0 0 0
1374055200 0 0 0 0
1374048000 0 0 0 0
1374040800 0 0 0 0
1374033600 0 0 0 0
1374026400 0 0 0 0
1374019200 0 0 0 0
1374012000 0 0 0 0
1374004800 0 0 0 0
1373997600 0 0 0 0
1373990400 0 0 0 0
1373983200 0 0 0 0
1373976000 0 0 0 0
1373968800 0 0 0 0
1373961600 0 0 0 0
1373954400 0 0 0 0
1373947200 0 0 0 0
1373940000 0 0 0 0
1373932800 0 0 0 0
1373925600 0 0 0 0
1373918400 0 0 0 0
1373911200 0 0 0 0
1373904000 0 0 0 0
1373896800 0 0 0 0
1373889600 0 0 0 0
1373882400 0 0 0 0
1373875200 0 0 0 0
1373868000 0 0 0 0
1373860800 0 0 0 0
1373853600 0 0 0 0
1373846400 0 0 0 0
1373839200 0 0 0 0
1373832000 0 0 0 0
1373824800 0 0 0 0
1373817600 0 0 0 0
1373810400 0 0 0 0
1373803200 0 0 0 0
1373796000 0 0 0 0
1373788800 0 0 0 0
1373781600 0 0 0 0
1373774400 0 0 0 0
1373767200 0 0 0 0
1373760000 0 0 0 0
1373752800 0 0 0 0
1373745600 0 0 0 0
1373738400 0 0 0 0
1373731200 0 0 0 0
1373724000 0 0 0 0
1373716800 0 0 0 0
1373709600 0 0 0 0
1373702400 0 0 0 0
1373695200 0 0 0 0
1373688000 0 0 0 0
1373680800 0 0 0 0
1373673600 0 0 0 0
1373666400 0 0 0 0
1373659200 0 0 0 0
1373652000 0 0 0 0
1373644800 0 0 0 0
1373637600 0 0 0 0
1373630400 0 0 0 0
1373623200 0 0 0 0
1373616000 0 0 0 0
1373608800 0 0 0 0
1373601600 0 0 0 0
1373594400 0 0 0 0
1373587200 0 0 0 0
1373580000 0 0 0 0
1373572800 0 0 0 0
1373565600 0 0 0 0
1373558400 0 0 0 0
1373551200 0 0 0 0
1373544000 0 0 0 0
1373536800 0 0 0 0
1373529600 0 0 0 0
1373522400 0 0 0 0
1373515200 0 0 0 0
1373508000 0 0 0 0
1373500800 0 0 0 0
1373493600 0 0 0 0
1373486400 0 0 0 0
1373479200 0 0 0 0
1373472000 0 0 0 0
1373464800 0 0 0 0
1373457600 0 0 0 0
1373450400 0 0 0 0
1373443200 0 0 0 0
1373436000 0 0 0 0
1373428800 0 0 0 0
1373421600 0 0 0 0
1373414400 0 0 0 0
1373407200 0 0 0 0
1373400000 0 0 0 0
1373392800 0 0 0 0
1373385600 0 0 0 0
1373378400 0 0 0 0
1373371200 0 0 0 0
1373364000 0 0 0 0
1373356800 0 0 0 0
1373349600 0 0 0 0
1373342400 0 0 0 0
1373335200 0 0 0 0
1373328000 0 0 0 0
1373320800 0 0 0 0
1373313600 0 0 0 0
1373306400 0 0 0 0
1373299200 0 0 0 0
1373292000 0 0 0 0
1373284800 0 0 0 0
1373277600 0 0 0 0
1373270400 0 0 0 0
1373263200 0 0 0 0
1373256000 0 0 0 0
1373248800 0 0 0 0
1373241600 0 0 0 0
1373234400 0 0 0 0
1373227200 0 0 0 0
1373220000 0 0 0 0
1373212800 0 0 0 0
1373205600 0 0 0 0
1373198400 0 0 0 0
1373191200 0 0 0 0
1373184000 0 0 0 0
1373176800 0 0 0 0
1373169600 0 0 0 0
1373162400 0 0 0 0
1373155200 0 0 0 0
1373148000 0 0 0 0
1373140800 0 0 0 0
1373133600 0 0 0 0
1373126400 0 0 0 0
1373119200 0 0 0 0
1373112000 0 0 0 0
1373104800 0 0 0 0
1373097600 0 0 0 0
1373090400 0 0 0 0
1373083200 0 0 0 0
1373076000 0 0 0 0
1373068800 0 0 0 0
1373061600 0 0 0 0
1373054400 0 0 0 0
1373047200 0 0 0 0
1373040000 0 0 0 0
1373032800 0 0 0 0
1373025600 0 0 0 0
1373018400 0 0 0 0
1373011200 0 0 0 0
1373004000 0 0 0 0
1372996800 0 0 0 0
1372989600 0 0 0 0
1372982400 0 0 0 0
1372975200 0 0 0 0
1372968000 0 0 0 0
1372960800 0 0 0 0
1372953600 0 0 0 0
1372946400 0 0 0 0
1372939200 0 0 0 0
1372932000 0 0 0 0
1372924800 0 0 0 0
1372917600 0 0 0 0
1372910400 0 0 0 0
1372903200 0 0 0 0
1372896000 0 0 0 0
1372888800 0 0 0 0
1372881600 0 0 0 0
1372874400 0 0 0 0
1372867200 0 0 0 0
1372860000 0 0 0 0
1372852800 0 0 0 0
1372845600 0 0 0 0
1372838400 0 0 0 0
1372831200 0 0 0 0
1372824000 0 0 0 0
1372816800 0 0 0 0
1372809600 0 0 0 0
1372802400 0 0 0 0
1372795200 129 77 211 134
1372788000 188 138 3616 4329
1372780800 221 167 325 372
1372773600 174 129 252 252
1372766400 145 129 206 252
1372759200 146 128 205 245
1372752000 155 149 360 583
1372744800 146 129 210 251
1372737600 145 128 202 244
1372730400 150 126 231 249
1372723200 167 130 246 251
1372716000 195 130 254 254
1372708800 200 147 348 523
1372701600 196 130 254 252
1372694400 195 129 260 249
1372687200 189 131 249 257
1372680000 155 129 208 252
1372672800 141 128 200 246
1372665600 154 152 409 642
1372658400 144 129 205 252
1372651200 149 128 202 244
1372644000 148 130 207 255
1372636800 144 129 207 258
1372629600 150 130 212 255
1372622400 160 150 314 524
1372615200 148 129 212 254
1372608000 145 129 206 252
1372600800 146 129 206 245
1372593600 144 128 201 242
1372586400 146 130 198 255
1372579200 155 147 310 525
1372572000 145 129 207 249
1372564800 145 129 207 251
1372557600 145 129 202 251
1372550400 152 130 234 255
1372543200 145 128 206 251
1372536000 154 149 304 526
1372528800 143 128 202 252
1372521600 145 130 211 253
1372514400 148 129 205 251
1372507200 148 130 209 252
1372500000 147 129 208 251
1372492800 157 150 305 524
1372485600 148 129 203 250
1372478400 148 129 207 255
1372471200 152 128 217 246
1372464000 174 129 234 252
1372456800 192 129 250 252
1372449600 200 149 345 523
1372442400 193 129 251 247
1372435200 195 129 257 252
1372428000 184 129 245 248
1372420800 156 130 214 253
1372413600 151 129 218 255
1372406400 160 146 387 609
1372399200 152 129 214 254
1372392000 152 130 212 255
1372384800 157 131 214 248
1372377600 174 130 248 251
1372370400 196 128 255 254
1372363200 205 152 416 583
1372356000 195 128 261 250
1372348800 197 130 264 251
1372341600 182 129 266 250
1372334400 152 129 209 252
1372327200 151 129 210 251
1372320000 158 148 306 524
1372312800 148 129 209 250
1372305600 149 129 206 247
1372298400 155 129 221 254
1372291200 168 128 243 255
1372284000 189 128 258 252
1372276800 206 149 466 643
1372269600 195 129 257 253
1372262400 196 129 252 255
1372255200 182 132 254 250
1372248000 154 129 217 252
1372240800 152 129 213 247
1372233600 163 149 426 642
1372226400 154 129 210 256
1372219200 157 130 219 251
1372204800 170 129 360 583
1372118400 165 129 348 525
1372032000 145 129 362 582
1371945600 146 129 356 582
1371859200 163 130 357 524
1371772800 166 129 406 584
1371686400 171 129 350 525
1371600000 184 129 401 584
1371513600 168 129 359 586
1371427200 143 129 358 583
1371340800 145 129 304 524
1371254400 163 129 416 600
1371168000 167 129 409 584
1371081600 166 128 357 524
1370995200 162 129 419 643
1370908800 166 130 356 581
1370822400 144 130 417 643
1370736000 142 129 304 524
1370649600 166 128 356 534
1370563200 165 129 347 522
1370476800 166 129 354 525
1370390400 164 129 327 499
1370304000 163 130 351 524
1370217600 143 129 357 582
1370131200 143 129 304 523
1370044800 165 129 409 584
1369958400 117 80 407 583
1369872000 100 63 197 191
1369785600 98 63 192 192
1369699200 79 63 165 191
1369612800 77 63 143 190
1369526400 77 63 140 190
1369440000 96 64 192 191
1369353600 100 64 190 191
1369267200 104 64 192 190
1369180800 111 64 203 191
1369094400 104 63 204 191
1369008000 79 64 149 190
1368921600 79 63 154 189
1368835200 102 64 188 191
1368748800 102 64 202 190
1368662400 105 63 198 189
1368576000 103 64 186 190
1368489600 99 64 196 191
1368403200 79 63 142 191
1368316800 79 63 150 191
1368230400 103 64 194 191
1368144000 106 64 201 191
1368057600 105 64 195 190
1367971200 107 63 191 190
1367884800 157 120 355 526
1367798400 143 129 307 523
1367712000 146 129 303 525
1367625600 166 129 456 643
1367539200 170 128 357 524
1367452800 169 128 410 583
1367366400 169 129 354 525
1367280000 171 129 409 589
1367193600 151 128 373 583
1367107200 153 129 416 643
1367020800 173 128 474 644
1366934400 172 129 408 584
1366848000 173 129 403 583
1366761600 172 129 339 500
1366675200 167 129 406 584
1366588800 144 129 302 523
1366502400 146 129 310 524
1366416000 171 129 336 524
1366329600 170 129 349 522
1366243200 171 129 356 523
1366156800 171 128 351 524
1366070400 165 128 360 523
1365984000 143 129 356 585
1365897600 144 128 358 583
1365811200 169 128 353 524
1365724800 170 128 297 514
1365638400 172 129 409 605
1365552000 169 129 463 642
1365465600 164 128 353 523
1365379200 141 129 300 523
1365292800 143 129 358 583
1365206400 167 129 330 476
1365120000 164 128 361 583
1365033600 166 129 416 642
1364947200 169 128 365 583
1364860800 165 129 466 664
1364774400 142 130 367 662
1364688000 145 131 368 666
1364601600 169 130 385 650
1364515200 170 130 408 647
1364428800 168 129 404 667
1364342400 167 130 399 663
1364256000 164 129 420 663
1364169600 145 130 369 669
1364083200 154 131 418 667
1363996800 169 129 390 665
1363910400 174 131 396 665
1363824000 171 129 398 670
1363737600 170 129 408 657
1363651200 168 130 406 666
1363564800 147 130 372 665
1363478400 150 129 381 657
1363392000 171 130 402 666
1363305600 169 130 434 716
1363219200 172 130 408 667
1363132800 174 130 397 662
1363046400 168 130 418 654
1362960000 147 129 376 666
1362873600 151 130 379 691
1362787200 174 131 411 584
1362700800 171 129 355 583
1362614400 168 129 361 583
1362528000 169 129 405 583
1362441600 168 129 361 558
1362355200 147 128 363 582
1362268800 146 129 303 524
1362182400 174 130 314 524
1362096000 112 69 361 336
1362009600 104 64 206 191
1361923200 104 64 209 190
1361836800 100 64 199 191
1361750400 80 64 152 190
1361664000 83 64 179 191
1361577600 102 64 207 191
1361491200 108 63 202 191
1361404800 102 64 201 192
1361318400 104 63 196 192
1361232000 89 64 163 189
1361145600 88 64 154 191
1361059200 88 64 163 192
1360972800 104 64 198 191
1360886400 102 64 235 191
1360800000 105 64 196 191
1360713600 106 64 196 190
1360627200 98 63 199 191
1360540800 79 63 152 192
1360454400 80 64 150 190
1360368000 93 63 200 192
1360281600 109 64 199 191
1360195200 104 64 202 191
1360108800 103 63 202 190
1360022400 100 64 203 191
1359936000 79 63 149 189
1359849600 81 64 356 234
1359763200 107 63 199 191
1359676800 108 64 201 191
1359590400 106 63 212 191
1359504000 108 64 206 191
1359417600 103 64 204 191
1359331200 83 63 158 191
1359244800 83 63 173 192
1359158400 103 64 197 191
1359072000 106 64 204 193
1358985600 105 64 202 191
1358899200 100 63 199 191
1358812800 85 64 182 191
1358726400 80 63 156 191
1358640000 80 63 164 191
1358553600 105 64 198 191
1358467200 106 63 204 191
1358380800 107 63 201 190
1358294400 104 64 206 191
1358208000 103 64 208 191
1358121600 81 63 155 190
1358035200 81 64 161 191
1357948800 103 63 201 190
1357862400 103 63 203 191
1357776000 108 64 209 191
1357689600 107 62 203 191
1357603200 355 323 508 509
1357516800 392 382 500 510
1357430400 391 381 485 508
1357344000 412 382 510 510
1357257600 414 382 509 511
1357171200 411 382 510 509
1357084800 391 382 464 509
1356998400 407 382 508 509
1356912000 392 381 464 508
1356825600 392 382 467 509
1356739200 408 382 497 509
1356652800 408 381 509 511
1356566400 408 381 504 509
1356480000 389 382 465 509
1356393600 390 382 465 507
1356307200 389 382 467 508
1356220800 391 381 465 508
1356134400 412 382 504 509
1356048000 415 381 513 509
1355961600 413 382 510 512
1355875200 414 381 509 508
1355788800 410 381 508 509
1355702400 389 381 468 510
1355616000 399 382 499 510
1355529600 413 381 507 509
1355443200 415 382 517 510
1355356800 416 381 511 509
1355270400 415 382 506 508
1355184000 411 382 514 510
1355097600 390 382 461 509
1355011200 394 381 487 508
1354924800 413 381 511 508
1354838400 415 381 511 509
1354752000 414 381 515 510
1354665600 414 381 509 507
1354579200 411 381 513 509
1354492800 391 381 470 510
1354406400 400 380 506 508
1354320000 414 381 516 510
1354233600 415 381 511 509
1354147200 414 381 515 512
1354060800 414 381 513 508
1353974400 409 381 509 510
1353888000 3491 289 284457 8734
1353801600 80 71 151 200
1353715200 82 71 155 203
1353628800 81 71 152 199
1353542400 101 72 201 205
1353456000 101 73 190 205
1353369600 98 73 196 218
1353283200 80 71 155 199
1353196800 82 71 165 206
1353110400 101 74 208 212
1353024000 102 75 198 211
1352937600 103 77 202 219
1352851200 104 74 200 212
1352764800 102 76 210 219
1352678400 86 71 169 201
1352592000 83 71 174 202
1352505600 100 76 198 212
1352419200 99 76 198 211
1352332800 102 77 200 215
1352246400 103 76 195 214
1352160000 103 75 201 211
1352073600 87 72 187 204
1351987200 84 72 169 198
1351900800 97 74 195 210
1351814400 102 76 198 212
1351728000 100 75 197 212
1351641600 86 71 189 201
1351555200 80 71 183 200
1351468800 79 72 150 198
1351382400 79 72 151 201
1351296000 97 75 194 207
1351209600 101 77 193 212
1351123200 103 76 202 221
1351036800 107 76 196 213
1350950400 99 78 197 216
1350864000 81 72 147 200
1350777600 81 71 166 204
1350691200 102 75 202 212
1350604800 104 76 199 224
1350518400 104 76 200 209
1350432000 106 77 202 278
1350345600 103 77 197 213
1350259200 84 72 158 198
1350172800 84 71 164 203
1350086400 108 76 195 210
1350000000 107 78 199 219
1349913600 102 76 198 222
1349827200 104 77 201 223
1349740800 102 76 203 220
1349654400 85 74 164 207
1349568000 83 72 177 202
1349481600 106 76 201 216
1349395200 105 77 201 215
1349308800 104 76 198 211
1349222400 103 76 194 210
1349136000 100 76 209 213
1349049600 82 72 158 201
1348963200 88 72 167 204
1348876800 106 76 209 211
1348790400 106 78 199 215
1348704000 107 76 201 211
1348617600 109 78 195 211
1348531200 102 77 206 220
1348444800 81 72 156 201
1348358400 81 72 153 199
1348272000 102 75 199 204
1348185600 107 77 203 213
1348099200 105 77 205 220
1348012800 106 77 201 207
1347926400 100 75 197 210
1347840000 84 73 154 203
1347753600 85 73 161 202
1347667200 104 75 202 211
1347580800 103 76 201 217
1347494400 107 77 206 255
1347408000 106 77 202 216
1347321600 104 77 200 217
1347235200 83 72 154 201
1347148800 84 73 167 202
1347062400 103 76 203 217
1346976000 102 77 196 214
1346889600 103 77 204 220
1346803200 107 77 202 227
1346716800 83 73 160 200
1346630400 83 73 152 200
1346544000 83 73 153 203
1346457600 99 74 206 213
1346371200 107 76 200 213
1346284800 104 76 204 215
1346198400 103 75 199 208
1346112000 101 75 199 212
1346025600 85 73 156 208
1345939200 87 72 158 201
1345852800 106 79 289 775
1345766400 107 75 207 209
1345680000 109 89 395 2682
1345593600 109 76 209 210
1345507200 103 75 209 208
1345420800 81 72 149 201
1345334400 84 71 181 201
1345248000 98 73 194 203
1345161600 102 75 196 209
1345075200 102 74 189 206
1344988800 104 75 201 214
1344902400 100 75 199 217
1344816000 81 71 146 197
1344729600 82 71 152 198
1344643200 100 78 192 1097
1344556800 102 75 193 209
1344470400 103 75 204 209
1344384000 102 74 200 209
1344297600 101 75 197 220
1344211200 80 71 156 200
1344124800 83 71 158 201
1344038400 102 74 198 207
1343952000 105 77 207 214
1343865600 109 76 227 216
1343779200 105 75 203 216
1343692800 99 75 196 212
1343606400 82 72 151 199
1343520000 83 72 155 202
1343433600 101 74 197 210
1343347200 106 77 194 214
1343260800 107 76 195 209
1343174400 106 77 195 215
1343088000 100 78 197 220
1343001600 80 72 150 201
1342915200 83 72 159 196
1342828800 109 75 195 213
1342742400 102 76 200 216
1342656000 104 86 365 1719
1342569600 103 76 193 224
1342483200 100 76 197 210
1342396800 80 71 148 197
1342310400 80 71 152 197
1342224000 101 75 199 212
1342137600 105 76 195 215
1342051200 106 76 203 215
1341964800 103 77 201 217
1341878400 102 77 197 210
1341792000 79 71 157 199
1341705600 81 71 160 198
1341619200 96 75 199 213
1341532800 100 76 196 213
1341446400 82 71 156 199
1341360000 101 74 201 219
1341273600 100 76 203 219
1341187200 80 70 149 199
1341100800 82 73 163 206
1341014400 106 76 199 217
1340928000 103 76 199 206
1340841600 104 78 198 214
1340755200 104 77 200 217
1340668800 100 76 197 215
1340582400 80 71 147 197
1340496000 81 72 172 198
1340409600 101 74 190 210
1340323200 104 77 197 216
1340236800 102 76 193 210
1340150400 102 76 196 213
1340064000 102 77 205 217
1339977600 81 72 145 199
1339891200 83 71 160 199
1339804800 105 75 192 210
1339718400 102 78 200 217
1339632000 104 77 202 219
1339545600 105 79 209 218
1339459200 100 78 198 220
1339372800 80 73 146 200
1339286400 81 73 204 203
1339200000 99 78 196 218
1339113600 102 79 196 217
1339027200 106 80 203 221
1338940800 103 81 196 249
1338854400 1540 123 92496 4328
1338768000 0 0 0 0
1338681600 0 0 0 0
1338595200 0 0 0 0
1338508800 0 0 0 0
1338422400 0 0 0 0
1338336000 0 0 0 0
1338249600 0 0 0 0
1338163200 0 0 0 0
1338076800 0 0 0 0
1337990400 0 0 0 0
1337904000 0 0 0 0
1337817600 0 0 0 0
1337731200 0 0 0 0
1337644800 0 0 0 0
1337558400 0 0 0 0
1337472000 0 0 0 0
1337385600 0 0 0 0
1337299200 0 0 0 0
1337212800 0 0 0 0
1337126400 0 0 0 0
1337040000 0 0 0 0
1336953600 0 0 0 0
1336867200 0 0 0 0
1336780800 0 0 0 0
1336694400 0 0 0 0
1336608000 0 0 0 0
1336521600 0 0 0 0
1336435200 0 0 0 0
1336348800 0 0 0 0
1336262400 0 0 0 0
1336176000 0 0 0 0
1336089600 0 0 0 0
1336003200 0 0 0 0
1335916800 0 0 0 0
1335830400 0 0 0 0
1335744000 0 0 0 0
1335657600 0 0 0 0
1335571200 0 0 0 0
1335484800 0 0 0 0
1335398400 0 0 0 0
1335312000 0 0 0 0
1335225600 0 0 0 0
1335139200 0 0 0 0
1335052800 0 0 0 0
1334966400 74 119 1116 1144
1334880000 74 128 437 1170
1334793600 73 129 426 1187
1334707200 73 129 478 1193
1334620800 73 128 431 1172
1334534400 72 125 451 1106
1334448000 77 130 451 1138
1334361600 80 133 689 1322
1334275200 82 144 632 3509
1334188800 76 131 454 1189
1334102400 75 130 446 1174
1334016000 77 130 452 1143
1333929600 77 130 439 1304
1333843200 22 36 7453 8023
1333756800 77 131 445 1395
1333670400 77 132 452 1421
1333584000 75 131 517 1405
1333497600 77 132 510 1394
1333411200 77 131 477 1359
1333324800 78 131 445 1408
1333238400 78 130 452 1397
1333152000 77 131 450 1326
1333065600 75 130 441 1248
1332979200 80 171 494 4190
1332892800 74 120 428 1066
1332806400 75 121 429 1180
1332720000 75 122 442 1183
1332633600 74 121 465 1157
1332547200 75 122 445 1220
1332460800 75 120 461 1209
1332374400 76 121 411 1174
1332288000 74 120 439 1167
1332201600 76 122 436 1079
1332115200 75 122 442 1049
1332028800 77 122 449 1057
1331942400 75 122 428 1112
1331856000 74 120 426 1000
1331769600 75 122 429 1075
1331683200 75 122 442 1174
1331596800 75 123 444 1227
1331510400 76 123 434 1115
1331424000 77 123 438 1129
1331337600 75 121 405 1056
1331251200 74 122 489 1206
1331164800 76 123 426 1171
1331078400 75 123 438 1178
1330992000 75 120 434 1107
1330905600 77 123 444 1094
1330819200 76 123 445 1190
1330732800 76 122 410 984
1330646400 77 132 614 4230
1330560000 76 118 431 1016
1330473600 113 251 575 1415
1330387200 76 119 425 971
1330300800 74 121 453 1003
1330214400 74 121 426 999
1330128000 74 119 396 999
1330041600 76 119 422 986
1329955200 73 119 411 1022
1329868800 74 119 439 1013
1329782400 74 118 420 1006
1329696000 76 119 428 1013
1329609600 74 120 417 1016
1329523200 76 119 419 1019
1329436800 74 119 421 1021
1329350400 74 119 418 1025
1329264000 76 119 421 1011
1329177600 76 121 451 1023
1329091200 74 118 424 938
1329004800 76 119 418 1000
1328918400 73 120 396 1016
1328832000 74 117 418 1014
1328745600 73 118 421 1035
1328659200 80 143 528 1310
1328572800 75 119 462 1019
1328486400 76 117 424 1007
1328400000 76 120 445 959
1328313600 78 123 477 1060
1328227200 76 122 440 1028
1328140800 77 123 463 1036
1328054400 78 123 448 1046
1327968000 79 131 443 977
1327881600 74 118 420 945
1327795200 76 118 441 968
1327708800 75 119 426 991
1327622400 77 127 422 1014
1327536000 79 140 477 3732
1327449600 72 114 405 980
1327363200 74 115 428 965
1327276800 71 116 408 985
1327190400 71 116 412 996
1327104000 76 132 435 3027
1327017600 72 119 414 930
1326931200 71 114 429 984
1326844800 75 118 443 962
1326758400 74 117 425 1017
1326672000 74 117 415 985
1326585600 73 119 411 1660
1326499200 75 119 411 1005
1326412800 72 115 423 951
1326326400 75 118 440 963
1326240000 74 117 438 988
1326153600 73 118 431 1001
1326067200 73 118 426 943
1325980800 75 125 704 3647
1325894400 73 116 435 962
1325808000 75 129 429 2530
1325721600 71 116 422 990
1325635200 74 115 399 1058
1325548800 74 116 419 1041
1325462400 73 117 402 1029
1325376000 73 118 422 1036
1325289600 75 116 410 1017
1325203200 75 116 419 979
1325116800 75 117 409 975
1325030400 74 117 432 1028
1324944000 85 118 474 961
1324857600 76 117 434 1032
1324771200 74 118 412 986
1324684800 75 117 420 968
1324598400 78 113 422 981
1324512000 73 113 401 815
1324425600 79 118 543 1949
1324339200 74 128 392 3589
1324252800 73 113 393 814
1324166400 73 114 385 808
1324080000 73 114 402 811
1323993600 75 113 406 801
1323907200 74 116 403 842
1323820800 73 124 391 3005
1323734400 74 113 407 814
1323648000 73 114 409 821
1323561600 73 114 417 833
1323475200 73 113 447 806
1323388800 78 131 413 3634
1323302400 75 113 414 795
1323216000 75 113 407 803
1323129600 75 113 402 806
1323043200 74 113 420 802
1322956800 74 111 403 813
1322870400 74 114 401 800
1322784000 74 112 402 820
1322697600 74 116 392 823
1322611200 72 112 395 826
1322524800 77 127 454 3634
1322438400 72 113 400 798
1322352000 73 111 421 819
1322265600 72 111 369 800
1322179200 73 111 395 805
1322092800 71 111 389 815
1322006400 72 113 395 820
1321920000 73 115 411 824
1321833600 72 112 402 814
1321747200 72 111 385 808
1321660800 72 114 402 826
1321574400 75 148 412 3520
1321488000 74 129 485 3863
1321401600 115 212 402 809
1321315200 122 235 477 3654
1321228800 120 218 416 809
1321142400 122 220 394 809
1321056000 124 238 472 3658
1320969600 83 140 390 848
1320883200 84 162 463 3585
1320796800 65 126 487 3726
1320710400 60 91 344 664
1320624000 60 88 337 674
1320537600 60 90 327 663
1320451200 58 89 326 666
1320364800 15 22 935 1111
1320278400 0 0 0 0
1320192000 0 0 0 0
1320105600 0 0 0 0
1320019200 0 0 0 0
1319932800 0 0 0 0
1319846400 0 0 0 0
1319760000 0 0 0 0
1319673600 0 0 0 0
1319587200 0 0 0 0
1319500800 0 0 0 0
1319414400 0 0 0 0
1319328000 0 0 0 0
1319241600 0 0 0 0
1319155200 0 0 0 0
1319068800 0 0 0 0
1318982400 0 0 0 0
1318896000 0 0 0 0
1318809600 0 0 0 0
1318723200 0 0 0 0
1318636800 0 0 0 0
1318550400 0 0 0 0
1318464000 0 0 0 0
1318377600 0 0 0 0
1318291200 0 0 0 0
1318204800 0 0 0 0
1318118400 0 0 0 0
1318032000 0 0 0 0
1317945600 0 0 0 0
1317859200 0 0 0 0
1317772800 0 0 0 0
1317686400 0 0 0 0
1317600000 0 0 0 0
1317513600 0 0 0 0
1317427200 0 0 0 0
1317340800 0 0 0 0
1317254400 0 0 0 0
1317168000 0 0 0 0
1317081600 0 0 0 0
1316995200 0 0 0 0
1316908800 0 0 0 0
1316822400 0 0 0 0
1316736000 0 0 0 0
1316649600 0 0 0 0
1316563200 0 0 0 0
1316476800 0 0 0 0
1316390400 0 0 0 0
1316304000 0 0 0 0
1316217600 0 0 0 0
1316131200 0 0 0 0
1316044800 0 0 0 0
1315958400 0 0 0 0
1315872000 0 0 0 0
1315785600 0 0 0 0
1315699200 0 0 0 0
1315612800 0 0 0 0
1315526400 0 0 0 0
1315440000 0 0 0 0
1315353600 0 0 0 0
1315267200 0 0 0 0
1315180800 0 0 0 0
1315094400 0 0 0 0
1315008000 0 0 0 0
1314921600 0 0 0 0
1314835200 0 0 0 0
1314748800 0 0 0 0
1314662400 0 0 0 0
1314576000 0 0 0 0
1314489600 0 0 0 0
1314403200 0 0 0 0
1314316800 0 0 0 0
1314230400 0 0 0 0
1314144000 0 0 0 0
1314057600 0 0 0 0
1313971200 0 0 0 0
1313884800 0 0 0 0
1313798400 0 0 0 0
1313712000 0 0 0 0
1313625600 0 0 0 0
1313539200 0 0 0 0
1313452800 0 0 0 0
1313366400 0 0 0 0
1313280000 0 0 0 0
1313193600 0 0 0 0
1313107200 0 0 0 0
1313020800 0 0 0 0
1312934400 0 0 0 0
1312848000 0 0 0 0
1312761600 0 0 0 0
1312675200 0 0 0 0
1312588800 0 0 0 0
1312502400 0 0 0 0
1312416000 0 0 0 0
1312329600 0 0 0 0
1312243200 0 0 0 0
1312156800 0 0 0 0
1312070400 0 0 0 0
1311984000 0 0 0 0
1311897600 0 0 0 0
1311811200 0 0 0 0
1311724800 0 0 0 0
1311638400 0 0 0 0
1311552000 0 0 0 0
1311465600 0 0 0 0
1311379200 0 0 0 0
1311292800 0 0 0 0
1311206400 0 0 0 0
1311120000 0 0 0 0
1311033600 0 0 0 0
1310947200 0 0 0 0
1310860800 0 0 0 0
1310774400 0 0 0 0
1310688000 0 0 0 0
1310601600 0 0 0 0
1310515200 0 0 0 0
1310428800 0 0 0 0
1310342400 0 0 0 0
1310256000 0 0 0 0
1310169600 0 0 0 0
1310083200 0 0 0 0
1309996800 0 0 0 0
1309910400 0 0 0 0
1309824000 0 0 0 0
1309737600 0 0 0 0
1309651200 0 0 0 0
1309564800 0 0 0 0
1309478400 0 0 0 0
1309392000 0 0 0 0
1309305600 0 0 0 0
1309219200 0 0 0 0
1309132800 0 0 0 0
1309046400 0 0 0 0
