1377805803 390791113 1592604534
1377805803 865012 19182 865012 19182
1377805503 629878 13054 629878 13054
1377805500 629878 13066 629878 14260
1377805200 631598 14296 801951 17924
1377804900 801306 17912 801951 17924
1377804600 737952 16821 808578 18012
1377804300 808912 18021 841996 18981
1377804000 841498 18968 841996 18981
1377803700 792383 17783 808084 18375
1377803400 808379 18376 837680 18512
1377803100 838011 18522 887471 20056
1377802800 887282 20050 887471 20056
1377802500 868840 19489 890753 19498
1377802200 890729 19501 890753 19843
1377801900 888131 19835 888370 19843
1377801600 864527 19065 864549 19344
1377801300 861160 19336 861394 19344
1377801000 827142 18216 902661 20526
1377800700 902468 20513 902661 20526
1377800400 883196 19332 883395 20439
1377800100 863568 20424 863568 20439
1377799800 863287 19017 863568 19024
1377799500 835636 18393 848259 18788
1377799200 848739 18803 896276 20302
1377798900 896482 20306 916895 20773
1377798600 916645 20760 916895 20773
1377798300 896457 19805 898180 19832
1377798000 719457 17047 725926 17196
1377797700 79072 2357 79102 2358
1377797400 76171 2274 76190 2275
1377797100 74403 2202 79438 2320
1377796800 79389 2319 79438 2320
1377796500 74603 2250 74617 2251
1377796200 74738 2245 86718 2490
1377795900 86766 2491 91614 2626
1377795600 92646 2647 194859 4796
1377795300 194640 4791 194859 4796
1377795000 173129 4341 186710 4525
1377794700 189001 4572 530445 11653
1377794400 530786 11660 564587 12361
1377794100 564366 12357 564587 12361
1377793800 541754 12039 542533 12051
1377793500 461761 10873 464636 10939
1377793200 181324 4457 592703 12928
1377792900 592043 12913 592703 12928
1377792600 526437 11510 526734 11516
1377792300 496204 10963 497102 10983
1377792000 406538 9006 407314 9022
1377791700 330168 7519 389421 8774
1377791400 390179 8787 465249 10163
1377791100 466258 10184 566232 12272
1377790800 565712 12271 566232 12272
1377790500 514309 12182 514309 12189
1377790200 515229 11209 606371 13302
1377789900 605478 13282 606371 13302
1377789600 517634 11359 570640 12460
1377789300 567992 12405 570640 12460
1377789000 307525 7019 470065 10440
1377788700 470514 10448 537546 11713
1377788400 535150 11663 537546 11713
1377788100 296124 6677 298036 6716
1377787800 107056 2898 123295 3187
1377787500 123248 3187 123295 3239
1377787200 118626 3239 121057 3331
1377786900 120897 3326 121057 3331
1377786600 105147 2866 107110 2873
1377786300 107197 2874 115839 3009
1377786000 115808 3008 115839 3009
1377785700 112744 2975 112753 2976
1377785400 111722 2921 111859 2924
1377785100 98488 2694 121420 3173
1377784800 121672 3179 146678 3783
1377784500 148472 3820 326168 7501
1377784200 326214 7500 333082 7501
1377783900 335368 7543 561696 12439
1377783600 561645 12439 561696 12468
1377783300 552713 12384 556630 12468
1377783000 164940 4109 164954 4110
1377782700 165311 4131 408266 9374
1377782400 409773 9402 558988 12272
1377782100 557245 12236 558988 12272
1377781800 295469 6945 297630 6991
1377781500 81879 2424 110799 2922
1377781200 112223 2952 253225 5958
1377780900 255280 5998 458725 10050
1377780600 459855 10073 571813 12371
1377780300 572127 12378 603254 13094
1377780000 602742 13080 603254 13094
1377779700 552380 11753 582134 12456
1377779400 580385 12420 582134 12456
1377779100 321751 7198 510289 11129
1377778800 510262 11129 510289 11172
1377778500 505970 11136 507638 11172
1377778200 256912 5780 257489 5792
1377777900 200754 4655 331128 7365
1377777600 332530 7399 471383 10785
1377777300 471383 10782 471383 10785
1377777000 471107 10358 471383 10364
1377776700 443559 9784 443830 9791
1377776400 415965 9158 416818 9175
1377776100 332915 7520 470785 10321
1377775800 469132 10285 470785 10321
1377775500 303471 6695 305582 6738
1377775200 94708 2448 107928 2714
1377774900 107846 2712 107928 2714
1377774600 99854 2551 105648 2698
1377774300 105585 2696 105648 2698
1377774000 99336 2544 99387 2546
1377773700 94369 2434 97320 2491
1377773400 98134 2508 178818 4286
1377773100 181265 4336 423562 9372
1377772800 423363 9367 423562 9372
1377772500 401080 8875 403728 8931
1377772200 141985 3462 435136 9641
1377771900 435516 9652 473190 10782
1377771600 473753 10797 529523 12326
1377771300 528335 12298 529523 12326
1377771000 408256 9512 410774 9568
1377770700 158361 3962 159039 3978
1377770400 91422 2468 110812 2924
1377770100 110625 2919 110812 2924
1377769800 94200 2530 298314 7029
1377769500 299779 7061 444822 10262
1377769200 445250 10271 487684 11237
1377768900 487218 11226 487684 11237
1377768600 441508 10160 476429 11038
1377768300 476299 11034 476429 11038
1377768000 457135 10524 463724 10659
1377767700 462396 10633 463724 10659
1377767400 332073 8135 440987 13283
1377767100 439769 13230 440987 13283
1377766800 320094 8040 409698 9513
1377766500 410099 9524 449862 10646
1377766200 450008 10646 464533 10720
1377765900 464327 10714 464533 10720
1377765600 443778 10208 443979 10212
1377765300 424003 9894 428493 9896
1377765000 428263 9716 428493 9720
1377764700 406010 9382 451881 9387
1377764400 451881 8946 451881 10309
1377764100 449101 10248 451881 10309
1377763800 173501 4228 173969 4239
1377763500 103862 2704 107259 2705
1377763200 109916 2728 372986 8286
1377762900 373366 8293 411081 9078
1377762600 411305 9082 433556 9519
1377762300 433154 9510 433556 9519
1377762000 372358 8206 373316 8226
1377761700 276110 6198 277593 6229
1377761400 129612 3181 173786 4215
1377761100 173639 4211 173786 4215
1377760800 161389 3916 381016 8431
1377760500 381482 8440 427634 9411
1377760200 427989 9418 480932 10528
1377759900 480878 10526 480932 10528
1377759600 475847 10369 505181 11029
1377759300 504663 11017 505181 11029
1377759000 452410 9881 453454 9903
1377758700 346949 7712 349121 7758
1377758400 131815 3193 132013 3197
1377758100 112239 2806 112378 2807
1377757800 112381 2756 112775 2836
1377757500 112604 2832 112775 2836
1377757200 95819 2456 107245 2751
1377756900 107295 2751 112324 2823
1377756600 112246 2821 112324 2823
1377756300 104467 2679 104546 2681
1377756000 96839 2504 108879 2749
1377755700 108886 2749 109606 2817
1377755400 109613 2817 110376 2818
1377755100 110196 2813 110376 2818
1377754800 92538 2388 101858 2653
1377754500 101819 2652 101858 2653
1377754200 96140 2504 98241 2570
1377753900 98282 2570 104533 2659
1377753600 104571 2659 108412 2747
1377753300 108410 2747 108412 2797
1377753000 108182 2795 108259 2797
1377752700 100549 2625 100587 2627
1377752400 94844 2445 95021 2449
1377752100 77292 2143 77340 2145
1377751800 73080 1975 124317 3122
1377751500 124609 3128 153558 3741
1377751200 153368 3736 153558 3741
1377750900 136844 3335 356680 7939
1377750600 356667 7938 356680 7939
1377750300 352709 7876 355380 7932
1377750000 88399 2380 95074 2433
1377749700 95231 2436 110793 2741
1377749400 110657 2738 110793 2741
1377749100 90479 2373 98118 2495
1377748800 98126 2494 98957 2495
1377748500 98938 2477 98957 2495
1377748200 97103 2494 97130 2495
1377747900 93042 2417 93125 2419
1377747600 84877 2230 84956 2231
1377747300 85497 2195 139110 3367
1377747000 139338 3371 161961 3792
1377746700 162865 3811 252454 5701
1377746400 250753 5666 252454 5701
1377746100 82259 2209 82369 2212
1377745800 66070 1804 73491 2018
1377745500 73512 2017 75685 2018
1377745200 75697 2006 76909 2038
1377744900 76746 2034 76909 2038
1377744600 60696 1685 69065 1876
1377744300 69153 1877 77916 2047
1377744000 77915 2047 77916 2079
1377743700 77811 2076 77905 2079
1377743400 68585 1851 73950 1989
1377743100 73980 1989 78592 2089
1377742800 78990 2097 118474 2932
1377742500 118302 2928 118474 2932
1377742200 101014 2578 101357 2585
1377741900 67069 1885 67122 1887
1377741600 61997 1719 75663 2032
1377741300 75574 2030 75663 2032
1377741000 66714 1845 66806 1848
1377740700 57698 1626 63897 1763
1377740400 63851 1762 63897 1763
1377740100 59311 1714 60477 1727
1377739800 60477 1726 60515 1727
1377739500 60582 1714 67222 1903
1377739200 67188 1901 67222 1903
1377738900 63872 1779 65138 1780
1377738600 65041 1760 65138 1762
1377738300 55904 1611 98452 2477
1377738000 99570 2500 266166 5990
1377737700 266331 5991 282705 6179
1377737400 281373 6152 282705 6179
1377737100 150766 3532 275403 4979
1377736800 275403 4989 275403 6078
1377736500 275704 6084 320638 6991
1377736200 320406 6986 320638 6991
1377735900 286132 6307 313648 6858
1377735600 311522 6815 313648 6858
1377735300 101194 2589 106584 2699
1377735000 106414 2695 106584 2699
1377734700 89676 2341 97887 2515
1377734400 97985 2517 112673 2848
1377734100 112628 2846 112673 2848
1377733800 107413 2704 254066 5725
1377733500 254354 5731 282927 6379
1377733200 282526 6371 282927 6379
1377732900 242874 5582 242888 5583
1377732600 241971 5530 309939 6951
1377732300 309821 6948 309939 6951
1377732000 298569 6734 331432 7453
1377731700 331152 7446 331432 7453
1377731400 289605 6481 305267 6860
1377731100 304974 6853 305267 6860
1377730800 276314 6225 302091 6798
1377730500 301889 6793 302091 6798
1377730200 282264 6378 312878 6976
1377729900 312930 6978 318099 7257
1377729600 317686 7247 318099 7257
1377729300 276769 6328 276845 6330
1377729000 269230 6133 269302 6135
1377728700 262681 5998 310313 7064
1377728400 310224 7059 310313 7064
1377728100 301267 6654 301440 6658
1377727800 275070 6161 275632 6173
1377727500 222741 5083 549061 11895
1377727200 549222 11899 573266 12637
1377726900 573208 12632 573266 12637
1377726600 567393 12186 567562 12189
1377726300 548625 11866 550709 11908
1377726000 344288 7819 537460 11633
1377725700 537782 11640 569708 12386
1377725400 569262 12375 569708 12386
1377725100 526141 11403 621064 13452
1377724800 620441 13439 621064 13452
1377724500 528221 11553 585972 12792
1377724200 585818 12799 585972 13534
1377723900 570601 13521 570601 13534
1377723600 569276 12304 570601 12329
1377723300 436852 9831 438123 9859
1377723000 312378 7107 514090 11375
1377722700 514682 11385 573329 12428
1377722400 572183 12405 573329 12428
1377722100 456689 10176 458807 10220
1377721800 250220 5950 566727 12385
1377721500 567200 12395 614085 13396
1377721200 609827 13308 614085 13396
1377720900 187515 4601 188345 4619
1377720600 105535 2828 116276 3068
1377720300 116520 3072 140723 3537
1377720000 141135 3547 181965 4591
1377719700 181920 4589 181965 4591
1377719400 178320 4395 471497 10265
1377719100 472301 10281 551910 11948
1377718800 547113 11850 551910 11948
1377718500 191046 4597 192135 4618
1377718200 110459 3105 110478 3108
1377717900 108590 2894 109630 2967
1377717600 109641 2966 110781 2967
1377717300 110904 2953 123115 3207
1377717000 122874 3202 123115 3207
1377716700 99145 2748 110852 2986
1377716400 110980 2989 123682 3301
1377716100 123534 3297 123682 3301
1377715800 108904 2904 108971 2905
1377715500 102396 2860 109881 2919
1377715200 109882 2919 110002 2935
1377714900 110044 2936 114253 3038
1377714600 114193 3036 114253 3038
1377714300 108178 2866 108253 2868
1377714000 101179 2726 138304 3654
1377713700 138610 3659 168930 4171
1377713400 171472 4223 423206 9461
1377713100 424872 9495 589838 12879
1377712800 589671 12877 589838 12879
1377712500 573228 12697 576135 12699
1377712200 576757 12712 638347 14017
1377711900 637759 14004 638347 14017
1377711600 579681 12746 593044 13077
1377711300 593408 13085 629450 13893
1377711000 628757 13877 629450 13893
1377710700 560137 12334 560152 12399
1377710400 558403 12397 601998 12399
1377710100 601998 12222 601998 13346
1377709800 601907 13342 601998 13346
1377709500 592117 12972 592981 12990
1377709200 464129 10371 559439 12321
1377708900 558727 12306 559439 12321
1377708600 489110 10909 566305 12652
1377708300 566240 12648 566305 12652
1377708000 557816 12303 559806 12344
1377707700 362206 8364 500460 11230
1377707400 499618 11212 500460 11230
1377707100 412900 9371 416284 9441
1377706800 77829 2482 77980 2487
1377706500 62928 2015 62974 2016
1377706200 56209 1919 68863 2171
1377705900 68761 2168 68863 2171
1377705600 58755 1925 61008 2006
1377705300 61455 2015 105761 2946
1377705000 107210 2975 250686 5878
1377704700 250558 5874 250686 5878
1377704400 237172 5535 237918 5550
1377704100 164670 4096 291787 6745
1377703800 291687 6741 291787 6745
1377703500 281963 6441 290343 6755
1377703200 291686 6783 424680 9575
1377702900 425271 9588 483842 10959
1377702600 483650 10957 483842 10959
1377702300 465914 10843 591705 13070
1377702000 589952 13034 591705 13070
1377701700 416005 9526 416498 9534
1377701400 368678 8830 505761 11488
1377701100 507851 11530 714855 15774
1377700800 715144 15781 743764 16478
1377700500 743791 16478 746501 16511
1377700200 747033 16524 799795 17899
1377699900 798874 17887 799795 17899
1377699600 707751 16703 707751 16713
1377699300 708071 15731 739816 16468
1377699000 739580 16462 739816 16468
1377698700 716628 15970 764366 17000
1377698400 763927 16988 764366 17000
1377698100 720982 15859 770196 16901
1377697800 770025 16896 770196 16901
1377697500 752902 16476 753103 16479
1377697200 730337 16161 733081 16220
1377696900 460623 10417 747733 16468
1377696600 747429 16460 747733 16468
1377696300 713975 15680 717377 15747
1377696000 380858 9135 739635 16515
1377695700 738566 16490 739635 16515
1377695400 633712 14131 729507 16111
1377695100 729317 16106 729507 16111
1377694800 700520 15369 701029 15379
1377694500 650605 14450 690769 15171
1377694200 690881 15173 701997 15457
1377693900 701981 15457 701997 15514
1377693600 700259 15511 760302 15514
1377693300 760302 15286 760302 16852
1377693000 760639 16855 794044 17197
1377692700 793642 17189 794044 17197
1377692400 732937 15998 733850 16019
1377692100 642885 14000 673609 14767
1377691800 673465 14763 673609 14767
1377691500 659635 14420 698253 15390
1377691200 697699 15377 698253 15390
1377690900 615346 13583 627213 13619
1377690600 626818 13612 627213 13619
1377690300 588453 12931 653452 14161
1377690000 653612 14165 669507 14643
1377689700 669526 14643 671461 14683
1377689400 671076 14673 671461 14683
1377689100 633305 13718 677951 14910
1377688800 678057 14910 693867 14976
1377688500 694233 14985 730518 15921
1377688200 730283 15914 730518 15921
1377687900 707525 15274 754649 16549
1377687600 752884 16510 754649 16549
1377687300 577776 12641 578193 12661
1377687000 536553 10690 536553 12112
1377686700 535527 12089 536553 12112
1377686400 436438 9883 673806 14762
1377686100 673770 14761 673806 14762
1377685800 670192 14667 670247 14703
1377685500 665066 14709 693277 15361
1377685200 693618 15367 727451 15962
1377684900 726135 15931 727451 15962
1377684600 592881 12859 595858 12921
1377684300 299521 6763 425702 9674
1377684000 425757 9675 431280 9813
1377683700 429715 9779 431280 9813
1377683400 275006 6475 291784 6728
1377683100 295113 6796 624775 13546
1377682800 624477 13539 624775 13546
1377682500 578983 12511 580180 12536
1377682200 461955 10145 600306 12993
1377681900 600254 12994 600306 13098
1377681600 595727 13107 649907 14027
1377681300 649864 14026 649907 14027
1377681000 643910 13917 645650 13952
1377680700 383024 8758 384765 8797
1377680400 211125 5003 254158 5934
1377680100 253778 5925 254158 5934
1377679800 216917 5122 287339 6617
1377679500 289471 6660 607213 13078
1377679200 607908 13094 676725 14693
1377678900 675968 14676 676725 14693
1377678600 597624 13100 601090 14453
1377678300 254537 14368 254537 14453
1377678000 254552 6000 256107 6045
1377677700 256380 6050 283451 6615
1377677400 283512 6616 289614 6796
1377677100 289022 6782 289614 6796
1377676800 230772 5490 261623 6177
1377676500 262284 6190 327774 7502
1377676200 330550 7559 605437 13214
1377675900 606085 13228 702709 15326
1377675600 701894 15308 702709 15326
1377675300 621083 13547 621267 13551
1377675000 605908 13226 607501 13258
1377674700 450416 10116 666650 14824
1377674400 666533 14818 666650 14824
1377674100 657236 14423 657886 14439
1377673800 592236 12897 592926 12911
1377673500 525043 11615 628102 13769
1377673200 625919 13722 628102 13769
1377672900 412045 9116 732807 16077
1377672600 732491 16070 732807 16077
1377672300 700871 15373 701295 15381
1377672000 659673 14602 729089 15932
1377671700 729182 15933 738428 16083
1377671400 737968 16072 738428 16083
1377671100 692642 15074 711475 15632
1377670800 711502 15552 713557 15632
1377670500 713557 9697 713557 15632
1377670200 712897 15620 713557 15632
1377669900 647870 14451 678454 14852
1377669600 678863 14859 719386 15637
1377669300 719441 15639 724981 15893
1377669000 724612 15883 724981 15893
1377668700 688608 14977 732523 16032
1377668400 731495 16009 732523 16032
1377668100 630062 13788 673853 14873
1377667800 673391 14862 673853 14873
1377667500 627798 13780 638741 14067
1377667200 638956 14071 660250 14480
1377666900 660939 14496 729242 16167
1377666600 727856 16134 729242 16167
1377666300 591744 12964 696215 15043
1377666000 696055 15044 696215 15182
1377665700 680614 15186 713574 15593
1377665400 713233 15584 713574 15593
1377665100 679697 14757 705235 15362
1377664800 705302 15365 715421 15859
1377664500 713556 15839 715421 15859
1377664200 528987 13936 528987 13952
1377663900 526857 11580 528987 11624
1377663600 316496 7311 361638 8226
1377663300 364067 8275 604635 13159
1377663000 605082 13169 649381 14159
1377662700 649054 14151 649381 14159
1377662400 617048 13402 650771 14394
1377662100 648105 14335 650771 14394
1377661800 386948 8618 652622 14354
1377661500 652388 14347 652622 14354
1377661200 626577 13661 629225 13717
1377660900 366234 8198 545063 11770
1377660600 544950 11768 545063 11770
1377660300 534388 11587 623873 13717
1377660000 623340 13701 623873 13717
1377659700 570634 12156 576191 12320
1377659400 576666 12330 647567 13929
1377659100 647062 13917 647567 13929
1377658800 596110 12798 597084 12816
1377658500 500407 11067 570359 12416
1377658200 571086 12433 643069 14127
1377657900 642977 14123 643069 14127
1377657600 629777 13660 679800 14839
1377657300 679274 14828 679800 14839
1377657000 626012 13715 627283 13743
1377656700 501106 11015 633180 11018
1377656400 633180 10639 633180 13799
1377656100 631922 13772 633180 13799
1377655800 505655 11087 507384 11122
1377655500 336440 7719 524941 11657
1377655200 526793 11696 710173 15617
1377654900 708957 15590 710173 15617
1377654600 586624 12934 588602 12976
1377654300 393248 8901 627655 13993
1377654000 628033 13999 665467 14611
1377653700 665565 14613 675311 14811
1377653400 675014 14804 675311 14811
1377653100 631882 13814 734913 16533
1377652800 734670 16520 734913 16533
1377652500 710841 15310 728069 16305
1377652200 727799 16294 728069 16305
1377651900 701495 15292 738568 16437
1377651600 738073 16423 738568 16437
1377651300 689157 15079 690918 15082
1377651000 691022 15087 701416 15659
1377650700 701116 15649 701416 15659
1377650400 656399 14270 656447 14271
1377650100 650898 14244 651710 14263
1377649800 570829 12447 596795 13362
1377649500 596795 13359 596795 13362
1377649200 596759 13099 596795 13416
1377648900 593648 13419 629900 13745
1377648600 629957 13745 635651 13833
1377648300 636153 13846 685874 15216
1377648000 685543 15206 685874 15216
1377647700 651780 14202 652807 14222
1377647400 551244 12337 662224 14488
1377647100 661741 14477 662224 14488
1377646800 614553 13419 667752 14555
1377646500 667712 14553 667752 14555
1377646200 661718 14407 661848 14775
1377645900 650016 14791 759005 16468
1377645600 759467 16479 805246 17574
1377645300 804785 17564 805246 17574
1377645000 757879 16618 759210 16648
1377644700 626914 13752 735254 16014
1377644400 735718 16023 781663 16946
1377644100 781124 16939 781663 16946
1377643800 728082 16294 751067 16295
1377643500 751060 16275 751067 17578
1377643200 750461 17565 750461 17578
1377642900 750338 16356 750461 16358
1377642600 737405 16200 738212 16219
1377642300 658261 14357 727257 16132
1377642000 727583 16137 759925 16646
1377641700 758612 16615 759925 16646
1377641400 627265 13609 628637 13637
1377641100 424801 9489 704120 15336
1377640800 703484 15338 704120 15560
1377640500 641023 15560 711600 15560
1377640200 710401 15533 711600 15560
1377639900 530520 11574 531813 11599
1377639600 401207 9139 402594 9169
1377639300 264197 6189 290479 6815
1377639000 292269 6853 469486 10673
1377638700 469488 10670 469713 10673
1377638400 471734 10469 671864 14597
1377638100 672162 14604 701762 15324
1377637800 700905 15305 701762 15324
1377637500 617108 13450 719502 15839
1377637200 718949 15826 719502 15839
1377636900 663677 14584 664225 14597
1377636600 610504 13323 708074 15572
1377636300 708309 15559 731642 15572
1377636000 731642 14337 731642 16152
1377635700 731026 16137 731642 16152
1377635400 670542 14696 710481 15698
1377635100 710181 15690 710481 15698
1377634800 680920 15003 722308 15902
1377634500 721926 15893 722308 15902
1377634200 684110 15066 684147 15801
1377633900 679394 15777 680490 15801
1377633600 570799 13419 570988 13431
1377633300 553852 12556 720217 39015
1377633000 719259 39035 720217 41088
1377632700 622177 40766 624510 41088
1377632400 391454 8894 410937 9333
1377632100 411286 9340 463372 10454
1377631800 465057 10489 716213 15796
1377631500 715967 15790 716213 15796
1377631200 678436 14922 679445 14943
1377630900 579407 12941 660635 14544
1377630600 661480 14561 745182 16280
1377630300 744872 16272 745182 16280
1377630000 713299 15554 714277 15574
1377629700 616794 13613 642229 14979
1377629400 642229 14968 642229 14979
1377629100 641222 13951 642229 13971
1377628800 540402 12016 541594 12042
1377628500 422902 9521 464680 10264
1377628200 467261 10319 722799 15841
1377627900 722342 15830 722799 15841
1377627600 654776 14259 706939 15386
1377627300 706618 15378 706939 15386
1377627000 675029 14608 689583 15151
1377626700 689468 15146 689583 15151
1377626400 678434 14687 707274 15436
1377626100 707082 15432 707274 15436
1377625800 748685 16265 835011 18348
1377624600 756068 16927 835011 18348
1377622800 661971 14176 760811 16107
1377621000 335766 7618 646259 13840
1377619200 542297 12091 709921 15714
1377617400 646293 14184 723029 16098
1377615600 516671 11957 717861 16098
1377613800 667812 14603 729842 15845
1377612000 687488 15035 765709 16787
1377610200 661297 14540 699101 15445
1377608400 592854 12976 748109 16119
1377606600 541419 11772 671911 14511
1377604800 604566 13017 680800 14619
1377603000 636357 14228 729369 15821
1377601200 559067 12204 701424 15244
1377599400 521245 11425 735291 15926
1377597600 702283 15288 757007 16510
1377595800 722337 15523 761597 16683
1377594000 593654 13016 717454 15603
1377592200 680263 14812 735850 16021
1377590400 595327 13035 668694 14608
1377588600 581236 13006 703619 15747
1377586800 646441 14106 686496 15054
1377585000 657297 14367 683381 15005
1377583200 609831 13384 686397 15038
1377581400 677829 14877 710060 15402
1377579600 651564 14239 711007 15704
1377577800 441528 10138 656559 14461
1377576000 717271 16570 888191 20384
1377574200 520177 12206 872901 20057
1377572400 738259 17055 875277 20152
1377570600 641878 14759 878267 20071
1377568800 653689 15194 888781 20457
1377567000 832451 19270 888781 20457
1377565200 578666 13820 883363 20953
1377563400 448572 10902 883363 20953
1377561600 353123 8778 404153 9996
1377559800 378356 9517 960318 22301
1377558000 925424 21643 978359 22999
1377556200 828458 19585 978359 22999
1377554400 659533 15155 713411 16105
1377552600 659788 14955 712598 16095
1377550800 312874 7573 456834 10826
1377549000 515073 11848 712485 16110
1377547200 662109 14896 712284 16651
1377545400 564058 12777 694618 15467
1377543600 669159 14806 763105 16707
1377541800 652493 14274 766725 16736
1377540000 765190 16666 831283 18123
1377538200 728589 16086 796974 17508
1377536400 723079 15919 770470 16988
1377534600 572857 12835 855636 18683
1377532800 580912 13036 890845 19514
1377531000 717077 15831 867991 19025
1377529200 321896 7637 414482 9723
1377527400 565976 12725 864917 18861
1377525600 758682 16763 843935 18675
1377523800 713404 15825 871559 18939
1377522000 613469 13629 881107 18951
1377520200 557644 12535 736992 16290
1377518400 526127 12029 751113 16527
1377516600 703085 15607 749326 16764
1377514800 585741 13093 715540 15871
1377513000 537803 12006 705076 16120
1377511200 538377 12205 703275 15619
1377509400 539438 11962 664046 14642
1377507600 617314 13599 656135 14538
1377505800 554729 12342 633249 13954
1377504000 609879 13467 641746 14201
1377502200 571035 12743 678809 14868
1377500400 674869 14795 692130 15303
1377498600 673720 14845 703750 15592
1377496800 646130 14236 697507 15409
1377495000 628552 13926 697507 15427
1377493200 644310 14205 688831 15419
1377491400 448971 10222 601169 13218
1377489600 553289 12101 599472 13166
1377487800 381991 8622 556189 12076
1377486000 585103 12787 661851 14511
1377484200 478097 10638 635181 13997
1377482400 561176 12222 618482 13709
1377480600 573365 12582 621513 13520
1377478800 587309 12781 663639 14681
1377477000 633025 13878 669922 14737
1377475200 600186 13365 669377 14792
1377473400 638978 13956 674437 14894
1377471600 626508 13681 674789 14828
1377469800 462372 10236 670952 14744
1377468000 613222 12640 670952 14744
1377466200 542950 11880 616957 13472
1377464400 587473 12783 673026 14780
1377462600 620467 13540 673026 14780
1377460800 608223 13268 655616 14445
1377459000 666545 14713 686692 15348
1377457200 671150 14660 691245 15138
1377455400 653351 14316 689734 15349
1377453600 677970 14712 687177 15278
1377451800 661865 14474 703085 15517
1377450000 580339 12716 653188 14409
1377448200 462299 10202 529926 11563
1377446400 520463 11171 587331 12769
1377444600 544937 11821 587331 12769
1377442800 451156 9870 518085 11338
1377441000 461152 10104 548041 11944
1377439200 526122 11421 570329 12442
1377437400 285159 6720 497097 10723
1377435600 441915 9698 575951 12419
1377433800 433922 9546 627730 13680
1377432000 514287 11181 625398 13480
1377430200 585655 12626 625398 13480
1377428400 502068 11262 631826 13727
1377426600 452945 10003 665351 14564
1377424800 627497 13707 668391 14748
1377423000 619491 13568 662739 14698
1377421200 632226 13699 664483 14525
1377419400 614083 13422 642435 14083
1377417600 574544 12605 628143 13870
1377415800 434124 9673 581926 12813
1377414000 451077 10090 581926 12813
1377412200 494162 10707 590436 12919
1377410400 509036 11238 654573 14517
1377408600 643997 14187 685031 15326
1377406800 596020 13091 659911 14696
1377405000 386428 9529 532529 12854
1377403200 245078 5744 365170 8310
1377401400 417230 9396 564719 12226
1377399600 494988 11080 635665 13984
1377397800 604254 13271 621629 13735
1377396000 589180 13187 628412 13949
1377394200 429370 9884 652079 14316
1377392400 647432 14253 688000 15246
1377390600 649881 14244 674985 14878
1377388800 647502 14015 672675 14872
1377387000 592420 13025 651077 14225
1377385200 632155 13851 669718 14786
1377383400 527562 11706 615959 13632
1377381600 527852 12325 593416 13011
1377379800 479648 10545 613346 13174
1377378000 540182 11784 595206 13047
1377376200 552755 12008 581094 12646
1377374400 527623 11668 607796 13447
1377372600 619561 13668 696455 15170
1377370800 677407 14735 696455 15170
1377369000 642619 14065 709215 15554
1377367200 638901 13931 763956 15245
1377365400 732134 15503 763956 16460
1377363600 681113 14540 743891 15878
1377361800 558918 12021 754239 16075
1377360000 725302 15264 797473 16899
1377358200 665360 14160 752171 15886
1377356400 770112 16289 804728 17175
1377354600 662114 14122 748341 15996
1377352800 678683 14958 719599 15996
1377351000 566441 12506 694502 15285
1377349200 555164 12494 675333 15151
1377347400 646469 14444 693196 15584
1377345600 606079 13412 677921 15136
1377343800 528925 11690 659891 14284
1377342000 616991 13402 685975 14854
1377340200 575487 12575 785302 16937
1377338400 800465 17605 820080 18137
1377336600 799716 17672 831797 18522
1377334800 791973 17582 810522 18077
1377333000 770520 17162 814045 18125
1377331200 558480 12394 776166 17042
1377329400 377315 8299 521045 11215
1377327600 629532 13742 699927 15172
1377325800 519525 11219 645938 14048
1377324000 547595 12035 668436 14629
1377322200 692591 15023 733044 15996
1377320400 642229 14050 704675 15294
1377318600 486528 11366 641548 13847
1377316800 584226 12771 655543 14172
1377315000 534238 11199 654237 14268
1377313200 634357 13800 699061 15300
1377311400 625394 13824 742865 16190
1377309600 394285 8803 643626 14003
1377307800 469853 10530 717730 15539
1377306000 663965 14467 718585 15756
1377304200 500168 11031 718585 15756
1377302400 509673 11306 663743 14818
1377300600 487150 10826 688923 14823
1377298800 538196 11824 787736 17055
1377297000 649034 14204 768587 17063
1377295200 696080 14873 729776 15849
1377293400 490095 10972 729776 15849
1377291600 627308 13793 733045 16055
1377289800 700739 15369 762678 16399
1377288000 692513 15105 800057 17581
1377286200 508935 11707 759380 16778
1377284400 541728 12356 730847 16198
1377282600 456741 10461 711352 15646
1377280800 641690 14367 767348 17053
1377279000 614649 13666 728989 16055
1377277200 733437 16137 819628 17980
1377275400 661247 14774 816114 27094
1377273600 728517 17820 768243 27094
1377271800 755796 16700 822685 18083
1377270000 639000 14196 825717 18171
1377268200 790906 17052 825717 18171
1377266400 675113 15196 767592 17116
1377264600 621352 14113 783534 17975
1377262800 644133 13781 769510 16924
1377261000 675688 14834 740360 16282
1377259200 652370 14320 697308 15156
1377257400 471917 10551 727487 15969
1377255600 543311 12069 714532 15699
1377253800 562638 12461 768269 16804
1377252000 652453 14473 827469 18128
1377250200 736763 16287 827469 18179
1377248400 736246 22449 835053 55772
1377246600 810462 17842 835053 18410
1377244800 782054 17395 837156 18585
1377243000 557266 11840 731789 15775
1377241200 697305 15197 754657 16490
1377239400 652703 14322 740612 16203
1377237600 630889 13863 713015 15279
1377235800 699422 15416 768599 16847
1377234000 617332 13592 744954 16387
1377232200 410298 9240 698774 15181
1377230400 689484 15059 736285 16134
1377228600 641355 14260 722453 15839
1377226800 709650 15426 736779 16104
1377225000 406148 9122 694248 15207
1377223200 369850 8469 645696 14058
1377221400 527341 12451 645696 14124
1377219600 474101 10601 711336 15509
1377217800 659957 14565 757594 16727
1377216000 679384 15000 728357 16007
1377214200 558337 12436 762053 16750
1377212400 492704 11095 749578 16282
1377210600 563944 12626 742878 16631
1377208800 668596 14750 715643 15807
1377207000 635259 14006 764270 16716
1377205200 335621 8237 501289 11585
1377203400 609551 13622 690952 15387
1377201600 439852 10045 697322 15287
1377199800 693149 15301 781919 17146
1377198000 278124 6644 695904 15072
1377196200 601237 12790 718376 15879
1377194400 563925 12668 764129 16800
1377192600 730061 16110 764190 16885
1377190800 630598 14274 736907 16063
1377189000 629327 14212 730410 16185
1377187200 628765 14132 741459 16369
1377185400 761104 17299 822765 18354
1377183600 328090 8062 769569 16995
1377181800 120569 15213 130876 73990
1377180000 118217 10616 124195 46519
1377178200 299346 7142 578366 12747
1377176400 394616 8935 578366 12655
1377174600 115463 3062 165504 4084
1377172800 359406 8072 519607 11353
1377171000 476240 10505 553194 12089
1377169200 245539 5696 467739 10324
1377167400 375749 8219 504598 10788
1377165600 315166 6995 504598 10788
1377163800 419842 9166 499580 10794
1377162000 95779 2501 101640 2626
1377160200 95816 2524 101420 2626
1377158400 113081 2870 402244 8846
1377156600 367321 8139 508651 11195
1377154800 106414 2794 301999 6884
1377153000 201917 4796 455973 10095
1377151200 81978 2275 193762 4594
1377149400 410749 9146 490962 10895
1377147600 410550 9275 467714 10608
1377145800 219946 5175 467714 10312
1377144000 111125 2916 122520 3168
1377142200 366920 8263 613191 13446
1377140400 532880 11747 609989 13453
1377138600 431742 9627 597672 13097
1377136800 114952 3007 449248 10004
1377135000 415201 9353 552614 12398
1377133200 161608 3986 562138 12296
1377131400 331308 7579 562138 12296
1377129600 113365 2982 123277 3148
1377127800 118951 3133 129534 3385
1377126000 296268 14931 565859 60502
1377124200 455654 10477 594784 13893
1377122400 103934 3201 135044 5048
1377120600 112668 3185 208542 5199
1377118800 158626 4533 199880 6022
1377117000 173003 4332 199880 4863
1377115200 140653 3743 213461 5183
1377113400 271572 13516 450458 64931
1377111600 377460 4923 453920 5827
1377109800 385377 5204 443914 6505
1377108000 389225 5137 461170 6053
1377106200 382913 5100 422297 5767
1377104400 382159 4920 468877 6109
1377102600 292533 3640 384797 4763
1377100800 383306 4689 429382 5102
1377099000 323185 4159 386647 4735
1377097200 356546 4362 403232 4867
1377095400 382239 4683 456009 5439
1377093600 379400 4690 417448 5119
1377091800 382139 4800 445044 5403
1377090000 409058 4755 447111 5471
1377088200 346634 4163 403296 4607
1377086400 323303 3999 342421 4313
1377084600 264607 3320 325035 3997
1377082800 268417 3427 301905 3770
1377081000 276305 3494 345750 4077
1377079200 279308 3512 326051 3981
1377077400 281547 3590 301233 3936
1377075600 283611 3529 303948 3793
1377073800 285359 3595 307271 3786
1377072000 282813 3530 346064 4140
1377070200 290024 3705 346751 4344
1377068400 279393 3498 406334 4662
1377066600 328548 3907 406334 4662
1377064800 289914 3567 319160 3867
1377063000 259359 3263 296903 3679
1377061200 282673 3525 307107 3695
1377059400 270536 3578 347848 4364
1377057600 291354 3628 347848 4129
1377055800 282417 3492 316493 3810
1377054000 290407 3579 365725 4410
1377052200 280685 3578 327986 4059
1377050400 258418 3289 301767 3740
1377048600 289526 3700 368047 4274
1377046800 314212 3806 381128 4576
1377045000 307684 3717 390871 4869
1377043200 328825 4042 390871 4869
1377041400 337362 4117 405054 4948
1377039600 339254 4177 393378 4819
1377037800 329526 4094 347757 4266
1377036000 319316 4488 406857 7532
1377034200 387323 4679 430107 5144
1377032400 394305 4824 473361 5693
1377030600 343641 4259 387897 4740
1377028800 289974 3791 321116 4236
1377027000 296639 3870 380067 4588
1377025200 302457 3956 410663 4935
1377023400 398201 4839 488304 5867
1377021600 334024 4297 412158 5010
1377019800 327074 4150 372017 4879
1377018000 331799 4050 416568 4817
1377016200 297949 3976 386273 4963
1377014400 288560 3757 388056 4842
1377012600 333850 4202 364616 4578
1377010800 352197 4362 385905 4794
1377009000 321752 4142 387780 5462
1377007200 359820 4770 424038 5462
1377005400 345576 4633 419388 5301
1377003600 377750 4629 474398 5474
1377001800 334071 4085 390089 4632
1377000000 293626 3621 327493 3902
1376998200 321473 3847 369692 4324
1376996400 331114 3937 410861 4715
1376994600 295488 3669 322124 3999
1376992800 282556 3455 342326 3991
1376991000 294188 3608 347731 4066
1376989200 235215 2960 252759 3126
1376987400 304347 3705 380381 4310
1376985600 292321 3575 390178 4470
1376983800 291063 3637 376384 4353
1376982000 355346 4190 401369 4812
1376980200 341356 3861 412839 4769
1376978400 307901 3710 412839 4769
1376976600 306272 3669 368098 4122
1376974800 307680 3693 336465 3992
1376973000 309325 3798 362404 4375
1376971200 351734 4137 409484 4827
1376969400 349183 4128 387536 4552
1376967600 356599 4213 419204 4865
1376965800 344207 4049 358353 4335
1376964000 321278 3840 399246 4623
1376962200 288307 3580 314686 3893
1376960400 309106 3766 350365 4061
1376958600 289340 3642 363700 4523
1376956800 288204 3549 338870 4108
1376955000 327576 4029 382019 4665
1376953200 418040 4803 469266 5582
1376951400 319302 4097 371459 4805
1376949600 332251 4242 360584 4860
1376947800 283703 3695 324258 4144
1376946000 331721 4180 359567 4423
1376944200 331022 4227 391415 4752
1376942400 322409 4087 347132 4486
1376940600 313550 4044 349762 4498
1376938800 356321 4408 437827 5392
1376937000 367597 4581 437827 5392
1376935200 330501 4187 380895 4646
1376933400 313304 3978 406419 4874
1376931600 336613 4155 409037 4878
1376929800 309442 4070 383773 6968
1376928000 322570 4631 351275 6968
1376926200 327962 4150 340294 4564
1376924400 377517 4598 425453 5038
1376922600 333452 4200 353400 4421
1376920800 327023 4197 419490 5176
1376919000 342181 4538 383884 4937
1376917200 364939 4468 423246 4931
1376915400 308670 3834 384909 4706
1376913600 269690 3552 296772 4208
1376911800 285677 3672 313181 4054
1376910000 289796 3636 347368 4170
1376908200 235025 3135 265971 3526
1376906400 246928 3208 323155 3892
1376904600 273593 3472 308110 3971
1376902800 278415 3588 306958 3957
1376901000 273458 3446 305089 3726
1376899200 282427 3533 340106 4085
1376897400 255012 3341 275111 3631
1376895600 276119 3536 342297 4272
1376893800 315362 3867 340356 4120
1376892000 294530 3662 347246 4195
1376890200 301201 3734 358690 4369
1376888400 319032 3938 350358 4247
1376886600 298814 3735 347816 4207
1376884800 300951 3703 331805 4089
1376883000 298598 3741 322125 4048
1376881200 297455 3716 328771 4074
1376879400 276711 3502 304397 3823
1376877600 282130 3515 359465 4257
1376875800 250474 3250 362347 4343
1376874000 316039 3913 347854 4256
1376872200 320116 4007 416364 5065
1376870400 310101 3862 365703 4494
1376868600 256700 3345 322451 3963
1376866800 289308 3657 329657 4188
1376865000 295203 3721 347250 4169
1376863200 280917 3544 317937 3823
1376861400 274300 3451 294123 3618
1376859600 284716 3596 330692 4100
1376857800 264669 3387 287271 3682
1376856000 272339 3405 325996 3896
1376854200 274176 3532 372335 4642
1376852400 232757 3051 317590 3893
1376850600 289499 3617 341612 4170
1376848800 293564 3654 359209 4296
1376847000 338392 4142 380629 4704
1376845200 269281 3401 311544 3807
1376843400 267355 3426 340609 4028
1376841600 284949 3601 343539 4196
1376839800 311320 3812 346873 4196
1376838000 283255 3650 326754 4092
1376836200 281983 3534 308620 3817
1376834400 287632 3581 352035 4193
1376832600 301687 3808 404112 4964
1376830800 299928 3742 368287 4510
1376829000 299488 3727 341555 4193
1376827200 302822 3754 329763 4045
1376825400 278382 3566 322800 3898
1376823600 286635 3629 298835 4075
1376821800 283533 3644 321087 4003
1376820000 237703 3080 284871 3563
1376818200 255453 3296 338792 4123
1376816400 288235 3636 327412 4054
1376814600 262465 3325 337722 3975
1376812800 258509 3297 318864 3865
1376811000 273982 3486 348517 4080
1376809200 242654 3163 284046 3664
1376807400 245927 3231 270413 3575
1376805600 262890 3354 352316 4290
1376803800 278096 3473 339892 4063
1376802000 233219 3050 285678 3563
1376800200 252295 3268 355159 4494
1376798400 268887 3402 334272 4075
1376796600 275716 3458 333980 4028
1376794800 260467 3349 347503 4299
1376793000 319528 3934 348867 4299
1376791200 288781 3814 305901 4854
1376789400 234306 3092 389916 4729
1376787600 305455 3872 389916 4729
1376785800 243943 3164 284812 3605
1376784000 269902 3453 284812 3605
1376782200 269687 3532 312749 3985
1376780400 290413 3683 335061 4105
1376778600 285035 3682 319306 4108
1376776800 281242 3534 320005 3927
1376775000 280103 3537 317184 3931
1376773200 274707 3452 318941 3986
1376771400 264642 3431 303240 3723
1376769600 281116 3503 345018 4173
1376767800 276722 3576 304432 3859
1376766000 295578 3710 350675 4324
1376764200 293746 3658 332204 4026
1376762400 284982 3668 308987 3910
1376760600 326868 3960 433130 5076
1376758800 371530 4330 433130 5076
1376757000 315361 3842 362918 4300
1376755200 328177 3906 401888 4631
1376753400 347748 4139 459960 5362
1376751600 340528 4090 434599 5117
1376749800 353271 4123 403802 4693
1376748000 354993 4165 433710 4989
1376746200 335841 4020 362544 4289
1376744400 325278 3891 396869 4659
1376742600 332083 4042 396869 4659
1376740800 337111 4060 396377 4656
1376739000 302546 3778 394735 4663
1376737200 332942 3997 394735 4663
1376735400 297948 3731 331737 4142
1376733600 291629 3583 373295 4389
1376731800 289658 3906 336590 4390
1376730000 308794 4067 374540 4742
1376728200 293242 3960 307871 4147
1376726400 322895 4241 363474 4607
1376724600 298382 4015 338512 4523
1376722800 334131 4312 385661 4852
1376721000 295972 4025 334157 4365
1376719200 354908 4581 447322 5673
1376717400 326134 4266 344427 4462
1376715600 288058 3917 353037 4576
1376713800 318669 4277 367446 4821
1376712000 337474 4433 369549 4893
1376710200 307361 4063 391474 5008
1376708400 282649 3821 391474 5008
1376706600 271856 3800 365560 4718
1376704800 301527 4041 360975 4656
1376703000 292433 4034 343915 4753
1376701200 258783 3537 351785 4586
1376699400 282689 3831 351785 4586
1376697600 297776 4052 324381 4321
1376695800 315329 4230 413170 5096
1376694000 343057 4456 413170 5096
1376692200 331278 4339 395772 5011
1376690400 357819 4695 411727 5234
1376688600 299626 4178 359498 4808
1376686800 329523 4456 359498 4808
1376685000 342990 4620 420376 5550
1376683200 321909 4722 396213 5490
1376681400 351997 4829 396213 50764
1376679600 307905 12256 348212 50764
1376677800 329672 5353 376169 8898
1376676000 249539 11181 440329 49360
1376674200 342370 4778 440329 6115
1376672400 313320 4214 372478 4850
1376670600 327979 4579 467228 5997
1376668800 338574 5280 467228 7053
1376667000 389233 5051 492227 6255
1376665200 320073 4362 362439 4845
1376663400 323663 4325 359361 4775
1376661600 352083 4620 461075 5851
1376659800 346947 4626 437925 5670
1376658000 351385 4693 448658 6065
1376656200 370352 4843 448658 6065
1376654400 331877 4439 413439 5230
1376652600 353806 4556 394226 5073
1376650800 327728 4271 381049 4861
1376649000 308428 4187 380407 5136
1376647200 304668 4062 363901 4701
1376645400 351971 4583 443491 5667
1376643600 350099 4593 448427 5707
1376641800 330368 4442 374287 5705
1376640000 336192 4563 356810 5705
1376638200 298226 4094 307688 4295
1376636400 271942 3683 366769 4748
1376634600 311302 4272 356816 5034
1376632800 334658 4369 384854 4943
1376631000 369263 4754 421243 5361
1376629200 306239 4080 343025 4459
1376627400 284169 4159 330961 5724
1376625600 314556 4170 402768 5089
1376623800 289124 3939 372682 4783
1376622000 306042 4115 352555 4619
1376620200 334486 4401 433151 5530
1376618400 304602 4112 410509 5090
1376616600 311688 4124 410509 5090
1376614800 348039 4589 386296 4947
1376613000 332050 4395 377439 4979
1376611200 296744 3966 409371 5173
1376609400 317766 4216 429147 5363
1376607600 373629 4746 400816 5080
1376605800 351582 4640 420337 5039
1376604000 349875 4452 420337 4778
1376602200 374885 5127 427003 5966
1376600400 363560 4769 405435 5247
1376598600 339606 4647 395655 5247
1376596800 359243 4805 444533 5647
1376595000 362316 4830 440966 5834
1376593200 402845 5281 458477 5808
1376591400 386297 5061 436705 5689
1376589600 364836 4895 408201 5435
1376587800 330892 4426 408201 5229
1376586000 354572 4665 403458 5139
1376584200 304174 4229 425486 5443
1376582400 394088 5184 436090 5606
1376580600 379854 4948 443216 5647
1376578800 347013 4571 443216 5647
1376577000 264015 3867 298209 4431
1376575200 356580 4729 460420 5851
1376573400 358441 4719 416239 5292
1376571600 351826 4532 483148 5955
1376569800 347157 4429 405490 5075
1376568000 380066 4819 478671 5946
1376566200 371930 4917 425869 6238
1376564400 362959 4597 425869 5250
1376562600 335708 4317 381407 4835
1376560800 355747 4540 408821 5150
1376559000 316971 4149 354382 4541
1376557200 305990 4055 325168 4184
1376555400 279656 3756 378914 4817
1376553600 342368 4360 386936 4819
1376551800 299998 4072 350157 4419
1376550000 309183 4026 354552 4493
1376548200 315874 4089 390159 4893
1376546400 354568 4471 384845 4836
1376544600 320107 4173 390566 4878
1376539200 312043 4068 406102 5043
1376532000 310283 4059 456580 5675
1376524800 328334 4189 441868 5478
1376517600 335849 4712 428661 6221
1376510400 335610 4446 452684 5604
1376503200 337933 4504 456391 5757
1376496000 325687 4767 398574 11649
1376488800 333293 8508 438815 65115
1376481600 251911 3411 312343 4164
1376474400 253503 3234 356219 4055
1376467200 262297 3393 346901 4384
1376460000 261997 3389 306027 4240
1376452800 269828 3425 343209 4178
1376445600 263081 3436 321374 3951
1376438400 299077 3794 370309 5008
1376431200 315732 5475 493601 20908
1376424000 330991 7543 493601 79215
1376416800 303522 6639 376380 42470
1376409600 343836 4330 400647 4831
1376402400 336564 4207 403190 5039
1376395200 284229 3638 356003 4256
1376388000 284292 3562 324498 4000
1376380800 301742 3934 449098 5566
1376373600 302779 4060 378538 4830
1376366400 315298 4153 374656 4801
1376359200 276907 3861 361330 4695
1376352000 263916 3698 419547 5342
1376344800 331891 7882 382350 54648
1376337600 309498 4354 404023 5836
1376330400 286748 4001 404023 5258
1376323200 311843 4380 365691 4882
1376316000 309625 4301 428955 5351
1376308800 289554 3800 411254 5054
1376301600 264286 3589 320044 4434
1376294400 250362 3378 358434 4366
1376287200 239182 3242 340458 4329
1376280000 294283 3855 383852 4755
1376272800 276557 3693 359708 4497
1376265600 269445 3671 327198 4279
1376258400 284216 3751 350143 4453
1376251200 312747 3965 391714 4898
1376244000 289737 3798 391714 4898
1376236800 267632 3576 378263 4610
1376229600 266861 3549 400873 4984
1376222400 297867 3880 400873 4984
1376215200 258701 3495 401080 4923
1376208000 281646 3762 424996 5264
1376200800 268931 3581 368475 4626
1376193600 191443 2681 242748 3312
1376186400 264838 3562 344533 4418
1376179200 265520 3581 354927 4562
1376172000 267504 3637 309081 4037
1376164800 265789 3608 377962 4637
1376157600 312344 4133 401466 4962
1376150400 331875 4302 393292 4896
1376143200 323932 4353 387146 4840
1376136000 311450 4146 391606 5102
1376128800 292498 3813 401094 4832
1376121600 289963 3858 327996 4251
1376114400 283495 3720 384059 4727
1376107200 255058 3407 330063 4296
1376100000 300535 3901 374375 4557
1376092800 297125 3963 382543 5147
1376085600 327495 4836 413485 11005
1376078400 344467 4687 474615 6100
1376071200 303642 6579 403051 57883
1376064000 315735 4365 412370 5256
1376056800 310295 4308 401076 5226
1376049600 279175 3846 412715 5301
1376042400 275924 3724 423696 5324
1376035200 244905 3424 308889 4002
1376028000 258114 6106 323115 62159
1376020800 290534 3842 413944 5080
1376013600 277925 3769 404886 5080
1376006400 302052 4136 360363 4730
1375999200 289702 4141 355211 4954
1375992000 299498 4334 369658 6693
1375984800 280995 4175 361711 6333
1375977600 328127 4531 460020 5921
1375970400 309811 4296 410541 5415
1375963200 251008 3531 282484 3893
1375956000 250642 3465 297241 4018
1375948800 252561 3527 337547 4272
1375941600 274801 3725 332462 4313
1375934400 255360 3504 345574 4441
1375927200 266148 3562 386217 4794
1375920000 302705 4262 406319 27292
1375912800 321246 5599 454157 27292
1375905600 349382 6932 456920 41671
1375898400 341848 7908 427478 68956
1375891200 324495 4511 453545 5742
1375884000 313440 4262 425234 5489
1375876800 291373 3891 354435 4680
1375869600 283725 3791 346405 4460
1375862400 276764 3759 341708 4702
1375855200 269469 3645 420160 5222
1375848000 263025 3651 317594 4905
1375840800 246538 3385 318791 4194
1375833600 244448 3493 345871 4545
1375826400 268838 4836 335437 21421
1375819200 281874 6644 410809 60541
1375812000 285084 5360 405957 33784
1375804800 308721 5784 424376 27370
1375797600 197234 3027 290975 4261
1375790400 218423 3070 343185 4288
1375783200 236639 3265 345558 4474
1375776000 241491 3370 344792 4348
1375768800 289190 3862 516315 6504
1375761600 447855 5561 503317 6397
1375754400 421529 5259 483739 6313
1375747200 472231 5936 602721 7731
1375740000 308650 4521 399942 7194
1375732800 320524 4580 414521 7215
1375725600 355004 7482 657653 70792
1375718400 605703 10582 735107 73860
1375711200 681080 8689 764004 11785
1375704000 625032 7738 714346 9249
1375696800 469769 5735 598705 7624
1375689600 464479 5812 583880 7510
1375682400 504324 6243 603318 7505
1375675200 648734 8187 685347 9060
1375668000 612912 7591 684007 9015
1375660800 574739 7118 671282 8910
1375653600 201218 2681 236864 3060
1375646400 191052 2562 233796 2989
1375639200 260467 3370 676294 8778
1375632000 609101 7560 669441 8538
1375624800 582703 7311 692026 8768
1375617600 590856 7368 679047 9002
1375610400 564996 6900 625209 7744
1375603200 568885 7205 665941 8802
1375596000 528684 6682 655937 9077
1375588800 485428 5905 592134 7434
1375581600 516426 6777 657251 9420
1375574400 517927 6502 631370 8552
1375567200 401628 5994 760622 9981
1375560000 548582 7604 783817 10567
1375552800 681773 8794 861586 11021
1375545600 229961 2918 287034 3538
1375538400 227404 2965 308878 3841
1375531200 237461 3099 396917 4124
1375524000 378108 4500 435692 5179
1375516800 384890 4641 478982 5751
1375509600 424614 5318 713601 9348
1375502400 685849 8753 725299 9437
1375495200 701553 9074 770576 11047
1375488000 793803 10400 942693 15832
1375480800 945287 20593 952742 92619
1375473600 945777 20418 952613 81436
1375466400 841286 12933 952304 14946
1375459200 676460 11488 764819 65150
1375452000 629375 7947 743475 9243
1375444800 619796 7788 729962 11072
1375437600 845488 12664 863193 13301
1375430400 844527 12598 860633 13054
1375423200 726689 10753 860565 13053
1375416000 419087 4968 487876 5994
1375408800 394543 4803 497193 5986
1375401600 430543 5152 951054 14845
1375394400 945123 14683 952848 14975
1375387200 906465 13220 948795 14974
1375380000 792868 10713 905063 13127
1375372800 669447 8330 765795 10177
1375365600 702303 8678 781626 9945
1375358400 618368 7631 836904 10674
1375351200 802122 10315 845876 11241
1375344000 791606 10359 849155 11367
1375336800 717117 9938 883448 14037
1375329600 310420 4029 408573 5035
1375322400 257549 3500 406414 5181
1375315200 374497 4802 732772 10892
1375308000 644228 8309 769385 10892
1375300800 693362 9381 790457 22849
1375293600 711247 8816 799168 10258
1375286400 711785 10784 820806 54242
1375279200 717669 8788 797072 9856
1375272000 668113 8265 898770 14599
1375264800 895008 14783 899979 14933
1375257600 891832 14857 894913 16464
1375250400 787238 13164 893619 14961
1375243200 570570 6959 675854 8278
1375236000 624596 7705 715159 9366
1375228800 644232 7996 901760 11741
1375221600 867475 11272 901760 12033
1375214400 888615 12476 981733 20633
1375207200 783210 11660 925019 42798
1375200000 644656 8712 817573 11216
1375192800 539955 8782 816287 41258
1375185600 591703 7574 744464 9980
1375178400 618453 7835 774189 10309
1375171200 658707 8208 774189 10309
1375164000 574510 7140 709425 8919
1375156800 436471 5389 588924 7406
1375149600 492531 6032 578406 7572
1375142400 487818 6088 613905 7832
1375135200 330210 4429 526832 6196
1375128000 448655 5547 556168 6715
1375120800 324239 4327 496654 6130
1375113600 313578 4353 454365 5891
1375106400 356003 4658 448989 5718
1375099200 286209 3779 437761 5376
1375092000 185958 2592 219472 2868
1375084800 173205 2473 201747 2826
1375077600 231054 3206 585432 7930
1375070400 548871 6988 592936 7946
1375063200 530041 6666 580576 7798
1375056000 500513 6336 567908 7466
1375048800 381501 5458 541510 6758
1375041600 372937 5706 458779 7180
1375034400 518861 7019 726164 12417
1375027200 724427 12431 729229 12619
1375020000 719342 12298 725806 12618
1375012800 687210 11790 718776 12678
1375005600 696733 10714 705615 12014
1374998400 694371 11222 708890 12125
1374991200 612877 9659 708081 19228
1374984000 690038 10372 700749 10912
1374976800 681365 10073 700490 10758
1374969600 644538 9338 710047 10862
1374962400 639256 8533 686143 9907
1374955200 650614 8712 683580 9701
1374948000 766644 10556 922281 14386
1374940800 794722 10218 848601 11518
1374933600 692870 9100 821345 10948
1374926400 618184 8287 689068 10020
1374919200 625000 8301 669140 10000
1374912000 622468 8453 689070 10993
1374904800 611060 8662 703186 12017
1374897600 651537 9023 708970 11272
1374890400 670463 10443 713997 12075
1374883200 751491 9732 853028 11777
1374876000 724037 9343 788911 10353
1374868800 718471 9227 779943 10145
1374861600 730243 9634 825236 11257
1374854400 831978 11153 885838 12368
1374847200 829803 11239 885838 12368
1374840000 688016 9256 746838 10729
1374832800 674224 8857 737412 10188
1374825600 643983 8443 704303 9510
1374818400 633370 8287 706595 9691
1374811200 688945 9039 738922 10238
1374804000 659577 8749 726158 9975
1374796800 713098 9460 825971 11154
1374789600 697880 8946 784033 10475
1374782400 728564 13293 779533 75235
1374775200 725660 9480 855386 11408
1374768000 831104 11105 887931 13759
1374760800 816842 11403 887931 13759
1374753600 690431 9520 780717 12725
1374746400 676080 9342 722882 10156
1374739200 687086 9429 715660 10047
1374732000 662191 8940 718810 10055
1374724800 609806 7454 699360 8812
1374717600 600787 7553 672132 9039
1374710400 684842 8499 802976 10314
1374703200 744716 9845 801019 11165
1374696000 782166 10472 829293 11504
1374688800 732889 9952 812178 11102
1374681600 781727 10404 830234 11334
1374674400 740358 10019 819938 11258
1374667200 647606 8772 689884 9588
1374660000 659174 8983 684032 9693
1374652800 625909 8375 660121 9593
1374645600 613291 8298 676238 9750
1374638400 602792 7892 673675 9303
1374631200 608431 8116 681665 9538
1374624000 714065 9521 799763 10770
1374616800 745249 9700 784388 10450
1374609600 748757 9787 818786 10882
1374602400 607784 7819 794636 10372
1374595200 814074 11486 913728 14716
1374588000 790606 10735 861906 11967
1374580800 668111 9136 717877 10254
1374573600 621828 8062 661009 8922
1374566400 615506 8133 660921 9451
1374559200 624885 8239 716232 9543
1374552000 706781 9798 745952 12434
1374544800 729967 11607 749217 14206
1374537600 762698 10588 890340 13956
1374530400 748288 12632 796049 57941
1374523200 752893 10547 796049 12437
1374516000 704087 9922 765810 11302
1374508800 604905 7800 670507 9031
1374501600 661711 8925 738027 10713
1374494400 530840 6758 675702 9027
1374487200 667165 9028 693996 9785
1374480000 643036 8503 674057 9501
1374472800 572465 7968 683967 10805
1374465600 339546 4170 473926 5906
1374458400 0 425 1 462
1374451200 0 434 1 498
1374444000 0 427 1 474
1374436800 0 437 1 486
1374429600 0 437 1 460
1374422400 0 438 1 482
1374415200 0 438 1 479
1374408000 0 440 1 480
1374400800 0 433 1 459
1374393600 0 436 1 473
1374386400 0 437 1 470
1374379200 0 432 1 461
1374372000 0 443 1 481
1374364800 0 439 1 482
1374357600 0 438 1 470
1374350400 1 439 1 482
1374343200 0 444 1 485
1374336000 0 444 1 503
1374328800 0 439 1 477
1374321600 0 443 1 503
1374314400 0 440 1 459
1374307200 0 442 1 481
1374300000 81938 1478 641661 8600
1374292800 589271 7723 649336 8946
1374285600 614289 8147 654305 9045
1374278400 696205 9188 827568 12190
1374271200 815459 11564 836196 12170
1374264000 821377 11769 846254 12844
1374256800 746763 10805 860090 13661
1374249600 650215 8590 769728 10005
1374242400 734737 9744 817889 11216
1374235200 639333 8697 698950 9685
1374228000 677038 9348 706088 10281
1374220800 677158 9591 705793 11651
1374213600 647248 9040 717140 11553
1374206400 624543 8658 676088 9859
1374199200 657539 8864 691970 9786
1374192000 725709 9672 817150 11035
1374184800 705091 9177 759889 10275
1374177600 689886 9216 773780 10809
1374170400 676597 11602 808633 71721
1374163200 792608 10826 824181 11947
1374156000 777876 10614 896455 13829
1374148800 724328 9542 829206 11911
1374141600 514013 6393 596944 8459
1374134400 553255 6853 627002 8267
1374127200 521348 6561 612847 8145
1374120000 478050 6014 586182 7569
1374112800 573841 7222 643454 8657
1374105600 628841 8051 809437 10454
1374098400 815328 11128 900107 14126
1374091200 883849 13704 913025 21866
1374084000 829286 12038 920362 14699
1374076800 807764 11104 847432 12125
1374069600 765084 10350 821525 12154
1374062400 697618 9173 843377 11698
1374055200 725005 9935 745967 11261
1374048000 693902 9317 751080 11091
1374040800 641960 8770 768295 12438
1374033600 514995 6325 612053 7844
1374026400 559296 7122 639777 8974
1374019200 632468 8226 766434 10035
1374012000 748031 9869 779032 10395
1374004800 760952 10127 809649 12457
1373997600 651496 8325 906213 13759
1373990400 879889 12454 913972 14801
1373983200 851655 12650 913972 14980
1373976000 682501 10148 768435 12613
1373968800 548641 6910 643944 8814
1373961600 576447 7335 628116 8604
1373954400 547498 6952 605958 8293
1373947200 445915 5730 563959 7403
1373940000 499383 6410 630356 8063
1373932800 644516 8198 749433 10126
1373925600 767284 12311 824241 45393
1373918400 763121 9978 827720 11277
1373911200 737461 10138 912602 14972
1373904000 881115 12867 912651 15064
1373896800 873835 13073 930237 15077
1373889600 729158 11338 770117 12963
1373882400 618641 7875 684897 9276
1373875200 676209 8747 723150 10090
1373868000 636624 8305 698415 9696
1373860800 599246 7509 665450 8905
1373853600 619275 7915 687194 9436
1373846400 670203 8908 741363 10767
1373839200 658000 9087 683474 10258
1373832000 608869 7581 667073 8805
1373824800 584033 7379 653393 8851
1373817600 569988 6945 643983 8484
1373810400 550279 6713 629652 8003
1373803200 539102 6660 605549 7774
1373796000 570067 7095 619430 8067
1373788800 566910 7069 610013 7974
1373781600 559960 7077 627881 8225
1373774400 472394 10102 579446 108254
1373767200 509145 6233 595594 7575
1373760000 526217 6446 624255 8182
1373752800 557437 6747 610882 7938
1373745600 518958 6317 601711 7417
1373738400 553858 6796 740738 9524
1373731200 419149 5197 595901 7423
1373724000 437473 5290 608247 7362
1373716800 423531 5137 513364 6717
1373709600 247369 3148 411916 4911
1373702400 274799 3359 326427 3924
1373695200 232643 2995 528886 6716
1373688000 476710 5762 549211 6809
1373680800 460146 5499 540882 6598
1373673600 499887 6009 914064 13754
1373666400 916498 14154 920789 14962
1373659200 912591 13622 918237 14889
1373652000 833816 11985 914334 13640
1373644800 584387 7548 691623 8949
1373637600 633046 7950 727244 9257
1373630400 548750 6882 735860 10402
1373623200 743926 10399 766796 11482
1373616000 453643 5835 722961 10043
1373608800 488515 6019 606500 7570
1373601600 421931 5164 484556 6127
1373594400 383128 4807 489583 6322
1373587200 496288 8653 780440 62566
1373580000 734230 10115 790434 12098
1373572800 602744 7687 721419 9312
1373565600 603262 7760 741857 9786
1373558400 272234 4011 376673 4941
1373551200 252912 3675 322024 4666
1373544000 244258 3283 349193 4186
1373536800 280878 3662 397249 4843
1373529600 340900 4312 423601 5349
1373522400 388048 4769 493612 6157
1373515200 482000 6940 722966 10003
1373508000 348032 5540 579619 8569
1373500800 650671 11217 889427 54797
1373493600 303102 7359 372631 44738
1373486400 300738 8647 337748 49581
1373479200 276328 3810 459413 5874
1373472000 458460 6032 603295 7857
1373464800 505446 6479 607686 7876
1373457600 421413 5266 547783 6992
1373450400 547028 6809 622511 8310
1373443200 539374 6722 621204 8441
1373436000 480462 6225 606760 8101
1373428800 413146 5176 546913 7186
1373421600 460890 5662 533747 7632
1373414400 523791 6554 650653 8631
1373407200 519392 6772 678476 8641
1373400000 472099 7742 735201 39809
1373392800 590399 7809 823038 10762
1373385600 770847 9970 823038 10949
1373378400 748669 9743 793170 10678
1373371200 628379 8112 714633 9834
1373364000 345753 4352 416131 5248
1373356800 359857 4515 425359 5208
1373349600 328050 4115 455825 5806
1373342400 218222 2891 358549 4278
1373335200 215875 2837 354360 4368
1373328000 293084 3805 370034 5091
1373320800 537455 7096 665698 8810
1373313600 555004 7340 670653 8944
1373306400 603074 7808 713685 10002
1373299200 616459 8015 725490 9614
1373292000 637539 8129 728308 9494
1373284800 536598 6644 625461 8226
1373277600 344555 4312 457073 5534
1373270400 367513 4561 453233 5552
1373263200 381146 4697 593211 7465
1373256000 582967 7181 635844 8612
1373248800 579342 7351 650324 8772
1373241600 579060 7349 650324 8772
1373234400 421089 5196 524464 6446
1373227200 454058 5491 528900 6642
1373220000 488040 6067 616987 8178
1373212800 599063 7611 653922 8805
1373205600 560631 6972 634985 8206
1373198400 569298 7155 638821 8646
1373191200 199821 2641 229743 2926
1373184000 172030 2340 216051 2763
1373176800 234496 3057 553003 7137
1373169600 539886 6706 587063 7747
1373162400 544790 6817 621115 8221
1373155200 528047 6495 625374 8337
1373148000 492523 6075 592746 7243
1373140800 576838 7085 650277 8439
1373133600 599771 7237 761037 9496
1373126400 640904 7754 742679 9272
1373119200 597079 7323 686000 8696
1373112000 571354 7076 660480 8765
1373104800 520365 6492 625103 8530
1373097600 585202 7187 652374 8571
1373090400 517184 6356 600243 7847
1373083200 344312 4212 464368 5671
1373076000 354679 4260 454001 5417
1373068800 399266 4685 476931 5608
1373061600 674195 8570 774271 9905
1373054400 599911 7643 811806 10367
1373047200 649438 8410 810631 10259
1373040000 242921 3064 311890 3729
1373032800 260513 3244 332706 4023
1373025600 209440 2746 510578 5997
1373018400 529386 6457 605369 7550
1373011200 561109 7012 648677 8865
1373004000 532548 6654 638836 8774
1372996800 501888 6276 595992 7521
1372989600 507612 6234 597900 7626
1372982400 615560 7445 721121 9249
1372975200 650206 7800 723395 8858
1372968000 590288 7254 716031 8844
1372960800 610531 7372 737568 9477
1372953600 661089 7989 772292 9998
1372946400 656354 7936 724160 9384
1372939200 536132 6660 633198 8384
1372932000 503109 6220 593087 7663
1372924800 543176 6757 600939 8030
1372917600 524974 6457 613420 8203
1372910400 399431 4842 493554 6140
1372903200 403750 5022 498116 6141
1372896000 500970 6005 730497 9689
1372888800 709393 9200 779455 10604
1372881600 678827 9354 781458 27450
1372874400 614995 8170 766109 16392
1372867200 697163 8866 782707 10603
1372860000 678940 8623 782319 10697
1372852800 600366 7618 671347 9109
1372845600 206947 2984 258312 3369
1372838400 204040 2946 227012 3136
1372831200 249344 3382 533823 6632
1372824000 511858 6156 564714 7114
1372816800 497506 6097 647261 7859
1372809600 618752 7651 795221 10843
1372802400 796066 10732 868268 13005
1372795200 802563 10793 840461 11819
1372788000 600058 8062 785238 10228
1372780800 253262 7127 926960 35955
1372773600 382040 9246 550196 12584
1372766400 311128 7192 511103 12000
1372759200 278203 6779 498716 11489
1372752000 414060 9571 555880 12750
1372744800 440182 10189 550823 12420
1372737600 427022 9837 585936 13710
1372730400 545525 12663 632818 14573
1372723200 513220 11885 699503 16063
1372716000 183071 4708 278657 6789
1372708800 169415 4418 246263 6172
1372701600 206122 5247 280144 6819
1372694400 179537 4691 263623 6501
1372687200 138069 3754 248808 6251
1372680000 199470 4839 547336 12518
1372672800 539396 12401 586833 13432
1372665600 486696 11241 625557 14685
1372658400 528541 12331 768252 19081
1372651200 760331 18758 768088 19100
1372644000 763310 18880 768198 19078
1372636800 719471 17642 773316 19151
1372629600 463132 10560 558457 12826
1372622400 400927 9304 528597 12176
1372615200 365942 8520 539755 12532
1372608000 147571 3677 233769 5513
1372600800 219180 5214 257563 6028
1372593600 186180 4511 242760 5720
1372586400 231564 5487 266631 6247
1372579200 217268 5185 271034 6369
1372572000 229138 5438 303960 7076
1372564800 200247 4789 232376 5514
1372557600 214286 5106 249980 5885
1372550400 175577 4270 361224 8382
1372543200 443961 10200 514494 12058
1372536000 381330 9001 540432 12458
1372528800 323246 7607 561923 12625
1372521600 310119 7254 575504 12965
1372514400 383830 8789 520614 11898
1372507200 363045 8290 492995 11317
1372500000 441973 10217 523943 12400
1372492800 397946 9263 572618 13239
1372485600 386999 9184 579906 13888
1372478400 197225 4820 432065 9871
1372471200 387423 8788 520303 11913
1372464000 347357 8225 496467 11306
1372456800 335689 8170 436527 10294
1372449600 377004 9104 512920 12080
1372442400 344528 8383 484564 11520
1372435200 139906 4001 215855 5573
1372428000 228749 5789 296982 7327
1372420800 208614 5115 446349 10410
1372413600 375182 8878 552095 13055
1372406400 463512 10621 560743 13379
1372399200 423092 9918 554529 12968
1372392000 382828 9039 500465 12053
1372384800 384322 9099 556639 13036
1372377600 418762 9852 633376 14977
1372370400 430711 10098 572004 13414
1372363200 442891 10482 559169 13178
1372356000 510748 11881 773187 18088
1372348800 712309 19218 820963 77929
1372341600 507666 11851 760562 17620
1372334400 350037 10801 734436 68252
1372327200 381905 8894 486138 11292
1372320000 345320 9113 466292 30786
1372312800 359732 8393 516611 11885
1372305600 232590 9210 329394 44196
1372298400 258138 8098 409640 51366
1372291200 235904 5787 880944 22244
1372284000 882670 22279 891770 22808
1372276800 873339 22156 881318 22595
1372269600 712867 17948 885149 22752
1372262400 670210 16042 773094 18415
1372255200 668078 16044 787706 18957
1372248000 595177 14259 661919 16054
1372240800 355473 8417 560459 13091
1372233600 407606 9612 564590 13052
1372226400 370747 8701 558864 12989
1372219200 212157 5216 298623 7124
1372204800 320300 7871 857983 20636
1372118400 303576 7808 686407 64432
1372032000 308052 7543 548653 60051
1371945600 347181 8233 659662 15195
1371859200 241237 6154 560391 49071
1371772800 325950 8066 644568 49860
1371686400 405713 9893 704173 76211
1371600000 417181 10317 769808 88550
1371513600 367684 8500 670781 15711
1371427200 270299 6190 564593 12597
1371340800 286047 6516 665592 14467
1371254400 270618 6364 617654 13740
1371168000 278400 6666 580104 13526
1371081600 288986 6856 641672 14809
1370995200 220346 5370 671913 15514
1370908800 303234 7258 572022 13206
1370822400 383918 8954 690139 16361
1370736000 475106 11063 819665 20092
1370649600 315816 7389 693525 15728
1370563200 333435 7850 652335 15231
1370476800 342762 8059 669280 15353
1370390400 342657 8066 611047 14187
1370304000 281272 6681 581996 13446
1370217600 320077 7519 647279 14998
1370131200 357976 8413 894118 20508
1370044800 320902 7648 594526 13640
1369958400 274220 6585 778715 17913
1369872000 220144 5424 528726 11922
1369785600 302344 7131 694863 15823
1369699200 318394 7382 714719 16201
1369612800 354596 8237 665796 15388
1369526400 299916 6953 583688 13138
1369440000 394135 9239 879466 20613
1369353600 312411 7355 693053 15914
1369267200 333326 7784 581789 12945
1369180800 397519 9202 755890 17272
1369094400 309461 7205 762535 17500
1369008000 312688 7146 585020 13202
1368921600 315183 7202 631596 14168
1368835200 394254 9121 650117 14782
1368748800 337577 7865 642646 14719
1368662400 545754 12798 899854 42916
1368576000 379613 8893 771888 17502
1368489600 331062 7750 651164 14626
1368403200 315444 7250 643894 14501
1368316800 398482 9015 666906 14903
1368230400 344083 8094 632912 14664
1368144000 402536 19545 782624 185905
1368057600 512662 12011 888513 21465
1367971200 427981 10095 931674 23202
1367884800 335115 7984 812180 21218
1367798400 262720 6201 595794 13985
1367712000 404472 9267 682404 15509
1367625600 320125 7595 688590 16004
1367539200 359461 8447 593028 13725
1367452800 359262 8472 594565 13782
1367366400 343070 8110 648085 14969
1367280000 331538 7975 662422 15024
1367193600 253115 6014 656766 15395
1367107200 295879 6868 525913 12121
1367020800 325393 7696 619997 14570
1366934400 353746 8074 691707 15974
1366848000 223164 5431 456394 10227
1366761600 428655 9864 729132 16799
1366675200 328342 7698 666650 15556
1366588800 348796 7880 624382 14033
1366502400 328595 7463 644083 14494
1366416000 335427 7635 716122 16274
1366329600 388603 8868 641962 14697
1366243200 479419 11028 737386 17234
1366156800 679187 8970 798051 17067
1366070400 697184 8278 806216 9754
1365984000 654647 7700 709245 8572
1365897600 699664 8105 792383 9503
1365811200 725524 8626 821835 10127
1365724800 704824 8735 869772 12858
1365638400 748726 9409 948636 14473
1365552000 801453 10455 917367 13858
1365465600 522535 5531 851798 10486
1365379200 450398 4569 603009 5990
1365292800 390261 4002 607053 6100
1365206400 556422 5899 792409 8467
1365120000 674180 9234 910428 13472
1365033600 505926 6387 905967 13308
1364947200 553889 6910 776704 10139
1364860800 595749 7615 906541 12473
1364774400 560736 6865 664829 8751
1364688000 460883 5660 796502 9849
1364601600 685635 14957 1367507 27042
1364515200 858431 20121 910556 21828
1364428800 460372 11270 911343 23383
1364342400 886988 20534 938190 22047
1364256000 160307 4281 952486 23546
1364169600 1 538 1 614
1364083200 131633 3550 906729 21575
1363996800 914274 21755 1004052 24647
1363910400 884443 20785 955716 23143
1363824000 845430 19827 962398 24004
1363737600 169930 4487 898361 20854
1363651200 488828 11740 919766 22444
1363564800 725272 18414 750592 19555
1363478400 757835 18294 916091 21310
1363392000 354973 8778 939164 23978
1363305600 0 774 4 3078
1363219200 1 810 11 2707
1363132800 0 841 4 5212
1363046400 144348 3975 866871 19935
1362960000 792925 19246 876422 21178
1362873600 774273 18866 942432 22643
1362787200 859457 20239 933422 24542
1362700800 471703 11413 922753 25665
1362614400 851350 20897 927653 23169
1362528000 803568 20818 985664 47395
1362441600 818043 20368 956765 24279
1362355200 757761 18882 784300 19838
1362268800 827652 20207 923830 23013
1362182400 846944 21067 940560 44544
1362096000 835686 20853 932030 78693
1362009600 852105 20929 944894 34690
1361923200 809784 19996 946131 30949
1361836800 804679 20069 937220 39791
1361750400 737129 18297 759763 19277
1361664000 763983 19224 904688 21901
1361577600 852592 20409 945564 23291
1361491200 792423 19126 910593 22702
1361404800 775626 19577 892864 29047
1361318400 784440 19519 914712 27858
1361232000 780093 19107 884554 21979
1361145600 577703 14513 746159 19278
1361059200 785364 18540 889189 21744
1360972800 831071 20518 927080 65453
1360886400 856483 20555 932871 26599
1360800000 848923 21012 935154 23807
1360713600 837209 20736 931326 34603
1360627200 802146 20080 934172 23286
1360540800 729653 17912 763441 19316
1360454400 753290 18691 898598 21848
1360368000 810996 20208 932581 23540
1360281600 810205 20731 990353 32449
1360195200 818109 20585 942456 30822
1360108800 854500 21157 936984 39722
1360022400 811422 20689 957954 24315
1359936000 744658 18809 774242 19486
1359849600 777970 19547 948698 23287
1359763200 855359 21091 952621 27817
1359676800 825386 20798 963728 82334
1359590400 855596 21292 938620 31812
1359504000 842512 20353 940020 40081
1359417600 808612 19706 950228 28352
1359331200 736004 18438 766111 19498
1359244800 702282 17111 900446 21480
1359158400 891447 22239 1043768 25609
1359072000 915720 22023 975906 36375
1358985600 950668 23137 1031903 25980
1358899200 940113 22838 1033815 26072
1358812800 897202 21817 1005765 24352
1358726400 824921 20000 852536 21113
1358640000 899726 22280 1016391 24066
1358553600 759699 18586 1007067 25147
1358467200 736067 17834 983142 24844
1358380800 852403 20555 971257 23846
1358294400 872589 20933 975035 50320
1358208000 843832 21134 974997 46254
1358121600 769615 19309 792594 20005
1358035200 859772 21064 963719 23758
1357948800 871210 20881 964758 23294
1357862400 869913 21134 971044 23877
1357776000 825136 20350 947425 24094
1357689600 816488 19971 936677 23695
1357603200 820088 19873 931169 22688
1357516800 809815 19214 921154 21619
1357430400 787348 19342 940357 23064
1357344000 737284 18019 951198 23404
1357257600 868225 21117 961392 23536
1357171200 676811 16640 978782 42768
1357084800 400790 10021 941505 23045
1356998400 711195 17657 939091 24226
1356912000 593742 14733 781083 19505
1356825600 825051 20147 931372 22546
1356739200 873623 21342 1011784 25160
1356652800 896079 21596 997021 24684
1356566400 921922 22567 1001947 25202
1356480000 918700 22379 977474 23391
1356393600 886123 21339 1006588 23877
1356307200 806206 19515 834682 20919
1356220800 864990 20145 1003546 23934
1356134400 897809 21736 1002263 24208
1356048000 856210 20690 969683 25354
1355961600 825161 19287 935421 21960
1355875200 346606 8746 966277 24209
1355788800 759801 18804 998570 24303
1355702400 753783 18609 780603 19635
1355616000 835111 19438 954892 22638
1355529600 835242 20695 953156 23746
1355443200 853811 19876 1017457 24451
1355356800 833957 20596 979945 23757
1355270400 785810 19267 962807 23868
1355184000 801723 18755 941014 22379
1355097600 777974 18803 804696 19752
1355011200 795209 18598 961377 23065
1354924800 887560 21584 968857 25945
1354838400 825404 19715 966547 23597
1354752000 861904 21031 955699 23837
1354665600 820610 20347 965733 26000
1354579200 779838 19501 925668 22754
1354492800 741009 18944 763420 19262
1354406400 758423 19080 894194 21846
1354320000 781896 19448 924350 24066
1354233600 776769 18688 911736 23527
1354147200 795662 19381 912333 23015
1354060800 633144 15862 911351 23061
1353974400 236299 6559 735590 19324
1353888000 745041 19027 765201 19595
1353801600 771194 19331 887109 21208
1353715200 820005 19822 902227 21261
1353628800 813222 19732 904990 21397
1353542400 807653 19522 906983 22287
1353456000 621765 15260 909760 23589
1353369600 177204 4781 730756 18501
1353283200 729416 17939 750320 18768
1353196800 755979 18915 868079 21023
1353110400 821746 19745 904940 22261
1353024000 835319 20252 928277 22970
1352937600 814627 20525 928560 23911
1352851200 835503 20705 948196 23434
1352764800 833304 20525 941503 23108
1352678400 760957 18769 787134 19287
1352592000 786999 19317 927429 22364
1352505600 841361 20652 959838 23375
1352419200 859339 20854 973046 23740
1352332800 859773 20651 971919 23175
1352246400 923280 22343 967855 23308
1352160000 858450 20935 965923 23557
1352073600 800953 19543 821218 20681
1351987200 828059 20451 967503 24167
1351900800 873047 21106 969215 24014
1351814400 819754 20283 961191 23298
1351728000 811185 20363 921804 23521
1351641600 837365 21028 924598 23555
1351555200 830208 20556 928460 22681
1351468800 763957 19051 777929 19357
1351382400 793230 19637 940240 22792
1351296000 831348 20324 946544 22662
1351209600 858109 20539 959541 23154
1351123200 875947 21162 1000005 24826
1351036800 860660 20667 985524 23497
1350950400 855011 20613 968541 23437
1350864000 788282 18917 811863 19601
1350777600 816706 19944 963171 22969
1350691200 887644 22228 1007631 27309
1350604800 885830 21657 999151 24837
1350518400 845782 21000 976311 28918
1350432000 849417 20898 958696 23627
1350345600 867028 20853 956213 23533
1350259200 817561 19708 841772 20775
1350172800 844301 20665 938563 22354
1350086400 730438 18015 1101265 26919
1350000000 411269 10401 932069 22632
1349913600 840610 20518 935143 23012
1349827200 824466 20526 915058 23193
1349740800 804946 20061 917596 23036
1349654400 743502 18730 757867 19065
1349568000 802469 19449 875214 20991
1349481600 751855 19099 871867 21790
1349395200 727759 18576 824050 41588
1349308800 714752 17895 839086 21094
1349222400 675155 16702 950105 23384
1349136000 470231 12171 923126 23408
1349049600 251077 6641 912496 22416
1348963200 854907 21088 951359 23686
1348876800 866074 21229 986023 25177
1348790400 834575 20718 964346 23302
1348704000 831536 20691 955489 23690
1348617600 807972 20066 963951 24298
1348531200 122247 3513 915967 22249
1348444800 0 491 0 601
1348358400 0 548 0 645
1348272000 0 727 0 1195
1348185600 0 753 0 1796
1348099200 643040 16343 1035190 26003
1348012800 286771 7386 792386 19293
1347926400 934615 22190 1041378 25151
1347840000 892817 21174 907847 22364
1347753600 920681 21922 1031451 24818
1347667200 857121 21070 1021772 25283
1347580800 688273 16759 968065 23234
1347494400 802744 20177 954117 23201
1347408000 817164 20829 930791 24369
1347321600 678648 16792 933045 23229
1347235200 474068 11846 744325 19167
1347148800 625957 15781 914876 22684
1347062400 272252 7036 724957 17531
1346976000 761458 18904 893801 27853
1346889600 755739 18891 863696 50882
1346803200 765959 18911 922788 22753
1346716800 770733 19022 845597 21129
1346630400 583591 14568 738624 19273
1346544000 207158 5375 723832 17560
1346457600 278315 7313 703797 17579
1346371200 772094 19064 916819 22916
1346284800 782213 19335 882128 21944
1346198400 741103 18951 875441 21884
1346112000 755355 18948 907717 21935
1346025600 677992 17261 706019 17611
1345939200 711585 17943 857588 21035
1345852800 810678 20344 916125 27861
1345766400 849206 20571 974467 23213
1345680000 943367 22649 992842 23966
1345593600 937308 22939 1014395 25393
1345507200 916006 22510 1059882 25535
1345420800 842850 20752 859860 20949
1345334400 875382 21203 974808 22967
1345248000 901235 21693 983114 23478
1345161600 685667 16620 999666 24390
1345075200 299696 8155 678919 17415
1344988800 748231 18820 919307 22767
1344902400 753770 18630 927255 22577
1344816000 686171 16952 708432 17326
1344729600 709891 17756 856336 20790
1344643200 752454 18794 891511 21554
1344556800 760928 19036 891391 21551
1344470400 743426 18804 872123 21753
1344384000 743429 18784 881541 21593
1344297600 730231 18713 853001 21771
1344211200 662360 17132 680405 17342
1344124800 689020 17450 837557 20436
1344038400 785444 19463 905080 22402
1343952000 826020 20451 979153 23747
1343865600 830070 20437 982851 23994
1343779200 665472 16662 924757 23173
1343692800 640562 16366 912547 23829
1343606400 765281 18869 791107 19254
1343520000 782380 19126 899068 21154
1343433600 815525 20198 942854 71318
1343347200 698706 17199 900321 22077
1343260800 242923 6657 659255 17391
1343174400 766156 18828 869980 21739
1343088000 787975 19040 892670 21697
1343001600 731843 17922 762073 18872
1342915200 766989 19172 888656 21065
1342828800 807230 20082 903257 21997
1342742400 778375 19324 925606 23767
1342656000 765216 19021 892515 23661
1342569600 761493 18838 887973 21604
1342483200 802126 20160 925398 23167
1342396800 741595 18894 800006 20158
1342310400 669044 16563 912313 22258
1342224000 516606 12919 904930 22749
1342137600 802597 19803 919346 23750
1342051200 778443 19125 967579 23180
1341964800 762402 18821 915861 22040
1341878400 632073 15744 864902 22132
1341792000 129641 3613 695176 17316
1341705600 720777 17673 863543 20732
1341619200 808501 20001 904136 21968
1341532800 797616 20029 898078 22168
1341446400 801062 19944 880531 21358
1341360000 767579 19067 896653 22134
1341273600 761109 19045 863487 22057
1341187200 700038 17272 725029 17426
1341100800 732833 18095 855748 21357
1341014400 776544 19523 884744 25439
1340928000 654321 16977 923240 85272
1340841600 114564 4014 697859 63163
1340755200 637360 15866 886931 26060
1340668800 318257 8473 689976 17393
1340582400 680792 17193 700928 30708
1340496000 699249 17742 848161 21016
1340409600 630077 15829 885230 24219
1340323200 275328 7415 696900 17609
1340236800 662536 16215 894100 42505
1340150400 436876 10990 902604 21863
1340064000 481003 12395 897959 35754
1339977600 589867 14715 744934 29027
1339891200 554721 13612 899168 21239
1339804800 820781 19944 919250 22834
1339718400 826786 20205 910628 33768
1339632000 847735 21162 932270 45800
1339545600 779541 19210 910431 30384
1339459200 839920 20398 1021606 25065
1339372800 785310 18999 806303 19475
1339286400 817209 19464 978945 22695
1339200000 931009 21714 1012481 33313
1339113600 866479 20649 977022 23014
1339027200 814827 19886 939362 22524
1338940800 782630 18959 930557 22350
1338854400 794758 19186 963618 23520
1338768000 392916 9806 748440 19082
1338681600 762421 18812 919956 22575
1338595200 791525 19371 931239 22850
1338508800 669897 16519 946292 32346
1338422400 699992 17374 926403 31549
1338336000 763805 18954 922009 25639
1338249600 744424 18605 839132 20611
1338163200 677424 17215 706161 17497
1338076800 708310 17755 846835 20818
1337990400 629800 15868 878495 34973
1337904000 820172 20096 914591 28740
1337817600 635796 22399 981775 607982
1337731200 425792 14603 876666 147169
1337644800 741922 18820 890934 27131
1337558400 665460 17019 699099 17458
1337472000 699643 17828 856000 37543
1337385600 748375 19266 878266 53454
1337299200 750153 18613 954350 36333
1337212800 779793 19069 929989 22453
1337126400 777660 18920 911585 23862
1337040000 778419 19026 904166 21872
1336953600 707849 17180 736335 18635
1336867200 730344 17884 898609 21113
1336780800 754987 18717 904271 21683
1336694400 767850 18699 903086 22520
1336608000 784032 19199 928278 22330
1336521600 809970 19770 949220 22891
1336435200 773045 19332 885598 98671
1336348800 716365 17534 741835 31157
1336262400 743943 17968 880486 21465
1336176000 786627 19131 939966 22846
1336089600 728151 37944 889461 161338
1336003200 670903 49176 815649 1370857
1335916800 693832 23614 829646 190831
1335830400 726094 18178 865895 51983
1335744000 649490 16370 686637 17227
1335657600 683419 17420 851537 20392
1335571200 721110 17827 901917 22730
1335484800 688391 17170 886255 21183
1335398400 674326 17040 829672 25586
1335312000 671488 17009 782521 19770
1335225600 689223 17211 835509 20571
1335139200 622322 15562 638321 15932
1335052800 595640 15013 801368 19506
1334966400 717101 17789 857244 22970
1334880000 715048 17685 836139 20977
1334793600 684067 17950 844191 232811
1334707200 681962 17149 845633 21142
1334620800 678530 16903 798352 24052
1334534400 600890 15173 624960 15540
1334448000 620086 15604 790500 19004
1334361600 654481 16531 787989 18963
1334275200 273975 7109 790712 33390
1334188800 0 0 0 0
1334102400 96 227 471 713
1334016000 191 362 11017 11168
1333929600 124 295 132 312
1333843200 123 292 130 312
1333756800 165 336 4517 4686
1333670400 124 295 499 664
1333584000 147 319 2631 2798
1333497600 164 334 5381 5547
1333411200 225 396 10541 10700
1333324800 136 306 143 321
1333238400 136 306 141 319
1333152000 137 308 3059 3228
1333065600 415 586 11094 11243
1332979200 211 370 11096 11234
1332892800 293 446 11056 11201
1332806400 107 248 9964 10088
1332720000 22 163 26 175
1332633600 22 163 26 175
1332547200 67 207 4498 4637
1332460800 131 270 10903 11020
1332374400 117 257 10941 11056
1332288000 10 149 17 180
1332201600 461 600 10976 11092
1332115200 10 149 11 163
1332028800 10 148 11 167
1331942400 147 287 10939 11062
1331856000 44 185 3631 3772
1331769600 162 302 10500 10628
1331683200 131 270 10975 11090
1331596800 11 150 1059 1199
1331510400 9 149 12 162
1331424000 10 149 11 161
1331337600 10 148 11 163
1331251200 10 149 11 165
1331164800 10 149 17 161
1331078400 11 150 711 862
1330992000 59 198 4878 5007
1330905600 10 149 11 161
1330819200 10 149 12 161
1330732800 68 207 7034 7159
1330646400 140 281 9670 9793
1330560000 113 252 7399 7529
1330473600 27 165 3306 3438
1330387200 483 622 10977 11098
1330300800 10 149 12 167
1330214400 10 148 11 163
1330128000 66 205 6883 7017
1330041600 72 211 9674 9798
1329955200 61 200 5744 5881
1329868800 44 184 4798 4936
1329782400 10 148 12 162
1329696000 10 149 11 163
1329609600 10 149 11 162
1329523200 143 282 10942 11061
1329436800 195 336 11065 11190
1329350400 33 173 4117 4253
1329264000 279 418 10940 11088
1329177600 272 411 10942 11057
1329091200 9 148 12 163
1329004800 10 149 15 166
1328918400 527 667 10941 11061
1328832000 40 179 8930 9060
1328745600 787 926 10975 11095
1328659200 78 219 10939 11062
1328572800 26 165 4279 4422
1328486400 10 149 11 163
1328400000 110 255 133 282
1328313600 147 294 5658 5805
1328227200 122 269 133 292
1328140800 159 308 2622 2763
1328054400 155 300 10995 11121
1327968000 40 181 4502 4635
1327881600 9 150 12 164
1327795200 9 151 11 166
1327708800 12 154 1088 1227
1327622400 10 150 13 164
1327536000 36 178 4081 4229
1327449600 94 235 5397 5535
1327363200 23 166 2277 2414
1327276800 10 150 11 167
1327190400 9 151 11 167
1327104000 69 210 7214 7347
1327017600 21 164 455 602
1326931200 32 173 5082 5223
1326844800 116 256 10940 11064
1326758400 10 151 11 185
1326672000 64 207 133 289
1326585600 123 268 132 286
1326499200 192 340 6925 7074
1326412800 345 491 11093 11222
1326326400 117 264 3233 3386
1326240000 42 184 3307 3447
1326153600 105 246 9083 9205
1326067200 10 150 11 163
1325980800 10 150 12 164
1325894400 88 230 6004 6156
1325808000 110 254 10866 10995
1325721600 122 265 10903 11021
1325635200 26 167 3675 3809
1325548800 10 151 11 184
1325462400 10 150 12 219
1325376000 10 150 12 164
1325289600 138 279 10941 11057
1325203200 38 179 5736 5862
1325116800 36 176 5093 5231
1325030400 21 162 3420 3558
1324944000 7 128 684 1253
1324857600 10 150 11 164
1324771200 10 150 12 163
1324684800 10 150 12 163
1324598400 13 154 990 1134
1324512000 37 178 4913 5049
1324425600 38 179 6352 6482
1324339200 200 341 10941 11067
1324252800 9 150 12 164
1324166400 10 150 11 220
1324080000 39 180 3358 3494
1323993600 190 332 8990 9110
1323907200 153 298 6920 7063
1323820800 24 167 963 1113
1323734400 33 173 6440 6568
1323648000 10 148 11 159
1323561600 10 148 11 160
1323475200 10 148 17 159
1323388800 41 180 4820 4955
1323302400 56 195 8110 8236
1323216000 54 193 8436 8560
1323129600 70 208 5131 5257
1323043200 10 148 12 162
1322956800 10 148 11 162
1322870400 44 182 4214 4349
1322784000 62 201 5425 5551
1322697600 44 183 3643 3783
1322611200 187 325 10940 11060
1322524800 96 234 10903 11019
1322438400 10 148 11 161
1322352000 10 148 12 180
1322265600 10 148 11 162
1322179200 10 148 11 161
1322092800 10 149 17 160
1322006400 10 148 12 160
1321920000 43 182 6761 6883
1321833600 10 148 11 161
1321747200 10 148 11 162
1321660800 90 229 8025 8161
1321574400 50 188 5640 5784
1321488000 103 242 5654 5781
1321401600 232 371 10940 11060
1321315200 95 234 10037 10161
1321228800 10 149 11 160
1321142400 104 247 137 285
1321056000 82 223 130 277
1320969600 206 344 10978 11098
1320883200 38 176 5292 5437
1320796800 89 227 8254 8382
1320710400 10 148 14 159
1320624000 119 262 137 288
1320537600 124 267 137 287
1320451200 121 266 139 288
1320364800 30 68 133 280
1320278400 0 0 0 0
1320192000 0 0 0 0
1320105600 0 0 0 0
1320019200 0 0 0 0
1319932800 0 0 0 0
1319846400 0 0 0 0
1319760000 0 0 0 0
1319673600 0 0 0 0
1319587200 0 0 0 0
1319500800 0 0 0 0
1319414400 0 0 0 0
1319328000 0 0 0 0
1319241600 0 0 0 0
1319155200 0 0 0 0
1319068800 0 0 0 0
1318982400 0 0 0 0
1318896000 0 0 0 0
1318809600 0 0 0 0
1318723200 0 0 0 0
1318636800 0 0 0 0
1318550400 0 0 0 0
1318464000 0 0 0 0
1318377600 0 0 0 0
1318291200 0 0 0 0
1318204800 0 0 0 0
1318118400 0 0 0 0
1318032000 0 0 0 0
1317945600 0 0 0 0
1317859200 0 0 0 0
1317772800 0 0 0 0
1317686400 0 0 0 0
1317600000 0 0 0 0
1317513600 0 0 0 0
1317427200 0 0 0 0
1317340800 0 0 0 0
1317254400 0 0 0 0
1317168000 0 0 0 0
1317081600 0 0 0 0
1316995200 0 0 0 0
1316908800 0 0 0 0
1316822400 0 0 0 0
1316736000 0 0 0 0
1316649600 0 0 0 0
1316563200 0 0 0 0
1316476800 0 0 0 0
1316390400 0 0 0 0
1316304000 0 0 0 0
1316217600 0 0 0 0
1316131200 0 0 0 0
1316044800 0 0 0 0
1315958400 0 0 0 0
1315872000 0 0 0 0
1315785600 0 0 0 0
1315699200 0 0 0 0
1315612800 0 0 0 0
1315526400 0 0 0 0
1315440000 0 0 0 0
1315353600 0 0 0 0
1315267200 0 0 0 0
1315180800 0 0 0 0
1315094400 0 0 0 0
1315008000 0 0 0 0
1314921600 0 0 0 0
1314835200 0 0 0 0
1314748800 0 0 0 0
1314662400 0 0 0 0
1314576000 0 0 0 0
1314489600 0 0 0 0
1314403200 0 0 0 0
1314316800 0 0 0 0
1314230400 0 0 0 0
1314144000 0 0 0 0
1314057600 0 0 0 0
1313971200 0 0 0 0
1313884800 0 0 0 0
1313798400 0 0 0 0
1313712000 0 0 0 0
1313625600 0 0 0 0
1313539200 0 0 0 0
1313452800 0 0 0 0
1313366400 0 0 0 0
1313280000 0 0 0 0
1313193600 0 0 0 0
1313107200 0 0 0 0
1313020800 0 0 0 0
1312934400 0 0 0 0
1312848000 0 0 0 0
1312761600 0 0 0 0
1312675200 0 0 0 0
1312588800 0 0 0 0
1312502400 0 0 0 0
1312416000 0 0 0 0
1312329600 0 0 0 0
1312243200 0 0 0 0
1312156800 0 0 0 0
1312070400 0 0 0 0
1311984000 0 0 0 0
1311897600 0 0 0 0
1311811200 0 0 0 0
1311724800 0 0 0 0
1311638400 0 0 0 0
1311552000 0 0 0 0
1311465600 0 0 0 0
1311379200 0 0 0 0
1311292800 0 0 0 0
1311206400 0 0 0 0
1311120000 0 0 0 0
1311033600 0 0 0 0
1310947200 0 0 0 0
1310860800 0 0 0 0
1310774400 0 0 0 0
1310688000 0 0 0 0
1310601600 0 0 0 0
1310515200 0 0 0 0
1310428800 0 0 0 0
1310342400 0 0 0 0
1310256000 0 0 0 0
1310169600 0 0 0 0
1310083200 0 0 0 0
1309996800 0 0 0 0
1309910400 0 0 0 0
1309824000 0 0 0 0
1309737600 0 0 0 0
1309651200 0 0 0 0
1309564800 0 0 0 0
1309478400 0 0 0 0
1309392000 0 0 0 0
1309305600 0 0 0 0
1309219200 0 0 0 0
1309132800 0 0 0 0
1309046400 0 0 0 0
