1377805802 154177266 3406631075
1377805802 20 187 20 187
1377805502 18 198 18 198
1377805500 18 199 35 386
1377805200 35 386 39 401
1377804900 38 399 39 401
1377804600 24 238 25 256
1377804300 18 258 55 579
1377804000 54 577 55 579
1377803700 18 189 19 194
1377803400 17 194 47 281
1377803100 46 280 47 281
1377802800 21 199 22 208
1377802500 19 209 46 437
1377802200 45 435 46 437
1377801900 16 194 32 231
1377801600 32 231 41 310
1377801300 40 309 41 310
1377801000 20 266 25 267
1377800700 25 257 40 262
1377800400 39 261 40 262
1377800100 17 207 31 339
1377799800 31 338 44 339
1377799500 43 327 44 328
1377799200 14 183 15 202
1377798900 14 201 20 202
1377798600 20 191 20 227
1377798300 19 226 20 227
1377798000 12 192 30 293
1377797700 29 292 30 293
1377797400 16 204 84 965
1377797100 83 961 84 965
1377796800 54 379 55 380
1377796500 31 349 32 351
1377796200 15 186 34 215
1377795900 34 215 39 350
1377795600 39 350 39 392
1377795300 38 390 39 392
1377795000 17 192 22 217
1377794700 22 217 28 309
1377794400 27 308 28 309
1377794100 14 192 39 397
1377793800 38 396 39 397
1377793500 27 280 28 281
1377793200 15 188 36 278
1377792900 35 277 36 278
1377792600 15 184 23 260
1377792300 23 259 43 260
1377792000 43 260 92 842
1377791700 91 848 92 2838
1377791400 58 2820 59 2838
1377791100 35 224 53 229
1377790800 53 229 91 350
1377790500 91 350 137 531
1377790200 136 528 137 531
1377789900 15 216 15 217
1377789600 15 192 51 360
1377789300 50 359 51 360
1377789000 22 235 23 236
1377788700 16 193 33 227
1377788400 32 227 33 358
1377788100 31 356 32 358
1377787800 11 181 39 292
1377787500 38 291 39 292
1377787200 28 250 29 251
1377786900 14 206 26 210
1377786600 25 210 26 212
1377786300 15 228 98 2729
1377786000 97 2712 98 2729
1377785700 42 308 43 309
1377785400 25 273 26 274
1377785100 19 197 44 290
1377784800 43 289 44 290
1377784500 11 222 28 280
1377784200 27 279 28 280
1377783900 17 189 25 253
1377783600 24 252 25 253
1377783300 15 185 16 218
1377783000 14 218 37 465
1377782700 36 463 37 465
1377782400 17 192 139 2055
1377782100 138 2043 139 2055
1377781800 37 315 38 316
1377781500 19 249 29 340
1377781200 29 339 37 340
1377780900 36 244 37 245
1377780600 23 185 24 285
1377780300 23 284 24 285
1377780000 17 183 17 184
1377779700 17 176 25 224
1377779400 25 224 37 294
1377779100 36 293 37 294
1377778800 21 180 465 240
1377778500 463 240 465 346
1377778200 56 345 57 346
1377777900 27 322 28 323
1377777600 25 235 51 359
1377777300 50 358 51 359
1377777000 27 285 28 286
1377776700 23 201 24 221
1377776400 24 221 34 298
1377776100 33 297 34 298
1377775800 27 188 31 215
1377775500 30 215 31 274
1377775200 25 273 26 274
1377774900 18 183 49 360
1377774600 48 359 49 360
1377774300 30 197 31 198
1377774000 24 191 28 331
1377773700 28 330 35 331
1377773400 34 208 35 221
1377773100 23 220 24 221
1377772800 18 183 19 184
1377772500 17 182 18 183
1377772200 17 181 23 197
1377771900 23 197 33 246
1377771600 32 245 33 246
1377771300 10 175 38 256
1377771000 37 255 38 256
1377770700 17 182 20 185
1377770400 20 185 25 239
1377770100 25 239 45 250
1377769800 44 249 45 250
1377769500 17 181 17 182
1377769200 17 181 20 183
1377768900 20 183 21 187
1377768600 21 187 33 238
1377768300 32 237 33 238
1377768000 20 197 21 198
1377767700 18 178 40 254
1377767400 40 253 43 254
1377767100 42 207 43 224
1377766800 25 223 26 224
1377766500 17 176 36 204
1377766200 35 203 36 204
1377765900 22 195 23 196
1377765600 23 183 26 223
1377765300 25 222 26 223
1377765000 19 176 20 196
1377764700 20 196 28 262
1377764400 27 261 28 262
1377764100 14 179 16 180
1377763800 16 176 43 297
1377763500 42 296 43 297
1377763200 15 175 16 180
1377762900 13 180 36 198
1377762600 36 198 37 263
1377762300 36 262 37 263
1377762000 22 221 23 222
1377761700 21 174 22 426
1377761400 18 425 87 426
1377761100 86 412 87 414
1377760800 35 203 36 247
1377760500 31 246 32 247
1377760200 19 184 38 255
1377759900 37 254 38 255
1377759600 25 194 26 195
1377759300 18 184 28 228
1377759000 28 227 32 228
1377758700 31 206 32 207
1377758400 24 176 25 177
1377758100 14 173 15 181
1377757800 15 181 26 238
1377757500 26 238 33 281
1377757200 32 280 33 281
1377756900 21 209 22 210
1377756600 20 182 74 409
1377756300 73 407 74 409
1377756000 31 197 41 343
1377755700 41 344 76 627
1377755400 75 624 76 627
1377755100 41 212 42 213
1377754800 21 191 22 192
1377754500 14 177 25 225
1377754200 25 225 27 246
1377753900 27 245 30 246
1377753600 29 203 30 208
1377753300 25 208 26 243
1377753000 26 243 47 293
1377752700 46 292 47 293
1377752400 18 179 19 180
1377752100 15 173 19 182
1377751800 18 181 19 182
1377751500 17 174 27 198
1377751200 26 198 27 223
1377750900 24 222 25 223
1377750600 20 184 21 187
1377750300 16 187 27 200
1377750000 26 199 27 200
1377749700 17 181 30 239
1377749400 29 238 30 239
1377749100 16 179 61 274
1377748800 60 273 61 274
1377748500 17 176 17 177
1377748200 17 176 22 225
1377747900 22 224 38 225
1377747600 37 206 38 207
1377747300 16 179 23 197
1377747000 23 214 74 2756
1377746700 73 2739 74 2756
1377746400 44 250 45 251
1377746100 17 180 26 210
1377745800 25 209 26 210
1377745500 15 171 38 251
1377745200 37 250 38 251
1377744900 19 178 27 223
1377744600 26 222 27 223
1377744300 19 175 32 203
1377744000 31 202 32 203
1377743700 18 178 23 181
1377743400 23 181 26 226
1377743100 25 225 26 226
1377742800 18 186 19 187
1377742500 18 177 22 202
1377742200 21 202 22 241
1377741900 20 241 44 292
1377741600 43 291 44 292
1377741300 20 236 21 237
1377741000 15 175 16 184
1377740700 14 184 30 196
1377740400 29 196 30 248
1377740100 26 247 27 248
1377739800 15 178 15 180
1377739500 15 180 18 181
1377739200 17 180 18 181
1377738900 14 176 15 177
1377738600 13 173 33 231
1377738300 33 231 39 258
1377738000 38 257 39 258
1377737700 18 178 25 245
1377737400 24 244 25 245
1377737100 17 180 22 225
1377736800 22 224 32 225
1377736500 31 213 32 214
1377736200 15 183 15 185
1377735900 15 185 15 185
1377735600 15 185 15 215
1377735300 15 214 16 215
1377735000 16 183 21 184
1377734700 20 183 21 184
1377734400 15 176 43 313
1377734100 42 312 43 313
1377733800 23 220 24 221
1377733500 14 179 14 180
1377733200 14 176 34 220
1377732900 33 219 34 220
1377732600 19 181 19 181
1377732300 18 181 19 213
1377732000 15 212 16 213
1377731700 14 182 15 183
1377731400 15 177 21 187
1377731100 20 186 21 187
1377730800 17 183 50 304
1377730500 49 303 50 304
1377730200 17 178 18 189
1377729900 17 189 29 240
1377729600 29 239 33 240
1377729300 32 218 33 224
1377729000 27 224 32 329
1377728700 31 328 32 329
1377728400 20 192 209 457
1377728100 209 457 268 690
1377727800 266 688 268 690
1377727500 112 737 3058 37361
1377727200 3048 37237 3058 37361
1377726900 123 329 124 453
1377726600 125 460 961 1578
1377726300 963 1614 1325 7107
1377726000 1320 7103 1325 7107
1377725700 679 6500 681 6542
1377725400 458 394 473 2780
1377725100 474 2808 724 7116
1377724800 727 7129 1700 11077
1377724500 1690 11007 1700 11077
1377724200 294 635 808 9184
1377723900 805 9140 808 9184
1377723600 402 2679 404 2695
1377723300 219 349 220 350
1377723000 116 235 810 9367
1377722700 823 9609 2770 45698
1377722400 2761 45537 2770 45698
1377722100 1527 21550 1532 21649
1377721800 925 7188 6543 60179
1377721500 6515 59942 6543 60179
1377721200 2395 24546 2401 24638
1377720900 1594 10816 1604 10886
1377720600 195 434 196 436
1377720300 187 213 188 214
1377720000 174 211 195 399
1377719700 194 398 195 399
1377719400 130 329 248 330
1377719100 247 205 248 270
1377718800 182 269 183 270
1377718500 98 196 179 237
1377718200 179 237 258 261
1377717900 257 261 258 324
1377717600 124 324 217 365
1377717300 219 393 641 4710
1377717000 639 4697 641 4710
1377716700 334 1030 2549 18550
1377716400 2533 18427 2549 18550
1377716100 163 246 164 273
1377715800 161 273 241 285
1377715500 240 284 241 285
1377715200 174 193 174 232
1377714900 175 232 365 261
1377714600 364 262 365 838
1377714300 331 839 562 1112
1377714000 561 1120 562 2364
1377713700 546 2349 549 2364
1377713400 182 243 264 368
1377713100 262 366 264 368
1377712800 98 192 202 1146
1377712500 201 1143 202 1146
1377712200 198 288 199 289
1377711900 178 200 179 239
1377711600 172 238 173 239
1377711300 164 194 165 288
1377711000 120 287 257 288
1377710700 256 228 257 229
1377710400 169 201 170 367
1377710100 113 366 180 367
1377709800 188 327 1476 3538
1377709500 1485 3566 4429 12171
1377709200 4419 12236 4429 21923
1377708900 3051 21781 3069 21923
1377708600 395 630 396 631
1377708300 339 544 340 1185
1377708000 323 1252 1831 11326
1377707700 1821 11255 1831 11326
1377707400 428 860 5278 9998
1377707100 5246 9975 5278 9998
1377706800 524 6572 1073 6606
1377706500 1074 1562 1556 8461
1377706200 1547 8413 1556 8461
1377705900 319 1323 350 1330
1377705600 350 330 439 5101
1377705300 477 5105 6170 5745
1377705000 6130 5709 6170 5745
1377704700 255 404 256 406
1377704400 183 207 1277 373
1377704100 1269 372 1277 373
1377703800 171 235 194 276
1377703500 193 275 194 276
1377703200 170 275 195 355
1377702900 194 364 195 1792
1377702600 144 1783 330 1792
1377702300 329 525 330 527
1377702000 235 368 236 370
1377701700 114 185 1515 648
1377701400 1509 646 1515 648
1377701100 726 417 731 418
1377700800 116 319 199 453
1377700500 198 451 199 453
1377700200 174 275 203 370
1377699900 202 369 203 370
1377699600 179 224 180 342
1377699300 176 343 376 594
1377699000 374 591 376 594
1377698700 188 192 836 695
1377698400 833 692 836 695
1377698100 411 368 413 369
1377697800 217 321 1165 1151
1377697500 1157 1144 1165 1151
1377697200 24 189 26 281
1377696900 26 281 54 438
1377696600 53 436 54 438
1377696300 24 245 55 511
1377696000 54 508 55 511
1377695700 21 191 27 239
1377695400 26 238 27 239
1377695100 16 237 34 665
1377694800 33 662 34 665
1377694500 28 241 30 242
1377694200 30 227 36 249
1377693900 35 249 36 292
1377693600 32 292 100 333
1377693300 99 332 100 333
1377693000 24 237 39 300
1377692700 39 302 67 1056
1377692400 66 1050 67 1056
1377692100 18 178 26 248
1377691800 25 248 26 271
1377691500 25 271 31 292
1377691200 30 291 31 292
1377690900 24 237 27 238
1377690600 26 194 27 195
1377690300 19 190 66 788
1377690000 65 784 66 788
1377689700 34 328 35 329
1377689400 16 187 26 295
1377689100 26 295 48 311
1377688800 47 310 48 311
1377688500 12 173 47 307
1377688200 46 306 47 307
1377687900 22 219 28 258
1377687600 28 258 41 335
1377687300 40 333 41 335
1377687000 20 174 21 184
1377686700 19 184 43 291
1377686400 42 291 43 341
1377686100 39 339 40 341
1377685800 19 185 22 240
1377685500 21 239 22 240
1377685200 14 185 40 263
1377684900 39 262 40 263
1377684600 16 182 38 440
1377684300 37 438 38 440
1377684000 20 198 42 1004
1377683700 41 1001 42 1004
1377683400 22 223 23 224
1377683100 20 183 35 254
1377682800 34 253 35 254
1377682500 29 247 30 248
1377682200 15 186 16 187
1377681900 8 167 36 301
1377681600 36 300 36 301
1377681300 35 223 36 271
1377681000 28 270 29 271
1377680700 18 175 29 204
1377680400 28 204 29 229
1377680100 20 228 21 229
1377679800 14 175 23 185
1377679500 23 185 51 328
1377679200 50 326 51 328
1377678900 16 176 19 219
1377678600 19 218 20 219
1377678300 20 187 26 196
1377678000 26 196 32 328
1377677700 32 327 32 328
1377677400 31 240 32 241
1377677100 15 181 21 217
1377676800 20 216 21 217
1377676500 15 180 16 181
1377676200 15 178 17 179
1377675900 17 179 36 246
1377675600 36 246 38 289
1377675300 37 288 38 289
1377675000 16 177 22 190
1377674700 21 189 22 190
1377674400 17 179 26 201
1377674100 26 201 58 308
1377673800 57 307 58 308
1377673500 17 178 28 183
1377673200 28 184 46 454
1377672900 46 453 47 454
1377672600 46 207 47 228
1377672300 26 227 47 228
1377672000 46 226 47 271
1377671700 43 270 44 271
1377671400 16 180 17 181
1377671100 11 172 19 174
1377670800 19 174 27 223
1377670500 27 223 49 277
1377670200 48 276 49 277
1377669900 22 186 23 187
1377669600 19 177 31 261
1377669300 30 260 31 261
1377669000 25 229 26 230
1377668700 23 173 34 235
1377668400 34 235 44 271
1377668100 43 270 44 271
1377667800 11 173 32 236
1377667500 31 236 32 242
1377667200 24 241 25 242
1377666900 24 191 58 324
1377666600 57 323 58 324
1377666300 19 182 24 233
1377666000 23 232 24 233
1377665700 16 178 16 178
1377665400 16 178 18 185
1377665100 18 185 37 216
1377664800 36 216 37 245
1377664500 30 244 31 245
1377664200 28 228 29 229
1377663900 17 188 18 189
1377663600 17 178 22 198
1377663300 22 198 44 273
1377663000 43 272 44 273
1377662700 20 224 21 225
1377662400 17 175 26 207
1377662100 26 209 70 512
1377661800 69 509 70 512
1377661500 20 186 38 294
1377661200 37 293 38 294
1377660900 22 184 41 265
1377660600 40 264 41 265
1377660300 17 180 25 239
1377660000 25 238 27 239
1377659700 27 223 27 239
1377659400 27 239 52 341
1377659100 51 339 52 341
1377658800 21 182 26 183
1377658500 26 190 48 1780
1377658200 48 1769 69 1780
1377657900 68 261 69 262
1377657600 27 224 28 225
1377657300 22 180 40 253
1377657000 39 252 40 253
1377656700 23 237 23 238
1377656400 22 224 23 225
1377656100 14 176 29 231
1377655800 29 231 43 299
1377655500 42 298 43 299
1377655200 22 235 23 236
1377654900 19 222 20 223
1377654600 15 175 16 181
1377654300 16 182 56 424
1377654000 55 422 56 424
1377653700 23 182 44 299
1377653400 43 298 44 299
1377653100 15 177 20 178
1377652800 20 173 45 188
1377652500 44 188 45 247
1377652200 28 246 30 247
1377651900 29 196 30 239
1377651600 23 238 24 239
1377651300 21 186 22 187
1377651000 15 178 15 179
1377650700 15 176 26 222
1377650400 25 222 26 223
1377650100 22 223 39 251
1377649800 38 250 39 251
1377649500 14 182 15 183
1377649200 14 177 15 181
1377648900 15 181 40 265
1377648600 39 264 40 265
1377648300 11 177 42 233
1377648000 41 232 42 233
1377647700 16 179 17 180
1377647400 17 175 25 228
1377647100 25 227 28 228
1377646800 27 215 28 216
1377646500 17 177 20 181
1377646200 20 181 44 267
1377645900 43 266 44 267
1377645600 24 181 25 222
1377645300 23 221 23 222
1377645000 22 219 23 220
1377644700 16 175 38 230
1377644400 37 230 38 239
1377644100 23 238 24 239
1377643800 23 228 24 229
1377643500 21 181 29 198
1377643200 29 198 35 232
1377642900 34 231 35 232
1377642600 24 195 44 308
1377642300 53 478 1541 25860
1377642000 1560 26889 7267 334843
1377641700 7219 332612 7267 334843
1377641400 152 310 1249 8078
1377641100 1247 8064 1249 8078
1377640800 912 4068 915 4092
1377640500 496 553 1288 9132
1377640200 1285 9102 1288 9132
1377639900 431 320 434 321
1377639600 99 209 100 358
1377639300 85 357 138 358
1377639000 138 288 168 1343
1377638700 167 1335 168 1343
1377638400 164 231 165 540
1377638100 165 539 209 540
1377637800 210 421 435 422
1377637500 436 382 642 5794
1377637200 648 5851 1675 14345
1377636900 1671 14315 1675 14345
1377636600 699 5473 704 5509
1377636300 56 221 199 418
1377636000 198 417 199 418
1377635700 109 316 110 317
1377635400 72 223 128 322
1377635100 128 323 247 611
1377634800 245 608 247 611
1377634500 34 242 124 243
1377634200 124 204 142 282
1377633900 141 281 142 282
1377633600 96 223 131 226
1377633300 131 226 178 249
1377633000 177 252 178 789
1377632700 93 838 1406 8194
1377632400 1401 8169 1406 8194
1377632100 169 865 170 868
1377631800 81 236 1391 5003
1377631500 1390 5013 1391 8297
1377631200 1106 8285 1108 8297
1377630900 540 4968 1336 17186
1377630600 1328 17074 1336 17186
1377630300 277 524 314 2681
1377630000 314 2665 370 2681
1377629700 377 642 1434 41977
1377629400 1429 41772 1434 41977
1377629100 718 11291 1080 11335
1377628800 1085 4837 1942 16087
1377628500 1953 16151 3738 25726
1377628200 3714 25565 3738 25726
1377627900 245 1636 246 1641
1377627600 172 231 173 251
1377627300 76 281 867 4762
1377627000 863 4741 867 4762
1377626700 355 1662 357 1668
1377626400 202 802 262 853
1377626100 267 892 1120 6834
1377625800 1870 17942 4296 57022
1377624600 1509 13715 5761 57022
1377622800 3690 16863 5761 24423
1377621000 346 915 546 1630
1377619200 187 1450 266 6383
1377617400 196 502 400 1464
1377615600 285 1031 661 1868
1377613800 255 1485 613 2565
1377612000 520 3332 1264 7190
1377610200 22 276 42 434
1377608400 44 684 106 1913
1377606600 22 238 32 309
1377604800 22 220 44 310
1377603000 25 239 33 307
1377601200 26 246 38 320
1377599400 28 333 54 1068
1377597600 18 194 43 297
1377595800 17 190 25 222
1377594000 21 197 39 250
1377592200 20 197 31 238
1377590400 21 202 31 234
1377588600 21 241 35 500
1377586800 25 290 54 748
1377585000 19 194 30 274
1377583200 21 212 47 270
1377581400 15 182 21 213
1377579600 18 195 33 254
1377577800 17 192 28 235
1377576000 23 200 43 251
1377574200 15 188 24 234
1377572400 20 203 39 279
1377570600 53 1205 170 6163
1377568800 20 195 40 253
1377567000 16 181 24 217
1377565200 19 193 51 312
1377563400 15 180 20 216
1377561600 22 206 34 246
1377559800 18 201 687 314
1377558000 136 230 6226 11824
1377556200 3795 14801 8377 31998
1377554400 984 3302 4528 16405
1377552600 1490 3801 7515 19532
1377550800 195 509 399 1113
1377549000 284 360 760 720
1377547200 335 637 861 1247
1377545400 559 2382 1417 10630
1377543600 101 269 344 375
1377541800 472 2350 1494 6913
1377540000 12639 59461 46012 151636
1377538200 1563 30877 6623 153979
1377536400 119 295 2332 10299
1377534600 1088 5106 2332 14968
1377532800 843 4101 2466 17109
1377531000 306 623 554 1338
1377529200 431 958 906 3244
1377527400 192 720 404 2185
1377525600 249 1225 391 3494
1377523800 28 307 45 471
1377522000 25 238 50 416
1377520200 25 229 50 360
1377518400 24 245 50 379
1377516600 25 250 40 330
1377514800 20 209 44 315
1377513000 21 223 55 343
1377511200 35 317 65 745
1377509400 20 198 53 311
1377507600 26 211 40 247
1377505800 23 212 37 300
1377504000 22 205 36 239
1377502200 20 201 47 274
1377500400 19 194 43 265
1377498600 18 196 45 302
1377496800 22 196 37 233
1377495000 23 221 44 270
1377493200 18 193 31 226
1377491400 19 195 33 247
1377489600 20 201 43 263
1377487800 95 216 462 263
1377486000 17 190 34 216
1377484200 19 196 38 251
1377482400 23 205 46 244
1377480600 18 200 38 256
1377478800 20 193 45 262
1377477000 19 195 44 296
1377475200 20 192 29 227
1377473400 20 212 36 262
1377471600 21 196 39 229
1377469800 18 196 34 251
1377468000 31 516 61 2065
1377466200 19 198 41 299
1377464400 16 187 32 224
1377462600 31 239 83 411
1377460800 14 181 36 225
1377459000 20 202 36 240
1377457200 16 187 51 272
1377455400 24 212 51 302
1377453600 18 187 30 220
1377451800 21 202 37 245
1377450000 20 200 30 252
1377448200 24 214 41 287
1377446400 17 188 29 236
1377444600 20 191 45 298
1377442800 24 242 45 406
1377441000 22 194 47 331
1377439200 22 227 47 331
1377437400 25 222 47 309
1377435600 21 199 47 267
1377433800 25 229 46 298
1377432000 25 228 45 297
1377430200 25 226 45 302
1377428400 23 212 32 258
1377426600 26 222 32 264
1377424800 21 212 36 264
1377423000 21 191 36 235
1377421200 23 202 54 298
1377419400 27 199 54 252
1377417600 23 210 38 261
1377415800 97 206 477 253
1377414000 24 211 49 273
1377412200 19 192 36 225
1377410400 21 199 58 296
1377408600 40 209 85 241
1377406800 26 201 83 287
1377405000 19 202 35 266
1377403200 17 198 46 269
1377401400 24 195 46 226
1377399600 18 209 50 380
1377397800 21 204 38 239
1377396000 17 196 35 253
1377394200 18 189 35 261
1377392400 21 209 35 261
1377390600 15 187 36 228
1377388800 21 204 41 292
1377387000 12 181 34 221
1377385200 21 202 34 247
1377383400 13 181 29 231
1377381600 24 209 51 1654
1377379800 24 432 51 1654
1377378000 22 212 44 290
1377376200 27 214 58 362
1377374400 25 215 41 253
1377372600 14 183 24 222
1377370800 22 205 43 253
1377369000 17 189 34 315
1377367200 24 224 36 315
1377365400 12 186 24 352
1377363600 23 245 49 352
1377361800 19 209 33 316
1377360000 25 228 53 391
1377358200 20 225 35 369
1377356400 19 192 47 297
1377354600 21 205 47 297
1377352800 23 230 45 264
1377351000 20 200 36 256
1377349200 21 217 45 342
1377347400 32 286 47 408
1377345600 96 220 488 333
1377343800 20 225 44 333
1377342000 22 216 35 285
1377340200 21 225 59 427
1377338400 17 191 36 225
1377336600 16 195 33 243
1377334800 20 198 35 234
1377333000 24 226 55 344
1377331200 22 207 37 282
1377329400 19 203 35 256
1377327600 17 186 34 225
1377325800 23 204 34 250
1377324000 16 195 37 242
1377322200 23 206 40 292
1377320400 14 189 36 226
1377318600 20 204 36 250
1377316800 18 193 31 235
1377315000 23 209 42 268
1377313200 16 186 23 225
1377311400 24 216 43 297
1377309600 14 182 21 227
1377307800 46 431 79 1459
1377306000 15 194 24 236
1377304200 20 212 35 245
1377302400 16 187 25 223
1377300600 22 211 43 246
1377298800 272 1271 1547 6639
1377297000 260 1321 580 3495
1377295200 202 1127 423 3495
1377293400 376 2522 865 9188
1377291600 783 4382 1948 13758
1377289800 788 3296 2547 14810
1377288000 1941 19526 5955 64456
1377286200 11510 441233 24304 937892
1377284400 14872 337633 34178 958493
1377282600 8732 32212 10845 75932
1377280800 7506 21356 8161 25504
1377279000 7284 18510 9677 26296
1377277200 7112 18596 7773 24465
1377275400 6191 19139 8997 30386
1377273600 2270 7363 4409 15935
1377271800 1262 4985 3601 15677
1377270000 688 4122 2236 18249
1377268200 178 882 516 3922
1377266400 195 687 477 2288
1377264600 24 259 41 439
1377262800 25 231 45 332
1377261000 28 265 53 404
1377259200 22 241 40 390
1377257400 24 237 44 340
1377255600 18 219 30 287
1377253800 25 218 46 258
1377252000 16 198 24 248
1377250200 22 202 36 468
1377248400 34 261 55 468
1377246600 28 208 71 325
1377244800 24 221 41 361
1377243000 22 208 39 270
1377241200 16 189 21 213
1377239400 22 206 36 260
1377237600 16 187 31 238
1377235800 21 209 41 296
1377234000 26 217 35 286
1377232200 19 211 41 327
1377230400 20 200 41 259
1377228600 21 194 41 258
1377226800 21 211 38 258
1377225000 18 207 44 298
1377223200 21 208 44 298
1377221400 16 186 47 282
1377219600 38 448 62 1570
1377217800 19 191 26 234
1377216000 20 201 38 262
1377214200 21 219 33 334
1377212400 103 233 1454 13295
1377210600 582 4830 1454 13295
1377208800 162 852 216 1923
1377207000 1667 3723 5585 19591
1377205200 1516 8261 4519 19591
1377203400 1541 5544 2287 8768
1377201600 269 941 1484 7729
1377199800 2359 15570 4601 31193
1377198000 6483 72924 15262 252244
1377196200 2092 32339 6922 143970
1377194400 1737 37318 8290 205097
1377192600 884 16055 4078 94465
1377190800 141 360 182 558
1377189000 157 584 223 1844
1377187200 161 348 382 478
1377185400 212 448 291 558
1377183600 3679 12021 10475 31707
1377181800 1623 7446 3167 16229
1377180000 1531 8932 2118 11816
1377178200 22 277 35 391
1377176400 22 237 35 272
1377174600 46 747 77 2905
1377172800 25 241 46 316
1377171000 21 235 33 340
1377169200 22 199 53 310
1377167400 19 186 25 220
1377165600 21 205 38 254
1377163800 21 220 32 313
1377162000 20 205 36 282
1377160200 21 195 37 243
1377158400 24 209 43 295
1377156600 19 198 28 235
1377154800 23 209 47 279
1377153000 19 202 26 272
1377151200 23 211 46 311
1377149400 18 185 31 228
1377147600 24 210 39 259
1377145800 23 199 38 243
1377144000 19 197 34 243
1377142200 22 198 34 243
1377140400 21 196 51 269
1377138600 23 216 38 252
1377136800 18 200 45 293
1377135000 99 228 464 293
1377133200 20 211 32 284
1377131400 22 207 38 256
1377129600 17 184 25 223
1377127800 20 200 231 248
1377126000 1738 1162 4458 4053
1377124200 9579 253804 17471 461487
1377122400 15947 441629 17471 461487
1377120600 15283 417565 16539 455906
1377118800 1188 6759 2960 25166
1377117000 783 5878 5189 133814
1377115200 13907 380683 17728 459925
1377113400 14247 391436 15922 443615
1377111600 16604 442019 19178 455649
1377109800 17640 439751 20528 470458
1377108000 15875 431936 17199 455806
1377106200 723 14478 3748 85934
1377104400 108 232 151 333
1377102600 122 490 219 1473
1377100800 1409 6279 5984 23587
1377099000 1005 3491 2704 10913
1377097200 270 1303 528 3242
1377095400 752 4456 1690 14824
1377093600 871 2044 2670 5499
1377091800 138 517 447 849
1377090000 43 387 85 733
1377088200 52 414 104 830
1377086400 44 398 79 712
1377084600 46 379 78 690
1377082800 42 401 80 686
1377081000 46 366 81 657
1377079200 46 383 109 795
1377077400 44 373 80 734
1377075600 38 351 83 715
1377073800 50 386 110 791
1377072000 68 480 157 791
1377070200 123 412 508 888
1377068400 41 362 83 732
1377066600 49 372 103 760
1377064800 63 395 225 971
1377063000 50 401 112 849
1377061200 44 356 94 712
1377059400 42 367 107 799
1377057600 74 1711 219 8475
1377055800 46 374 109 769
1377054000 45 362 73 658
1377052200 43 406 76 675
1377050400 47 369 85 691
1377048600 44 396 87 819
1377046800 50 509 106 1314
1377045000 36 295 80 684
1377043200 101 478 389 894
1377041400 49 607 123 2126
1377039600 48 402 92 752
1377037800 230 3516 5173 132828
1377036000 1088 22670 5173 132828
1377034200 469 3918 1615 18544
1377032400 100 211 149 272
1377030600 934 3409 3137 11304
1377028800 833 4005 2395 61607
1377027000 1117 13135 2304 61607
1377025200 1156 3987 2477 8591
1377023400 303 1874 1143 9853
1377021600 187 305 272 370
1377019800 197 294 251 363
1377018000 331 1578 1029 8062
1377016200 246 744 711 2799
1377014400 957 8225 1780 17815
1377012600 603 3636 1395 13138
1377010800 508 2022 1034 6446
1377009000 368 2229 3039 26261
1377007200 719 4580 3039 26261
1377005400 13 281 21 457
1377003600 9 208 20 303
1377001800 84 208 451 278
1377000000 10 206 27 278
1376998200 14 213 27 298
1376996400 10 194 21 298
1376994600 10 180 25 258
1376992800 11 189 25 258
1376991000 10 186 21 281
1376989200 9 190 21 281
1376987400 11 185 28 282
1376985600 10 191 46 856
1376983800 28 305 65 856
1376982000 14 193 41 279
1376980200 9 187 30 275
1376978400 13 193 30 275
1376976600 10 179 21 216
1376974800 12 189 23 236
1376973000 10 188 21 235
1376971200 10 188 21 235
1376969400 9 180 32 241
1376967600 21 190 42 241
1376965800 11 179 20 203
1376964000 9 177 23 221
1376962200 12 180 23 221
1376960400 12 186 38 264
1376958600 17 195 38 264
1376956800 12 186 24 255
1376955000 39 1272 142 6653
1376953200 18 194 881 3003
1376951400 911 6127 2002 15863
1376949600 774 2813 1014 11849
1376947800 1035 16055 2492 25601
1376946000 1227 10378 1987 25028
1376944200 231 408 2311 13351
1376942400 1107 8233 2311 25665
1376940600 1332 3353 4239 8891
1376938800 1601 42876 6523 247483
1376937000 1182 7128 6528 38892
1376935200 3306 24583 6528 62285
1376933400 1786 10908 4704 28530
1376931600 490 1495 678 4241
1376929800 518 1154 919 1966
1376928000 44 666 81 2336
1376926200 64 648 560 1211
1376924400 904 10065 1627 39871
1376922600 597 1416 1557 9260
1376920800 1135 6239 3453 18666
1376919000 50 380 146 862
1376917200 19 216 47 312
1376915400 30 231 47 280
1376913600 19 194 37 254
1376911800 28 236 43 307
1376910000 23 205 39 281
1376908200 24 217 40 704
1376906400 20 261 40 704
1376904600 22 207 42 279
1376902800 18 186 27 223
1376901000 18 181 57 285
1376899200 22 189 57 285
1376897400 19 191 72 1477
1376895600 36 398 72 1477
1376893800 19 183 37 233
1376892000 25 179 63 207
1376890200 24 217 36 269
1376888400 17 173 35 203
1376886600 21 186 36 241
1376884800 21 183 34 232
1376883000 21 191 42 278
1376881200 20 178 40 210
1376879400 31 318 75 954
1376877600 22 184 36 211
1376875800 20 183 39 239
1376874000 22 187 40 223
1376872200 18 180 43 276
1376870400 18 176 41 249
1376868600 17 180 37 265
1376866800 28 242 50 450
1376865000 20 187 42 246
1376863200 17 174 34 207
1376861400 17 179 31 229
1376859600 18 179 44 259
1376857800 19 182 43 245
1376856000 18 174 34 204
1376854200 17 183 40 239
1376852400 96 193 472 265
1376850600 17 180 48 247
1376848800 16 174 42 250
1376847000 23 195 39 246
1376845200 19 176 42 303
1376843400 24 216 47 303
1376841600 18 191 34 284
1376839800 20 192 39 238
1376838000 24 222 50 289
1376836200 20 183 49 250
1376834400 17 197 37 265
1376832600 24 322 54 1007
1376830800 16 182 43 241
1376829000 24 215 43 281
1376827200 21 209 47 265
1376825400 23 213 47 271
1376823600 25 199 42 256
1376821800 21 191 42 253
1376820000 22 197 41 253
1376818200 18 175 39 239
1376816400 21 186 39 239
1376814600 18 174 47 278
1376812800 22 213 47 300
1376811000 16 175 35 217
1376809200 21 184 39 244
1376807400 21 182 36 233
1376805600 18 182 39 240
1376803800 32 190 77 225
1376802000 19 180 36 235
1376800200 23 190 39 223
1376798400 23 193 35 235
1376796600 19 177 30 238
1376794800 19 182 37 235
1376793000 24 183 42 217
1376791200 19 182 39 241
1376789400 19 175 37 210
1376787600 23 190 39 235
1376785800 20 178 39 228
1376784000 21 184 36 238
1376782200 20 187 36 229
1376780400 27 269 50 674
1376778600 102 195 474 225
1376776800 21 183 38 237
1376775000 21 188 34 240
1376773200 20 183 36 235
1376771400 22 179 41 209
1376769600 20 182 43 276
1376767800 22 188 35 223
1376766000 19 180 37 232
1376764200 17 170 57 316
1376762400 26 218 57 316
1376760600 22 181 39 225
1376758800 37 508 103 2065
1376757000 22 205 43 289
1376755200 28 220 55 354
1376753400 26 243 55 357
1376751600 22 201 54 357
1376749800 23 205 54 301
1376748000 28 227 50 389
1376746200 16 182 22 221
1376744400 23 199 43 278
1376742600 20 225 37 345
1376740800 23 204 44 335
1376739000 19 201 29 261
1376737200 22 194 39 232
1376735400 22 187 33 253
1376733600 22 188 44 277
1376731800 17 171 27 207
1376730000 23 189 39 247
1376728200 18 170 24 206
1376726400 24 191 38 237
1376724600 19 179 25 207
1376722800 23 192 42 277
1376721000 16 170 28 208
1376719200 22 189 38 232
1376717400 15 170 22 204
1376715600 25 252 36 534
1376713800 22 202 39 347
1376712000 30 205 45 278
1376710200 33 315 56 500
1376708400 25 192 46 255
1376706600 45 462 78 1629
1376704800 23 180 38 236
1376703000 17 184 38 236
1376701200 19 177 48 348
1376699400 96 212 470 348
1376697600 21 196 38 276
1376695800 29 229 38 294
1376694000 16 170 73 395
1376692200 249 1221 1177 5423
1376690400 3516 36730 8639 132754
1376688600 670 3033 1583 9698
1376686800 95363 98103 568317 573620
1376685000 687 3727 2059 15402
1376683200 1172 5647 2059 14743
1376681400 2260 19524 4391 69947
1376679600 747 1399 2418 19691
1376677800 12440 428954 49675 1822225
1376676000 508 1524 702 2430
1376674200 340 766 441 1134
1376672400 414 839 1524 12013
1376670600 1993 12063 2930 19652
1376668800 858 11734 2670 58784
1376667000 323 507 1362 11666
1376665200 1035 6736 1700 15526
1376663400 1441 4553 4492 13898
1376661600 2106 63698 10751 377483
1376659800 28 308 43 434
1376658000 75 992 164 3699
1376656200 23 226 52 353
1376654400 21 240 29 282
1376652600 22 226 37 312
1376650800 17 201 28 276
1376649000 21 275 38 593
1376647200 45 788 92 3179
1376645400 20 202 58 354
1376643600 18 202 25 282
1376641800 20 206 37 254
1376640000 16 185 25 221
1376638200 17 187 34 254
1376636400 17 194 34 254
1376634600 92 202 473 285
1376632800 25 342 51 1024
1376631000 18 185 37 253
1376629200 18 195 37 253
1376627400 17 185 35 251
1376625600 19 196 35 251
1376623800 16 188 27 218
1376622000 20 204 37 249
1376620200 21 207 46 335
1376618400 32 295 54 743
1376616600 15 184 23 216
1376614800 20 205 39 248
1376613000 21 202 37 271
1376611200 17 193 42 290
1376609400 17 197 29 241
1376607600 151 1089 3631 57760
1376605800 4311 92494 14462 434670
1376604000 331 795 507 1367
1376602200 336 801 483 1312
1376600400 799 4525 2462 20135
1376598600 628 3040 987 6319
1376596800 571 1538 928 2622
1376595000 2170 7149 5200 17586
1376593200 497 1256 809 2526
1376591400 574 1672 809 3003
1376589600 488 1330 969 2506
1376587800 404 1463 576 2544
1376586000 419 1375 570 2260
1376584200 412 1248 678 2218
1376582400 436 1770 740 5603
1376580600 923 3758 2521 11757
1376578800 721 3821 1564 11265
1376577000 651 4908 1403 10412
1376575200 387 1139 1493 3117
1376573400 49 363 106 545
1376571600 34 260 100 453
1376569800 33 321 59 453
1376568000 24 256 48 387
1376566200 22 210 477 354
1376564400 95 239 477 354
1376562600 19 207 29 253
1376560800 26 440 74 1654
1376559000 27 204 58 263
1376557200 22 213 43 294
1376555400 16 184 23 215
1376553600 31 212 122 414
1376551800 21 200 42 259
1376550000 17 188 36 249
1376548200 20 205 36 286
1376546400 52 407 109 858
1376544600 27 317 60 1510
1376539200 25 228 119 588
1376532000 22 255 72 1600
1376524800 585 2472 5215 21485
1376517600 1632 14109 3427 67292
1376510400 1984 42226 12877 728852
1376503200 6950 324169 43961 2186903
1376496000 848 5255 2468 39878
1376488800 217 684 1693 4194
1376481600 21 238 47 545
1376474400 22 228 56 519
1376467200 19 217 42 503
1376460000 24 223 98 627
1376452800 20 230 59 938
1376445600 27 296 68 2272
1376438400 340 6632 3465 134867
1376431200 1255 5051 3974 34577
1376424000 1779 16154 6701 122654
1376416800 2129 9752 15576 50155
1376409600 792 4790 1911 26021
1376402400 165 912 1225 9677
1376395200 15 164 32 190
1376388000 16 209 50 1223
1376380800 15 165 31 181
1376373600 15 163 34 189
1376366400 65 173 1214 431
1376359200 17 250 58 2262
1376352000 1260 56599 17911 961890
1376344800 620 3982 1909 20922
1376337600 1000 18549 4630 190522
1376330400 1730 31929 12506 431037
1376323200 2088 36723 20602 715936
1376316000 184 851 2357 12161
1376308800 13 160 30 186
1376301600 17 203 45 1115
1376294400 15 164 43 194
1376287200 33 167 450 215
1376280000 16 163 54 193
1376272800 14 161 31 184
1376265600 17 217 43 1475
1376258400 15 162 31 186
1376251200 14 163 41 213
1376244000 13 162 30 184
1376236800 14 161 30 185
1376229600 15 164 31 190
1376222400 31 164 462 218
1376215200 14 163 30 187
1376208000 15 162 31 198
1376200800 13 162 30 185
1376193600 14 162 31 186
1376186400 13 160 31 181
1376179200 16 223 52 1596
1376172000 14 161 33 190
1376164800 14 161 31 183
1376157600 13 160 30 186
1376150400 15 162 31 186
1376143200 33 164 461 219
1376136000 15 163 30 192
1376128800 15 163 30 184
1376121600 15 163 31 185
1376114400 14 162 31 183
1376107200 174 205 3791 1135
1376100000 14 163 31 184
1376092800 200 526 1806 3376
1376085600 1520 3086 11398 9937
1376078400 897 3248 4945 17698
1376071200 584 3081 1326 7184
1376064000 138434 149101 1510167 1446770
1376056800 1000 9040 11787 79604
1376049600 160 2355 214 2653
1376042400 173 2830 430 14409
1376035200 167 2377 205 3106
1376028000 162 2349 196 2596
1376020800 175 2497 230 4655
1376013600 164 2352 202 2675
1376006400 166 2402 324 3279
1375999200 710 7520 2773 68864
1375992000 298 6360 1609 61725
1375984800 180 2647 269 4767
1375977600 209 3256 517 14984
1375970400 191 3043 513 15003
1375963200 166 2389 210 3223
1375956000 175 2847 455 14515
1375948800 163 2337 234 3299
1375941600 161 2350 246 3642
1375934400 160 2343 227 4433
1375927200 174 2287 635 2627
1375920000 471 2688 3038 9183
1375912800 3394 2451 15290 21000
1375905600 1444 1370 7813 7276
1375898400 1425 2188 8035 19390
1375891200 144 522 656 2551
1375884000 743 1200 5234 13502
1375876800 39 184 63 234
1375869600 40 186 62 258
1375862400 59 195 480 339
1375855200 40 190 63 289
1375848000 43 185 83 1266
1375840800 45 237 105 1266
1375833600 485 236 8309 767
1375826400 42 270 80 582
1375819200 40 260 292 403
1375812000 266 479 427 2421
1375804800 2049 64799 31448 1453664
1375797600 183 1041 1666 16533
1375790400 52 184 488 361
1375783200 36 189 51 387
1375776000 34 179 53 217
1375768800 35 178 58 213
1375761600 34 178 59 201
1375754400 37 230 70 1404
1375747200 281 511 1533 3000
1375740000 871 3429 2793 22282
1375732800 923 7317 3756 77934
1375725600 1567 16499 7399 208288
1375718400 408 997 2896 9703
1375711200 345 2670 2562 31653
1375704000 35 178 54 204
1375696800 36 179 54 220
1375689600 37 180 51 203
1375682400 38 214 66 959
1375675200 41 184 163 287
1375668000 40 182 132 236
1375660800 35 177 60 205
1375653600 54 180 471 211
1375646400 35 179 50 201
1375639200 35 179 51 200
1375632000 36 179 60 221
1375624800 35 179 53 203
1375617600 36 180 56 219
1375610400 36 178 53 206
1375603200 36 179 49 202
1375596000 40 183 129 255
1375588800 53 180 519 279
1375581600 36 205 63 846
1375574400 33 178 50 207
1375567200 35 178 62 212
1375560000 34 178 55 216
1375552800 35 178 50 203
1375545600 35 178 53 205
1375538400 34 176 53 200
1375531200 33 176 50 197
1375524000 34 176 61 224
1375516800 36 181 61 224
1375509600 54 183 491 256
1375502400 36 180 66 229
1375495200 40 218 79 1006
1375488000 1966 3476 10470 29716
1375480800 600 2177 1918 8931
1375473600 105 571 369 1791
1375466400 2469 8746 11449 67959
1375459200 581 886 2074 5533
1375452000 457 1504 4631 11976
1375444800 46 239 80 726
1375437600 67 314 538 2652
1375430400 47 204 90 350
1375423200 49 229 106 593
1375416000 51 251 106 945
1375408800 605 2555 11067 55859
1375401600 35 182 48 206
1375394400 33 199 49 226
1375387200 33 206 54 261
1375380000 34 201 59 244
1375372800 33 266 75 704
1375365600 49 207 476 520
1375358400 29 171 79 225
1375351200 25 167 46 212
1375344000 27 170 45 197
1375336800 26 169 41 190
1375329600 30 188 81 593
1375322400 28 170 49 192
1375315200 168 513 2427 20202
1375308000 323 1671 2427 20202
1375300800 273 382 4291 1923
1375293600 533 2285 2592 9360
1375286400 1123 3754 4861 29964
1375279200 248 837 2837 10896
1375272000 40 206 72 375
1375264800 40 211 76 440
1375257600 41 261 83 646
1375250400 39 200 61 303
1375243200 47 294 92 1705
1375236000 48 334 121 1758
1375228800 326 1413 2156 13875
1375221600 757 1467 2153 4499
1375214400 303 725 898 2993
1375207200 1904 11546 8081 69543
1375200000 399 940 1006 3377
1375192800 225 900 1692 9088
1375185600 45 277 121 1499
1375178400 37 206 65 313
1375171200 38 216 88 385
1375164000 46 366 132 2092
1375156800 44 261 89 779
1375149600 39 234 84 652
1375142400 516 1873 2546 23274
1375135200 725 5724 2251 77330
1375128000 1127 5868 3953 26844
1375120800 3128 41395 21504 792432
1375113600 1381 2327 11872 12974
1375106400 182 773 1577 5813
1375099200 61 300 270 1434
1375092000 36 184 60 276
1375084800 37 185 57 241
1375077600 38 188 69 287
1375070400 56 188 472 282
1375063200 39 193 62 338
1375056000 37 183 65 287
1375048800 40 188 99 294
1375041600 36 181 55 242
1375034400 35 185 61 275
1375027200 39 205 75 390
1375020000 38 201 66 300
1375012800 39 200 63 317
1375005600 36 185 62 294
1374998400 56 186 494 263
1374991200 41 185 117 294
1374984000 37 184 59 281
1374976800 43 227 119 1048
1374969600 38 187 89 2147
1374962400 53 285 201 2147
1374955200 38 193 59 244
1374948000 36 197 55 313
1374940800 46 240 79 532
1374933600 42 249 120 1147
1374926400 55 198 512 347
1374919200 37 185 56 244
1374912000 39 189 64 286
1374904800 37 188 74 331
1374897600 39 188 59 244
1374890400 48 258 124 1594
1374883200 367 8847 4855 199302
1374876000 1295 6012 9695 28523
1374868800 1329 28803 18447 647806
1374861600 368 719 1181 3496
1374854400 1341 6036 3727 21865
1374847200 248 1043 2108 10098
1374840000 41 219 71 370
1374832800 48 387 139 4349
1374825600 42 208 74 356
1374818400 48 242 110 877
1374811200 42 233 79 757
1374804000 50 217 246 421
1374796800 199 817 2186 8007
1374789600 626 2293 3027 13063
1374782400 907 7805 4147 116609
1374775200 635 2245 3226 12511
1374768000 1995 43078 13016 502225
1374760800 290 1512 1569 11268
1374753600 48 232 165 313
1374746400 43 253 85 1022
1374739200 39 204 58 274
1374732000 44 225 65 343
1374724800 43 292 86 2040
1374717600 75 542 501 5524
1374710400 141 518 1125 14389
1374703200 1910 13392 10780 121199
1374696000 1098 4443 6440 42295
1374688800 399 2226 1770 16305
1374681600 359 596 6254 4368
1374674400 1047 1340 12500 11968
1374667200 42 207 67 309
1374660000 40 193 64 255
1374652800 39 190 62 315
1374645600 132 375 2176 4412
1374638400 37 185 64 266
1374631200 44 236 95 996
1374624000 408 2148 2002 17344
1374616800 854 4361 1500 11470
1374609600 40810 6347 495188 81110
1374602400 2264 18648 11128 187068
1374595200 1289 6730 3779 82373
1374588000 516 1560 4465 17176
1374580800 184 386 606 593
1374573600 160 345 187 464
1374566400 168 385 217 959
1374559200 163 354 183 424
1374552000 164 374 205 607
1374544800 163 361 183 455
1374537600 1032 3660 6537 36103
1374530400 57099 10154 438057 108665
1374523200 26133 14157 436988 208936
1374516000 2339 70180 33140 1349469
1374508800 1202 4682 8323 37254
1374501600 168 898 1216 7551
1374494400 30 168 79 262
1374487200 28 161 42 182
1374480000 27 162 45 184
1374472800 26 160 43 181
1374465600 28 161 64 204
1374458400 28 162 40 185
1374451200 43 193 229 707
1374444000 47 167 464 280
1374436800 28 160 43 181
1374429600 29 164 86 218
1374422400 28 161 42 179
1374415200 26 161 38 190
1374408000 26 161 37 183
1374400800 26 162 43 183
1374393600 27 162 44 196
1374386400 29 163 116 237
1374379200 26 159 49 188
1374372000 44 161 465 225
1374364800 29 253 81 2341
1374357600 26 162 39 184
1374350400 25 158 40 194
1374343200 26 160 43 185
1374336000 26 159 42 178
1374328800 26 160 40 183
1374321600 25 162 36 181
1374314400 25 161 42 183
1374307200 26 161 42 187
1374300000 25 158 44 201
1374292800 50 183 459 543
1374285600 25 162 39 190
1374278400 272 687 3249 10514
1374271200 2238 2686 12387 10649
1374264000 831 554 7570 1739
1374256800 607 5455 3161 87880
1374249600 992 3252 3657 22365
1374242400 254 1004 1446 14354
1374235200 55 252 92 857
1374228000 73 525 486 7760
1374220800 48 209 75 338
1374213600 47 210 82 332
1374206400 50 235 79 846
1374199200 52 219 102 368
1374192000 1726 18306 26410 1010420
1374184800 3998 60581 52404 1010420
1374177600 365 650 583 1722
1374170400 1409 8084 8584 93920
1374163200 1542 3901 9374 19328
1374156000 315 1465 2244 8211
1374148800 94 503 180 1186
1374141600 93 534 196 1238
1374134400 97 551 206 1510
1374127200 90 481 152 1100
1374120000 93 474 150 1031
1374112800 102 606 231 3925
1374105600 118 520 217 1265
1374098400 543 903 3338 8427
1374091200 1263 3210 6501 32222
1374084000 1196 6804 9255 100381
1374076800 1491 7056 3938 60722
1374069600 280 2897 2781 60722
1374062400 78 254 115 413
1374055200 80 288 108 736
1374048000 78 248 116 363
1374040800 78 253 111 425
1374033600 79 265 138 872
1374026400 99 270 505 675
1374019200 535 2947 13688 360576
1374012000 1996 20553 13688 360576
1374004800 41383 27872 362926 258073
1373997600 1779 7389 6869 74840
1373990400 1457 10273 4566 31092
1373983200 218 706 1939 6170
1373976000 48 231 74 567
1373968800 50 274 81 945
1373961600 64 215 479 335
1373954400 46 207 90 342
1373947200 47 203 120 395
1373940000 69 284 479 976
1373932800 111 258 271 436
1373925600 3134 1984 30755 17907
1373918400 1414 2281 8282 10410
1373911200 2974 41540 15621 613092
1373904000 1061 6774 3258 78375
1373896800 296 1362 2670 11968
1373889600 91 262 517 443
1373882400 82 424 147 2641
1373875200 70 253 129 834
1373868000 68 234 99 347
1373860800 70 232 93 286
1373853600 71 289 125 1593
1373846400 68 228 95 324
1373839200 70 232 95 324
1373832000 69 242 99 395
1373824800 70 233 98 336
1373817600 91 256 505 418
1373810400 72 256 97 431
1373803200 71 246 94 347
1373796000 70 240 117 425
1373788800 69 234 91 317
1373781600 73 253 178 387
1373774400 69 233 119 373
1373767200 68 230 109 360
1373760000 71 265 101 1011
1373752800 69 240 108 444
1373745600 88 246 502 459
1373738400 70 250 97 435
1373731200 72 260 110 529
1373724000 71 252 94 400
1373716800 69 243 92 339
1373709600 67 233 102 340
1373702400 69 241 99 345
1373695200 69 235 110 365
1373688000 73 292 128 1246
1373680800 82 671 245 7343
1373673600 390 5215 5660 116354
1373666400 1739 2218 16977 10781
1373659200 1652 11754 6572 70734
1373652000 551 3349 3453 50426
1373644800 1438 8985 4250 60756
1373637600 191 579 1301 4554
1373630400 52 256 90 863
1373623200 49 235 90 779
1373616000 50 224 84 398
1373608800 49 221 85 405
1373601600 57 328 502 1525
1373594400 76 247 502 479
1373587200 378 1963 2166 15606
1373580000 1300 6990 6366 33716
1373572800 2604 22847 9323 321361
1373565600 1236 4235 11227 44826
1373558400 460 1288 1727 7674
1373551200 184 600 1207 3508
1373544000 47 261 129 899
1373536800 74 418 363 3484
1373529600 234 9107 2392 123933
1373522400 43 235 73 592
1373515200 55 425 111 1476
1373508000 46 268 114 1226
1373500800 408 1942 2162 27041
1373493600 1311 7331 5992 48775
1373486400 414 929 701 9474
1373479200 398 536 611 1384
1373472000 2343 14937 32860 259827
1373464800 769 11788 6302 193345
1373457600 103 306 739 981
1373450400 71 255 107 455
1373443200 72 271 111 907
1373436000 71 247 96 380
1373428800 79 404 126 1403
1373421600 76 242 119 350
1373414400 258 671 1545 6138
1373407200 1600 3460 4706 15947
1373400000 4711 12833 9240 31000
1373392800 5648 13639 7173 17496
1373385600 6035 14623 7423 28736
1373378400 5668 13358 6584 14541
1373371200 5507 13120 6085 14539
1373364000 5476 13062 6035 14449
1373356800 5518 13145 6023 14384
1373349600 5513 13149 6078 14473
1373342400 5400 13301 6088 19123
1373335200 5496 13124 6070 14667
1373328000 6709 18069 10148 37373
1373320800 6572 17304 10304 40627
1373313600 4925 205285 48374 2264464
1373306400 3195 59170 21879 951012
1373299200 7774 269729 59669 2283172
1373292000 146 705 1275 5649
1373284800 41 226 71 344
1373277600 41 239 71 946
1373270400 41 202 96 291
1373263200 39 202 70 333
1373256000 38 197 80 345
1373248800 62 207 466 333
1373241600 44 203 72 324
1373234400 532 5827 2548 39038
1373227200 968 6413 17664 688421
1373220000 1169 32594 17664 688421
1373212800 43 214 78 365
1373205600 40 210 77 319
1373198400 41 214 74 425
1373191200 43 203 65 260
1373184000 57 200 476 364
1373176800 48 212 135 380
1373169600 41 201 99 283
1373162400 39 200 64 303
1373155200 38 198 59 270
1373148000 41 260 78 1723
1373140800 40 198 61 271
1373133600 37 201 61 320
1373126400 53 240 163 461
1373119200 60 222 460 329
1373112000 39 207 76 327
1373104800 41 290 108 2401
1373097600 38 199 58 291
1373090400 41 197 79 311
1373083200 40 200 74 311
1373076000 45 263 89 1563
1373068800 36 196 54 349
1373061600 51 222 137 406
1373054400 38 214 59 726
1373047200 61 246 472 863
1373040000 46 261 85 589
1373032800 58 448 207 4848
1373025600 43 221 66 398
1373018400 46 247 89 929
1373011200 43 324 174 3306
1373004000 38 207 82 427
1372996800 53 472 117 2988
1372989600 48 301 93 2119
1372982400 55 196 463 336
1372975200 39 197 64 261
1372968000 42 222 65 437
1372960800 40 254 74 879
1372953600 45 277 92 1429
1372946400 53 661 134 4190
1372939200 40 205 63 354
1372932000 44 216 101 390
1372924800 46 430 199 5526
1372917600 40 210 69 298
1372910400 40 208 71 321
1372903200 59 208 475 342
1372896000 38 211 78 531
1372888800 69 243 465 698
1372881600 2074 8349 7905 86526
1372874400 927 9687 4918 123741
1372867200 4298 80328 35927 884843
1372860000 222 1577 1593 18938
1372852800 40 210 75 372
1372845600 41 222 74 759
1372838400 63 277 487 1241
1372831200 37 212 77 551
1372824000 43 231 79 496
1372816800 37 199 67 358
1372809600 788 1634 13444 19735
1372802400 5040 135607 39172 1447371
1372795200 5514 1205 20137 4969
1372788000 3348 22618 10455 360250
1372780800 2589 2787 8699 10553
1372773600 407 1515 3848 21989
1372766400 59 238 499 1019
1372759200 37 194 75 303
1372752000 46 338 117 3505
1372744800 41 342 117 3787
1372737600 45 221 91 640
1372730400 40 211 83 695
1372723200 667 2351 5344 19603
1372716000 2278 9424 10897 97096
1372708800 964 17968 4650 212897
1372701600 5777 186843 52965 2261694
1372694400 860 3933 5720 24447
1372687200 515 3031 4231 24752
1372680000 27 162 40 188
1372672800 29 163 45 197
1372665600 28 163 42 184
1372658400 27 164 46 201
1372651200 28 166 42 185
1372644000 27 162 48 193
1372636800 30 165 61 762
1372629600 28 188 61 762
1372622400 27 163 43 203
1372615200 44 163 465 223
1372608000 26 160 42 187
1372600800 27 162 39 193
1372593600 27 162 46 181
1372586400 27 162 40 184
1372579200 27 162 41 193
1372572000 31 167 106 218
1372564800 27 165 48 183
1372557600 28 165 42 184
1372550400 49 168 463 231
1372543200 31 198 71 997
1372536000 27 162 39 184
1372528800 28 163 39 182
1372521600 27 161 43 184
1372514400 28 163 47 190
1372507200 27 161 39 184
1372500000 32 186 70 676
1372492800 28 163 41 187
1372485600 47 164 466 221
1372478400 29 164 49 198
1372471200 32 192 74 808
1372464000 1946 6010 9345 124791
1372456800 1654 1022 6350 4017
1372449600 7455 39985 28817 648133
1372442400 11224 22102 12559 36863
1372435200 24204 39143 81655 128361
1372428000 21152 34855 23724 38259
1372420800 20946 34508 21512 36484
1372413600 20877 34412 21450 34851
1372406400 20813 34341 21400 36708
1372399200 20785 34305 22239 37347
1372392000 20913 34371 27634 44115
1372384800 20829 34364 22808 37653
1372377600 22277 36737 34295 55801
1372370400 18947 38858 46133 275271
1372363200 3090 11725 32372 50080
1372356000 613 1606 1090 15191
1372348800 703 1440 3778 7595
1372341600 190 1244 1917 18222
1372334400 25 160 38 185
1372327200 29 183 78 648
1372320000 27 163 44 204
1372312800 26 160 38 186
1372305600 26 161 69 209
1372298400 29 176 59 442
1372291200 228 346 3017 2218
1372284000 15519 65006 309527 1198390
1372276800 27427 4924 433785 21775
1372269600 2201 22274 12393 139394
1372262400 773 4114 1614 18453
1372255200 407 5831 4172 118695
1372248000 41 208 74 342
1372240800 43 267 96 1328
1372233600 43 234 96 667
1372226400 42 218 69 417
1372219200 61 268 478 1198
1372204800 621 7465 25270 1146162
1372118400 392 4749 15891 529019
1372032000 38 197 478 1456
1371945600 89 592 8587 105497
1371859200 307 478 14534 11476
1371772800 580 3873 12742 144044
1371686400 48787 46612 4198118 2337664
1371600000 22081 628104 1066500 2022686
1371513600 18661 1062428 61017 3409394
1371427200 16089 929473 32653 1993672
1371340800 16845 983246 32438 1980539
1371254400 14912 828303 75644 1997162
1371168000 15819 901773 37115 2072994
1371081600 19190 831161 1360304 2031913
1370995200 9937 140899 457516 2036879
1370908800 684 13706 21427 850264
1370822400 72 256 478 1824
1370736000 73 278 508 1917
1370649600 37493 134491 1024355 12321449
1370563200 715 5429 14913 522596
1370476800 927 3195 26173 330895
1370390400 784 1969 11836 64901
1370304000 1473 2642 261737 177598
1370217600 48 223 475 1198
1370131200 48 228 485 1371
1370044800 1024 2338 101768 78651
1369958400 541 1320 6778 32375
1369872000 1374 33053 46484 1857442
1369785600 444 3025 11812 359653
1369699200 45 367 1035 16411
1369612800 36 191 470 955
1369526400 134 231 5082 1673
1369440000 364 2587 8640 185764
1369353600 537 4250 7408 243060
1369267200 589 4497 6569 213168
1369180800 610 5820 21902 731582
1369094400 454 1671 20801 36886
1369008000 111 317 6199 10328
1368921600 45 214 477 1056
1368835200 342 2147 6049 113270
1368748800 312 2984 13013 453331
1368662400 820 21062 21156 971625
1368576000 456 2729 7776 263522
1368489600 949 4530 43840 487950
1368403200 66 274 487 4150
1368316800 96 323 1257 3791
1368230400 543 6846 8999 508698
1368144000 2835 10121 66112 803946
1368057600 1898 8914 60315 392751
1367971200 276 568 7624 33353
1367884800 497 6035 22756 839655
1367798400 50 219 494 1165
1367712000 54 257 534 4332
1367625600 73 281 6746 7983
1367539200 5927 47950 180975 5487342
1367452800 906 4159 29966 527624
1367366400 52700 8094 1042231 490310
1367280000 1894 8624 61031 779276
1367193600 107 303 3982 1530
1367107200 662 387 15610 3657
1367020800 667 1101 8707 22404
1366934400 677 6452 17206 704104
1366848000 812 12408 35087 1768366
1366761600 801 1646 8540 21835
1366675200 460 1198 6154 27416
1366588800 59 272 507 3383
1366502400 60 276 503 1987
1366416000 653 8453 42194 1627597
1366329600 467 2126 13536 220255
1366243200 545 1077 12446 144086
1366156800 551 1739 7498 40984
1366070400 453 2324 10815 223099
1365984000 100 329 484 1577
1365897600 98 363 671 3864
1365811200 3236 5023 250083 620153
1365724800 577 764 61791 13363
1365638400 637 4449 10948 227051
1365552000 583 3871 20630 303742
1365465600 499 4698 12002 383421
1365379200 91 334 534 2824
1365292800 107 372 567 1686
1365206400 880 6083 68296 458724
1365120000 1122 12230 36428 2302787
1365033600 3415 7340 395423 692868
1364947200 391 3339 12851 397096
1364860800 380 2345 9522 145476
1364774400 51 314 773 1789
1364688000 52 598 834 40719
1364601600 487 2230 5938 198432
1364515200 27 192 469 1911
1364428800 36 185 2661 1054
1364342400 620 1845 17083 70626
1364256000 1320 3797 188047 570846
1364169600 112 270 541 2337
1364083200 111 287 548 2419
1363996800 554 1389 8882 25908
1363910400 1144 4838 49588 331587
1363824000 21039 21995 5858775 5615429
1363737600 602 1051 10531 16851
1363651200 560 1516 7251 45134
1363564800 103 241 536 1070
1363478400 438 322 18248 2480
1363392000 482 1284 12395 79465
1363305600 581 7289 20636 896939
1363219200 1431 3437 9296 173955
1363132800 585 4143 9611 270426
1363046400 886 12000 37288 1313961
1362960000 110 251 537 741
1362873600 118 303 972 3073
1362787200 464 2348 13771 395813
1362700800 647 8508 26777 1006530
1362614400 883 13840 33406 1274271
1362528000 677 8301 24396 745074
1362441600 521 2108 7389 129551
1362355200 133 279 579 1703
1362268800 139 403 561 15659
1362182400 473 5027 16926 525290
1362096000 734 5827 26605 802114
1362009600 701 6999 15502 585101
1361923200 22108 7125 1030370 283535
1361836800 4426 198142 138542 8635087
1361750400 115 258 547 2328
1361664000 117 257 767 1678
1361577600 10334 3321 76681 112224
1361491200 13965 6142 111563 350051
1361404800 12800 4019 77923 122683
1361318400 5322 1707 59230 51001
1361232000 142 390 4249 5244
1361145600 113 274 528 3402
1361059200 125 339 2225 6980
1360972800 16532 3640 99183 59741
1360886400 13030 4359 67369 111311
1360800000 65429 7421 692568 547060
1360713600 69765 5299 568362 43779
1360627200 113705 7884 624069 135024
1360540800 119 276 523 2416
1360454400 131 273 675 1083
1360368000 69139 4970 612626 45506
1360281600 104198 9544 639490 394448
1360195200 88043 15614 592371 648542
1360108800 127627 32166 646249 2185264
1360022400 137334 9606 605690 76109
1359936000 112 252 536 806
1359849600 3812 584 336971 23815
1359763200 41761 3207 701042 48232
1359676800 5679 9679 1150413 1080665
1359590400 764 9041 42055 1654941
1359504000 567 9031 21482 1193030
1359417600 697 14103 31150 1605388
1359331200 78 210 512 1556
1359244800 112 942 4273 207615
1359158400 1725 60444 171019 7029134
1359072000 600 1856 14459 82510
1358985600 538 2148 29205 125700
1358899200 520 1712 12210 33095
1358812800 53 285 491 4102
1358726400 49 265 476 4115
1358640000 56 284 702 4095
1358553600 10144 7205 2631597 1350832
1358467200 3796 3838 355377 145032
1358380800 747 1470 11654 35472
1358294400 830 5899 17839 779111
1358208000 712 5364 9162 376198
1358121600 48 331 630 18613
1358035200 68 364 723 5212
1357948800 395 1779 8955 174741
1357862400 122 474 4089 18681
1357776000 4091 17857 972822 1218609
1357689600 612 1609 25200 82450
1357603200 531 4311 13196 253075
1357516800 82 261 510 4105
1357430400 88 273 912 5159
1357344000 625 3780 13613 537557
1357257600 702 10423 19753 902078
1357171200 316 1682 4791 150338
1357084800 83 266 508 4115
1356998400 2157 5804 461532 261071
1356912000 108 317 521 4205
1356825600 5791 1061 1224714 51373
1356739200 7657 4395 1439428 203382
1356652800 696 4104 30936 179445
1356566400 223 475 14092 7696
1356480000 101 312 511 4243
1356393600 129 424 5233 5091
1356307200 49 272 642 4066
1356220800 51 290 462 4110
1356134400 428 2712 9785 289866
1356048000 3913 7263 460936 1136194
1355961600 618 1107 11639 18719
1355875200 725 9897 12320 515549
1355788800 12356 2675 782685 247411
1355702400 49 267 456 4185
1355616000 57 294 579 4106
1355529600 426 2799 10673 357096
1355443200 471 3833 9741 308123
1355356800 719 3647 12108 252043
1355270400 617 1793 9684 51351
1355184000 771 2610 9186 123446
1355097600 102 390 604 21259
1355011200 2652 17338 688149 4207384
1354924800 446 702 24956 9918
1354838400 2075 4925 214587 647238
1354752000 481 4137 8756 349036
1354665600 2013 2762 427296 100586
1354579200 580 2258 8773 245998
1354492800 107 355 513 5859
1354406400 108 334 731 4286
1354320000 370 3829 11341 565010
1354233600 893 9718 31810 1353898
1354147200 769 5815 29561 568289
1354060800 2065 2033 476122 129670
1353974400 625 3759 6086 213188
1353888000 101 299 516 4226
1353801600 97 301 507 4269
1353715200 104 325 527 4220
1353628800 282 667 23856 33305
1353542400 608 3622 21649 250650
1353456000 1573 4595 3578662 518190
1353369600 16227 5486 3578662 518190
1353283200 105 345 511 4401
1353196800 115 449 1030 18396
1353110400 745 2671 48325 182525
1353024000 430 3446 5827 183324
1352937600 659 7404 20142 460202
1352851200 1623 2841 329828 188594
1352764800 1543 1577 337928 44443
1352678400 320 2058 6094 64155
1352592000 514 1796 7222 88705
1352505600 1776 8314 328792 569979
1352419200 112 528 826 30014
1352332800 871 10598 55734 1081608
1352246400 117 494 770 7005
1352160000 878 10795 33644 879353
1352073600 90 336 2398 19184
1351987200 705 17655 42255 2403841
1351900800 82 324 508 4178
1351814400 2324 24839 357851 2137543
1351728000 586 5886 14879 548089
1351641600 329 4213 20490 879634
1351555200 25859 1178 3087472 82782
1351468800 53 330 576 10828
1351382400 54 344 481 14714
1351296000 1158 4108 28321 178500
1351209600 1324 2595 193157 50126
1351123200 507 1380 24021 35015
1351036800 291 1764 17951 58812
1350950400 827 1755 111281 64876
1350864000 57 353 504 4656
1350777600 59 362 790 4120
1350691200 1897 3836 388527 420446
1350604800 724 2435 83051 195342
1350518400 1240 4758 125136 373517
1350432000 529 2861 7300 84080
1350345600 451 1274 8611 41016
1350259200 107 357 495 4258
1350172800 112 429 507 6759
1350086400 807 2146 22957 63894
1350000000 595 2317 23148 62758
1349913600 578 1519 13415 108953
1349827200 749 1509 30581 43461
1349740800 1380 5785 46810 781240
1349654400 99 306 519 4132
1349568000 105 362 614 4316
1349481600 937 1574 11629 22352
1349395200 967 5073 37088 250817
1349308800 492 1730 5066 28900
1349222400 1071 5602 22106 673056
1349136000 528 2174 9001 93779
1349049600 300 391 15572 4773
1348963200 110 359 763 4777
1348876800 6991 2515 1812197 94747
1348790400 6863 3484 1817164 235408
1348704000 7640 6419 1817331 604648
1348617600 7311 5332 1821942 360205
1348531200 539 3520 7450 214970
1348444800 98 265 727 25991
1348358400 107 431 727 25991
1348272000 369 1847 16396 144632
1348185600 760 6144 17933 777911
1348099200 563 9195 23237 1152376
1348012800 972 5060 10478 349618
1347926400 384 1426 6495 38142
1347840000 59 339 502 4208
1347753600 55 317 453 4753
1347667200 557 3282 12938 89992
1347580800 718 3053 49109 144070
1347494400 643 2716 10488 67773
1347408000 811 1690 8566 83091
1347321600 841 1188 40401 44812
1347235200 103 325 549 4164
1347148800 102 356 517 4266
1347062400 422 2086 5405 288589
1346976000 594 2099 12880 105780
1346889600 767 4846 7653 237452
1346803200 748 2002 20556 98092
1346716800 107 374 496 7762
1346630400 102 342 511 7650
1346544000 104 323 555 4289
1346457600 109 420 523 6161
1346371200 206 443 12758 4324
1346284800 847 9909 25769 1282049
1346198400 687 3023 10626 138349
1346112000 589 3175 10358 244011
1346025600 105 324 512 4182
1345939200 114 366 653 5246
1345852800 494 1346 6051 59496
1345766400 720 4257 7897 310993
1345680000 2504 4218 90871 194708
1345593600 443 1258 11869 24940
1345507200 357 1207 6694 15019
1345420800 50 280 529 4196
1345334400 53 298 516 4134
1345248000 482 2702 9205 271451
1345161600 1426 3949 120225 125762
1345075200 1294 2445 68851 111647
1344988800 489 1931 7438 38891
1344902400 455 2502 9216 220226
1344816000 101 272 503 2455
1344729600 107 279 510 1253
1344643200 453 2167 12979 46400
1344556800 648 8486 33120 1275695
1344470400 11042 10901 593876 347336
1344384000 351 2369 6940 131875
1344297600 2289 2890 548913 232727
1344211200 104 337 569 4177
1344124800 102 331 501 4164
1344038400 504 3731 12383 703195
1343952000 418 1315 8991 23567
1343865600 714 2449 10293 63882
1343779200 745 2464 37804 128437
1343692800 1262 1829 35358 33477
1343606400 107 357 511 4159
1343520000 208 681 5683 22633
1343433600 2696 8907 615656 861405
1343347200 526 1205 12767 21994
1343260800 524 2851 9240 367007
1343174400 429 1290 36954 39832
1343088000 317 921 5552 12938
1343001600 97 316 492 4165
1342915200 103 336 631 5175
1342828800 348 1209 4276 56521
1342742400 659 1964 22200 60050
1342656000 771 1945 21977 41529
1342569600 539 1484 7546 54508
1342483200 470 1138 11929 25289
1342396800 44 258 447 4137
1342310400 47 358 736 22155
1342224000 2550 4802 475865 570216
1342137600 1120 3805 26867 100350
1342051200 482 1732 18823 44300
1341964800 923 3381 67320 166702
1341878400 2627 1761 435962 25306
1341792000 97 252 485 993
1341705600 100 269 485 2029
1341619200 533 2628 12989 127594
1341532800 576 4071 11661 398112
1341446400 736 22980 14991 615141
1341360000 558 1451 8839 46570
1341273600 666 1991 12506 205791
1341187200 100 261 502 959
1341100800 4870 627 490685 28614
1341014400 3834 4541 435909 121593
1340928000 13516 38400 1301646 3779283
1340841600 547 2013 4950 34851
1340755200 2614 3935 356253 261854
1340668800 738 7256 44740 1582301
1340582400 264 416 13426 13301
1340496000 105 366 669 11194
1340409600 597 1846 28554 136112
1340323200 596 2392 6301 185887
1340236800 611 5417 6826 359521
1340150400 1083 8173 13742 661298
1340064000 790 15756 43574 2736105
1339977600 97 319 488 4419
1339891200 101 333 531 4422
1339804800 770 869 23951 18514
1339718400 2545 4180 578617 404945
1339632000 1015 4124 30226 142079
1339545600 199 633 4593 16248
1339459200 753 2628 54865 131754
1339372800 173 298 534 2370
1339286400 192 330 715 1348
1339200000 382 1943 7237 103630
1339113600 1075 12331 15588 400302
1339027200 670 2493 9020 30027
1338940800 433 4610 8841 365727
1338854400 444 1726 4014 28282
1338768000 120 319 502 4172
1338681600 325 695 22393 71490
1338595200 740 878 40877 13325
1338508800 403 778 7584 17407
1338422400 826 2348 39894 43148
1338336000 1327 1061 30421 16845
1338249600 245 389 13804 9331
1338163200 177 324 10264 6851
1338076800 643 1377 25482 139960
1337990400 44564 33497 5176182 5376711
1337904000 659 2452 9077 255100
1337817600 354 1248 5593 38345
1337731200 948 8101 16353 302662
1337644800 829 4482 17751 290594
1337558400 151 663 483 6500
1337472000 75 317 490 4639
1337385600 1100 8387 24373 91998
1337299200 1474 18202 28258 208999
1337212800 1584 15289 78115 203810
1337126400 696 24157 12025 389674
1337040000 567 13820 6931 144780
1336953600 77 10732 454 63097
1336867200 83 17057 455 70072
1336780800 3527 34551 271834 371692
1336694400 510 11885 6258 65983
1336608000 1562 18324 87461 368693
1336521600 750 18689 143952 364261
1336435200 562 12101 30356 85294
1336348800 75 6759 453 63547
1336262400 282 10492 31644 65932
1336176000 10981 16658 461661 1200961
1336089600 747 25965 10206 78247
1336003200 749 41636 15076 93833
1335916800 722 53784 15662 101171
1335830400 763 54396 18879 88131
1335744000 208 54128 8989 93378
1335657600 133 50809 566 86694
1335571200 1590 56492 89825 257357
1335484800 699 46163 29807 107974
1335398400 972 48814 18086 343599
1335312000 1715 29544 94814 102213
1335225600 490 32765 7346 154833
1335139200 127 38354 518 71560
1335052800 570 38743 32898 72495
1334966400 555 46097 14095 148955
1334880000 3381 52788 377863 410780
1334793600 1259 49266 73857 120863
1334707200 1933 51837 38585 683516
1334620800 773 47573 41919 698833
1334534400 126 25571 527 66166
1334448000 135 8596 842 64666
1334361600 582 23599 5238 114501
1334275200 889 23605 73413 143426
1334188800 642 26785 17740 151701
1334102400 5703 50929 1488177 1497350
1334016000 321 35749 687 68898
1333929600 297 24875 693 68423
1333843200 133 44236 649 69642
1333756800 148 48578 1695 96975
1333670400 280 49002 13135 76474
1333584000 487 49661 4085 91717
1333497600 480 41077 14714 90179
1333411200 827 59180 53196 149129
1333324800 288 59468 680 92207
1333238400 264 56880 729 91114
1333152000 450 58609 13521 248628
1333065600 2781 59485 509928 322053
1332979200 556 56770 14209 120435
1332892800 3966 55495 889890 211009
1332806400 833 61371 41555 1314238
1332720000 268 60329 19410 96841
1332633600 129 59770 514 93696
1332547200 678 55804 32679 111312
1332460800 857 56576 37992 147301
1332374400 4155 54728 1015559 144836
1332288000 2894 53202 38344 111995
1332201600 1412 52792 33332 109636
1332115200 127 53764 521 95955
1332028800 38645 134172 405725 447938
1331942400 4934 68188 57274 264338
1331856000 509 19172 7323 99472
1331769600 3760 4883 657526 451031
1331683200 1525 2495 45603 45988
1331596800 685 1249 18463 16975
1331510400 479 494 19748 30647
1331424000 123 328 511 4084
1331337600 612 2981 7494 62672
1331251200 878 3020 26259 164548
1331164800 419 1650 6569 57916
1331078400 763 3083 15923 166819
1330992000 2000 1630 63853 30060
1330905600 690 456 25058 13861
1330819200 83 306 549 2825
1330732800 438 2034 5697 54544
1330646400 2913 4006 425019 393397
1330560000 1068 2676 90451 114247
1330473600 512 2572 13370 176409
1330387200 840 1600 122454 86392
1330300800 76 253 477 1539
1330214400 105 605 8921 517838
1330128000 1892 11238 30749 1914781
1330041600 13220 28641 84234 193035
1329955200 36671 67486 1439644 773541
1329868800 4827 10409 50295 138033
1329782400 140 464 549 15143
1329696000 134 330 536 3453
1329609600 133 337 507 3391
1329523200 988 2561 18244 31550
1329436800 4284 12093 67939 374505
1329350400 618 1964 19444 49862
1329264000 2863 10382 68246 188386
1329177600 701 2135 6853 50201
1329091200 534 820 914 48521
1329004800 367 554 948 2055
1328918400 791 1735 32504 52184
1328832000 5285 19310 92547 371371
1328745600 10874 27626 1062917 2146709
1328659200 758 7359 14846 590928
1328572800 524 1416 13826 41905
1328486400 81 255 471 1965
1328400000 210 377 10534 47966
1328313600 1014 3799 81511 166437
1328227200 2633 4849 421797 453862
1328140800 543 1672 10654 70172
1328054400 1178 2857 16667 120301
1327968000 368 1323 3181 32233
1327881600 174 721 993 24230
1327795200 381 972 24303 30257
1327708800 1098 1886 33641 49060
1327622400 6845 7650 958283 882987
1327536000 606 1513 10739 24207
1327449600 450 2150 23366 73356
1327363200 334 1229 7639 52858
1327276800 80 250 462 1504
1327190400 1526 5045 212060 776694
1327104000 563 1565 7967 64715
1327017600 940 2110 114130 128105
1326931200 595 3346 11036 62735
1326844800 958 2127 23886 45060
1326758400 484 521 25737 26163
1326672000 120 306 511 2580
1326585600 151 415 8164 14174
1326499200 640 1517 9119 38882
1326412800 4760 7502 758819 907527
1326326400 695 1630 10971 48834
1326240000 676 1923 15013 50667
1326153600 564 2019 6105 88546
1326067200 121 324 484 2556
1325980800 145 355 1414 3083
1325894400 1222 2493 95742 156717
1325808000 4031 122264 113390 4926944
1325721600 685 3419 14725 318496
1325635200 969 4389 53291 242455
1325548800 27 207 396 1904
1325462400 27 206 400 1853
1325376000 28 203 414 657
1325289600 764 1082 18982 34007
1325203200 640 2692 13311 59765
1325116800 986 2669 15311 240463
1325030400 752 2304 21285 65184
1324944000 71 390 456 12349
1324857600 67 262 455 2392
1324771200 67 268 423 2394
1324684800 78 463 618 12966
1324598400 774 1567 8058 13968
1324512000 664 1043 33081 25874
1324425600 1832 2556 354904 321340
1324339200 612 3257 18871 422384
1324252800 121 1694 6801 202985
1324166400 90 611 1284 38015
1324080000 532 2405 17211 127235
1323993600 503 3176 10673 255635
1323907200 436 2812 12484 343215
1323820800 20815 31069 4235444 3201324
1323734400 7028 9464 1122582 1400049
1323648000 137 545 1280 36177
1323561600 233 361 25025 5792
1323475200 483 1129 5025 13025
1323388800 591 1569 18864 31311
1323302400 544 2217 5788 124832
1323216000 957 1776 90530 91544
1323129600 505 1938 8765 96207
1323043200 135 308 486 6712
1322956800 153 642 1648 39590
1322870400 660 1166 27116 57063
1322784000 1011 1245 115131 31552
1322697600 858 1520 18581 50449
1322611200 475 3377 16429 574750
1322524800 458 1703 17258 55078
1322438400 132 275 514 1056
1322352000 131 300 487 6028
1322265600 479 565 25898 11507
1322179200 220 554 16161 33321
1322092800 865 1624 22911 87424
1322006400 855 2334 20801 169759
1321920000 470 1806 6691 146273
1321833600 141 261 583 1960
1321747200 132 306 497 6615
1321660800 735 1593 20372 31826
1321574400 4196 11219 368148 1716283
1321488000 736 1659 17711 40052
1321401600 773 1991 22942 120430
1321315200 372 1352 5465 78442
1321228800 196 305 6257 1811
1321142400 813 533 26255 11356
1321056000 484 809 10232 17231
1320969600 1276 19277 31752 566348
1320883200 1365 3924 52268 568768
1320796800 536 2305 15555 167798
1320710400 597 1128 16676 24659
1320624000 135 340 498 2550
1320537600 136 320 537 976
1320451200 438 1386 6814 55941
1320364800 550 10073 15862 554021
1320278400 571 2075 11629 198527
1320192000 800 2028 19131 55019
1320105600 702 2143 19846 123961
1320019200 180 357 819 1489
1319932800 320 535 14993 23785
1319846400 817 1417 16518 61781
1319760000 515 1573 5629 30889
1319673600 477 1313 32891 58045
1319587200 555 2344 8666 43240
1319500800 413 1163 5473 50353
1319414400 143 392 845 21708
1319328000 170 367 3902 4249
1319241600 588 4294 16942 575044
1319155200 722 1342 14460 33428
1319068800 500 1249 9245 46388
1318982400 467 2139 10744 60908
1318896000 478 1900 6804 54264
1318809600 58 338 547 15105
1318723200 57 263 399 6342
1318636800 985 14007 21499 581943
1318550400 697 1444 26467 130368
1318464000 2444 40250 51704 1630847
1318377600 879 4301 16890 188763
1318291200 39407 27599 6171828 5467830
1318204800 972 439 47321 12508
1318118400 61 294 440 3525
1318032000 1004 2075 5761 114324
1317945600 1172 2719 10370 122156
1317859200 1057 9985 17381 533554
1317772800 941 21281 65050 3449695
1317686400 824 3405 24229 106485
1317600000 112 286 467 2185
1317513600 119 287 9748 9228
1317427200 756 5535 13774 245999
1317340800 503 950 6535 14404
1317254400 438 1449 6903 41965
1317168000 550 2013 4938 40883
1317081600 11501 2066 1606456 56545
1316995200 113 296 473 4317
1316908800 111 288 472 2196
1316822400 479 1193 6183 22372
1316736000 605 3055 9077 112350
1316649600 559 1702 6745 56980
1316563200 587 3314 23104 378840
1316476800 424 3235 14116 380777
1316390400 9 166 369 1195
1316304000 8 170 369 1877
1316217600 9 237 367 5024
1316131200 10 262 367 12239
1316044800 41 262 387 5155
1315958400 159 1314 4472 162779
1315872000 123 683 1201 28482
1315785600 421 335 18622 8852
1315699200 1443 524 41766 9912
1315612800 376 1666 11931 84876
1315526400 1307 1520 38998 40728
1315440000 778 9023 16750 587301
1315353600 718 1778 25638 24829
1315267200 61 419 1235 36765
1315180800 53 216 405 2087
1315094400 53 224 401 1678
1315008000 400 1334 6820 28696
1314921600 507 2051 5025 44117
1314835200 630 3440 12165 379224
1314748800 715 2099 23854 92757
1314662400 114 448 480 18228
1314576000 209 294 9967 5778
1314489600 168 330 5212 5964
1314403200 257 609 25071 12532
1314316800 150 614 526 21690
1314230400 144 424 757 5781
1314144000 141 583 597 13678
1314057600 144 683 809 24490
1313971200 133 352 560 10453
1313884800 136 381 553 6283
1313798400 345 1072 10057 116216
1313712000 586 715 53746 23226
1313625600 170 907 1261 31185
1313539200 182 638 10243 19954
1313452800 145 679 1426 39582
1313366400 125 273 473 1441
1313280000 587 354 38238 7944
1313193600 575 1318 9644 42769
1313107200 509 1170 9775 47677
1313020800 663 3308 7918 160490
1312934400 585 1126 50839 50594
1312848000 545 2206 15107 205398
1312761600 73 226 537 2103
1312675200 77 251 551 2101
1312588800 300 928 2865 21040
1312502400 1706 2928 55232 176819
1312416000 700 1165 35287 27420
1312329600 1452 5242 56221 286868
1312243200 665 1697 32193 72201
1312156800 1574 499 59715 8698
1312070400 2249 603 74680 12032
1311984000 468 1247 7433 25189
1311897600 564 1899 8199 180292
1311811200 588 6065 13699 505364
1311724800 833 3217 49748 475715
1311638400 19679 3190 5427489 200231
1311552000 72 224 420 3030
1311465600 79 249 706 2873
1311379200 492 949 12145 21109
1311292800 543 2946 8486 473649
1311206400 948 1905 55838 58166
1311120000 1350 945 52601 25033
1311033600 276 906 3462 20134
1310947200 129 303 584 3651
1310860800 193 374 6704 17257
1310774400 558 1281 3790 22470
1310688000 778 1560 5730 25586
1310601600 958 1576 32287 35210
1310515200 1399 2342 39396 194792
1310428800 642 1833 17906 65528
1310342400 123 265 466 1208
1310256000 126 286 2933 10364
1310169600 1286 1818 37425 31109
1310083200 621 1494 10012 21729
1309996800 452 4019 14362 479211
1309910400 1021 1735 45713 58937
1309824000 529 643 928 1522
1309737600 526 635 871 1522
1309651200 527 656 866 2257
1309564800 5169 5375 656724 585881
1309478400 89055 10082 9278031 948159
1309392000 25845 40757 3408891 7258388
1309305600 701 2116 11901 155538
1309219200 1956 1957 69974 88485
1309132800 656 343 37807 5622
1309046400 105 290 426 3463
