1377805801 3127637033 1659383207
1377805801 1251 12483 1251 12483
1377805502 2305 27960 2305 27960
1377805500 2302 27915 2305 27960
1377805200 1658 14679 2599 43173
1377804900 2600 43039 2894 43173
1377804600 2889 23112 2894 23147
1377804300 1488 12938 3180 18162
1377804000 3181 18158 3623 18162
1377803700 3621 17022 3623 21165
1377803400 3348 21161 3350 21165
1377803100 3189 20701 4155 47022
1377802800 4142 46950 4155 47022
1377802500 2289 36252 2290 36325
1377802200 2064 14513 3088 14521
1377801900 3074 13309 3088 13324
1377801600 1123 11145 1126 11180
1377801300 272 980 765 8266
1377801000 770 8275 1659 9620
1377800700 1654 9593 1659 9620
1377800400 385 1633 387 1636
1377800100 216 1206 245 1396
1377799800 245 1397 256 1571
1377799500 256 1570 356 1571
1377799200 355 1466 356 1468
1377798900 270 1195 271 1385
1377798600 243 1384 259 1385
1377798300 259 1284 342 1428
1377798000 341 1426 342 1428
1377797700 237 1192 274 1361
1377797400 274 1361 305 1376
1377797100 305 1377 369 1585
1377796800 368 1584 369 1585
1377796500 318 1451 319 1452
1377796200 238 1349 378 1350
1377795900 378 1265 398 1866
1377795600 397 1864 398 1866
1377795300 302 1471 303 1472
1377795000 286 1322 299 1323
1377794700 299 1285 569 2213
1377794400 566 2206 569 2213
1377794100 252 1322 505 5606
1377793800 504 5593 505 5606
1377793500 297 1994 2553 11422
1377793200 2549 11404 2553 11422
1377792900 1533 6026 1538 6288
1377792600 838 6342 1850 14413
1377792300 1848 14385 1850 14413
1377792000 1405 6232 1412 6254
1377791700 482 3052 2534 6118
1377791400 2530 6141 2534 13236
1377791100 1590 13177 1596 13236
1377790800 835 4498 1233 6097
1377790500 1232 6089 1233 6097
1377790200 1209 3907 1218 3934
1377789900 0 0 0 0
1377789600 0 0 0 0
1377789300 0 0 0 0
1377789000 0 0 0 0
1377788700 0 0 0 0
1377788400 0 0 0 0
1377788100 0 0 0 0
1377787800 0 0 0 0
1377787500 0 0 0 0
1377787200 0 0 0 0
1377786900 0 0 0 0
1377786600 0 0 0 0
1377786300 0 0 0 0
1377786000 0 0 0 0
1377785700 0 0 0 0
1377785400 0 0 0 0
1377785100 0 0 0 0
1377784800 9 51 1453 7783
1377784500 1448 7765 1453 7783
1377784200 834 5212 3626 27405
1377783900 3607 27240 3626 27405
1377783600 869 2656 870 2793
1377783300 839 3073 3367 44841
1377783000 3360 44718 3367 44841
1377782700 1386 7934 1393 7978
1377782400 450 1377 451 1380
1377782100 166 733 254 1609
1377781800 253 1605 254 1609
1377781500 231 1069 291 1451
1377781200 290 1446 291 1451
1377780900 183 732 220 836
1377780600 219 836 220 882
1377780300 211 881 212 882
1377780000 138 773 139 775
1377779700 118 592 119 761
1377779400 77 760 181 761
1377779100 181 705 291 875
1377778800 290 873 291 875
1377778500 84 564 113 792
1377778200 113 791 129 792
1377777900 129 608 191 844
1377777600 190 842 191 844
1377777300 163 640 164 769
1377777000 120 767 121 769
1377776700 89 549 140 823
1377776400 139 822 140 823
1377776100 106 534 107 753
1377775800 83 752 187 753
1377775500 186 620 187 779
1377775200 177 777 178 779
1377774900 84 601 85 753
1377774600 80 752 163 753
1377774300 162 601 163 823
1377774000 136 821 160 823
1377773700 159 644 160 792
1377773400 129 791 130 792
1377773100 97 564 260 887
1377772800 259 884 260 887
1377772500 126 550 162 820
1377772200 161 819 162 820
1377771900 99 581 232 867
1377771600 231 864 232 867
1377771300 95 554 96 748
1377771000 89 747 176 748
1377770700 175 613 176 724
1377770400 70 724 225 755
1377770100 224 755 225 791
1377769800 158 794 159 1297
1377769500 155 1293 156 1297
1377769200 74 726 189 727
1377768900 188 650 189 778
1377768600 85 778 227 816
1377768300 226 815 227 816
1377768000 122 740 160 741
1377767700 160 641 220 806
1377767400 221 840 480 5914
1377767100 477 5879 480 5914
1377766800 82 764 235 765
1377766500 234 730 235 927
1377766200 181 925 200 927
1377765900 199 764 200 806
1377765600 83 805 185 806
1377765300 184 714 185 720
1377765000 83 719 185 720
1377764700 184 633 185 729
1377764400 118 728 157 729
1377764100 156 715 157 818
1377763800 80 817 170 818
1377763500 169 624 170 758
1377763200 69 757 218 758
1377762900 217 667 218 847
1377762600 140 845 141 847
1377762300 102 674 103 745
1377762000 81 744 247 745
1377761700 246 708 247 785
1377761400 93 784 170 785
1377761100 169 646 170 723
1377760800 134 723 259 747
1377760500 257 746 259 747
1377760200 60 673 306 938
1377759900 304 937 306 938
1377759600 75 797 216 798
1377759300 215 682 216 788
1377759000 127 787 128 788
1377758700 94 589 95 765
1377758400 88 764 218 765
1377758100 217 670 218 726
1377757800 80 725 192 726
1377757500 191 704 192 705
1377757200 112 686 146 687
1377756900 145 639 146 733
1377756600 65 732 175 733
1377756300 174 614 175 713
1377756000 54 713 231 734
1377755700 230 734 231 770
1377755400 123 769 124 770
1377755100 77 544 78 726
1377754800 77 725 199 726
1377754500 198 686 199 770
1377754200 77 769 191 770
1377753900 191 626 220 887
1377753600 220 885 260 887
1377753300 258 725 260 735
1377753000 70 734 170 735
1377752700 169 666 170 942
1377752400 102 940 227 942
1377752100 226 706 227 734
1377751800 74 732 130 734
1377751500 129 579 130 715
1377751200 87 715 148 897
1377750900 147 896 148 897
1377750600 121 793 122 795
1377750300 118 591 159 785
1377750000 159 784 189 785
1377749700 188 682 189 804
1377749400 69 803 120 804
1377749100 119 591 120 773
1377748800 110 772 224 773
1377748500 223 687 224 768
1377748200 193 768 646 778
1377747900 642 777 646 778
1377747600 79 744 190 745
1377747300 189 629 190 721
1377747000 94 720 182 721
1377746700 181 670 182 732
1377746400 125 731 148 732
1377746100 147 653 148 719
1377745800 59 718 289 719
1377745500 288 703 289 749
1377745200 65 748 225 749
1377744900 224 709 225 791
1377744600 125 790 126 791
1377744300 89 555 90 872
1377744000 90 872 204 1142
1377743700 203 1140 204 1142
1377743400 150 871 151 873
1377743100 132 713 210 802
1377742800 210 801 286 802
1377742500 284 797 286 798
1377742200 102 754 189 755
1377741900 188 728 189 782
1377741600 91 782 227 795
1377741300 226 794 227 795
1377741000 139 703 140 806
1377740700 106 805 107 806
1377740400 90 639 187 748
1377740100 186 747 187 748
1377739800 78 636 190 836
1377739500 189 834 190 836
1377739200 135 657 158 804
1377738900 157 802 158 804
1377738600 79 634 185 809
1377738300 184 808 185 809
1377738000 162 661 162 777
1377737700 161 775 162 777
1377737400 120 594 121 744
1377737100 99 743 100 744
1377736800 74 655 183 797
1377736500 183 797 269 855
1377736200 268 854 269 855
1377735900 224 801 225 802
1377735600 118 646 176 804
1377735300 175 803 176 804
1377735000 60 699 291 910
1377734700 289 907 291 910
1377734400 59 591 161 773
1377734100 160 772 161 773
1377733800 114 653 115 772
1377733500 98 771 99 772
1377733200 72 736 268 1028
1377732900 266 1026 268 1028
1377732600 92 757 106 758
1377732300 106 727 114 728
1377732000 114 652 197 899
1377731700 196 898 197 899
1377731400 113 850 266 944
1377731100 264 941 266 944
1377730800 61 636 155 873
1377730500 154 872 155 873
1377730200 125 764 179 919
1377729900 178 918 179 919
1377729600 178 808 209 1022
1377729300 208 1020 209 1022
1377729000 156 745 157 1140
1377728700 99 1138 137 1140
1377728400 136 687 137 901
1377728100 132 901 133 908
1377727800 107 909 277 1150
1377727500 280 1153 869 1610
1377727200 870 1656 1444 15468
1377726900 1443 15479 1444 18768
1377726600 1229 18859 3356 46336
1377726300 3375 46355 6304 49292
1377726000 6269 48987 6304 49292
1377725700 1189 3673 1193 3683
1377725400 732 2270 733 4619
1377725100 667 4892 2266 45588
1377724800 2261 45471 2266 45588
1377724500 838 10807 3361 19073
1377724200 3351 18981 3361 19073
1377723900 1937 5306 1943 5810
1377723600 1191 6575 7028 120624
1377723300 7020 120290 7028 120624
1377723000 4878 20614 4888 20662
1377722700 2086 6558 3943 31830
1377722400 3929 31666 3943 31830
1377722100 1957 7263 1964 7278
1377721800 988 5104 993 5123
1377721500 326 2321 327 2323
1377721200 205 2092 446 2819
1377720900 444 2814 446 2819
1377720600 221 2116 287 2513
1377720300 287 2513 361 2567
1377720000 361 2567 423 2625
1377719700 440 2880 5580 79292
1377719400 5546 78793 5580 79292
1377719100 621 4621 2045 29051
1377718800 2038 28897 2045 29051
1377718500 1024 5932 1030 5957
1377718200 262 2330 582 2839
1377717900 581 2838 582 2839
1377717600 335 2671 857 4499
1377717300 857 4500 896 4984
1377717000 894 4973 896 4984
1377716700 420 1981 1589 10392
1377716400 1587 10396 1589 11738
1377716100 1020 11701 1023 11738
1377715800 207 967 672 5530
1377715500 672 5550 689 8557
1377715200 708 9093 3566 88964
1377714900 3543 88379 3566 88964
1377714600 189 1306 5947 6022
1377714300 5908 5995 5947 6022
1377714000 229 2003 353 2695
1377713700 353 2692 430 2695
1377713400 431 2373 883 2759
1377713100 1356 2978 71879 35722
1377712800 71642 35620 71879 35722
1377712500 896 5178 2232 5180
1377712200 2229 4622 2232 5302
1377711900 1838 5307 2270 6846
1377711600 2276 6846 3171 6971
1377711300 3161 7004 3171 11979
1377711000 1710 11951 1712 11979
1377710700 1490 7869 1495 7893
1377710400 147 967 148 1071
1377710100 105 1071 218 1184
1377709800 217 1184 218 1188
1377709500 160 1187 161 1188
1377709200 130 914 131 1039
1377708900 98 1039 222 1043
1377708600 221 1043 222 1156
1377708300 160 1155 187 1156
1377708000 186 1133 187 1402
1377707700 170 1399 185 1402
1377707400 184 969 185 1129
1377707100 133 1136 156 2207
1377706800 155 2203 156 2207
1377706500 132 1634 195 1707
1377706200 195 1704 223 1707
1377705900 222 1392 223 1394
1377705600 142 1200 143 1358
1377705300 109 1356 217 1358
1377705000 216 1180 217 1181
1377704700 155 1129 242 1402
1377704400 241 1400 242 1402
1377704100 112 1207 206 1252
1377703800 205 1251 206 1252
1377703500 135 1031 136 1032
1377703200 124 807 125 1043
1377702900 124 1043 245 1246
1377702600 244 1245 245 1246
1377702300 171 1113 172 1114
1377702000 98 896 99 1106
1377701700 95 1105 211 1106
1377701400 211 1042 254 1118
1377701100 253 1117 254 1118
1377700800 136 1055 165 1239
1377700500 165 1237 218 1239
1377700200 217 877 218 1244
1377699900 163 1241 164 1244
1377699600 128 933 129 934
1377699300 98 890 330 1204
1377699000 330 1207 459 1775
1377698700 458 1773 459 1775
1377698400 260 1259 261 1260
1377698100 256 1155 392 1330
1377697800 392 1335 457 2141
1377697500 455 2133 457 2141
1377697200 260 954 418 1649
1377696900 417 1647 418 1649
1377696600 350 1130 570 6600
1377696300 567 6565 570 6600
1377696000 209 1470 210 1473
1377695700 207 1107 325 2641
1377695400 324 2631 325 2641
1377695100 238 1163 239 1164
1377694800 200 1015 201 1017
1377694500 104 764 263 795
1377694200 262 795 263 898
1377693900 202 897 203 898
1377693600 81 624 115 830
1377693300 115 828 124 830
1377693000 124 620 138 827
1377692700 137 826 138 827
1377692400 103 613 104 827
1377692100 94 826 130 827
1377691800 131 625 281 998
1377691500 280 996 281 998
1377691200 98 606 99 781
1377690900 93 780 145 781
1377690600 144 691 145 819
1377690300 136 818 187 819
1377690000 186 672 187 763
1377689700 126 762 131 763
1377689400 130 614 131 825
1377689100 120 824 121 825
1377688800 100 626 106 1164
1377688500 106 1160 144 1164
1377688200 144 674 156 859
1377687900 155 857 156 859
1377687600 97 575 98 811
1377687300 79 809 142 811
1377687000 141 630 142 800
1377686700 135 798 136 800
1377686400 86 586 129 815
1377686100 128 813 129 815
1377685800 121 662 132 822
1377685500 131 820 132 822
1377685200 101 568 102 755
1377684900 86 754 141 755
1377684600 142 656 408 1127
1377684300 405 1123 408 1127
1377684000 91 588 93 748
1377683700 93 747 153 748
1377683400 152 689 153 830
1377683100 149 828 150 830
1377682800 87 572 128 842
1377682500 128 840 134 842
1377682200 133 658 134 785
1377681900 122 783 123 785
1377681600 96 580 97 785
1377681300 93 784 135 785
1377681000 135 673 168 909
1377680700 167 907 168 909
1377680400 104 640 105 947
1377680100 98 945 140 947
1377679800 139 686 140 802
1377679500 132 801 133 802
1377679200 83 623 114 793
1377678900 114 792 127 793
1377678600 127 676 135 892
1377678300 134 889 135 892
1377678000 106 580 107 790
1377677700 87 790 318 797
1377677400 316 798 318 1046
1377677100 168 1044 540 1046
1377676800 536 772 540 773
1377676500 85 768 155 769
1377676200 154 690 155 853
1377675900 134 851 135 853
1377675600 80 553 129 850
1377675300 128 848 129 850
1377675000 119 618 252 929
1377674700 250 926 252 929
1377674400 83 607 90 788
1377674100 90 787 131 788
1377673800 131 685 159 929
1377673500 158 927 159 929
1377673200 126 684 127 1041
1377672900 95 1039 143 1041
1377672600 143 622 149 823
1377672300 148 821 149 823
1377672000 76 562 195 898
1377671700 195 897 219 898
1377671400 218 766 219 829
1377671100 135 828 136 829
1377670800 91 543 92 781
1377670500 88 780 136 781
1377670200 136 624 161 1063
1377669900 160 1060 161 1063
1377669600 109 642 110 785
1377669300 82 784 156 785
1377669000 155 645 156 837
1377668700 148 836 149 837
1377668400 90 570 124 911
1377668100 123 910 124 911
1377667800 120 635 176 1419
1377667500 175 1413 176 1419
1377667200 101 558 102 781
1377666900 87 780 136 781
1377666600 136 670 185 926
1377666300 185 925 219 926
1377666000 218 693 219 767
1377665700 96 766 141 767
1377665400 140 639 141 833
1377665100 127 832 128 833
1377664800 82 595 115 803
1377664500 115 802 232 803
1377664200 231 748 232 829
1377663900 131 827 132 829
1377663600 112 568 113 809
1377663300 86 808 151 809
1377663000 151 696 234 976
1377662700 233 973 234 976
1377662400 114 589 115 792
1377662100 96 791 157 792
1377661800 156 716 157 810
1377661500 140 808 141 810
1377661200 87 588 114 801
1377660900 114 799 118 801
1377660600 117 590 118 889
1377660300 114 888 211 889
1377660000 210 686 211 729
1377659700 78 728 135 729
1377659400 135 698 153 907
1377659100 152 904 153 907
1377658800 107 592 178 882
1377658500 177 881 178 882
1377658200 117 597 158 870
1377657900 157 869 158 870
1377657600 89 598 107 816
1377657300 106 814 107 816
1377657000 85 620 165 888
1377656700 164 886 165 888
1377656400 111 568 112 770
1377656100 79 769 107 770
1377655800 107 617 187 948
1377655500 186 947 187 948
1377655200 120 655 121 832
1377654900 98 830 99 832
1377654600 99 562 169 860
1377654300 168 858 169 860
1377654000 112 614 133 868
1377653700 133 867 164 868
1377653400 164 628 335 1018
1377653100 334 1016 335 1018
1377652800 204 688 205 784
1377652500 90 783 103 784
1377652200 103 651 234 960
1377651900 233 957 234 960
1377651600 98 567 107 790
1377651300 107 789 111 790
1377651000 111 603 214 968
1377650700 213 966 214 968
1377650400 84 587 129 858
1377650100 128 856 129 858
1377649800 102 605 187 879
1377649500 186 876 187 879
1377649200 101 575 102 901
1377648900 93 900 117 901
1377648600 117 616 252 1035
1377648300 251 1032 252 1035
1377648000 112 602 240 1013
1377647700 239 1011 240 1013
1377647400 146 688 298 1038
1377647100 296 1035 298 1038
1377646800 92 630 135 898
1377646500 134 896 135 898
1377646200 106 587 231 1133
1377645900 230 1131 231 1133
1377645600 106 861 107 1110
1377645300 95 1108 99 1110
1377645000 99 722 225 1197
1377644700 224 1195 225 1197
1377644400 82 842 150 1237
1377644100 150 1235 162 1237
1377643800 162 1067 222 1390
1377643500 221 1386 222 1390
1377643200 194 2110 5393 178062
1377642900 5368 176934 5393 178062
1377642600 1684 8954 2728 17367
1377642300 2730 17328 3085 17367
1377642000 3075 11625 3085 11661
1377641700 163 1131 274 1132
1377641400 277 1115 1175 2894
1377641100 1171 2886 1175 2894
1377640800 8 625 22 948
1377640500 22 947 25 948
1377640200 24 829 25 854
1377639900 9 853 22 854
1377639600 22 812 25 937
1377639300 24 935 25 937
1377639000 7 663 76 978
1377638700 75 975 76 978
1377638400 6 645 8 847
1377638100 7 845 8 847
1377637800 6 670 7 1060
1377637500 5 1067 186 2117
1377637200 230 2254 6914 22722
1377636900 6900 22666 6914 22722
1377636600 2856 6183 2859 9549
1377636300 2091 9510 2099 9549
1377636000 963 3760 966 3778
1377635700 561 4318 4607 165807
1377635400 4583 164770 4607 165807
1377635100 1076 10210 1080 10261
1377634800 511 2661 2533 6109
1377634500 2518 6081 2533 6109
1377634200 404 2201 3199 27454
1377633900 3179 27299 3199 27454
1377633600 285 4226 286 4240
1377633300 185 2205 214 2500
1377633000 223 2534 3100 12961
1377632700 3093 12969 3100 14200
1377632400 2174 14169 2179 14200
1377632100 738 5137 739 5141
1377631800 525 4102 2112 29455
1377631500 2111 29399 2112 29455
1377631200 1990 12791 4576 18699
1377630900 4548 18585 4576 18699
1377630600 425 1711 426 1712
1377630300 295 1568 296 1569
1377630000 270 1424 285 1591
1377629700 285 1589 307 1591
1377629400 310 1371 1469 6826
1377629100 1463 6799 1469 6826
1377628800 581 2835 1233 4813
1377628500 1235 4818 1599 5629
1377628200 1605 5706 2529 17241
1377627900 2531 17256 3381 21751
1377627600 3376 21714 3381 21751
1377627300 1971 10895 1976 10928
1377627000 485 1089 898 2021
1377626700 912 2144 3146 20546
1377626400 3140 20503 3146 20546
1377626100 1368 7737 1376 7783
1377625800 202 1024 255 1124
1377624600 251 1510 300 2221
1377622800 252 2045 1182 5813
1377621000 2216 13289 4212 22953
1377619200 2602 17867 4343 47597
1377617400 1600 15821 2608 52312
1377615600 933 6831 2710 18854
1377613800 1669 5415 3630 11119
1377612000 2897 9017 4351 14485
1377610200 1965 16262 2662 29034
1377608400 1149 8115 2702 21985
1377606600 670 11582 2335 56587
1377604800 90 715 191 855
1377603000 125 722 250 978
1377601200 97 689 145 815
1377599400 120 701 185 823
1377597600 116 728 194 852
1377595800 101 679 163 812
1377594000 159 796 225 1084
1377592200 159 768 259 890
1377590400 161 754 215 1018
1377588600 159 758 244 958
1377586800 157 739 238 840
1377585000 162 762 335 984
1377583200 120 704 184 811
1377581400 144 730 216 878
1377579600 162 743 235 854
1377577800 159 739 244 928
1377576000 178 766 244 890
1377574200 186 803 259 1075
1377572400 127 717 207 803
1377570600 123 710 235 863
1377568800 107 684 162 795
1377567000 165 1566 357 5894
1377565200 103 735 159 931
1377563400 100 764 160 1058
1377561600 130 973 278 1220
1377559800 117 1056 183 1260
1377558000 110 958 183 1289
1377556200 118 1174 289 2663
1377554400 2107 14942 5490 30598
1377552600 1798 17778 3399 57065
1377550800 1167 5314 3417 12188
1377549000 978 10109 3201 43422
1377547200 0 1455 0 2036
1377545400 0 1539 384 2501
1377543600 797 3447 2392 4880
1377541800 1425 10633 4381 44504
1377540000 499 2623 970 6535
1377538200 565 3977 970 6535
1377536400 1763 7645 4699 16356
1377534600 182 2048 229 2579
1377532800 1064 10996 3446 49533
1377531000 1273 6650 3370 15355
1377529200 1305 37411 6098 215339
1377527400 1103 3387 4218 10984
1377525600 1315 11941 3154 47271
1377523800 871 16551 3238 48157
1377522000 0 554 0 777
1377520200 0 431 0 453
1377518400 0 424 0 457
1377516600 0 430 0 458
1377514800 0 431 0 457
1377513000 0 423 0 442
1377511200 0 424 0 480
1377509400 0 428 0 475
1377507600 0 455 0 571
1377505800 0 466 0 527
1377504000 0 459 0 549
1377502200 0 440 0 506
1377500400 0 420 0 466
1377498600 0 428 0 438
1377496800 0 429 0 456
1377495000 0 424 0 459
1377493200 0 419 0 449
1377491400 0 425 0 472
1377489600 0 420 0 445
1377487800 0 437 0 486
1377486000 0 419 0 447
1377484200 0 421 0 453
1377482400 0 417 0 477
1377480600 0 433 0 456
1377478800 0 423 0 447
1377477000 0 422 0 453
1377475200 0 422 0 444
1377473400 0 425 0 474
1377471600 0 425 0 486
1377469800 0 424 0 450
1377468000 0 423 0 443
1377466200 0 423 0 443
1377464400 0 428 0 456
1377462600 0 421 0 486
1377460800 0 430 0 456
1377459000 0 437 0 491
1377457200 0 421 0 459
1377455400 0 423 0 486
1377453600 0 432 0 474
1377451800 0 423 0 457
1377450000 0 422 0 468
1377448200 0 426 0 459
1377446400 0 436 0 459
1377444600 0 428 0 502
1377442800 0 424 0 464
1377441000 0 425 0 501
1377439200 0 429 0 461
1377437400 0 427 0 452
1377435600 0 423 0 455
1377433800 0 420 0 459
1377432000 0 432 0 461
1377430200 0 432 0 479
1377428400 0 428 0 466
1377426600 0 423 0 474
1377424800 0 427 0 466
1377423000 0 426 0 477
1377421200 0 482 0 585
1377419400 0 452 0 518
1377417600 0 457 0 518
1377415800 0 428 0 452
1377414000 0 427 0 466
1377412200 0 429 0 485
1377410400 0 432 0 458
1377408600 0 420 0 458
1377406800 0 426 0 458
1377405000 0 429 0 479
1377403200 0 429 0 466
1377401400 0 424 0 449
1377399600 0 430 0 486
1377397800 0 430 0 484
1377396000 0 427 0 465
1377394200 0 428 0 483
1377392400 0 426 0 457
1377390600 0 427 0 505
1377388800 0 432 0 462
1377387000 0 424 0 452
1377385200 0 428 0 461
1377383400 0 427 0 489
1377381600 0 427 0 460
1377379800 0 426 0 470
1377378000 0 434 0 465
1377376200 0 436 0 507
1377374400 0 439 0 453
1377372600 0 428 0 460
1377370800 0 428 0 477
1377369000 0 426 0 462
1377367200 0 432 0 475
1377365400 0 426 0 475
1377363600 0 427 0 463
1377361800 0 434 0 502
1377360000 0 432 0 488
1377358200 0 433 0 473
1377356400 0 427 0 475
1377354600 0 430 0 459
1377352800 0 432 0 445
1377351000 0 430 0 478
1377349200 0 435 0 469
1377347400 0 425 0 495
1377345600 0 429 0 491
1377343800 0 427 0 491
1377342000 0 433 0 453
1377340200 0 431 0 464
1377338400 0 435 0 467
1377336600 0 426 0 488
1377334800 0 484 0 556
1377333000 0 453 0 511
1377331200 0 491 0 560
1377329400 0 463 0 528
1377327600 0 433 0 462
1377325800 0 424 0 469
1377324000 0 430 0 470
1377322200 0 424 0 455
1377320400 0 438 0 485
1377318600 0 424 0 445
1377316800 0 431 0 477
1377315000 0 430 0 484
1377313200 0 425 0 442
1377311400 0 425 0 441
1377309600 0 427 0 458
1377307800 0 428 0 470
1377306000 0 465 12 514
1377304200 4 470 8 619
1377302400 5 563 8 642
1377300600 5 489 8 552
1377298800 16 604 42 707
1377297000 4 665 8 984
1377295200 7 874 26 1192
1377293400 17 985 42 1192
1377291600 55 1009 304 1183
1377289800 33 1028 185 1190
1377288000 0 1019 0 1190
1377286200 0 1110 0 1250
1377284400 0 1003 0 1089
1377282600 0 1004 0 1118
1377280800 0 1053 0 1236
1377279000 0 1163 0 1579
1377277200 0 977 0 1154
1377275400 0 994 0 1430
1377273600 0 3929 0 16364
1377271800 0 1527 0 2434
1377270000 0 1684 0 2739
1377268200 0 1386 0 2049
1377266400 0 1280 0 2314
1377264600 0 1307 0 1885
1377262800 0 616 0 732
1377261000 0 587 0 635
1377259200 0 529 0 596
1377257400 0 531 0 563
1377255600 2 528 14 570
1377253800 4 533 8 577
1377252000 5 532 8 578
1377250200 5 537 8 701
1377248400 5 589 8 701
1377246600 5 578 8 650
1377244800 72 3258 406 16751
1377243000 105 643 388 911
1377241200 0 526 0 572
1377239400 0 528 0 595
1377237600 0 538 0 576
1377235800 0 536 0 610
1377234000 0 518 0 544
1377232200 0 535 0 586
1377230400 0 531 0 592
1377228600 0 533 0 565
1377226800 0 527 0 573
1377225000 0 536 0 591
1377223200 0 546 0 589
1377221400 5 543 15 593
1377219600 6 564 11 602
1377217800 5 584 8 1225
1377216000 250 11435 1478 63127
1377214200 5 1223 42 1643
1377212400 246 11105 1412 60503
1377210600 259 7283 1062 34189
1377208800 0 1049 0 1636
1377207000 37 1269 1754 6958
1377205200 1154 4071 2012 6958
1377203400 821 12204 1480 44270
1377201600 936 8259 1097 20680
1377199800 1286 8649 2348 26508
1377198000 1048 7029 1820 16680
1377196200 419 4080 935 7539
1377194400 243 2329 448 3106
1377192600 356 2467 491 3254
1377190800 339 3652 465 4611
1377189000 800 5324 2394 15230
1377187200 669 4301 1813 8979
1377185400 1499 10354 3419 25637
1377183600 1604 8521 4679 13122
1377181800 1331 8567 3996 18619
1377180000 1201 5455 2342 7988
1377178200 1172 8395 3861 25331
1377176400 0 1487 0 3011
1377174600 0 573 0 635
1377172800 0 547 0 558
1377171000 0 552 0 605
1377169200 0 541 0 601
1377167400 0 541 0 571
1377165600 0 545 0 610
1377163800 0 572 0 746
1377162000 0 594 0 762
1377160200 0 642 0 843
1377158400 0 584 0 754
1377156600 0 864 0 1311
1377154800 0 563 0 628
1377153000 0 542 0 584
1377151200 0 693 0 1110
1377149400 0 541 0 578
1377147600 0 554 0 608
1377145800 0 625 0 1003
1377144000 0 536 0 568
1377142200 0 543 0 600
1377140400 0 534 0 570
1377138600 0 554 0 620
1377136800 0 540 0 563
1377135000 0 595 0 872
1377133200 0 552 0 605
1377131400 0 742 0 1249
1377129600 0 1103 0 1620
1377127800 0 942 0 1473
1377126000 0 1020 0 1505
1377124200 0 1310 0 1849
1377122400 0 1541 0 1849
1377120600 0 1452 0 2103
1377118800 0 1552 0 2824
1377117000 0 1822 0 2727
1377115200 0 1109 0 1533
1377113400 0 839 0 912
1377111600 0 1083 0 1872
1377109800 0 925 0 1038
1377108000 0 1036 0 1130
1377106200 0 1249 0 1898
1377104400 0 1541 0 2349
1377102600 0 1877 0 3230
1377100800 0 2014 0 3026
1377099000 0 1355 0 2265
1377097200 0 1774 0 2312
1377095400 0 1088 0 1249
1377093600 0 1188 0 1489
1377091800 0 1189 0 1832
1377090000 0 1029 0 1911
1377088200 0 792 0 1410
1377086400 0 510 0 551
1377084600 0 510 0 551
1377082800 0 557 0 781
1377081000 0 549 0 721
1377079200 0 525 0 572
1377077400 0 504 0 548
1377075600 0 565 0 609
1377073800 0 532 0 602
1377072000 0 548 0 600
1377070200 0 522 0 562
1377068400 0 510 0 577
1377066600 0 504 0 547
1377064800 0 513 0 553
1377063000 0 500 0 549
1377061200 0 508 0 561
1377059400 0 502 0 538
1377057600 0 515 0 585
1377055800 0 699 0 1042
1377054000 0 1075 0 1438
1377052200 0 1171 0 1541
1377050400 0 1066 0 1301
1377048600 0 1266 0 1586
1377046800 0 1314 0 1606
1377045000 0 1423 0 1745
1377043200 0 1351 0 1749
1377041400 0 1188 0 1716
1377039600 0 1949 0 2756
1377037800 94 1987 1819 9170
1377036000 301 2745 1819 9170
1377034200 148 2108 3394 10130
1377032400 1757 8066 3394 15519
1377030600 2603 31455 5524 91041
1377028800 3162 19603 6821 29495
1377027000 2235 10731 5246 28151
1377025200 1679 16915 3745 83147
1377023400 4126 89718 6989 113122
1377021600 5455 97622 9710 168548
1377019800 2022 29419 9710 168548
1377018000 458 2076 621 2894
1377016200 545 2053 1701 6784
1377014400 1527 6969 4300 36113
1377012600 5398 77713 9692 108324
1377010800 3140 88314 5862 116252
1377009000 3019 36808 6344 93505
1377007200 2356 13819 4903 37480
1377005400 5874 29345 18315 74761
1377003600 2120 11554 6454 35016
1377001800 0 691 0 875
1377000000 0 676 0 875
1376998200 0 754 0 980
1376996400 0 792 0 1213
1376994600 0 644 0 811
1376992800 0 679 0 905
1376991000 0 656 0 808
1376989200 0 737 0 1077
1376987400 0 719 0 999
1376985600 0 873 0 1705
1376983800 0 1377 0 2544
1376982000 0 619 0 820
1376980200 0 651 0 785
1376978400 0 841 0 1608
1376976600 0 645 0 814
1376974800 0 753 0 1360
1376973000 0 707 0 915
1376971200 0 670 0 930
1376969400 0 771 0 1229
1376967600 0 649 0 811
1376965800 0 752 0 1694
1376964000 0 880 0 1694
1376962200 0 698 0 969
1376960400 0 721 0 969
1376958600 0 720 0 856
1376956800 0 1055 0 2012
1376955000 0 721 0 844
1376953200 0 1139 0 2138
1376951400 791 3250 4546 12806
1376949600 2513 16199 7476 44205
1376947800 3205 14364 7476 41883
1376946000 4358 19825 7731 45918
1376944200 3162 19922 7213 45918
1376942400 2398 23639 4916 73234
1376940600 1 1242 2261 27301
1376938800 1986 18039 3828 63072
1376937000 2370 10254 4778 34662
1376935200 505 1596 571 1873
1376933400 554 2051 663 3001
1376931600 603 2488 3511 21284
1376929800 5134 47341 7819 108627
1376928000 2162 10176 3676 17868
1376926200 3669 33189 5718 53751
1376924400 4090 23796 9571 73850
1376922600 3393 25740 4605 40520
1376920800 1234 5613 3089 12151
1376919000 3710 23946 6820 38164
1376917200 0 729 0 1091
1376915400 0 448 0 592
1376913600 0 423 0 548
1376911800 0 438 0 573
1376910000 0 424 0 625
1376908200 0 445 0 561
1376906400 0 414 0 545
1376904600 0 479 0 723
1376902800 0 455 0 565
1376901000 0 479 0 683
1376899200 0 440 0 565
1376897400 0 456 0 576
1376895600 0 404 0 521
1376893800 0 447 0 576
1376892000 0 425 0 588
1376890200 0 443 0 555
1376888400 0 449 0 624
1376886600 0 449 0 587
1376884800 0 418 0 578
1376883000 0 454 0 592
1376881200 0 414 0 568
1376879400 0 444 0 581
1376877600 0 416 0 560
1376875800 0 445 0 565
1376874000 0 432 0 598
1376872200 0 439 0 602
1376870400 0 413 0 569
1376868600 0 446 0 600
1376866800 0 416 0 550
1376865000 0 480 0 729
1376863200 0 418 0 561
1376861400 0 448 0 618
1376859600 0 417 0 580
1376857800 0 451 0 585
1376856000 0 417 0 604
1376854200 0 467 0 601
1376852400 0 420 0 590
1376850600 0 447 0 608
1376848800 0 416 0 574
1376847000 0 456 0 626
1376845200 0 430 0 569
1376843400 0 451 0 622
1376841600 0 421 0 619
1376839800 0 437 0 550
1376838000 0 416 0 578
1376836200 0 447 0 608
1376834400 0 436 0 574
1376832600 0 456 0 632
1376830800 0 421 0 582
1376829000 0 447 0 595
1376827200 0 441 0 679
1376825400 0 443 0 559
1376823600 0 421 0 584
1376821800 0 444 0 626
1376820000 0 419 0 531
1376818200 0 458 0 603
1376816400 0 483 0 665
1376814600 0 492 0 592
1376812800 0 454 0 681
1376811000 0 445 0 570
1376809200 0 421 0 592
1376807400 0 445 0 614
1376805600 0 420 0 579
1376803800 0 450 0 649
1376802000 0 408 0 563
1376800200 0 465 0 564
1376798400 0 410 0 637
1376796600 0 448 0 587
1376794800 0 407 0 544
1376793000 0 439 0 591
1376791200 0 424 0 574
1376789400 0 453 0 587
1376787600 0 419 0 605
1376785800 0 436 0 583
1376784000 0 414 0 577
1376782200 0 449 0 584
1376780400 0 415 0 557
1376778600 0 455 0 584
1376776800 0 422 0 570
1376775000 0 442 0 568
1376773200 0 417 0 567
1376771400 0 479 0 683
1376769600 0 422 0 550
1376767800 0 447 0 581
1376766000 0 411 0 443
1376764200 0 474 0 628
1376762400 0 434 0 617
1376760600 0 442 0 574
1376758800 0 421 0 613
1376757000 0 459 0 629
1376755200 0 413 0 440
1376753400 0 453 0 614
1376751600 0 404 0 467
1376749800 0 466 0 692
1376748000 0 424 0 552
1376746200 0 458 0 583
1376744400 0 447 0 749
1376742600 0 444 0 565
1376740800 0 425 0 576
1376739000 0 450 0 638
1376737200 0 420 0 548
1376735400 0 459 0 658
1376733600 0 416 0 564
1376731800 0 445 0 564
1376730000 0 466 0 646
1376728200 0 519 0 717
1376726400 0 452 0 623
1376724600 0 497 0 716
1376722800 0 419 0 563
1376721000 0 475 0 629
1376719200 0 423 0 543
1376717400 0 432 0 546
1376715600 0 431 0 606
1376713800 0 452 0 626
1376712000 0 422 0 566
1376710200 0 468 0 596
1376708400 0 476 0 552
1376706600 0 503 0 701
1376704800 0 440 0 566
1376703000 0 459 0 637
1376701200 0 445 0 657
1376699400 0 531 0 658
1376697600 0 535 0 721
1376695800 0 622 0 805
1376694000 0 657 0 759
1376692200 0 650 0 759
1376690400 0 847 0 1024
1376688600 0 913 0 1024
1376686800 0 881 0 1193
1376685000 0 901 0 1290
1376683200 0 797 0 1002
1376681400 0 751 0 5511
1376679600 0 2000 0 5511
1376677800 0 1004 0 2126
1376676000 0 1062 0 2565
1376674200 0 920 0 1339
1376672400 0 769 0 998
1376670600 0 810 0 1080
1376668800 0 2490 0 10144
1376667000 0 905 0 1385
1376665200 0 709 0 1163
1376663400 0 895 0 1268
1376661600 0 877 0 1265
1376659800 0 739 0 972
1376658000 0 664 0 972
1376656200 0 593 0 888
1376654400 0 439 0 558
1376652600 0 476 0 634
1376650800 0 479 0 639
1376649000 0 460 0 548
1376647200 0 440 0 616
1376645400 0 472 0 594
1376643600 0 465 0 577
1376641800 0 477 0 626
1376640000 0 444 0 572
1376638200 0 518 0 650
1376636400 0 442 0 505
1376634600 0 474 0 627
1376632800 0 442 0 647
1376631000 0 465 0 596
1376629200 0 444 0 579
1376627400 0 487 0 611
1376625600 0 454 0 615
1376623800 0 510 0 697
1376622000 0 462 0 595
1376620200 0 527 0 767
1376618400 0 466 0 636
1376616600 0 499 0 649
1376614800 0 483 0 639
1376613000 0 513 0 688
1376611200 0 473 0 616
1376609400 0 572 0 854
1376607600 0 632 53 784
1376605800 405 1259 1955 3293
1376604000 17 774 61 1003
1376602200 333 1503 1116 2898
1376600400 1012 3617 1976 6731
1376598600 2897 19874 9212 69618
1376596800 1797 5798 3448 13128
1376595000 1694 9081 3184 33810
1376593200 2042 10127 3549 20689
1376591400 1041 3961 1815 5599
1376589600 484 2146 614 2247
1376587800 532 2237 1333 13027
1376586000 3850 44857 5255 121170
1376584200 4862 36728 7530 89169
1376582400 5096 17735 7548 23946
1376580600 113544 27695 665131 70422
1376578800 6036 28817 8723 45783
1376577000 6808 24413 22935 41218
1376575200 6445 25827 18860 59375
1376573400 390 1161 1076 1941
1376571600 180 733 274 930
1376569800 161 575 219 660
1376568000 175 599 243 650
1376566200 140 553 193 922
1376564400 168 632 261 922
1376562600 267 674 521 906
1376560800 296 700 450 927
1376559000 344 698 766 995
1376557200 293 744 409 945
1376555400 288 699 468 873
1376553600 282 875 454 1394
1376551800 382 1063 636 1293
1376550000 381 857 614 1072
1376548200 307 840 481 1067
1376546400 292 817 443 1013
1376544600 368 919 555 1244
1376539200 423 8131 2633 170564
1376532000 294 1040 513 5705
1376524800 1031 11850 9047 241903
1376517600 2642 12941 11867 74579
1376510400 2471 23313 4909 77909
1376503200 733 3623 2168 22419
1376496000 2620 23221 5461 98619
1376488800 1052 4418 5994 20948
1376481600 65 595 398 1509
1376474400 50 565 74 870
1376467200 49 649 71 963
1376460000 51 649 74 842
1376452800 52 647 75 856
1376445600 50 696 77 988
1376438400 760 3111 7808 24402
1376431200 1891 26478 7498 262016
1376424000 2856 17221 7455 72124
1376416800 654 1912 2045 62978
1376409600 1863 20121 8472 193452
1376402400 597 3366 2795 24261
1376395200 206 700 622 1230
1376388000 216 691 622 978
1376380800 200 719 462 839
1376373600 200 715 322 946
1376366400 698 1009 10750 6350
1376359200 227 995 594 5902
1376352000 245 1343 3544 37473
1376344800 2294 12906 7469 37473
1376337600 1915 23349 6495 177278
1376330400 6821 264290 28251 1185219
1376323200 16199 583970 34478 1249423
1376316000 0 608 0 1219
1376308800 0 401 0 514
1376301600 0 405 0 583
1376294400 0 415 0 545
1376287200 0 393 0 490
1376280000 0 400 0 495
1376272800 0 393 0 495
1376265600 0 406 0 514
1376258400 0 397 0 536
1376251200 0 396 0 532
1376244000 0 401 0 552
1376236800 0 405 0 539
1376229600 0 399 0 547
1376222400 0 395 0 511
1376215200 0 409 0 584
1376208000 0 410 0 530
1376200800 0 396 0 552
1376193600 0 405 0 519
1376186400 0 397 0 493
1376179200 0 399 0 518
1376172000 0 398 0 498
1376164800 0 399 0 523
1376157600 0 405 0 534
1376150400 0 406 0 625
1376143200 0 407 0 562
1376136000 0 412 0 587
1376128800 0 422 0 585
1376121600 0 426 0 574
1376114400 0 410 0 545
1376107200 0 423 0 588
1376100000 0 444 0 589
1376092800 0 638 0 1566
1376085600 0 799 0 1037
1376078400 0 790 0 1213
1376071200 0 893 0 2806
1376064000 0 742 0 936
1376056800 0 676 0 1339
1376049600 0 537 0 754
1376042400 0 531 0 691
1376035200 0 527 0 659
1376028000 0 536 0 792
1376020800 0 520 0 672
1376013600 5 561 78 899
1376006400 51 746 82 1176
1375999200 424 2257 2442 10903
1375992000 1382 6890 4885 53502
1375984800 772 4276 2887 53502
1375977600 1282 9277 5228 40139
1375970400 1075 5851 8677 45804
1375963200 0 483 0 588
1375956000 0 489 0 763
1375948800 0 509 0 635
1375941600 0 486 0 542
1375934400 0 488 0 552
1375927200 0 507 0 583
1375920000 1874 6600 27515 34296
1375912800 2064 24397 8454 113651
1375905600 1548 12905 7446 87344
1375898400 1332 15317 3293 101763
1375891200 1096 6867 4471 25622
1375884000 544 2103 2935 10966
1375876800 152 667 465 1162
1375869600 116 615 317 1319
1375862400 221 829 513 1495
1375855200 192 715 349 1046
1375848000 196 915 373 5572
1375840800 197 742 327 1052
1375833600 261 1200 754 3536
1375826400 519 4507 1653 22758
1375819200 3216 14370 22462 42113
1375812000 1774 10159 5399 42113
1375804800 1223 8421 2792 26578
1375797600 371 1221 1034 3304
1375790400 341 1056 617 1470
1375783200 329 1061 487 1514
1375776000 326 1026 552 1483
1375768800 351 1079 573 1595
1375761600 417 1400 645 5789
1375754400 414 1227 746 1726
1375747200 467 1719 761 2964
1375740000 33213 1817172 58223 3178594
1375732800 29647 1591392 65785 3416709
1375725600 1124 7817 4838 50940
1375718400 1855 22878 4894 180454
1375711200 0 590 0 998
1375704000 0 429 0 640
1375696800 0 436 0 599
1375689600 0 438 0 728
1375682400 0 425 0 586
1375675200 0 425 0 579
1375668000 0 425 0 584
1375660800 0 422 0 572
1375653600 0 422 0 564
1375646400 0 419 0 528
1375639200 0 424 0 555
1375632000 0 425 0 570
1375624800 0 430 0 552
1375617600 0 452 0 597
1375610400 0 478 0 658
1375603200 0 480 0 728
1375596000 0 464 0 594
1375588800 0 465 0 623
1375581600 0 465 0 607
1375574400 0 467 0 601
1375567200 0 470 0 596
1375560000 0 472 0 622
1375552800 0 472 0 637
1375545600 0 480 0 637
1375538400 0 475 0 601
1375531200 0 473 0 611
1375524000 0 489 0 606
1375516800 0 485 0 665
1375509600 0 472 0 611
1375502400 0 478 0 640
1375495200 0 500 0 680
1375488000 573 3237 4531 28290
1375480800 1963 15123 7853 89886
1375473600 644 3514 2784 24187
1375466400 1425 6771 4986 20371
1375459200 597 5217 2777 28178
1375452000 0 746 0 1975
1375444800 0 447 0 722
1375437600 0 424 0 540
1375430400 0 449 0 588
1375423200 0 454 0 568
1375416000 0 489 0 1056
1375408800 0 490 0 615
1375401600 0 621 0 1377
1375394400 9623 4954 134752 50941
1375387200 1941 28778 6936 274587
1375380000 2655 7044 30363 47660
1375372800 611 4196 3254 23936
1375365600 0 674 0 1015
1375358400 0 438 0 596
1375351200 0 439 0 587
1375344000 0 437 0 599
1375336800 0 475 0 611
1375329600 0 492 0 622
1375322400 0 493 0 607
1375315200 273 1826 5835 24594
1375308000 2277 19499 7058 94186
1375300800 2473 30016 7398 223373
1375293600 1310 8728 6653 39419
1375286400 67580 36206 1076143 505100
1375279200 280 1618 1403 7953
1375272000 145 566 426 735
1375264800 151 590 302 801
1375257600 142 584 259 795
1375250400 149 584 239 713
1375243200 153 606 692 798
1375236000 129 607 313 761
1375228800 242 1524 2029 11222
1375221600 1598 8795 7442 35439
1375214400 3905 37711 10302 143528
1375207200 52771 64780 511121 532532
1375200000 4168 30120 13310 132577
1375192800 1227 8259 7005 61798
1375185600 224 905 354 1275
1375178400 225 908 388 1355
1375171200 251 885 656 1337
1375164000 229 902 480 1378
1375156800 230 905 476 7983
1375149600 284 1335 483 7983
1375142400 1270 8707 7214 72238
1375135200 1656 7098 5357 38177
1375128000 1351 7014 5160 33833
1375120800 1452 7555 10064 41340
1375113600 83 1168 413 3170
1375106400 11 604 267 1105
1375099200 0 383 0 548
1375092000 0 384 0 531
1375084800 0 390 0 531
1375077600 0 373 0 455
1375070400 0 376 0 408
1375063200 0 375 0 428
1375056000 0 371 0 411
1375048800 0 374 0 431
1375041600 0 373 0 439
1375034400 0 371 0 475
1375027200 0 373 0 411
1375020000 0 374 0 440
1375012800 0 373 0 431
1375005600 0 385 0 575
1374998400 0 388 0 505
1374991200 0 372 0 419
1374984000 0 372 0 415
1374976800 0 374 0 423
1374969600 0 371 0 435
1374962400 0 387 0 499
1374955200 0 376 0 419
1374948000 0 377 0 420
1374940800 0 379 0 422
1374933600 0 379 0 428
1374926400 0 382 0 423
1374919200 0 402 0 524
1374912000 0 390 0 511
1374904800 0 388 0 470
1374897600 0 399 0 491
1374890400 0 416 0 532
1374883200 0 592 0 1038
1374876000 0 875 0 1228
1374868800 186200 21920 2170592 108793
1374861600 348 3380 2803 21462
1374854400 0 755 0 1118
1374847200 0 680 0 1278
1374840000 0 475 0 750
1374832800 0 472 0 691
1374825600 0 492 0 640
1374818400 0 488 0 784
1374811200 0 472 0 521
1374804000 0 489 0 592
1374796800 44 742 84 1170
1374789600 58 849 459 2371
1374782400 32 691 459 2371
1374775200 1971 93972 36885 2197794
1374768000 62087 13416 807206 43996
1374760800 139 1312 2054 8115
1374753600 0 462 0 526
1374746400 0 471 0 662
1374739200 0 503 0 631
1374732000 0 473 0 519
1374724800 0 486 0 551
1374717600 0 490 0 545
1374710400 0 605 0 1234
1374703200 0 712 0 1088
1374696000 0 735 0 1285
1374688800 0 853 0 1859
1374681600 0 665 0 1073
1374674400 0 613 0 1123
1374667200 0 462 0 496
1374660000 0 483 0 721
1374652800 0 493 0 669
1374645600 0 476 0 531
1374638400 0 481 0 542
1374631200 0 487 0 534
1374624000 0 605 0 1250
1374616800 0 696 0 1030
1374609600 0 697 0 937
1374602400 0 659 0 905
1374595200 0 705 0 936
1374588000 0 707 0 1158
1374580800 0 516 0 563
1374573600 0 519 0 601
1374566400 0 528 0 607
1374559200 0 534 0 610
1374552000 0 528 0 587
1374544800 0 607 47 1179
1374537600 53 804 89 1057
1374530400 1365 13988 6592 80537
1374523200 2332 17568 7893 69320
1374516000 1908 9709 11448 44158
1374508800 1213 7954 5459 34108
1374501600 1 659 45 1290
1374494400 0 368 0 431
1374487200 0 380 0 603
1374480000 0 388 0 533
1374472800 0 374 0 434
1374465600 0 371 0 430
1374458400 0 372 0 413
1374451200 0 369 0 430
1374444000 0 370 0 421
1374436800 0 370 0 424
1374429600 0 373 0 412
1374422400 0 371 0 418
1374415200 0 371 0 415
1374408000 0 372 0 423
1374400800 0 385 0 581
1374393600 0 385 0 537
1374386400 0 369 0 435
1374379200 0 372 0 443
1374372000 0 371 0 410
1374364800 0 374 0 436
1374357600 0 376 0 427
1374350400 0 376 0 426
1374343200 0 376 0 426
1374336000 0 391 0 508
1374328800 0 396 0 665
1374321600 0 377 0 427
1374314400 0 384 0 688
1374307200 0 397 0 538
1374300000 0 374 0 439
1374292800 0 383 0 431
1374285600 12 471 60 782
1374278400 45 661 86 1003
1374271200 95 1581 1025 15679
1374264000 0 710 0 942
1374256800 0 719 0 893
1374249600 1018 3374 10794 23717
1374242400 0 580 0 1012
1374235200 0 472 0 548
1374228000 0 484 0 731
1374220800 0 517 0 768
1374213600 0 472 0 516
1374206400 0 478 0 529
1374199200 0 481 0 519
1374192000 0 622 0 814
1374184800 0 739 0 1023
1374177600 90 949 899 2554
1374170400 2361 9208 7687 50693
1374163200 2156 13929 4108 75852
1374156000 2115 7295 10960 45135
1374148800 269 956 404 1706
1374141600 295 2105 1194 26857
1374134400 285 930 636 1371
1374127200 279 928 680 1451
1374120000 268 950 524 1822
1374112800 275 1131 414 5890
1374105600 878 8831 5590 114660
1374098400 4129 27032 13601 121399
1374091200 3489 47613 12937 174031
1374084000 9229 323624 91788 3392630
1374076800 1531 8764 4437 31167
1374069600 1222 6381 4654 22984
1374062400 159 659 586 799
1374055200 128 640 287 849
1374048000 133 664 222 922
1374040800 127 656 238 861
1374033600 132 637 243 739
1374026400 135 643 323 900
1374019200 838 4857 4901 49134
1374012000 905 6546 5125 49134
1374004800 0 756 0 961
1373997600 0 784 0 976
1373990400 0 864 0 1267
1373983200 0 681 0 1294
1373976000 0 454 0 499
1373968800 0 464 0 701
1373961600 0 474 0 591
1373954400 0 459 0 525
1373947200 0 473 0 538
1373940000 0 496 0 618
1373932800 0 686 0 1446
1373925600 0 856 0 1446
1373918400 552 3361 4876 28624
1373911200 1631 17472 7206 125769
1373904000 3001 30384 14092 371070
1373896800 239 987 472 2286
1373889600 241 747 551 1180
1373882400 169 615 300 773
1373875200 146 612 206 840
1373868000 152 610 262 905
1373860800 157 613 260 760
1373853600 156 619 325 1025
1373846400 168 600 561 768
1373839200 150 607 243 713
1373832000 151 609 250 729
1373824800 152 614 257 995
1373817600 162 622 351 986
1373810400 163 612 332 828
1373803200 157 602 282 818
1373796000 161 631 342 1026
1373788800 195 672 627 1454
1373781600 413 858 1139 1752
1373774400 291 1075 1139 5769
1373767200 216 686 324 926
1373760000 225 720 328 990
1373752800 204 683 428 1064
1373745600 148 547 244 731
1373738400 154 566 218 837
1373731200 168 596 308 944
1373724000 229 636 363 771
1373716800 267 711 1060 1457
1373709600 253 645 684 939
1373702400 262 980 597 7139
1373695200 193 585 916 1326
1373688000 144 536 591 1374
1373680800 398 1146 796 1997
1373673600 1393 5676 7537 36879
1373666400 635 3677 2088 24556
1373659200 2201 30036 8908 237991
1373652000 324 1867 2020 11192
1373644800 449 4567 1818 32880
1373637600 0 565 0 898
1373630400 0 416 0 593
1373623200 0 429 0 1028
1373616000 0 413 0 589
1373608800 0 403 0 452
1373601600 0 400 0 461
1373594400 0 522 0 715
1373587200 0 709 0 967
1373580000 442 2761 3113 27079
1373572800 2882 15738 9251 37328
1373565600 1528 9867 8100 46828
1373558400 1463 12477 3969 65653
1373551200 0 547 0 1777
1373544000 0 376 0 415
1373536800 0 381 0 443
1373529600 0 423 0 656
1373522400 0 398 0 438
1373515200 0 399 0 464
1373508000 0 495 0 1263
1373500800 344 3073 1066 8106
1373493600 2674 26313 12342 156996
1373486400 3911 27881 14042 96097
1373479200 2147 22071 9867 149258
1373472000 858 3546 3142 18190
1373464800 176 780 396 1738
1373457600 137 579 272 847
1373450400 137 592 321 780
1373443200 128 612 234 814
1373436000 440 13807 7672 317936
1373428800 126 594 179 865
1373421600 144 1003 345 1885
1373414400 328 2237 3846 18438
1373407200 2423 11805 14587 60112
1373400000 2995 7081 37398 27572
1373392800 558 6092 5141 103407
1373385600 938 7087 3314 30954
1373378400 156 846 298 1529
1373371200 135 629 265 835
1373364000 119 597 194 686
1373356800 145 610 611 754
1373349600 130 627 265 904
1373342400 132 648 236 839
1373335200 125 623 322 806
1373328000 866 3740 3652 16414
1373320800 2751 69738 15585 709088
1373313600 1318 7305 6508 40246
1373306400 1616 8328 6638 42807
1373299200 2448 10960 9387 35704
1373292000 274 1138 1767 7176
1373284800 192 757 622 5715
1373277600 189 677 437 3250
1373270400 175 553 421 831
1373263200 174 555 313 870
1373256000 183 584 471 1038
1373248800 176 556 305 5515
1373241600 183 757 360 5515
1373234400 166 547 441 810
1373227200 200 580 586 785
1373220000 182 538 679 694
1373212800 190 572 436 1223
1373205600 171 554 418 5803
1373198400 177 780 418 5803
1373191200 177 557 401 747
1373184000 169 538 295 658
1373176800 159 537 280 753
1373169600 179 561 385 789
1373162400 167 545 314 5486
1373155200 176 759 362 5486
1373148000 195 580 558 821
1373140800 169 556 495 912
1373133600 169 541 320 701
1373126400 244 642 1576 2262
1373119200 182 583 297 5711
1373112000 170 792 297 5711
1373104800 167 562 331 694
1373097600 166 567 342 784
1373090400 155 553 304 736
1373083200 168 584 394 758
1373076000 174 583 287 5487
1373068800 199 817 553 5487
1373061600 245 659 1388 2223
1373054400 187 632 357 905
1373047200 171 582 313 767
1373040000 176 575 387 838
1373032800 203 631 400 5865
1373025600 185 785 400 5865
1373018400 176 593 273 1065
1373011200 177 566 267 743
1373004000 181 581 435 890
1372996800 194 578 630 951
1372989600 185 568 434 5526
1372982400 181 763 349 5526
1372975200 181 564 340 772
1372968000 207 624 547 1012
1372960800 177 572 273 765
1372953600 182 595 307 851
1372946400 187 593 427 5708
1372939200 179 778 318 5708
1372932000 206 594 602 754
1372924800 177 582 439 769
1372917600 181 583 307 855
1372910400 179 587 345 855
1372903200 187 709 432 5468
1372896000 181 812 333 5468
1372888800 739 1791 10295 20832
1372881600 1410 8460 5303 48548
1372874400 0 848 0 3041
1372867200 0 668 0 860
1372860000 0 724 0 1460
1372852800 0 420 0 526
1372845600 0 413 0 468
1372838400 0 443 0 816
1372831200 0 417 0 478
1372824000 0 416 0 484
1372816800 0 425 0 485
1372809600 0 474 0 1038
1372802400 0 672 0 971
1372795200 0 701 0 887
1372788000 0 717 0 1241
1372780800 0 678 0 992
1372773600 0 604 0 1478
1372766400 0 350 0 399
1372759200 0 368 0 575
1372752000 0 370 0 643
1372744800 0 346 0 395
1372737600 0 355 0 409
1372730400 0 417 0 466
1372723200 0 509 0 770
1372716000 0 1012 0 1744
1372708800 235 3002 2414 26302
1372701600 469 2152 2511 7232
1372694400 678 3568 5475 33982
1372687200 761 4181 5475 33982
1372680000 0 353 0 400
1372672800 0 369 0 562
1372665600 0 363 0 540
1372658400 0 352 0 393
1372651200 0 353 0 409
1372644000 0 351 0 391
1372636800 0 356 0 418
1372629600 0 352 0 405
1372622400 0 358 0 410
1372615200 0 353 0 404
1372608000 0 355 0 408
1372600800 0 350 0 403
1372593600 0 353 0 403
1372586400 0 363 0 578
1372579200 0 373 0 587
1372572000 0 353 0 404
1372564800 0 355 0 405
1372557600 0 356 0 406
1372550400 0 355 0 405
1372543200 0 360 0 406
1372536000 0 360 0 423
1372528800 0 359 0 429
1372521600 0 358 0 398
1372514400 0 368 0 462
1372507200 0 355 0 419
1372500000 0 367 0 542
1372492800 0 383 0 655
1372485600 0 357 0 415
1372478400 0 359 0 433
1372471200 0 385 0 524
1372464000 40 668 341 1948
1372456800 579 3599 2331 14205
1372449600 1121 5249 7358 19002
1372442400 688 2838 7358 14126
1372435200 376 4002 3166 29713
1372428000 495 2597 3061 16973
1372420800 287 875 529 1332
1372413600 195 671 1213 1799
1372406400 404 7009 4138 148486
1372399200 241 815 966 2093
1372392000 148 614 245 739
1372384800 146 631 414 953
1372377600 151 736 352 1013
1372370400 517 2940 3795 13458
1372363200 1654 45305 14805 905265
1372356000 391 1861 1220 10214
1372348800 1771 18621 3952 170611
1372341600 861 13726 8575 257937
1372334400 40 509 210 668
1372327200 40 519 158 713
1372320000 40 547 195 770
1372312800 41 516 232 743
1372305600 44 520 232 668
1372298400 69 531 787 822
1372291200 163 1730 3117 57005
1372284000 1695 27686 6067 182141
1372276800 0 714 0 1045
1372269600 0 705 0 983
1372262400 0 714 0 1224
1372255200 0 602 0 1011
1372248000 0 439 0 508
1372240800 0 448 0 706
1372233600 0 478 0 764
1372226400 0 437 0 513
1372219200 0 472 0 795
1372204800 583 3975 10758 95300
1372118400 723 4051 42809 125406
1372032000 0 317 0 593
1371945600 0 330 0 581
1371859200 547 4331 12073 100670
1371772800 445 3193 7795 148940
1371686400 2043 7239 23221 321627
1371600000 0 564 0 1218
1371513600 711 2049 75863 59973
1371427200 0 329 0 644
1371340800 0 341 0 559
1371254400 0 521 0 1381
1371168000 0 506 0 1985
1371081600 0 491 0 1535
1370995200 0 467 0 1089
1370908800 0 468 0 1032
1370822400 0 333 0 556
1370736000 0 329 0 577
1370649600 0 471 0 1026
1370563200 0 476 0 1237
1370476800 0 510 0 1298
1370390400 1328 26117 47007 1288124
1370304000 1090 28713 55352 1609669
1370217600 0 0 0 0
1370131200 0 0 0 0
1370044800 403 4624 6772 192583
1369958400 0 483 0 1424
1369872000 0 448 74 1134
1369785600 241 1947 3761 29963
1369699200 0 311 0 375
1369612800 0 312 0 389
1369526400 0 316 0 405
1369440000 865 22661 43808 1881940
1369353600 0 444 70 1479
1369267200 882 4348 41956 69303
1369180800 1910 49167 58927 1939964
1369094400 723 6841 8837 248349
1369008000 0 255 0 317
1368921600 0 269 232 529
1368835200 606 5570 5754 245976
1368748800 427 6090 10917 413332
1368662400 689 6813 10507 137693
1368576000 24647 35167 2809422 2838955
1368489600 17198 13170 4494907 2254628
1368403200 0 392 0 588
1368316800 0 398 0 676
1368230400 30203 25907 3344600 3336362
1368144000 703 3855 7921 195234
1368057600 1021 11577 9731 343711
1367971200 1100 42532 24362 1239570
1367884800 949 13108 89436 1107045
1367798400 151 506 628 4995
1367712000 149 563 410 5306
1367625600 739 6416 11201 599953
1367539200 775 16843 24575 1489840
1367452800 509 9361 17059 994403
1367366400 508 5983 5123 135832
1367280000 567 2930 6763 45527
1367193600 193 603 2078 5484
1367107200 195 679 1025 5619
1367020800 541 4713 8733 429167
1366934400 398 4073 9224 135821
1366848000 549 7077 16486 1159631
1366761600 713 8643 10276 412343
1366675200 2540 12645 499093 1110728
1366588800 0 269 2 814
1366502400 0 273 2 573
1366416000 690 10075 10654 183013
1366329600 629 4454 8478 121755
1366243200 819 5933 13830 145772
1366156800 942 4077 137732 167825
1366070400 492 3902 11641 80888
1365984000 0 375 2 620
1365897600 0 386 3 826
1365811200 0 742 3 2093
1365724800 174 1912 6284 134272
1365638400 168 3356 4825 303883
1365552000 356 2162 6303 85582
1365465600 449 3399 11107 231959
1365379200 257 635 1312 5234
1365292800 293 704 990 6065
1365206400 613 4141 6499 105177
1365120000 0 676 2 1948
1365033600 442 2830 8023 81150
1364947200 256 1241 2142 6749
1364860800 690 2998 7589 48668
1364774400 309 786 722 5146
1364688000 326 865 801 5127
1364601600 2419 55221 210029 1879936
1364515200 651 7738 100265 802875
1364428800 7231 9457 750593 671971
1364342400 10590 8040 1149040 447116
1364256000 1074 6575 22416 147049
1364169600 584 1809 1291 22897
1364083200 563 1509 1222 18100
1363996800 662 8723 8371 300795
1363910400 508 4005 9004 222235
1363824000 1423 7940 102634 113688
1363737600 882 6183 7657 82406
1363651200 353 2747 19978 144101
1363564800 0 423 2 721
1363478400 0 412 3 841
1363392000 385 3572 5611 329103
1363305600 2165 10383 346875 1066722
1363219200 1016 27530 62937 2407745
1363132800 713 17584 32055 1707427
1363046400 534 6026 12597 462285
1362960000 0 379 2 832
1362873600 0 396 2 761
1362787200 520 7801 24553 1064487
1362700800 418 2810 8274 59129
1362614400 205 1832 4216 33671
1362528000 11196 4609 2278374 181052
1362441600 531 3912 16187 249546
1362355200 162 761 716 58079
1362268800 160 622 623 10182
1362182400 499 6493 11530 164894
1362096000 597 3443 7992 65811
1362009600 653 8538 9324 520812
1361923200 888 7292 18829 154525
1361836800 411 4458 8128 124802
1361750400 1 470 469 17979
1361664000 0 425 2 1706
1361577600 0 644 5 1680
1361491200 238 6541 9370 260972
1361404800 1403 9324 144843 227745
1361318400 1175 13050 84844 699835
1361232000 18 1411 3859 138558
1361145600 10 1095 2010 69754
1361059200 99 4212 21091 725402
1360972800 483 4981 8059 234192
1360886400 356 6380 20208 661117
1360800000 550 8644 10414 357821
1360713600 447 6616 17898 583262
1360627200 354 5486 12487 416610
1360540800 15 1287 2920 107888
1360454400 47 2443 12448 443639
1360368000 283 4441 9779 350230
1360281600 22 1091 4716 30506
1360195200 1128 18554 34652 1809430
1360108800 529 4301 55970 110896
1360022400 1074 47778 51658 3234086
1359936000 0 773 492 16644
1359849600 4 940 1826 67391
1359763200 480 3678 7678 77709
1359676800 591 9157 21419 1040397
1359590400 709 13429 9477 530708
1359504000 981 7645 64636 266586
1359417600 514 5642 15368 189998
1359331200 9 989 2143 67264
1359244800 28 1424 3001 105449
1359158400 520 4599 34205 354381
1359072000 228 3370 6952 365744
1358985600 652 11696 13880 654193
1358899200 697 4555 30346 116668
1358812800 0 800 3 1097
1358726400 0 803 3 1092
1358640000 0 819 3 1469
1358553600 1072 8269 14909 328408
1358467200 1149 16288 19448 427023
1358380800 875 5950 82016 266703
1358294400 379 3733 7490 106757
1358208000 18199 7431 2681744 214220
1358121600 0 668 160 948
1358035200 0 677 2 897
1357948800 823 5703 11347 304015
1357862400 348 2255 1753 90283
1357776000 625 3621 33377 83064
1357689600 444 2537 7200 56916
1357603200 17383 17812 3009510 2918811
1357516800 0 661 185 1458
1357430400 2 707 207 1709
1357344000 2594 129197 113470 6973891
1357257600 435 3770 6949 91227
1357171200 646 7180 8099 481524
1357084800 0 610 3 766
1356998400 1592 78036 101486 5576884
1356912000 9 788 380 1605
1356825600 0 697 233 1157
1356739200 386 2154 8386 57434
1356652800 715 5732 11503 152131
1356566400 894 20810 18162 779462
1356480000 0 584 3 662
1356393600 0 584 2 666
1356307200 0 585 3 652
1356220800 0 592 2 782
1356134400 0 791 154 1340
1356048000 32 904 505 2310
1355961600 960 25043 20570 678307
1355875200 798 6458 63284 814133
1355788800 1883 25702 150664 2409941
1355702400 0 677 2 953
1355616000 0 698 168 1363
1355529600 562 3937 6918 145498
1355443200 467 9195 19285 894792
1355356800 1524 64769 53535 2326125
1355270400 10928 19024 2911560 2924011
1355184000 891 9482 33388 668512
1355097600 133 1013 789 30769
1355011200 2119 7105 14298 240449
1354924800 2647 6676 588376 557601
1354838400 332 3214 8259 215636
1354752000 630 10543 23322 1128036
1354665600 634 14539 26122 1302485
1354579200 462 2847 18311 106388
1354492800 0 634 0 702
1354406400 0 666 431 4701
1354320000 2838 10324 664637 1100234
1354233600 4843 11956 920209 1135704
1354147200 854 12725 24683 1362415
1354060800 695 7718 20952 1083236
1353974400 526 2891 7409 47555
1353888000 2103 4909 163254 877275
1353801600 0 311 0 386
1353715200 0 314 0 384
1353628800 0 315 0 451
1353542400 0 495 0 1382
1353456000 3530 6078 148965 812888
1353369600 420 3727 12082 430496
1353283200 0 323 0 511
1353196800 0 335 0 530
1353110400 870 4813 48924 210208
1353024000 572 4514 14453 214660
1352937600 308 4015 7653 450388
1352851200 329 2424 4749 139226
1352764800 740 5863 32208 519865
1352678400 0 363 0 539
1352592000 0 379 0 568
1352505600 853 3621 104444 124779
1352419200 752 4925 37155 367105
1352332800 11096 44884 2343409 5270016
1352246400 311 5624 7360 306215
1352160000 424 9916 7935 171771
1352073600 0 287 0 370
1351987200 0 336 0 546
1351900800 197 1654 4363 76117
1351814400 28 3595 499 26372
1351728000 0 618 496 18113
1351641600 0 446 198 4807
1351555200 29 1826 353 19578
1351468800 54 2824 348 19422
1351382400 50 1714 439 21163
1351296000 46 802 266 2430
1351209600 35 908 314 2195
1351123200 34 888 837 2248
1351036800 16 779 364 3283
1350950400 499 2776 6963 42305
1350864000 221 806 750 20549
1350777600 211 804 782 26261
1350691200 335 2438 6574 59417
1350604800 842 26332 69885 3512211
1350518400 339 7486 7466 384729
1350432000 344 2904 4833 88746
1350345600 600 15526 52727 2859368
1350259200 0 475 0 951
1350172800 11 555 577 1512
1350086400 482 3734 21280 95896
1350000000 0 694 0 2068
1349913600 341 4848 8159 474649
1349827200 365 5112 5156 285535
1349740800 778 7857 20666 791031
1349654400 261 1081 697 8192
1349568000 270 1225 1132 2436
1349481600 850 7601 33265 804120
1349395200 539 3906 6635 92552
1349308800 355 2435 6733 48997
1349222400 457 3196 7962 105110
1349136000 5046 13996 1290594 2044121
1349049600 0 412 0 804
1348963200 0 415 0 701
1348876800 232 1488 8780 27445
1348790400 1281 15258 197904 2686835
1348704000 432 2631 14900 76047
1348617600 867 32297 99979 5969412
1348531200 969 2327 153606 101139
1348444800 0 442 0 702
1348358400 0 458 0 850
1348272000 832 5173 7771 87085
1348185600 910 2091 97059 104908
1348099200 308 2316 4973 39826
1348012800 0 827 0 2095
1347926400 367 4506 9330 307503
1347840000 0 450 0 600
1347753600 0 455 0 592
1347667200 462 4006 6447 294770
1347580800 290 6230 25668 1357778
1347494400 540 7018 26448 350822
1347408000 0 606 0 1397
1347321600 397 3494 9889 298494
1347235200 0 425 0 554
1347148800 0 439 0 678
1347062400 357 2827 12601 151886
1346976000 424 2601 31475 177124
1346889600 394 3922 5231 107575
1346803200 396 4013 8570 275026
1346716800 0 480 0 783
1346630400 0 476 0 797
1346544000 0 472 0 787
1346457600 1664 5061 356642 374327
1346371200 603 12024 36408 1906519
1346284800 458 2739 8087 47078
1346198400 355 6717 18014 1081629
1346112000 730 5590 88051 946178
1346025600 184 783 676 9569
1345939200 183 808 809 9547
1345852800 2587 5823 643517 654915
1345766400 352 3023 5469 163892
1345680000 500 2664 46395 44150
1345593600 54192 3509 7706307 164990
1345507200 695 14990 12842 530964
1345420800 0 470 0 686
1345334400 0 482 0 750
1345248000 3520 10555 371658 710482
1345161600 4302 8869 1113467 1121460
1345075200 421 6408 8339 481805
1344988800 308 3859 7511 104427
1344902400 308 5207 17291 535441
1344816000 0 479 0 557
1344729600 12 530 4521 8349
1344643200 235 5817 20264 1246889
1344556800 221 5403 20717 1058879
1344470400 121 1465 4532 34211
1344384000 239 2409 6752 121984
1344297600 314 2786 5035 93741
1344211200 0 465 0 539
1344124800 0 472 0 665
1344038400 313 3892 5027 118586
1343952000 502 4133 59539 352877
1343865600 264 2499 8702 224520
1343779200 728 5742 74800 443186
1343692800 757 2992 49960 114944
1343606400 0 463 0 541
1343520000 0 482 0 1032
1343433600 666 3630 92429 113246
1343347200 478 3949 19943 166245
1343260800 328 3022 6842 164042
1343174400 3329 8596 827730 782787
1343088000 368 3213 5553 64607
1343001600 0 512 0 707
1342915200 0 540 0 1013
1342828800 326 2192 28345 61144
1342742400 560 6787 21482 234968
1342656000 765 3905 131309 91623
1342569600 1654 4908 29729 187167
1342483200 949 4410 30076 108736
1342396800 0 486 0 570
1342310400 0 500 0 726
1342224000 822 7620 113591 692784
1342137600 4881 15730 739502 1848519
1342051200 324 8123 13617 693289
1341964800 6121 10896 1255953 511684
1341878400 307 4262 13291 685404
1341792000 0 496 0 610
1341705600 0 502 0 587
1341619200 442 4475 54850 690268
1341532800 180 4172 15041 737160
1341446400 0 494 0 593
1341360000 440 12916 14669 700013
1341273600 190 4092 11719 567004
1341187200 0 488 0 649
1341100800 0 492 0 716
1341014400 3168 8156 671509 718781
1340928000 13149 12721 1954006 710036
1340841600 429 4442 39950 687787
1340755200 394 7245 12422 686162
1340668800 490 4072 8784 54608
1340582400 0 497 0 586
1340496000 0 508 0 968
1340409600 2253 4347 440446 335593
1340323200 294 3884 4525 194105
1340236800 166 4203 5745 583439
1340150400 8017 11297 742004 1312298
1340064000 2585 20125 522853 1301356
1339977600 16 542 461 767
1339891200 93 633 4848 11902
1339804800 437 1850 4198 13121
1339718400 21862 23982 5174961 5170014
1339632000 307 1996 3890 107258
1339545600 325 2019 3757 65541
1339459200 300 2008 8809 73225
1339372800 37 504 484 692
1339286400 37 507 466 678
1339200000 636 3065 68037 75542
1339113600 553 3623 10934 79198
1339027200 420 2369 5153 101267
1338940800 465 3139 7572 166768
1338854400 419 2701 10286 94141
1338768000 40 541 580 1096
1338681600 41 548 480 827
1338595200 380 2455 6725 91932
1338508800 42701 86251 2986090 6823299
1338422400 2471 3538 550372 153057
1338336000 22150 27279 2545956 2481757
1338249600 412 1090 1082 2972
1338163200 422 1131 1516 5722
1338076800 179 1228 3407 23048
1337990400 2128 5679 373437 379407
1337904000 1181 4028 67152 100529
1337817600 2489 6588 489565 126062
1337731200 575 8954 23125 888940
1337644800 508 2798 9856 129014
1337558400 40 319 477 527
1337472000 41 349 490 1649
1337385600 427 3213 4917 107520
1337299200 623 3298 11478 87315
1337212800 598 3944 9383 321230
1337126400 1533 4343 224548 236463
1337040000 37 527 553 1762
1336953600 41 395 562 627
1336867200 127 495 542 1211
1336780800 559 4449 24726 202635
1336694400 1800 6118 273889 325081
1336608000 938 6519 85822 684434
1336521600 348 1691 4633 43710
1336435200 307 2037 3526 35444
1336348800 39 373 480 632
1336262400 73 442 2315 4437
1336176000 757 17670 58572 2664829
1336089600 518 10018 5432 55723
1336003200 438 1272 94826 16620
1335916800 8 297 1190 60916
1335830400 0 0 0 0
1335744000 0 0 0 0
1335657600 0 0 0 0
1335571200 0 0 0 0
1335484800 0 0 0 0
1335398400 0 0 0 0
1335312000 0 0 0 0
1335225600 0 0 0 0
1335139200 0 0 0 0
1335052800 0 0 0 0
1334966400 0 0 0 0
1334880000 0 0 0 0
1334793600 0 0 0 0
1334707200 0 0 0 0
1334620800 0 0 0 0
1334534400 0 0 0 0
1334448000 0 0 0 0
1334361600 0 0 0 0
1334275200 0 0 0 0
1334188800 0 0 0 0
1334102400 0 0 0 0
1334016000 0 0 0 0
1333929600 0 0 0 0
1333843200 0 0 0 0
1333756800 0 0 0 0
1333670400 0 0 0 0
1333584000 0 0 0 0
1333497600 0 0 0 0
1333411200 0 0 0 0
1333324800 0 0 0 0
1333238400 0 0 0 0
1333152000 0 0 0 0
1333065600 0 0 0 0
1332979200 0 0 0 0
1332892800 0 0 0 0
1332806400 0 0 0 0
1332720000 0 0 0 0
1332633600 0 0 0 0
1332547200 0 0 0 0
1332460800 0 0 0 0
1332374400 0 0 0 0
1332288000 0 0 0 0
1332201600 0 0 0 0
1332115200 0 0 0 0
1332028800 0 0 0 0
1331942400 0 0 0 0
1331856000 0 0 0 0
1331769600 0 0 0 0
1331683200 0 0 0 0
1331596800 0 0 0 0
1331510400 0 0 0 0
1331424000 0 0 0 0
1331337600 0 0 0 0
1331251200 0 0 0 0
1331164800 0 0 0 0
1331078400 0 0 0 0
1330992000 0 0 0 0
1330905600 0 0 0 0
1330819200 0 0 0 0
1330732800 0 0 0 0
1330646400 0 0 0 0
1330560000 0 0 0 0
1330473600 0 0 0 0
1330387200 0 0 0 0
1330300800 0 0 0 0
1330214400 0 0 0 0
1330128000 0 0 0 0
1330041600 0 0 0 0
1329955200 0 0 0 0
1329868800 0 0 0 0
1329782400 0 0 0 0
1329696000 0 0 0 0
1329609600 0 0 0 0
1329523200 0 0 0 0
1329436800 0 0 0 0
1329350400 0 0 0 0
1329264000 0 0 0 0
1329177600 0 0 0 0
1329091200 0 0 0 0
1329004800 0 0 0 0
1328918400 0 0 0 0
1328832000 0 0 0 0
1328745600 0 0 0 0
1328659200 0 0 0 0
1328572800 0 0 0 0
1328486400 0 0 0 0
1328400000 0 0 0 0
1328313600 0 0 0 0
1328227200 0 0 0 0
1328140800 0 0 0 0
1328054400 0 0 0 0
1327968000 0 0 0 0
1327881600 0 0 0 0
1327795200 0 0 0 0
1327708800 0 0 0 0
1327622400 0 0 0 0
1327536000 0 0 0 0
1327449600 0 0 0 0
1327363200 0 0 0 0
1327276800 0 0 0 0
1327190400 0 0 0 0
1327104000 0 0 0 0
1327017600 0 0 0 0
1326931200 134 2044 10462 268714
1326844800 444 6269 22491 711228
1326758400 40 357 421 3503
1326672000 40 306 549 795
1326585600 38 332 422 4349
1326499200 428 4666 13808 413617
1326412800 388 5354 10473 399406
1326326400 583 3844 37771 308722
1326240000 437 4068 5594 109276
1326153600 364 2830 5855 102926
1326067200 58 263 300 1037
1325980800 58 333 684 7133
1325894400 44 534 592 20519
1325808000 42 546 416 15265
1325721600 44 721 424 5513
1325635200 55 611 434 2965
1325548800 56 491 432 1699
1325462400 57 507 446 4562
1325376000 56 457 430 2662
1325289600 56 502 420 2946
1325203200 40 534 562 2596
1325116800 40 611 415 2400
1325030400 500 9492 38181 1270039
1324944000 38 417 425 1361
1324857600 38 417 408 913
1324771200 39 438 418 4956
1324684800 38 456 455 5225
1324598400 769 1863 40310 97488
1324512000 261 3095 6399 282672
1324425600 43 656 453 5368
1324339200 384 6567 11907 476851
1324252800 38 452 416 1077
1324166400 38 472 416 3249
1324080000 40 703 420 5199
1323993600 48 676 438 5228
1323907200 530 6766 9655 309585
1323820800 408 6912 9369 385351
1323734400 3747 7284 941110 463675
1323648000 25 448 407 945
1323561600 25 462 406 2328
1323475200 28 603 410 5207
1323388800 359 3499 9411 186122
1323302400 273 2357 4071 130994
1323216000 1586 6001 321427 309026
1323129600 574 12400 54628 1891371
1323043200 25 446 398 884
1322956800 26 464 403 2401
1322870400 330 5278 12274 418718
1322784000 328 4244 10062 281179
1322697600 367 6100 17157 562802
1322611200 548 6747 32576 570479
1322524800 807 18145 69338 2402109
1322438400 26 442 520 1279
1322352000 26 445 400 1986
1322265600 25 479 295 2509
1322179200 25 510 412 5089
1322092800 28 650 516 4826
1322006400 29 619 402 5068
1321920000 27 561 368 3531
1321833600 25 443 393 965
1321747200 30 660 1380 59713
1321660800 27 673 524 4980
1321574400 25 613 402 4915
1321488000 28 599 527 4943
1321401600 26 574 531 4937
1321315200 27 561 528 4517
1321228800 25 444 445 1721
1321142400 25 460 400 3556
1321056000 95 625 2434 4926
1320969600 988 4312 28559 229530
1320883200 294 4376 7097 276449
1320796800 321 4891 3796 148374
1320710400 437 4296 8876 146671
1320624000 38 460 409 1495
1320537600 38 478 415 4835
1320451200 1504 7792 327852 525362
1320364800 263 2723 6992 189026
1320278400 267 1948 2398 42825
1320192000 291 2986 5220 125053
1320105600 374 5112 7446 207816
1320019200 79 528 356 2414
1319932800 79 549 445 4555
1319846400 79 596 440 5390
1319760000 364 3850 11734 339624
1319673600 409 3162 17715 175899
1319587200 516 11900 30209 1554011
1319500800 293 4308 5793 140196
1319414400 27 464 405 985
1319328000 26 479 286 5420
1319241600 335 3850 18217 138776
1319155200 390 3893 18838 149886
1319068800 28 606 511 4798
1318982400 28 702 540 21112
1318896000 29 586 410 4113
1318809600 27 464 405 2399
1318723200 26 476 414 6146
1318636800 29 586 432 4816
1318550400 425 7302 8008 293021
1318464000 342 3298 10613 104470
1318377600 285 3466 5086 89533
1318291200 375 6028 8984 378519
1318204800 26 457 410 4528
1318118400 26 458 420 2901
1318032000 46 636 379 3674
1317945600 346 2585 3550 66641
1317859200 1367 5681 171037 299369
1317772800 469 4862 6675 219641
1317686400 299 4842 7972 224696
1317600000 27 518 412 1041
1317513600 27 535 411 4275
1317427200 29 709 376 4429
1317340800 262 3492 9063 176935
1317254400 342 4128 8449 228071
1317168000 32 835 1618 52396
1317081600 366 6748 10197 302366
1316995200 26 463 408 972
1316908800 26 489 420 4771
1316822400 298 3259 4778 110313
1316736000 285 3388 3141 77783
1316649600 30 696 414 4516
1316563200 2360 6085 249504 254694
1316476800 420 8498 14268 499043
1316390400 28 497 411 1029
1316304000 26 506 420 4021
1316217600 30 674 409 4480
1316131200 306 4666 8288 352507
1316044800 235 2164 2686 57883
1315958400 260 2815 2359 57938
1315872000 217 2861 3769 125727
1315785600 26 504 409 4122
1315699200 26 498 414 3424
1315612800 315 2738 4032 66547
1315526400 28 677 406 6662
1315440000 382 4756 8300 178994
1315353600 1497 5609 92237 144586
1315267200 27 493 408 2201
1315180800 26 483 405 1277
1315094400 27 493 410 5067
1315008000 27 644 408 5745
1314921600 375 4100 12926 137138
1314835200 12979 26972 1215185 1851379
1314748800 305 4764 3984 117538
1314662400 590 7461 16801 483000
1314576000 28 303 414 1191
1314489600 33 327 1540 5373
1314403200 684 4183 66430 934757
1314316800 377 5203 6515 199132
1314230400 587 10350 43323 1526752
1314144000 13220 6016 1319133 319569
1314057600 2921 7352 101886 145115
1313971200 2388 4698 48272 138812
1313884800 700 1234 23262 48383
1313798400 4324 1747 79620 47902
1313712000 3612 5087 41045 168296
1313625600 3738 3283 47511 74517
1313539200 673 4323 38290 118685
1313452800 2471 8596 44184 137861
1313366400 9264 8546 51488 90920
1313280000 5379 5313 5747 9898
1313193600 7782 16453 894671 905776
1313107200 6921 13304 41757 217417
1313020800 3021 6581 63225 171211
1312934400 829 3627 19411 75260
1312848000 466 4907 11154 239504
1312761600 40 522 423 1312
1312675200 40 550 415 6884
1312588800 1529 10841 23395 415680
1312502400 1339 4739 29028 205767
1312416000 837 5411 28190 120400
1312329600 1156 7753 38801 899580
1312243200 1141 14199 61749 3015517
1312156800 365 1347 14976 15221
1312070400 1017 3292 23585 14550
1311984000 4324 5793 45796 104280
1311897600 3576 6023 42290 149157
1311811200 1819 5828 45624 161358
1311724800 8954 10276 49021 175825
1311638400 7312 33486 130904 324755
1311552000 344 830 715 2032
1311465600 414 1123 5884 15696
1311379200 1481 1682 106207 75185
1311292800 9582 26214 904418 2497288
1311206400 2371 4998 105075 66194
1311120000 4402 15239 50272 196901
1311033600 3202 14212 48154 1712133
1310947200 485 1041 857 1654
1310860800 7398 9117 728612 194011
1310774400 3464 9210 45525 152693
1310688000 3275 8007 39073 176731
1310601600 9843 13803 1339672 194266
1310515200 14966 13509 1313601 1316676
1310428800 8754 5061 227057 159673
1310342400 45 487 417 2000
1310256000 2146 2747 6919 8003
1310169600 3542 4409 29797 114390
1310083200 4988 18328 153883 329778
1309996800 2994 4729 42026 81491
1309910400 2130 3667 49166 71413
1309824000 40 483 531 2462
1309737600 371 869 32259 64451
1309651200 4080 3999 109528 100283
1309564800 8614 17618 144655 155080
1309478400 6769 11635 88643 322434
1309392000 2738 3547 73751 65994
1309305600 5015 4625 101125 148460
1309219200 815 2397 6486 45143
1309132800 610 1015 981 2024
1309046400 610 1036 975 6689
