1377805801 1540559978 2970530817
1377805801 0 0 0 0
1377805502 0 0 0 0
1377805500 0 0 0 0
1377805200 0 0 0 0
1377804900 0 0 0 0
1377804600 0 0 0 0
1377804300 0 0 0 0
1377804000 0 0 0 0
1377803700 0 0 0 0
1377803400 0 0 0 0
1377803100 0 0 0 0
1377802800 0 0 0 0
1377802500 0 0 0 0
1377802200 0 0 0 0
1377801900 0 0 0 0
1377801600 0 0 0 0
1377801300 0 0 0 0
1377801000 0 0 0 0
1377800700 0 0 0 0
1377800400 0 0 0 0
1377800100 0 0 0 0
1377799800 0 4 249 1494
1377799500 254 1509 1998 6284
1377799200 1990 6282 1998 6284
1377798900 935 6060 1051 7619
1377798600 1048 7583 1051 7619
1377798300 710 2312 783 2317
1377798000 782 1058 783 1250
1377797700 638 1248 640 1250
1377797400 338 761 517 1179
1377797100 516 1176 517 1179
1377796800 472 826 473 827
1377796500 489 812 3595 13549
1377796200 3574 13464 3595 13549
1377795900 590 881 2069 4422
1377795600 2072 4434 3165 8069
1377795300 3167 8157 3545 21316
1377795000 3524 21178 3545 21316
1377794700 444 726 445 774
1377794400 289 833 744 9759
1377794100 746 9903 1184 31499
1377793800 1189 31429 2718 31499
1377793500 2710 10665 2718 10699
1377793200 1625 5585 1630 5601
1377792900 412 845 413 1148
1377792600 363 1147 365 1148
1377792300 209 1081 706 1124
1377792000 718 1139 2579 3391
1377791700 2573 3383 2579 3391
1377791400 911 1163 1363 22041
1377791100 1368 21932 2209 22041
1377790800 2205 5741 2209 5748
1377790500 1062 3922 2540 65340
1377790200 2542 65479 2955 86301
1377789900 2949 86078 2955 86301
1377789600 1202 20071 3899 119406
1377789300 3885 118999 3899 119406
1377789000 1846 58568 3362 97223
1377788700 3357 97069 3362 97223
1377788400 1898 51462 3061 73931
1377788100 3046 73447 3061 73931
1377787800 887 1379 889 1382
1377787500 622 1876 3928 126173
1377787200 3905 125337 3928 126173
1377786900 577 1014 1035 16181
1377786600 1036 16189 1447 18804
1377786300 1440 18685 1447 18804
1377786000 523 970 860 1254
1377785700 858 1252 860 1254
1377785400 582 1098 717 1141
1377785100 721 1146 1462 1984
1377784800 1485 3124 5023 173017
1377784500 5009 172403 5023 173017
1377784200 2947 80882 2950 80936
1377783900 2281 65367 5161 156403
1377783600 5169 156849 6422 223316
1377783300 6393 221845 6422 223316
1377783000 2101 2808 2104 2810
1377782700 1298 2479 1328 14868
1377782400 1327 14832 1328 14868
1377782100 1196 4341 1220 4351
1377781800 1217 1404 1220 1405
1377781500 784 1403 1181 19549
1377781200 1180 19547 1181 19549
1377780900 1160 19217 1162 19261
1377780600 827 6209 1107 12373
1377780300 1104 12298 1107 12373
1377780000 782 1220 2840 7270
1377779700 2828 7247 2840 7270
1377779400 1049 3901 1185 3902
1377779100 1186 3816 1336 6260
1377778800 1339 6298 2347 17848
1377778500 2348 17851 2688 19041
1377778200 2695 19081 4894 31136
1377777900 4894 31132 5065 31136
1377777600 5050 30006 5065 30134
1377777300 2948 10962 2954 18656
1377777000 1418 18628 3372 18656
1377776700 3369 10401 3372 10403
1377776400 2638 9842 3959 13940
1377776100 3940 13852 3959 13940
1377775800 1117 862 1121 863
1377775500 569 872 1599 5911
1377775200 1601 5890 1942 5911
1377774900 1935 2851 1942 2860
1377774600 0 251 0 273
1377774300 0 272 0 273
1377774000 0 244 0 245
1377773700 0 243 0 244
1377773400 0 235 0 236
1377773100 0 225 0 279
1377772800 0 278 0 279
1377772500 0 240 0 244
1377772200 0 243 0 244
1377771900 0 234 0 234
1377771600 0 234 0 290
1377771300 0 289 0 290
1377771000 0 258 0 259
1377770700 0 232 0 233
1377770400 0 227 0 245
1377770100 0 244 0 245
1377769800 0 235 0 277
1377769500 0 276 0 277
1377769200 0 226 0 255
1377768900 0 254 0 255
1377768600 0 216 0 236
1377768300 0 236 0 270
1377768000 0 269 0 270
1377767700 0 241 0 242
1377767400 0 236 0 253
1377767100 0 252 0 253
1377766800 0 226 0 295
1377766500 0 294 0 295
1377766200 0 236 0 250
1377765900 0 249 0 250
1377765600 0 225 0 235
1377765300 0 234 0 235
1377765000 0 228 0 278
1377764700 0 277 0 278
1377764400 0 221 0 252
1377764100 0 251 0 252
1377763800 0 226 0 250
1377763500 0 250 0 265
1377763200 0 264 0 265
1377762900 0 240 0 241
1377762600 0 229 0 254
1377762300 0 253 0 254
1377762000 0 234 0 281
1377761700 0 280 0 281
1377761400 0 216 0 231
1377761100 0 230 0 231
1377760800 0 226 0 233
1377760500 0 233 0 235
1377760200 0 235 0 291
1377759900 0 290 0 291
1377759600 0 210 0 243
1377759300 0 242 0 243
1377759000 0 222 0 237
1377758700 0 237 0 268
1377758400 0 267 0 268
1377758100 0 230 0 240
1377757800 0 239 0 240
1377757500 0 219 0 227
1377757200 0 227 0 278
1377756900 0 277 0 278
1377756600 0 226 0 238
1377756300 0 237 0 238
1377756000 0 224 0 229
1377755700 0 229 0 233
1377755400 0 233 0 271
1377755100 0 270 0 271
1377754800 0 243 0 244
1377754500 0 235 0 236
1377754200 0 231 0 232
1377753900 0 229 0 259
1377753600 0 258 0 259
1377753300 0 229 0 250
1377753000 0 249 0 250
1377752700 0 229 0 230
1377752400 0 222 0 278
1377752100 0 277 0 278
1377751800 0 237 0 238
1377751500 0 228 0 229
1377751200 0 225 0 235
1377750900 0 235 0 274
1377750600 0 273 0 274
1377750300 0 246 0 247
1377750000 0 213 0 257
1377749700 0 256 0 257
1377749400 0 233 0 251
1377749100 0 251 0 265
1377748800 0 264 0 265
1377748500 0 227 0 235
1377748200 0 235 0 240
1377747900 0 239 0 240
1377747600 0 225 0 269
1377747300 0 268 0 269
1377747000 0 234 0 245
1377746700 0 244 0 245
1377746400 0 221 0 249
1377746100 0 249 0 286
1377745800 0 285 0 286
1377745500 0 230 0 231
1377745200 0 231 0 231
1377744900 0 230 0 231
1377744600 0 229 0 233
1377744300 0 233 0 273
1377744000 0 272 0 273
1377743700 0 225 0 243
1377743400 0 242 0 243
1377743100 0 230 0 234
1377742800 0 234 0 284
1377742500 0 283 0 284
1377742200 0 246 0 256
1377741900 0 255 0 256
1377741600 0 222 0 241
1377741300 0 241 0 280
1377741000 0 279 0 280
1377740700 0 245 0 246
1377740400 0 216 0 238
1377740100 0 238 0 246
1377739800 0 245 0 246
1377739500 0 241 0 269
1377739200 0 268 0 269
1377738900 0 247 0 268
1377738600 0 267 0 268
1377738300 0 237 0 238
1377738000 0 233 0 295
1377737700 0 294 0 295
1377737400 0 217 0 258
1377737100 0 257 0 258
1377736800 0 223 0 246
1377736500 0 246 0 275
1377736200 0 274 0 275
1377735900 0 243 0 244
1377735600 0 227 0 244
1377735300 0 243 0 244
1377735000 0 242 0 287
1377734700 0 287 0 299
1377734400 0 298 0 299
1377734100 0 278 0 279
1377733800 0 270 0 273
1377733500 0 273 0 273
1377733200 0 273 0 314
1377732900 0 313 0 314
1377732600 0 276 0 277
1377732300 0 273 0 278
1377732000 0 278 0 292
1377731700 0 292 0 346
1377731400 0 345 0 346
1377731100 0 285 0 286
1377730800 0 285 0 324
1377730500 0 323 0 324
1377730200 0 310 0 325
1377729900 0 325 0 442
1377729600 0 441 0 442
1377729300 0 294 0 360
1377729000 0 360 0 372
1377728700 0 371 0 372
1377728400 0 353 0 469
1377728100 0 468 0 469
1377727800 0 407 0 408
1377727500 0 383 0 384
1377727200 0 381 0 553
1377726900 0 552 0 553
1377726600 0 505 0 506
1377726300 0 371 0 463
1377726000 1 464 213 639
1377725700 214 641 453 1034
1377725400 456 1033 1050 1034
1377725100 1047 966 1050 1115
1377724800 682 1114 683 1115
1377724500 396 881 726 1174
1377724200 725 1173 726 1174
1377723900 638 1179 643 2723
1377723600 700 5989 9325 492633
1377723300 9305 491431 9325 492633
1377723000 3494 131850 3501 132109
1377722700 1575 54222 1581 54548
1377722400 813 5696 814 5717
1377722100 776 2577 777 2583
1377721800 537 1066 917 1327
1377721500 916 1388 917 10579
1377721200 909 10596 2898 13191
1377720900 2882 13110 2898 13191
1377720600 508 1094 509 1096
1377720300 431 895 485 946
1377720000 485 946 673 1175
1377719700 671 1173 673 1175
1377719400 330 768 509 893
1377719100 510 894 773 1168
1377718800 770 1166 773 1168
1377718500 396 933 1142 1785
1377718200 1140 1813 1142 10460
1377717900 721 10575 1245 45233
1377717600 1246 45177 1749 45233
1377717300 1748 28456 1749 29167
1377717000 1630 29233 1910 49040
1377716700 1902 48854 1910 49040
1377716400 796 21235 1205 28462
1377716100 1205 28362 1351 28462
1377715800 1360 13534 2734 13565
1377715500 2722 9104 2734 28978
1377715200 1083 29252 1719 70157
1377714900 1717 69978 1719 70157
1377714600 1472 43323 1474 45298
1377714300 1142 45068 1145 45298
1377714000 730 11243 2494 107642
1377713700 2483 107081 2494 107642
1377713400 917 23774 2029 72035
1377713100 2021 71563 2029 72035
1377712800 963 1236 965 1237
1377712500 630 1022 632 1023
1377712200 326 880 474 881
1377711900 474 746 478 775
1377711600 477 774 478 775
1377711300 426 791 606 4034
1377711000 605 4013 606 4034
1377710700 508 1124 1875 62760
1377710400 1884 62850 4602 89865
1377710100 4597 89516 4602 89865
1377709800 3933 37398 3949 37624
1377709500 1652 3900 1771 19341
1377709200 1824 22051 17870 832567
1377708900 17808 828847 17870 832567
1377708600 8807 281891 38228 1369782
1377708300 38238 1369741 39800 1369782
1377708000 39559 1354739 39800 1363736
1377707700 3643 14099 3667 14190
1377707400 73 601 87 602
1377707100 86 541 87 542
1377706800 0 424 0 475
1377706500 0 475 0 480
1377706200 0 480 0 482
1377705900 0 482 0 482
1377705600 0 481 0 482
1377705300 0 474 0 475
1377705000 0 383 0 489
1377704700 0 489 0 620
1377704400 0 619 0 620
1377704100 0 542 0 543
1377703800 0 433 0 442
1377703500 0 441 0 442
1377703200 0 384 0 504
1377702900 0 504 0 616
1377702600 0 616 0 618
1377702300 0 617 0 618
1377702000 0 471 0 485
1377701700 0 484 0 485
1377701400 0 371 0 572
1377701100 0 571 0 572
1377700800 0 552 0 587
1377700500 0 586 0 587
1377700200 0 419 0 420
1377699900 0 402 0 403
1377699600 0 401 0 434
1377699300 0 434 0 499
1377699000 0 498 0 499
1377698700 0 416 0 417
1377698400 0 361 0 399
1377698100 0 399 0 481
1377697800 0 479 0 481
1377697500 0 319 0 470
1377697200 0 469 0 470
1377696900 0 442 0 443
1377696600 0 396 0 513
1377696300 0 512 0 513
1377696000 0 448 0 449
1377695700 0 406 0 407
1377695400 0 408 0 559
1377695100 0 558 0 559
1377694800 0 482 0 500
1377694500 0 499 0 500
1377694200 0 384 0 385
1377693900 0 318 0 474
1377693600 0 473 0 474
1377693300 0 355 0 356
1377693000 0 352 0 363
1377692700 0 362 0 363
1377692400 0 359 0 360
1377692100 0 288 0 411
1377691800 0 411 0 417
1377691500 0 416 0 417
1377691200 70 2830 21217 753728
1377690900 21351 758004 41367 1395224
1377690600 41350 1394991 41367 1395224
1377690300 38843 1360315 39215 1360315
1377690000 39224 1360577 40570 1399663
1377689700 40567 1399367 40570 1399663
1377689400 39602 1302176 39868 1310913
1377689100 0 438 1 604
1377688800 0 602 0 604
1377688500 0 254 0 346
1377688200 0 345 0 346
1377687900 0 286 0 286
1377687600 0 286 0 330
1377687300 0 329 0 330
1377687000 0 308 0 310
1377686700 0 309 0 310
1377686400 0 281 0 297
1377686100 0 296 0 297
1377685800 0 281 0 282
1377685500 0 281 0 342
1377685200 0 341 0 342
1377684900 0 299 0 311
1377684600 0 310 0 311
1377684300 0 304 0 305
1377684000 0 275 0 276
1377683700 0 270 0 336
1377683400 0 335 0 336
1377683100 0 253 0 300
1377682800 0 299 0 300
1377682500 0 273 0 313
1377682200 0 312 0 313
1377681900 0 311 0 312
1377681600 0 305 0 306
1377681300 0 269 0 298
1377681000 0 297 0 298
1377680700 0 266 0 357
1377680400 0 356 0 357
1377680100 0 286 0 291
1377679800 0 290 0 291
1377679500 0 278 0 294
1377679200 0 293 0 294
1377678900 0 264 0 325
1377678600 0 324 0 325
1377678300 0 303 0 304
1377678000 0 294 0 295
1377677700 0 286 0 306
1377677400 0 306 0 325
1377677100 0 324 0 325
1377676800 0 275 0 276
1377676500 0 276 0 288
1377676200 0 287 0 288
1377675900 0 280 0 351
1377675600 0 350 0 351
1377675300 0 274 0 278
1377675000 0 278 0 298
1377674700 0 297 0 298
1377674400 0 283 0 287
1377674100 0 287 0 345
1377673800 0 344 0 345
1377673500 0 290 0 295
1377673200 0 294 0 295
1377672900 0 271 0 286
1377672600 0 286 0 308
1377672300 0 307 0 308
1377672000 0 298 0 299
1377671700 0 279 0 286
1377671400 0 285 0 286
1377671100 0 284 0 316
1377670800 0 315 0 316
1377670500 0 282 0 288
1377670200 0 287 0 288
1377669900 0 275 0 276
1377669600 0 276 0 343
1377669300 0 342 0 343
1377669000 0 289 0 290
1377668700 0 288 0 289
1377668400 0 281 0 282
1377668100 0 274 0 278
1377667800 0 278 0 339
1377667500 0 338 0 339
1377667200 0 286 0 286
1377666900 0 286 0 301
1377666600 0 300 0 301
1377666300 0 286 0 329
1377666000 0 328 0 329
1377665700 0 284 0 300
1377665400 0 299 0 300
1377665100 0 268 0 281
1377664800 0 281 0 319
1377664500 0 318 0 319
1377664200 0 267 0 268
1377663900 0 264 0 288
1377663600 0 287 0 288
1377663300 0 246 0 273
1377663000 0 273 0 305
1377662700 0 304 0 305
1377662400 0 292 0 293
1377662100 0 255 0 286
1377661800 0 285 0 286
1377661500 0 275 0 324
1377661200 0 323 0 324
1377660900 0 270 0 281
1377660600 0 280 0 281
1377660300 0 274 0 330
1377660000 0 329 0 330
1377659700 0 309 0 310
1377659400 0 285 0 286
1377659100 0 281 0 292
1377658800 0 291 0 292
1377658500 0 285 0 287
1377658200 0 287 0 323
1377657900 0 322 0 323
1377657600 0 289 0 290
1377657300 0 265 0 271
1377657000 0 270 0 271
1377656700 0 238 0 335
1377656400 0 334 0 335
1377656100 0 262 0 285
1377655800 0 285 0 290
1377655500 0 289 0 290
1377655200 0 281 0 307
1377654900 0 306 0 307
1377654600 0 291 0 292
1377654300 0 268 0 288
1377654000 0 287 0 288
1377653700 0 286 0 350
1377653400 0 349 0 350
1377653100 0 328 0 328
1377652800 0 328 0 329
1377652500 0 329 0 345
1377652200 0 344 0 345
1377651900 0 329 0 375
1377651600 0 374 0 375
1377651300 0 322 0 360
1377651000 0 359 0 360
1377650700 0 347 0 348
1377650400 0 334 0 348
1377650100 0 347 0 348
1377649800 0 340 0 341
1377649500 0 318 0 380
1377649200 0 379 0 380
1377648900 0 365 0 372
1377648600 0 372 0 434
1377648300 0 433 0 434
1377648000 0 351 0 378
1377647700 0 377 0 378
1377647400 0 356 0 357
1377647100 0 341 0 397
1377646800 0 396 0 397
1377646500 0 351 0 412
1377646200 0 411 0 412
1377645900 0 357 0 372
1377645600 0 372 0 409
1377645300 0 408 0 409
1377645000 0 375 0 376
1377644700 0 372 0 416
1377644400 0 415 0 416
1377644100 0 359 0 469
1377643800 0 468 0 469
1377643500 0 368 0 370
1377643200 0 370 0 384
1377642900 0 384 0 414
1377642600 0 413 0 414
1377642300 0 346 0 450
1377642000 0 449 0 450
1377641700 0 377 0 472
1377641400 0 471 0 472
1377641100 0 458 0 459
1377640800 0 434 0 435
1377640500 0 435 0 478
1377640200 0 478 0 521
1377639900 0 521 0 586
1377639600 0 585 0 586
1377639300 0 460 0 577
1377639000 0 576 0 577
1377638700 0 509 0 510
1377638400 0 486 0 583
1377638100 0 582 0 583
1377637800 0 535 0 536
1377637500 0 478 0 586
1377637200 0 585 0 586
1377636900 0 564 0 565
1377636600 0 519 0 525
1377636300 0 525 0 573
1377636000 0 572 0 573
1377635700 0 519 0 562
1377635400 0 562 0 579
1377635100 0 578 0 579
1377634800 0 513 0 555
1377634500 0 555 0 578
1377634200 0 577 0 578
1377633900 0 463 0 518
1377633600 0 518 0 565
1377633300 0 564 0 565
1377633000 0 486 0 522
1377632700 0 522 0 563
1377632400 0 562 0 563
1377632100 0 522 0 570
1377631800 0 569 0 570
1377631500 0 562 0 563
1377631200 0 500 0 522
1377630900 0 522 0 523
1377630600 0 523 0 555
1377630300 0 554 0 555
1377630000 0 505 0 530
1377629700 0 530 0 564
1377629400 0 563 0 564
1377629100 0 468 0 534
1377628800 0 534 0 553
1377628500 0 552 0 553
1377628200 0 466 0 514
1377627900 0 514 0 569
1377627600 0 568 0 569
1377627300 0 515 0 555
1377627000 0 554 0 555
1377626700 0 508 0 509
1377626400 0 458 0 542
1377626100 0 541 0 542
1377625800 0 511 0 626
1377624600 0 426 0 465
1377622800 0 518 0 624
1377621000 0 522 0 574
1377619200 0 511 0 619
1377617400 0 532 0 619
1377615600 0 581 0 848
1377613800 0 617 0 847
1377612000 0 594 0 688
1377610200 0 562 0 805
1377608400 0 502 0 805
1377606600 0 457 0 523
1377604800 0 429 0 647
1377603000 0 317 0 397
1377601200 0 331 0 396
1377599400 0 309 0 375
1377597600 0 308 0 342
1377595800 0 335 0 413
1377594000 0 325 0 370
1377592200 0 322 0 362
1377590400 0 320 0 353
1377588600 0 309 0 329
1377586800 0 297 0 321
1377585000 0 319 0 360
1377583200 0 315 0 335
1377581400 0 338 0 383
1377579600 0 316 0 335
1377577800 0 311 0 379
1377576000 0 311 0 344
1377574200 0 329 0 360
1377572400 0 332 0 412
1377570600 0 336 0 374
1377568800 0 312 0 374
1377567000 0 323 0 373
1377565200 0 326 0 394
1377563400 0 364 0 438
1377561600 0 383 0 430
1377559800 0 380 0 399
1377558000 0 384 0 454
1377556200 0 433 0 524
1377554400 0 564 0 626
1377552600 0 571 0 728
1377550800 0 561 0 633
1377549000 0 550 0 613
1377547200 0 532 0 573
1377545400 0 532 0 605
1377543600 0 599 0 632
1377541800 0 588 0 661
1377540000 0 594 0 661
1377538200 0 561 0 623
1377536400 0 574 0 673
1377534600 0 577 0 779
1377532800 0 613 0 839
1377531000 0 554 0 619
1377529200 0 589 0 670
1377527400 0 472 0 515
1377525600 0 494 0 605
1377523800 0 546 0 642
1377522000 0 484 0 585
1377520200 0 395 0 462
1377518400 0 417 0 660
1377516600 0 246 0 278
1377514800 0 238 0 296
1377513000 0 250 0 293
1377511200 0 238 0 271
1377509400 0 242 0 293
1377507600 0 236 0 299
1377505800 0 241 0 265
1377504000 0 242 0 288
1377502200 0 246 0 293
1377500400 0 242 0 283
1377498600 0 245 0 293
1377496800 0 241 0 270
1377495000 0 242 0 275
1377493200 0 243 0 275
1377491400 0 242 0 277
1377489600 0 239 0 276
1377487800 0 232 0 290
1377486000 0 239 0 275
1377484200 0 252 0 291
1377482400 0 238 0 286
1377480600 0 246 0 289
1377478800 0 240 0 295
1377477000 0 240 0 268
1377475200 0 241 0 261
1377473400 0 242 0 288
1377471600 0 236 0 280
1377469800 0 244 0 280
1377468000 0 239 0 280
1377466200 0 241 0 274
1377464400 0 236 0 286
1377462600 0 234 0 272
1377460800 0 237 0 255
1377459000 0 238 0 287
1377457200 0 242 0 272
1377455400 0 237 0 290
1377453600 0 230 0 255
1377451800 0 237 0 267
1377450000 0 231 0 273
1377448200 0 236 0 271
1377446400 0 236 0 268
1377444600 0 234 0 284
1377442800 0 244 0 289
1377441000 0 236 0 286
1377439200 0 234 0 259
1377437400 0 236 0 264
1377435600 0 237 0 266
1377433800 0 236 0 284
1377432000 0 236 0 265
1377430200 0 243 0 269
1377428400 0 246 0 270
1377426600 0 243 0 272
1377424800 0 236 0 270
1377423000 0 241 0 279
1377421200 0 240 0 275
1377419400 0 240 0 266
1377417600 0 240 0 273
1377415800 0 247 0 273
1377414000 0 246 0 288
1377412200 0 238 0 273
1377410400 0 244 0 273
1377408600 0 244 0 270
1377406800 0 241 0 282
1377405000 0 246 0 290
1377403200 0 237 0 273
1377401400 0 248 0 284
1377399600 0 239 0 272
1377397800 0 242 0 266
1377396000 0 241 0 290
1377394200 0 239 0 283
1377392400 0 236 0 262
1377390600 0 245 0 283
1377388800 0 260 0 300
1377387000 0 259 0 279
1377385200 0 252 0 286
1377383400 0 252 0 285
1377381600 0 258 0 298
1377379800 0 250 0 331
1377378000 0 254 0 279
1377376200 0 281 0 305
1377374400 0 256 0 295
1377372600 0 255 0 293
1377370800 0 266 0 410
1377369000 0 250 0 297
1377367200 0 267 0 349
1377365400 0 238 0 287
1377363600 0 237 0 272
1377361800 0 237 0 301
1377360000 0 237 0 301
1377358200 0 238 0 272
1377356400 0 238 0 287
1377354600 0 238 0 283
1377352800 0 237 0 275
1377351000 0 237 0 292
1377349200 0 233 0 266
1377347400 0 238 0 293
1377345600 0 250 0 293
1377343800 0 242 0 280
1377342000 0 245 0 284
1377340200 0 241 0 256
1377338400 0 250 0 281
1377336600 0 245 0 297
1377334800 0 250 0 269
1377333000 0 249 0 292
1377331200 0 256 0 292
1377329400 0 250 0 271
1377327600 0 248 0 283
1377325800 0 251 0 269
1377324000 0 247 0 265
1377322200 0 244 0 303
1377320400 0 246 0 284
1377318600 0 248 0 290
1377316800 0 258 0 290
1377315000 0 249 0 279
1377313200 0 249 0 272
1377311400 0 245 0 293
1377309600 0 252 0 273
1377307800 0 247 0 283
1377306000 0 272 0 313
1377304200 0 278 0 413
1377302400 0 316 0 413
1377300600 0 312 0 401
1377298800 0 377 0 427
1377297000 0 379 0 431
1377295200 0 390 0 484
1377293400 0 384 0 423
1377291600 0 536 0 685
1377289800 0 572 0 635
1377288000 0 542 0 592
1377286200 0 536 0 581
1377284400 0 551 0 631
1377282600 0 550 0 663
1377280800 0 420 0 454
1377279000 0 453 0 516
1377277200 0 399 0 444
1377275400 0 415 0 463
1377273600 0 505 0 583
1377271800 0 558 0 610
1377270000 0 567 0 700
1377268200 0 527 0 587
1377266400 0 583 0 768
1377264600 0 469 0 530
1377262800 0 504 0 709
1377261000 0 479 0 788
1377259200 0 435 0 788
1377257400 0 285 0 323
1377255600 0 286 0 329
1377253800 0 285 0 326
1377252000 0 283 0 305
1377250200 0 284 0 326
1377248400 0 289 0 326
1377246600 0 286 0 333
1377244800 0 283 0 313
1377243000 0 286 0 320
1377241200 0 280 0 319
1377239400 0 283 0 317
1377237600 0 281 0 316
1377235800 0 285 0 326
1377234000 0 294 0 332
1377232200 0 284 0 329
1377230400 0 284 0 318
1377228600 0 288 0 342
1377226800 0 282 0 342
1377225000 0 281 0 317
1377223200 0 283 0 336
1377221400 0 290 0 347
1377219600 0 314 0 347
1377217800 0 320 0 350
1377216000 0 344 0 382
1377214200 0 351 0 461
1377212400 0 398 0 436
1377210600 0 490 0 563
1377208800 0 546 0 689
1377207000 0 563 0 619
1377205200 0 560 0 664
1377203400 0 572 0 666
1377201600 0 569 0 666
1377199800 0 565 0 649
1377198000 0 568 0 680
1377196200 0 655 0 791
1377194400 0 563 0 607
1377192600 0 574 0 699
1377190800 0 575 0 716
1377189000 0 574 0 646
1377187200 0 596 0 682
1377185400 0 588 0 635
1377183600 0 592 0 692
1377181800 0 575 0 690
1377180000 0 563 0 621
1377178200 0 546 0 715
1377176400 0 508 0 547
1377174600 0 422 0 541
1377172800 0 416 0 674
1377171000 0 281 0 300
1377169200 0 289 0 312
1377167400 0 285 0 326
1377165600 0 284 0 326
1377163800 0 293 0 322
1377162000 0 289 0 302
1377160200 0 280 0 325
1377158400 0 281 0 304
1377156600 0 277 0 304
1377154800 0 281 0 316
1377153000 0 281 0 321
1377151200 0 279 0 325
1377149400 0 290 0 325
1377147600 0 281 0 303
1377145800 0 284 0 331
1377144000 0 280 0 323
1377142200 0 283 0 309
1377140400 0 279 0 315
1377138600 0 287 0 320
1377136800 0 288 0 317
1377135000 0 282 0 331
1377133200 0 301 0 366
1377131400 0 329 0 362
1377129600 0 335 0 389
1377127800 0 363 0 404
1377126000 0 377 0 502
1377124200 0 464 0 501
1377122400 0 507 0 588
1377120600 0 510 0 587
1377118800 0 533 0 600
1377117000 0 558 0 641
1377115200 0 501 0 555
1377113400 0 511 0 572
1377111600 0 542 0 638
1377109800 0 522 0 638
1377108000 0 521 0 591
1377106200 0 430 0 586
1377104400 0 532 0 620
1377102600 0 540 0 672
1377100800 0 523 0 568
1377099000 0 539 0 611
1377097200 0 574 0 848
1377095400 0 481 0 675
1377093600 0 552 0 675
1377091800 0 511 0 757
1377090000 0 543 0 757
1377088200 0 429 0 581
1377086400 0 384 0 586
1377084600 0 284 0 326
1377082800 0 284 0 350
1377081000 0 288 0 329
1377079200 0 279 0 347
1377077400 0 291 0 350
1377075600 0 280 0 334
1377073800 0 278 0 310
1377072000 0 276 0 318
1377070200 0 282 0 321
1377068400 0 287 0 336
1377066600 0 300 0 378
1377064800 0 287 0 322
1377063000 0 287 0 320
1377061200 0 294 0 334
1377059400 0 294 0 342
1377057600 0 299 0 331
1377055800 0 285 0 332
1377054000 0 285 0 332
1377052200 0 289 0 322
1377050400 0 306 0 344
1377048600 0 278 0 326
1377046800 0 303 0 334
1377045000 0 342 0 407
1377043200 0 368 0 416
1377041400 0 356 0 423
1377039600 0 472 0 525
1377037800 0 479 0 601
1377036000 0 524 0 619
1377034200 0 534 0 653
1377032400 0 545 0 725
1377030600 0 496 0 569
1377028800 0 484 0 583
1377027000 0 476 0 594
1377025200 0 514 0 635
1377023400 0 491 0 524
1377021600 0 496 0 619
1377019800 0 504 0 619
1377018000 0 468 0 533
1377016200 0 485 0 533
1377014400 0 490 0 594
1377012600 0 521 0 594
1377010800 0 521 0 670
1377009000 0 519 0 670
1377007200 0 534 0 817
1377005400 0 652 0 773
1377003600 0 481 0 596
1377001800 0 367 0 408
1377000000 0 428 0 589
1376998200 0 308 0 445
1376996400 0 317 0 465
1376994600 0 251 0 304
1376992800 0 252 0 287
1376991000 0 253 0 289
1376989200 0 247 0 275
1376987400 0 253 0 295
1376985600 0 248 0 309
1376983800 0 268 0 309
1376982000 0 249 0 277
1376980200 0 256 0 289
1376978400 0 249 0 283
1376976600 0 254 0 305
1376974800 0 255 0 295
1376973000 0 252 0 284
1376971200 0 247 0 293
1376969400 0 258 0 285
1376967600 0 247 0 281
1376965800 0 260 0 298
1376964000 0 253 0 282
1376962200 0 256 0 284
1376960400 0 260 0 308
1376958600 0 263 0 301
1376956800 0 263 0 322
1376955000 0 311 0 327
1376953200 0 314 0 370
1376951400 0 330 0 367
1376949600 0 347 0 429
1376947800 0 425 0 500
1376946000 0 427 0 463
1376944200 0 407 0 458
1376942400 0 412 0 458
1376940600 0 400 0 442
1376938800 0 405 0 494
1376937000 0 490 0 688
1376935200 0 376 0 467
1376933400 0 431 0 513
1376931600 0 498 0 722
1376929800 0 482 0 620
1376928000 0 474 0 586
1376926200 0 472 0 571
1376924400 0 399 0 529
1376922600 0 399 0 488
1376920800 0 371 0 626
1376919000 0 510 0 626
1376917200 0 478 0 574
1376915400 0 427 0 863
1376913600 0 389 0 863
1376911800 0 251 0 308
1376910000 0 250 0 286
1376908200 0 256 0 296
1376906400 0 250 0 305
1376904600 0 254 0 289
1376902800 0 250 0 286
1376901000 0 254 0 286
1376899200 0 256 0 289
1376897400 0 256 0 281
1376895600 0 250 0 285
1376893800 0 255 0 284
1376892000 0 251 0 274
1376890200 0 255 0 287
1376888400 0 255 0 309
1376886600 0 256 0 291
1376884800 0 258 0 291
1376883000 0 257 0 287
1376881200 0 249 0 281
1376879400 0 262 0 301
1376877600 0 250 0 286
1376875800 0 255 0 303
1376874000 0 251 0 286
1376872200 0 262 0 305
1376870400 0 247 0 278
1376868600 0 254 0 290
1376866800 0 250 0 277
1376865000 0 257 0 291
1376863200 0 249 0 306
1376861400 0 253 0 284
1376859600 0 253 0 302
1376857800 0 265 0 302
1376856000 0 252 0 291
1376854200 0 255 0 284
1376852400 0 252 0 304
1376850600 0 254 0 267
1376848800 0 256 0 315
1376847000 0 254 0 296
1376845200 0 255 0 296
1376843400 0 258 0 278
1376841600 0 254 0 288
1376839800 0 254 0 297
1376838000 0 256 0 284
1376836200 0 256 0 297
1376834400 0 250 0 286
1376832600 0 257 0 293
1376830800 0 252 0 291
1376829000 0 260 0 291
1376827200 0 252 0 284
1376825400 0 255 0 271
1376823600 0 249 0 279
1376821800 0 254 0 289
1376820000 0 251 0 268
1376818200 0 255 0 308
1376816400 0 260 0 308
1376814600 0 258 0 296
1376812800 0 253 0 268
1376811000 0 258 0 288
1376809200 0 249 0 301
1376807400 0 262 0 290
1376805600 0 255 0 308
1376803800 0 254 0 305
1376802000 0 260 0 296
1376800200 0 256 0 296
1376798400 0 251 0 282
1376796600 0 253 0 274
1376794800 0 250 0 298
1376793000 0 259 0 283
1376791200 0 254 0 313
1376789400 0 253 0 278
1376787600 0 260 0 307
1376785800 0 268 0 335
1376784000 0 271 0 333
1376782200 0 270 0 351
1376780400 0 264 0 331
1376778600 0 273 0 305
1376776800 0 266 0 347
1376775000 0 278 0 341
1376773200 0 301 0 473
1376771400 0 276 0 301
1376769600 0 271 0 319
1376767800 0 270 0 313
1376766000 0 272 0 309
1376764200 0 286 0 345
1376762400 0 273 0 319
1376760600 0 279 0 311
1376758800 0 269 0 314
1376757000 0 284 0 318
1376755200 0 273 0 309
1376753400 0 300 0 489
1376751600 0 255 0 293
1376749800 0 265 0 301
1376748000 0 260 0 309
1376746200 0 268 0 321
1376744400 0 259 0 271
1376742600 0 257 0 285
1376740800 0 259 0 282
1376739000 0 259 0 303
1376737200 0 254 0 294
1376735400 0 261 0 302
1376733600 0 256 0 298
1376731800 0 265 0 289
1376730000 0 266 0 310
1376728200 0 255 0 291
1376726400 0 256 0 301
1376724600 0 265 0 306
1376722800 0 263 0 292
1376721000 0 253 0 315
1376719200 0 261 0 315
1376717400 0 267 0 286
1376715600 0 260 0 314
1376713800 0 259 0 287
1376712000 0 258 0 290
1376710200 0 261 0 309
1376708400 0 259 0 288
1376706600 0 263 0 300
1376704800 0 269 0 297
1376703000 0 261 0 293
1376701200 0 274 0 323
1376699400 0 292 0 343
1376697600 0 292 0 332
1376695800 0 301 0 353
1376694000 0 374 0 497
1376692200 0 492 0 565
1376690400 0 527 0 635
1376688600 0 507 0 568
1376686800 0 493 0 526
1376685000 0 505 0 642
1376683200 0 562 0 642
1376681400 0 559 0 649
1376679600 0 554 0 598
1376677800 0 551 0 683
1376676000 0 563 0 615
1376674200 0 462 0 583
1376672400 0 536 0 620
1376670600 0 565 0 639
1376668800 0 536 0 611
1376667000 0 539 0 628
1376665200 0 532 0 605
1376663400 0 546 0 605
1376661600 0 591 0 732
1376659800 0 535 0 742
1376658000 0 464 0 539
1376656200 0 471 0 870
1376654400 0 457 0 870
1376652600 0 295 0 338
1376650800 0 288 0 351
1376649000 0 302 0 360
1376647200 0 283 0 331
1376645400 0 289 0 351
1376643600 0 291 0 320
1376641800 0 293 0 322
1376640000 0 291 0 333
1376638200 0 289 0 353
1376636400 0 294 0 360
1376634600 0 299 0 360
1376632800 0 291 0 319
1376631000 0 291 0 307
1376629200 0 294 0 344
1376627400 0 292 0 320
1376625600 0 292 0 320
1376623800 0 295 0 366
1376622000 0 293 0 358
1376620200 0 306 0 362
1376618400 0 324 0 387
1376616600 0 307 0 356
1376614800 0 311 0 326
1376613000 0 342 0 478
1376611200 0 352 0 412
1376609400 0 383 0 461
1376607600 0 429 0 490
1376605800 0 456 0 559
1376604000 0 526 0 594
1376602200 0 515 0 667
1376600400 0 559 0 778
1376598600 0 512 0 568
1376596800 0 549 0 642
1376595000 0 594 0 677
1376593200 0 493 0 517
1376591400 100 614 709 12724
1376589600 1457 7247 2685 12724
1376587800 1070 5219 2771 15728
1376586000 0 468 0 506
1376584200 32 517 912 1526
1376582400 1413 12422 1727 32481
1376580600 1130 5418 2872 14918
1376578800 669 4344 2264 11453
1376577000 2971 7860 6534 11666
1376575200 729 1714 1173 3240
1376573400 1008 4916 2018 16478
1376571600 1155 2310 3400 8458
1376569800 2362 6278 11590 33744
1376568000 24166 18256 118649 33744
1376566200 35325 11980 205668 51192
1376564400 0 288 0 351
1376562600 0 289 0 333
1376560800 0 282 0 342
1376559000 0 283 0 369
1376557200 0 287 0 323
1376555400 0 282 0 356
1376553600 0 286 0 351
1376551800 0 302 0 344
1376550000 0 282 0 343
1376548200 0 287 0 346
1376546400 0 287 0 316
1376544600 0 284 0 352
1376539200 0 285 0 359
1376532000 0 309 0 386
1376524800 0 363 0 490
1376517600 810 11427 2192 51938
1376510400 1274 6410 4227 36777
1376503200 2397 8480 8039 48566
1376496000 2275 22461 8746 241558
1376488800 365 1529 1730 12245
1376481600 0 401 0 877
1376474400 0 328 0 400
1376467200 0 339 0 459
1376460000 0 331 0 412
1376452800 0 335 0 395
1376445600 0 374 0 584
1376438400 0 440 0 764
1376431200 1018 10389 6512 185155
1376424000 684 5432 1859 41019
1376416800 0 641 0 2115
1376409600 0 620 0 866
1376402400 0 503 0 924
1376395200 0 326 0 715
1376388000 0 307 0 377
1376380800 0 306 0 375
1376373600 0 308 0 374
1376366400 0 315 0 369
1376359200 0 335 0 422
1376352000 0 408 0 514
1376344800 0 560 0 761
1376337600 0 593 0 815
1376330400 0 603 0 737
1376323200 0 610 0 840
1376316000 0 456 0 742
1376308800 0 296 0 360
1376301600 0 291 0 362
1376294400 0 295 0 356
1376287200 0 295 0 364
1376280000 0 291 0 355
1376272800 0 292 0 352
1376265600 0 293 0 359
1376258400 0 296 0 358
1376251200 0 294 0 369
1376244000 0 291 0 365
1376236800 0 291 0 365
1376229600 0 294 0 378
1376222400 0 298 0 359
1376215200 0 295 0 377
1376208000 0 296 0 356
1376200800 0 303 0 372
1376193600 0 302 0 369
1376186400 0 305 0 356
1376179200 0 316 0 383
1376172000 0 322 0 432
1376164800 0 329 0 413
1376157600 0 331 0 417
1376150400 0 327 0 527
1376143200 0 309 0 367
1376136000 0 301 0 363
1376128800 0 299 0 371
1376121600 0 303 0 374
1376114400 0 300 0 357
1376107200 0 302 0 365
1376100000 0 333 0 431
1376092800 0 385 0 458
1376085600 0 505 0 601
1376078400 0 530 0 658
1376071200 0 506 0 680
1376064000 0 532 0 886
1376056800 0 436 0 886
1376049600 0 336 0 768
1376042400 0 309 0 381
1376035200 0 315 0 381
1376028000 0 317 0 389
1376020800 0 313 0 360
1376013600 0 340 0 411
1376006400 0 386 0 486
1375999200 0 538 0 634
1375992000 0 586 0 778
1375984800 0 528 0 687
1375977600 0 574 0 702
1375970400 0 511 0 749
1375963200 0 347 0 486
1375956000 0 325 0 396
1375948800 0 325 0 401
1375941600 0 324 0 419
1375934400 0 325 0 400
1375927200 0 357 0 420
1375920000 0 397 0 598
1375912800 0 594 0 779
1375905600 0 557 0 765
1375898400 0 564 0 705
1375891200 0 550 0 738
1375884000 0 569 0 1118
1375876800 0 309 0 373
1375869600 0 311 0 372
1375862400 0 305 0 370
1375855200 0 308 0 375
1375848000 0 306 0 368
1375840800 0 340 0 430
1375833600 0 385 0 571
1375826400 0 587 0 732
1375819200 394 2334 3113 32734
1375812000 2120 15162 7140 176813
1375804800 753 5691 3416 92954
1375797600 555 1298 3197 25839
1375790400 3447 106464 33090 1154845
1375783200 0 306 0 371
1375776000 0 307 0 376
1375768800 0 309 0 378
1375761600 0 310 0 390
1375754400 0 327 0 444
1375747200 0 383 0 576
1375740000 0 803 0 3568
1375732800 0 592 0 735
1375725600 0 498 0 610
1375718400 0 563 0 869
1375711200 0 548 0 1134
1375704000 0 237 0 282
1375696800 0 240 0 285
1375689600 0 237 0 284
1375682400 0 241 0 290
1375675200 0 225 0 270
1375668000 0 224 0 271
1375660800 0 223 0 265
1375653600 0 224 0 271
1375646400 0 222 0 273
1375639200 0 226 0 274
1375632000 0 227 0 276
1375624800 0 234 0 283
1375617600 0 236 0 276
1375610400 0 233 0 280
1375603200 0 237 0 284
1375596000 0 235 0 284
1375588800 0 234 0 284
1375581600 0 237 0 283
1375574400 0 239 0 293
1375567200 0 237 0 280
1375560000 0 233 0 273
1375552800 0 231 0 271
1375545600 0 240 0 287
1375538400 0 242 0 294
1375531200 0 254 0 307
1375524000 0 252 0 307
1375516800 0 254 0 305
1375509600 0 251 0 304
1375502400 0 249 0 297
1375495200 0 257 0 327
1375488000 0 303 0 448
1375480800 0 447 0 915
1375473600 0 470 0 915
1375466400 0 421 0 547
1375459200 0 425 0 543
1375452000 0 387 0 716
1375444800 0 255 0 297
1375437600 0 250 0 301
1375430400 0 270 0 319
1375423200 0 276 0 338
1375416000 0 271 0 331
1375408800 0 299 0 357
1375401600 0 342 0 473
1375394400 0 394 0 535
1375387200 0 408 0 540
1375380000 0 392 0 521
1375372800 0 435 0 611
1375365600 0 365 0 605
1375358400 0 263 0 307
1375351200 0 267 0 307
1375344000 0 262 0 305
1375336800 0 264 0 325
1375329600 0 262 0 328
1375322400 0 286 0 420
1375315200 0 350 0 405
1375308000 0 431 0 688
1375300800 0 442 0 670
1375293600 0 412 0 538
1375286400 0 419 0 611
1375279200 0 354 0 639
1375272000 0 271 0 311
1375264800 0 271 0 323
1375257600 0 270 0 314
1375250400 0 276 0 317
1375243200 0 272 0 320
1375236000 0 291 0 345
1375228800 0 343 0 490
1375221600 0 454 0 625
1375214400 0 443 0 715
1375207200 0 458 0 715
1375200000 0 432 0 597
1375192800 0 342 0 551
1375185600 0 258 0 310
1375178400 0 254 0 295
1375171200 0 256 0 302
1375164000 0 255 0 296
1375156800 0 261 0 312
1375149600 0 274 0 349
1375142400 0 337 0 454
1375135200 0 374 0 461
1375128000 0 411 0 504
1375120800 0 422 0 584
1375113600 0 431 0 756
1375106400 0 306 0 487
1375099200 0 225 0 349
1375092000 0 209 0 256
1375084800 0 213 0 271
1375077600 0 211 0 264
1375070400 0 213 0 262
1375063200 0 210 0 259
1375056000 0 213 0 268
1375048800 0 212 0 269
1375041600 0 212 0 260
1375034400 0 211 0 267
1375027200 0 213 0 258
1375020000 0 212 0 253
1375012800 0 212 0 266
1375005600 0 211 0 258
1374998400 0 212 0 249
1374991200 0 216 0 294
1374984000 0 209 0 252
1374976800 0 212 0 258
1374969600 0 217 0 258
1374962400 0 234 0 270
1374955200 0 233 0 363
1374948000 0 226 0 272
1374940800 0 227 0 302
1374933600 0 212 0 261
1374926400 0 210 0 256
1374919200 0 213 0 257
1374912000 0 210 0 254
1374904800 0 213 0 251
1374897600 0 211 0 259
1374890400 0 228 0 282
1374883200 0 278 0 423
1374876000 0 392 0 499
1374868800 0 392 0 443
1374861600 0 433 0 571
1374854400 0 415 0 636
1374847200 0 317 0 493
1374840000 0 234 0 282
1374832800 0 239 0 282
1374825600 0 237 0 279
1374818400 0 240 0 294
1374811200 0 236 0 283
1374804000 0 253 0 323
1374796800 0 313 0 412
1374789600 0 559 0 669
1374782400 0 562 0 778
1374775200 0 440 0 642
1374768000 0 450 0 617
1374760800 0 402 0 866
1374753600 0 367 0 607
1374746400 0 304 0 358
1374739200 0 301 0 365
1374732000 0 305 0 373
1374724800 0 307 0 355
1374717600 0 322 0 386
1374710400 0 376 0 600
1374703200 0 544 0 717
1374696000 0 575 0 885
1374688800 0 565 0 741
1374681600 0 599 0 900
1374674400 0 530 0 701
1374667200 0 347 0 825
1374660000 0 295 0 376
1374652800 0 296 0 374
1374645600 0 301 0 370
1374638400 0 301 0 355
1374631200 0 321 0 386
1374624000 0 404 0 837
1374616800 0 524 0 620
1374609600 0 505 0 715
1374602400 0 551 0 965
1374595200 0 536 0 652
1374588000 0 472 0 724
1374580800 0 281 0 347
1374573600 0 281 0 346
1374566400 0 278 0 329
1374559200 0 284 0 348
1374552000 0 283 0 347
1374544800 0 316 0 484
1374537600 0 339 0 463
1374530400 0 463 0 946
1374523200 0 445 0 665
1374516000 0 454 0 551
1374508800 0 458 0 894
1374501600 0 417 0 841
1374494400 0 238 0 841
1374487200 0 209 0 253
1374480000 0 210 0 265
1374472800 0 212 0 268
1374465600 0 210 0 264
1374458400 0 211 0 259
1374451200 0 210 0 245
1374444000 0 210 0 251
1374436800 0 208 0 257
1374429600 0 210 0 252
1374422400 0 210 0 263
1374415200 0 209 0 259
1374408000 0 209 0 250
1374400800 0 210 0 247
1374393600 0 209 0 265
1374386400 0 212 0 265
1374379200 0 208 0 256
1374372000 0 211 0 260
1374364800 0 206 0 249
1374357600 0 207 0 246
1374350400 0 210 0 255
1374343200 0 206 0 248
1374336000 0 212 0 257
1374328800 0 210 0 259
1374321600 0 211 0 252
1374314400 0 211 0 251
1374307200 0 213 0 264
1374300000 0 211 0 261
1374292800 0 214 0 247
1374285600 0 225 0 257
1374278400 0 336 0 465
1374271200 0 563 0 742
1374264000 0 587 0 779
1374256800 0 559 0 718
1374249600 0 628 0 826
1374242400 0 499 0 956
1374235200 0 324 0 400
1374228000 0 328 0 392
1374220800 0 326 0 400
1374213600 0 329 0 398
1374206400 0 330 0 405
1374199200 0 336 0 431
1374192000 0 412 0 804
1374184800 0 524 0 708
1374177600 0 524 0 656
1374170400 0 530 0 773
1374163200 0 520 0 701
1374156000 0 467 0 905
1374148800 0 314 0 379
1374141600 0 315 0 376
1374134400 0 314 0 381
1374127200 0 323 0 375
1374120000 0 333 0 445
1374112800 0 329 0 404
1374105600 0 392 0 538
1374098400 0 525 0 633
1374091200 0 588 0 795
1374084000 0 582 0 813
1374076800 0 614 0 950
1374069600 0 506 0 741
1374062400 0 356 0 623
1374055200 0 300 0 369
1374048000 0 296 0 369
1374040800 0 300 0 369
1374033600 0 298 0 366
1374026400 0 312 0 388
1374019200 0 386 0 594
1374012000 0 563 0 864
1374004800 0 549 0 661
1373997600 0 529 0 662
1373990400 0 566 0 947
1373983200 0 482 0 733
1373976000 0 321 0 641
1373968800 0 290 0 359
1373961600 0 290 0 354
1373954400 0 294 0 354
1373947200 0 293 0 369
1373940000 0 318 0 392
1373932800 0 449 0 2149
1373925600 0 462 0 568
1373918400 0 454 0 589
1373911200 0 459 0 604
1373904000 0 499 0 858
1373896800 0 377 0 738
1373889600 0 219 0 430
1373882400 0 197 0 222
1373875200 0 196 0 222
1373868000 0 188 0 210
1373860800 0 194 0 218
1373853600 0 192 0 218
1373846400 0 194 0 212
1373839200 0 195 0 208
1373832000 0 195 0 208
1373824800 0 193 0 215
1373817600 0 190 0 208
1373810400 0 192 0 214
1373803200 0 191 0 206
1373796000 0 192 0 215
1373788800 0 192 0 215
1373781600 0 193 0 212
1373774400 0 191 0 215
1373767200 0 192 0 211
1373760000 0 193 0 215
1373752800 0 194 0 217
1373745600 0 192 0 212
1373738400 0 195 0 213
1373731200 0 194 0 215
1373724000 0 199 0 218
1373716800 0 197 0 220
1373709600 0 196 0 213
1373702400 0 198 0 214
1373695200 0 198 0 219
1373688000 0 212 0 278
1373680800 0 247 0 316
1373673600 0 285 0 380
1373666400 0 479 0 806
1373659200 0 532 0 806
1373652000 0 479 0 726
1373644800 0 569 0 913
1373637600 0 488 0 965
1373630400 0 299 0 370
1373623200 0 302 0 377
1373616000 0 306 0 397
1373608800 0 299 0 346
1373601600 0 298 0 361
1373594400 0 316 0 417
1373587200 0 366 0 534
1373580000 0 548 0 854
1373572800 0 504 0 633
1373565600 0 520 0 823
1373558400 0 577 0 714
1373551200 0 508 0 1039
1373544000 0 338 0 622
1373536800 0 293 0 355
1373529600 0 304 0 394
1373522400 0 301 0 368
1373515200 0 296 0 356
1373508000 0 329 0 387
1373500800 0 362 0 524
1373493600 0 519 0 735
1373486400 0 562 0 797
1373479200 0 537 0 620
1373472000 0 602 0 1005
1373464800 0 424 0 1134
1373457600 0 298 0 366
1373450400 0 303 0 361
1373443200 0 309 0 379
1373436000 0 299 0 377
1373428800 0 298 0 349
1373421600 0 326 0 401
1373414400 0 398 0 578
1373407200 0 493 0 626
1373400000 0 535 0 677
1373392800 0 517 0 680
1373385600 0 518 0 801
1373378400 0 407 0 610
1373371200 0 326 0 451
1373364000 0 294 0 394
1373356800 0 295 0 369
1373349600 0 296 0 392
1373342400 0 294 0 379
1373335200 0 321 0 397
1373328000 0 489 0 3200
1373320800 0 477 0 639
1373313600 0 456 0 597
1373306400 0 437 0 584
1373299200 0 421 0 567
1373292000 0 386 0 794
1373284800 0 271 0 577
1373277600 0 243 0 272
1373270400 0 239 0 278
1373263200 0 241 0 288
1373256000 0 245 0 300
1373248800 0 243 0 280
1373241600 0 245 0 289
1373234400 0 242 0 288
1373227200 0 242 0 284
1373220000 0 243 0 281
1373212800 0 245 0 284
1373205600 0 242 0 285
1373198400 0 244 0 292
1373191200 0 244 0 301
1373184000 0 244 0 284
1373176800 0 248 0 315
1373169600 0 245 0 280
1373162400 0 246 0 287
1373155200 0 246 0 284
1373148000 0 246 0 292
1373140800 0 250 0 286
1373133600 0 246 0 287
1373126400 0 246 0 281
1373119200 0 246 0 309
1373112000 0 248 0 283
1373104800 0 246 0 288
1373097600 0 247 0 289
1373090400 0 247 0 289
1373083200 0 249 0 280
1373076000 0 247 0 287
1373068800 0 245 0 279
1373061600 0 244 0 292
1373054400 0 244 0 282
1373047200 0 245 0 276
1373040000 0 246 0 288
1373032800 0 243 0 281
1373025600 0 244 0 280
1373018400 0 244 0 286
1373011200 0 249 0 281
1373004000 0 244 0 282
1372996800 0 244 0 282
1372989600 0 242 0 279
1372982400 0 240 0 287
1372975200 0 243 0 275
1372968000 0 245 0 283
1372960800 0 245 0 297
1372953600 0 258 0 304
1372946400 0 260 0 296
1372939200 0 256 0 311
1372932000 0 258 0 302
1372924800 0 256 0 301
1372917600 0 260 0 305
1372910400 0 264 0 298
1372903200 0 273 0 336
1372896000 0 321 0 369
1372888800 0 369 0 516
1372881600 0 681 0 889
1372874400 0 709 0 896
1372867200 0 722 0 1042
1372860000 0 584 0 821
1372852800 0 416 0 558
1372845600 0 414 0 536
1372838400 0 395 0 518
1372831200 0 405 0 509
1372824000 0 406 0 498
1372816800 0 418 0 526
1372809600 0 508 0 691
1372802400 0 593 0 694
1372795200 0 553 0 838
1372788000 0 544 0 719
1372780800 0 480 0 906
1372773600 0 408 0 619
1372766400 0 330 0 487
1372759200 0 324 0 388
1372752000 0 322 0 398
1372744800 0 326 0 399
1372737600 0 320 0 397
1372730400 0 354 0 430
1372723200 0 388 0 497
1372716000 0 470 0 548
1372708800 0 477 0 543
1372701600 0 467 0 633
1372694400 0 475 0 599
1372687200 0 433 0 630
1372680000 0 327 0 427
1372672800 0 317 0 392
1372665600 0 315 0 400
1372658400 0 315 0 381
1372651200 0 319 0 386
1372644000 0 322 0 409
1372636800 0 317 0 388
1372629600 0 319 0 394
1372622400 0 322 0 378
1372615200 0 319 0 383
1372608000 0 322 0 399
1372600800 0 319 0 398
1372593600 0 316 0 374
1372586400 0 316 0 379
1372579200 0 318 0 398
1372572000 0 315 0 406
1372564800 0 320 0 362
1372557600 0 314 0 386
1372550400 0 317 0 393
1372543200 0 322 0 392
1372536000 0 321 0 384
1372528800 0 320 0 390
1372521600 0 322 0 398
1372514400 0 323 0 383
1372507200 0 325 0 378
1372500000 0 320 0 376
1372492800 0 323 0 396
1372485600 0 320 0 385
1372478400 0 325 0 399
1372471200 0 330 0 390
1372464000 0 407 0 500
1372456800 0 532 0 918
1372449600 0 525 0 849
1372442400 0 485 0 735
1372435200 0 438 0 633
1372428000 0 385 0 744
1372420800 0 321 0 394
1372413600 0 315 0 371
1372406400 0 313 0 385
1372399200 0 318 0 377
1372392000 0 319 0 407
1372384800 0 332 0 411
1372377600 0 374 0 471
1372370400 0 396 0 544
1372363200 0 472 0 609
1372356000 0 512 0 949
1372348800 0 483 0 665
1372341600 0 432 0 726
1372334400 0 317 0 406
1372327200 0 317 0 390
1372320000 0 319 0 378
1372312800 0 324 0 385
1372305600 0 319 0 396
1372298400 0 344 0 405
1372291200 0 385 0 460
1372284000 0 485 0 593
1372276800 0 482 0 574
1372269600 0 479 0 668
1372262400 0 496 0 629
1372255200 0 427 0 629
1372248000 0 320 0 405
1372240800 0 309 0 378
1372233600 0 311 0 381
1372226400 0 315 0 360
1372219200 0 327 0 443
1372204800 0 385 0 799
1372118400 0 374 0 1379
1372032000 0 303 0 393
1371945600 0 307 0 396
1371859200 0 382 0 792
1371772800 0 379 0 729
1371686400 0 413 0 862
1371600000 0 390 0 880
1371513600 0 384 0 746
1371427200 0 288 0 467
1371340800 0 291 0 393
1371254400 0 377 0 948
1371168000 0 368 0 783
1371081600 0 388 0 795
1370995200 0 382 0 958
1370908800 0 346 0 801
1370822400 0 236 0 300
1370736000 0 239 0 383
1370649600 0 413 0 841
1370563200 0 408 0 828
1370476800 0 444 0 811
1370390400 0 441 0 985
1370304000 0 362 0 721
1370217600 0 288 0 359
1370131200 0 292 0 359
1370044800 0 562 0 1117
1369958400 0 604 0 1385
1369872000 0 489 0 1084
1369785600 0 406 0 1085
1369699200 0 268 0 330
1369612800 0 268 0 331
1369526400 0 274 0 374
1369440000 0 389 0 851
1369353600 0 409 0 1136
1369267200 0 391 0 817
1369180800 0 408 0 1026
1369094400 0 350 0 1041
1369008000 0 233 0 299
1368921600 0 233 0 298
1368835200 0 302 0 946
1368748800 0 323 0 1148
1368662400 0 316 0 701
1368576000 0 313 0 998
1368489600 0 335 0 757
1368403200 0 278 0 350
1368316800 0 279 0 449
1368230400 0 392 0 16575
1368144000 0 345 0 3970
1368057600 0 331 0 784
1367971200 0 394 0 830
1367884800 0 461 0 837
1367798400 0 383 0 482
1367712000 0 397 0 651
1367625600 0 490 0 904
1367539200 0 374 0 731
1367452800 0 310 0 658
1367366400 0 314 0 770
1367280000 0 327 0 976
1367193600 0 270 0 333
1367107200 0 279 0 457
1367020800 0 380 0 707
1366934400 0 404 0 933
1366848000 0 423 0 979
1366761600 0 412 0 901
1366675200 0 392 0 947
1366588800 0 301 0 378
1366502400 0 301 0 549
1366416000 0 379 0 845
1366329600 0 376 0 718
1366243200 0 374 0 674
1366156800 0 372 0 946
1366070400 0 366 0 798
1365984000 0 308 0 382
1365897600 0 314 0 539
1365811200 0 417 0 910
1365724800 0 414 0 832
1365638400 0 427 0 807
1365552000 0 400 0 788
1365465600 0 396 0 631
1365379200 0 342 0 423
1365292800 0 353 0 431
1365206400 0 413 0 796
1365120000 0 403 0 729
1365033600 0 422 0 779
1364947200 0 418 0 809
1364860800 0 407 0 677
1364774400 0 357 0 424
1364688000 0 362 0 431
1364601600 0 414 0 774
1364515200 0 407 0 772
1364428800 0 415 0 883
1364342400 0 407 0 828
1364256000 0 408 0 786
1364169600 0 341 0 413
1364083200 0 344 0 517
1363996800 0 495 0 1192
1363910400 0 549 0 856
1363824000 0 528 0 884
1363737600 0 497 0 1044
1363651200 0 555 0 1287
1363564800 0 510 0 626
1363478400 0 512 0 639
1363392000 0 444 0 1214
1363305600 0 416 0 978
1363219200 0 435 0 5315
1363132800 0 540 0 1144
1363046400 0 571 0 1719
1362960000 0 501 0 1516
1362873600 0 502 0 1382
1362787200 0 522 0 8361
1362700800 0 420 0 778
1362614400 0 423 0 1123
1362528000 0 413 0 623
1362441600 0 401 0 10993
1362355200 0 291 0 967
1362268800 0 288 0 672
1362182400 0 351 0 1645
1362096000 0 354 0 1774
1362009600 0 348 0 7047
1361923200 0 414 0 9323
1361836800 0 353 0 1161
1361750400 0 285 0 453
1361664000 0 286 0 397
1361577600 0 370 0 735
1361491200 0 382 0 673
1361404800 0 423 0 1094
1361318400 0 382 0 859
1361232000 0 299 0 471
1361145600 0 298 0 362
1361059200 0 304 0 469
1360972800 0 412 0 1447
1360886400 0 469 0 876
1360800000 0 424 0 4213
1360713600 754 4318 20484 623099
1360627200 0 388 0 2766
1360540800 0 314 0 827
1360454400 0 325 0 1009
1360368000 0 354 0 1860
1360281600 0 388 0 3313
1360195200 0 376 0 3633
1360108800 0 405 0 4459
1360022400 0 444 0 2438
1359936000 0 354 0 1873
1359849600 0 405 0 2283
1359763200 0 377 0 1688
1359676800 0 348 0 892
1359590400 0 389 0 2884
1359504000 0 338 0 1097
1359417600 0 319 0 1435
1359331200 0 265 0 618
1359244800 0 275 0 888
1359158400 0 398 0 1072
1359072000 0 359 0 1265
1358985600 0 419 0 3907
1358899200 0 364 0 1208
1358812800 0 297 0 949
1358726400 0 292 0 608
1358640000 0 307 0 648
1358553600 0 455 0 1533
1358467200 0 403 0 1521
1358380800 0 430 0 5356
1358294400 0 408 0 3424
1358208000 0 447 0 10801
1358121600 0 296 0 356
1358035200 0 297 0 452
1357948800 0 320 0 799
1357862400 0 307 0 653
1357776000 0 317 0 657
1357689600 0 363 0 655
1357603200 334 3943 11242 416086
1357516800 0 258 0 415
1357430400 0 343 0 477
1357344000 0 318 0 706
1357257600 0 303 0 627
1357171200 0 281 0 684
1357084800 0 220 0 249
1356998400 0 256 0 525
1356912000 0 229 0 263
1356825600 0 233 0 290
1356739200 0 293 0 578
1356652800 0 301 0 674
1356566400 0 281 0 589
1356480000 0 217 0 248
1356393600 0 218 0 252
1356307200 0 218 0 249
1356220800 0 220 0 266
1356134400 0 354 0 730
1356048000 0 377 0 964
1355961600 0 381 0 675
1355875200 0 406 0 832
1355788800 0 368 0 821
1355702400 0 288 0 362
1355616000 0 302 0 495
1355529600 0 543 0 1209
1355443200 0 419 0 905
1355356800 0 381 0 817
1355270400 0 402 0 686
1355184000 467 1819 53999 63687
1355097600 0 255 0 328
1355011200 0 261 0 385
1354924800 0 369 0 1083
1354838400 0 386 0 827
1354752000 0 391 0 881
1354665600 0 373 0 725
1354579200 0 357 0 886
1354492800 0 237 0 289
1354406400 0 280 0 572
1354320000 0 429 0 1333
1354233600 0 383 0 784
1354147200 0 398 0 876
1354060800 1580 4005 362955 235745
1353974400 0 306 0 800
1353888000 0 222 0 291
1353801600 0 223 0 282
1353715200 0 224 0 289
1353628800 0 229 0 296
1353542400 0 344 0 896
1353456000 0 443 0 2900
1353369600 0 418 0 1003
1353283200 0 286 0 364
1353196800 0 299 0 456
1353110400 0 466 0 1018
1353024000 0 428 0 929
1352937600 0 360 0 761
1352851200 353 2838 6072 86299
1352764800 0 349 0 945
1352678400 0 250 0 338
1352592000 0 260 0 400
1352505600 0 340 0 699
1352419200 0 333 0 698
1352332800 0 309 0 529
1352246400 0 339 0 717
1352160000 0 313 0 640
1352073600 0 228 0 275
1351987200 0 232 0 283
1351900800 0 289 0 575
1351814400 0 287 0 534
1351728000 0 252 0 524
1351641600 0 226 0 525
1351555200 0 219 0 403
1351468800 0 230 0 312
1351382400 0 232 0 289
1351296000 0 348 0 689
1351209600 0 352 0 680
1351123200 0 358 0 720
1351036800 0 360 0 698
1350950400 229 1900 3624 43968
1350864000 0 272 0 325
1350777600 0 281 0 418
1350691200 0 552 0 29116
1350604800 0 375 0 739
1350518400 0 396 0 775
1350432000 0 391 0 787
1350345600 147 1308 4471 33958
1350259200 0 275 0 331
1350172800 0 276 0 429
1350086400 0 387 0 718
1350000000 0 383 0 841
1349913600 0 362 0 799
1349827200 0 368 0 771
1349740800 228 2292 5201 168408
1349654400 0 255 0 299
1349568000 0 259 0 314
1349481600 0 377 0 742
1349395200 0 372 0 759
1349308800 0 365 0 931
1349222400 0 388 0 757
1349136000 243 1480 4791 33851
1349049600 0 359 0 396
1348963200 0 370 0 503
1348876800 0 403 0 812
1348790400 0 397 0 2064
1348704000 850 6462 116899 258893
1348617600 0 355 0 745
1348531200 227 1480 4268 44002
1348444800 0 218 0 311
1348358400 0 232 0 373
1348272000 0 346 0 629
1348185600 0 374 0 704
1348099200 0 388 0 785
1348012800 0 393 0 3012
1347926400 318 3161 6985 334661
1347840000 0 303 0 409
1347753600 0 306 0 375
1347667200 0 375 0 705
1347580800 0 384 0 720
1347494400 0 376 0 741
1347408000 0 424 0 787
1347321600 0 397 0 834
1347235200 0 295 0 356
1347148800 0 303 0 521
1347062400 0 376 0 1023
1346976000 0 409 0 821
1346889600 0 398 0 1068
1346803200 372 4354 6985 200999
1346716800 0 282 0 335
1346630400 0 281 0 331
1346544000 0 280 0 335
1346457600 0 366 0 561
1346371200 0 480 0 1113
1346284800 0 447 0 3903
1346198400 528 2720 48407 105883
1346112000 316 1924 15684 69748
1346025600 0 358 0 424
1345939200 0 366 0 444
1345852800 0 460 0 955
1345766400 0 453 0 975
1345680000 0 455 0 924
1345593600 0 490 0 1093
1345507200 0 484 0 1088
1345420800 0 370 0 478
1345334400 0 382 0 791
1345248000 0 496 0 1068
1345161600 0 520 0 1136
1345075200 0 533 0 1353
1344988800 833 4763 142904 257453
1344902400 0 496 0 1034
1344816000 0 307 0 346
1344729600 0 362 0 428
1344643200 0 501 0 1117
1344556800 0 492 0 891
1344470400 0 461 0 1036
1344384000 0 455 0 1049
1344297600 0 417 0 1018
1344211200 0 292 0 330
1344124800 0 293 0 409
1344038400 0 431 0 939
1343952000 0 403 0 933
1343865600 0 415 0 1045
1343779200 0 369 0 852
1343692800 301 1670 22016 71722
1343606400 0 284 0 338
1343520000 0 289 0 533
1343433600 0 390 0 1014
1343347200 0 455 0 933
1343260800 0 490 0 1173
1343174400 257 3317 8981 341414
1343088000 226 2767 4732 96888
1343001600 0 387 0 433
1342915200 0 389 0 445
1342828800 0 460 0 812
1342742400 0 473 0 1143
1342656000 0 390 0 667
1342569600 0 444 0 854
1342483200 424 2853 23202 93995
1342396800 0 329 0 408
1342310400 0 335 0 416
1342224000 0 412 0 1041
1342137600 0 410 0 802
1342051200 0 406 0 985
1341964800 379 5878 7662 340186
1341878400 343 4825 8794 397915
1341792000 0 334 0 538
1341705600 0 333 0 521
1341619200 0 436 0 2045
1341532800 0 392 0 871
1341446400 0 328 0 511
1341360000 0 378 0 1028
1341273600 0 402 0 975
1341187200 0 335 0 406
1341100800 0 344 0 558
1341014400 0 418 0 950
1340928000 378 6422 8736 364889
1340841600 1008 7823 117677 210321
1340755200 346 4955 15855 700973
1340668800 0 357 0 1326
1340582400 0 274 0 364
1340496000 0 291 0 481
1340409600 0 359 0 689
1340323200 0 394 0 933
1340236800 0 396 0 878
1340150400 280 3643 6239 358823
1340064000 281 2076 5235 139743
1339977600 0 266 0 358
1339891200 0 271 0 517
1339804800 0 366 0 1179
1339718400 0 336 0 694
1339632000 0 378 0 2673
1339545600 206 2418 4994 114375
1339459200 228 1942 6801 227361
1339372800 0 247 0 314
1339286400 0 251 0 395
1339200000 0 346 0 798
1339113600 0 389 0 1395
1339027200 0 391 0 1133
1338940800 0 402 0 927
1338854400 310 2480 5386 162786
1338768000 0 252 0 310
1338681600 0 258 0 379
1338595200 0 363 0 1360
1338508800 0 393 0 1249
1338422400 0 389 0 7467
1338336000 209 1829 5184 185974
1338249600 0 249 0 378
1338163200 0 260 0 327
1338076800 0 263 0 369
1337990400 0 401 0 1133
1337904000 0 417 0 1184
1337817600 0 1481 0 305431
1337731200 0 482 0 3189
1337644800 1324 4186 123995 127307
1337558400 0 303 0 361
1337472000 0 308 0 370
1337385600 0 423 0 1138
1337299200 0 453 0 1006
1337212800 0 438 0 1114
1337126400 286 3134 8463 154070
1337040000 0 393 0 967
1336953600 0 318 0 385
1336867200 0 328 0 451
1336780800 297 1724 22494 37827
1336694400 0 429 0 921
1336608000 1400 4243 164023 470069
1336521600 0 410 0 907
1336435200 149 1876 6412 151350
1336348800 0 495 0 994
1336262400 0 459 0 610
1336176000 0 605 0 1815
1336089600 0 522 0 1610
1336003200 0 499 0 4603
1335916800 1146 3728 256480 349772
1335830400 874 28072 79753 3539400
1335744000 0 287 0 356
1335657600 0 286 0 379
1335571200 0 467 0 1067
1335484800 0 480 0 1538
1335398400 0 416 0 971
1335312000 0 454 0 1142
1335225600 0 435 0 1202
1335139200 0 286 0 348
1335052800 0 289 0 412
1334966400 0 450 0 1009
1334880000 0 465 0 1129
1334793600 0 480 0 1317
1334707200 652 2425 37977 203626
1334620800 181 1798 5590 98801
1334534400 0 279 0 338
1334448000 0 284 0 382
1334361600 0 453 0 1204
1334275200 0 471 0 1046
1334188800 0 469 0 1111
1334102400 0 471 0 1132
1334016000 0 442 0 1128
1333929600 0 289 0 455
1333843200 0 295 0 420
1333756800 0 468 0 1174
1333670400 0 473 0 1057
1333584000 0 481 0 1190
1333497600 0 417 0 909
1333411200 0 417 0 1265
1333324800 0 269 0 329
1333238400 0 272 0 433
1333152000 0 438 0 1039
1333065600 0 444 0 869
1332979200 0 467 0 1004
1332892800 0 471 0 1296
1332806400 0 567 0 1160
1332720000 0 459 0 572
1332633600 0 535 0 823
1332547200 66 1589 2098 180651
1332460800 0 612 0 1150
1332374400 261 1770 22726 65298
1332288000 0 610 0 1491
1332201600 1099 1228 71997 28484
1332115200 0 431 0 639
1332028800 0 439 0 614
1331942400 0 563 0 1148
1331856000 0 592 0 1190
1331769600 0 539 0 1194
1331683200 203 1968 5642 131662
1331596800 4867 12656 1123192 1019275
1331510400 0 447 0 582
1331424000 0 450 0 659
1331337600 0 564 0 1074
1331251200 0 568 0 1026
1331164800 0 535 0 892
1331078400 409 1058 61106 20602
1330992000 495 1209 55545 37822
1330905600 0 442 0 507
1330819200 0 449 0 641
1330732800 0 540 0 857
1330646400 0 549 0 868
1330560000 0 584 0 1139
1330473600 919 5526 60828 293199
1330387200 1032 8040 58369 658996
1330300800 0 440 0 516
1330214400 0 452 0 755
1330128000 0 568 0 1049
1330041600 0 532 0 959
1329955200 0 528 0 1156
1329868800 0 519 0 939
1329782400 0 434 0 519
1329696000 0 448 0 541
1329609600 0 464 0 770
1329523200 0 562 0 941
1329436800 0 553 0 1075
1329350400 241 1920 3604 69398
1329264000 0 401 0 936
1329177600 132 1379 6236 167779
1329091200 0 0 0 0
1329004800 0 0 0 0
1328918400 0 0 0 0
1328832000 0 0 0 0
1328745600 0 0 0 0
1328659200 0 0 0 0
1328572800 0 0 0 0
1328486400 0 0 0 0
1328400000 0 0 0 0
1328313600 0 0 0 0
1328227200 0 0 0 0
1328140800 0 0 0 0
1328054400 0 0 0 0
1327968000 0 0 0 0
1327881600 0 0 0 0
1327795200 0 0 0 0
1327708800 0 0 0 0
1327622400 0 0 0 0
1327536000 0 0 0 0
1327449600 0 0 0 0
1327363200 110 800 4146 27026
1327276800 0 258 0 387
1327190400 0 273 0 463
1327104000 0 339 0 730
1327017600 0 373 0 929
1326931200 0 400 0 4236
1326844800 199 2778 4921 107975
1326758400 0 241 0 304
1326672000 0 249 0 295
1326585600 0 262 0 487
1326499200 0 409 0 1021
1326412800 0 384 0 839
1326326400 142 949 2778 24141
1326240000 0 397 0 886
1326153600 108 1530 5174 164685
1326067200 0 264 0 420
1325980800 0 267 0 428
1325894400 0 377 0 679
1325808000 0 353 0 636
1325721600 0 373 0 949
1325635200 0 338 0 665
1325548800 0 250 0 299
1325462400 0 252 0 328
1325376000 0 257 0 325
1325289600 0 285 0 499
1325203200 0 304 0 545
1325116800 0 308 0 949
1325030400 0 324 0 841
1324944000 0 259 0 310
1324857600 0 258 0 316
1324771200 0 255 0 309
1324684800 0 261 0 317
1324598400 0 352 0 842
1324512000 0 346 0 740
1324425600 0 339 0 916
1324339200 0 331 0 711
1324252800 0 249 0 296
1324166400 0 253 0 373
1324080000 0 372 0 876
1323993600 0 427 0 794
1323907200 0 392 0 874
1323820800 0 401 0 1062
1323734400 0 418 0 802
1323648000 0 291 0 337
1323561600 0 305 0 601
1323475200 0 452 0 914
1323388800 0 441 0 1112
1323302400 0 442 0 1063
1323216000 0 436 0 879
1323129600 0 427 0 1008
1323043200 0 296 0 340
1322956800 0 299 0 392
1322870400 0 402 0 1084
1322784000 0 409 0 895
1322697600 0 404 0 913
1322611200 0 381 0 893
1322524800 0 336 0 712
1322438400 0 285 0 343
1322352000 0 285 0 341
1322265600 0 281 0 325
1322179200 0 283 0 331
1322092800 0 351 0 1006
1322006400 0 377 0 900
1321920000 0 360 0 752
1321833600 0 297 0 356
1321747200 0 300 0 476
1321660800 0 416 0 826
1321574400 0 442 0 1016
1321488000 0 419 0 820
1321401600 0 391 0 975
1321315200 0 400 0 1047
1321228800 0 299 0 357
1321142400 0 305 0 432
1321056000 0 447 0 896
1320969600 0 470 0 1306
1320883200 0 549 0 905
1320796800 0 551 0 1067
1320710400 0 498 0 1021
1320624000 0 376 0 458
1320537600 0 379 0 453
1320451200 0 559 0 1121
1320364800 0 500 0 1022
1320278400 0 532 0 1069
1320192000 0 524 0 912
1320105600 0 472 0 1180
1320019200 0 325 0 381
1319932800 0 339 0 408
1319846400 0 525 0 1002
1319760000 0 553 0 1131
1319673600 0 522 0 1497
1319587200 0 516 0 1159
1319500800 0 466 0 852
1319414400 0 339 0 390
1319328000 0 360 0 427
1319241600 0 511 0 856
1319155200 0 466 0 1043
1319068800 0 525 0 854
1318982400 0 541 0 1059
1318896000 0 543 0 986
1318809600 0 410 0 466
1318723200 0 422 0 492
1318636800 0 518 0 3177
1318550400 0 468 0 958
1318464000 0 499 0 881
1318377600 0 532 0 995
1318291200 0 486 0 1028
1318204800 0 332 0 377
1318118400 0 336 0 401
1318032000 0 0 0 0
1317945600 0 434 0 910
1317859200 0 537 0 1209
1317772800 0 528 0 958
1317686400 0 523 0 1160
1317600000 0 405 0 529
1317513600 0 424 0 569
1317427200 0 521 0 948
1317340800 0 478 0 946
1317254400 0 507 0 875
1317168000 0 504 0 708
1317081600 0 451 0 765
1316995200 0 372 0 417
1316908800 0 384 0 434
1316822400 0 539 0 1087
1316736000 0 483 0 1233
1316649600 0 493 0 933
1316563200 0 517 0 1073
1316476800 0 462 0 1243
1316390400 0 284 0 320
1316304000 0 290 0 339
1316217600 0 469 0 824
1316131200 0 500 0 2590
1316044800 73 790 14344 69342
1315958400 0 491 4 942
1315872000 0 504 0 1002
1315785600 0 444 0 484
1315699200 0 452 0 519
1315612800 0 459 0 764
1315526400 0 476 0 837
1315440000 0 483 0 833
1315353600 0 427 0 919
1315267200 0 291 0 336
1315180800 0 292 0 332
1315094400 0 292 0 364
1315008000 0 458 0 1061
1314921600 0 567 0 901
1314835200 0 470 0 717
1314748800 0 429 0 841
1314662400 0 297 0 660
1314576000 0 139 0 151
1314489600 0 139 0 155
1314403200 62 458 6246 1982
1314316800 32 616 518 21828
1314230400 30 557 450 6256
1314144000 29 542 792 13697
1314057600 29 563 611 24491
1313971200 26 371 421 2445
1313884800 26 386 391 3623
1313798400 29 530 539 20561
1313712000 28 551 606 23308
1313625600 32 623 604 24384
1313539200 29 585 577 20518
1313452800 28 516 519 20033
1313366400 196 431 13085 10967
1313280000 27 360 396 1441
1313193600 33 631 628 23147
1313107200 38 623 1984 23089
1313020800 61 1070 3215 128022
1312934400 29 600 406 3536
1312848000 30 554 412 10119
1312761600 25 392 403 2293
1312675200 27 399 382 1222
1312588800 29 481 584 2448
1312502400 51 528 3680 4735
1312416000 37 490 1864 3510
1312329600 32 487 930 2201
1312243200 148 2132 6547 273155
1312156800 0 0 0 0
1312070400 0 0 0 0
1311984000 0 0 0 0
1311897600 0 0 0 0
1311811200 0 0 0 0
1311724800 97 324 13228 5036
1311638400 129 569 16880 8606
1311552000 51 404 451 2507
1311465600 45 422 416 2563
1311379200 119 1274 17802 185194
1311292800 36 655 597 3511
1311206400 11566 6609 1603505 386046
1311120000 24 596 412 2172
1311033600 134 4052 12694 526401
1310947200 50 451 113 615
1310860800 50 469 121 565
1310774400 53 515 137 1017
1310688000 31 517 111 891
1310601600 13 542 90 975
1310515200 12 585 52 933
1310428800 11 574 45 1139
1310342400 12 479 40 548
1310256000 12 486 42 558
1310169600 13 581 126 972
1310083200 16 587 112 1723
1309996800 68 611 8242 2249
1309910400 27537 1285 2529901 65097
1309824000 12 376 69 441
1309737600 12 378 122 456
1309651200 22 408 137 1565
1309564800 26 552 407 1908
1309478400 91 796 6693 44272
1309392000 34 605 609 9876
1309305600 154 1130 9390 71068
1309219200 171 1432 8025 224770
1309132800 109 498 602 1995
1309046400 112 508 492 1230
