1377805802 2478632965 3427067379
1377805802 0 821 0 821
1377805502 0 752 0 752
1377805500 0 752 0 873
1377805200 0 872 0 873
1377804900 0 800 0 801
1377804600 0 694 0 934
1377804300 0 933 0 934
1377804000 0 795 0 796
1377803700 0 754 0 901
1377803400 0 900 0 901
1377803100 0 844 0 845
1377802800 0 702 0 970
1377802500 0 969 0 970
1377802200 0 816 0 817
1377801900 0 705 0 889
1377801600 0 888 0 889
1377801300 0 834 0 835
1377801000 0 780 0 830
1377800700 0 829 0 830
1377800400 0 788 0 838
1377800100 0 837 0 838
1377799800 0 734 0 1460
1377799500 0 1455 0 1460
1377799200 0 796 0 797
1377798900 0 675 0 750
1377798600 0 750 0 776
1377798300 0 775 0 776
1377798000 0 649 0 675
1377797700 0 675 0 745
1377797400 0 744 0 745
1377797100 0 667 0 732
1377796800 0 731 0 732
1377796500 0 655 0 673
1377796200 0 673 0 745
1377795900 0 744 0 745
1377795600 0 645 0 693
1377795300 0 693 0 722
1377795000 0 721 0 722
1377794700 0 693 0 694
1377794400 0 669 0 725
1377794100 0 724 0 725
1377793800 0 680 0 751
1377793500 0 751 0 763
1377793200 0 762 0 763
1377792900 0 701 0 703
1377792600 0 704 0 939
1377792300 0 937 0 939
1377792000 0 742 0 770
1377791700 0 769 0 770
1377791400 0 724 0 817
1377791100 0 817 0 880
1377790800 0 879 0 880
1377790500 0 791 0 792
1377790200 0 770 0 919
1377789900 0 916 0 919
1377789600 0 616 0 787
1377789300 0 787 0 858
1377789000 0 857 0 858
1377788700 0 742 0 843
1377788400 0 845 0 1228
1377788100 0 1224 0 1228
1377787800 0 641 0 742
1377787500 0 742 0 793
1377787200 0 791 0 793
1377786900 0 602 0 724
1377786600 0 724 0 831
1377786300 0 829 0 831
1377786000 0 593 0 808
1377785700 0 807 0 808
1377785400 0 754 0 1017
1377785100 0 1018 0 1213
1377784800 0 1210 0 1213
1377784500 0 824 0 968
1377784200 0 968 0 1057
1377783900 0 1054 0 1057
1377783600 0 725 0 728
1377783300 0 728 0 774
1377783000 0 774 0 916
1377782700 0 913 0 916
1377782400 0 505 0 564
1377782100 0 564 0 567
1377781800 0 568 0 767
1377781500 0 764 0 767
1377781200 0 379 0 388
1377780900 0 388 0 401
1377780600 0 400 0 401
1377780300 0 384 0 491
1377780000 0 490 0 491
1377779700 0 393 0 394
1377779400 0 372 0 388
1377779100 0 387 0 388
1377778800 0 375 0 396
1377778500 0 395 0 396
1377778200 0 381 0 382
1377777900 0 351 0 377
1377777600 0 377 0 381
1377777300 0 382 0 713
1377777000 0 711 0 713
1377776700 0 503 0 505
1377776400 0 352 0 367
1377776100 0 366 0 367
1377775800 0 340 0 373
1377775500 0 372 0 373
1377775200 0 358 0 359
1377774900 0 343 0 360
1377774600 0 360 0 364
1377774300 0 363 0 364
1377774000 0 353 0 378
1377773700 0 377 0 378
1377773400 0 361 0 362
1377773100 0 346 0 347
1377772800 0 341 0 379
1377772500 0 378 0 379
1377772200 0 325 0 345
1377771900 0 345 0 377
1377771600 0 376 0 377
1377771300 0 359 0 360
1377771000 0 342 0 353
1377770700 0 353 0 388
1377770400 0 387 0 388
1377770100 0 367 0 368
1377769800 0 340 0 361
1377769500 0 360 0 361
1377769200 0 349 0 351
1377768900 0 350 0 351
1377768600 0 345 0 378
1377768300 0 377 0 378
1377768000 0 352 0 353
1377767700 0 347 0 358
1377767400 0 358 0 358
1377767100 0 358 0 366
1377766800 0 366 0 377
1377766500 0 376 0 377
1377766200 0 354 0 355
1377765900 0 347 0 373
1377765600 0 372 0 373
1377765300 0 359 0 360
1377765000 0 333 0 365
1377764700 0 365 0 391
1377764400 0 390 0 391
1377764100 0 347 0 356
1377763800 0 355 0 356
1377763500 0 354 0 372
1377763200 0 371 0 372
1377762900 0 339 0 374
1377762600 0 373 0 374
1377762300 0 360 0 361
1377762000 0 358 0 362
1377761700 0 362 0 364
1377761400 0 364 0 374
1377761100 0 373 0 374
1377760800 0 359 0 360
1377760500 0 354 0 358
1377760200 0 357 0 358
1377759900 0 354 0 359
1377759600 0 359 0 367
1377759300 0 366 0 367
1377759000 0 354 0 354
1377758700 0 354 0 354
1377758400 0 354 0 364
1377758100 0 363 0 364
1377757800 0 320 0 345
1377757500 0 344 0 345
1377757200 0 338 0 339
1377756900 0 311 0 335
1377756600 0 335 0 339
1377756300 0 339 0 342
1377756000 0 341 0 342
1377755700 0 337 0 360
1377755400 0 359 0 360
1377755100 0 331 0 332
1377754800 0 331 0 369
1377754500 0 368 0 369
1377754200 0 356 0 358
1377753900 0 357 0 358
1377753600 0 351 0 357
1377753300 0 356 0 357
1377753000 0 331 0 332
1377752700 0 329 0 360
1377752400 0 359 0 360
1377752100 0 357 0 358
1377751800 0 333 0 454
1377751500 0 454 0 574
1377751200 0 572 0 574
1377750900 0 348 0 349
1377750600 0 321 0 363
1377750300 0 362 0 363
1377750000 0 339 0 340
1377749700 0 327 0 363
1377749400 0 362 0 363
1377749100 0 335 0 344
1377748800 0 344 0 363
1377748500 0 363 0 368
1377748200 0 367 0 368
1377747900 0 352 0 353
1377747600 0 350 0 380
1377747300 0 379 0 380
1377747000 0 345 0 346
1377746700 0 332 0 392
1377746400 0 391 0 392
1377746100 0 367 0 368
1377745800 0 358 0 359
1377745500 0 347 0 366
1377745200 0 365 0 366
1377744900 0 349 0 357
1377744600 0 356 0 357
1377744300 0 356 0 358
1377744000 0 357 0 358
1377743700 0 347 0 364
1377743400 0 363 0 364
1377743100 0 362 0 362
1377742800 0 361 0 362
1377742500 0 353 0 363
1377742200 0 362 0 363
1377741900 0 358 0 359
1377741600 0 357 0 358
1377741300 0 355 0 356
1377741000 0 350 0 351
1377740700 0 347 0 363
1377740400 0 362 0 363
1377740100 0 347 0 350
1377739800 0 349 0 350
1377739500 0 347 0 384
1377739200 0 383 0 384
1377738900 0 345 0 356
1377738600 0 356 0 377
1377738300 0 376 0 377
1377738000 0 344 0 345
1377737700 0 338 0 356
1377737400 0 356 0 362
1377737100 0 361 0 362
1377736800 0 352 0 353
1377736500 0 345 0 373
1377736200 0 372 0 373
1377735900 0 335 0 364
1377735600 0 363 0 364
1377735300 0 361 0 363
1377735000 0 362 0 363
1377734700 0 338 0 363
1377734400 0 362 0 363
1377734100 0 358 0 359
1377733800 0 346 0 358
1377733500 0 357 0 358
1377733200 0 345 0 362
1377732900 0 361 0 362
1377732600 0 323 0 367
1377732300 0 366 0 367
1377732000 0 365 0 366
1377731700 0 352 0 353
1377731400 0 342 0 379
1377731100 0 378 0 379
1377730800 0 339 0 422
1377730500 0 422 0 461
1377730200 0 461 0 503
1377729900 0 504 0 760
1377729600 0 758 0 760
1377729300 0 545 0 673
1377729000 0 673 0 745
1377728700 0 743 0 745
1377728400 0 552 0 782
1377728100 0 781 0 782
1377727800 0 758 0 759
1377727500 0 649 0 819
1377727200 0 818 0 819
1377726900 0 764 0 765
1377726600 0 665 0 870
1377726300 0 869 0 870
1377726000 0 761 0 762
1377725700 0 683 0 812
1377725400 0 811 0 812
1377725100 0 792 0 793
1377724800 0 725 0 1053
1377724500 0 1051 0 1053
1377724200 0 769 0 812
1377723900 0 812 0 829
1377723600 0 828 0 829
1377723300 0 752 0 786
1377723000 0 786 0 933
1377722700 0 932 0 933
1377722400 0 806 0 921
1377722100 0 920 0 921
1377721800 0 882 0 942
1377721500 0 939 0 942
1377721200 0 609 0 839
1377720900 0 838 0 839
1377720600 0 782 0 783
1377720300 0 681 0 825
1377720000 0 825 0 869
1377719700 0 867 0 869
1377719400 0 689 0 816
1377719100 0 816 0 835
1377718800 0 834 0 835
1377718500 0 709 0 710
1377718200 0 687 0 929
1377717900 0 928 0 929
1377717600 0 750 0 954
1377717300 0 953 0 954
1377717000 0 827 0 862
1377716700 0 861 0 862
1377716400 0 726 0 847
1377716100 0 847 0 985
1377715800 0 983 0 985
1377715500 0 685 0 818
1377715200 0 817 0 818
1377714900 0 773 0 775
1377714600 0 607 0 863
1377714300 0 862 0 863
1377714000 0 816 0 818
1377713700 0 651 0 837
1377713400 0 837 0 859
1377713100 0 863 0 1582
1377712800 0 1577 0 1582
1377712500 0 843 0 844
1377712200 0 790 0 791
1377711900 0 748 0 990
1377711600 0 989 0 990
1377711300 0 839 0 841
1377711000 0 647 0 885
1377710700 0 884 0 885
1377710400 0 733 0 734
1377710100 0 680 0 997
1377709800 0 996 0 997
1377709500 0 853 0 854
1377709200 0 597 0 990
1377708900 0 991 0 1158
1377708600 0 1156 0 1158
1377708300 0 908 0 936
1377708000 0 936 0 1045
1377707700 0 1042 0 1045
1377707400 0 667 0 804
1377707100 0 804 0 842
1377706800 0 841 0 842
1377706500 0 780 0 781
1377706200 0 674 0 1026
1377705900 0 1024 0 1026
1377705600 0 757 0 758
1377705300 0 674 0 857
1377705000 0 856 0 857
1377704700 0 845 0 847
1377704400 0 617 0 1002
1377704100 0 1000 0 1002
1377703800 0 839 0 840
1377703500 0 743 0 902
1377703200 0 901 0 902
1377702900 0 814 0 990
1377702600 0 989 0 990
1377702300 0 885 0 886
1377702000 0 798 0 800
1377701700 0 564 0 779
1377701400 0 778 0 779
1377701100 0 686 0 687
1377700800 0 640 0 764
1377700500 0 763 0 764
1377700200 0 676 0 772
1377699900 0 772 0 801
1377699600 0 800 0 801
1377699300 0 698 0 773
1377699000 0 774 0 1061
1377698700 0 1060 0 1061
1377698400 0 829 0 830
1377698100 0 702 0 837
1377697800 0 838 0 1077
1377697500 0 1074 0 1077
1377697200 0 631 0 721
1377696900 0 721 0 852
1377696600 0 850 0 852
1377696300 0 637 0 708
1377696000 0 707 0 708
1377695700 0 696 0 1049
1377695400 0 1045 0 1049
1377695100 0 581 0 582
1377694800 0 390 0 391
1377694500 0 385 0 385
1377694200 0 385 0 472
1377693900 0 472 0 484
1377693600 0 483 0 484
1377693300 0 421 0 422
1377693000 0 366 0 384
1377692700 0 384 0 536
1377692400 0 535 0 536
1377692100 0 385 0 386
1377691800 0 373 0 374
1377691500 0 359 0 360
1377691200 0 356 0 480
1377690900 0 481 0 700
1377690600 0 697 0 700
1377690300 0 337 0 371
1377690000 0 370 0 371
1377689700 0 350 0 351
1377689400 0 348 0 372
1377689100 0 371 0 372
1377688800 0 360 0 362
1377688500 0 361 0 362
1377688200 0 339 0 346
1377687900 0 346 0 362
1377687600 0 361 0 362
1377687300 0 344 0 367
1377687000 0 366 0 367
1377686700 0 354 0 355
1377686400 0 354 0 355
1377686100 0 342 0 355
1377685800 0 354 0 355
1377685500 0 352 0 353
1377685200 0 344 0 360
1377684900 0 359 0 360
1377684600 0 340 0 341
1377684300 0 330 0 350
1377684000 0 350 0 369
1377683700 0 368 0 369
1377683400 0 349 0 350
1377683100 0 335 0 367
1377682800 0 366 0 367
1377682500 0 341 0 343
1377682200 0 343 0 358
1377681900 0 357 0 358
1377681600 0 344 0 358
1377681300 0 357 0 358
1377681000 0 341 0 359
1377680700 0 359 0 361
1377680400 0 360 0 361
1377680100 0 340 0 354
1377679800 0 353 0 354
1377679500 0 343 0 352
1377679200 0 351 0 352
1377678900 0 348 0 350
1377678600 0 349 0 350
1377678300 0 349 0 367
1377678000 0 367 0 370
1377677700 0 369 0 370
1377677400 0 344 0 363
1377677100 0 363 0 368
1377676800 0 367 0 368
1377676500 0 347 0 348
1377676200 0 347 0 368
1377675900 0 368 0 371
1377675600 0 370 0 371
1377675300 0 367 0 368
1377675000 0 337 0 377
1377674700 0 376 0 377
1377674400 0 354 0 355
1377674100 0 341 0 345
1377673800 0 345 0 356
1377673500 0 355 0 356
1377673200 0 341 0 342
1377672900 0 341 0 345
1377672600 0 344 0 345
1377672300 0 343 0 344
1377672000 0 336 0 349
1377671700 0 348 0 349
1377671400 0 321 0 334
1377671100 0 334 0 350
1377670800 0 349 0 350
1377670500 0 344 0 345
1377670200 0 331 0 332
1377669900 0 329 0 376
1377669600 0 375 0 376
1377669300 0 334 0 335
1377669000 0 328 0 340
1377668700 0 340 0 348
1377668400 0 347 0 348
1377668100 0 332 0 333
1377667800 0 330 0 351
1377667500 0 350 0 351
1377667200 0 342 0 343
1377666900 0 336 0 350
1377666600 0 349 0 350
1377666300 0 321 0 340
1377666000 0 340 0 345
1377665700 0 345 0 347
1377665400 0 346 0 347
1377665100 0 322 0 351
1377664800 0 351 0 351
1377664500 0 350 0 351
1377664200 0 333 0 335
1377663900 0 335 0 366
1377663600 0 365 0 366
1377663300 0 342 0 347
1377663000 0 347 0 347
1377662700 0 347 0 348
1377662400 0 347 0 348
1377662100 0 332 0 351
1377661800 0 350 0 351
1377661500 0 342 0 343
1377661200 0 327 0 335
1377660900 0 334 0 335
1377660600 0 333 0 346
1377660300 0 345 0 346
1377660000 0 341 0 362
1377659700 0 361 0 362
1377659400 0 344 0 345
1377659100 0 333 0 352
1377658800 0 351 0 352
1377658500 0 331 0 339
1377658200 0 339 0 345
1377657900 0 345 0 367
1377657600 0 366 0 367
1377657300 0 346 0 347
1377657000 0 337 0 370
1377656700 0 369 0 370
1377656400 0 353 0 354
1377656100 0 329 0 348
1377655800 0 348 0 360
1377655500 0 360 0 363
1377655200 0 362 0 363
1377654900 0 338 0 364
1377654600 0 363 0 364
1377654300 0 347 0 370
1377654000 0 369 0 370
1377653700 0 364 0 365
1377653400 0 351 0 352
1377653100 0 350 0 372
1377652800 0 371 0 372
1377652500 0 365 0 371
1377652200 0 370 0 371
1377651900 0 344 0 392
1377651600 0 391 0 392
1377651300 0 363 0 364
1377651000 0 347 0 362
1377650700 0 362 0 364
1377650400 0 363 0 364
1377650100 0 362 0 363
1377649800 0 337 0 360
1377649500 0 360 0 371
1377649200 0 370 0 371
1377648900 0 351 0 371
1377648600 0 370 0 371
1377648300 0 367 0 369
1377648000 0 368 0 369
1377647700 0 345 0 375
1377647400 0 374 0 375
1377647100 0 360 0 360
1377646800 0 360 0 387
1377646500 0 386 0 387
1377646200 0 359 0 360
1377645900 0 342 0 377
1377645600 0 376 0 377
1377645300 0 343 0 344
1377645000 0 341 0 441
1377644700 0 441 0 492
1377644400 0 491 0 492
1377644100 0 479 0 480
1377643800 0 445 0 454
1377643500 0 454 0 458
1377643200 0 458 0 524
1377642900 0 524 0 538
1377642600 0 537 0 538
1377642300 0 528 0 529
1377642000 0 520 0 580
1377641700 0 580 0 601
1377641400 0 601 0 638
1377641100 0 638 0 645
1377640800 0 645 0 739
1377640500 0 739 0 862
1377640200 0 861 0 862
1377639900 0 652 0 801
1377639600 0 800 0 801
1377639300 0 771 0 772
1377639000 0 740 0 741
1377638700 0 711 0 951
1377638400 0 950 0 951
1377638100 0 832 0 833
1377637800 0 802 0 805
1377637500 0 805 0 812
1377637200 0 812 0 953
1377636900 0 952 0 953
1377636600 0 870 0 871
1377636300 0 726 0 1055
1377636000 0 1054 0 1055
1377635700 0 1041 0 1042
1377635400 0 831 0 832
1377635100 0 781 0 820
1377634800 0 819 0 820
1377634500 0 726 0 969
1377634200 0 968 0 969
1377633900 0 924 0 926
1377633600 0 682 0 746
1377633300 0 746 0 823
1377633000 0 822 0 823
1377632700 0 644 0 721
1377632400 0 721 0 855
1377632100 0 854 0 855
1377631800 0 686 0 696
1377631500 0 696 0 795
1377631200 0 794 0 795
1377630900 0 714 0 790
1377630600 0 790 0 817
1377630300 0 818 0 988
1377630000 0 985 0 988
1377629700 0 601 0 971
1377629400 0 969 0 971
1377629100 0 734 0 736
1377628800 0 581 0 669
1377628500 0 668 0 669
1377628200 0 615 0 616
1377627900 0 604 0 704
1377627600 0 703 0 704
1377627300 0 680 0 693
1377627000 0 693 0 715
1377626700 0 714 0 715
1377626400 0 671 0 672
1377626100 0 670 0 903
1377625800 0 934 0 1195
1377624600 0 1011 0 1957
1377622800 0 866 0 1140
1377621000 0 664 0 838
1377619200 0 728 0 838
1377617400 0 703 0 1036
1377615600 0 574 0 625
1377613800 0 587 0 1085
1377612000 0 806 0 1085
1377610200 0 543 0 657
1377608400 0 439 0 605
1377606600 0 462 0 819
1377604800 0 434 0 819
1377603000 0 364 0 391
1377601200 0 363 0 399
1377599400 0 355 0 383
1377597600 0 353 0 361
1377595800 0 358 0 371
1377594000 0 354 0 371
1377592200 0 357 0 371
1377590400 0 352 0 371
1377588600 0 347 0 367
1377586800 0 350 0 370
1377585000 0 361 0 391
1377583200 0 354 0 383
1377581400 0 360 0 387
1377579600 0 350 0 364
1377577800 0 358 0 385
1377576000 0 354 0 377
1377574200 0 363 0 388
1377572400 0 364 0 380
1377570600 0 355 0 377
1377568800 0 365 0 377
1377567000 0 365 0 384
1377565200 0 363 0 391
1377563400 0 369 0 397
1377561600 0 432 0 506
1377559800 0 459 0 477
1377558000 0 535 0 782
1377556200 0 660 0 878
1377554400 0 780 0 938
1377552600 0 813 0 906
1377550800 0 825 0 906
1377549000 0 841 0 968
1377547200 0 938 0 1153
1377545400 0 806 0 1002
1377543600 0 919 0 1261
1377541800 0 823 0 948
1377540000 0 889 0 1034
1377538200 0 697 0 777
1377536400 0 690 0 792
1377534600 0 821 0 1458
1377532800 0 739 0 896
1377531000 0 797 0 896
1377529200 0 739 0 950
1377527400 0 846 0 1097
1377525600 0 856 0 1281
1377523800 0 644 0 838
1377522000 0 520 0 784
1377520200 0 453 0 637
1377518400 0 487 0 637
1377516600 0 446 0 478
1377514800 0 442 0 484
1377513000 0 438 0 482
1377511200 0 439 0 478
1377509400 0 433 0 448
1377507600 0 424 0 483
1377505800 0 422 0 453
1377504000 0 430 0 476
1377502200 0 440 0 467
1377500400 0 445 0 495
1377498600 0 436 0 481
1377496800 0 443 0 475
1377495000 0 438 0 488
1377493200 0 428 0 455
1377491400 0 440 0 493
1377489600 0 443 0 480
1377487800 0 436 0 497
1377486000 0 435 0 474
1377484200 0 432 0 480
1377482400 0 436 0 479
1377480600 0 430 0 481
1377478800 0 431 0 469
1377477000 0 432 0 492
1377475200 0 437 0 469
1377473400 0 426 0 470
1377471600 0 433 0 486
1377469800 0 429 0 459
1377468000 0 428 0 474
1377466200 0 431 0 467
1377464400 0 443 0 482
1377462600 0 432 0 493
1377460800 0 442 0 469
1377459000 0 439 0 496
1377457200 0 438 0 472
1377455400 0 431 0 482
1377453600 0 431 0 454
1377451800 0 430 0 483
1377450000 0 437 0 481
1377448200 0 432 0 488
1377446400 0 436 0 478
1377444600 0 429 0 479
1377442800 0 445 0 470
1377441000 0 441 0 475
1377439200 0 436 0 487
1377437400 0 437 0 462
1377435600 0 435 0 467
1377433800 0 439 0 471
1377432000 0 435 0 488
1377430200 0 434 0 471
1377428400 0 435 0 486
1377426600 0 434 0 484
1377424800 0 431 0 484
1377423000 0 434 0 475
1377421200 0 434 0 477
1377419400 0 433 0 484
1377417600 0 430 0 470
1377415800 0 436 0 470
1377414000 0 441 0 484
1377412200 0 434 0 474
1377410400 0 439 0 474
1377408600 0 454 0 482
1377406800 0 436 0 480
1377405000 0 444 0 478
1377403200 0 432 0 470
1377401400 0 434 0 465
1377399600 0 437 0 475
1377397800 0 443 0 483
1377396000 0 437 0 471
1377394200 0 444 0 490
1377392400 0 423 0 479
1377390600 0 433 0 485
1377388800 0 434 0 486
1377387000 0 433 0 473
1377385200 0 417 0 469
1377383400 0 418 0 467
1377381600 0 419 0 453
1377379800 0 422 0 458
1377378000 0 417 0 454
1377376200 0 437 0 492
1377374400 0 453 0 488
1377372600 0 443 0 469
1377370800 0 443 0 487
1377369000 0 436 0 469
1377367200 0 431 0 472
1377365400 0 435 0 462
1377363600 0 432 0 479
1377361800 0 433 0 475
1377360000 0 431 0 466
1377358200 0 439 0 494
1377356400 0 436 0 468
1377354600 0 442 0 484
1377352800 0 441 0 463
1377351000 0 433 0 495
1377349200 0 438 0 467
1377347400 0 439 0 491
1377345600 0 434 0 465
1377343800 0 439 0 496
1377342000 0 441 0 465
1377340200 0 431 0 465
1377338400 0 443 0 472
1377336600 0 431 0 462
1377334800 0 434 0 466
1377333000 0 430 0 457
1377331200 0 433 0 473
1377329400 0 443 0 487
1377327600 0 446 0 481
1377325800 0 440 0 490
1377324000 0 444 0 486
1377322200 0 440 0 488
1377320400 0 442 0 490
1377318600 0 441 0 482
1377316800 0 432 0 463
1377315000 0 432 0 474
1377313200 0 433 0 469
1377311400 0 428 0 469
1377309600 0 434 0 462
1377307800 0 442 0 458
1377306000 0 429 0 463
1377304200 0 437 0 467
1377302400 0 456 0 487
1377300600 0 495 0 546
1377298800 0 536 0 956
1377297000 0 828 0 956
1377295200 0 952 0 1136
1377293400 0 1012 0 1284
1377291600 0 979 0 1259
1377289800 0 981 0 1216
1377288000 0 924 0 1216
1377286200 0 910 0 1105
1377284400 0 890 0 1040
1377282600 0 968 0 1155
1377280800 0 912 0 1062
1377279000 0 904 0 1042
1377277200 0 883 0 929
1377275400 0 915 0 1029
1377273600 0 951 0 1325
1377271800 0 1226 0 1515
1377270000 0 1152 0 1390
1377268200 0 1385 0 1693
1377266400 0 1375 0 2046
1377264600 0 849 0 1200
1377262800 0 505 0 702
1377261000 0 522 0 702
1377259200 0 463 0 507
1377257400 0 464 0 510
1377255600 0 461 0 509
1377253800 0 459 0 500
1377252000 0 459 0 498
1377250200 0 472 0 493
1377248400 0 466 0 517
1377246600 0 463 0 508
1377244800 0 471 0 519
1377243000 0 470 0 509
1377241200 0 481 0 507
1377239400 0 478 0 500
1377237600 0 479 0 508
1377235800 0 480 0 523
1377234000 0 466 0 970
1377232200 0 555 0 970
1377230400 0 472 0 498
1377228600 0 461 0 494
1377226800 0 466 0 494
1377225000 0 461 0 496
1377223200 0 461 0 496
1377221400 0 463 0 519
1377219600 0 475 0 519
1377217800 0 497 0 553
1377216000 0 480 0 547
1377214200 0 551 0 597
1377212400 0 735 0 1289
1377210600 0 1224 0 1403
1377208800 0 1376 0 1569
1377207000 115 1854 688 4456
1377205200 1364 17017 4731 71762
1377203400 161 2185 1446 9450
1377201600 3153 10232 9059 27146
1377199800 3047 16029 7916 26878
1377198000 1852 7353 5144 15713
1377196200 5432 51037 15898 154036
1377194400 423 2687 1264 6574
1377192600 45 1041 66 1271
1377190800 44 1003 59 1155
1377189000 1046 10283 2680 26071
1377187200 1613 18273 3144 39716
1377185400 1304 19002 1382 23880
1377183600 1722 18317 2795 29561
1377181800 1156 11725 1790 14279
1377180000 1125 11791 1790 14279
1377178200 929 10913 947 11333
1377176400 931 10612 965 10890
1377174600 929 10540 956 10713
1377172800 931 10490 956 10713
1377171000 935 10512 958 10637
1377169200 928 10486 955 10530
1377167400 935 10488 953 10598
1377165600 932 10504 953 10598
1377163800 933 10491 962 10589
1377162000 940 10517 999 10694
1377160200 929 10499 951 10616
1377158400 933 10496 968 10606
1377156600 931 10475 947 10622
1377154800 928 10468 977 10632
1377153000 933 10472 961 10614
1377151200 980 10594 1209 11087
1377149400 930 10476 948 10645
1377147600 928 10534 946 10910
1377145800 932 10860 1080 16636
1377144000 1070 16545 1093 16669
1377142200 1068 16560 1097 16658
1377140400 1063 16526 1105 16585
1377138600 1071 16535 1085 16691
1377136800 1062 16536 1087 16639
1377135000 1070 16538 1085 16660
1377133200 1063 16508 1092 16675
1377131400 1068 16551 1097 16665
1377129600 1067 16457 1095 16570
1377127800 1067 16148 1086 16249
1377126000 1066 16135 1097 16331
1377124200 1066 16047 1084 16232
1377122400 2539 49531 9899 232121
1377120600 843 4160 1852 7721
1377118800 359 2162 681 3715
1377117000 376 4082 787 15111
1377115200 728 3951 1774 9537
1377113400 871 5511 1248 16848
1377111600 862 3209 1048 4937
1377109800 1246 4426 1413 6057
1377108000 1480 6451 4066 23836
1377106200 704 2190 912 3068
1377104400 659 1993 685 2050
1377102600 666 1980 817 2391
1377100800 1089 6333 1405 11025
1377099000 1284 15485 3415 77432
1377097200 183 1768 682 11702
1377095400 1640 10764 5134 26774
1377093600 1310 4487 2419 9840
1377091800 679 1365 744 1519
1377090000 676 1192 698 1308
1377088200 672 1195 698 1356
1377086400 665 1139 695 1321
1377084600 668 1103 680 1221
1377082800 667 1115 691 1221
1377081000 666 1118 699 1186
1377079200 666 1102 689 1227
1377077400 667 1108 689 1176
1377075600 672 1114 697 1158
1377073800 669 1107 697 1165
1377072000 666 1101 709 1247
1377070200 679 1174 699 1278
1377068400 667 1123 688 1206
1377066600 672 1132 698 1206
1377064800 716 1203 942 1671
1377063000 669 1119 682 1196
1377061200 671 1161 680 1426
1377059400 666 1105 695 1255
1377057600 666 1098 702 1195
1377055800 674 1133 702 1235
1377054000 668 1113 702 1187
1377052200 670 1112 704 1276
1377050400 673 1122 694 1236
1377048600 671 1115 695 1195
1377046800 676 1154 695 1242
1377045000 670 1125 698 1265
1377043200 673 1144 694 1265
1377041400 668 1139 679 1297
1377039600 668 1228 701 1407
1377037800 681 1390 739 1833
1377036000 467 1967 808 3005
1377034200 158 1567 350 2503
1377032400 591 3939 8650 16023
1377030600 2742 9639 8650 16023
1377028800 1756 11295 2452 13826
1377027000 1513 11486 2142 18975
1377025200 164 1543 611 3643
1377023400 62 1176 90 1280
1377021600 52 1082 65 1241
1377019800 59 1100 92 1194
1377018000 68 1485 120 3474
1377016200 59 1078 66 1142
1377014400 58 1311 90 2544
1377012600 58 1115 106 1425
1377010800 141 1227 446 1807
1377009000 260 2385 530 6019
1377007200 554 4836 2539 21572
1377005400 34 927 78 1080
1377003600 39 691 78 944
1377001800 39 593 68 704
1377000000 36 608 72 762
1376998200 36 588 75 655
1376996400 38 602 71 652
1376994600 36 591 46 657
1376992800 35 585 51 688
1376991000 37 598 70 772
1376989200 38 600 69 784
1376987400 39 606 58 746
1376985600 35 570 66 725
1376983800 39 614 59 725
1376982000 37 593 56 628
1376980200 38 594 58 684
1376978400 36 575 64 695
1376976600 39 593 66 695
1376974800 37 592 55 622
1376973000 88 893 288 2214
1376971200 60 606 88 739
1376969400 54 599 73 673
1376967600 55 591 76 647
1376965800 58 598 94 704
1376964000 56 611 82 700
1376962200 57 610 79 724
1376960400 56 622 119 834
1376958600 56 594 83 855
1376956800 60 741 76 862
1376955000 56 684 78 787
1376953200 55 688 97 858
1376951400 2587 61342 32813 838550
1376949600 6360 146256 32813 838550
1376947800 66 1084 90 1303
1376946000 94 1174 202 1692
1376944200 351 1820 1721 5452
1376942400 171 1822 3017 21626
1376940600 1647076 54760 2378047 87238
1376938800 1560934 53438 2366088 87238
1376937000 1339 17454 2553 54069
1376935200 1419 6339 3911 23213
1376933400 704 1456 1074 3439
1376931600 905 2312 1510 4554
1376929800 711 1581 758 1739
1376928000 702 1574 721 1743
1376926200 702 1551 754 1658
1376924400 705 1591 729 1743
1376922600 712 3019 1385 6977
1376920800 416 1861 462 2397
1376919000 410 1339 429 1534
1376917200 411 1155 430 1409
1376915400 409 1195 425 1444
1376913600 407 1110 435 1199
1376911800 408 1078 418 1159
1376910000 408 1084 419 1149
1376908200 406 1074 430 1126
1376906400 406 1071 419 1157
1376904600 408 1082 425 1157
1376902800 408 1084 424 1165
1376901000 408 1068 434 1140
1376899200 408 1076 419 1136
1376897400 408 1086 418 1198
1376895600 408 1086 428 1230
1376893800 406 1066 435 1212
1376892000 410 1083 430 1164
1376890200 408 1085 420 1142
1376888400 407 1069 438 1181
1376886600 403 1049 423 1191
1376884800 411 1092 435 1191
1376883000 408 1076 428 1142
1376881200 408 1071 459 1241
1376879400 406 1058 435 1175
1376877600 409 1085 435 1175
1376875800 409 1083 442 1174
1376874000 406 1072 441 1158
1376872200 409 1065 428 1158
1376870400 408 1084 416 1181
1376868600 409 1086 444 1136
1376866800 406 1061 427 1113
1376865000 409 1081 419 1154
1376863200 407 1083 419 1185
1376861400 416 1100 460 1257
1376859600 406 1067 428 1165
1376857800 409 1096 428 1165
1376856000 410 1088 424 1206
1376854200 406 1080 429 1139
1376852400 406 1052 430 1179
1376850600 409 1089 426 1179
1376848800 408 1085 433 1148
1376847000 409 1091 445 1263
1376845200 405 1063 421 1198
1376843400 409 1130 424 1246
1376841600 408 1079 428 1129
1376839800 407 1076 437 1178
1376838000 409 1080 430 1178
1376836200 409 1097 458 1446
1376834400 416 1154 458 1446
1376832600 406 1076 435 1137
1376830800 407 1079 418 1132
1376829000 409 1083 433 1247
1376827200 409 1076 437 1189
1376825400 406 1069 421 1140
1376823600 407 1063 420 1114
1376821800 410 1082 430 1163
1376820000 405 1070 421 1177
1376818200 407 1060 423 1189
1376816400 409 1090 432 1189
1376814600 409 1078 435 1175
1376812800 406 1070 425 1182
1376811000 407 1076 425 1215
1376809200 408 1079 429 1150
1376807400 407 1072 430 1179
1376805600 406 1066 430 1177
1376803800 409 1075 430 1195
1376802000 407 1073 423 1180
1376800200 405 1062 438 1174
1376798400 406 1074 436 1172
1376796600 409 1082 430 1172
1376794800 409 1084 440 1207
1376793000 407 1073 429 1177
1376791200 407 1080 440 1205
1376789400 409 1095 433 1163
1376787600 409 1118 445 1410
1376785800 407 1084 442 1183
1376784000 406 1059 447 1246
1376782200 411 1094 447 1246
1376780400 411 1076 441 1145
1376778600 408 1067 450 1180
1376776800 409 1074 450 1243
1376775000 411 1086 450 1243
1376773200 410 1076 435 1199
1376771400 501 3769 954 17199
1376769600 408 1067 449 1179
1376767800 413 1085 449 1179
1376766000 408 1081 429 1137
1376764200 409 1076 439 1143
1376762400 410 1078 439 1143
1376760600 411 1094 439 1279
1376758800 407 1073 438 1128
1376757000 409 1072 438 1113
1376755200 411 1084 434 1193
1376753400 409 1079 432 1146
1376751600 408 1070 428 1213
1376749800 413 1094 457 1396
1376748000 421 1148 457 1396
1376746200 409 1080 434 1143
1376744400 408 1070 424 1165
1376742600 410 1090 420 1178
1376740800 416 1120 441 1222
1376739000 411 1091 422 1137
1376737200 410 1081 422 1142
1376735400 415 1095 425 1226
1376733600 411 1093 435 1203
1376731800 409 1084 423 1134
1376730000 413 1085 428 1134
1376728200 411 1080 427 1146
1376726400 412 1073 444 1171
1376724600 412 1109 458 1150
1376722800 413 1076 458 1150
1376721000 413 1100 433 1192
1376719200 410 1092 427 1199
1376717400 408 1078 427 1200
1376715600 413 1078 434 1200
1376713800 443 1297 604 2380
1376712000 437 1114 483 1229
1376710200 432 1104 467 1234
1376708400 430 1113 467 1235
1376706600 433 1111 452 1219
1376704800 431 1111 465 1223
1376703000 429 1102 465 1223
1376701200 438 1117 459 1198
1376699400 451 1182 485 1360
1376697600 427 1104 473 1312
1376695800 435 1250 473 1461
1376694000 427 1191 486 1549
1376692200 610 3628 2643 21463
1376690400 1671 18816 2703 24325
1376688600 1634 17995 3029 23725
1376686800 1596 17514 2718 27759
1376685000 1501 18458 1827 23175
1376683200 1493 25390 2352 37555
1376681400 1975 24942 4958 48495
1376679600 2484 24071 6066 39264
1376677800 940 18811 1156 22774
1376676000 899 15502 1263 22983
1376674200 2924 26215 5079 44819
1376672400 3268 33834 3754 57966
1376670600 2320 19712 3287 28791
1376668800 1319 17415 1688 30852
1376667000 1314 17085 2119 23786
1376665200 1423 16034 2119 23786
1376663400 1688 20444 2497 23628
1376661600 1370 18247 2481 35035
1376659800 855 18394 1083 22652
1376658000 781 15536 1022 22364
1376656200 856 16611 1059 22236
1376654400 829 17200 1014 22129
1376652600 759 15031 1000 22197
1376650800 855 18548 1044 22192
1376649000 760 15050 978 22145
1376647200 855 17994 1038 22203
1376645400 810 15645 930 22221
1376643600 794 16167 1088 22312
1376641800 835 17498 1031 22119
1376640000 775 15052 975 22309
1376638200 861 18587 1026 22247
1376636400 766 15213 1046 23191
1376634600 852 17632 1176 22381
1376632800 778 15996 924 22072
1376631000 826 16057 1070 22314
1376629200 844 17823 1021 22122
1376627400 773 15104 1017 22327
1376625600 907 18598 1092 22302
1376623800 871 15181 1372 22413
1376622000 1430 18849 1726 22757
1376620200 1309 15801 1654 22771
1376618400 1073 16777 1376 22480
1376616600 845 17171 962 22107
1376614800 788 15056 1027 22221
1376613000 876 18603 1065 22180
1376611200 804 15144 1138 22631
1376609400 918 18424 1152 22335
1376607600 888 15529 1337 22458
1376605800 858 11906 1256 22401
1376604000 814 13791 1418 23122
1376602200 1179 18034 2045 23051
1376600400 727 15520 983 22478
1376598600 748 15600 1303 23337
1376596800 866 15650 1303 22889
1376595000 1975 35000 3398 58270
1376593200 1099 16339 1468 23267
1376591400 1146 18685 1247 22842
1376589600 1029 16401 1235 23032
1376587800 1029 15967 1246 22759
1376586000 1114 18981 1236 23033
1376584200 1074 16759 1404 24291
1376582400 1272 18822 1756 22895
1376580600 1998 18085 4457 32126
1376578800 1377 19676 2456 25320
1376577000 1115 15933 1490 23764
1376575200 1115 17028 1313 23528
1376573400 1156 17995 1381 22641
1376571600 1087 15337 1302 22747
1376569800 1171 18783 1404 22452
1376568000 1247 15440 1770 22774
1376566200 1489 17463 1792 22795
1376564400 1102 13410 1406 22466
1376562600 1065 14366 1247 22262
1376560800 1224 16258 1804 22828
1376559000 1174 15927 1804 22801
1376557200 1132 18201 1369 22485
1376555400 1059 15241 1268 22302
1376553600 1152 18789 1361 22527
1376551800 1123 15356 1400 22425
1376550000 1141 18502 1318 22265
1376548200 1070 15527 1359 22447
1376546400 1099 16810 1251 22473
1376544600 1109 17106 1372 22520
1376539200 1525 17108 2456 23598
1376532000 1282 16670 2103 23123
1376524800 1281 16429 2091 23686
1376517600 1188 16987 1823 23405
1376510400 1118 17164 1441 22946
1376503200 1271 17568 2043 23345
1376496000 1508 18016 2138 23492
1376488800 1442 17041 1733 23247
1376481600 1472 17213 1787 22669
1376474400 1458 16331 1766 22666
1376467200 1416 16344 1747 22751
1376460000 1472 16447 2340 23956
1376452800 1596 17040 2111 22955
1376445600 1553 16719 2430 23275
1376438400 1680 19034 2394 38825
1376431200 2976 68055 4345 91884
1376424000 1959 26624 3213 51648
1376416800 1974 40267 2943 61585
1376409600 2802 25710 3343 61585
1376402400 2309 16445 2659 23568
1376395200 2327 17987 2637 23601
1376388000 2369 18671 2711 26444
1376380800 2310 17151 2662 23444
1376373600 2304 16256 2619 23500
1376366400 2357 17741 2715 23576
1376359200 2466 17520 2981 23796
1376352000 2818 19454 5005 42361
1376344800 1509 18241 2965 65160
1376337600 1147 15762 1526 23152
1376330400 1640 26148 11253 273168
1376323200 1522 16549 3864 32170
1376316000 1437 16422 1745 23726
1376308800 1450 16883 1884 22959
1376301600 1443 16819 1764 22826
1376294400 1469 17322 1891 23059
1376287200 1427 16729 1752 22666
1376280000 1392 15189 1698 22730
1376272800 1439 17297 1681 22718
1376265600 1426 16397 1722 22767
1376258400 1425 16254 1863 22658
1376251200 1436 16571 1789 22785
1376244000 1443 16943 1703 22787
1376236800 1426 16764 1815 23033
1376229600 1455 17311 1766 23033
1376222400 1423 16589 1705 22892
1376215200 1441 17100 1784 22743
1376208000 1459 17296 1813 22957
1376200800 1456 17464 1801 22840
1376193600 1418 16688 1721 22677
1376186400 1436 17017 1704 22681
1376179200 1416 16389 1756 22799
1376172000 1474 16453 2203 23211
1376164800 1506 17325 2043 23022
1376157600 1418 15822 1773 22715
1376150400 1463 15507 2079 23109
1376143200 1501 17132 1879 22816
1376136000 1418 16390 1685 22723
1376128800 1444 17271 1763 22719
1376121600 1445 16388 1887 22830
1376114400 1480 17071 1759 22686
1376107200 1556 17270 1894 23968
1376100000 1476 16445 1795 22838
1376092800 1522 16756 2041 23271
1376085600 1716 18109 3636 24449
1376078400 1640 17005 5005 38692
1376071200 1567 17863 3589 43310
1376064000 1646 19124 3352 27405
1376056800 1345 17356 2727 30323
1376049600 1287 16072 1625 22543
1376042400 1306 17057 1692 22583
1376035200 1305 17148 1678 22730
1376028000 1315 17213 1585 22730
1376020800 1282 16299 1579 22645
1376013600 1310 17177 1580 22892
1376006400 1271 17214 1618 22823
1375999200 1741 18667 4072 37301
1375992000 1975 24023 6495 188093
1375984800 1473 18039 4012 33400
1375977600 1781 17969 4122 30726
1375970400 1889 17931 2128 23899
1375963200 1911 16885 2242 24898
1375956000 1855 17611 2150 23044
1375948800 1876 17620 2225 23172
1375941600 1889 17581 2225 24210
1375934400 1885 16870 2118 23030
1375927200 1918 17743 2161 23158
1375920000 1950 17941 3088 25616
1375912800 2386 23429 3144 40342
1375905600 3077 29206 9901 49728
1375898400 1999 18595 2823 32090
1375891200 1876 20196 4707 36081
1375884000 1357 17648 3578 31215
1375876800 1319 17046 1774 22608
1375869600 1347 16697 1722 22608
1375862400 1321 16603 1766 22702
1375855200 1318 17058 1615 22445
1375848000 1374 17082 1940 22767
1375840800 1323 16591 1544 22527
1375833600 1623 18278 3595 30770
1375826400 1773 31878 6043 171225
1375819200 1051 17466 3455 37975
1375812000 628 15623 1343 30269
1375804800 1731 28706 10440 245990
1375797600 1726 17100 2204 23288
1375790400 1837 16902 2228 22977
1375783200 1814 16833 2158 22896
1375776000 1832 17497 2129 23106
1375768800 1868 17801 3075 51384
1375761600 1897 17447 2195 22929
1375754400 1806 14934 2372 22890
1375747200 2023 17748 2941 26785
1375740000 2840 33094 11196 261622
1375732800 1896 22341 4904 70041
1375725600 1320 17590 1655 23195
1375718400 1526 17856 3438 26765
1375711200 1235 17019 1531 23180
1375704000 1251 17008 1667 22594
1375696800 1204 16082 1522 22446
1375689600 1227 16965 1545 22422
1375682400 1335 16988 1973 22833
1375675200 1354 14679 1944 22739
1375668000 1294 16889 2048 22950
1375660800 1294 17013 1708 22637
1375653600 1297 16725 2317 23134
1375646400 1310 16476 2076 22886
1375639200 1291 16147 1828 22457
1375632000 1295 16149 1664 22499
1375624800 1331 17604 2063 35425
1375617600 1233 16091 1597 22451
1375610400 1206 16082 1622 22586
1375603200 1261 16115 2006 22883
1375596000 1230 16387 1610 22446
1375588800 1294 16712 1971 22805
1375581600 1247 16977 1774 22617
1375574400 1227 16952 1519 22384
1375567200 1207 16167 1545 22417
1375560000 1225 16889 1557 22459
1375552800 1396 16456 1969 23062
1375545600 1305 16375 1984 23112
1375538400 1239 16667 1635 22559
1375531200 1224 16420 1523 22420
1375524000 1222 16961 1555 22459
1375516800 1230 16958 1415 22301
1375509600 1251 16818 1625 23658
1375502400 1242 16323 1613 22444
1375495200 1247 16974 1580 22403
1375488000 1298 17412 1785 25644
1375480800 1616 18597 3587 46131
1375473600 2141 25032 6568 46131
1375466400 1410 17723 2005 23933
1375459200 1810 19205 3547 32355
1375452000 1244 17247 1622 23449
1375444800 1231 17010 1485 22416
1375437600 1235 16476 1674 24411
1375430400 1223 16753 1543 23534
1375423200 1276 17671 2033 38234
1375416000 1266 16994 1553 22491
1375408800 1236 16453 1547 22486
1375401600 1329 17773 1749 30429
1375394400 1470 18339 4454 38196
1375387200 1300 15779 3054 35043
1375380000 1495 17181 2543 25172
1375372800 1376 17997 2853 30083
1375365600 1147 16839 1333 23254
1375358400 1126 15996 1362 22291
1375351200 1135 16031 1317 22262
1375344000 1124 16313 1348 22246
1375336800 1149 17119 1766 35133
1375329600 1102 15108 1325 22244
1375322400 1119 15879 1328 22416
1375315200 1142 16136 1476 23426
1375308000 1126 15579 1337 23048
1375300800 1164 17271 1337 22728
1375293600 1229 16907 2388 25101
1375286400 1538 19004 3264 37729
1375279200 1291 16484 1931 23893
1375272000 1174 16083 1513 22506
1375264800 1183 16063 1504 22358
1375257600 1205 16927 1491 22383
1375250400 1233 16221 1743 22758
1375243200 1323 17079 1680 22618
1375236000 1257 17557 1840 35156
1375228800 1667 22726 2382 36346
1375221600 2075 24812 3504 45378
1375214400 1328 16775 2130 24117
1375207200 2166 25122 4164 43442
1375200000 1910 25252 2813 38005
1375192800 1318 18469 2667 49779
1375185600 1213 16947 1549 22355
1375178400 1207 16612 1503 22428
1375171200 1199 16415 1481 22348
1375164000 1202 15047 1892 38026
1375156800 1354 15053 1835 22646
1375149600 1295 16563 1766 23276
1375142400 1326 16691 1681 23477
1375135200 1264 17099 1741 23781
1375128000 1911 25156 2835 41001
1375120800 1418 19492 3300 38211
1375113600 1750 18707 3074 42880
1375106400 1308 6629 1494 7147
1375099200 1333 6377 1643 6851
1375092000 1303 6356 1441 6473
1375084800 1304 6348 1453 6626
1375077600 1312 6360 1500 6689
1375070400 1309 6354 1473 6580
1375063200 1314 6348 1431 6540
1375056000 1306 6344 1498 6550
1375048800 1311 6350 1478 6555
1375041600 1310 6348 1502 6544
1375034400 1317 6360 1485 6571
1375027200 1328 6359 1652 6742
1375020000 1309 6346 1503 6534
1375012800 1304 6350 1410 6539
1375005600 1301 6339 1411 6524
1374998400 1310 6344 1456 6621
1374991200 1310 6342 1437 6562
1374984000 1400 6424 2107 7114
1374976800 1317 6372 1459 6596
1374969600 1303 6341 1494 6587
1374962400 1504 9953 2045 27526
1374955200 1843 22215 2408 27913
1374948000 1759 21551 2060 27619
1374940800 1701 19268 2061 27786
1374933600 1785 22187 2100 27786
1374926400 1692 18645 2040 27466
1374919200 1714 19538 1995 27603
1374912000 1763 20284 2019 27546
1374904800 1769 20677 2112 27623
1374897600 1769 21070 1970 27566
1374890400 1812 22240 2221 27988
1374883200 1811 21925 2160 27682
1374876000 1846 31047 10648 254079
1374868800 1220 18081 3288 29602
1374861600 1311 17720 3288 32401
1374854400 1321 18316 3275 24331
1374847200 792 15955 1026 22722
1374840000 782 16102 1039 23927
1374832800 792 16684 985 22088
1374825600 792 16692 987 22072
1374818400 811 16789 993 22078
1374811200 792 15941 989 22100
1374804000 815 16608 1015 22225
1374796800 1011 20760 1888 40808
1374789600 2279 32843 7801 90100
1374782400 1992 28503 7221 71472
1374775200 1312 15037 4712 39857
1374768000 2968 51975 19881 470430
1374760800 551 13014 1090 23058
1374753600 536 13099 1027 21854
1374746400 434 11426 838 21779
1374739200 544 15194 803 21751
1374732000 568 15598 948 22928
1374724800 600 16405 936 21823
1374717600 577 15614 979 21870
1374710400 679 11846 4396 151521
1374703200 1526 6961 5435 21391
1374696000 626 2181 1554 11156
1374688800 269 1619 1770 12601
1374681600 332 2518 1372 16878
1374674400 142 852 525 1744
1374667200 111 573 234 713
1374660000 109 565 211 653
1374652800 103 556 273 762
1374645600 108 581 230 952
1374638400 147 647 450 2053
1374631200 146 600 367 801
1374624000 168 741 446 1275
1374616800 876 9591 2106 21287
1374609600 694 6676 1335 22519
1374602400 743 3078 5199 20266
1374595200 952 3857 3834 17649
1374588000 454 1759 1907 9578
1374580800 173 656 291 787
1374573600 155 627 299 766
1374566400 169 656 324 858
1374559200 181 728 511 2229
1374552000 221 693 345 870
1374544800 211 695 368 906
1374537600 299 896 639 1705
1374530400 590 2193 995 5444
1374523200 513 2503 3144 13849
1374516000 491 2643 1545 20803
1374508800 1127 11741 4174 66025
1374501600 245 3233 4648 40253
1374494400 10 408 36 473
1374487200 10 412 35 488
1374480000 10 395 78 456
1374472800 9 393 31 432
1374465600 10 406 36 459
1374458400 10 409 36 496
1374451200 10 410 32 485
1374444000 10 420 36 734
1374436800 10 407 33 470
1374429600 10 409 36 473
1374422400 9 406 32 475
1374415200 10 407 33 468
1374408000 10 409 32 447
1374400800 9 409 32 463
1374393600 11 409 32 457
1374386400 9 404 33 507
1374379200 9 401 33 507
1374372000 9 411 32 471
1374364800 10 401 36 456
1374357600 11 422 60 780
1374350400 9 403 32 485
1374343200 9 413 32 505
1374336000 10 395 38 490
1374328800 10 381 37 470
1374321600 10 384 37 426
1374314400 10 390 44 461
1374307200 11 392 50 440
1374300000 9 381 32 420
1374292800 9 364 31 429
1374285600 10 344 33 429
1374278400 10 412 33 820
1374271200 11 856 38 1232
1374264000 10 859 38 1080
1374256800 10 795 33 946
1374249600 10 870 33 1236
1374242400 10 613 38 1276
1374235200 9 394 33 581
1374228000 10 388 36 434
1374220800 11 400 76 508
1374213600 10 404 41 639
1374206400 9 379 32 453
1374199200 9 391 37 526
1374192000 788 14850 6732 202887
1374184800 1014 11821 2754 29954
1374177600 694 4829 1142 7580
1374170400 901 10515 1632 23119
1374163200 1344 18235 2416 38642
1374156000 1003 16989 2236 25291
1374148800 934 16632 1236 21982
1374141600 956 16414 1407 23483
1374134400 1003 16273 1663 22496
1374127200 1057 16621 1600 22337
1374120000 999 16707 1542 22284
1374112800 961 16647 1386 22187
1374105600 1156 17170 2158 24649
1374098400 1194 17147 1974 24991
1374091200 1286 22087 3131 63281
1374084000 1405 15737 2627 26206
1374076800 1114 18417 1823 32208
1374069600 889 16596 1172 22425
1374062400 890 16267 1205 22086
1374055200 880 16505 1106 22317
1374048000 847 15166 1125 22157
1374040800 942 16764 1532 22413
1374033600 936 16724 1532 22413
1374026400 1167 17128 2735 25388
1374019200 1557 19340 3171 35965
1374012000 1087 16514 1438 22949
1374004800 1445 17435 4707 31007
1373997600 978 17411 1535 24424
1373990400 1915 25206 9018 154001
1373983200 1137 16982 1545 23601
1373976000 1134 16318 1329 22165
1373968800 1134 16263 1336 22040
1373961600 1145 16721 1579 22654
1373954400 1174 17310 1579 22654
1373947200 1147 16385 1332 22066
1373940000 1152 15974 1550 22453
1373932800 1145 16688 1557 22805
1373925600 2159 27868 9936 138026
1373918400 2843 52297 20397 524495
1373911200 2534 38073 20397 524495
1373904000 2393 21907 5126 68830
1373896800 2049 17876 3899 29116
1373889600 1975 17436 2161 22862
1373882400 1977 17434 2172 22904
1373875200 1957 16571 2178 22802
1373868000 1962 16846 2161 22745
1373860800 1985 17143 2273 22772
1373853600 1959 16555 2189 22878
1373846400 1918 14800 2186 22737
1373839200 1970 17125 2183 22849
1373832000 1961 16734 2146 22989
1373824800 1957 16757 2148 22740
1373817600 1975 17376 2162 22735
1373810400 1978 17442 2190 22926
1373803200 1956 16435 2196 22730
1373796000 1960 16786 2155 22917
1373788800 1978 17349 2164 22749
1373781600 1978 17432 2153 22783
1373774400 1998 17907 2164 22761
1373767200 1978 17416 2146 22766
1373760000 1960 16773 2145 22774
1373752800 1952 16334 2143 22781
1373745600 1979 17128 2609 36312
1373738400 1979 17446 2192 23065
1373731200 1982 17426 2203 22764
1373724000 1972 17475 2168 22931
1373716800 1959 16689 2213 22856
1373709600 1968 17130 2161 22756
1373702400 1993 16871 2378 22842
1373695200 1978 16551 2322 22870
1373688000 2002 17056 2322 22870
1373680800 1966 16157 2186 22762
1373673600 1984 16663 2186 23025
1373666400 2499 21382 4431 53363
1373659200 2851 28510 6011 70850
1373652000 2575 19972 5211 34032
1373644800 2310 18777 2899 31378
1373637600 2361 21631 5281 99162
1373630400 2078 16700 2429 23073
1373623200 2067 16682 2407 23000
1373616000 2070 16713 2380 22987
1373608800 2133 23379 2415 161179
1373601600 2121 17557 2417 23026
1373594400 1971 16952 2479 24099
1373587200 2119 19772 8773 43194
1373580000 3069 39630 10486 100508
1373572800 4016 33801 11216 249791
1373565600 3702 22836 4343 41404
1373558400 3794 23224 4706 29439
1373551200 3630 22513 4062 28391
1373544000 3593 21754 4052 27654
1373536800 3614 21929 3976 27740
1373529600 3617 22301 4108 27986
1373522400 3631 22218 4027 27750
1373515200 3587 21418 3978 27759
1373508000 3623 20596 3932 27732
1373500800 3713 22623 4156 28327
1373493600 4341 23782 5162 35478
1373486400 4775 25367 7112 35782
1373479200 4642 25152 5947 53806
1373472000 4448 23723 5255 36603
1373464800 4295 22254 4579 28948
1373457600 4297 23097 4584 29077
1373450400 4314 23083 4623 28548
1373443200 4315 22975 4719 28861
1373436000 4275 22382 4590 28392
1373428800 4279 22299 4811 28627
1373421600 4297 22890 4579 28440
1373414400 4472 23765 5043 31612
1373407200 5036 27018 5657 33282
1373400000 4724 24593 5535 34222
1373392800 3544 18327 4625 27108
1373385600 3571 20181 4404 37661
1373378400 3241 18746 3563 24410
1373371200 3233 18510 3565 23919
1373364000 3234 18241 3526 23893
1373356800 3223 17952 3555 23918
1373349600 3253 18598 3593 25091
1373342400 3241 17675 3563 23992
1373335200 3296 17993 3597 23982
1373328000 3391 19860 5793 30684
1373320800 2947 21211 7694 40173
1373313600 182562 195529 2350530 2381840
1373306400 3669 69523 34548 1025836
1373299200 2616 31531 13927 281556
1373292000 650 1234 689 1951
1373284800 650 959 667 1454
1373277600 648 939 663 983
1373270400 651 942 698 1007
1373263200 650 943 687 1025
1373256000 650 949 703 1037
1373248800 649 949 690 1057
1373241600 650 951 680 1008
1373234400 649 950 685 1037
1373227200 655 968 718 1323
1373220000 651 961 696 1328
1373212800 649 946 673 1040
1373205600 650 952 677 1051
1373198400 649 954 678 1025
1373191200 649 949 670 991
1373184000 650 949 693 1001
1373176800 650 954 682 1018
1373169600 648 957 679 1021
1373162400 650 963 696 1029
1373155200 648 953 675 1003
1373148000 649 1010 678 1120
1373140800 653 1038 688 1374
1373133600 654 1037 694 1366
1373126400 836 7146 1234 21897
1373119200 1054 15784 1247 21962
1373112000 1075 16642 1242 21978
1373104800 1069 16433 1267 22134
1373097600 1060 16058 1267 21941
1373090400 1088 16628 1341 21989
1373083200 1064 15783 1296 21968
1373076000 1055 15715 1282 22082
1373068800 1056 15967 1249 22023
1373061600 1061 15702 1335 22159
1373054400 1127 16743 1415 22053
1373047200 1150 16742 1492 22271
1373040000 1098 15850 1335 22080
1373032800 1101 16400 1288 22020
1373025600 1109 16210 1383 21979
1373018400 1112 16673 1329 22147
1373011200 1119 16705 1390 22077
1373004000 1110 15978 1288 22100
1372996800 1088 15832 1293 22100
1372989600 1774 19694 2538 27600
1372982400 2341 22255 2555 27708
1372975200 2343 22279 2548 27762
1372968000 2336 21798 2540 27839
1372960800 2338 21914 2569 27721
1372953600 2369 22857 2950 40942
1372946400 2358 22291 2544 27650
1372939200 2343 21415 2576 27623
1372932000 2340 21458 2561 27704
1372924800 2360 22277 2529 27624
1372917600 2356 22277 2530 27599
1372910400 2320 20529 2528 27555
1372903200 2359 22276 2553 27716
1372896000 2346 21839 2526 27641
1372888800 2343 20407 3127 28736
1372881600 2988 23597 3939 33771
1372874400 2786 22595 3312 29575
1372867200 2919 24034 6294 64286
1372860000 2146 20551 2846 26977
1372852800 2131 20291 2412 25802
1372845600 2132 20164 2458 25743
1372838400 2118 19878 2287 25567
1372831200 2137 20047 2497 26883
1372824000 2305 20424 2975 26094
1372816800 2167 20339 2399 25661
1372809600 2352 21101 3945 34355
1372802400 3217 20930 5317 43831
1372795200 3167 20006 4910 36674
1372788000 3276 19789 4935 34640
1372780800 3039 13072 4059 26919
1372773600 4483 13286 4723 14333
1372766400 4490 13106 4657 13264
1372759200 4494 13087 4779 13285
1372752000 4492 13082 4729 13259
1372744800 4536 13157 4783 14527
1372737600 4507 13119 4764 13385
1372730400 4526 13171 4721 14124
1372723200 3318 10065 5347 28747
1372716000 2457 6344 3047 10339
1372708800 3229 31090 10159 247798
1372701600 1087 4037 2880 24844
1372694400 1290 3655 3365 11594
1372687200 1101 4423 1335 4970
1372680000 1105 4238 1434 4715
1372672800 1091 4184 1408 4488
1372665600 1104 4205 1404 4502
1372658400 1132 4208 1473 4572
1372651200 1105 4206 1420 4536
1372644000 1100 4187 1559 4708
1372636800 1095 4186 1382 4573
1372629600 1176 4252 1672 4767
1372622400 1088 4190 1306 4482
1372615200 1090 4219 1323 4581
1372608000 1152 4249 1779 4866
1372600800 1127 4223 1831 4911
1372593600 1108 4213 1331 4492
1372586400 1077 4174 1267 4432
1372579200 1079 4184 1212 4424
1372572000 1101 4198 1371 4488
1372564800 1102 4193 1570 4574
1372557600 1089 4196 1197 4360
1372550400 1075 4180 1220 4388
1372543200 1091 4253 1246 4580
1372536000 1075 4248 1263 4583
1372528800 1095 4294 1239 4698
1372521600 1078 4255 1199 4426
1372514400 1097 4269 1467 4616
1372507200 1074 4260 1216 4519
1372500000 1071 4249 1188 4462
1372492800 1075 4251 1197 4447
1372485600 1084 4259 1240 4493
1372478400 1118 4331 1299 5542
1372471200 1108 4269 1239 4493
1372464000 1130 4123 8397 11165
1372456800 2107 21763 8397 59108
1372449600 1751 21139 2833 30308
1372442400 1333 16862 2411 23335
1372435200 1508 17801 3508 32281
1372428000 1802 20948 2449 32768
1372420800 1742 19562 1975 25301
1372413600 1759 19566 2214 25667
1372406400 1769 19989 2271 25543
1372399200 1814 20093 2232 26720
1372392000 1897 20120 2528 25834
1372384800 1814 19434 2599 26081
1372377600 2074 26605 3968 38720
1372370400 2028 26721 2888 42257
1372363200 2202 27864 5882 93128
1372356000 2256 23619 5869 55519
1372348800 2348 24926 3588 41614
1372341600 1757 20884 3543 43852
1372334400 1439 16554 1713 22348
1372327200 1461 16677 1969 22492
1372320000 1489 16512 1930 22413
1372312800 1497 16205 1874 23607
1372305600 1565 17103 2033 22598
1372298400 1498 17059 1809 22683
1372291200 1685 17870 2255 31591
1372284000 2249 23944 3755 46131
1372276800 2383 30992 9949 239818
1372269600 2473 34573 10514 254523
1372262400 891 18245 1824 31032
1372255200 615 16542 863 22240
1372248000 577 15576 883 21801
1372240800 604 16116 941 21633
1372233600 628 16291 1171 21907
1372226400 667 16367 1427 22897
1372219200 643 15892 1175 21726
1372204800 909 18526 4905 74768
1372118400 685 15861 3404 28180
1372032000 596 15785 1550 22160
1371945600 585 15883 1559 22223
1371859200 1348 16892 3884 44875
1371772800 1493 17325 10609 188880
1371686400 1651 18010 11706 60755
1371600000 6720 20980 24199 100109
1371513600 6998 24503 35085 486429
1371427200 2061 17221 3340 23418
1371340800 2042 17189 2402 23354
1371254400 2049 17283 3020 26104
1371168000 2029 16429 2752 35612
1371081600 2387 20568 8800 178830
1370995200 1568 19065 16941 231351
1370908800 713 16670 3327 40465
1370822400 546 15632 881 21475
1370736000 547 15436 872 21481
1370649600 728 18312 3692 62334
1370563200 775 17384 3600 42923
1370476800 1100 17927 6925 46552
1370390400 1001 18137 3881 92603
1370304000 1033 16809 118807 148433
1370217600 452 15295 669 21195
1370131200 457 15465 704 21234
1370044800 467 16004 870 30584
1369958400 455 15622 688 22552
1369872000 463 15836 817 24384
1369785600 794 11366 5806 52435
1369699200 336 2421 397 2885
1369612800 339 2438 392 2856
1369526400 345 2475 659 10952
1369440000 1025 14459 3403 32939
1369353600 1235 16774 9503 62419
1369267200 3240 21558 526556 546831
1369180800 6836 24279 1597179 1593556
1369094400 630 9265 8411 64003
1369008000 77 577 146 727
1368921600 81 604 298 1890
1368835200 2207 19845 9988 271392
1368748800 2392 21083 6226 59698
1368662400 2937 35653 6953 194000
1368576000 2044 36958 20737 278026
1368489600 3211 9994 22938 455880
1368403200 2445 5629 3239 25635
1368316800 2980 19753 3262 25761
1368230400 6512 29232 152262 262416
1368144000 2411 20371 6682 52843
1368057600 2843 20923 12353 242840
1367971200 2709 17740 11121 43679
1367884800 2728 20846 7638 59573
1367798400 2500 19026 2773 25527
1367712000 2497 18981 2848 25368
1367625600 2912 20090 10218 81277
1367539200 3263 22793 12211 236891
1367452800 3473 26852 5783 77771
1367366400 3239 26007 12506 233628
1367280000 3430 19773 50125 1639684
1367193600 3059 4359 3544 5032
1367107200 3499 15824 3998 27695
1367020800 2772 17274 11827 244104
1366934400 3658 21309 249662 272895
1366848000 1670 12946 4286 48006
1366761600 15529 34933 2809453 2803274
1366675200 8445 28917 29811 193108
1366588800 3187 24812 23051 246986
1366502400 3160 20772 8547 35849
1366416000 3132 23550 12027 244838
1366329600 2410 22191 11330 79531
1366243200 7587 41486 19092 250309
1366156800 3015 22619 11805 238946
1366070400 1384 10948 8535 112681
1365984000 1234 9537 3706 65365
1365897600 1532 19179 1858 25501
1365811200 1953 17228 4649 35367
1365724800 2906 21906 16752 250306
1365638400 2043 19839 19684 227679
1365552000 2172 22889 25273 278161
1365465600 2460 21313 13176 248546
1365379200 2339 11105 5102 34942
1365292800 1969 3570 2075 4527
1365206400 3096 21071 8737 36411
1365120000 3086 21189 11934 45369
1365033600 5507 23220 8908 45506
1364947200 4083 22331 15713 40258
1364860800 1299 9977 8355 169176
1364774400 802 3072 1156 6735
1364688000 1226 9018 2001 28629
1364601600 1506 13003 20595 45308
1364515200 1847 16251 6520 32407
1364428800 2598 16155 12093 240354
1364342400 2671 5392 2840 6249
1364256000 2672 5364 2814 6134
1364169600 2669 5241 2710 5667
1364083200 3260 7405 12441 27743
1363996800 3248 14479 37959 66926
1363910400 6673 22551 323251 340979
1363824000 6547 21860 14285 188478
1363737600 6369 19908 12480 76041
1363651200 2500 22249 11855 222729
1363564800 1414 18053 1733 23538
1363478400 1951 18645 8533 29575
1363392000 2826 23018 5842 52441
1363305600 2911 23465 14947 231062
1363219200 2946 14967 220567 600164
1363132800 2985 22192 18241 185093
1363046400 3373 11105 7138 107390
1362960000 3611 20203 4219 39597
1362873600 3990 20693 10028 49591
1362787200 5086 30622 12352 240333
1362700800 3805 28826 9096 196537
1362614400 4975 34370 28694 244179
1362528000 3078 23351 30488 237045
1362441600 1732 9463 24131 53318
1362355200 1307 13359 1749 23886
1362268800 1487 18227 2523 49023
1362182400 4419 21977 39674 55679
1362096000 5256 27991 13334 239385
1362009600 6903 27118 14244 233425
1361923200 5533 24884 16541 37598
1361836800 8245 15400 18433 35138
1361750400 6861 26805 8013 59923
1361664000 6932 27636 12750 96165
1361577600 6692 37814 72602 1524392
1361491200 6245 26817 17752 134395
1361404800 5770 25550 32871 245377
1361318400 4288 8771 7269 68344
1361232000 4453 14139 5050 26454
1361145600 4782 20539 5485 40331
1361059200 6229 21817 7312 28142
1360972800 4437 23275 9144 50297
1360886400 2411 22327 26264 56610
1360800000 1970 23050 21412 261184
1360713600 1733 20047 5903 45231
1360627200 843 4730 6395 48833
1360540800 546 927 676 1179
1360454400 895 10577 1515 31490
1360368000 1116 16289 1526 23543
1360281600 7671 24854 11715 69482
1360195200 11532 28395 684955 48781
1360108800 27908 117986 1207155 3701372
1360022400 7556 14070 11966 40248
1359936000 7094 8130 7689 8796
1359849600 9370 19685 13943 50104
1359763200 10136 28633 91222 109648
1359676800 9324 29329 16179 225586
1359590400 11696 31016 21121 248611
1359504000 2458 20912 13255 52490
1359417600 5318 9879 8037 32417
1359331200 7343 8587 7894 9483
1359244800 8435 20321 13102 31276
1359158400 8456 26425 18625 50688
1359072000 7948 27496 10534 49191
1358985600 8089 26046 14693 218256
1358899200 6886 14078 10321 104745
1358812800 6286 6505 6759 7043
1358726400 6283 6498 6742 7015
1358640000 6681 15924 7513 28958
1358553600 7742 24377 14638 48796
1358467200 6951 14031 10295 57496
1358380800 6578 7131 10226 11164
1358294400 7117 16250 11835 31887
1358208000 3142 13839 21298 49611
1358121600 1635 30846 2076 42340
1358035200 1860 36949 2079 42299
1357948800 2006 38881 13360 443636
1357862400 1991 37331 4303 80919
1357776000 2805 37351 112418 2737051
1357689600 4461 22870 302823 711724
1357603200 105356 20205 5271629 544044
1357516800 538 3093 621 3744
1357430400 1437 13643 6894 29246
1357344000 2560 63778 29970 1090379
1357257600 1192 9571 10584 42976
1357171200 349 2814 5422 53672
1357084800 7 492 56 594
1356998400 7 556 58 1890
1356912000 7 484 55 606
1356825600 6 498 55 697
1356739200 7 569 86 1352
1356652800 7 543 59 1196
1356566400 6 552 57 1329
1356480000 6 446 57 565
1356393600 7 450 53 597
1356307200 7 455 14 612
1356220800 6 472 68 2405
1356134400 2375 6856 6457 36773
1356048000 2101 10218 20406 422353
1355961600 1432 10856 47396 518605
1355875200 4642 41767 10620 69262
1355788800 3847 9272 9538 75653
1355702400 3778 6534 3945 7091
1355616000 4315 7119 9190 12354
1355529600 7804 16713 520628 517458
1355443200 4832 10231 425945 588763
1355356800 2931 6362 7801 37671
1355270400 6223 136502 42738 1362659
1355184000 2310 8345 38100 82399
1355097600 2372 6534 5703 10565
1355011200 2122 6239 6356 10529
1354924800 4361 4755 672089 41445
1354838400 2209 5254 10608 16084
1354752000 1463 4997 4130 25121
1354665600 1504 5083 13825 31112
1354579200 1572 4878 4360 24062
1354492800 1457 4033 1539 4583
1354406400 1455 4031 1519 4629
1354320000 1440 4277 2138 7531
1354233600 1262 7581 42935 66484
1354147200 821 5901 5311 26215
1354060800 1325 6283 23799 32867
1353974400 897 8331 4648 32867
1353888000 717 7491 784 8073
1353801600 718 7518 817 8598
1353715200 720 7526 1255 23920
1353628800 719 7518 859 8219
1353542400 873 6734 17625 397500
1353456000 521 4504 10307 222459
1353369600 1594 6946 6816 290657
1353283200 1480 3897 1547 4372
1353196800 1482 3914 1540 4444
1353110400 1433 8306 28960 138603
1353024000 1200 12290 23467 864508
1352937600 7580 66748 877917 2253356
1352851200 606 15943 17922 1158770
1352764800 1082 52207 19773 1650742
1352678400 341 2738 415 4080
1352592000 353 2762 402 3256
1352505600 422 3369 3519 19734
1352419200 357 2984 492 4007
1352332800 530 4952 6678 52816
1352246400 587 5381 2728 19201
1352160000 565 4623 8485 154271
1352073600 369 2736 533 3253
1351987200 365 2716 441 3160
1351900800 564 3884 5276 26603
1351814400 641 4705 4110 75565
1351728000 318 2640 5285 39555
1351641600 0 443 0 1004
1351555200 0 481 0 708
1351468800 0 498 0 612
1351382400 0 501 0 656
1351296000 1228 2335 4167 25244
1351209600 1361 4544 6209 86751
1351123200 1372 5209 4251 80378
1351036800 1320 5024 4721 46874
1350950400 1508 4006 1821 11837
1350864000 1750 4010 1825 4715
1350777600 1770 4254 2373 13743
1350691200 1592 8882 13004 211883
1350604800 2124 27468 112513 3490840
1350518400 1454 6263 3906 25232
1350432000 1504 4957 4370 27190
1350345600 1260 4789 3718 18559
1350259200 1050 3311 1095 3757
1350172800 1049 3306 1102 3717
1350086400 1275 4633 3496 28271
1350000000 1275 4327 6551 23540
1349913600 2276 5611 4507 34316
1349827200 4232 29502 107236 183425
1349740800 6105 22908 76082 170548
1349654400 2893 5369 2997 5839
1349568000 2893 5369 3018 5936
1349481600 3086 7476 9592 26246
1349395200 3073 7942 5539 20437
1349308800 3057 8499 3192 9404
1349222400 3167 8780 5494 36811
1349136000 3158 9858 5969 79864
1349049600 2937 7515 3086 8182
1348963200 2933 7511 3068 8004
1348876800 3160 8748 7696 35981
1348790400 3627 8713 27494 395369
1348704000 2981 6616 9032 35160
1348617600 2932 6237 6764 22205
1348531200 3213 7142 9407 26233
1348444800 2758 5249 2961 5730
1348358400 2745 5272 2963 9233
1348272000 2943 6057 6636 29623
1348185600 3046 7093 7400 63966
1348099200 2215 5767 9927 58736
1348012800 2015 5393 8103 34086
1347926400 1789 4211 1844 5067
1347840000 1789 4032 2039 4500
1347753600 1787 4037 1866 4701
1347667200 1978 5118 11034 25809
1347580800 3600 6886 344953 344311
1347494400 2148 5240 5390 26404
1347408000 3388 6907 13328 56660
1347321600 5580 12251 699163 1016945
1347235200 2785 8084 2923 9399
1347148800 2784 8101 2979 8830
1347062400 3229 11839 14592 66558
1346976000 3124 11090 7536 55564
1346889600 3070 11714 22146 298550
1346803200 2565 8064 9673 175047
1346716800 2304 6157 2411 6993
1346630400 2297 6097 2411 7072
1346544000 2300 6152 2423 7093
1346457600 2319 6341 2426 7795
1346371200 2311 6444 2418 7640
1346284800 2310 6499 2414 8050
1346198400 2318 6906 2427 98687
1346112000 2307 6488 2431 7939
1346025600 2380 6279 2539 7043
1345939200 2479 7021 2656 8998
1345852800 2634 6875 8781 27536
1345766400 2552 6423 7520 39307
1345680000 2684 7059 17282 78709
1345593600 2752 7880 8351 73300
1345507200 5438 9363 336826 340191
1345420800 2273 4959 2427 8145
1345334400 2272 4960 2389 5364
1345248000 2475 6077 5811 24338
1345161600 3983 7527 127521 192237
1345075200 2882 5999 5870 17401
1344988800 2642 6151 6442 26457
1344902400 2360 5672 5520 27309
1344816000 2225 4994 2352 5628
1344729600 2226 5000 2355 5535
1344643200 2238 5149 2345 6669
1344556800 2595 6128 33667 50771
1344470400 2439 5751 9185 17920
1344384000 2326 5439 5150 17223
1344297600 919 3912 9979 27040
1344211200 409 2638 534 3365
1344124800 412 2749 640 9576
1344038400 840 4859 7006 38377
1343952000 571 3347 2360 15861
1343865600 746 5684 22436 376808
1343779200 1446 3925 215296 46418
1343692800 398 2731 447 3487
1343606400 396 2555 450 3115
1343520000 399 2355 492 3122
1343433600 706 3935 3762 62055
1343347200 1262 6103 7635 168561
1343260800 786 4754 4911 120228
1343174400 891 4733 5622 21035
1343088000 956 4856 8106 38418
1343001600 491 2774 538 3195
1342915200 491 2780 591 3413
1342828800 493 2972 537 3682
1342742400 1240 4381 3415 23177
1342656000 1666 5024 9448 34140
1342569600 1786 7350 5705 23814
1342483200 1599 6730 2928 16096
1342396800 1526 6470 1626 6968
1342310400 1525 6459 1627 7057
1342224000 1652 7938 4856 45044
1342137600 2288 4887 210450 61287
1342051200 14100 5853 2041815 77851
1341964800 2703 14611 74789 2234820
1341878400 2784 6786 7131 38901
1341792000 2655 5889 2753 6458
1341705600 2646 5907 2784 6555
1341619200 2825 8684 6029 35309
1341532800 5059 14772 211773 68217
1341446400 2604 6602 2719 6973
1341360000 2628 7544 2811 8896
1341273600 2723 9318 2912 10790
1341187200 2757 9753 3035 10561
1341100800 2821 12525 19914 630659
1341014400 3054 13079 20003 622317
1340928000 2880 8486 5192 24246
1340841600 2890 8715 6375 25753
1340755200 2930 8521 23904 22844
1340668800 2857 8076 4272 34385
1340582400 2766 7143 2909 8448
1340496000 2772 7221 2886 8162
1340409600 3015 8010 42199 56163
1340323200 2567 13743 51821 1580673
1340236800 1499 4352 3196 15675
1340150400 1477 6137 2468 87983
1340064000 7438 9810 1076576 65081
1339977600 1558 6351 1662 6826
1339891200 1553 6375 1668 6803
1339804800 887 4779 28155 167767
1339718400 1488 4706 20840 114222
1339632000 2149 6282 38763 114118
1339545600 57861 57768 4078663 3375324
1339459200 36326 118253 1049571 1957183
1339372800 413 2115 1521 34533
1339286400 437 2734 566 3242
1339200000 4998 10729 1070874 695558
1339113600 1881 7083 5053 27850
1339027200 3015 6436 13049 28486
1338940800 1893 7290 15509 180692
1338854400 1473 6087 12264 24907
1338768000 911 5058 1020 5458
1338681600 914 5090 1038 5618
1338595200 978 6874 31413 14877
1338508800 764 7373 922 8444
1338422400 823 7738 2226 39694
1338336000 883 7512 9025 28178
1338249600 759 7088 937 7884
1338163200 757 7081 891 7639
1338076800 809 7088 1013 7747
1337990400 886 7733 5444 31559
1337904000 1941 6121 4923 29714
1337817600 1377 5064 15012 167856
1337731200 1116 7961 2590 12973
1337644800 1071 7403 27673 237320
1337558400 441 2702 500 3034
1337472000 470 2706 564 3183
1337385600 688 4504 5210 18912
1337299200 759 6286 3172 17603
1337212800 810 7174 2388 13127
1337126400 832 5112 2926 11941
1337040000 788 4800 2963 17414
1336953600 649 4222 698 4686
1336867200 649 4222 699 4663
1336780800 661 4392 1013 5093
1336694400 780 4925 2781 20887
1336608000 772 4996 2611 22071
1336521600 779 4974 5211 18901
1336435200 646 4334 739 5035
1336348800 647 4165 769 4594
1336262400 650 4235 767 5032
1336176000 740 5031 2589 25047
1336089600 747 5668 1993 24624
1336003200 776 7305 10246 358317
1335916800 590 3346 3468 11863
1335830400 613 3746 2831 38984
1335744000 446 2644 490 2855
1335657600 449 2726 574 3273
1335571200 547 3350 3861 16527
1335484800 778 5356 11674 248462
1335398400 552 3241 1703 43095
1335312000 478 2752 647 3400
1335225600 684 3197 27684 31340
1335139200 445 2505 579 2715
1335052800 446 2531 534 2912
1334966400 608 4499 11540 313893
1334880000 493 2718 658 3378
1334793600 843 10826 53532 1111374
1334707200 548 7547 10099 312813
1334620800 213 2488 3019 36707
1334534400 0 737 0 924
1334448000 0 738 0 888
1334361600 0 972 0 1805
1334275200 0 905 0 1711
1334188800 0 928 0 1962
1334102400 0 856 0 1464
1334016000 0 954 0 1797
1333929600 0 718 0 876
1333843200 0 721 0 877
1333756800 3407 7646 94417 19802
1333670400 4454 8168 196603 25528
1333584000 3206 6477 4548 14039
1333497600 2811 8452 6394 30433
1333411200 2365 7131 6920 98826
1333324800 2254 5799 2331 7731
1333238400 2291 5901 3461 9964
1333152000 1798 5068 5787 117225
1333065600 1592 3945 5132 19395
1332979200 1732 3895 22018 14622
1332892800 1721 5554 4555 57631
1332806400 1636 5189 2245 8837
1332720000 1620 4955 1724 7064
1332633600 1621 5001 1690 6099
1332547200 1488 9124 12496 331171
1332460800 1468 8383 4299 17869
1332374400 1853 8073 2894 19342
1332288000 1920 8889 3148 15292
1332201600 2335 8147 3586 37229
1332115200 2396 7401 2472 7905
1332028800 2646 7583 3076 8251
1331942400 2633 8222 4237 17462
1331856000 2794 8215 9081 17206
1331769600 2095 7575 24359 458274
1331683200 3614 7969 291253 347358
1331596800 1430 5978 6809 33775
1331510400 890 4403 1160 4795
1331424000 886 4414 978 4964
1331337600 1045 5200 7232 24605
1331251200 3341 8948 355955 350065
1331164800 1632 6827 6493 128957
1331078400 1189 10157 27265 812950
1330992000 911 7804 4644 24585
1330905600 841 7302 954 7743
1330819200 849 7377 1690 14842
1330732800 814 6203 1925 17869
1330646400 1616 16751 60569 1327276
1330560000 450 4757 17945 389358
1330473600 575 13657 4201 73250
1330387200 138 1319 15821 20141
1330300800 0 780 0 902
1330214400 0 781 0 946
1330128000 0 939 0 1638
1330041600 0 972 0 1747
1329955200 0 962 0 1674
1329868800 0 926 0 1563
1329782400 0 775 0 952
1329696000 0 774 0 913
1329609600 0 782 0 944
1329523200 2049 9227 7188 66478
1329436800 1981 6327 7215 47058
1329350400 2068 12303 12246 236650
1329264000 3358 11449 10485 182427
1329177600 1907 10414 20906 604859
1329091200 1411 4740 1697 7079
1329004800 1387 4685 1734 5976
1328918400 1443 6371 6597 28466
1328832000 10246 7235 981966 209237
1328745600 33026 7457 1207412 35044
1328659200 1383 5802 14700 234441
1328572800 886 4007 4378 28106
1328486400 411 2554 461 2795
1328400000 411 2555 477 3768
1328313600 57 401 2213 12512
1328227200 0 0 0 0
1328140800 0 0 0 0
1328054400 0 0 0 0
1327968000 0 0 0 0
1327881600 0 0 0 0
1327795200 0 0 0 0
1327708800 0 0 0 0
1327622400 0 0 0 0
1327536000 0 0 0 0
1327449600 0 0 0 0
1327363200 0 0 0 0
1327276800 0 0 0 0
1327190400 0 0 0 0
1327104000 0 0 0 0
1327017600 0 0 0 0
1326931200 0 0 0 0
1326844800 0 0 0 0
1326758400 0 0 0 0
1326672000 0 0 0 0
1326585600 0 0 0 0
1326499200 0 0 0 0
1326412800 0 0 0 0
1326326400 0 0 0 0
1326240000 0 0 0 0
1326153600 0 0 0 0
1326067200 0 0 0 0
1325980800 0 0 0 0
1325894400 0 0 0 0
1325808000 0 0 0 0
1325721600 0 0 0 0
1325635200 0 0 0 0
1325548800 0 0 0 0
1325462400 0 0 0 0
1325376000 0 0 0 0
1325289600 0 0 0 0
1325203200 0 0 0 0
1325116800 0 0 0 0
1325030400 0 0 0 0
1324944000 0 0 0 0
1324857600 0 0 0 0
1324771200 0 0 0 0
1324684800 0 0 0 0
1324598400 0 0 0 0
1324512000 0 0 0 0
1324425600 0 0 0 0
1324339200 0 0 0 0
1324252800 0 0 0 0
1324166400 0 0 0 0
1324080000 0 0 0 0
1323993600 0 0 0 0
1323907200 0 0 0 0
1323820800 0 0 0 0
1323734400 0 0 0 0
1323648000 0 0 0 0
1323561600 0 0 0 0
1323475200 0 0 0 0
1323388800 0 0 0 0
1323302400 0 0 0 0
1323216000 0 0 0 0
1323129600 0 0 0 0
1323043200 0 0 0 0
1322956800 0 0 0 0
1322870400 0 0 0 0
1322784000 0 0 0 0
1322697600 0 0 0 0
1322611200 0 0 0 0
1322524800 0 0 0 0
1322438400 0 0 0 0
1322352000 0 0 0 0
1322265600 0 0 0 0
1322179200 0 0 0 0
1322092800 0 0 0 0
1322006400 0 0 0 0
1321920000 0 0 0 0
1321833600 0 0 0 0
1321747200 0 0 0 0
1321660800 0 0 0 0
1321574400 0 0 0 0
1321488000 0 0 0 0
1321401600 0 0 0 0
1321315200 0 0 0 0
1321228800 0 0 0 0
1321142400 0 0 0 0
1321056000 0 0 0 0
1320969600 0 0 0 0
1320883200 0 0 0 0
1320796800 0 0 0 0
1320710400 0 0 0 0
1320624000 0 0 0 0
1320537600 0 0 0 0
1320451200 0 0 0 0
1320364800 0 0 0 0
1320278400 0 0 0 0
1320192000 0 0 0 0
1320105600 0 0 0 0
1320019200 0 0 0 0
1319932800 0 0 0 0
1319846400 0 0 0 0
1319760000 0 0 0 0
1319673600 0 0 0 0
1319587200 0 0 0 0
1319500800 0 0 0 0
1319414400 0 0 0 0
1319328000 0 0 0 0
1319241600 0 0 0 0
1319155200 0 0 0 0
1319068800 0 0 0 0
1318982400 0 0 0 0
1318896000 0 0 0 0
1318809600 0 0 0 0
1318723200 0 0 0 0
1318636800 0 0 0 0
1318550400 0 0 0 0
1318464000 0 0 0 0
1318377600 0 0 0 0
1318291200 0 0 0 0
1318204800 0 0 0 0
1318118400 0 0 0 0
1318032000 0 0 0 0
1317945600 0 0 0 0
1317859200 0 0 0 0
1317772800 0 0 0 0
1317686400 0 0 0 0
1317600000 0 0 0 0
1317513600 0 0 0 0
1317427200 0 0 0 0
1317340800 0 0 0 0
1317254400 0 0 0 0
1317168000 0 0 0 0
1317081600 0 0 0 0
1316995200 0 0 0 0
1316908800 0 0 0 0
1316822400 0 0 0 0
1316736000 0 0 0 0
1316649600 0 0 0 0
1316563200 0 0 0 0
1316476800 0 0 0 0
1316390400 0 0 0 0
1316304000 0 0 0 0
1316217600 0 0 0 0
1316131200 0 0 0 0
1316044800 0 0 0 0
1315958400 0 0 0 0
1315872000 0 0 0 0
1315785600 0 0 0 0
1315699200 0 0 0 0
1315612800 0 0 0 0
1315526400 0 0 0 0
1315440000 0 0 0 0
1315353600 0 0 0 0
1315267200 0 0 0 0
1315180800 0 0 0 0
1315094400 0 0 0 0
1315008000 0 0 0 0
1314921600 0 0 0 0
1314835200 0 0 0 0
1314748800 0 0 0 0
1314662400 0 0 0 0
1314576000 0 0 0 0
1314489600 0 0 0 0
1314403200 0 0 0 0
1314316800 0 0 0 0
1314230400 0 0 0 0
1314144000 0 0 0 0
1314057600 0 0 0 0
1313971200 0 0 0 0
1313884800 0 0 0 0
1313798400 0 0 0 0
1313712000 0 0 0 0
1313625600 0 0 0 0
1313539200 0 0 0 0
1313452800 0 0 0 0
1313366400 0 0 0 0
1313280000 0 0 0 0
1313193600 0 0 0 0
1313107200 0 0 0 0
1313020800 0 0 0 0
1312934400 0 0 0 0
1312848000 0 0 0 0
1312761600 0 0 0 0
1312675200 0 0 0 0
1312588800 0 0 0 0
1312502400 0 0 0 0
1312416000 0 0 0 0
1312329600 0 0 0 0
1312243200 0 0 0 0
1312156800 0 0 0 0
1312070400 0 0 0 0
1311984000 0 0 0 0
1311897600 0 0 0 0
1311811200 0 0 0 0
1311724800 0 0 0 0
1311638400 0 0 0 0
1311552000 0 0 0 0
1311465600 0 0 0 0
1311379200 0 0 0 0
1311292800 0 0 0 0
1311206400 0 0 0 0
1311120000 0 0 0 0
1311033600 0 0 0 0
1310947200 0 0 0 0
1310860800 0 0 0 0
1310774400 0 0 0 0
1310688000 0 0 0 0
1310601600 0 0 0 0
1310515200 0 0 0 0
1310428800 0 0 0 0
1310342400 0 0 0 0
1310256000 0 0 0 0
1310169600 0 0 0 0
1310083200 0 0 0 0
1309996800 0 0 0 0
1309910400 0 0 0 0
1309824000 0 0 0 0
1309737600 0 0 0 0
1309651200 0 0 0 0
1309564800 0 0 0 0
1309478400 0 0 0 0
1309392000 0 0 0 0
1309305600 0 0 0 0
1309219200 0 0 0 0
1309132800 0 0 0 0
1309046400 0 0 0 0
