1377805802 484101772 2887986673
1377805802 5655 15852 5655 15852
1377805502 5865 15863 5865 15863
1377805500 5865 15867 5875 17123
1377805200 5875 17113 5955 17123
1377804900 5956 15647 6124 15671
1377804600 6122 15670 6124 15671
1377804300 5739 15637 6025 16329
1377804000 6025 16330 6165 16822
1377803700 6164 16819 6165 16822
1377803400 6014 16467 6015 16474
1377803100 5887 15437 6251 15784
1377802800 6256 15828 7044 22456
1377802500 7224 33346 34121 1656065
1377802200 33934 1645129 34121 1656065
1377801900 6119 15740 6287 15741
1377801600 6287 15654 6436 16255
1377801300 6435 16253 6436 16255
1377801000 6271 15831 6585 16147
1377800700 6591 16194 7612 23322
1377800400 7609 23358 7612 28844
1377800100 7279 28762 7284 28844
1377799800 6646 16618 6648 17357
1377799500 6421 17350 6423 17357
1377799200 6255 16485 6958 34501
1377798900 6954 34440 6958 34501
1377798600 5988 16307 6208 16310
1377798300 6207 15884 6208 16080
1377798000 6118 16077 6119 16080
1377797700 6020 15711 6021 15712
1377797400 5963 15574 6395 15934
1377797100 6393 15935 6395 16175
1377796800 6134 16173 6203 16175
1377796500 6203 15997 6232 15998
1377796200 6233 15962 6449 25723
1377795900 6449 25685 6496 25723
1377795600 6497 20045 7076 20052
1377795300 7074 18050 7076 26632
1377795000 6799 26589 6800 26632
1377794700 6800 20313 7666 29403
1377794400 7663 29444 7666 35570
1377794100 7280 35473 7286 35570
1377793800 6509 21064 6515 21083
1377793500 5625 18237 5633 18250
1377793200 4489 16439 5205 16444
1377792900 5199 15247 5205 16231
1377792600 5048 16395 107725 40865
1377792300 107054 40719 107725 40865
1377792000 7175 19036 7195 19065
1377791700 4261 14750 4407 18156
1377791400 4425 18140 7166 18156
1377791100 7170 15825 7851 18238
1377790800 8975 18257 176487 21101
1377790500 176042 21109 176487 23716
1377790200 43384 23676 61583 23716
1377789900 61590 17830 62745 21876
1377789600 62744 21889 62745 23875
1377789300 62246 23875 62623 23879
1377789000 6120 23832 6123 23879
1377788700 5790 16943 11000 20142
1377788400 11002 20111 11356 20142
1377788100 11315 15639 11356 18214
1377787800 5226 18218 5607 18916
1377787500 5606 18898 5607 18916
1377787200 5570 16304 5574 16312
1377786900 5077 15138 5170 15465
1377786600 5185 15489 9830 22856
1377786300 9805 22826 9830 22856
1377786000 6154 18414 6158 18429
1377785700 5564 16262 5856 16488
1377785400 5878 16524 9285 21943
1377785100 9261 21911 9285 21943
1377784800 5688 17237 5693 17243
1377784500 5052 16423 5141 17224
1377784200 5150 17255 8119 26598
1377783900 8114 26624 8119 30561
1377783600 7378 30463 7396 30561
1377783300 4714 15892 4716 15902
1377783000 4526 14500 4599 15069
1377782700 4597 15061 4599 15069
1377782400 4359 14006 4490 14372
1377782100 4490 14373 4657 14885
1377781800 4656 14883 4657 14885
1377781500 4634 14623 4635 14869
1377781200 4547 14866 4548 14869
1377780900 4496 14522 4497 14979
1377780600 4413 14976 4680 14979
1377780300 4679 14531 4680 14532
1377780000 4630 14447 4631 14753
1377779700 4577 14746 4580 14753
1377779400 4240 13760 4596 14751
1377779100 4595 14747 4596 14751
1377778800 4505 14259 4521 14361
1377778500 4520 14360 4521 14361
1377778200 4383 14144 4641 14590
1377777900 4641 14591 4677 14907
1377777600 4676 14903 4677 14907
1377777300 4562 14318 4563 14632
1377777000 4424 14629 4535 14632
1377776700 4534 14305 4535 14311
1377776400 4529 14312 4530 14591
1377776100 4508 14589 4673 14591
1377775800 4672 14399 4673 14400
1377775500 4548 14296 4549 14297
1377775200 4405 14253 4566 14756
1377774900 4565 14754 4566 14756
1377774600 4537 14480 4693 14768
1377774300 4692 14767 4693 14768
1377774000 4669 14700 4672 14707
1377773700 4343 13752 4519 14965
1377773400 4519 14959 4519 14965
1377773100 4519 14150 4583 14302
1377772800 4581 14301 4583 14302
1377772500 4408 14196 4556 14197
1377772200 4555 14078 4556 14398
1377771900 4477 14397 4576 14398
1377771600 4575 14259 4576 14400
1377771300 4474 14398 4475 14400
1377771000 4470 14164 4472 14168
1377770700 4270 13617 4599 14583
1377770400 4599 14581 4613 14583
1377770100 4613 14203 4635 15103
1377769800 4633 15094 4635 15103
1377769500 4380 13769 4495 14478
1377769200 4495 14475 4558 14478
1377768900 4558 14173 4559 14174
1377768600 4559 14166 4575 14393
1377768300 4574 14390 4575 14393
1377768000 4461 14091 4746 14646
1377767700 4744 14643 4746 14646
1377767400 4524 14239 4564 14515
1377767100 4564 14513 4698 14515
1377766800 4696 14285 4698 14288
1377766500 4444 13863 4534 15018
1377766200 4533 15011 4534 15018
1377765900 4513 14100 4514 14450
1377765600 4492 14448 4561 14450
1377765300 4559 14252 4561 14256
1377765000 4395 13770 4611 14517
1377764700 4610 14515 4611 14517
1377764400 4561 14220 4562 14221
1377764100 4556 14136 4557 14311
1377763800 4409 14309 4410 14311
1377763500 4394 13973 4595 14382
1377763200 4594 14382 4595 14462
1377762900 4594 14464 4616 14821
1377762600 4614 14814 4616 14821
1377762300 4320 13836 4555 14349
1377762000 4555 14351 4686 14657
1377761700 4685 14655 4686 14657
1377761400 4504 14164 4718 14599
1377761100 4715 14597 4718 14599
1377760800 4404 14383 4654 14384
1377760500 4653 14293 4654 14561
1377760200 4590 14559 4591 14561
1377759900 4543 14248 4544 14251
1377759600 4404 13862 4646 14574
1377759300 4645 14574 4646 14673
1377759000 4632 14672 4633 14673
1377758700 4575 14608 4667 14610
1377758400 4666 14383 4667 14385
1377758100 4552 14138 4553 14410
1377757800 4487 14410 4644 14418
1377757500 4643 14418 4644 14558
1377757200 4559 14557 4599 14558
1377756900 4598 14330 4599 14331
1377756600 4353 14100 4535 14202
1377756300 4534 14202 4535 14298
1377756000 4523 14300 4784 15144
1377755700 4783 15142 4784 15144
1377755400 4665 14875 4666 14877
1377755100 4449 14366 4613 14367
1377754800 4613 14361 4752 14444
1377754500 4751 14445 4752 14772
1377754200 4612 14769 4633 14772
1377753900 4632 14440 4633 14441
1377753600 4543 14407 4679 14408
1377753300 4678 14319 4679 14576
1377753000 4631 14637 4711 23740
1377752700 4710 23709 4711 23740
1377752400 4646 14538 4647 14541
1377752100 4526 14221 4773 14947
1377751800 4771 14944 4773 14947
1377751500 4569 14501 4610 14503
1377751200 4609 14291 4610 14594
1377750900 4577 14593 4578 14594
1377750600 4532 14469 4651 14471
1377750300 4650 14258 4651 14751
1377750000 4610 14749 4673 14751
1377749700 4672 14477 4673 14667
1377749400 4604 14665 4631 14667
1377749100 4631 14267 4701 15128
1377748800 4700 15122 4701 15128
1377748500 4612 14364 4748 15170
1377748200 4747 15170 4748 15219
1377747900 4479 15213 4671 15219
1377747600 4671 14406 4677 14851
1377747300 4677 14848 4677 14851
1377747000 4677 14425 4703 14705
1377746700 4701 14723 4703 17500
1377746400 4475 17489 4748 17500
1377746100 4747 14376 4748 14907
1377745800 4736 14903 4737 14907
1377745500 4650 14426 4651 14651
1377745200 4592 14648 4618 14651
1377744900 4617 14221 4618 15084
1377744600 4604 15081 4623 15084
1377744300 4622 14252 4623 14717
1377744000 4604 14715 4685 14717
1377743700 4683 14486 4685 14487
1377743400 4452 14342 4703 14377
1377743100 4703 14377 4747 14580
1377742800 4746 14580 4747 14789
1377742500 4704 14784 4705 14789
1377742200 4565 14120 4565 14607
1377741900 4565 14605 4572 14607
1377741600 4572 14413 4659 14414
1377741300 4658 14354 4659 15099
1377741000 4620 15091 4621 15099
1377740700 4503 14026 4570 14432
1377740400 4570 14431 4635 14432
1377740100 4634 14286 4635 14685
1377739800 4554 14683 4673 14685
1377739500 4671 14435 4673 14437
1377739200 4389 14173 4700 14264
1377738900 4699 14266 4700 14701
1377738600 4652 14698 4653 14701
1377738300 4625 14369 4626 14370
1377738000 4570 14317 4582 14372
1377737700 4583 14375 4819 14919
1377737400 4817 14917 4819 14919
1377737100 4631 14675 4772 14677
1377736800 4770 14502 4772 14666
1377736500 4620 14663 4621 14666
1377736200 4404 13997 4663 14365
1377735900 4662 14366 4663 14615
1377735600 4577 14613 4595 14615
1377735300 4594 14384 4595 14409
1377735000 4539 14409 4540 14434
1377734700 4521 14436 4599 14739
1377734400 4599 14739 4829 14740
1377734100 4828 14741 4829 15102
1377733800 4597 15096 4888 15102
1377733500 4886 14215 4888 14222
1377733200 4593 14227 4752 15015
1377732900 4751 15011 4752 15015
1377732600 4715 14561 4716 14806
1377732300 4691 14802 4692 14806
1377732000 4579 14331 4593 14500
1377731700 4593 14500 4662 14719
1377731400 4662 14722 4682 15171
1377731100 4682 15167 4776 15171
1377730800 4775 14677 4776 14692
1377730500 4763 14692 4765 14706
1377730200 4501 14706 4755 14869
1377729900 4757 14876 5202 15958
1377729600 5205 15959 5664 16230
1377729300 5667 16239 6193 17697
1377729000 6205 17712 9879 22253
1377728700 9852 22234 9879 22253
1377728400 5924 19423 5927 22550
1377728100 5489 22548 9358 22550
1377727800 9335 21956 9358 21986
1377727500 5952 17621 5953 21325
1377727200 5926 21306 5929 21325
1377726900 5238 15847 5501 18000
1377726600 5504 18053 6032 26042
1377726300 6026 26038 6032 26042
1377726000 5234 25473 5339 25505
1377725700 5342 20842 5900 22126
1377725400 5895 22088 5900 22126
1377725100 5279 16559 5281 16564
1377724800 5036 15845 5137 15868
1377724500 5136 15902 5137 20979
1377724200 5070 20946 5071 20979
1377723900 4979 16169 5621 17012
1377723600 5616 17000 5621 17012
1377723300 4914 15364 5594 21831
1377723000 5593 21819 5594 21831
1377722700 5563 18462 6163 19406
1377722400 6278 19558 23550 42246
1377722100 23498 42090 23550 42246
1377721800 15710 19030 15773 27020
1377721500 6522 27114 28671 41199
1377721200 28520 41042 28671 41199
1377720900 6107 17753 6112 18252
1377720600 5498 18286 6526 23440
1377720300 6521 23427 6526 23440
1377720000 5171 19659 6107 19660
1377719700 6104 19626 6107 19631
1377719400 5242 18199 6530 18865
1377719100 6524 18868 6530 19367
1377718800 5679 19351 5680 19367
1377718500 5645 17127 5687 20272
1377718200 5874 20260 33877 20272
1377717900 33783 18595 33877 21559
1377717600 5909 21544 5913 21559
1377717300 5332 19433 5519 21106
1377717000 5521 21121 6204 25627
1377716700 6209 25577 7075 25627
1377716400 7062 18157 7075 18158
1377716100 5263 17999 5269 18016
1377715800 4590 15660 17238 26267
1377715500 17261 26202 20718 26267
1377715200 20611 16619 20718 16636
1377714900 4933 14109 29579 16277
1377714600 29547 16272 29579 16277
1377714300 20221 14960 20276 15566
1377714000 12114 15567 12157 15785
1377713700 5757 15790 11551 16665
1377713400 11504 16654 11551 16665
1377713100 4529 15004 4532 15017
1377712800 4096 13204 4436 14466
1377712500 4435 14466 4436 14714
1377712200 4368 14709 4369 14714
1377711900 4308 14058 4400 14217
1377711600 4398 14214 4400 14217
1377711300 4224 13795 4226 13797
1377711000 4074 13566 4497 14621
1377710700 4496 14617 4497 14621
1377710400 4224 13672 4372 14468
1377710100 4371 14461 4372 14468
1377709800 4226 13457 4254 14685
1377709500 4254 14684 4506 14685
1377709200 4505 14402 4506 14404
1377708900 4284 14000 4586 15555
1377708600 4588 15823 4952 55755
1377708300 5137 66144 32785 1614137
1377708000 32609 1603523 32785 1614137
1377707700 6409 22179 6416 22184
1377707400 5384 21453 5614 21684
1377707100 5618 21807 6353 40226
1377706800 6344 40089 6353 40226
1377706500 5094 19783 6263 19795
1377706200 6260 16323 6263 21062
1377705900 5844 21231 6204 46463
1377705600 6206 46475 6577 48319
1377705300 6578 48146 6830 48319
1377705000 6827 22497 6830 24248
1377704700 6409 24226 6412 24248
1377704400 6095 21048 6390 32117
1377704100 6387 32136 6390 35114
1377703800 6057 35011 6061 35114
1377703500 5570 19775 5998 19787
1377703200 6000 16503 6765 28341
1377702900 6767 28375 7095 33539
1377702600 7094 33456 7095 33539
1377702300 7010 21307 7309 35451
1377702000 7304 35348 7309 35451
1377701700 6659 20129 6791 23925
1377701400 6792 23923 7081 23925
1377701100 7080 23720 7081 26398
1377700800 6971 26381 7160 26398
1377700500 7163 23892 7636 26040
1377700200 7630 26036 7636 26040
1377699900 6888 25516 7532 25518
1377699600 7530 25222 7532 25253
1377699300 7365 20705 7366 20709
1377699000 7318 20198 7321 28088
1377698700 6905 28088 7008 28188
1377698400 7009 28171 7304 28188
1377698100 7305 25733 7651 25745
1377697800 7645 22331 7651 22368
1377697500 6871 17012 8835 25624
1377697200 8826 25559 8835 25624
1377696900 7503 15890 7509 15890
1377696600 5779 15879 5783 15890
1377696300 5258 14329 5610 15417
1377696000 5610 15415 5653 15417
1377695700 5653 15241 5668 15242
1377695400 5667 15147 5668 15744
1377695100 5634 15738 5636 15744
1377694800 5210 14075 5654 15501
1377694500 5654 15503 5741 15873
1377694200 5739 15865 5741 15873
1377693900 5565 14732 5702 15368
1377693600 5699 15363 5702 15368
1377693300 5364 14680 5595 14916
1377693000 5595 14919 5683 15375
1377692700 5681 15373 5683 15375
1377692400 5381 14814 5696 15159
1377692100 5694 15155 5696 15159
1377691800 5399 14691 5400 14692
1377691500 5363 14671 5654 15526
1377691200 5653 15523 5654 15526
1377690900 5483 14700 5785 16084
1377690600 5782 16074 5785 16084
1377690300 5452 14607 5491 15136
1377690000 5491 15136 5633 15256
1377689700 5632 15256 5633 15283
1377689400 5508 15285 5712 15668
1377689100 5710 15663 5712 15668
1377688800 5285 14302 5620 15937
1377688500 5620 15930 5697 15937
1377688200 5695 15007 5697 15445
1377687900 5506 15446 5926 15708
1377687600 5921 15695 5926 15708
1377687300 5199 13881 5774 15936
1377687000 5772 15929 5774 15936
1377686700 5591 14911 5620 15256
1377686400 5619 15255 5620 15256
1377686100 5590 15147 5592 15152
1377685800 5342 14456 5730 15528
1377685500 5728 15522 5730 15528
1377685200 5546 14774 5547 15325
1377684900 5547 15324 5626 15325
1377684600 5624 15170 5626 15175
1377684300 5404 14579 5690 15510
1377684000 5688 15503 5690 15510
1377683700 5450 14520 5564 15539
1377683400 5563 15536 5564 15539
1377683100 5553 14873 5554 14911
1377682800 5485 14912 5701 15232
1377682500 5699 15229 5701 15232
1377682200 5467 14875 5792 15251
1377681900 5789 15247 5792 15251
1377681600 5369 14700 5530 15141
1377681300 5532 15142 5901 15346
1377681000 5899 15344 5901 15346
1377680700 5442 14843 5783 15357
1377680400 5780 15351 5783 15357
1377680100 5480 14561 5655 15480
1377679800 5654 15478 5655 15480
1377679500 5615 15211 5616 15212
1377679200 5600 15158 5637 15187
1377678900 5634 15180 5637 15187
1377678600 5199 14173 5619 15256
1377678300 5619 15254 5624 15256
1377678000 5623 14975 5624 15047
1377677700 5587 15048 5775 15260
1377677400 5770 15253 5775 15260
1377677100 5144 14308 5655 15168
1377676800 5655 15169 5683 15409
1377676500 5682 15407 5683 15409
1377676200 5587 15158 5694 15454
1377675900 5693 15451 5694 15454
1377675600 5401 14603 5607 15095
1377675300 5606 15095 5607 15174
1377675000 5581 15174 5695 15286
1377674700 5695 15285 5746 15286
1377674400 5741 15196 5746 15204
1377674100 5129 14103 5844 15538
1377673800 5842 15535 5844 15538
1377673500 5549 15156 5575 15158
1377673200 5575 14992 5723 15705
1377672900 5722 15701 5723 15705
1377672600 5444 14718 5710 15528
1377672300 5708 15524 5710 15528
1377672000 5523 14931 5655 15133
1377671700 5654 15132 5655 15133
1377671400 5558 15122 5560 15129
1377671100 5330 14192 5628 15184
1377670800 5626 15180 5628 15184
1377670500 5385 14618 5758 15490
1377670200 5755 15483 5758 15490
1377669900 5370 14529 5372 14531
1377669600 5195 14262 6175 15905
1377669300 6170 15902 6175 15905
1377669000 5524 15503 5647 15505
1377668700 5647 15254 5690 15256
1377668400 5687 14885 5690 14887
1377668100 5375 14630 5735 15330
1377667800 5733 15328 5735 15330
1377667500 5554 15127 5555 15129
1377667200 5475 14884 5736 15206
1377666900 5733 15200 5736 15206
1377666600 5325 14405 5703 24273
1377666300 5702 24214 5703 24273
1377666000 5687 15543 5688 15546
1377665700 5451 14679 5672 15578
1377665400 5670 15573 5672 15578
1377665100 5496 14851 5497 14853
1377664800 5438 14537 5754 15744
1377664500 5751 15737 5754 15744
1377664200 5421 14757 5464 14758
1377663900 5465 14555 5657 15495
1377663600 5655 15488 5657 15495
1377663300 5467 14480 5773 15549
1377663000 5770 15545 5773 15549
1377662700 5456 14957 5457 14960
1377662400 5442 14658 5770 15379
1377662100 5768 15377 5770 15379
1377661800 5489 15161 5792 15622
1377661500 5789 15614 5792 15622
1377661200 5395 14537 5470 14760
1377660900 5471 14763 5663 15337
1377660600 5662 15333 5663 15337
1377660300 5550 14778 5729 15705
1377660000 5725 15693 5729 15705
1377659700 5198 14005 5723 15286
1377659400 5722 15285 5723 15286
1377659100 5615 15237 5616 15240
1377658800 5521 14807 5790 15638
1377658500 5787 15632 5790 15638
1377658200 5352 14796 5748 16931
1377657900 5747 16925 5748 16931
1377657600 5673 15266 5674 15269
1377657300 5527 14821 5729 15617
1377657000 5726 15607 5729 15617
1377656700 5287 14176 5793 15659
1377656400 5791 15652 5793 15659
1377656100 5629 14750 5710 15533
1377655800 5709 15531 5710 15533
1377655500 5587 15290 5588 15293
1377655200 5418 14588 5761 15453
1377654900 5759 15452 5761 15453
1377654600 5566 15364 5722 15365
1377654300 5721 15265 5722 15266
1377654000 5586 15183 5588 15188
1377653700 5367 14508 5739 15597
1377653400 5738 15595 5739 15597
1377653100 5638 15033 5737 15480
1377652800 5735 15476 5737 15480
1377652500 5441 14914 5482 14915
1377652200 5483 14888 5708 15247
1377651900 5706 15244 5708 15247
1377651600 5463 14866 5932 15327
1377651300 5930 15325 5932 15327
1377651000 5344 14952 5484 14954
1377650700 5484 14754 5724 15563
1377650400 5721 15557 5724 15563
1377650100 5418 14759 5690 15486
1377649800 5688 15479 5690 15486
1377649500 5396 14464 5589 15065
1377649200 5589 15068 5634 15538
1377648900 5632 15531 5634 15538
1377648600 5419 14568 5844 15775
1377648300 5840 15766 5844 15775
1377648000 5322 14440 5327 14602
1377647700 5328 14606 5742 16039
1377647400 5740 16030 5742 16039
1377647100 5472 14758 5574 15232
1377646800 5574 15231 5624 15232
1377646500 5622 15190 5624 15194
1377646200 5082 14097 5805 15604
1377645900 5803 15599 5805 15604
1377645600 5550 14877 5551 15109
1377645300 5447 15110 5723 15607
1377645000 5722 15604 5723 15607
1377644700 5437 14922 5438 14923
1377644400 5364 14793 5815 15572
1377644100 5812 15569 5815 15572
1377643800 5508 15216 5967 17075
1377643500 5966 17096 5967 20268
1377643200 5937 20250 5938 20268
1377642900 5862 17641 7415 27666
1377642600 7415 27790 7525 46345
1377642300 7517 46216 7525 46345
1377642000 6347 27140 7278 28523
1377641700 7276 28501 7278 28523
1377641400 7046 25314 7050 25345
1377641100 5929 16353 23898 35427
1377640800 23831 35360 23898 35427
1377640500 13833 25391 13853 25407
1377640200 7954 20893 7959 21820
1377639900 6536 21820 7234 21872
1377639600 7230 21883 7234 23545
1377639300 6739 23686 7089 44804
1377639000 7088 44915 7089 61583
1377638700 7072 61341 7078 61583
1377638400 6325 25361 15959 27192
1377638100 16006 27245 23156 35157
1377637800 23047 35061 23156 35157
1377637500 6812 20831 6813 20858
1377637200 6667 16849 6668 17395
1377636900 6575 17404 6753 20297
1377636600 6750 20303 6753 21242
1377636300 6328 21224 6407 21242
1377636000 6411 18686 7014 18707
1377635700 7023 18720 9967 22801
1377635400 9955 22810 9967 24288
1377635100 8220 24283 8233 24288
1377634800 6379 23655 6765 35814
1377634500 6759 35703 6765 35814
1377634200 5947 19276 6582 22089
1377633900 6578 22081 6582 22089
1377633600 6011 21018 6013 21023
1377633300 5795 20336 5954 20362
1377633000 5953 16497 5954 16499
1377632700 5949 16266 6060 16681
1377632400 6060 16684 6282 17803
1377632100 6280 17799 6282 17803
1377631800 5876 16949 6538 39356
1377631500 6536 39302 6538 39356
1377631200 6208 23276 6548 23297
1377630900 6547 17073 6548 21877
1377630600 6486 21839 6489 21877
1377630300 6143 16231 6263 16508
1377630000 6266 16568 6759 25552
1377629700 6758 25524 6759 25552
1377629400 6657 21420 6662 21451
1377629100 6045 16874 6046 18031
1377628800 5925 18118 8883 31154
1377628500 8870 31101 8883 31154
1377628200 6969 23322 6978 23345
1377627900 5758 20043 6846 28400
1377627600 6833 28308 6846 28400
1377627300 4977 14739 5820 18389
1377627000 5820 18423 5869 23617
1377626700 5871 23723 6173 39590
1377626400 6170 39536 6173 39590
1377626100 5470 23555 5471 23579
1377625800 6678 25230 8504 31000
1377624600 6263 47211 7567 75626
1377622800 6143 56883 6605 75191
1377621000 5175 23576 5529 38828
1377619200 6137 23827 8251 33535
1377617400 6806 19889 8503 26879
1377615600 21435 18211 50344 25273
1377613800 11346 19921 43949 25273
1377612000 8568 287577 33652 1649614
1377610200 5398 16239 6845 24397
1377608400 5071 14584 5275 15258
1377606600 5157 14485 5899 14851
1377604800 5060 14510 5244 15085
1377603000 5084 14478 5161 14803
1377601200 5105 14507 5215 14821
1377599400 5063 14481 5248 15098
1377597600 5092 14440 5172 14822
1377595800 5058 14339 5220 14886
1377594000 5031 14352 5306 15171
1377592200 5081 14317 5245 14575
1377590400 5071 14430 5309 14899
1377588600 5129 14486 5309 14851
1377586800 5047 14294 5300 14971
1377585000 5096 14406 5229 14792
1377583200 5114 14478 5229 14842
1377581400 5106 15973 5369 24246
1377579600 5078 14366 5282 15196
1377577800 5119 14481 5292 14880
1377576000 5085 14366 5170 14876
1377574200 5066 14411 5269 14886
1377572400 5103 14434 5269 15042
1377570600 5046 15143 5377 20160
1377568800 5083 14383 5306 14958
1377567000 5003 14270 5301 14880
1377565200 5098 14316 5229 14878
1377563400 5026 14290 5186 14818
1377561600 5095 14545 5186 15231
1377559800 5031 14350 5344 14976
1377558000 5142 14587 5344 21971
1377556200 5510 16625 6315 21971
1377554400 4944 14174 5313 17846
1377552600 5430 15744 6418 16701
1377550800 5408 16011 5802 21828
1377549000 19560 45119 93332 107545
1377547200 4743 41051 5035 42427
1377545400 4989 40786 5330 41115
1377543600 4892 28170 6636 57667
1377541800 5481 29521 7266 57667
1377540000 5877 18899 7266 30924
1377538200 51967 31997 284510 112725
1377536400 52174 71087 282716 211456
1377534600 5757 45881 8720 190292
1377532800 5546 15351 7616 16884
1377531000 4076 14939 4383 16138
1377529200 3835 16060 4114 21592
1377527400 4129 24553 4881 36261
1377525600 10328 27460 33120 39582
1377523800 5111 21643 6862 32597
1377522000 4406 16801 4448 17089
1377520200 4352 16591 4434 16945
1377518400 4378 16715 4483 17385
1377516600 4392 16577 4611 16989
1377514800 4419 16530 4500 16828
1377513000 4340 16449 4471 16748
1377511200 4389 16714 4478 17384
1377509400 4374 16385 4550 16850
1377507600 4407 16486 4468 17016
1377505800 4350 16431 4657 16760
1377504000 4362 16502 4442 17210
1377502200 4390 16469 4484 16776
1377500400 4405 16536 4484 17104
1377498600 4354 16516 4496 16842
1377496800 4383 16594 4457 16816
1377495000 4395 17991 4519 26109
1377493200 4417 16554 4511 16801
1377491400 4318 16402 4598 16733
1377489600 4381 16542 4598 16793
1377487800 4391 16451 4540 16812
1377486000 4410 16540 4507 16882
1377484200 4381 16538 4560 16886
1377482400 4390 16555 4560 16772
1377480600 4376 16456 4462 16665
1377478800 4392 16485 4477 16729
1377477000 4342 16367 4556 16856
1377475200 4398 16547 4556 16984
1377473400 4376 16574 4527 16748
1377471600 4406 16529 4671 17080
1377469800 4352 16515 4499 16754
1377468000 4407 16940 4499 18268
1377466200 4380 16459 4485 16806
1377464400 4386 16542 4457 17165
1377462600 4382 16462 4560 16873
1377460800 4364 16520 4462 16899
1377459000 4451 16421 4859 16838
1377457200 4379 16552 4528 17102
1377455400 4372 16514 4528 16747
1377453600 4360 16524 4441 16816
1377451800 4400 16579 4465 16995
1377450000 4391 16470 4510 16765
1377448200 4347 16466 4407 16762
1377446400 4392 16547 4574 17133
1377444600 4515 16522 4863 17142
1377442800 4747 16893 4787 17078
1377441000 4749 16801 4897 17225
1377439200 4776 17026 4915 17153
1377437400 4763 16781 4881 17080
1377435600 4747 16884 4852 17210
1377433800 4717 16825 4883 17169
1377432000 4749 16887 4864 17082
1377430200 4744 16864 4912 17142
1377428400 4759 16849 4840 17401
1377426600 4719 16844 4807 17095
1377424800 4736 16851 4878 17038
1377423000 4763 16755 4862 17138
1377421200 4758 16913 4802 17478
1377419400 4753 16811 4847 17196
1377417600 4734 16797 4878 17193
1377415800 4772 16849 4911 17358
1377414000 4744 16813 4795 17392
1377412200 4742 16839 4807 17108
1377410400 4730 16915 4811 17455
1377408600 4803 18378 5068 26664
1377406800 4750 16829 4791 17235
1377405000 4743 16775 4862 17147
1377403200 4727 16906 4817 17136
1377401400 4770 16825 4841 17156
1377399600 4759 16820 4827 17399
1377397800 4723 16818 4860 17037
1377396000 4799 16845 5129 17057
1377394200 4749 16768 4793 17022
1377392400 4756 16770 4812 17111
1377390600 4726 16807 4840 17183
1377388800 4730 16914 4819 17058
1377387000 4743 16817 4919 17155
1377385200 4793 16875 4919 17235
1377383400 4716 16785 4793 17169
1377381600 4780 17042 4926 17212
1377379800 4763 16990 4868 18622
1377378000 4760 16916 4840 17422
1377376200 4758 16860 4879 17244
1377374400 4710 16795 4805 17132
1377372600 4771 16813 4950 17117
1377370800 4761 16918 4878 17342
1377369000 4709 16731 4891 17189
1377367200 4766 16899 4891 17111
1377365400 4734 16850 4880 17242
1377363600 4745 16851 4816 17448
1377361800 4709 16766 4869 17053
1377360000 4754 16836 4901 17318
1377358200 4719 16686 4853 17062
1377356400 4796 16862 4893 17174
1377354600 4764 16814 4971 16967
1377352800 4781 16943 4900 17581
1377351000 4734 16714 4926 17204
1377349200 4797 16921 4928 17264
1377347400 4729 16759 4841 17140
1377345600 4737 16934 4841 17140
1377343800 4767 16916 4847 17543
1377342000 4759 16788 4862 17073
1377340200 4718 16808 4816 17111
1377338400 4741 16866 4833 17147
1377336600 4745 16714 4916 17083
1377334800 4751 16793 4821 17083
1377333000 4744 16773 4844 17185
1377331200 4823 16955 5285 17199
1377329400 4745 16766 4916 17096
1377327600 4762 16822 4819 17050
1377325800 4718 16825 4912 17024
1377324000 4781 16956 4912 17196
1377322200 4751 18266 4854 25756
1377320400 4782 16914 4908 17392
1377318600 4730 16770 4892 17209
1377316800 4761 16933 4887 17107
1377315000 4719 16723 4938 17566
1377313200 4770 16893 4959 17429
1377311400 4780 16738 4889 17143
1377309600 4733 16870 4953 17381
1377307800 4748 16960 4861 18117
1377306000 4785 16866 4877 17101
1377304200 4748 16783 4896 17015
1377302400 4717 16826 4801 17064
1377300600 4798 16930 4858 17613
1377298800 9013 18799 278826 27385
1377297000 80798 20116 278826 27385
1377295200 54703 23688 101683 30581
1377293400 29017 21885 90549 30228
1377291600 3906 18610 15517 730927
1377289800 13958 136087 21239 730927
1377288000 6368 23551 8310 26368
1377286200 4791 19712 4995 24605
1377284400 4836 17831 7933 22040
1377282600 6306 29772 8074 53585
1377280800 5850 22792 7514 26993
1377279000 5051 18934 5663 24895
1377277200 5307 20699 5731 26925
1377275400 5780 21470 6844 25033
1377273600 5756 27772 7146 35557
1377271800 5417 29145 5897 41384
1377270000 5450 34959 5897 41384
1377268200 5271 19179 5710 25487
1377266400 5594 18620 6743 26514
1377264600 4445 11758 4580 11966
1377262800 4416 11778 4511 11963
1377261000 4350 11677 4483 12010
1377259200 4414 11747 4521 12010
1377257400 4361 11618 4465 11991
1377255600 4418 11553 4532 11722
1377253800 4445 11502 4868 11852
1377252000 4406 11570 4492 11916
1377250200 4371 11455 4573 11663
1377248400 4426 11617 4557 12141
1377246600 4425 11495 4557 11648
1377244800 4409 11594 4472 11721
1377243000 4411 11508 4603 11748
1377241200 4414 11566 4550 11755
1377239400 4384 11456 4441 11594
1377237600 4396 11614 4523 12112
1377235800 4448 13114 4520 21029
1377234000 4394 11558 4466 11777
1377232200 4387 11438 4504 11718
1377230400 4415 11579 4544 11989
1377228600 4400 11473 4459 11656
1377226800 4401 11587 4489 12005
1377225000 4455 11545 4631 11839
1377223200 4421 11589 4592 12210
1377221400 4382 11418 4472 11823
1377219600 4420 11869 4480 12960
1377217800 4501 11572 4907 11970
1377216000 4590 11770 4907 11970
1377214200 4548 11729 4640 12345
1377212400 5037 14160 5953 20702
1377210600 5756 20240 6494 39370
1377208800 5789 20096 7796 33469
1377207000 4928 14348 7049 22773
1377205200 9173 286726 29959 1514672
1377203400 5928 16202 6486 23349
1377201600 8974 7676 27959 10517
1377199800 5050 5626 5669 37022
1377198000 4490 10232 5669 37022
1377196200 4137 4729 4360 4890
1377194400 4752 5755 5159 7204
1377192600 4961 5612 5058 6587
1377190800 5478 7157 6978 10361
1377189000 5968 8345 9015 17362
1377187200 7315 9466 19380 20558
1377185400 7638 10969 15904 17658
1377183600 5064 10548 5851 22626
1377181800 5611 21727 5942 38644
1377180000 6313 15944 7270 31459
1377178200 4893 5319 5032 5495
1377176400 4958 5341 5265 5594
1377174600 4881 5613 5001 7812
1377172800 4887 5253 5083 5664
1377171000 4860 5154 4945 5500
1377169200 4871 5087 4949 5454
1377167400 4872 5010 4957 5122
1377165600 4862 5071 4931 5361
1377163800 4839 4996 4888 5060
1377162000 4872 5106 5045 5428
1377160200 4899 5028 5080 5195
1377158400 4871 5077 5039 5309
1377156600 4853 5001 4937 5156
1377154800 4882 5092 5004 5369
1377153000 4894 5026 4977 5088
1377151200 4870 5154 4938 5464
1377149400 4885 6626 5012 14634
1377147600 4884 5094 4947 5377
1377145800 4876 5020 4991 5101
1377144000 4889 5110 5049 5342
1377142200 4890 5042 5188 5417
1377140400 4921 5155 5188 5417
1377138600 4912 5064 5065 5195
1377136800 4951 5161 5123 5457
1377135000 4887 5033 5010 5178
1377133200 4877 5114 5077 5368
1377131400 4822 5025 4866 5092
1377129600 4885 5149 5026 5356
1377127800 4867 5190 5018 5720
1377126000 5503 12548 7274 46139
1377124200 6741 13243 11664 29675
1377122400 8205 13277 24521 24000
1377120600 6364 11491 10100 18719
1377118800 4389 9158 4918 14143
1377117000 12514 15163 25127 25057
1377115200 5025 6561 9719 11436
1377113400 3971 5829 5453 7710
1377111600 9524 281201 32870 1639760
1377109800 5678 8769 6998 19856
1377108000 5595 5740 5939 5890
1377106200 5491 5625 5599 6164
1377104400 5534 5691 5637 5930
1377102600 5529 5840 5744 6978
1377100800 5542 6085 6110 8799
1377099000 5808 6614 6110 10104
1377097200 5868 6819 5999 10104
1377095400 6132 7133 6706 8765
1377093600 7040 10374 8221 18818
1377091800 6234 8852 7724 18818
1377090000 5813 6458 5918 6727
1377088200 5741 6183 5844 6380
1377086400 5794 6321 5878 6567
1377084600 5781 6232 5936 6650
1377082800 5779 6176 5834 6566
1377081000 5798 6110 5934 6257
1377079200 5792 6195 5934 6476
1377077400 5804 6132 5875 6267
1377075600 5798 6220 5860 6471
1377073800 5803 6184 5966 6319
1377072000 5793 6356 5860 6793
1377070200 5800 6212 5846 6331
1377068400 5833 6314 6000 6753
1377066600 5760 6168 5856 6304
1377064800 5853 6380 5893 6588
1377063000 5840 7806 5968 15747
1377061200 5851 6360 5955 6824
1377059400 5820 6225 5915 6338
1377057600 5902 7694 6077 14493
1377055800 5865 6283 6114 6669
1377054000 5849 6358 5978 6625
1377052200 5868 6273 6097 6505
1377050400 5862 6375 5953 6656
1377048600 5844 6259 6010 6513
1377046800 5870 6408 5944 6736
1377045000 5913 6397 6118 6532
1377043200 5882 6473 6041 6917
1377041400 5857 6428 6061 6875
1377039600 5950 7220 6896 83359
1377037800 6655 23671 8239 83359
1377036000 18708 8833 34786 67200
1377034200 6257 17478 6901 67200
1377032400 5762 6835 6174 11733
1377030600 22556 6897 53734 11715
1377028800 5648 6978 6555 11715
1377027000 5299 5402 5466 7312
1377025200 8364 8236 16860 16642
1377023400 8308 12082 16860 16642
1377021600 9702 14962 22739 22099
1377019800 7712 8856 10654 10120
1377018000 7234 18892 17013 118880
1377016200 14433 36225 26529 118880
1377014400 9432 57497 29232 149770
1377012600 4839 4998 4955 5110
1377010800 4820 5074 4929 5640
1377009000 5031 5400 6392 14050
1377007200 6625 18352 10072 51937
1377005400 4771 5060 4851 5237
1377003600 4724 4902 4808 5348
1377001800 4647 4630 4792 4771
1377000000 4668 4814 4722 5107
1376998200 4700 4770 4788 5038
1376996400 4672 4681 4787 5015
1376994600 4671 4561 4784 4731
1376992800 4756 4684 5336 5197
1376991000 4667 4514 4807 4640
1376989200 4646 4573 4768 4875
1376987400 4762 4633 5431 5144
1376985600 4665 4601 4794 5362
1376983800 4653 4666 4737 5362
1376982000 4648 4626 4737 4916
1376980200 4651 4522 4723 4598
1376978400 4666 4657 4815 5018
1376976600 4895 20587 5664 65423
1376974800 4685 7705 4882 23274
1376973000 4658 4531 4789 4686
1376971200 4697 4662 5019 4964
1376969400 4660 4571 4762 4617
1376967600 4713 4731 4819 5148
1376965800 4739 4642 4852 4846
1376964000 4644 4591 4737 5087
1376962200 4625 4507 4721 4553
1376960400 4684 4648 4838 4995
1376958600 4700 4528 5017 4631
1376956800 4701 4678 4825 5116
1376955000 4762 5794 5021 10874
1376953200 4723 4771 4874 5280
1376951400 5079 5237 6213 9355
1376949600 5593 9411 6103 15687
1376947800 5978 17816 8092 45782
1376946000 5725 16397 7302 48945
1376944200 7169 15328 10757 24276
1376942400 5147 12875 5386 17523
1376940600 34788 8553 93831 13596
1376938800 31784 10808 62391 13993
1376937000 5560 11880 7878 25046
1376935200 5771 7845 10902 22497
1376933400 5409 15488 6471 57280
1376931600 4529 5414 4895 6541
1376929800 4954 10784 5261 21200
1376928000 4427 4618 4518 4791
1376926200 4467 4842 5140 5977
1376924400 6059 7916 10913 17641
1376922600 8593 286003 30587 1646885
1376920800 6297 16502 8454 29978
1376919000 5525 8125 7352 22740
1376917200 5160 5259 5224 5604
1376915400 5166 5148 5322 5737
1376913600 5170 5241 5247 5737
1376911800 5181 5128 5265 5547
1376910000 5185 5062 5264 5383
1376908200 5152 4970 5231 5064
1376906400 5158 5034 5221 5321
1376904600 5181 4991 5256 5092
1376902800 5155 5033 5191 5299
1376901000 5178 4984 5343 5128
1376899200 5179 5065 5283 5426
1376897400 5183 5008 5265 5200
1376895600 5212 5336 5296 6215
1376893800 5188 4986 5312 5118
1376892000 5179 5114 5697 5414
1376890200 5246 6561 5697 14365
1376888400 5150 5035 5274 5291
1376886600 5179 5002 5283 5107
1376884800 5174 5058 5283 5347
1376883000 5173 5018 5273 5150
1376881200 5172 5066 5273 5337
1376879400 5204 5021 5337 5139
1376877600 5201 5096 5405 5379
1376875800 5158 4971 5245 5073
1376874000 5185 5065 5230 5423
1376872200 5174 5013 5248 5124
1376870400 5155 5019 5257 5357
1376868600 5123 5012 5244 5398
1376866800 5178 5088 5338 5749
1376865000 5133 4951 5237 5069
1376863200 5174 5115 5255 5432
1376861400 5129 4931 5340 5148
1376859600 5193 5065 5340 5381
1376857800 5208 5027 5327 5161
1376856000 5148 5032 5267 5375
1376854200 5152 4971 5315 5131
1376852400 5183 5081 5275 5301
1376850600 5130 4940 5310 5051
1376848800 5151 5030 5311 5450
1376847000 5144 5079 5288 5714
1376845200 5226 5132 5292 5431
1376843400 5185 4992 5319 5216
1376841600 5199 5095 5319 5429
1376839800 5229 5043 5407 5247
1376838000 5219 5110 5331 5325
1376836200 5195 4990 5364 5092
1376834400 5229 5177 5355 5549
1376832600 5119 4948 5254 5153
1376830800 5162 5040 5268 5391
1376829000 5112 4919 5274 5085
1376827200 5202 5095 5337 5285
1376825400 5120 5068 5240 5410
1376823600 5177 5052 5398 5292
1376821800 5136 4946 5265 5187
1376820000 5133 5017 5193 5291
1376818200 5145 4955 5300 5090
1376816400 5134 5024 5168 5339
1376814600 5171 4963 5272 5005
1376812800 5243 5067 5558 5269
1376811000 5131 4943 5195 5160
1376809200 5160 5085 5226 5442
1376807400 5134 4936 5226 4993
1376805600 5170 5116 5340 5528
1376803800 5198 6596 5315 14432
1376802000 5187 5091 5383 5304
1376800200 5143 4960 5238 5079
1376798400 5182 5076 5335 5345
1376796600 5287 5088 5464 5273
1376794800 5220 5148 5287 5646
1376793000 5161 4972 5289 5078
1376791200 5240 5110 5426 5269
1376789400 5157 4965 5242 5077
1376787600 5172 5080 5344 5304
1376785800 5143 4961 5360 5279
1376784000 5209 5113 5360 5542
1376782200 5105 4985 5236 5249
1376780400 5156 5146 5236 5482
1376778600 5169 5008 5277 5260
1376776800 5174 5129 5277 5509
1376775000 5149 4978 5250 5128
1376773200 5169 5108 5268 5446
1376771400 5244 5061 5405 5291
1376769600 5134 5023 5266 5498
1376767800 5233 5056 5302 5212
1376766000 5151 5060 5288 5646
1376764200 5205 5045 5352 5168
1376762400 5169 5048 5249 5439
1376760600 5154 5116 5203 5761
1376758800 5161 5063 5297 5432
1376757000 5219 5064 5363 5198
1376755200 5184 5081 5415 5677
1376753400 5175 5020 5380 5350
1376751600 5205 5082 5380 5432
1376749800 5171 4997 5358 5210
1376748000 5250 5223 5528 5736
1376746200 5247 4993 5659 5116
1376744400 5155 5041 5231 5390
1376742600 5157 4973 5247 5070
1376740800 5151 5047 5282 5426
1376739000 5171 5106 5282 5353
1376737200 5151 5030 5218 5481
1376735400 5148 4964 5232 5052
1376733600 5158 5051 5294 5462
1376731800 5164 5002 5279 5089
1376730000 5172 5087 5205 5442
1376728200 5155 4957 5254 5087
1376726400 5162 5044 5308 5394
1376724600 5171 4977 5308 5152
1376722800 5174 5093 5265 5458
1376721000 5150 4969 5269 5103
1376719200 5254 5215 5401 5391
1376717400 5186 6556 5238 14416
1376715600 5192 5099 5238 5447
1376713800 5240 5051 5365 5181
1376712000 5206 5108 5337 5351
1376710200 5204 5041 5356 5218
1376708400 5190 5100 5321 5546
1376706600 5242 5308 5362 6597
1376704800 5215 5133 5397 5436
1376703000 5158 4962 5315 5065
1376701200 5169 5095 5258 5286
1376699400 5155 5001 5280 5080
1376697600 5141 5069 5174 5384
1376695800 5181 5193 5258 5605
1376694000 7064 37307 11614 171772
1376692200 6315 7764 12166 12486
1376690400 7223 17514 12166 19065
1376688600 5805 9768 6458 16234
1376686800 5893 9224 6458 16274
1376685000 6241 11829 9906 32077
1376683200 6273 8973 9761 12328
1376681400 5967 39756 38886 185778
1376679600 11516 17578 38886 44891
1376677800 5907 11437 9825 19502
1376676000 5152 39151 6530 138300
1376674200 4219 7080 4325 7974
1376672400 4245 8267 4396 13790
1376670600 4266 6843 4366 7200
1376668800 4114 7034 4366 10292
1376667000 6556 11392 33689 1651874
1376665200 10413 278891 33689 1651874
1376663400 61818 10680 252267 20793
1376661600 7412 21844 8172 50000
1376659800 5951 6325 6004 6504
1376658000 5921 6284 6043 6403
1376656200 5940 6232 6043 6635
1376654400 5905 6264 6062 6635
1376652600 5937 6195 6095 6517
1376650800 5931 6112 6095 6431
1376649000 5888 5999 6017 6091
1376647200 5957 6198 6086 6533
1376645400 5946 6046 6043 6240
1376643600 5942 6174 6068 6317
1376641800 5919 6022 6062 6230
1376640000 5971 6148 6018 6504
1376638200 5910 6021 6047 6380
1376636400 5955 6174 6068 6380
1376634600 5925 6041 6036 6156
1376632800 5961 6201 6036 6488
1376631000 5936 7619 6107 15726
1376629200 5922 6099 5999 6289
1376627400 5949 6065 6029 6196
1376625600 5979 6171 6233 6418
1376623800 5912 6037 6069 6204
1376622000 5967 6214 6097 6681
1376620200 6017 6173 6163 6323
1376618400 5982 6276 6065 6797
1376616600 5976 6145 6177 6327
1376614800 5979 6177 6137 6467
1376613000 5969 6148 6050 6281
1376611200 5931 6168 6019 6487
1376609400 5927 6203 6233 6555
1376607600 6308 6638 131058 17758
1376605800 72386 17529 131058 30303
1376604000 84652 17449 265802 54321
1376602200 5626 6065 5869 6677
1376600400 7800 9558 13378 12349
1376598600 203971 17904 445688 27172
1376596800 160320 14771 452909 21803
1376595000 5624 9766 5947 15051
1376593200 5442 7381 6271 9386
1376591400 5945 14618 9870 34783
1376589600 6116 14244 9870 23187
1376587800 5220 6320 5396 7172
1376586000 5430 6702 6347 9082
1376584200 5730 14924 6622 37320
1376582400 4818 13636 5503 30674
1376580600 5636 14951 7995 25778
1376578800 7191 7369 10112 31213
1376577000 6183 65491 19332 1401761
1376575200 11148 407000 21992 1401761
1376573400 4049 5648 5267 12387
1376571600 3776 4296 4013 4682
1376569800 3833 4291 4013 4465
1376568000 3779 4375 3920 4685
1376566200 3784 4385 3870 5077
1376564400 3809 4187 3887 4383
1376562600 3810 4121 3862 4178
1376560800 3802 4163 4033 5446
1376559000 3795 4328 3899 5446
1376557200 3814 4178 3907 4507
1376555400 3787 4076 3909 4230
1376553600 3839 4202 3909 4456
1376551800 3819 4138 3967 4234
1376550000 3806 4207 3993 4484
1376548200 3784 4095 3864 4215
1376546400 3798 4229 3976 4644
1376544600 3829 4688 3981 13661
1376539200 3841 4188 3972 4634
1376532000 3827 4253 4002 5599
1376524800 4402 7618 5794 21639
1376517600 11065 9431 88613 26870
1376510400 4775 20719 22037 230730
1376503200 2460 4462 2951 14453
1376496000 6635 83767 34078 1632957
1376488800 5347 6564 6954 13906
1376481600 5148 5567 5319 6203
1376474400 5141 5441 5359 5810
1376467200 5131 5444 5390 5849
1376460000 5182 5893 5839 14860
1376452800 5181 5491 5546 5813
1376445600 5152 5583 5338 7865
1376438400 5284 6275 6114 10949
1376431200 15870 207125 172993 4739648
1376424000 13157 16116 174347 181655
1376416800 4281 11945 14192 41419
1376409600 8367 93848 35635 1641629
1376402400 5722 6249 6831 10753
1376395200 5484 5526 5607 6279
1376388000 5494 5501 5800 6476
1376380800 5506 5471 5812 5914
1376373600 5512 5888 5672 14983
1376366400 5498 5484 5782 5874
1376359200 5510 5597 5883 7971
1376352000 5830 8041 9962 34124
1376344800 48039 36307 354361 323666
1376337600 12051 16360 192488 196785
1376330400 3873 5919 4670 12068
1376323200 6548 80041 31796 1645108
1376316000 4642 6029 5217 13897
1376308800 4622 4975 4966 5373
1376301600 4608 4932 4730 5480
1376294400 4631 5002 4831 5927
1376287200 4668 5400 4858 14587
1376280000 4686 5009 4981 5389
1376272800 4701 5038 4953 5380
1376265600 4715 5114 4899 6379
1376258400 4738 5088 4889 5443
1376251200 4764 5106 4907 5515
1376244000 4793 5143 5173 5905
1376236800 4808 5143 4984 5578
1376229600 4830 5197 5105 5743
1376222400 4839 5235 4998 5584
1376215200 4864 5223 5042 5677
1376208000 4896 5257 5042 5597
1376200800 4928 5706 5214 14933
1376193600 4938 5305 5152 5641
1376186400 4975 5354 5152 5657
1376179200 4995 5469 5177 6714
1376172000 5037 5425 5510 5780
1376164800 5045 5447 5181 5772
1376157600 5057 5518 5211 6176
1376150400 5079 5506 5268 5842
1376143200 5124 5559 5313 6049
1376136000 5137 5588 5347 6094
1376128800 5094 5584 5297 5917
1376121600 5097 5638 5278 5930
1376114400 5126 6066 5255 15185
1376107200 5165 5765 5379 6565
1376100000 5324 6486 5856 6907
1376092800 5186 6795 5652 12744
1376085600 4735 5776 6369 12255
1376078400 5604 76476 22438 1123630
1376071200 3134 7135 4785 22011
1376064000 7175 77571 32217 875035
1376056800 4254 11953 7167 131539
1376049600 3951 4575 4034 4922
1376042400 3963 4525 4209 5019
1376035200 3994 4613 4209 5327
1376028000 4042 5036 4484 13970
1376020800 4063 4709 4490 6128
1376013600 4073 4708 4208 5129
1376006400 4088 4812 4269 5297
1375999200 4094 4947 4277 5327
1375992000 4126 5102 4277 7014
1375984800 4130 5023 4337 6002
1375977600 4142 5063 4432 5441
1375970400 4183 5057 4473 5932
1375963200 4169 4910 4358 5379
1375956000 4146 4851 4329 5253
1375948800 4175 4953 4562 5865
1375941600 4176 5310 4347 14269
1375934400 4206 5100 4375 7185
1375927200 4242 5061 4475 5498
1375920000 4664 9954 7570 51982
1375912800 4257 10660 8624 26937
1375905600 10069 6598 152272 18049
1375898400 4590 72653 34268 1634813
1375891200 4995 12190 6644 74851
1375884000 3749 6725 7254 30981
1375876800 3123 3315 3306 3687
1375869600 3147 3292 3499 3636
1375862400 3137 3303 3252 3869
1375855200 3144 3715 3408 12876
1375848000 3135 3288 3292 3622
1375840800 3152 3400 3292 4682
1375833600 3246 4498 4135 15090
1375826400 3699 8458 5439 90410
1375819200 4545 44323 20867 729654
1375812000 5933 96683 26936 1336778
1375804800 5858 18986 7155 24774
1375797600 5150 22342 6209 30219
1375790400 5023 23734 5197 24710
1375783200 5004 23675 5124 24253
1375776000 5003 23643 5123 24370
1375768800 5017 24045 5247 33112
1375761600 5050 23813 5514 24974
1375754400 5803 24670 6068 25952
1375747200 6014 26158 6745 31390
1375740000 5606 25777 7151 35175
1375732800 4488 21778 5546 29164
1375725600 4432 20833 11777 66863
1375718400 3908 41880 33075 1632993
1375711200 4879 80424 33075 1632993
1375704000 4107 15032 4284 15621
1375696800 4099 15001 4196 15551
1375689600 4093 14981 4226 15289
1375682400 4107 15457 4431 24797
1375675200 4169 15034 5496 15631
1375668000 4100 14998 4331 15555
1375660800 4094 15008 4238 15608
1375653600 4108 15000 4486 15571
1375646400 4096 14998 4240 15726
1375639200 4100 15015 4344 15903
1375632000 4115 15025 4344 15653
1375624800 4106 15046 4285 15444
1375617600 4087 15047 4202 15637
1375610400 4098 15014 4314 15548
1375603200 4114 15057 4270 15646
1375596000 4132 15462 4352 24750
1375588800 4128 15014 4428 15810
1375581600 4096 15062 4203 15843
1375574400 4091 15115 4252 16660
1375567200 4106 15020 4288 15389
1375560000 4089 15029 4296 15464
1375552800 4091 15031 4229 15564
1375545600 4107 15048 4344 15595
1375538400 4104 15050 4344 15595
1375531200 4104 15080 4345 15611
1375524000 4110 15002 4542 15255
1375516800 4091 15023 4230 15473
1375509600 4097 15396 4312 24687
1375502400 4104 14994 4252 15496
1375495200 4100 15038 4288 15657
1375488000 9246 22231 83836 74171
1375480800 17535 23590 111062 104175
1375473600 7533 88582 33387 1647825
1375466400 5108 18427 5742 19153
1375459200 13492 23719 58123 47894
1375452000 5287 72401 6427 99509
1375444800 5232 81127 5797 83113
1375437600 5236 80890 5440 82095
1375430400 5224 81072 5489 83382
1375423200 5236 81478 5561 90995
1375416000 5241 81007 5566 82419
1375408800 5291 81606 5578 83836
1375401600 5380 59796 7162 86290
1375394400 4242 18889 6486 26057
1375387200 5356 87137 33674 1647547
1375380000 4585 21495 8827 75863
1375372800 4283 18530 5437 25215
1375365600 5060 21224 7342 59301
1375358400 4705 17797 6676 128344
1375351200 4789 22335 6676 128344
1375344000 4744 17801 4993 18551
1375336800 4729 18205 4939 27196
1375329600 4735 17765 4994 18358
1375322400 4794 17861 5103 18556
1375315200 5204 22926 9710 84796
1375308000 5370 23425 8851 88182
1375300800 5606 41083 13013 353769
1375293600 29381 37498 228849 73970
1375286400 85281 152815 345078 1529492
1375279200 5358 20444 6775 29377
1375272000 5138 19686 5313 20343
1375264800 5170 19781 5427 20416
1375257600 5179 19808 5350 20425
1375250400 5214 20247 5448 29668
1375243200 5258 19934 5654 20517
1375236000 5257 19940 5465 20456
1375228800 5776 62331 9324 259736
1375221600 5019 29180 8322 127975
1375214400 4712 34045 7345 133126
1375207200 18461 19482 105587 30166
1375200000 6775 155076 34881 1653340
1375192800 5252 18813 7802 28852
1375185600 5045 17873 5321 19744
1375178400 5050 17827 5613 18816
1375171200 5083 17841 5613 18367
1375164000 5074 18220 5344 27333
1375156800 5070 17865 5369 18736
1375149600 5115 17898 5369 18666
1375142400 5314 20391 7420 39001
1375135200 5280 22567 7677 46065
1375128000 6081 19963 29973 34299
1375120800 5337 22174 7245 34299
1375113600 4638 79519 33953 1644618
1375106400 4975 17002 5691 19690
1375099200 5506 18912 6354 20279
1375092000 5547 18857 5713 19529
1375084800 5541 18883 5734 19378
1375077600 5565 19335 5754 28237
1375070400 5586 18973 5756 19636
1375063200 5573 19003 5793 19549
1375056000 5578 18994 5724 19861
1375048800 5607 19079 5841 19571
1375041600 5593 19014 5869 19455
1375034400 5656 19293 5825 19955
1375027200 5684 19357 5889 19830
1375020000 5697 19362 5889 19760
1375012800 5687 19384 5961 19839
1375005600 5702 19381 5953 19969
1374998400 5724 19424 5897 19876
1374991200 5735 19812 5896 28405
1374984000 5739 19442 5963 20224
1374976800 5810 19492 6388 20140
1374969600 5850 19603 6083 20529
1374962400 6046 24947 7934 137337
1374955200 5875 19628 6088 20245
1374948000 5870 19621 6089 20228
1374940800 5915 19720 6098 20320
1374933600 5904 19672 6081 20206
1374926400 5920 19702 6230 20858
1374919200 5950 19734 6197 20391
1374912000 5937 19241 6400 20172
1374904800 5924 19221 6119 28342
1374897600 5994 18941 6349 19717
1374890400 5962 18958 6070 20085
1374883200 5915 19381 9060 24944
1374876000 3820 22084 5626 120455
1374868800 4344 24615 5661 67842
1374861600 4654 61865 5447 67842
1374854400 4323 34261 33507 1560594
1374847200 6706 86230 33507 1560594
1374840000 5370 17682 5526 18134
1374832800 5433 17767 5758 18489
1374825600 5420 17841 5712 19449
1374818400 5437 18150 5773 27293
1374811200 5498 17873 5914 19076
1374804000 5443 17823 5807 18821
1374796800 5448 18939 6034 33493
1374789600 73176 182616 895401 1692098
1374782400 8697 20735 53808 36617
1374775200 5871 18862 20015 31737
1374768000 6127 24230 20025 57031
1374760800 4606 18261 7794 48063
1374753600 4269 16246 4558 17037
1374746400 4287 16252 4560 17243
1374739200 4290 16209 4663 17216
1374732000 4324 16615 4858 26465
1374724800 4308 16201 4749 17246
1374717600 4293 16544 4583 23035
1374710400 6025 20500 26375 37184
1374703200 27614 91640 244046 1521593
1374696000 4815 18781 5481 27624
1374688800 4614 17490 5188 24253
1374681600 5027 20620 6783 37347
1374674400 4918 20076 7734 42282
1374667200 4493 16413 4889 17642
1374660000 4469 16254 4703 16923
1374652800 4457 16231 4824 16956
1374645600 4484 16687 4860 26055
1374638400 4511 16295 4908 17183
1374631200 4539 16426 4821 17197
1374624000 4675 17462 6463 26987
1374616800 4674 18585 5407 24228
1374609600 6328 88780 31137 1519758
1374602400 5114 19165 6154 28306
1374595200 20953 23145 150826 70924
1374588000 4190 17098 6061 32022
1374580800 4068 16188 4521 17072
1374573600 4050 16109 4407 16831
1374566400 4055 16159 4435 17180
1374559200 4060 16477 4492 24689
1374552000 4095 16211 4454 16884
1374544800 4165 16385 4616 17203
1374537600 10604 18618 112310 30632
1374530400 6685 20478 35543 48260
1374523200 3647 17137 7738 39351
1374516000 951 1862 2130 7761
1374508800 1486 10139 3989 71089
1374501600 4027 5949 6473 20837
1374494400 3839 4439 4386 5217
1374487200 3841 4387 4104 5110
1374480000 3838 4403 4012 5011
1374472800 3864 4770 4234 13633
1374465600 3847 4360 4192 4788
1374458400 3830 4378 3940 4837
1374451200 3830 4418 4143 5010
1374444000 3830 4354 3993 4803
1374436800 3820 4341 4085 4712
1374429600 3828 4385 4016 5290
1374422400 3855 4428 4115 4855
1374415200 3829 4353 3980 4815
1374408000 3829 4388 4163 5013
1374400800 3833 4358 4087 5102
1374393600 3844 4381 4169 4665
1374386400 3829 4760 4090 13821
1374379200 3889 4585 4043 5207
1374372000 3886 4611 4126 5285
1374364800 3880 4724 4112 6531
1374357600 3895 4630 4170 5253
1374350400 3890 4632 4190 5069
1374343200 3902 4670 4149 5026
1374336000 3930 4716 4208 5466
1374328800 4023 4669 7084 5585
1374321600 3897 4660 4229 5321
1374314400 3917 4640 4251 5121
1374307200 3892 4642 4140 5363
1374300000 3901 5009 4198 14138
1374292800 3910 4661 4133 5335
1374285600 3907 4663 4047 5111
1374278400 3903 4885 4095 7321
1374271200 34620 268533 284926 3010724
1374264000 4212 21000 18308 332476
1374256800 7267 6104 65767 14150
1374249600 9046 13704 41373 94822
1374242400 3083 5515 4578 16142
1374235200 2814 4150 3064 4804
1374228000 2838 4609 3233 32715
1374220800 3365 33053 3673 33836
1374213600 3384 33351 3647 42375
1374206400 3384 32977 3796 33712
1374199200 3398 32964 3931 33996
1374192000 46522 28996 536007 35013
1374184800 60741 21286 521535 125794
1374177600 3633 6307 19028 19970
1374170400 3350 5518 18797 21664
1374163200 15431 108872 153429 1595153
1374156000 3450 17921 6407 160234
1374148800 3060 4014 3298 4796
1374141600 3063 4034 3431 4593
1374134400 3058 4009 3333 4588
1374127200 3076 4408 3315 12986
1374120000 3065 4027 3293 4506
1374112800 3086 4169 3404 6701
1374105600 3524 12704 6411 24583
1374098400 3514 8217 5938 26716
1374091200 3425 6069 3894 12613
1374084000 4724 84796 32810 1587254
1374076800 5648 75423 33687 1592326
1374069600 2927 4050 3394 4925
1374062400 2899 3909 3099 4472
1374055200 2893 3810 3156 4572
1374048000 2902 3851 3100 4305
1374040800 2913 4223 3190 13312
1374033600 2923 3837 3180 4469
1374026400 2942 3911 3244 4677
1374019200 5150 8459 19358 24179
1374012000 4139 9767 9877 37788
1374004800 4129 13480 6646 103862
1373997600 114846 16918 462006 55514
1373990400 80129 38824 596410 164299
1373983200 3065 5605 5308 19225
1373976000 2842 3668 3187 4166
1373968800 2877 3670 3187 4111
1373961600 2861 3658 3076 4221
1373954400 3017 4198 4619 13214
1373947200 2922 3786 3286 4408
1373940000 2919 3828 3226 4439
1373932800 3920 11957 202434 47221
1373925600 33688 69962 446284 1380218
1373918400 4375 42201 12042 213760
1373911200 1972 13732 6635 176384
1373904000 3663 85570 42180 1437825
1373896800 3873 6429 4660 10745
1373889600 4508 6346 4669 6926
1373882400 4535 6365 4925 7693
1373875200 4495 6294 4682 6862
1373868000 4516 6683 4733 15927
1373860800 4521 6321 4683 6986
1373853600 4501 6328 4677 7096
1373846400 4497 6299 4629 6683
1373839200 4502 6298 4651 6941
1373832000 4510 6291 4689 6689
1373824800 4537 6377 4658 7453
1373817600 4584 6542 4961 7429
1373810400 4722 6940 5243 7778
1373803200 4705 6965 4926 7646
1373796000 4681 6900 4905 7470
1373788800 4712 6920 4947 7482
1373781600 4706 7313 4807 15414
1373774400 4706 6915 4925 7607
1373767200 4660 6838 4916 7448
1373760000 4852 7232 5190 8179
1373752800 4952 7124 5268 7777
1373745600 4935 7089 5271 7852
1373738400 4956 7138 5678 8003
1373731200 4946 7114 5176 8065
1373724000 4962 7161 5214 7715
1373716800 4968 7167 5231 8232
1373709600 5110 7273 5394 7896
1373702400 5206 7364 5527 8077
1373695200 5220 7786 5469 16707
1373688000 5264 7485 5585 8435
1373680800 5234 7467 5546 8293
1373673600 55185 15673 246805 50037
1373666400 6449 11671 13135 22938
1373659200 6681 13789 31454 52214
1373652000 7491 244730 30054 1740134
1373644800 31908 957561 132536 3126828
1373637600 4298 8459 5600 23847
1373630400 4093 6393 4358 7234
1373623200 4086 6308 4393 7227
1373616000 4130 6414 4551 7019
1373608800 4114 6753 4387 14728
1373601600 4146 6388 4466 6875
1373594400 4098 6392 4387 7307
1373587200 22862 51226 125989 386529
1373580000 13732 102339 138523 450400
1373572800 6385 75611 16365 682897
1373565600 5681 80573 16548 674755
1373558400 5717 9810 30044 1428745
1373551200 10899 283369 30044 1428745
1373544000 9835 231176 11054 267856
1373536800 10231 243534 10895 265956
1373529600 10288 249699 13753 466391
1373522400 10164 240176 11204 260330
1373515200 9824 227268 11080 256493
1373508000 9751 226997 11192 264984
1373500800 10071 211903 14521 287584
1373493600 20548 305128 289321 1218676
1373486400 6387 25201 10534 251024
1373479200 15580 22604 195919 176032
1373472000 4255 10969 13442 44726
1373464800 4050 7081 5245 16856
1373457600 4006 6308 4659 7250
1373450400 3947 6139 4213 7134
1373443200 3987 6287 4234 7416
1373436000 3983 6628 4448 15819
1373428800 4017 6301 4436 7917
1373421600 4022 6332 4505 7646
1373414400 4676 17592 7027 136081
1373407200 17995 34051 297950 308783
1373400000 24233 473750 300008 1086950
1373392800 10402 406766 14663 675369
1373385600 5133 9969 6011 20957
1373378400 5252 9235 6049 16735
1373371200 5190 8823 5346 9415
1373364000 5206 8802 5407 9300
1373356800 5176 8740 5434 9337
1373349600 5214 9187 5451 18000
1373342400 5219 8784 5731 9346
1373335200 4935 8133 5446 9124
1373328000 5586 14340 14438 34987
1373320800 5949 79621 23724 630456
1373313600 3973 11755 6676 47710
1373306400 3909 12473 7764 46245
1373299200 4361 11360 6772 31753
1373292000 3503 8054 6173 21315
1373284800 3239 6713 3388 7178
1373277600 3257 6671 3368 7120
1373270400 3257 6679 3381 7065
1373263200 3257 7059 3416 16214
1373256000 3270 6664 3730 7109
1373248800 3261 6679 3460 6977
1373241600 3247 6675 3399 7145
1373234400 3263 6794 3360 9730
1373227200 3255 6649 3628 7202
1373220000 3252 6707 3443 7296
1373212800 3260 6686 3424 7332
1373205600 3248 6668 3481 7017
1373198400 3234 6675 3355 7100
1373191200 3263 6671 3462 7137
1373184000 3266 6657 3601 7034
1373176800 3273 7091 3410 16140
1373169600 3282 6711 3412 7034
1373162400 3253 6668 3386 7046
1373155200 3255 6689 3357 7258
1373148000 3270 6756 3426 8284
1373140800 3262 6684 3339 7152
1373133600 3254 6696 3367 7674
1373126400 3335 6752 4815 7889
1373119200 3269 6672 3633 7124
1373112000 3267 6717 3377 7149
1373104800 3268 6763 3428 8815
1373097600 3251 6685 3395 7192
1373090400 3278 7099 3451 16223
1373083200 3264 6688 3480 7061
1373076000 3277 6715 3450 8036
1373068800 3292 6659 3476 7093
1373061600 3356 6689 4286 7498
1373054400 3305 6654 3450 7113
1373047200 3336 6732 3763 7464
1373040000 3321 6687 3515 7492
1373032800 3307 6667 3394 7039
1373025600 3296 6672 3421 7068
1373018400 3308 6679 3432 7389
1373011200 3303 6667 3433 7282
1373004000 3317 7054 3435 15935
1372996800 3329 6734 3472 7209
1372989600 3559 6807 4086 8347
1372982400 3795 6802 3992 7629
1372975200 3818 6794 4095 7514
1372968000 3795 6771 4108 7392
1372960800 3839 7194 4239 8448
1372953600 3895 7576 4177 9845
1372946400 3865 7391 4192 8170
1372939200 3868 7421 4106 8208
1372932000 3868 7346 4194 8301
1372924800 3864 7373 4126 8282
1372917600 3834 7546 4206 17335
1372910400 3848 7033 4184 7991
1372903200 3847 7033 4348 7779
1372896000 3816 7061 4069 8019
1372888800 4121 10377 7131 50513
1372881600 4142 12583 5117 30384
1372874400 3666 13027 4592 27036
1372867200 5198 73450 31115 1436214
1372860000 3471 7177 5154 35508
1372852800 3380 5737 3658 7794
1372845600 3387 5609 3636 6278
1372838400 3412 5666 3651 6595
1372831200 3417 6053 3681 15017
1372824000 3437 7359 3747 11319
1372816800 3442 10383 5190 117568
1372809600 3671 5968 17793 10216
1372802400 8293 9238 92424 20676
1372795200 3871 11938 5497 90166
1372788000 4060 8660 7357 27495
1372780800 4393 10002 6226 23090
1372773600 3839 6754 5357 18280
1372766400 3755 6166 3999 6891
1372759200 3785 6201 4032 6891
1372752000 3799 6216 4016 6892
1372744800 3790 6589 3966 15404
1372737600 3819 6179 4622 6907
1372730400 3648 5838 4019 6451
1372723200 3848 6819 17704 19488
1372716000 5162 10390 17704 26560
1372708800 7646 16648 78323 97478
1372701600 5270 24341 7203 79101
1372694400 5383 78792 30523 1444502
1372687200 4485 19064 5178 27932
1372680000 4433 17975 4735 18508
1372672800 4439 17941 4644 18452
1372665600 4364 17728 4614 18689
1372658400 4254 17768 4538 27376
1372651200 4246 17354 4675 18237
1372644000 4230 17321 4490 18061
1372636800 4229 17356 4617 18652
1372629600 4223 17330 4460 17943
1372622400 4198 17258 4447 17987
1372615200 4221 17332 4389 18246
1372608000 4249 17340 4763 18083
1372600800 4199 17303 4438 17880
1372593600 4221 17345 4509 18141
1372586400 4214 17285 4513 18041
1372579200 4231 17339 4503 18005
1372572000 4217 17691 4461 26541
1372564800 4264 17342 4954 18606
1372557600 4250 17332 4871 18467
1372550400 4234 17340 4482 18262
1372543200 4256 17371 4629 18652
1372536000 4217 17309 4514 18001
1372528800 4172 17219 4485 18037
1372521600 4217 17310 4485 18811
1372514400 4221 17333 4478 18222
1372507200 4201 17303 4473 18019
1372500000 4216 17318 4497 18100
1372492800 4205 17325 4497 18100
1372485600 4242 17737 4485 26476
1372478400 4182 17183 4474 18040
1372471200 4206 17245 4707 18279
1372464000 4496 20539 6034 33025
1372456800 75585 31136 288112 49437
1372449600 111472 33983 285282 118788
1372442400 4566 19209 7444 37918
1372435200 41898 25256 277556 37031
1372428000 4560 18936 6038 29970
1372420800 4378 17790 4518 18635
1372413600 4368 17736 4639 18330
1372406400 4363 17683 4605 18455
1372399200 4256 17783 4454 26628
1372392000 4261 17419 4547 18446
1372384800 4236 17385 4588 18384
1372377600 4707 20436 7429 46139
1372370400 5731 19855 21555 39375
1372363200 6418 23967 60625 124278
1372356000 6067 20109 60011 73183
1372348800 5704 85727 27945 1312408
1372341600 4460 18241 7182 29577
1372334400 4286 17465 4675 18238
1372327200 4384 17565 5078 18212
1372320000 4340 17542 4570 18183
1372312800 4365 17935 4639 27412
1372305600 4337 17520 4608 18276
1372298400 4310 17528 4525 18163
1372291200 4363 18077 5100 27084
1372284000 39914 24051 263031 49302
1372276800 4727 25061 6854 72099
1372269600 5143 19253 21006 27396
1372262400 4360 19964 5754 32571
1372255200 6062 79530 26276 1336935
1372248000 5012 18112 5221 19049
1372240800 5029 18093 5292 19053
1372233600 5022 18054 5308 18978
1372226400 5030 18462 5354 28159
1372219200 5072 18119 6042 19168
1372204800 8124 28660 217301 1305441
1372118400 9286 33372 259718 1306402
1372032000 6114 18426 6480 27023
1371945600 6177 21323 6775 55024
1371859200 6462 23500 9799 79639
1371772800 6649 23156 219404 226490
1371686400 6774 34362 148020 1461631
1371600000 5595 27087 40975 1136510
1371513600 2798 8964 201567 249235
1371427200 0 289 0 468
1371340800 0 292 0 394
1371254400 6934 59587 115693 1521958
1371168000 8172 26157 292988 394240
1371081600 9839 21712 156775 1460051
1370995200 7115 17829 257112 1314280
1370908800 3786 15638 8636 82462
1370822400 3189 16814 3553 26196
1370736000 3174 16815 4233 26191
1370649600 6745 48014 162228 313918
1370563200 5639 24953 204644 553740
1370476800 10258 19896 171016 1316280
1370390400 6806 25622 80051 1362434
1370304000 4840 23299 113140 1486699
1370217600 3136 5455 4086 29855
1370131200 3798 7311 4785 32154
1370044800 991 3256 21391 78217
1369958400 3755 21030 14961 763802
1369872000 3571 10429 26417 1239718
1369785600 4028 14591 32436 1483826
1369699200 4377 7425 4962 16815
1369612800 4405 7345 4890 16876
1369526400 4417 7465 4917 16684
1369440000 21748 5586 207966 16435
1369353600 3006 13497 31037 1480290
1369267200 3067 22915 76517 4738963
1369180800 33452 33135 3546366 2963710
1369094400 2700 4980 3040 14093
1369008000 2714 4911 3079 14663
1368921600 2768 4987 3149 14733
1368835200 2213 6753 9643 116299
1368748800 2220 22928 41943 2188163
1368662400 2111 10924 32153 1476249
1368576000 1005 8884 32522 1529091
1368489600 0 335 0 755
1368403200 0 279 0 350
1368316800 0 279 0 450
1368230400 3858 11716 8557 78439
1368144000 4441 14877 33061 1496373
1368057600 12343 18248 1773140 1484251
1367971200 6713 11199 594492 540267
1367884800 2857 5528 10865 64344
1367798400 2097 2259 2361 3715
1367712000 2202 3110 8260 23916
1367625600 5540 21748 592912 1483427
1367539200 4992 12226 582037 343041
1367452800 5196 15596 581593 474653
1367366400 2031 12535 56988 286487
1367280000 13147 671104 55109 3292135
1367193600 8776 400573 22079 1198807
1367107200 2274 12299 3014 14261
1367020800 3880 9518 269025 1487613
1366934400 7758 169162 201681 9248919
1366848000 4482 12065 583729 1488040
1366761600 5631 15587 340399 1481396
1366675200 2585 21222 58975 1479145
1366588800 2429 8567 2918 9229
1366502400 2421 8485 2880 10333
1366416000 3460 25816 39671 767705
1366329600 40370 46084 4692019 6572635
1366243200 1971 10025 5920 98170
1366156800 2030 16929 27977 1075677
1366070400 30550 83023 1864357 5000135
1365984000 2968 80327 3533 82818
1365897600 3037 48528 8935 75644
1365811200 3717 8784 206628 192942
1365724800 1447 13583 26139 1377737
1365638400 3734 36247 64502 4131547
1365552000 3667 6428 8419 41232
1365465600 2843 7526 56194 110698
1365379200 2998 9652 23302 980440
1365292800 2475 2601 16115 11683
1365206400 3475 8162 449758 1472768
1365120000 1153 9254 15571 747275
1365033600 1634 28275 28724 1472821
1364947200 1887 18121 23102 266910
1364860800 1077 4526 14760 194658
1364774400 811 1928 1189 2901
1364688000 817 2040 1271 17500
1364601600 3021 10571 23591 1305139
1364515200 7182 19962 383717 373008
1364428800 12749 17057 236292 325111
1364342400 7870 14299 239401 1032460
1364256000 7229 11426 566586 524966
1364169600 1925 2533 6017 10018
1364083200 1863 2555 2305 4878
1363996800 4272 4488 248004 261940
1363910400 2506 10410 28382 1229203
1363824000 3313 7361 265445 57550
1363737600 1960 8943 18845 840631
1363651200 1093 7664 82370 1210505
1363564800 110 621 496 5260
1363478400 114 856 873 57998
1363392000 1934 8937 27644 1435191
1363305600 10363 156076 356459 230304
1363219200 13319 210959 570903 362779
1363132800 54308 215839 6801005 636235
1363046400 6941 205651 14577 220667
1362960000 6124 201648 6539 205532
1362873600 6151 201504 6589 206183
1362787200 12131 209212 1697182 1283449
1362700800 10081 225725 25344 325614
1362614400 19584 249076 1130381 5023467
1362528000 4300 60832 33331 1450215
1362441600 110331 51134 6281634 5758281
1362355200 3754 30359 4315 33385
1362268800 3840 31355 4297 32992
1362182400 30407 58440 5445342 4949554
1362096000 8758 44371 577434 560061
1362009600 8691 37708 619182 530495
1361923200 5745 37015 47436 79389
1361836800 6110 53858 80901 4861840
1361750400 5781 37463 16261 39535
1361664000 4789 35400 18049 56860
1361577600 5182 16473 273210 246139
1361491200 2366 16039 4655 40481
1361404800 6058 32096 567698 552560
1361318400 52964 89656 1071235 2946320
1361232000 3347 29473 11046 36639
1361145600 2971 26961 7746 29744
1361059200 2894 27671 7205 73153
1360972800 5063 23803 8335 45313
1360886400 4150 11238 16031 173360
1360800000 4217 10828 10720 106762
1360713600 2630 6494 12669 191090
1360627200 2870 20947 42454 946341
1360540800 2288 9460 2662 10028
1360454400 2274 8902 6479 10582
1360368000 2245 4716 4339 19666
1360281600 3334 5414 10630 242223
1360195200 2556 7763 13511 124045
1360108800 1534 4483 61485 41945
1360022400 1022 4959 8908 57025
1359936000 0 354 0 1873
1359849600 0 405 0 2292
1359763200 8905 203642 173954 231107
1359676800 2452 41093 14937 358473
1359590400 685 3397 31417 51321
1359504000 633 6152 5993 37245
1359417600 653 5571 5722 38240
1359331200 0 265 0 620
1359244800 0 275 1838 4607
1359158400 592 4084 5507 52941
1359072000 2281 83753 148826 8102078
1358985600 304 1016 7318 103585
1358899200 2627 68381 90540 364239
1358812800 0 297 0 948
1358726400 0 292 0 606
1358640000 0 307 2108 2332
1358553600 1717 63544 23086 200492
1358467200 5078 58795 227218 206545
1358380800 659 2464 6073 34914
1358294400 332 2378 7255 325216
1358208000 239 1504 8477 67808
1358121600 0 295 0 356
1358035200 0 297 0 452
1357948800 517 2061 4161 72624
1357862400 1122 3789 21587 71158
1357776000 2211 2619 427204 91018
1357689600 0 363 0 655
1357603200 394 2102 10100 50891
1357516800 0 258 0 419
1357430400 0 343 0 477
1357344000 643 1849 49756 16800
1357257600 5432 7814 758266 699979
1357171200 955 1908 120332 31719
1357084800 0 220 0 249
1356998400 331 1548 21458 33137
1356912000 0 229 0 264
1356825600 0 233 0 290
1356739200 235 1230 4386 54793
1356652800 544 2858 10352 257259
1356566400 319 2637 7412 182842
1356480000 0 217 0 248
1356393600 0 218 0 253
1356307200 0 218 0 248
1356220800 0 220 0 267
1356134400 730 3901 11452 77891
1356048000 150 886 3766 40603
1355961600 488 2155 5215 38966
1355875200 610 2552 11165 162127
1355788800 18523 17935 2255175 2039358
1355702400 0 287 0 362
1355616000 0 302 0 495
1355529600 581 2495 10687 57868
1355443200 510 1683 15284 34706
1355356800 274 1690 3345 87943
1355270400 631 1996 8011 35679
1355184000 505 1652 17407 20050
1355097600 0 255 0 328
1355011200 0 261 0 385
1354924800 25548 26605 1396516 1279448
1354838400 448 2344 6275 38494
1354752000 800 3682 8778 45826
1354665600 1969 41508 217139 4484852
1354579200 417 1957 3824 29910
1354492800 0 237 0 289
1354406400 0 280 0 572
1354320000 1215 4973 33471 563707
1354233600 368 1598 7135 107541
1354147200 241 2011 7377 220598
1354060800 104628 98819 1570515 1435278
1353974400 3782 4726 516090 472596
1353888000 0 221 0 291
1353801600 0 223 0 283
1353715200 0 224 0 288
1353628800 82 487 1852 10208
1353542400 180329 166833 1122691 1028955
1353456000 36850 51101 1312213 2522259
1353369600 20718 17292 1365060 1455712
1353283200 0 286 0 364
1353196800 0 299 0 455
1353110400 2599 4014 204394 221160
1353024000 715 6569 46604 797879
1352937600 298 1898 5385 167336
1352851200 38267 2318 1418990 41511
1352764800 6931 31837 959556 3653594
1352678400 0 249 0 339
1352592000 0 260 0 400
1352505600 99 1026 3591 31913
1352419200 13577 13482 942401 858584
1352332800 612 2407 13208 66246
1352246400 583 3239 70955 594178
1352160000 220 882 2820 30880
1352073600 0 229 0 272
1351987200 0 233 0 284
1351900800 449 2267 12002 226415
1351814400 538 2627 8176 254337
1351728000 574 761 61524 12327
1351641600 0 226 0 526
1351555200 0 219 0 403
1351468800 0 230 0 312
1351382400 0 232 0 290
1351296000 3258 20595 86772 4736731
1351209600 710 835 70341 15047
1351123200 345 767 5465 7149
1351036800 183 548 6956 4665
1350950400 272 2781 13264 234348
1350864000 0 272 0 325
1350777600 0 281 0 417
1350691200 290 2341 42108 162371
1350604800 184 3031 10364 649793
1350518400 176 1781 6733 178577
1350432000 102 1660 3458 173484
1350345600 1740 34929 124412 3292944
1350259200 0 275 0 331
1350172800 0 275 0 428
1350086400 0 387 0 716
1350000000 0 383 0 841
1349913600 0 362 0 799
1349827200 0 368 0 767
1349740800 0 343 0 814
1349654400 0 255 0 299
1349568000 0 259 0 313
1349481600 0 376 0 737
1349395200 0 372 39 762
1349308800 0 365 0 931
1349222400 0 388 0 757
1349136000 0 449 0 806
1349049600 0 359 0 396
1348963200 0 370 0 502
1348876800 0 403 0 812
1348790400 0 397 0 2064
1348704000 0 380 0 858
1348617600 0 353 0 741
1348531200 0 400 0 866
1348444800 0 218 0 310
1348358400 0 231 0 373
1348272000 0 346 0 629
1348185600 0 374 0 707
1348099200 0 388 0 782
1348012800 69 1278 3470 124659
1347926400 1312 6558 56729 235362
1347840000 292 561 3597 3382
1347753600 276 540 1949 2112
1347667200 417 2118 5781 38076
1347580800 464 4709 9431 90027
1347494400 2264 10469 21815 543166
1347408000 2306 4774 5602 49986
1347321600 2552 6802 14977 240887
1347235200 2199 4003 3866 5329
1347148800 2183 4006 4057 5804
1347062400 2206 4231 4289 15359
1346976000 1520 4058 9693 85228
1346889600 841 2061 15338 39574
1346803200 763 1713 8329 29776
1346716800 538 748 2203 1762
1346630400 556 785 2076 6434
1346544000 537 756 1740 2810
1346457600 1106 2374 38718 71147
1346371200 1070 2396 6081 64559
1346284800 4595 4245 508496 500831
1346198400 3388 6512 320274 482467
1346112000 1222 3662 7200 59824
1346025600 610 4302 31453 1006291
1345939200 409 761 1100 4532
1345852800 2264 31826 65807 3266111
1345766400 2600 6389 6694 29105
1345680000 2857 7361 7660 105569
1345593600 2824 6598 10737 26899
1345507200 2624 5687 3525 11167
1345420800 2652 5592 4275 11220
1345334400 2624 5601 3448 11223
1345248000 2722 9415 8432 239126
1345161600 2340 12511 14830 325271
1345075200 2000 6965 12803 199164
1344988800 2182 6875 11926 364420
1344902400 2392 6035 7278 44817
1344816000 2283 4045 3667 5496
1344729600 2246 4083 3032 7719
1344643200 2550 7199 87267 228075
1344556800 1998 4858 10066 172086
1344470400 1748 2861 2257 5323
1344384000 1744 2784 2174 5625
1344297600 1459 3159 6424 46148
1344211200 1119 1309 2640 2628
1344124800 1105 1325 1487 4758
1344038400 1558 4071 35701 139813
1343952000 1649 4035 90003 105876
1343865600 1298 6014 10350 136580
1343779200 1528 6194 20958 401164
1343692800 2121 5398 217188 180364
1343606400 1100 1297 2573 2534
1343520000 1342 2044 2616 4692
1343433600 2536 5954 20953 123428
1343347200 2465 5702 7689 138622
1343260800 2611 6910 39779 273023
1343174400 2202 4396 7297 47985
1343088000 2315 12168 16788 726591
1343001600 2006 2588 3473 4272
1342915200 1988 2570 2452 3936
1342828800 2122 2731 5782 5950
1342742400 1567 3247 22444 54895
1342656000 1549 3514 7453 37499
1342569600 1271 3948 18782 126920
1342483200 1080 3868 27933 224966
1342396800 762 1236 2276 2568
1342310400 750 1403 1514 45259
1342224000 749 1329 1253 2378
1342137600 750 1343 1214 5240
1342051200 1056 3533 6333 111737
1341964800 751 4723 22978 850045
1341878400 657 19822 61202 3173787
1341792000 125 487 1645 1785
1341705600 105 471 535 1720
1341619200 1746 2386 14799 9857
1341532800 1935 4724 8133 224111
1341446400 1605 2472 2032 3302
1341360000 1080 7909 19870 845184
1341273600 10783 28265 593672 7103207
1341187200 157 523 1638 3492
1341100800 142 556 625 15142
1341014400 2093 41240 64156 3258177
1340928000 1517 6293 7755 85013
1340841600 1546 8598 6709 177578
1340755200 1782 9659 18174 841008
1340668800 1134 3077 6539 47222
1340582400 739 1115 1671 1882
1340496000 721 1157 1289 8531
1340409600 834 2124 7025 47837
1340323200 1332 2263 2541 46757
1340236800 1905 3874 7593 46933
1340150400 2276 8889 24190 1067289
1340064000 2782 22092 48573 1615338
1339977600 2289 5489 3750 10352
1339891200 2363 5670 2858 10603
1339804800 1423 5579 5633 25097
1339718400 1246 9796 32101 329896
1339632000 2324 4164 14741 50929
1339545600 2430 26965 8701 108785
1339459200 2422 22753 8666 193189
1339372800 2382 25689 4138 27573
1339286400 3456 60706 4876 111462
1339200000 1701 8972 6682 179125
1339113600 1475 10376 12287 162814
1339027200 1656 6683 7592 87498
1338940800 2094 6747 7434 85748
1338854400 2174 6779 6351 85468
1338768000 2064 5987 3826 7511
1338681600 2403 6612 2941 7765
1338595200 3343 6113 8755 12203
1338508800 4249 8479 10615 23911
1338422400 1848 5077 46568 129707
1338336000 2463 9646 20464 686069
1338249600 1863 2126 2318 9893
1338163200 1948 2189 3970 3977
1338076800 2031 2251 2707 3622
1337990400 1769 13200 14344 654520
1337904000 733 5119 7666 240644
1337817600 266 3121 2770 314070
1337731200 75127 3626 8206697 272111
1337644800 130 991 4978 97503
1337558400 97 390 1797 2719
1337472000 81 372 501 2136
1337385600 59771 5507 5348549 218208
1337299200 1458 3981 5428 118769
1337212800 1614 3457 7361 27734
1337126400 1979 9628 8047 208951
1337040000 416810 17116 4820232 795564
1336953600 1835 2985 10436 29765
1336867200 1759 2843 2221 7901
1336780800 2532 29297 143081 7233068
1336694400 3373 77383 65381 3421355
1336608000 2226 10594 16252 313895
1336521600 2427 17508 10605 283516
1336435200 46152 29870 2643571 5363713
1336348800 1177 1933 3426 3911
1336262400 1218 2226 1589 6058
1336176000 2170 12650 22008 196125
1336089600 2177 18198 12626 388438
1336003200 2587 8678 22802 178062
1335916800 2961 13715 14336 568622
1335830400 3198 17571 11550 333140
1335744000 3658 4047 6370 6413
1335657600 4117 4514 4778 5836
1335571200 4982 6267 27123 37619
1335484800 11777 7618 1392178 230044
1335398400 2267 16762 53358 2812119
1335312000 23959 34698 3606757 6309681
1335225600 45545 42108 5661695 6257947
1335139200 1985 3706 4186 6176
1335052800 2046 5944 2578 9315
1334966400 6143 120629 495156 6551985
1334880000 2188 3825 2915 25450
1334793600 4236 37113 384825 2934729
1334707200 2147 11768 10433 183086
1334620800 2273 6665 8722 184924
1334534400 2219 3690 4281 5405
1334448000 2195 3673 2961 5630
1334361600 35419 92299 5061786 6061395
1334275200 18824 55557 1949485 6556352
1334188800 4988 10368 13483 45375
1334102400 4502 15913 29098 1228012
1334016000 4066 7722 11851 32616
1333929600 5436 9857 9638 15088
1333843200 5513 10012 9471 15205
1333756800 5686 10461 11043 16367
1333670400 6776 13861 10896 270332
1333584000 7248 13597 15968 58494
1333497600 8326 14714 54754 69459
1333411200 7205 13853 14703 75136
1333324800 7205 12984 9938 17718
1333238400 7215 13084 7815 17838
1333152000 7988 41529 13005 175201
1333065600 7591 21936 39989 1289814
1332979200 7386 17010 21992 734609
1332892800 7999 21815 152598 1220994
1332806400 9540 43603 77240 3611786
1332720000 8162 13795 10664 15837
1332633600 8132 13891 8590 18312
1332547200 8371 16084 16417 193678
1332460800 8405 18538 20638 212048
1332374400 8377 18499 11068 145990
1332288000 8530 18315 17402 179125
1332201600 7284 13590 17379 28349
1332115200 7709 14063 8292 17037
1332028800 7743 14146 8705 17623
1331942400 8235 16550 18864 137164
1331856000 9156 16205 128166 185604
1331769600 5011 10166 11160 89124
1331683200 8542 16793 13996 81293
1331596800 7480 14138 61368 52433
1331510400 7461 13814 9572 54828
1331424000 7422 13622 8111 15669
1331337600 7515 14383 11642 39647
1331251200 8714 14836 37265 37032
1331164800 8754 19235 15993 283674
1331078400 8841 49340 47525 2023286
1330992000 3230 31347 328361 3615998
1330905600 244 696 2672 2714
1330819200 223 693 596 4099
1330732800 1455 20287 74178 2170465
1330646400 5325 14553 22319 33512
1330560000 10993 67882 61762 2748108
1330473600 13616 23505 882060 409991
1330387200 9203 17823 13809 155586
1330300800 9885 16260 29662 22857
1330214400 9726 16218 11054 22860
1330128000 7389 12162 1034734 375710
1330041600 4417 7844 23363 94325
1329955200 1865 5060 19512 390556
1329868800 5460 12159 13026 228105
1329782400 7387 12920 8510 33760
1329696000 7400 12804 10885 15695
1329609600 7378 12977 8330 56804
1329523200 7393 12957 8185 16538
1329436800 9146 15076 78038 147652
1329350400 7811 17119 18675 243321
1329264000 7496 13696 26735 81533
1329177600 7731 14424 20540 243954
1329091200 7261 12960 11274 16686
1329004800 7265 13014 8352 15297
1328918400 6999 15281 15493 149959
1328832000 7611 15119 23756 409385
1328745600 7995 17832 21796 151434
1328659200 4675 11439 20083 401237
1328572800 2471 9656 14256 148490
1328486400 114 398 3116 2858
1328400000 100 431 428 5623
1328313600 5027 13434 14385 294305
1328227200 8478 15478 10287 25128
1328140800 13370 28901 930045 409274
1328054400 4025 11178 22790 398771
1327968000 3155 7201 15052 236235
1327881600 2943 4902 6666 8228
1327795200 3131 7008 4171 12156
1327708800 2098 6728 17421 396859
1327622400 3495 13681 19141 488703
1327536000 3569 8144 8159 112201
1327449600 4066 8630 34610 314576
1327363200 7580 16546 1081232 431345
1327276800 3122 5556 5893 9268
1327190400 3245 7574 5993 16779
1327104000 1305 4808 17922 399377
1327017600 1112 6823 45957 833167
1326931200 1357 10278 18103 645873
1326844800 5352 9365 514305 475321
1326758400 1907 3931 2607 48327
1326672000 1870 3841 5006 26342
1326585600 1827 3650 2598 24394
1326499200 1734 3643 2438 25233
1326412800 1850 3815 2551 24087
1326326400 1979 4637 4293 152806
1326240000 2058 4198 2745 32697
1326153600 2079 4106 2809 6622
1326067200 2216 4218 5914 7133
1325980800 2578 8870 3685 22027
1325894400 3454 10554 19439 393971
1325808000 3165 7601 18507 393065
1325721600 3826 8949 20317 408991
1325635200 4060 9676 21735 403035
1325548800 3504 6288 4060 10705
1325462400 3548 6389 7254 10833
1325376000 3907 8759 4863 13797
1325289600 3530 13801 25077 250709
1325203200 2611 8290 18511 409161
1325116800 1837 3553 2226 5589
1325030400 1860 3617 2398 9383
1324944000 1906 3563 2456 4828
1324857600 2044 3764 5775 6925
1324771200 1997 3691 2506 5926
1324684800 2050 3789 2759 6319
1324598400 2996 8680 13071 235623
1324512000 1781 7907 13924 245535
1324425600 2750 7588 17776 433614
1324339200 5230 8544 617535 489463
1324252800 2629 4310 4714 5889
1324166400 2931 6601 3841 11785
1324080000 3032 9200 21038 409790
1323993600 3215 8645 12847 202865
1323907200 3443 7532 10920 79699
1323820800 5705 12160 571368 330329
1323734400 2956 7898 18362 401743
1323648000 2597 3963 4900 5802
1323561600 2608 4027 3171 8307
1323475200 2480 4894 14257 238289
1323388800 3666 7706 55671 408859
1323302400 13473 15404 2964772 1543431
1323216000 1667 6833 16528 706905
1323129600 2668 6403 66638 249532
1323043200 2537 4767 4482 6363
1322956800 2484 4736 2955 6985
1322870400 2508 4849 3040 8299
1322784000 2499 5051 3210 30647
1322697600 2412 4731 3033 8989
1322611200 2511 4899 3202 8703
1322524800 2526 4917 3381 6653
1322438400 2565 4927 4263 6492
1322352000 2660 5124 3410 6583
1322265600 2766 5336 3344 8238
1322179200 2935 7170 3819 12163
1322092800 1985 5356 22415 401509
1322006400 1583 4748 54198 403063
1321920000 3824 4398 52138 50551
1321833600 2439 3415 4745 5982
1321747200 2510 3735 2959 7192
1321660800 6664 10078 589583 473903
1321574400 3879 6389 4373 10369
1321488000 6583 11280 68746 401210
1321401600 7522 11425 39056 29694
1321315200 6366 11967 50193 232147
1321228800 5254 8432 7603 10436
1321142400 5269 8508 5759 11454
1321056000 5533 9528 26687 21604
1320969600 6787 13269 106860 403750
1320883200 1188 5396 22963 463686
1320796800 1563 4531 35067 350718
1320710400 5672 10361 437407 395964
1320624000 4542 8122 6431 11149
1320537600 4472 8037 5315 13172
1320451200 5975 15396 26266 403926
1320364800 5759 11060 42306 292846
1320278400 5331 10355 45292 403792
1320192000 5424 11736 30337 101241
1320105600 2223 7531 17247 397283
1320019200 203 595 2280 7613
1319932800 3363 7996 32455 410730
1319846400 5782 10769 19957 60985
1319760000 4111 11082 19381 413309
1319673600 4313 10062 247597 398732
1319587200 2719 8074 49054 558936
1319500800 5803 10218 188675 230057
1319414400 4114 7759 6076 10571
1319328000 2606 6109 4609 12649
1319241600 2444 8348 129891 234831
1319155200 1088 4482 16482 396374
1319068800 722 3645 11319 231466
1318982400 600 1915 9938 5396
1318896000 486 1851 16049 72987
1318809600 218 679 2817 3115
1318723200 197 690 615 6226
1318636800 636 1911 4556 33722
1318550400 5442 9671 802106 452668
1318464000 2567 6447 17485 398221
1318377600 3323 8238 154228 231305
1318291200 1422 4242 24572 394903
1318204800 636 920 3279 3140
1318118400 622 942 1242 4274
1318032000 2040 4250 122337 407754
1317945600 5319 7901 330900 434350
1317859200 4937 6484 538144 523147
1317772800 1570 3162 2047 6185
1317686400 1632 3318 2225 4725
1317600000 1598 3085 3668 4922
1317513600 1618 3318 2437 6547
1317427200 1751 4906 2547 9796
1317340800 1913 4871 50772 387731
1317254400 866 4209 19200 414516
1317168000 981 3277 16814 373382
1317081600 4953 8002 647535 511778
1316995200 2612 4585 5138 6704
1316908800 2926 6646 4936 15817
1316822400 2074 5067 48778 70989
1316736000 1320 3674 19567 375419
1316649600 3628 8115 16619 224169
1316563200 1862 5199 9848 40271
1316476800 1106 4632 14844 374901
1316390400 820 1146 3506 3410
1316304000 791 1205 1345 18843
1316217600 1255 7995 15661 605421
1316131200 557 2177 21856 201200
1316044800 1000 3063 18567 376486
1315958400 1215 2380 5792 19771
1315872000 1035 3260 19364 381995
1315785600 384 818 2904 2910
1315699200 389 856 773 4176
1315612800 704 3345 13661 223594
1315526400 634 2532 7572 179490
1315440000 432 1553 3490 48295
1315353600 522 3277 12246 243193
1315267200 208 474 600 2308
1315180800 234 514 2872 2898
1315094400 201 494 567 5092
1315008000 285 1049 3838 23700
1314921600 595 1699 4399 17665
1314835200 443 1182 19928 14437
1314748800 9493 18358 35283 153104
1314662400 1770 4038 16776 165088
1314576000 0 0 0 0
1314489600 0 0 0 0
1314403200 1799 7408 11146 76429
1314316800 2284 14889 20278 407142
1314230400 31181 101601 622760 1793306
1314144000 117251 331740 1290306 2823038
1314057600 15272 21729 2611260 2322727
1313971200 883 1300 2983 4752
1313884800 866 1294 1260 5357
1313798400 1152 3587 4856 95262
1313712000 819 2705 4956 117318
1313625600 617 1727 4799 25559
1313539200 591 2065 8800 153324
1313452800 384 2850 15106 220158
1313366400 82 548 3201 18901
1313280000 60 426 637 4422
1313193600 397 2536 19574 366092
1313107200 383 1891 5301 87565
1313020800 1261 5578 49458 585883
1312934400 429 1441 9276 51935
1312848000 287 786 700 3032
1312761600 302 676 2334 3554
1312675200 291 770 652 19153
1312588800 356 959 6460 18179
1312502400 413 1221 2743 16374
1312416000 432 1336 4141 26148
1312329600 630 1462 46630 49566
1312243200 326 1917 11979 28536
1312156800 77 557 3121 5603
1312070400 61 520 583 2571
1311984000 329 3222 8738 366697
1311897600 1461 29153 64291 3183166
1311811200 780 2359 12889 88231
1311724800 517 1354 2904 22324
1311638400 333 1268 11001 23259
1311552000 103 476 2251 2243
1311465600 95 494 803 1940
1311379200 1315 5003 4408 27570
1311292800 13730 21954 2948265 1847075
1311206400 1521 4545 6066 51516
1311120000 1509 3898 9568 48347
1311033600 2831 5886 300039 284168
1310947200 1536 3099 4603 5619
1310860800 1448 3011 1752 7418
1310774400 2064 9464 22188 94186
1310688000 2069 6594 8882 169050
1310601600 1656 3956 5475 18998
1310515200 1448 4264 32610 168452
1310428800 89933 13988 11671581 1889200
1310342400 1882 3492 4220 8475
1310256000 1768 3309 2321 7596
1310169600 1413 3375 7390 15699
1310083200 1926 25555 65230 3408987
1309996800 140813 13088 11532239 807586
1309910400 5462 129897 173112 7738842
1309824000 1678 2900 2312 4833
1309737600 1705 2977 4953 5839
1309651200 1736 3156 2229 8508
1309564800 1842 3862 6783 93001
1309478400 1580 3003 1821 6940
1309392000 2186 25474 63596 3228865
1309305600 2817 27211 69907 3566993
1309219200 8689 13967 1804114 1137610
1309132800 2005 3550 4411 9087
1309046400 2092 4771 2570 10679
