1377805801 835774 2593039514
1377805801 0 1795 0 1795
1377805502 0 1590 0 1590
1377805500 0 1590 0 1830
1377805200 0 1829 0 1830
1377804900 0 1782 0 1783
1377804600 0 1693 0 1886
1377804300 0 1885 0 1886
1377804000 0 1880 0 1881
1377803700 0 1811 0 1989
1377803400 0 1988 0 1989
1377803100 0 1842 0 1843
1377802800 0 1631 0 1872
1377802500 0 1871 0 1872
1377802200 0 1789 0 1791
1377801900 0 1601 0 2000
1377801600 0 1999 0 2000
1377801300 0 1867 0 1868
1377801000 0 1647 0 2027
1377800700 0 2026 0 2027
1377800400 0 1826 0 1828
1377800100 0 1564 0 1994
1377799800 0 1993 0 1994
1377799500 0 1981 0 1983
1377799200 0 1517 0 1834
1377798900 0 1833 0 1834
1377798600 0 1600 0 1689
1377798300 0 1689 0 1755
1377798000 0 1755 0 1788
1377797700 0 1788 0 1850
1377797400 0 1848 0 1850
1377797100 0 1632 0 1811
1377796800 0 1812 0 2118
1377796500 0 2114 0 2118
1377796200 0 1634 0 1840
1377795900 0 1840 0 1886
1377795600 0 1885 0 1886
1377795300 0 1619 0 1903
1377795000 0 1901 0 1903
1377794700 0 1719 0 1720
1377794400 0 1573 0 1800
1377794100 0 1799 0 1800
1377793800 0 1764 0 2129
1377793500 0 2126 0 2129
1377793200 0 1762 0 1763
1377792900 0 1646 0 1759
1377792600 0 1759 0 1896
1377792300 0 1894 0 1896
1377792000 0 1510 0 1511
1377791700 0 1374 0 1760
1377791400 0 1759 0 1760
1377791100 0 1595 0 1619
1377790800 0 1619 0 1739
1377790500 0 1738 0 1739
1377790200 0 1736 0 1872
1377789900 0 1871 0 1872
1377789600 0 1811 0 1813
1377789300 0 1645 0 1646
1377789000 0 1553 0 1848
1377788700 0 1847 0 1848
1377788400 0 1632 0 1633
1377788100 0 1592 0 1704
1377787800 0 1703 0 1704
1377787500 0 1689 0 1761
1377787200 0 1760 0 1761
1377786900 0 1622 0 1970
1377786600 0 1969 0 1970
1377786300 0 1675 0 1676
1377786000 0 1556 0 1716
1377785700 0 1715 0 1716
1377785400 0 1690 0 1691
1377785100 0 1607 0 1797
1377784800 0 1797 0 1875
1377784500 0 1873 0 1875
1377784200 0 1630 0 1631
1377783900 0 1562 0 1835
1377783600 0 1834 0 1835
1377783300 0 1686 0 1690
1377783000 0 1221 0 1222
1377782700 0 1160 0 1208
1377782400 0 1208 0 1236
1377782100 0 1239 0 2163
1377781800 0 2156 0 2163
1377781500 0 1217 0 1344
1377781200 0 1345 0 1606
1377780900 0 1604 0 1606
1377780600 0 1235 0 1236
1377780300 0 1204 0 1659
1377780000 0 1657 0 1659
1377779700 0 1094 0 1095
1377779400 0 1049 0 1050
1377779100 0 874 0 875
1377778800 0 741 0 1417
1377778500 0 1415 0 1417
1377778200 0 1031 0 1032
1377777900 0 842 0 897
1377777600 0 897 0 1033
1377777300 0 1032 0 1033
1377777000 0 832 0 930
1377776700 0 930 0 1013
1377776400 0 1012 0 1013
1377776100 0 863 0 897
1377775800 0 897 0 1020
1377775500 0 1019 0 1020
1377775200 0 949 0 950
1377774900 0 811 0 998
1377774600 0 997 0 998
1377774300 0 974 0 975
1377774000 0 794 0 1024
1377773700 0 1023 0 1024
1377773400 0 938 0 997
1377773100 0 996 0 997
1377772800 0 936 0 937
1377772500 0 935 0 936
1377772200 0 845 0 849
1377771900 0 849 0 940
1377771600 0 939 0 940
1377771300 0 799 0 962
1377771000 0 961 0 962
1377770700 0 902 0 903
1377770400 0 790 0 1026
1377770100 0 1025 0 1026
1377769800 0 878 0 879
1377769500 0 814 0 986
1377769200 0 985 0 986
1377768900 0 908 0 909
1377768600 0 821 0 1029
1377768300 0 1028 0 1029
1377768000 0 888 0 889
1377767700 0 802 0 1338
1377767400 0 1356 0 4079
1377767100 0 4060 0 4079
1377766800 0 1329 0 1332
1377766500 0 1021 0 1279
1377766200 0 1275 0 1279
1377765900 0 738 0 990
1377765600 0 989 0 990
1377765300 0 971 0 972
1377765000 0 757 0 1015
1377764700 0 1014 0 1015
1377764400 0 967 0 968
1377764100 0 890 0 891
1377763800 0 878 0 1005
1377763500 0 1004 0 1005
1377763200 0 860 0 902
1377762900 0 902 0 993
1377762600 0 992 0 993
1377762300 0 865 0 866
1377762000 0 859 0 994
1377761700 0 993 0 994
1377761400 0 841 0 853
1377761100 0 853 0 909
1377760800 0 908 0 909
1377760500 0 827 0 864
1377760200 0 864 0 1051
1377759900 0 1049 0 1051
1377759600 0 811 0 966
1377759300 0 966 0 1017
1377759000 0 1016 0 1017
1377758700 0 828 0 835
1377758400 0 836 0 1025
1377758100 0 1024 0 1025
1377757800 0 813 0 867
1377757500 0 867 0 1011
1377757200 0 1010 0 1011
1377756900 0 855 0 856
1377756600 0 853 0 1010
1377756300 0 1009 0 1010
1377756000 0 929 0 930
1377755700 0 772 0 1004
1377755400 0 1003 0 1004
1377755100 0 999 0 1001
1377754800 0 732 0 1075
1377754500 0 1074 0 1075
1377754200 0 974 0 975
1377753900 0 783 0 989
1377753600 0 988 0 989
1377753300 0 967 0 968
1377753000 0 832 0 928
1377752700 0 928 0 937
1377752400 0 936 0 937
1377752100 0 873 0 874
1377751800 0 845 0 997
1377751500 0 996 0 997
1377751200 0 844 0 870
1377750900 0 870 0 998
1377750600 0 996 0 998
1377750300 0 787 0 845
1377750000 0 845 0 947
1377749700 0 947 0 956
1377749400 0 955 0 956
1377749100 0 863 0 914
1377748800 0 914 0 946
1377748500 0 945 0 946
1377748200 0 855 0 953
1377747900 0 952 0 953
1377747600 0 928 0 929
1377747300 0 843 0 957
1377747000 0 956 0 957
1377746700 0 936 0 937
1377746400 0 843 0 947
1377746100 0 946 0 947
1377745800 0 931 0 932
1377745500 0 869 0 925
1377745200 0 925 0 997
1377744900 0 995 0 997
1377744600 0 796 0 950
1377744300 0 950 0 989
1377744000 0 988 0 989
1377743700 0 806 0 951
1377743400 0 951 0 1016
1377743100 0 1015 0 1016
1377742800 0 790 0 976
1377742500 0 976 0 1033
1377742200 0 1032 0 1033
1377741900 0 899 0 900
1377741600 0 872 0 1046
1377741300 0 1045 0 1046
1377741000 0 910 0 911
1377740700 0 866 0 994
1377740400 0 993 0 994
1377740100 0 983 0 984
1377739800 0 877 0 878
1377739500 0 867 0 899
1377739200 0 898 0 899
1377738900 0 870 0 1108
1377738600 0 1107 0 1108
1377738300 0 978 0 980
1377738000 0 819 0 1002
1377737700 0 1001 0 1002
1377737400 0 975 0 976
1377737100 0 810 0 1021
1377736800 0 1020 0 1021
1377736500 0 963 0 964
1377736200 0 828 0 1147
1377735900 0 1145 0 1147
1377735600 0 948 0 949
1377735300 0 826 0 1038
1377735000 0 1037 0 1038
1377734700 0 971 0 972
1377734400 0 827 0 1064
1377734100 0 1063 0 1064
1377733800 0 975 0 977
1377733500 0 780 0 1094
1377733200 0 1094 0 1122
1377732900 0 1120 0 1122
1377732600 0 847 0 1128
1377732300 0 1128 0 1172
1377732000 0 1170 0 1172
1377731700 0 983 0 1132
1377731400 0 1133 0 1335
1377731100 0 1332 0 1335
1377730800 0 905 0 1146
1377730500 0 1146 0 1196
1377730200 0 1195 0 1196
1377729900 0 1002 0 1133
1377729600 0 1133 0 1240
1377729300 0 1238 0 1240
1377729000 0 1062 0 1063
1377728700 0 987 0 1090
1377728400 0 1090 0 1191
1377728100 0 1190 0 1191
1377727800 0 918 0 1111
1377727500 0 1113 0 1532
1377727200 0 1532 0 1668
1377726900 0 1667 0 1668
1377726600 0 1632 0 1679
1377726300 0 1679 0 1695
1377726000 0 1694 0 1695
1377725700 0 1605 0 1671
1377725400 0 1670 0 1671
1377725100 0 1650 0 1658
1377724800 0 1658 0 1772
1377724500 0 1772 0 1774
1377724200 0 1774 0 1880
1377723900 0 1878 0 1880
1377723600 0 1715 0 1716
1377723300 0 1703 0 1744
1377723000 0 1744 0 1764
1377722700 0 1763 0 1764
1377722400 0 1734 0 1890
1377722100 0 1889 0 1890
1377721800 0 1815 0 1817
1377721500 0 1639 0 1830
1377721200 0 1829 0 1830
1377720900 0 1814 0 1815
1377720600 0 1704 0 1843
1377720300 0 1842 0 1843
1377720000 0 1732 0 2033
1377719700 0 2032 0 2033
1377719400 0 1808 0 1810
1377719100 0 1539 0 1540
1377718800 0 1510 0 1511
1377718500 0 1404 0 1877
1377718200 0 1876 0 1877
1377717900 0 1799 0 1800
1377717600 0 1714 0 1764
1377717300 0 1763 0 1764
1377717000 0 1720 0 1838
1377716700 0 1837 0 1838
1377716400 0 1802 0 1970
1377716100 0 1969 0 1970
1377715800 0 1733 0 1950
1377715500 0 1948 0 1950
1377715200 0 1708 0 1727
1377714900 0 1726 0 1727
1377714600 0 1673 0 1741
1377714300 0 1740 0 1741
1377714000 0 1682 0 1804
1377713700 0 1803 0 1804
1377713400 0 1738 0 1739
1377713100 0 1491 0 1677
1377712800 0 1676 0 1677
1377712500 0 1616 0 1712
1377712200 0 1712 0 1712
1377711900 0 1712 0 1730
1377711600 0 1730 0 1802
1377711300 0 1801 0 1802
1377711000 0 1755 0 1876
1377710700 0 1875 0 1876
1377710400 0 1631 0 1795
1377710100 0 1797 0 2186
1377709800 0 2182 0 2186
1377709500 0 1607 0 1962
1377709200 0 1961 0 1962
1377708900 0 1843 0 1844
1377708600 0 1779 0 1780
1377708300 0 1681 0 1682
1377708000 0 1672 0 1955
1377707700 0 1952 0 1955
1377707400 0 1612 0 1613
1377707100 0 1521 0 1967
1377706800 0 1965 0 1967
1377706500 0 1692 0 1963
1377706200 0 1960 0 1963
1377705900 0 1638 0 1639
1377705600 0 1525 0 2036
1377705300 0 2035 0 2036
1377705000 0 1959 0 1962
1377704700 0 1634 0 1801
1377704400 0 1800 0 1801
1377704100 0 1764 0 1794
1377703800 0 1794 0 1899
1377703500 0 1898 0 1899
1377703200 0 1746 0 1824
1377702900 0 1824 0 1900
1377702600 0 1898 0 1900
1377702300 0 1628 0 1679
1377702000 0 1681 0 2012
1377701700 0 2011 0 2012
1377701400 0 1816 0 1817
1377701100 0 1630 0 2100
1377700800 0 2097 0 2100
1377700500 0 1752 0 1850
1377700200 0 1851 0 2137
1377699900 0 2136 0 2137
1377699600 0 2066 0 2067
1377699300 0 1848 0 2046
1377699000 0 2045 0 2046
1377698700 0 1986 0 1987
1377698400 0 1812 0 1869
1377698100 0 1868 0 1869
1377697800 0 1819 0 1822
1377697500 0 1491 0 1679
1377697200 0 1679 0 1759
1377696900 0 1759 0 1780
1377696600 0 1779 0 1780
1377696300 0 1723 0 1954
1377696000 0 1951 0 1954
1377695700 0 1635 0 1637
1377695400 0 1252 0 1253
1377695100 0 1109 0 1134
1377694800 0 1133 0 1134
1377694500 0 1053 0 1371
1377694200 0 1369 0 1371
1377693900 0 1090 0 1255
1377693600 0 1254 0 1255
1377693300 0 1168 0 1169
1377693000 0 1023 0 1067
1377692700 0 1067 0 1109
1377692400 0 1108 0 1109
1377692100 0 953 0 974
1377691800 0 974 0 1104
1377691500 0 1103 0 1104
1377691200 0 968 0 987
1377690900 0 987 0 1107
1377690600 0 1106 0 1107
1377690300 0 961 0 1008
1377690000 0 1008 0 1134
1377689700 0 1133 0 1134
1377689400 0 980 0 981
1377689100 0 947 0 1128
1377688800 0 1127 0 1128
1377688500 0 1014 0 1015
1377688200 0 915 0 1124
1377687900 0 1123 0 1124
1377687600 0 1064 0 1066
1377687300 0 836 0 1168
1377687000 0 1167 0 1168
1377686700 0 1086 0 1088
1377686400 0 842 0 1116
1377686100 0 1116 0 1146
1377685800 0 1144 0 1146
1377685500 0 889 0 1019
1377685200 0 1018 0 1019
1377684900 0 1018 0 1042
1377684600 0 1040 0 1042
1377684300 0 837 0 1053
1377684000 0 1052 0 1053
1377683700 0 1042 0 1043
1377683400 0 911 0 988
1377683100 0 988 0 1025
1377682800 0 1024 0 1025
1377682500 0 903 0 1044
1377682200 0 1043 0 1044
1377681900 0 1005 0 1006
1377681600 0 968 0 1037
1377681300 0 1036 0 1037
1377681000 0 1035 0 1036
1377680700 0 919 0 1046
1377680400 0 1045 0 1046
1377680100 0 1024 0 1025
1377679800 0 950 0 998
1377679500 0 998 0 1032
1377679200 0 1031 0 1032
1377678900 0 906 0 1064
1377678600 0 1063 0 1064
1377678300 0 1003 0 1004
1377678000 0 992 0 999
1377677700 0 999 0 1139
1377677400 0 1137 0 1139
1377677100 0 859 0 1040
1377676800 0 1040 0 1049
1377676500 0 1048 0 1049
1377676200 0 937 0 1042
1377675900 0 1041 0 1042
1377675600 0 1026 0 1027
1377675300 0 892 0 1095
1377675000 0 1094 0 1095
1377674700 0 924 0 949
1377674400 0 949 0 963
1377674100 0 964 0 1129
1377673800 0 1128 0 1129
1377673500 0 1048 0 1050
1377673200 0 874 0 1160
1377672900 0 1159 0 1160
1377672600 0 1043 0 1044
1377672300 0 868 0 1093
1377672000 0 1092 0 1093
1377671700 0 997 0 998
1377671400 0 877 0 1063
1377671100 0 1062 0 1063
1377670800 0 1045 0 1047
1377670500 0 851 0 1138
1377670200 0 1137 0 1138
1377669900 0 992 0 993
1377669600 0 902 0 1067
1377669300 0 1067 0 1091
1377669000 0 1090 0 1091
1377668700 0 982 0 1057
1377668400 0 1057 0 1070
1377668100 0 1069 0 1070
1377667800 0 950 0 1010
1377667500 0 1010 0 1054
1377667200 0 1053 0 1054
1377666900 0 945 0 1063
1377666600 0 1063 0 1103
1377666300 0 1101 0 1103
1377666000 0 904 0 973
1377665700 0 973 0 1126
1377665400 0 1125 0 1126
1377665100 0 899 0 1014
1377664800 0 1014 0 1098
1377664500 0 1096 0 1098
1377664200 0 913 0 914
1377663900 0 876 0 1060
1377663600 0 1058 0 1060
1377663300 0 819 0 1105
1377663000 0 1104 0 1105
1377662700 0 1040 0 1041
1377662400 0 964 0 965
1377662100 0 939 0 1074
1377661800 0 1073 0 1074
1377661500 0 930 0 957
1377661200 0 957 0 1047
1377660900 0 1046 0 1047
1377660600 0 966 0 967
1377660300 0 951 0 1065
1377660000 0 1064 0 1065
1377659700 0 943 0 993
1377659400 0 993 0 1043
1377659100 0 1042 0 1043
1377658800 0 960 0 961
1377658500 0 938 0 1082
1377658200 0 1081 0 1082
1377657900 0 946 0 954
1377657600 0 954 0 1050
1377657300 0 1049 0 1050
1377657000 0 990 0 991
1377656700 0 918 0 1080
1377656400 0 1079 0 1080
1377656100 0 951 0 972
1377655800 0 972 0 1050
1377655500 0 1050 0 1065
1377655200 0 1063 0 1065
1377654900 0 865 0 1073
1377654600 0 1072 0 1073
1377654300 0 1030 0 1032
1377654000 0 861 0 1057
1377653700 0 1057 0 1078
1377653400 0 1076 0 1078
1377653100 0 765 0 982
1377652800 0 982 0 1040
1377652500 0 1039 0 1040
1377652200 0 978 0 1112
1377651900 0 1111 0 1112
1377651600 0 1008 0 1009
1377651300 0 999 0 1000
1377651000 0 970 0 971
1377650700 0 966 0 1031
1377650400 0 1030 0 1031
1377650100 0 923 0 999
1377649800 0 998 0 999
1377649500 0 990 0 991
1377649200 0 962 0 1015
1377648900 0 1015 0 1022
1377648600 0 1021 0 1022
1377648300 0 987 0 1005
1377648000 0 1005 0 1033
1377647700 0 1032 0 1033
1377647400 0 998 0 1063
1377647100 0 1063 0 1088
1377646800 0 1087 0 1088
1377646500 0 1022 0 1075
1377646200 0 1075 0 1089
1377645900 0 1087 0 1089
1377645600 0 856 0 1051
1377645300 0 1051 0 1205
1377645000 0 1204 0 1205
1377644700 0 954 0 1004
1377644400 0 1004 0 1122
1377644100 0 1121 0 1122
1377643800 0 1018 0 1124
1377643500 0 1124 0 1252
1377643200 0 1250 0 1252
1377642900 0 1082 0 1180
1377642600 0 1180 0 1183
1377642300 0 1181 0 1183
1377642000 0 932 0 1264
1377641700 0 1262 0 1264
1377641400 0 1075 0 1076
1377641100 0 1030 0 1528
1377640800 0 1529 0 1679
1377640500 0 1679 0 1745
1377640200 0 1745 0 1763
1377639900 0 1763 0 1846
1377639600 0 1844 0 1846
1377639300 0 1638 0 1639
1377639000 0 1544 0 1768
1377638700 0 1767 0 1768
1377638400 0 1705 0 1706
1377638100 0 1516 0 1833
1377637800 0 1832 0 1833
1377637500 0 1692 0 1693
1377637200 0 1622 0 1811
1377636900 0 1811 0 1812
1377636600 0 1811 0 1812
1377636300 0 1556 0 1889
1377636000 0 1888 0 1889
1377635700 0 1862 0 1863
1377635400 0 1566 0 1861
1377635100 0 1858 0 1861
1377634800 0 1514 0 1595
1377634500 0 1596 0 1890
1377634200 0 1892 0 2744
1377633900 0 2740 0 2744
1377633600 0 2255 0 2258
1377633300 0 1939 0 26292
1377633000 0 26296 0 27755
1377632700 0 27668 0 27755
1377632400 0 1900 0 1901
1377632100 0 1836 0 1837
1377631800 0 1717 0 1865
1377631500 0 1864 0 1865
1377631200 0 1843 0 1844
1377630900 0 1635 0 2011
1377630600 0 2009 0 2011
1377630300 0 1617 0 1618
1377630000 0 1407 0 1771
1377629700 0 1770 0 1771
1377629400 0 1761 0 1762
1377629100 0 1624 0 1691
1377628800 0 1692 0 1852
1377628500 0 1850 0 1852
1377628200 0 1635 0 1701
1377627900 0 1701 0 1870
1377627600 0 1869 0 1870
1377627300 0 1651 0 1652
1377627000 0 1380 0 1939
1377626700 0 1938 0 1939
1377626400 0 1678 0 1679
1377626100 0 1596 0 1712
1377625800 0 1727 0 1887
1377624600 0 1758 0 2032
1377622800 0 1769 0 1893
1377621000 0 1728 0 1880
1377619200 0 1791 0 1939
1377617400 0 1710 0 1853
1377615600 0 1786 0 1934
1377613800 0 1766 0 1939
1377612000 0 1821 0 1977
1377610200 0 1164 0 1815
1377608400 0 1139 0 1815
1377606600 0 1045 0 1383
1377604800 0 971 0 1054
1377603000 0 969 0 1094
1377601200 0 961 0 1072
1377599400 0 919 0 1065
1377597600 0 944 0 1032
1377595800 0 967 0 1087
1377594000 0 953 0 1054
1377592200 0 972 0 1062
1377590400 0 959 0 1078
1377588600 0 958 0 1084
1377586800 0 959 0 1062
1377585000 0 969 0 1082
1377583200 0 972 0 1116
1377581400 0 962 0 1058
1377579600 0 956 0 1073
1377577800 0 945 0 1089
1377576000 0 952 0 1044
1377574200 0 966 0 1074
1377572400 0 953 0 1038
1377570600 0 974 0 1072
1377568800 0 954 0 1052
1377567000 0 968 0 1100
1377565200 0 970 0 1096
1377563400 0 991 0 1125
1377561600 0 993 0 1107
1377559800 0 1065 0 1214
1377558000 0 1119 0 1292
1377556200 0 1074 0 1430
1377554400 0 1599 0 1740
1377552600 0 1659 0 1756
1377550800 0 1677 0 1830
1377549000 0 1685 0 1847
1377547200 0 1662 0 1844
1377545400 0 1723 0 1844
1377543600 0 1646 0 1751
1377541800 0 1677 0 1808
1377540000 0 1670 0 1840
1377538200 0 1803 0 1999
1377536400 0 1678 0 1785
1377534600 0 1680 0 1828
1377532800 0 1620 0 1883
1377531000 0 1451 0 1950
1377529200 0 1713 0 1900
1377527400 0 1702 0 1949
1377525600 0 1811 0 2277
1377523800 0 1228 0 2000
1377522000 0 1174 0 2000
1377520200 0 931 0 1616
1377518400 0 1102 0 1616
1377516600 0 920 0 1234
1377514800 0 933 0 1234
1377513000 0 849 0 1021
1377511200 0 893 0 1007
1377509400 0 898 0 1015
1377507600 0 887 0 985
1377505800 0 904 0 1000
1377504000 0 895 0 995
1377502200 0 909 0 1009
1377500400 0 897 0 989
1377498600 0 891 0 1008
1377496800 0 884 0 1016
1377495000 0 897 0 1004
1377493200 0 889 0 1011
1377491400 0 886 0 998
1377489600 0 892 0 983
1377487800 0 897 0 983
1377486000 0 889 0 955
1377484200 0 905 0 1018
1377482400 0 892 0 1026
1377480600 0 873 0 994
1377478800 0 881 0 921
1377477000 0 897 0 1009
1377475200 0 892 0 992
1377473400 0 859 0 992
1377471600 0 893 0 1002
1377469800 0 822 0 1004
1377468000 0 914 0 1004
1377466200 0 917 0 1021
1377464400 0 893 0 972
1377462600 0 913 0 1016
1377460800 0 899 0 993
1377459000 0 898 0 1041
1377457200 0 892 0 1002
1377455400 0 903 0 1033
1377453600 0 894 0 983
1377451800 0 895 0 1006
1377450000 0 895 0 1006
1377448200 0 876 0 1049
1377446400 0 895 0 971
1377444600 0 899 0 1010
1377442800 0 894 0 1000
1377441000 0 898 0 1011
1377439200 0 894 0 1000
1377437400 0 882 0 1011
1377435600 0 917 0 1008
1377433800 0 933 0 1048
1377432000 0 898 0 1009
1377430200 0 915 0 1027
1377428400 0 911 0 1012
1377426600 0 886 0 1015
1377424800 0 901 0 1012
1377423000 0 916 0 1030
1377421200 0 904 0 981
1377419400 0 920 0 1013
1377417600 0 912 0 980
1377415800 0 904 0 1075
1377414000 0 903 0 1020
1377412200 0 913 0 996
1377410400 0 911 0 1031
1377408600 0 914 0 1043
1377406800 0 905 0 998
1377405000 0 887 0 972
1377403200 0 899 0 1007
1377401400 0 924 0 1052
1377399600 0 933 0 1049
1377397800 0 912 0 1041
1377396000 0 898 0 1003
1377394200 0 897 0 1030
1377392400 0 916 0 1027
1377390600 0 915 0 1074
1377388800 0 920 0 1051
1377387000 0 918 0 1020
1377385200 0 900 0 983
1377383400 0 838 0 986
1377381600 0 902 0 995
1377379800 0 902 0 1021
1377378000 0 900 0 1022
1377376200 0 921 0 1037
1377374400 0 910 0 1005
1377372600 0 926 0 1022
1377370800 0 876 0 1007
1377369000 0 912 0 1040
1377367200 0 908 0 1003
1377365400 0 908 0 1022
1377363600 0 891 0 1024
1377361800 0 876 0 975
1377360000 0 898 0 1020
1377358200 0 898 0 1031
1377356400 0 891 0 998
1377354600 0 893 0 975
1377352800 0 893 0 951
1377351000 0 880 0 1003
1377349200 0 903 0 1000
1377347400 0 895 0 1031
1377345600 0 889 0 996
1377343800 0 896 0 957
1377342000 0 896 0 991
1377340200 0 858 0 943
1377338400 0 904 0 998
1377336600 0 903 0 991
1377334800 0 908 0 1029
1377333000 0 918 0 1033
1377331200 0 895 0 1010
1377329400 0 894 0 1041
1377327600 0 899 0 1020
1377325800 0 904 0 1013
1377324000 0 900 0 1022
1377322200 0 906 0 1051
1377320400 0 905 0 999
1377318600 0 884 0 1013
1377316800 0 907 0 1013
1377315000 0 913 0 1015
1377313200 0 905 0 1027
1377311400 0 909 0 1023
1377309600 0 911 0 1052
1377307800 0 920 0 1053
1377306000 0 927 0 1035
1377304200 0 932 0 1020
1377302400 0 941 0 1062
1377300600 0 966 0 1070
1377298800 0 976 0 1083
1377297000 0 1010 0 1363
1377295200 0 1693 0 1891
1377293400 0 1688 0 1908
1377291600 0 1765 0 1874
1377289800 0 1791 0 1969
1377288000 0 1824 0 2026
1377286200 0 1934 0 2381
1377284400 0 1877 0 1961
1377282600 0 1846 0 2123
1377280800 0 1893 0 2299
1377279000 0 1904 0 2025
1377277200 0 1829 0 1994
1377275400 0 1874 0 2035
1377273600 0 1965 0 2140
1377271800 0 1973 0 2140
1377270000 0 1942 0 2042
1377268200 0 1950 0 2042
1377266400 0 1924 0 2401
1377264600 0 1538 0 1885
1377262800 0 1281 0 1500
1377261000 0 1114 0 1401
1377259200 0 1022 0 1104
1377257400 0 1038 0 1114
1377255600 0 1025 0 1090
1377253800 0 992 0 1090
1377252000 0 1022 0 1101
1377250200 0 1119 0 1567
1377248400 0 7495 0 38967
1377246600 0 1035 0 1147
1377244800 0 1028 0 1084
1377243000 0 1011 0 1141
1377241200 0 1023 0 1125
1377239400 0 1035 0 1147
1377237600 0 1032 0 1127
1377235800 0 1175 0 1893
1377234000 0 1026 0 1135
1377232200 0 1029 0 1127
1377230400 0 1029 0 1109
1377228600 0 1032 0 1108
1377226800 0 1036 0 1081
1377225000 0 1036 0 1098
1377223200 0 1046 0 1105
1377221400 0 1047 0 1123
1377219600 0 1059 0 1101
1377217800 0 1070 0 1108
1377216000 0 1098 0 1166
1377214200 0 1159 0 1213
1377212400 0 1242 0 1359
1377210600 0 1222 0 1398
1377208800 0 1619 0 2015
1377207000 0 1505 0 1710
1377205200 0 1482 0 1950
1377203400 0 2026 0 2225
1377201600 0 2022 0 2132
1377199800 0 1963 0 2464
1377198000 0 1874 0 2168
1377196200 0 1963 0 2340
1377194400 0 1866 0 2141
1377192600 0 1891 0 2075
1377190800 0 1995 0 2875
1377189000 0 1960 0 2551
1377187200 0 1803 0 2613
1377185400 0 2351 0 3808
1377183600 0 2188 0 3134
1377181800 0 13822 0 72375
1377180000 0 9147 0 44908
1377178200 0 1510 0 1767
1377176400 0 1277 0 1322
1377174600 0 1123 0 1217
1377172800 0 1095 0 1190
1377171000 0 1081 0 1406
1377169200 0 1019 0 1074
1377167400 0 988 0 1078
1377165600 0 1029 0 1133
1377163800 0 1029 0 1147
1377162000 0 1020 0 1090
1377160200 0 1036 0 1139
1377158400 0 1024 0 1098
1377156600 0 1037 0 1214
1377154800 0 1038 0 1139
1377153000 0 1031 0 1136
1377151200 0 1031 0 1068
1377149400 0 1027 0 1129
1377147600 0 1024 0 1065
1377145800 0 1021 0 1055
1377144000 0 1025 0 1084
1377142200 0 1036 0 1158
1377140400 0 1049 0 1137
1377138600 0 1047 0 1143
1377136800 0 1045 0 1130
1377135000 0 1041 0 1149
1377133200 0 1049 0 1150
1377131400 0 1066 0 1175
1377129600 0 1105 0 1232
1377127800 0 1158 0 1317
1377126000 0 9234 0 49008
1377124200 0 1526 0 2344
1377122400 0 2357 0 3489
1377120600 0 2111 0 2177
1377118800 0 2560 0 3220
1377117000 0 1968 0 2072
1377115200 0 1804 0 2033
1377113400 0 11711 0 60586
1377111600 0 1966 0 2094
1377109800 0 2034 0 2657
1377108000 0 2095 0 2657
1377106200 0 2044 0 2168
1377104400 0 2016 0 2149
1377102600 0 1990 0 2274
1377100800 0 2085 0 2369
1377099000 0 1980 0 2129
1377097200 0 2013 0 2137
1377095400 0 2035 0 2198
1377093600 0 1867 0 2039
1377091800 0 1513 0 1757
1377090000 0 1292 0 1726
1377088200 0 1063 0 1216
1377086400 0 1131 0 1308
1377084600 0 1027 0 1147
1377082800 0 1024 0 1147
1377081000 0 996 0 1107
1377079200 0 1020 0 1060
1377077400 0 1023 0 1068
1377075600 0 1015 0 1133
1377073800 0 1022 0 1120
1377072000 0 1037 0 1155
1377070200 0 1005 0 1099
1377068400 0 1046 0 1225
1377066600 0 1014 0 1139
1377064800 0 1040 0 1226
1377063000 0 1021 0 1117
1377061200 0 1021 0 1113
1377059400 0 999 0 1117
1377057600 0 1022 0 1121
1377055800 0 1041 0 1172
1377054000 0 1080 0 1152
1377052200 0 1085 0 1249
1377050400 0 1081 0 1199
1377048600 0 1051 0 1199
1377046800 0 1089 0 1165
1377045000 0 1089 0 1227
1377043200 0 1136 0 1266
1377041400 0 1125 0 1248
1377039600 0 1248 0 1497
1377037800 0 1222 0 1574
1377036000 0 1894 0 2106
1377034200 0 1926 0 2038
1377032400 0 2023 0 2144
1377030600 0 2064 0 2441
1377028800 0 2123 0 2338
1377027000 0 2069 0 2169
1377025200 0 1988 0 2189
1377023400 0 2049 0 2150
1377021600 0 2131 0 2412
1377019800 0 1983 0 2179
1377018000 0 1902 0 2066
1377016200 0 1838 0 2066
1377014400 0 1988 0 2212
1377012600 0 1915 0 2081
1377010800 0 1854 0 2133
1377009000 0 2072 0 2510
1377007200 0 1732 0 2510
1377005400 0 1528 0 2162
1377003600 0 1356 0 1887
1377001800 0 1152 0 1637
1377000000 0 1049 0 1299
1376998200 0 1023 0 1088
1376996400 0 1005 0 1134
1376994600 0 980 0 1117
1376992800 0 981 0 1101
1376991000 0 984 0 1105
1376989200 0 978 0 1081
1376987400 0 993 0 1110
1376985600 0 989 0 1102
1376983800 0 970 0 1143
1376982000 0 983 0 1094
1376980200 0 987 0 1093
1376978400 0 1007 0 1198
1376976600 0 985 0 1061
1376974800 0 986 0 1061
1376973000 0 960 0 1106
1376971200 0 998 0 1101
1376969400 0 1025 0 1144
1376967600 0 1017 0 1137
1376965800 0 1031 0 1137
1376964000 0 1051 0 1122
1376962200 0 1001 0 1128
1376960400 0 1075 0 1155
1376958600 0 1051 0 1168
1376956800 0 1092 0 1268
1376955000 0 1130 0 1242
1376953200 0 1226 0 1519
1376951400 0 1513 0 2070
1376949600 0 1856 0 2229
1376947800 0 2039 0 2137
1376946000 0 1934 0 2103
1376944200 0 2115 0 2690
1376942400 0 1863 0 1984
1376940600 0 2011 0 2220
1376938800 0 1876 0 2188
1376937000 0 2044 0 2281
1376935200 0 1936 0 2216
1376933400 0 1923 0 2065
1376931600 0 1863 0 2118
1376929800 0 2019 0 2402
1376928000 0 1981 0 2246
1376926200 0 1931 0 2116
1376924400 0 2615 0 5623
1376922600 0 2116 0 2852
1376920800 0 1950 0 2225
1376919000 0 1904 0 2561
1376917200 0 1357 0 1601
1376915400 0 1121 0 1413
1376913600 0 1062 0 1178
1376911800 0 1066 0 1189
1376910000 0 1057 0 1167
1376908200 0 1036 0 1164
1376906400 0 1093 0 1314
1376904600 0 1049 0 1122
1376902800 0 1049 0 1124
1376901000 0 1052 0 1176
1376899200 0 1038 0 1157
1376897400 0 1035 0 1157
1376895600 0 1053 0 1131
1376893800 0 1056 0 1149
1376892000 0 1065 0 1242
1376890200 0 1043 0 1159
1376888400 0 1042 0 1163
1376886600 0 1027 0 1170
1376884800 0 1033 0 1141
1376883000 0 1035 0 1164
1376881200 0 1033 0 1160
1376879400 0 1037 0 1156
1376877600 0 1039 0 1160
1376875800 0 1018 0 1143
1376874000 0 1056 0 1117
1376872200 0 1046 0 1097
1376870400 0 1039 0 1125
1376868600 0 1054 0 1163
1376866800 0 1018 0 1161
1376865000 0 1033 0 1145
1376863200 0 1023 0 1120
1376861400 0 1048 0 1168
1376859600 0 1052 0 1159
1376857800 0 1044 0 1157
1376856000 0 1040 0 1147
1376854200 0 1060 0 1163
1376852400 0 1042 0 1137
1376850600 0 1043 0 1163
1376848800 0 1034 0 1149
1376847000 0 1052 0 1163
1376845200 0 1048 0 1158
1376843400 0 1017 0 1209
1376841600 0 1025 0 1106
1376839800 0 1035 0 1097
1376838000 0 1025 0 1095
1376836200 0 1044 0 1122
1376834400 0 1045 0 1131
1376832600 0 1029 0 1118
1376830800 0 1053 0 1133
1376829000 0 1051 0 1170
1376827200 0 1051 0 1144
1376825400 0 1053 0 1196
1376823600 0 1038 0 1142
1376821800 0 1043 0 1155
1376820000 0 1040 0 1145
1376818200 0 1045 0 1166
1376816400 0 1037 0 1149
1376814600 0 1047 0 1163
1376812800 0 1043 0 1151
1376811000 0 1026 0 1161
1376809200 0 1031 0 1137
1376807400 0 1040 0 1101
1376805600 0 1057 0 1156
1376803800 0 1048 0 1094
1376802000 0 1054 0 1111
1376800200 0 1036 0 1117
1376798400 0 1052 0 1135
1376796600 0 1066 0 1184
1376794800 0 1045 0 1171
1376793000 0 1081 0 1138
1376791200 0 1048 0 1114
1376789400 0 1029 0 1133
1376787600 0 1053 0 1195
1376785800 0 1051 0 1166
1376784000 0 1048 0 1152
1376782200 0 1060 0 1159
1376780400 0 1050 0 1153
1376778600 0 1017 0 1141
1376776800 0 1052 0 1134
1376775000 0 1055 0 1133
1376773200 0 1041 0 1154
1376771400 0 1014 0 1144
1376769600 0 1037 0 1147
1376767800 0 1064 0 1152
1376766000 0 1048 0 1126
1376764200 0 1074 0 1160
1376762400 0 1041 0 1133
1376760600 0 1046 0 1163
1376758800 0 1052 0 1134
1376757000 0 1046 0 1158
1376755200 0 1051 0 1161
1376753400 0 1056 0 1160
1376751600 0 1054 0 1122
1376749800 0 1050 0 1178
1376748000 0 1035 0 1136
1376746200 0 1014 0 1126
1376744400 0 1041 0 1150
1376742600 0 1047 0 1163
1376740800 0 1029 0 1141
1376739000 0 1048 0 1141
1376737200 0 1035 0 1147
1376735400 0 1023 0 1135
1376733600 0 1039 0 1124
1376731800 0 1046 0 1136
1376730000 0 1049 0 1109
1376728200 0 1049 0 1156
1376726400 0 1054 0 1168
1376724600 0 1048 0 1166
1376722800 0 1043 0 1159
1376721000 0 1047 0 1184
1376719200 0 1071 0 1217
1376717400 0 1047 0 1173
1376715600 0 1083 0 1161
1376713800 0 1067 0 1212
1376712000 0 1068 0 1160
1376710200 0 1073 0 1173
1376708400 0 1072 0 1156
1376706600 0 1074 0 1134
1376704800 0 1080 0 1194
1376703000 0 1065 0 1194
1376701200 0 1084 0 1165
1376699400 0 1084 0 1172
1376697600 0 1115 0 1333
1376695800 0 1167 0 1333
1376694000 0 1133 0 1178
1376692200 0 1152 0 1373
1376690400 0 1719 0 1898
1376688600 0 1742 0 1920
1376686800 0 1866 0 1958
1376685000 0 1887 0 2088
1376683200 0 2167 0 3115
1376681400 0 1994 0 48013
1376679600 0 9671 0 48013
1376677800 0 2808 0 6441
1376676000 0 9453 0 47005
1376674200 0 2062 0 3110
1376672400 0 1836 0 1916
1376670600 0 1989 0 2413
1376668800 0 2712 0 4515
1376667000 0 2015 0 2174
1376665200 0 1925 0 2069
1376663400 0 1959 0 2134
1376661600 0 2016 0 2599
1376659800 0 1797 0 2093
1376658000 0 1804 0 2479
1376656200 0 1397 0 2479
1376654400 0 1099 0 1197
1376652600 0 1107 0 1185
1376650800 0 1102 0 1185
1376649000 0 1082 0 1174
1376647200 0 1113 0 1150
1376645400 0 1104 0 1147
1376643600 0 1106 0 1151
1376641800 0 1188 0 2112
1376640000 0 1294 0 2112
1376638200 0 1096 0 1201
1376636400 0 1100 0 1253
1376634600 0 1245 0 1949
1376632800 0 1123 0 1256
1376631000 0 1105 0 1223
1376629200 0 1100 0 1204
1376627400 0 1363 0 2728
1376625600 0 1112 0 1218
1376623800 0 1123 0 1225
1376622000 0 1100 0 1187
1376620200 0 1127 0 1201
1376618400 0 1105 0 1168
1376616600 0 1081 0 1192
1376614800 0 1117 0 1197
1376613000 0 1166 0 1299
1376611200 0 1134 0 1217
1376609400 0 1208 0 1287
1376607600 0 1254 0 1500
1376605800 0 1293 0 1423
1376604000 0 1779 0 1958
1376602200 0 2015 0 2326
1376600400 0 1924 0 2194
1376598600 0 1969 0 2319
1376596800 0 2009 0 2319
1376595000 0 2039 0 2315
1376593200 0 2139 0 2315
1376591400 0 1965 0 2368
1376589600 0 1915 0 2083
1376587800 0 1903 0 2092
1376586000 0 1907 0 2085
1376584200 0 1893 0 2124
1376582400 0 2067 0 2474
1376580600 0 1956 0 2290
1376578800 0 1903 0 2048
1376577000 0 2058 0 2464
1376575200 0 1876 0 2096
1376573400 0 1426 0 1749
1376571600 0 1204 0 1579
1376569800 0 1108 0 1372
1376568000 0 1006 0 1102
1376566200 0 1436 0 3028
1376564400 0 1006 0 1067
1376562600 0 971 0 1060
1376560800 0 1005 0 1040
1376559000 0 1019 0 1078
1376557200 0 1007 0 1100
1376555400 0 1016 0 1165
1376553600 0 1001 0 1103
1376551800 0 1050 0 1249
1376550000 0 1024 0 1117
1376548200 0 1013 0 1111
1376546400 0 1029 0 1091
1376544600 0 1010 0 1132
1376539200 0 1019 0 1144
1376532000 0 1011 0 1202
1376524800 0 1069 0 1387
1376517600 0 2129 0 3646
1376510400 0 1885 0 2841
1376503200 0 1846 0 2272
1376496000 0 2290 0 9200
1376488800 0 5362 0 61770
1376481600 0 946 0 1084
1376474400 0 950 0 1017
1376467200 0 1044 0 1224
1376460000 0 1048 0 1167
1376452800 0 1054 0 1181
1376445600 0 1091 0 1366
1376438400 0 1257 0 2387
1376431200 0 3335 0 19379
1376424000 0 5338 0 77583
1376416800 0 4619 0 40538
1376409600 0 1989 0 2671
1376402400 0 1512 0 2202
1376395200 0 1104 0 1409
1376388000 0 1094 0 1219
1376380800 0 1094 0 1226
1376373600 0 1103 0 1211
1376366400 0 1100 0 1213
1376359200 0 1170 0 1653
1376352000 0 1273 0 2004
1376344800 0 5258 0 51756
1376337600 0 2072 0 2973
1376330400 0 2150 0 3325
1376323200 0 2045 0 2515
1376316000 0 1581 0 2372
1376308800 0 1011 0 1306
1376301600 0 982 0 1097
1376294400 0 978 0 1104
1376287200 0 976 0 1186
1376280000 0 983 0 1125
1376272800 0 972 0 1119
1376265600 0 985 0 1097
1376258400 0 979 0 1102
1376251200 0 971 0 1088
1376244000 0 977 0 1118
1376236800 0 983 0 1137
1376229600 0 981 0 1122
1376222400 0 971 0 1114
1376215200 0 985 0 1145
1376208000 0 981 0 1140
1376200800 0 987 0 1100
1376193600 0 994 0 1120
1376186400 0 983 0 1096
1376179200 0 977 0 1107
1376172000 0 1014 0 1241
1376164800 0 1131 0 1243
1376157600 0 1119 0 1256
1376150400 0 1136 0 1276
1376143200 0 1102 0 1257
1376136000 0 966 0 1071
1376128800 0 987 0 1109
1376121600 0 970 0 1102
1376114400 0 970 0 1165
1376107200 0 972 0 1093
1376100000 0 975 0 1080
1376092800 0 1100 0 1403
1376085600 0 1910 0 7785
1376078400 0 1641 0 1844
1376071200 0 4015 0 56082
1376064000 0 1838 0 2764
1376056800 0 1651 0 2615
1376049600 0 1141 0 1857
1376042400 0 1024 0 1143
1376035200 0 1025 0 1179
1376028000 0 3566 0 59844
1376020800 0 1030 0 1143
1376013600 0 1153 0 1268
1376006400 0 1332 0 1804
1375999200 0 2042 0 2753
1375992000 0 2107 0 2690
1375984800 0 2289 0 4006
1375977600 115 2206 2733 12980
1375970400 0 0 0 0
1375963200 0 0 0 0
1375956000 0 0 0 0
1375948800 0 0 0 0
1375941600 0 0 0 0
1375934400 0 0 0 0
1375927200 0 0 0 0
1375920000 0 0 0 0
1375912800 0 0 0 0
1375905600 0 0 0 0
1375898400 0 0 0 0
1375891200 0 0 0 0
1375884000 0 0 0 0
1375876800 0 0 0 0
1375869600 0 0 0 0
1375862400 0 0 0 0
1375855200 0 0 0 0
1375848000 0 0 0 0
1375840800 0 0 0 0
1375833600 0 0 0 0
1375826400 0 0 0 0
1375819200 0 0 0 0
1375812000 0 0 0 0
1375804800 0 0 0 0
1375797600 0 0 0 0
1375790400 0 0 0 0
1375783200 0 0 0 0
1375776000 0 0 0 0
1375768800 0 0 0 0
1375761600 0 0 0 0
1375754400 0 0 0 0
1375747200 0 0 0 0
1375740000 0 0 0 0
1375732800 0 0 0 0
1375725600 0 0 0 0
1375718400 0 0 0 0
1375711200 0 0 0 0
1375704000 0 0 0 0
1375696800 0 0 0 0
1375689600 0 0 0 0
1375682400 0 0 0 0
1375675200 0 0 0 0
1375668000 0 0 0 0
1375660800 0 0 0 0
1375653600 0 0 0 0
1375646400 0 0 0 0
1375639200 0 0 0 0
1375632000 0 0 0 0
1375624800 0 0 0 0
1375617600 0 0 0 0
1375610400 0 0 0 0
1375603200 0 0 0 0
1375596000 0 0 0 0
1375588800 0 0 0 0
1375581600 0 0 0 0
1375574400 0 0 0 0
1375567200 0 0 0 0
1375560000 0 0 0 0
1375552800 0 0 0 0
1375545600 0 0 0 0
1375538400 0 0 0 0
1375531200 0 0 0 0
1375524000 0 0 0 0
1375516800 0 0 0 0
1375509600 0 0 0 0
1375502400 0 0 0 0
1375495200 0 0 0 0
1375488000 0 0 0 0
1375480800 0 0 0 0
1375473600 0 0 0 0
1375466400 0 0 0 0
1375459200 0 0 0 0
1375452000 0 0 0 0
1375444800 0 0 0 0
1375437600 0 0 0 0
1375430400 0 0 0 0
1375423200 0 0 0 0
1375416000 0 0 0 0
1375408800 0 0 0 0
1375401600 0 0 0 0
1375394400 0 0 0 0
1375387200 0 0 0 0
1375380000 0 0 0 0
1375372800 0 0 0 0
1375365600 0 0 0 0
1375358400 0 0 0 0
1375351200 0 0 0 0
1375344000 0 0 0 0
1375336800 0 0 0 0
1375329600 0 0 0 0
1375322400 0 0 0 0
1375315200 0 0 0 0
1375308000 0 0 0 0
1375300800 0 0 0 0
1375293600 0 0 0 0
1375286400 0 0 0 0
1375279200 0 0 0 0
1375272000 0 0 0 0
1375264800 0 0 0 0
1375257600 0 0 0 0
1375250400 0 0 0 0
1375243200 0 0 0 0
1375236000 0 0 0 0
1375228800 0 0 0 0
1375221600 0 0 0 0
1375214400 0 0 0 0
1375207200 0 0 0 0
1375200000 0 0 0 0
1375192800 0 0 0 0
1375185600 0 0 0 0
1375178400 0 0 0 0
1375171200 0 0 0 0
1375164000 0 0 0 0
1375156800 0 0 0 0
1375149600 0 0 0 0
1375142400 0 0 0 0
1375135200 0 0 0 0
1375128000 0 0 0 0
1375120800 0 0 0 0
1375113600 0 0 0 0
1375106400 0 0 0 0
1375099200 0 0 0 0
1375092000 0 0 0 0
1375084800 0 0 0 0
1375077600 0 0 0 0
1375070400 0 0 0 0
1375063200 0 0 0 0
1375056000 0 0 0 0
1375048800 0 0 0 0
1375041600 0 0 0 0
1375034400 0 0 0 0
1375027200 0 0 0 0
1375020000 0 0 0 0
1375012800 0 0 0 0
1375005600 0 0 0 0
1374998400 0 0 0 0
1374991200 0 0 0 0
1374984000 0 0 0 0
1374976800 0 0 0 0
1374969600 0 0 0 0
1374962400 0 0 0 0
1374955200 0 0 0 0
1374948000 0 0 0 0
1374940800 0 0 0 0
1374933600 0 0 0 0
1374926400 0 0 0 0
1374919200 0 0 0 0
1374912000 0 0 0 0
1374904800 0 0 0 0
1374897600 0 0 0 0
1374890400 0 0 0 0
1374883200 0 0 0 0
1374876000 0 0 0 0
1374868800 0 0 0 0
1374861600 0 0 0 0
1374854400 0 0 0 0
1374847200 0 0 0 0
1374840000 0 0 0 0
1374832800 0 0 0 0
1374825600 0 0 0 0
1374818400 0 0 0 0
1374811200 0 0 0 0
1374804000 0 0 0 0
1374796800 0 0 0 0
1374789600 0 0 0 0
1374782400 0 0 0 0
1374775200 0 0 0 0
1374768000 0 0 0 0
1374760800 0 0 0 0
1374753600 0 0 0 0
1374746400 0 0 0 0
1374739200 0 0 0 0
1374732000 0 0 0 0
1374724800 0 0 0 0
1374717600 0 0 0 0
1374710400 0 0 0 0
1374703200 0 0 0 0
1374696000 0 0 0 0
1374688800 0 0 0 0
1374681600 0 0 0 0
1374674400 0 0 0 0
1374667200 0 0 0 0
1374660000 0 0 0 0
1374652800 0 0 0 0
1374645600 0 0 0 0
1374638400 0 0 0 0
1374631200 0 0 0 0
1374624000 0 0 0 0
1374616800 0 0 0 0
1374609600 0 0 0 0
1374602400 0 0 0 0
1374595200 0 0 0 0
1374588000 0 0 0 0
1374580800 0 0 0 0
1374573600 0 0 0 0
1374566400 0 0 0 0
1374559200 0 0 0 0
1374552000 0 0 0 0
1374544800 0 0 0 0
1374537600 0 0 0 0
1374530400 0 0 0 0
1374523200 0 0 0 0
1374516000 0 0 0 0
1374508800 0 0 0 0
1374501600 0 0 0 0
1374494400 0 0 0 0
1374487200 0 0 0 0
1374480000 0 0 0 0
1374472800 0 0 0 0
1374465600 0 0 0 0
1374458400 0 0 0 0
1374451200 0 0 0 0
1374444000 0 0 0 0
1374436800 0 0 0 0
1374429600 0 0 0 0
1374422400 0 0 0 0
1374415200 0 0 0 0
1374408000 0 0 0 0
1374400800 0 0 0 0
1374393600 0 0 0 0
1374386400 0 0 0 0
1374379200 0 0 0 0
1374372000 0 0 0 0
1374364800 0 0 0 0
1374357600 0 0 0 0
1374350400 0 0 0 0
1374343200 0 0 0 0
1374336000 0 0 0 0
1374328800 0 0 0 0
1374321600 0 0 0 0
1374314400 0 0 0 0
1374307200 0 0 0 0
1374300000 0 0 0 0
1374292800 0 0 0 0
1374285600 0 0 0 0
1374278400 0 0 0 0
1374271200 0 0 0 0
1374264000 0 0 0 0
1374256800 0 0 0 0
1374249600 0 0 0 0
1374242400 0 0 0 0
1374235200 0 0 0 0
1374228000 0 0 0 0
1374220800 0 0 0 0
1374213600 0 0 0 0
1374206400 0 0 0 0
1374199200 0 0 0 0
1374192000 0 0 0 0
1374184800 0 0 0 0
1374177600 0 0 0 0
1374170400 0 0 0 0
1374163200 0 0 0 0
1374156000 0 0 0 0
1374148800 0 0 0 0
1374141600 0 0 0 0
1374134400 0 0 0 0
1374127200 0 0 0 0
1374120000 0 0 0 0
1374112800 0 0 0 0
1374105600 0 0 0 0
1374098400 0 0 0 0
1374091200 0 0 0 0
1374084000 0 0 0 0
1374076800 0 0 0 0
1374069600 0 0 0 0
1374062400 0 0 0 0
1374055200 0 0 0 0
1374048000 0 0 0 0
1374040800 0 0 0 0
1374033600 0 0 0 0
1374026400 0 0 0 0
1374019200 0 0 0 0
1374012000 0 0 0 0
1374004800 0 0 0 0
1373997600 0 0 0 0
1373990400 0 0 0 0
1373983200 0 0 0 0
1373976000 0 0 0 0
1373968800 0 0 0 0
1373961600 0 0 0 0
1373954400 0 0 0 0
1373947200 0 0 0 0
1373940000 0 0 0 0
1373932800 0 0 0 0
1373925600 0 0 0 0
1373918400 0 0 0 0
1373911200 0 0 0 0
1373904000 0 0 0 0
1373896800 0 0 0 0
1373889600 0 0 0 0
1373882400 0 0 0 0
1373875200 0 0 0 0
1373868000 0 0 0 0
1373860800 0 0 0 0
1373853600 0 0 0 0
1373846400 0 0 0 0
1373839200 0 0 0 0
1373832000 0 0 0 0
1373824800 0 0 0 0
1373817600 0 0 0 0
1373810400 0 0 0 0
1373803200 0 0 0 0
1373796000 0 0 0 0
1373788800 0 0 0 0
1373781600 0 0 0 0
1373774400 0 0 0 0
1373767200 0 0 0 0
1373760000 0 0 0 0
1373752800 0 0 0 0
1373745600 0 0 0 0
1373738400 0 0 0 0
1373731200 0 0 0 0
1373724000 0 0 0 0
1373716800 0 0 0 0
1373709600 0 0 0 0
1373702400 0 0 0 0
1373695200 0 0 0 0
1373688000 0 0 0 0
1373680800 0 0 0 0
1373673600 0 0 0 0
1373666400 0 0 0 0
1373659200 0 0 0 0
1373652000 0 0 0 0
1373644800 0 0 0 0
1373637600 0 0 0 0
1373630400 0 0 0 0
1373623200 0 0 0 0
1373616000 0 0 0 0
1373608800 0 0 0 0
1373601600 0 0 0 0
1373594400 0 0 0 0
1373587200 0 0 0 0
1373580000 0 0 0 0
1373572800 0 0 0 0
1373565600 0 0 0 0
1373558400 0 0 0 0
1373551200 0 0 0 0
1373544000 0 0 0 0
1373536800 0 0 0 0
1373529600 0 0 0 0
1373522400 0 0 0 0
1373515200 0 0 0 0
1373508000 0 0 0 0
1373500800 0 0 0 0
1373493600 0 0 0 0
1373486400 0 0 0 0
1373479200 0 0 0 0
1373472000 0 0 0 0
1373464800 0 0 0 0
1373457600 0 0 0 0
1373450400 0 0 0 0
1373443200 0 0 0 0
1373436000 0 0 0 0
1373428800 0 0 0 0
1373421600 0 0 0 0
1373414400 0 0 0 0
1373407200 0 0 0 0
1373400000 0 0 0 0
1373392800 0 0 0 0
1373385600 0 0 0 0
1373378400 0 0 0 0
1373371200 0 0 0 0
1373364000 0 0 0 0
1373356800 0 0 0 0
1373349600 0 0 0 0
1373342400 0 0 0 0
1373335200 0 0 0 0
1373328000 0 0 0 0
1373320800 0 0 0 0
1373313600 0 0 0 0
1373306400 0 0 0 0
1373299200 0 0 0 0
1373292000 0 0 0 0
1373284800 0 0 0 0
1373277600 0 0 0 0
1373270400 0 0 0 0
1373263200 0 0 0 0
1373256000 0 0 0 0
1373248800 0 0 0 0
1373241600 0 0 0 0
1373234400 0 0 0 0
1373227200 0 0 0 0
1373220000 0 0 0 0
1373212800 0 0 0 0
1373205600 0 0 0 0
1373198400 0 0 0 0
1373191200 0 0 0 0
1373184000 0 0 0 0
1373176800 0 0 0 0
1373169600 0 0 0 0
1373162400 0 0 0 0
1373155200 0 0 0 0
1373148000 0 0 0 0
1373140800 0 0 0 0
1373133600 0 0 0 0
1373126400 0 0 0 0
1373119200 0 0 0 0
1373112000 0 0 0 0
1373104800 0 0 0 0
1373097600 0 0 0 0
1373090400 0 0 0 0
1373083200 0 0 0 0
1373076000 0 0 0 0
1373068800 0 0 0 0
1373061600 0 0 0 0
1373054400 0 0 0 0
1373047200 0 0 0 0
1373040000 0 0 0 0
1373032800 0 0 0 0
1373025600 0 0 0 0
1373018400 0 0 0 0
1373011200 0 0 0 0
1373004000 0 0 0 0
1372996800 0 0 0 0
1372989600 0 0 0 0
1372982400 0 0 0 0
1372975200 0 0 0 0
1372968000 0 0 0 0
1372960800 0 0 0 0
1372953600 0 0 0 0
1372946400 0 0 0 0
1372939200 0 0 0 0
1372932000 0 0 0 0
1372924800 0 0 0 0
1372917600 0 0 0 0
1372910400 0 0 0 0
1372903200 0 0 0 0
1372896000 0 0 0 0
1372888800 0 0 0 0
1372881600 0 0 0 0
1372874400 0 0 0 0
1372867200 0 0 0 0
1372860000 0 0 0 0
1372852800 0 0 0 0
1372845600 0 0 0 0
1372838400 0 0 0 0
1372831200 0 0 0 0
1372824000 0 0 0 0
1372816800 0 0 0 0
1372809600 0 0 0 0
1372802400 0 0 0 0
1372795200 0 0 0 0
1372788000 0 0 0 0
1372780800 0 0 0 0
1372773600 0 0 0 0
1372766400 0 0 0 0
1372759200 0 0 0 0
1372752000 0 0 0 0
1372744800 0 0 0 0
1372737600 0 0 0 0
1372730400 0 0 0 0
1372723200 0 0 0 0
1372716000 0 0 0 0
1372708800 0 0 0 0
1372701600 0 0 0 0
1372694400 0 0 0 0
1372687200 0 0 0 0
1372680000 0 0 0 0
1372672800 0 0 0 0
1372665600 0 0 0 0
1372658400 0 0 0 0
1372651200 0 0 0 0
1372644000 0 0 0 0
1372636800 0 0 0 0
1372629600 0 0 0 0
1372622400 0 0 0 0
1372615200 0 0 0 0
1372608000 0 0 0 0
1372600800 0 0 0 0
1372593600 0 0 0 0
1372586400 0 0 0 0
1372579200 0 0 0 0
1372572000 0 0 0 0
1372564800 0 0 0 0
1372557600 0 0 0 0
1372550400 0 0 0 0
1372543200 0 0 0 0
1372536000 0 0 0 0
1372528800 0 0 0 0
1372521600 0 0 0 0
1372514400 0 0 0 0
1372507200 0 0 0 0
1372500000 0 0 0 0
1372492800 0 0 0 0
1372485600 0 0 0 0
1372478400 0 0 0 0
1372471200 0 0 0 0
1372464000 0 0 0 0
1372456800 0 0 0 0
1372449600 0 0 0 0
1372442400 0 0 0 0
1372435200 0 0 0 0
1372428000 0 0 0 0
1372420800 0 0 0 0
1372413600 0 0 0 0
1372406400 0 0 0 0
1372399200 0 0 0 0
1372392000 0 0 0 0
1372384800 0 0 0 0
1372377600 0 0 0 0
1372370400 0 0 0 0
1372363200 0 0 0 0
1372356000 0 0 0 0
1372348800 0 0 0 0
1372341600 0 0 0 0
1372334400 0 0 0 0
1372327200 0 0 0 0
1372320000 0 0 0 0
1372312800 0 0 0 0
1372305600 0 0 0 0
1372298400 0 0 0 0
1372291200 0 0 0 0
1372284000 0 0 0 0
1372276800 0 0 0 0
1372269600 0 0 0 0
1372262400 0 0 0 0
1372255200 0 0 0 0
1372248000 0 0 0 0
1372240800 0 0 0 0
1372233600 0 0 0 0
1372226400 0 0 0 0
1372219200 0 0 0 0
1372204800 0 0 0 0
1372118400 0 0 0 0
1372032000 0 0 0 0
1371945600 0 0 0 0
1371859200 0 0 0 0
1371772800 0 0 0 0
1371686400 0 0 0 0
1371600000 0 0 0 0
1371513600 0 0 0 0
1371427200 0 0 0 0
1371340800 0 0 0 0
1371254400 0 0 0 0
1371168000 0 0 0 0
1371081600 0 0 0 0
1370995200 0 0 0 0
1370908800 0 0 0 0
1370822400 0 0 0 0
1370736000 0 0 0 0
1370649600 0 0 0 0
1370563200 0 0 0 0
1370476800 0 0 0 0
1370390400 0 0 0 0
1370304000 0 0 0 0
1370217600 0 0 0 0
1370131200 0 0 0 0
1370044800 0 0 0 0
1369958400 0 0 0 0
1369872000 0 0 0 0
1369785600 0 0 0 0
1369699200 0 0 0 0
1369612800 0 0 0 0
1369526400 0 0 0 0
1369440000 0 0 0 0
1369353600 0 0 0 0
1369267200 0 0 0 0
1369180800 0 0 0 0
1369094400 0 0 0 0
1369008000 0 0 0 0
1368921600 0 0 0 0
1368835200 0 0 0 0
1368748800 0 0 0 0
1368662400 0 0 0 0
1368576000 0 0 0 0
1368489600 0 0 0 0
1368403200 0 0 0 0
1368316800 0 0 0 0
1368230400 0 0 0 0
1368144000 0 0 0 0
1368057600 0 0 0 0
1367971200 0 0 0 0
1367884800 0 0 0 0
1367798400 0 0 0 0
1367712000 0 0 0 0
1367625600 0 0 0 0
1367539200 0 0 0 0
1367452800 0 0 0 0
1367366400 0 0 0 0
1367280000 0 0 0 0
1367193600 0 0 0 0
1367107200 0 0 0 0
1367020800 0 0 0 0
1366934400 0 0 0 0
1366848000 0 0 0 0
1366761600 0 0 0 0
1366675200 0 0 0 0
1366588800 0 0 0 0
1366502400 0 0 0 0
1366416000 0 0 0 0
1366329600 0 0 0 0
1366243200 0 0 0 0
1366156800 0 0 0 0
1366070400 0 0 0 0
1365984000 0 0 0 0
1365897600 0 0 0 0
1365811200 0 0 0 0
1365724800 0 0 0 0
1365638400 0 0 0 0
1365552000 0 0 0 0
1365465600 0 0 0 0
1365379200 0 0 0 0
1365292800 0 0 0 0
1365206400 0 0 0 0
1365120000 0 0 0 0
1365033600 0 0 0 0
1364947200 0 0 0 0
1364860800 0 0 0 0
1364774400 0 0 0 0
1364688000 0 0 0 0
1364601600 0 0 0 0
1364515200 0 0 0 0
1364428800 0 0 0 0
1364342400 0 0 0 0
1364256000 0 0 0 0
1364169600 0 0 0 0
1364083200 0 0 0 0
1363996800 0 0 0 0
1363910400 0 0 0 0
1363824000 0 0 0 0
1363737600 0 0 0 0
1363651200 0 0 0 0
1363564800 0 0 0 0
1363478400 0 0 0 0
1363392000 0 0 0 0
1363305600 0 0 0 0
1363219200 0 0 0 0
1363132800 0 0 0 0
1363046400 0 0 0 0
1362960000 0 0 0 0
1362873600 0 0 0 0
1362787200 0 0 0 0
1362700800 0 0 0 0
1362614400 0 0 0 0
1362528000 0 0 0 0
1362441600 0 0 0 0
1362355200 0 0 0 0
1362268800 0 0 0 0
1362182400 0 0 0 0
1362096000 0 0 0 0
1362009600 0 0 0 0
1361923200 0 0 0 0
1361836800 0 0 0 0
1361750400 0 0 0 0
1361664000 0 0 0 0
1361577600 0 0 0 0
1361491200 0 0 0 0
1361404800 0 0 0 0
1361318400 0 0 0 0
1361232000 0 0 0 0
1361145600 0 0 0 0
1361059200 0 0 0 0
1360972800 0 0 0 0
1360886400 0 0 0 0
1360800000 0 0 0 0
1360713600 0 0 0 0
1360627200 0 0 0 0
1360540800 0 0 0 0
1360454400 0 0 0 0
1360368000 0 0 0 0
1360281600 0 0 0 0
1360195200 0 0 0 0
1360108800 0 0 0 0
1360022400 0 0 0 0
1359936000 0 0 0 0
1359849600 0 0 0 0
1359763200 0 0 0 0
1359676800 0 0 0 0
1359590400 0 0 0 0
1359504000 0 0 0 0
1359417600 0 0 0 0
1359331200 0 0 0 0
1359244800 0 0 0 0
1359158400 0 0 0 0
1359072000 0 0 0 0
1358985600 0 0 0 0
1358899200 0 0 0 0
1358812800 0 0 0 0
1358726400 0 0 0 0
1358640000 0 0 0 0
1358553600 0 0 0 0
1358467200 0 0 0 0
1358380800 0 0 0 0
1358294400 0 0 0 0
1358208000 0 0 0 0
1358121600 0 0 0 0
1358035200 0 0 0 0
1357948800 0 0 0 0
1357862400 0 0 0 0
1357776000 0 0 0 0
1357689600 0 0 0 0
1357603200 0 0 0 0
1357516800 0 0 0 0
1357430400 0 0 0 0
1357344000 0 0 0 0
1357257600 0 0 0 0
1357171200 0 0 0 0
1357084800 0 0 0 0
1356998400 0 0 0 0
1356912000 0 0 0 0
1356825600 0 0 0 0
1356739200 0 0 0 0
1356652800 0 0 0 0
1356566400 0 0 0 0
1356480000 0 0 0 0
1356393600 0 0 0 0
1356307200 0 0 0 0
1356220800 0 0 0 0
1356134400 0 0 0 0
1356048000 0 0 0 0
1355961600 0 0 0 0
1355875200 0 0 0 0
1355788800 0 0 0 0
1355702400 0 0 0 0
1355616000 0 0 0 0
1355529600 0 0 0 0
1355443200 0 0 0 0
1355356800 0 0 0 0
1355270400 0 0 0 0
1355184000 0 0 0 0
1355097600 0 0 0 0
1355011200 0 0 0 0
1354924800 0 0 0 0
1354838400 0 0 0 0
1354752000 0 0 0 0
1354665600 0 0 0 0
1354579200 0 0 0 0
1354492800 0 0 0 0
1354406400 0 0 0 0
1354320000 0 0 0 0
1354233600 0 0 0 0
1354147200 0 0 0 0
1354060800 0 0 0 0
1353974400 0 0 0 0
1353888000 0 0 0 0
1353801600 0 0 0 0
1353715200 0 0 0 0
1353628800 0 0 0 0
1353542400 0 0 0 0
1353456000 0 0 0 0
1353369600 0 0 0 0
1353283200 0 0 0 0
1353196800 0 0 0 0
1353110400 0 0 0 0
1353024000 0 0 0 0
1352937600 0 0 0 0
1352851200 0 0 0 0
1352764800 0 0 0 0
1352678400 0 0 0 0
1352592000 0 0 0 0
1352505600 0 0 0 0
1352419200 0 0 0 0
1352332800 0 0 0 0
1352246400 0 0 0 0
1352160000 0 0 0 0
1352073600 0 0 0 0
1351987200 0 0 0 0
1351900800 0 0 0 0
1351814400 0 0 0 0
1351728000 0 0 0 0
1351641600 0 0 0 0
1351555200 0 0 0 0
1351468800 0 0 0 0
1351382400 0 0 0 0
1351296000 0 0 0 0
1351209600 0 0 0 0
1351123200 0 0 0 0
1351036800 0 0 0 0
1350950400 0 0 0 0
1350864000 0 0 0 0
1350777600 0 0 0 0
1350691200 0 0 0 0
1350604800 0 0 0 0
1350518400 0 0 0 0
1350432000 0 0 0 0
1350345600 0 0 0 0
1350259200 0 0 0 0
1350172800 0 0 0 0
1350086400 0 0 0 0
1350000000 0 0 0 0
1349913600 0 0 0 0
1349827200 0 0 0 0
1349740800 0 0 0 0
1349654400 0 0 0 0
1349568000 0 0 0 0
1349481600 0 0 0 0
1349395200 0 0 0 0
1349308800 0 0 0 0
1349222400 0 0 0 0
1349136000 0 0 0 0
1349049600 0 0 0 0
1348963200 0 0 0 0
1348876800 0 0 0 0
1348790400 0 0 0 0
1348704000 0 0 0 0
1348617600 0 0 0 0
1348531200 0 0 0 0
1348444800 0 0 0 0
1348358400 0 0 0 0
1348272000 0 0 0 0
1348185600 0 0 0 0
1348099200 0 0 0 0
1348012800 0 0 0 0
1347926400 0 0 0 0
1347840000 0 0 0 0
1347753600 0 0 0 0
1347667200 0 0 0 0
1347580800 0 0 0 0
1347494400 0 0 0 0
1347408000 0 0 0 0
1347321600 0 0 0 0
1347235200 0 0 0 0
1347148800 0 0 0 0
1347062400 0 0 0 0
1346976000 0 0 0 0
1346889600 0 0 0 0
1346803200 0 0 0 0
1346716800 0 0 0 0
1346630400 0 0 0 0
1346544000 0 0 0 0
1346457600 0 0 0 0
1346371200 0 0 0 0
1346284800 0 0 0 0
1346198400 0 0 0 0
1346112000 0 0 0 0
1346025600 0 0 0 0
1345939200 0 0 0 0
1345852800 0 0 0 0
1345766400 0 0 0 0
1345680000 0 0 0 0
1345593600 0 0 0 0
1345507200 0 0 0 0
1345420800 0 0 0 0
1345334400 0 0 0 0
1345248000 0 0 0 0
1345161600 0 0 0 0
1345075200 0 0 0 0
1344988800 0 0 0 0
1344902400 0 0 0 0
1344816000 0 0 0 0
1344729600 0 0 0 0
1344643200 0 0 0 0
1344556800 0 0 0 0
1344470400 0 0 0 0
1344384000 0 0 0 0
1344297600 0 0 0 0
1344211200 0 0 0 0
1344124800 0 0 0 0
1344038400 0 0 0 0
1343952000 0 0 0 0
1343865600 0 0 0 0
1343779200 0 0 0 0
1343692800 0 0 0 0
1343606400 0 0 0 0
1343520000 0 0 0 0
1343433600 0 0 0 0
1343347200 0 0 0 0
1343260800 0 0 0 0
1343174400 0 0 0 0
1343088000 0 0 0 0
1343001600 0 0 0 0
1342915200 0 0 0 0
1342828800 0 0 0 0
1342742400 0 0 0 0
1342656000 0 0 0 0
1342569600 0 0 0 0
1342483200 0 0 0 0
1342396800 0 0 0 0
1342310400 0 0 0 0
1342224000 0 0 0 0
1342137600 0 0 0 0
1342051200 0 0 0 0
1341964800 0 0 0 0
1341878400 0 0 0 0
1341792000 0 0 0 0
1341705600 0 0 0 0
1341619200 0 0 0 0
1341532800 0 0 0 0
1341446400 0 0 0 0
1341360000 0 0 0 0
1341273600 0 0 0 0
1341187200 0 0 0 0
1341100800 0 0 0 0
1341014400 0 0 0 0
1340928000 0 0 0 0
1340841600 0 0 0 0
1340755200 0 0 0 0
1340668800 0 0 0 0
1340582400 0 0 0 0
1340496000 0 0 0 0
1340409600 0 0 0 0
1340323200 0 0 0 0
1340236800 0 0 0 0
1340150400 0 0 0 0
1340064000 0 0 0 0
1339977600 0 0 0 0
1339891200 0 0 0 0
1339804800 0 0 0 0
1339718400 0 0 0 0
1339632000 0 0 0 0
1339545600 0 0 0 0
1339459200 0 0 0 0
1339372800 0 0 0 0
1339286400 0 0 0 0
1339200000 0 0 0 0
1339113600 0 0 0 0
1339027200 0 0 0 0
1338940800 0 0 0 0
1338854400 0 0 0 0
1338768000 0 0 0 0
1338681600 0 0 0 0
1338595200 0 0 0 0
1338508800 0 0 0 0
1338422400 0 0 0 0
1338336000 0 0 0 0
1338249600 0 0 0 0
1338163200 0 0 0 0
1338076800 0 0 0 0
1337990400 0 0 0 0
1337904000 0 0 0 0
1337817600 0 0 0 0
1337731200 0 0 0 0
1337644800 0 0 0 0
1337558400 0 0 0 0
1337472000 0 0 0 0
1337385600 0 0 0 0
1337299200 0 0 0 0
1337212800 0 0 0 0
1337126400 0 0 0 0
1337040000 0 0 0 0
1336953600 0 0 0 0
1336867200 0 0 0 0
1336780800 0 0 0 0
1336694400 0 0 0 0
1336608000 0 0 0 0
1336521600 0 0 0 0
1336435200 0 0 0 0
1336348800 0 0 0 0
1336262400 0 0 0 0
1336176000 0 0 0 0
1336089600 0 0 0 0
1336003200 0 0 0 0
1335916800 0 0 0 0
1335830400 0 0 0 0
1335744000 0 0 0 0
1335657600 0 0 0 0
1335571200 0 0 0 0
1335484800 0 0 0 0
1335398400 0 0 0 0
1335312000 0 0 0 0
1335225600 0 0 0 0
1335139200 0 0 0 0
1335052800 0 0 0 0
1334966400 0 0 0 0
1334880000 0 0 0 0
1334793600 0 0 0 0
1334707200 0 0 0 0
1334620800 0 0 0 0
1334534400 0 0 0 0
1334448000 0 0 0 0
1334361600 0 0 0 0
1334275200 0 0 0 0
1334188800 0 0 0 0
1334102400 0 0 0 0
1334016000 0 0 0 0
1333929600 0 0 0 0
1333843200 0 0 0 0
1333756800 0 0 0 0
1333670400 0 0 0 0
1333584000 0 0 0 0
1333497600 0 0 0 0
1333411200 0 0 0 0
1333324800 0 0 0 0
1333238400 0 0 0 0
1333152000 0 0 0 0
1333065600 0 0 0 0
1332979200 0 0 0 0
1332892800 0 0 0 0
1332806400 0 0 0 0
1332720000 0 0 0 0
1332633600 0 0 0 0
1332547200 0 0 0 0
1332460800 0 0 0 0
1332374400 0 0 0 0
1332288000 0 0 0 0
1332201600 0 0 0 0
1332115200 0 0 0 0
1332028800 0 0 0 0
1331942400 0 0 0 0
1331856000 0 0 0 0
1331769600 0 0 0 0
1331683200 0 0 0 0
1331596800 0 0 0 0
1331510400 0 0 0 0
1331424000 0 0 0 0
1331337600 0 0 0 0
1331251200 0 0 0 0
1331164800 0 0 0 0
1331078400 0 0 0 0
1330992000 0 0 0 0
1330905600 0 0 0 0
1330819200 0 0 0 0
1330732800 0 0 0 0
1330646400 0 0 0 0
1330560000 0 0 0 0
1330473600 0 0 0 0
1330387200 0 0 0 0
1330300800 0 0 0 0
1330214400 0 0 0 0
1330128000 0 0 0 0
1330041600 0 0 0 0
1329955200 0 0 0 0
1329868800 0 0 0 0
1329782400 0 0 0 0
1329696000 0 0 0 0
1329609600 0 0 0 0
1329523200 0 0 0 0
1329436800 0 0 0 0
1329350400 0 0 0 0
1329264000 0 0 0 0
1329177600 0 0 0 0
1329091200 0 0 0 0
1329004800 0 0 0 0
1328918400 0 0 0 0
1328832000 0 0 0 0
1328745600 0 0 0 0
1328659200 0 0 0 0
1328572800 0 0 0 0
1328486400 0 0 0 0
1328400000 0 0 0 0
1328313600 0 0 0 0
1328227200 0 0 0 0
1328140800 0 0 0 0
1328054400 0 0 0 0
1327968000 0 0 0 0
1327881600 0 0 0 0
1327795200 0 0 0 0
1327708800 0 0 0 0
1327622400 0 0 0 0
1327536000 0 0 0 0
1327449600 0 0 0 0
1327363200 0 0 0 0
1327276800 0 0 0 0
1327190400 0 0 0 0
1327104000 0 0 0 0
1327017600 0 0 0 0
1326931200 0 0 0 0
1326844800 0 0 0 0
1326758400 0 0 0 0
1326672000 0 0 0 0
1326585600 0 0 0 0
1326499200 0 0 0 0
1326412800 0 0 0 0
1326326400 0 0 0 0
1326240000 0 0 0 0
1326153600 0 0 0 0
1326067200 0 0 0 0
1325980800 0 0 0 0
1325894400 0 0 0 0
1325808000 0 0 0 0
1325721600 0 0 0 0
1325635200 0 0 0 0
1325548800 0 0 0 0
1325462400 0 0 0 0
1325376000 0 0 0 0
1325289600 0 0 0 0
1325203200 0 0 0 0
1325116800 0 0 0 0
1325030400 0 0 0 0
1324944000 0 0 0 0
1324857600 0 0 0 0
1324771200 0 0 0 0
1324684800 0 0 0 0
1324598400 0 0 0 0
1324512000 0 0 0 0
1324425600 0 0 0 0
1324339200 0 0 0 0
1324252800 0 0 0 0
1324166400 0 0 0 0
1324080000 0 0 0 0
1323993600 0 0 0 0
1323907200 0 0 0 0
1323820800 0 0 0 0
1323734400 0 0 0 0
1323648000 0 0 0 0
1323561600 0 0 0 0
1323475200 0 0 0 0
1323388800 0 0 0 0
1323302400 0 0 0 0
1323216000 0 0 0 0
1323129600 0 0 0 0
1323043200 0 0 0 0
1322956800 0 0 0 0
1322870400 0 0 0 0
1322784000 0 0 0 0
1322697600 0 0 0 0
1322611200 0 0 0 0
1322524800 0 0 0 0
1322438400 0 0 0 0
1322352000 0 0 0 0
1322265600 0 0 0 0
1322179200 0 0 0 0
1322092800 0 0 0 0
1322006400 0 0 0 0
1321920000 0 0 0 0
1321833600 0 0 0 0
1321747200 0 0 0 0
1321660800 0 0 0 0
1321574400 0 0 0 0
1321488000 0 0 0 0
1321401600 0 0 0 0
1321315200 0 0 0 0
1321228800 0 0 0 0
1321142400 0 0 0 0
1321056000 0 0 0 0
1320969600 0 0 0 0
1320883200 0 0 0 0
1320796800 0 0 0 0
1320710400 0 0 0 0
1320624000 0 0 0 0
1320537600 0 0 0 0
1320451200 0 0 0 0
1320364800 0 0 0 0
1320278400 0 0 0 0
1320192000 0 0 0 0
1320105600 0 0 0 0
1320019200 0 0 0 0
1319932800 0 0 0 0
1319846400 0 0 0 0
1319760000 0 0 0 0
1319673600 0 0 0 0
1319587200 0 0 0 0
1319500800 0 0 0 0
1319414400 0 0 0 0
1319328000 0 0 0 0
1319241600 0 0 0 0
1319155200 0 0 0 0
1319068800 0 0 0 0
1318982400 0 0 0 0
1318896000 0 0 0 0
1318809600 0 0 0 0
1318723200 0 0 0 0
1318636800 0 0 0 0
1318550400 0 0 0 0
1318464000 0 0 0 0
1318377600 0 0 0 0
1318291200 0 0 0 0
1318204800 0 0 0 0
1318118400 0 0 0 0
1318032000 0 0 0 0
1317945600 0 0 0 0
1317859200 0 0 0 0
1317772800 0 0 0 0
1317686400 0 0 0 0
1317600000 0 0 0 0
1317513600 0 0 0 0
1317427200 0 0 0 0
1317340800 0 0 0 0
1317254400 0 0 0 0
1317168000 0 0 0 0
1317081600 0 0 0 0
1316995200 0 0 0 0
1316908800 0 0 0 0
1316822400 0 0 0 0
1316736000 0 0 0 0
1316649600 0 0 0 0
1316563200 0 0 0 0
1316476800 0 0 0 0
1316390400 0 0 0 0
1316304000 0 0 0 0
1316217600 0 0 0 0
1316131200 0 0 0 0
1316044800 0 0 0 0
1315958400 0 0 0 0
1315872000 0 0 0 0
1315785600 0 0 0 0
1315699200 0 0 0 0
1315612800 0 0 0 0
1315526400 0 0 0 0
1315440000 0 0 0 0
1315353600 0 0 0 0
1315267200 0 0 0 0
1315180800 0 0 0 0
1315094400 0 0 0 0
1315008000 0 0 0 0
1314921600 0 0 0 0
1314835200 0 0 0 0
1314748800 0 0 0 0
1314662400 0 0 0 0
1314576000 0 0 0 0
1314489600 0 0 0 0
1314403200 0 0 0 0
1314316800 0 0 0 0
1314230400 0 0 0 0
1314144000 0 0 0 0
1314057600 0 0 0 0
1313971200 0 0 0 0
1313884800 0 0 0 0
1313798400 0 0 0 0
1313712000 0 0 0 0
1313625600 0 0 0 0
1313539200 0 0 0 0
1313452800 0 0 0 0
1313366400 0 0 0 0
1313280000 0 0 0 0
1313193600 0 0 0 0
1313107200 0 0 0 0
1313020800 0 0 0 0
1312934400 0 0 0 0
1312848000 0 0 0 0
1312761600 0 0 0 0
1312675200 0 0 0 0
1312588800 0 0 0 0
1312502400 0 0 0 0
1312416000 0 0 0 0
1312329600 0 0 0 0
1312243200 0 0 0 0
1312156800 0 0 0 0
1312070400 0 0 0 0
1311984000 0 0 0 0
1311897600 0 0 0 0
1311811200 0 0 0 0
1311724800 0 0 0 0
1311638400 0 0 0 0
1311552000 0 0 0 0
1311465600 0 0 0 0
1311379200 0 0 0 0
1311292800 0 0 0 0
1311206400 0 0 0 0
1311120000 0 0 0 0
1311033600 0 0 0 0
1310947200 0 0 0 0
1310860800 0 0 0 0
1310774400 0 0 0 0
1310688000 0 0 0 0
1310601600 0 0 0 0
1310515200 0 0 0 0
1310428800 0 0 0 0
1310342400 0 0 0 0
1310256000 0 0 0 0
1310169600 0 0 0 0
1310083200 0 0 0 0
1309996800 0 0 0 0
1309910400 0 0 0 0
1309824000 0 0 0 0
1309737600 0 0 0 0
1309651200 0 0 0 0
1309564800 0 0 0 0
1309478400 0 0 0 0
1309392000 0 0 0 0
1309305600 0 0 0 0
1309219200 0 0 0 0
1309132800 0 0 0 0
1309046400 0 0 0 0
