1377805801 3084166389 2368044517
1377805801 1327 4742 1327 4742
1377805502 380 1856 380 1856
1377805500 399 2883 6265 310171
1377805200 6281 310948 8732 426815
1377804900 8744 427637 10662 550173
1377804600 10656 549926 10662 550173
1377804300 9063 475557 9072 476123
1377804000 7746 391000 7753 391371
1377803700 5671 278984 5694 280196
1377803400 2282 99328 4746 229779
1377803100 4738 229041 4746 229779
1377802800 2632 10079 5279 261896
1377802500 5267 261307 5279 261896
1377802200 1897 84855 1908 85413
1377801900 315 1796 316 1831
1377801600 306 1830 307 1831
1377801300 278 1562 279 1885
1377801000 278 1883 296 1885
1377800700 295 1588 296 1774
1377800400 291 1771 292 1774
1377800100 285 1472 303 1731
1377799800 303 1732 307 1928
1377799500 307 1927 329 1928
1377799200 329 1643 337 1645
1377798900 347 1992 3515 171695
1377798600 3493 170560 3515 171695
1377798300 287 1518 340 1963
1377798000 339 1959 340 1963
1377797700 284 1409 294 1632
1377797400 293 1632 294 1648
1377797100 285 1648 286 1763
1377796800 271 1762 300 1763
1377796500 300 1706 307 1757
1377796200 306 1754 307 1757
1377795900 288 1439 289 2048
1377795600 280 2046 281 2048
1377795300 277 1743 283 1744
1377795000 283 1605 296 1606
1377794700 296 1480 326 2377
1377794400 326 2374 327 2377
1377794100 345 2461 3130 143217
1377793800 3154 144523 10514 535127
1377793500 10470 532809 10514 535127
1377793200 3926 186825 3939 187445
1377792900 274 1484 320 1681
1377792600 320 1683 382 1994
1377792300 393 2572 3702 175528
1377792000 3725 176663 7279 345782
1377791700 7278 345818 7279 356807
1377791400 7118 357094 9156 443174
1377791100 9159 443474 9719 488261
1377790800 9714 488020 9719 488261
1377790500 8459 414768 8487 416148
1377790200 290 2218 348 2222
1377789900 348 1781 432 7124
1377789600 448 7985 5365 265655
1377789300 5394 267214 9803 499534
1377789000 9801 499459 9803 499534
1377788700 9351 475595 9364 477181
1377788400 5655 1458 5692 1458
1377788100 272 1459 281 1845
1377787800 280 1843 281 1845
1377787500 280 1599 292 1759
1377787200 292 1758 342 1759
1377786900 371 1888 4742 37295
1377786600 4728 37190 4742 37295
1377786300 754 5988 758 6017
1377786000 269 1704 290 1705
1377785700 290 1658 307 1888
1377785400 313 1927 2237 13593
1377785100 2237 13627 2308 18805
1377784800 2317 18890 3798 31685
1377784500 3799 31649 4009 31685
1377784200 4004 26363 4009 34441
1377783900 2778 34331 2787 34441
1377783600 303 1704 1872 12408
1377783300 1889 12475 4439 22510
1377783000 4425 22440 4439 22510
1377782700 289 1794 290 1796
1377782400 265 1611 281 1612
1377782100 280 1378 281 2110
1377781800 273 2106 299 2110
1377781500 298 1653 299 1757
1377781200 293 1758 526 1977
1377780900 536 2048 3584 23503
1377780600 3587 23578 4054 34865
1377780300 4051 34803 4054 34865
1377780000 3737 25607 3932 25624
1377779700 3941 20781 5403 27655
1377779400 5398 27623 5403 27655
1377779100 4069 18080 4095 18193
1377778800 257 1349 278 1350
1377778500 278 1231 297 1533
1377778200 297 1532 305 1533
1377777900 304 1315 305 1369
1377777600 269 1367 272 1369
1377777300 272 1197 280 1421
1377777000 280 1420 289 1421
1377776700 288 1236 289 1451
1377776400 280 1450 296 1451
1377776100 295 1253 296 1396
1377775800 277 1394 284 1396
1377775500 283 1184 284 1266
1377775200 231 1266 294 1340
1377774900 294 1340 294 1439
1377774600 293 1438 294 1439
1377774300 290 1225 291 1428
1377774000 269 1426 270 1428
1377773700 269 1186 292 1474
1377773400 292 1473 293 1474
1377773100 292 1217 293 1439
1377772800 286 1437 287 1439
1377772500 285 1252 286 1402
1377772200 280 1401 281 1402
1377771900 281 1223 291 1426
1377771600 290 1424 291 1426
1377771300 285 1234 286 1390
1377771000 269 1389 294 1390
1377770700 293 1241 294 1386
1377770400 274 1385 275 1386
1377770100 268 1232 286 1415
1377769800 285 1413 286 1415
1377769500 281 1171 288 1446
1377769200 288 1445 300 1446
1377768900 299 1318 300 1430
1377768600 273 1429 284 1430
1377768300 284 1226 291 1414
1377768000 290 1412 291 1414
1377767700 274 1221 307 1521
1377767400 306 1519 307 1521
1377767100 283 1280 284 1426
1377766800 273 1424 275 1426
1377766500 275 1234 285 1415
1377766200 285 1414 296 1415
1377765900 296 1319 303 1585
1377765600 302 1583 303 1585
1377765300 267 1276 275 1368
1377765000 275 1366 284 1368
1377764700 283 1202 284 1381
1377764400 265 1380 279 1381
1377764100 279 1279 327 1682
1377763800 326 1680 327 1682
1377763500 296 1269 297 1428
1377763200 281 1427 294 1428
1377762900 293 1209 294 1476
1377762600 283 1475 296 1476
1377762300 295 1367 296 1460
1377762000 289 1459 304 1460
1377761700 303 1222 304 1668
1377761400 296 1666 326 1668
1377761100 325 1258 326 1346
1377760800 265 1345 273 1346
1377760500 273 1297 294 1463
1377760200 293 1462 294 1463
1377759900 292 1415 293 1478
1377759600 283 1476 284 1478
1377759300 274 1199 289 1435
1377759000 288 1434 289 1435
1377758700 284 1223 305 1528
1377758400 304 1525 305 1528
1377758100 280 1201 281 1387
1377757800 279 1386 289 1387
1377757500 288 1268 289 1335
1377757200 268 1334 279 1335
1377756900 279 1233 303 1553
1377756600 302 1550 303 1553
1377756300 283 1218 284 1387
1377756000 278 1386 279 1387
1377755700 277 1243 292 1430
1377755400 291 1429 292 1430
1377755100 291 1204 300 1539
1377754800 299 1537 300 1539
1377754500 286 1263 287 1435
1377754200 276 1434 289 1435
1377753900 288 1207 289 1394
1377753600 280 1392 281 1394
1377753300 275 1222 312 1580
1377753000 311 1578 312 1580
1377752700 289 1254 684 1443
1377752400 681 1441 684 1443
1377752100 273 1221 274 1396
1377751800 272 1394 273 1396
1377751500 269 1166 302 1488
1377751200 301 1488 302 1497
1377750900 275 1496 284 1497
1377750600 283 1434 284 1436
1377750300 280 1208 281 1365
1377750000 279 1364 280 1365
1377749700 280 1278 303 1583
1377749400 302 1581 303 1583
1377749100 282 1205 292 1439
1377748800 291 1437 292 1439
1377748500 275 1198 276 1366
1377748200 268 1365 293 1366
1377747900 293 1264 302 1523
1377747600 301 1521 302 1523
1377747300 283 1211 284 1350
1377747000 271 1366 349 3798
1377746700 348 3781 349 3798
1377746400 260 1320 261 1321
1377746100 259 1206 307 1524
1377745800 306 1523 307 1524
1377745500 282 1245 283 1427
1377745200 274 1426 279 1427
1377744900 279 1209 284 1454
1377744600 284 1453 298 1454
1377744300 298 1211 302 1831
1377744000 301 1830 302 1831
1377743700 276 1677 282 1679
1377743400 281 1445 282 1447
1377743100 273 1260 283 1399
1377742800 283 1398 285 1399
1377742500 285 1255 302 1531
1377742200 301 1530 302 1531
1377741900 291 1293 292 1419
1377741600 274 1418 278 1419
1377741300 278 1293 291 1381
1377741000 290 1380 291 1381
1377740700 290 1330 317 1476
1377740400 316 1474 317 1476
1377740100 276 1305 279 1305
1377739800 279 1305 286 1380
1377739500 285 1379 286 1380
1377739200 272 1294 302 1400
1377738900 302 1400 318 1439
1377738600 317 1438 318 1439
1377738300 284 1394 285 1396
1377738000 265 1206 277 1365
1377737700 277 1364 277 1365
1377737400 277 1243 306 1428
1377737100 306 1428 313 1431
1377736800 312 1430 313 1431
1377736500 288 1382 289 1383
1377736200 282 1342 283 1351
1377735900 274 1350 282 1351
1377735600 282 1305 290 1417
1377735300 290 1416 294 1417
1377735000 293 1413 294 1414
1377734700 289 1399 290 1400
1377734400 276 1275 282 1360
1377734100 282 1359 289 1360
1377733800 289 1317 314 1557
1377733500 313 1556 314 1557
1377733200 291 1443 292 1521
1377732900 281 1520 282 1521
1377732600 269 1396 272 1397
1377732300 272 1299 275 1313
1377732000 275 1314 292 1493
1377731700 292 1492 310 1493
1377731400 309 1460 310 1470
1377731100 290 1468 291 1470
1377730800 278 1320 278 1479
1377730500 278 1479 287 1493
1377730200 287 1493 306 1544
1377729900 305 1543 306 1544
1377729600 299 1487 300 1495
1377729300 285 1494 286 1495
1377729000 275 1305 294 1739
1377728700 294 1737 296 1739
1377728400 295 1413 296 1519
1377728100 280 1518 293 1519
1377727800 293 1371 321 1697
1377727500 320 1696 321 1697
1377727200 276 1572 279 1629
1377726900 279 1628 290 1629
1377726600 290 1619 293 1620
1377726300 292 1595 293 1952
1377726000 285 1949 287 1952
1377725700 286 1570 287 1571
1377725400 281 1503 288 1831
1377725100 288 1829 297 1831
1377724800 296 1616 297 1739
1377724500 273 1738 297 1739
1377724200 296 1608 297 1950
1377723900 287 1946 288 1950
1377723600 279 1477 280 1706
1377723300 279 1705 300 1706
1377723000 299 1621 300 1747
1377722700 287 1746 295 1747
1377722400 294 1654 295 1655
1377722100 277 1653 281 1654
1377721800 281 1618 290 1709
1377721500 290 1707 292 1709
1377721200 292 1556 293 2008
1377720900 293 2007 367 2008
1377720600 406 1872 6283 21299
1377720300 6284 21333 6789 31578
1377720000 6788 31573 6789 31578
1377719700 6645 30179 6648 32659
1377719400 5958 32560 5974 32659
1377719100 3659 17800 3682 17908
1377718800 295 1839 296 1840
1377718500 290 1737 333 1796
1377718200 332 1796 333 1931
1377717900 294 1930 295 1931
1377717600 237 1637 271 1714
1377717300 271 1713 289 1714
1377717000 289 1561 305 2136
1377716700 304 2132 305 2136
1377716400 276 1672 277 1921
1377716100 268 1919 284 1921
1377715800 284 1485 299 1797
1377715500 299 1796 315 1797
1377715200 315 1694 341 1732
1377714900 342 1735 621 2322
1377714600 621 2322 658 2359
1377714300 657 2356 658 2359
1377714000 621 1989 622 2393
1377713700 618 2391 655 2393
1377713400 655 2205 940 2853
1377713100 939 2854 940 3027
1377712800 932 3023 935 3027
1377712500 293 1848 311 1849
1377712200 310 1615 311 1758
1377711900 305 1758 308 1792
1377711600 307 1790 308 1792
1377711300 279 1618 305 1680
1377711000 308 1819 1467 43538
1377710700 1466 43551 1467 47498
1377710400 1195 47703 2534 109158
1377710100 2535 109144 2827 109158
1377709800 2817 106764 2827 107165
1377709500 1370 47600 4045 202293
1377709200 4044 202372 4045 226178
1377708900 3881 226005 3885 226178
1377708600 2943 174347 3707 174398
1377708300 3724 165905 6372 166815
1377708000 6367 30417 6372 30423
1377707700 5703 29629 5706 29669
1377707400 5359 25016 8482 417568
1377707100 8487 417900 9235 467378
1377706800 9230 467088 9235 467378
1377706500 8467 422620 8492 423935
1377706200 1046 29410 1573 29570
1377705900 1585 5756 3443 17655
1377705600 3442 17648 3443 17655
1377705300 3314 15675 3334 15768
1377705000 371 1887 372 1888
1377704700 361 1997 937 30568
1377704400 982 32920 7694 383440
1377704100 7689 382562 7694 383440
1377703800 7059 250954 7082 251781
1377703500 412 3677 413 3685
1377703200 300 1551 301 1552
1377702900 231 1537 328 3249
1377702600 328 3243 332 3249
1377702300 332 1707 337 1708
1377702000 336 1531 337 1699
1377701700 269 1698 303 1699
1377701400 305 1719 647 7377
1377701100 657 7368 2167 7377
1377700800 2173 6069 3072 10324
1377700500 3062 10294 3072 10324
1377700200 278 1381 307 1885
1377699900 306 1884 307 1885
1377699600 295 1765 296 1766
1377699300 269 1496 302 1705
1377699000 301 1705 302 1848
1377698700 300 1847 301 1848
1377698400 284 1714 325 1715
1377698100 344 1768 6170 32110
1377697800 6135 31934 6170 32110
1377697500 1049 6488 2925 105054
1377697200 2914 104615 2925 105054
1377696900 1311 39182 1315 39309
1377696600 275 1467 294 1701
1377696300 293 1702 294 1963
1377696000 281 1964 354 2239
1377695700 357 2397 1433 49752
1377695400 1444 50469 3149 157392
1377695100 3145 157233 3149 157392
1377694800 2231 109704 2234 109851
1377694500 1628 65606 1632 65816
1377694200 1089 34106 1095 34325
1377693900 303 1537 304 1538
1377693600 308 1834 2035 83397
1377693300 2036 83460 2224 92856
1377693000 2219 92682 2224 92856
1377692700 1558 66861 1831 72808
1377692400 1830 72794 1831 72808
1377692100 1723 68916 2364 87063
1377691800 2361 87050 2364 87063
1377691500 1953 85234 2006 85252
1377691200 2006 79987 2304 87999
1377690900 2299 87753 2304 87999
1377690600 1580 51812 3070 151867
1377690300 3053 150900 3070 151867
1377690000 526 6851 528 6888
1377689700 288 1460 289 1461
1377689400 276 1204 277 1247
1377689100 238 1246 274 1247
1377688800 274 1233 295 1431
1377688500 295 1430 299 1431
1377688200 298 1299 299 1386
1377687900 284 1385 285 1386
1377687600 273 1196 277 1438
1377687300 277 1437 291 1438
1377687000 290 1212 291 1395
1377686700 285 1394 294 1395
1377686400 293 1296 294 1411
1377686100 276 1409 277 1411
1377685800 273 1231 279 1378
1377685500 278 1376 279 1378
1377685200 273 1188 280 1380
1377684900 280 1379 291 1380
1377684600 290 1290 291 1433
1377684300 278 1431 279 1433
1377684000 276 1206 277 1381
1377683700 272 1380 286 1381
1377683400 286 1257 289 1396
1377683100 288 1395 289 1396
1377682800 280 1248 281 1449
1377682500 278 1447 281 1449
1377682200 281 1206 281 1359
1377681900 280 1357 281 1359
1377681600 273 1204 308 1561
1377681300 307 1558 308 1561
1377681000 273 1229 282 1414
1377680700 281 1413 282 1414
1377680400 274 1254 274 1554
1377680100 274 1551 276 1554
1377679800 276 1243 299 1507
1377679500 298 1506 299 1507
1377679200 277 1253 690 1634
1377678900 687 1631 690 1634
1377678600 270 1251 287 1465
1377678300 286 1464 287 1465
1377678000 274 1195 279 1426
1377677700 279 1425 294 1426
1377677400 293 1263 294 1539
1377677100 278 1538 292 1539
1377676800 291 1297 292 1404
1377676500 272 1403 273 1404
1377676200 271 1241 272 1308
1377675900 245 1307 285 1308
1377675600 285 1268 291 1412
1377675300 290 1410 291 1412
1377675000 275 1211 281 1394
1377674700 280 1393 281 1394
1377674400 275 1251 279 1408
1377674100 279 1407 297 1408
1377673800 296 1327 297 1542
1377673500 292 1539 293 1542
1377673200 283 1212 300 1788
1377672900 300 1786 306 1788
1377672600 305 1222 306 1392
1377672300 283 1391 292 1392
1377672000 291 1263 292 1432
1377671700 276 1431 277 1432
1377671400 274 1238 286 1396
1377671100 285 1395 286 1396
1377670800 267 1163 275 1411
1377670500 275 1410 291 1411
1377670200 291 1255 291 1420
1377669900 290 1418 291 1420
1377669600 272 1234 273 1412
1377669300 272 1411 283 1412
1377669000 283 1216 292 1389
1377668700 291 1388 292 1389
1377668400 286 1261 287 1499
1377668100 284 1497 285 1499
1377667800 272 1164 277 1380
1377667500 276 1378 277 1380
1377667200 275 1188 289 1432
1377666900 289 1430 291 1432
1377666600 290 1249 291 1452
1377666300 288 1451 288 1452
1377666000 287 1207 288 1380
1377665700 277 1379 278 1380
1377665400 276 1220 291 1409
1377665100 291 1408 293 1409
1377664800 292 1270 293 1429
1377664500 277 1428 280 1429
1377664200 280 1197 298 1404
1377663900 298 1402 307 1404
1377663600 306 1236 307 1448
1377663300 275 1445 276 1448
1377663000 238 1096 290 1465
1377662700 289 1464 290 1465
1377662400 273 1193 295 1434
1377662100 294 1432 295 1434
1377661800 276 1238 293 1393
1377661500 292 1391 293 1393
1377661200 284 1231 285 1465
1377660900 284 1464 285 1465
1377660600 279 1178 295 1461
1377660300 294 1460 295 1461
1377660000 287 1224 288 1371
1377659700 283 1370 284 1371
1377659400 283 1265 316 1547
1377659100 315 1544 316 1547
1377658800 278 1192 292 1426
1377658500 292 1430 319 2784
1377658200 319 2775 354 2784
1377657900 353 1494 354 1495
1377657600 313 1240 314 1544
1377657300 298 1543 299 1544
1377657000 277 1256 281 1384
1377656700 281 1383 293 1384
1377656400 292 1192 293 1401
1377656100 278 1400 280 1401
1377655800 280 1227 313 1532
1377655500 312 1530 313 1532
1377655200 286 1214 287 1411
1377654900 280 1409 284 1411
1377654600 284 1185 287 1397
1377654300 286 1395 287 1397
1377654000 274 1229 306 1535
1377653700 305 1533 306 1535
1377653400 275 1202 293 1425
1377653100 292 1424 293 1425
1377652800 279 1215 280 1408
1377652500 280 1407 287 1408
1377652200 287 1287 320 1591
1377651900 319 1588 320 1591
1377651600 282 1167 283 1415
1377651300 277 1414 283 1415
1377651000 282 1227 283 1446
1377650700 280 1445 281 1446
1377650400 272 1233 300 1470
1377650100 299 1468 300 1470
1377649800 295 1311 296 1312
1377649500 241 1274 281 1275
1377649200 281 1221 282 1530
1377648900 282 1528 288 1530
1377648600 288 1203 293 1534
1377648300 292 1532 293 1534
1377648000 289 1271 290 1467
1377647700 287 1466 288 1467
1377647400 271 1292 291 1458
1377647100 290 1456 291 1458
1377646800 286 1266 286 1506
1377646500 286 1505 299 1506
1377646200 298 1287 299 1648
1377645900 292 1646 293 1648
1377645600 285 1485 287 1746
1377645300 287 1744 308 1746
1377645000 307 1385 308 1707
1377644700 297 1706 302 1707
1377644400 301 1597 302 1653
1377644100 277 1651 288 1653
1377643800 288 1466 291 1768
1377643500 290 1766 291 1768
1377643200 275 1523 308 2216
1377642900 307 2211 308 2216
1377642600 302 1505 303 1726
1377642300 299 1725 300 1726
1377642000 286 1515 287 1536
1377641700 278 1535 279 1536
1377641400 276 1462 305 1973
1377641100 304 1971 305 1973
1377640800 280 1389 281 1665
1377640500 276 1664 277 1665
1377640200 274 1552 319 1652
1377639900 318 1651 319 1652
1377639600 270 1524 284 1665
1377639300 283 1663 284 1665
1377639000 277 1390 303 1801
1377638700 303 1799 397 1801
1377638400 398 1505 594 1930
1377638100 593 1929 594 1930
1377637800 590 1751 613 2145
1377637500 612 2142 613 2145
1377637200 611 1819 612 2114
1377636900 610 2123 1853 5089
1377636600 1847 5077 1853 5089
1377636300 259 1522 273 1523
1377636000 273 1442 277 1902
1377635700 277 1900 288 1902
1377635400 288 1445 328 1911
1377635100 327 1908 328 1911
1377634800 270 1501 278 1813
1377634500 277 1811 278 1813
1377634200 273 1538 293 1855
1377633900 293 1854 307 1855
1377633600 306 1716 307 1895
1377633300 298 1894 299 1895
1377633000 288 1659 302 2239
1377632700 301 2238 302 2239
1377632400 280 2016 292 2017
1377632100 292 1796 298 1798
1377631800 298 1452 319 1971
1377631500 320 2090 800 37741
1377631200 802 37960 1644 103538
1377630900 1649 103706 3184 153948
1377630600 3174 153440 3184 153948
1377630300 300 1719 305 1720
1377630000 304 1596 305 1729
1377629700 297 1726 298 1729
1377629400 277 1404 291 1672
1377629100 290 1671 291 1672
1377628800 278 1635 288 1636
1377628500 288 1604 305 1967
1377628200 305 1964 311 1967
1377627900 310 1625 311 1627
1377627600 270 1321 276 1555
1377627300 276 1554 291 1555
1377627000 290 1459 291 1657
1377626700 278 1656 306 1657
1377626400 305 1541 306 1842
1377626100 302 1840 302 1842
1377625800 288 1587 307 1687
1377624600 1553 94467 2856 183068
1377622800 1001 52056 2791 173805
1377621000 1958 119078 2843 173110
1377619200 2506 48595 5900 236607
1377617400 292 1696 308 2082
1377615600 298 1825 2316 17819
1377613800 2186 34303 4577 109449
1377612000 973 4138 4451 15647
1377610200 280 1621 299 1938
1377608400 279 1411 306 1628
1377606600 280 1339 295 1447
1377604800 283 1382 305 1585
1377603000 285 1366 306 1559
1377601200 280 1350 294 1506
1377599400 292 1495 326 2093
1377597600 279 1355 288 1502
1377595800 276 1328 307 1561
1377594000 282 1386 303 1631
1377592200 283 1369 301 1519
1377590400 282 1366 302 1672
1377588600 283 1362 298 1542
1377586800 280 1339 287 1488
1377585000 284 1362 295 1582
1377583200 277 1340 295 1529
1377581400 272 1319 290 1480
1377579600 279 1334 291 1480
1377577800 278 1337 300 1481
1377576000 278 1339 295 1555
1377574200 278 1363 303 1546
1377572400 285 1348 300 1488
1377570600 316 2349 432 7161
1377568800 282 1340 293 1501
1377567000 276 1356 297 1585
1377565200 281 1384 301 1611
1377563400 283 1434 306 1652
1377561600 288 1604 300 1887
1377559800 282 1712 296 1953
1377558000 284 1608 298 1897
1377556200 290 1852 329 4492
1377554400 292 2627 329 4492
1377552600 277 2248 296 2464
1377550800 283 2469 321 2994
1377549000 287 2372 301 2805
1377547200 285 2215 297 2805
1377545400 288 2294 301 2829
1377543600 283 2625 299 3061
1377541800 299 2822 687 4242
1377540000 354 2676 687 3060
1377538200 286 2683 298 3620
1377536400 278 2354 306 2579
1377534600 297 2300 337 2762
1377532800 282 1923 311 2293
1377531000 287 2267 297 2803
1377529200 284 2293 292 2610
1377527400 287 2414 307 2836
1377525600 277 1792 295 2836
1377523800 284 1760 296 2123
1377522000 282 1297 297 1512
1377520200 281 1176 295 1260
1377518400 279 1168 287 1259
1377516600 282 1170 302 1194
1377514800 281 1169 303 1201
1377513000 280 1167 298 1249
1377511200 295 1253 354 1678
1377509400 279 1163 295 1258
1377507600 279 1196 305 1303
1377505800 281 1206 293 1279
1377504000 282 1203 295 1292
1377502200 281 1186 298 1256
1377500400 281 1159 297 1197
1377498600 279 1170 292 1260
1377496800 279 1153 307 1229
1377495000 281 1165 290 1257
1377493200 279 1155 303 1192
1377491400 280 1168 298 1270
1377489600 281 1164 291 1237
1377487800 281 1176 292 1234
1377486000 278 1159 297 1211
1377484200 284 1166 292 1212
1377482400 274 1141 288 1162
1377480600 282 1175 296 1270
1377478800 280 1160 313 1215
1377477000 280 1159 296 1236
1377475200 280 1163 298 1237
1377473400 280 1162 292 1240
1377471600 346 1173 676 1212
1377469800 281 1165 299 1197
1377468000 287 1468 317 3034
1377466200 278 1159 288 1222
1377464400 283 1171 289 1241
1377462600 278 1159 292 1208
1377460800 282 1171 305 1226
1377459000 283 1188 299 1291
1377457200 281 1165 303 1249
1377455400 279 1164 291 1300
1377453600 276 1158 296 1262
1377451800 283 1162 295 1239
1377450000 281 1171 311 1280
1377448200 282 1169 315 1255
1377446400 280 1172 291 1205
1377444600 280 1184 294 1296
1377442800 279 1164 292 1230
1377441000 284 1167 304 1229
1377439200 266 1130 283 1172
1377437400 283 1162 292 1195
1377435600 279 1168 296 1285
1377433800 280 1174 299 1353
1377432000 279 1170 289 1212
1377430200 283 1178 307 1302
1377428400 277 1160 292 1217
1377426600 279 1159 296 1225
1377424800 276 1148 304 1248
1377423000 281 1163 288 1205
1377421200 282 1229 296 1306
1377419400 276 1179 288 1249
1377417600 281 1194 291 1249
1377415800 284 1178 297 1212
1377414000 280 1167 286 1205
1377412200 277 1169 292 1231
1377410400 273 1151 291 1204
1377408600 282 1161 306 1209
1377406800 281 1174 295 1304
1377405000 280 1162 297 1186
1377403200 280 1169 295 1212
1377401400 281 1163 304 1230
1377399600 280 1169 292 1215
1377397800 282 1170 299 1228
1377396000 272 1148 282 1190
1377394200 282 1167 669 1260
1377392400 346 1174 669 1231
1377390600 278 1154 297 1198
1377388800 284 1171 292 1190
1377387000 282 1175 304 1271
1377385200 281 1165 289 1185
1377383400 279 1172 298 1238
1377381600 275 1157 323 2585
1377379800 294 1413 323 2585
1377378000 279 1170 288 1237
1377376200 279 1176 295 1223
1377374400 281 1173 307 1201
1377372600 286 1170 307 1246
1377370800 282 1174 293 1246
1377369000 285 1171 296 1205
1377367200 281 1164 309 1215
1377365400 286 1172 296 1233
1377363600 281 1162 304 1271
1377361800 288 1185 316 1275
1377360000 281 1176 316 1275
1377358200 281 1174 295 1231
1377356400 281 1175 297 1231
1377354600 272 1148 291 1230
1377352800 280 1174 291 1230
1377351000 277 1161 292 1252
1377349200 276 1171 298 1252
1377347400 281 1169 298 1226
1377345600 276 1160 290 1223
1377343800 280 1172 294 1223
1377342000 278 1171 294 1217
1377340200 274 1155 291 1217
1377338400 279 1169 290 1198
1377336600 279 1159 302 1329
1377334800 286 1243 302 1329
1377333000 280 1186 295 1257
1377331200 279 1227 306 1294
1377329400 282 1213 301 1377
1377327600 280 1169 296 1234
1377325800 269 1131 292 1246
1377324000 282 1177 300 1246
1377322200 280 1156 294 1217
1377320400 342 1179 667 1263
1377318600 284 1169 303 1235
1377316800 279 1175 293 1235
1377315000 281 1177 298 1283
1377313200 281 1179 307 1315
1377311400 275 1148 302 1228
1377309600 278 1166 296 1231
1377307800 306 1390 338 2339
1377306000 277 1211 290 1358
1377304200 285 1210 296 1391
1377302400 283 1331 295 1431
1377300600 280 1224 296 1278
1377298800 285 1351 296 1457
1377297000 278 1405 305 1703
1377295200 281 1635 296 1942
1377293400 286 1762 327 1993
1377291600 286 1780 304 1993
1377289800 291 1833 312 1931
1377288000 288 1791 319 1970
1377286200 290 1908 317 2150
1377284400 282 1771 311 1871
1377282600 284 1790 307 1864
1377280800 286 1818 320 2135
1377279000 299 1982 338 3948
1377277200 301 2117 338 3948
1377275400 290 1786 308 2302
1377273600 285 4689 302 17147
1377271800 288 2307 311 3320
1377270000 283 2446 301 3543
1377268200 281 2151 322 2781
1377266400 287 2057 312 3219
1377264600 287 2093 303 2657
1377262800 285 1371 297 1465
1377261000 283 1347 301 1505
1377259200 281 1269 291 1324
1377257400 279 1269 294 1298
1377255600 280 1271 298 1352
1377253800 272 1247 283 1291
1377252000 278 1268 296 1355
1377250200 284 1280 301 1677
1377248400 296 1390 349 1677
1377246600 394 3262 942 12941
1377244800 282 1286 297 1365
1377243000 282 1361 293 1535
1377241200 280 1266 297 1360
1377239400 273 1246 287 1317
1377237600 281 1282 309 1376
1377235800 279 1272 287 1353
1377234000 282 1264 306 1322
1377232200 286 1290 307 1416
1377230400 281 1271 299 1367
1377228600 283 1273 296 1340
1377226800 445 11552 1252 63177
1377225000 273 1261 291 1412
1377223200 279 1286 296 1325
1377221400 281 1279 296 1331
1377219600 292 1544 340 2808
1377217800 280 1326 297 1948
1377216000 282 1892 298 2158
1377214200 281 1963 289 2363
1377212400 282 1936 316 2363
1377210600 276 1529 303 1984
1377208800 287 1811 308 2356
1377207000 450 2195 608 2678
1377205200 508 2067 723 2244
1377203400 308 2252 346 3018
1377201600 2091 90417 9702 486646
1377199800 3096 145182 9702 486646
1377198000 603 19202 2178 102879
1377196200 4880 233206 9517 450350
1377194400 289 1991 317 2835
1377192600 5710 291081 10080 523576
1377190800 556 10488 6655 312871
1377189000 6852 338988 9766 485074
1377187200 3381 111499 7006 334615
1377185400 1262 51860 6428 318564
1377183600 2562 121282 7645 384110
1377181800 2539 114224 10170 504250
1377180000 4170 197549 10267 509370
1377178200 313 3273 4354 204761
1377176400 8399 421091 10447 514275
1377174600 8547 424494 9744 507656
1377172800 1434 47894 3355 95830
1377171000 2670 84871 3359 176007
1377169200 413 1540 1071 2665
1377167400 288 1355 298 1393
1377165600 288 1357 295 1482
1377163800 292 1391 322 1540
1377162000 286 1392 295 1548
1377160200 293 1463 303 1650
1377158400 292 1398 306 1596
1377156600 284 1656 300 2116
1377154800 290 1376 314 1446
1377153000 287 1361 301 1451
1377151200 288 1516 302 1951
1377149400 289 1348 304 1394
1377147600 289 1369 304 1424
1377145800 293 1441 310 1793
1377144000 286 1340 306 1454
1377142200 291 1363 304 1399
1377140400 288 1336 304 1402
1377138600 290 1366 309 1434
1377136800 291 1363 309 1434
1377135000 291 1417 300 1728
1377133200 288 1380 302 1469
1377131400 290 1555 307 2040
1377129600 286 1894 304 2373
1377127800 290 1747 305 2320
1377126000 288 1833 324 2296
1377124200 307 2177 324 2699
1377122400 300 2417 326 2699
1377120600 296 2300 328 2971
1377118800 295 2394 328 3702
1377117000 1075 9162 4909 41497
1377115200 5462 174323 10083 517584
1377113400 5823 281992 9343 450194
1377111600 311 2047 4992 232231
1377109800 8729 426315 10827 524741
1377108000 2545 114724 8399 397653
1377106200 304 2135 330 2806
1377104400 1058 41195 7295 352694
1377102600 2302 72464 7295 352694
1377100800 807 4928 3073 14376
1377099000 559 3014 1180 6331
1377097200 1344 3758 3446 6334
1377095400 289 1924 312 2056
1377093600 297 2033 313 2346
1377091800 1575 31161 4211 132761
1377090000 2070 77523 2860 132761
1377088200 317 1601 1726 3511
1377086400 2755 14250 4513 44503
1377084600 1903 36583 2797 67732
1377082800 288 1365 318 1623
1377081000 290 1366 302 1513
1377079200 289 1340 310 1443
1377077400 289 1319 305 1400
1377075600 286 1382 319 1489
1377073800 287 1330 319 1940
1377072000 303 1474 313 1940
1377070200 288 1335 306 1409
1377068400 293 1331 312 1448
1377066600 284 1307 302 1399
1377064800 294 1335 318 1386
1377063000 289 1312 313 1361
1377061200 281 1302 316 1438
1377059400 296 1330 315 1454
1377057600 319 2637 431 9081
1377055800 292 1519 310 1898
1377054000 294 1896 313 2295
1377052200 291 1985 311 2319
1377050400 291 1882 310 2168
1377048600 290 2090 308 2420
1377046800 286 2134 321 2396
1377045000 291 2255 310 2531
1377043200 293 2190 313 2556
1377041400 293 2000 314 2520
1377039600 292 2773 314 3632
1377037800 297 2795 322 3859
1377036000 290 2413 333 3308
1377034200 293 2514 317 3053
1377032400 359 2776 707 3819
1377030600 858 3977 5748 24794
1377028800 7442 242049 10026 529256
1377027000 5702 275998 9680 482032
1377025200 307 2352 3051 134370
1377023400 771 24290 6093 294857
1377021600 1327 55063 6093 294857
1377019800 297 1949 334 2714
1377018000 294 2330 340 2972
1377016200 6974 346126 10724 544077
1377014400 5858 280804 10435 470268
1377012600 5293 228427 10435 434141
1377010800 4963 155938 9601 481196
1377009000 297 2701 325 3819
1377007200 2913 14711 6744 288407
1377005400 6542 297742 11181 559814
1377003600 6896 335004 10681 532327
1377001800 4386 209020 8322 434331
1377000000 8309 410429 10266 518696
1376998200 8211 413921 9558 491540
1376996400 294 1627 306 2016
1376994600 296 1490 313 1722
1376992800 294 1520 309 1759
1376991000 297 1528 310 1733
1376989200 282 1553 309 2039
1376987400 295 1562 318 1795
1376985600 300 1718 311 2553
1376983800 309 2340 362 3449
1376982000 293 1454 304 1660
1376980200 299 1509 335 1746
1376978400 296 1686 311 2491
1376976600 295 1502 310 1646
1376974800 289 1573 314 2151
1376973000 294 1556 305 1799
1376971200 293 1504 303 1726
1376969400 298 1606 335 2127
1376967600 295 1483 312 1633
1376965800 294 1578 306 2524
1376964000 297 1712 320 2524
1376962200 302 1535 323 1860
1376960400 293 1562 312 1860
1376958600 297 1560 317 1685
1376956800 370 1908 709 2881
1376955000 323 2611 414 7626
1376953200 297 1978 310 2949
1376951400 302 2098 327 2327
1376949600 294 2556 309 3231
1376947800 297 2718 324 3420
1376946000 296 2332 325 2798
1376944200 298 2872 337 3981
1376942400 461 2902 2173 19286
1376940600 802 7441 6539 315278
1376938800 6895 284080 9499 455663
1376937000 311 2174 5299 264834
1376935200 6679 337831 10311 538626
1376933400 7352 364940 10062 508350
1376931600 5622 274469 9296 464372
1376929800 3411 134746 7816 388309
1376928000 403 5905 7169 354794
1376926200 4465 214563 8933 457572
1376924400 4115 187594 8491 429851
1376922600 9720 476414 10577 535862
1376920800 5135 248861 10530 527433
1376919000 4654 163964 9851 493861
1376917200 6578 323865 10238 513026
1376915400 3559 167790 10238 513026
1376913600 6476 311860 10696 533768
1376911800 9002 458852 9799 516321
1376910000 1287 53606 6349 317668
1376908200 286 1247 305 1356
1376906400 285 1228 302 1376
1376904600 280 1261 302 1498
1376902800 287 1258 300 1363
1376901000 284 1272 298 1474
1376899200 287 1241 311 1349
1376897400 287 1258 308 1420
1376895600 302 1431 365 2550
1376893800 286 1252 303 1424
1376892000 286 1237 300 1368
1376890200 278 1228 298 1405
1376888400 284 1251 302 1402
1376886600 352 1264 700 1475
1376884800 284 1219 304 1336
1376883000 289 1257 300 1389
1376881200 285 1217 290 1354
1376879400 286 1247 300 1372
1376877600 288 1227 302 1346
1376875800 279 1228 302 1396
1376874000 284 1236 294 1389
1376872200 289 1250 310 1460
1376870400 283 1212 298 1351
1376868600 287 1252 310 1466
1376866800 300 1276 327 1474
1376865000 287 1289 304 1580
1376863200 284 1223 293 1347
1376861400 282 1242 315 1452
1376859600 284 1224 294 1362
1376857800 288 1252 299 1401
1376856000 289 1221 306 1394
1376854200 287 1273 305 1404
1376852400 287 1223 310 1378
1376850600 287 1256 300 1395
1376848800 287 1223 296 1361
1376847000 283 1261 314 1513
1376845200 286 1233 301 1358
1376843400 291 1268 333 1492
1376841600 290 1234 305 1403
1376839800 290 1239 300 1345
1376838000 286 1216 293 1366
1376836200 292 1278 314 1588
1376834400 286 1244 302 1377
1376832600 280 1246 300 1444
1376830800 284 1223 295 1364
1376829000 292 1258 307 1431
1376827200 286 1243 304 1462
1376825400 282 1237 308 1406
1376823600 287 1218 296 1369
1376821800 287 1249 302 1477
1376820000 285 1224 295 1321
1376818200 279 1250 304 1459
1376816400 288 1287 301 1456
1376814600 284 1296 294 1446
1376812800 356 1265 712 1472
1376811000 286 1243 304 1368
1376809200 286 1222 297 1371
1376807400 287 1253 303 1490
1376805600 286 1220 300 1363
1376803800 280 1231 303 1438
1376802000 283 1210 292 1340
1376800200 288 1272 301 1414
1376798400 282 1212 299 1414
1376796600 288 1250 318 1438
1376794800 284 1205 296 1339
1376793000 289 1247 302 1374
1376791200 280 1231 295 1356
1376789400 286 1252 315 1459
1376787600 286 1259 299 1456
1376785800 287 1241 307 1370
1376784000 286 1221 299 1364
1376782200 287 1252 297 1374
1376780400 291 1303 316 1722
1376778600 292 1265 306 1378
1376776800 282 1208 295 1365
1376775000 286 1247 303 1376
1376773200 284 1217 293 1347
1376771400 285 1280 291 1457
1376769600 287 1220 299 1340
1376767800 291 1258 301 1384
1376766000 283 1209 296 1251
1376764200 288 1285 303 1422
1376762400 283 1228 297 1400
1376760600 282 1246 298 1363
1376758800 291 1226 306 1393
1376757000 286 1267 308 1457
1376755200 283 1210 304 1244
1376753400 286 1256 312 1392
1376751600 280 1199 296 1252
1376749800 285 1267 296 1477
1376748000 280 1220 296 1321
1376746200 276 1238 293 1379
1376744400 282 1248 294 1536
1376742600 285 1245 307 1342
1376740800 284 1230 302 1365
1376739000 284 1247 303 1416
1376737200 281 1218 294 1327
1376735400 288 1261 297 1449
1376733600 352 1227 678 1342
1376731800 277 1227 297 1358
1376730000 284 1276 297 1420
1376728200 288 1321 316 1508
1376726400 284 1254 302 1410
1376724600 287 1303 302 1559
1376722800 287 1229 307 1362
1376721000 291 1284 313 1454
1376719200 286 1229 298 1349
1376717400 275 1210 302 1306
1376715600 284 1230 302 1387
1376713800 286 1255 298 1406
1376712000 284 1223 295 1351
1376710200 284 1267 298 1394
1376708400 287 1286 302 1394
1376706600 306 1570 335 2885
1376704800 286 1244 297 1352
1376703000 282 1263 318 1563
1376701200 286 1243 304 1469
1376699400 285 1337 296 1452
1376697600 285 1335 303 1524
1376695800 288 1441 304 1632
1376694000 284 1468 291 1575
1376692200 292 1491 317 1605
1376690400 284 1668 299 1889
1376688600 280 1725 307 1889
1376686800 288 1705 302 1989
1376685000 295 1764 333 2261
1376683200 286 1604 302 1799
1376681400 1151 45475 9297 475975
1376679600 7319 356890 9297 475975
1376677800 307 1947 371 3004
1376676000 297 1910 313 3361
1376674200 283 1737 338 2193
1376672400 4718 228267 9641 480527
1376670600 3397 91910 9687 493235
1376668800 6220 304861 9687 493235
1376667000 1079 14362 4549 76153
1376665200 4608 223711 10401 532863
1376663400 3598 163574 9203 471492
1376661600 1705 74785 2912 127104
1376659800 1042 34673 2543 127104
1376658000 3705 170393 10042 490616
1376656200 5307 240036 10616 523809
1376654400 283 1186 302 1276
1376652600 283 1225 290 1361
1376650800 285 1229 300 1425
1376649000 288 1219 307 1275
1376647200 293 1268 317 1617
1376645400 276 1189 295 1317
1376643600 286 1225 316 1409
1376641800 285 1240 304 1382
1376640000 284 1204 301 1380
1376638200 285 1266 296 1387
1376636400 285 1195 290 1299
1376634600 284 1226 299 1456
1376632800 279 1174 305 1414
1376631000 285 1209 305 1347
1376629200 286 1207 299 1309
1376627400 285 1229 300 1390
1376625600 281 1204 295 1327
1376623800 283 1259 304 1424
1376622000 285 1218 315 1332
1376620200 282 1271 298 1543
1376618400 285 1286 311 1777
1376616600 287 1258 300 1401
1376614800 285 1239 301 1426
1376613000 281 1262 296 1398
1376611200 288 1236 319 1398
1376609400 283 1317 299 1577
1376607600 286 1395 304 1574
1376605800 292 1592 313 1789
1376604000 279 1517 304 1748
1376602200 288 1585 312 2002
1376600400 5258 221306 8459 451784
1376598600 6207 341883 9356 522276
1376596800 6223 325718 9860 495038
1376595000 4121 218917 8806 486152
1376593200 364 1666 719 1946
1376591400 302 1683 342 2123
1376589600 1512 103913 5798 308615
1376587800 308 1618 365 2158
1376586000 990 39235 5633 309375
1376584200 7722 421966 9233 514897
1376582400 2376 110298 4648 244280
1376580600 894 7958 3441 34730
1376578800 1966 82233 8600 427945
1376577000 5271 240025 9922 496523
1376575200 6383 326629 9691 545451
1376573400 5871 314240 9691 545451
1376571600 284 1331 307 1551
1376569800 1680 79699 5032 270518
1376568000 7176 397259 8934 494276
1376566200 5469 291418 9930 558233
1376564400 290 1225 314 1295
1376562600 286 1223 312 1295
1376560800 293 1224 360 2715
1376559000 305 1490 360 2715
1376557200 292 1266 323 1369
1376555400 294 1260 312 1369
1376553600 294 1396 301 1987
1376551800 294 1499 308 1769
1376550000 289 1259 307 1352
1376548200 284 1277 307 1376
1376546400 292 1275 304 1419
1376544600 294 1284 320 1476
1376539200 291 1290 336 1466
1376532000 296 1359 339 2683
1376524800 311 1467 700 1862
1376517600 1204 50895 9198 506458
1376510400 6984 380099 9846 538301
1376503200 609 19468 5090 275508
1376496000 3152 166946 10620 590741
1376488800 5194 281201 10028 537703
1376481600 39 531 59 679
1376474400 42 556 77 955
1376467200 230 1158 315 1658
1376460000 420 7084 3323 137933
1376452800 312 1370 723 1970
1376445600 298 1478 341 3324
1376438400 292 1491 322 1925
1376431200 792 30405 9130 513144
1376424000 2868 137249 10689 571548
1376416800 972 18589 5115 111216
1376409600 3292 155637 10207 505881
1376402400 5061 244795 10681 552268
1376395200 284 1278 312 1493
1376388000 302 1403 715 3362
1376380800 284 1328 308 1544
1376373600 281 1303 314 1501
1376366400 283 1325 309 1549
1376359200 286 1434 321 3453
1376352000 282 1563 303 2048
1376344800 763 27537 10466 549368
1376337600 5153 242301 9381 479027
1376330400 1453 59996 8585 445790
1376323200 4159 198776 9710 494432
1376316000 5016 244767 10389 529759
1376308800 4139 200360 9975 502831
1376301600 273 1190 309 2290
1376294400 275 1244 309 2290
1376287200 274 1181 298 1325
1376280000 272 1186 296 1338
1376272800 273 1180 298 1313
1376265600 274 1248 299 2508
1376258400 271 1180 295 1336
1376251200 270 1178 288 1314
1376244000 292 1194 643 1418
1376236800 273 1194 296 1439
1376229600 275 1189 289 1339
1376222400 273 1181 289 1317
1376215200 273 1197 298 1433
1376208000 273 1196 301 1311
1376200800 274 1183 296 1344
1376193600 273 1190 297 1327
1376186400 273 1184 307 1346
1376179200 291 1244 683 2571
1376172000 273 1186 300 1290
1376164800 273 1184 298 1347
1376157600 276 1194 309 1393
1376150400 272 1189 292 1435
1376143200 273 1196 301 1404
1376136000 275 1202 302 1371
1376128800 274 1209 301 1381
1376121600 273 1211 292 1392
1376114400 291 1202 693 1375
1376107200 274 1213 304 1457
1376100000 274 1232 294 1436
1376092800 285 1477 311 2341
1376085600 589 16037 7448 347715
1376078400 4345 209036 9504 483654
1376071200 969 34664 8048 383923
1376064000 3538 168254 9584 476016
1376056800 5485 261328 9858 494809
1376049600 3571 170806 10011 517612
1376042400 289 1302 736 2553
1376035200 275 1279 321 2207
1376028000 270 1255 305 1566
1376020800 275 1300 322 2545
1376013600 271 1271 297 1424
1376006400 271 1338 293 1589
1375999200 332 4184 3667 164549
1375992000 2257 98667 7275 361490
1375984800 2861 128727 10067 504942
1375977600 4434 203085 9125 467644
1375970400 273 1420 308 1784
1375963200 273 1284 316 1439
1375956000 274 1289 306 1559
1375948800 279 1357 323 2561
1375941600 271 1284 294 1423
1375934400 278 1385 329 3606
1375927200 273 1305 302 1431
1375920000 274 1398 312 1865
1375912800 273 1566 299 2756
1375905600 1176 46212 3832 156130
1375898400 662 18238 3389 171289
1375891200 1096 38017 9448 482099
1375884000 1376 60933 3021 134874
1375876800 861 28237 3280 138972
1375869600 273 1326 302 1486
1375862400 275 1351 297 1523
1375855200 275 1342 299 1522
1375848000 275 1347 304 1521
1375840800 278 1422 324 2382
1375833600 277 1477 296 1893
1375826400 312 2547 3334 128729
1375819200 1914 29562 5713 128729
1375812000 985 33901 6642 322150
1375804800 2000 70922 10788 559608
1375797600 1381 54980 4479 209213
1375790400 951 20907 3194 106102
1375783200 280 1333 328 1498
1375776000 277 1333 296 1498
1375768800 277 1302 300 1448
1375761600 277 1310 300 1446
1375754400 294 1399 723 2829
1375747200 278 1428 299 1851
1375740000 283 1822 6217 301827
1375732800 2997 133903 10171 501720
1375725600 316 2904 1934 84959
1375718400 2865 136622 10185 515790
1375711200 808 6048 7354 45012
1375704000 275 1240 296 1409
1375696800 283 1234 413 1413
1375689600 277 1237 297 1587
1375682400 295 1264 685 1940
1375675200 280 1232 310 1392
1375668000 277 1227 309 1362
1375660800 279 1224 303 1347
1375653600 277 1230 301 1353
1375646400 278 1226 306 1403
1375639200 278 1231 326 1502
1375632000 278 1229 301 1414
1375624800 278 1251 315 1496
1375617600 278 1256 298 1389
1375610400 276 1283 298 1476
1375603200 294 1291 683 1515
1375596000 279 1268 310 1437
1375588800 279 1273 307 1440
1375581600 280 1304 316 1951
1375574400 278 1269 302 1421
1375567200 281 1283 300 1385
1375560000 277 1277 293 1429
1375552800 278 1276 308 1443
1375545600 275 1285 295 1488
1375538400 292 1280 691 1433
1375531200 276 1273 292 1451
1375524000 278 1288 298 1439
1375516800 279 1293 304 1546
1375509600 277 1276 300 1441
1375502400 278 1279 296 1421
1375495200 285 1354 329 2055
1375488000 278 1419 298 1655
1375480800 281 2097 317 7286
1375473600 281 1550 309 1771
1375466400 1724 74481 6982 359947
1375459200 2163 79459 7129 355336
1375452000 3329 156111 7361 376333
1375444800 2591 120954 6998 352645
1375437600 267 1145 287 1257
1375430400 268 1173 289 1350
1375423200 269 1191 325 1756
1375416000 271 1214 325 1847
1375408800 268 1212 296 1426
1375401600 269 1360 304 2225
1375394400 284 1431 683 1882
1375387200 270 1621 315 4045
1375380000 272 1495 336 2056
1375372800 491 2902 1770 15277
1375365600 277 1496 309 1878
1375358400 281 1254 328 1420
1375351200 277 1246 307 1433
1375344000 279 1244 309 1478
1375336800 274 1262 296 1423
1375329600 281 1318 333 1712
1375322400 277 1298 306 1461
1375315200 295 1447 658 1858
1375308000 332 4207 8957 460625
1375300800 2938 85251 8957 460625
1375293600 1285 53039 7080 362849
1375286400 2724 98765 8569 426710
1375279200 2720 131031 6903 353821
1375272000 2311 110093 6638 349024
1375264800 276 1264 299 1427
1375257600 278 1265 301 1476
1375250400 277 1263 298 1455
1375243200 299 1313 705 1600
1375236000 277 1309 303 1587
1375228800 278 1427 303 1874
1375221600 280 1654 300 2048
1375214400 990 35470 5685 265054
1375207200 3530 169340 7206 361863
1375200000 912 31713 6563 346981
1375192800 2642 113571 6563 346981
1375185600 1697 64558 6864 350789
1375178400 280 1376 308 1977
1375171200 281 1357 300 1543
1375164000 299 1440 767 3193
1375156800 284 1402 332 1858
1375149600 280 1419 307 1606
1375142400 280 1552 301 1983
1375135200 290 1969 845 28541
1375128000 2997 122888 6638 331850
1375120800 1644 74593 7456 390622
1375113600 3698 180082 6598 340600
1375106400 2263 108089 7415 374262
1375099200 2299 110883 7154 358881
1375092000 286 1112 676 1333
1375084800 270 1114 285 1333
1375077600 269 1097 298 1251
1375070400 269 1097 288 1171
1375063200 270 1101 293 1217
1375056000 269 1092 293 1143
1375048800 268 1099 296 1235
1375041600 269 1091 286 1187
1375034400 270 1097 295 1261
1375027200 269 1093 292 1174
1375020000 268 1099 290 1242
1375012800 286 1098 653 1191
1375005600 269 1108 297 1365
1374998400 269 1109 285 1213
1374991200 270 1096 293 1172
1374984000 268 1090 283 1187
1374976800 269 1108 291 1274
1374969600 268 1092 310 3049
1374962400 271 1193 310 3049
1374955200 270 1101 286 1207
1374948000 271 1104 290 1173
1374940800 286 1103 682 1198
1374933600 268 1112 315 1423
1374926400 267 1098 287 1175
1374919200 272 1126 304 1261
1374912000 269 1111 298 1223
1374904800 270 1112 299 1175
1374897600 270 1125 292 1210
1374890400 275 1206 325 2674
1374883200 272 1321 297 1811
1374876000 2606 122365 6731 343277
1374868800 3283 138060 6890 355086
1374861600 2291 106312 7058 363062
1374854400 2614 123637 7119 368986
1374847200 3535 170071 6942 351376
1374840000 270 1197 293 1493
1374832800 273 1202 320 1391
1374825600 270 1210 294 1352
1374818400 274 1236 350 1851
1374811200 271 1197 297 1272
1374804000 286 1212 657 1349
1374796800 274 1347 303 1615
1374789600 2118 80955 7101 341187
1374782400 3538 167061 7229 359761
1374775200 1047 38902 6664 336104
1374768000 3080 143859 7308 364866
1374760800 2776 126088 11077 535671
1374753600 279 1261 299 1332
1374746400 282 1306 351 2174
1374739200 283 1306 309 1471
1374732000 281 1273 306 1343
1374724800 299 1292 667 1362
1374717600 290 1614 397 6614
1374710400 284 1418 309 2013
1374703200 455 10298 5511 264568
1374696000 3624 171362 8151 414966
1374688800 2216 94556 6952 353528
1374681600 3526 159130 7463 379540
1374674400 1525 19698 10881 129297
1374667200 878 17821 5519 146424
1374660000 295 1286 697 1498
1374652800 282 1289 323 1440
1374645600 279 1277 304 1366
1374638400 280 1288 309 1423
1374631200 285 1330 328 2145
1374624000 282 1425 331 2305
1374616800 278 1516 314 1880
1374609600 443 7191 6017 338860
1374602400 1191 49122 7074 338860
1374595200 2627 119853 8027 393020
1374588000 3469 161112 8097 384394
1374580800 2126 96237 7453 352237
1374573600 282 1324 302 1394
1374566400 283 1356 361 1974
1374559200 281 1336 311 1497
1374552000 279 1337 344 1708
1374544800 281 1409 303 2050
1374537600 280 1456 305 1665
1374530400 436 9263 3861 179714
1374523200 3398 136996 7738 377524
1374516000 1921 82883 7133 312215
1374508800 3466 161613 7168 355302
1374501600 3856 178945 6871 345100
1374494400 2422 111228 6883 349649
1374487200 294 1201 310 1421
1374480000 292 1199 333 1344
1374472800 293 1198 311 1339
1374465600 290 1182 315 1286
1374458400 294 1193 314 1302
1374451200 298 1210 341 1717
1374444000 311 1189 686 1254
1374436800 293 1185 316 1253
1374429600 293 1187 323 1304
1374422400 293 1187 316 1268
1374415200 292 1185 316 1287
1374408000 293 1186 309 1232
1374400800 293 1199 310 1395
1374393600 293 1199 307 1348
1374386400 291 1180 317 1330
1374379200 294 1190 309 1256
1374372000 291 1184 309 1269
1374364800 313 1285 695 3347
1374357600 292 1187 322 1279
1374350400 292 1192 321 1276
1374343200 292 1190 330 1325
1374336000 294 1215 330 1337
1374328800 292 1209 325 1467
1374321600 294 1193 312 1264
1374314400 292 1197 322 1508
1374307200 293 1214 317 1393
1374300000 292 1184 322 1284
1374292800 314 1221 689 1597
1374285600 291 1236 315 1339
1374278400 299 1440 379 3717
1374271200 304 1581 322 1937
1374264000 308 1566 337 1753
1374256800 2740 129969 8120 395541
1374249600 1900 85170 7937 404988
1374242400 3503 168233 8108 415955
1374235200 2329 108267 6270 327450
1374228000 275 1214 317 2870
1374220800 298 1320 719 2870
1374213600 280 1211 298 1286
1374206400 277 1210 305 1800
1374199200 281 1251 319 1800
1374192000 279 1366 300 1584
1374184800 282 1508 314 1799
1374177600 2554 118231 7946 376745
1374170400 1193 51153 6472 327655
1374163200 1356 40592 5381 267596
1374156000 2881 138926 6794 360992
1374148800 2415 114749 7941 356036
1374141600 273 1480 329 2587
1374134400 269 1327 288 1663
1374127200 270 1303 289 1385
1374120000 267 1296 295 1357
1374112800 279 1463 353 4277
1374105600 271 1482 298 1867
1374098400 273 1611 297 2533
1374091200 925 33545 7382 360876
1374084000 1272 52207 6569 334675
1374076800 2395 106326 6485 308416
1374069600 3019 135869 6978 351861
1374062400 1013 14656 6299 262139
1374055200 286 1308 316 1576
1374048000 286 1317 313 1484
1374040800 287 1303 316 1392
1374033600 285 1295 308 1416
1374026400 290 1334 310 1714
1374019200 289 1420 317 1603
1374012000 321 1724 3609 13539
1374004800 2188 74866 7050 316991
1373997600 1081 15666 5403 146959
1373990400 2245 101419 10442 540905
1373983200 3446 165596 9620 489974
1373976000 3626 152404 13371 654019
1373968800 299 1311 346 2062
1373961600 298 1294 322 1405
1373954400 297 1276 313 1367
1373947200 304 1300 318 1382
1373940000 306 1352 349 1809
1373932800 336 1541 729 2293
1373925600 317 1711 336 2273
1373918400 2652 120661 10081 510829
1373911200 6254 306141 10803 541804
1373904000 5778 266222 10853 547942
1373896800 748 24202 6611 323718
1373889600 296 1258 319 1341
1373882400 308 1325 341 2737
1373875200 301 1262 334 1374
1373868000 319 1264 688 1363
1373860800 302 1267 324 1362
1373853600 310 1330 349 2590
1373846400 309 1271 348 1431
1373839200 317 1283 345 1405
1373832000 305 1275 341 1442
1373824800 308 1270 333 1418
1373817600 300 1258 330 1370
1373810400 299 1265 342 1436
1373803200 294 1254 315 1350
1373796000 295 1257 315 1349
1373788800 311 1259 681 1402
1373781600 298 1258 321 1333
1373774400 294 1371 325 2618
1373767200 298 1262 319 1373
1373760000 298 1294 338 2042
1373752800 300 1282 321 1615
1373745600 301 1213 322 1286
1373738400 297 1202 325 1339
1373731200 292 1184 314 1237
1373724000 295 1193 319 1290
1373716800 292 1184 313 1255
1373709600 312 1198 676 1262
1373702400 293 1203 312 1346
1373695200 296 1193 311 1270
1373688000 293 1189 312 1269
1373680800 309 1646 490 8294
1373673600 294 1330 351 2630
1373666400 297 1499 328 1876
1373659200 2225 97545 9702 485046
1373652000 4114 196346 10731 531615
1373644800 5636 268589 11078 561681
1373637600 315 1472 757 3104
1373630400 293 1253 329 1864
1373623200 296 1248 323 1833
1373616000 296 1230 327 1410
1373608800 295 1218 318 1282
1373601600 294 1218 315 1312
1373594400 297 1345 314 1598
1373587200 301 1612 357 3215
1373580000 524 13126 7400 360249
1373572800 3376 155859 9843 477659
1373565600 4968 236465 11058 561517
1373558400 4129 208725 9757 500129
1373551200 3421 168883 11925 618184
1373544000 265 8049 2913 131524
1373536800 44 494 57 563
1373529600 249 1158 354 2546
1373522400 298 1222 317 1319
1373515200 304 1285 328 2521
1373508000 299 1332 319 2067
1373500800 317 1411 692 2652
1373493600 547 3745 7047 43853
1373486400 3594 143432 9719 472290
1373479200 6639 313864 10775 538214
1373472000 3666 165767 10075 502957
1373464800 398 2987 2380 23986
1373457600 298 1262 351 1557
1373450400 483 9047 2783 105343
1373443200 295 1295 315 1468
1373436000 315 1311 763 1940
1373428800 297 1325 321 2226
1373421600 296 1292 317 1370
1373414400 296 1358 317 1573
1373407200 301 1554 639 15683
1373400000 2737 124612 10315 490829
1373392800 2257 97446 9941 484207
1373385600 4120 193554 10076 486378
1373378400 6279 303479 10782 532733
1373371200 300 1323 323 1415
1373364000 325 1516 739 4157
1373356800 302 1324 324 1452
1373349600 299 1317 330 1441
1373342400 302 1336 327 1548
1373335200 304 1346 338 1695
1373328000 306 1429 332 1735
1373320800 506 11831 9491 490834
1373313600 4329 203570 11356 539921
1373306400 4489 213541 10097 502619
1373299200 5307 256383 11144 548648
1373292000 5039 238822 11559 558441
1373284800 4790 229678 10599 527742
1373277600 299 1209 327 1282
1373270400 301 1213 325 1310
1373263200 297 1208 326 1306
1373256000 301 1223 322 1312
1373248800 300 1216 334 1308
1373241600 312 1230 339 1319
1373234400 315 1354 371 4285
1373227200 305 1222 333 1328
1373220000 315 1220 665 1319
1373212800 301 1216 332 1285
1373205600 298 1215 330 1283
1373198400 301 1219 329 1297
1373191200 299 1221 332 1295
1373184000 301 1221 327 1285
1373176800 300 1216 330 1315
1373169600 301 1226 330 1311
1373162400 302 1222 358 1319
1373155200 315 1221 715 1336
1373148000 304 1288 336 2690
1373140800 300 1224 318 1316
1373133600 300 1223 326 1317
1373126400 296 1222 323 1357
1373119200 299 1220 321 1283
1373112000 297 1221 329 1321
1373104800 301 1310 349 3342
1373097600 299 1228 324 1311
1373090400 318 1236 685 1354
1373083200 298 1228 326 1305
1373076000 305 1291 386 2678
1373068800 299 1232 317 1349
1373061600 297 1223 318 1309
1373054400 297 1223 322 1348
1373047200 302 1259 325 1983
1373040000 297 1223 322 1388
1373032800 302 1232 351 1334
1373025600 298 1222 323 1311
1373018400 324 1313 759 2498
1373011200 299 1224 316 1318
1373004000 301 1222 336 1300
1372996800 300 1226 320 1340
1372989600 302 1302 353 3139
1372982400 300 1229 321 1326
1372975200 297 1220 322 1295
1372968000 298 1226 334 1316
1372960800 300 1227 324 1347
1372953600 300 1275 338 2472
1372946400 314 1227 693 1340
1372939200 299 1234 328 1340
1372932000 300 1230 325 1334
1372924800 300 1253 329 1489
1372917600 301 1234 324 1330
1372910400 300 1234 333 1301
1372903200 300 1237 333 1308
1372896000 306 1357 396 3531
1372888800 298 1373 332 1753
1372881600 300 1578 326 1915
1372874400 3825 177625 10703 535689
1372867200 5234 248130 10469 510913
1372860000 2201 93182 10158 514116
1372852800 297 1236 327 1337
1372845600 300 1234 331 1331
1372838400 305 1282 375 1733
1372831200 298 1232 323 1339
1372824000 299 1237 324 1339
1372816800 299 1248 323 1393
1372809600 302 1313 338 1892
1372802400 301 1515 322 1761
1372795200 3911 180629 10438 505072
1372788000 5158 245466 10763 542659
1372780800 916 33197 10763 542659
1372773600 5735 274009 10666 532902
1372766400 1190 45793 12373 618729
1372759200 299 1188 324 1391
1372752000 303 1201 373 1476
1372744800 301 1164 324 1246
1372737600 302 1187 358 1587
1372730400 299 1236 322 1300
1372723200 313 1334 710 1586
1372716000 297 1837 359 2521
1372708800 1332 53623 8564 421461
1372701600 1245 47715 11295 563089
1372694400 4739 209281 10298 496617
1372687200 513 3044 1337 10725
1372680000 473 2669 1780 12909
1372672800 288 1192 317 1446
1372665600 288 1182 307 1367
1372658400 289 1171 318 1252
1372651200 302 1180 677 1268
1372644000 289 1173 318 1259
1372636800 287 1174 324 1729
1372629600 289 1196 309 1729
1372622400 286 1166 317 1259
1372615200 291 1183 333 1339
1372608000 286 1169 316 1267
1372600800 288 1170 323 1235
1372593600 286 1168 312 1256
1372586400 306 1184 702 1378
1372579200 285 1184 306 1388
1372572000 289 1168 310 1255
1372564800 285 1172 310 1255
1372557600 287 1179 307 1348
1372550400 286 1171 313 1348
1372543200 290 1216 336 2016
1372536000 283 1168 310 1273
1372528800 288 1180 317 1304
1372521600 300 1172 661 1276
1372514400 287 1182 315 1250
1372507200 285 1164 307 1234
1372500000 291 1208 329 1733
1372492800 286 1196 310 1456
1372485600 287 1174 316 1248
1372478400 285 1169 317 1292
1372471200 289 1228 331 1709
1372464000 284 1292 322 1530
1372456800 287 1503 327 1825
1372449600 305 1584 740 3122
1372442400 470 8387 2126 84841
1372435200 1202 29555 4580 107089
1372428000 286 1444 1552 89140
1372420800 1151 28737 4471 104374
1372413600 272 1217 289 1454
1372406400 271 1244 293 1599
1372399200 268 1190 296 1243
1372392000 270 1194 295 1328
1372384800 288 1239 664 1575
1372377600 269 1323 290 1637
1372370400 314 1588 983 4468
1372363200 694 21145 2597 116345
1372356000 290 1554 345 2226
1372348800 1072 14817 5456 86370
1372341600 1455 8507 7033 39420
1372334400 285 1297 315 1407
1372327200 288 1331 362 1764
1372320000 299 1284 671 1507
1372312800 283 1245 301 1318
1372305600 282 1244 310 1379
1372298400 287 1282 324 1552
1372291200 282 1362 315 1744
1372284000 284 1542 320 2607
1372276800 518 2256 2682 10633
1372269600 291 1509 393 2229
1372262400 1482 6893 5993 33749
1372255200 1589 25507 6735 151043
1372248000 292 1208 319 1292
1372240800 296 1238 331 1510
1372233600 293 1246 328 1533
1372226400 293 1212 322 1368
1372219200 294 1248 334 1547
1372204800 295 1418 755 3397
1372118400 177 1078 1430 8005
1372032000 42 385 444 1384
1371945600 114 620 448 2637
1371859200 260 2423 3703 155486
1371772800 742 32040 8854 547309
1371686400 854 40218 7832 514645
1371600000 1458 83511 8250 523291
1371513600 1144 58178 8493 571870
1371427200 282 1107 698 2938
1371340800 285 1132 674 2943
1371254400 1081 53984 9267 569197
1371168000 1193 64747 11858 583568
1371081600 1072 56426 8352 527356
1370995200 1382 80295 8955 608343
1370908800 370 1842 5841 81084
1370822400 304 1115 729 2643
1370736000 302 1117 726 2706
1370649600 911 42720 9164 649739
1370563200 382 4894 2642 138982
1370476800 558 9316 5583 167404
1370390400 574 8473 6923 150685
1370304000 471 11057 2826 116404
1370217600 285 1062 724 2015
1370131200 283 1068 702 1808
1370044800 420 6491 1703 75715
1369958400 393 5720 2839 157318
1369872000 419 5917 9922 108078
1369785600 394 4903 2283 86554
1369699200 303 1080 727 2905
1369612800 303 1073 707 1493
1369526400 303 1217 914 40283
1369440000 371 4828 2131 92048
1369353600 408 6404 2966 137191
1369267200 426 7983 2911 120712
1369180800 572 15514 2725 121201
1369094400 493 9604 2896 138971
1369008000 301 1017 704 1315
1368921600 303 1033 699 1860
1368835200 438 8235 15014 838814
1368748800 388 5131 2723 103015
1368662400 630 15627 3512 157072
1368576000 489 8429 2461 82540
1368489600 549 11983 1767 76237
1368403200 359 1309 768 2602
1368316800 360 1316 774 2444
1368230400 676 18186 14761 834040
1368144000 558 10817 4576 98514
1368057600 568 12000 3710 114908
1367971200 534 10139 2225 98173
1367884800 305 1283 716 2553
1367798400 293 1064 705 1270
1367712000 294 1106 718 2752
1367625600 410 7109 2576 92999
1367539200 559 16222 2716 137936
1367452800 443 9477 2665 129381
1367366400 500 9613 3339 117416
1367280000 579 16969 3113 158525
1367193600 297 1128 686 1389
1367107200 297 1195 696 2740
1367020800 527 13596 14628 834856
1366934400 542 13691 3344 149961
1366848000 526 17823 3554 189994
1366761600 491 11984 3793 116461
1366675200 394 6903 2821 111435
1366588800 296 1009 695 1563
1366502400 296 1026 689 2789
1366416000 481 10185 2598 87184
1366329600 441 7101 2449 119772
1366243200 447 5810 3539 148933
1366156800 480 10208 3653 152807
1366070400 544 13774 4656 193498
1365984000 295 1124 712 2410
1365897600 294 1206 729 20877
1365811200 400 7394 2783 142286
1365724800 424 12133 2839 148250
1365638400 422 6804 3942 190171
1365552000 543 11949 4682 176386
1365465600 486 11677 2962 160552
1365379200 298 1085 726 1717
1365292800 299 1111 709 2587
1365206400 685 15540 9931 149094
1365120000 472 9907 3732 178557
1365033600 566 14202 3137 154295
1364947200 479 9690 2889 94539
1364860800 407 6903 2856 88813
1364774400 289 1208 693 2166
1364688000 290 1235 708 1703
1364601600 355 5473 1873 88853
1364515200 460 10486 4109 177802
1364428800 409 8389 3910 137535
1364342400 360 8671 3502 108891
1364256000 325 10728 15237 821857
1364169600 18 483 429 2493
1364083200 18 489 440 1953
1363996800 228 7276 3298 125523
1363910400 351 8940 2652 93899
1363824000 383 7624 2331 84079
1363737600 394 7752 2542 98160
1363651200 436 10841 2018 74620
1363564800 270 1152 722 2155
1363478400 271 1158 687 6463
1363392000 380 6513 2274 119280
1363305600 411 8068 2894 109615
1363219200 321 4960 3432 75709
1363132800 388 6241 3125 120091
1363046400 322 1659 1683 9219
1362960000 295 1114 697 1556
1362873600 295 1142 716 2824
1362787200 302 1513 789 3744
1362700800 394 5647 2558 104326
1362614400 1136 41369 17003 902117
1362528000 356 4833 2732 117933
1362441600 501 9869 8258 113777
1362355200 276 1158 696 2599
1362268800 276 1181 703 2684
1362182400 385 4300 4430 144873
1362096000 347 5124 2753 164435
1362009600 291 1471 798 5336
1361923200 380 5033 4355 94830
1361836800 353 2502 2862 63841
1361750400 295 1148 726 3028
1361664000 298 1170 703 2625
1361577600 422 7418 3753 116814
1361491200 344 3669 1898 257139
1361404800 656 20943 15198 842468
1361318400 565 7262 6182 119223
1361232000 312 1449 720 2416
1361145600 310 1440 731 2525
1361059200 313 1462 746 3795
1360972800 394 3909 4139 76624
1360886400 300 4603 3484 189761
1360800000 451 7175 2727 107813
1360713600 450 8677 5895 268031
1360627200 432 8082 3797 101127
1360540800 294 1414 704 2161
1360454400 300 1606 1172 56165
1360368000 392 6052 3922 94977
1360281600 408 6588 2962 86108
1360195200 352 4370 3445 102066
1360108800 423 8654 2647 111243
1360022400 364 5802 2070 112496
1359936000 292 1437 690 1982
1359849600 297 1593 825 22143
1359763200 401 6768 2880 125386
1359676800 512 13570 4801 269207
1359590400 372 5453 2319 120830
1359504000 474 10604 3179 147993
1359417600 519 12205 8316 160976
1359331200 281 1420 720 2760
1359244800 281 1449 677 3199
1359158400 457 7306 6002 190477
1359072000 410 5429 3644 100606
1358985600 385 4824 3609 93712
1358899200 418 5169 4394 177056
1358812800 297 1551 689 2090
1358726400 296 1553 728 2005
1358640000 297 1570 729 2182
1358553600 447 6088 6528 101079
1358467200 385 4265 2110 106678
1358380800 485 7988 4850 149411
1358294400 436 8582 3721 107504
1358208000 499 11278 4616 239780
1358121600 412 5686 915 25200
1358035200 409 5636 821 7204
1357948800 599 12765 7639 162791
1357862400 454 10196 4921 307486
1357776000 455 10651 15567 801370
1357689600 430 6534 3287 157033
1357603200 489 4908 17181 110457
1357516800 295 1394 725 1691
1357430400 296 1418 741 2421
1357344000 351 5282 1687 96885
1357257600 425 8453 2470 103648
1357171200 313 1660 1151 8975
1357084800 296 1361 757 2518
1356998400 355 5210 1508 88174
1356912000 296 1441 722 2594
1356825600 296 1450 696 1858
1356739200 465 12454 2558 143873
1356652800 634 14504 6856 92592
1356566400 306 8304 4182 92034
1356480000 37 625 491 1585
1356393600 35 625 81 2629
1356307200 36 621 459 2660
1356220800 37 632 445 2296
1356134400 132 1089 670 3323
1356048000 408 3192 6226 75152
1355961600 456 7951 3099 142021
1355875200 490 8255 3112 132942
1355788800 286 3054 4305 71018
1355702400 36 711 456 1864
1355616000 37 732 461 1849
1355529600 178 1963 5675 45584
1355443200 321 7268 5049 892841
1355356800 419 6176 3499 88639
1355270400 390 3014 5401 80228
1355184000 590 9161 6730 88359
1355097600 288 1500 701 1993
1355011200 289 1531 693 2115
1354924800 400 5002 4682 107631
1354838400 757 18351 5751 164448
1354752000 398 3487 3263 105721
1354665600 628 8258 12920 147555
1354579200 533 11262 4201 159578
1354492800 307 1385 725 3754
1354406400 330 1406 749 1841
1354320000 605 9777 9447 356667
1354233600 593 18501 4279 155301
1354147200 495 9329 4401 134580
1354060800 499 10389 3674 95254
1353974400 434 4313 5526 68154
1353888000 287 1046 711 2780
1353801600 285 1053 713 4073
1353715200 285 1061 738 3135
1353628800 286 1050 652 1617
1353542400 464 7353 4921 78352
1353456000 582 6791 9725 130097
1353369600 510 5933 10735 124867
1353283200 302 1070 772 2668
1353196800 302 1094 739 3034
1353110400 426 6363 3484 78517
1353024000 472 15178 4148 163026
1352937600 830 10001 11048 107602
1352851200 623 16699 3647 154027
1352764800 411 6441 2557 64929
1352678400 304 1121 690 1644
1352592000 302 1134 702 1644
1352505600 559 12995 3826 92173
1352419200 590 11395 5255 172498
1352332800 618 13090 5938 217525
1352246400 545 12656 4785 157510
1352160000 476 5318 4404 97667
1352073600 290 1023 690 1352
1351987200 293 1080 743 2421
1351900800 510 9136 4843 112471
1351814400 519 11285 3831 126545
1351728000 513 5486 4663 82818
1351641600 281 1159 726 3196
1351555200 315 1205 675 3196
1351468800 354 1236 749 3439
1351382400 355 1243 775 3403
1351296000 655 13699 4886 114302
1351209600 582 12635 4321 126089
1351123200 452 8119 4288 116341
1351036800 441 8139 2614 85166
1350950400 535 14732 3497 96554
1350864000 292 1208 690 1559
1350777600 300 1229 708 2214
1350691200 463 10335 3180 125584
1350604800 402 6460 2251 82515
1350518400 485 10195 3131 153485
1350432000 499 8442 3226 155564
1350345600 708 16525 3402 122750
1350259200 301 1212 730 1754
1350172800 301 1223 713 1666
1350086400 664 13368 11507 620387
1350000000 784 4801 7628 119205
1349913600 329 5959 3994 217676
1349827200 463 6013 9715 127452
1349740800 291 1381 665 4421
1349654400 288 1260 684 3460
1349568000 289 1270 695 3163
1349481600 458 8197 3783 197432
1349395200 474 3655 6511 133984
1349308800 388 5415 4064 98624
1349222400 452 9148 7031 430443
1349136000 400 3226 3945 86151
1349049600 290 1143 731 2380
1348963200 288 1145 695 2988
1348876800 324 1763 2235 51070
1348790400 374 3573 2896 101326
1348704000 367 4038 2157 82849
1348617600 455 5214 2803 97047
1348531200 237 2300 2581 78996
1348444800 48 473 431 735
1348358400 127 717 431 2029
1348272000 319 1657 1986 59902
1348185600 413 4101 3208 77585
1348099200 412 4521 2112 79022
1348012800 444 6959 2452 105250
1347926400 320 1425 737 2527
1347840000 316 1224 725 5291
1347753600 316 1224 718 2234
1347667200 379 4230 7249 406677
1347580800 381 2540 3064 67084
1347494400 564 12359 4025 171146
1347408000 433 6053 3142 117290
1347321600 560 8351 5883 197035
1347235200 314 1187 695 1967
1347148800 314 1202 723 3347
1347062400 504 6162 18544 102690
1346976000 360 3448 2024 88831
1346889600 393 5501 2415 102332
1346803200 460 6758 3275 151517
1346716800 315 1261 709 3791
1346630400 315 1235 715 1825
1346544000 315 1235 691 2467
1346457600 401 5651 2493 125998
1346371200 343 2771 1940 102779
1346284800 479 8723 2740 118726
1346198400 459 7964 3220 126118
1346112000 398 5802 2585 125900
1346025600 315 1325 743 2126
1345939200 317 1348 681 6309
1345852800 425 4356 5284 134464
1345766400 400 5141 2786 103910
1345680000 426 7817 2962 150045
1345593600 381 4928 1896 91000
1345507200 443 6624 2935 83418
1345420800 302 1217 694 1417
1345334400 303 1245 698 3058
1345248000 430 7596 2611 118407
1345161600 431 4651 3133 104462
1345075200 416 3179 5264 108667
1344988800 381 2216 3323 23876
1344902400 508 2822 4203 69899
1344816000 306 1229 712 2256
1344729600 307 1258 723 2430
1344643200 362 1858 2855 16413
1344556800 448 7857 2790 121353
1344470400 427 7276 2429 107444
1344384000 384 5132 2589 123150
1344297600 389 5512 2399 107506
1344211200 304 1211 714 2138
1344124800 304 1223 669 2188
1344038400 363 4317 2815 95367
1343952000 451 7248 2967 129298
1343865600 456 8795 3493 151365
1343779200 475 10825 3432 193582
1343692800 301 8352 2371 104828
1343606400 40 498 427 2747
1343520000 72 615 1023 5239
1343433600 384 14235 2648 146271
1343347200 276 9070 2867 138047
1343260800 269 7516 3114 151542
1343174400 328 11798 2521 121641
1343088000 112 823 502 4643
1343001600 110 634 501 3394
1342915200 109 660 513 1917
1342828800 317 10337 6993 444508
1342742400 436 13279 4715 286306
1342656000 216 2093 2688 73817
1342569600 407 14028 8609 534009
1342483200 314 8434 5800 346704
1342396800 141 638 533 1767
1342310400 140 650 513 2040
1342224000 319 11073 24275 1658977
1342137600 406 12365 14463 336774
1342051200 154 1982 2204 65811
1341964800 485 6760 8445 436102
1341878400 251 8269 11999 789121
1341792000 120 619 567 793
1341705600 122 641 568 2472
1341619200 405 16876 6861 406197
1341532800 121 740 501 1344
1341446400 120 622 493 1097
1341360000 236 6662 7111 448975
1341273600 385 9532 10327 322257
1341187200 116 606 485 1093
1341100800 115 613 503 1091
1341014400 215 1979 11735 76388
1340928000 245 1911 4587 24307
1340841600 236 4618 8086 504963
1340755200 333 7622 3103 183836
1340668800 337 2715 15005 119831
1340582400 126 630 512 1782
1340496000 126 640 466 1353
1340409600 129 1170 541 3505
1340323200 446 3740 23813 409637
1340236800 166 1318 1876 17207
1340150400 307 2606 2256 32640
1340064000 538 2965 7121 20255
1339977600 98 641 486 1326
1339891200 96 656 481 3719
1339804800 101 1178 547 2815
1339718400 84 880 592 8471
1339632000 128 1969 1672 98423
1339545600 118 1781 1192 83209
1339459200 104 881 427 3591
1339372800 101 617 415 2730
1339286400 101 619 481 1457
1339200000 108 866 491 2274
1339113600 106 1193 428 5591
1339027200 106 856 483 2001
1338940800 107 1298 494 6429
1338854400 106 992 534 4532
1338768000 101 641 443 1116
1338681600 102 648 470 979
1338595200 107 1094 466 3029
1338508800 104 1187 507 8202
1338422400 105 789 462 3204
1338336000 103 831 505 5114
1338249600 101 647 455 5366
1338163200 101 624 492 1287
1338076800 101 605 396 2371
1337990400 106 862 531 12082
1337904000 107 826 1066 2288
1337817600 123 947 1769 18414
1337731200 126 1011 863 8987
1337644800 186 1221 820 4808
1337558400 231 741 611 1535
1337472000 225 724 2075 10203
1337385600 878 26029 51995 1784813
1337299200 130 1749 2295 178131
1337212800 186 4691 4717 282937
1337126400 137 1008 1455 47556
1337040000 371 18578 16054 1070262
1336953600 35 414 429 2003
1336867200 71 1064 3172 140538
1336780800 160 1628 1946 102657
1336694400 156 1394 840 88901
1336608000 193 1617 1952 103096
1336521600 208 1648 7310 90147
1336435200 154 1182 463 8546
1336348800 151 578 492 1581
1336262400 151 583 477 1871
1336176000 190 839 2874 11670
1336089600 160 8336 869 49122
1336003200 185 1629 3347 73286
1335916800 155 1457 1040 20038
1335830400 184 2246 2016 85804
1335744000 129 611 457 2369
1335657600 128 639 440 3609
1335571200 142 910 1048 18600
1335484800 178 1069 1899 12343
1335398400 143 834 1267 7866
1335312000 159 822 2267 13164
1335225600 134 1054 447 11940
1335139200 127 481 450 2232
1335052800 127 509 467 1582
1334966400 124 961 464 2973
1334880000 118 1039 432 3805
1334793600 124 1047 856 11981
1334707200 125 1190 1190 31711
1334620800 119 900 435 4326
1334534400 101 450 424 1834
1334448000 94 456 423 1072
1334361600 100 664 441 7684
1334275200 135 1116 649 12656
1334188800 151 1443 1780 71261
1334102400 163 1198 692 7376
1334016000 162 847 723 6826
1333929600 152 442 511 1287
1333843200 153 458 547 1992
1333756800 157 1080 489 8461
1333670400 188 1441 2591 60344
1333584000 158 1153 526 8494
1333497600 167 806 1830 11714
1333411200 224 1584 9481 27476
1333324800 141 498 502 2048
1333238400 139 457 523 1347
1333152000 144 1003 505 8394
1333065600 144 1094 443 3736
1332979200 160 1376 946 18588
1332892800 145 822 626 6192
1332806400 153 1202 1587 17974
1332720000 125 534 472 1968
1332633600 125 556 502 3766
1332547200 129 1062 504 9525
1332460800 127 1183 768 52415
1332374400 121 839 515 3191
1332288000 145 872 1393 7220
1332201600 63 599 640 5828
1332115200 53 634 1569 62610
1332028800 100 702 1590 62427
1331942400 98 1015 420 3474
1331856000 157 1167 986 6661
1331769600 228 1388 22274 51434
1331683200 130 785 828 11126
1331596800 127 650 475 3295
1331510400 126 526 352 705
1331424000 126 554 495 4463
1331337600 136 947 849 37162
1331251200 137 1158 1704 93941
1331164800 127 613 478 5837
1331078400 127 709 468 6155
1330992000 214 900 21235 48416
1330905600 128 640 484 3898
1330819200 128 607 505 1207
1330732800 128 662 520 2299
1330646400 121 686 900 7425
1330560000 106 790 720 30710
1330473600 104 697 527 8374
1330387200 119 1114 894 36118
1330300800 106 460 444 1807
1330214400 105 451 474 1918
1330128000 110 1089 2111 47604
1330041600 147 2871 11854 640078
1329955200 98 910 829 16618
1329868800 90 615 634 16911
1329782400 89 421 442 562
1329696000 89 426 453 580
1329609600 88 441 448 692
1329523200 91 540 486 1514
1329436800 81 674 918 19322
1329350400 103 806 1033 14212
1329264000 98 605 609 1565
1329177600 100 770 462 14956
1329091200 95 507 447 685
1329004800 95 517 436 840
1328918400 96 602 480 1568
1328832000 105 936 908 15605
1328745600 100 768 871 16580
1328659200 96 636 490 1791
1328572800 95 557 444 1412
1328486400 93 401 432 561
1328400000 93 415 458 738
1328313600 94 624 559 4832
1328227200 93 662 444 9498
1328140800 98 762 1182 25216
1328054400 96 810 451 14294
1327968000 89 572 428 1562
1327881600 88 391 454 535
1327795200 88 422 459 878
1327708800 67 1324 1312 23000
1327622400 40 614 462 1430
1327536000 102 762 1838 18337
1327449600 94 677 447 1860
1327363200 96 752 895 16462
1327276800 88 402 422 565
1327190400 89 394 455 714
1327104000 93 596 767 11752
1327017600 96 730 436 14074
1326931200 91 531 508 1171
1326844800 91 557 563 1714
1326758400 91 440 445 901
1326672000 89 395 439 526
1326585600 89 410 443 945
1326499200 92 690 463 11159
1326412800 77 883 858 13007
1326326400 95 775 648 21184
1326240000 95 733 471 2065
1326153600 93 622 441 2450
1326067200 88 346 440 500
1325980800 89 396 431 672
1325894400 94 775 623 15926
1325808000 95 734 796 13222
1325721600 96 869 896 13479
1325635200 90 720 538 3311
1325548800 90 583 445 694
1325462400 90 588 436 765
1325376000 90 539 500 847
1325289600 95 974 487 14463
1325203200 90 624 511 1230
1325116800 92 716 444 1393
1325030400 92 674 461 1822
1324944000 88 504 436 641
1324857600 88 505 436 634
1324771200 88 506 446 858
1324684800 88 527 491 2230
1324598400 90 641 456 1117
1324512000 88 629 441 1133
1324425600 99 1091 465 14431
1324339200 91 744 793 13018
1324252800 83 531 436 668
1324166400 83 550 438 937
1324080000 86 804 503 2235
1323993600 75 835 762 13418
1323907200 86 780 430 1980
1323820800 86 727 459 1465
1323734400 84 698 442 1600
1323648000 82 518 431 680
1323561600 82 529 512 755
1323475200 85 667 474 2202
1323388800 83 665 441 1156
1323302400 83 662 432 1707
1323216000 169 1626 807 8302
1323129600 357 3573 2890 23585
1323043200 82 516 439 683
1322956800 82 532 429 933
1322870400 88 854 695 11297
1322784000 102 1496 1104 22290
1322697600 91 748 433 1453
1322611200 91 746 477 2557
1322524800 90 734 433 2114
1322438400 89 527 442 691
1322352000 89 528 458 728
1322265600 89 565 475 1887
1322179200 91 574 448 942
1322092800 91 727 453 1153
1322006400 89 690 478 1569
1321920000 89 632 458 1159
1321833600 89 516 441 673
1321747200 88 521 430 839
1321660800 93 974 499 14767
1321574400 89 682 411 1873
1321488000 90 667 524 1706
1321401600 77 620 491 1246
1321315200 84 615 437 1514
1321228800 88 513 440 667
1321142400 88 518 438 667
1321056000 96 1157 1052 23868
1320969600 71 677 980 6728
1320883200 89 774 449 14574
1320796800 87 714 470 1821
1320710400 87 711 436 1596
1320624000 85 539 434 669
1320537600 83 550 411 727
1320451200 87 747 490 2150
1320364800 89 782 430 2211
1320278400 88 732 489 2490
1320192000 87 725 423 1461
1320105600 89 772 433 2246
1320019200 88 584 435 889
1319932800 88 589 432 918
1319846400 89 630 496 2460
1319760000 105 727 446 1842
1319673600 92 790 464 10698
1319587200 94 762 496 3266
1319500800 139 950 1773 17727
1319414400 90 554 436 753
1319328000 90 554 435 951
1319241600 100 974 1067 21191
1319155200 105 1231 849 25376
1319068800 97 968 427 13895
1318982400 104 1270 995 42381
1318896000 104 1237 1428 32162
1318809600 90 547 429 821
1318723200 60 1186 1241 27563
1318636800 16 577 412 4812
1318550400 40 617 432 1793
1318464000 97 957 1975 64527
1318377600 95 915 506 2110
1318291200 93 760 437 2172
1318204800 91 540 439 683
1318118400 92 551 489 1803
1318032000 94 716 439 1696
1317945600 99 1044 428 15377
1317859200 94 850 449 14942
1317772800 95 819 477 2257
1317686400 98 999 453 16177
1317600000 92 620 427 726
1317513600 92 621 431 789
1317427200 118 1937 1174 50192
1317340800 106 1302 441 16248
1317254400 109 1606 1043 19844
1317168000 89 771 478 2506
1317081600 89 763 421 1895
1316995200 85 551 440 704
1316908800 85 564 415 780
1316822400 88 765 664 9989
1316736000 87 758 415 1398
1316649600 97 797 2730 3327
1316563200 106 1454 912 30954
1316476800 93 853 422 3832
1316390400 91 588 443 712
1316304000 91 586 430 745
1316217600 108 1310 3765 154226
1316131200 97 983 894 22419
1316044800 94 737 2039 3008
1315958400 65 852 5268 7354
1315872000 84 755 460 2024
1315785600 91 581 416 776
1315699200 92 581 446 902
1315612800 100 1119 502 18098
1315526400 96 895 504 17197
1315440000 101 1502 674 28120
1315353600 90 874 505 3046
1315267200 86 577 418 731
1315180800 91 570 439 830
1315094400 91 568 438 717
1315008000 91 729 508 2559
1314921600 100 965 442 2383
1314835200 115 2056 873 51515
1314748800 116 1928 1549 88776
1314662400 97 829 437 3197
1314576000 92 390 432 512
1314489600 93 402 456 647
1314403200 104 1046 2652 117137
1314316800 95 852 434 2835
1314230400 105 1558 680 21174
1314144000 98 944 449 2950
1314057600 99 1043 433 14594
1313971200 91 585 490 918
1313884800 91 591 522 742
1313798400 107 1133 2138 18076
1313712000 116 1354 2965 18732
1313625600 96 899 753 10579
1313539200 109 1535 971 16110
1313452800 98 1040 436 13239
1313366400 91 592 428 665
1313280000 91 609 427 740
1313193600 98 975 583 3272
1313107200 109 1742 1726 36614
1313020800 96 913 566 3276
1312934400 108 1209 1634 16550
1312848000 96 1076 437 13875
1312761600 91 606 518 707
1312675200 92 615 518 798
1312588800 103 1330 564 19045
1312502400 111 1894 841 24413
1312416000 98 1058 482 18501
1312329600 132 1685 3006 29911
1312243200 107 1703 435 23478
1312156800 92 583 508 824
1312070400 92 642 427 953
1311984000 94 789 543 1984
1311897600 100 1124 472 27311
1311811200 97 1053 430 15285
1311724800 97 963 510 15760
1311638400 104 1452 559 16858
1311552000 95 668 445 815
1311465600 94 657 419 879
1311379200 104 1022 750 14188
1311292800 101 1220 504 16248
1311206400 94 758 469 1724
1311120000 93 725 445 1560
1311033600 92 708 430 2329
1310947200 90 594 434 891
1310860800 90 603 442 921
1310774400 94 749 503 2531
1310688000 84 975 1067 15202
1310601600 96 869 973 15659
1310515200 97 951 840 22629
1310428800 93 742 416 1815
1310342400 91 556 426 869
1310256000 89 566 435 858
1310169600 100 1070 469 15900
1310083200 105 1254 894 18131
1309996800 98 981 433 15674
1309910400 93 737 480 2793
1309824000 91 558 417 889
1309737600 90 561 407 850
1309651200 90 573 422 908
1309564800 105 1439 925 39518
1309478400 110 1444 935 18272
1309392000 89 1186 2298 93211
1309305600 108 1484 674 25004
1309219200 155 2166 3944 163065
1309132800 123 637 470 734
1309046400 102 591 462 755
