1220538301 14364 856827
1220538301 0 0 0 0
1220538002 0 0 0 0
1220538000 0 0 0 0
1220537700 0 0 0 0
1220537400 0 0 0 0
1220537100 0 0 0 0
1220536800 0 0 0 0
1220536500 0 0 0 0
1220536200 0 0 0 0
1220535900 0 0 0 0
1220535600 0 0 0 0
1220535300 0 0 0 0
1220535000 0 0 0 0
1220534700 0 0 0 0
1220534400 0 0 0 0
1220534100 0 0 0 0
1220533800 0 0 0 0
1220533500 0 0 0 0
1220533200 0 0 0 0
1220532900 0 0 0 0
1220532600 0 0 0 0
1220532300 0 0 0 0
1220532000 0 0 0 0
1220531700 0 0 0 0
1220531400 0 0 0 0
1220531100 0 0 0 0
1220530800 0 0 0 0
1220530500 0 0 0 0
1220530200 0 0 0 0
1220529900 0 0 0 0
1220529600 0 0 0 0
1220529300 0 0 0 0
1220529000 0 0 0 0
1220528700 0 0 0 0
1220528400 0 0 0 0
1220528100 0 0 0 0
1220527800 0 0 0 0
1220527500 0 0 0 0
1220527200 0 0 0 0
1220526900 0 0 0 0
1220526600 0 0 0 0
1220526300 0 0 0 0
1220526000 0 0 0 0
1220525700 0 0 0 0
1220525400 0 0 0 0
1220525100 0 0 0 0
1220524800 0 0 0 0
1220524500 0 0 0 0
1220524200 0 0 0 0
1220523900 0 0 0 0
1220523600 0 0 0 0
1220523300 0 0 0 0
1220523000 0 0 0 0
1220522700 0 0 0 0
1220522400 0 0 0 0
1220522100 0 0 0 0
1220521800 0 0 0 0
1220521500 0 0 0 0
1220521200 0 0 0 0
1220520900 0 0 0 0
1220520600 0 0 0 0
1220520300 0 0 0 0
1220520000 0 0 0 0
1220519700 0 0 0 0
1220519400 0 0 0 0
1220519100 0 0 0 0
1220518800 0 0 0 0
1220518500 0 0 0 0
1220518200 0 0 0 0
1220517900 0 0 0 0
1220517600 0 0 0 0
1220517300 0 0 0 0
1220517000 0 0 0 0
1220516700 0 0 0 0
1220516400 0 0 0 0
1220516100 0 0 0 0
1220515800 0 0 0 0
1220515500 0 0 0 0
1220515200 0 0 0 0
1220514900 0 0 0 0
1220514600 0 0 0 0
1220514300 0 0 0 0
1220514000 0 0 0 0
1220513700 0 0 0 0
1220513400 0 0 0 0
1220513100 0 0 0 0
1220512800 0 0 0 0
1220512500 0 0 0 0
1220512200 0 0 0 0
1220511900 0 0 0 0
1220511600 0 0 0 0
1220511300 0 0 0 0
1220511000 0 0 0 0
1220510700 0 0 0 0
1220510400 0 0 0 0
1220510100 0 0 0 0
1220509800 0 0 0 0
1220509500 0 0 0 0
1220509200 0 0 0 0
1220508900 0 0 0 0
1220508600 0 0 0 0
1220508300 0 0 0 0
1220508000 0 0 0 0
1220507700 0 0 0 0
1220507400 0 0 0 0
1220507100 0 0 0 0
1220506800 0 0 0 0
1220506500 0 0 0 0
1220506200 0 0 0 0
1220505900 0 0 0 0
1220505600 0 0 0 0
1220505300 0 0 0 0
1220505000 0 0 0 0
1220504700 0 0 0 0
1220504400 0 0 0 0
1220504100 0 0 0 0
1220503800 0 0 0 0
1220503500 0 0 0 0
1220503200 0 0 0 0
1220502900 0 0 0 0
1220502600 0 0 0 0
1220502300 0 0 0 0
1220502000 0 0 0 0
1220501700 0 0 0 0
1220501400 0 0 0 0
1220501100 0 0 0 0
1220500800 0 0 0 0
1220500500 0 0 0 0
1220500200 0 0 0 0
1220499900 0 0 0 0
1220499600 0 0 0 0
1220499300 0 0 0 0
1220499000 0 0 0 0
1220498700 0 0 0 0
1220498400 0 0 0 0
1220498100 0 0 0 0
1220497800 0 0 0 0
1220497500 0 0 0 0
1220497200 0 0 0 0
1220496900 0 0 0 0
1220496600 0 0 0 0
1220496300 0 0 0 0
1220496000 0 0 0 0
1220495700 0 0 0 0
1220495400 0 0 0 0
1220495100 0 0 0 0
1220494800 0 0 0 0
1220494500 0 0 0 0
1220494200 0 0 0 0
1220493900 0 0 0 0
1220493600 0 0 0 0
1220493300 0 0 0 0
1220493000 0 0 0 0
1220492700 0 0 0 0
1220492400 0 0 0 0
1220492100 0 0 0 0
1220491800 0 0 0 0
1220491500 0 0 0 0
1220491200 0 0 0 0
1220490900 0 0 0 0
1220490600 0 0 0 0
1220490300 0 0 0 0
1220490000 0 0 0 0
1220489700 0 0 0 0
1220489400 0 0 0 0
1220489100 0 0 0 0
1220488800 0 0 0 0
1220488500 0 0 0 0
1220488200 0 0 0 0
1220487900 0 0 0 0
1220487600 0 0 0 0
1220487300 0 0 0 0
1220487000 0 0 0 0
1220486700 0 0 0 0
1220486400 0 0 0 0
1220486100 0 0 0 0
1220485800 0 0 0 0
1220485500 0 0 0 0
1220485200 0 0 0 0
1220484900 0 0 0 0
1220484600 0 0 0 0
1220484300 0 0 0 0
1220484000 0 0 0 0
1220483700 0 0 0 0
1220483400 0 0 0 0
1220483100 0 0 0 0
1220482800 0 0 0 0
1220482500 0 0 0 0
1220482200 0 0 0 0
1220481900 0 0 0 0
1220481600 0 0 0 0
1220481300 0 0 0 0
1220481000 0 0 0 0
1220480700 0 0 0 0
1220480400 0 0 0 0
1220480100 0 0 0 0
1220479800 0 0 0 0
1220479500 0 0 0 0
1220479200 0 0 0 0
1220478900 0 0 0 0
1220478600 0 0 0 0
1220478300 0 0 0 0
1220478000 0 0 0 0
1220477700 0 0 0 0
1220477400 0 0 0 0
1220477100 0 0 0 0
1220476800 0 0 0 0
1220476500 0 0 0 0
1220476200 0 0 0 0
1220475900 0 0 0 0
1220475600 0 0 0 0
1220475300 0 0 0 0
1220475000 0 0 0 0
1220474700 0 0 0 0
1220474400 0 0 0 0
1220474100 0 0 0 0
1220473800 0 0 0 0
1220473500 0 0 0 0
1220473200 0 0 0 0
1220472900 0 0 0 0
1220472600 0 0 0 0
1220472300 0 0 0 0
1220472000 0 0 0 0
1220471700 0 0 0 0
1220471400 0 0 0 0
1220471100 0 0 0 0
1220470800 0 0 0 0
1220470500 0 0 0 0
1220470200 0 0 0 0
1220469900 0 0 0 0
1220469600 0 0 0 0
1220469300 0 0 0 0
1220469000 0 0 0 0
1220468700 0 0 0 0
1220468400 0 0 0 0
1220468100 0 0 0 0
1220467800 0 0 0 0
1220467500 0 0 0 0
1220467200 0 0 0 0
1220466900 0 0 0 0
1220466600 0 0 0 0
1220466300 0 0 0 0
1220466000 0 0 0 0
1220465700 0 0 0 0
1220465400 0 0 0 0
1220465100 0 0 0 0
1220464800 0 0 0 0
1220464500 0 0 0 0
1220464200 0 0 0 0
1220463900 0 0 0 0
1220463600 0 0 0 0
1220463300 0 0 0 0
1220463000 0 0 0 0
1220462700 0 0 0 0
1220462400 0 0 0 0
1220462100 0 0 0 0
1220461800 0 0 0 0
1220461500 0 0 0 0
1220461200 0 0 0 0
1220460900 0 0 0 0
1220460600 0 0 0 0
1220460300 0 0 0 0
1220460000 0 0 0 0
1220459700 0 0 0 0
1220459400 0 0 0 0
1220459100 0 0 0 0
1220458800 0 0 0 0
1220458500 0 0 0 0
1220458200 0 0 0 0
1220457900 0 0 0 0
1220457600 0 0 0 0
1220457300 0 0 0 0
1220457000 0 0 0 0
1220456700 0 0 0 0
1220456400 0 0 0 0
1220456100 0 0 0 0
1220455800 0 0 0 0
1220455500 0 0 0 0
1220455200 0 0 0 0
1220454900 0 0 0 0
1220454600 0 0 0 0
1220454300 0 0 0 0
1220454000 0 0 0 0
1220453700 0 0 0 0
1220453400 0 0 0 0
1220453100 0 0 0 0
1220452800 0 0 0 0
1220452500 0 0 0 0
1220452200 0 0 0 0
1220451900 0 0 0 0
1220451600 0 0 0 0
1220451300 0 0 0 0
1220451000 0 0 0 0
1220450700 0 0 0 0
1220450400 0 0 0 0
1220450100 0 0 0 0
1220449800 0 0 0 0
1220449500 0 0 0 0
1220449200 0 0 0 0
1220448900 0 0 0 0
1220448600 0 0 0 0
1220448300 0 0 0 0
1220448000 0 0 0 0
1220447700 0 0 0 0
1220447400 0 0 0 0
1220447100 0 0 0 0
1220446800 0 0 0 0
1220446500 0 0 0 0
1220446200 0 0 0 0
1220445900 0 0 0 0
1220445600 0 0 0 0
1220445300 0 0 0 0
1220445000 0 0 0 0
1220444700 0 0 0 0
1220444400 0 0 0 0
1220444100 0 0 0 0
1220443800 0 0 0 0
1220443500 0 0 0 0
1220443200 0 0 0 0
1220442900 0 0 0 0
1220442600 0 0 0 0
1220442300 0 0 0 0
1220442000 0 0 0 0
1220441700 0 0 0 0
1220441400 0 0 0 0
1220441100 0 0 0 0
1220440800 0 0 0 0
1220440500 0 0 0 0
1220440200 0 0 0 0
1220439900 0 0 0 0
1220439600 0 0 0 0
1220439300 0 0 0 0
1220439000 0 0 0 0
1220438700 0 0 0 0
1220438400 0 0 0 0
1220438100 0 0 0 0
1220437800 0 0 0 0
1220437500 0 0 0 0
1220437200 0 0 0 0
1220436900 0 0 0 0
1220436600 0 0 0 0
1220436300 0 0 0 0
1220436000 0 0 0 0
1220435700 0 0 0 0
1220435400 0 0 0 0
1220435100 0 0 0 0
1220434800 0 0 0 0
1220434500 0 0 0 0
1220434200 0 0 0 0
1220433900 0 0 0 0
1220433600 0 0 0 0
1220433300 0 0 0 0
1220433000 0 0 0 0
1220432700 0 0 0 0
1220432400 0 0 0 0
1220432100 0 0 0 0
1220431800 0 0 0 0
1220431500 0 0 0 0
1220431200 0 0 0 0
1220430900 0 0 0 0
1220430600 0 0 0 0
1220430300 0 0 0 0
1220430000 0 0 0 0
1220429700 0 0 0 0
1220429400 0 0 0 0
1220429100 0 0 0 0
1220428800 0 0 0 0
1220428500 0 0 0 0
1220428200 0 0 0 0
1220427900 0 0 0 0
1220427600 0 0 0 0
1220427300 0 0 0 0
1220427000 0 0 0 0
1220426700 0 0 0 0
1220426400 0 0 0 0
1220426100 0 0 0 0
1220425800 0 0 0 0
1220425500 0 0 0 0
1220425200 0 0 0 0
1220424900 0 0 0 0
1220424600 0 0 0 0
1220424300 0 0 0 0
1220424000 0 0 0 0
1220423700 0 0 0 0
1220423400 0 0 0 0
1220423100 0 0 0 0
1220422800 0 0 0 0
1220422500 0 0 0 0
1220422200 0 0 0 0
1220421900 0 0 0 0
1220421600 0 0 0 0
1220421300 0 0 0 0
1220421000 0 0 0 0
1220420700 0 0 0 0
1220420400 0 0 0 0
1220420100 0 0 0 0
1220419800 0 0 0 0
1220419500 0 0 0 0
1220419200 0 0 0 0
1220418900 0 0 0 0
1220418600 0 0 0 0
1220418300 0 0 0 0
1220418000 0 0 0 0
1220417700 0 0 0 0
1220417400 0 0 0 0
1220417100 0 0 0 0
1220416800 0 0 0 0
1220416500 0 0 0 0
1220416200 0 0 0 0
1220415900 0 0 0 0
1220415600 0 0 0 0
1220415300 0 0 0 0
1220415000 0 0 0 0
1220414700 0 0 0 0
1220414400 0 0 0 0
1220414100 0 0 0 0
1220413800 0 0 0 0
1220413500 0 0 0 0
1220413200 0 0 0 0
1220412900 0 0 0 0
1220412600 0 0 0 0
1220412300 0 0 0 0
1220412000 0 0 0 0
1220411700 0 0 0 0
1220411400 0 0 0 0
1220411100 0 0 0 0
1220410800 0 0 0 0
1220410500 0 0 0 0
1220410200 0 0 0 0
1220409900 0 0 0 0
1220409600 0 0 0 0
1220409300 0 0 0 0
1220409000 0 0 0 0
1220408700 0 0 0 0
1220408400 0 0 0 0
1220408100 0 0 0 0
1220407800 0 0 0 0
1220407500 0 0 0 0
1220407200 0 0 0 0
1220406900 0 0 0 0
1220406600 0 0 0 0
1220406300 0 0 0 0
1220406000 0 0 0 0
1220405700 0 0 0 0
1220405400 0 0 0 0
1220405100 0 0 0 0
1220404800 0 0 0 0
1220404500 0 0 0 0
1220404200 0 0 0 0
1220403900 0 0 0 0
1220403600 0 0 0 0
1220403300 0 0 0 0
1220403000 0 0 0 0
1220402700 0 0 0 0
1220402400 0 0 0 0
1220402100 0 0 0 0
1220401800 0 0 0 0
1220401500 0 0 0 0
1220401200 0 0 0 0
1220400900 0 0 0 0
1220400600 0 0 0 0
1220400300 0 0 0 0
1220400000 0 0 0 0
1220399700 0 0 0 0
1220399400 0 0 0 0
1220399100 0 0 0 0
1220398800 0 0 0 0
1220398500 0 0 0 0
1220398200 0 0 0 0
1220397900 0 0 0 0
1220397600 0 0 0 0
1220397300 0 0 0 0
1220397000 0 0 0 0
1220396700 0 0 0 0
1220396400 0 0 0 0
1220396100 0 0 0 0
1220395800 0 0 0 0
1220395500 0 0 0 0
1220395200 0 0 0 0
1220394900 0 0 0 0
1220394600 0 0 0 0
1220394300 0 0 0 0
1220394000 0 0 0 0
1220393700 0 0 0 0
1220393400 0 0 0 0
1220393100 0 0 0 0
1220392800 0 0 0 0
1220392500 0 0 0 0
1220392200 0 0 0 0
1220391900 0 0 0 0
1220391600 0 0 0 0
1220391300 0 0 0 0
1220391000 0 0 0 0
1220390700 0 0 0 0
1220390400 0 0 0 0
1220390100 0 0 0 0
1220389800 0 0 0 0
1220389500 0 0 0 0
1220389200 0 0 0 0
1220388900 0 0 0 0
1220388600 0 0 0 0
1220388300 0 0 0 0
1220388000 0 0 0 0
1220387700 0 0 0 0
1220387400 0 0 0 0
1220387100 0 0 0 0
1220386800 0 0 0 0
1220386500 0 0 0 0
1220386200 0 0 0 0
1220385900 0 0 0 0
1220385600 0 0 0 0
1220385300 0 0 0 0
1220385000 0 0 0 0
1220384700 0 0 0 0
1220384400 0 0 0 0
1220384100 0 0 0 0
1220383800 0 0 0 0
1220383500 0 0 0 0
1220383200 0 0 0 0
1220382900 0 0 0 0
1220382600 0 0 0 0
1220382300 0 0 0 0
1220382000 0 0 0 0
1220381700 0 0 0 0
1220381400 0 0 0 0
1220381100 0 0 0 0
1220380800 0 0 0 0
1220380500 0 0 0 0
1220380200 0 0 0 0
1220379900 0 0 0 0
1220379600 0 0 0 0
1220379300 0 0 0 0
1220379000 0 0 0 0
1220378700 0 0 0 0
1220378400 0 0 0 0
1220378100 0 0 0 0
1220377800 0 0 0 0
1220377500 0 0 0 0
1220377200 0 0 0 0
1220376900 0 0 0 0
1220376600 0 0 0 0
1220376300 0 0 0 0
1220376000 0 0 0 0
1220375700 0 0 0 0
1220375400 0 0 0 0
1220375100 0 0 0 0
1220374800 0 0 0 0
1220374500 0 0 0 0
1220374200 0 0 0 0
1220373900 0 0 0 0
1220373600 0 0 0 0
1220373300 0 0 0 0
1220373000 0 0 0 0
1220372700 0 0 0 0
1220372400 0 0 0 0
1220372100 0 0 0 0
1220371800 0 0 0 0
1220371500 0 0 0 0
1220371200 0 0 0 0
1220370900 0 0 0 0
1220370600 0 0 0 0
1220370300 0 0 0 0
1220370000 0 0 0 0
1220369700 0 0 0 0
1220369400 0 0 0 0
1220369100 0 0 0 0
1220368800 0 0 0 0
1220368500 0 0 0 0
1220368200 0 0 0 0
1220367900 0 0 0 0
1220367600 0 0 0 0
1220367300 0 0 0 0
1220367000 0 0 0 0
1220366700 0 0 0 0
1220366400 0 0 0 0
1220366100 0 0 0 0
1220365800 0 0 0 0
1220365500 0 0 0 0
1220365200 0 0 0 0
1220364900 0 0 0 0
1220364600 0 0 0 0
1220364300 0 0 0 0
1220364000 0 0 0 0
1220363700 0 0 0 0
1220363400 0 0 0 0
1220363100 0 0 0 0
1220362800 0 0 0 0
1220362500 0 0 0 0
1220362200 0 0 0 0
1220361900 0 0 0 0
1220361600 0 0 0 0
1220361300 0 0 0 0
1220361000 0 0 0 0
1220360700 0 0 0 0
1220360400 0 0 0 0
1220360100 0 0 0 0
1220359800 0 0 0 0
1220359500 0 0 0 0
1220359200 0 0 0 0
1220358900 0 0 0 0
1220358600 0 0 0 0
1220358300 0 0 0 0
1220356800 0 0 0 0
1220355000 0 0 0 0
1220353200 0 0 0 0
1220351400 0 0 0 0
1220349600 0 0 0 0
1220347800 0 0 0 0
1220346000 0 0 0 0
1220344200 0 0 0 0
1220342400 0 0 0 0
1220340600 0 0 0 0
1220338800 0 0 0 0
1220337000 0 0 0 0
1220335200 0 0 0 0
1220333400 0 0 0 0
1220331600 0 0 0 0
1220329800 0 0 0 0
1220328000 0 0 0 0
1220326200 0 0 0 0
1220324400 0 0 0 0
1220322600 0 0 0 0
1220320800 0 0 0 0
1220319000 0 0 0 0
1220317200 0 0 0 0
1220315400 0 0 0 0
1220313600 0 0 0 0
1220311800 0 0 0 0
1220310000 0 0 0 0
1220308200 0 0 0 0
1220306400 0 0 0 0
1220304600 0 0 0 0
1220302800 0 0 0 0
1220301000 0 0 0 0
1220299200 0 0 0 0
1220297400 0 0 0 0
1220295600 0 0 0 0
1220293800 0 0 0 0
1220292000 0 0 0 0
1220290200 0 0 0 0
1220288400 0 0 0 0
1220286600 0 0 0 0
1220284800 0 0 0 0
1220283000 0 0 0 0
1220281200 0 0 0 0
1220279400 0 0 0 0
1220277600 0 0 0 0
1220275800 0 0 0 0
1220274000 0 0 0 0
1220272200 0 0 0 0
1220270400 0 0 0 0
1220268600 0 0 0 0
1220266800 0 0 0 0
1220265000 0 0 0 0
1220263200 0 0 0 0
1220261400 0 0 0 0
1220259600 0 0 0 0
1220257800 0 0 0 0
1220256000 0 0 0 0
1220254200 0 0 0 0
1220252400 0 0 0 0
1220250600 0 0 0 0
1220248800 0 0 0 0
1220247000 0 0 0 0
1220245200 0 0 0 0
1220243400 0 0 0 0
1220241600 0 0 0 0
1220239800 0 0 0 0
1220238000 0 0 0 0
1220236200 0 0 0 0
1220234400 0 0 0 0
1220232600 0 0 0 0
1220230800 0 0 0 0
1220229000 0 0 0 0
1220227200 0 0 0 0
1220225400 0 0 0 0
1220223600 0 0 0 0
1220221800 0 0 0 0
1220220000 0 0 0 0
1220218200 0 0 0 0
1220216400 0 0 0 0
1220214600 0 0 0 0
1220212800 0 0 0 0
1220211000 0 0 0 0
1220209200 0 0 0 0
1220207400 0 0 0 0
1220205600 0 0 0 0
1220203800 0 0 0 0
1220202000 0 0 0 0
1220200200 0 0 0 0
1220198400 0 0 0 0
1220196600 0 0 0 0
1220194800 0 0 0 0
1220193000 0 0 0 0
1220191200 0 0 0 0
1220189400 0 0 0 0
1220187600 0 0 0 0
1220185800 0 0 0 0
1220184000 0 0 0 0
1220182200 0 0 0 0
1220180400 0 0 0 0
1220178600 0 0 0 0
1220176800 0 0 0 0
1220175000 0 0 0 0
1220173200 0 0 0 0
1220171400 0 0 0 0
1220169600 0 0 0 0
1220167800 0 0 0 0
1220166000 0 0 0 0
1220164200 0 0 0 0
1220162400 0 0 0 0
1220160600 0 0 0 0
1220158800 0 0 0 0
1220157000 0 0 0 0
1220155200 0 0 0 0
1220153400 0 0 0 0
1220151600 0 0 0 0
1220149800 0 0 0 0
1220148000 0 0 0 0
1220146200 0 0 0 0
1220144400 0 0 0 0
1220142600 0 0 0 0
1220140800 0 0 0 0
1220139000 0 0 0 0
1220137200 0 0 0 0
1220135400 0 0 0 0
1220133600 0 0 0 0
1220131800 0 0 0 0
1220130000 0 0 0 0
1220128200 0 0 0 0
1220126400 0 0 0 0
1220124600 0 0 0 0
1220122800 0 0 0 0
1220121000 0 0 0 0
1220119200 0 0 0 0
1220117400 0 0 0 0
1220115600 0 0 0 0
1220113800 0 0 0 0
1220112000 0 0 0 0
1220110200 0 0 0 0
1220108400 0 0 0 0
1220106600 0 0 0 0
1220104800 0 0 0 0
1220103000 0 0 0 0
1220101200 0 0 0 0
1220099400 0 0 0 0
1220097600 0 0 0 0
1220095800 0 0 0 0
1220094000 0 0 0 0
1220092200 0 0 0 0
1220090400 0 0 0 0
1220088600 0 0 0 0
1220086800 0 0 0 0
1220085000 0 0 0 0
1220083200 0 0 0 0
1220081400 0 0 0 0
1220079600 0 0 0 0
1220077800 0 0 0 0
1220076000 0 0 0 0
1220074200 0 0 0 0
1220072400 0 0 0 0
1220070600 0 0 0 0
1220068800 0 0 0 0
1220067000 0 0 0 0
1220065200 0 0 0 0
1220063400 0 0 0 0
1220061600 0 0 0 0
1220059800 0 0 0 0
1220058000 0 0 0 0
1220056200 0 0 0 0
1220054400 0 0 0 0
1220052600 0 0 0 0
1220050800 0 0 0 0
1220049000 0 0 0 0
1220047200 0 0 0 0
1220045400 0 0 0 0
1220043600 0 0 0 0
1220041800 0 0 0 0
1220040000 0 0 0 0
1220038200 0 0 0 0
1220036400 0 0 0 0
1220034600 0 0 0 0
1220032800 0 0 0 0
1220031000 0 0 0 0
1220029200 0 0 0 0
1220027400 0 0 0 0
1220025600 0 0 0 0
1220023800 0 0 0 0
1220022000 0 0 0 0
1220020200 0 0 0 0
1220018400 0 0 0 0
1220016600 0 0 0 0
1220014800 0 0 0 0
1220013000 0 0 0 0
1220011200 0 0 0 0
1220009400 0 0 0 0
1220007600 0 0 0 0
1220005800 0 0 0 0
1220004000 0 0 0 0
1220002200 0 0 0 0
1220000400 0 0 0 0
1219998600 0 0 0 0
1219996800 0 0 0 0
1219995000 0 0 0 0
1219993200 0 0 0 0
1219991400 0 0 0 0
1219989600 0 0 0 0
1219987800 0 0 0 0
1219986000 0 0 0 0
1219984200 0 0 0 0
1219982400 0 0 0 0
1219980600 0 0 0 0
1219978800 0 0 0 0
1219977000 0 0 0 0
1219975200 0 0 0 0
1219973400 0 0 0 0
1219971600 0 0 0 0
1219969800 0 0 0 0
1219968000 0 0 0 0
1219966200 0 0 0 0
1219964400 0 0 0 0
1219962600 0 0 0 0
1219960800 0 0 0 0
1219959000 0 0 0 0
1219957200 0 0 0 0
1219955400 0 0 0 0
1219953600 0 0 0 0
1219951800 0 0 0 0
1219950000 0 0 0 0
1219948200 0 0 0 0
1219946400 0 0 0 0
1219944600 0 0 0 0
1219942800 0 0 0 0
1219941000 0 0 0 0
1219939200 0 0 0 0
1219937400 0 0 0 0
1219935600 0 0 0 0
1219933800 0 0 0 0
1219932000 0 0 0 0
1219930200 0 0 0 0
1219928400 0 0 0 0
1219926600 0 0 0 0
1219924800 0 0 0 0
1219923000 0 0 0 0
1219921200 0 0 0 0
1219919400 0 0 0 0
1219917600 0 0 0 0
1219915800 0 0 0 0
1219914000 0 0 0 0
1219912200 0 0 0 0
1219910400 0 0 0 0
1219908600 0 0 0 0
1219906800 0 0 0 0
1219905000 0 0 0 0
1219903200 0 0 0 0
1219901400 0 0 0 0
1219899600 0 0 0 0
1219897800 0 0 0 0
1219896000 0 0 0 0
1219894200 0 0 0 0
1219892400 0 0 0 0
1219890600 0 0 0 0
1219888800 0 0 0 0
1219887000 0 0 0 0
1219885200 0 0 0 0
1219883400 0 0 0 0
1219881600 0 0 0 0
1219879800 0 0 0 0
1219878000 0 0 0 0
1219876200 0 0 0 0
1219874400 0 0 0 0
1219872600 0 0 0 0
1219870800 0 0 0 0
1219869000 0 0 0 0
1219867200 0 0 0 0
1219865400 0 0 0 0
1219863600 0 0 0 0
1219861800 0 0 0 0
1219860000 0 0 0 0
1219858200 0 0 0 0
1219856400 0 0 0 0
1219854600 0 0 0 0
1219852800 0 0 0 0
1219851000 0 0 0 0
1219849200 0 0 0 0
1219847400 0 0 0 0
1219845600 0 0 0 0
1219843800 0 0 0 0
1219842000 0 0 0 0
1219840200 0 0 0 0
1219838400 0 0 0 0
1219836600 0 0 0 0
1219834800 0 0 0 0
1219833000 0 0 0 0
1219831200 0 0 0 0
1219829400 0 0 0 0
1219827600 0 0 0 0
1219825800 0 0 0 0
1219824000 0 0 0 0
1219822200 0 0 0 0
1219820400 0 0 0 0
1219818600 0 0 0 0
1219816800 0 0 0 0
1219815000 0 0 0 0
1219813200 0 0 0 0
1219811400 0 0 0 0
1219809600 0 0 0 0
1219807800 0 0 0 0
1219806000 0 0 0 0
1219804200 0 0 0 0
1219802400 0 0 0 0
1219800600 0 0 0 0
1219798800 0 0 0 0
1219797000 0 0 0 0
1219795200 0 0 0 0
1219793400 0 0 0 0
1219791600 0 0 0 0
1219789800 0 0 0 0
1219788000 0 0 0 0
1219786200 0 0 0 0
1219784400 0 0 0 0
1219782600 0 0 0 0
1219780800 0 0 0 0
1219779000 0 0 0 0
1219777200 0 0 0 0
1219775400 0 0 0 0
1219773600 0 0 0 0
1219771800 0 0 0 0
1219770000 0 0 0 0
1219768200 0 0 0 0
1219766400 0 0 0 0
1219764600 0 0 0 0
1219762800 0 0 0 0
1219761000 0 0 0 0
1219759200 0 0 0 0
1219757400 0 0 0 0
1219755600 0 0 0 0
1219753800 0 0 0 0
1219752000 0 0 0 0
1219750200 0 0 0 0
1219748400 0 0 0 0
1219746600 0 0 0 0
1219744800 0 0 0 0
1219743000 0 0 0 0
1219741200 0 0 0 0
1219739400 0 0 0 0
1219737600 0 0 0 0
1219735800 0 0 0 0
1219734000 0 0 0 0
1219732200 0 0 0 0
1219730400 0 0 0 0
1219728600 0 0 0 0
1219726800 0 0 0 0
1219725000 0 0 0 0
1219723200 0 0 0 0
1219721400 0 0 0 0
1219719600 0 0 0 0
1219717800 0 0 0 0
1219716000 0 0 0 0
1219714200 0 0 0 0
1219712400 0 0 0 0
1219710600 0 0 0 0
1219708800 0 0 0 0
1219707000 0 0 0 0
1219705200 0 0 0 0
1219703400 0 0 0 0
1219701600 0 0 0 0
1219699800 0 0 0 0
1219698000 0 0 0 0
1219696200 0 0 0 0
1219694400 0 0 0 0
1219692600 0 0 0 0
1219690800 0 0 0 0
1219689000 0 0 0 0
1219687200 0 0 0 0
1219685400 0 0 0 0
1219683600 0 0 0 0
1219681800 0 0 0 0
1219680000 0 0 0 0
1219678200 0 0 0 0
1219676400 0 0 0 0
1219674600 0 0 0 0
1219672800 0 0 0 0
1219671000 0 0 0 0
1219669200 0 0 0 0
1219667400 0 0 0 0
1219665600 0 0 0 0
1219663800 0 0 0 0
1219662000 0 0 0 0
1219660200 0 0 0 0
1219658400 0 0 0 0
1219656600 0 0 0 0
1219654800 0 0 0 0
1219653000 0 0 0 0
1219651200 0 0 0 0
1219649400 0 0 0 0
1219647600 0 0 0 0
1219645800 0 0 0 0
1219644000 0 0 0 0
1219642200 0 0 0 0
1219640400 0 0 0 0
1219638600 0 0 0 0
1219636800 0 0 0 0
1219635000 0 0 0 0
1219633200 0 0 0 0
1219631400 0 0 0 0
1219629600 0 0 0 0
1219627800 0 0 0 0
1219626000 0 0 0 0
1219624200 0 0 0 0
1219622400 0 0 0 0
1219620600 0 0 0 0
1219618800 0 0 0 0
1219617000 0 0 0 0
1219615200 0 0 0 0
1219613400 0 0 0 0
1219611600 0 0 0 0
1219609800 0 0 0 0
1219608000 0 0 0 0
1219606200 0 0 0 0
1219604400 0 0 0 0
1219602600 0 0 0 0
1219600800 0 0 0 0
1219599000 0 0 0 0
1219597200 0 0 0 0
1219595400 0 0 0 0
1219593600 0 0 0 0
1219591800 0 0 0 0
1219590000 0 0 0 0
1219588200 0 0 0 0
1219586400 0 0 0 0
1219584600 0 0 0 0
1219582800 0 0 0 0
1219581000 0 0 0 0
1219579200 0 0 0 0
1219577400 0 0 0 0
1219575600 0 0 0 0
1219573800 0 0 0 0
1219572000 0 0 0 0
1219570200 0 0 0 0
1219568400 0 0 0 0
1219566600 0 0 0 0
1219564800 0 0 0 0
1219563000 0 0 0 0
1219561200 0 0 0 0
1219559400 0 0 0 0
1219557600 0 0 0 0
1219555800 0 0 0 0
1219554000 0 0 0 0
1219552200 0 0 0 0
1219550400 0 0 0 0
1219548600 0 0 0 0
1219546800 0 0 0 0
1219545000 0 0 0 0
1219543200 0 0 0 0
1219541400 0 0 0 0
1219539600 0 0 0 0
1219537800 0 0 0 0
1219536000 0 0 0 0
1219534200 0 0 0 0
1219532400 0 0 0 0
1219530600 0 0 0 0
1219528800 0 0 0 0
1219527000 0 0 0 0
1219525200 0 0 0 0
1219523400 0 0 0 0
1219521600 0 0 0 0
1219519800 0 0 0 0
1219518000 0 0 0 0
1219516200 0 0 0 0
1219514400 0 0 0 0
1219512600 0 0 0 0
1219510800 0 0 0 0
1219509000 0 0 0 0
1219507200 0 0 0 0
1219505400 0 0 0 0
1219503600 0 0 0 0
1219501800 0 0 0 0
1219500000 0 0 0 0
1219498200 0 0 0 0
1219496400 0 0 0 0
1219494600 0 0 0 0
1219492800 0 0 0 0
1219491000 0 0 0 0
1219489200 0 0 0 0
1219487400 0 0 0 0
1219485600 0 0 0 0
1219483800 0 0 0 0
1219482000 0 0 0 0
1219480200 0 0 0 0
1219478400 0 0 0 0
1219476600 0 0 0 0
1219474800 0 0 0 0
1219473000 0 0 0 0
1219471200 0 0 0 0
1219469400 0 0 0 0
1219467600 0 0 0 0
1219465800 0 0 0 0
1219464000 0 0 0 0
1219462200 0 0 0 0
1219460400 0 0 0 0
1219458600 0 0 0 0
1219456800 0 0 0 0
1219455000 0 0 0 0
1219453200 0 0 0 0
1219451400 0 0 0 0
1219449600 0 0 0 0
1219447800 0 0 0 0
1219446000 0 0 0 0
1219444200 0 0 0 0
1219442400 0 0 0 0
1219440600 0 0 0 0
1219438800 0 0 0 0
1219437000 0 0 0 0
1219435200 0 0 0 0
1219433400 0 0 0 0
1219431600 0 0 0 0
1219429800 0 0 0 0
1219428000 0 0 0 0
1219426200 0 0 0 0
1219424400 0 0 0 0
1219422600 0 0 0 0
1219420800 0 0 0 0
1219419000 0 0 0 0
1219417200 0 0 0 0
1219415400 0 0 0 0
1219413600 0 0 0 0
1219411800 0 0 0 0
1219410000 0 0 0 0
1219408200 0 0 0 0
1219406400 0 0 0 0
1219404600 0 0 0 0
1219402800 0 0 0 0
1219401000 0 0 0 0
1219399200 0 0 0 0
1219397400 0 0 0 0
1219395600 0 0 0 0
1219393800 0 0 0 0
1219392000 0 0 0 0
1219390200 0 0 0 0
1219388400 0 0 0 0
1219386600 0 0 0 0
1219384800 0 0 0 0
1219383000 0 0 0 0
1219381200 0 0 0 0
1219379400 0 0 0 0
1219377600 0 0 0 0
1219375800 0 0 0 0
1219374000 0 0 0 0
1219372200 0 0 0 0
1219370400 0 0 0 0
1219368600 0 0 0 0
1219366800 0 0 0 0
1219365000 0 0 0 0
1219363200 0 0 0 0
1219361400 0 0 0 0
1219359600 0 0 0 0
1219357800 0 0 0 0
1219356000 0 0 0 0
1219354200 0 0 0 0
1219352400 0 0 0 0
1219350600 0 0 0 0
1219348800 0 0 0 0
1219347000 0 0 0 0
1219345200 0 0 0 0
1219343400 0 0 0 0
1219341600 0 0 0 0
1219339800 0 0 0 0
1219338000 0 0 0 0
1219336200 0 0 0 0
1219334400 0 0 0 0
1219332600 0 0 0 0
1219330800 0 0 0 0
1219329000 0 0 0 0
1219327200 0 0 0 0
1219325400 0 0 0 0
1219323600 0 0 0 0
1219321800 0 0 0 0
1219320000 0 0 0 0
1219318200 0 0 0 0
1219316400 0 0 0 0
1219314600 0 0 0 0
1219312800 0 0 0 0
1219311000 0 0 0 0
1219309200 0 0 0 0
1219307400 0 0 0 0
1219305600 0 0 0 0
1219303800 0 0 0 0
1219302000 0 0 0 0
1219300200 0 0 0 0
1219298400 0 0 0 0
1219296600 0 0 0 0
1219294800 0 0 0 0
1219293000 0 0 0 0
1219291200 0 0 0 0
1219289400 0 0 0 0
1219287600 0 0 0 0
1219285800 0 0 0 0
1219284000 0 0 0 0
1219282200 0 0 0 0
1219280400 0 0 0 0
1219278600 0 0 0 0
1219276800 0 0 0 0
1219269600 0 0 0 0
1219262400 0 0 0 0
1219255200 0 0 0 0
1219248000 0 0 0 0
1219240800 0 0 0 0
1219233600 0 0 0 0
1219226400 0 0 0 0
1219219200 0 0 0 0
1219212000 0 0 0 0
1219204800 0 0 0 0
1219197600 0 0 0 0
1219190400 0 0 0 0
1219183200 0 0 0 0
1219176000 0 0 0 0
1219168800 0 0 0 0
1219161600 0 0 0 0
1219154400 0 0 0 0
1219147200 0 0 0 0
1219140000 0 0 0 0
1219132800 0 0 0 0
1219125600 0 0 0 0
1219118400 0 0 0 0
1219111200 0 0 0 0
1219104000 0 0 0 0
1219096800 0 0 0 0
1219089600 0 0 0 0
1219082400 0 0 0 0
1219075200 0 0 0 0
1219068000 0 0 0 0
1219060800 0 0 0 0
1219053600 0 0 0 0
1219046400 0 0 0 0
1219039200 0 0 0 0
1219032000 0 0 0 0
1219024800 0 0 0 0
1219017600 0 0 0 0
1219010400 0 0 0 0
1219003200 0 0 0 0
1218996000 0 0 0 0
1218988800 0 0 0 0
1218981600 0 0 0 0
1218974400 0 0 0 0
1218967200 0 0 0 0
1218960000 0 0 0 0
1218952800 0 0 0 0
1218945600 0 0 0 0
1218938400 0 0 0 0
1218931200 0 0 0 0
1218924000 0 0 0 0
1218916800 0 0 0 0
1218909600 0 0 0 0
1218902400 0 0 0 0
1218895200 0 0 0 0
1218888000 0 0 0 0
1218880800 0 0 0 0
1218873600 0 0 0 0
1218866400 0 0 0 0
1218859200 0 0 0 0
1218852000 0 0 0 0
1218844800 0 0 0 0
1218837600 0 0 0 0
1218830400 0 0 0 0
1218823200 0 0 0 0
1218816000 0 0 0 0
1218808800 0 0 0 0
1218801600 0 0 0 0
1218794400 0 0 0 0
1218787200 0 0 0 0
1218780000 0 0 0 0
1218772800 0 0 0 0
1218765600 0 0 0 0
1218758400 0 0 0 0
1218751200 0 0 0 0
1218744000 0 0 0 0
1218736800 0 0 0 0
1218729600 0 0 0 0
1218722400 0 0 0 0
1218715200 0 0 0 0
1218708000 0 0 0 0
1218700800 0 0 0 0
1218693600 0 0 0 0
1218686400 0 0 0 0
1218679200 0 0 0 0
1218672000 0 0 0 0
1218664800 0 0 0 0
1218657600 0 0 0 0
1218650400 0 0 0 0
1218643200 0 0 0 0
1218636000 0 0 0 0
1218628800 0 0 0 0
1218621600 0 0 0 0
1218614400 0 0 0 0
1218607200 0 0 0 0
1218600000 0 0 0 0
1218592800 0 0 0 0
1218585600 0 0 0 0
1218578400 0 0 0 0
1218571200 0 0 0 0
1218564000 0 0 0 0
1218556800 0 0 0 0
1218549600 0 0 0 0
1218542400 0 0 0 0
1218535200 0 0 0 0
1218528000 0 0 0 0
1218520800 0 0 0 0
1218513600 0 0 0 0
1218506400 0 0 0 0
1218499200 0 0 0 0
1218492000 0 0 0 0
1218484800 0 0 0 0
1218477600 0 0 0 0
1218470400 0 0 0 0
1218463200 0 0 0 0
1218456000 0 0 0 0
1218448800 0 0 0 0
1218441600 0 0 0 0
1218434400 0 0 0 0
1218427200 0 0 0 0
1218420000 0 0 0 0
1218412800 0 0 0 0
1218405600 0 0 0 0
1218398400 0 0 0 0
1218391200 0 0 0 0
1218384000 0 0 0 0
1218376800 0 0 0 0
1218369600 0 0 0 0
1218362400 0 0 0 0
1218355200 0 0 0 0
1218348000 0 0 0 0
1218340800 0 0 0 0
1218333600 0 0 0 0
1218326400 0 0 0 0
1218319200 0 0 0 0
1218312000 0 0 0 0
1218304800 0 0 0 0
1218297600 0 0 0 0
1218290400 0 0 0 0
1218283200 0 0 0 0
1218276000 0 0 0 0
1218268800 0 0 0 0
1218261600 0 0 0 0
1218254400 0 0 0 0
1218247200 0 0 0 0
1218240000 0 0 0 0
1218232800 0 0 0 0
1218225600 0 0 0 0
1218218400 0 0 0 0
1218211200 0 0 0 0
1218204000 0 0 0 0
1218196800 0 0 0 0
1218189600 0 0 0 0
1218182400 0 0 0 0
1218175200 0 0 0 0
1218168000 0 0 0 0
1218160800 0 0 0 0
1218153600 0 0 0 0
1218146400 0 0 0 0
1218139200 0 0 0 0
1218132000 0 0 0 0
1218124800 0 0 0 0
1218117600 0 0 0 0
1218110400 0 0 0 0
1218103200 0 0 0 0
1218096000 0 0 0 0
1218088800 0 0 0 0
1218081600 0 0 0 0
1218074400 0 0 0 0
1218067200 0 0 0 0
1218060000 0 0 0 0
1218052800 0 0 0 0
1218045600 0 0 0 0
1218038400 0 0 0 0
1218031200 0 0 0 0
1218024000 0 0 0 0
1218016800 0 0 0 0
1218009600 0 0 0 0
1218002400 0 0 0 0
1217995200 0 0 0 0
1217988000 0 0 0 0
1217980800 0 0 0 0
1217973600 0 0 0 0
1217966400 0 0 0 0
1217959200 0 0 0 0
1217952000 0 0 0 0
1217944800 0 0 0 0
1217937600 0 0 0 0
1217930400 0 0 0 0
1217923200 0 0 0 0
1217916000 0 0 0 0
1217908800 0 0 0 0
1217901600 0 0 0 0
1217894400 0 0 0 0
1217887200 0 0 0 0
1217880000 0 0 0 0
1217872800 0 0 0 0
1217865600 0 0 0 0
1217858400 0 0 0 0
1217851200 0 0 0 0
1217844000 0 0 0 0
1217836800 0 0 0 0
1217829600 0 0 0 0
1217822400 0 0 0 0
1217815200 0 0 0 0
1217808000 0 0 0 0
1217800800 0 0 0 0
1217793600 0 0 0 0
1217786400 0 0 0 0
1217779200 0 0 0 0
1217772000 0 0 0 0
1217764800 0 0 0 0
1217757600 0 0 0 0
1217750400 0 0 0 0
1217743200 0 0 0 0
1217736000 0 0 0 0
1217728800 0 0 0 0
1217721600 0 0 0 0
1217714400 0 0 0 0
1217707200 0 0 0 0
1217700000 0 0 0 0
1217692800 0 0 0 0
1217685600 0 0 0 0
1217678400 0 0 0 0
1217671200 0 0 0 0
1217664000 0 0 0 0
1217656800 0 0 0 0
1217649600 0 0 0 0
1217642400 0 0 0 0
1217635200 0 0 0 0
1217628000 0 0 0 0
1217620800 0 0 0 0
1217613600 0 0 0 0
1217606400 0 0 0 0
1217599200 0 0 0 0
1217592000 0 0 0 0
1217584800 0 0 0 0
1217577600 0 0 0 0
1217570400 0 0 0 0
1217563200 0 0 0 0
1217556000 0 0 0 0
1217548800 0 0 0 0
1217541600 0 0 0 0
1217534400 0 0 0 0
1217527200 0 0 0 0
1217520000 0 0 0 0
1217512800 0 0 0 0
1217505600 0 0 0 0
1217498400 0 0 0 0
1217491200 0 0 0 0
1217484000 0 0 0 0
1217476800 0 0 0 0
1217469600 0 0 0 0
1217462400 0 0 0 0
1217455200 0 0 0 0
1217448000 0 0 0 0
1217440800 0 0 0 0
1217433600 0 0 0 0
1217426400 0 0 0 0
1217419200 0 0 0 0
1217412000 0 0 0 0
1217404800 0 0 0 0
1217397600 0 0 0 0
1217390400 0 0 0 0
1217383200 0 0 0 0
1217376000 0 0 0 0
1217368800 0 0 0 0
1217361600 0 0 0 0
1217354400 0 0 0 0
1217347200 0 0 0 0
1217340000 0 0 0 0
1217332800 0 0 0 0
1217325600 0 0 0 0
1217318400 0 0 0 0
1217311200 0 0 0 0
1217304000 0 0 0 0
1217296800 0 0 0 0
1217289600 0 0 0 0
1217282400 0 0 0 0
1217275200 0 0 0 0
1217268000 0 0 0 0
1217260800 0 0 0 0
1217253600 0 0 0 0
1217246400 0 0 0 0
1217239200 0 0 0 0
1217232000 0 0 0 0
1217224800 0 0 0 0
1217217600 0 0 0 0
1217210400 0 0 0 0
1217203200 0 0 0 0
1217196000 0 0 0 0
1217188800 0 0 0 0
1217181600 0 0 0 0
1217174400 0 0 0 0
1217167200 0 0 0 0
1217160000 0 0 0 0
1217152800 0 0 0 0
1217145600 0 0 0 0
1217138400 0 0 0 0
1217131200 0 0 0 0
1217124000 0 0 0 0
1217116800 0 0 0 0
1217109600 0 0 0 0
1217102400 0 0 0 0
1217095200 0 0 0 0
1217088000 0 0 0 0
1217080800 0 0 0 0
1217073600 0 0 0 0
1217066400 0 0 0 0
1217059200 0 0 0 0
1217052000 0 0 0 0
1217044800 0 0 0 0
1217037600 0 0 0 0
1217030400 0 0 0 0
1217023200 0 0 0 0
1217016000 0 0 0 0
1217008800 0 0 0 0
1217001600 0 0 0 0
1216994400 0 0 0 0
1216987200 0 0 0 0
1216980000 0 0 0 0
1216972800 0 0 0 0
1216965600 0 0 0 0
1216958400 0 0 0 0
1216951200 0 0 0 0
1216944000 0 0 0 0
1216936800 0 0 0 0
1216929600 0 0 0 0
1216922400 0 0 0 0
1216915200 0 0 0 0
1216908000 0 0 0 0
1216900800 0 0 0 0
1216893600 0 0 0 0
1216886400 0 0 0 0
1216879200 0 0 0 0
1216872000 0 0 0 0
1216864800 0 0 0 0
1216857600 0 0 0 0
1216850400 0 0 0 0
1216843200 0 0 0 0
1216836000 0 0 0 0
1216828800 0 0 0 0
1216821600 0 0 0 0
1216814400 0 0 0 0
1216807200 0 0 0 0
1216800000 0 0 0 0
1216792800 0 0 0 0
1216785600 0 0 0 0
1216778400 0 0 0 0
1216771200 0 0 0 0
1216764000 0 0 0 0
1216756800 0 0 0 0
1216749600 0 0 0 0
1216742400 0 0 0 0
1216735200 0 0 0 0
1216728000 0 0 0 0
1216720800 0 0 0 0
1216713600 0 0 0 0
1216706400 0 0 0 0
1216699200 0 0 0 0
1216692000 0 0 0 0
1216684800 0 0 0 0
1216677600 0 0 0 0
1216670400 0 0 0 0
1216663200 0 0 0 0
1216656000 0 0 0 0
1216648800 0 0 0 0
1216641600 0 0 0 0
1216634400 0 0 0 0
1216627200 0 0 0 0
1216620000 0 0 0 0
1216612800 0 0 0 0
1216605600 0 0 0 0
1216598400 0 0 0 0
1216591200 0 0 0 0
1216584000 0 0 0 0
1216576800 0 0 0 0
1216569600 0 0 0 0
1216562400 0 0 0 0
1216555200 0 0 0 0
1216548000 0 0 0 0
1216540800 0 0 0 0
1216533600 0 0 0 0
1216526400 0 0 0 0
1216519200 0 0 0 0
1216512000 0 0 0 0
1216504800 0 0 0 0
1216497600 0 0 0 0
1216490400 0 0 0 0
1216483200 0 0 0 0
1216476000 0 0 0 0
1216468800 0 0 0 0
1216461600 0 0 0 0
1216454400 0 0 0 0
1216447200 0 0 0 0
1216440000 0 0 0 0
1216432800 0 0 0 0
1216425600 0 0 0 0
1216418400 0 0 0 0
1216411200 0 0 0 0
1216404000 0 0 0 0
1216396800 0 0 0 0
1216389600 0 0 0 0
1216382400 0 0 0 0
1216375200 0 0 0 0
1216368000 0 0 0 0
1216360800 0 0 0 0
1216353600 0 0 0 0
1216346400 0 0 0 0
1216339200 0 0 0 0
1216332000 0 0 0 0
1216324800 0 0 0 0
1216317600 0 0 0 0
1216310400 0 0 0 0
1216303200 0 0 0 0
1216296000 0 0 0 0
1216288800 0 0 0 0
1216281600 0 0 0 0
1216274400 0 0 0 0
1216267200 0 0 0 0
1216260000 0 0 0 0
1216252800 0 0 0 0
1216245600 0 0 0 0
1216238400 0 0 0 0
1216231200 0 0 0 0
1216224000 0 0 0 0
1216216800 0 0 0 0
1216209600 0 0 0 0
1216202400 0 0 0 0
1216195200 0 0 0 0
1216188000 0 0 0 0
1216180800 0 0 0 0
1216173600 0 0 0 0
1216166400 0 0 0 0
1216159200 0 0 0 0
1216152000 0 0 0 0
1216144800 0 0 0 0
1216137600 0 0 0 0
1216130400 0 0 0 0
1216123200 0 0 0 0
1216116000 0 0 0 0
1216108800 0 0 0 0
1216101600 0 0 0 0
1216094400 0 0 0 0
1216087200 0 0 0 0
1216080000 0 0 0 0
1216072800 0 0 0 0
1216065600 0 0 0 0
1216058400 0 0 0 0
1216051200 0 0 0 0
1216044000 0 0 0 0
1216036800 0 0 0 0
1216029600 0 0 0 0
1216022400 0 0 0 0
1216015200 0 0 0 0
1216008000 0 0 0 0
1216000800 0 0 0 0
1215993600 0 0 0 0
1215986400 0 0 0 0
1215979200 0 0 0 0
1215972000 0 0 0 0
1215964800 0 0 0 0
1215957600 0 0 0 0
1215950400 0 0 0 0
1215943200 0 0 0 0
1215936000 0 0 0 0
1215928800 0 0 0 0
1215921600 0 0 0 0
1215914400 0 0 0 0
1215907200 0 0 0 0
1215900000 0 0 0 0
1215892800 0 0 0 0
1215885600 0 0 0 0
1215878400 0 0 0 0
1215871200 0 0 0 0
1215864000 0 0 0 0
1215856800 0 0 0 0
1215849600 0 0 0 0
1215842400 0 0 0 0
1215835200 0 0 0 0
1215828000 0 0 0 0
1215820800 0 0 0 0
1215813600 0 0 0 0
1215806400 0 0 0 0
1215799200 0 0 0 0
1215792000 0 0 0 0
1215784800 0 0 0 0
1215777600 0 0 0 0
1215770400 0 0 0 0
1215763200 0 0 0 0
1215756000 0 0 0 0
1215748800 0 0 0 0
1215741600 0 0 0 0
1215734400 0 0 0 0
1215727200 0 0 0 0
1215720000 0 0 0 0
1215712800 0 0 0 0
1215705600 0 0 0 0
1215698400 0 0 0 0
1215691200 0 0 0 0
1215684000 0 0 0 0
1215676800 0 0 0 0
1215669600 0 0 0 0
1215662400 0 0 0 0
1215655200 0 0 0 0
1215648000 0 0 0 0
1215640800 0 0 0 0
1215633600 0 0 0 0
1215626400 0 0 0 0
1215619200 0 0 0 0
1215612000 0 0 0 0
1215604800 0 0 0 0
1215597600 0 0 0 0
1215590400 0 0 0 0
1215583200 0 0 0 0
1215576000 0 0 0 0
1215568800 0 0 0 0
1215561600 0 0 0 0
1215554400 0 0 0 0
1215547200 0 0 0 0
1215540000 0 0 0 0
1215532800 0 0 0 0
1215525600 0 0 0 0
1215518400 0 0 0 0
1215511200 0 0 0 0
1215504000 0 0 0 0
1215496800 0 0 0 0
1215489600 0 0 0 0
1215482400 0 0 0 0
1215475200 0 0 0 0
1215468000 0 0 0 0
1215460800 0 0 0 0
1215453600 0 0 0 0
1215446400 0 0 0 0
1215439200 0 0 0 0
1215432000 0 0 0 0
1215424800 0 0 0 0
1215417600 0 0 0 0
1215410400 0 0 0 0
1215403200 0 0 0 0
1215396000 0 0 0 0
1215388800 0 0 0 0
1215381600 0 0 0 0
1215374400 0 0 0 0
1215367200 0 0 0 0
1215360000 0 0 0 0
1215352800 0 0 0 0
1215345600 0 0 0 0
1215338400 0 0 0 0
1215331200 0 0 0 0
1215324000 0 0 0 0
1215316800 0 0 0 0
1215309600 0 0 0 0
1215302400 0 0 0 0
1215295200 0 0 0 0
1215288000 0 0 0 0
1215280800 0 0 0 0
1215273600 0 0 0 0
1215266400 0 0 0 0
1215259200 0 0 0 0
1215252000 0 0 0 0
1215244800 0 0 0 0
1215237600 0 0 0 0
1215230400 0 0 0 0
1215223200 0 0 0 0
1215216000 0 0 0 0
1215208800 0 0 0 0
1215201600 0 0 0 0
1215194400 0 0 0 0
1215187200 0 0 0 0
1215180000 0 0 0 0
1215172800 0 0 0 0
1215165600 0 0 0 0
1215158400 0 0 0 0
1215151200 0 0 0 0
1215144000 0 0 0 0
1215136800 0 0 0 0
1215129600 0 0 0 0
1215122400 0 0 0 0
1215115200 0 0 0 0
1215108000 0 0 0 0
1215100800 0 0 0 0
1215093600 0 0 0 0
1215086400 0 0 0 0
1215079200 0 0 0 0
1215072000 0 0 0 0
1215064800 0 0 0 0
1215057600 0 0 0 0
1215050400 0 0 0 0
1215043200 0 0 0 0
1215036000 0 0 0 0
1215028800 0 0 0 0
1215021600 0 0 0 0
1215014400 0 0 0 0
1215007200 0 0 0 0
1215000000 0 0 0 0
1214992800 0 0 0 0
1214985600 0 0 0 0
1214978400 0 0 0 0
1214971200 0 0 0 0
1214964000 0 0 0 0
1214956800 0 0 0 0
1214870400 0 0 0 0
1214784000 0 0 0 0
1214697600 0 0 0 0
1214611200 0 0 0 0
1214524800 0 0 0 0
1214438400 0 0 0 0
1214352000 0 0 0 0
1214265600 0 0 0 0
1214179200 0 0 0 0
1214092800 0 0 0 0
1214006400 0 0 0 0
1213920000 0 0 0 0
1213833600 0 0 0 0
1213747200 0 0 0 0
1213660800 0 0 0 0
1213574400 0 0 0 0
1213488000 0 0 0 0
1213401600 0 0 0 0
1213315200 0 0 0 0
1213228800 0 0 0 0
1213142400 0 0 0 0
1213056000 0 0 0 0
1212969600 0 0 0 0
1212883200 0 0 0 0
1212796800 0 0 0 0
1212710400 0 0 0 0
1212624000 0 0 0 0
1212537600 0 0 0 0
1212451200 0 0 0 0
1212364800 0 0 0 0
1212278400 0 0 0 0
1212192000 0 0 0 0
1212105600 0 0 0 0
1212019200 0 0 0 0
1211932800 0 0 0 0
1211846400 0 0 0 0
1211760000 0 0 0 0
1211673600 0 0 0 0
1211587200 0 0 0 0
1211500800 0 0 0 0
1211414400 0 0 0 0
1211328000 0 0 0 0
1211241600 0 0 0 0
1211155200 0 0 0 0
1211068800 0 0 0 0
1210982400 0 0 0 0
1210896000 0 0 0 0
1210809600 0 0 0 0
1210723200 0 0 0 0
1210636800 0 0 0 0
1210550400 0 0 0 0
1210464000 0 0 0 0
1210377600 0 0 0 0
1210291200 0 0 0 0
1210204800 0 0 0 0
1210118400 0 0 0 0
1210032000 0 0 0 0
1209945600 0 0 0 0
1209859200 0 0 0 0
1209772800 0 0 0 0
1209686400 0 0 0 0
1209600000 0 0 0 0
1209513600 0 0 0 0
1209427200 0 0 0 0
1209340800 0 0 0 0
1209254400 0 0 0 0
1209168000 0 0 0 0
1209081600 0 0 0 0
1208995200 0 0 0 0
1208908800 0 0 0 0
1208822400 0 0 0 0
1208736000 0 0 0 0
1208649600 0 0 0 0
1208563200 0 0 0 0
1208476800 0 0 0 0
1208390400 0 0 0 0
1208304000 0 0 0 0
1208217600 0 0 0 0
1208131200 0 0 0 0
1208044800 0 0 0 0
1207958400 0 0 0 0
1207872000 0 0 0 0
1207785600 0 0 0 0
1207699200 0 0 0 0
1207612800 0 0 0 0
1207526400 0 0 0 0
1207440000 0 0 0 0
1207353600 0 0 0 0
1207267200 0 0 0 0
1207180800 0 0 0 0
1207094400 0 0 0 0
1207008000 0 0 0 0
1206921600 0 0 0 0
1206835200 0 0 0 0
1206748800 0 0 0 0
1206662400 0 0 0 0
1206576000 0 0 0 0
1206489600 0 0 0 0
1206403200 0 0 0 0
1206316800 0 0 0 0
1206230400 0 0 0 0
1206144000 0 0 0 0
1206057600 0 0 0 0
1205971200 0 0 0 0
1205884800 0 0 0 0
1205798400 0 0 0 0
1205712000 0 0 0 0
1205625600 0 0 0 0
1205539200 0 0 0 0
1205452800 0 0 0 0
1205366400 0 0 0 0
1205280000 0 0 0 0
1205193600 0 0 0 0
1205107200 0 0 0 0
1205020800 0 0 0 0
1204934400 0 0 0 0
1204848000 0 0 0 0
1204761600 0 0 0 0
1204675200 0 0 0 0
1204588800 0 0 0 0
1204502400 0 0 0 0
1204416000 0 0 0 0
1204329600 0 0 0 0
1204243200 0 0 0 0
1204156800 0 0 0 0
1204070400 0 0 0 0
1203984000 0 0 0 0
1203897600 0 0 0 0
1203811200 0 0 0 0
1203724800 0 0 0 0
1203638400 0 0 0 0
1203552000 0 0 0 0
1203465600 0 0 0 0
1203379200 0 0 0 0
1203292800 0 0 0 0
1203206400 0 0 0 0
1203120000 0 0 0 0
1203033600 0 0 0 0
1202947200 0 0 0 0
1202860800 0 0 0 0
1202774400 0 0 0 0
1202688000 0 0 0 0
1202601600 0 0 0 0
1202515200 0 0 0 0
1202428800 0 0 0 0
1202342400 0 0 0 0
1202256000 0 0 0 0
1202169600 0 0 0 0
1202083200 0 0 0 0
1201996800 0 0 0 0
1201910400 0 0 0 0
1201824000 0 0 0 0
1201737600 0 0 0 0
1201651200 0 0 0 0
1201564800 0 0 0 0
1201478400 0 0 0 0
1201392000 0 0 0 0
1201305600 0 0 0 0
1201219200 0 0 0 0
1201132800 0 0 0 0
1201046400 0 0 0 0
1200960000 0 0 0 0
1200873600 0 0 0 0
1200787200 0 0 0 0
1200700800 0 0 0 0
1200614400 0 0 0 0
1200528000 0 0 0 0
1200441600 0 0 0 0
1200355200 0 0 0 0
1200268800 0 0 0 0
1200182400 0 0 0 0
1200096000 0 0 0 0
1200009600 0 0 0 0
1199923200 0 0 0 0
1199836800 0 0 0 0
1199750400 0 0 0 0
1199664000 0 0 0 0
1199577600 0 0 0 0
1199491200 0 0 0 0
1199404800 0 0 0 0
1199318400 0 0 0 0
1199232000 0 0 0 0
1199145600 0 0 0 0
1199059200 0 0 0 0
1198972800 0 0 0 0
1198886400 0 0 0 0
1198800000 0 0 0 0
1198713600 0 0 0 0
1198627200 0 0 0 0
1198540800 0 0 0 0
1198454400 0 0 0 0
1198368000 0 0 0 0
1198281600 0 0 0 0
1198195200 0 0 0 0
1198108800 0 0 0 0
1198022400 0 0 0 0
1197936000 0 0 0 0
1197849600 0 0 0 0
1197763200 0 0 0 0
1197676800 0 0 0 0
1197590400 0 0 0 0
1197504000 0 0 0 0
1197417600 0 0 0 0
1197331200 0 0 0 0
1197244800 0 0 0 0
1197158400 0 0 0 0
1197072000 0 0 0 0
1196985600 0 0 0 0
1196899200 0 0 0 0
1196812800 0 0 0 0
1196726400 0 0 0 0
1196640000 0 0 0 0
1196553600 0 0 0 0
1196467200 0 0 0 0
1196380800 0 0 0 0
1196294400 0 0 0 0
1196208000 0 0 0 0
1196121600 0 0 0 0
1196035200 0 0 0 0
1195948800 0 0 0 0
1195862400 0 0 0 0
1195776000 0 0 0 0
1195689600 0 0 0 0
1195603200 0 0 0 0
1195516800 0 0 0 0
1195430400 0 0 0 0
1195344000 0 0 0 0
1195257600 0 0 0 0
1195171200 0 0 0 0
1195084800 0 0 0 0
1194998400 0 0 0 0
1194912000 0 0 0 0
1194825600 0 0 0 0
1194739200 0 0 0 0
1194652800 0 0 0 0
1194566400 0 0 0 0
1194480000 0 0 0 0
1194393600 0 0 0 0
1194307200 0 0 0 0
1194220800 0 0 0 0
1194134400 0 0 0 0
1194048000 0 0 0 0
1193961600 0 0 0 0
1193875200 0 0 0 0
1193788800 0 0 0 0
1193702400 0 0 0 0
1193616000 0 0 0 0
1193529600 0 0 0 0
1193443200 0 0 0 0
1193356800 0 0 0 0
1193270400 0 0 0 0
1193184000 0 0 0 0
1193097600 0 0 0 0
1193011200 0 0 0 0
1192924800 0 0 0 0
1192838400 0 0 0 0
1192752000 0 0 0 0
1192665600 0 0 0 0
1192579200 0 0 0 0
1192492800 0 0 0 0
1192406400 0 0 0 0
1192320000 0 0 0 0
1192233600 0 0 0 0
1192147200 0 0 0 0
1192060800 0 0 0 0
1191974400 0 0 0 0
1191888000 0 0 0 0
1191801600 0 0 0 0
1191715200 0 0 0 0
1191628800 0 0 0 0
1191542400 0 0 0 0
1191456000 0 0 0 0
1191369600 0 0 0 0
1191283200 0 0 0 0
1191196800 0 0 0 0
1191110400 0 0 0 0
1191024000 0 0 0 0
1190937600 0 0 0 0
1190851200 0 0 0 0
1190764800 0 0 0 0
1190678400 0 0 0 0
1190592000 0 0 0 0
1190505600 0 0 0 0
1190419200 0 0 0 0
1190332800 0 0 0 0
1190246400 0 0 0 0
1190160000 0 0 0 0
1190073600 0 0 0 0
1189987200 0 0 0 0
1189900800 0 0 0 0
1189814400 0 0 0 0
1189728000 0 0 0 0
1189641600 0 0 0 0
1189555200 0 0 0 0
1189468800 0 0 0 0
1189382400 0 0 0 0
1189296000 0 0 0 0
1189209600 0 0 0 0
1189123200 0 0 0 0
1189036800 0 0 0 0
1188950400 0 0 0 0
1188864000 0 0 0 0
1188777600 0 0 0 0
1188691200 0 0 0 0
1188604800 0 0 0 0
1188518400 0 0 0 0
1188432000 0 0 0 0
1188345600 0 0 0 0
1188259200 0 0 0 0
1188172800 0 0 0 0
1188086400 0 0 0 0
1188000000 0 0 0 0
1187913600 0 0 0 0
1187827200 0 0 0 0
1187740800 0 0 0 0
1187654400 0 0 0 0
1187568000 0 0 0 0
1187481600 0 0 0 0
1187395200 0 0 0 0
1187308800 0 0 0 0
1187222400 0 0 0 0
1187136000 0 0 0 0
1187049600 0 0 0 0
1186963200 0 0 0 0
1186876800 0 0 0 0
1186790400 0 0 0 0
1186704000 0 0 0 0
1186617600 0 0 0 0
1186531200 0 0 0 0
1186444800 0 0 0 0
1186358400 0 0 0 0
1186272000 0 0 0 0
1186185600 0 0 0 0
1186099200 0 0 0 0
1186012800 0 0 0 0
1185926400 0 0 0 0
1185840000 0 0 0 0
1185753600 0 0 0 0
1185667200 0 0 0 0
1185580800 0 0 0 0
1185494400 0 0 0 0
1185408000 0 0 0 0
1185321600 0 0 0 0
1185235200 0 0 0 0
1185148800 0 0 0 0
1185062400 0 0 0 0
1184976000 0 0 0 0
1184889600 0 0 0 0
1184803200 0 0 0 0
1184716800 0 0 0 0
1184630400 0 0 0 0
1184544000 0 0 0 0
1184457600 0 0 0 0
1184371200 0 0 0 0
1184284800 0 0 0 0
1184198400 0 0 0 0
1184112000 0 0 0 0
1184025600 0 0 0 0
1183939200 0 0 0 0
1183852800 0 0 0 0
1183766400 0 0 0 0
1183680000 0 0 0 0
1183593600 0 0 0 0
1183507200 0 0 0 0
1183420800 0 0 0 0
1183334400 0 0 0 0
1183248000 0 0 0 0
1183161600 0 0 0 0
1183075200 0 0 0 0
1182988800 0 0 0 0
1182902400 0 0 0 0
1182816000 0 0 0 0
1182729600 0 0 0 0
1182643200 0 0 0 0
1182556800 0 0 0 0
1182470400 0 0 0 0
1182384000 0 0 0 0
1182297600 0 0 0 0
1182211200 0 0 0 0
1182124800 0 0 0 0
1182038400 0 0 0 0
1181952000 0 0 0 0
1181865600 0 0 0 0
1181779200 0 0 0 0
1181692800 0 0 0 0
1181606400 0 0 0 0
1181520000 0 0 0 0
1181433600 0 0 0 0
1181347200 0 0 0 0
1181260800 0 0 0 0
1181174400 0 0 0 0
1181088000 0 0 0 0
1181001600 0 0 0 0
1180915200 0 0 0 0
1180828800 0 0 0 0
1180742400 0 0 0 0
1180656000 0 0 0 0
1180569600 0 0 0 0
1180483200 0 0 0 0
1180396800 0 0 0 0
1180310400 0 0 0 0
1180224000 0 0 0 0
1180137600 0 0 0 0
1180051200 0 0 0 0
1179964800 0 0 0 0
1179878400 0 0 0 0
1179792000 0 0 0 0
1179705600 0 0 0 0
1179619200 0 0 0 0
1179532800 0 0 0 0
1179446400 0 0 0 0
1179360000 0 0 0 0
1179273600 0 0 0 0
1179187200 0 0 0 0
1179100800 0 0 0 0
1179014400 0 0 0 0
1178928000 0 0 0 0
1178841600 0 0 0 0
1178755200 0 0 0 0
1178668800 0 0 0 0
1178582400 0 0 0 0
1178496000 0 0 0 0
1178409600 0 0 0 0
1178323200 0 0 0 0
1178236800 0 0 0 0
1178150400 0 0 0 0
1178064000 0 0 0 0
1177977600 0 0 0 0
1177891200 0 0 0 0
1177804800 0 0 0 0
1177718400 0 0 0 0
1177632000 0 0 0 0
1177545600 0 0 0 0
1177459200 0 0 0 0
1177372800 0 0 0 0
1177286400 0 0 0 0
1177200000 0 0 0 0
1177113600 0 0 0 0
1177027200 0 0 0 0
1176940800 0 0 0 0
1176854400 0 0 0 0
1176768000 0 0 0 0
1176681600 0 0 0 0
1176595200 0 0 0 0
1176508800 0 0 0 0
1176422400 0 0 0 0
1176336000 0 0 0 0
1176249600 0 0 0 0
1176163200 0 0 0 0
1176076800 0 0 0 0
1175990400 0 0 0 0
1175904000 0 0 0 0
1175817600 0 0 0 0
1175731200 0 0 0 0
1175644800 0 0 0 0
1175558400 0 0 0 0
1175472000 0 0 0 0
1175385600 0 0 0 0
1175299200 0 0 0 0
1175212800 0 0 0 0
1175126400 0 0 0 0
1175040000 0 0 0 0
1174953600 0 0 0 0
1174867200 0 0 0 0
1174780800 0 0 0 0
1174694400 0 0 0 0
1174608000 0 0 0 0
1174521600 0 0 0 0
1174435200 0 0 0 0
1174348800 0 0 0 0
1174262400 0 0 0 0
1174176000 0 0 0 0
1174089600 0 0 0 0
1174003200 0 0 0 0
1173916800 0 0 0 0
1173830400 0 0 0 0
1173744000 0 0 0 0
1173657600 0 0 0 0
1173571200 0 0 0 0
1173484800 0 0 0 0
1173398400 0 0 0 0
1173312000 0 0 0 0
1173225600 0 0 0 0
1173139200 0 0 0 0
1173052800 0 0 0 0
1172966400 0 0 0 0
1172880000 0 0 0 0
1172793600 0 0 0 0
1172707200 0 0 0 0
1172620800 0 0 0 0
1172534400 0 0 0 0
1172448000 0 0 0 0
1172361600 0 0 0 0
1172275200 0 0 0 0
1172188800 0 0 0 0
1172102400 0 0 0 0
1172016000 0 0 0 0
1171929600 0 0 0 0
1171843200 0 0 0 0
1171756800 0 0 0 0
1171670400 0 0 0 0
1171584000 0 0 0 0
1171497600 0 0 0 0
1171411200 0 0 0 0
1171324800 0 0 0 0
1171238400 0 0 0 0
1171152000 0 0 0 0
1171065600 0 0 0 0
1170979200 0 0 0 0
1170892800 0 0 0 0
1170806400 0 0 0 0
1170720000 0 0 0 0
1170633600 0 0 0 0
1170547200 0 0 0 0
1170460800 0 0 0 0
1170374400 0 0 0 0
1170288000 0 0 0 0
1170201600 0 0 0 0
1170115200 0 0 0 0
1170028800 0 0 0 0
1169942400 0 0 0 0
1169856000 0 0 0 0
1169769600 0 0 0 0
1169683200 0 0 0 0
1169596800 0 0 0 0
1169510400 0 0 0 0
1169424000 0 0 0 0
1169337600 0 0 0 0
1169251200 0 0 0 0
1169164800 0 0 0 0
1169078400 0 0 0 0
1168992000 0 0 0 0
1168905600 0 0 0 0
1168819200 0 0 0 0
1168732800 0 0 0 0
1168646400 0 0 0 0
1168560000 0 0 0 0
1168473600 0 0 0 0
1168387200 0 0 0 0
1168300800 0 0 0 0
1168214400 0 0 0 0
1168128000 0 0 0 0
1168041600 0 0 0 0
1167955200 0 0 0 0
1167868800 0 0 0 0
1167782400 0 0 0 0
1167696000 0 0 0 0
1167609600 0 0 0 0
1167523200 0 0 0 0
1167436800 0 0 0 0
1167350400 0 0 0 0
1167264000 0 0 0 0
1167177600 0 0 0 0
1167091200 0 0 0 0
1167004800 0 0 0 0
1166918400 0 0 0 0
1166832000 0 0 0 0
1166745600 0 0 0 0
1166659200 0 0 0 0
1166572800 0 0 0 0
1166486400 0 0 0 0
1166400000 0 0 0 0
1166313600 0 0 0 0
1166227200 0 0 0 0
1166140800 0 0 0 0
1166054400 0 0 0 0
1165968000 0 0 0 0
1165881600 0 0 0 0
1165795200 0 0 0 0
1165708800 0 0 0 0
1165622400 0 0 0 0
1165536000 0 0 0 0
1165449600 0 0 0 0
1165363200 0 0 0 0
1165276800 0 0 0 0
1165190400 0 0 0 0
1165104000 0 0 0 0
1165017600 0 0 0 0
1164931200 0 0 0 0
1164844800 0 0 0 0
1164758400 0 0 0 0
1164672000 0 0 0 0
1164585600 0 0 0 0
1164499200 0 0 0 0
1164412800 0 0 0 0
1164326400 0 0 0 0
1164240000 0 0 0 0
1164153600 0 0 0 0
1164067200 0 0 0 0
1163980800 0 0 0 0
1163894400 0 0 0 0
1163808000 0 0 0 0
1163721600 0 0 0 0
1163635200 0 0 0 0
1163548800 0 0 0 0
1163462400 0 0 0 0
1163376000 0 0 0 0
1163289600 0 0 0 0
1163203200 0 0 0 0
1163116800 0 0 0 0
1163030400 0 0 0 0
1162944000 0 0 0 0
1162857600 0 0 0 0
1162771200 0 0 0 0
1162684800 0 0 0 0
1162598400 0 0 0 0
1162512000 0 0 0 0
1162425600 0 0 0 0
1162339200 0 0 0 0
1162252800 0 0 0 0
1162166400 0 0 0 0
1162080000 0 0 0 0
1161993600 0 0 0 0
1161907200 0 0 0 0
1161820800 0 0 0 0
1161734400 0 0 0 0
1161648000 0 0 0 0
1161561600 0 0 0 0
1161475200 0 0 0 0
1161388800 0 0 0 0
1161302400 0 0 0 0
1161216000 0 0 0 0
1161129600 0 0 0 0
1161043200 0 0 0 0
1160956800 0 0 0 0
1160870400 0 0 0 0
1160784000 0 0 0 0
1160697600 0 0 0 0
1160611200 0 0 0 0
1160524800 0 0 0 0
1160438400 0 0 0 0
1160352000 0 0 0 0
1160265600 0 0 0 0
1160179200 0 0 0 0
1160092800 0 0 0 0
1160006400 0 0 0 0
1159920000 0 0 0 0
1159833600 0 0 0 0
1159747200 0 0 0 0
1159660800 0 0 0 0
1159574400 0 0 0 0
1159488000 0 0 0 0
1159401600 0 0 0 0
1159315200 0 0 0 0
1159228800 0 0 0 0
1159142400 0 0 0 0
1159056000 0 0 0 0
1158969600 0 0 0 0
1158883200 0 0 0 0
1158796800 0 0 0 0
1158710400 0 0 0 0
1158624000 0 0 0 0
1158537600 0 0 0 0
1158451200 0 0 0 0
1158364800 0 0 0 0
1158278400 0 0 0 0
1158192000 0 0 0 0
1158105600 0 0 0 0
1158019200 0 0 0 0
1157932800 0 0 0 0
1157846400 0 0 0 0
1157760000 0 0 0 0
1157673600 0 0 0 0
1157587200 0 0 0 0
1157500800 0 0 0 0
1157414400 0 0 0 0
1157328000 0 0 0 0
1157241600 0 0 0 0
1157155200 0 0 0 0
1157068800 0 0 0 0
1156982400 0 0 0 0
1156896000 0 0 0 0
1156809600 0 0 0 0
1156723200 0 0 0 0
1156636800 0 0 0 0
1156550400 0 0 0 0
1156464000 0 0 0 0
1156377600 0 0 0 0
1156291200 0 0 0 0
1156204800 0 0 0 0
1156118400 0 0 0 0
1156032000 0 0 0 0
1155945600 0 0 0 0
1155859200 0 0 0 0
1155772800 0 0 0 0
1155686400 0 0 0 0
1155600000 0 0 0 0
1155513600 0 0 0 0
1155427200 0 0 0 0
1155340800 0 0 0 0
1155254400 0 0 0 0
1155168000 0 0 0 0
1155081600 0 0 0 0
1154995200 0 0 0 0
1154908800 0 0 0 0
1154822400 0 0 0 0
1154736000 0 0 0 0
1154649600 0 0 0 0
1154563200 0 0 0 0
1154476800 0 0 0 0
1154390400 0 0 0 0
1154304000 0 0 0 0
1154217600 0 0 0 0
1154131200 0 0 0 0
1154044800 0 0 0 0
1153958400 0 0 0 0
1153872000 0 0 0 0
1153785600 0 0 0 0
1153699200 0 0 0 0
1153612800 0 0 0 0
1153526400 0 0 0 0
1153440000 0 0 0 0
1153353600 0 0 0 0
1153267200 0 0 0 0
1153180800 0 0 0 0
1153094400 0 0 0 0
1153008000 0 0 0 0
1152921600 0 0 0 0
1152835200 0 0 0 0
1152748800 0 0 0 0
1152662400 0 0 0 0
1152576000 0 0 0 0
1152489600 0 0 0 0
1152403200 0 0 0 0
1152316800 0 0 0 0
1152230400 0 0 0 0
1152144000 0 0 0 0
1152057600 0 0 0 0
1151971200 0 0 0 0
1151884800 0 0 0 0
1151798400 0 0 0 0
