1377805801 2987314524 951815255
1377805801 0 0 0 0
1377805502 0 0 0 0
1377805500 0 0 0 0
1377805200 0 0 0 0
1377804900 0 0 0 0
1377804600 0 0 0 0
1377804300 0 0 0 0
1377804000 0 0 0 0
1377803700 0 0 0 0
1377803400 0 0 0 0
1377803100 0 0 0 0
1377802800 0 0 0 0
1377802500 0 0 0 0
1377802200 0 0 0 0
1377801900 0 0 0 0
1377801600 0 0 0 0
1377801300 0 0 0 0
1377801000 0 0 0 0
1377800700 0 0 0 0
1377800400 0 0 0 0
1377800100 0 0 0 0
1377799800 0 0 0 0
1377799500 0 0 0 0
1377799200 0 0 0 0
1377798900 0 0 0 0
1377798600 0 0 0 0
1377798300 0 0 0 0
1377798000 0 0 0 0
1377797700 0 0 0 0
1377797400 0 0 0 0
1377797100 0 0 0 0
1377796800 0 0 0 0
1377796500 0 0 0 0
1377796200 0 0 0 0
1377795900 0 0 0 0
1377795600 0 0 0 0
1377795300 0 0 0 0
1377795000 0 0 0 0
1377794700 0 0 0 0
1377794400 0 0 0 0
1377794100 0 0 0 0
1377793800 0 0 0 0
1377793500 0 0 0 0
1377793200 0 0 0 0
1377792900 0 0 0 0
1377792600 0 0 0 0
1377792300 0 0 0 0
1377792000 0 0 0 0
1377791700 0 0 0 0
1377791400 0 0 0 0
1377791100 0 0 0 0
1377790800 0 0 0 0
1377790500 0 0 0 0
1377790200 0 0 0 0
1377789900 0 0 0 0
1377789600 0 0 0 0
1377789300 0 0 0 0
1377789000 0 0 0 0
1377788700 0 0 0 0
1377788400 0 0 0 0
1377788100 0 0 0 0
1377787800 0 0 0 0
1377787500 0 0 0 0
1377787200 0 0 0 0
1377786900 0 0 0 0
1377786600 0 0 0 0
1377786300 0 0 0 0
1377786000 0 0 0 0
1377785700 0 0 0 0
1377785400 0 0 0 0
1377785100 0 0 0 0
1377784800 0 0 0 0
1377784500 0 0 0 0
1377784200 0 0 0 0
1377783900 0 0 0 0
1377783600 0 0 0 0
1377783300 0 0 0 0
1377783000 0 0 0 0
1377782700 0 0 0 0
1377782400 0 0 0 0
1377782100 0 0 0 0
1377781800 0 0 0 0
1377781500 0 0 0 0
1377781200 0 0 0 0
1377780900 0 0 0 0
1377780600 0 0 0 0
1377780300 0 0 0 0
1377780000 0 0 0 0
1377779700 0 0 0 0
1377779400 0 0 0 0
1377779100 0 0 0 0
1377778800 0 0 0 0
1377778500 0 0 0 0
1377778200 0 0 0 0
1377777900 0 0 0 0
1377777600 0 0 0 0
1377777300 0 0 0 0
1377777000 0 0 0 0
1377776700 0 0 0 0
1377776400 0 0 0 0
1377776100 0 0 0 0
1377775800 0 0 0 0
1377775500 0 0 0 0
1377775200 0 0 0 0
1377774900 0 0 0 0
1377774600 0 0 0 0
1377774300 0 0 0 0
1377774000 0 0 0 0
1377773700 0 0 0 0
1377773400 0 0 0 0
1377773100 0 0 0 0
1377772800 0 0 0 0
1377772500 0 0 0 0
1377772200 0 0 0 0
1377771900 0 0 0 0
1377771600 0 0 0 0
1377771300 0 0 0 0
1377771000 0 0 0 0
1377770700 0 0 0 0
1377770400 0 0 0 0
1377770100 0 0 0 0
1377769800 0 0 0 0
1377769500 0 0 0 0
1377769200 0 0 0 0
1377768900 0 0 0 0
1377768600 0 0 0 0
1377768300 0 0 0 0
1377768000 0 0 0 0
1377767700 0 0 0 0
1377767400 0 0 0 0
1377767100 0 0 0 0
1377766800 0 0 0 0
1377766500 0 0 0 0
1377766200 0 0 0 0
1377765900 0 0 0 0
1377765600 0 0 0 0
1377765300 0 0 0 0
1377765000 0 0 0 0
1377764700 0 0 0 0
1377764400 0 0 0 0
1377764100 0 0 0 0
1377763800 0 0 0 0
1377763500 0 0 0 0
1377763200 0 0 0 0
1377762900 0 0 0 0
1377762600 0 0 0 0
1377762300 0 0 0 0
1377762000 0 0 0 0
1377761700 0 0 0 0
1377761400 0 0 0 0
1377761100 0 0 0 0
1377760800 0 0 0 0
1377760500 0 0 0 0
1377760200 0 0 0 0
1377759900 0 0 0 0
1377759600 0 0 0 0
1377759300 0 0 0 0
1377759000 0 0 0 0
1377758700 0 0 0 0
1377758400 0 0 0 0
1377758100 0 0 0 0
1377757800 0 0 0 0
1377757500 0 0 0 0
1377757200 0 0 0 0
1377756900 0 0 0 0
1377756600 0 0 0 0
1377756300 0 0 0 0
1377756000 0 0 0 0
1377755700 0 0 0 0
1377755400 0 0 0 0
1377755100 0 0 0 0
1377754800 0 0 0 0
1377754500 0 0 0 0
1377754200 0 0 0 0
1377753900 0 0 0 0
1377753600 0 0 0 0
1377753300 0 0 0 0
1377753000 0 0 0 0
1377752700 0 0 0 0
1377752400 0 0 0 0
1377752100 0 0 0 0
1377751800 0 0 0 0
1377751500 0 0 0 0
1377751200 0 0 0 0
1377750900 0 0 0 0
1377750600 0 0 0 0
1377750300 0 0 0 0
1377750000 0 0 0 0
1377749700 0 0 0 0
1377749400 0 0 0 0
1377749100 0 0 0 0
1377748800 0 0 0 0
1377748500 0 0 0 0
1377748200 0 0 0 0
1377747900 0 0 0 0
1377747600 0 0 0 0
1377747300 0 0 0 0
1377747000 0 0 0 0
1377746700 0 0 0 0
1377746400 0 0 0 0
1377746100 0 0 0 0
1377745800 0 0 0 0
1377745500 0 0 0 0
1377745200 0 0 0 0
1377744900 0 0 0 0
1377744600 0 0 0 0
1377744300 0 0 0 0
1377744000 0 0 0 0
1377743700 0 0 0 0
1377743400 0 0 0 0
1377743100 0 0 0 0
1377742800 0 0 0 0
1377742500 0 0 0 0
1377742200 0 0 0 0
1377741900 0 0 0 0
1377741600 0 0 0 0
1377741300 0 0 0 0
1377741000 0 0 0 0
1377740700 0 0 0 0
1377740400 0 0 0 0
1377740100 0 0 0 0
1377739800 0 0 0 0
1377739500 0 0 0 0
1377739200 0 0 0 0
1377738900 0 0 0 0
1377738600 0 0 0 0
1377738300 0 0 0 0
1377738000 0 0 0 0
1377737700 0 0 0 0
1377737400 0 0 0 0
1377737100 0 0 0 0
1377736800 0 0 0 0
1377736500 0 0 0 0
1377736200 0 0 0 0
1377735900 0 0 0 0
1377735600 0 0 0 0
1377735300 0 0 0 0
1377735000 0 0 0 0
1377734700 0 0 0 0
1377734400 0 0 0 0
1377734100 0 0 0 0
1377733800 0 0 0 0
1377733500 0 0 0 0
1377733200 0 0 0 0
1377732900 0 0 0 0
1377732600 0 0 0 0
1377732300 0 0 0 0
1377732000 0 0 0 0
1377731700 0 0 0 0
1377731400 0 0 0 0
1377731100 0 0 0 0
1377730800 0 0 0 0
1377730500 0 0 0 0
1377730200 0 0 0 0
1377729900 0 0 0 0
1377729600 0 0 0 0
1377729300 0 0 0 0
1377729000 0 0 0 0
1377728700 0 0 0 0
1377728400 0 0 0 0
1377728100 0 0 0 0
1377727800 0 0 0 0
1377727500 0 0 0 0
1377727200 0 0 0 0
1377726900 0 0 0 0
1377726600 0 0 0 0
1377726300 0 0 0 0
1377726000 0 0 0 0
1377725700 0 0 0 0
1377725400 0 0 0 0
1377725100 0 0 0 0
1377724800 0 0 0 0
1377724500 0 0 0 0
1377724200 0 0 0 0
1377723900 0 0 0 0
1377723600 0 0 0 0
1377723300 0 0 0 0
1377723000 0 0 0 0
1377722700 0 0 0 0
1377722400 0 0 0 0
1377722100 0 0 0 0
1377721800 0 0 0 0
1377721500 0 0 0 0
1377721200 0 0 0 0
1377720900 0 0 0 0
1377720600 0 0 0 0
1377720300 0 0 0 0
1377720000 0 0 0 0
1377719700 0 0 0 0
1377719400 0 0 0 0
1377719100 0 0 0 0
1377718800 0 0 0 0
1377718500 0 0 0 0
1377718200 0 0 0 0
1377717900 0 0 0 0
1377717600 0 0 0 0
1377717300 0 0 0 0
1377717000 0 0 0 0
1377716700 0 0 0 0
1377716400 0 0 0 0
1377716100 0 0 0 0
1377715800 0 0 0 0
1377715500 0 0 0 0
1377715200 0 0 0 0
1377714900 0 0 0 0
1377714600 0 0 0 0
1377714300 0 0 0 0
1377714000 0 0 0 0
1377713700 0 0 0 0
1377713400 0 0 0 0
1377713100 0 0 0 0
1377712800 0 0 0 0
1377712500 0 0 0 0
1377712200 0 0 0 0
1377711900 0 0 0 0
1377711600 0 0 0 0
1377711300 0 0 0 0
1377711000 0 0 0 0
1377710700 0 0 0 0
1377710400 0 0 0 0
1377710100 0 0 0 0
1377709800 0 0 0 0
1377709500 0 0 0 0
1377709200 0 0 0 0
1377708900 0 0 0 0
1377708600 0 0 0 0
1377708300 0 0 0 0
1377708000 0 0 0 0
1377707700 0 0 0 0
1377707400 0 0 0 0
1377707100 0 0 0 0
1377706800 0 0 0 0
1377706500 0 0 0 0
1377706200 0 0 0 0
1377705900 0 0 0 0
1377705600 0 0 0 0
1377705300 0 0 0 0
1377705000 0 0 0 0
1377704700 0 0 0 0
1377704400 0 0 0 0
1377704100 0 0 0 0
1377703800 0 0 0 0
1377703500 0 0 0 0
1377703200 0 0 0 0
1377702900 0 0 0 0
1377702600 0 0 0 0
1377702300 0 0 0 0
1377702000 0 0 0 0
1377701700 0 0 0 0
1377701400 0 0 0 0
1377701100 0 0 0 0
1377700800 0 0 0 0
1377700500 0 0 0 0
1377700200 0 0 0 0
1377699900 0 0 0 0
1377699600 0 0 0 0
1377699300 0 0 0 0
1377699000 0 0 0 0
1377698700 0 0 0 0
1377698400 0 0 0 0
1377698100 0 0 0 0
1377697800 0 0 0 0
1377697500 0 0 0 0
1377697200 0 0 0 0
1377696900 0 0 0 0
1377696600 0 0 0 0
1377696300 0 0 0 0
1377696000 0 0 0 0
1377695700 0 0 0 0
1377695400 0 0 0 0
1377695100 0 0 0 0
1377694800 0 0 0 0
1377694500 0 0 0 0
1377694200 0 0 0 0
1377693900 0 0 0 0
1377693600 0 0 0 0
1377693300 0 0 0 0
1377693000 0 0 0 0
1377692700 0 0 0 0
1377692400 0 0 0 0
1377692100 0 0 0 0
1377691800 0 0 0 0
1377691500 0 0 0 0
1377691200 0 0 0 0
1377690900 0 0 0 0
1377690600 0 0 0 0
1377690300 0 0 0 0
1377690000 0 0 0 0
1377689700 0 0 0 0
1377689400 0 0 0 0
1377689100 0 0 0 0
1377688800 0 0 0 0
1377688500 0 0 0 0
1377688200 0 0 0 0
1377687900 0 0 0 0
1377687600 0 0 0 0
1377687300 0 0 0 0
1377687000 0 0 0 0
1377686700 0 0 0 0
1377686400 0 0 0 0
1377686100 0 0 0 0
1377685800 0 0 0 0
1377685500 0 0 0 0
1377685200 0 0 0 0
1377684900 0 0 0 0
1377684600 0 0 0 0
1377684300 0 0 0 0
1377684000 0 0 0 0
1377683700 0 0 0 0
1377683400 0 0 0 0
1377683100 0 0 0 0
1377682800 0 0 0 0
1377682500 0 0 0 0
1377682200 0 0 0 0
1377681900 0 0 0 0
1377681600 0 0 0 0
1377681300 0 0 0 0
1377681000 0 0 0 0
1377680700 0 0 0 0
1377680400 0 0 0 0
1377680100 0 0 0 0
1377679800 0 0 0 0
1377679500 0 0 0 0
1377679200 0 0 0 0
1377678900 0 0 0 0
1377678600 0 0 0 0
1377678300 0 0 0 0
1377678000 0 0 0 0
1377677700 0 0 0 0
1377677400 0 0 0 0
1377677100 0 0 0 0
1377676800 0 0 0 0
1377676500 0 0 0 0
1377676200 0 0 0 0
1377675900 0 0 0 0
1377675600 0 0 0 0
1377675300 0 0 0 0
1377675000 0 0 0 0
1377674700 0 0 0 0
1377674400 0 0 0 0
1377674100 0 0 0 0
1377673800 0 0 0 0
1377673500 0 0 0 0
1377673200 0 0 0 0
1377672900 0 0 0 0
1377672600 0 0 0 0
1377672300 0 0 0 0
1377672000 0 0 0 0
1377671700 0 0 0 0
1377671400 0 0 0 0
1377671100 0 0 0 0
1377670800 0 0 0 0
1377670500 0 0 0 0
1377670200 0 0 0 0
1377669900 0 0 0 0
1377669600 0 0 0 0
1377669300 0 0 0 0
1377669000 0 0 0 0
1377668700 0 0 0 0
1377668400 0 0 0 0
1377668100 0 0 0 0
1377667800 0 0 0 0
1377667500 0 0 0 0
1377667200 0 0 0 0
1377666900 0 0 0 0
1377666600 0 0 0 0
1377666300 0 0 0 0
1377666000 0 0 0 0
1377665700 0 0 0 0
1377665400 0 0 0 0
1377665100 0 0 0 0
1377664800 0 0 0 0
1377664500 0 0 0 0
1377664200 0 0 0 0
1377663900 0 0 0 0
1377663600 0 0 0 0
1377663300 0 0 0 0
1377663000 0 0 0 0
1377662700 0 0 0 0
1377662400 0 0 0 0
1377662100 0 0 0 0
1377661800 0 0 0 0
1377661500 0 0 0 0
1377661200 0 0 0 0
1377660900 0 0 0 0
1377660600 0 0 0 0
1377660300 0 0 0 0
1377660000 0 0 0 0
1377659700 0 0 0 0
1377659400 0 0 0 0
1377659100 0 0 0 0
1377658800 0 0 0 0
1377658500 0 0 0 0
1377658200 0 0 0 0
1377657900 0 0 0 0
1377657600 0 0 0 0
1377657300 0 0 0 0
1377657000 0 0 0 0
1377656700 0 0 0 0
1377656400 0 0 0 0
1377656100 0 0 0 0
1377655800 0 0 0 0
1377655500 0 0 0 0
1377655200 0 0 0 0
1377654900 0 0 0 0
1377654600 0 0 0 0
1377654300 0 0 0 0
1377654000 0 0 0 0
1377653700 0 0 0 0
1377653400 0 0 0 0
1377653100 0 0 0 0
1377652800 0 0 0 0
1377652500 0 0 0 0
1377652200 0 0 0 0
1377651900 0 0 0 0
1377651600 0 0 0 0
1377651300 0 0 0 0
1377651000 0 0 0 0
1377650700 0 0 0 0
1377650400 0 0 0 0
1377650100 0 0 0 0
1377649800 0 0 0 0
1377649500 0 0 0 0
1377649200 0 0 0 0
1377648900 0 0 0 0
1377648600 0 0 0 0
1377648300 0 0 0 0
1377648000 0 0 0 0
1377647700 0 0 0 0
1377647400 0 0 0 0
1377647100 0 0 0 0
1377646800 0 0 0 0
1377646500 0 0 0 0
1377646200 0 0 0 0
1377645900 0 0 0 0
1377645600 0 0 0 0
1377645300 0 0 0 0
1377645000 0 0 0 0
1377644700 0 0 0 0
1377644400 0 0 0 0
1377644100 0 0 0 0
1377643800 0 0 0 0
1377643500 0 0 0 0
1377643200 0 0 0 0
1377642900 0 0 0 0
1377642600 0 0 0 0
1377642300 0 0 0 0
1377642000 0 0 0 0
1377641700 0 0 0 0
1377641400 0 0 0 0
1377641100 0 0 0 0
1377640800 0 0 0 0
1377640500 0 0 0 0
1377640200 0 0 0 0
1377639900 0 0 0 0
1377639600 0 0 0 0
1377639300 0 0 0 0
1377639000 0 0 0 0
1377638700 0 0 0 0
1377638400 0 0 0 0
1377638100 0 0 0 0
1377637800 0 0 0 0
1377637500 0 0 0 0
1377637200 0 0 0 0
1377636900 0 0 0 0
1377636600 0 0 0 0
1377636300 0 0 0 0
1377636000 0 0 0 0
1377635700 0 0 0 0
1377635400 0 0 0 0
1377635100 0 0 0 0
1377634800 0 0 0 0
1377634500 0 0 0 0
1377634200 0 0 0 0
1377633900 0 0 0 0
1377633600 0 0 0 0
1377633300 0 0 0 0
1377633000 0 0 0 0
1377632700 0 0 0 0
1377632400 0 0 0 0
1377632100 0 0 0 0
1377631800 0 0 0 0
1377631500 0 0 0 0
1377631200 0 0 0 0
1377630900 0 0 0 0
1377630600 0 0 0 0
1377630300 0 0 0 0
1377630000 0 0 0 0
1377629700 0 0 0 0
1377629400 0 0 0 0
1377629100 0 0 0 0
1377628800 0 0 0 0
1377628500 0 0 0 0
1377628200 0 0 0 0
1377627900 0 0 0 0
1377627600 0 0 0 0
1377627300 0 0 0 0
1377627000 0 0 0 0
1377626700 0 0 0 0
1377626400 0 0 0 0
1377626100 0 0 0 0
1377625800 0 0 0 0
1377624600 0 0 0 0
1377622800 0 0 0 0
1377621000 0 0 0 0
1377619200 0 0 0 0
1377617400 0 0 0 0
1377615600 0 0 0 0
1377613800 0 0 0 0
1377612000 0 0 0 0
1377610200 0 0 0 0
1377608400 0 0 0 0
1377606600 0 0 0 0
1377604800 0 0 0 0
1377603000 0 0 0 0
1377601200 0 0 0 0
1377599400 0 0 0 0
1377597600 0 0 0 0
1377595800 0 0 0 0
1377594000 0 0 0 0
1377592200 0 0 0 0
1377590400 0 0 0 0
1377588600 0 0 0 0
1377586800 0 0 0 0
1377585000 0 0 0 0
1377583200 0 0 0 0
1377581400 0 0 0 0
1377579600 0 0 0 0
1377577800 0 0 0 0
1377576000 0 0 0 0
1377574200 0 0 0 0
1377572400 0 0 0 0
1377570600 0 0 0 0
1377568800 0 0 0 0
1377567000 0 0 0 0
1377565200 0 0 0 0
1377563400 0 0 0 0
1377561600 0 0 0 0
1377559800 0 0 0 0
1377558000 0 0 0 0
1377556200 0 0 0 0
1377554400 0 0 0 0
1377552600 0 0 0 0
1377550800 0 0 0 0
1377549000 0 0 0 0
1377547200 0 0 0 0
1377545400 0 0 0 0
1377543600 0 0 0 0
1377541800 0 0 0 0
1377540000 0 0 0 0
1377538200 0 0 0 0
1377536400 0 0 0 0
1377534600 0 0 0 0
1377532800 0 0 0 0
1377531000 0 0 0 0
1377529200 0 0 0 0
1377527400 0 0 0 0
1377525600 0 0 0 0
1377523800 0 0 0 0
1377522000 0 0 0 0
1377520200 0 0 0 0
1377518400 0 0 0 0
1377516600 0 0 0 0
1377514800 0 0 0 0
1377513000 0 0 0 0
1377511200 0 0 0 0
1377509400 0 0 0 0
1377507600 0 0 0 0
1377505800 0 0 0 0
1377504000 0 0 0 0
1377502200 0 0 0 0
1377500400 0 0 0 0
1377498600 0 0 0 0
1377496800 0 0 0 0
1377495000 0 0 0 0
1377493200 0 0 0 0
1377491400 0 0 0 0
1377489600 0 0 0 0
1377487800 0 0 0 0
1377486000 0 0 0 0
1377484200 0 0 0 0
1377482400 0 0 0 0
1377480600 0 0 0 0
1377478800 0 0 0 0
1377477000 0 0 0 0
1377475200 0 0 0 0
1377473400 0 0 0 0
1377471600 0 0 0 0
1377469800 0 0 0 0
1377468000 0 0 0 0
1377466200 0 0 0 0
1377464400 0 0 0 0
1377462600 0 0 0 0
1377460800 0 0 0 0
1377459000 0 0 0 0
1377457200 0 0 0 0
1377455400 0 0 0 0
1377453600 0 0 0 0
1377451800 0 0 0 0
1377450000 0 0 0 0
1377448200 0 0 0 0
1377446400 0 0 0 0
1377444600 0 0 0 0
1377442800 0 0 0 0
1377441000 0 0 0 0
1377439200 0 0 0 0
1377437400 0 0 0 0
1377435600 0 0 0 0
1377433800 0 0 0 0
1377432000 0 0 0 0
1377430200 0 0 0 0
1377428400 0 0 0 0
1377426600 0 0 0 0
1377424800 0 0 0 0
1377423000 0 0 0 0
1377421200 0 0 0 0
1377419400 0 0 0 0
1377417600 0 0 0 0
1377415800 0 0 0 0
1377414000 0 0 0 0
1377412200 0 0 0 0
1377410400 0 0 0 0
1377408600 0 0 0 0
1377406800 0 0 0 0
1377405000 0 0 0 0
1377403200 0 0 0 0
1377401400 0 0 0 0
1377399600 0 0 0 0
1377397800 0 0 0 0
1377396000 0 0 0 0
1377394200 0 0 0 0
1377392400 0 0 0 0
1377390600 0 0 0 0
1377388800 0 0 0 0
1377387000 0 0 0 0
1377385200 0 0 0 0
1377383400 0 0 0 0
1377381600 0 0 0 0
1377379800 0 0 0 0
1377378000 0 0 0 0
1377376200 0 0 0 0
1377374400 0 0 0 0
1377372600 0 0 0 0
1377370800 0 0 0 0
1377369000 0 0 0 0
1377367200 0 0 0 0
1377365400 0 0 0 0
1377363600 0 0 0 0
1377361800 0 0 0 0
1377360000 0 0 0 0
1377358200 0 0 0 0
1377356400 0 0 0 0
1377354600 0 0 0 0
1377352800 0 0 0 0
1377351000 0 0 0 0
1377349200 0 0 0 0
1377347400 0 0 0 0
1377345600 0 0 0 0
1377343800 0 0 0 0
1377342000 0 0 0 0
1377340200 0 0 0 0
1377338400 0 0 0 0
1377336600 0 0 0 0
1377334800 0 0 0 0
1377333000 0 0 0 0
1377331200 0 0 0 0
1377329400 0 0 0 0
1377327600 0 0 0 0
1377325800 0 0 0 0
1377324000 0 0 0 0
1377322200 0 0 0 0
1377320400 0 0 0 0
1377318600 0 0 0 0
1377316800 0 0 0 0
1377315000 0 0 0 0
1377313200 0 0 0 0
1377311400 0 0 0 0
1377309600 0 0 0 0
1377307800 0 0 0 0
1377306000 0 0 0 0
1377304200 0 0 0 0
1377302400 0 0 0 0
1377300600 0 0 0 0
1377298800 0 0 0 0
1377297000 0 0 0 0
1377295200 0 0 0 0
1377293400 0 0 0 0
1377291600 0 0 0 0
1377289800 0 0 0 0
1377288000 0 0 0 0
1377286200 0 0 0 0
1377284400 0 0 0 0
1377282600 0 0 0 0
1377280800 0 0 0 0
1377279000 0 0 0 0
1377277200 0 0 0 0
1377275400 0 0 0 0
1377273600 0 0 0 0
1377271800 0 0 0 0
1377270000 0 0 0 0
1377268200 0 0 0 0
1377266400 0 0 0 0
1377264600 0 0 0 0
1377262800 0 0 0 0
1377261000 0 0 0 0
1377259200 0 0 0 0
1377257400 0 0 0 0
1377255600 0 0 0 0
1377253800 0 0 0 0
1377252000 0 0 0 0
1377250200 0 0 0 0
1377248400 0 0 0 0
1377246600 0 0 0 0
1377244800 0 0 0 0
1377243000 0 0 0 0
1377241200 0 0 0 0
1377239400 0 0 0 0
1377237600 0 0 0 0
1377235800 0 0 0 0
1377234000 0 0 0 0
1377232200 0 0 0 0
1377230400 0 0 0 0
1377228600 0 0 0 0
1377226800 0 0 0 0
1377225000 0 0 0 0
1377223200 0 0 0 0
1377221400 0 0 0 0
1377219600 0 0 0 0
1377217800 0 0 0 0
1377216000 0 0 0 0
1377214200 0 0 0 0
1377212400 0 0 0 0
1377210600 0 0 0 0
1377208800 0 0 0 0
1377207000 0 0 0 0
1377205200 0 0 0 0
1377203400 0 0 0 0
1377201600 0 0 0 0
1377199800 0 0 0 0
1377198000 0 0 0 0
1377196200 0 0 0 0
1377194400 0 0 0 0
1377192600 0 0 0 0
1377190800 0 0 0 0
1377189000 0 0 0 0
1377187200 0 0 0 0
1377185400 0 0 0 0
1377183600 0 0 0 0
1377181800 0 0 0 0
1377180000 0 0 0 0
1377178200 0 0 0 0
1377176400 0 0 0 0
1377174600 0 0 0 0
1377172800 0 0 0 0
1377171000 0 0 0 0
1377169200 0 0 0 0
1377167400 0 0 0 0
1377165600 0 0 0 0
1377163800 0 0 0 0
1377162000 0 0 0 0
1377160200 0 0 0 0
1377158400 0 0 0 0
1377156600 0 0 0 0
1377154800 0 0 0 0
1377153000 0 0 0 0
1377151200 0 0 0 0
1377149400 0 0 0 0
1377147600 0 0 0 0
1377145800 0 0 0 0
1377144000 0 0 0 0
1377142200 0 0 0 0
1377140400 0 0 0 0
1377138600 0 0 0 0
1377136800 0 0 0 0
1377135000 0 0 0 0
1377133200 0 0 0 0
1377131400 0 0 0 0
1377129600 0 0 0 0
1377127800 0 0 0 0
1377126000 0 0 0 0
1377124200 0 0 0 0
1377122400 0 0 0 0
1377120600 0 0 0 0
1377118800 0 0 0 0
1377117000 0 0 0 0
1377115200 0 0 0 0
1377113400 0 0 0 0
1377111600 0 0 0 0
1377109800 0 0 0 0
1377108000 0 0 0 0
1377106200 0 0 0 0
1377104400 0 0 0 0
1377102600 0 0 0 0
1377100800 0 0 0 0
1377099000 0 0 0 0
1377097200 0 0 0 0
1377095400 0 0 0 0
1377093600 0 0 0 0
1377091800 0 0 0 0
1377090000 0 0 0 0
1377088200 0 0 0 0
1377086400 0 0 0 0
1377084600 0 0 0 0
1377082800 0 0 0 0
1377081000 0 0 0 0
1377079200 0 0 0 0
1377077400 0 0 0 0
1377075600 0 0 0 0
1377073800 0 0 0 0
1377072000 0 0 0 0
1377070200 0 0 0 0
1377068400 0 0 0 0
1377066600 0 0 0 0
1377064800 0 0 0 0
1377063000 0 0 0 0
1377061200 0 0 0 0
1377059400 0 0 0 0
1377057600 0 0 0 0
1377055800 0 0 0 0
1377054000 0 0 0 0
1377052200 0 0 0 0
1377050400 0 0 0 0
1377048600 0 0 0 0
1377046800 0 0 0 0
1377045000 0 0 0 0
1377043200 0 0 0 0
1377041400 0 0 0 0
1377039600 0 0 0 0
1377037800 0 0 0 0
1377036000 0 0 0 0
1377034200 0 0 0 0
1377032400 0 0 0 0
1377030600 0 0 0 0
1377028800 0 0 0 0
1377027000 0 0 0 0
1377025200 0 0 0 0
1377023400 0 0 0 0
1377021600 0 0 0 0
1377019800 0 0 0 0
1377018000 0 0 0 0
1377016200 0 0 0 0
1377014400 0 0 0 0
1377012600 0 0 0 0
1377010800 0 0 0 0
1377009000 0 0 0 0
1377007200 0 0 0 0
1377005400 0 0 0 0
1377003600 0 0 0 0
1377001800 0 0 0 0
1377000000 0 0 0 0
1376998200 0 0 0 0
1376996400 0 0 0 0
1376994600 0 0 0 0
1376992800 0 0 0 0
1376991000 0 0 0 0
1376989200 0 0 0 0
1376987400 0 0 0 0
1376985600 0 0 0 0
1376983800 0 0 0 0
1376982000 0 0 0 0
1376980200 0 0 0 0
1376978400 0 0 0 0
1376976600 0 0 0 0
1376974800 0 0 0 0
1376973000 0 0 0 0
1376971200 0 0 0 0
1376969400 0 0 0 0
1376967600 0 0 0 0
1376965800 0 0 0 0
1376964000 0 0 0 0
1376962200 0 0 0 0
1376960400 0 0 0 0
1376958600 0 0 0 0
1376956800 0 0 0 0
1376955000 0 0 0 0
1376953200 0 0 0 0
1376951400 0 0 0 0
1376949600 0 0 0 0
1376947800 0 0 0 0
1376946000 0 0 0 0
1376944200 0 0 0 0
1376942400 0 0 0 0
1376940600 0 0 0 0
1376938800 0 0 0 0
1376937000 0 0 0 0
1376935200 0 0 0 0
1376933400 0 0 0 0
1376931600 0 0 0 0
1376929800 0 0 0 0
1376928000 0 0 0 0
1376926200 0 0 0 0
1376924400 0 0 0 0
1376922600 0 0 0 0
1376920800 0 0 0 0
1376919000 0 0 0 0
1376917200 0 0 0 0
1376915400 0 0 0 0
1376913600 0 0 0 0
1376911800 0 0 0 0
1376910000 0 0 0 0
1376908200 0 0 0 0
1376906400 0 0 0 0
1376904600 0 0 0 0
1376902800 0 0 0 0
1376901000 0 0 0 0
1376899200 0 0 0 0
1376897400 0 0 0 0
1376895600 0 0 0 0
1376893800 0 0 0 0
1376892000 0 0 0 0
1376890200 0 0 0 0
1376888400 0 0 0 0
1376886600 0 0 0 0
1376884800 0 0 0 0
1376883000 0 0 0 0
1376881200 0 0 0 0
1376879400 0 0 0 0
1376877600 0 0 0 0
1376875800 0 0 0 0
1376874000 0 0 0 0
1376872200 0 0 0 0
1376870400 0 0 0 0
1376868600 0 0 0 0
1376866800 0 0 0 0
1376865000 0 0 0 0
1376863200 0 0 0 0
1376861400 0 0 0 0
1376859600 0 0 0 0
1376857800 0 0 0 0
1376856000 0 0 0 0
1376854200 0 0 0 0
1376852400 0 0 0 0
1376850600 0 0 0 0
1376848800 0 0 0 0
1376847000 0 0 0 0
1376845200 0 0 0 0
1376843400 0 0 0 0
1376841600 0 0 0 0
1376839800 0 0 0 0
1376838000 0 0 0 0
1376836200 0 0 0 0
1376834400 0 0 0 0
1376832600 0 0 0 0
1376830800 0 0 0 0
1376829000 0 0 0 0
1376827200 0 0 0 0
1376825400 0 0 0 0
1376823600 0 0 0 0
1376821800 0 0 0 0
1376820000 0 0 0 0
1376818200 0 0 0 0
1376816400 0 0 0 0
1376814600 0 0 0 0
1376812800 0 0 0 0
1376811000 0 0 0 0
1376809200 0 0 0 0
1376807400 0 0 0 0
1376805600 0 0 0 0
1376803800 0 0 0 0
1376802000 0 0 0 0
1376800200 0 0 0 0
1376798400 0 0 0 0
1376796600 0 0 0 0
1376794800 0 0 0 0
1376793000 0 0 0 0
1376791200 0 0 0 0
1376789400 0 0 0 0
1376787600 0 0 0 0
1376785800 0 0 0 0
1376784000 0 0 0 0
1376782200 0 0 0 0
1376780400 0 0 0 0
1376778600 0 0 0 0
1376776800 0 0 0 0
1376775000 0 0 0 0
1376773200 0 0 0 0
1376771400 0 0 0 0
1376769600 0 0 0 0
1376767800 0 0 0 0
1376766000 0 0 0 0
1376764200 0 0 0 0
1376762400 0 0 0 0
1376760600 0 0 0 0
1376758800 0 0 0 0
1376757000 0 0 0 0
1376755200 0 0 0 0
1376753400 0 0 0 0
1376751600 0 0 0 0
1376749800 0 0 0 0
1376748000 0 0 0 0
1376746200 0 0 0 0
1376744400 0 0 0 0
1376742600 0 0 0 0
1376740800 0 0 0 0
1376739000 0 0 0 0
1376737200 0 0 0 0
1376735400 0 0 0 0
1376733600 0 0 0 0
1376731800 0 0 0 0
1376730000 0 0 0 0
1376728200 0 0 0 0
1376726400 0 0 0 0
1376724600 0 0 0 0
1376722800 0 0 0 0
1376721000 0 0 0 0
1376719200 0 0 0 0
1376717400 0 0 0 0
1376715600 0 0 0 0
1376713800 0 0 0 0
1376712000 0 0 0 0
1376710200 0 0 0 0
1376708400 0 0 0 0
1376706600 0 0 0 0
1376704800 0 0 0 0
1376703000 0 0 0 0
1376701200 0 0 0 0
1376699400 0 0 0 0
1376697600 0 0 0 0
1376695800 0 0 0 0
1376694000 0 0 0 0
1376692200 0 0 0 0
1376690400 0 0 0 0
1376688600 0 0 0 0
1376686800 0 0 0 0
1376685000 0 0 0 0
1376683200 0 0 0 0
1376681400 0 0 0 0
1376679600 0 0 0 0
1376677800 0 0 0 0
1376676000 0 0 0 0
1376674200 0 0 0 0
1376672400 0 0 0 0
1376670600 0 0 0 0
1376668800 0 0 0 0
1376667000 0 0 0 0
1376665200 0 0 0 0
1376663400 0 0 0 0
1376661600 0 0 0 0
1376659800 0 0 0 0
1376658000 0 0 0 0
1376656200 0 0 0 0
1376654400 0 0 0 0
1376652600 0 0 0 0
1376650800 0 0 0 0
1376649000 0 0 0 0
1376647200 0 0 0 0
1376645400 0 0 0 0
1376643600 0 0 0 0
1376641800 0 0 0 0
1376640000 0 0 0 0
1376638200 0 0 0 0
1376636400 0 0 0 0
1376634600 0 0 0 0
1376632800 0 0 0 0
1376631000 0 0 0 0
1376629200 0 0 0 0
1376627400 0 0 0 0
1376625600 0 0 0 0
1376623800 0 0 0 0
1376622000 0 0 0 0
1376620200 0 0 0 0
1376618400 0 0 0 0
1376616600 0 0 0 0
1376614800 0 0 0 0
1376613000 0 0 0 0
1376611200 0 0 0 0
1376609400 0 0 0 0
1376607600 0 0 0 0
1376605800 0 0 0 0
1376604000 0 0 0 0
1376602200 0 0 0 0
1376600400 0 0 0 0
1376598600 0 0 0 0
1376596800 0 0 0 0
1376595000 0 0 0 0
1376593200 0 0 0 0
1376591400 0 0 0 0
1376589600 0 0 0 0
1376587800 0 0 0 0
1376586000 0 0 0 0
1376584200 0 0 0 0
1376582400 0 0 0 0
1376580600 0 0 0 0
1376578800 0 0 0 0
1376577000 0 0 0 0
1376575200 0 0 0 0
1376573400 0 0 0 0
1376571600 0 0 0 0
1376569800 0 0 0 0
1376568000 0 0 0 0
1376566200 0 0 0 0
1376564400 0 0 0 0
1376562600 0 0 0 0
1376560800 0 0 0 0
1376559000 0 0 0 0
1376557200 0 0 0 0
1376555400 0 0 0 0
1376553600 0 0 0 0
1376551800 0 0 0 0
1376550000 0 0 0 0
1376548200 0 0 0 0
1376546400 0 0 0 0
1376544600 0 0 0 0
1376539200 0 0 0 0
1376532000 0 0 0 0
1376524800 0 0 0 0
1376517600 0 0 0 0
1376510400 0 0 0 0
1376503200 0 0 0 0
1376496000 0 0 0 0
1376488800 0 0 0 0
1376481600 0 0 0 0
1376474400 0 0 0 0
1376467200 0 0 0 0
1376460000 0 0 0 0
1376452800 0 0 0 0
1376445600 0 0 0 0
1376438400 0 0 0 0
1376431200 0 0 0 0
1376424000 0 0 0 0
1376416800 0 0 0 0
1376409600 0 0 0 0
1376402400 0 0 0 0
1376395200 0 0 0 0
1376388000 0 0 0 0
1376380800 0 0 0 0
1376373600 0 0 0 0
1376366400 0 0 0 0
1376359200 0 0 0 0
1376352000 0 0 0 0
1376344800 0 0 0 0
1376337600 0 0 0 0
1376330400 0 0 0 0
1376323200 0 0 0 0
1376316000 0 0 0 0
1376308800 0 0 0 0
1376301600 0 0 0 0
1376294400 0 0 0 0
1376287200 0 0 0 0
1376280000 0 0 0 0
1376272800 0 0 0 0
1376265600 0 0 0 0
1376258400 0 0 0 0
1376251200 0 0 0 0
1376244000 0 0 0 0
1376236800 0 0 0 0
1376229600 0 0 0 0
1376222400 0 0 0 0
1376215200 0 0 0 0
1376208000 0 0 0 0
1376200800 0 0 0 0
1376193600 0 0 0 0
1376186400 0 0 0 0
1376179200 0 0 0 0
1376172000 0 0 0 0
1376164800 0 0 0 0
1376157600 0 0 0 0
1376150400 0 0 0 0
1376143200 0 0 0 0
1376136000 0 0 0 0
1376128800 0 0 0 0
1376121600 0 0 0 0
1376114400 0 0 0 0
1376107200 0 0 0 0
1376100000 0 0 0 0
1376092800 0 0 0 0
1376085600 0 0 0 0
1376078400 0 0 0 0
1376071200 0 0 0 0
1376064000 0 0 0 0
1376056800 0 0 0 0
1376049600 0 0 0 0
1376042400 0 0 0 0
1376035200 0 0 0 0
1376028000 0 0 0 0
1376020800 0 0 0 0
1376013600 0 0 0 0
1376006400 0 0 0 0
1375999200 0 0 0 0
1375992000 0 0 0 0
1375984800 0 0 0 0
1375977600 0 0 0 0
1375970400 0 0 0 0
1375963200 0 0 0 0
1375956000 0 0 0 0
1375948800 0 0 0 0
1375941600 0 0 0 0
1375934400 0 0 0 0
1375927200 0 0 0 0
1375920000 0 0 0 0
1375912800 0 0 0 0
1375905600 0 0 0 0
1375898400 0 0 0 0
1375891200 0 0 0 0
1375884000 0 0 0 0
1375876800 0 0 0 0
1375869600 0 0 0 0
1375862400 0 0 0 0
1375855200 0 0 0 0
1375848000 0 0 0 0
1375840800 0 0 0 0
1375833600 0 0 0 0
1375826400 0 0 0 0
1375819200 0 0 0 0
1375812000 0 0 0 0
1375804800 0 0 0 0
1375797600 0 0 0 0
1375790400 0 0 0 0
1375783200 0 0 0 0
1375776000 0 0 0 0
1375768800 0 0 0 0
1375761600 0 0 0 0
1375754400 0 0 0 0
1375747200 0 0 0 0
1375740000 0 0 0 0
1375732800 0 0 0 0
1375725600 0 0 0 0
1375718400 0 0 0 0
1375711200 0 0 0 0
1375704000 0 0 0 0
1375696800 0 0 0 0
1375689600 0 0 0 0
1375682400 0 0 0 0
1375675200 0 0 0 0
1375668000 0 0 0 0
1375660800 0 0 0 0
1375653600 0 0 0 0
1375646400 0 0 0 0
1375639200 0 0 0 0
1375632000 0 0 0 0
1375624800 0 0 0 0
1375617600 0 0 0 0
1375610400 0 0 0 0
1375603200 0 0 0 0
1375596000 0 0 0 0
1375588800 0 0 0 0
1375581600 0 0 0 0
1375574400 0 0 0 0
1375567200 0 0 0 0
1375560000 0 0 0 0
1375552800 0 0 0 0
1375545600 0 0 0 0
1375538400 0 0 0 0
1375531200 0 0 0 0
1375524000 0 0 0 0
1375516800 0 0 0 0
1375509600 0 0 0 0
1375502400 0 0 0 0
1375495200 0 0 0 0
1375488000 0 0 0 0
1375480800 0 0 0 0
1375473600 0 0 0 0
1375466400 0 0 0 0
1375459200 0 0 0 0
1375452000 0 0 0 0
1375444800 0 0 0 0
1375437600 0 0 0 0
1375430400 0 0 0 0
1375423200 0 0 0 0
1375416000 0 0 0 0
1375408800 0 0 0 0
1375401600 0 0 0 0
1375394400 0 0 0 0
1375387200 0 0 0 0
1375380000 0 0 0 0
1375372800 0 0 0 0
1375365600 0 0 0 0
1375358400 0 0 0 0
1375351200 0 0 0 0
1375344000 0 0 0 0
1375336800 0 0 0 0
1375329600 0 0 0 0
1375322400 0 0 0 0
1375315200 0 0 0 0
1375308000 0 0 0 0
1375300800 0 0 0 0
1375293600 0 0 0 0
1375286400 0 0 0 0
1375279200 0 0 0 0
1375272000 0 0 0 0
1375264800 0 0 0 0
1375257600 0 0 0 0
1375250400 0 0 0 0
1375243200 0 0 0 0
1375236000 0 0 0 0
1375228800 0 0 0 0
1375221600 0 0 0 0
1375214400 0 0 0 0
1375207200 0 0 0 0
1375200000 0 0 0 0
1375192800 0 0 0 0
1375185600 0 0 0 0
1375178400 0 0 0 0
1375171200 0 0 0 0
1375164000 0 0 0 0
1375156800 0 0 0 0
1375149600 0 0 0 0
1375142400 0 0 0 0
1375135200 0 0 0 0
1375128000 0 0 0 0
1375120800 0 0 0 0
1375113600 0 0 0 0
1375106400 0 0 0 0
1375099200 0 0 0 0
1375092000 0 0 0 0
1375084800 0 0 0 0
1375077600 0 0 0 0
1375070400 0 0 0 0
1375063200 0 0 0 0
1375056000 0 0 0 0
1375048800 0 0 0 0
1375041600 0 0 0 0
1375034400 0 0 0 0
1375027200 0 0 0 0
1375020000 0 0 0 0
1375012800 0 0 0 0
1375005600 0 0 0 0
1374998400 0 0 0 0
1374991200 0 0 0 0
1374984000 0 0 0 0
1374976800 0 0 0 0
1374969600 0 0 0 0
1374962400 0 0 0 0
1374955200 0 0 0 0
1374948000 0 0 0 0
1374940800 0 0 0 0
1374933600 0 0 0 0
1374926400 0 0 0 0
1374919200 0 0 0 0
1374912000 0 0 0 0
1374904800 0 0 0 0
1374897600 0 0 0 0
1374890400 0 0 0 0
1374883200 0 0 0 0
1374876000 0 0 0 0
1374868800 0 0 0 0
1374861600 0 0 0 0
1374854400 0 0 0 0
1374847200 0 0 0 0
1374840000 0 0 0 0
1374832800 0 0 0 0
1374825600 0 0 0 0
1374818400 0 0 0 0
1374811200 0 0 0 0
1374804000 0 0 0 0
1374796800 0 0 0 0
1374789600 0 0 0 0
1374782400 0 0 0 0
1374775200 0 0 0 0
1374768000 0 0 0 0
1374760800 0 0 0 0
1374753600 0 0 0 0
1374746400 0 0 0 0
1374739200 0 0 0 0
1374732000 0 0 0 0
1374724800 0 0 0 0
1374717600 0 0 0 0
1374710400 0 0 0 0
1374703200 0 0 0 0
1374696000 0 0 0 0
1374688800 0 0 0 0
1374681600 0 0 0 0
1374674400 0 0 0 0
1374667200 0 0 0 0
1374660000 0 0 0 0
1374652800 0 0 0 0
1374645600 0 0 0 0
1374638400 0 0 0 0
1374631200 0 0 0 0
1374624000 0 0 0 0
1374616800 0 0 0 0
1374609600 0 0 0 0
1374602400 0 0 0 0
1374595200 0 0 0 0
1374588000 0 0 0 0
1374580800 0 0 0 0
1374573600 0 0 0 0
1374566400 0 0 0 0
1374559200 0 0 0 0
1374552000 0 0 0 0
1374544800 0 0 0 0
1374537600 0 0 0 0
1374530400 0 0 0 0
1374523200 0 0 0 0
1374516000 0 0 0 0
1374508800 0 0 0 0
1374501600 0 0 0 0
1374494400 0 0 0 0
1374487200 0 0 0 0
1374480000 0 0 0 0
1374472800 0 0 0 0
1374465600 0 0 0 0
1374458400 0 0 0 0
1374451200 0 0 0 0
1374444000 0 0 0 0
1374436800 0 0 0 0
1374429600 0 0 0 0
1374422400 0 0 0 0
1374415200 0 0 0 0
1374408000 0 0 0 0
1374400800 0 0 0 0
1374393600 0 0 0 0
1374386400 0 0 0 0
1374379200 0 0 0 0
1374372000 0 0 0 0
1374364800 0 0 0 0
1374357600 0 0 0 0
1374350400 0 0 0 0
1374343200 0 0 0 0
1374336000 0 0 0 0
1374328800 0 0 0 0
1374321600 0 0 0 0
1374314400 0 0 0 0
1374307200 0 0 0 0
1374300000 0 0 0 0
1374292800 0 0 0 0
1374285600 0 0 0 0
1374278400 0 0 0 0
1374271200 0 0 0 0
1374264000 0 0 0 0
1374256800 0 0 0 0
1374249600 0 0 0 0
1374242400 0 0 0 0
1374235200 0 0 0 0
1374228000 0 0 0 0
1374220800 0 0 0 0
1374213600 0 0 0 0
1374206400 0 0 0 0
1374199200 0 0 0 0
1374192000 0 0 0 0
1374184800 0 0 0 0
1374177600 0 0 0 0
1374170400 0 0 0 0
1374163200 0 0 0 0
1374156000 0 0 0 0
1374148800 0 0 0 0
1374141600 0 0 0 0
1374134400 0 0 0 0
1374127200 0 0 0 0
1374120000 0 0 0 0
1374112800 0 0 0 0
1374105600 0 0 0 0
1374098400 0 0 0 0
1374091200 0 0 0 0
1374084000 0 0 0 0
1374076800 0 0 0 0
1374069600 0 0 0 0
1374062400 0 0 0 0
1374055200 0 0 0 0
1374048000 0 0 0 0
1374040800 0 0 0 0
1374033600 0 0 0 0
1374026400 0 0 0 0
1374019200 0 0 0 0
1374012000 0 0 0 0
1374004800 0 0 0 0
1373997600 0 0 0 0
1373990400 0 0 0 0
1373983200 0 0 0 0
1373976000 0 0 0 0
1373968800 0 0 0 0
1373961600 0 0 0 0
1373954400 0 0 0 0
1373947200 0 0 0 0
1373940000 0 0 0 0
1373932800 0 0 0 0
1373925600 0 0 0 0
1373918400 0 0 0 0
1373911200 0 0 0 0
1373904000 0 0 0 0
1373896800 0 0 0 0
1373889600 0 0 0 0
1373882400 0 0 0 0
1373875200 0 0 0 0
1373868000 0 0 0 0
1373860800 0 0 0 0
1373853600 0 0 0 0
1373846400 0 0 0 0
1373839200 0 0 0 0
1373832000 0 0 0 0
1373824800 0 0 0 0
1373817600 0 0 0 0
1373810400 0 0 0 0
1373803200 0 0 0 0
1373796000 0 0 0 0
1373788800 0 0 0 0
1373781600 0 0 0 0
1373774400 0 0 0 0
1373767200 0 0 0 0
1373760000 0 0 0 0
1373752800 0 0 0 0
1373745600 0 0 0 0
1373738400 0 0 0 0
1373731200 0 0 0 0
1373724000 0 0 0 0
1373716800 0 0 0 0
1373709600 0 0 0 0
1373702400 0 0 0 0
1373695200 0 0 0 0
1373688000 0 0 0 0
1373680800 0 0 0 0
1373673600 0 0 0 0
1373666400 0 0 0 0
1373659200 0 0 0 0
1373652000 0 0 0 0
1373644800 0 0 0 0
1373637600 0 0 0 0
1373630400 0 0 0 0
1373623200 0 0 0 0
1373616000 0 0 0 0
1373608800 0 0 0 0
1373601600 0 0 0 0
1373594400 0 0 0 0
1373587200 0 0 0 0
1373580000 0 0 0 0
1373572800 0 0 0 0
1373565600 0 0 0 0
1373558400 0 0 0 0
1373551200 0 0 0 0
1373544000 0 0 0 0
1373536800 0 0 0 0
1373529600 0 0 0 0
1373522400 0 0 0 0
1373515200 0 0 0 0
1373508000 0 0 0 0
1373500800 0 0 0 0
1373493600 0 0 0 0
1373486400 0 0 0 0
1373479200 0 0 0 0
1373472000 0 0 0 0
1373464800 0 0 0 0
1373457600 0 0 0 0
1373450400 0 0 0 0
1373443200 0 0 0 0
1373436000 0 0 0 0
1373428800 0 0 0 0
1373421600 0 0 0 0
1373414400 0 0 0 0
1373407200 0 0 0 0
1373400000 0 0 0 0
1373392800 0 0 0 0
1373385600 0 0 0 0
1373378400 0 0 0 0
1373371200 0 0 0 0
1373364000 0 0 0 0
1373356800 0 0 0 0
1373349600 0 0 0 0
1373342400 0 0 0 0
1373335200 0 0 0 0
1373328000 0 0 0 0
1373320800 0 0 0 0
1373313600 0 0 0 0
1373306400 0 0 0 0
1373299200 0 0 0 0
1373292000 0 0 0 0
1373284800 0 0 0 0
1373277600 0 0 0 0
1373270400 0 0 0 0
1373263200 0 0 0 0
1373256000 0 0 0 0
1373248800 0 0 0 0
1373241600 0 0 0 0
1373234400 0 0 0 0
1373227200 0 0 0 0
1373220000 0 0 0 0
1373212800 0 0 0 0
1373205600 0 0 0 0
1373198400 0 0 0 0
1373191200 0 0 0 0
1373184000 0 0 0 0
1373176800 0 0 0 0
1373169600 0 0 0 0
1373162400 0 0 0 0
1373155200 0 0 0 0
1373148000 0 0 0 0
1373140800 0 0 0 0
1373133600 0 0 0 0
1373126400 0 0 0 0
1373119200 0 0 0 0
1373112000 0 0 0 0
1373104800 0 0 0 0
1373097600 0 0 0 0
1373090400 0 0 0 0
1373083200 0 0 0 0
1373076000 0 0 0 0
1373068800 0 0 0 0
1373061600 0 0 0 0
1373054400 0 0 0 0
1373047200 0 0 0 0
1373040000 0 0 0 0
1373032800 0 0 0 0
1373025600 0 0 0 0
1373018400 0 0 0 0
1373011200 0 0 0 0
1373004000 0 0 0 0
1372996800 0 0 0 0
1372989600 0 0 0 0
1372982400 0 0 0 0
1372975200 0 0 0 0
1372968000 0 0 0 0
1372960800 0 0 0 0
1372953600 0 0 0 0
1372946400 0 0 0 0
1372939200 0 0 0 0
1372932000 0 0 0 0
1372924800 0 0 0 0
1372917600 0 0 0 0
1372910400 0 0 0 0
1372903200 0 0 0 0
1372896000 0 0 0 0
1372888800 0 0 0 0
1372881600 0 0 0 0
1372874400 0 0 0 0
1372867200 0 0 0 0
1372860000 0 0 0 0
1372852800 0 0 0 0
1372845600 0 0 0 0
1372838400 0 0 0 0
1372831200 0 0 0 0
1372824000 0 0 0 0
1372816800 0 0 0 0
1372809600 0 0 0 0
1372802400 0 0 0 0
1372795200 0 0 0 0
1372788000 0 0 0 0
1372780800 0 0 0 0
1372773600 0 0 0 0
1372766400 0 0 0 0
1372759200 0 0 0 0
1372752000 0 0 0 0
1372744800 0 0 0 0
1372737600 0 0 0 0
1372730400 0 0 0 0
1372723200 0 0 0 0
1372716000 0 0 0 0
1372708800 0 0 0 0
1372701600 0 0 0 0
1372694400 0 0 0 0
1372687200 0 0 0 0
1372680000 0 0 0 0
1372672800 0 0 0 0
1372665600 0 0 0 0
1372658400 0 0 0 0
1372651200 0 0 0 0
1372644000 0 0 0 0
1372636800 0 0 0 0
1372629600 0 0 0 0
1372622400 0 0 0 0
1372615200 0 0 0 0
1372608000 0 0 0 0
1372600800 0 0 0 0
1372593600 0 0 0 0
1372586400 0 0 0 0
1372579200 0 0 0 0
1372572000 0 0 0 0
1372564800 0 0 0 0
1372557600 0 0 0 0
1372550400 0 0 0 0
1372543200 0 0 0 0
1372536000 0 0 0 0
1372528800 0 0 0 0
1372521600 0 0 0 0
1372514400 0 0 0 0
1372507200 0 0 0 0
1372500000 0 0 0 0
1372492800 0 0 0 0
1372485600 0 0 0 0
1372478400 0 0 0 0
1372471200 0 0 0 0
1372464000 0 0 0 0
1372456800 0 0 0 0
1372449600 0 0 0 0
1372442400 0 0 0 0
1372435200 0 0 0 0
1372428000 0 0 0 0
1372420800 0 0 0 0
1372413600 0 0 0 0
1372406400 0 0 0 0
1372399200 0 0 0 0
1372392000 0 0 0 0
1372384800 0 0 0 0
1372377600 0 0 0 0
1372370400 0 0 0 0
1372363200 0 0 0 0
1372356000 0 0 0 0
1372348800 0 0 0 0
1372341600 0 0 0 0
1372334400 0 0 0 0
1372327200 0 0 0 0
1372320000 0 0 0 0
1372312800 0 0 0 0
1372305600 0 0 0 0
1372298400 0 0 0 0
1372291200 0 0 0 0
1372284000 0 0 0 0
1372276800 0 0 0 0
1372269600 0 0 0 0
1372262400 0 0 0 0
1372255200 0 0 0 0
1372248000 0 0 0 0
1372240800 0 0 0 0
1372233600 0 0 0 0
1372226400 0 0 0 0
1372219200 0 0 0 0
1372204800 0 0 0 0
1372118400 0 0 0 0
1372032000 0 0 0 0
1371945600 0 0 0 0
1371859200 0 0 0 0
1371772800 0 0 0 0
1371686400 0 0 0 0
1371600000 0 0 0 0
1371513600 0 0 0 0
1371427200 0 0 0 0
1371340800 0 0 0 0
1371254400 0 0 0 0
1371168000 0 0 0 0
1371081600 0 0 0 0
1370995200 0 0 0 0
1370908800 0 0 0 0
1370822400 0 0 0 0
1370736000 0 0 0 0
1370649600 0 0 0 0
1370563200 0 0 0 0
1370476800 0 0 0 0
1370390400 0 0 0 0
1370304000 0 0 0 0
1370217600 0 0 0 0
1370131200 0 0 0 0
1370044800 0 0 0 0
1369958400 0 0 0 0
1369872000 0 0 0 0
1369785600 0 0 0 0
1369699200 0 0 0 0
1369612800 0 0 0 0
1369526400 0 0 0 0
1369440000 0 0 0 0
1369353600 0 0 0 0
1369267200 0 0 0 0
1369180800 0 0 0 0
1369094400 0 0 0 0
1369008000 0 0 0 0
1368921600 0 0 0 0
1368835200 0 0 0 0
1368748800 0 0 0 0
1368662400 0 0 0 0
1368576000 0 0 0 0
1368489600 0 0 0 0
1368403200 0 0 0 0
1368316800 0 0 0 0
1368230400 0 0 0 0
1368144000 0 0 0 0
1368057600 0 0 0 0
1367971200 0 0 0 0
1367884800 0 0 0 0
1367798400 0 0 0 0
1367712000 0 0 0 0
1367625600 0 0 0 0
1367539200 0 0 0 0
1367452800 0 0 0 0
1367366400 0 0 0 0
1367280000 0 0 0 0
1367193600 0 0 0 0
1367107200 0 0 0 0
1367020800 0 0 0 0
1366934400 0 0 0 0
1366848000 0 0 0 0
1366761600 0 0 0 0
1366675200 0 0 0 0
1366588800 0 0 0 0
1366502400 0 0 0 0
1366416000 0 0 0 0
1366329600 0 0 0 0
1366243200 0 0 0 0
1366156800 0 0 0 0
1366070400 0 0 0 0
1365984000 0 0 0 0
1365897600 0 0 0 0
1365811200 0 0 0 0
1365724800 0 0 0 0
1365638400 0 0 0 0
1365552000 0 0 0 0
1365465600 0 0 0 0
1365379200 0 0 0 0
1365292800 0 0 0 0
1365206400 0 0 0 0
1365120000 0 0 0 0
1365033600 0 0 0 0
1364947200 0 0 0 0
1364860800 0 0 0 0
1364774400 0 0 0 0
1364688000 0 0 0 0
1364601600 0 0 0 0
1364515200 0 0 0 0
1364428800 0 0 0 0
1364342400 0 0 0 0
1364256000 0 0 0 0
1364169600 0 0 0 0
1364083200 0 0 0 0
1363996800 0 0 0 0
1363910400 0 0 0 0
1363824000 0 0 0 0
1363737600 0 0 0 0
1363651200 0 0 0 0
1363564800 0 0 0 0
1363478400 0 0 0 0
1363392000 0 0 0 0
1363305600 0 0 0 0
1363219200 0 0 0 0
1363132800 0 0 0 0
1363046400 0 0 0 0
1362960000 0 0 0 0
1362873600 0 0 0 0
1362787200 0 0 0 0
1362700800 0 0 0 0
1362614400 0 0 0 0
1362528000 0 0 0 0
1362441600 0 0 0 0
1362355200 0 0 0 0
1362268800 0 0 0 0
1362182400 0 0 0 0
1362096000 0 0 0 0
1362009600 0 0 0 0
1361923200 0 0 0 0
1361836800 0 0 0 0
1361750400 0 0 0 0
1361664000 0 0 0 0
1361577600 0 0 0 0
1361491200 0 0 0 0
1361404800 0 0 0 0
1361318400 0 0 0 0
1361232000 0 0 0 0
1361145600 0 0 0 0
1361059200 0 0 0 0
1360972800 0 0 0 0
1360886400 0 0 0 0
1360800000 0 0 0 0
1360713600 0 0 0 0
1360627200 0 0 0 0
1360540800 0 0 0 0
1360454400 0 0 0 0
1360368000 0 0 0 0
1360281600 0 0 0 0
1360195200 0 0 0 0
1360108800 0 0 0 0
1360022400 0 0 0 0
1359936000 0 0 0 0
1359849600 0 0 0 0
1359763200 0 0 0 0
1359676800 0 0 0 0
1359590400 0 0 0 0
1359504000 0 0 0 0
1359417600 0 0 0 0
1359331200 0 0 0 0
1359244800 0 0 0 0
1359158400 0 0 0 0
1359072000 0 0 0 0
1358985600 0 0 0 0
1358899200 0 0 0 0
1358812800 0 0 0 0
1358726400 0 0 0 0
1358640000 0 0 0 0
1358553600 0 0 0 0
1358467200 0 0 0 0
1358380800 0 0 0 0
1358294400 0 0 0 0
1358208000 0 0 0 0
1358121600 0 0 0 0
1358035200 0 0 0 0
1357948800 0 0 0 0
1357862400 0 0 0 0
1357776000 0 0 0 0
1357689600 0 0 0 0
1357603200 0 0 0 0
1357516800 0 0 0 0
1357430400 0 0 0 0
1357344000 0 0 0 0
1357257600 0 0 0 0
1357171200 0 0 0 0
1357084800 0 0 0 0
1356998400 0 0 0 0
1356912000 0 0 0 0
1356825600 0 0 0 0
1356739200 0 0 0 0
1356652800 0 0 0 0
1356566400 0 0 0 0
1356480000 0 0 0 0
1356393600 0 0 0 0
1356307200 0 0 0 0
1356220800 0 0 0 0
1356134400 0 0 0 0
1356048000 0 0 0 0
1355961600 0 0 0 0
1355875200 0 0 0 0
1355788800 0 0 0 0
1355702400 0 0 0 0
1355616000 0 0 0 0
1355529600 0 0 0 0
1355443200 0 0 0 0
1355356800 0 0 0 0
1355270400 0 0 0 0
1355184000 0 0 0 0
1355097600 0 0 0 0
1355011200 0 0 0 0
1354924800 0 0 0 0
1354838400 0 0 0 0
1354752000 0 0 0 0
1354665600 0 0 0 0
1354579200 0 0 0 0
1354492800 0 0 0 0
1354406400 0 0 0 0
1354320000 0 0 0 0
1354233600 0 0 0 0
1354147200 0 0 0 0
1354060800 0 0 0 0
1353974400 0 0 0 0
1353888000 0 0 0 0
1353801600 0 0 0 0
1353715200 0 0 0 0
1353628800 0 0 0 0
1353542400 0 0 0 0
1353456000 0 0 0 0
1353369600 0 0 0 0
1353283200 0 0 0 0
1353196800 0 0 0 0
1353110400 0 0 0 0
1353024000 0 0 0 0
1352937600 0 0 0 0
1352851200 0 0 0 0
1352764800 0 0 0 0
1352678400 0 0 0 0
1352592000 0 0 0 0
1352505600 0 0 0 0
1352419200 0 0 0 0
1352332800 0 0 0 0
1352246400 0 0 0 0
1352160000 0 0 0 0
1352073600 0 0 0 0
1351987200 0 0 0 0
1351900800 0 0 0 0
1351814400 0 0 0 0
1351728000 0 0 0 0
1351641600 0 0 0 0
1351555200 0 0 0 0
1351468800 0 0 0 0
1351382400 0 0 0 0
1351296000 0 0 0 0
1351209600 0 0 0 0
1351123200 0 0 0 0
1351036800 0 0 0 0
1350950400 0 0 0 0
1350864000 0 0 0 0
1350777600 0 0 0 0
1350691200 0 0 0 0
1350604800 0 0 0 0
1350518400 0 0 0 0
1350432000 0 0 0 0
1350345600 0 0 0 0
1350259200 0 0 0 0
1350172800 0 0 0 0
1350086400 0 0 0 0
1350000000 0 0 0 0
1349913600 0 0 0 0
1349827200 0 0 0 0
1349740800 0 0 0 0
1349654400 0 0 0 0
1349568000 0 0 0 0
1349481600 0 0 0 0
1349395200 0 0 0 0
1349308800 0 0 0 0
1349222400 0 0 0 0
1349136000 0 0 0 0
1349049600 0 0 0 0
1348963200 0 0 0 0
1348876800 0 0 0 0
1348790400 0 0 0 0
1348704000 0 0 0 0
1348617600 0 0 0 0
1348531200 0 0 0 0
1348444800 0 0 0 0
1348358400 0 0 0 0
1348272000 0 0 0 0
1348185600 0 0 0 0
1348099200 0 0 0 0
1348012800 693 7299 11430 459512
1347926400 1756 6863 9673 177334
1347840000 26 306 63 405
1347753600 28 309 63 400
1347667200 1520 5429 16483 297513
1347580800 1746 6918 26381 148953
1347494400 1452 9163 17960 111346
1347408000 1674 5948 14963 276901
1347321600 1722 7185 21275 735909
1347235200 6 298 20 360
1347148800 6 305 23 517
1347062400 1363 4771 10848 126342
1346976000 6 412 20 820
1346889600 1980 6357 13454 39019
1346803200 729 4878 18621 783289
1346716800 6 284 20 357
1346630400 6 284 20 358
1346544000 6 283 21 358
1346457600 954 3755 12322 118664
1346371200 1398 3000 16455 50493
1346284800 1463 4054 207313 433800
1346198400 1068 2537 14566 64953
1346112000 1910 8050 18010 190763
1346025600 1 365 18 447
1345939200 1 374 14 455
1345852800 1 468 14 956
1345766400 1209 12413 32782 1513389
1345680000 1 462 13 925
1345593600 3605 15961 58199 987434
1345507200 2228 11352 24880 385383
1345420800 1 378 14 480
1345334400 1 389 14 801
1345248000 1881 6526 203537 433842
1345161600 1197 5242 9094 52466
1345075200 1848 9441 13640 235388
1344988800 1612 9469 26066 619519
1344902400 1530 7201 16433 645959
1344816000 1 315 16 379
1344729600 1 370 17 468
1344643200 3091 21952 35773 1343372
1344556800 824 6084 8469 103590
1344470400 1762 16516 23056 1117762
1344384000 2780 10505 13285 80179
1344297600 1912 15787 15983 348831
1344211200 1 300 15 365
1344124800 1 302 16 439
1344038400 1456 8599 7937 113910
1343952000 1604 14214 14318 288097
1343865600 1466 10247 9478 94868
1343779200 2891 12148 12306 117871
1343692800 5704 20720 520410 473383
1343606400 4 301 32 481
1343520000 4 306 29 616
1343433600 1457 7691 12706 504573
1343347200 1237 7697 13302 120560
1343260800 1659 8543 21961 953707
1343174400 2925 75774 172643 5597072
1343088000 1945 13182 27904 416450
1343001600 1 394 21 466
1342915200 1 397 22 475
1342828800 2223 6851 255750 217509
1342742400 955 4830 9206 186105
1342656000 2352 18235 28320 786217
1342569600 1507 11687 12542 154344
1342483200 1414 12190 12227 137876
1342396800 2 338 25 416
1342310400 2 345 25 456
1342224000 721 6882 11777 310445
1342137600 2 418 25 800
1342051200 1445 29629 101473 2793530
1341964800 2151 49992 152925 6366673
1341878400 809 7056 10112 70679
1341792000 1 343 23 538
1341705600 2 342 24 521
1341619200 3514 34727 31272 289186
1341532800 3524 12738 653201 339666
1341446400 14 707 3547 104676
1341360000 603 11282 35708 1584038
1341273600 839 16473 53272 2244481
1341187200 4 352 32 466
1341100800 4 361 30 559
1341014400 1917 39214 94326 4318263
1340928000 1284 10019 28078 960643
1340841600 1412 6524 9801 338055
1340755200 2117 8958 11388 187417
1340668800 948 2649 9160 71630
1340582400 120 475 148 1193
1340496000 119 489 149 1398
1340409600 1537 5669 16494 162354
1340323200 604 8675 23795 1050903
1340236800 257824 16274 6949194 507217
1340150400 3684 116976 218883 8677513
1340064000 1112 15586 44054 1425532
1339977600 2 275 16 374
1339891200 1 280 15 557
1339804800 1 375 15 1184
1339718400 2 344 22 699
1339632000 1651 12321 15046 164094
1339545600 1111 7023 14889 407045
1339459200 1118 19059 90917 3670935
1339372800 2 256 23 345
1339286400 1 259 23 420
1339200000 317 1949 4454 97793
1339113600 837 19080 40991 1541209
1339027200 875 11849 15336 441364
1338940800 1102 12749 13010 411459
1338854400 1090 14062 8909 205534
1338768000 2 261 23 341
1338681600 2 268 34 381
1338595200 2 373 23 1365
1338508800 933 5066 9985 79357
1338422400 2 398 42 7467
1338336000 6 394 1271 4504
1338249600 1 258 23 381
1338163200 2 269 23 359
1338076800 2 271 23 384
1337990400 2 410 23 1136
1337904000 2 426 22 1227
1337817600 2 1492 22 306173
1337731200 1116 6719 22580 277074
1337644800 1464 6214 9754 86517
1337558400 2 313 14 386
1337472000 2 317 21 384
1337385600 1317 5762 9811 169198
1337299200 1970 6671 12459 176868
1337212800 2254 7119 206968 221286
1337126400 2 432 16 995
1337040000 131 446 21142 2765
1336953600 1 329 16 395
1336867200 2 337 22 456
1336780800 3618 58988 498269 2568554
1336694400 685 1784 8168 55959
1336608000 1119 2035 15482 35579
1336521600 745 8036 37287 1019419
1336435200 902 2276 86165 174223
1336348800 5 513 64 1029
1336262400 33 1112 7290 183216
1336176000 383 3039 8885 169647
1336089600 412 3164 7399 95913
1336003200 12010 43347 1391076 5930849
1335916800 464 2346 45984 105662
1335830400 6254 10835 709058 1435020
1335744000 5 301 37 385
1335657600 5 300 47 415
1335571200 309 2378 5768 137724
1335484800 274 1175 3885 22226
1335398400 731 4370 20035 204888
1335312000 714 8077 35315 221028
1335225600 590 6329 9658 303368
1335139200 366 582 943 1629
1335052800 369 578 984 1634
1334966400 1343 25014 47638 2001472
1334880000 737 5906 3838 123005
1334793600 1467 39862 46764 2004432
1334707200 2914 40272 231487 1928384
1334620800 6 456 54 979
1334534400 5 292 43 393
1334448000 6 300 51 538
1334361600 18 794 3458 93698
1334275200 1743 38843 55829 1870178
1334188800 1445 19278 7877 125104
1334102400 1116 16838 7351 150219
1334016000 982 14117 8714 192000
1333929600 5 306 38 487
1333843200 5 314 38 761
1333756800 1195 16385 10174 172704
1333670400 5 490 41 1070
1333584000 2499 10569 513829 839660
1333497600 918 9440 20807 723212
1333411200 1096 21211 78366 3123152
1333324800 4 287 30 567
1333238400 4 290 30 608
1333152000 774 8661 6534 166836
1333065600 1457 12890 164250 629927
1332979200 1364 8562 146474 195668
1332892800 805 14572 49846 1529885
1332806400 737 11614 7403 185609
1332720000 4 473 25 706
1332633600 4 553 39 858
1332547200 1217 18650 8026 257299
1332460800 961 12235 9288 155966
1332374400 764 9121 23054 540292
1332288000 856 10719 6995 201436
1332201600 929 11023 6280 172119
1332115200 3 445 33 725
1332028800 4 456 31 795
1331942400 4 587 40 1148
1331856000 3 610 35 1194
1331769600 1092 10189 9310 168270
1331683200 1050 13150 11528 181568
1331596800 2845 57306 186273 4472478
1331510400 3 462 29 621
1331424000 3 468 31 679
1331337600 2410 22779 206978 659237
1331251200 1163 14462 11772 359680
1331164800 1368 15936 8959 245761
1331078400 2191 13424 51929 146734
1330992000 1826 23857 32281 1196666
1330905600 4 468 41 764
1330819200 5 474 33 847
1330732800 1859 14664 12293 120794
1330646400 218 2576 10571 60455
1330560000 1441 11707 15603 121202
1330473600 1759 18691 47915 1434641
1330387200 1758 11025 43538 112118
1330300800 4 464 41 1040
1330214400 5 476 40 750
1330128000 1014 12652 26223 1344009
1330041600 591 1488 14225 24074
1329955200 6 555 39 1208
1329868800 1628 21911 29873 351874
1329782400 6 458 37 637
1329696000 6 473 41 711
1329609600 6 489 40 836
1329523200 1781 13862 23358 364149
1329436800 1724 17648 61457 1156131
1329350400 2176 35701 24716 779158
1329264000 10827 66226 580115 4442441
1329177600 1842 17656 20551 884315
1329091200 4 285 29 463
1329004800 1927 6597 315823 1536383
1328918400 3051 29740 51605 348950
1328832000 1705 15905 10013 214799
1328745600 8289 14693 544427 503283
1328659200 25988 28560 4227511 3655067
1328572800 1724 9395 17378 275886
1328486400 4 281 34 517
1328400000 4 302 53 718
1328313600 2033 17568 24295 635682
1328227200 2253 18727 41415 1240964
1328140800 4334 40878 28322 348118
1328054400 5655 56513 45869 1399543
1327968000 4112 30159 58609 2231555
1327881600 1223 1664 1522 4209
1327795200 1224 1863 1523 12766
1327708800 1363 2209 1876 27261
1327622400 1520 2681 3006 23346
1327536000 1057 1981 4471 28071
1327449600 777 1531 4223 8063
1327363200 916 2085 3430 56469
1327276800 605 1038 633 1192
1327190400 605 1051 637 1225
1327104000 1437 2612 2916 13713
1327017600 37273 10846 4684250 311650
1326931200 94195 15756 4721098 491986
1326844800 1756 40064 130482 8792130
1326758400 1022 1778 1465 26552
1326672000 1018 1507 1326 2051
1326585600 1019 1522 1297 2280
1326499200 3417 26474 39142 796159
1326412800 80072 50290 4951572 1895544
1326326400 4445 67118 59657 1633640
1326240000 3451 48051 51535 2498811
1326153600 3917 59666 37512 1243621
1326067200 145 437 422 1688
1325980800 143 441 416 1405
1325894400 2192 17055 25646 207915
1325808000 650 1663 20807 33442
1325721600 1167 10992 21458 796624
1325635200 4689 27334 439530 1015048
1325548800 10 252 49 352
1325462400 11 257 53 392
1325376000 11 261 54 389
1325289600 10 292 62 506
1325203200 9 311 53 550
1325116800 9 320 46 935
1325030400 9 336 51 976
1324944000 11 267 45 580
1324857600 9 273 99 2579
1324771200 10 263 51 578
1324684800 9 268 51 582
1324598400 2107 27437 19762 748629
1324512000 3055 42823 9638 230480
1324425600 4489 67003 22870 483037
1324339200 3776 45002 15318 207869
1324252800 1088 7763 1129 8117
1324166400 1089 7765 1141 8090
1324080000 3724 65743 159816 3831354
1323993600 3637 29679 14888 503976
1323907200 3137 21460 13329 225347
1323820800 7067 64454 288841 11100619
1323734400 4002 54692 148442 4916743
1323648000 868 7463 906 7629
1323561600 867 7471 910 7771
1323475200 1480 8641 3312 15832
1323388800 76399 94692 4449197 6604102
1323302400 2122 16832 128131 1830146
1323216000 1553 8686 3431 49488
1323129600 1963 36667 31584 1526147
1323043200 1063 7651 1357 7928
1322956800 1064 7657 1332 7986
1322870400 37681 9191 4871145 86934
1322784000 1999 15149 29985 785629
1322697600 2163 27052 142392 2264807
1322611200 1437 8193 5496 15501
1322524800 3859 30546 140411 1210269
1322438400 855 7134 890 7352
1322352000 855 7139 901 7705
1322265600 855 7134 907 7546
1322179200 856 7145 1019 8536
1322092800 2396 17213 17937 675768
1322006400 4464 25242 321043 911468
1321920000 855 7217 901 7682
1321833600 856 7154 903 7670
1321747200 856 7152 901 7478
1321660800 3143 43775 54652 2101991
1321574400 2536 19171 13514 270249
1321488000 5291 27564 211158 452178
1321401600 2833 23054 11151 178942
1321315200 4045 28786 176542 619434
1321228800 855 7161 914 7942
1321142400 856 7167 903 8049
1321056000 5271 27013 755499 422453
1320969600 3183 35932 21505 1029009
1320883200 2690 20051 182978 657826
1320796800 3028 16694 381701 778455
1320710400 2393 14728 11428 143838
1320624000 16 392 50 773
1320537600 16 395 44 704
1320451200 41741 3007886 159513 11952696
1320364800 18004 1055237 157436 11637511
1320278400 3291577 121720 12232612 1158992
1320192000 2177 11112 10267 175865
1320105600 3095 16186 152922 144923
1320019200 16 337 46 535
1319932800 16 350 49 565
1319846400 2555 21867 19806 843577
1319760000 1824 5955 13577 85802
1319673600 3127 16586 178280 411611
1319587200 1754 10554 19295 97386
1319500800 2116 14699 29607 141594
1319414400 87 409 117 641
1319328000 87 428 116 636
1319241600 2487 24088 14449 342850
1319155200 2842 14742 196736 557083
1319068800 63806 21202 3744633 2712108
1318982400 1951 10607 13068 196838
1318896000 2217 21439 38830 692138
1318809600 92 872 227 1115
1318723200 91 889 166 1103
1318636800 3425 46674 246770 2725229
1318550400 3108 30952 123951 910657
1318464000 1192 9250 22631 190673
1318377600 977 3951 4766 49876
1318291200 126781 3526 4794312 80019
1318204800 156 483 175 538
1318118400 155 500 172 583
1318032000 1769 7337 14854 543178
1317945600 1484 8483 23227 854510
1317859200 1611 9381 10440 153526
1317772800 1439 8945 13300 73480
1317686400 1929 12986 60588 217263
1317600000 17 408 50 908
1317513600 17 429 70 957
1317427200 1713 8671 110000 156657
1317340800 3026 18122 11905 208997
1317254400 2996 26077 18841 321625
1317168000 44811 13150 4126237 188117
1317081600 2206 18518 10625 148185
1316995200 14 366 36 441
1316908800 13 379 28 447
1316822400 13740 17606 1335694 114567
1316736000 3098 19589 14565 284409
1316649600 3082 27331 16640 294005
1316563200 2978 20883 50565 693797
1316476800 3058 17472 66254 254990
1316390400 13 278 33 333
1316304000 13 285 34 347
1316217600 1873 7510 110748 514697
1316131200 39121 59460 3134673 722525
1316044800 14984 21311 3511833 2982733
1315958400 2489 10206 14782 503571
1315872000 2111 18258 10997 203857
1315785600 13 439 34 502
1315699200 13 447 35 535
1315612800 553 1518 1149 14966
1315526400 13563 9800 664241 116595
1315440000 1781 16604 9619 233650
1315353600 3679 73696 186647 11938267
1315267200 13 284 26 350
1315180800 13 285 26 340
1315094400 16 287 721 650
1315008000 2090 4222 489305 116611
1314921600 1167 13127 26764 1072725
1314835200 8707 35405 1104202 3990838
1314748800 7564 36321 491092 1735800
1314662400 0 0 0 0
1314576000 0 0 0 0
1314489600 0 0 0 0
1314403200 25994 19121 2262789 898450
1314316800 459 1939 7754 22102
1314230400 2721 16668 22796 276268
1314144000 3173 27848 33100 302715
1314057600 3486 18051 16457 362710
1313971200 39 299 42 350
1313884800 38 303 41 355
1313798400 2966 17362 14906 231253
1313712000 3616 20613 91790 434742
1313625600 2942 27096 17835 298825
1313539200 3419 8611 26926 62989
1313452800 92853 14693 3725808 122150
1313366400 271 595 537 2437
1313280000 325 792 895 13600
1313193600 4403 73259 37588 274598
1313107200 5390 99015 214704 287402
1313020800 3910 41989 485158 371898
1312934400 700 2284 5808 17695
1312848000 2805 12423 15846 502937
1312761600 41 325 67 455
1312675200 40 329 74 421
1312588800 1794 6557 11344 100247
1312502400 2133 6665 46445 186264
1312416000 2755 42874 20851 683612
1312329600 2039 39736 23769 892434
1312243200 2332 27462 8719 144039
1312156800 49 380 83 488
1312070400 47 387 79 481
1311984000 1922 11436 16137 193697
1311897600 1891 29568 13555 389583
1311811200 94105 69684 3595972 3664939
1311724800 206643 179453 8494780 10222229
1311638400 2650 87783 214759 8517166
1311552000 54 309 81 415
1311465600 55 325 81 428
1311379200 92840 122498 6661900 2939858
1311292800 6009 174434 71252 1850381
1311206400 5555 166702 11850 269489
1311120000 18931 181085 1607620 4432696
1311033600 2399 43115 24991 280604
1310947200 547 2668 1006 5012
1310860800 622 3838 1128 6693
1310774400 801 3100 16444 35714
1310688000 2642 83321 28222 165731
1310601600 743 10288 6030 135191
1310515200 695 4054 11660 448698
1310428800 645 3821 14133 156991
1310342400 77 482 519 1055
1310256000 77 507 401 4063
1310169600 547 2996 7844 174720
1310083200 598 6777 19454 1442910
1309996800 591 1856 4583 41634
1309910400 354 4558 15982 666175
1309824000 43 330 161 533
1309737600 45 329 146 517
1309651200 44 341 140 524
1309564800 45 480 143 868
1309478400 2344 61039 10628 328562
1309392000 1937 28946 9892 172406
1309305600 1268 9531 8076 166172
1309219200 1857 6303 264046 194240
1309132800 58 368 158 535
1309046400 55 377 148 585
