1377805802 2758728214 620531337
1377805802 124 619 124 619
1377805502 791 6506 791 6506
1377805500 796 6606 2326 36644
1377805200 2311 36405 2326 36644
1377804900 193 1271 1554 60754
1377804600 1556 60856 2367 91576
1377804300 2352 90975 2367 91576
1377804000 180 1435 181 1443
1377803700 144 1446 248 1978
1377803400 247 1974 248 1978
1377803100 178 1486 192 1490
1377802800 216 1493 3937 137111
1377802500 3924 136655 3937 137111
1377802200 71 382 89 466
1377801900 89 465 90 466
1377801600 90 403 97 430
1377801300 99 430 768 670
1377801000 765 678 768 1889
1377800700 371 1879 373 1889
1377800400 154 505 234 506
1377800100 233 504 234 694
1377799800 169 694 633 831
1377799500 630 830 633 831
1377799200 29 584 30 585
1377798900 19 487 20 757
1377798600 15 755 15 757
1377798300 14 508 15 509
1377798000 8 473 8 756
1377797700 8 755 40 756
1377797400 39 623 40 673
1377797100 16 671 17 673
1377796800 13 479 14 480
1377796500 2 389 21 654
1377796200 21 652 25 654
1377795900 25 455 27 541
1377795600 26 540 27 541
1377795300 15 488 37 714
1377795000 37 712 60 714
1377794700 60 429 197 810
1377794400 196 813 197 1365
1377794100 134 1374 269 2729
1377793800 268 2723 269 2729
1377793500 141 954 416 1015
1377793200 421 1127 1989 34659
1377792900 1986 34441 1989 34659
1377792600 1530 2077 1541 2085
1377792300 36 1019 44 1023
1377792000 43 454 44 455
1377791700 18 380 122 480
1377791400 121 479 122 480
1377791100 106 490 279 5851
1377790800 278 5833 279 5851
1377790500 256 599 257 724
1377790200 207 724 511 855
1377789900 508 852 511 855
1377789600 94 426 95 427
1377789300 26 440 363 6668
1377789000 361 6627 363 6668
1377788700 195 542 196 543
1377788400 24 501 25 502
1377788100 19 464 20 543
1377787800 14 542 15 543
1377787500 8 514 16 519
1377787200 15 518 16 519
1377786900 7 417 125 712
1377786600 124 711 125 712
1377786300 8 556 20 557
1377786000 20 446 28 499
1377785700 27 499 28 590
1377785400 26 589 27 590
1377785100 12 408 25 513
1377784800 25 513 39 550
1377784500 42 554 507 1280
1377784200 505 1278 507 1280
1377783900 143 698 281 704
1377783600 283 704 581 740
1377783300 579 740 581 812
1377783000 437 924 3120 34660
1377782700 3100 34432 3120 34660
1377782400 158 597 803 1849
1377782100 807 1865 2005 6876
1377781800 1995 6836 2005 6876
1377781500 579 984 581 4422
1377781200 432 4432 2045 5940
1377780900 2038 5921 2045 5940
1377780600 14 453 15 539
1377780300 12 538 13 539
1377780000 8 429 347 430
1377779700 344 417 347 531
1377779400 31 530 32 531
1377779100 6 395 7 396
1377778800 7 298 8 324
1377778500 8 324 16 384
1377778200 15 383 16 384
1377777900 7 270 25 425
1377777600 24 424 25 425
1377777300 8 334 27 348
1377777000 26 347 27 348
1377776700 8 317 9 342
1377776400 7 341 18 342
1377776100 18 341 27 394
1377775800 26 394 27 395
1377775500 20 394 21 395
1377775200 9 360 10 392
1377774900 8 391 12 392
1377774600 11 255 12 285
1377774300 7 284 20 285
1377774000 19 272 20 273
1377773700 17 255 18 256
1377773400 10 241 11 242
1377773100 8 233 9 280
1377772800 3 279 6 280
1377772500 6 249 12 251
1377772200 12 251 18 254
1377771900 17 253 18 254
1377771600 9 245 10 299
1377771300 8 298 12 299
1377771000 11 252 12 253
1377770700 7 244 20 252
1377770400 20 252 27 291
1377770100 26 290 27 291
1377769800 10 242 13 285
1377769500 12 284 13 285
1377769200 1 228 8 264
1377768900 8 263 11 264
1377768600 11 222 25 277
1377768300 24 277 25 279
1377768000 7 278 8 279
1377767700 8 251 11 252
1377767400 10 240 11 263
1377767100 7 262 9 263
1377766800 9 235 27 384
1377766500 26 382 27 384
1377766200 6 232 6 259
1377765900 6 258 7 259
1377765600 7 235 8 244
1377765300 8 243 13 244
1377765000 13 235 38 348
1377764700 37 347 38 348
1377764400 7 231 8 260
1377764100 8 259 11 260
1377763800 11 231 33 286
1377763500 32 285 33 286
1377763200 9 274 24 278
1377762900 23 277 24 278
1377762600 4 227 9 263
1377762300 8 262 9 263
1377762000 7 245 8 290
1377761700 8 289 23 290
1377761400 23 224 70 687
1377761100 69 684 70 687
1377760800 33 256 34 257
1377760500 8 241 11 242
1377760200 10 241 11 301
1377759900 7 300 9 301
1377759600 9 219 18 285
1377759300 17 284 18 285
1377759000 4 221 9 247
1377758700 8 247 9 278
1377758400 8 277 19 278
1377758100 18 254 19 255
1377757800 11 245 29 318
1377757500 28 317 29 318
1377757200 8 237 8 286
1377756900 8 285 12 286
1377756600 11 230 12 250
1377756300 7 249 9 250
1377756000 9 231 21 269
1377755700 20 268 21 269
1377755400 10 240 11 279
1377755100 8 278 9 279
1377754800 7 253 8 254
1377754500 8 241 11 242
1377754200 11 240 22 274
1377753900 21 274 22 285
1377753600 18 284 19 285
1377753300 8 239 11 255
1377753000 10 254 11 255
1377752700 6 238 7 239
1377752400 2 220 27 348
1377752100 26 347 27 348
1377751800 10 243 11 244
1377751500 8 237 9 238
1377751200 7 235 8 245
1377750900 8 245 12 280
1377750600 12 280 28 307
1377750300 27 306 28 307
1377750000 7 222 8 266
1377749700 8 265 11 266
1377749400 10 237 11 251
1377749100 1 251 9 273
1377748800 9 273 27 276
1377748500 26 275 27 276
1377748200 11 242 26 265
1377747900 25 264 26 265
1377747600 7 236 9 279
1377747300 9 278 11 279
1377747000 11 240 39 318
1377746700 39 341 79 3780
1377746400 78 3768 79 3780
1377746100 40 297 41 302
1377745800 20 301 21 302
1377745500 7 240 9 240
1377745200 9 240 27 288
1377744900 26 287 27 288
1377744600 10 239 11 242
1377744300 9 242 34 307
1377744000 33 306 34 307
1377743700 6 233 7 239
1377743400 5 239 13 247
1377743100 13 247 23 325
1377742800 22 324 23 325
1377742500 8 293 12 294
1377742200 11 250 12 266
1377741900 7 265 9 266
1377741600 9 231 9 253
1377741300 9 253 37 343
1377741000 36 342 37 343
1377740700 8 252 9 253
1377740400 6 226 7 239
1377740100 1 239 12 251
1377739800 12 251 12 258
1377739500 12 258 23 323
1377739200 22 322 23 323
1377738900 8 257 12 274
1377738600 11 273 12 274
1377738300 7 249 9 250
1377738000 9 240 11 312
1377737700 11 311 27 312
1377737400 26 266 27 267
1377737100 7 266 8 267
1377736800 1 224 11 256
1377736500 11 256 11 280
1377736200 11 279 14 280
1377735900 14 261 27 293
1377735600 26 292 27 293
1377735300 19 266 20 267
1377735000 11 250 12 300
1377734700 10 300 11 307
1377734400 9 306 12 307
1377734100 12 295 23 316
1377733800 22 315 23 316
1377733500 9 280 11 289
1377733200 11 289 15 324
1377732900 14 323 15 324
1377732600 12 282 12 286
1377732300 12 286 23 333
1377732000 23 333 45 360
1377731700 45 361 264 736
1377731400 262 733 264 736
1377731100 111 340 112 368
1377730800 92 368 143 410
1377730500 143 411 185 574
1377730200 191 673 2177 30350
1377729900 2167 30155 2177 30350
1377729600 680 1145 685 1151
1377729300 22 330 23 375
1377729000 12 375 82 448
1377728700 82 448 110 515
1377728400 110 515 202 711
1377728100 201 710 202 711
1377727800 145 467 233 890
1377727500 234 925 472 6141
1377727200 477 6140 2136 6141
1377726900 2121 5955 2136 5992
1377726600 32 565 48 566
1377726300 48 405 194 673
1377726000 193 673 194 812
1377725700 176 810 177 812
1377725400 104 563 279 910
1377725100 277 907 279 910
1377724800 77 605 188 1808
1377724500 187 1800 188 1808
1377724200 114 714 142 1784
1377723900 141 1775 142 1784
1377723600 75 531 151 685
1377723300 150 684 151 685
1377723000 98 649 258 920
1377722700 257 918 258 920
1377722400 129 675 130 676
1377722100 108 587 109 588
1377721800 74 584 410 1231
1377721500 408 1227 410 1231
1377721200 152 635 356 782
1377720900 354 781 356 782
1377720600 115 733 116 734
1377720300 94 634 95 635
1377720000 94 517 116 694
1377719700 116 694 154 705
1377719400 154 703 170 705
1377719100 170 554 198 709
1377718800 199 712 353 1199
1377718500 351 1195 353 1199
1377718200 79 698 124 699
1377717900 123 555 124 612
1377717600 95 611 96 612
1377717300 90 503 125 683
1377717000 124 682 125 683
1377716700 95 558 153 1428
1377716400 155 1427 815 1428
1377716100 812 1160 815 1162
1377715800 130 693 153 1885
1377715500 164 1888 1828 2472
1377715200 1816 2459 1828 2472
1377714900 50 576 51 577
1377714600 18 465 31 525
1377714300 30 525 31 555
1377714000 4 554 13 555
1377713700 13 546 19 564
1377713400 19 564 22 662
1377713100 22 660 50 662
1377712800 49 484 50 485
1377712500 18 477 77 713
1377712200 76 711 77 713
1377711900 12 432 13 452
1377711600 8 452 16 500
1377711300 16 501 25 674
1377711000 25 673 29 674
1377710700 29 578 72 579
1377710400 71 480 72 481
1377710100 9 449 19 450
1377709800 19 394 21 395
1377709500 21 366 59 498
1377709200 58 498 59 542
1377708900 24 542 35 567
1377708600 35 567 44 570
1377708300 43 570 44 649
1377708000 7 648 16 649
1377707700 16 575 46 659
1377707400 46 658 69 659
1377707100 69 552 90 1021
1377706800 89 1017 90 1021
1377706500 49 496 173 654
1377706200 172 653 173 654
1377705900 69 531 70 532
1377705600 55 510 164 630
1377705300 165 633 447 1216
1377705000 445 1212 447 1216
1377704700 149 647 150 679
1377704400 105 683 723 1415
1377704100 731 1439 2002 5092
1377703800 1995 5076 2002 5092
1377703500 86 496 87 497
1377703200 54 400 162 572
1377702900 162 573 274 1024
1377702600 273 1044 274 4052
1377702300 298 4030 4327 4052
1377702000 4300 786 4327 787
1377701700 287 735 289 737
1377701400 79 474 122 621
1377701100 122 620 169 621
1377700800 169 620 280 772
1377700500 279 771 280 772
1377700200 80 497 213 552
1377699900 212 564 213 2466
1377699600 144 2455 175 2466
1377699300 177 871 523 3634
1377699000 520 3613 523 3634
1377698700 117 549 118 550
1377698400 54 381 78 443
1377698100 77 443 78 547
1377697800 48 545 67 547
1377697500 67 359 109 505
1377697200 108 504 109 505
1377696900 107 500 108 501
1377696600 62 453 236 687
1377696300 239 689 815 1081
1377696000 815 1080 842 1081
1377695700 840 1103 842 6122
1377695400 672 6092 1928 6122
1377695100 1921 1738 1928 1743
1377694800 9 493 51 537
1377694500 50 536 51 537
1377694200 16 431 26 437
1377693900 25 437 26 486
1377693600 9 485 10 486
1377693300 1 355 20 400
1377693000 19 399 20 400
1377692700 11 379 12 380
1377692400 7 370 13 371
1377692100 13 300 32 531
1377691800 31 530 32 531
1377691500 10 429 11 430
1377691200 9 314 12 372
1377690900 12 372 19 423
1377690600 19 422 36 423
1377690300 35 377 36 435
1377690000 4 434 8 435
1377689700 8 393 20 621
1377689400 19 619 20 621
1377689100 8 449 12 650
1377688800 12 648 13 650
1377688500 13 267 27 397
1377688200 26 396 27 397
1377687900 11 298 19 299
1377687600 19 296 24 352
1377687300 23 351 24 352
1377687000 14 317 18 359
1377686700 17 358 18 359
1377686400 11 294 20 322
1377686100 19 321 20 322
1377685800 11 288 12 293
1377685500 11 293 12 354
1377685200 8 354 28 367
1377684900 27 366 28 367
1377684600 11 316 11 317
1377684300 10 316 11 317
1377684000 9 285 11 286
1377683700 10 285 11 336
1377683400 8 335 28 336
1377683100 27 322 28 323
1377682800 10 311 11 312
1377682500 8 285 11 319
1377682200 11 319 16 329
1377681900 15 328 16 329
1377681600 7 316 29 377
1377681300 28 376 29 377
1377681000 10 303 11 304
1377680700 7 277 12 367
1377680400 12 366 12 367
1377680100 12 302 15 303
1377679800 14 300 15 301
1377679500 10 288 29 382
1377679200 28 381 29 382
1377678900 8 274 12 331
1377678600 12 330 16 331
1377678300 15 321 16 322
1377678000 7 304 13 305
1377677700 13 298 27 348
1377677400 26 347 27 348
1377677100 6 333 7 334
1377676800 6 278 12 292
1377676500 12 292 14 298
1377676200 13 297 14 298
1377675900 10 289 17 375
1377675600 16 374 17 375
1377675300 11 285 12 286
1377675000 11 285 17 317
1377674700 16 316 17 317
1377674400 7 292 28 336
1377674100 27 336 28 380
1377673800 21 379 22 380
1377673500 1 292 13 307
1377673200 13 306 25 307
1377672900 25 290 63 589
1377672600 62 588 63 589
1377672300 28 352 29 353
1377672000 8 307 12 308
1377671700 11 291 12 291
1377671400 11 291 16 302
1377671100 15 302 16 326
1377670800 8 325 9 326
1377670500 9 292 31 351
1377670200 30 350 31 351
1377669900 12 285 12 286
1377669600 11 286 12 344
1377669300 1 343 14 344
1377669000 14 301 30 363
1377668700 29 362 30 363
1377668400 7 292 12 293
1377668100 12 285 23 299
1377667800 22 299 23 357
1377667500 15 356 16 357
1377667200 7 295 25 335
1377666900 24 334 25 335
1377666600 14 309 15 310
1377666300 6 296 7 331
1377666000 6 330 12 331
1377665700 11 300 12 308
1377665400 11 308 28 310
1377665100 27 309 28 310
1377664800 7 290 12 332
1377664500 12 331 12 332
1377664200 12 274 23 292
1377663900 22 292 23 298
1377663600 7 298 24 310
1377663300 23 309 24 310
1377663000 14 281 15 306
1377662700 1 305 13 306
1377662400 12 302 13 303
1377662100 11 274 11 291
1377661800 11 290 19 291
1377661500 19 288 25 404
1377661200 24 403 25 404
1377660900 11 283 12 288
1377660600 11 288 12 289
1377660300 11 289 12 342
1377660000 10 341 11 342
1377659700 8 318 24 346
1377659400 23 345 24 346
1377659100 7 292 13 300
1377658800 13 300 15 306
1377658500 15 306 35 311
1377658200 35 321 76 1953
1377657900 75 1947 76 1953
1377657600 70 386 71 387
1377657300 13 278 15 278
1377657000 14 277 15 278
1377656700 11 252 12 350
1377656400 11 349 27 350
1377656100 26 328 27 329
1377655800 14 292 15 301
1377655500 7 300 9 301
1377655200 9 289 15 325
1377654900 14 324 15 325
1377654600 4 289 14 290
1377654300 14 278 23 355
1377654000 22 354 23 355
1377653700 11 296 15 359
1377653400 14 358 15 359
1377653100 12 343 14 344
1377652800 13 340 14 341
1377652500 8 338 43 438
1377652200 42 437 43 438
1377651900 1 326 9 385
1377651600 9 384 11 385
1377651300 11 331 11 367
1377651000 11 366 12 367
1377650700 12 360 23 385
1377650400 22 384 23 385
1377650100 8 357 15 358
1377649800 14 348 15 349
1377649500 11 335 12 394
1377649200 10 393 11 394
1377648900 7 372 25 404
1377648600 25 404 43 459
1377648300 42 458 43 459
1377648000 12 360 19 401
1377647700 18 400 19 401
1377647400 11 362 16 363
1377647100 16 357 24 443
1377646800 23 442 24 443
1377646500 7 360 23 424
1377646200 23 423 40 424
1377645900 39 380 40 404
1377645600 30 404 86 535
1377645300 86 535 227 561
1377645000 226 560 227 561
1377644700 163 500 164 501
1377644400 62 445 62 446
1377644100 62 392 71 483
1377643800 71 483 154 493
1377643500 153 492 154 493
1377643200 79 450 131 484
1377642900 130 483 131 484
1377642600 76 452 509 2357
1377642300 505 2344 509 2357
1377642000 54 474 224 1753
1377641700 223 1745 224 1753
1377641400 86 569 215 901
1377641100 214 899 215 901
1377640800 100 564 537 2080
1377640500 537 2076 623 2080
1377640200 623 990 633 1091
1377639900 632 1091 633 1138
1377639600 583 1137 660 1138
1377639300 659 1022 660 1091
1377639000 557 1107 558 3522
1377638700 537 3503 539 3522
1377638400 339 763 378 917
1377638100 377 917 378 918
1377637800 355 917 420 918
1377637500 419 867 420 1097
1377637200 403 1095 404 1097
1377636900 378 907 379 908
1377636600 342 839 466 1943
1377636300 468 1944 770 2115
1377636000 768 2108 770 2115
1377635700 538 1138 554 1186
1377635400 554 1192 644 2088
1377635100 643 2080 644 2088
1377634800 566 1025 567 1183
1377634500 488 1184 834 1366
1377634200 833 1363 834 1366
1377633900 702 1057 793 1176
1377633600 791 1175 793 1176
1377633300 534 1098 648 1154
1377633000 649 1158 954 2610
1377632700 951 2610 954 2667
1377632400 593 2664 594 2667
1377632100 588 2057 590 2058
1377631800 284 1800 333 3726
1377631500 333 3745 438 9666
1377631200 437 9658 438 9666
1377630900 418 7390 419 7409
1377630600 302 1816 303 1819
1377630300 188 1075 450 1076
1377630000 450 1049 501 3638
1377629700 498 3624 501 3638
1377629400 90 1651 169 1658
1377629100 179 651 1683 3590
1377628800 1678 3604 1683 5739
1377628500 1075 5704 1082 5739
1377628200 72 582 567 2325
1377627900 565 2319 567 2325
1377627600 219 777 1157 14721
1377627300 1157 14761 1173 27017
1377627000 1172 27001 1173 27017
1377626700 1139 24646 1141 25008
1377626400 912 25001 913 25008
1377626100 849 22782 855 22931
1377625800 117 630 142 945
1377624600 105 507 173 589
1377622800 1649 27746 9336 163972
1377621000 525 1616 2467 6412
1377619200 83 571 166 714
1377617400 403 7146 1396 38872
1377615600 234 915 748 3728
1377613800 171 1265 317 3728
1377612000 79 655 177 885
1377610200 314 1644 997 4654
1377608400 176 679 997 1731
1377606600 12 489 26 529
1377604800 15 466 26 728
1377603000 11 338 24 400
1377601200 15 356 26 476
1377599400 24 482 60 1177
1377597600 11 320 21 355
1377595800 11 359 36 445
1377594000 13 341 32 381
1377592200 11 351 37 481
1377590400 11 339 22 400
1377588600 12 327 20 362
1377586800 13 318 27 363
1377585000 12 334 26 360
1377583200 14 340 28 372
1377581400 11 358 28 409
1377579600 10 333 24 357
1377577800 14 334 28 388
1377576000 10 329 24 363
1377574200 14 350 28 421
1377572400 14 362 34 547
1377570600 46 1339 146 6199
1377568800 12 331 23 373
1377567000 10 338 19 374
1377565200 11 347 23 407
1377563400 13 395 30 569
1377561600 15 406 33 475
1377559800 70 410 356 449
1377558000 69 430 131 516
1377556200 131 1466 257 5286
1377554400 133 687 250 813
1377552600 96 689 152 775
1377550800 88 630 200 713
1377549000 355 2560 1338 11978
1377547200 117 628 205 706
1377545400 76 601 104 663
1377543600 119 702 213 847
1377541800 268 2356 552 5568
1377540000 102 2007 167 5568
1377538200 256 1011 873 2706
1377536400 98 663 215 763
1377534600 168 657 542 842
1377532800 37 650 71 905
1377531000 15 586 41 663
1377529200 79 972 289 6949
1377527400 99 1918 289 6949
1377525600 75 831 154 1732
1377523800 392 1604 1209 6026
1377522000 10 509 26 600
1377520200 15 430 26 468
1377518400 10 447 17 724
1377516600 10 259 21 314
1377514800 11 256 23 300
1377513000 10 269 24 300
1377511200 27 360 58 842
1377509400 9 257 22 302
1377507600 10 256 28 365
1377505800 9 257 24 303
1377504000 11 265 24 361
1377502200 9 263 23 306
1377500400 10 256 24 299
1377498600 10 266 25 313
1377496800 11 256 35 287
1377495000 9 259 23 285
1377493200 12 262 347 319
1377491400 66 269 347 343
1377489600 10 258 36 332
1377487800 10 249 23 302
1377486000 12 259 28 311
1377484200 10 268 24 296
1377482400 14 260 27 304
1377480600 10 262 23 298
1377478800 10 256 23 299
1377477000 9 257 23 299
1377475200 11 260 29 306
1377473400 11 255 24 300
1377471600 9 252 28 300
1377469800 16 313 53 567
1377468000 30 595 53 2149
1377466200 12 260 28 291
1377464400 12 256 26 334
1377462600 9 254 26 302
1377460800 12 260 40 344
1377459000 9 260 23 318
1377457200 10 261 23 283
1377455400 10 254 26 298
1377453600 15 255 29 308
1377451800 10 254 24 335
1377450000 12 251 29 340
1377448200 11 254 24 282
1377446400 11 255 40 316
1377444600 11 255 25 312
1377442800 10 269 30 320
1377441000 10 255 24 303
1377439200 11 253 34 336
1377437400 13 256 26 299
1377435600 9 256 29 337
1377433800 11 261 24 349
1377432000 11 256 23 295
1377430200 9 257 24 278
1377428400 12 261 33 281
1377426600 10 260 24 297
1377424800 10 251 33 280
1377423000 8 252 17 297
1377421200 13 264 30 328
1377419400 9 254 23 318
1377417600 10 253 20 298
1377415800 12 267 20 303
1377414000 67 269 344 296
1377412200 11 258 25 293
1377410400 10 257 23 284
1377408600 11 259 26 288
1377406800 12 262 28 373
1377405000 11 264 21 315
1377403200 11 253 30 290
1377401400 13 268 40 319
1377399600 9 250 18 280
1377397800 10 261 26 311
1377396000 12 261 24 299
1377394200 9 256 27 312
1377392400 12 254 27 288
1377390600 8 254 24 291
1377388800 11 273 18 308
1377387000 10 280 30 319
1377385200 13 269 31 292
1377383400 13 324 55 572
1377381600 25 304 55 344
1377379800 19 511 44 1702
1377378000 10 268 21 303
1377376200 9 298 27 326
1377374400 10 271 17 306
1377372600 11 281 37 338
1377370800 12 284 22 418
1377369000 12 269 22 326
1377367200 18 295 59 365
1377365400 10 256 24 328
1377363600 14 258 27 346
1377361800 8 254 27 306
1377360000 12 256 22 306
1377358200 9 269 28 371
1377356400 10 251 21 294
1377354600 9 255 27 292
1377352800 12 262 29 339
1377351000 8 248 15 298
1377349200 11 253 30 343
1377347400 11 259 23 331
1377345600 10 270 29 325
1377343800 9 261 27 315
1377342000 11 265 35 354
1377340200 13 263 27 304
1377338400 65 269 343 303
1377336600 12 263 27 302
1377334800 10 265 27 324
1377333000 10 262 27 327
1377331200 11 272 30 309
1377329400 10 270 28 319
1377327600 11 268 23 306
1377325800 10 268 30 328
1377324000 12 269 23 335
1377322200 8 256 22 330
1377320400 13 265 23 293
1377318600 8 262 27 308
1377316800 11 276 23 305
1377315000 9 269 22 330
1377313200 12 272 24 315
1377311400 8 260 25 303
1377309600 9 268 23 333
1377307800 31 485 71 1530
1377306000 19 293 42 337
1377304200 11 302 21 407
1377302400 12 331 27 407
1377300600 13 334 80 375
1377298800 196 1022 350 3285
1377297000 169 1435 283 3285
1377295200 101 635 339 1727
1377293400 13 405 31 451
1377291600 26 566 52 711
1377289800 20 601 58 664
1377288000 158 1269 265 2517
1377286200 148 980 218 2125
1377284400 273 1056 774 2893
1377282600 160 793 334 1656
1377280800 126 518 153 594
1377279000 147 635 207 2591
1377277200 35 791 63 2591
1377275400 14 432 30 502
1377273600 16 532 32 639
1377271800 13 583 28 659
1377270000 143 699 296 946
1377268200 947 1679 3242 2383
1377266400 242 760 672 1135
1377264600 158 1273 1012 3033
1377262800 969 16151 2147 55420
1377261000 366 4506 2147 24742
1377259200 15 466 29 828
1377257400 10 300 22 334
1377255600 12 304 29 396
1377253800 13 307 27 339
1377252000 10 295 23 315
1377250200 12 302 24 331
1377248400 27 364 61 533
1377246600 12 306 24 345
1377244800 10 297 29 365
1377243000 15 307 38 393
1377241200 11 295 25 367
1377239400 11 301 39 362
1377237600 12 302 27 360
1377235800 11 300 25 342
1377234000 16 322 34 358
1377232200 11 300 24 343
1377230400 11 299 29 333
1377228600 13 305 25 386
1377226800 11 298 29 349
1377225000 9 299 23 335
1377223200 15 303 29 351
1377221400 9 301 16 355
1377219600 25 571 73 1794
1377217800 19 346 47 421
1377216000 18 358 47 422
1377214200 18 375 210 1568
1377212400 160 997 993 2397
1377210600 1034 9493 1939 21673
1377208800 294 986 645 1926
1377207000 229 1409 289 3216
1377205200 284 1074 613 1499
1377203400 323 891 545 1178
1377201600 170 724 238 855
1377199800 265 1827 389 3853
1377198000 2247 2669 9823 12302
1377196200 221 2301 411 8584
1377194400 1955 29942 9572 165992
1377192600 244 1175 810 2742
1377190800 205 5878 800 32022
1377189000 312 1124 427 2397
1377187200 251 1558 455 3259
1377185400 107 722 139 879
1377183600 166 1188 437 1817
1377181800 151 679 437 890
1377180000 354 1475 446 4591
1377178200 861 18199 3082 98602
1377176400 110 637 595 1111
1377174600 30 915 74 3137
1377172800 15 447 40 769
1377171000 10 299 25 350
1377169200 13 305 24 325
1377167400 13 309 35 368
1377165600 13 300 29 337
1377163800 12 313 44 349
1377162000 13 306 29 356
1377160200 12 294 27 367
1377158400 12 298 22 329
1377156600 13 302 30 389
1377154800 11 298 22 330
1377153000 13 300 35 365
1377151200 11 297 25 355
1377149400 10 310 26 348
1377147600 12 302 23 375
1377145800 13 306 22 399
1377144000 13 299 23 337
1377142200 12 303 27 347
1377140400 13 302 28 350
1377138600 11 308 25 351
1377136800 13 309 26 358
1377135000 15 303 46 380
1377133200 15 321 41 389
1377131400 14 347 34 421
1377129600 69 361 343 447
1377127800 73 414 193 519
1377126000 190 630 504 1009
1377124200 827 2146 3307 5961
1377122400 299 3846 707 16193
1377120600 124 595 164 654
1377118800 1029 2589 5548 12319
1377117000 207 1344 388 4569
1377115200 345 3009 597 11422
1377113400 273 959 1013 2818
1377111600 188 1144 297 3575
1377109800 191 917 420 1652
1377108000 94 967 382 3061
1377106200 77 486 157 630
1377104400 180 711 279 923
1377102600 160 905 581 1831
1377100800 114 864 835 1818
1377099000 5533 7417 7679 12933
1377097200 191 699 547 1147
1377095400 42 519 203 842
1377093600 142 652 219 1063
1377091800 363 3449 1296 8764
1377090000 191 930 1080 2902
1377088200 9 447 19 587
1377086400 11 410 35 632
1377084600 11 304 35 358
1377082800 12 300 23 358
1377081000 7 300 27 339
1377079200 12 297 27 352
1377077400 11 311 27 361
1377075600 9 291 25 343
1377073800 10 297 49 340
1377072000 26 409 55 925
1377070200 10 293 19 343
1377068400 12 306 33 378
1377066600 9 316 26 377
1377064800 9 298 25 327
1377063000 11 305 25 320
1377061200 11 311 33 360
1377059400 66 317 349 352
1377057600 45 1626 176 8160
1377055800 9 303 25 342
1377054000 10 299 30 342
1377052200 9 301 22 330
1377050400 13 326 35 402
1377048600 8 290 24 334
1377046800 11 322 24 344
1377045000 21 378 67 861
1377043200 15 463 36 861
1377041400 24 694 145 2482
1377039600 321 2483 532 8097
1377037800 564 6519 738 8798
1377036000 575 3352 807 8798
1377034200 332 1513 449 3621
1377032400 174 920 573 2157
1377030600 155 603 258 733
1377028800 332 1783 1188 7701
1377027000 163 1269 199 2403
1377025200 151 632 241 828
1377023400 162 615 288 713
1377021600 156 682 199 1028
1377019800 139 656 182 1562
1377018000 203 808 326 1562
1377016200 10 495 21 547
1377014400 14 661 48 1375
1377012600 18 539 77 645
1377010800 197 718 831 1418
1377009000 102 606 150 713
1377007200 122 621 229 879
1377005400 162 831 992 1272
1377003600 174 569 992 1086
1377001800 7 376 9 416
1377000000 5 437 18 590
1376998200 13 333 28 456
1376996400 16 319 74 444
1376994600 8 262 22 316
1376992800 6 259 13 296
1376991000 5 261 9 297
1376989200 7 256 9 285
1376987400 7 265 20 306
1376985600 7 257 19 320
1376983800 23 396 45 925
1376982000 64 268 351 314
1376980200 5 264 19 297
1376978400 8 260 19 292
1376976600 5 262 9 314
1376974800 8 265 19 326
1376973000 7 262 9 293
1376971200 6 255 13 301
1376969400 7 267 9 294
1376967600 8 258 19 290
1376965800 7 268 9 306
1376964000 5 261 8 292
1376962200 7 269 19 311
1376960400 5 266 9 318
1376958600 7 271 9 312
1376956800 7 273 21 329
1376955000 38 1366 129 6526
1376953200 66 884 287 3515
1376951400 150 918 287 3342
1376949600 6599 13907 25994 25666
1376947800 179 882 437 2549
1376946000 835 2648 2715 11624
1376944200 327 1489 747 2851
1376942400 218 3436 6011 21012
1376940600 1455 10178 6011 21012
1376938800 172 1118 316 2464
1376937000 187 677 1014 1670
1376935200 7 390 12 481
1376933400 66 499 186 612
1376931600 310 1050 1078 2938
1376929800 143 666 608 1001
1376928000 108 552 608 1001
1376926200 19 611 58 1355
1376924400 41 428 105 537
1376922600 5 430 9 514
1376920800 88 875 1956 3115
1376919000 334 764 1956 2106
1376917200 7 489 10 587
1376915400 10 440 74 906
1376913600 18 405 74 906
1376911800 62 268 331 321
1376910000 10 265 31 295
1376908200 5 264 9 307
1376906400 8 261 24 335
1376904600 7 264 9 299
1376902800 4 257 9 296
1376901000 7 264 9 296
1376899200 7 267 20 298
1376897400 7 266 21 291
1376895600 23 479 57 1514
1376893800 7 266 9 294
1376892000 5 259 8 274
1376890200 7 266 9 297
1376888400 8 265 20 310
1376886600 6 266 11 298
1376884800 6 267 12 294
1376883000 7 268 21 296
1376881200 7 259 8 290
1376879400 8 274 20 312
1376877600 7 260 11 295
1376875800 5 262 9 311
1376874000 7 261 19 302
1376872200 7 274 19 316
1376870400 7 257 9 288
1376868600 7 266 19 301
1376866800 17 309 41 550
1376865000 7 267 9 300
1376863200 6 257 12 316
1376861400 8 265 20 293
1376859600 5 260 9 310
1376857800 8 278 20 310
1376856000 5 261 8 300
1376854200 7 265 11 295
1376852400 7 263 20 312
1376850600 7 264 11 277
1376848800 6 264 8 325
1376847000 7 265 20 307
1376845200 9 264 17 307
1376843400 5 267 9 290
1376841600 8 264 12 298
1376839800 7 265 10 309
1376838000 65 276 353 323
1376836200 5 264 9 298
1376834400 7 261 8 297
1376832600 7 268 19 295
1376830800 7 263 8 295
1376829000 5 268 20 299
1376827200 7 263 20 291
1376825400 7 265 9 279
1376823600 7 260 31 282
1376821800 10 270 31 301
1376820000 6 260 12 277
1376818200 7 266 12 320
1376816400 7 269 9 320
1376814600 5 265 9 306
1376812800 8 265 20 285
1376811000 5 267 9 289
1376809200 8 260 19 309
1376807400 6 270 9 293
1376805600 8 267 20 333
1376803800 6 261 8 302
1376802000 9 272 21 300
1376800200 5 265 9 309
1376798400 8 262 20 308
1376796600 7 263 9 285
1376794800 7 261 13 309
1376793000 7 270 9 292
1376791200 4 263 8 323
1376789400 8 266 22 300
1376787600 5 270 8 316
1376785800 7 278 41 345
1376784000 13 285 41 342
1376782200 6 279 9 362
1376780400 10 275 38 781
1376778600 12 372 38 781
1376776800 8 277 12 355
1376775000 7 289 20 351
1376773200 7 311 8 482
1376771400 5 285 9 304
1376769600 8 283 20 343
1376767800 5 279 9 323
1376766000 7 281 9 319
1376764200 69 307 347 389
1376762400 7 282 8 327
1376760600 5 287 9 322
1376758800 8 278 19 315
1376757000 8 296 19 329
1376755200 8 279 16 317
1376753400 10 310 30 504
1376751600 5 264 8 303
1376749800 8 277 20 312
1376748000 5 267 8 317
1376746200 7 278 8 335
1376744400 5 267 11 280
1376742600 7 267 13 301
1376740800 7 270 9 292
1376739000 4 267 8 311
1376737200 7 262 8 305
1376735400 9 274 29 331
1376733600 7 265 13 308
1376731800 7 276 12 299
1376730000 7 276 8 320
1376728200 8 267 20 301
1376726400 4 264 8 310
1376724600 7 275 9 314
1376722800 5 270 19 304
1376721000 10 267 19 325
1376719200 5 269 8 325
1376717400 7 276 9 295
1376715600 8 270 20 341
1376713800 7 269 8 297
1376712000 6 267 13 301
1376710200 7 273 20 316
1376708400 6 267 12 298
1376706600 29 538 57 1790
1376704800 5 278 8 306
1376703000 8 273 20 303
1376701200 5 283 9 335
1376699400 6 303 8 353
1376697600 6 303 19 343
1376695800 138 384 551 1208
1376694000 242 1537 394 3550
1376692200 279 1363 387 2329
1376690400 212 1262 1027 4655
1376688600 80 613 256 897
1376686800 306 2614 517 6175
1376685000 412 3628 632 7118
1376683200 197 732 502 1080
1376681400 272 925 633 3326
1376679600 280 2679 571 5394
1376677800 1148 7587 2566 26055
1376676000 1435 4074 88982 5776
1376674200 1696236 2652 7686097 3100
1376672400 1068 2904 1226 3230
1376670600 1288 3692 1611 5241
1376668800 1002 3127 1790 6227
1376667000 1317 3841 2273 6727
1376665200 1043 4003 2052 11432
1376663400 838 1936 1128 2805
1376661600 935 2356 1764 5704
1376659800 1135 8560 2781 35763
1376658000 5 472 8 552
1376656200 9 482 25 880
1376654400 5 465 19 880
1376652600 8 308 19 348
1376650800 5 297 8 362
1376649000 7 314 20 372
1376647200 25 381 58 772
1376645400 5 296 10 359
1376643600 8 304 20 336
1376641800 5 302 8 332
1376640000 7 301 8 343
1376638200 7 300 19 362
1376636400 6 303 9 362
1376634600 5 307 10 360
1376632800 8 307 19 373
1376631000 8 304 20 317
1376629200 6 302 14 354
1376627400 7 301 8 329
1376625600 8 303 19 329
1376623800 7 306 9 377
1376622000 63 312 345 384
1376620200 7 317 8 378
1376618400 14 429 47 955
1376616600 8 319 20 365
1376614800 5 319 8 336
1376613000 7 354 20 486
1376611200 6 358 8 408
1376609400 155 624 1015 3890
1376607600 451 1326 1015 3890
1376605800 263 788 428 2539
1376604000 406 1186 1290 2539
1376602200 190 780 509 1313
1376600400 234 2096 393 6391
1376598600 296 992 1031 2324
1376596800 374 11645 1134 34089
1376595000 1392 23286 2484 39428
1376593200 1781 18412 10942 170965
1376591400 1968 29619 10942 170965
1376589600 422 7151 1122 36037
1376587800 186 660 335 782
1376586000 278 1206 3845 3850
1376584200 7249 7369 8999 9607
1376582400 298 987 615 2041
1376580600 194 729 337 4541
1376578800 154 1558 294 4541
1376577000 527 3591 4249 78579
1376575200 709 13421 4249 78579
1376573400 6 482 19 609
1376571600 7 438 8 531
1376569800 4 443 8 481
1376568000 7 485 19 592
1376566200 5 461 8 877
1376564400 8 300 20 360
1376562600 5 297 8 343
1376560800 9 294 44 1704
1376559000 21 534 56 1704
1376557200 7 297 12 335
1376555400 61 299 335 405
1376553600 8 300 20 359
1376551800 5 310 8 354
1376550000 4 290 8 342
1376548200 7 299 19 356
1376546400 4 295 8 327
1376544600 7 296 19 361
1376539200 6 295 19 369
1376532000 9 380 48 1700
1376524800 169 882 3429 10023
1376517600 511 2201 1244 7575
1376510400 497 5555 3053 66224
1376503200 191 1019 370 3278
1376496000 291 1158 637 2837
1376488800 296 10849 4507 241683
1376481600 5 412 20 889
1376474400 9 351 55 630
1376467200 6 349 20 470
1376460000 7 342 21 424
1376452800 6 345 20 403
1376445600 11 473 57 2476
1376438400 245 1175 1788 11801
1376431200 679 3450 3016 28123
1376424000 905 4700 2619 28123
1376416800 1662 52517 15544 763061
1376409600 693 2707 3673 9970
1376402400 102 604 1445 3078
1376395200 0 326 0 711
1376388000 0 307 0 377
1376380800 0 306 0 375
1376373600 0 308 0 374
1376366400 0 315 0 369
1376359200 0 335 0 420
1376352000 578 1587 5250 5974
1376344800 1307 9296 8583 163216
1376337600 1514 5339 14000 40017
1376330400 1194 2635 8041 17140
1376323200 2314 45049 15499 893884
1376316000 0 455 0 740
1376308800 0 296 0 360
1376301600 0 292 0 361
1376294400 0 294 0 354
1376287200 0 295 0 364
1376280000 0 291 0 356
1376272800 0 292 0 351
1376265600 0 293 0 359
1376258400 0 296 0 359
1376251200 0 294 0 368
1376244000 0 291 0 365
1376236800 0 291 0 365
1376229600 0 293 0 378
1376222400 0 298 0 359
1376215200 0 295 0 377
1376208000 0 297 0 356
1376200800 0 303 0 373
1376193600 0 302 0 369
1376186400 0 305 0 355
1376179200 0 316 0 383
1376172000 0 322 0 433
1376164800 0 329 0 414
1376157600 0 331 0 418
1376150400 0 327 0 527
1376143200 0 309 0 367
1376136000 0 301 0 363
1376128800 0 299 0 371
1376121600 0 303 0 375
1376114400 0 300 0 357
1376107200 0 302 0 363
1376100000 0 332 0 431
1376092800 0 385 0 458
1376085600 0 516 0 677
1376078400 0 528 0 659
1376071200 0 506 0 680
1376064000 0 531 0 886
1376056800 0 437 0 886
1376049600 0 336 0 768
1376042400 0 309 0 381
1376035200 0 315 0 381
1376028000 0 317 0 389
1376020800 0 313 0 360
1376013600 0 340 0 411
1376006400 0 386 0 486
1375999200 0 536 0 633
1375992000 0 601 0 880
1375984800 0 528 0 684
1375977600 0 575 0 702
1375970400 0 512 0 751
1375963200 0 347 0 486
1375956000 0 326 0 396
1375948800 0 325 0 400
1375941600 0 324 0 419
1375934400 0 325 0 402
1375927200 0 357 0 419
1375920000 94 657 710 3740
1375912800 587 2191 2598 6450
1375905600 319 1457 506 8437
1375898400 466 4433 5966 33106
1375891200 2739 4101 8395 14098
1375884000 141 863 1138 5154
1375876800 17 335 35 399
1375869600 17 338 34 400
1375862400 16 331 34 416
1375855200 32 342 347 482
1375848000 17 333 29 393
1375840800 23 420 74 1442
1375833600 345 1402 7144 5946
1375826400 999 1507 7144 6477
1375819200 878 4009 2211 43898
1375812000 703 2811 2927 21347
1375804800 2634 5420 8781 37003
1375797600 225 1072 2432 4377
1375790400 22 384 60 648
1375783200 39 350 349 535
1375776000 21 339 48 416
1375768800 23 344 51 433
1375761600 23 342 37 413
1375754400 24 410 61 1576
1375747200 61 488 230 1756
1375740000 425 3558 1201 10774
1375732800 621 5594 1549 17006
1375725600 415 1607 1800 5025
1375718400 3304 4613 11915 17227
1375711200 181 977 1195 6181
1375704000 25 262 342 369
1375696800 12 257 36 349
1375689600 11 254 32 337
1375682400 14 296 33 1017
1375675200 12 243 37 287
1375668000 11 244 29 329
1375660800 12 241 33 284
1375653600 12 245 29 334
1375646400 12 245 49 358
1375639200 11 246 46 329
1375632000 26 248 350 290
1375624800 12 258 38 374
1375617600 10 254 32 300
1375610400 13 254 36 323
1375603200 11 255 28 319
1375596000 11 255 32 313
1375588800 12 254 33 337
1375581600 16 288 52 919
1375574400 12 259 37 348
1375567200 13 256 50 334
1375560000 13 273 60 653
1375552800 25 250 333 285
1375545600 12 260 30 333
1375538400 12 261 36 312
1375531200 10 270 37 372
1375524000 12 269 42 339
1375516800 12 274 41 379
1375509600 12 270 24 319
1375502400 12 269 39 342
1375495200 18 318 74 1165
1375488000 116 696 555 7971
1375480800 184 732 438 3378
1375473600 83014 8024 178280 82533
1375466400 82553 791 175834 3996
1375459200 444 1066 1377 4432
1375452000 160 547 1337 1903
1375444800 12 275 26 333
1375437600 14 271 33 368
1375430400 12 289 33 369
1375423200 14 313 77 734
1375416000 29 292 343 380
1375408800 20 322 68 416
1375401600 91 679 604 4956
1375394400 153 1320 601 9080
1375387200 762 12845 8628 204547
1375380000 623 2892 3516 12110
1375372800 538 2977 1121 11114
1375365600 418 3776 2408 27994
1375358400 70 628 301 1274
1375351200 67 622 326 1220
1375344000 75 593 380 1038
1375336800 63 596 309 1101
1375329600 67 617 296 1058
1375322400 62 626 284 1123
1375315200 1247 8284 9860 79027
1375308000 588 3244 1361 11728
1375300800 342 1115 1358 2627
1375293600 236 957 845 1686
1375286400 378 2887 1100 4555
1375279200 203 992 1140 3269
1375272000 65 621 322 1595
1375264800 63 611 333 1653
1375257600 65 613 307 1569
1375250400 63 624 305 1575
1375243200 68 637 329 1545
1375236000 67 628 328 1605
1375228800 127 1032 614 3822
1375221600 424 2886 1144 7556
1375214400 546 1798 1419 4183
1375207200 618 8067 9400 166769
1375200000 344 1375 2728 7557
1375192800 227 1044 1232 2881
1375185600 72 653 348 1661
1375178400 68 603 324 1575
1375171200 67 596 323 1572
1375164000 67 594 329 1581
1375156800 73 632 345 1656
1375149600 83 620 366 1621
1375142400 362 1509 2166 9653
1375135200 497 3213 2090 32844
1375128000 761 3161 1800 19012
1375120800 475 1430 1481 5121
1375113600 459 1830 959 11522
1375106400 443 2928 2000 33957
1375099200 260 746 321 1735
1375092000 255 678 277 1225
1375084800 254 675 280 1067
1375077600 255 684 283 1343
1375070400 269 697 573 1359
1375063200 254 667 277 938
1375056000 256 686 274 1243
1375048800 272 732 405 1400
1375041600 282 778 577 1964
1375034400 287 764 574 1927
1375027200 282 764 562 1943
1375020000 282 779 584 1924
1375012800 282 766 593 1911
1375005600 295 760 582 1895
1374998400 280 761 579 1936
1374991200 281 777 562 1895
1374984000 282 761 584 1937
1374976800 280 764 580 1950
1374969600 285 777 575 1931
1374962400 287 872 584 2876
1374955200 285 806 589 2083
1374948000 282 807 577 1942
1374940800 299 788 598 2030
1374933600 284 768 582 1949
1374926400 280 759 579 1932
1374919200 285 764 595 1956
1374912000 282 761 585 1971
1374904800 281 763 572 1908
1374897600 284 784 574 1937
1374890400 320 900 656 2537
1374883200 482 2615 1227 13713
1374876000 859 2690 7649 16888
1374868800 570 1934 4179 11422
1374861600 276053 1319 5484104 3658
1374854400 705 2380 3824 5941
1374847200 186 1220 1398 6475
1374840000 36 523 63 1128
1374832800 39 499 84 743
1374825600 37 509 61 1121
1374818400 40 543 100 1442
1374811200 35 496 56 915
1374804000 34 518 61 1088
1374796800 1030 1454 12396 9191
1374789600 866 8657 9805 163915
1374782400 700 8206 11041 170997
1374775200 546 1665 4347 10010
1374768000 1036 12040 8482 210113
1374760800 204 1487 1278 9876
1374753600 67 721 352 1634
1374746400 72 690 343 1677
1374739200 68 669 376 1760
1374732000 69 664 340 1704
1374724800 69 685 352 1663
1374717600 77 986 361 7793
1374710400 299 1871 1279 20681
1374703200 1081 55559 16211 1273215
1374696000 84 655 889 2919
1374688800 917 5164 8259 69685
1374681600 3984 5096 8400 11699
1374674400 191 823 1886 5355
1374667200 0 347 0 825
1374660000 0 295 0 376
1374652800 0 296 0 373
1374645600 0 302 0 371
1374638400 0 301 0 355
1374631200 0 322 0 384
1374624000 339 1466 2147 6503
1374616800 3482 79798 27842 1269075
1374609600 613 2593 1905 12225
1374602400 678 4688 3217 17873
1374595200 873 9671 3257 32518
1374588000 273 1895 1883 13293
1374580800 0 281 0 347
1374573600 0 281 0 345
1374566400 0 278 0 330
1374559200 0 285 0 347
1374552000 0 282 0 346
1374544800 0 316 0 482
1374537600 278 1742 2819 20198
1374530400 1136 6733 3310 21436
1374523200 4456 213325 94186 5036858
1374516000 10489 310688 115147 2348464
1374508800 2676 5204 8264 16086
1374501600 122 837 1843 5137
1374494400 0 238 0 843
1374487200 0 209 0 251
1374480000 0 210 0 264
1374472800 0 212 0 269
1374465600 0 210 0 264
1374458400 0 210 0 259
1374451200 0 210 0 245
1374444000 0 210 0 251
1374436800 0 207 0 256
1374429600 0 209 0 252
1374422400 0 210 0 263
1374415200 0 210 0 261
1374408000 0 209 0 250
1374400800 0 211 0 246
1374393600 0 209 0 265
1374386400 0 212 0 265
1374379200 0 208 0 256
1374372000 0 211 0 260
1374364800 0 206 0 249
1374357600 0 207 0 246
1374350400 0 210 0 253
1374343200 0 206 0 250
1374336000 0 211 0 257
1374328800 0 210 0 259
1374321600 0 211 0 253
1374314400 0 211 0 253
1374307200 0 213 0 264
1374300000 0 211 0 260
1374292800 0 213 0 247
1374285600 0 225 0 257
1374278400 319 1453 2250 9052
1374271200 545 2410 2695 9542
1374264000 57 654 455 1190
1374256800 842 1407 9551 5416
1374249600 229 1110 1241 6302
1374242400 153 984 1495 6081
1374235200 0 324 0 399
1374228000 0 327 0 393
1374220800 0 325 0 398
1374213600 0 329 0 398
1374206400 0 330 0 405
1374199200 0 336 0 420
1374192000 47 677 325 3755
1374184800 1016 7576 12370 26631
1374177600 741 13092 10267 167654
1374170400 401 2008 2628 12647
1374163200 183 933 482 2798
1374156000 104 667 1429 2503
1374148800 0 314 0 380
1374141600 0 316 0 375
1374134400 0 314 0 382
1374127200 0 322 0 376
1374120000 0 333 0 449
1374112800 0 329 0 404
1374105600 34 580 625 4975
1374098400 0 533 0 660
1374091200 145 1123 1446 5063
1374084000 136 836 468 2826
1374076800 332 2154 3191 19577
1374069600 256 3543 2706 66874
1374062400 10 381 26 668
1374055200 11 328 38 573
1374048000 8 316 26 380
1374040800 9 320 25 400
1374033600 10 318 28 414
1374026400 12 352 47 717
1374019200 1052 44932 11877 596369
1374012000 322 1314 1821 3723
1374004800 350 2476 1379 28514
1373997600 403 1101 2735 7584
1373990400 721 1664 3820 7584
1373983200 80 614 866 2768
1373976000 15 349 34 698
1373968800 18 348 69 1074
1373961600 15 316 34 413
1373954400 17 323 65 394
1373947200 28 320 351 431
1373940000 17 368 66 996
1373932800 272 2509 990 10381
1373925600 1651 4246 21732 22436
1373918400 712 2438 2440 7067
1373911200 778 9290 10266 173170
1373904000 330 1680 1041 13740
1373896800 177 804 1644 4155
1373889600 78 402 94 686
1373882400 81 438 132 1781
1373875200 92 378 420 687
1373868000 79 374 95 682
1373860800 78 374 97 695
1373853600 79 428 117 1599
1373846400 80 385 117 774
1373839200 78 384 93 693
1373832000 79 377 105 773
1373824800 77 389 91 770
1373817600 78 377 96 696
1373810400 78 370 95 708
1373803200 78 385 414 761
1373796000 91 381 414 678
1373788800 78 381 91 690
1373781600 78 367 99 699
1373774400 78 380 99 782
1373767200 77 386 91 782
1373760000 80 415 103 1152
1373752800 78 374 93 675
1373745600 78 370 92 694
1373738400 77 383 94 693
1373731200 92 385 413 718
1373724000 78 378 86 684
1373716800 79 373 103 575
1373709600 77 381 90 579
1373702400 79 385 98 698
1373695200 78 391 87 774
1373688000 80 396 110 728
1373680800 78 431 110 783
1373673600 131 658 370 1987
1373666400 164 820 908 1821
1373659200 275 1086 908 2117
1373652000 440564 3126 2583289 20550
1373644800 2212 2838 21201 19588
1373637600 211 1441 2040 9701
1373630400 81 515 110 1399
1373623200 77 489 91 803
1373616000 77 497 88 825
1373608800 78 498 96 866
1373601600 79 494 89 894
1373594400 78 505 89 872
1373587200 202 882 774 3069
1373580000 815 2396 4914 12197
1373572800 438 1988 926 7871
1373565600 303 1936 612 5263
1373558400 2643 4183 7665 9718
1373551200 218 966 1679 3631
1373544000 78 532 105 1149
1373536800 78 496 97 860
1373529600 82 553 152 1682
1373522400 77 487 105 743
1373515200 80 540 119 2085
1373508000 93 526 409 831
1373500800 103 581 674 1176
1373493600 84 723 143 1089
1373486400 471 2556 4010 13174
1373479200 923 3847 3630 19363
1373472000 910 4082 4343 26555
1373464800 190 759 1882 2793
1373457600 82 501 148 945
1373450400 77 494 100 824
1373443200 79 509 96 958
1373436000 79 497 90 792
1373428800 364 14610 6908 339744
1373421600 79 518 103 850
1373414400 169 669 859 1523
1373407200 211 814 873 1702
1373400000 484 1584 1266 6282
1373392800 557 2727 2821 20390
1373385600 751 7984 9146 165347
1373378400 222 811 1827 2775
1373371200 80 524 104 940
1373364000 83 505 115 813
1373356800 93 500 412 845
1373349600 80 496 97 879
1373342400 79 490 93 761
1373335200 85 540 154 885
1373328000 192 2736 1236 49296
1373320800 266 898 879 2333
1373313600 409 4307 1399 48482
1373306400 202 1328 760 8136
1373299200 2412 1125 141545 6093
1373292000 242882 1083 5659483 8604
1373284800 80 469 112 1066
1373277600 92 442 413 830
1373270400 77 428 88 750
1373263200 79 440 106 752
1373256000 79 430 95 743
1373248800 78 433 92 688
1373241600 79 442 94 736
1373234400 81 562 150 3456
1373227200 79 435 96 777
1373220000 78 435 92 754
1373212800 92 442 408 841
1373205600 79 436 94 767
1373198400 79 433 94 764
1373191200 79 444 92 839
1373184000 78 435 91 757
1373176800 79 446 94 834
1373169600 78 446 92 776
1373162400 78 437 96 778
1373155200 79 442 94 771
1373148000 94 499 412 2140
1373140800 83 450 156 765
1373133600 79 435 95 769
1373126400 78 447 93 823
1373119200 79 433 96 704
1373112000 79 454 97 852
1373104800 82 543 119 2479
1373097600 78 435 89 778
1373090400 80 441 95 847
1373083200 79 441 95 755
1373076000 84 505 135 2137
1373068800 93 438 412 759
1373061600 79 437 100 782
1373054400 78 436 92 765
1373047200 83 470 141 1133
1373040000 78 441 92 767
1373032800 81 442 116 807
1373025600 78 440 95 781
1373018400 82 481 129 1096
1373011200 81 442 141 846
1373004000 92 439 402 752
1372996800 78 440 92 754
1372989600 78 430 153 2245
1372982400 82 507 153 2245
1372975200 78 447 88 783
1372968000 79 435 156 761
1372960800 82 448 156 836
1372953600 81 500 119 1850
1372946400 78 448 87 771
1372939200 80 455 94 752
1372932000 92 452 408 764
1372924800 81 464 117 839
1372917600 78 448 90 782
1372910400 80 478 97 886
1372903200 78 474 95 885
1372896000 84 539 114 903
1372888800 123 585 403 853
1372881600 181 1148 451 2905
1372874400 180 1038 589 2634
1372867200 547 4044 2775 9255
1372860000 220 1027 1189 2660
1372852800 79 602 95 830
1372845600 77 609 88 934
1372838400 85 620 139 1226
1372831200 79 608 118 1047
1372824000 80 614 106 923
1372816800 78 614 88 967
1372809600 104 720 448 1141
1372802400 86 970 122 2665
1372795200 954 2820 4264 6187
1372788000 624 4798 2596 55145
1372780800 894 8898 6447 123777
1372773600 235 1352 1529 3402
1372766400 87 949 112 1963
1372759200 86 914 108 1496
1372752000 89 935 137 1571
1372744800 88 923 123 1546
1372737600 89 935 139 1818
1372730400 99 941 408 1544
1372723200 107 1126 857 8877
1372716000 853 7168 1197 9999
1372708800 371 2524 748 7274
1372701600 453 2726 1158 7861
1372694400 325 1620 835 10297
1372687200 758 5130 7148 64374
1372680000 152 902 612 1879
1372672800 134 870 155 1668
1372665600 133 861 148 1639
1372658400 148 873 465 1588
1372651200 134 883 153 1627
1372644000 133 870 153 1492
1372636800 134 884 153 1839
1372629600 134 896 163 1843
1372622400 133 877 160 1887
1372615200 133 874 154 1943
1372608000 133 881 149 1644
1372600800 133 862 154 1883
1372593600 132 882 155 1883
1372586400 147 851 461 1628
1372579200 133 871 150 1628
1372572000 134 868 160 1694
1372564800 133 861 150 1517
1372557600 132 859 153 1593
1372550400 136 846 232 1316
1372543200 135 917 161 1679
1372536000 132 869 147 1601
1372528800 134 864 155 1554
1372521600 132 872 155 1589
1372514400 147 878 446 1701
1372507200 132 850 152 1352
1372500000 136 882 196 1662
1372492800 133 862 154 1580
1372485600 133 853 149 1343
1372478400 132 849 155 1380
1372471200 137 903 177 1552
1372464000 317 1319 2149 6174
1372456800 424 1318 2641 3987
1372449600 1173 1613 12245 270085
1372442400 253744 12757 5424426 270085
1372435200 432 2584 1296 7932
1372428000 117 519 1353 1898
1372420800 12 342 26 443
1372413600 15 349 44 576
1372406400 11 334 37 429
1372399200 12 339 32 410
1372392000 13 340 31 421
1372384800 19 373 61 711
1372377600 104 589 1488 3697
1372370400 299 1061 2580 5886
1372363200 1543 1368 23848 9230
1372356000 669 2786 1990 11364
1372348800 1012 4089 13229 18126
1372341600 137 691 821 5052
1372334400 12 338 28 452
1372327200 15 361 59 862
1372320000 12 338 23 406
1372312800 14 346 56 429
1372305600 11 339 28 442
1372298400 18 382 62 721
1372291200 31 414 343 505
1372284000 21 524 56 661
1372276800 440 1026 1018 2827
1372269600 1375 2418 8727 10771
1372262400 288 1697 2092 20330
1372255200 114 652 1003 2752
1372248000 12 342 22 447
1372240800 13 340 69 568
1372233600 14 332 69 422
1372226400 25 338 336 413
1372219200 13 351 33 470
1372204800 1020 3612 226330 276859
1372118400 169 1338 7667 53948
1372032000 15 335 334 1224
1371945600 16 348 334 1942
1371859200 39236 1943 4357874 171904
1371772800 19 417 348 956
1371686400 170 1479 2173 27186
1371600000 734 2930 24148 175348
1371513600 629 4074 40334 90811
1371427200 15 324 362 2267
1371340800 17 722 1685 112537
1371254400 27358 1704 7600677 166691
1371168000 1772 3010 146814 153164
1371081600 280 2242 3158 174597
1370995200 208 1154 2519 32409
1370908800 118 961 1970 31609
1370822400 5 250 318 1820
1370736000 8 263 1115 1912
1370649600 24724 2510 6875648 172176
1370563200 797 2146 9433 38755
1370476800 424 2052 4065 251802
1370390400 499 1341 6831 17964
1370304000 824 2553 43209 172663
1370217600 329 601 635 1590
1370131200 328 607 635 1347
1370044800 10697 2559 2280515 236787
1369958400 382 2967 11532 46979
1369872000 242 1810 10433 172343
1369785600 1626 2537 411157 370574
1369699200 5 284 319 2138
1369612800 5 278 316 766
1369526400 6 292 320 1784
1369440000 16587 1916 2252143 172935
1369353600 861 30428 12426 573698
1369267200 79 648 4535 8341
1369180800 234 1908 9671 173760
1369094400 200 820 7319 11591
1369008000 9 251 316 626
1368921600 9 257 318 1102
1368835200 26547 1932 7284357 171788
1368748800 101 694 1944 11075
1368662400 554 2057 40912 180303
1368576000 709 959 56545 62091
1368489600 1630 1980 174305 291240
1368403200 9 301 342 1561
1368316800 10 304 344 1488
1368230400 25454 506 7049760 3185
1368144000 96 604 1596 10920
1368057600 143 677 2008 11949
1367971200 439 1280 3117 21116
1367884800 724 3034 7881 317644
1367798400 550 1155 875 2100
1367712000 433 1749 9316 171515
1367625600 856 2441 95478 169047
1367539200 422 1812 8287 168630
1367452800 385 4262 21262 592002
1367366400 246 1897 8938 172418
1367280000 13042 1129 3438614 169185
1367193600 7 281 343 343
1367107200 6 297 344 1990
1367020800 12 419 350 3133
1366934400 34464 3158 6973063 282783
1366848000 554 1130 3347 13644
1366761600 1047 2558 11869 172981
1366675200 757 1558 5646 46577
1366588800 116 418 452 668
1366502400 219 555 658 2310
1366416000 75062 1434 6949155 13742
1366329600 995 1561 6266 10735
1366243200 757 1876 9517 95228
1366156800 1360 2374 4460 29210
1366070400 356 1324 4082 73945
1365984000 225 680 580 2015
1365897600 226 688 576 2295
1365811200 13076 1876 178251 8984
1365724800 1365 2167 7503 13692
1365638400 1159 2613 12780 75629
1365552000 1299 2412 5191 129404
1365465600 1195 2560 5844 89252
1365379200 337 913 696 8068
1365292800 338 882 700 2601
1365206400 4481 1782 181609 17397
1365120000 1458 3224 18429 51522
1365033600 1339 4246 18654 340184
1364947200 1285 2960 11570 171029
1364860800 1397 20005 78900 5015848
1364774400 9 382 369 1359
1364688000 10 384 351 876
1364601600 2670 1102 181980 10439
1364515200 620 1109 4765 14059
1364428800 843 1940 6540 20205
1364342400 1055 2027 7758 14553
1364256000 1142 2819 11864 170280
1364169600 505 1003 866 2879
1364083200 506 1008 868 2560
1363996800 39799 2188 5473155 40291
1363910400 1525 2319 6194 11846
1363824000 1553 2169 16713 13323
1363737600 1912 9623 52961 1460300
1363651200 1326 7578 6670 19978
1363564800 374 9842 736 11839
1363478400 376 10058 758 12657
1363392000 56801 3220 7887550 21556
1363305600 1261 2598 15789 99902
1363219200 404 2652 5762 134312
1363132800 1132 4093 4926 37300
1363046400 1155 5587 4798 37300
1362960000 347 4143 702 10373
1362873600 347 4248 698 20864
1362787200 715 2456 10635 76234
1362700800 707 2289 12488 172147
1362614400 976 2151 4807 26925
1362528000 1002 1837 6541 15203
1362441600 1202 2475 8583 47549
1362355200 226 727 572 3243
1362268800 226 752 586 3084
1362182400 1982 8434 260768 1488095
1362096000 1371 2396 5854 23040
1362009600 1552 3064 26124 42914
1361923200 1598 2839 6681 16733
1361836800 2067 3820 110658 175849
1361750400 226 594 583 6849
1361664000 227 564 572 4044
1361577600 1217 2136 6005 93712
1361491200 1805 2981 53233 63058
1361404800 1368 2329 4452 23438
1361318400 1418 2754 13063 132665
1361232000 580 1875 938 4977
1361145600 581 1927 920 6394
1361059200 578 1767 937 5464
1360972800 568 1416 919 6430
1360886400 1383 3877 12419 173982
1360800000 1235 4069 9970 160171
1360713600 1224 4400 5799 41228
1360627200 948 3306 5135 108118
1360540800 443 1119 809 2456
1360454400 443 1124 786 2786
1360368000 717 1569 3701 8393
1360281600 818 1813 5918 12878
1360195200 1210 2287 4989 36752
1360108800 1220 2683 4092 14413
1360022400 1201 7343 6333 136714
1359936000 949 6726 1313 7936
1359849600 950 6772 1299 15188
1359763200 1603 4453 6007 27139
1359676800 2063 2417 192921 53278
1359590400 755 1754 3221 11156
1359504000 1050 5300 11771 789264
1359417600 2404 3694 374226 339942
1359331200 873 1439 1218 4924
1359244800 886 1468 1219 2847
1359158400 1938 12498 60816 2799744
1359072000 1543 8497 11183 1228501
1358985600 1030 2669 9515 244011
1358899200 880 1717 4504 22377
1358812800 470 971 815 2653
1358726400 468 951 812 2333
1358640000 470 955 793 2696
1358553600 1128 2761 7993 32262
1358467200 1223 2865 7756 88677
1358380800 1093 1892 4785 83234
1358294400 638 4802 19145 823772
1358208000 200 1798 9546 97339
1358121600 146 455 497 750
1358035200 146 467 501 2036
1357948800 1141 16810 15597 606249
1357862400 4438 3081 481400 210483
1357776000 1106 2610 4604 74211
1357689600 1532 25285 165157 3470966
1357603200 832 2033 16328 180650
1357516800 11 271 353 602
1357430400 13 366 368 2191
1357344000 946 4226 13936 176586
1357257600 645 1198 3262 12640
1357171200 626 1562 4328 22717
1357084800 506 739 854 1746
1356998400 743 1926 4401 87762
1356912000 502 744 859 1865
1356825600 502 742 848 1432
1356739200 2742 17755 209450 2148271
1356652800 952 1936 7541 160207
1356566400 1158 5045 16227 855362
1356480000 356 691 712 1835
1356393600 358 741 708 7551
1356307200 357 685 706 2667
1356220800 357 691 702 2334
1356134400 1332 2731 24214 40081
1356048000 729 1465 6200 17317
1355961600 406 904 6106 13256
1355875200 383 5671 13977 1168458
1355788800 824 5399 17720 850353
1355702400 672 1181 1031 3392
1355616000 673 1188 1020 2418
1355529600 683 1705 1030 25783
1355443200 678 1449 1034 13206
1355356800 1753 7454 196939 954089
1355270400 1552 7602 25177 641920
1355184000 1097 4760 2484 81926
1355097600 872 2763 1224 3732
1355011200 873 2786 1227 3439
1354924800 1388 8587 31392 237762
1354838400 1649 13562 10933 30607
1354752000 3549 17424 359320 327319
1354665600 3109 19778 384166 1830860
1354579200 1815 3236 174561 160091
1354492800 8 255 366 2597
1354406400 600 1866 1036 2456
1354320000 977 4647 12025 423164
1354233600 703 9432 48895 2027870
1354147200 1204 14516 85450 916435
1354060800 1287 29874 5071 45104
1353974400 393 10730 16369 798961
1353888000 0 222 0 290
1353801600 0 223 0 284
1353715200 0 224 0 288
1353628800 0 229 0 295
1353542400 236 859 5394 17059
1353456000 500 1438 10102 23951
1353369600 384 1078 6054 13124
1353283200 254 645 612 2207
1353196800 254 661 606 2531
1353110400 337 2006 5442 287106
1353024000 714 3616 9887 170743
1352937600 608 3312 12659 511729
1352851200 591 1265 15517 40384
1352764800 1725 2659 81664 61450
1352678400 514 928 859 5014
1352592000 513 908 860 1406
1352505600 801 1968 5084 44442
1352419200 752 1365 3391 9649
1352332800 1001 2558 20686 25853
1352246400 877 2088 4990 14882
1352160000 802 2014 2645 34609
1352073600 646 991 997 1812
1351987200 647 992 1009 1990
1351900800 931 3710 8721 188877
1351814400 1028 2410 4461 64246
1351728000 426 1561 4042 57601
1351641600 0 226 0 525
1351555200 0 218 0 399
1351468800 0 230 0 312
1351382400 0 232 0 291
1351296000 530 1742 22095 26969
1351209600 338 1235 2648 39789
1351123200 351 1418 10935 82592
1351036800 170 1040 7976 30067
1350950400 264 1002 41005 67275
1350864000 0 272 0 578
1350777600 0 281 0 421
1350691200 372 2361 4909 94240
1350604800 675 3454 8536 284424
1350518400 709 4640 31817 216131
1350432000 669 3882 14626 291525
1350345600 721 2258 12037 58937
1350259200 0 275 0 331
1350172800 0 276 0 430
1350086400 429 8062 24452 1189917
1350000000 532 2074 5515 42501
1349913600 1388 22860 81583 2209176
1349827200 515 4230 14048 226923
1349740800 567 2051 18655 37054
1349654400 0 255 0 298
1349568000 0 259 0 314
1349481600 416 4225 10163 388263
1349395200 391 3819 6161 146347
1349308800 497 2356 5771 57625
1349222400 476 4115 18335 342564
1349136000 454 2052 9244 84481
1349049600 0 359 0 396
1348963200 33 437 3680 6578
1348876800 276 1915 8116 210494
1348790400 563 6151 8633 420967
1348704000 417 1577 4840 29752
1348617600 330 1353 5992 24625
1348531200 13629 4501 1030484 193837
1348444800 0 218 0 313
1348358400 0 232 0 374
1348272000 598 3348 14035 171778
1348185600 978 2273 7416 39884
1348099200 739 2895 12115 97104
1348012800 1321 26016 11322 422500
1347926400 629 1606 18254 27390
1347840000 180 455 303 4523
1347753600 180 453 230 1481
1347667200 509 3754 13703 516318
1347580800 737 5487 5709 125803
1347494400 566 4490 16276 556613
1347408000 586 4372 6415 37420
1347321600 448 2056 14535 86543
1347235200 0 295 0 354
1347148800 0 304 0 521
1347062400 461 2497 5002 102825
1346976000 1384 6746 21739 201459
1346889600 543 8092 12910 158155
1346803200 321 2010 7777 92453
1346716800 0 282 0 335
1346630400 0 281 0 331
1346544000 0 280 0 335
1346457600 55 1484 5524 165127
1346371200 1681 9849 147967 441859
1346284800 1726 5013 306333 144722
1346198400 1034 10844 14647 501891
1346112000 921 4979 10470 45228
1346025600 206 523 256 1326
1345939200 211 565 1970 5552
1345852800 1428 3814 213907 213817
1345766400 506 1206 7752 32335
1345680000 636 2358 5285 52815
1345593600 703 1885 11394 71528
1345507200 623 2925 6178 138243
1345420800 206 541 295 3804
1345334400 221 573 2127 3116
1345248000 686 1558 7778 24089
1345161600 573 1952 8831 212678
1345075200 801 1902 9940 34184
1344988800 970 1813 91380 94976
1344902400 536 5275 17573 717468
1344816000 0 307 0 347
1344729600 0 362 0 438
1344643200 479 1569 6127 22136
1344556800 362 1951 6482 147545
1344470400 548 1577 12567 118178
1344384000 322 2832 8642 429680
1344297600 443 2066 5193 93783
1344211200 0 291 0 330
1344124800 33 424 1394 6205
1344038400 450 2098 5746 68436
1343952000 438 2245 2810 39057
1343865600 561 2110 5492 30294
1343779200 0 370 0 796
1343692800 363 1911 5499 71025
1343606400 0 284 0 330
1343520000 0 289 0 582
1343433600 837 3928 22462 91998
1343347200 467 1652 7353 67866
1343260800 747 2265 9856 43206
1343174400 2608 3791 213511 214984
1343088000 520 1557 15066 44032
1343001600 0 387 0 437
1342915200 0 388 0 446
1342828800 383 2520 6499 255243
1342742400 0 473 0 1142
1342656000 16 407 3189 2506
1342569600 534 3593 5629 145148
1342483200 572 5831 12035 371891
1342396800 0 329 0 416
1342310400 0 342 1311 2372
1342224000 560 6645 7602 252516
1342137600 492 6352 4987 129744
1342051200 405 2133 3313 158663
1341964800 758 2635 8271 198770
1341878400 304 1212 3647 84684
1341792000 0 334 0 537
1341705600 26 776 3169 88162
1341619200 702 2354 11752 110424
1341532800 411 3122 5132 114145
1341446400 0 328 0 509
1341360000 641 3911 16534 106476
1341273600 798 9950 30714 421106
1341187200 0 334 0 406
1341100800 18 453 1136 18136
1341014400 672 7950 6308 124447
1340928000 868 5633 14459 383709
1340841600 522 7036 5422 304978
1340755200 426 1401 6890 14591
1340668800 409 1506 4719 84290
1340582400 0 274 0 363
1340496000 0 291 0 481
1340409600 0 358 0 688
1340323200 4334 12011 646323 1284755
1340236800 579 3365 20440 108589
1340150400 228 1197 3592 89231
1340064000 799 10470 20030 122603
1339977600 0 266 0 358
1339891200 0 271 0 517
1339804800 1242 17555 36502 295003
1339718400 259 1410 4335 107170
1339632000 599 7231 11782 467151
1339545600 609 5478 25633 212452
1339459200 575 3592 19783 217643
1339372800 0 248 0 314
1339286400 141 814 20048 31312
1339200000 830 10998 21721 1313028
1339113600 285 1281 3420 50267
1339027200 318 1643 5583 31555
1338940800 451 1599 3628 35644
1338854400 653 11429 23558 1042426
1338768000 0 253 0 309
1338681600 0 258 0 379
1338595200 766 9617 26786 1428480
1338508800 593 2590 6341 105039
1338422400 1773 2625 287748 230760
1338336000 271 909 5296 25154
1338249600 0 249 0 378
1338163200 0 260 0 327
1338076800 0 264 0 369
1337990400 771 1833 120216 242259
1337904000 313 1139 4680 27758
1337817600 324 1295 3476 38107
1337731200 334 1157 4714 18343
1337644800 1670 4572 414844 873801
1337558400 0 303 0 361
1337472000 0 308 0 372
1337385600 552 4447 4954 172732
1337299200 602 2434 7251 113370
1337212800 420 3128 11169 500595
1337126400 418 3406 6960 307267
1337040000 565 2252 10039 66406
1336953600 0 320 0 385
1336867200 0 329 0 453
1336780800 351 1478 7580 122465
1336694400 638 4652 9539 268357
1336608000 403 1716 6722 65529
1336521600 494 2798 6380 130413
1336435200 618 3588 25721 80018
1336348800 0 496 0 994
1336262400 10 475 1153 2855
1336176000 415 1251 7033 25481
1336089600 445 4519 13110 714892
1336003200 1021 2923 92880 128708
1335916800 432 2595 27027 86192
1335830400 862 4105 9814 35284
1335744000 0 287 0 357
1335657600 0 287 0 383
1335571200 723 4305 3922 35007
1335484800 1876 3554 220689 159234
1335398400 623 1223 8495 21228
1335312000 638 1745 14378 29110
1335225600 1522 2182 50642 88433
1335139200 75 311 412 2082
1335052800 75 313 415 1318
1334966400 626 1849 18756 61798
1334880000 606 1689 10210 27614
1334793600 593 1733 4278 86950
1334707200 497 1542 6236 28954
1334620800 910 3558 103720 369127
1334534400 76 303 410 1698
1334448000 75 305 382 906
1334361600 453 3872 12619 734098
1334275200 347 1365 6902 129852
1334188800 563 1737 4988 49367
1334102400 574 3217 12056 519763
1334016000 520 1164 4030 15877
1333929600 82 337 1296 5891
1333843200 81 346 1278 5826
1333756800 469 1734 3780 80839
1333670400 555 1874 6661 39489
1333584000 625 2162 4608 51965
1333497600 542 2082 4210 87509
1333411200 669 3177 12539 290244
1333324800 81 317 1339 5749
1333238400 86 491 1352 49349
1333152000 516 2227 3887 115679
1333065600 429 1088 9792 19253
1332979200 677 3071 39524 178349
1332892800 481 1615 4798 126219
1332806400 584 4097 4130 57557
1332720000 82 507 1242 5935
1332633600 81 599 1193 5438
1332547200 805 2869 4957 120670
1332460800 546 1419 4531 28589
1332374400 1260 4200 10504 50905
1332288000 764 4502 31837 332225
1332201600 1328 2614 5979 72843
1332115200 298 740 1058 5113
1332028800 510 1474 21957 74007
1331942400 1544 4021 40293 87265
1331856000 767 3229 4214 124334
1331769600 922 4057 50244 208159
1331683200 435 2036 4366 35075
1331596800 625 1662 8321 17487
1331510400 84 490 1307 5994
1331424000 84 514 1438 6992
1331337600 86 644 1429 7134
1331251200 85 674 1467 12110
1331164800 85 638 1445 7681
1331078400 85 631 1389 7756
1330992000 84 595 1398 7008
1330905600 83 500 1358 6430
1330819200 83 511 1452 7100
1330732800 85 602 1526 7736
1330646400 132 728 1663 13990
1330560000 600 1814 5225 44734
1330473600 660 2703 14407 39647
1330387200 559 1306 27891 63330
1330300800 82 487 1343 6098
1330214400 119 771 3145 49527
1330128000 1081 6662 25751 139845
1330041600 8758 27850 321975 468978
1329955200 687 2071 4905 27004
1329868800 1308 4249 30605 156747
1329782400 287 787 1247 14358
1329696000 284 736 1135 4675
1329609600 1084 1001 35843 18657
1329523200 1575 2800 130428 131590
1329436800 1337 7420 22822 413300
1329350400 1233 5270 196069 202094
1329264000 1127 9057 5144 26406
1329177600 1262 8135 9639 92954
1329091200 65 301 1119 4928
1329004800 123 420 1402 8382
1328918400 1318 5095 4531 149710
1328832000 5049 6164 323022 368602
1328745600 868 10296 8284 305086
1328659200 962 5716 15719 408121
1328572800 645 17929 40768 2406808
1328486400 63 302 1349 6117
1328400000 110 477 1453 10043
1328313600 801 2095 4460 53323
1328227200 402 1287 3504 44819
1328140800 380 1000 2799 21640
1328054400 470 4024 9672 402926
1327968000 372 3357 4769 179053
1327881600 65 309 1034 4574
1327795200 97 896 2564 106979
1327708800 384 2378 5629 138874
1327622400 3251 8644 774583 417126
1327536000 372 2749 6111 135874
1327449600 702 4939 21079 118754
1327363200 98 468 7298 17930
1327276800 66 301 1275 5929
1327190400 115 790 3982 29025
1327104000 571 15430 25089 1063372
1327017600 341 1412 4951 73138
1326931200 1024 11503 15501 383491
1326844800 754 3319 6158 29405
1326758400 848 7061 6260 26274
1326672000 1564 30547 6409 38464
1326585600 1601 31700 3451 41689
1326499200 1085 3399 7502 28709
1326412800 1036 4839 10807 46837
1326326400 12489 14354 3066040 3078674
1326240000 586 1799 5286 28506
1326153600 721 1906 5950 29048
1326067200 448 767 1525 6223
1325980800 471 947 1893 9265
1325894400 388 946 9829 9821
1325808000 695 5909 14652 540233
1325721600 586 1355 6866 12538
1325635200 436 1347 5987 32191
1325548800 197 435 1337 5945
1325462400 196 436 1273 5560
1325376000 197 439 1323 6136
1325289600 465 1997 8385 148286
1325203200 1108 3564 18995 464654
1325116800 1010 2492 9121 15333
1325030400 943 2067 8766 15955
1324944000 411 661 1625 6406
1324857600 483 705 1606 6248
1324771200 483 709 1622 6418
1324684800 486 743 1647 7993
1324598400 626 4455 12695 399023
1324512000 499 1438 21717 17706
1324425600 453 2117 21717 162114
1324339200 830 8834 25888 1064548
1324252800 189 400 510 951
1324166400 470 5600 21502 748703
1324080000 405 908 11022 15684
1323993600 532 1573 10327 32391
1323907200 2182 45581 138276 4578965
1323820800 477 1985 4325 38663
1323734400 627 3168 14799 157739
1323648000 227 497 1090 5890
1323561600 229 521 1119 6266
1323475200 374 1214 10119 20847
1323388800 418 3384 4797 176347
1323302400 1003 24954 5996 179691
1323216000 351 1977 3975 132586
1323129600 476 1488 13347 37839
1323043200 169 444 890 5145
1322956800 200 859 1683 18870
1322870400 656 3844 19933 55630
1322784000 395 1249 3406 19894
1322697600 533 2688 3565 67530
1322611200 372 995 2899 8948
1322524800 458 1174 18369 18727
1322438400 190 455 895 4728
1322352000 192 460 869 4933
1322265600 193 495 998 6543
1322179200 193 492 1019 8536
1322092800 804 1896 24836 49832
1322006400 627 1436 15347 18244
1321920000 423 1733 7068 69466
1321833600 191 471 1087 6669
1321747200 551 499 61213 7183
1321660800 791 1866 80385 92730
1321574400 1010 10552 87446 2430148
1321488000 764 3752 43753 600293
1321401600 539 2045 12575 58769
1321315200 375 4335 3034 70254
1321228800 188 449 430 1043
1321142400 271 1895 3584 55646
1321056000 726 2049 4487 38012
1320969600 477 2915 4241 39777
1320883200 639 1754 24953 20920
1320796800 621 1952 25633 41609
1320710400 411 3697 8857 111247
1320624000 191 547 972 5596
1320537600 200 632 1050 14981
1320451200 888 3565 9254 108259
1320364800 304 1022 3372 11189
1320278400 849 2707 4490 90780
1320192000 1927 6646 16665 89553
1320105600 988 4795 10400 169001
1320019200 190 493 987 5821
1319932800 190 512 1094 6837
1319846400 796 2202 50688 157132
1319760000 423 1872 6028 49226
1319673600 1107 7079 67082 957629
1319587200 652 3094 5679 235847
1319500800 445 2533 4384 90708
1319414400 190 509 1038 6448
1319328000 189 540 1055 6754
1319241600 194 792 1162 20325
1319155200 358 1174 2958 13800
1319068800 376 1567 3784 41693
1318982400 550 2365 30067 69262
1318896000 330 1275 2594 27280
1318809600 188 565 439 3046
1318723200 190 598 1041 6443
1318636800 462 1250 7744 25721
1318550400 300 1626 5526 97296
1318464000 619 2505 30520 77718
1318377600 250 2027 6994 194553
1318291200 411 2642 10203 84658
1318204800 66 371 747 4767
1318118400 78 426 949 4703
1318032000 662 1651 52055 86202
1317945600 481 3357 15287 179668
1317859200 508 1394 21198 30146
1317772800 1120 1691 69092 28335
1317686400 751 2727 33476 82692
1317600000 186 705 20824 51807
1317513600 76 489 1092 4748
1317427200 370 2670 4367 38815
1317340800 306 1235 16452 41893
1317254400 344 2619 5156 64515
1317168000 387 1976 16083 83920
1317081600 347 1351 14485 35937
1316995200 59 385 299 1624
1316908800 62 425 872 5440
1316822400 316 1517 4194 40493
1316736000 160 1237 2113 37455
1316649600 543 2029 15041 151192
1316563200 204 1531 1708 30022
1316476800 295 4829 5700 236047
1316390400 61 321 653 4798
1316304000 62 332 608 3891
1316217600 291 2938 9414 378849
1316131200 611 2140 24763 108515
1316044800 69 622 1031 16480
1315958400 267 4461 2601 97356
1315872000 109 805 11793 55302
1315785600 58 457 302 1204
1315699200 93 615 6041 31408
1315612800 904 6199 86319 517077
1315526400 212 1815 4983 82573
1315440000 1783 2979 63730 73292
1315353600 664 1861 20478 25214
1315267200 0 291 0 335
1315180800 0 291 0 330
1315094400 0 292 0 363
1315008000 622 5832 7067 37762
1314921600 235 1457 8375 35434
1314835200 122 1179 1987 31808
1314748800 0 429 0 841
1314662400 262 1100 11360 39849
1314576000 0 139 0 151
1314489600 0 140 0 154
1314403200 38 468 1300 8219
1314316800 174 1111 11440 91887
1314230400 609 9202 41639 1503603
1314144000 13598 14815 1197620 3127422
1314057600 1176 3326 35629 73989
1313971200 190 513 595 3220
1313884800 198 593 1404 7866
1313798400 381 1638 6295 85833
1313712000 674 3568 30139 146910
1313625600 764 2024 217938 300392
1313539200 1635 8269 217938 634299
1313452800 507 5332 12221 494791
1313366400 121 406 294 2165
1313280000 55 379 1320 7853
1313193600 480 4809 10570 75721
1313107200 1777 3872 358404 322125
1313020800 3508 5829 360774 324207
1312934400 592 3447 15438 41025
1312848000 789 3352 25583 20866
1312761600 277 2005 10142 9147
1312675200 113 915 3358 73216
1312588800 2118 22756 24956 209850
1312502400 1239 7411 20874 51409
1312416000 2530 67563 72531 3364063
1312329600 1353 7115 15415 481680
1312243200 791 2218 39445 46103
1312156800 50 466 1353 6985
1312070400 368 2221 28073 405648
1311984000 3443 7003 771472 1155653
1311897600 8241 11162 890879 945134
1311811200 1720 6108 19789 216071
1311724800 845 2264 6586 37686
1311638400 1023 7274 10149 66585
1311552000 496 837 5154 7243
1311465600 415 804 3303 7709
1311379200 829 2438 11753 166739
1311292800 708 1642 29805 22231
1311206400 575 2117 6205 125600
1311120000 881 4165 17758 407854
1311033600 505 7144 15603 599498
1310947200 514 944 2037 7088
1310860800 878 1410 1990 15629
1310774400 1258 3016 14023 36879
1310688000 1262 3194 18532 47614
1310601600 2945 8713 525665 749228
1310515200 998 3512 12233 407279
1310428800 633 1449 2320 15099
1310342400 556 971 3481 4542
1310256000 543 992 1467 5922
1310169600 1082 2452 38509 44496
1310083200 1533 2282 23937 40148
1309996800 801 2671 12888 39405
1309910400 592 3626 4617 76226
1309824000 319 629 8065 7624
1309737600 267 647 427 1271
1309651200 361 830 1310 4838
1309564800 1241 4594 42256 238481
1309478400 1189 4091 42923 179854
1309392000 1976 9558 34658 63146
1309305600 2207 54774 11040 251799
1309219200 4332 76598 377107 399074
1309132800 2127 70511 2985 74882
1309046400 2073 67097 8610 71992
