1377805801 1805026346 2335641435
1377805801 2352 66159 2352 66159
1377805502 4204 101693 4204 101693
1377805500 4198 101370 4204 101693
1377805200 2490 4882 2507 4909
1377804900 95 948 119 949
1377804600 120 897 464 2326
1377804300 463 2331 464 3084
1377804000 356 3076 357 3084
1377803700 112 946 243 1426
1377803400 243 1430 414 2858
1377803100 415 2854 933 2858
1377802800 930 1905 933 3949
1377802500 509 3939 511 3949
1377802200 105 1002 117 1003
1377801900 117 940 131 1070
1377801600 130 1069 131 1070
1377801300 122 1031 123 1032
1377801000 104 976 221 1275
1377800700 220 1274 221 1275
1377800400 124 1005 408 2417
1377800100 407 2439 408 5780
1377799800 300 5767 301 5780
1377799500 181 1906 182 1909
1377799200 113 1030 165 1251
1377798900 164 1249 165 1251
1377798600 100 923 101 924
1377798300 94 920 104 921
1377798000 103 846 104 847
1377797700 100 824 127 968
1377797400 127 968 164 1005
1377797100 163 1004 164 1005
1377796800 106 921 141 953
1377796500 140 952 141 953
1377796200 100 848 101 909
1377795900 93 908 145 909
1377795600 145 903 170 1262
1377795300 169 1259 170 1262
1377795000 121 938 299 1316
1377794700 301 1319 1127 2278
1377794400 1124 2274 1127 2278
1377794100 281 1186 282 1281
1377793800 224 1282 357 1606
1377793500 357 1614 477 2865
1377793200 475 2858 477 2865
1377792900 103 864 132 916
1377792600 133 919 435 2102
1377792300 434 2098 435 2102
1377792000 193 1159 345 1816
1377791700 344 1831 345 6439
1377791400 322 6420 323 6439
1377791100 114 1016 329 3675
1377790800 329 3667 350 3675
1377790500 349 1301 350 1302
1377790200 230 1286 231 1287
1377789900 168 1270 223 1271
1377789600 222 1059 223 1060
1377789300 129 1006 200 1408
1377789000 201 1413 572 2931
1377788700 570 2925 572 2931
1377788400 228 1412 245 2095
1377788100 244 2087 245 2095
1377787800 194 949 195 950
1377787500 123 927 147 1003
1377787200 149 1013 525 2561
1377786900 522 2553 525 2561
1377786600 223 1443 362 2661
1377786300 364 2660 720 2661
1377786000 718 2609 720 2614
1377785700 207 1223 278 1438
1377785400 280 1461 982 8413
1377785100 976 8370 982 8413
1377784800 190 1971 506 2291
1377784500 509 2303 984 4128
1377784200 986 4137 1859 6927
1377783900 1848 6963 1859 12399
1377783600 354 12376 368 12399
1377783300 370 5577 725 5602
1377783000 723 1882 725 1885
1377782700 329 1160 332 1165
1377782400 0 505 0 567
1377782100 0 567 0 570
1377781800 0 571 0 765
1377781500 0 762 0 765
1377781200 0 380 0 387
1377780900 0 387 0 403
1377780600 0 402 0 403
1377780300 0 385 0 490
1377780000 0 489 0 490
1377779700 0 395 0 396
1377779400 0 372 0 390
1377779100 0 389 0 390
1377778800 0 374 0 397
1377778500 0 396 0 397
1377778200 0 383 0 384
1377777900 0 352 0 378
1377777600 0 378 0 381
1377777300 0 382 0 711
1377777000 0 710 0 711
1377776700 0 504 0 505
1377776400 0 352 0 370
1377776100 0 369 0 370
1377775800 0 340 0 373
1377775500 0 372 0 373
1377775200 0 357 0 358
1377774900 0 343 0 357
1377774600 0 357 0 362
1377774300 0 361 0 362
1377774000 0 354 0 379
1377773700 0 378 0 379
1377773400 0 360 0 361
1377773100 0 348 0 349
1377772800 0 339 0 376
1377772500 0 375 0 376
1377772200 0 325 0 348
1377771900 0 348 0 375
1377771600 0 374 0 375
1377771300 0 359 0 360
1377771000 0 343 0 353
1377770700 0 353 0 387
1377770400 0 386 0 387
1377770100 0 366 0 367
1377769800 0 342 0 361
1377769500 0 360 0 361
1377769200 0 350 0 351
1377768900 0 350 0 351
1377768600 0 344 0 377
1377768300 0 376 0 377
1377768000 0 354 0 355
1377767700 0 348 0 364
1377767400 0 363 0 364
1377767100 0 358 0 370
1377766800 0 370 0 377
1377766500 0 376 0 377
1377766200 0 353 0 354
1377765900 0 349 0 371
1377765600 0 370 0 371
1377765300 0 360 0 361
1377765000 0 334 0 364
1377764700 0 364 0 390
1377764400 0 389 0 390
1377764100 0 347 0 356
1377763800 0 355 0 356
1377763500 0 355 0 372
1377763200 0 371 0 372
1377762900 0 342 0 375
1377762600 0 374 0 375
1377762300 0 356 0 358
1377762000 0 358 0 364
1377761700 0 364 0 364
1377761400 0 364 0 372
1377761100 0 371 0 372
1377760800 0 358 0 358
1377760500 0 357 0 358
1377760200 0 356 0 357
1377759900 0 354 0 359
1377759600 0 359 0 369
1377759300 0 368 0 369
1377759000 0 351 0 358
1377758700 0 357 0 358
1377758400 0 353 0 362
1377758100 0 361 0 362
1377757800 0 319 0 344
1377757500 0 343 0 344
1377757200 0 337 0 338
1377756900 0 314 0 335
1377756600 0 335 0 341
1377756300 0 340 0 341
1377756000 0 338 0 339
1377755700 0 339 0 360
1377755400 0 359 0 360
1377755100 0 335 0 336
1377754800 0 330 0 368
1377754500 0 367 0 368
1377754200 0 356 0 359
1377753900 0 358 0 359
1377753600 0 352 0 360
1377753300 0 359 0 360
1377753000 0 329 0 331
1377752700 0 331 0 363
1377752400 0 362 0 363
1377752100 0 355 0 356
1377751800 0 336 0 514
1377751500 0 513 0 514
1377751200 0 510 0 511
1377750900 0 351 0 352
1377750600 0 322 0 362
1377750300 0 361 0 362
1377750000 0 336 0 337
1377749700 0 330 0 362
1377749400 0 361 0 362
1377749100 0 336 0 344
1377748800 0 344 0 362
1377748500 0 362 0 368
1377748200 0 367 0 368
1377747900 0 353 0 354
1377747600 0 350 0 382
1377747300 0 381 0 382
1377747000 0 342 0 343
1377746700 0 332 0 391
1377746400 0 390 0 391
1377746100 0 367 0 368
1377745800 0 359 0 360
1377745500 0 345 0 367
1377745200 0 366 0 367
1377744900 0 351 0 356
1377744600 0 356 0 357
1377744300 0 357 0 357
1377744000 0 356 0 357
1377743700 0 350 0 365
1377743400 0 364 0 365
1377743100 0 362 0 363
1377742800 0 362 0 363
1377742500 0 352 0 362
1377742200 0 361 0 362
1377741900 0 356 0 359
1377741600 0 358 0 359
1377741300 0 356 0 357
1377741000 0 349 0 350
1377740700 0 349 0 364
1377740400 0 363 0 364
1377740100 0 347 0 351
1377739800 0 350 0 351
1377739500 0 346 0 387
1377739200 0 386 0 387
1377738900 0 344 0 358
1377738600 0 358 0 374
1377738300 0 373 0 374
1377738000 0 341 0 342
1377737700 0 335 0 356
1377737400 0 356 0 362
1377737100 0 361 0 362
1377736800 0 353 0 354
1377736500 0 345 0 372
1377736200 0 371 0 372
1377735900 0 336 0 367
1377735600 0 366 0 367
1377735300 0 361 0 366
1377735000 0 365 0 366
1377734700 0 334 0 370
1377734400 0 369 0 370
1377734100 0 359 0 360
1377733800 0 347 0 358
1377733500 0 357 0 358
1377733200 0 348 0 361
1377732900 0 360 0 361
1377732600 0 322 0 368
1377732300 0 367 0 368
1377732000 0 365 0 366
1377731700 0 352 0 353
1377731400 0 341 0 382
1377731100 0 381 0 382
1377730800 0 340 0 418
1377730500 0 418 0 459
1377730200 0 459 0 505
1377729900 0 506 0 761
1377729600 0 760 0 761
1377729300 0 561 46 689
1377729000 47 690 354 1235
1377728700 353 1234 354 1235
1377728400 179 967 581 2191
1377728100 579 2187 581 2191
1377727800 209 1060 210 1062
1377727500 111 862 114 996
1377727200 114 996 190 1110
1377726900 190 1110 254 1252
1377726600 254 1252 286 1458
1377726300 287 1461 800 2583
1377726000 798 2580 800 2583
1377725700 610 2141 1698 2815
1377725400 1690 2818 1698 3393
1377725100 577 3393 578 3454
1377724800 525 3469 824 7969
1377724500 822 7935 824 7969
1377724200 617 3015 855 4081
1377723900 862 4240 1918 28031
1377723600 1912 27901 1918 28031
1377723300 1062 8517 1063 8536
1377723000 1051 3068 1052 3089
1377722700 750 3075 754 3089
1377722400 183 1137 413 1758
1377722100 412 1755 413 1758
1377721800 146 1073 164 1107
1377721500 173 1118 1538 2859
1377721200 1529 2852 1538 2859
1377720900 234 1901 430 1903
1377720600 429 1468 430 1650
1377720300 397 1649 476 1650
1377720000 475 1380 476 1381
1377719700 314 1240 315 1241
1377719400 179 1133 180 1134
1377719100 126 1001 178 1126
1377718800 177 1126 178 1133
1377718500 135 1132 158 1133
1377718200 158 994 216 1293
1377717900 215 1292 216 1293
1377717600 179 1144 180 1192
1377717300 125 1191 233 1192
1377717000 233 1188 273 7056
1377716700 281 7089 1591 12052
1377716400 1588 12024 1591 12052
1377716100 706 3878 707 4070
1377715800 621 4060 686 4070
1377715500 685 2596 686 2597
1377715200 520 2388 535 2392
1377714900 536 1947 728 7505
1377714600 728 7488 993 7505
1377714300 988 2510 993 2514
1377714000 369 1943 1119 3528
1377713700 1113 3515 1119 3528
1377713400 358 1643 532 3248
1377713100 533 3244 784 3248
1377712800 784 2794 903 5046
1377712500 903 5048 1061 5855
1377712200 1060 5903 1061 13171
1377711900 1017 13146 1020 13171
1377711600 341 5666 718 5674
1377711300 721 4596 1660 10356
1377711000 1656 10324 1660 10356
1377710700 1112 5603 1991 8679
1377710400 1985 8658 1991 8679
1377710100 343 2451 345 2460
1377709800 134 1178 135 1179
1377709500 115 1031 207 1032
1377709200 206 947 207 1195
1377708900 111 1197 187 1584
1377708600 186 1581 187 1584
1377708300 163 1217 164 1218
1377708000 126 1142 542 2188
1377707700 542 2192 561 2932
1377707400 560 2930 561 2932
1377707100 323 2440 324 2446
1377706800 313 1612 314 1616
1377706500 177 1098 178 1099
1377706200 113 835 309 1915
1377705900 318 1947 1660 6740
1377705600 1649 6700 1660 6740
1377705300 124 881 309 1830
1377705000 314 1837 1171 2897
1377704700 1164 2884 1171 2897
1377704400 206 1063 1268 3323
1377704100 1262 3325 1268 3714
1377703800 448 3730 6964 8661
1377703500 6964 8662 6986 9148
1377703200 6984 9153 6986 10876
1377702900 6489 10859 6508 10876
1377702600 863 5874 865 5893
1377702300 591 3114 592 3120
1377702000 354 1567 363 1571
1377701700 362 1092 363 1458
1377701400 218 1457 219 1458
1377701100 202 1279 659 2620
1377700800 672 2696 2679 14061
1377700500 2678 14061 2679 14070
1377700200 2663 14030 2670 14070
1377699900 724 2369 1204 3963
1377699600 1201 3954 1204 3963
1377699300 325 1518 1211 5473
1377699000 1208 5461 1211 5473
1377698700 381 2090 398 2091
1377698400 399 1821 561 1823
1377698100 561 1647 632 2438
1377697800 630 2434 632 2438
1377697500 334 2010 575 6507
1377697200 579 6627 1235 24646
1377696900 1232 24569 1235 24646
1377696600 497 1682 499 1686
1377696300 0 640 0 709
1377696000 0 708 0 709
1377695700 0 693 0 1054
1377695400 0 1050 0 1054
1377695100 0 579 0 580
1377694800 0 389 0 390
1377694500 0 386 0 387
1377694200 0 382 0 470
1377693900 0 470 0 486
1377693600 0 485 0 486
1377693300 0 422 0 423
1377693000 0 365 0 391
1377692700 0 391 0 533
1377692400 0 532 0 533
1377692100 0 385 0 386
1377691800 0 374 0 375
1377691500 0 359 0 360
1377691200 0 357 0 481
1377690900 0 482 0 698
1377690600 0 695 0 698
1377690300 0 337 0 370
1377690000 0 369 0 370
1377689700 0 349 0 350
1377689400 0 348 0 373
1377689100 0 372 0 373
1377688800 0 359 0 364
1377688500 0 363 0 364
1377688200 0 335 0 347
1377687900 0 347 0 362
1377687600 0 361 0 362
1377687300 0 343 0 363
1377687000 0 362 0 363
1377686700 0 355 0 356
1377686400 0 355 0 356
1377686100 0 344 0 356
1377685800 0 355 0 356
1377685500 0 352 0 353
1377685200 0 343 0 360
1377684900 0 359 0 360
1377684600 0 343 0 344
1377684300 0 332 0 348
1377684000 0 348 0 368
1377683700 0 367 0 368
1377683400 0 345 0 346
1377683100 0 338 0 367
1377682800 0 366 0 367
1377682500 0 342 0 343
1377682200 0 341 0 359
1377681900 0 358 0 359
1377681600 0 343 0 360
1377681300 0 359 0 360
1377681000 0 340 0 361
1377680700 0 361 0 362
1377680400 0 361 0 362
1377680100 0 343 0 349
1377679800 0 348 0 349
1377679500 0 343 0 352
1377679200 0 351 0 352
1377678900 0 348 0 351
1377678600 0 350 0 351
1377678300 0 350 0 367
1377678000 0 367 0 369
1377677700 0 368 0 369
1377677400 0 345 0 362
1377677100 0 362 0 371
1377676800 0 370 0 371
1377676500 0 348 0 348
1377676200 0 348 0 370
1377675900 0 370 0 371
1377675600 0 370 0 371
1377675300 0 368 0 369
1377675000 0 335 0 379
1377674700 0 378 0 379
1377674400 0 354 0 355
1377674100 0 341 0 345
1377673800 0 345 0 359
1377673500 0 358 0 359
1377673200 0 339 0 342
1377672900 0 342 0 344
1377672600 0 344 0 346
1377672300 0 345 0 346
1377672000 0 335 0 347
1377671700 0 346 0 347
1377671400 0 321 0 335
1377671100 0 335 0 350
1377670800 0 349 0 350
1377670500 0 345 0 346
1377670200 0 332 0 333
1377669900 0 329 0 377
1377669600 0 376 0 377
1377669300 0 333 0 334
1377669000 0 328 0 342
1377668700 0 342 0 349
1377668400 0 348 0 349
1377668100 0 334 0 335
1377667800 0 330 0 351
1377667500 0 350 0 351
1377667200 0 342 0 343
1377666900 0 338 0 352
1377666600 0 351 0 352
1377666300 0 320 0 339
1377666000 0 339 0 347
1377665700 0 346 0 347
1377665400 0 344 0 345
1377665100 0 324 0 351
1377664800 0 351 0 353
1377664500 0 352 0 353
1377664200 0 331 0 336
1377663900 0 336 0 366
1377663600 0 365 0 366
1377663300 0 343 0 348
1377663000 0 348 0 348
1377662700 0 347 0 348
1377662400 0 345 0 346
1377662100 0 332 0 350
1377661800 0 349 0 350
1377661500 0 343 0 344
1377661200 0 325 0 335
1377660900 0 335 0 335
1377660600 0 335 0 346
1377660300 0 345 0 346
1377660000 0 340 0 364
1377659700 0 363 0 364
1377659400 0 343 0 344
1377659100 0 333 0 347
1377658800 0 346 0 347
1377658500 0 330 0 341
1377658200 0 341 0 341
1377657900 0 341 0 365
1377657600 0 364 0 365
1377657300 0 348 0 349
1377657000 0 341 0 369
1377656700 0 368 0 369
1377656400 0 353 0 354
1377656100 0 330 0 349
1377655800 0 349 0 360
1377655500 0 360 0 363
1377655200 0 362 0 363
1377654900 0 339 0 363
1377654600 0 362 0 363
1377654300 0 348 0 369
1377654000 0 368 0 369
1377653700 0 363 0 364
1377653400 0 351 0 352
1377653100 0 351 0 374
1377652800 0 373 0 374
1377652500 0 365 0 370
1377652200 0 369 0 370
1377651900 0 347 0 392
1377651600 0 391 0 392
1377651300 0 361 0 362
1377651000 0 349 0 362
1377650700 0 362 0 364
1377650400 0 364 0 364
1377650100 0 363 0 364
1377649800 0 337 0 359
1377649500 0 359 0 368
1377649200 0 367 0 368
1377648900 0 352 0 369
1377648600 0 369 0 369
1377648300 0 368 0 369
1377648000 0 365 0 366
1377647700 0 346 0 375
1377647400 0 374 0 375
1377647100 0 361 0 362
1377646800 0 358 0 387
1377646500 0 386 0 387
1377646200 0 361 0 362
1377645900 0 340 0 378
1377645600 0 377 0 378
1377645300 0 342 0 343
1377645000 0 342 0 440
1377644700 0 440 0 496
1377644400 0 495 0 496
1377644100 0 478 0 479
1377643800 0 446 0 455
1377643500 0 455 0 459
1377643200 0 459 0 534
1377642900 0 534 0 540
1377642600 0 539 0 540
1377642300 0 529 0 530
1377642000 0 486 74 620
1377641700 74 620 94 644
1377641400 94 644 200 804
1377641100 203 830 1317 8667
1377640800 1324 8708 2420 14953
1377640500 2413 14909 2420 14953
1377640200 481 1901 482 1969
1377639900 467 1967 468 1969
1377639600 364 1696 666 2389
1377639300 671 2472 1554 14873
1377639000 1545 14782 1554 14873
1377638700 245 1248 498 2164
1377638400 497 2162 498 2164
1377638100 447 1897 448 2441
1377637800 440 2436 441 2441
1377637500 364 1745 370 1747
1377637200 369 1481 370 1482
1377636900 287 1412 343 1923
1377636600 344 1928 809 3644
1377636300 807 3640 809 3644
1377636000 644 3146 645 4067
1377635700 632 4139 1151 25745
1377635400 1167 25708 3672 25745
1377635100 3654 20127 3672 20236
1377634800 1012 4289 3796 55976
1377634500 3788 56419 3796 122457
1377634200 2677 122066 2684 122457
1377633900 716 5401 721 5433
1377633600 0 684 0 741
1377633300 0 741 0 826
1377633000 0 825 0 826
1377632700 0 641 0 724
1377632400 0 724 0 855
1377632100 0 854 0 855
1377631800 0 688 0 694
1377631500 0 694 0 798
1377631200 0 797 0 798
1377630900 0 712 0 790
1377630600 0 790 0 820
1377630300 0 821 0 983
1377630000 0 981 0 983
1377629700 0 605 0 966
1377629400 0 965 0 966
1377629100 0 737 0 739
1377628800 0 580 0 669
1377628500 0 668 0 669
1377628200 0 616 0 640
1377627900 1 649 302 3347
1377627600 301 3339 302 3347
1377627300 127 951 128 979
1377627000 112 979 175 1081
1377626700 174 1080 175 1081
1377626400 110 940 111 941
1377626100 96 932 257 1530
1377625800 163 1318 257 1674
1377624600 142 1342 241 2325
1377622800 165 1205 394 1712
1377621000 155 1021 292 1255
1377619200 239 1219 388 2049
1377617400 1052 4190 1857 9769
1377615600 471 2639 912 6498
1377613800 673 3224 1465 8417
1377612000 775 4461 1192 12795
1377610200 125 703 748 1709
1377608400 0 437 0 606
1377606600 0 464 0 820
1377604800 0 432 0 820
1377603000 0 364 0 391
1377601200 0 362 0 394
1377599400 0 355 0 381
1377597600 0 353 0 359
1377595800 0 358 0 374
1377594000 0 355 0 374
1377592200 0 358 0 373
1377590400 0 353 0 373
1377588600 0 346 0 370
1377586800 0 351 0 371
1377585000 0 361 0 391
1377583200 0 355 0 382
1377581400 0 359 0 387
1377579600 0 349 0 365
1377577800 0 359 0 384
1377576000 0 353 0 379
1377574200 0 362 0 387
1377572400 0 364 0 382
1377570600 0 356 0 374
1377568800 0 364 0 374
1377567000 0 366 0 384
1377565200 0 362 0 389
1377563400 0 370 0 399
1377561600 0 431 0 507
1377559800 0 459 0 475
1377558000 0 532 0 787
1377556200 531 2716 5259 45549
1377554400 2371 15597 5259 45549
1377552600 675 2570 2040 7321
1377550800 691 5255 1127 9829
1377549000 887 10395 1377 32110
1377547200 1199 6429 2464 17895
1377545400 589 2294 1851 4754
1377543600 385 1929 1314 4754
1377541800 1340 7572 3873 17838
1377540000 1042 8077 1832 15760
1377538200 149 1366 283 3065
1377536400 122 999 200 1332
1377534600 417 2346 1041 5203
1377532800 625 4108 1222 8892
1377531000 1001 3575 2180 7694
1377529200 459 3396 928 6547
1377527400 188 1479 335 3576
1377525600 506 2686 1426 6800
1377523800 374 2623 937 6800
1377522000 0 521 0 784
1377520200 0 453 0 638
1377518400 0 488 0 638
1377516600 0 447 0 477
1377514800 0 442 0 485
1377513000 0 438 0 484
1377511200 0 440 0 479
1377509400 0 433 0 450
1377507600 0 424 0 483
1377505800 0 421 0 456
1377504000 0 429 0 477
1377502200 0 440 0 465
1377500400 0 444 0 494
1377498600 0 438 0 480
1377496800 0 443 0 475
1377495000 0 438 0 491
1377493200 0 428 0 453
1377491400 0 440 0 492
1377489600 0 442 0 479
1377487800 0 437 0 494
1377486000 0 435 0 472
1377484200 0 432 0 479
1377482400 0 434 0 481
1377480600 0 430 0 480
1377478800 0 431 0 469
1377477000 0 431 0 492
1377475200 0 435 0 470
1377473400 0 427 0 469
1377471600 0 433 0 489
1377469800 0 428 0 460
1377468000 0 428 0 474
1377466200 0 432 0 467
1377464400 0 442 0 481
1377462600 0 432 0 495
1377460800 0 442 0 473
1377459000 0 439 0 496
1377457200 0 439 0 473
1377455400 0 430 0 482
1377453600 0 431 0 454
1377451800 0 430 0 484
1377450000 0 437 0 480
1377448200 0 430 0 490
1377446400 0 437 0 478
1377444600 0 432 0 480
1377442800 0 446 0 473
1377441000 0 441 0 476
1377439200 0 435 0 484
1377437400 0 437 0 462
1377435600 0 435 0 465
1377433800 0 440 0 469
1377432000 0 436 0 491
1377430200 0 434 0 473
1377428400 0 435 0 481
1377426600 0 435 0 488
1377424800 0 430 0 482
1377423000 0 435 0 476
1377421200 0 434 0 472
1377419400 0 433 0 484
1377417600 0 430 0 469
1377415800 0 436 0 469
1377414000 0 441 0 483
1377412200 0 434 0 476
1377410400 0 438 0 476
1377408600 0 454 0 483
1377406800 0 436 0 483
1377405000 0 443 0 478
1377403200 0 432 0 475
1377401400 0 434 0 465
1377399600 0 438 0 475
1377397800 0 443 0 486
1377396000 0 436 0 472
1377394200 0 443 0 491
1377392400 0 425 0 481
1377390600 0 432 0 487
1377388800 0 433 0 483
1377387000 0 433 0 472
1377385200 0 418 0 468
1377383400 0 418 0 467
1377381600 0 419 0 457
1377379800 0 422 0 465
1377378000 0 418 0 451
1377376200 0 437 0 492
1377374400 0 449 0 488
1377372600 0 443 0 470
1377370800 0 443 0 485
1377369000 0 435 0 468
1377367200 0 433 0 474
1377365400 0 434 0 463
1377363600 0 433 0 479
1377361800 0 432 0 475
1377360000 0 431 0 467
1377358200 0 440 0 487
1377356400 0 437 0 467
1377354600 0 443 0 482
1377352800 0 441 0 463
1377351000 0 433 0 490
1377349200 0 439 0 468
1377347400 0 438 0 482
1377345600 0 434 0 467
1377343800 0 439 0 491
1377342000 0 441 0 464
1377340200 0 432 0 466
1377338400 0 443 0 477
1377336600 0 430 0 459
1377334800 0 434 0 468
1377333000 0 430 0 458
1377331200 0 433 0 469
1377329400 0 444 0 488
1377327600 0 445 0 482
1377325800 0 440 0 493
1377324000 0 442 0 485
1377322200 0 441 0 484
1377320400 0 443 0 491
1377318600 0 440 0 481
1377316800 0 431 0 462
1377315000 0 433 0 473
1377313200 0 433 0 469
1377311400 0 428 0 469
1377309600 0 434 0 463
1377307800 0 441 0 458
1377306000 0 429 0 463
1377304200 0 438 0 465
1377302400 0 456 0 490
1377300600 0 494 0 546
1377298800 0 538 0 967
1377297000 46 1008 172 1390
1377295200 267 2012 1808 7725
1377293400 966 5005 1808 8303
1377291600 688 2624 1910 6260
1377289800 438 2608 2056 6719
1377288000 802 2851 2056 6355
1377286200 291 3029 803 10556
1377284400 1131 4269 3641 7399
1377282600 258 1831 835 3749
1377280800 125 1191 209 1337
1377279000 150 1593 216 3349
1377277200 158 1170 413 1350
1377275400 577 2603 1495 5376
1377273600 1207 4172 2623 10945
1377271800 923 5235 1990 10945
1377270000 713 2550 1463 3728
1377268200 2229 5282 5849 9428
1377266400 554 5454 1562 34840
1377264600 494 7531 1517 34840
1377262800 0 502 0 697
1377261000 0 523 0 697
1377259200 0 462 0 508
1377257400 0 463 0 515
1377255600 0 462 0 506
1377253800 0 459 0 499
1377252000 0 460 0 497
1377250200 0 471 0 487
1377248400 0 467 0 519
1377246600 0 463 0 509
1377244800 0 471 0 517
1377243000 0 469 0 508
1377241200 0 481 0 508
1377239400 0 478 0 499
1377237600 0 477 0 507
1377235800 0 676 0 1664
1377234000 0 466 0 970
1377232200 0 555 0 970
1377230400 0 472 0 498
1377228600 0 462 0 495
1377226800 0 466 0 495
1377225000 0 460 0 497
1377223200 0 460 0 494
1377221400 0 464 0 516
1377219600 0 475 0 521
1377217800 0 497 0 553
1377216000 0 481 0 546
1377214200 0 551 0 594
1377212400 0 735 0 1289
1377210600 77 1613 2128 155929
1377208800 1229 30426 4734 197362
1377207000 1306 35738 5373 197362
1377205200 4199 6455 7235 9528
1377203400 298 2783 454 4708
1377201600 2449 15194 3654 29699
1377199800 1180 8601 2230 24407
1377198000 1742 10265 3071 17202
1377196200 1848 11922 4269 27461
1377194400 242 2161 665 4890
1377192600 160 1316 240 1507
1377190800 180 1316 302 1791
1377189000 786 3396 2084 8857
1377187200 731 3623 1853 8016
1377185400 426 2450 1043 3680
1377183600 707 4036 1836 9531
1377181800 1434 5274 3677 12779
1377180000 3709 7809 6037 9566
1377178200 20 893 123 1336
1377176400 0 575 0 715
1377174600 0 530 0 620
1377172800 0 491 0 620
1377171000 0 473 0 512
1377169200 0 471 0 507
1377167400 0 471 0 508
1377165600 0 475 0 502
1377163800 0 472 0 515
1377162000 0 481 0 527
1377160200 0 481 0 519
1377158400 0 483 0 515
1377156600 0 471 0 510
1377154800 0 474 0 509
1377153000 0 468 0 508
1377151200 0 465 0 529
1377149400 0 480 0 529
1377147600 0 541 0 908
1377145800 0 492 0 534
1377144000 0 483 0 522
1377142200 0 486 0 524
1377140400 0 478 0 520
1377138600 0 476 0 556
1377136800 0 509 0 631
1377135000 0 476 0 510
1377133200 0 479 0 513
1377131400 0 485 0 527
1377129600 0 481 0 523
1377127800 0 508 0 578
1377126000 0 681 0 1172
1377124200 373 6622 971 25297
1377122400 240 1810 3041 190443
1377120600 1082 35079 3041 190443
1377118800 394 3536 628 8326
1377117000 586 3527 1091 5899
1377115200 704 3740 1296 5044
1377113400 1702 10571 3565 21697
1377111600 656 3775 1813 4763
1377109800 528 3289 804 4700
1377108000 376 2606 2287 6227
1377106200 719 2790 2287 6227
1377104400 249 11981 769 63722
1377102600 1188 4738 3991 11946
1377100800 1124 4203 1939 6171
1377099000 741 4278 2820 9710
1377097200 284 2186 425 4120
1377095400 1136 4504 2637 12685
1377093600 600 5246 1950 17236
1377091800 0 708 0 837
1377090000 0 536 0 596
1377088200 0 548 0 686
1377086400 0 547 0 764
1377084600 0 482 0 513
1377082800 0 480 0 530
1377081000 0 479 0 510
1377079200 0 474 0 506
1377077400 0 475 0 504
1377075600 0 469 0 520
1377073800 0 470 0 520
1377072000 0 477 0 509
1377070200 0 486 0 519
1377068400 0 476 0 546
1377066600 0 486 0 546
1377064800 0 471 0 506
1377063000 0 465 0 513
1377061200 0 512 0 766
1377059400 0 473 0 504
1377057600 0 469 0 489
1377055800 0 477 0 517
1377054000 0 468 0 504
1377052200 0 471 0 535
1377050400 0 477 0 535
1377048600 0 465 0 511
1377046800 0 496 0 575
1377045000 0 484 0 530
1377043200 0 481 0 522
1377041400 0 497 0 587
1377039600 0 599 0 789
1377037800 439 2254 1593 5636
1377036000 239 1447 565 2031
1377034200 480 2706 618 4530
1377032400 408 3057 583 4348
1377030600 329 2007 514 3409
1377028800 334 2086 841 4182
1377027000 368 2377 920 6980
1377025200 1179 7026 3225 16437
1377023400 1195 8829 2647 13874
1377021600 160 1319 298 1569
1377019800 156 1320 268 1464
1377018000 183 1542 337 2964
1377016200 168 1330 261 1477
1377014400 858 2490 3309 6117
1377012600 1177 3198 2158 5167
1377010800 1195 4209 4802 8979
1377009000 1252 5800 2847 12130
1377007200 614 5502 1203 12579
1377005400 310 1840 1156 6745
1377003600 0 558 0 704
1377001800 0 476 0 548
1377000000 0 497 0 664
1376998200 0 488 0 525
1376996400 0 484 0 537
1376994600 0 478 0 526
1376992800 0 477 0 533
1376991000 0 475 0 505
1376989200 0 482 0 522
1376987400 0 482 0 526
1376985600 0 476 0 519
1376983800 0 483 0 522
1376982000 0 475 0 522
1376980200 0 469 0 519
1376978400 0 477 0 519
1376976600 0 474 0 530
1376974800 0 474 0 530
1376973000 0 508 0 738
1376971200 0 476 0 504
1376969400 0 470 0 501
1376967600 0 471 0 506
1376965800 0 482 0 506
1376964000 0 477 0 501
1376962200 0 476 0 533
1376960400 0 487 0 532
1376958600 0 480 0 651
1376956800 0 596 0 725
1376955000 0 549 0 611
1376953200 0 577 0 612
1376951400 372 2141 877 4820
1376949600 286 1470 363 1745
1376947800 618 2670 3604 10276
1376946000 1051 3925 3604 10276
1376944200 281 1720 792 3988
1376942400 216 1283 1944 5095
1376940600 2206 11634 4703 46913
1376938800 1265 9096 4703 42438
1376937000 393 1890 734 3973
1376935200 277 2201 604 6735
1376933400 768 3937 2325 8087
1376931600 140 1148 233 1301
1376929800 305 1498 929 2376
1376928000 266 1500 778 2601
1376926200 289 1477 753 2434
1376924400 288 1443 744 2090
1376922600 355 1790 486 2713
1376920800 848 4933 1294 10847
1376919000 0 697 0 878
1376917200 0 502 0 687
1376915400 0 547 0 807
1376913600 0 476 0 582
1376911800 0 446 0 473
1376910000 0 445 0 478
1376908200 0 439 0 488
1376906400 0 441 0 487
1376904600 0 439 0 483
1376902800 0 443 0 484
1376901000 0 430 0 472
1376899200 0 439 0 466
1376897400 0 444 0 467
1376895600 0 441 0 476
1376893800 0 444 0 495
1376892000 0 433 0 457
1376890200 0 443 0 476
1376888400 0 434 0 473
1376886600 0 431 0 467
1376884800 0 438 0 474
1376883000 0 438 0 484
1376881200 0 437 0 480
1376879400 0 434 0 463
1376877600 0 443 0 474
1376875800 0 443 0 485
1376874000 0 438 0 485
1376872200 0 431 0 473
1376870400 0 445 0 471
1376868600 0 446 0 485
1376866800 0 430 0 480
1376865000 0 442 0 463
1376863200 0 441 0 462
1376861400 0 437 0 475
1376859600 0 442 0 482
1376857800 0 447 0 484
1376856000 0 444 0 470
1376854200 0 446 0 488
1376852400 0 424 0 478
1376850600 0 443 0 491
1376848800 0 442 0 486
1376847000 0 441 0 472
1376845200 0 436 0 477
1376843400 0 483 0 667
1376841600 0 437 0 468
1376839800 0 445 0 477
1376838000 0 445 0 485
1376836200 0 437 0 475
1376834400 0 441 0 476
1376832600 0 443 0 475
1376830800 0 448 0 475
1376829000 0 441 0 479
1376827200 0 437 0 468
1376825400 0 439 0 470
1376823600 0 432 0 466
1376821800 0 439 0 483
1376820000 0 438 0 477
1376818200 0 432 0 474
1376816400 0 435 0 474
1376814600 0 435 0 467
1376812800 0 437 0 459
1376811000 0 444 0 479
1376809200 0 434 0 478
1376807400 0 433 0 469
1376805600 0 435 0 474
1376803800 0 441 0 490
1376802000 0 433 0 465
1376800200 0 433 0 462
1376798400 0 448 0 482
1376796600 0 436 0 466
1376794800 0 442 0 482
1376793000 0 439 0 473
1376791200 0 442 0 474
1376789400 0 441 0 476
1376787600 0 442 0 473
1376785800 0 448 0 491
1376784000 0 434 0 475
1376782200 0 438 0 473
1376780400 0 433 0 466
1376778600 0 437 0 473
1376776800 0 441 0 480
1376775000 0 438 0 480
1376773200 0 433 0 474
1376771400 0 437 0 481
1376769600 0 434 0 477
1376767800 0 439 0 494
1376766000 0 443 0 480
1376764200 0 447 0 477
1376762400 0 437 0 470
1376760600 0 437 0 486
1376758800 0 442 0 478
1376757000 0 435 0 471
1376755200 0 440 0 468
1376753400 0 444 0 482
1376751600 0 444 0 482
1376749800 0 441 0 469
1376748000 0 442 0 493
1376746200 0 441 0 479
1376744400 0 442 0 483
1376742600 0 437 0 480
1376740800 0 441 0 482
1376739000 0 446 0 498
1376737200 0 448 0 487
1376735400 0 441 0 489
1376733600 0 444 0 483
1376731800 0 441 0 483
1376730000 0 436 0 451
1376728200 0 431 0 465
1376726400 0 426 0 473
1376724600 0 457 0 515
1376722800 0 429 0 458
1376721000 0 442 0 480
1376719200 0 445 0 475
1376717400 0 446 0 487
1376715600 0 427 0 476
1376713800 0 432 0 477
1376712000 0 446 0 483
1376710200 0 447 0 483
1376708400 0 446 0 482
1376706600 0 442 0 483
1376704800 0 449 0 483
1376703000 0 446 0 474
1376701200 0 440 0 497
1376699400 0 456 0 498
1376697600 0 462 0 498
1376695800 0 573 0 825
1376694000 0 527 0 661
1376692200 141 1530 492 4815
1376690400 429 2246 964 3682
1376688600 653 3101 1714 5790
1376686800 661 3101 1145 5318
1376685000 1061 5706 2776 14932
1376683200 1401 6481 2776 9026
1376681400 780 4100 1393 7589
1376679600 358 2499 846 5649
1376677800 177 1680 245 3050
1376676000 151 1282 236 1534
1376674200 145 1251 238 1534
1376672400 268 1561 767 3143
1376670600 159 1275 275 1421
1376668800 188 3933 440 11709
1376667000 301 2103 488 2544
1376665200 404 2030 488 3255
1376663400 373 1840 484 2369
1376661600 528 3896 1189 12714
1376659800 13 682 81 784
1376658000 0 564 0 696
1376656200 0 599 0 894
1376654400 0 484 0 516
1376652600 0 478 0 539
1376650800 0 482 0 529
1376649000 0 483 0 510
1376647200 0 483 0 533
1376645400 0 478 0 556
1376643600 0 482 0 556
1376641800 0 512 0 581
1376640000 0 482 0 519
1376638200 0 509 0 609
1376636400 0 484 0 543
1376634600 0 497 0 543
1376632800 0 495 0 527
1376631000 0 493 0 543
1376629200 0 489 0 519
1376627400 0 569 0 843
1376625600 0 481 0 511
1376623800 0 500 0 533
1376622000 0 484 0 530
1376620200 0 495 0 524
1376618400 0 480 0 516
1376616600 0 486 0 539
1376614800 0 488 0 530
1376613000 0 511 0 677
1376611200 0 512 0 574
1376609400 0 517 0 601
1376607600 0 593 0 732
1376605800 192 1291 1063 3266
1376604000 576 2518 1063 3895
1376602200 1939 4269 6857 8060
1376600400 1176 3613 6365 7989
1376598600 2314 5860 6365 10038
1376596800 900 3452 2158 10038
1376595000 553 2074 949 4420
1376593200 500 2001 871 2109
1376591400 678 2134 871 2404
1376589600 1083 5711 2146 13330
1376587800 417 1728 1338 4123
1376586000 301 1444 460 1880
1376584200 358 1609 1243 4896
1376582400 737 2699 1598 4896
1376580600 860 3036 1979 7281
1376578800 561 2007 756 2461
1376577000 554 2604 784 6012
1376575200 560 2153 1003 7785
1376573400 896 2931 3786 7785
1376571600 0 570 0 785
1376569800 0 499 0 554
1376568000 0 492 0 532
1376566200 0 558 0 868
1376564400 0 496 0 534
1376562600 0 492 0 534
1376560800 0 500 0 526
1376559000 0 502 0 545
1376557200 0 495 0 535
1376555400 0 490 0 526
1376553600 0 529 0 610
1376551800 0 518 0 552
1376550000 0 505 0 553
1376548200 0 510 0 549
1376546400 0 503 0 542
1376544600 0 524 0 929
1376539200 0 506 0 558
1376532000 0 510 0 558
1376524800 103 956 1301 6491
1376517600 932 3449 6479 14396
1376510400 1262 30487 3483 137121
1376503200 510 9370 2452 180042
1376496000 777 3618 5319 15875
1376488800 494 2455 5319 10887
1376481600 0 434 0 476
1376474400 0 429 0 456
1376467200 0 441 0 490
1376460000 0 454 0 667
1376452800 0 442 0 510
1376445600 0 451 0 485
1376438400 45 738 422 2884
1376431200 937 5135 5430 21544
1376424000 1200 6565 4422 49946
1376416800 1053 4419 5946 27157
1376409600 455 3105 1892 27157
1376402400 279 3043 2000 24598
1376395200 0 464 0 507
1376388000 0 462 0 507
1376380800 0 459 0 501
1376373600 0 466 0 736
1376366400 0 453 0 474
1376359200 0 460 0 493
1376352000 52 796 654 3460
1376344800 515 3210 2193 9339
1376337600 992 4894 5485 35567
1376330400 333 2185 1665 9682
1376323200 718 4588 5937 48685
1376316000 435 2859 7851 44490
1376308800 0 505 0 566
1376301600 0 497 0 553
1376294400 0 508 0 554
1376287200 0 508 0 571
1376280000 0 506 0 551
1376272800 0 502 0 593
1376265600 0 496 0 543
1376258400 0 496 0 543
1376251200 0 508 0 557
1376244000 0 510 0 596
1376236800 0 504 0 558
1376229600 0 504 0 607
1376222400 0 494 0 543
1376215200 0 499 0 549
1376208000 0 497 0 550
1376200800 0 501 0 550
1376193600 0 504 0 565
1376186400 0 501 0 553
1376179200 0 497 0 545
1376172000 0 496 0 555
1376164800 0 483 0 532
1376157600 0 493 0 565
1376150400 0 489 0 542
1376143200 0 497 0 567
1376136000 0 487 0 535
1376128800 0 493 0 551
1376121600 0 501 0 551
1376114400 0 499 0 562
1376107200 0 493 0 565
1376100000 0 513 0 633
1376092800 0 486 0 676
1376085600 0 803 0 1165
1376078400 0 803 0 1020
1376071200 0 1230 0 11192
1376064000 0 870 0 1144
1376056800 0 776 0 1408
1376049600 0 552 0 776
1376042400 0 531 0 590
1376035200 0 526 0 567
1376028000 0 551 0 840
1376020800 0 528 0 587
1376013600 0 533 0 597
1376006400 30 1078 378 10555
1375999200 650 3338 2473 11726
1375992000 793 6347 3389 77954
1375984800 305 1944 2285 15088
1375977600 369 2531 2150 13874
1375970400 408 2513 4404 19146
1375963200 0 544 0 639
1375956000 0 533 0 584
1375948800 0 543 0 945
1375941600 0 530 0 588
1375934400 0 530 0 573
1375927200 0 617 0 755
1375920000 111 1107 883 4433
1375912800 874 4072 2515 13069
1375905600 691 2929 2637 8547
1375898400 689 11699 7177 228458
1375891200 444 2395 1002 8323
1375884000 459 2566 2702 16627
1375876800 0 391 0 415
1375869600 0 389 0 421
1375862400 0 389 0 418
1375855200 0 415 0 835
1375848000 0 394 0 428
1375840800 0 397 0 499
1375833600 34 721 488 5044
1375826400 661 3712 3973 18547
1375819200 431 2308 1285 7662
1375812000 242 3194 806 27514
1375804800 777 3985 2822 9905
1375797600 178 1426 1981 15194
1375790400 0 419 0 513
1375783200 0 421 0 491
1375776000 0 440 0 554
1375768800 0 427 0 755
1375761600 0 420 0 588
1375754400 0 414 0 437
1375747200 261 2125 5279 37848
1375740000 704 4102 3836 24573
1375732800 774 3736 3376 12201
1375725600 773 4594 4011 31366
1375718400 647 2435 2882 8459
1375711200 368 5569 2185 90521
1375704000 0 440 0 574
1375696800 0 424 0 465
1375689600 0 429 0 473
1375682400 0 423 0 456
1375675200 0 423 0 466
1375668000 0 424 0 464
1375660800 0 430 0 477
1375653600 0 431 0 464
1375646400 0 431 0 474
1375639200 0 422 0 472
1375632000 0 424 0 477
1375624800 0 430 0 481
1375617600 0 419 0 477
1375610400 0 422 0 477
1375603200 0 428 0 469
1375596000 0 419 0 473
1375588800 0 420 0 478
1375581600 0 429 0 480
1375574400 0 427 0 485
1375567200 0 434 0 474
1375560000 0 422 0 466
1375552800 0 639 0 908
1375545600 0 626 0 914
1375538400 0 428 0 489
1375531200 0 418 0 463
1375524000 0 425 0 470
1375516800 0 428 0 481
1375509600 0 439 0 682
1375502400 0 423 0 473
1375495200 0 423 0 475
1375488000 258 935 5215 8213
1375480800 1293 7485 6686 70624
1375473600 759 5358 3265 28055
1375466400 223 1506 761 7692
1375459200 757 4579 3851 23423
1375452000 411 2234 2609 10550
1375444800 0 465 0 511
1375437600 0 469 0 522
1375430400 0 454 0 509
1375423200 0 477 0 789
1375416000 0 458 0 529
1375408800 0 471 0 683
1375401600 52 754 445 2458
1375394400 1174 5720 6666 19441
1375387200 683 3234 4380 15310
1375380000 267 1927 1804 6053
1375372800 586 3665 3499 27277
1375365600 215 1756 1607 14242
1375358400 0 437 0 484
1375351200 0 447 0 512
1375344000 0 451 0 726
1375336800 0 440 0 486
1375329600 0 444 0 544
1375322400 0 524 0 642
1375315200 173 1650 1142 11159
1375308000 434 2720 1420 7566
1375300800 1029 6418 3051 30614
1375293600 330 2213 1921 13695
1375286400 827 4542 3757 28118
1375279200 293 2955 3757 41633
1375272000 0 468 0 524
1375264800 0 466 0 515
1375257600 0 478 0 522
1375250400 0 482 0 703
1375243200 0 483 0 543
1375236000 0 477 0 528
1375228800 75 830 1092 5448
1375221600 1093 3571 5425 10607
1375214400 557 3696 2013 20366
1375207200 438 2966 2390 16570
1375200000 684 4278 2770 18734
1375192800 110 1875 570 14101
1375185600 0 462 0 511
1375178400 0 458 0 501
1375171200 0 456 0 501
1375164000 0 463 0 520
1375156800 0 456 0 495
1375149600 0 453 0 499
1375142400 0 538 649 2840
1375135200 414 2834 2814 11241
1375128000 726 3767 2814 12638
1375120800 298 1750 2063 24381
1375113600 448 2792 2063 24381
1375106400 326 2000 2412 18073
1375099200 0 490 0 592
1375092000 0 480 0 538
1375084800 0 475 0 540
1375077600 0 481 0 560
1375070400 0 477 0 530
1375063200 0 477 0 531
1375056000 0 477 0 538
1375048800 0 474 0 553
1375041600 0 483 0 550
1375034400 0 478 0 530
1375027200 0 479 0 546
1375020000 0 476 0 542
1375012800 0 478 0 545
1375005600 0 479 0 529
1374998400 0 480 0 546
1374991200 0 486 0 579
1374984000 0 476 0 528
1374976800 0 471 0 532
1374969600 0 472 0 530
1374962400 0 477 0 545
1374955200 0 473 0 525
1374948000 0 469 0 522
1374940800 0 472 0 515
1374933600 0 472 0 520
1374926400 0 468 0 520
1374919200 0 476 0 541
1374912000 0 474 0 510
1374904800 0 481 0 518
1374897600 0 485 0 534
1374890400 0 489 0 539
1374883200 7 557 258 1749
1374876000 702 6075 2065 29113
1374868800 544 2560 2136 7039
1374861600 293 1759 2136 5385
1374854400 877 3657 5274 13829
1374847200 326 2298 3158 12496
1374840000 0 542 0 610
1374832800 0 537 0 612
1374825600 0 547 0 603
1374818400 0 545 0 632
1374811200 0 543 0 626
1374804000 0 540 0 609
1374796800 192 2220 3909 36305
1374789600 862 2700 11007 11915
1374782400 1522 4059 7066 13660
1374775200 202 1528 857 5873
1374768000 1138 5274 3641 17351
1374760800 124 1883 1077 11363
1374753600 0 491 0 640
1374746400 0 480 0 534
1374739200 0 481 0 558
1374732000 0 498 0 892
1374724800 0 476 0 544
1374717600 0 490 0 532
1374710400 232 2372 1176 12392
1374703200 680 3765 4714 23065
1374696000 1061 13785 4704 145185
1374688800 301 2003 1796 9779
1374681600 795 4586 5487 21870
1374674400 408 1883 3159 9231
1374667200 0 474 0 564
1374660000 0 465 0 518
1374652800 0 467 0 524
1374645600 0 489 0 837
1374638400 0 469 0 536
1374631200 0 476 0 531
1374624000 18 772 365 4907
1374616800 608 4388 3243 26625
1374609600 401 3164 2187 14126
1374602400 314 1953 968 4745
1374595200 589 3165 1774 14869
1374588000 181 1667 1177 7685
1374580800 0 493 0 547
1374573600 0 481 0 539
1374566400 0 492 0 550
1374559200 0 505 0 763
1374552000 0 490 0 546
1374544800 0 505 0 708
1374537600 190 2219 3187 33637
1374530400 984 7208 3580 39802
1374523200 853 4325 2157 17489
1374516000 371 2312 2750 12354
1374508800 8663 558018 93020 4985973
1374501600 173 1605 1100 9850
1374494400 0 396 0 434
1374487200 0 399 0 436
1374480000 0 385 0 408
1374472800 0 384 0 403
1374465600 0 394 0 420
1374458400 0 396 0 426
1374451200 0 397 0 421
1374444000 0 394 0 417
1374436800 0 396 0 417
1374429600 0 398 0 422
1374422400 0 395 0 416
1374415200 0 397 0 429
1374408000 0 398 0 424
1374400800 0 399 0 425
1374393600 0 397 0 429
1374386400 0 395 0 422
1374379200 0 389 0 420
1374372000 0 400 0 425
1374364800 0 391 0 422
1374357600 0 399 0 435
1374350400 0 393 0 425
1374343200 0 401 0 439
1374336000 0 382 0 415
1374328800 0 368 0 405
1374321600 0 371 0 413
1374314400 0 379 0 404
1374307200 0 379 0 402
1374300000 0 371 0 406
1374292800 0 355 0 389
1374285600 0 332 0 369
1374278400 153 1087 1794 8565
1374271200 1316 52107 12483 1163020
1374264000 1517 80212 10934 1028065
1374256800 216 1326 849 2665
1374249600 911 4533 3034 13538
1374242400 191 1399 2303 8496
1374235200 0 384 0 527
1374228000 0 376 0 432
1374220800 0 389 0 440
1374213600 0 394 0 633
1374206400 0 370 0 408
1374199200 0 378 0 455
1374192000 108 897 3027 32923
1374184800 1230 9944 5828 48431
1374177600 1313 6990 3751 37044
1374170400 631 2789 2613 14612
1374163200 822 6368 2860 72521
1374156000 250 1646 443 6934
1374148800 192 910 262 1690
1374141600 233 2011 701 26595
1374134400 189 882 303 1101
1374127200 198 898 341 1118
1374120000 193 883 291 1053
1374112800 204 1029 401 3919
1374105600 340 1343 2546 4516
1374098400 924 4384 2671 17706
1374091200 988 7961 3157 32247
1374084000 528 2665 2055 13003
1374076800 695 7922 3932 132183
1374069600 551 10060 5056 197527
1374062400 0 527 0 580
1374055200 0 499 0 589
1374048000 0 474 0 565
1374040800 0 474 0 562
1374033600 0 468 0 555
1374026400 0 473 0 572
1374019200 357 2242 2066 20127
1374012000 1359 6265 3598 23859
1374004800 31 902 750 1940
1373997600 835 2806 1627 6662
1373990400 1047 4298 4047 11486
1373983200 21 615 506 1384
1373976000 0 385 0 441
1373968800 0 379 0 423
1373961600 0 377 0 446
1373954400 0 379 0 422
1373947200 0 391 0 536
1373940000 0 388 0 441
1373932800 201 1308 3600 12337
1373925600 726 3958 2533 18724
1373918400 1185 4600 4343 25694
1373911200 689 1943 1088 6000
1373904000 628 3190 2730 17904
1373896800 644 3232 5412 28983
1373889600 55 387 96 573
1373882400 59 444 122 1778
1373875200 55 378 94 434
1373868000 77 384 656 524
1373860800 56 379 92 426
1373853600 56 434 93 1708
1373846400 56 375 93 432
1373839200 58 390 101 494
1373832000 56 384 104 466
1373824800 59 593 144 5312
1373817600 56 387 99 429
1373810400 53 377 92 444
1373803200 104 389 608 566
1373796000 72 396 477 611
1373788800 58 383 107 435
1373781600 53 379 94 425
1373774400 55 389 101 545
1373767200 54 372 93 464
1373760000 737 32068 14280 662818
1373752800 69 396 400 568
1373745600 61 385 198 514
1373738400 58 522 116 3562
1373731200 2732 122334 40438 1864253
1373724000 53 381 105 435
1373716800 57 385 105 444
1373709600 53 390 92 531
1373702400 56 380 96 437
1373695200 54 384 92 444
1373688000 121 408 1593 878
1373680800 53 390 103 447
1373673600 392 1469 6034 17783
1373666400 3822 128921 65508 3019821
1373659200 257 1630 663 5081
1373652000 1916 53374 25446 1103352
1373644800 2037 131065 19940 1456809
1373637600 106 1277 606 7234
1373630400 0 415 0 439
1373623200 0 465 0 1479
1373616000 0 415 0 446
1373608800 0 6161 0 138300
1373601600 0 386 0 415
1373594400 0 391 0 431
1373587200 64 647 471 2020
1373580000 1020 4415 7018 25987
1373572800 8275 386562 80460 6299474
1373565600 1593 48359 27407 1108825
1373558400 4578 164481 27407 1108825
1373551200 266 2101 2217 23158
1373544000 0 429 0 617
1373536800 0 414 0 557
1373529600 0 450 0 557
1373522400 0 434 0 473
1373515200 0 433 0 474
1373508000 0 665 0 5426
1373500800 82 1101 1561 6453
1373493600 988 6153 9387 52969
1373486400 1322 8353 5059 90882
1373479200 495 3211 1880 20727
1373472000 718 3908 3131 22909
1373464800 285 2976 1513 42025
1373457600 0 445 0 707
1373450400 0 437 0 516
1373443200 0 435 0 477
1373436000 0 434 0 478
1373428800 0 441 0 470
1373421600 0 444 0 508
1373414400 211 1904 1716 18658
1373407200 359 6792 2475 113809
1373400000 3 834 355 1907
1373392800 500 2463 3139 9854
1373385600 1516 3174 16661 10540
1373378400 133 2421 823 18614
1373371200 0 423 0 457
1373364000 0 430 0 463
1373356800 0 436 0 497
1373349600 0 430 0 484
1373342400 0 428 0 457
1373335200 0 431 0 470
1373328000 101 3225 938 45457
1373320800 415 2789 1341 12733
1373313600 632 3110 3158 13581
1373306400 414 2594 1523 11306
1373299200 734 3001 5002 11122
1373292000 854 39414 15956 870515
1373284800 0 406 0 895
1373277600 0 389 0 422
1373270400 0 388 0 416
1373263200 0 390 0 424
1373256000 0 396 0 433
1373248800 0 397 0 438
1373241600 0 400 0 458
1373234400 0 401 0 450
1373227200 0 396 0 419
1373220000 0 396 0 436
1373212800 0 400 0 491
1373205600 0 395 0 427
1373198400 0 401 0 443
1373191200 0 398 0 446
1373184000 0 396 0 430
1373176800 0 398 0 435
1373169600 0 404 0 473
1373162400 0 405 0 441
1373155200 0 402 0 447
1373148000 0 456 0 541
1373140800 0 468 0 528
1373133600 0 468 0 534
1373126400 0 487 0 599
1373119200 0 476 0 542
1373112000 0 470 0 537
1373104800 0 474 0 520
1373097600 0 480 0 526
1373090400 0 480 0 542
1373083200 0 477 0 535
1373076000 0 476 0 544
1373068800 0 469 0 548
1373061600 0 472 0 548
1373054400 0 477 0 547
1373047200 0 475 0 537
1373040000 0 478 0 604
1373032800 0 467 0 536
1373025600 0 482 0 555
1373018400 0 466 0 536
1373011200 0 471 0 524
1373004000 0 476 0 544
1372996800 0 469 0 520
1372989600 0 471 0 516
1372982400 0 467 0 537
1372975200 0 477 0 532
1372968000 0 474 0 549
1372960800 0 473 0 516
1372953600 0 489 0 612
1372946400 0 477 0 527
1372939200 0 475 0 525
1372932000 0 481 0 547
1372924800 0 1357 0 21522
1372917600 0 478 0 554
1372910400 0 473 0 524
1372903200 0 478 0 521
1372896000 0 493 0 573
1372888800 0 593 0 743
1372881600 323 1749 1949 4032
1372874400 639 5046 2794 23545
1372867200 1865 2734 27799 12711
1372860000 213 1471 2406 13345
1372852800 0 420 0 459
1372845600 0 422 0 460
1372838400 0 423 0 455
1372831200 0 417 0 458
1372824000 0 417 0 459
1372816800 0 428 0 468
1372809600 0 476 0 730
1372802400 876 4282 8067 18375
1372795200 286 1649 2451 7651
1372788000 275 1510 603 3524
1372780800 1133 4437 4573 16204
1372773600 302 2118 3305 15172
1372766400 0 432 0 634
1372759200 0 418 0 446
1372752000 0 411 0 439
1372744800 0 406 0 439
1372737600 0 415 0 454
1372730400 0 420 0 470
1372723200 138 934 5246 35134
1372716000 623 3696 5246 35134
1372708800 1936 5543 29548 46494
1372701600 550 4560 1854 37760
1372694400 694 2980 6449 20556
1372687200 394 4180 3476 47390
1372680000 0 426 0 676
1372672800 0 395 0 427
1372665600 0 393 0 431
1372658400 0 381 0 423
1372651200 0 396 0 468
1372644000 0 390 0 440
1372636800 0 383 0 412
1372629600 0 386 0 429
1372622400 0 393 0 427
1372615200 0 392 0 429
1372608000 0 397 0 480
1372600800 0 391 0 415
1372593600 0 396 0 435
1372586400 0 397 0 432
1372579200 0 401 0 452
1372572000 0 396 0 433
1372564800 0 381 0 408
1372557600 0 395 0 449
1372550400 0 399 0 447
1372543200 0 457 0 521
1372536000 0 462 0 510
1372528800 0 460 0 505
1372521600 0 473 0 615
1372514400 0 466 0 517
1372507200 0 472 0 545
1372500000 0 465 0 508
1372492800 0 461 0 515
1372485600 0 466 0 515
1372478400 0 468 0 514
1372471200 0 465 0 515
1372464000 93 887 516 2496
1372456800 2161 5548 6705 19954
1372449600 383 2250 958 15302
1372442400 465 2177 2277 8492
1372435200 1085 5776 4347 26197
1372428000 142 1349 735 7328
1372420800 0 432 0 786
1372413600 0 424 0 473
1372406400 0 420 0 487
1372399200 0 427 0 456
1372392000 0 429 0 501
1372384800 0 433 0 472
1372377600 198 1069 2126 5941
1372370400 588 2780 4684 13626
1372363200 280 1722 553 4118
1372356000 331 1886 1016 3904
1372348800 966 4943 3907 25771
1372341600 276 1871 1841 9246
1372334400 0 509 0 561
1372327200 0 722 0 3406
1372320000 0 648 0 3793
1372312800 0 503 0 587
1372305600 0 851 0 6409
1372298400 0 499 0 644
1372291200 147 1203 975 7160
1372284000 717 4034 3670 35902
1372276800 371 2017 11490 580928
1372269600 904 34169 11490 580928
1372262400 348 2102 914 5416
1372255200 250 1862 1484 10462
1372248000 0 513 0 572
1372240800 0 509 0 572
1372233600 0 507 0 555
1372226400 0 515 0 568
1372219200 0 521 0 580
1372204800 232 1559 11306 40094
1372118400 235 2184 4337 103147
1372032000 0 515 0 716
1371945600 0 523 0 622
1371859200 209 1682 3091 40101
1371772800 193 1341 6718 27419
1371686400 196 1485 2341 14829
1371600000 381 2368 8752 91455
1371513600 276 1833 4745 23206
1371427200 0 535 0 11493
1371340800 0 506 0 644
1371254400 301 1636 3267 21563
1371168000 4406 163272 212369 11644671
1371081600 406 3598 11536 119684
1370995200 375 1975 6227 46049
1370908800 379 2431 6174 130380
1370822400 0 481 0 632
1370736000 0 478 0 584
1370649600 358 1941 4870 42764
1370563200 371 1821 4043 24002
1370476800 125 1224 5256 18278
1370390400 221 1238 3793 21914
1370304000 324 1707 5131 21553
1370217600 0 471 0 608
1370131200 0 476 0 645
1370044800 337 2504 4385 159814
1369958400 490 5135 14986 739318
1369872000 798 18247 42490 1898092
1369785600 141 1391 4057 35603
1369699200 0 485 0 624
1369612800 0 487 0 628
1369526400 0 494 0 666
1369440000 258 1299 7171 26044
1369353600 271 1556 5253 36547
1369267200 2743 2078 719259 100071
1369180800 376 6491 16115 846817
1369094400 0 774 0 7324
1369008000 0 13752 0 3784310
1368921600 0 509 0 698
1368835200 0 679 0 5186
1368748800 0 697 0 24210
1368662400 0 738 0 9238
1368576000 0 760 0 7878
1368489600 0 688 0 3223
1368403200 0 491 0 595
1368316800 0 492 0 588
1368230400 0 7800 0 1015903
1368144000 0 876 0 20231
1368057600 0 718 0 1378
1367971200 0 866 0 9637
1367884800 0 770 0 6505
1367798400 0 509 0 660
1367712000 0 509 0 649
1367625600 0 675 0 8495
1367539200 0 628 0 2980
1367452800 0 663 0 2944
1367366400 0 671 0 1596
1367280000 192 1688 3461 62681
1367193600 0 469 0 624
1367107200 0 470 0 572
1367020800 127 1181 1779 19021
1366934400 158 1271 2003 17877
1366848000 276 1676 5708 28298
1366761600 287 1854 10703 75401
1366675200 283 1707 7619 31563
1366588800 0 533 0 20467
1366502400 0 418 0 589
1366416000 250 2659 3275 63926
1366329600 189 1783 2764 38443
1366243200 179 1402 2680 24317
1366156800 141 1452 3105 29184
1366070400 242 2016 2641 43524
1365984000 0 535 0 681
1365897600 0 537 0 696
1365811200 375 1746 6017 23512
1365724800 215 1684 11159 22763
1365638400 254 2578 4593 62396
1365552000 218 2215 7689 110284
1365465600 192 1667 3344 50125
1365379200 0 630 0 829
1365292800 0 652 0 828
1365206400 231 2047 2794 37939
1365120000 357 2178 11986 68622
1365033600 323 2509 8726 52504
1364947200 134 1417 2397 23502
1364860800 224 2049 3716 59969
1364774400 0 592 0 4195
1364688000 0 587 0 747
1364601600 209 1434 4925 21660
1364515200 178 1456 3403 16229
1364428800 205 1799 3319 64267
1364342400 2369 1785 625675 45102
1364256000 298 3901 9302 518691
1364169600 0 576 0 715
1364083200 0 585 0 956
1363996800 239 1884 2487 92587
1363910400 332 2031 8911 38108
1363824000 439 3138 13803 100355
1363737600 284 1763 9408 30599
1363651200 257 1673 10018 20782
1363564800 0 536 0 725
1363478400 0 542 0 815
1363392000 288 2697 4564 36721
1363305600 276 2425 10834 30458
1363219200 277 3174 4280 116521
1363132800 344 2483 17925 35778
1363046400 775 2808 130755 117435
1362960000 0 993 111 11701
1362873600 0 1108 112 14266
1362787200 297 2917 13122 31428
1362700800 303 3109 6695 25677
1362614400 266 3251 12392 111339
1362528000 184 3764 7048 325527
1362441600 228 2652 5125 59832
1362355200 0 781 111 10398
1362268800 0 847 111 12454
1362182400 185 2143 4025 28438
1362096000 210 2744 5056 28623
1362009600 221 2704 3983 66014
1361923200 2900 9797 739389 1463041
1361836800 240 2592 3433 105308
1361750400 0 1022 110 14860
1361664000 0 1230 111 20545
1361577600 163 4854 2402 312207
1361491200 225 2811 5104 36073
1361404800 195 2361 4586 24076
1361318400 214 1697 14972 45249
1361232000 0 771 116 14636
1361145600 0 791 116 13449
1361059200 0 1428 116 127681
1360972800 317 4910 15585 220492
1360886400 248 2468 7151 30305
1360800000 190 3242 5656 99265
1360713600 138 2377 2536 120476
1360627200 161 1322 3441 11944
1360540800 0 507 42 830
1360454400 0 840 42 12705
1360368000 150 1977 4165 125857
1360281600 298 2706 4426 25877
1360195200 232 3033 5167 49821
1360108800 292 8791 6418 630290
1360022400 187 2355 4318 107279
1359936000 0 600 110 2063
1359849600 0 660 111 4532
1359763200 748 3227 14438 37919
1359676800 321 4703 7742 393931
1359590400 264 2469 14145 27333
1359504000 258 2567 7458 32705
1359417600 612 2488 13416 45268
1359331200 0 913 116 85846
1359244800 0 952 116 14687
1359158400 190 2639 5228 83058
1359072000 355 2580 8013 23853
1358985600 201 2477 3895 26916
1358899200 194 2078 6472 52162
1358812800 0 589 116 1834
1358726400 0 594 116 1863
1358640000 0 762 150 10752
1358553600 259 2934 4890 49160
1358467200 196 2218 2494 25386
1358380800 191 1970 4068 94541
1358294400 265 2602 4005 41996
1358208000 325 3305 4448 113273
1358121600 0 575 150 3000
1358035200 0 565 150 971
1357948800 305 2064 4525 83876
1357862400 247 1882 9689 76799
1357776000 606 9593 50430 834590
1357689600 348 2761 7173 122150
1357603200 233 4027 2196 90448
1357516800 0 489 110 596
1357430400 0 542 111 7530
1357344000 187 3937 3080 313261
1357257600 219 1677 7425 68218
1357171200 306 1925 7771 45563
1357084800 0 485 111 708
1356998400 162 1300 3664 21333
1356912000 0 476 111 785
1356825600 0 491 111 822
1356739200 278 1942 5560 66285
1356652800 198 1897 2726 32066
1356566400 358 4556 14405 723526
1356480000 0 439 122 648
1356393600 0 443 121 815
1356307200 0 449 116 783
1356220800 0 542 121 25317
1356134400 241 2228 7958 82415
1356048000 209 1465 5010 16725
1355961600 194 2644 3557 135679
1355875200 7069 8814 1462693 643763
1355788800 423 2492 6803 116688
1355702400 0 516 5 614
1355616000 0 526 5 705
1355529600 256 1772 12939 26774
1355443200 293 2458 10918 75601
1355356800 221 1894 3625 58267
1355270400 250 1962 4602 38930
1355184000 233 1687 3176 69943
1355097600 0 474 5 587
1355011200 0 476 5 587
1354924800 220 2864 8943 138590
1354838400 220 1350 5104 17618
1354752000 240 1772 6913 56026
1354665600 122 1612 3049 145041
1354579200 908 8592 114572 1420574
1354492800 0 468 5 548
1354406400 0 471 5 961
1354320000 226 1457 3946 16600
1354233600 194 1360 4917 20163
1354147200 233 1450 12385 23981
1354060800 317 7621 5094 170279
1353974400 261 1621 4247 28958
1353888000 0 425 14 527
1353801600 0 425 6 522
1353715200 0 423 4 518
1353628800 0 428 8 551
1353542400 142 1436 3696 78570
1353456000 233 1246 17081 16529
1353369600 411 2634 26227 67259
1353283200 0 509 6 613
1353196800 0 526 5 723
1353110400 255 2262 3688 98969
1353024000 333 5477 12580 268241
1352937600 380 4848 9270 476875
1352851200 310 3719 15607 313787
1352764800 2553 1641 651403 31015
1352678400 0 498 6 659
1352592000 0 513 6 629
1352505600 240 2218 3124 149563
1352419200 283 2379 4900 47864
1352332800 223 1763 3194 23332
1352246400 248 2882 7952 250677
1352160000 217 1474 4181 24857
1352073600 0 485 7 969
1351987200 0 477 7 1048
1351900800 176 2066 2569 59312
1351814400 205 1615 4865 18672
1351728000 247 1474 15601 37956
1351641600 0 444 6 1005
1351555200 0 484 159 873
1351468800 0 500 158 926
1351382400 0 503 158 879
1351296000 247 2910 3892 121358
1351209600 290 2230 6500 57982
1351123200 338 2016 9966 30095
1351036800 258 2207 4387 130563
1350950400 291 2751 8713 52575
1350864000 0 767 158 3832
1350777600 0 775 158 5845
1350691200 382 2426 11417 53988
1350604800 243 3704 3149 112918
1350518400 307 6147 5630 112371
1350432000 183 1669 2899 16759
1350345600 367 5423 7718 87319
1350259200 0 623 158 947
1350172800 0 624 158 1095
1350086400 55 856 178 2056
1350000000 350 2454 7045 58488
1349913600 399 4918 8809 348057
1349827200 332 1996 9039 44920
1349740800 314 2218 7906 96582
1349654400 0 633 91 828
1349568000 0 633 92 853
1349481600 190 3048 6123 258285
1349395200 215 1738 4269 43408
1349308800 172 1501 6874 17234
1349222400 320 3695 15414 324742
1349136000 198 1764 4122 37920
1349049600 0 633 90 852
1348963200 0 639 90 753
1348876800 348 12815 5321 177353
1348790400 537 13268 7261 153003
1348704000 512 9994 38224 348039
1348617600 906 9784 74223 1056306
1348531200 336 4171 4303 116422
1348444800 0 626 63 846
1348358400 0 644 90 832
1348272000 282 4134 11994 684470
1348185600 245 4835 6841 85568
1348099200 214 1986 6469 25684
1348012800 183 1890 8333 105529
1347926400 204 1515 6559 43917
1347840000 0 631 63 808
1347753600 0 637 62 762
1347667200 475 17121 40786 2297144
1347580800 269 3082 6627 201208
1347494400 762 2634 77182 107169
1347408000 357 2792 7850 82255
1347321600 398 2538 10423 147225
1347235200 0 620 63 753
1347148800 0 628 62 811
1347062400 254 2207 2619 26319
1346976000 192 1652 2997 19571
1346889600 400 2299 9128 22707
1346803200 530 2484 39653 63289
1346716800 0 626 63 1075
1346630400 0 602 63 736
1346544000 0 611 63 740
1346457600 209 7452 2576 115143
1346371200 333 8499 7179 127573
1346284800 383 2867 8905 163680
1346198400 347 3256 4176 104285
1346112000 292 2346 7744 104050
1346025600 0 679 88 801
1345939200 0 681 89 815
1345852800 229 2045 2489 28507
1345766400 439 2148 16924 52003
1345680000 375 2192 5600 28173
1345593600 283 2064 5525 70077
1345507200 275 1856 7033 20681
1345420800 0 601 89 714
1345334400 0 618 89 794
1345248000 221 1701 5189 33274
1345161600 297 3691 5956 245236
1345075200 284 2454 6322 82259
1344988800 252 1662 6960 18974
1344902400 299 5223 25334 989759
1344816000 0 641 43 787
1344729600 0 645 43 767
1344643200 455 11338 7040 133366
1344556800 393 11133 7617 595833
1344470400 333 2047 7888 25931
1344384000 157 1361 3605 12731
1344297600 220 1723 4939 39854
1344211200 0 605 36 1161
1344124800 0 665 36 817
1344038400 249 2364 4669 63969
1343952000 192 1464 2842 12619
1343865600 294 4253 6487 338577
1343779200 225 2256 3702 109517
1343692800 196 2044 4824 94964
1343606400 0 571 14 676
1343520000 0 633 14 821
1343433600 217 1944 3294 36047
1343347200 248 1682 8573 14178
1343260800 167 1766 2698 22612
1343174400 177 1527 3867 17336
1343088000 215 1940 7257 87404
1343001600 0 712 76 909
1342915200 0 713 76 840
1342828800 200 1998 3325 61290
1342742400 237 1828 8598 20669
1342656000 220 3904 9232 345370
1342569600 3977 1776 288015 26092
1342483200 294 1535 7723 24569
1342396800 0 732 55 877
1342310400 0 740 56 892
1342224000 287 3197 11428 262282
1342137600 212 2440 10652 133071
1342051200 0 901 785 1793
1341964800 135 1460 2771 32162
1341878400 179 1579 3445 26864
1341792000 0 657 63 808
1341705600 0 673 63 1145
1341619200 210 2131 3535 87475
1341532800 876 24342 45315 418720
1341446400 0 712 63 863
1341360000 286 1632 4515 14212
1341273600 213 1588 10379 23642
1341187200 0 710 63 869
1341100800 0 711 63 874
1341014400 199 1888 3267 36562
1340928000 139 1487 1890 10102
1340841600 365 1697 50174 19786
1340755200 173 1700 3596 22838
1340668800 361 2209 29904 44086
1340582400 0 720 56 891
1340496000 0 726 56 953
1340409600 302 2209 5183 26078
1340323200 351 8747 21934 922001
1340236800 195 1780 4516 38102
1340150400 184 2116 3970 78431
1340064000 273 2620 20778 173176
1339977600 0 655 67 4218
1339891200 0 721 67 899
1339804800 215 1753 5702 26855
1339718400 398 5916 24333 719017
1339632000 246 2590 3344 43226
1339545600 5344 2808 306023 66133
1339459200 306 2038 9430 68022
1339372800 0 771 1 1053
1339286400 0 769 2 921
1339200000 0 888 1 1718
1339113600 0 925 2 1647
1339027200 255 6363 7281 284351
1338940800 266 1820 7492 19723
1338854400 176 1660 4187 29086
1338768000 0 721 1 853
1338681600 0 729 1 900
1338595200 128 1511 3162 14003
1338508800 355 6471 12084 671767
1338422400 31 913 2800 1562
1338336000 7 910 678 1921
1338249600 0 706 1 835
1338163200 0 704 1 841
1338076800 0 704 1 830
1337990400 0 815 1 1857
1337904000 0 809 2 1361
1337817600 30 825 2715 5538
1337731200 0 896 2 6245
1337644800 0 851 49 1975
1337558400 0 672 1 811
1337472000 0 673 1 809
1337385600 0 847 32 1584
1337299200 0 882 33 1617
1337212800 0 906 154 1443
1337126400 0 858 32 1626
1337040000 0 855 33 1670
1336953600 0 723 33 1023
1336867200 0 718 32 852
1336780800 0 899 33 1469
1336694400 207 1590 2488 32871
1336608000 1667 1623 353961 27663
1336521600 218 1980 4822 55587
1336435200 300 3762 9824 278517
1336348800 0 673 32 2401
1336262400 0 730 32 884
1336176000 294 3557 5840 156630
1336089600 282 3546 4525 81155
1336003200 232 2703 3583 20922
1335916800 431 3125 8284 109926
1335830400 256 2160 4809 27278
1335744000 0 759 26 938
1335657600 0 842 26 988
1335571200 355 2266 20796 58643
1335484800 369 4985 10880 294081
1335398400 201 1796 2475 25341
1335312000 331 2809 4637 164631
1335225600 266 2285 4506 81961
1335139200 0 642 32 767
1335052800 0 662 32 873
1334966400 177 2107 3096 73524
1334880000 533 5222 27282 650144
1334793600 482 4126 9011 144159
1334707200 427 1617 57576 15045
1334620800 410 2847 11026 231182
1334534400 99 746 9089 1559
1334448000 0 737 32 877
1334361600 428 3346 5340 97276
1334275200 341 2273 9610 39810
1334188800 305 3204 3703 115098
1334102400 240 2177 4518 53480
1334016000 287 3915 6809 393420
1333929600 0 717 16 877
1333843200 0 721 17 875
1333756800 226 1902 7500 32037
1333670400 473 2617 21573 62309
1333584000 233 1738 4012 21579
1333497600 169 1743 2406 24199
1333411200 255 1677 4066 22673
1333324800 0 707 16 855
1333238400 0 718 17 858
1333152000 402 2055 14179 22971
1333065600 330 2061 6420 28050
1332979200 242 1657 3827 24933
1332892800 332 2188 7305 40276
1332806400 327 2101 5746 60310
1332720000 0 676 18 821
1332633600 0 694 16 1322
1332547200 368 1998 8512 39218
1332460800 288 2434 5711 91482
1332374400 295 2032 3549 20656
1332288000 312 4188 4113 177853
1332201600 662 4649 86682 287045
1332115200 0 709 18 970
1332028800 0 733 16 1333
1331942400 344 2089 5694 17484
1331856000 329 2355 6514 54224
1331769600 377 1909 19758 36001
1331683200 281 2619 5471 88343
1331596800 220 2492 5132 104872
1331510400 0 853 19 1028
1331424000 0 867 12 1199
1331337600 177 1514 9123 18985
1331251200 261 2015 4868 66451
1331164800 352 1868 20104 20554
1331078400 205 2130 5702 19654
1330992000 227 1663 5155 31737
1330905600 0 862 18 1023
1330819200 0 877 18 1033
1330732800 254 1976 8460 36786
1330646400 252 2635 3941 35800
1330560000 244 4008 10645 610560
1330473600 201 1546 5362 12664
1330387200 242 2180 8592 70404
1330300800 0 778 18 892
1330214400 0 780 18 940
1330128000 196 2006 3100 36833
1330041600 261 2179 6536 47238
1329955200 332 5912 11662 281787
1329868800 280 2566 6382 160257
1329782400 0 774 33 968
1329696000 0 774 34 909
1329609600 0 780 34 965
1329523200 471 3401 68716 251388
1329436800 233 2388 14980 46446
1329350400 190 2455 3674 76257
1329264000 141 1723 2442 13437
1329177600 183 2843 2533 74458
1329091200 0 948 33 1180
1329004800 0 953 33 1338
1328918400 238 3045 6563 97180
1328832000 228 4910 10345 594877
1328745600 291 6552 10889 590054
1328659200 211 5745 13044 593328
1328572800 264 4451 10560 591157
1328486400 0 903 2 1053
1328400000 0 904 2 1281
1328313600 180 4057 8774 492459
1328227200 304 6600 10360 587729
1328140800 0 1268 21 2037
1328054400 234 6296 10985 587920
1327968000 265 1992 21602 22973
1327881600 0 1078 26 1197
1327795200 0 1091 29 1278
1327708800 280 6344 10793 580809
1327622400 278 6127 13213 580022
1327536000 480 8472 10337 577300
1327449600 206 5773 10382 574963
1327363200 308 5794 15375 582489
1327276800 0 1085 27 1245
1327190400 0 1101 27 1439
1327104000 180 3751 10116 577265
1327017600 287 5996 13483 581552
1326931200 287 6060 10459 577204
1326844800 282 6216 10342 574699
1326758400 0 1102 148 1331
1326672000 0 1100 27 1224
1326585600 0 1097 27 1256
1326499200 277 6377 10801 597226
1326412800 432 6236 29462 584669
1326326400 653 12628 46114 575287
1326240000 443 8362 10265 573209
1326153600 349 6151 10033 570310
1326067200 0 971 27 1289
1325980800 0 922 26 1159
1325894400 327 6073 10633 571284
1325808000 300 5935 13166 572203
1325721600 295 6311 10934 577845
1325635200 312 4717 10327 586099
1325548800 0 919 23 1134
1325462400 0 918 23 1175
1325376000 0 921 23 1063
1325289600 233 5638 10712 570662
1325203200 325 6087 9896 568349
1325116800 322 6092 10513 571649
1325030400 420 6584 14451 565530
1324944000 0 916 23 1031
1324857600 0 914 31 1038
1324771200 0 914 23 1031
1324684800 0 927 23 1205
1324598400 466 10698 21065 568172
1324512000 305 6514 10574 563296
1324425600 373 4572 15057 592023
1324339200 517 8580 25219 654495
1324252800 0 899 26 1049
1324166400 0 904 26 1061
1324080000 294 5974 9604 565214
1323993600 352 5965 10662 569988
1323907200 373 7943 10107 572664
1323820800 298 4110 9938 563672
1323734400 376 5495 10213 564256
1323648000 0 997 20 1187
1323561600 0 992 20 1212
1323475200 342 5984 9897 559627
1323388800 525 6560 17303 559450
1323302400 707 6669 100585 564329
1323216000 275 5787 10309 559326
1323129600 354 6311 10377 557874
1323043200 0 1007 26 1181
1322956800 0 1013 26 1203
1322870400 327 5906 11092 584872
1322784000 301 3757 11337 560644
1322697600 364 6166 12948 564288
1322611200 372 4019 10546 554912
1322524800 347 5790 10097 553663
1322438400 0 990 17 1219
1322352000 0 981 17 1169
1322265600 0 986 17 1144
1322179200 0 988 17 1176
1322092800 271 5561 12963 567819
1322006400 407 5948 15965 556188
1321920000 336 5919 10583 561713
1321833600 0 971 23 1175
1321747200 0 972 24 1193
1321660800 471 7617 14398 554876
1321574400 283 6317 10208 550800
1321488000 434 3923 12146 552666
1321401600 715 3762 10895 549435
1321315200 501 6231 14241 558716
1321228800 15 967 2347 1378
1321142400 0 974 190 1409
1321056000 398 6174 10422 550011
1320969600 330 6077 11329 587067
1320883200 587 4462 14496 550970
1320796800 396 5923 9524 546138
1320710400 417 5707 10160 549428
1320624000 0 886 2 1097
1320537600 0 885 2 1018
1320451200 273 4049 10167 556629
1320364800 528 9389 11521 542254
1320278400 375 5777 10019 513628
1320192000 469 11046 28712 1542467
1320105600 297 5777 9884 541083
1320019200 0 872 2 984
1319932800 0 869 1 1018
1319846400 1131 5834 17527 540346
1319760000 301 5486 10005 539955
1319673600 380 5857 9580 537844
1319587200 335 5951 8375 469941
1319500800 355 4141 10365 548003
1319414400 0 753 3 888
1319328000 0 752 2 869
1319241600 210 5017 9936 539642
1319155200 302 5358 11550 547569
1319068800 319 5925 10929 543727
1318982400 203 1905 4443 92161
1318896000 220 3456 9626 532984
1318809600 0 725 2 877
1318723200 0 728 2 855
1318636800 415 5546 9602 534007
1318550400 300 5505 10842 547648
1318464000 287 6029 11706 543402
1318377600 330 4041 12096 536874
1318291200 248 3541 10481 534234
1318204800 0 712 2 827
1318118400 0 703 2 833
1318032000 287 3484 11025 532241
1317945600 353 5493 10582 539893
1317859200 386 5819 11227 541810
1317772800 529 9849 14261 706505
1317686400 148 1310 11046 17670
1317600000 0 714 0 920
1317513600 0 718 0 869
1317427200 420 5440 39670 532411
1317340800 381 4104 11504 528637
1317254400 318 3749 10109 530777
1317168000 400 5936 12200 534603
1317081600 273 3376 11788 530884
1316995200 0 673 0 806
1316908800 0 677 0 830
1316822400 1388 6523 29018 522890
1316736000 291 2180 14831 43097
1316649600 169 1577 2724 19913
1316563200 279 5698 10216 530211
1316476800 217 3638 7578 392332
1316390400 0 692 0 887
1316304000 0 702 0 931
1316217600 218 3689 9680 519433
1316131200 702 7375 56723 545564
1316044800 275 1697 9527 30445
1315958400 551 9482 34447 985441
1315872000 0 873 0 2048
1315785600 0 615 0 802
1315699200 0 617 0 796
1315612800 0 765 0 1638
1315526400 0 739 0 2897
1315440000 0 794 0 1991
1315353600 0 740 0 1990
1315267200 0 526 0 630
1315180800 0 524 0 722
1315094400 0 523 0 633
1315008000 0 659 0 1893
1314921600 0 623 0 1167
1314835200 0 615 0 1354
1314748800 0 573 0 1175
1314662400 0 486 0 1729
1314576000 0 284 0 363
1314489600 0 296 0 356
1314403200 0 819 0 1895
1314316800 0 967 0 2095
1314230400 0 914 0 1855
1314144000 0 1036 0 2031
1314057600 0 965 0 2002
1313971200 0 716 0 872
1313884800 0 723 0 940
1313798400 194 2062 2698 89215
1313712000 230 1855 5250 82635
1313625600 281 3954 10246 342684
1313539200 350 5061 17166 463569
1313452800 106407 11401 9477301 1015689
1313366400 0 615 0 832
1313280000 0 622 0 802
1313193600 205 1837 6227 37543
1313107200 218 1562 9750 25699
1313020800 276 2717 3115 106356
1312934400 732 28724 132124 6354885
1312848000 241 1928 6395 45706
1312761600 0 677 0 1392
1312675200 0 676 0 908
1312588800 217 2031 4485 101948
1312502400 227 1743 3657 21322
1312416000 155 1498 1741 12081
1312329600 225 1386 6035 7491
1312243200 195 1746 4112 26490
1312156800 0 642 0 897
1312070400 0 647 0 796
1311984000 200 1856 3632 26392
1311897600 175 1325 1964 21376
1311811200 175 1410 2666 25987
1311724800 227 1620 8676 54844
1311638400 243 1655 3970 39196
1311552000 0 648 0 780
1311465600 0 672 0 800
1311379200 154 2034 5060 190485
1311292800 214 1499 2466 15507
1311206400 177 1568 7487 19093
1311120000 175 1967 2510 49268
1311033600 251 1671 3040 22310
1310947200 0 697 0 913
1310860800 0 705 0 928
1310774400 193 1457 4789 17161
1310688000 137 1510 3443 25066
1310601600 217 2076 7211 33230
1310515200 191 1599 2156 12432
1310428800 207 2112 2188 29064
1310342400 0 661 0 874
1310256000 0 672 0 795
1310169600 287 1952 7963 32295
1310083200 521 11768 33026 1185735
1309996800 209 1678 2562 26295
1309910400 239 2136 2921 86002
1309824000 0 593 0 760
1309737600 0 593 0 726
1309651200 0 589 0 722
1309564800 180 1276 4612 10847
1309478400 259 1736 3501 26136
1309392000 200 1549 4364 9254
1309305600 219 1629 3443 11491
1309219200 294 1739 5622 21314
1309132800 0 654 0 770
1309046400 0 657 0 798
