1377805801 1028571238 3090780747
1377805801 8941 28476 8941 28476
1377805502 5075 25623 5075 25623
1377805500 5064 25551 5075 25623
1377805200 2213 10885 27759 1014596
1377804900 27862 1018454 43344 1593387
1377804600 43204 1588083 43344 1593387
1377804300 1557 2493 1950 4220
1377804000 1949 4224 1950 5497
1377803700 1949 5489 2270 5497
1377803400 2270 4392 2417 8599
1377803100 2700 8898 87459 98553
1377802800 86893 97939 87459 98553
1377802500 3343 7633 213030 350300
1377802200 211657 348229 213030 350300
1377801900 7176 39535 7201 39682
1377801600 3490 17697 3495 17730
1377801300 2236 8102 4816 8327
1377801000 4802 8325 4816 8327
1377800700 2861 8123 2862 8144
1377800400 2886 5293 8727 44285
1377800100 8687 44022 8727 44285
1377799800 2788 5104 5732 59933
1377799500 5731 60249 5732 154915
1377799200 5604 153901 5628 154915
1377798900 2058 2964 2566 3547
1377798600 2573 3698 3749 26265
1377798300 3744 26191 3749 26265
1377798000 2287 4309 2288 4754
1377797700 2178 4752 2255 4754
1377797400 2253 4185 2255 4186
1377797100 2032 4090 2340 4523
1377796800 2339 4527 2340 5978
1377796500 2284 6004 7553 9974
1377796200 7517 9935 7553 9974
1377795900 2229 4277 2683 5347
1377795600 2691 5358 5331 8852
1377795300 5323 8887 5331 14193
1377795000 4234 14308 4237 31480
1377794700 3785 31401 3787 31480
1377794400 3247 8056 3248 28351
1377794100 3172 28340 4667 28351
1377793800 4678 26806 8142 26837
1377793500 8121 17814 8142 40548
1377793200 5053 40427 5060 40548
1377792900 3171 4552 3201 9914
1377792600 3199 9895 3201 9914
1377792300 2775 4374 2776 4377
1377792000 2660 3647 7108 12003
1377791700 7096 11979 7108 12003
1377791400 3623 5029 3627 10181
1377791100 2661 10134 2663 10181
1377790800 2390 3193 5014 7224
1377790500 5009 7225 5014 7781
1377790200 3656 7797 5048 10266
1377789900 5068 10318 11166 25871
1377789600 11121 25812 11166 25871
1377789300 4590 17309 8846 48550
1377789000 8827 48447 8846 48550
1377788700 3224 17771 3226 17811
1377788400 2744 5858 3359 9213
1377788100 3370 9276 5145 18683
1377787800 5126 18625 5145 18683
1377787500 2325 10197 3068 24908
1377787200 3100 24957 7944 32354
1377786900 7919 32375 7944 35537
1377786600 4211 35527 4213 35537
1377786300 3692 32688 8259 33894
1377786000 8237 33790 8259 33894
1377785700 1804 2754 2206 3158
1377785400 2215 3240 4939 27890
1377785100 4935 28087 4939 57497
1377784800 4489 57519 5626 60846
1377784500 5617 60606 5626 60846
1377784200 4285 24792 4292 24860
1377783900 2496 4723 3365 7910
1377783600 3373 7921 5883 11489
1377783300 5888 11490 6734 11709
1377783000 6727 11736 6734 20040
1377782700 4917 19982 7156 20040
1377782400 7143 11390 7156 12540
1377782100 3532 12516 3534 12540
1377781800 3231 5633 7019 19632
1377781500 6999 19571 7019 19632
1377781200 4097 10531 4110 10571
1377780900 2231 4602 2539 5572
1377780600 2546 5590 3699 8282
1377780300 3696 8278 3699 8282
1377780000 2988 7239 2990 7243
1377779700 2652 6415 7591 17834
1377779400 7599 17860 10246 25745
1377779100 10226 25877 10246 45632
1377778800 7241 45484 7263 45632
1377778500 910 1517 918 1518
1377778200 917 1379 918 1395
1377777900 895 1394 907 1395
1377777600 906 1394 907 1447
1377777300 913 1461 4061 5940
1377777000 4039 5910 4061 5940
1377776700 907 1485 1012 1486
1377776400 1011 1458 1012 1459
1377776100 901 1279 910 1384
1377775800 909 1383 910 1384
1377775500 897 1325 925 1437
1377775200 924 1436 925 1437
1377774900 891 1309 910 1379
1377774600 910 1378 918 1379
1377774300 918 1328 919 1477
1377774000 918 1476 919 1477
1377773700 906 1332 939 1412
1377773400 938 1411 939 1412
1377773100 874 1309 909 1376
1377772800 929 1405 4000 5768
1377772500 3989 5753 4000 5768
1377772200 913 1359 913 1360
1377771900 913 1325 914 1406
1377771600 913 1405 914 1406
1377771300 898 1301 905 1344
1377771000 905 1343 906 1344
1377770700 905 1330 906 1331
1377770400 899 1313 900 1334
1377770100 892 1334 951 1375
1377769800 950 1374 951 1375
1377769500 900 1348 915 1349
1377769200 915 1335 917 1336
1377768900 916 1322 917 1370
1377768600 911 1370 912 1390
1377768300 922 1405 4043 5946
1377768000 4022 5915 4043 5946
1377767700 903 1348 906 1431
1377767400 905 1430 906 1431
1377767100 895 1313 902 1384
1377766800 901 1383 902 1384
1377766500 902 1323 1425 1479
1377766200 1421 1477 1425 1479
1377765900 910 1297 911 1366
1377765600 909 1365 910 1366
1377765300 896 1302 920 1401
1377765000 919 1400 920 1401
1377764700 918 1354 919 1414
1377764400 913 1413 935 1414
1377764100 934 1354 935 1361
1377763800 918 1375 4052 5814
1377763500 4031 5784 4052 5814
1377763200 904 1348 917 1349
1377762900 917 1337 1007 1542
1377762600 1006 1540 1007 1542
1377762300 893 1297 913 1378
1377762000 912 1377 913 1378
1377761700 912 1306 917 1365
1377761400 916 1364 917 1365
1377761100 905 1335 928 1377
1377760800 927 1377 928 1393
1377760500 884 1392 903 1393
1377760200 903 1344 919 1345
1377759900 918 1337 919 1338
1377759600 905 1336 906 1460
1377759300 918 1492 4028 6336
1377759000 4017 6319 4028 6336
1377758700 920 1385 921 1386
1377758400 910 1375 911 1376
1377758100 899 1299 946 1693
1377757800 945 1690 946 1693
1377757500 917 1363 918 1425
1377757200 906 1424 907 1425
1377756900 904 1323 909 1363
1377756600 908 1362 909 1363
1377756300 895 1306 896 1328
1377756000 896 1327 910 1328
1377755700 910 1320 944 1410
1377755400 943 1409 944 1410
1377755100 911 1334 912 1335
1377754800 925 1364 4032 5800
1377754500 4021 5785 4032 5800
1377754200 897 1358 902 1359
1377753900 902 1287 913 1414
1377753600 912 1413 913 1414
1377753300 904 1310 914 1375
1377753000 913 1374 914 1375
1377752700 897 1328 910 1355
1377752400 909 1354 910 1355
1377752100 907 1304 924 1396
1377751800 923 1395 924 1396
1377751500 903 1345 926 1367
1377751200 925 1366 926 1367
1377750900 883 1285 918 1374
1377750600 917 1373 918 1374
1377750300 922 1346 3873 5677
1377750000 3854 5649 3873 5677
1377749700 1055 1549 1056 1551
1377749400 911 1329 912 1388
1377749100 895 1387 896 1388
1377748800 891 1325 915 1326
1377748500 915 1317 973 1459
1377748200 972 1458 973 1459
1377747900 902 1368 910 1369
1377747600 909 1344 910 1345
1377747300 904 1323 914 1360
1377747000 914 1360 923 1432
1377746700 922 1431 923 1432
1377746400 912 1397 913 1398
1377746100 894 1286 909 1496
1377745800 924 1517 3290 4759
1377745500 3284 4751 3290 4759
1377745200 1630 2403 1633 2407
1377744900 934 1433 942 1434
1377744600 942 1362 956 1490
1377744300 956 1489 966 1490
1377744000 965 1427 966 1428
1377743700 951 1325 965 1400
1377743400 965 1400 973 1461
1377743100 972 1460 973 1461
1377742800 965 1391 971 1392
1377742500 971 1374 1065 1716
1377742200 1064 1714 1065 1716
1377741900 965 1363 966 1364
1377741600 906 1337 968 1338
1377741300 983 1347 3355 4737
1377741000 3349 4729 3355 4737
1377740700 1755 2436 1758 2440
1377740400 960 1282 961 1283
1377740100 938 1275 939 1276
1377739800 939 1269 983 1406
1377739500 988 1407 1774 1623
1377739200 1805 1781 6555 25338
1377738900 6518 25178 6555 25338
1377738600 1063 1489 1308 13359
1377738300 1312 13294 1987 13359
1377738000 1985 3706 1987 3713
1377737700 1590 1679 6940 1680
1377737400 6920 1605 6940 13757
1377737100 1298 14028 11254 54520
1377736800 11201 54193 11254 54520
1377736500 3427 7333 19523 561076
1377736200 19480 559246 19523 561076
1377735900 6622 12373 6637 24078
1377735600 4462 23925 4487 24078
1377735300 840 1174 841 1218
1377735000 830 1218 857 1308
1377734700 856 1308 857 1340
1377734400 856 1340 874 1421
1377734100 874 1420 891 1421
1377733800 890 1406 891 1407
1377733500 844 1320 952 2223
1377733200 951 2216 952 2223
1377732900 853 1307 863 1359
1377732600 863 1359 881 1380
1377732300 880 1380 881 1382
1377732000 875 1411 3951 5785
1377731700 3940 5770 3951 5785
1377731400 860 1517 871 1519
1377731100 870 1346 871 1407
1377730800 846 1408 864 1650
1377730500 864 1649 869 1650
1377730200 870 1599 1326 1916
1377729900 1339 2005 3326 15336
1377729600 3334 15328 4587 15336
1377729300 4596 14413 5942 55347
1377729000 6000 59336 23634 1252048
1377728700 23650 1252246 28557 1311505
1377728400 28531 1311219 28557 1311505
1377728100 20933 1221944 20984 1225848
1377727800 5706 54911 6216 57966
1377727500 6205 57790 6216 57966
1377727200 4720 31679 7791 31692
1377726900 7753 27869 7791 28022
1377726600 2201 5135 2561 12386
1377726300 2561 12376 2604 12386
1377726000 2599 10927 2604 10967
1377725700 1868 5102 2903 12688
1377725400 2935 12948 7797 51816
1377725100 10450 53886 405755 362438
1377724800 404416 361518 405755 362438
1377724500 4194 86636 6195 86651
1377724200 6242 84542 13342 85488
1377723900 13292 85488 13342 85488
1377723600 5948 85372 8764 85488
1377723300 8753 68141 8764 68151
1377723000 5498 65313 6691 71493
1377722700 6714 71544 10174 79256
1377722400 10145 79303 10174 86392
1377722100 5879 86415 9072 93364
1377721800 9042 93173 9072 93364
1377721500 4730 64797 8549 64852
1377721200 8566 56562 11229 56612
1377720900 11204 49441 11229 87925
1377720600 8758 89113 353005 444400
1377720300 351854 443282 353005 444400
1377720000 7725 108903 7732 109021
1377719700 5799 73836 6678 73873
1377719400 6669 62852 6678 63070
1377719100 5410 30696 8739 71703
1377718800 8812 71421 19701 71703
1377718500 19594 29484 19701 29541
1377718200 3677 21121 10773 25378
1377717900 10775 25507 11444 64184
1377717600 11421 64057 11444 64184
1377717300 4758 26077 4766 26116
1377717000 2636 14578 2639 14620
1377716700 1841 2150 2460 5021
1377716400 2459 5014 2460 5021
1377716100 2310 3005 2311 3007
1377715800 2181 2584 2396 3180
1377715500 2395 3179 2396 3180
1377715200 2359 3025 2362 3029
1377714900 1996 2450 2559 3770
1377714600 2556 3765 2559 3770
1377714300 1797 2450 5408 5937
1377714000 5384 5914 5408 5937
1377713700 1866 2503 2225 2772
1377713400 2232 2782 4467 6067
1377713100 4454 6054 4467 6067
1377712800 2571 4253 2573 4258
1377712500 1974 2857 2042 2858
1377712200 2039 2592 2042 2593
1377711900 1740 2557 1952 2558
1377711600 1952 2403 2020 2729
1377711300 2021 2733 2379 4163
1377711000 2377 4161 2379 4163
1377710700 1915 3577 2078 3581
1377710400 2077 2460 2078 2473
1377710100 1833 2479 2667 3429
1377709800 2662 3422 2667 3429
1377709500 2004 2450 5119 6028
1377709200 5110 6021 5119 6028
1377708900 2486 4093 2487 4098
1377708600 2475 3468 5008 7234
1377708300 4989 7205 5008 7234
1377708000 2303 2911 2394 3322
1377707700 2394 3321 2527 3322
1377707400 2547 3494 5546 39066
1377707100 5617 43976 16253 775681
1377706800 16229 774521 16253 775681
1377706500 12734 599984 12758 601812
1377706200 5877 53992 9343 117491
1377705900 9309 116967 9343 117491
1377705600 4301 39172 7978 78966
1377705300 7980 79082 8351 96436
1377705000 8367 96130 10775 96436
1377704700 10730 50514 10775 50638
1377704400 4093 32133 4631 32146
1377704100 4646 30263 6883 30326
1377703800 6885 20907 7537 28474
1377703500 7529 28441 7537 28474
1377703200 5137 18809 5145 18856
1377702900 3005 4981 3007 4988
1377702600 2510 3078 3996 8453
1377702300 3999 8478 4897 16111
1377702000 4900 16222 5367 32862
1377701700 5346 32662 5367 32862
1377701400 2258 3165 2729 47076
1377701100 2736 46890 3873 47076
1377700800 3861 19207 3873 19303
1377700500 2191 5028 7797 10941
1377700200 7766 10922 7797 10941
1377699900 3173 8108 3176 8113
1377699600 2741 7448 2744 7463
1377699300 1945 3360 6662 20183
1377699000 6634 20086 6662 20183
1377698700 2474 5687 2572 8305
1377698400 2582 8300 4082 8305
1377698100 4083 7703 4482 19647
1377697800 4470 19552 4482 19647
1377697500 2685 5542 2686 6856
1377697200 2672 6840 2675 6856
1377696900 2303 4578 2925 16518
1377696600 2921 16471 2925 16518
1377696300 1769 2644 2000 2872
1377696000 2000 2894 2038 6294
1377695700 2060 6295 5369 6553
1377695400 5351 6596 5369 13142
1377695100 2789 13146 3473 14354
1377694800 3495 14364 6837 15952
1377694500 6812 15938 6837 15952
1377694200 3189 13847 3809 13860
1377693900 3811 12062 4611 27399
1377693600 4599 27325 4611 27399
1377693300 2939 16367 2992 16387
1377693000 2983 13330 2992 13403
1377692700 1703 2567 4410 12874
1377692400 4409 12959 4410 38532
1377692100 4288 38569 14900 49716
1377691800 14804 49390 14900 49716
1377691500 527 851 528 886
1377691200 485 886 511 903
1377690900 511 903 545 1003
1377690600 544 1001 545 1003
1377690300 525 848 3627 5613
1377690000 3606 5581 3627 5613
1377689700 494 847 526 1082
1377689400 525 1080 526 1082
1377689100 500 857 512 910
1377688800 511 909 512 910
1377688500 492 842 505 851
1377688200 504 850 505 851
1377687900 503 809 504 822
1377687600 497 822 500 848
1377687300 500 848 522 938
1377687000 521 937 522 938
1377686700 499 863 502 864
1377686400 501 809 502 859
1377686100 499 859 515 870
1377685800 535 900 3608 5376
1377685500 3587 5347 3608 5376
1377685200 542 1043 543 1045
1377684900 467 833 524 867
1377684600 523 866 524 867
1377684300 498 857 499 858
1377684000 498 839 499 839
1377683700 497 839 554 1079
1377683400 553 1078 554 1079
1377683100 502 847 502 849
1377682800 501 849 502 890
1377682500 490 889 511 890
1377682200 510 837 511 868
1377681900 504 868 511 949
1377681600 510 948 511 949
1377681300 519 890 3613 5318
1377681000 3602 5303 3613 5318
1377680700 497 887 498 888
1377680400 497 836 500 837
1377680100 500 831 517 836
1377679800 516 836 517 980
1377679500 505 979 520 980
1377679200 520 933 567 938
1377678900 566 937 567 938
1377678600 478 896 505 897
1377678300 504 871 505 872
1377678000 498 807 511 915
1377677700 510 914 511 915
1377677400 509 888 510 889
1377677100 500 882 501 956
1377676800 519 985 3594 5339
1377676500 3583 5324 3594 5339
1377676200 534 945 535 979
1377675900 509 978 515 979
1377675600 514 901 515 913
1377675300 500 912 516 913
1377675000 515 886 516 892
1377674700 498 892 498 985
1377674400 498 984 517 985
1377674100 516 951 517 952
1377673800 509 919 510 920
1377673500 489 805 510 922
1377673200 509 921 510 922
1377672900 498 869 567 1579
1377672600 566 1576 567 1579
1377672300 505 863 3618 5395
1377672000 3597 5365 3618 5395
1377671700 499 958 549 1226
1377671400 548 1224 549 1226
1377671100 500 940 501 941
1377670800 501 856 504 922
1377670500 504 922 514 1110
1377670200 513 1108 514 1110
1377669900 498 896 499 1000
1377669600 496 998 507 1000
1377669300 507 793 528 1008
1377669000 527 1007 528 1008
1377668700 514 867 515 974
1377668400 501 974 505 1021
1377668100 505 1021 515 1061
1377667800 535 1089 3604 5336
1377667500 3583 5306 3604 5336
1377667200 511 871 512 872
1377666900 511 857 512 897
1377666600 509 896 525 897
1377666300 524 871 525 872
1377666000 471 799 501 841
1377665700 501 842 518 1070
1377665400 517 1069 518 1070
1377665100 498 814 504 928
1377664800 503 927 504 928
1377664500 492 923 514 923
1377664200 513 922 514 923
1377663900 501 819 502 823
1377663600 498 823 514 939
1377663300 533 966 3404 5015
1377663000 3386 4989 3404 5015
1377662700 731 1183 733 1185
1377662400 496 953 504 955
1377662100 504 791 559 927
1377661800 558 926 559 927
1377661500 492 840 500 841
1377661200 500 838 505 852
1377660900 505 852 509 950
1377660600 508 949 509 950
1377660300 498 875 542 976
1377660000 541 975 542 976
1377659700 470 827 515 1034
1377659400 514 1033 515 1034
1377659100 504 909 505 910
1377658800 519 896 3010 4491
1377658500 3003 4482 3010 4491
1377658200 1118 1821 1123 1828
1377657900 502 854 509 1005
1377657600 509 1005 569 1010
1377657300 568 1009 569 1010
1377657000 532 955 533 956
1377656700 522 935 523 936
1377656400 514 845 515 866
1377656100 502 867 540 1084
1377655800 539 1083 540 1084
1377655500 530 987 531 988
1377655200 526 879 539 911
1377654900 539 911 588 968
1377654600 587 967 588 968
1377654300 596 961 2692 3935
1377654000 2684 3924 2692 3935
1377653700 1589 2346 1593 2351
1377653400 537 906 582 908
1377653100 582 908 632 1000
1377652800 631 999 632 1000
1377652500 561 901 585 971
1377652200 584 970 585 971
1377651900 583 892 584 918
1377651600 580 918 592 925
1377651300 592 925 616 990
1377651000 615 989 616 990
1377650700 573 909 583 909
1377650400 582 908 583 909
1377650100 578 884 608 1030
1377649800 620 1047 2485 3606
1377649500 2480 3600 2485 3606
1377649200 1832 2809 1841 2823
1377648900 574 867 584 985
1377648600 583 984 584 985
1377648300 577 918 579 919
1377648000 579 901 589 949
1377647700 589 949 685 1033
1377647400 684 1031 685 1033
1377647100 554 878 573 887
1377646800 573 887 583 944
1377646500 583 944 595 1053
1377646200 595 1052 609 1053
1377645900 609 1019 622 1069
1377645600 622 1069 699 1122
1377645300 700 1124 1141 1769
1377645000 1147 1778 3140 4644
1377644700 3131 4631 3140 4644
1377644400 575 989 575 990
1377644100 575 939 619 1159
1377643800 618 1158 619 1159
1377643500 574 1108 583 1109
1377643200 584 1032 782 1735
1377642900 781 1731 782 1735
1377642600 649 1242 662 1243
1377642300 661 1165 662 1166
1377642000 644 1149 644 1150
1377641700 644 1112 681 1269
1377641400 681 1269 706 1307
1377641100 705 1307 706 1482
1377640800 724 1508 5963 5518
1377640500 5955 5520 5963 6364
1377640200 3603 6367 3613 7308
1377639900 717 7302 718 7308
1377639600 653 6450 690 6515
1377639300 690 6515 710 6631
1377639000 710 6633 811 6949
1377638700 811 6951 908 7353
1377638400 907 7351 908 7353
1377638100 820 7150 821 7151
1377637800 711 7118 712 7122
1377637500 696 6545 829 6712
1377637200 829 6716 910 7338
1377636900 909 7337 910 7338
1377636600 848 7235 849 7236
1377636300 817 6967 833 6970
1377636000 852 6624 3788 11465
1377635700 3793 11451 5439 11465
1377635400 5407 7276 5439 7316
1377635100 700 1466 3657 3150
1377634800 3647 3141 3657 3150
1377634500 2189 1848 2193 1851
1377634200 1699 1441 1700 1442
1377633900 1688 1439 1697 1441
1377633600 1697 1442 1720 1656
1377633300 1720 1655 1736 1656
1377633000 1735 1447 1736 1549
1377632700 1703 1548 1720 1549
1377632400 1719 1398 1720 1414
1377632100 1694 1414 1723 1651
1377631800 1722 1650 1723 1651
1377631500 1711 1411 4825 5915
1377631200 4814 5900 4825 5915
1377630900 1750 1570 3669 5286
1377630600 3658 5272 3669 5286
1377630300 640 1307 641 1308
1377630000 559 1172 655 1296
1377629700 655 1297 718 1474
1377629400 726 1480 3145 3347
1377629100 3176 3363 7814 5866
1377628800 7790 5865 7814 5866
1377628500 4340 5720 4348 5737
1377628200 3222 3320 3239 3333
1377627900 698 1488 699 1490
1377627600 656 1162 740 1577
1377627300 746 1587 2583 4685
1377627000 2590 4691 3725 5617
1377626700 3704 5586 3725 5617
1377626400 590 1075 695 1495
1377626100 695 1496 796 1723
1377625800 3337 34544 9450 129723
1377624600 7000 10855 14646 24803
1377622800 11283 14864 18100 28880
1377621000 1878 1542 1897 1593
1377619200 4010 17834 7744 27081
1377617400 4089 7067 7238 19622
1377615600 7059 113238 20843 415735
1377613800 1177 1895 3722 5749
1377612000 587 1089 658 1524
1377610200 1062 1840 3639 5392
1377608400 550 884 585 918
1377606600 537 875 565 927
1377604800 1061 1636 3660 5387
1377603000 536 910 583 1056
1377601200 1055 1674 3645 5387
1377599400 536 931 550 1016
1377597600 548 958 602 1045
1377595800 1057 1652 3661 5446
1377594000 548 967 587 1052
1377592200 1098 1700 3687 5326
1377590400 599 1075 634 1429
1377588600 627 1450 639 1501
1377586800 1153 2272 3787 6406
1377585000 640 1790 711 3535
1377583200 1154 2199 3719 5841
1377581400 628 1458 648 1542
1377579600 629 1426 643 1487
1377577800 1147 2171 3763 6015
1377576000 633 1417 690 1502
1377574200 1159 2206 3740 5927
1377572400 681 1514 776 1688
1377570600 716 1623 798 1817
1377568800 1262 2391 3890 6140
1377567000 668 1487 782 1667
1377565200 1935 4521 7923 16206
1377563400 1221 2170 3716 5876
1377561600 592 1434 627 1582
1377559800 2188 21626 6748 49164
1377558000 3065 20887 11965 644194
1377556200 6343 141095 11965 644194
1377554400 4912 50321 9036 179102
1377552600 3384 38264 7539 164596
1377550800 4933 80871 13397 322731
1377549000 4195 56536 8620 234280
1377547200 3274 16314 12974 290282
1377545400 6960 177147 14485 666384
1377543600 3818 47001 7032 185615
1377541800 3186 9877 7581 14398
1377540000 2731 9999 5302 13732
1377538200 2335 10943 2517 18318
1377536400 4049 30430 17738 587624
1377534600 13531 323170 34756 839412
1377532800 5422 73962 8335 224296
1377531000 4359 30632 7755 55399
1377529200 2573 16989 3266 45312
1377527400 5372 125421 13196 565075
1377525600 14273 53696 70141 255032
1377523800 4723 34592 7484 63699
1377522000 4034 19213 6489 33393
1377520200 3623 17455 5262 22653
1377518400 2261 12695 3333 14188
1377516600 1738 11996 1760 12083
1377514800 1744 12016 1763 12167
1377513000 2257 12722 4897 16589
1377511200 1741 11967 1775 12189
1377509400 2266 12857 4841 16486
1377507600 1742 12099 1787 12185
1377505800 2127 12533 4089 15261
1377504000 1864 12154 2479 13033
1377502200 1742 12044 1760 12146
1377500400 2263 12879 4907 17128
1377498600 1739 12065 1762 12324
1377496800 2259 12763 4841 16412
1377495000 1821 12039 2247 12248
1377493200 1748 12191 4835 16482
1377491400 2252 12750 4835 16482
1377489600 1746 12009 1763 12119
1377487800 2264 12779 4848 16469
1377486000 1744 12067 1757 12132
1377484200 2257 12783 4844 16379
1377482400 1739 11933 1797 12054
1377480600 1737 12012 1754 12091
1377478800 2283 12789 4850 16452
1377477000 1739 11929 1751 12007
1377475200 2256 12725 4877 16557
1377473400 1737 12009 1746 12037
1377471600 1745 12035 4846 16432
1377469800 2247 12709 4846 16432
1377468000 1740 11972 1815 12059
1377466200 2267 12764 4843 16466
1377464400 1752 12050 1770 12236
1377462600 2245 12708 4580 15947
1377460800 1739 11940 1758 12006
1377459000 1739 11998 1757 12094
1377457200 2258 12754 4852 16500
1377455400 1737 12017 1751 12080
1377453600 2258 12738 4847 16398
1377451800 1738 11953 1763 12023
1377450000 1940 12268 3621 14677
1377448200 2046 12418 3621 14677
1377446400 1743 11947 1785 12073
1377444600 2253 12724 4879 16486
1377442800 1745 11983 1788 12059
1377441000 2251 12717 4867 16501
1377439200 1739 11963 1759 12045
1377437400 1737 11974 3994 15291
1377435600 2255 12752 3994 15291
1377433800 1732 11960 1749 12038
1377432000 2257 12677 4833 16422
1377430200 1732 11962 1744 12038
1377428400 2259 12741 4849 16437
1377426600 1739 11955 1766 11999
1377424800 1817 11921 2246 12049
1377423000 2252 12664 4880 16583
1377421200 1744 11959 1773 12060
1377419400 2250 12713 4860 16571
1377417600 1743 11941 1786 12029
1377415800 1735 11965 4849 16443
1377414000 2263 12776 4849 16443
1377412200 1731 11983 1751 12389
1377410400 2257 12681 4860 16398
1377408600 1731 11970 1747 12089
1377406800 2255 12736 4853 16513
1377405000 1737 12004 1773 12252
1377403200 1742 11972 1780 12067
1377401400 2262 12745 4863 16450
1377399600 1742 11987 1779 12066
1377397800 2255 12716 4847 16454
1377396000 1734 11925 1751 11983
1377394200 1864 12165 4072 15249
1377392400 2130 12528 4072 15249
1377390600 1731 11926 1759 12122
1377388800 2262 12725 4879 16468
1377387000 1730 11999 1761 12169
1377385200 2261 12771 4846 16447
1377383400 1729 11953 1746 12075
1377381600 1736 11928 2540 13148
1377379800 2256 12746 4054 15317
1377378000 1762 12056 1855 12261
1377376200 2266 12768 4858 16400
1377374400 1761 12054 1852 12316
1377372600 2253 12766 4853 16496
1377370800 1738 12002 1747 12097
1377369000 1740 11973 1819 12064
1377367200 2258 12729 3303 14259
1377365400 1734 12000 1752 12043
1377363600 2260 12787 4876 16617
1377361800 1734 11976 1794 12144
1377360000 1790 12129 4823 16378
1377358200 2332 12748 4823 16378
1377356400 1739 12051 1755 12227
1377354600 2251 12709 4065 15273
1377352800 1754 11959 1829 12101
1377351000 2250 12712 4865 16496
1377349200 1744 12094 1757 12353
1377347400 1730 11950 1754 12076
1377345600 2254 12720 4875 16585
1377343800 1738 11995 1755 12068
1377342000 2258 12734 4846 16448
1377340200 1725 11958 1759 12096
1377338400 1744 11986 4824 16446
1377336600 2246 12647 4824 16446
1377334800 1738 11973 1754 12045
1377333000 2262 12704 4901 16543
1377331200 1738 11977 1787 12168
1377329400 2260 12918 4852 16582
1377327600 1741 12159 1787 12662
1377325800 1737 12057 1763 12294
1377324000 2255 12720 4859 16407
1377322200 1735 12021 1766 12186
1377320400 2256 12755 4833 16342
1377318600 1731 11955 1755 12158
1377316800 2266 12724 4871 16347
1377315000 1730 12030 1759 12244
1377313200 1747 12099 1762 12199
1377311400 2268 12854 4852 16478
1377309600 1735 11930 1798 12008
1377307800 2269 12781 4868 16500
1377306000 1748 12131 1801 12480
1377304200 1738 12050 1764 12314
1377302400 2452 12821 5171 16830
1377300600 2007 12634 2077 14487
1377298800 2482 13140 5058 17035
1377297000 2112 12620 5005 13434
1377295200 2290 12442 5005 13434
1377293400 2775 13230 4826 16199
1377291600 2535 12358 4117 13124
1377289800 2502 13072 5072 16853
1377288000 1866 12172 1940 12391
1377286200 2409 13039 5017 16786
1377284400 3279 10820 8207 11752
1377282600 2194 10686 2268 10956
1377280800 3738 13197 10881 23340
1377279000 5300 15338 11565 23340
1377277200 2822 14221 5428 17902
1377275400 2306 13533 2346 14195
1377273600 2313 13384 5493 18056
1377271800 2854 14167 5493 18056
1377270000 2348 13491 2441 13682
1377268200 2921 15772 5469 18205
1377266400 2433 13465 2619 14087
1377264600 3005 15056 5567 18757
1377262800 2726 14467 4605 15394
1377261000 2120 14150 2148 14237
1377259200 2642 14870 5241 18657
1377257400 2119 14084 2146 14127
1377255600 2643 14876 5234 18604
1377253800 2122 14123 2135 14221
1377252000 2132 14193 5228 18620
1377250200 2638 14926 5228 18620
1377248400 2120 14163 2132 14296
1377246600 2644 14960 5238 18787
1377244800 2128 14253 2162 14514
1377243000 2682 15362 5329 19403
1377241200 2186 14836 2210 15298
1377239400 2236 17561 2507 31229
1377237600 2702 15510 5303 19248
1377235800 2181 14853 2188 15019
1377234000 2701 15560 5294 19301
1377232200 2185 14896 2233 15535
1377230400 2197 14832 5297 19273
1377228600 2968 15967 5297 19273
1377226800 2787 15585 2998 16352
1377225000 3192 16024 5756 19549
1377223200 2710 15311 2775 15595
1377221400 3221 15850 5816 19582
1377219600 2817 15107 3628 15420
1377217800 2716 13828 3772 14039
1377216000 2716 14292 4463 16715
1377214200 2199 13568 2213 13773
1377212400 2722 14502 5178 18172
1377210600 3362 16157 5023 21902
1377208800 4679 19057 19467 86853
1377207000 8771 36342 19467 86853
1377205200 2913 13439 4057 14140
1377203400 3858 31409 6785 88946
1377201600 4698 44653 7308 98030
1377199800 7340 46078 9055 83981
1377198000 5487 37614 8392 130012
1377196200 5015 25928 6795 42027
1377194400 6493 28952 8704 51261
1377192600 2869 3978 3443 7258
1377190800 4953 13964 8127 38126
1377189000 4865 18317 6918 37361
1377187200 5466 21479 9911 55710
1377185400 4928 28639 8810 77180
1377183600 3073 6562 4192 10863
1377181800 3833 9818 7722 11897
1377180000 2948 8779 5898 31386
1377178200 3877 8602 9039 26184
1377176400 4348 15093 8017 30923
1377174600 3841 12826 9716 39517
1377172800 1767 2382 3669 5052
1377171000 1237 1592 1246 1613
1377169200 1243 1638 1289 1922
1377167400 1761 2401 4311 6046
1377165600 1246 1621 1280 1825
1377163800 1756 2333 4348 6073
1377162000 1245 1620 1270 1649
1377160200 1438 1871 3173 4348
1377158400 1574 2111 3173 4348
1377156600 1237 1582 1244 1618
1377154800 1764 2440 4371 6628
1377153000 1244 1663 1274 1809
1377151200 1765 2375 4360 6055
1377149400 1323 1643 1740 1818
1377147600 1253 1654 2962 4041
1377145800 1758 2337 2962 4041
1377144000 1245 1634 1278 1813
1377142200 1761 2357 4363 6088
1377140400 1247 1651 1265 1706
1377138600 1761 2391 4340 6085
1377136800 1257 1675 1291 1817
1377135000 1246 1609 1258 1645
1377133200 1767 2362 3633 5047
1377131400 1249 1614 1270 1652
1377129600 1773 2391 4368 6057
1377127800 1246 1670 1259 1774
1377126000 3146 4159 8437 10142
1377124200 4206 9574 7150 52344
1377122400 6122 31023 7800 56333
1377120600 7981 19193 11459 67393
1377118800 1278033 66911 7662911 214565
1377117000 27893 1091818 54276 2286042
1377115200 5459 6989 9473 10208
1377113400 4737 6711 6962 17142
1377111600 7326 15256 12517 24884
1377109800 6492 16258 8313 36357
1377108000 4465 5536 9758 11270
1377106200 6075 7565 9758 11270
1377104400 7659 8641 4597248 138160
1377102600 768916 70957 4597248 250182
1377100800 5915 9132 8608 15336
1377099000 5536 11275 6955 20698
1377097200 6362 17216 10987 54841
1377095400 4926 8764 6284 20815
1377093600 5202 7944 9297 11595
1377091800 4781 6444 5939 8627
1377090000 5660 20796 9007 81266
1377088200 8041 36375 11612 113183
1377086400 3236 3854 3279 3945
1377084600 3198 3762 3341 3967
1377082800 3766 4574 5380 6951
1377081000 3321 3873 3830 4082
1377079200 3739 4586 5763 7395
1377077400 3244 3867 3347 4119
1377075600 3227 3855 3325 4002
1377073800 3761 4548 6414 8376
1377072000 3247 3848 3359 4112
1377070200 3736 4549 6276 8148
1377068400 3232 3907 3322 4319
1377066600 3238 3950 3322 4212
1377064800 3760 4615 6379 8547
1377063000 3218 3810 3281 3987
1377061200 3863 4681 6553 8509
1377059400 3401 4011 6877 5397
1377057600 3861 4154 6877 5397
1377055800 3725 4521 6254 8157
1377054000 3242 3810 3326 3945
1377052200 3760 4598 6386 8344
1377050400 3233 3824 3345 4107
1377048600 3233 3823 3331 3944
1377046800 3767 4575 6413 8381
1377045000 3223 3783 3316 3918
1377043200 3755 4590 6282 8188
1377041400 3246 3824 3318 3957
1377039600 3239 3875 3372 4008
1377037800 3763 4826 6461 8827
1377036000 3252 4347 3364 4692
1377034200 3696 4813 5971 8045
1377032400 3361 4360 3710 4833
1377030600 3897 4407 5812 5075
1377028800 6868 5753 12862 8104
1377027000 3779 5093 3854 5444
1377025200 5937 6025 15853 10457
1377023400 5155 6457 7079 10457
1377021600 1080335 31380 3125721 78996
1377019800 817048 30032 4869860 237116
1377018000 10163 257924 25621 1271308
1377016200 3518 4375 4135 4555
1377014400 9063 6224 24066 9662
1377012600 6351 31280 16308 163517
1377010800 14811 8723 36029 14429
1377009000 3563 4619 3669 4911
1377007200 3554 4501 3651 5292
1377005400 4084 5269 6797 9031
1377003600 3564 4259 3767 11599
1377001800 4112 6169 6694 11599
1377000000 3556 4213 3608 4370
1376998200 3971 4569 5752 63761
1376996400 4561 15817 7228 63761
1376994600 3581 4222 3663 4350
1376992800 4096 5019 6729 8824
1376991000 3592 4249 3647 4530
1376989200 3587 4289 3650 4530
1376987400 4126 5053 6798 8868
1376985600 3556 4231 3687 4408
1376983800 4115 4980 6544 8480
1376982000 3595 4356 3683 4774
1376980200 3575 4469 3708 5497
1376978400 4124 5063 6797 8946
1376976600 3584 4228 3686 4476
1376974800 4115 5020 6753 8754
1376973000 3569 4176 3658 4494
1376971200 3589 4267 3654 4494
1376969400 4086 5003 6591 8640
1376967600 3599 4349 3635 4586
1376965800 4094 4954 6723 8911
1376964000 3597 4235 3686 4482
1376962200 3599 4214 3683 4316
1376960400 4099 4976 6739 8781
1376958600 3584 4199 3687 4363
1376956800 4108 4982 6735 8698
1376955000 4175 20879 4550 29336
1376953200 4458 28829 4710 34126
1376951400 6648 34398 10804 42138
1376949600 6966 31938 11892 42626
1376947800 9436 29492 12493 42626
1376946000 4249 18872 6807 48479
1376944200 2695 4551 5074 11879
1376942400 1988 2423 5024 5027
1376940600 2458 3927 5034 25094
1376938800 7322 226762 23658 1293631
1376937000 1665 4785 3802 18002
1376935200 607 1270 620 1500
1376933400 1130 1977 3733 5728
1376931600 584 1273 624 1684
1376929800 5572 10739 9982 26644
1376928000 2597 6269 5203 11057
1376926200 2382 15877 3992 46835
1376924400 4435 9490 7162 14784
1376922600 3336 5097 9274 8910
1376920800 3355 9180 7271 19384
1376919000 7956 8746 33089 22369
1376917200 1374 3075 3181 41067
1376915400 3557 36399 7341 81870
1376913600 1249 11024 1278 11074
1376911800 1635 11583 3515 14254
1376910000 1392 11241 2123 12313
1376908200 1262 11058 1289 11158
1376906400 1776 11836 4352 15516
1376904600 1264 11096 1300 11201
1376902800 1770 11830 4371 15611
1376901000 1277 11109 1310 11214
1376899200 1254 11046 3905 14872
1376897400 1775 11779 3905 14872
1376895600 1252 11078 1268 11304
1376893800 1778 11861 4356 15555
1376892000 1255 11060 1282 11185
1376890200 1779 11789 4383 15600
1376888400 1251 11060 1262 11116
1376886600 1259 11072 1296 11243
1376884800 1797 11952 4367 15617
1376883000 1380 11467 1518 12017
1376881200 1773 11848 4384 15615
1376879400 1264 11136 1290 11334
1376877600 1256 11071 1276 11154
1376875800 1780 11848 4381 15561
1376874000 1255 11095 1277 11184
1376872200 1782 11850 4387 15669
1376870400 1265 11155 1289 11311
1376868600 1345 11148 1743 11384
1376866800 1770 11820 4365 15560
1376865000 1255 11024 1284 11154
1376863200 1776 11833 4380 15584
1376861400 1258 11076 1285 11163
1376859600 1252 11084 1259 11134
1376857800 1781 11834 4386 15599
1376856000 1251 11042 1274 11161
1376854200 1778 11813 4362 15525
1376852400 1251 11074 1278 11194
1376850600 1264 11074 1302 11240
1376848800 1770 11787 4345 15475
1376847000 1259 11115 1284 11154
1376845200 1779 11828 4455 15746
1376843400 1261 11064 1293 11135
1376841600 1265 11104 1304 11338
1376839800 1778 11835 4374 15461
1376838000 1252 11062 1279 11115
1376836200 1778 11854 4358 15653
1376834400 1256 11065 1279 11151
1376832600 1261 11074 1297 11184
1376830800 1771 11810 4378 15587
1376829000 1260 11076 1300 11194
1376827200 1777 11832 4376 15565
1376825400 1251 11026 1279 11154
1376823600 1252 11065 1275 11154
1376821800 1784 11844 4388 15532
1376820000 1256 11088 1284 11176
1376818200 1782 11819 4357 15512
1376816400 1251 11058 1266 11151
1376814600 1263 11068 1289 11218
1376812800 1770 11733 4368 15302
1376811000 1259 11073 1290 11329
1376809200 1774 11884 4376 15492
1376807400 1260 11148 1293 11370
1376805600 1249 11034 1267 11149
1376803800 1781 11833 4280 15410
1376802000 1248 11050 1258 11134
1376800200 1778 11791 3824 14690
1376798400 1347 11142 1778 11243
1376796600 1301 11204 1343 11420
1376794800 1778 11831 3579 14494
1376793000 1275 11135 1310 11285
1376791200 1770 11802 3234 13998
1376789400 1256 11054 1287 11142
1376787600 1256 11180 1278 11347
1376785800 1781 11855 2983 13598
1376784000 1253 11071 1266 11181
1376782200 1783 11915 3155 13902
1376780400 1256 11099 1271 11191
1376778600 1262 11110 1296 11171
1376776800 1774 11826 3409 14138
1376775000 1260 11076 1350 11318
1376773200 2716 12917 8643 18711
1376771400 3059 50066 73734 3777580
1376769600 41150 2026304 73734 3777580
1376767800 1855 11867 4045 14966
1376766000 1305 11083 1335 11184
1376764200 1836 11852 4368 15505
1376762400 1313 11103 1336 11251
1376760600 1316 11130 1358 11251
1376758800 1863 11923 4442 15674
1376757000 2141 17907 3830 19150
1376755200 1916 19673 4521 23615
1376753400 1399 18849 1442 19451
1376751600 1401 18931 1442 19451
1376749800 1930 19736 4532 23671
1376748000 2490 16715 8291 21350
1376746200 1651 11706 4271 15586
1376744400 1123 10952 1154 11176
1376742600 1132 10995 1163 11176
1376740800 1649 11677 4260 15496
1376739000 1131 10934 1149 11005
1376737200 1643 11684 4234 15319
1376735400 1131 10929 1162 11003
1376733600 1123 10904 1162 10991
1376731800 1647 11670 4236 15453
1376730000 1123 10928 1147 11020
1376728200 1658 11715 4261 15463
1376726400 1124 10987 1172 11093
1376724600 1142 11092 1185 11372
1376722800 1691 12162 4299 16245
1376721000 1255 11373 1654 11575
1376719200 1685 12055 4309 15903
1376717400 1164 11292 1199 11514
1376715600 1183 11401 1301 11838
1376713800 1700 12137 4304 15752
1376712000 1166 11301 1178 11427
1376710200 1697 12101 4331 15912
1376708400 1163 11347 1182 11451
1376706600 1175 11339 1201 11477
1376704800 1679 11972 4271 15671
1376703000 1164 11252 1197 11373
1376701200 1685 12050 4288 15797
1376699400 1165 11287 1194 11351
1376697600 1165 11284 1194 11391
1376695800 1693 12120 4259 15849
1376694000 1183 11547 1246 11799
1376692200 1735 12142 4315 15877
1376690400 1354 11893 1797 12404
1376688600 1299 11713 1445 12190
1376686800 1957 12351 4371 16093
1376685000 5551 14158 12873 22283
1376683200 1929 12520 5113 16822
1376681400 6211 56340 16530 196821
1376679600 4398 18877 7083 36364
1376677800 3614 13722 5518 16988
1376676000 4941 13331 13355 25446
1376674200 2882 23329 6138 27067
1376672400 1914 24317 4417 26045
1376670600 2401 14581 4417 16143
1376668800 2494 15618 3617 17125
1376667000 1622 14778 5265 15242
1376665200 8055 16817 22499 22824
1376663400 11171 16770 26749 22824
1376661600 13984 15227 57238 17952
1376659800 2362 13042 4979 16815
1376658000 1853 12090 1924 12505
1376656200 2324 12795 4904 16489
1376654400 1785 11965 1852 12124
1376652600 1860 12049 4059 15153
1376650800 2365 12744 4059 15153
1376649000 1792 12017 1819 12320
1376647200 2313 12757 4900 16458
1376645400 1853 12053 1886 12222
1376643600 1849 12057 5422 16577
1376641800 2408 13093 5422 16577
1376640000 1784 12082 1848 12220
1376638200 2368 12864 4962 16592
1376636400 1853 12147 1888 12427
1376634600 2314 12860 4890 16586
1376632800 1788 12036 1875 12239
1376631000 1858 12129 1889 12328
1376629200 2368 12765 4965 16494
1376627400 1798 12125 1824 12477
1376625600 2315 12798 4904 16415
1376623800 2044 12423 7780 13115
1376622000 3365 13060 7780 16752
1376620200 1834 12156 1984 12721
1376618400 1823 12152 1933 12572
1376616600 2450 13170 5116 17262
1376614800 1905 12174 2014 12537
1376613000 2360 12981 4951 16815
1376611200 1872 12358 2003 12757
1376609400 1932 12193 2022 12545
1376607600 2919 16227 5089 21660
1376605800 5094 41154 10895 109635
1376604000 5043 75381 8270 342649
1376602200 4921 21346 8270 29294
1376600400 4974 21805 7302 40176
1376598600 5762 45622 9236 50967
1376596800 5653 45908 7821 49824
1376595000 7539 49130 10113 55151
1376593200 10926 66967 19097 137800
1376591400 5598 41467 6854 51940
1376589600 5772 34127 8074 52036
1376587800 4881 38818 8634 65052
1376586000 3082 34598 3500 60968
1376584200 4261 43868 6526 60968
1376582400 4005 41362 7626 65521
1376580600 7265 48624 13580 102208
1376578800 4012 75129 8818 347444
1376577000 8261 24521 12650 33883
1376575200 6026 26324 12814 40384
1376573400 4179 32650 6196 55555
1376571600 6340 59666 12273 184384
1376569800 3307 18502 5595 31583
1376568000 1911 15165 1942 15226
1376566200 2432 15899 5045 19764
1376564400 1919 15316 1963 15493
1376562600 2802 16017 5248 18271
1376560800 1971 15559 2008 15677
1376559000 1953 15311 5100 19913
1376557200 2466 16127 5100 19913
1376555400 1951 15200 2000 15525
1376553600 2494 16313 5140 20187
1376551800 2013 15936 2054 16135
1376550000 2532 16915 3922 19015
1376548200 2011 16043 2041 16531
1376546400 1995 15935 2042 17725
1376544600 2478 19934 5289 29546
1376539200 2770 20544 5834 37867
1376532000 2446 17274 5360 26628
1376524800 3345 20231 11014 49816
1376517600 6965 57379 15018 95615
1376510400 7562 58932 17155 122995
1376503200 4205 24063 8692 48868
1376496000 5517 31917 9841 76129
1376488800 8164 94658 53388 498881
1376481600 1713 12938 4575 17072
1376474400 1712 12941 4544 17092
1376467200 1796 23258 5113 230959
1376460000 1784 13668 4685 18043
1376452800 1881 12410 4634 16316
1376445600 1574 11914 4574 16119
1376438400 2672 12616 12224 16383
1376431200 5418 14563 17868 31334
1376424000 9576 11022 31234 76953
1376416800 4712 9868 20139 22784
1376409600 5138 32896 19841 228772
1376402400 4204 15762 23345 23514
1376395200 1038 11446 4039 15516
1376388000 1174 11760 4050 15671
1376380800 1200 12139 4088 16754
1376373600 1075 11904 4062 15810
1376366400 1591 12346 4394 17162
1376359200 4894 10044 45203 26202
1376352000 2398 15646 11380 37075
1376344800 132889 129621 2477919 2293830
1376337600 5183 20435 16132 44616
1376330400 258551 46262 3689253 201515
1376323200 34928 36837 320771 92331
1376316000 27565 34687 257843 178609
1376308800 2101 12298 4982 16647
1376301600 1975 12132 4964 16757
1376294400 2105 12386 5014 16743
1376287200 2122 12325 4929 16333
1376280000 1996 12235 4984 16799
1376272800 2103 12301 5058 16798
1376265600 2114 12363 4987 16682
1376258400 1990 12137 4998 16843
1376251200 2113 12324 5075 16799
1376244000 2138 12437 5046 17010
1376236800 2036 12410 4834 15273
1376229600 2107 12327 5027 16689
1376222400 2127 12329 5035 16833
1376215200 1979 12131 4819 15315
1376208000 2107 12344 4972 16580
1376200800 2394 12762 5666 17368
1376193600 2825 13357 13215 15447
1376186400 2123 12474 5010 16630
1376179200 2123 12477 4979 16713
1376172000 1992 12280 4900 16011
1376164800 2122 12487 5027 16647
1376157600 2119 12483 4976 16635
1376150400 1989 12312 4922 16261
1376143200 2144 12515 5041 16916
1376136000 2125 12505 4981 16610
1376128800 1992 12262 4802 16165
1376121600 2121 12457 5025 16741
1376114400 2131 12491 4964 16478
1376107200 2008 12369 4958 16558
1376100000 2130 12567 5034 16871
1376092800 2251 17684 5196 56594
1376085600 2228 13442 5185 18695
1376078400 2359 13541 5213 17595
1376071200 2246 13147 3698 15103
1376064000 2354 13352 5275 17609
1376056800 2350 13107 5199 17445
1376049600 2218 12749 5170 16870
1376042400 2349 13002 5222 17007
1376035200 2350 12989 5190 17236
1376028000 2222 12795 5190 16795
1376020800 2349 12960 5218 17018
1376013600 2348 12984 5179 17282
1376006400 2247 12871 5203 17135
1375999200 2352 13418 5211 18126
1375992000 2230 13570 5230 17596
1375984800 2347 13602 5244 17653
1375977600 2357 13598 5186 17472
1375970400 2221 13069 4567 16407
1375963200 2351 13081 5259 17683
1375956000 2351 13052 5199 17230
1375948800 2221 12898 5192 17208
1375941600 2350 13074 5204 17716
1375934400 2356 13055 5194 17002
1375927200 2247 12930 4004 15376
1375920000 2359 13326 5211 17293
1375912800 2846 14081 10350 18621
1375905600 4101 5464 18491 18119
1375898400 1867 2683 5430 6807
1375891200 4664 8330 15840 15804
1375884000 2395 2507 20100 9147
1375876800 901 1409 3873 5685
1375869600 1030 1579 3873 5646
1375862400 1034 1700 3891 5716
1375855200 922 1457 3907 5835
1375848000 4345 2417 18291 6614
1375840800 5106 2921 17288 8301
1375833600 2864 4780 8429 14141
1375826400 3727 9356 8012 34404
1375819200 4711 33228 8989 64425
1375812000 6053 49212 16187 128865
1375804800 6841 57803 37267 82580
1375797600 6781 47449 21181 148107
1375790400 2200 13441 5118 19199
1375783200 2084 13253 5014 17171
1375776000 2198 13351 5030 17231
1375768800 2182 13151 5036 16930
1375761600 2582 13522 5044 16918
1375754400 4965 13964 67573 64166
1375747200 2518 13418 9757 87870
1375740000 4832 16493 37342 87870
1375732800 3545 11595 12335 79661
1375725600 4973 25748 32191 255271
1375718400 1721 3943 4723 14379
1375711200 5755 73932 25565 356303
1375704000 2124 9566 5116 13579
1375696800 2253 9715 5091 13623
1375689600 2258 9792 5164 16226
1375682400 2124 9547 5091 13503
1375675200 2262 9797 5134 13705
1375668000 2279 9654 5076 13559
1375660800 2130 9538 5118 13476
1375653600 2259 9767 5132 13762
1375646400 2277 9752 5113 13840
1375639200 2128 9550 5097 13655
1375632000 2258 9748 5145 13804
1375624800 2254 9739 5116 13699
1375617600 2127 9664 5115 13932
1375610400 2257 9734 5134 13721
1375603200 2256 9765 5152 13739
1375596000 2127 9570 5102 13665
1375588800 2262 9762 5128 13794
1375581600 2256 9760 5119 13705
1375574400 2148 9737 5124 13873
1375567200 2264 10091 5211 14111
1375560000 2261 9992 5089 13873
1375552800 2129 9789 5103 13826
1375545600 2259 9929 5139 14076
1375538400 2259 9780 5116 13756
1375531200 2126 9568 4017 12151
1375524000 2258 9811 5129 13848
1375516800 2257 9883 5123 14075
1375509600 2147 9565 5136 13661
1375502400 2263 9801 5170 13803
1375495200 2355 15309 5095 77774
1375488000 3480 27464 8844 44329
1375480800 7087 15482 55372 39298
1375473600 1564 4194 4311 26988
1375466400 6651 27467 29741 35513
1375459200 2066 2687 7034 5863
1375452000 762 1440 3858 5898
1375444800 906 1566 3743 5573
1375437600 911 1611 3737 5796
1375430400 759 1347 3746 5599
1375423200 887 1507 3742 5724
1375416000 1002 1676 3921 6141
1375408800 2921 16231 20479 161682
1375401600 3545 31513 10517 73138
1375394400 4022 33163 8487 96185
1375387200 2601 22997 6230 56945
1375380000 4492 32743 14982 54033
1375372800 9546 40458 18286 90358
1375365600 10036 36324 18286 171719
1375358400 6388 6616 9515 10768
1375351200 6432 6801 9646 10934
1375344000 6564 6904 9658 10920
1375336800 6370 6642 9174 10578
1375329600 6483 6826 9370 10791
1375322400 6532 6811 9443 10714
1375315200 6990 8700 11445 26616
1375308000 8814 14918 13378 48676
1375300800 22264 27591 384637 141779
1375293600 4564 13279 15151 59573
1375286400 3907 8373 14583 40582
1375279200 5192 13082 29821 49270
1375272000 1102 3540 3947 7404
1375264800 971 3351 3954 7454
1375257600 1102 3593 3954 7505
1375250400 1104 3601 3932 7410
1375243200 999 3409 3944 7388
1375236000 1151 3585 3993 7535
1375228800 1237 3879 4297 8988
1375221600 9395 5447 39520 35986
1375214400 7117 18482 30023 44798
1375207200 7635 30742 27307 63179
1375200000 7522 11137 29321 170249
1375192800 2094 3199 7359 13011
1375185600 834 1785 3714 5850
1375178400 724 1771 3757 5872
1375171200 1060 7326 3757 29877
1375164000 3094 22014 20289 30240
1375156800 14995 8196 100159 29446
1375149600 9796 16381 97461 94868
1375142400 2443 15343 12819 46343
1375135200 4638 30379 13569 106295
1375128000 4218 33865 8935 85134
1375120800 15252 27189 279887 46600
1375113600 3619 41008 10059 99254
1375106400 5206 67331 13123 140728
1375099200 2451 43124 5475 47449
1375092000 2313 42988 5285 47265
1375084800 2462 43168 5311 47186
1375077600 2441 43162 5295 47343
1375070400 2383 43451 4622 46329
1375063200 2516 43487 5523 48069
1375056000 2451 43212 5255 47260
1375048800 2326 43042 5310 47407
1375041600 2444 43233 5311 47587
1375034400 2442 43179 5316 47740
1375027200 2316 43051 5334 47779
1375020000 2444 43234 5306 47588
1375012800 2446 43281 5322 47470
1375005600 2338 43079 5789 47444
1374998400 2445 43224 5322 47444
1374991200 2442 43168 5307 47565
1374984000 2449 43286 5318 47545
1374976800 2317 43090 5295 47416
1374969600 2450 43293 5312 47563
1374962400 2506 46413 5304 119118
1374955200 2317 43065 5344 47687
1374948000 2446 43234 5318 47461
1374940800 2445 43206 5287 47306
1374933600 2325 42872 5766 46651
1374926400 2434 43044 5302 47387
1374919200 2436 43058 5310 47419
1374912000 2308 42955 5328 47714
1374904800 2438 43153 5278 47213
1374897600 2444 43261 5311 47358
1374890400 2312 43098 5282 47259
1374883200 2709 43537 5338 47967
1374876000 4965 45043 19237 52020
1374868800 5026 45318 19552 84995
1374861600 8052 41069 34959 46510
1374854400 3283 44041 11832 64638
1374847200 3803 39708 18317 44911
1374840000 2707 39982 5581 44674
1374832800 2556 39270 5545 43071
1374825600 2711 40097 5534 46495
1374818400 4262 43535 11102 48732
1374811200 3829 44022 6671 48968
1374804000 3698 43872 6077 49441
1374796800 5514 48491 22722 80992
1374789600 6690 54789 17506 131607
1374782400 6887 44341 25018 92246
1374775200 7771 19995 22548 85834
1374768000 6930 18499 17721 53882
1374760800 6310 25455 12372 75385
1374753600 5014 39556 8021 43808
1374746400 5212 40257 8144 44953
1374739200 5206 40392 8098 44576
1374732000 5034 39692 7869 43343
1374724800 5877 45095 13360 59554
1374717600 5459 39488 8336 43461
1374710400 6671 47845 13150 80552
1374703200 8568 53616 19335 136023
1374696000 11846 166579 27378 636578
1374688800 7834 21072 18225 69693
1374681600 5172 16705 8811 53669
1374674400 5985 22962 10325 44923
1374667200 4623 33336 7608 37771
1374660000 4759 33752 7734 37901
1374652800 4752 33636 7677 39411
1374645600 4630 33464 7608 37729
1374638400 6561 35070 18329 40067
1374631200 6648 35484 9337 40181
1374624000 14769 120927 38905 504609
1374616800 94329 48352 703093 111920
1374609600 8100 27830 24132 204182
1374602400 5724 11854 37974 85055
1374595200 1306 4604 4302 9117
1374588000 1452 4683 4307 8790
1374580800 1951 4775 14191 13502
1374573600 1238 4657 4144 9500
1374566400 1551 4755 4407 9158
1374559200 1573 4767 4463 13620
1374552000 4021 5902 56379 24651
1374544800 1693 5265 4406 10062
1374537600 2705 32475 7722 108872
1374530400 5796 29591 17116 49391
1374523200 4462 13638 15789 53757
1374516000 2246 12818 7403 166382
1374508800 1297 6381 5561 58533
1374501600 400 1044 3390 5296
1374494400 535 1113 3394 5257
1374487200 548 1104 3869 5269
1374480000 443 959 2118 3340
1374472800 572 1124 3441 5229
1374465600 609 1275 3464 5319
1374458400 552 1470 3446 5390
1374451200 541 1134 3392 5194
1374444000 529 1121 3406 5231
1374436800 400 963 3369 5177
1374429600 530 1110 3391 5244
1374422400 529 1103 3414 5254
1374415200 398 920 3277 5028
1374408000 549 1099 3373 5198
1374400800 530 1120 3447 5541
1374393600 399 942 3382 5227
1374386400 531 1183 3382 5241
1374379200 536 1120 3412 5365
1374372000 400 923 3394 5242
1374364800 535 1115 3418 5257
1374357600 528 1122 3368 5234
1374350400 399 943 3378 5269
1374343200 529 1121 3398 5237
1374336000 549 1129 3369 5246
1374328800 398 937 2419 3796
1374321600 529 1134 3440 5419
1374314400 529 1116 3382 5243
1374307200 400 963 3379 5196
1374300000 530 1134 3392 5207
1374292800 530 1141 3399 5229
1374285600 399 937 3381 5292
1374278400 546 1219 3427 5330
1374271200 628 1651 3433 5644
1374264000 518 1614 3604 6429
1374256800 610 1786 3577 6224
1374249600 583 4722 3608 29974
1374242400 601 1472 3618 6171
1374235200 605 1296 3510 5477
1374228000 502 1196 2603 4111
1374220800 629 1363 3515 5488
1374213600 628 1307 3495 5468
1374206400 598 1795 3672 6578
1374199200 646 1603 3457 5534
1374192000 1110 3233 5585 24910
1374184800 9678 416441 20129 875728
1374177600 7212 169673 19508 991933
1374170400 3931 67722 8997 388129
1374163200 5279 54340 15477 741763
1374156000 3724 32084 12466 160692
1374148800 593 1296 3462 5418
1374141600 593 1309 3465 5428
1374134400 463 1146 3476 5687
1374127200 591 1335 3466 5442
1374120000 708 1652 3448 5492
1374112800 531 1258 3494 5610
1374105600 1661 25023 12638 495715
1374098400 5846 98659 21935 953634
1374091200 6045 37932 11374 96621
1374084000 7187 35773 27030 94211
1374076800 5073 33856 12686 99229
1374069600 2056 17686 10855 138545
1374062400 292 2281 3282 6557
1374055200 444 2520 3285 6695
1374048000 424 2572 3286 6653
1374040800 292 2279 3262 6556
1374033600 423 2551 3282 6754
1374026400 541 2631 4153 6713
1374019200 380 2715 3302 6691
1374012000 3389 3532 14731 7403
1374004800 435 1470 3269 5444
1373997600 3112 2440 12566 6168
1373990400 1730 2739 349851 12369
1373983200 77509 7425 749515 24150
1373976000 473 1198 3299 5282
1373968800 451 1782 3318 15078
1373961600 367 1768 3351 6066
1373954400 555 2287 3352 6120
1373947200 592 2212 3419 6356
1373940000 438 2100 2056 4646
1373932800 1582 14215 14215 191750
1373925600 3609 15065 11861 73621
1373918400 2977 7173 7623 22656
1373911200 3135 17593 11938 70275
1373904000 5758 26710 48047 70275
1373896800 1935 8060 9304 65904
1373889600 660 1256 2797 4276
1373882400 729 1378 3581 5525
1373875200 730 1399 3602 5722
1373868000 598 1184 3565 5375
1373860800 729 1387 3587 5436
1373853600 728 1351 3578 5495
1373846400 599 1182 3590 6061
1373839200 727 1357 3565 5386
1373832000 728 1345 3597 5424
1373824800 747 1341 2602 4101
1373817600 599 1194 3113 4708
1373810400 728 1395 3598 5429
1373803200 728 1357 3615 5484
1373796000 600 1177 3581 5543
1373788800 727 1372 3607 5435
1373781600 727 1309 3586 5425
1373774400 602 1146 3606 6014
1373767200 727 1307 3585 5329
1373760000 1116 1373 6322 5465
1373752800 725 1335 3697 5572
1373745600 835 1498 3697 5572
1373738400 1279 1581 9664 5660
1373731200 2814 1727 21070 8227
1373724000 2083 14451 24782 319712
1373716800 617 1204 3473 5295
1373709600 627 1219 3492 5294
1373702400 492 1041 3474 5248
1373695200 620 1203 3471 5276
1373688000 651 1630 3488 7855
1373680800 491 1021 3480 5239
1373673600 620 1295 3473 5409
1373666400 588 1460 3622 6926
1373659200 2083 11543 8366 77898
1373652000 4853 33550 16669 227899
1373644800 3104 8292 20293 78024
1373637600 1105 1827 3967 5701
1373630400 1105 1715 3986 5812
1373623200 976 1461 3819 5513
1373616000 1164 1824 4013 5779
1373608800 1148 1755 4026 5853
1373601600 1020 1569 4003 5784
1373594400 1136 1728 4003 5852
1373587200 1711 3248 6346 12317
1373580000 3663 13386 8450 56544
1373572800 3428 17154 7175 87767
1373565600 2392 8077 6608 56292
1373558400 3026 22424 9287 211410
1373551200 628 1944 3591 6010
1373544000 776 1899 3613 5937
1373536800 775 2904 3619 26730
1373529600 631 1788 3616 6147
1373522400 779 2959 3612 26776
1373515200 762 1929 3657 6095
1373508000 628 1732 3615 6524
1373500800 1343 3497 4387 13916
1373493600 3447 10118 11595 36332
1373486400 6858 31741 19583 171984
1373479200 3922 81696 11189 503076
1373472000 6656 186852 21108 985744
1373464800 308 954 2260 3976
1373457600 179 692 1922 3187
1373450400 312 898 1699 2852
1373443200 871 2507 2745 6066
1373436000 1298 3406 2915 5896
1373428800 1292 3411 3153 6744
1373421600 1155 3202 3333 6461
1373414400 1857 3564 14177 7624
1373407200 5591 18312 25803 319864
1373400000 3171 7476 13934 78823
1373392800 3718 4588 14354 9880
1373385600 4602 13149 15446 162610
1373378400 857 3109 3817 7570
1373371200 706 2745 3718 7118
1373364000 838 2932 3673 6998
1373356800 840 3026 3676 7031
1373349600 707 2730 3601 6816
1373342400 863 3033 3681 7316
1373335200 744 2822 3118 6267
1373328000 1298 4614 5549 34502
1373320800 4021 17387 8169 41920
1373313600 5368 18250 34678 145394
1373306400 4409 21668 11898 164396
1373299200 3499 28620 11862 221109
1373292000 1170 5760 4043 10140
1373284800 1038 5380 4037 9716
1373277600 1172 5636 4033 9686
1373270400 1043 5481 4034 9695
1373263200 1167 5582 3561 8932
1373256000 1165 5608 3204 8471
1373248800 1334 5798 3339 8648
1373241600 1323 5661 4044 9796
1373234400 1043 5445 4018 9527
1373227200 1174 5640 4034 9729
1373220000 1038 5424 4050 9796
1373212800 1171 5620 4027 9705
1373205600 1169 5612 3006 8468
1373198400 1038 5394 3787 9256
1373191200 1192 5635 4046 9839
1373184000 1061 5449 4033 10289
1373176800 1168 5592 4048 9719
1373169600 1173 5644 4055 10573
1373162400 1042 5427 4035 9597
1373155200 1168 5573 4022 9662
1373148000 1041 5428 4049 10317
1373140800 1174 5647 4021 9722
1373133600 1167 5563 3127 8326
1373126400 1077 5473 3565 8992
1373119200 1170 5606 4077 10123
1373112000 1057 5385 4041 9702
1373104800 1170 5611 4098 10433
1373097600 1174 5672 4042 9633
1373090400 1040 5444 4033 9580
1373083200 1175 5671 4037 9783
1373076000 1040 5413 4036 9764
1373068800 1167 5593 4051 9765
1373061600 1089 5511 2905 8110
1373054400 1150 5563 3730 9236
1373047200 1206 5668 4007 9613
1373040000 1042 5487 4018 9660
1373032800 1167 5607 4011 9716
1373025600 1037 5386 4048 9728
1373018400 1170 5640 4048 9728
1373011200 1172 5707 4037 9686
1373004000 1055 5467 3644 9133
1372996800 1413 5772 2952 8148
1372989600 1045 5433 3783 9836
1372982400 1209 5564 4023 9623
1372975200 1173 5611 4070 10504
1372968000 1050 5448 4021 9645
1372960800 1217 5745 4169 10112
1372953600 1062 5444 4059 10067
1372946400 1196 5766 4073 9764
1372939200 1171 5562 4070 10389
1372932000 1048 5519 4010 9618
1372924800 1337 5730 3766 9256
1372917600 1123 5525 2605 8220
1372910400 1189 5645 3753 9821
1372903200 1184 5652 4051 9721
1372896000 1233 5538 4035 9675
1372888800 1928 6137 5259 10167
1372881600 9368 7541 34000 16791
1372874400 7463 7401 34160 11900
1372867200 3001 7245 8125 11467
1372860000 1493 6581 4454 10607
1372852800 1620 6531 4448 10580
1372845600 1658 6636 4505 10730
1372838400 1494 6434 4481 10648
1372831200 1619 6663 4521 10892
1372824000 1624 6603 4464 10589
1372816800 1485 6396 4477 10717
1372809600 2511 14988 8887 130611
1372802400 3635 15144 7144 79683
1372795200 3620 18010 7798 84161
1372788000 4112 20434 11890 86311
1372780800 4011 25442 9574 181510
1372773600 1797 8584 5215 13340
1372766400 1909 8656 4811 12755
1372759200 1910 8928 4766 15612
1372752000 1783 8558 4791 13542
1372744800 1920 8777 4805 12723
1372737600 1915 8660 4762 12752
1372730400 1779 8469 4777 12758
1372723200 2914 11435 7732 34852
1372716000 6853 16038 58024 53726
1372708800 6846 25542 10674 69073
1372701600 7443 28188 16969 84314
1372694400 3494 14595 15344 58533
1372687200 555 3705 3432 7773
1372680000 428 3367 3419 7580
1372672800 555 3494 3419 7649
1372665600 558 3523 3411 7590
1372658400 485 3437 3421 7619
1372651200 619 3477 3691 7916
1372644000 744 3570 3661 7678
1372636800 575 3558 3413 7735
1372629600 426 3314 3420 7645
1372622400 557 3508 3417 7655
1372615200 559 3552 3413 7679
1372608000 428 3324 2572 6406
1372600800 555 3505 3418 7636
1372593600 556 3549 3435 7750
1372586400 426 3308 3417 7619
1372579200 557 3516 3406 7592
1372572000 575 3539 3413 7674
1372564800 429 3327 3426 7624
1372557600 555 3495 3423 7635
1372550400 556 3537 3396 7571
1372543200 431 3365 3403 7594
1372536000 558 3512 3436 7706
1372528800 555 3565 3405 7678
1372521600 426 3337 2156 5818
1372514400 2961 4467 34251 12057
1372507200 6234 4952 96313 27656
1372500000 692 3413 3692 7722
1372492800 2195 4900 28839 28858
1372485600 562 3600 3408 7670
1372478400 613 3416 3708 7711
1372471200 850 3633 3707 7695
1372464000 852 3635 5178 9104
1372456800 1862 5249 7629 9104
1372449600 1474 12115 11529 91998
1372442400 11359 29327 29801 283254
1372435200 5498 7625 20629 40092
1372428000 842 4788 3825 9059
1372420800 970 4761 3829 8875
1372413600 951 4793 3832 8853
1372406400 824 4670 3812 9114
1372399200 951 4854 3802 9465
1372392000 822 4606 3821 9815
1372384800 943 4755 3804 8963
1372377600 946 4871 3801 9866
1372370400 3011 32187 11969 107759
1372363200 4292 17862 10094 46054
1372356000 5446 13672 10623 74759
1372348800 4975 24591 14118 176609
1372341600 2756 3657 5795 7998
1372334400 2883 3727 5832 9097
1372327200 2883 8859 5817 127599
1372320000 2758 3552 5812 8067
1372312800 2886 3729 5787 7849
1372305600 2898 3728 5834 8070
1372298400 2751 3492 5675 7706
1372291200 4012 7267 12691 37400
1372284000 7697 27930 17193 103969
1372276800 5993 13230 12981 60176
1372269600 6314 12341 11939 44057
1372262400 4981 10442 9154 51898
1372255200 3354 4526 6288 8681
1372248000 3316 4364 6334 8644
1372240800 3414 4517 6245 8573
1372233600 3273 4346 6217 8990
1372226400 3420 4578 6352 8700
1372219200 3351 4423 6376 8764
1372204800 4958 5686 129983 168267
1372118400 4201 30403 337894 3339427
1372032000 265 800 3182 5035
1371945600 267 810 3652 5119
1371859200 404 1115 3698 5713
1371772800 2326 8098 155172 524653
1371686400 4068 17774 223044 1773941
1371600000 4340 5059 70062 41980
1371513600 7951 132719 141345 4251315
1371427200 2955 3791 8229 9205
1371340800 3108 4397 6448 115799
1371254400 3186 4390 7656 25680
1371168000 4456 12479 14410 286972
1371081600 4571 18024 26027 937337
1370995200 6526 8499 49698 38652
1370908800 5310 47758 69097 3257459
1370822400 3602 7200 6617 11606
1370736000 3611 7249 6604 12257
1370649600 4260 5594 32212 167039
1370563200 5011 31462 14561 170813
1370476800 4019 36591 23457 192801
1370390400 3414 10769 37760 166742
1370304000 3805 12958 18035 192056
1370217600 2968 4483 6075 17095
1370131200 2978 4540 6098 17128
1370044800 20753 2801 910872 28586
1369958400 23536 10562 890701 308936
1369872000 2006 6617 34994 198014
1369785600 21777 14031 911614 1153810
1369699200 427 968 3698 5260
1369612800 416 935 3326 5179
1369526400 493 985 13112 5230
1369440000 1176 1554 46683 39951
1369353600 1922 8814 15922 175646
1369267200 1785 6480 11999 114903
1369180800 1992 6664 42091 166741
1369094400 1797 18414 25082 987828
1369008000 0 395 0 525
1368921600 0 399 0 521
1368835200 0 550 0 1170
1368748800 1238 10627 15642 786716
1368662400 2632 23554 42661 1052795
1368576000 597 1377 3614 23167
1368489600 1385 15110 28165 1370236
1368403200 620 1210 3633 5686
1368316800 623 1207 3538 5473
1368230400 1456 1586 108818 6960
1368144000 10270 30156 2258358 2315657
1368057600 2427 65853 61313 2255749
1367971200 435 1173 10285 3869
1367884800 32448 53882 1122029 3617846
1367798400 306 781 757 2061
1367712000 464 1000 740 2537
1367625600 16816 1995 4635018 200199
1367539200 1563 7968 31962 839831
1367452800 1647 27707 28554 1147191
1367366400 870 7077 23525 856647
1367280000 0 559 0 1677
1367193600 0 329 0 471
1367107200 0 352 0 503
1367020800 0 592 0 1578
1366934400 0 595 0 1935
1366848000 0 483 0 1220
1366761600 111 662 372 1580
1366675200 210 791 483 1801
1366588800 205 578 477 988
1366502400 272 666 559 2371
1366416000 592 1169 975 3647
1366329600 1683 4915 11595 359036
1366243200 1910 17709 166319 3304095
1366156800 252 811 4629 1887
1366070400 727 2229 6779 115235
1365984000 2088 2137 2520 3629
1365897600 2290 2355 2823 3861
1365811200 2364 2807 2770 3855
1365724800 1738 3759 36394 85694
1365638400 1217 4518 13976 178753
1365552000 913 3399 22164 254940
1365465600 1458 3484 11213 46122
1365379200 1753 21357 2672 30683
1365292800 2362 29569 2660 31035
1365206400 1835 16990 11918 42684
1365120000 12347 12308 1137881 135739
1365033600 2900 30642 37750 1276731
1364947200 1066 7122 14419 11904
1364860800 3586 18995 371368 703986
1364774400 217 656 573 1687
1364688000 204 638 492 1097
1364601600 2145 2630 3136 41784
1364515200 2211 2762 4470 47950
1364428800 4266 5489 358604 165219
1364342400 4072 48052 161743 7620155
1364256000 2502 17704 26508 621568
1364169600 755 10216 1014 12322
1364083200 752 10226 1049 11840
1363996800 621 2588 10348 39907
1363910400 4915 60731 369371 4867591
1363824000 1220 7391 50450 192817
1363737600 1294 5518 28181 180784
1363651200 1354 5509 22883 98283
1363564800 205 643 484 1479
1363478400 205 655 505 1948
1363392000 324 1121 7022 15622
1363305600 879 2487 9164 42521
1363219200 429 1326 10701 58431
1363132800 791 1602 16064 166968
1363046400 11833 4800 2909458 181097
1362960000 311 941 567 1383
1362873600 377 1036 6583 4280
1362787200 961 2385 11752 165367
1362700800 7813 59775 404598 3602871
1362614400 1345 5157 14408 185288
1362528000 423 1096 724 4586
1362441600 1781 34156 79607 3639078
1362355200 531 1022 824 3274
1362268800 532 1080 799 3106
1362182400 710 2245 13157 174902
1362096000 1332 3208 29912 148461
1362009600 2725 6970 341623 307106
1361923200 291 983 6247 4442
1361836800 2075 34862 81184 3660969
1361750400 286 732 572 1813
1361664000 288 880 986 28803
1361577600 468 3570 8978 93858
1361491200 1091 5886 13429 455455
1361404800 25089 87407 910205 4763186
1361318400 2312 54529 76043 3687181
1361232000 352 941 646 1846
1361145600 351 929 633 1494
1361059200 353 956 647 3350
1360972800 372 1128 4420 28355
1360886400 441 1146 951 21901
1360800000 1255 4027 35378 267145
1360713600 2307 1853 30866 80242
1360627200 1869 16150 26556 812316
1360540800 598 1147 12847 4885
1360454400 486 1138 761 3691
1360368000 878 1573 14682 56134
1360281600 2184 6456 16588 117070
1360195200 2355 12755 53144 2185365
1360108800 1502 1199 30918 9341
1360022400 2326 21707 109487 4939046
1359936000 736 1191 1011 1623
1359849600 736 1191 1005 1472
1359763200 824 1438 9248 7178
1359676800 22700 3979 1132477 94353
1359590400 102840 16091 3039012 1261899
1359504000 350 1438 7213 96965
1359417600 2078 3859 52528 129830
1359331200 197 658 487 931
1359244800 197 681 484 1256
1359158400 199 1224 468 108218
1359072000 2667 10509 238385 577892
1358985600 1852 5489 123034 154322
1358899200 1719 3557 199576 216029
1358812800 475 971 765 1479
1358726400 476 960 758 1272
1358640000 478 964 763 1258
1358553600 769 1143 17424 5305
1358467200 1167 3798 9128 83834
1358380800 6245 7718 806168 765892
1358294400 1856 6676 173430 236870
1358208000 20026 8190 886500 337294
1358121600 845 1341 3200 3972
1358035200 2927 3622 3139 4219
1357948800 2990 3863 22424 53243
1357862400 3771 5651 11163 52000
1357776000 23826 9145 896213 120766
1357689600 3117 3990 13764 52733
1357603200 4165 6324 37212 59195
1357516800 2816 3451 2996 3844
1357430400 2822 3459 3147 3903
1357344000 950 1388 15736 13472
1357257600 5652 37896 640997 1151772
1357171200 1770 6361 45726 231671
1357084800 202 572 486 969
1356998400 205 618 494 1006
1356912000 201 575 487 984
1356825600 202 571 490 869
1356739200 1845 9136 39548 253940
1356652800 14410 85592 808374 5183976
1356566400 904 4163 7864 6195
1356480000 860 4470 1165 5901
1356393600 858 4446 1141 6013
1356307200 852 4393 1122 5843
1356220800 855 4399 1134 5832
1356134400 1718 7728 69197 170273
1356048000 1717 5376 32374 210120
1355961600 1181 4393 14567 141885
1355875200 903 4490 32701 32125
1355788800 1443 5722 12869 132656
1355702400 283 696 558 1260
1355616000 282 694 562 993
1355529600 717 880 51896 6719
1355443200 2459 26616 58424 2649655
1355356800 1701 9592 20102 730202
1355270400 838 1568 13592 12215
1355184000 1704 6452 81496 188367
1355097600 540 3725 827 4404
1355011200 541 3734 820 4063
1354924800 797 3893 9968 10192
1354838400 7643 12334 574558 354032
1354752000 3311 63682 71575 3301598
1354665600 207 728 521 1737
1354579200 206 696 501 1417
1354492800 203 547 477 891
1354406400 390 831 700 2252
1354320000 1054 1367 15241 8119
1354233600 1247 2244 103631 107465
1354147200 12468 7483 1012055 72451
1354060800 393 1675 673 4441
1353974400 1573 4360 32106 80350
1353888000 201 536 485 1070
1353801600 201 533 479 1014
1353715200 202 542 480 927
1353628800 207 542 492 806
1353542400 276 747 6207 9267
1353456000 11244 6986 1423484 442578
1353369600 4062 10146 225381 411006
1353283200 351 685 640 968
1353196800 353 696 634 1088
1353110400 721 1261 7231 22816
1353024000 1023 5294 15036 196118
1352937600 896 2456 10261 71477
1352851200 905 2961 16151 164365
1352764800 284 794 571 1889
1352678400 280 686 562 1076
1352592000 279 689 561 973
1352505600 285 815 759 19373
1352419200 281 698 563 1284
1352332800 282 757 565 1516
1352246400 284 780 571 8186
1352160000 3636 6512 478661 773044
1352073600 197 561 482 967
1351987200 198 562 485 985
1351900800 198 614 484 1257
1351814400 198 574 481 1054
1351728000 185 539 2262 4031
1351641600 159 417 435 653
1351555200 159 457 441 647
1351468800 163 492 452 715
1351382400 160 493 482 1036
1351296000 891 4331 8195 11031
1351209600 13021 183834 27666 310500
1351123200 12548 106215 582713 1092166
1351036800 3153 13732 76186 151533
1350950400 5490 13501 404150 43717
1350864000 1066 11743 1355 12103
1350777600 1315 11086 23102 34201
1350691200 2111 10312 28479 43828
1350604800 4181 17367 234784 1153560
1350518400 2935 17677 86757 161577
1350432000 7237 11030 215549 78246
1350345600 3124 15027 41024 147262
1350259200 713 3063 12560 5782
1350172800 855 4547 11560 9097
1350086400 23050 7594 2394608 60092
1350000000 8914 17776 674834 1080708
1349913600 10860 13757 451134 269007
1349827200 1263 5500 18231 24685
1349740800 19499 15403 1020572 201078
1349654400 1270 7936 9103 12320
1349568000 1069 6622 8550 8893
1349481600 1020 5130 12239 10484
1349395200 4206 16273 259938 254503
1349308800 5635 5639 419286 181224
1349222400 1518 1412 14990 13762
1349136000 13426 8270 1996601 390130
1349049600 3009 3549 3915 3926
1348963200 2983 3545 3288 5612
1348876800 1732 2546 18943 168507
1348790400 3711 8270 497152 216392
1348704000 1931 12376 11999 319473
1348617600 1726 2167 29793 169199
1348531200 2923 8754 385691 452111
1348444800 418 867 689 2212
1348358400 419 896 705 2230
1348272000 416 1065 693 8186
1348185600 503 1183 6717 14836
1348099200 11542 19229 934498 3322867
1348012800 3855 10145 452783 808253
1347926400 1951 5599 10438 175923
1347840000 1196 2509 1477 3741
1347753600 1196 2503 1478 3640
1347667200 1236 2702 1531 9177
1347580800 14886 12664 635845 320903
1347494400 18129 10497 4526978 378888
1347408000 1554 3293 16639 170228
1347321600 1879 5183 45360 197887
1347235200 341 739 624 1046
1347148800 341 739 626 1016
1347062400 470 1087 7698 7748
1346976000 553 1053 805 1815
1346889600 1456 6646 48081 175687
1346803200 11519 7838 917239 312356
1346716800 848 1318 1141 3067
1346630400 851 1319 1142 2674
1346544000 848 1311 1129 3176
1346457600 1016 1995 5190 10798
1346371200 3597 4945 321363 115736
1346284800 7422 12311 601841 1292113
1346198400 3125 4466 8037 10757
1346112000 5420 13549 104685 297664
1346025600 3151 4442 5772 8812
1345939200 3237 4522 6043 8918
1345852800 2040 3229 14569 16872
1345766400 7062 9727 507939 301891
1345680000 1523 8847 18445 452008
1345593600 701 1983 1051 5837
1345507200 1254 4512 11774 172880
1345420800 564 973 847 2642
1345334400 566 973 846 2628
1345248000 44218 2949 1980842 53741
1345161600 2367 58934 129527 5890790
1345075200 2968 8490 483949 703444
1344988800 444 892 813 2741
1344902400 7414 4270 1384074 97702
1344816000 566 986 842 1368
1344729600 568 997 843 1414
1344643200 734 995 11213 4863
1344556800 1041 4462 8043 132605
1344470400 962 2156 11405 166863
1344384000 47708 61042 1063906 861530
1344297600 1478 4678 12319 82463
1344211200 933 2310 1197 4205
1344124800 932 2321 1193 3800
1344038400 1268 2854 16508 7355
1343952000 7389 11014 830445 453335
1343865600 1801 9638 48791 217178
1343779200 958 2573 1239 3208
1343692800 1984 14626 59191 2441185
1343606400 203 635 467 1161
1343520000 251 705 514 2150
1343433600 505 1366 1344 33517
1343347200 6797 231325 42718 852711
1343260800 8933 359901 9234 363398
1343174400 5716 50060 415888 450006
1343088000 1605 6759 33245 222307
1343001600 623 1136 889 2201
1342915200 659 1180 877 2377
1342828800 735 1443 999 3162
1342742400 739 1521 1089 3117
1342656000 739 1445 998 2779
1342569600 1325 3549 10671 87302
1342483200 520 1045 794 2448
1342396800 512 925 769 1817
1342310400 1238 30915 9378 362628
1342224000 9134 359257 9360 362954
1342137600 9136 359039 9396 363704
1342051200 9135 359187 9377 363317
1341964800 10083 362498 39425 462497
1341878400 9285 360528 19844 514068
1341792000 9079 359816 9391 362723
1341705600 9080 359866 9344 362729
1341619200 9092 360119 9363 364249
1341532800 14017 509809 23240 893150
1341446400 17514 718409 17928 727832
1341360000 6902 262116 21205 727482
1341273600 2926 70765 20014 488159
1341187200 736 8108 996 8488
1341100800 738 8156 1122 22853
1341014400 7736 278878 10947 398073
1340928000 10983 372167 143391 519704
1340841600 5961 78234 331153 431707
1340755200 1791 13227 10162 109523
1340668800 774 3574 13456 17047
1340582400 594 3663 891 4220
1340496000 589 3673 861 4399
1340409600 601 3979 822 5653
1340323200 3178 28064 61327 205870
1340236800 8500 198048 202208 3823745
1340150400 2685 12629 149531 128772
1340064000 4857 16214 416381 627706
1339977600 771 7175 1026 7686
1339891200 777 7232 1049 7562
1339804800 796 7348 1062 8526
1339718400 4006 14509 93021 425999
1339632000 7184 208423 26352 442088
1339545600 8486 310021 54110 409485
1339459200 8746 296148 196159 549714
1339372800 7034 276322 7349 286043
1339286400 6674 260634 7073 270718
1339200000 6155 244661 11198 254925
1339113600 7089 231264 242021 409340
1339027200 8792 123362 494456 759742
1338940800 863 3570 5729 9283
1338854400 1654 37030 6640 233804
1338768000 3397 110799 4944 170791
1338681600 4440 150289 4654 159618
1338595200 4495 133913 10672 143156
1338508800 5737 126044 52271 193064
1338422400 4625 110382 16845 526127
1338336000 4186 90450 33317 311992
1338249600 3093 70398 3325 79055
1338163200 2715 53839 4286 113807
1338076800 2336 36771 2740 45428
1337990400 1885 21706 9838 55088
1337904000 3611 10098 40563 143837
1337817600 5883 10381 345910 113862
1337731200 1225 3998 25245 325483
1337644800 1016 6020 16162 551529
1337558400 172 568 434 787
1337472000 171 729 430 23398
1337385600 776 23726 12552 2141530
1337299200 1472 6796 73134 762451
1337212800 1288 11443 15349 226372
1337126400 1201 5048 9471 47120
1337040000 6094 9650 560202 398465
1336953600 3847 5439 8228 19104
1336867200 3796 5201 4112 15755
1336780800 1968 15080 35322 725210
1336694400 16267 626766 701101 11655607
1336608000 6235 15076 641703 429728
1336521600 530744 74197 12238698 2704296
1336435200 10380 21057 688265 2795994
1336348800 607 1132 894 1561
1336262400 607 1142 876 1574
1336176000 598 1369 4492 3278
1336089600 844 8433 10169 25355
1336003200 5516 11032 380075 188933
1335916800 4692 8963 17542 100795
1335830400 6034 10816 289489 436441
1335744000 3574 4963 3825 5575
1335657600 3586 5041 5809 21592
1335571200 3680 5239 17022 9822
1335484800 10295 10891 938614 164227
1335398400 3215 4124 4288 12727
1335312000 5362 12832 90982 283318
1335225600 4475 9087 34301 104706
1335139200 3335 4004 3617 4444
1335052800 3333 4005 3693 4373
1334966400 3620 4430 4964 7943
1334880000 1225 4252 19546 109169
1334793600 3789 6636 33058 71478
1334707200 6710 10065 292765 496692
1334620800 6768 10313 489564 373453
1334534400 3004 3771 3362 5603
1334448000 3008 3795 3760 4629
1334361600 1460 4263 15271 35936
1334275200 628 2482 10773 10885
1334188800 894 1621 10773 10885
1334102400 4682 7501 333129 910483
1334016000 1793 5693 12633 111726
1333929600 1179 1672 1442 2294
1333843200 1179 1687 1446 2171
1333756800 1191 2114 1443 39903
1333670400 1719 4407 33806 77749
1333584000 4103 14748 269696 1940547
1333497600 172867 13804 8654102 420101
1333411200 8044 12080 333836 375805
1333324800 934 1645 1184 2214
1333238400 1097 5165 7504 247337
1333152000 1572 5594 29449 242788
1333065600 3852 12998 440459 288041
1332979200 833 5458 7932 14887
1332892800 2117 8932 38514 81864
1332806400 3753 7008 177418 610055
1332720000 211 760 491 1029
1332633600 210 784 464 3366
1332547200 223 899 625 1403
1332460800 3410 7064 392010 200487
1332374400 19068 11872 830286 306458
1332288000 12188 23320 760599 1777261
1332201600 17261 7061 709515 82179
1332115200 381 2565 673 3695
1332028800 426 2795 3406 21322
1331942400 869 5052 12626 150716
1331856000 2114 6347 52173 255452
1331769600 36363 11747 702658 507387
1331683200 1554 4504 17667 55565
1331596800 2352 6862 14417 510684
1331510400 883 1395 1474 1748
1331424000 1481 1527 58516 5272
1331337600 1712 2083 20524 7644
1331251200 1215 4916 34125 143412
1331164800 1775 8122 9473 273237
1331078400 2437 7451 16492 163961
1330992000 1980 13098 11391 748767
1330905600 1001 1527 1262 1936
1330819200 1001 1534 1265 1910
1330732800 1104 1758 1641 2807
1330646400 1506 4588 10858 186804
1330560000 2507 10756 27502 1058241
1330473600 1640 4834 60983 142288
1330387200 2696 9231 236568 175434
1330300800 208 744 499 1288
1330214400 207 764 375 1121
1330128000 210 917 468 1609
1330041600 10982 183782 82228 4741767
1329955200 1394 7483 46345 394378
1329868800 1926 9282 18354 108524
1329782400 267 817 529 1202
1329696000 267 815 539 1129
1329609600 267 824 533 1259
1329523200 279 963 571 2103
1329436800 470 1125 2749 3429
1329350400 2210 12081 20346 370644
1329264000 1227 6095 7188 113244
1329177600 1454 9120 22177 442347
1329091200 628 1146 885 1578
1329004800 640 1165 1027 1728
1328918400 670 2562 1062 3745
1328832000 1380 11135 25492 400579
1328745600 1831 9835 46451 162679
1328659200 1153 23310 20793 384538
1328572800 1614 15670 20984 463601
1328486400 166 2874 426 3004
1328400000 166 2880 439 3121
1328313600 615 3572 12210 34380
1328227200 961 12817 15968 396138
1328140800 769 6136 8829 78468
1328054400 1359 5993 42782 100281
1327968000 1152 6553 6722 271990
1327881600 414 1710 684 2210
1327795200 415 1723 698 2110
1327708800 434 2078 5165 4215
1327622400 1004 7364 5603 178520
1327536000 558 4261 827 5433
1327449600 1361 10360 14277 407657
1327363200 1836 12025 10349 227963
1327276800 841 4365 1106 7814
1327190400 855 4376 4304 5282
1327104000 973 4640 6720 6552
1327017600 2438 8853 12470 111421
1326931200 983 6291 12618 88776
1326844800 1859 7952 109117 215757
1326758400 1018 3692 1275 3954
1326672000 1018 3692 1275 4022
1326585600 1017 3700 1267 4244
1326499200 1256 4273 5940 8430
1326412800 1905 4602 12960 80812
1326326400 5122 14935 520943 658855
1326240000 1625 8498 21006 94823
1326153600 2471 18428 32628 391926
1326067200 1099 3915 1373 4488
1325980800 1099 3944 1356 7433
1325894400 1106 4105 1363 5296
1325808000 1179 5187 14279 33223
1325721600 1821 5818 164863 66415
1325635200 6616 6432 531211 133084
1325548800 730 3335 986 3783
1325462400 730 3330 983 3754
1325376000 730 3332 1009 3795
1325289600 731 3403 1011 6879
1325203200 3879 9975 609957 438728
1325116800 3917 10251 731025 356768
1325030400 1841 17942 86455 625800
1324944000 338 3155 655 3479
1324857600 382 3192 654 3666
1324771200 390 3194 2803 3522
1324684800 422 3260 6506 8844
1324598400 505 3436 8142 6891
1324512000 499 3422 871 4248
1324425600 495 3567 763 4272
1324339200 497 3582 776 4504
1324252800 498 3440 732 3993
1324166400 535 3421 4098 6680
1324080000 470 3398 716 3959
1323993600 4592 13493 319265 334192
1323907200 1726 14889 69986 589952
1323820800 1163 9968 6499 142365
1323734400 3351 9509 646069 206353
1323648000 525 3265 773 3565
1323561600 526 3286 783 3680
1323475200 543 3597 5543 59437
1323388800 2117 8213 162848 246062
1323302400 3199 8786 241593 271966
1323216000 1759 10317 13338 309032
1323129600 6001 45709 522037 4005650
1323043200 647 3601 888 4575
1322956800 645 3589 930 4252
1322870400 651 3797 1032 16879
1322784000 26616 6470 7331654 148249
1322697600 227 882 9206 3778
1322611200 1703 5454 9817 84278
1322524800 2864 44070 77508 4040216
1322438400 1018 1516 1274 4069
1322352000 1017 1508 1302 3485
1322265600 1018 1510 1292 4346
1322179200 1017 1522 1268 4077
1322092800 17084 18210 1616455 2633628
1322006400 2395 10017 124886 107387
1321920000 1173 8268 8225 376637
1321833600 583 3529 3758 5881
1321747200 876 4820 7462 7463
1321660800 51291 10704 5110130 229542
1321574400 28848 37130 785580 587325
1321488000 1760 10891 62429 143125
1321401600 5161 16613 298531 576348
1321315200 219 3259 491 4723
1321228800 229 3177 487 3342
1321142400 227 3201 560 3412
1321056000 227 3328 478 6402
1320969600 230 3419 493 4518
1320883200 229 3424 490 5427
1320796800 375 6867 7007 485440
1320710400 5886 18505 678605 1988030
1320624000 756 3732 1014 4942
1320537600 756 3758 1014 6023
1320451200 33826 22155 2114608 2539464
1320364800 4597 16869 228021 397480
1320278400 17908 23953 2094273 871641
1320192000 16574 31797 2498328 846687
1320105600 21994 47490 886458 1273283
1320019200 1785 7563 2029 8020
1319932800 1789 7560 2048 8088
1319846400 1913 8017 12372 20774
1319760000 47176 132590 6088800 960129
1319673600 3680 12601 322474 260195
1319587200 1857 11953 19165 127856
1319500800 2891 11077 167503 223705
1319414400 950 3784 1190 4185
1319328000 952 3798 1214 4214
1319241600 1440 4825 13554 22772
1319155200 3884 13034 175112 68579
1319068800 2612 16161 49409 316203
1318982400 96707 14788 781307 261628
1318896000 61667 13500 7095558 798165
1318809600 160 766 430 970
1318723200 160 813 413 3703
1318636800 1249 6766 8537 52414
1318550400 2599 12153 102084 633147
1318464000 2711 9636 62148 398518
1318377600 2866 22985 34339 1609880
1318291200 1373 8506 27650 205668
1318204800 154 753 407 881
1318118400 155 763 407 932
1318032000 1115 2586 19207 222631
1317945600 16649 54659 1097498 3225106
1317859200 1616 4632 135358 165717
1317772800 1064 7948 34410 1273776
1317686400 2207 27031 39604 1369028
1317600000 470 961 747 1154
1317513600 1223 30370 43158 1663319
1317427200 1215 1760 84382 80386
1317340800 2329 6520 18121 84835
1317254400 2656 37977 39710 1540698
1317168000 1309 10196 10446 162415
1317081600 3370 8307 101798 86951
1316995200 3263 4028 11144 14280
1316908800 3329 8396 22946 782236
1316822400 2591 10123 52491 615941
1316736000 7368 12401 489901 326199
1316649600 3900 7688 15001 101828
1316563200 3227 6959 388584 479370
1316476800 1243 1888 26000 32449
1316390400 383 1132 635 1436
1316304000 375 1169 823 18852
1316217600 1166 4917 33716 43687
1316131200 846 6979 38423 48632
1316044800 1349 7234 20816 111435
1315958400 1204 4423 11698 107647
1315872000 731 2925 4433 95068
1315785600 521 1796 1084 23326
1315699200 520 1666 781 3773
1315612800 931 1632 10096 38366
1315526400 1134 5175 18985 226711
1315440000 1339 12500 62588 2146927
1315353600 842 3190 10397 53798
1315267200 358 825 601 1259
1315180800 356 794 612 939
1315094400 358 813 674 1503
1315008000 479 1144 1026 4345
1314921600 1173 6286 13388 133233
1314835200 1563 22464 26526 1049451
1314748800 12069 13832 1652701 793355
1314662400 0 0 0 0
1314576000 0 0 0 0
1314489600 0 0 0 0
1314403200 7113 3623 389907 57986
1314316800 1399 9508 41092 170457
1314230400 747 5548 9402 172059
1314144000 361 3371 1174 17775
1314057600 907 24546 16626 526323
1313971200 319 3039 799 4237
1313884800 313 3038 680 3917
1313798400 323 3458 2588 87761
1313712000 314 3201 854 4353
1313625600 405 4433 720 7743
1313539200 634 5813 1257 29014
1313452800 780 10316 25531 988070
1313366400 652 5747 2193 66605
1313280000 656 5520 1372 6935
1313193600 879 13008 6535 121940
1313107200 11589 12278 408289 422614
1313020800 3759 11331 433247 317970
1312934400 6168 14171 183047 71152
1312848000 2685 12640 92430 481305
1312761600 323 3142 673 4334
1312675200 325 3156 635 4212
1312588800 3797 126006 143514 6210088
1312502400 1131 4912 26156 41743
1312416000 1384 8446 94550 447036
1312329600 7822 31876 339924 669662
1312243200 1190 13465 27920 204236
1312156800 240 2984 541 5059
1312070400 237 2999 600 3315
1311984000 2527 18317 87435 383104
1311897600 2690 12694 118366 598859
1311811200 2975 17927 175883 387111
1311724800 235159 1244958 10085449 1822022
1311638400 59595 1370639 363140 8185760
1311552000 56103 1371341 63647 1580544
1311465600 52274 1128039 65436 1531747
1311379200 60442 1464276 67363 1630752
1311292800 14377 35596 364351 673273
1311206400 5421 20050 171606 1016572
1311120000 3740 23303 81901 1903243
1311033600 2291 11605 20235 619848
1310947200 230 673 541 1030
1310860800 229 779 737 20434
1310774400 7612 17767 1388506 2852310
1310688000 4110 11261 266019 177418
1310601600 3684 20590 43984 211883
1310515200 1906 16270 42980 1695406
1310428800 2645 15677 95465 1821163
1310342400 1676 5690 2112 6319
1310256000 1673 5728 1883 6454
1310169600 2183 6437 31501 50025
1310083200 2732 11702 43827 301892
1309996800 4762 13221 860583 203331
1309910400 1319 6891 34252 295938
1309824000 661 1274 6412 7649
1309737600 647 2408 9517 352576
1309651200 698 2471 4597 12954
1309564800 1261 4438 16316 13937
1309478400 1993 15333 26562 160688
1309392000 3014 13936 288569 220389
1309305600 1639 16076 24723 517781
1309219200 3621 53303 222673 6294685
1309132800 951 2764 1260 4733
1309046400 950 2792 1242 5186
