1377805802 662607353 3988328517
1377805802 223 2139 223 2139
1377805502 653 3026 653 3026
1377805500 659 3170 2485 46263
1377805200 2490 46809 3251 128280
1377804900 3289 127844 8956 128280
1377804600 8940 62893 8956 62911
1377804300 4429 57400 4454 57764
1377804000 862 3224 14810 16782
1377803700 14747 16796 14810 19013
1377803400 5456 18969 5481 19013
1377803100 1770 12480 2641 12489
1377802800 2642 9906 2905 13263
1377802500 2888 13191 2905 13263
1377802200 495 2506 1741 4193
1377801900 1741 4213 1773 7196
1377801600 1786 7207 5740 10524
1377801300 5723 10500 5740 10524
1377801000 761 3543 1819 4823
1377800700 1826 5056 2876 39823
1377800400 2886 39641 4377 39823
1377800100 4349 12579 4377 12649
1377799800 331 2290 1374 4989
1377799500 1370 4977 1374 4989
1377799200 310 1695 1505 3758
1377798900 1500 3751 1505 3758
1377798600 196 1702 1499 3656
1377798300 1495 3651 1499 3656
1377798000 384 2225 958 3614
1377797700 954 3605 958 3614
1377797400 511 2336 1455 3881
1377797100 1449 3872 1455 3881
1377796800 622 2646 3778 5610
1377796500 3753 5583 3778 5610
1377796200 60 1653 61 1850
1377795900 37 1850 101 1944
1377795600 100 1942 101 1944
1377795300 50 1631 82 1941
1377795000 81 1939 82 1941
1377794700 21 1721 46 1722
1377794400 46 1617 148 1904
1377794100 147 1903 148 1904
1377793800 16 1766 22 2128
1377793500 22 2125 60 2128
1377793200 59 1820 60 1821
1377792900 14 1647 16 1764
1377792600 16 1764 50 1911
1377792300 49 1908 50 1911
1377792000 47 1558 48 1560
1377791700 29 1384 30 1762
1377791400 13 1761 14 1762
1377791100 13 1598 261 1821
1377790800 259 1820 261 1821
1377790500 25 1742 26 1743
1377790200 16 1735 17 1872
1377789900 17 1872 100 1876
1377789600 99 1874 100 1876
1377789300 13 1651 16 1652
1377789000 16 1557 28 1857
1377788700 28 1856 47 1857
1377788400 46 1681 47 1682
1377788100 15 1596 107 1776
1377787800 106 1775 107 1776
1377787500 17 1687 48 1811
1377787200 47 1809 48 1811
1377786900 27 1633 31 1975
1377786600 30 1974 31 1975
1377786300 14 1679 61 1680
1377786000 60 1620 61 1715
1377785700 14 1714 15 1715
1377785400 14 1691 29 1692
1377785100 29 1616 80 1855
1377784800 79 1855 80 1874
1377784500 20 1873 162 1874
1377784200 161 1745 162 1746
1377783900 13 1565 49 1892
1377783600 48 1890 49 1892
1377783300 25 1691 26 1694
1377783000 17 1249 654 1794
1377782700 661 1805 1748 3522
1377782400 1744 3517 1748 3522
1377782100 590 2116 1176 4601
1377781800 1169 4579 1176 4601
1377781500 217 1467 2035 5413
1377781200 2057 5910 5372 80072
1377780900 5372 80172 5456 110205
1377780600 5427 109486 5456 110205
1377780300 1192 2444 1478 4460
1377780000 1471 4442 1478 4460
1377779700 569 1839 1605 3552
1377779400 1601 3545 1605 3552
1377779100 633 1702 3376 4441
1377778800 3381 4473 5101 14182
1377778500 5127 14263 13075 38558
1377778200 12989 38308 13075 38558
1377777900 220 1088 674 3416
1377777600 670 3401 674 3416
1377777300 162 1238 330 1239
1377777000 329 1162 330 1193
1377776700 252 1193 307 1327
1377776400 307 1325 327 1327
1377776100 326 1128 327 1139
1377775800 276 1139 278 1179
1377775500 124 1179 308 1312
1377775200 308 1310 383 1312
1377774900 382 1028 383 1192
1377774600 129 1192 192 1229
1377774300 192 1228 290 1229
1377774000 288 1096 290 1143
1377773700 114 1143 205 1149
1377773400 205 1150 300 1683
1377773100 300 1680 303 1683
1377772800 303 1238 364 1259
1377772500 365 1272 604 3267
1377772200 602 3259 604 3267
1377771900 100 946 215 1192
1377771600 214 1190 215 1192
1377771300 180 941 181 1126
1377771000 122 1129 411 1715
1377770700 410 1712 411 1715
1377770400 287 1370 288 1371
1377770100 184 1223 320 1224
1377769800 319 1197 320 1199
1377769500 235 993 236 1165
1377769200 137 1164 239 1165
1377768900 238 1144 239 1146
1377768600 231 974 232 1120
1377768300 93 1119 144 1120
1377768000 145 1055 379 1581
1377767700 377 1580 379 1581
1377767400 138 1569 139 4161
1377767100 110 4145 371 4161
1377766800 370 1823 371 1827
1377766500 338 1335 340 1406
1377766200 141 1402 151 1406
1377765900 151 891 242 1999
1377765600 241 1996 242 1999
1377765300 213 1195 386 1692
1377765000 384 1688 386 1692
1377764700 100 1155 403 6421
1377764400 402 6385 403 6421
1377764100 319 1165 321 1166
1377763800 115 1051 255 1277
1377763500 254 1275 255 1277
1377763200 194 1098 264 1119
1377762900 263 1119 264 1211
1377762600 223 1211 224 1287
1377762300 222 1286 223 1287
1377762000 107 1015 227 1213
1377761700 227 1213 272 1232
1377761400 271 1232 272 1253
1377761100 138 1252 210 1253
1377760800 210 1144 434 1397
1377760500 431 1394 434 1397
1377760200 130 1035 151 1174
1377759900 151 1173 234 1174
1377759600 234 1050 245 1244
1377759300 244 1243 245 1244
1377759000 146 1129 147 1130
1377758700 119 1086 120 1087
1377758400 103 1006 244 1267
1377758100 244 1265 306 1267
1377757800 304 1047 306 1048
1377757500 93 975 270 1278
1377757200 269 1277 270 1278
1377756900 239 1087 240 1088
1377756600 118 1057 442 1352
1377756300 440 1350 442 1352
1377756000 152 1097 171 1098
1377755700 170 954 171 1140
1377755400 153 1139 548 1140
1377755100 545 1130 548 1132
1377754800 124 927 609 1711
1377754500 608 1712 609 2052
1377754200 419 2068 2053 6956
1377753900 2046 6936 2053 6956
1377753600 154 1177 465 1521
1377753300 462 1517 465 1521
1377753000 122 990 276 1322
1377752700 275 1321 276 1322
1377752400 167 1097 180 1098
1377752100 179 1086 180 1087
1377751800 165 998 179 1149
1377751500 178 1148 179 1149
1377751200 119 1006 371 1222
1377750900 369 1221 371 1222
1377750600 169 1180 170 1182
1377750300 139 939 140 996
1377750000 108 997 351 1288
1377749700 349 1286 351 1288
1377749400 105 1051 250 1145
1377749100 249 1146 250 1350
1377748800 226 1348 227 1350
1377748500 206 1198 258 1199
1377748200 257 1100 258 1181
1377747900 237 1181 287 1284
1377747600 286 1283 287 1284
1377747300 201 1047 202 1114
1377747000 172 1135 408 4335
1377746700 406 4336 408 4554
1377746400 229 4543 415 4554
1377746100 413 1303 415 1304
1377745800 102 1065 162 1116
1377745500 162 1116 270 1186
1377745200 270 1187 422 1512
1377744900 419 1507 422 1512
1377744600 114 892 453 1369
1377744300 452 1369 453 1393
1377744000 306 1391 353 1393
1377743700 351 1234 353 1235
1377743400 171 1088 232 1311
1377743100 232 1315 386 2782
1377742800 385 2777 386 2782
1377742500 376 1289 506 1753
1377742200 503 1748 506 1753
1377741900 204 1127 205 1128
1377741600 183 1071 374 1444
1377741300 372 1441 374 1444
1377741000 193 1071 194 1072
1377740700 159 1008 160 1184
1377740400 151 1184 315 1319
1377740100 313 1316 315 1319
1377739800 162 1001 163 1002
1377739500 92 959 333 1284
1377739200 332 1283 333 1284
1377738900 256 1138 429 1551
1377738600 427 1548 429 1551
1377738300 213 1198 214 1199
1377738000 185 1055 287 1373
1377737700 287 1372 318 1373
1377737400 317 1265 318 1267
1377737100 159 924 160 1167
1377736800 110 1166 184 1167
1377736500 184 1157 342 1208
1377736200 341 1208 342 1260
1377735900 111 1259 347 1260
1377735600 348 1251 588 1252
1377735300 584 1166 588 1167
1377735000 93 1130 123 1131
1377734700 124 1106 400 1351
1377734400 399 1350 400 1351
1377734100 227 1343 228 1344
1377733800 122 1108 238 1109
1377733500 237 976 238 1303
1377733200 148 1303 202 1332
1377732900 201 1329 202 1332
1377732600 150 980 151 1256
1377732300 115 1256 189 1385
1377732000 212 1403 3688 4182
1377731700 3676 4172 3688 4182
1377731400 95 1199 106 1363
1377731100 105 1359 106 1363
1377730800 15 908 48 1197
1377730500 47 1197 48 1206
1377730200 30 1205 31 1206
1377729900 14 1001 16 1138
1377729600 16 1139 66 1310
1377729300 65 1308 66 1310
1377729000 15 1068 211 1128
1377728700 210 1127 211 1128
1377728400 28 1104 33 1212
1377728100 32 1211 33 1212
1377727800 13 922 30 1120
1377727500 29 1122 30 1534
1377727200 13 1534 49 1719
1377726900 48 1718 49 1719
1377726600 47 1652 48 1680
1377726300 15 1680 17 1693
1377726000 17 1693 139 1722
1377725700 138 1721 139 1722
1377725400 15 1671 15 1672
1377725100 15 1653 28 1669
1377724800 28 1669 47 1822
1377724500 47 1822 169 1947
1377724200 174 1956 970 3344
1377723900 964 3334 970 3344
1377723600 167 1936 322 2046
1377723300 323 2054 589 3290
1377723000 587 3285 589 3290
1377722700 217 2083 585 3377
1377722400 583 3370 585 3377
1377722100 381 2363 1156 2821
1377721800 1154 2820 1156 2821
1377721500 904 2720 906 2816
1377721200 735 2823 737 3965
1377720900 555 3956 557 3965
1377720600 362 2724 420 2727
1377720300 419 2386 420 2971
1377720000 357 2978 1161 5240
1377719700 1160 5233 1161 5240
1377719400 1168 3419 2579 9909
1377719100 2605 9890 6573 9909
1377718800 6540 7149 6573 7165
1377718500 1648 4806 1650 4807
1377718200 1397 4725 1401 4733
1377717900 345 2374 449 2545
1377717600 449 2544 643 2545
1377717300 652 2455 2043 7449
1377717000 2038 7433 2043 7449
1377716700 584 2877 954 2879
1377716400 952 2688 954 3053
1377716100 734 3070 1384 5622
1377715800 1378 5604 1384 5622
1377715500 596 3053 597 3059
1377715200 472 2273 474 2276
1377714900 189 1931 232 1967
1377714600 232 1967 347 2032
1377714300 346 2032 347 2135
1377714000 244 2134 245 2135
1377713700 216 2071 282 2082
1377713400 281 2080 282 2082
1377713100 171 1714 321 2096
1377712800 323 2098 1034 2872
1377712500 1032 2871 1034 2872
1377712200 561 2631 563 2635
1377711900 288 2163 515 2604
1377711600 518 2604 1003 2657
1377711300 1025 2701 4368 9387
1377711000 4340 9337 4368 9387
1377710700 235 1886 236 1887
1377710400 159 1745 160 1799
1377710100 17 1801 46 2235
1377709800 45 2230 46 2235
1377709500 43 1622 44 1964
1377709200 14 1963 18 1964
1377708900 18 1846 64 1847
1377708600 63 1841 64 1843
1377708300 15 1683 18 1684
1377708000 18 1675 36 1973
1377707700 36 1970 44 1973
1377707400 43 1660 44 1661
1377707100 16 1526 76 1990
1377706800 76 1988 106 1990
1377706500 106 1766 125 2007
1377706200 124 2004 125 2007
1377705900 58 1645 60 1646
1377705600 59 1531 60 2031
1377705300 67 2044 3692 4054
1377705000 3669 4039 3692 4054
1377704700 258 1933 259 1984
1377704400 226 1982 227 1984
1377704100 81 1794 92 1840
1377703800 91 1840 92 1891
1377703500 44 1890 61 1891
1377703200 68 1799 2172 11499
1377702900 2164 11449 2172 11499
1377702600 977 4137 1030 4144
1377702300 1023 3181 1030 3192
1377702000 50 1685 1043 6522
1377701700 1036 6491 1043 6522
1377701400 60 1881 61 1883
1377701100 13 1631 14 2102
1377700800 14 2099 29 2102
1377700500 29 1770 149 1965
1377700200 148 1966 149 2142
1377699900 18 2141 26 2142
1377699600 25 2075 26 2076
1377699300 16 1840 46 2102
1377699000 45 2101 46 2102
1377698700 29 1999 30 2000
1377698400 12 1815 31 1876
1377698100 31 1876 253 2014
1377697800 251 2010 253 2014
1377697500 13 1493 15 1677
1377697200 15 1677 22 1773
1377696900 22 1773 35 1828
1377696600 34 1827 35 1828
1377696300 10 1727 63 1981
1377696000 62 1978 63 1981
1377695700 15 1640 46 1643
1377695400 45 1299 46 1301
1377695100 42 1132 4084 4631
1377694800 4060 4611 4084 4631
1377694500 607 1791 2601 14614
1377694200 2588 14529 2601 14614
1377693900 714 1919 2119 5423
1377693600 2137 5470 4886 12535
1377693300 4859 12470 4886 12535
1377693000 836 2882 841 2893
1377692700 115 1284 731 2891
1377692400 726 2878 731 2891
1377692100 86 1060 3076 22552
1377691800 3055 22409 3076 22552
1377691500 68 1138 74 1139
1377691200 74 1032 233 1120
1377690900 232 1120 233 1236
1377690600 146 1234 147 1236
1377690300 62 987 63 1021
1377690000 52 1022 157 1203
1377689700 157 1202 159 1203
1377689400 158 1165 159 1167
1377689100 62 977 63 1136
1377688800 56 1135 57 1136
1377688500 44 1022 135 1040
1377688200 134 1040 135 1153
1377687900 78 1152 123 1153
1377687600 122 1128 123 1130
1377687300 50 837 158 1286
1377687000 157 1285 158 1286
1377686700 60 1106 61 1108
1377686400 35 851 58 1113
1377686100 58 1114 170 1326
1377685800 169 1323 170 1326
1377685500 60 917 61 1042
1377685200 49 1041 53 1042
1377684900 53 1019 137 1149
1377684600 137 1147 262 1149
1377684300 260 994 262 1063
1377684000 49 1064 105 1325
1377683700 105 1324 135 1325
1377683400 135 1028 182 1090
1377683100 181 1089 182 1090
1377682800 48 1027 56 1028
1377682500 56 922 161 1178
1377682200 160 1177 161 1178
1377681900 63 1027 64 1028
1377681600 54 980 55 1033
1377681300 45 1034 246 1230
1377681000 245 1230 246 1292
1377680700 150 1291 151 1292
1377680400 147 1167 148 1169
1377680100 54 1017 156 1069
1377679800 155 1068 156 1069
1377679500 58 1030 59 1039
1377679200 50 1038 78 1039
1377678900 79 924 338 1370
1377678600 337 1368 338 1370
1377678300 64 1026 71 1027
1377678000 70 1000 71 1009
1377677700 43 1010 147 1243
1377677400 146 1240 147 1243
1377677100 79 896 83 1082
1377676800 83 1082 119 1094
1377676500 119 1093 152 1094
1377676200 151 1053 152 1069
1377675900 61 1069 160 1135
1377675600 159 1133 160 1135
1377675300 68 904 153 1258
1377675000 152 1255 153 1258
1377674700 58 944 73 973
1377674400 72 972 73 973
1377674100 37 968 147 1269
1377673800 146 1268 147 1269
1377673500 90 1090 91 1092
1377673200 47 871 51 1151
1377672900 51 1151 142 1172
1377672600 141 1171 142 1172
1377672300 64 896 65 1080
1377672000 47 1080 191 1120
1377671700 190 1119 191 1120
1377671400 132 1011 133 1113
1377671100 79 1113 134 1113
1377670800 133 1111 134 1113
1377670500 30 866 151 1245
1377670200 151 1243 159 1245
1377669900 158 1078 159 1080
1377669600 40 914 42 1062
1377669300 42 1062 163 1209
1377669000 164 1207 340 1209
1377668700 338 1040 340 1067
1377668400 32 1067 65 1071
1377668100 65 1070 152 1071
1377667800 151 1065 152 1066
1377667500 72 1059 73 1060
1377667200 62 1059 63 1060
1377666900 47 943 135 1183
1377666600 135 1183 270 1264
1377666300 268 1261 270 1264
1377666000 54 918 55 955
1377665700 54 957 150 1256
1377665400 149 1254 150 1256
1377665100 61 924 83 1024
1377664800 82 1024 83 1107
1377664500 52 1106 201 1107
1377664200 200 1085 201 1086
1377663900 96 975 123 1127
1377663600 122 1125 123 1127
1377663300 67 915 137 1216
1377663000 136 1215 137 1216
1377662700 81 1073 82 1074
1377662400 50 1001 51 1002
1377662100 49 939 158 1192
1377661800 157 1190 158 1192
1377661500 60 957 61 960
1377661200 44 960 52 1058
1377660900 52 1058 151 1073
1377660600 150 1072 151 1073
1377660300 84 1067 223 1219
1377660000 221 1217 223 1219
1377659700 51 950 151 1111
1377659400 150 1110 151 1111
1377659100 71 1085 96 1086
1377658800 96 1000 97 1001
1377658500 96 968 97 1132
1377658200 86 1131 107 1132
1377657900 107 1044 121 1045
1377657600 120 1029 121 1060
1377657300 56 1059 57 1060
1377657000 41 998 138 1089
1377656700 137 1089 138 1095
1377656400 54 1094 55 1095
1377656100 54 953 55 970
1377655800 44 971 132 1178
1377655500 131 1177 132 1178
1377655200 49 1084 58 1086
1377654900 57 877 58 1087
1377654600 56 1087 125 1144
1377654300 124 1142 125 1144
1377654000 51 872 56 1063
1377653700 56 1063 165 1195
1377653400 164 1193 165 1195
1377653100 144 914 145 985
1377652800 48 986 488 1197
1377652500 487 1196 488 1197
1377652200 243 1117 245 1164
1377651900 56 1162 57 1164
1377651600 14 1012 15 1013
1377651300 13 1003 28 1004
1377651000 28 979 125 1077
1377650700 124 1076 125 1077
1377650400 15 1032 28 1033
1377650100 27 934 28 1002
1377649800 14 1002 47 1039
1377649500 46 1038 47 1039
1377649200 25 974 26 1015
1377648900 15 1015 16 1025
1377648600 16 1025 60 1045
1377648300 59 1044 60 1045
1377648000 13 1010 14 1032
1377647700 14 1031 28 1032
1377647400 28 1007 47 1109
1377647100 47 1109 151 1198
1377646800 150 1197 151 1198
1377646500 27 1032 28 1078
1377646200 15 1078 47 1136
1377645900 46 1134 47 1136
1377645600 28 868 29 1052
1377645300 14 1052 17 1210
1377645000 17 1209 166 1210
1377644700 165 1087 166 1088
1377644400 14 1005 15 1125
1377644100 13 1124 43 1125
1377643800 43 1033 45 1175
1377643500 44 1175 45 1255
1377643200 17 1254 43 1255
1377642900 42 1106 43 1183
1377642600 15 1183 58 1245
1377642300 57 1243 58 1245
1377642000 41 958 42 1266
1377641700 16 1264 17 1266
1377641400 14 1079 69 1095
1377641100 68 1096 69 1530
1377640800 15 1531 15 1682
1377640500 15 1682 34 1759
1377640200 34 1759 188 1922
1377639900 186 1921 188 1922
1377639600 34 1852 43 1854
1377639300 42 1658 43 1659
1377639000 14 1547 49 1819
1377638700 48 1818 49 1819
1377638400 28 1720 29 1722
1377638100 16 1514 95 1897
1377637800 94 1896 95 1897
1377637500 60 1750 61 1751
1377637200 15 1624 16 1815
1377636900 15 1815 30 1828
1377636600 30 1826 46 1828
1377636300 45 1600 46 1898
1377636000 16 1897 28 1898
1377635700 27 1866 28 1867
1377635400 14 1571 67 1915
1377635100 66 1912 67 1915
1377634800 27 1524 28 1597
1377634500 15 1599 16 1897
1377634200 13 1902 62 2796
1377633900 62 2793 203 2796
1377633600 201 2384 203 2388
1377633300 16 1942 42 26317
1377633000 42 26322 47 27898
1377632700 47 27725 115 27898
1377632400 114 1979 115 1980
1377632100 28 1846 36 1847
1377631800 36 1723 50 1916
1377631500 49 1915 50 1916
1377631200 28 1853 32 1854
1377630900 31 1647 32 2007
1377630600 14 2005 60 2007
1377630300 59 1673 60 1675
1377630000 17 1417 18 1768
1377629700 14 1768 29 1771
1377629400 29 1770 45 1771
1377629100 44 1674 45 1693
1377628800 15 1694 29 1863
1377628500 28 1861 29 1863
1377628200 14 1637 49 1752
1377627900 48 1752 49 1880
1377627600 25 1879 26 1880
1377627300 13 1644 14 1646
1377627000 14 1392 199 2102
1377626700 197 2099 199 2102
1377626400 17 1678 18 1679
1377626100 17 1602 107 1781
1377625800 48 1759 107 1896
1377624600 29 1781 63 2102
1377622800 21 1779 200 1992
1377621000 78 1786 200 1992
1377619200 34 1806 48 1946
1377617400 34 1735 60 1911
1377615600 958 2928 2111 4733
1377613800 1140 3497 2294 5056
1377612000 2885 31120 7839 86051
1377610200 2958 12660 7839 36427
1377608400 331 1552 508 2408
1377606600 459 1606 968 2124
1377604800 317 1352 380 1624
1377603000 254 1233 380 1387
1377601200 277 1243 611 1591
1377599400 283 1378 469 2391
1377597600 486 4080 975 17565
1377595800 193 1176 250 1483
1377594000 223 1161 313 1286
1377592200 278 1252 449 1490
1377590400 277 1310 404 1895
1377588600 212 1149 288 1274
1377586800 203 1142 327 1284
1377585000 222 1309 289 1991
1377583200 183 1140 326 1301
1377581400 219 1185 326 1319
1377579600 243 1280 368 1772
1377577800 193 1158 349 1595
1377576000 281 1316 371 1707
1377574200 185 1146 352 1346
1377572400 231 1160 338 1346
1377570600 447 3448 748 8016
1377568800 394 1428 798 1887
1377567000 307 1317 611 1854
1377565200 588 2811 979 5917
1377563400 620 4351 1012 6542
1377561600 1977 7089 3430 13028
1377559800 1331 6460 2350 13577
1377558000 8116 5893 31918 15281
1377556200 3655 5840 15049 17215
1377554400 786 11485 1241 12073
1377552600 813 11812 2464 30073
1377550800 4494 140421 12677 476561
1377549000 4306 118867 11816 367833
1377547200 33 1690 51 1846
1377545400 27 1740 228 1959
1377543600 69 1703 228 1959
1377541800 24 1690 46 1817
1377540000 29 1690 61 1850
1377538200 46 1834 151 2048
1377536400 41 1708 95 1788
1377534600 25 1694 47 1840
1377532800 29 1641 224 1903
1377531000 62 1494 224 1957
1377529200 41 1745 96 1902
1377527400 26 1719 59 1951
1377525600 32 1831 229 2292
1377523800 83 1278 229 2015
1377522000 1660 7822 3326 17303
1377520200 3723 7920 6511 21094
1377518400 1146 4378 6511 21094
1377516600 25 935 54 1245
1377514800 38 959 77 1245
1377513000 45 882 150 1027
1377511200 41 923 138 1004
1377509400 23 911 49 1019
1377507600 27 908 60 1022
1377505800 55 942 165 1068
1377504000 28 915 62 1004
1377502200 23 922 48 1013
1377500400 28 917 62 1048
1377498600 68 940 206 1140
1377496800 28 905 62 1026
1377495000 22 909 47 1011
1377493200 56 933 175 1044
1377491400 40 911 118 1010
1377489600 24 905 62 1042
1377487800 52 936 178 997
1377486000 40 917 131 1026
1377484200 28 927 46 1034
1377482400 25 907 76 1093
1377480600 50 912 150 1008
1377478800 36 908 96 953
1377477000 25 914 45 1055
1377475200 45 921 193 995
1377473400 40 890 120 1099
1377471600 23 908 61 1049
1377469800 27 842 47 1049
1377468000 56 951 206 1117
1377466200 42 950 95 1071
1377464400 24 908 61 974
1377462600 55 956 192 1089
1377460800 25 915 150 999
1377459000 44 932 150 1049
1377457200 23 905 61 1054
1377455400 53 943 177 1049
1377453600 39 921 159 1120
1377451800 32 921 50 1029
1377450000 92 932 311 1058
1377448200 40 908 126 1060
1377446400 23 907 61 1027
1377444600 28 922 49 1072
1377442800 43 919 148 1099
1377441000 42 932 124 1086
1377439200 23 907 43 1006
1377437400 28 904 59 1015
1377435600 67 965 212 1091
1377433800 36 958 108 1139
1377432000 23 914 45 1022
1377430200 69 965 160 1136
1377428400 23 924 47 1014
1377426600 28 908 59 1025
1377424800 25 916 226 1013
1377423000 65 964 226 1086
1377421200 24 920 48 1027
1377419400 30 942 61 1071
1377417600 57 949 224 1035
1377415800 29 925 60 1138
1377414000 23 916 48 1032
1377412200 63 960 254 1024
1377410400 23 924 47 1040
1377408600 29 935 62 1092
1377406800 55 940 150 1068
1377405000 29 910 76 975
1377403200 22 911 47 1013
1377401400 60 965 209 1148
1377399600 44 957 119 1066
1377397800 33 934 91 1109
1377396000 23 912 47 1016
1377394200 80 954 224 1097
1377392400 30 932 46 1039
1377390600 29 938 68 1139
1377388800 54 954 163 1073
1377387000 29 939 60 1075
1377385200 24 914 45 993
1377383400 47 873 178 1021
1377381600 35 925 97 1040
1377379800 28 923 293 1068
1377378000 69 921 293 1074
1377376200 68 976 180 1190
1377374400 26 928 46 1023
1377372600 23 940 60 1030
1377370800 47 910 149 1077
1377369000 40 937 120 1083
1377367200 28 929 46 1053
1377365400 45 938 165 1140
1377363600 33 913 61 1044
1377361800 40 902 98 1043
1377360000 29 921 212 1066
1377358200 58 937 212 1041
1377356400 28 913 50 1049
1377354600 33 915 126 1083
1377352800 55 935 192 1086
1377351000 23 895 60 1013
1377349200 39 932 93 1066
1377347400 45 926 148 1072
1377345600 29 913 57 1006
1377343800 23 908 60 1016
1377342000 41 927 109 989
1377340200 45 889 148 997
1377338400 28 928 48 1055
1377336600 38 924 121 1005
1377334800 27 932 48 1075
1377333000 46 949 196 1035
1377331200 30 916 46 1018
1377329400 38 918 148 1113
1377327600 62 946 212 1070
1377325800 26 920 79 1069
1377324000 27 919 47 1070
1377322200 64 952 194 1192
1377320400 27 926 47 1010
1377318600 23 898 62 1063
1377316800 44 945 147 1063
1377315000 45 942 148 1065
1377313200 30 929 46 1065
1377311400 36 933 96 1073
1377309600 27 931 47 1073
1377307800 45 950 195 1057
1377306000 27 947 58 1054
1377304200 86 964 293 1063
1377302400 47 977 178 1068
1377300600 23 975 46 1076
1377298800 30 998 105 1097
1377297000 39 1037 105 1366
1377295200 76 1742 243 1915
1377293400 33 1704 60 1924
1377291600 41 1797 126 1983
1377289800 31 1805 180 1972
1377288000 62 1867 180 2057
1377286200 50 1962 146 2393
1377284400 36 1900 65 1975
1377282600 50 1876 166 2232
1377280800 52 1927 151 2314
1377279000 40 1919 135 2042
1377277200 52 1866 153 2030
1377275400 38 1897 107 2106
1377273600 36 1989 61 2141
1377271800 25 1984 71 2141
1377270000 74 1985 164 2107
1377268200 46 1977 152 2066
1377266400 44 1949 96 2432
1377264600 62 1575 202 1874
1377262800 30 1303 162 1521
1377261000 47 1142 162 1485
1377259200 28 1043 60 1154
1377257400 65 1083 241 1281
1377255600 45 1062 118 1136
1377253800 22 1005 46 1095
1377252000 29 1044 150 1163
1377250200 59 1161 150 1569
1377248400 23 7509 57 38969
1377246600 27 1057 45 1157
1377244800 46 1059 151 1162
1377243000 38 1040 97 1187
1377241200 23 1036 59 1134
1377239400 28 1056 47 1189
1377237600 48 1067 169 1128
1377235800 96 1219 326 1901
1377234000 24 1041 64 1176
1377232200 31 1055 51 1176
1377230400 57 1065 266 1303
1377228600 28 1055 51 1119
1377226800 23 1049 60 1133
1377225000 63 1081 259 1286
1377223200 46 1074 118 1139
1377221400 29 1070 47 1176
1377219600 23 1071 60 1112
1377217800 61 1116 210 1194
1377216000 23 1111 61 1188
1377214200 29 1179 51 1247
1377212400 42 1264 106 1419
1377210600 54 1261 151 1401
1377208800 29 1634 63 2030
1377207000 37 1530 93 1759
1377205200 72 1522 196 1996
1377203400 53 2052 90 2279
1377201600 40 2040 101 2133
1377199800 78 2014 233 2588
1377198000 41 1890 85 2239
1377196200 40 1986 92 2350
1377194400 27 1874 46 2157
1377192600 87 1955 244 2182
1377190800 31 2008 72 2892
1377189000 32 1980 53 2546
1377187200 55 1836 214 2614
1377185400 51 2389 156 3816
1377183600 28 2199 66 3147
1377181800 36 13847 64 72424
1377180000 57 9183 152 45008
1377178200 37 1531 62 1773
1377176400 22 1291 46 1371
1377174600 51 1161 146 1275
1377172800 43 1122 121 1192
1377171000 30 1103 69 1457
1377169200 103 1063 320 1182
1377167400 49 1023 104 1147
1377165600 23 1041 46 1135
1377163800 63 1075 275 1356
1377162000 27 1037 63 1123
1377160200 38 1064 109 1194
1377158400 23 1039 49 1109
1377156600 55 1078 205 1272
1377154800 25 1050 48 1151
1377153000 41 1063 124 1142
1377151200 45 1061 164 1118
1377149400 29 1048 62 1176
1377147600 40 1049 118 1124
1377145800 58 1068 197 1223
1377144000 23 1037 47 1134
1377142200 30 1058 77 1209
1377140400 38 1075 154 1143
1377138600 53 1088 154 1198
1377136800 25 1060 47 1131
1377135000 50 1081 191 1254
1377133200 23 1062 201 1147
1377131400 59 1105 201 1202
1377129600 29 1128 56 1247
1377127800 37 1182 140 1439
1377126000 382 10705 4256 50301
1377124200 1789 3853 4256 6736
1377122400 930 4351 1607 6222
1377120600 871 3395 1876 4955
1377118800 1397 4342 2268 5526
1377117000 1369 4304 14476 8884
1377115200 9494 7813 34684 11501
1377113400 1618 17420 4372 64992
1377111600 3584 7771 4565 12800
1377109800 2688 9089 5294 20589
1377108000 3789 6514 12898 14727
1377106200 7102 12327 10141 20498
1377104400 955 4082 1632 6671
1377102600 4644 8710 8743 12359
1377100800 3357 6537 8440 11720
1377099000 2454 7637 3411 12169
1377097200 1947 4184 2828 5512
1377095400 1612 4209 2045 5415
1377093600 2853 8825 7536 44945
1377091800 2893 14032 4582 44945
1377090000 1937 4994 2553 10202
1377088200 1445 3923 2404 10202
1377086400 4171 8799 11237 29466
1377084600 682 3187 1128 5219
1377082800 301 1325 505 1551
1377081000 390 1369 775 1708
1377079200 325 1328 657 1661
1377077400 265 1237 401 1326
1377075600 271 1605 427 3175
1377073800 224 1225 267 1341
1377072000 325 2060 477 4941
1377070200 280 1260 393 1453
1377068400 226 1236 424 1471
1377066600 235 1219 322 1336
1377064800 250 1244 317 1505
1377063000 244 1255 461 1575
1377061200 253 1361 393 1976
1377059400 261 1218 360 1410
1377057600 282 2563 410 9121
1377055800 328 1318 745 1630
1377054000 291 1635 468 3260
1377052200 301 1374 462 1664
1377050400 278 1364 378 1572
1377048600 293 1324 426 1472
1377046800 285 1354 367 1432
1377045000 467 1658 821 2248
1377043200 1219 2404 4661 5712
1377041400 3084 4652 14853 8958
1377039600 415 2524 609 4403
1377037800 388 1689 401 2169
1377036000 867 4706 1962 8980
1377034200 520 2877 828 18364
1377032400 1321 9268 2793 18694
1377030600 1301 5436 1611 9306
1377028800 7998 182353 39127 1047299
1377027000 1931 8941 3085 31143
1377025200 1266 5070 1657 11402
1377023400 1215 5647 2052 15992
1377021600 1387 7078 2052 15992
1377019800 1189 5876 1990 22146
1377018000 1549 8185 2547 22146
1377016200 1228 4968 1974 9920
1377014400 985 3736 1649 4738
1377012600 1196 4127 1661 8713
1377010800 2415 6467 6256 9824
1377009000 774 3259 1201 4604
1377007200 1353 7455 9638 195240
1377005400 3398 41010 9638 195240
1377003600 6625 15509 10213 43051
1377001800 1268 3033 3619 6204
1377000000 1196 6607 4019 29479
1376998200 269 1329 356 1581
1376996400 320 1392 490 1730
1376994600 371 1340 729 1812
1376992800 294 1260 711 1639
1376991000 240 1205 359 1334
1376989200 239 1195 708 1344
1376987400 372 1345 708 1949
1376985600 244 1272 329 1485
1376983800 341 1425 544 1880
1376982000 232 1194 347 1393
1376980200 439 2232 942 4410
1376978400 248 1210 389 1490
1376976600 273 1215 381 1356
1376974800 184 1133 294 1250
1376973000 267 1215 407 1398
1376971200 234 1187 409 1392
1376969400 242 1301 419 1744
1376967600 282 1340 429 1544
1376965800 325 1332 629 1570
1376964000 345 1461 798 2000
1376962200 348 1366 620 2007
1376960400 363 1465 566 1867
1376958600 243 1270 342 1446
1376956800 461 1629 1724 3545
1376955000 535 2769 817 8004
1376953200 580 2008 3177 12264
1376951400 1544 4321 3177 12264
1376949600 1941 6952 7108 23725
1376947800 528 3907 748 10572
1376946000 383 2427 834 3431
1376944200 453 3473 688 5299
1376942400 316 2202 421 2468
1376940600 1546 4368 5035 11079
1376938800 54 1905 132 2190
1376937000 567 2470 117279 8353
1376935200 21514 11785 117279 30266
1376933400 9749 59081 11729 136364
1376931600 5011 79533 10879 283378
1376929800 26493 6351 152650 10516
1376928000 9557 13871 32078 25364
1376926200 2255 4137 9519 8677
1376924400 377 3063 618 5924
1376922600 416 2592 724 3470
1376920800 582 3770 823 9928
1376919000 631 5126 1331 18520
1376917200 457 1896 882 2206
1376915400 316 1460 414 1732
1376913600 192 1228 256 1419
1376911800 299 1409 705 2321
1376910000 3306 5320 13449 16712
1376908200 772 2246 6223 8440
1376906400 2929 10117 6223 43082
1376904600 63 1098 322 1181
1376902800 12 1057 35 1155
1376901000 22 1072 82 1224
1376899200 40 1069 180 1219
1376897400 26 1057 84 1219
1376895600 17 1071 35 1177
1376893800 13 1067 51 1153
1376892000 61 1115 222 1314
1376890200 12 1054 51 1159
1376888400 17 1057 36 1174
1376886600 67 1076 343 1410
1376884800 20 1053 35 1155
1376883000 16 1048 54 1183
1376881200 65 1058 290 1167
1376879400 61 1080 189 1178
1376877600 23 1060 53 1178
1376875800 12 1028 49 1141
1376874000 50 1095 155 1206
1376872200 12 1059 54 1115
1376870400 17 1058 38 1146
1376868600 13 1064 49 1167
1376866800 60 1067 187 1282
1376865000 11 1043 52 1145
1376863200 17 1041 38 1166
1376861400 14 1060 50 1168
1376859600 60 1102 155 1270
1376857800 12 1055 50 1157
1376856000 22 1061 38 1162
1376854200 34 1087 146 1248
1376852400 33 1073 119 1152
1376850600 17 1058 65 1198
1376848800 17 1052 38 1159
1376847000 50 1091 140 1184
1376845200 17 1066 35 1166
1376843400 13 1028 53 1217
1376841600 17 1041 140 1174
1376839800 49 1073 140 1174
1376838000 15 1043 54 1092
1376836200 12 1054 36 1124
1376834400 53 1088 150 1146
1376832600 13 1040 36 1132
1376830800 17 1070 50 1149
1376829000 51 1089 269 1221
1376827200 31 1082 120 1246
1376825400 12 1063 34 1192
1376823600 21 1058 54 1151
1376821800 66 1095 194 1171
1376820000 21 1061 68 1203
1376818200 17 1060 48 1181
1376816400 53 1082 140 1282
1376814600 12 1058 35 1174
1376812800 17 1061 54 1192
1376811000 12 1036 36 1163
1376809200 51 1075 204 1203
1376807400 58 1057 314 1185
1376805600 17 1075 53 1207
1376803800 12 1060 82 1140
1376802000 50 1094 152 1236
1376800200 12 1045 35 1116
1376798400 18 1068 53 1173
1376796600 58 1108 197 1179
1376794800 18 1062 51 1173
1376793000 26 1095 51 1154
1376791200 47 1086 188 1248
1376789400 28 1051 123 1142
1376787600 28 1076 61 1212
1376785800 12 1062 34 1175
1376784000 41 1083 168 1210
1376782200 25 1080 82 1167
1376780400 18 1068 53 1188
1376778600 42 1050 206 1180
1376776800 34 1079 127 1230
1376775000 17 1072 34 1149
1376773200 18 1055 52 1181
1376771400 40 1049 147 1181
1376769600 27 1059 139 1195
1376767800 14 1080 39 1195
1376766000 46 1084 197 1263
1376764200 38 1109 146 1207
1376762400 13 1052 52 1133
1376760600 21 1065 38 1168
1376758800 60 1104 219 1231
1376757000 22 1065 36 1192
1376755200 15 1065 51 1176
1376753400 17 1073 140 1181
1376751600 49 1092 140 1177
1376749800 18 1069 35 1181
1376748000 12 1044 48 1178
1376746200 41 1050 155 1159
1376744400 28 1063 103 1182
1376742600 18 1064 38 1169
1376740800 46 1064 255 1276
1376739000 18 1066 108 1201
1376737200 33 1058 108 1201
1376735400 54 1069 246 1309
1376733600 12 1050 295 1130
1376731800 77 1076 295 1141
1376730000 14 1060 51 1107
1376728200 46 1091 201 1330
1376726400 16 1068 144 1168
1376724600 38 1083 144 1174
1376722800 12 1054 190 1165
1376721000 43 1085 190 1185
1376719200 25 1092 99 1283
1376717400 18 1064 36 1192
1376715600 35 1108 152 1273
1376713800 18 1086 48 1264
1376712000 28 1093 118 1252
1376710200 17 1091 50 1225
1376708400 34 1101 169 1236
1376706600 18 1092 51 1189
1376704800 25 1099 112 1274
1376703000 19 1083 164 1221
1376701200 38 1113 164 1221
1376699400 18 1103 50 1200
1376697600 49 1151 1163 1816
1376695800 253 1294 1163 1816
1376694000 16 1147 37 1217
1376692200 24 1171 114 1459
1376690400 64 1766 168 1895
1376688600 32 1762 64 1909
1376686800 34 1882 55 1961
1376685000 45 1918 110 2147
1376683200 59 2201 243 3269
1376681400 41 2017 99 48177
1376679600 24 9683 92 48177
1376677800 76 2860 196 6513
1376676000 23 9465 47 47006
1376674200 788 3361 1764 4466
1376672400 859 4600 1605 11412
1376670600 954 5552 1545 8473
1376668800 1021 6328 1974 12414
1376667000 1087 5058 33907 28445
1376665200 7289 13131 33907 33095
1376663400 1097 8149 1725 18110
1376661600 2652 14845 7054 38016
1376659800 3158 9981 8124 30435
1376658000 347 2408 622 4100
1376656200 280 1696 490 2604
1376654400 139 1204 249 1320
1376652600 212 1341 428 1712
1376650800 336 1441 937 2064
1376649000 122 1173 216 1264
1376647200 146 1287 374 4796
1376645400 199 1847 374 4796
1376643600 148 1216 254 1295
1376641800 133 1320 277 3268
1376640000 199 1634 373 3268
1376638200 172 1403 229 2154
1376636400 180 1911 295 3706
1376634600 149 1532 249 2269
1376632800 169 1248 273 1359
1376631000 206 1278 391 1598
1376629200 127 1184 177 1262
1376627400 159 1485 270 2740
1376625600 142 1232 261 1422
1376623800 182 1275 359 1533
1376622000 141 1233 185 1468
1376620200 234 1328 461 1536
1376618400 240 1441 451 2153
1376616600 139 1196 206 1295
1376614800 189 1276 253 1461
1376613000 196 1309 774 1867
1376611200 65 1180 232 1297
1376609400 456 3397 3192 18508
1376607600 1791 17485 46350 63737
1376605800 9343 28269 46350 63737
1376604000 2776 19888 14892 38661
1376602200 4862 32031 14892 62672
1376600400 2825 31677 10855 156407
1376598600 4058 31009 10855 156407
1376596800 2203 8595 5982 16654
1376595000 57688 12237 292710 47223
1376593200 49327 14464 292710 47223
1376591400 56 1995 133 2370
1376589600 26 1931 59 2082
1376587800 50 1936 199 2095
1376586000 250 2722 634 4772
1376584200 2187 8984 8500 19306
1376582400 1227 8980 2418 16965
1376580600 1766 26831 11376 72405
1376578800 2631 12152 11376 52478
1376577000 1376 5992 5249 19805
1376575200 9798 11306 31390 34139
1376573400 75805 8801 331244 16447
1376571600 317 1706 619 2753
1376569800 1154 19415 3254 104938
1376568000 730 1852 1228 2431
1376566200 605 2129 798 3975
1376564400 744 1944 925 2396
1376562600 669 1790 1263 30887
1376560800 750 6553 1263 30887
1376559000 649 1983 824 3009
1376557200 614 1740 778 2071
1376555400 645 1732 841 2145
1376553600 645 1807 798 1973
1376551800 744 1795 1132 1891
1376550000 652 1791 927 2305
1376548200 607 1749 810 1998
1376546400 657 1729 969 2019
1376544600 649 2047 857 6248
1376539200 659 1786 1182 2325
1376532000 668 1893 941 2974
1376524800 1111 13877 5017 161425
1376517600 27506 29554 386085 233159
1376510400 49 1915 157 2925
1376503200 349 2538 2568 8277
1376496000 1796 48599 19671 975311
1376488800 4445 12887 30501 83939
1376481600 254 4413 5245 83939
1376474400 42 979 229 1104
1376467200 42 1073 176 1221
1376460000 42 1079 244 1266
1376452800 47 1083 340 1252
1376445600 41 1115 181 1372
1376438400 48 1284 184 2436
1376431200 572 4147 5309 26128
1376424000 626 6430 6437 77673
1376416800 603 7107 4225 42673
1376409600 2903 12478 29181 74442
1376402400 1029 7747 5101 62273
1376395200 420 4367 5101 62273
1376388000 23 1117 170 1336
1376380800 26 1117 187 1317
1376373600 41 1130 284 1269
1376366400 29 1125 193 1319
1376359200 564 2330 8270 15916
1376352000 42 1300 148 2012
1376344800 45 5284 142 51781
1376337600 42 2101 141 2987
1376330400 33 2174 266 3333
1376323200 669 3408 6566 16221
1376316000 2720 10401 7577 50340
1376308800 25 1034 157 1314
1376301600 38 1007 298 1120
1376294400 29 1002 165 1220
1376287200 25 998 169 1194
1376280000 23 1002 151 1180
1376272800 32 1000 231 1296
1376265600 27 1009 188 1227
1376258400 27 1002 142 1150
1376251200 25 995 140 1144
1376244000 28 1002 191 1171
1376236800 25 1005 215 1187
1376229600 36 1010 290 1155
1376222400 36 994 308 1217
1376215200 24 1006 234 1222
1376208000 23 1001 127 1141
1376200800 26 1008 215 1223
1376193600 30 1020 170 1182
1376186400 33 1010 217 1232
1376179200 23 998 142 1159
1376172000 29 1037 196 1298
1376164800 32 1165 274 1417
1376157600 42 1153 291 1325
1376150400 35 1173 191 1384
1376143200 28 1132 200 1365
1376136000 28 988 200 1201
1376128800 32 1014 188 1201
1376121600 23 990 174 1130
1376114400 27 993 189 1281
1376107200 28 994 138 1153
1376100000 28 1000 234 1122
1376092800 22071 737607 83945 2143450
1376085600 14449 530842 59984 2220168
1376078400 41 1674 145 1857
1376071200 323 4586 6401 57200
1376064000 239909 13368 3265156 125164
1376056800 2761 6636 23275 25559
1376049600 26 1165 153 1857
1376042400 25 1047 174 1169
1376035200 35 1054 210 1222
1376028000 23 3590 139 59693
1376020800 36 1052 280 1240
1376013600 34 1185 146 1353
1376006400 47 1368 148 1805
1375999200 33 2076 254 2785
1375992000 81 2166 747 2827
1375984800 52 2332 186 4028
1375977600 838 3847 5639 18018
1375970400 1594 6651 8212 26271
1375963200 1507 5276 8212 26271
1375956000 260 1326 1071 2210
1375948800 242 1352 409 2476
1375941600 315 1987 1123 8083
1375934400 332 1672 718 6564
1375927200 8381 5993 121492 24503
1375920000 2423 4581 19898 29997
1375912800 1027 6311 1886 26283
1375905600 1332 6004 6570 38848
1375898400 1043 8013 3002 68714
1375891200 1931 4660 11978 10702
1375884000 754 2364 8450 10702
1375876800 266 1388 559 2046
1375869600 260 1378 689 2996
1375862400 282 1513 623 4003
1375855200 282 1315 645 1528
1375848000 338 1612 738 3708
1375840800 495 1795 1410 5389
1375833600 2391 3883 13638 11028
1375826400 1714 22103 8473 193190
1375819200 5807 179804 9979 225287
1375812000 1301 6852 3693 32585
1375804800 1822 5658 10279 28318
1375797600 2512 9448 13505 60179
1375790400 388 1659 2031 5500
1375783200 228 1309 408 1901
1375776000 240 1315 460 1980
1375768800 261 1293 728 1475
1375761600 328 1524 618 3366
1375754400 295 1732 5819 8999
1375747200 3231 16966 9365 42661
1375740000 4478 22804 10865 44957
1375732800 5095 63035 17347 211122
1375725600 1648 7835 10293 67035
1375718400 2069 9352 11591 88756
1375711200 2481 9479 12353 78717
1375704000 1440 7004 7309 53957
1375696800 23 1306 139 1450
1375689600 21 1311 168 1522
1375682400 24 1314 177 1564
1375675200 31 1315 185 1420
1375668000 29 1308 206 1436
1375660800 33 1299 292 1416
1375653600 25 1314 181 1424
1375646400 24 1315 172 1415
1375639200 27 1309 231 1494
1375632000 31 1318 231 1494
1375624800 22 1312 171 1511
1375617600 25 1299 125 1501
1375610400 23 1308 196 1485
1375603200 23 1306 271 1427
1375596000 21 1313 153 1471
1375588800 37 1318 335 1488
1375581600 34 1310 258 1455
1375574400 21 1286 152 1457
1375567200 22 1313 139 1437
1375560000 25 1331 139 1519
1375552800 27 1321 192 1532
1375545600 29 1317 215 1544
1375538400 23 1326 198 1414
1375531200 28 1321 217 1448
1375524000 44 1330 515 1502
1375516800 27 1322 223 1529
1375509600 23 1320 180 1538
1375502400 22 1320 168 1423
1375495200 25 1339 166 1502
1375488000 1187 6608 10959 28327
1375480800 2792 26242 6131 97328
1375473600 2867 40913 7892 165733
1375466400 2196 4592 13635 9781
1375459200 1379 7332 4015 61994
1375452000 1716 4451 8206 10109
1375444800 274 1573 888 2684
1375437600 258 1935 983 11326
1375430400 249 1549 664 2986
1375423200 226 1479 387 2016
1375416000 228 1466 442 2453
1375408800 289 1643 1021 2775
1375401600 4695 9735 85184 96378
1375394400 28772 52875 276465 299897
1375387200 3374 9737 22999 63903
1375380000 1661 4782 8390 15591
1375372800 3648 18377 31709 234968
1375365600 2910 7293 10555 24514
1375358400 249 1534 652 3195
1375351200 230 1571 548 3195
1375344000 209 1468 401 1692
1375336800 212 1510 537 2128
1375329600 247 1635 552 2252
1375322400 5908 2099 133051 7768
1375315200 2908 10132 28018 52927
1375308000 8234 17458 116249 42784
1375300800 2972 25702 7938 173109
1375293600 1482 5995 7553 34424
1375286400 2379 11642 12918 51694
1375279200 1676 8820 8060 60033
1375272000 26 1217 196 1442
1375264800 26 1222 181 1339
1375257600 24 1225 158 1358
1375250400 34 1235 213 1491
1375243200 25 1232 168 1337
1375236000 26 1230 261 1410
1375228800 22434 22799 53720 53739
1375221600 812 2809 9110 5966
1375214400 371 3278 916 11810
1375207200 353 4010 695 34974
1375200000 1452 4765 11134 16126
1375192800 5863 26405 37352 104909
1375185600 565 1757 7655 2926
1375178400 206 1628 729 2555
1375171200 226 1659 551 3175
1375164000 210 1598 399 1961
1375156800 252 1965 598 9789
1375149600 774 6144 5176 91675
1375142400 1635 7201 7048 46411
1375135200 4104 24410 7601 65403
1375128000 2823 30547 9350 226843
1375120800 1101 4127 7143 8291
1375113600 2117 8253 7143 34376
1375106400 1600 8461 6327 35667
1375099200 23 1386 180 1821
1375092000 21 1355 122 1559
1375084800 24 1349 174 1499
1375077600 41 1352 417 1517
1375070400 25 1353 214 1457
1375063200 18 1339 83 1483
1375056000 33 1346 202 1526
1375048800 29 1426 193 1706
1375041600 29 1610 166 1777
1375034400 24 1345 166 1493
1375027200 22 1355 166 1581
1375020000 24 1348 157 1479
1375012800 25 1329 214 1512
1375005600 35 1352 313 1465
1374998400 28 1390 237 1923
1374991200 30 1659 172 8436
1374984000 24 1364 164 1543
1374976800 23 1361 137 1532
1374969600 22 1353 135 1491
1374962400 29 1387 232 1615
1374955200 30 1363 165 1507
1374948000 22 1352 138 1483
1374940800 22 1346 137 1463
1374933600 35 1350 301 1564
1374926400 26 1344 166 1445
1374919200 23 1350 243 1486
1374912000 27 1356 231 1565
1374904800 22 1350 137 1549
1374897600 25 1349 226 1546
1374890400 35 1371 239 1539
1374883200 7931 4881 169673 39482
1374876000 2227 6255 7432 13917
1374868800 2452 5335 24644 28063
1374861600 1426 6119 5939 27549
1374854400 1520 6956 7532 31479
1374847200 917 3182 2315 7141
1374840000 885 3420 3258 19192
1374832800 570 2268 880 3795
1374825600 628 3797 988 5524
1374818400 652 3593 821 5008
1374811200 685 5027 1728 18234
1374804000 1956 13394 5137 20614
1374796800 1952 14482 6263 25894
1374789600 2803 33581 8789 170425
1374782400 3451 27840 20016 145428
1374775200 2806 15248 7933 62746
1374768000 1059 4266 2172 13529
1374760800 3128 7710 36952 57218
1374753600 192 1511 340 1720
1374746400 193 1570 345 2539
1374739200 184 1505 492 1770
1374732000 224 1547 715 2095
1374724800 191 1545 425 1868
1374717600 325 2728 1552 18017
1374710400 827 4483 13435 37131
1374703200 1565 5123 13435 35718
1374696000 2682 5575 38242 36961
1374688800 3791 7536 36232 36961
1374681600 2284 12433 7464 113084
1374674400 1454 5026 5490 26340
1374667200 313 1858 655 4702
1374660000 191 1681 400 3887
1374652800 168 1497 380 6338
1374645600 180 1778 390 6338
1374638400 285 1753 2166 5736
1374631200 292 1732 642 2494
1374624000 1431 4279 6613 17729
1374616800 2268 30057 7490 81378
1374609600 3456 30505 10364 95893
1374602400 2422 9891 6641 32048
1374595200 1626 5371 4679 15245
1374588000 3386 11066 30856 70500
1374580800 311 1697 988 2624
1374573600 195 1635 445 4767
1374566400 250 1980 564 5019
1374559200 192 1534 416 1843
1374552000 602 1907 7929 6133
1374544800 1034 2584 4258 4134
1374537600 1022 3883 3053 30768
1374530400 777 6296 1850 50052
1374523200 837 4115 1550 6847
1374516000 858 3649 1597 7141
1374508800 818 3757 1808 10583
1374501600 784 2819 2030 4479
1374494400 2721 3853 41614 26025
1374487200 24 1274 134 1441
1374480000 24 1272 273 1538
1374472800 26 1261 220 1424
1374465600 30 1262 213 1394
1374458400 23 1211 166 1355
1374451200 30 1215 144 1345
1374444000 22 1215 185 1350
1374436800 39 1235 280 1402
1374429600 24 1227 196 1379
1374422400 30 1237 154 1454
1374415200 26 1226 139 1272
1374408000 20 1226 124 1372
1374400800 24 1225 195 1363
1374393600 26 1230 164 1358
1374386400 24 1223 164 1351
1374379200 22 1227 138 1359
1374372000 21 1216 230 1365
1374364800 43 1229 284 1415
1374357600 26 1234 143 1329
1374350400 26 1230 256 1371
1374343200 22 1233 141 1334
1374336000 25 1237 195 1331
1374328800 26 1231 177 1317
1374321600 24 1226 194 1458
1374314400 21 1233 213 1324
1374307200 22 1229 142 1337
1374300000 25 1235 198 1359
1374292800 53 1308 322 1510
1374285600 32 1330 155 1542
1374278400 95 1463 2643 6540
1374271200 2366 7986 8718 34279
1374264000 1575 4638 5672 14801
1374256800 1553 6638 4232 31924
1374249600 5714 8471 49214 48190
1374242400 1177 3869 5740 10430
1374235200 688 2586 5740 11876
1374228000 234 1526 841 2012
1374220800 231 1674 741 4772
1374213600 213 1622 353 4824
1374206400 265 1889 505 5919
1374199200 775 2224 1925 3171
1374192000 2523 3740 12453 11146
1374184800 1739 8659 5003 39645
1374177600 2813 35909 11498 147171
1374170400 1211 6791 5108 66076
1374163200 2046 10057 9704 116209
1374156000 588 3209 3488 8542
1374148800 341 3303 1583 42114
1374141600 237 1644 711 4448
1374134400 225 1538 395 2841
1374127200 228 1528 378 1995
1374120000 275 1926 1089 11428
1374112800 410 1985 702 4514
1374105600 1564 4416 15890 14668
1374098400 2260 7819 9911 22105
1374091200 1205 6852 2949 32584
1374084000 2654 18630 22172 261673
1374076800 927 3760 1969 5137
1374069600 1933 5692 18832 22975
1374062400 369 1965 757 3302
1374055200 235 1845 446 3876
1374048000 241 1921 511 4253
1374040800 371 4663 2879 76354
1374033600 226 1512 524 1758
1374026400 283 1628 589 2229
1374019200 277 1730 517 2780
1374012000 922 9010 3209 56851
1374004800 3104 12224 13593 47692
1373997600 1221 5102 3006 31073
1373990400 3374 13337 15747 80374
1373983200 1291 4382 3229 11584
1373976000 262 1634 738 3734
1373968800 237 1543 427 2113
1373961600 242 1571 447 2181
1373954400 246 1514 457 1778
1373947200 269 1573 730 2346
1373940000 299 1969 591 4739
1373932800 921 7821 4152 38119
1373925600 2779 44054 7774 182931
1373918400 3391 23300 9905 58780
1373911200 4103 35256 10880 156479
1373904000 2947 11580 7556 104078
1373896800 2297 13002 17278 115029
1373889600 31 1213 230 1346
1373882400 36 1224 315 1319
1373875200 21 1220 163 1359
1373868000 22 1215 150 1382
1373860800 26 1224 197 1381
1373853600 31 1209 197 1405
1373846400 22 1197 138 1334
1373839200 22 1222 136 1361
1373832000 25 1219 187 1349
1373824800 24 1219 139 1363
1373817600 27 1221 221 1366
1373810400 34 1219 298 1368
1373803200 22 1207 182 1463
1373796000 30 1226 243 1402
1373788800 26 1220 226 1473
1373781600 24 1215 202 1357
1373774400 22 5530 170 103025
1373767200 23 1212 161 1342
1373760000 25 1206 152 1327
1373752800 32 1221 216 1356
1373745600 38 1226 282 1347
1373738400 22 1219 156 1364
1373731200 23 1217 169 1419
1373724000 24 1217 169 1322
1373716800 31 1204 213 1425
1373709600 23 1216 242 1367
1373702400 24 1213 125 1399
1373695200 28 1212 138 1389
1373688000 26 1221 210 1326
1373680800 22 1214 168 1417
1373673600 34 1247 302 1656
1373666400 2338 4461 10263 12424
1373659200 2177 8692 5464 41716
1373652000 1465 5429 11117 40620
1373644800 264 2216 591 3094
1373637600 341 2302 723 5960
1373630400 230 1487 922 2237
1373623200 178 1479 425 2335
1373616000 214 2377 952 21614
1373608800 198 1786 380 4559
1373601600 179 1391 582 1845
1373594400 251 1557 786 3394
1373587200 1616 18936 8110 145742
1373580000 3799 6393 43593 20092
1373572800 4030 6158 40995 18386
1373565600 1289 3945 2949 10595
1373558400 1818 6965 5236 33713
1373551200 1651 6264 3168 22082
1373544000 764 3646 4276 25710
1373536800 174 1587 297 2617
1373529600 277 4751 2001 73897
1373522400 183 1449 292 3024
1373515200 229 1480 467 2682
1373508000 307 1842 966 4941
1373500800 2398 12231 23290 136884
1373493600 2377 20030 10150 122976
1373486400 2064 10821 9976 51719
1373479200 1725 5503 6920 24422
1373472000 2109 8358 4726 37117
1373464800 706 3104 1653 6314
1373457600 380 1628 1301 2621
1373450400 254 2126 937 17613
1373443200 253 1439 681 2190
1373436000 221 1359 464 1605
1373428800 592 14668 8198 315186
1373421600 255 1465 659 2161
1373414400 323 2092 950 9862
1373407200 1775 7375 6916 29367
1373400000 2557 29314 8386 93375
1373392800 1702 9624 6794 58661
1373385600 1092 4458 2168 12179
1373378400 4032 4627 65406 12805
1373371200 340 1784 1974 6977
1373364000 299 1519 1056 2388
1373356800 240 1457 794 1779
1373349600 353 2633 1761 7767
1373342400 203 1515 360 4072
1373335200 320 2650 1468 21968
1373328000 1507 4543 10492 23478
1373320800 1112 4158 2125 14852
1373313600 2815 26119 9326 157872
1373306400 1187 4389 2549 11043
1373299200 4159 5560 45585 12795
1373292000 24070 56908 458370 986360
1373284800 37 1223 283 1390
1373277600 34 1254 204 1684
1373270400 29 1232 190 1431
1373263200 25 1224 139 1386
1373256000 24 1232 224 1397
1373248800 25 1234 147 1338
1373241600 27 1226 247 1394
1373234400 26 1236 122 1302
1373227200 45 1905 506 17223
1373220000 40 1239 284 1393
1373212800 23 1245 185 1347
1373205600 27 1241 249 1431
1373198400 22 1218 151 1454
1373191200 24 1237 155 1353
1373184000 31 1241 142 1400
1373176800 23 1231 138 1343
1373169600 29 1250 185 1428
1373162400 37 1244 257 1404
1373155200 34 1234 167 1369
1373148000 55 1254 339 1365
1373140800 31 1245 153 1448
1373133600 33 1248 243 1522
1373126400 32 1259 212 1483
1373119200 36 1246 262 1436
1373112000 33 1231 144 1397
1373104800 37 1252 228 1395
1373097600 32 1252 169 1423
1373090400 32 1243 174 1408
1373083200 30 1247 181 1410
1373076000 32 1242 159 1405
1373068800 42 1224 294 1464
1373061600 40 1265 172 1452
1373054400 43 1783 312 13917
1373047200 29 1240 137 1408
1373040000 30 1262 136 1523
1373032800 36 1247 198 1465
1373025600 39 1245 173 1442
1373018400 30 1250 142 1437
1373011200 35 1249 152 1468
1373004000 34 1245 210 1466
1372996800 47 1252 320 1450
1372989600 29 1252 182 1489
1372982400 32 1262 164 1662
1372975200 32 1252 140 1380
1372968000 46 1720 464 12762
1372960800 46 1244 246 1398
1372953600 32 1246 138 1341
1372946400 31 1247 170 1377
1372939200 34 1231 226 1498
1372932000 34 1251 171 1440
1372924800 30 1273 413 1758
1372917600 50 1252 413 1374
1372910400 32 1246 164 1394
1372903200 41 1248 214 1457
1372896000 28 1243 172 1384
1372888800 33 1293 139 1481
1372881600 1039 3928 2724 20729
1372874400 857 3391 1608 10130
1372867200 1111 4572 3157 15408
1372860000 977 3436 5700 8711
1372852800 326 1798 786 4151
1372845600 267 1525 740 2810
1372838400 213 1495 460 3458
1372831200 231 1474 433 2618
1372824000 242 1685 650 5003
1372816800 242 1588 494 2778
1372809600 14337 19447 156456 180056
1372802400 2116 4037 13920 12536
1372795200 3220 17048 7649 60795
1372788000 1498 4507 3648 12414
1372780800 1600 5636 3729 31410
1372773600 1771 4858 7640 14339
1372766400 456 2122 1685 9706
1372759200 319 1733 1111 3158
1372752000 280 1779 838 7988
1372744800 246 1606 494 4677
1372737600 245 1543 436 2765
1372730400 239 1450 412 1697
1372723200 1282 14556 4971 90363
1372716000 8690 19435 159323 199640
1372708800 1438 6369 3554 17952
1372701600 992 3347 1710 5612
1372694400 1512 6008 5666 28753
1372687200 1547 4341 3551 10154
1372680000 964 4166 7245 31594
1372672800 68 1253 193 1364
1372665600 71 1258 215 1420
1372658400 67 1245 220 1429
1372651200 66 1276 229 1610
1372644000 75 1259 201 1391
1372636800 76 1259 367 1577
1372629600 73 1268 258 1473
1372622400 76 1643 254 10700
1372615200 72 1242 201 1439
1372608000 64 1251 182 1405
1372600800 65 1249 280 1425
1372593600 65 1246 254 1362
1372586400 67 1252 162 1369
1372579200 71 1256 188 1469
1372572000 73 1240 401 1473
1372564800 72 1261 265 1446
1372557600 63 1247 152 1392
1372550400 69 1243 222 1428
1372543200 64 1247 188 1422
1372536000 64 1254 166 1410
1372528800 75 1252 254 1443
1372521600 69 1270 250 1532
1372514400 70 1254 240 1378
1372507200 65 1232 314 1426
1372500000 76 1253 347 1482
1372492800 69 1257 269 1430
1372485600 77 1261 325 1487
1372478400 68 1257 228 1412
1372471200 69 1300 278 1577
1372464000 585 3255 5528 30098
1372456800 1195 6298 6121 32404
1372449600 2915 12990 11954 99304
1372442400 3393 9032 18116 20840
1372435200 2183 10453 8175 49623
1372428000 1179 6288 2130 15419
1372420800 2191 3646 35834 12536
1372413600 294 1875 488 3441
1372406400 317 3085 1079 19774
1372399200 247 1756 432 5642
1372392000 360 2736 707 6761
1372384800 337 2156 645 5365
1372377600 1237 5143 7323 32077
1372370400 1943 7824 6669 46812
1372363200 2060 10036 6935 79070
1372356000 1144 4371 4063 18975
1372348800 1966 9751 4543 76666
1372341600 1427 6431 2803 19115
1372334400 377 5200 1130 58124
1372327200 282 1844 509 3495
1372320000 273 3283 922 25078
1372312800 282 2024 759 14899
1372305600 253 4994 611 40710
1372298400 254 3484 808 48549
1372291200 2112 10622 9644 85954
1372284000 1686 6282 3516 33034
1372276800 1714 8648 7290 27063
1372269600 1236 8309 2251 19110
1372262400 3497 10943 30092 49590
1372255200 485 2782 1917 7032
1372248000 313 1800 889 3239
1372240800 313 2745 868 16080
1372233600 292 2373 585 5065
1372226400 276 1921 778 8077
1372219200 328 2365 1384 29547
1372204800 2312 9050 305667 330007
1372118400 1307 5295 129306 138703
1372032000 53 1548 481 51658
1371945600 50 1342 331 1647
1371859200 1400 21053 11151 233716
1371772800 960 8161 14837 151097
1371686400 1348 14872 10353 284404
1371600000 1044 7888 23819 834176
1371513600 803 6361 12584 148009
1371427200 37 1455 720 28251
1371340800 36 1363 365 1670
1371254400 912 9195 10604 223110
1371168000 325 2435 3069 36179
1371081600 3002 6219 233153 250287
1370995200 1162 9848 7315 155223
1370908800 1276 5876 148732 184697
1370822400 35 1338 538 19835
1370736000 33 1286 322 1520
1370649600 3973 105077 27629 910948
1370563200 897 4496 18467 75070
1370476800 927 3732 12555 33340
1370390400 1041 7135 48448 245207
1370304000 1334 7103 77028 384580
1370217600 38 1430 474 17695
1370131200 34 1373 283 1621
1370044800 542 3405 4705 45679
1369958400 1115 6372 20046 286941
1369872000 808 7106 29706 365233
1369785600 1112 15628 29110 899451
1369699200 0 1076 2 1360
1369612800 0 1078 2 1412
1369526400 0 1076 2 1315
1369440000 0 1294 40 2418
1369353600 2 1414 606 16104
1369267200 2 1316 210 2596
1369180800 4 1387 394 2610
1369094400 4 1284 390 2670
1369008000 1 940 27 1194
1368921600 1 946 8 1181
1368835200 960 3177 41701 65974
1368748800 514 3530 11603 295549
1368662400 2 1367 67 10714
1368576000 2 1229 68 2530
1368489600 2 1125 365 2285
1368403200 0 816 7 1043
1368316800 1 819 7 983
1368230400 0 1207 28 4439
1368144000 411 2895 17185 82464
1368057600 1447 14580 33828 233706
1367971200 617 2865 45468 47822
1367884800 840 4674 22799 209603
1367798400 40 1010 429 16075
1367712000 38 967 370 1615
1367625600 889 3207 26624 91382
1367539200 730 2315 72564 78232
1367452800 540 3382 13148 114359
1367366400 1745 4190 151497 161505
1367280000 771 4812 54710 210848
1367193600 41 1006 363 13524
1367107200 40 961 446 1182
1367020800 396 2181 6090 29834
1366934400 1297 4891 74385 169914
1366848000 1409 20672 100280 3792855
1366761600 551 2206 18425 48148
1366675200 354 1920 3858 18802
1366588800 57 842 338 7233
1366502400 56 827 353 1062
1366416000 55 1341 327 73517
1366329600 55 1121 376 5958
1366243200 663 3894 26108 148404
1366156800 7278 204072 264536 10156332
1366070400 1013 4094 14963 75287
1365984000 0 929 0 1163
1365897600 0 928 0 1091
1365811200 2441 100616 23268 509249
1365724800 2206 90171 13261 500272
1365638400 1175 9684 18324 172594
1365552000 1326 3877 52189 46981
1365465600 1846 7738 132500 157689
1365379200 51 1036 665 25580
1365292800 49 955 361 1190
1365206400 910 4413 34842 65878
1365120000 2083 6167 129831 156469
1365033600 905 4368 50471 141745
1364947200 987 3054 86607 154199
1364860800 0 1128 0 2872
1364774400 0 829 0 1090
1364688000 0 839 0 946
1364601600 1179 11806 16303 413499
1364515200 1033 5170 9244 73183
1364428800 1713 4025 146025 153896
1364342400 1611 6134 78823 57580
1364256000 950 4155 31570 110271
1364169600 34 934 340 10827
1364083200 34 914 308 1280
1363996800 4301 7975 206094 314338
1363910400 958 3832 12081 32931
1363824000 881 3538 20368 108292
1363737600 749 2717 8444 36030
1363651200 1092 4082 93561 122548
1363564800 21 843 398 4958
1363478400 22 929 327 1232
1363392000 1493 6946 86390 800905
1363305600 1423 4113 78808 68644
1363219200 1052 25043 11867 350587
1363132800 1772 16239 67488 343204
1363046400 794 3121 23309 58042
1362960000 0 696 0 1054
1362873600 1547 1584 182878 22689
1362787200 1981 6559 130138 149016
1362700800 1986 8101 83262 77489
1362614400 943 2871 61685 66097
1362528000 1129 3780 23658 50886
1362441600 1389 20856 26748 256146
1362355200 0 833 0 1193
1362268800 0 837 0 1258
1362182400 709 2632 8363 47202
1362096000 829 3042 20632 23413
1362009600 782 3821 7335 84246
1361923200 1814 6811 99783 603137
1361836800 1896 9731 79285 821488
1361750400 38 810 369 9359
1361664000 37 797 342 1438
1361577600 33 1095 327 8225
1361491200 36 1137 357 7927
1361404800 1999 7592 97684 630218
1361318400 1881 4946 60479 55957
1361232000 507 1902 9757 38128
1361145600 37 789 358 4024
1361059200 104 3515 19689 792060
1360972800 413 2232 7045 34455
1360886400 1758 6874 196952 528205
1360800000 537 5647 8733 271066
1360713600 657 5323 12076 112268
1360627200 482 2823 22535 87870
1360540800 0 1185 0 30768
1360454400 0 1049 0 5903
1360368000 608 2755 6322 44569
1360281600 902 3963 17836 68067
1360195200 1479 4245 40618 61239
1360108800 1781 5067 90411 81840
1360022400 1016 4082 31965 79654
1359936000 39 1248 364 28997
1359849600 35 1084 331 7071
1359763200 488 2383 21597 64871
1359676800 925 3997 47466 55475
1359590400 3036 4882 474270 252359
1359504000 1250 4780 73477 279897
1359417600 695 3469 24858 81978
1359331200 9 818 327 12569
1359244800 8 761 302 950
1359158400 1001 3393 29666 104196
1359072000 0 1196 0 34194
1358985600 0 1381 0 81309
1358899200 0 1059 0 2636
1358812800 0 836 0 1497
1358726400 0 843 0 1624
1358640000 0 862 0 1867
1358553600 0 1150 0 3318
1358467200 0 1154 0 2804
1358380800 0 1130 0 2445
1358294400 37 1456 4653 55042
1358208000 1568 8436 44063 167935
1358121600 66 810 350 5343
1358035200 63 784 16492 7276
1357948800 494 2784 16492 121409
1357862400 200 3946 25299 779365
1357776000 1065 4383 25299 82548
1357689600 2403 7684 319027 102069
1357603200 2116 9540 154273 160914
1357516800 27 1142 1405 60213
1357430400 24 946 325 1185
1357344000 1471 8301 70005 377626
1357257600 1122 5816 52381 93762
1357171200 1669 7636 131681 154045
1357084800 27 804 1148 33560
1356998400 2057 6660 156884 180411
1356912000 0 663 0 1002
1356825600 0 690 0 1117
1356739200 2104 8223 154156 201375
1356652800 960 7521 9626 212238
1356566400 2121 7934 255887 602308
1356480000 0 668 0 793
1356393600 0 680 0 1210
1356307200 0 664 0 756
1356220800 0 704 0 1013
1356134400 1006 3684 21030 113000
1356048000 986 5614 45650 103015
1355961600 2123 4305 147970 156357
1355875200 1219 10729 21521 828982
1355788800 8947 436539 198778 11309342
1355702400 20 933 1130 44301
1355616000 18 813 291 1432
1355529600 933 7072 17840 172373
1355443200 498 3604 7302 210571
1355356800 794 6250 11734 161314
1355270400 515 4044 19333 121504
1355184000 2830 8310 427714 1270641
1355097600 0 734 0 1071
1355011200 0 766 0 2970
1354924800 0 982 0 2254
1354838400 0 1004 0 2636
1354752000 0 1044 0 2215
1354665600 270 1691 9614 32993
1354579200 3826 6982 696367 113490
1354492800 0 718 0 1050
1354406400 0 756 0 1241
1354320000 1673 4820 98060 85929
1354233600 975 3332 20773 85888
1354147200 676 3281 8805 114824
1354060800 550 2726 9752 27409
1353974400 1264 7635 106512 780675
1353888000 0 623 0 966
1353801600 0 615 0 742
1353715200 0 615 0 746
1353628800 0 618 0 903
1353542400 407 1668 9656 27516
1353456000 1039 5088 27996 73218
1353369600 1984 6415 320140 338218
1353283200 12 637 343 10155
1353196800 13 613 289 937
1353110400 594 5355 21052 793280
1353024000 72 970 835 3122
1352937600 5235 7495 487581 396801
1352851200 910 5321 12672 99716
1352764800 957 2343 144937 106075
1352678400 0 698 0 862
1352592000 0 674 0 995
1352505600 715 2436 71299 17628
1352419200 1524 6510 71744 95810
1352332800 603 2296 19765 30086
1352246400 2824 14103 142414 886785
1352160000 733 3743 14291 93544
1352073600 18 789 743 1981
1351987200 874 1780 71699 37530
1351900800 748 6854 22241 561436
1351814400 1443 3823 125922 145346
1351728000 699 2447 34177 40455
1351641600 614 4426 23537 95738
1351555200 0 731 0 1037
1351468800 0 736 0 1070
1351382400 0 759 0 1309
1351296000 3752 7687 628240 644544
1351209600 1429 6553 42541 99362
1351123200 1454 6790 30407 62662
1351036800 1262 6435 22949 126710
1350950400 802 3326 12148 68614
1350864000 0 740 0 1285
1350777600 0 743 0 834
1350691200 1408 11845 26025 809252
1350604800 695 4756 7133 85668
1350518400 627 2716 20807 76075
1350432000 565 2604 10922 43100
1350345600 428 2784 6426 80896
1350259200 0 609 0 775
1350172800 0 625 0 912
1350086400 824 4914 16136 66558
1350000000 3483 4577 461469 339132
1349913600 191 1622 23135 60203
1349827200 427 6000 8569 462948
1349740800 5147 9254 288848 312837
1349654400 0 619 0 696
1349568000 0 622 0 911
1349481600 1373 7739 64751 409951
1349395200 880 2805 25847 34341
1349308800 1259 6173 197572 745361
1349222400 1881 6099 153088 163688
1349136000 1696 6588 156961 203558
1349049600 0 761 0 1105
1348963200 1562 2864 152715 175118
1348876800 2796 85053 133267 351483
1348790400 1673 3972 142069 76051
1348704000 3012 5148 151915 169699
1348617600 1037 5446 11071 75515
1348531200 2051 6006 149806 174633
1348444800 0 721 0 868
1348358400 0 798 0 925
1348272000 1061 3132 40935 38904
1348185600 41633 3982 3350539 104608
1348099200 1645 2796 288475 45093
1348012800 1719 4026 151041 162013
1347926400 64 1711 4880 205949
1347840000 47 1206 2649 112168
1347753600 36 798 295 933
1347667200 404 2298 11990 79474
1347580800 651 3528 4938 84301
1347494400 640 3129 15993 76601
1347408000 2407 4541 516804 525359
1347321600 422 2200 7167 59457
1347235200 20 944 1285 55798
1347148800 17 743 288 980
1347062400 21 1141 1134 50438
1346976000 23 1153 1062 46581
1346889600 75 3755 16965 728945
1346803200 345 1855 10859 66358
1346716800 0 696 0 880
1346630400 0 693 0 826
1346544000 0 691 0 791
1346457600 661 2028 10435 27335
1346371200 762 3413 19266 45896
1346284800 735 5397 8808 162101
1346198400 606 5052 12764 727223
1346112000 503 2485 24748 62878
1346025600 0 605 0 763
1345939200 0 606 0 736
1345852800 503 1978 32728 92288
1345766400 46 1023 1000 13471
1345680000 283 3558 7612 180745
1345593600 1650 3339 183449 42051
1345507200 767 4251 19502 199732
1345420800 18 734 304 4442
1345334400 15 723 293 888
1345248000 18 912 291 4575
1345161600 18 977 302 4121
1345075200 1153 3116 128251 104717
1344988800 800 2250 53298 36165
1344902400 594 4009 7812 112056
1344816000 0 615 0 719
1344729600 0 615 0 767
1344643200 539 3788 23412 167288
1344556800 47 1365 1848 92442
1344470400 491 2349 6363 35072
1344384000 402 1887 9768 110272
1344297600 0 0 0 0
1344211200 0 0 0 0
1344124800 0 0 0 0
1344038400 0 0 0 0
1343952000 0 0 0 0
1343865600 0 0 0 0
1343779200 0 0 0 0
1343692800 0 0 0 0
1343606400 0 0 0 0
1343520000 0 0 0 0
1343433600 0 0 0 0
1343347200 0 0 0 0
1343260800 0 0 0 0
1343174400 0 0 0 0
1343088000 0 0 0 0
1343001600 0 0 0 0
1342915200 0 0 0 0
1342828800 0 0 0 0
1342742400 0 0 0 0
1342656000 0 0 0 0
1342569600 0 0 0 0
1342483200 0 0 0 0
1342396800 0 0 0 0
1342310400 0 0 0 0
1342224000 0 0 0 0
1342137600 0 0 0 0
1342051200 0 0 0 0
1341964800 0 0 0 0
1341878400 0 0 0 0
1341792000 0 0 0 0
1341705600 0 0 0 0
1341619200 0 0 0 0
1341532800 0 0 0 0
1341446400 0 0 0 0
1341360000 0 0 0 0
1341273600 0 0 0 0
1341187200 0 0 0 0
1341100800 0 0 0 0
1341014400 0 0 0 0
1340928000 0 0 0 0
1340841600 0 0 0 0
1340755200 0 0 0 0
1340668800 0 0 0 0
1340582400 0 0 0 0
1340496000 0 0 0 0
1340409600 0 0 0 0
1340323200 0 0 0 0
1340236800 0 0 0 0
1340150400 0 0 0 0
1340064000 0 0 0 0
1339977600 0 0 0 0
1339891200 0 0 0 0
1339804800 0 0 0 0
1339718400 0 0 0 0
1339632000 0 0 0 0
1339545600 0 0 0 0
1339459200 0 0 0 0
1339372800 0 0 0 0
1339286400 0 0 0 0
1339200000 0 0 0 0
1339113600 0 0 0 0
1339027200 0 0 0 0
1338940800 0 0 0 0
1338854400 0 0 0 0
1338768000 0 0 0 0
1338681600 0 0 0 0
1338595200 0 0 0 0
1338508800 0 0 0 0
1338422400 0 0 0 0
1338336000 0 0 0 0
1338249600 0 0 0 0
1338163200 0 0 0 0
1338076800 0 0 0 0
1337990400 0 0 0 0
1337904000 0 0 0 0
1337817600 0 0 0 0
1337731200 0 0 0 0
1337644800 0 0 0 0
1337558400 0 0 0 0
1337472000 0 0 0 0
1337385600 0 0 0 0
1337299200 0 0 0 0
1337212800 0 0 0 0
1337126400 0 0 0 0
1337040000 0 0 0 0
1336953600 0 0 0 0
1336867200 0 0 0 0
1336780800 0 0 0 0
1336694400 0 0 0 0
1336608000 0 0 0 0
1336521600 0 0 0 0
1336435200 0 0 0 0
1336348800 0 0 0 0
1336262400 0 0 0 0
1336176000 0 0 0 0
1336089600 0 0 0 0
1336003200 0 0 0 0
1335916800 0 0 0 0
1335830400 0 0 0 0
1335744000 0 0 0 0
1335657600 0 0 0 0
1335571200 0 0 0 0
1335484800 0 0 0 0
1335398400 0 0 0 0
1335312000 0 0 0 0
1335225600 0 0 0 0
1335139200 0 0 0 0
1335052800 0 0 0 0
1334966400 0 0 0 0
1334880000 0 0 0 0
1334793600 0 0 0 0
1334707200 0 0 0 0
1334620800 0 0 0 0
1334534400 0 0 0 0
1334448000 0 0 0 0
1334361600 0 0 0 0
1334275200 0 0 0 0
1334188800 0 0 0 0
1334102400 0 0 0 0
1334016000 0 0 0 0
1333929600 0 0 0 0
1333843200 0 0 0 0
1333756800 0 0 0 0
1333670400 0 0 0 0
1333584000 0 0 0 0
1333497600 0 0 0 0
1333411200 0 0 0 0
1333324800 0 0 0 0
1333238400 0 0 0 0
1333152000 0 0 0 0
1333065600 0 0 0 0
1332979200 0 0 0 0
1332892800 0 0 0 0
1332806400 0 0 0 0
1332720000 0 0 0 0
1332633600 0 0 0 0
1332547200 0 0 0 0
1332460800 0 0 0 0
1332374400 0 0 0 0
1332288000 0 0 0 0
1332201600 0 0 0 0
1332115200 0 0 0 0
1332028800 0 0 0 0
1331942400 0 0 0 0
1331856000 0 0 0 0
1331769600 0 0 0 0
1331683200 0 0 0 0
1331596800 0 0 0 0
1331510400 0 0 0 0
1331424000 0 0 0 0
1331337600 0 0 0 0
1331251200 0 0 0 0
1331164800 0 0 0 0
1331078400 0 0 0 0
1330992000 0 0 0 0
1330905600 0 0 0 0
1330819200 0 0 0 0
1330732800 0 0 0 0
1330646400 0 0 0 0
1330560000 0 0 0 0
1330473600 0 0 0 0
1330387200 0 0 0 0
1330300800 0 0 0 0
1330214400 0 0 0 0
1330128000 0 0 0 0
1330041600 0 0 0 0
1329955200 0 0 0 0
1329868800 0 0 0 0
1329782400 0 0 0 0
1329696000 0 0 0 0
1329609600 0 0 0 0
1329523200 0 0 0 0
1329436800 0 0 0 0
1329350400 0 0 0 0
1329264000 0 0 0 0
1329177600 0 0 0 0
1329091200 0 0 0 0
1329004800 0 0 0 0
1328918400 0 0 0 0
1328832000 0 0 0 0
1328745600 0 0 0 0
1328659200 0 0 0 0
1328572800 0 0 0 0
1328486400 0 0 0 0
1328400000 0 0 0 0
1328313600 0 0 0 0
1328227200 0 0 0 0
1328140800 0 0 0 0
1328054400 0 0 0 0
1327968000 0 0 0 0
1327881600 0 0 0 0
1327795200 0 0 0 0
1327708800 0 0 0 0
1327622400 0 0 0 0
1327536000 0 0 0 0
1327449600 0 0 0 0
1327363200 0 0 0 0
1327276800 0 0 0 0
1327190400 0 0 0 0
1327104000 0 0 0 0
1327017600 0 0 0 0
1326931200 0 0 0 0
1326844800 0 0 0 0
1326758400 0 0 0 0
1326672000 0 0 0 0
1326585600 0 0 0 0
1326499200 0 0 0 0
1326412800 0 0 0 0
1326326400 0 0 0 0
1326240000 0 0 0 0
1326153600 0 0 0 0
1326067200 0 0 0 0
1325980800 0 0 0 0
1325894400 0 0 0 0
1325808000 0 0 0 0
1325721600 0 0 0 0
1325635200 0 0 0 0
1325548800 0 0 0 0
1325462400 0 0 0 0
1325376000 0 0 0 0
1325289600 0 0 0 0
1325203200 0 0 0 0
1325116800 0 0 0 0
1325030400 0 0 0 0
1324944000 0 0 0 0
1324857600 0 0 0 0
1324771200 0 0 0 0
1324684800 0 0 0 0
1324598400 0 0 0 0
1324512000 0 0 0 0
1324425600 0 0 0 0
1324339200 0 0 0 0
1324252800 0 0 0 0
1324166400 0 0 0 0
1324080000 0 0 0 0
1323993600 0 0 0 0
1323907200 0 0 0 0
1323820800 0 0 0 0
1323734400 0 0 0 0
1323648000 0 0 0 0
1323561600 0 0 0 0
1323475200 0 0 0 0
1323388800 0 0 0 0
1323302400 0 0 0 0
1323216000 0 0 0 0
1323129600 0 0 0 0
1323043200 0 0 0 0
1322956800 0 0 0 0
1322870400 0 0 0 0
1322784000 0 0 0 0
1322697600 0 0 0 0
1322611200 0 0 0 0
1322524800 0 0 0 0
1322438400 0 0 0 0
1322352000 0 0 0 0
1322265600 0 0 0 0
1322179200 0 0 0 0
1322092800 0 0 0 0
1322006400 0 0 0 0
1321920000 0 0 0 0
1321833600 0 0 0 0
1321747200 0 0 0 0
1321660800 0 0 0 0
1321574400 0 0 0 0
1321488000 0 0 0 0
1321401600 0 0 0 0
1321315200 0 0 0 0
1321228800 0 0 0 0
1321142400 0 0 0 0
1321056000 0 0 0 0
1320969600 0 0 0 0
1320883200 262 1660 13947 88506
1320796800 422 1769 6987 35599
1320710400 411 1946 26117 73816
1320624000 0 0 0 0
1320537600 0 0 0 0
1320451200 0 0 0 0
1320364800 0 0 0 0
1320278400 448 1761 12087 33600
1320192000 712 4274 13064 136745
1320105600 385 1962 4669 37200
1320019200 0 0 0 0
1319932800 0 0 0 0
1319846400 9256 2073 1303163 58292
1319760000 409 1475 12054 91381
1319673600 442 2266 17363 91077
1319587200 559 3389 23685 240670
1319500800 494 1729 54443 80825
1319414400 0 0 0 0
1319328000 0 0 0 0
1319241600 0 0 0 0
1319155200 0 0 0 0
1319068800 668 2109 28899 47845
1318982400 462 2740 7391 165340
1318896000 400 2168 5234 60397
1318809600 0 0 0 0
1318723200 0 0 0 0
1318636800 0 0 0 0
1318550400 0 0 0 0
1318464000 518 2552 6645 52665
1318377600 619 3611 9694 135468
1318291200 641 2777 10593 91037
1318204800 0 0 0 0
1318118400 0 0 0 0
1318032000 411 1705 5534 55500
1317945600 686 5329 8569 145896
1317859200 703 3492 26299 166071
1317772800 439 2624 8801 195862
1317686400 647 3223 7820 195433
1317600000 0 0 0 0
1317513600 0 0 0 0
1317427200 0 0 0 0
1317340800 0 0 0 0
1317254400 409 2294 6246 138884
1317168000 865 2447 44760 67168
1317081600 475 3323 5767 97080
1316995200 0 0 0 0
1316908800 0 0 0 0
1316822400 561 2915 29618 112180
1316736000 398 2305 6088 63040
1316649600 519 3885 27160 200404
1316563200 420 2725 4961 110585
1316476800 755 2966 85029 166498
1316390400 0 0 0 0
1316304000 0 0 0 0
1316217600 411 2996 7979 185379
1316131200 686 4968 8491 194871
1316044800 453 2211 8420 48832
1315958400 1116 3182 118468 50489
1315872000 451 3400 5092 114540
1315785600 0 0 0 0
1315699200 0 0 0 0
1315612800 495 1834 21195 36780
1315526400 502 3336 5808 154282
1315440000 671 3749 46576 269837
1315353600 563 2848 9762 101234
1315267200 0 0 0 0
1315180800 0 0 0 0
1315094400 0 0 0 0
1315008000 0 0 0 0
1314921600 0 0 0 0
1314835200 0 0 0 0
1314748800 0 0 0 0
1314662400 0 0 0 0
1314576000 0 0 0 0
1314489600 0 0 0 0
1314403200 0 0 0 0
1314316800 515 2480 8741 54889
1314230400 523 1665 25566 31125
1314144000 475 3157 9837 81702
1314057600 364 2935 6901 190943
1313971200 0 0 0 0
1313884800 0 0 0 0
1313798400 201 1521 7500 127583
1313712000 0 0 0 0
1313625600 1780 2988 75382 80096
1313539200 502 4354 5903 121081
1313452800 1147 4439 72715 185569
1313366400 0 0 0 0
1313280000 0 0 0 0
1313193600 247 2167 5150 106158
1313107200 0 0 0 0
1313020800 686 2643 30281 89671
1312934400 424 2417 7531 77522
1312848000 292 2096 8568 98281
1312761600 0 0 0 0
1312675200 0 0 0 0
1312588800 343 2215 9692 130321
1312502400 467 2089 11607 63626
1312416000 561 2007 10339 26843
1312329600 286 1319 15567 53696
1312243200 457 2005 11899 40278
1312156800 0 0 0 0
1312070400 0 0 0 0
1311984000 428 1927 9662 121537
1311897600 382 1731 8526 33153
1311811200 514 7476 22886 1259757
1311724800 307 1545 9549 38336
1311638400 443 2291 37679 45299
1311552000 0 0 0 0
1311465600 0 0 0 0
1311379200 375 6029 22955 1263275
1311292800 156885 6547 2821781 140166
1311206400 497 2464 17601 74141
1311120000 984 2427 64688 69645
1311033600 493 1812 29777 53630
1310947200 0 0 0 0
1310860800 0 0 0 0
1310774400 0 0 0 0
1310688000 0 0 0 0
1310601600 0 0 0 0
1310515200 0 0 0 0
1310428800 0 0 0 0
1310342400 0 0 0 0
1310256000 0 0 0 0
1310169600 0 0 0 0
1310083200 0 0 0 0
1309996800 0 0 0 0
1309910400 0 0 0 0
1309824000 0 0 0 0
1309737600 0 0 0 0
1309651200 0 0 0 0
1309564800 363 2416 10133 47463
1309478400 3216 4667 146699 78245
1309392000 686 3497 85979 353922
1309305600 678 3248 17435 132743
1309219200 447 2775 5578 62378
1309132800 0 0 0 0
1309046400 0 0 0 0
