1377805802 4130518368 1916191087
1377805802 28569 7309 28569 7309
1377805502 22815 6113 22815 6113
1377805500 22840 6119 26701 7053
1377805200 26665 7047 26701 7053
1377804900 21373 6230 26016 7460
1377804600 26038 7465 32684 9043
1377804300 32734 9267 40222 42745
1377804000 40286 42564 49906 42745
1377803700 49921 15768 52185 20075
1377803400 52158 20018 52185 20075
1377803100 48205 11606 48243 11617
1377802800 37056 8509 37142 8516
1377802500 24255 7531 24256 7533
1377802200 24281 7316 45791 7824
1377801900 45737 7826 45791 8273
1377801600 37762 8267 37819 8273
1377801300 21133 6686 82230 17470
1377801000 82176 17445 82230 17470
1377800700 73831 13821 74182 13856
1377800400 21606 8671 28722 8674
1377800100 29168 8402 95751 16032
1377799800 95433 16015 95751 16032
1377799500 48137 13562 53802 13580
1377799200 53565 10998 53802 11027
1377798900 18360 6810 27626 7702
1377798600 27778 7749 50563 14854
1377798300 50444 14855 50563 15012
1377798000 32788 15017 38157 15894
1377797700 38227 15899 48731 16752
1377797400 48607 16713 48731 16752
1377797100 30121 10950 30157 10965
1377796800 24835 8850 27435 9565
1377796500 27436 9565 27648 9679
1377796200 27909 9682 66829 10214
1377795900 66924 23336 81174 1978591
1377795600 81267 1983705 109232 3512921
1377795300 109176 3510438 109232 3512921
1377795000 101018 3140501 110735 3140501
1377794700 110766 3137873 120166 3140501
1377794400 120140 2352334 120166 2367715
1377794100 118642 2364800 457684 2367715
1377793800 455114 1927114 457684 1930582
1377793500 72127 1410495 72252 1410495
1377793200 54082 1425856 122081 3714776
1377792900 122060 3709304 122081 3714776
1377792600 119105 2896088 123881 3200069
1377792300 123385 3178791 123881 3200069
1377792000 49935 8534 102987 12102
1377791700 102623 12088 102987 12102
1377791400 48552 10115 64285 11098
1377791100 64215 11092 64285 11098
1377790800 53844 10338 53885 13167
1377790500 47751 13162 47754 13167
1377790200 46884 11670 46967 11792
1377789900 34585 11796 39241 12398
1377789600 39373 12449 59131 20175
1377789300 58917 20105 59131 20175
1377789000 27411 9823 76029 12968
1377788700 76061 12956 80911 12968
1377788400 81045 11262 101087 23728
1377788100 101705 23707 193787 23728
1377787800 193625 20608 193787 23122
1377787500 168921 23098 169633 23122
1377787200 62855 19535 65171 21388
1377786900 65052 21358 65171 21388
1377786600 47312 16963 47448 17006
1377786300 27326 10600 54058 10618
1377786000 53936 7990 54058 7994
1377785700 35784 7464 35843 7466
1377785400 27087 7221 42809 9991
1377785100 42815 9989 43734 9991
1377784800 43662 9685 43734 9702
1377784500 32976 7288 32990 7296
1377784200 31026 6207 31035 6208
1377783900 28628 6119 48792 14189
1377783600 48610 14147 48792 14189
1377783300 21686 7947 34065 8259
1377783000 34025 8262 34065 9253
1377782700 22114 9230 22137 9253
1377782400 18788 5940 20098 6970
1377782100 20107 6972 23094 7811
1377781800 23068 7796 23094 7811
1377781500 19195 5626 19218 5635
1377781200 15910 4350 16772 5179
1377780900 16814 5180 29568 5748
1377780600 29479 5739 29568 5748
1377780300 16308 4486 17650 4489
1377780000 17618 4084 17650 4085
1377779700 12872 3998 13065 4001
1377779400 13142 3589 36388 4335
1377779100 36234 4334 36388 4335
1377778800 13350 4241 13352 4243
1377778500 12874 3826 12875 3827
1377778200 12952 3614 28379 4512
1377777900 28327 4509 28379 4512
1377777600 12851 3819 12856 3820
1377777300 12142 3729 13496 4858
1377777000 13551 4854 21775 4858
1377776700 21788 4384 23874 5972
1377776400 23874 5971 23918 5972
1377776100 23887 5867 23918 5877
1377775800 19342 4508 21429 4622
1377775500 21808 4620 78406 4622
1377775200 78193 4472 78406 12391
1377774900 47127 12372 235780 12391
1377774600 235645 6783 235780 6786
1377774300 194817 6142 195437 6148
1377774000 102035 5300 102464 5303
1377773700 38259 4916 58237 8705
1377773400 58200 8681 58237 8705
1377773100 52450 5145 52722 5158
1377772800 11929 3224 11932 3225
1377772500 11566 3209 11764 3257
1377772200 11763 3257 11764 3273
1377771900 11712 3273 11966 3296
1377771600 11964 3296 11966 3377
1377771300 11714 3375 11715 3377
1377771000 11674 3127 11849 3714
1377770700 11848 3710 11849 3714
1377770400 11773 3227 11774 3228
1377770100 11715 3166 11716 3167
1377769800 11635 3082 11636 3154
1377769500 11616 3153 11703 3154
1377769200 11702 3141 11703 3394
1377768900 11677 3392 11924 3394
1377768600 11924 3167 11954 3375
1377768300 11953 3373 11954 3375
1377768000 11909 3151 12033 4018
1377767700 12044 4012 13767 4018
1377767400 13791 3152 17466 3841
1377767100 17439 3837 17466 3841
1377766800 13473 3251 13482 3377
1377766500 12220 3375 12221 3377
1377766200 12106 3106 12109 3202
1377765900 11697 3201 11799 3202
1377765600 11798 3118 11799 3385
1377765300 11778 3382 11779 3385
1377765000 11655 3058 11844 3222
1377764700 11843 3221 11844 3222
1377764400 11735 3121 12009 3499
1377764100 12007 3497 12009 3499
1377763800 11814 3218 11881 3807
1377763500 11880 3802 11881 3807
1377763200 11861 3060 11864 3202
1377762900 11559 3201 12199 3202
1377762600 12195 3157 12199 3158
1377762300 11690 3144 11717 3275
1377762000 11718 3277 11949 3682
1377761700 11950 3678 12188 3682
1377761400 12188 3089 12240 3464
1377761100 12238 3464 12240 3555
1377760800 12020 3554 12021 3555
1377760500 11777 3343 11778 3344
1377760200 11978 3373 46085 14728
1377759900 45855 14650 46085 14728
1377759600 11633 3054 11798 3252
1377759300 11798 3251 11840 3252
1377759000 11838 3104 11840 3201
1377758700 11590 3200 11591 3201
1377758400 11556 3112 11731 3372
1377758100 11729 3369 11731 3372
1377757800 11476 3062 11687 3219
1377757500 11687 3219 11786 3247
1377757200 11786 3247 11865 3496
1377756900 11865 3495 12022 3496
1377756600 12019 3340 12022 3722
1377756300 11690 3718 11691 3722
1377756000 11604 3169 11605 3237
1377755700 11498 3236 11660 3237
1377755400 11659 3112 11660 3276
1377755100 11655 3275 11656 3276
1377754800 11559 3208 11647 3239
1377754500 11648 3239 12021 3317
1377754200 12019 3316 12021 3317
1377753900 11559 3222 11754 3302
1377753600 11753 3301 11754 3302
1377753300 11640 3270 12446 3960
1377753000 12441 3959 12446 3960
1377752700 11781 3884 11782 3887
1377752400 11693 3085 11771 3214
1377752100 11770 3213 11771 3214
1377751800 11550 3122 11700 3143
1377751500 11701 3143 11889 3174
1377751200 11890 3175 12169 3443
1377750900 12168 3441 12169 3443
1377750600 12130 3223 12135 3224
1377750300 11431 3204 11900 3502
1377750000 11897 3500 11900 3502
1377749700 11595 3202 11923 3203
1377749400 11922 3130 11923 3863
1377749100 11798 3857 11836 3863
1377748800 11832 3079 11836 3177
1377748500 11383 3177 12042 3203
1377748200 12038 3202 12042 3203
1377747900 11474 3161 12111 3299
1377747600 12109 3299 12111 3378
1377747300 11593 3376 12127 3378
1377747000 12140 3123 14106 3449
1377746700 14133 3447 18159 3449
1377746400 18137 3260 18159 3485
1377746100 11635 3484 12069 3485
1377745800 12066 3290 12069 3706
1377745500 11719 3701 11936 3706
1377745200 11931 3085 11936 3172
1377744900 11252 3172 12067 3219
1377744600 12064 3218 12067 3219
1377744300 11365 3150 12216 3201
1377744000 12216 3201 12259 3277
1377743700 12258 3276 12259 3277
1377743400 12117 3175 12122 3205
1377743100 11508 3205 12006 3352
1377742800 12003 3351 12006 3352
1377742500 11658 3236 12144 3237
1377742200 12142 3133 12144 3871
1377741900 11941 3867 12471 3871
1377741600 12465 3403 12471 3795
1377741300 11582 3790 12008 3795
1377741000 12006 3104 12008 3251
1377740700 11730 3250 11955 3251
1377740400 11953 3151 11955 3267
1377740100 11724 3267 11944 3284
1377739800 11942 3283 11944 3284
1377739500 11737 3252 12066 3253
1377739200 12063 3176 12066 3433
1377738900 11712 3431 12225 3433
1377738600 12223 3167 12225 3745
1377738300 12067 3742 12255 3745
1377738000 12250 3316 12255 3318
1377737700 11547 3154 11993 3157
1377737400 11990 3157 11993 3175
1377737100 11690 3175 12003 3205
1377736800 12003 3205 12082 3324
1377736500 12082 3323 12091 3324
1377736200 12090 3109 12091 3264
1377735900 11991 3263 11992 3264
1377735600 11944 3205 11945 3551
1377735300 11929 3548 12141 3551
1377735000 12139 3201 12141 3765
1377734700 11921 3760 12072 3765
1377734400 12070 3101 12072 3197
1377734100 11814 3196 11937 3197
1377733800 11937 3150 12066 3168
1377733500 12089 3171 15525 3620
1377733200 15514 3619 15525 3620
1377732900 13924 3557 13931 3558
1377732600 12913 3416 12917 3417
1377732300 12438 3360 13287 3699
1377732000 13318 3700 18014 3921
1377731700 18018 3924 19397 4891
1377731400 19358 4886 19397 4891
1377731100 13609 4167 13613 4172
1377730800 13044 3563 15473 3564
1377730500 15466 3512 15473 3692
1377730200 14466 3691 14654 3692
1377729900 14695 3691 20840 4337
1377729600 21049 4396 52248 13227
1377729300 52260 13254 54058 17392
1377729000 54094 17370 64953 17392
1377728700 64973 10820 67975 10830
1377728400 67626 9360 67975 9403
1377728100 15792 2973 23448 3792
1377727800 23381 3782 23448 3792
1377727500 13546 2330 16377 2331
1377727200 16590 2193 48472 3724
1377726900 48284 3717 48472 3724
1377726600 20418 2837 30455 7381
1377726300 30428 7372 30455 7381
1377726000 26498 6081 26534 7278
1377725700 21201 7275 23570 7278
1377725400 23627 6943 32146 7462
1377725100 32306 7460 56223 7462
1377724800 56243 7208 62302 7210
1377724500 62715 6863 124322 13100
1377724200 124146 13104 124322 13802
1377723900 97477 13759 97930 13802
1377723600 30145 7414 35901 10567
1377723300 35911 10547 37457 10567
1377723000 37393 7698 37457 7715
1377722700 18261 2827 18263 2829
1377722400 18327 2645 52369 6808
1377722100 52514 6906 74264 21594
1377721800 74258 21688 74264 35713
1377721500 73015 35517 73369 35713
1377721200 20322 6400 20352 6426
1377720900 16000 2541 21811 2620
1377720600 22028 2682 54457 12000
1377720300 54392 11990 54457 12000
1377720000 35124 9207 35135 9209
1377719700 31888 8802 31903 8808
1377719400 27594 7155 40981 21780
1377719100 41392 21946 102714 46770
1377718800 102455 46667 102714 46770
1377718500 64003 31358 66848 31428
1377718200 66892 21049 73452 21063
1377717900 73366 18979 73452 18998
1377717600 47682 13324 47754 13369
1377717300 38438 6674 255225 14493
1377717000 254174 14515 255225 17852
1377716700 97464 17790 97613 17852
1377716400 75840 8616 158728 11987
1377716100 158033 11955 158728 11987
1377715800 54617 7330 69460 12999
1377715500 69254 12979 69460 12999
1377715200 38582 10034 38615 10062
1377714900 33786 5919 33813 6543
1377714600 29826 6543 29839 6640
1377714300 26089 6634 28378 6640
1377714000 28380 5784 28690 6797
1377713700 28809 6811 46549 9018
1377713400 46463 9016 46549 9018
1377713100 33761 8757 33793 8775
1377712800 29111 6138 29532 6465
1377712500 29555 6467 36565 7146
1377712200 36773 7156 67873 8793
1377711900 67616 8778 67873 8793
1377711600 29453 6556 39032 6995
1377711300 38964 6980 39032 6995
1377711000 28947 4863 36935 6655
1377710700 36942 6662 39236 8836
1377710400 39333 8837 53870 9106
1377710100 53977 9117 69928 10769
1377709800 69745 10749 69928 10769
1377709500 42616 7775 44524 8980
1377709200 44566 8986 57297 11018
1377708900 57190 11008 57297 11018
1377708600 41597 9568 71678 12416
1377708300 71559 12391 71678 12416
1377708000 53836 8808 53852 8849
1377707700 51323 8833 51499 8849
1377707400 25258 6599 32867 8366
1377707100 32937 8378 43457 10245
1377706800 43635 10266 70241 13458
1377706500 70195 13459 70241 13857
1377706200 56615 13865 58363 15159
1377705900 58887 15170 137059 16814
1377705600 136445 16786 137059 16814
1377705300 45130 12717 70250 13463
1377705000 70322 13499 81126 18943
1377704700 81157 18909 85823 18943
1377704400 85597 13947 85823 13959
1377704100 51891 12222 52028 12263
1377703800 31552 6160 31583 6811
1377703500 27257 6929 55616 24527
1377703200 55515 24475 55616 24527
1377702900 25701 8978 42445 8979
1377702600 42483 9033 48283 23434
1377702300 49678 23391 257677 23434
1377702000 256203 17101 257677 24746
1377701700 36652 24641 36673 24746
1377701400 33563 9108 33645 9136
1377701100 21465 5046 35573 11893
1377700800 35612 11898 41534 12647
1377700500 41527 12606 41534 12647
1377700200 40519 6594 40624 6638
1377699900 24998 6631 36749 6638
1377699600 36649 5636 36749 5640
1377699300 21782 5193 22981 7142
1377699000 23027 7133 30030 7142
1377698700 29959 5905 30030 5915
1377698400 19459 4496 21278 4502
1377698100 21262 3738 21278 3739
1377697800 16793 3477 19956 3481
1377697500 20154 2971 49710 14181
1377697200 49481 14133 49710 14181
1377696900 15539 7142 26380 15419
1377696600 26336 15338 26380 15419
1377696300 19796 3283 19809 3328
1377696000 17885 3319 17917 3328
1377695700 13207 2013 14251 2014
1377695400 14319 1900 24497 4049
1377695100 24455 4042 24497 4049
1377694800 11931 2191 11940 2195
1377694500 10630 1711 11527 1852
1377694200 11526 1851 11527 1852
1377693900 11432 1817 19647 4342
1377693600 19593 4330 19647 4342
1377693300 11567 2626 11585 2635
1377693000 9018 1364 9563 1366
1377692700 9563 1141 9795 1239
1377692400 9792 1241 9795 1569
1377692100 9419 1567 9511 1569
1377691800 9508 1413 9511 1688
1377691500 9079 1683 9083 1688
1377691200 8516 1084 9066 1085
1377690900 9069 1086 9576 1529
1377690600 9572 1529 9576 1558
1377690300 9004 1555 9007 1558
1377690000 8680 1192 8681 1193
1377689700 8568 1131 8660 1299
1377689400 8660 1298 8801 1299
1377689100 8800 1185 8801 1186
1377688800 8755 1179 8756 1333
1377688500 8577 1331 8579 1333
1377688200 8282 1154 8748 1651
1377687900 8745 1647 8748 1651
1377687600 8428 1050 8429 1051
1377687300 8349 957 8500 1163
1377687000 8502 1162 8820 1163
1377686700 8815 1131 8820 1133
1377686400 8189 980 8466 1102
1377686100 8469 1106 9035 1764
1377685800 9033 1760 9035 1764
1377685500 8734 1171 8738 1173
1377685200 8238 1021 8532 1213
1377684900 8531 1213 8532 1216
1377684600 8478 1219 8525 1710
1377684300 8524 1705 8525 1710
1377684000 8426 1047 8427 1048
1377683700 8388 943 8389 1300
1377683400 8357 1298 8651 1300
1377683100 8649 1012 8651 1054
1377682800 8361 1054 8424 1242
1377682500 8422 1241 8424 1242
1377682200 8277 1135 8900 1356
1377681900 8895 1353 8900 1356
1377681600 8156 986 8578 1357
1377681300 8576 1355 8578 1357
1377681000 8321 1107 8499 1511
1377680700 8498 1508 8499 1511
1377680400 8393 1062 8478 1063
1377680100 8478 945 8580 1127
1377679800 8580 1127 8580 1130
1377679500 8579 1129 8580 1130
1377679200 8468 1118 8470 1119
1377678900 8219 1069 8358 1160
1377678600 8359 1159 8657 1160
1377678300 8654 1057 8657 1096
1377678000 8299 1096 8393 1235
1377677700 8395 1239 8839 1845
1377677400 8838 1843 8839 1845
1377677100 8691 1669 8692 1673
1377676800 8614 1150 8617 1152
1377676500 8241 919 8417 1170
1377676200 8418 1169 8689 1170
1377675900 8687 1027 8689 1066
1377675600 8355 1069 8582 1537
1377675300 8581 1535 8582 1537
1377675000 8449 1288 8501 1290
1377674700 8499 1086 8501 1087
1377674400 8343 1064 8386 1260
1377674100 8387 1259 8675 1260
1377673800 8675 1182 8797 1669
1377673500 8792 1664 8797 1669
1377673200 8120 1026 9927 1039
1377672900 9922 1039 9927 1236
1377672600 8506 1235 8507 1236
1377672300 8410 1133 8586 1228
1377672000 8585 1226 8586 1228
1377671700 8475 1066 8477 1178
1377671400 8235 1177 8572 1178
1377671100 8571 1044 8572 1302
1377670800 8459 1301 8460 1302
1377670500 8423 1277 8597 1278
1377670200 8607 1218 10134 1743
1377669900 10121 1738 10134 1743
1377669600 8284 997 8285 998
1377669300 8213 952 8739 1109
1377669000 8740 1111 8908 1414
1377668700 8905 1412 8908 1414
1377668400 8234 975 8601 1093
1377668100 8600 1093 8601 1208
1377667800 8415 1206 8539 1208
1377667500 8536 1051 8539 1052
1377667200 8164 962 8383 1300
1377666900 8387 1304 8998 1931
1377666600 8996 1928 8998 1931
1377666300 8714 1544 8718 1548
1377666000 8173 1036 8174 1037
1377665700 8042 938 8586 1087
1377665400 8584 1087 8586 1206
1377665100 8432 1207 8433 1719
1377664800 8396 1717 8639 1719
1377664500 8636 1215 8639 1216
1377664200 8220 1176 8221 1177
1377663900 8093 996 8207 1244
1377663600 8207 1242 8217 1244
1377663300 8216 1031 8217 1159
1377663000 8208 1162 8873 1678
1377662700 8869 1673 8873 1678
1377662400 8331 1163 9592 19554
1377662100 9591 19503 9592 19554
1377661800 9513 11970 9517 12022
1377661500 8984 4315 16494 7010
1377661200 16443 7005 16494 7010
1377660900 8941 6256 8944 6277
1377660600 8576 3377 10415 27195
1377660300 10401 27028 10415 27195
1377660000 8459 2215 8813 7662
1377659700 8851 7622 14537 7662
1377659400 14498 1688 14537 2883
1377659100 8713 2879 8714 2883
1377658800 8623 2428 11834 2832
1377658500 11849 2875 14228 9341
1377658200 14208 9336 14228 9341
1377657900 11273 8618 20911 12150
1377657600 20834 12101 20911 12150
1377657300 9400 4776 9408 4802
1377657000 8219 1034 8583 1234
1377656700 8581 1233 8583 1234
1377656400 8116 1094 8310 1133
1377656100 8309 1132 8310 1133
1377655800 8230 1038 10985 1947
1377655500 10976 1943 10985 1947
1377655200 8427 958 8429 1118
1377654900 8243 1117 8244 1118
1377654600 8145 1046 8575 1144
1377654300 8572 1143 8575 1144
1377654000 8240 1015 8400 1203
1377653700 8399 1202 8400 1203
1377653400 8226 945 8536 1276
1377653100 8534 1275 8536 1276
1377652800 8243 1268 8631 1269
1377652500 8630 1153 8631 1154
1377652200 8618 1080 8887 1745
1377651900 8885 1740 8887 1745
1377651600 8604 1108 8668 1110
1377651300 8666 956 8668 1130
1377651000 8332 1130 8940 1156
1377650700 8939 1156 8940 1204
1377650400 8843 1203 8847 1204
1377650100 8328 1154 8428 1156
1377649800 8431 985 8928 1195
1377649500 8924 1193 8928 1195
1377649200 8369 1028 8831 1742
1377648900 8829 1738 8831 1742
1377648600 8562 1187 9328 1725
1377648300 9323 1722 9328 1725
1377648000 8704 1344 8766 1347
1377647700 8764 948 8766 1074
1377647400 8570 1075 8872 1247
1377647100 8870 1245 8872 1247
1377646800 8668 1002 8910 1163
1377646500 8905 1162 8910 1163
1377646200 8289 1049 9596 1402
1377645900 9592 1401 9596 1402
1377645600 9006 1311 9958 1644
1377645300 9957 1642 9958 1644
1377645000 9956 1429 10946 2568
1377644700 10939 2559 10946 2568
1377644400 9915 1295 10811 1439
1377644100 10831 1444 13943 2295
1377643800 13938 2293 13943 2295
1377643500 12458 1953 12852 1956
1377643200 12852 1555 12917 1671
1377642900 12906 1671 12917 1807
1377642600 11343 1831 17082 5417
1377642300 17069 5413 17082 5417
1377642000 16053 4922 253119 6580
1377641700 251612 6580 253119 6580
1377641400 27310 6650 77352 27777
1377641100 76915 27608 77352 27777
1377640800 12190 2573 51017 7354
1377640500 51233 7547 83436 36421
1377640200 83401 36316 83436 36421
1377639900 72857 5191 73024 5197
1377639600 47978 4357 48008 4360
1377639300 43601 4024 43623 5236
1377639000 40483 5268 54628 10044
1377638700 54620 10053 54628 11475
1377638400 53419 11428 53499 11475
1377638100 41464 4548 41510 4551
1377637800 34586 4247 34689 5773
1377637500 19228 5755 19245 5773
1377637200 16822 3223 20536 3520
1377636900 20566 3524 25048 4134
1377636600 24990 4123 25048 4134
1377636300 16431 2587 17827 3231
1377636000 17821 3223 17827 3231
1377635700 17030 2071 17618 2832
1377635400 17622 2841 18284 4313
1377635100 18345 4310 27515 4313
1377634800 27479 3986 27515 4513
1377634500 22243 4501 22253 4513
1377634200 20842 2835 27479 4543
1377633900 27424 4529 27479 4543
1377633600 19265 2583 19274 2584
1377633300 18164 2453 47190 2455
1377633000 47214 2271 50938 2273
1377632700 50735 2019 50938 6424
1377632400 20491 6408 20522 6424
1377632100 15917 4141 29082 4310
1377631800 29047 4304 29082 4310
1377631500 18628 2794 19389 2796
1377631200 19397 2472 21967 2473
1377630900 21926 2237 21967 2757
1377630600 15895 2755 15902 2757
1377630300 14853 2546 14959 2553
1377630000 14962 1633 15521 1902
1377629700 15554 1904 20598 2221
1377629400 20572 2218 20598 2221
1377629100 16779 1895 16858 2064
1377628800 16875 2071 19436 3187
1377628500 19427 3187 19436 3251
1377628200 18303 3316 42458 13025
1377627900 42416 12998 42458 13025
1377627600 29919 5001 35842 5580
1377627300 35842 5595 35909 7894
1377627000 36044 7923 56270 12337
1377626700 56215 12347 56270 13955
1377626400 48083 13955 48108 14170
1377626100 40867 14144 40871 14170
1377625800 35443 10923 40305 13100
1377624600 52927 12762 70646 16819
1377622800 45182 14136 53299 19866
1377621000 61519 13651 93359 19471
1377619200 70675 16494 174633 19471
1377617400 78024 14720 174633 19122
1377615600 91238 15926 390171 34156
1377613800 91169 14555 390171 34156
1377612000 27688 7007 41011 8933
1377610200 23208 6212 35844 8400
1377608400 16128 3670 21737 4239
1377606600 13408 3297 14406 3648
1377604800 13162 3011 14081 3153
1377603000 12876 3171 13495 3774
1377601200 12853 3036 13177 3191
1377599400 13547 3299 15147 3921
1377597600 12729 2988 13032 3117
1377595800 12783 3114 13403 3539
1377594000 12783 2962 13100 3024
1377592200 12871 3235 13621 4341
1377590400 12675 2995 13129 3198
1377588600 12737 3275 13322 4348
1377586800 12642 2983 13658 3077
1377585000 13065 3126 13821 3566
1377583200 13205 2975 14258 3051
1377581400 13321 3183 14243 3644
1377579600 13064 2964 14088 3052
1377577800 13255 3221 14662 3711
1377576000 13057 2966 14238 3031
1377574200 13122 3100 14119 3408
1377572400 13105 2979 14190 3033
1377570600 18268 3350 30187 3869
1377568800 13083 2987 13836 3157
1377567000 13275 3107 14111 3571
1377565200 14295 3884 20019 9879
1377563400 20768 10054 21568 10482
1377561600 21313 10034 22368 10133
1377559800 23588 10434 31250 12528
1377558000 27777 9584 35552 12662
1377556200 117664 86834 420391 247755
1377554400 98520 52485 351571 194927
1377552600 39423 7600 67663 11071
1377550800 50673 12976 78692 18793
1377549000 33160 9574 39961 18078
1377547200 26891 7132 31591 11831
1377545400 33351 11193 43865 11831
1377543600 36962 7237 72692 13138
1377541800 46272 7008 71369 13138
1377540000 39504 8462 55346 20192
1377538200 101152 10752 341555 29302
1377536400 96832 89881 140236 369839
1377534600 100220 17980 139294 45404
1377532800 53098 10767 81991 14865
1377531000 99398 160283 290998 745757
1377529200 77057 20250 121282 42907
1377527400 47336 13157 68519 18898
1377525600 38037 8244 58625 14076
1377523800 17965 5591 21217 14261
1377522000 10712 975 12684 1338
1377520200 8740 600 29327 11993
1377518400 18325 4568 185714 11993
1377516600 222850 6646 660882 21426
1377514800 9511 3142 17642 16603
1377513000 7911 476 8181 976
1377511200 7951 354 8460 443
1377509400 7905 474 8201 998
1377507600 7905 337 8141 447
1377505800 7937 455 8208 864
1377504000 7883 331 8100 613
1377502200 7968 497 8422 811
1377500400 7841 332 8232 421
1377498600 8142 485 9914 1025
1377496800 7860 340 8219 449
1377495000 8010 600 8513 1024
1377493200 7870 333 8091 443
1377491400 7831 447 8152 806
1377489600 7783 331 7917 409
1377487800 7886 462 8167 844
1377486000 7820 336 8100 451
1377484200 7885 465 8186 947
1377482400 7778 339 8106 449
1377480600 7833 480 8173 982
1377478800 7763 329 8014 427
1377477000 7848 478 8233 1008
1377475200 7779 336 7981 432
1377473400 7780 443 8100 803
1377471600 7786 332 8100 423
1377469800 8247 483 10916 1025
1377468000 8115 352 9680 469
1377466200 7852 450 8255 831
1377464400 7803 330 8082 433
1377462600 7858 458 8203 874
1377460800 7799 341 8059 647
1377459000 7886 518 8320 947
1377457200 7790 338 7980 448
1377455400 7902 485 8418 1028
1377453600 7780 336 8112 441
1377451800 7977 609 8272 1042
1377450000 7779 335 8198 424
1377448200 7838 582 8209 996
1377446400 7791 341 8002 444
1377444600 7826 448 8207 829
1377442800 7784 334 8017 440
1377441000 7840 475 8251 961
1377439200 7803 339 8051 444
1377437400 7841 471 8132 916
1377435600 7803 327 7974 403
1377433800 7875 473 8363 978
1377432000 7806 334 8152 438
1377430200 7872 457 8305 844
1377428400 7846 334 8211 453
1377426600 7832 474 8268 984
1377424800 7774 333 7959 423
1377423000 7847 482 8308 1001
1377421200 7848 337 8232 456
1377419400 7899 459 8134 909
1377417600 7860 338 8077 626
1377415800 7918 507 8411 868
1377414000 7818 334 8046 460
1377412200 7867 460 8160 887
1377410400 7784 334 7915 440
1377408600 8018 590 8607 1046
1377406800 7796 335 8036 438
1377405000 7879 473 8226 969
1377403200 7785 325 7896 397
1377401400 7860 432 8149 807
1377399600 7813 292 8108 362
1377397800 7875 454 8388 854
1377396000 7775 336 8062 450
1377394200 7879 469 8510 905
1377392400 7230 338 7371 418
1377390600 7298 469 7805 967
1377388800 7262 339 7466 463
1377387000 7352 467 7594 916
1377385200 7198 326 7402 395
1377383400 7584 489 9695 1051
1377381600 7237 335 8568 432
1377379800 7540 490 8568 986
1377378000 7213 335 7528 441
1377376200 7379 572 7699 978
1377374400 7288 337 7448 628
1377372600 7457 516 8195 906
1377370800 7364 331 7651 425
1377369000 7320 490 7760 982
1377367200 7244 338 7545 449
1377365400 7395 596 7791 1049
1377363600 7153 337 7561 454
1377361800 7227 462 7697 892
1377360000 7181 336 7362 439
1377358200 7258 459 7611 887
1377356400 7198 345 7422 508
1377354600 7277 483 7631 998
1377352800 7183 353 7557 437
1377351000 7221 460 7493 851
1377349200 7255 337 7518 449
1377347400 7274 460 7651 854
1377345600 7179 334 7324 425
1377343800 7257 479 7494 961
1377342000 7209 336 7477 444
1377340200 7237 450 7514 850
1377338400 7250 336 7485 439
1377336600 7303 468 7649 926
1377334800 7292 333 7438 420
1377333000 7276 455 7607 856
1377331200 7293 333 7561 626
1377329400 7433 534 8134 1010
1377327600 7259 336 7675 443
1377325800 7322 471 7791 970
1377324000 7229 334 7447 438
1377322200 8284 618 12398 1044
1377320400 7265 332 7525 446
1377318600 7257 475 7534 963
1377316800 7253 334 7517 431
1377315000 7338 500 7622 978
1377313200 7272 334 7519 439
1377311400 7647 472 9615 961
1377309600 7226 332 7440 413
1377307800 7535 483 8390 926
1377306000 7347 332 7617 426
1377304200 7525 455 7897 856
1377302400 7814 397 8143 588
1377300600 8054 648 8568 1135
1377298800 10485 963 13631 1327
1377297000 15504 1793 29633 2529
1377295200 16192 2519 71025 17276
1377293400 25626 7482 71025 17276
1377291600 18446 3842 22827 7139
1377289800 39413 8898 76380 15720
1377288000 40523 4426 86793 6361
1377286200 25004 4753 28697 11447
1377284400 37096 8025 64730 13186
1377282600 54674 11789 106767 18935
1377280800 28346 5144 69198 15264
1377279000 45463 8998 69198 15264
1377277200 71624 12120 89591 15952
1377275400 51756 10696 109442 30925
1377273600 47904 7551 93852 13164
1377271800 79277 11793 107769 14367
1377270000 65722 18771 79509 30178
1377268200 84154 17074 118251 22745
1377266400 43311 13573 55596 23323
1377264600 26767 4574 52056 9086
1377262800 10360 1264 11353 1815
1377261000 9508 1257 11007 1626
1377259200 8422 909 8821 1093
1377257400 8105 978 8794 1292
1377255600 8071 851 8597 976
1377253800 8357 1040 9509 1467
1377252000 8035 878 8485 987
1377250200 8311 968 9005 1356
1377248400 16907 881 47198 946
1377246600 8245 1028 8943 1381
1377244800 8121 852 8656 1195
1377243000 9205 1335 12813 2788
1377241200 7951 837 8330 1103
1377239400 8250 1037 8947 1489
1377237600 8157 853 8735 924
1377235800 8929 1128 10730 1579
1377234000 8891 909 13747 1100
1377232200 8234 1003 8668 1351
1377230400 8172 856 8624 927
1377228600 8234 1051 8822 1538
1377226800 8164 877 8739 1010
1377225000 8610 1023 10467 1576
1377223200 8152 851 8608 999
1377221400 8352 1232 8831 2123
1377219600 9085 943 11759 1194
1377217800 8522 979 9433 1376
1377216000 9700 893 10860 1183
1377214200 15407 1880 40168 6246
1377212400 1186838 60146 7013753 179737
1377210600 26747 3762 53512 9191
1377208800 20397 5268 26316 9504
1377207000 20466 4423 26521 8162
1377205200 20623 3535 76462 14084
1377203400 40680 7132 76462 14084
1377201600 123617 105465 614197 591816
1377199800 27196 5165 32388 6599
1377198000 76294 153263 197479 858424
1377196200 33238 7178 47560 12991
1377194400 29563 4681 43934 6567
1377192600 74356 13258 254263 43378
1377190800 93061 9524 371899 17035
1377189000 59164 10923 104611 17619
1377187200 101758 11293 182653 14833
1377185400 44872 5519 92433 11298
1377183600 36564 7023 47691 19529
1377181800 52448 7621 102896 14474
1377180000 45198 7406 75796 14474
1377178200 22411 4355 55828 8365
1377176400 19325 1805 55828 3909
1377174600 17223 2426 30267 3789
1377172800 9138 944 9612 1025
1377171000 8926 1001 9889 1541
1377169200 8646 841 8922 960
1377167400 9233 937 12068 1432
1377165600 8682 846 8872 958
1377163800 8785 954 9136 1405
1377162000 8711 810 8889 955
1377160200 8818 957 9274 1422
1377158400 8800 878 9128 1038
1377156600 9227 1099 10269 1518
1377154800 9943 878 16239 1064
1377153000 8624 932 8747 1368
1377151200 8919 869 9706 975
1377149400 8779 1074 9196 1487
1377147600 8674 811 8951 887
1377145800 8907 980 9888 1428
1377144000 8684 926 8849 1327
1377142200 8748 1008 9039 1532
1377140400 8672 824 8813 952
1377138600 8919 1038 9351 1642
1377136800 8712 811 8958 908
1377135000 9348 1033 12279 1865
1377133200 9402 1006 11409 1450
1377131400 11149 1081 15478 1453
1377129600 9215 813 9836 1334
1377127800 12451 1424 16053 1769
1377126000 170566 72168 898818 421072
1377124200 29433 5474 75898 12270
1377122400 35569 9030 53440 15818
1377120600 51844 8932 78098 11038
1377118800 48702 6526 78546 8232
1377117000 93957 14705 184007 17707
1377115200 47094 17729 201632 24540
1377113400 198985 20141 288965 29782
1377111600 419797 36899 1019192 81033
1377109800 63532 16551 108349 21841
1377108000 92243 17055 128518 23092
1377106200 590664 137243 1537525 678512
1377104400 70035 13869 122225 20811
1377102600 70186 14401 145097 28445
1377100800 92351 19207 145097 50942
1377099000 125560 25815 227317 40539
1377097200 70178 13981 123757 20760
1377095400 62906 9316 202184 14251
1377093600 42508 9507 58713 18419
1377091800 32479 12153 46123 18419
1377090000 27854 3178 73796 6763
1377088200 11420 1648 12020 2113
1377086400 10193 1265 10914 1372
1377084600 9808 1389 10905 2062
1377082800 9821 1263 10429 1472
1377081000 10379 1463 12346 1932
1377079200 9730 1201 10362 1381
1377077400 10025 1374 10495 1932
1377075600 9952 1293 10291 1666
1377073800 9885 1459 11306 2026
1377072000 10474 1341 11918 1512
1377070200 22863 2669 80798 9015
1377068400 9718 1138 10732 1406
1377066600 9768 1235 10656 1766
1377064800 9798 1312 10616 1838
1377063000 9848 1530 10435 1989
1377061200 9763 1194 10901 1365
1377059400 9614 1268 10758 1833
1377057600 15084 1425 33513 1843
1377055800 10352 1317 11614 1713
1377054000 13573 1294 24564 1670
1377052200 12676 1262 20806 1794
1377050400 11657 1389 13217 1988
1377048600 11448 1247 12463 1839
1377046800 11941 1212 13166 1363
1377045000 13788 1529 19798 2559
1377043200 12607 1273 14069 1519
1377041400 11606 1307 12448 1825
1377039600 21698 4453 32487 8483
1377037800 40878 14694 85575 51542
1377036000 70911 12138 116380 16638
1377034200 75631 19289 179507 35959
1377032400 72750 18847 160840 47685
1377030600 54987 17678 140537 42817
1377028800 98118 24160 148251 38584
1377027000 62818 18916 123537 42148
1377025200 51210 19855 141524 54684
1377023400 53149 14686 81133 18677
1377021600 61979 11131 102511 13205
1377019800 55197 16514 94464 41166
1377018000 65115 18864 90230 24994
1377016200 61190 23224 87100 25819
1377014400 86959 16781 167796 24507
1377012600 81056 28874 101869 51213
1377010800 95067 36554 146961 57826
1377009000 113985 17661 381666 30676
1377007200 93343 14042 222265 27775
1377005400 38476 6486 92533 14795
1377003600 32820 5754 68758 14795
1377001800 17302 4897 22893 8604
1377000000 11076 1520 15378 2018
1376998200 11134 1436 15948 2228
1376996400 13311 1350 23314 1590
1376994600 11705 1544 19181 2336
1376992800 10720 1314 15852 1661
1376991000 89259 3463 479943 13348
1376989200 10808 1339 15936 1799
1376987400 10822 1462 15832 2190
1376985600 11295 1335 17655 1793
1376983800 12438 1570 16494 2204
1376982000 10601 1297 16057 1851
1376980200 97037 13790 132040 17782
1376978400 125114 16728 131564 17249
1376976600 127258 16757 133758 17563
1376974800 74579 11656 127612 16595
1376973000 11482 4323 17437 7994
1376971200 10101 3896 10920 7994
1376969400 10466 5400 11887 10884
1376967600 9741 1219 10791 1322
1376965800 11301 1441 17873 2036
1376964000 10125 1271 12419 1408
1376962200 9877 1404 11379 2117
1376960400 12464 2306 24372 7163
1376958600 10321 1344 11129 1852
1376956800 11181 1218 12502 1508
1376955000 14967 1497 29133 1965
1376953200 15330 2183 20735 4257
1376951400 21337 2407 47339 3672
1376949600 41147 13728 65930 54035
1376947800 45547 9418 70602 14574
1376946000 34161 6932 41809 10603
1376944200 44059 11164 62615 13977
1376942400 35316 5270 62615 7868
1376940600 34633 7323 56349 14401
1376938800 39307 21509 51917 39064
1376937000 51264 29495 81791 61034
1376935200 58839 15354 92289 22019
1376933400 51170 15089 66251 22803
1376931600 47480 11487 55816 18953
1376929800 47934 12988 70084 22863
1376928000 76432 24345 276974 903350
1376926200 100613 162480 276974 903350
1376924400 122893 21359 230166 50567
1376922600 79785 14933 168485 28184
1376920800 81190 21184 176591 43865
1376919000 54224 148107 221591 862571
1376917200 64341 12006 253522 47966
1376915400 60929 5866 140890 12316
1376913600 7387 395 8092 549
1376911800 7114 491 7621 940
1376910000 7047 333 7457 455
1376908200 7392 543 8508 1089
1376906400 41137 144438 207179 864329
1376904600 37395 1165 188654 5100
1376902800 7090 336 7296 432
1376901000 7178 485 7498 1004
1376899200 7058 335 7309 618
1376897400 7127 528 8128 973
1376895600 7157 348 8128 405
1376893800 7489 488 9771 1041
1376892000 6969 335 7266 419
1376890200 7174 600 7596 1017
1376888400 6982 336 7124 440
1376886600 7040 478 7461 976
1376884800 6974 334 7174 453
1376883000 7047 455 7348 755
1376881200 7009 341 7249 437
1376879400 7102 481 7499 1024
1376877600 6982 446 7401 966
1376875800 7083 455 7490 840
1376874000 6996 336 7179 441
1376872200 7069 459 7286 858
1376870400 6968 338 7135 447
1376868600 7086 455 7373 844
1376866800 6990 346 7124 428
1376865000 7309 488 8547 925
1376863200 6980 334 7294 428
1376861400 7086 470 7468 931
1376859600 6991 331 7159 448
1376857800 7089 460 7479 869
1376856000 6965 340 7092 649
1376854200 7137 507 7397 855
1376852400 6978 335 7160 447
1376850600 7071 450 7332 800
1376848800 6972 333 7270 416
1376847000 7213 575 7490 1051
1376845200 7002 337 7231 456
1376843400 7139 456 7753 845
1376841600 6992 344 7164 447
1376839800 7105 450 7406 823
1376838000 6955 329 7112 427
1376836200 7104 484 7368 985
1376834400 7013 336 7176 450
1376832600 7078 483 7412 997
1376830800 6980 331 7209 437
1376829000 7100 470 7499 949
1376827200 7004 331 7303 428
1376825400 7089 470 7554 922
1376823600 6953 336 7076 439
1376821800 7062 449 7503 836
1376820000 6962 336 7116 450
1376818200 7104 471 7480 949
1376816400 7032 334 7196 448
1376814600 7133 471 7462 936
1376812800 7018 442 7359 953
1376811000 7095 504 7452 841
1376809200 6984 333 7338 417
1376807400 7043 463 7380 901
1376805600 6997 328 7195 407
1376803800 7204 603 7707 1052
1376802000 6965 328 7179 436
1376800200 7089 484 7406 1004
1376798400 6961 328 7178 412
1376796600 7069 438 7339 914
1376794800 6956 285 7169 378
1376793000 7187 492 7578 1000
1376791200 6997 336 7134 450
1376789400 7035 458 7488 855
1376787600 7019 337 7286 446
1376785800 7147 445 7655 801
1376784000 7040 332 7224 424
1376782200 7188 481 7698 986
1376780400 7146 334 7736 437
1376778600 7363 458 8927 879
1376776800 7013 331 7307 429
1376775000 7085 463 7366 873
1376773200 7034 332 7306 438
1376771400 7266 451 8197 833
1376769600 7065 360 7360 606
1376767800 7125 502 7534 841
1376766000 7021 335 7219 438
1376764200 7190 472 7433 948
1376762400 7033 332 7139 420
1376760600 7316 591 7972 1068
1376758800 7135 337 7367 448
1376757000 7195 471 7694 958
1376755200 7072 341 7215 450
1376753400 7203 451 7839 830
1376751600 7065 327 7232 416
1376749800 7130 453 7706 825
1376748000 7072 333 7289 424
1376746200 7117 469 7693 924
1376744400 7094 440 7477 974
1376742600 7144 452 7541 833
1376740800 6962 332 7428 434
1376739000 7121 475 7379 965
1376737200 7004 327 7297 420
1376735400 7106 464 7293 910
1376733600 6983 338 7301 440
1376731800 7099 473 7358 935
1376730000 7075 333 7303 454
1376728200 7179 479 7525 988
1376726400 7109 339 7248 582
1376724600 7287 497 7913 838
1376722800 7023 332 7153 449
1376721000 7163 474 7647 953
1376719200 7047 337 7209 425
1376717400 7250 572 7720 1047
1376715600 7151 333 7548 443
1376713800 7243 474 7739 957
1376712000 7067 334 7473 439
1376710200 7226 503 7688 977
1376708400 7191 336 8615 449
1376706600 8561 555 11084 1039
1376704800 7112 337 7528 473
1376703000 7157 477 7535 973
1376701200 7147 341 7574 442
1376699400 7434 455 7752 850
1376697600 7639 355 8534 592
1376695800 8307 564 8716 967
1376694000 9926 803 13674 2162
1376692200 20616 23888 61195 135235
1376690400 33566 6227 57383 9292
1376688600 63825 5394 1210914 26774
1376686800 3805931 51332 7292526 103626
1376685000 1696493 134658 3958144 532156
1376683200 2095916 66684 3746151 268630
1376681400 37096 19008 96283 71481
1376679600 58305 10540 96283 13490
1376677800 64713 17546 362878 642798
1376676000 141191 144155 362878 642798
1376674200 79836 22596 107773 36527
1376672400 111472 29031 177398 37853
1376670600 559343 52408 1818286 91116
1376668800 108793 40706 182283 134529
1376667000 111990 37618 234953 161366
1376665200 135044 50738 391222 219414
1376663400 494676 24482 1419746 80724
1376661600 52416 11065 84480 19404
1376659800 45536 28073 71231 70481
1376658000 19740 7156 31646 12280
1376656200 10811 2095 14862 3880
1376654400 8142 947 8475 1045
1376652600 8002 1059 8467 1523
1376650800 7907 892 8116 1007
1376649000 8181 1007 9656 1420
1376647200 8116 972 9259 1034
1376645400 7851 1020 8253 1536
1376643600 7848 896 8071 990
1376641800 8163 1030 8952 1371
1376640000 8064 877 8952 1211
1376638200 8119 1070 8476 1445
1376636400 7808 897 8302 1008
1376634600 8118 1040 9356 1346
1376632800 7807 891 7967 941
1376631000 7977 1151 8515 1582
1376629200 7716 911 7918 1021
1376627400 8574 1038 11314 1523
1376625600 7703 883 7884 958
1376623800 7914 1077 8363 1523
1376622000 7844 955 8063 1210
1376620200 8227 1035 9935 1542
1376618400 8118 905 8557 1050
1376616600 7956 1064 8334 1635
1376614800 7938 912 8247 986
1376613000 8252 1050 8502 1526
1376611200 8217 934 8766 988
1376609400 14503 1835 27095 2763
1376607600 215026 1305436 2034072 3039994
1376605800 1530641 1036111 3264719 3039994
1376604000 892700 357381 4159090 1077506
1376602200 313911 198541 1595266 1077506
1376600400 73142 23312 115879 33213
1376598600 62353 22489 80990 186894
1376596800 73363 60042 119041 186894
1376595000 175840 25125 723251 44695
1376593200 256836 411965 1012748 1495453
1376591400 67478 19698 92289 25292
1376589600 48847 13412 60952 14880
1376587800 66459 26083 101223 54592
1376586000 87317 25947 95125 31168
1376584200 109758 27703 148117 50006
1376582400 56191 16793 67630 444281
1376580600 1297337 127817 3446257 897015
1376578800 126430 167917 303484 897015
1376577000 329544 22090 1502698 44418
1376575200 36474 7773 66955 10741
1376573400 48077 11248 78645 15811
1376571600 29107 5332 67706 8840
1376569800 22408 21084 69953 105862
1376568000 9731 1010 10976 1243
1376566200 10486 944 16552 1230
1376564400 9088 830 9520 1156
1376562600 9445 881 10969 1248
1376560800 9542 839 11903 1134
1376559000 9632 907 11903 1150
1376557200 9050 785 9779 986
1376555400 9206 925 9716 1333
1376553600 9332 808 9865 1184
1376551800 10313 1292 11271 1751
1376550000 9446 1153 9976 1375
1376548200 9624 1315 10075 1781
1376546400 9458 1103 10226 1267
1376544600 9884 1280 14437 1967
1376539200 9647 1256 11709 1903
1376532000 10237 1648 16251 8954
1376524800 52188 81773 355665 1622436
1376517600 50028 18437 118804 129353
1376510400 42475 22592 150961 230521
1376503200 64643 12428 199528 39421
1376496000 85248 20158 582494 64974
1376488800 27013 3729 129178 9594
1376481600 10201 1704 12366 2377
1376474400 10064 1719 11975 2347
1376467200 43881 2554 568973 14336
1376460000 10309 1799 11612 2648
1376452800 10466 1818 14366 2489
1376445600 11569 1802 16258 2533
1376438400 17501 3341 36680 10551
1376431200 44385 11593 136523 101731
1376424000 187334 20587 2099793 101731
1376416800 83657 17935 244201 35348
1376409600 93051 12177 543569 23730
1376402400 34430 7347 86403 14671
1376395200 11004 2307 13030 2900
1376388000 10913 2303 14138 2881
1376380800 10855 2306 11865 2935
1376373600 10733 2296 11641 2964
1376366400 10858 2282 13791 2915
1376359200 12291 2481 22878 3972
1376352000 23249 5351 91264 22565
1376344800 61364 13707 202919 37922
1376337600 58532 12952 142262 31460
1376330400 76038 21281 135661 35796
1376323200 72957 19620 409097 71088
1376316000 40869 9574 89821 42337
1376308800 8747 880 14797 3996
1376301600 24959 37363 233828 881256
1376294400 7141 413 7564 963
1376287200 7128 432 7756 1008
1376280000 7074 406 7548 969
1376272800 7024 400 7316 971
1376265600 7195 406 9506 1022
1376258400 7037 401 7445 1017
1376251200 7059 415 7514 969
1376244000 7117 430 7668 1023
1376236800 7077 408 7449 933
1376229600 7074 412 7514 996
1376222400 7047 432 7556 986
1376215200 7071 399 7698 1004
1376208000 7064 414 7650 1019
1376200800 7094 432 7490 1032
1376193600 7075 382 7429 1039
1376186400 7060 405 7594 984
1376179200 7231 410 9903 1040
1376172000 11788 1228 47571 7879
1376164800 89977 6056 365106 23889
1376157600 202595 9412 479072 30156
1376150400 319322 8290 989006 20769
1376143200 206990 6212 765335 19742
1376136000 7111 396 7688 887
1376128800 7130 398 7524 901
1376121600 7166 420 7668 988
1376114400 7150 437 7893 1026
1376107200 7449 418 12338 994
1376100000 7323 401 7936 921
1376092800 9911 1272 34272 16007
1376085600 59224 14535 186871 31863
1376078400 63150 16903 142410 38277
1376071200 63705 14899 106791 25964
1376064000 49914 12699 97809 27137
1376056800 36689 9984 87983 36808
1376049600 9412 1267 16366 2513
1376042400 8001 944 8625 1549
1376035200 8175 966 10052 1550
1376028000 10609 966 67863 1566
1376020800 8449 968 15586 1690
1376013600 17424 3072 37971 6404
1376006400 45356 43879 259793 884133
1375999200 58170 16414 170016 55308
1375992000 58120 14590 285797 62087
1375984800 106298 26333 426396 61563
1375977600 193537 36062 891436 296258
1375970400 49234 13318 217343 99791
1375963200 13278 2301 37892 6481
1375956000 25894 37749 235595 881657
1375948800 8253 843 10300 1486
1375941600 8004 819 8738 1433
1375934400 8568 853 13181 1359
1375927200 8419 812 9078 1361
1375920000 50760 10184 402805 65709
1375912800 69304 18237 160413 45567
1375905600 97683 21909 330462 94087
1375898400 135035 27708 493135 83020
1375891200 418743 39295 5130771 305410
1375884000 54717 13358 268156 51686
1375876800 8475 1034 14886 5647
1375869600 7954 793 8281 1302
1375862400 7966 816 8504 1386
1375855200 7998 854 8693 1421
1375848000 8082 824 10627 1497
1375840800 8730 886 14304 2372
1375833600 50905 12974 156872 54025
1375826400 97180 25360 368882 44440
1375819200 153083 54394 661642 248501
1375812000 74995 23188 149423 72594
1375804800 147447 56211 926916 623024
1375797600 43386 7423 172544 16978
1375790400 10072 1101 11377 1595
1375783200 9760 1055 10404 1741
1375776000 9692 1068 10835 1741
1375768800 9461 1052 10223 1540
1375761600 9532 1027 11424 1551
1375754400 10064 1068 13596 1652
1375747200 27372 4508 298264 881380
1375740000 112951 100914 651285 881380
1375732800 44136 9007 119972 21092
1375725600 47924 8998 112823 18186
1375718400 51656 8216 237283 19254
1375711200 17649 3569 40756 22008
1375704000 7698 423 9037 1052
1375696800 35890 37628 421232 886998
1375689600 7511 415 7945 961
1375682400 7493 423 8212 1013
1375675200 7510 399 9638 942
1375668000 7407 396 7899 928
1375660800 7390 400 7691 973
1375653600 7425 431 7846 1028
1375646400 7420 411 7858 953
1375639200 7435 425 7984 1011
1375632000 7443 397 7766 981
1375624800 7432 393 7837 867
1375617600 7478 392 7976 874
1375610400 7501 403 8017 987
1375603200 7527 420 8037 978
1375596000 7516 419 8113 1015
1375588800 7482 368 7958 881
1375581600 7534 398 8221 948
1375574400 7892 420 9795 955
1375567200 8189 533 8689 1449
1375560000 7937 455 8484 1037
1375552800 8371 438 9350 1040
1375545600 8293 423 9137 1056
1375538400 7711 416 8738 888
1375531200 7587 403 8147 1037
1375524000 7626 391 8131 874
1375516800 7609 416 8136 1010
1375509600 7801 438 12970 1021
1375502400 7682 425 9717 957
1375495200 7818 410 8720 931
1375488000 11795 3390 36106 54242
1375480800 180727 11136 3128609 69725
1375473600 165162 72661 2602073 1242498
1375466400 74781 41070 671452 622239
1375459200 49167 14301 131606 28520
1375452000 17841 5408 40660 12346
1375444800 10105 1849 22392 6212
1375437600 8363 990 9301 1639
1375430400 8165 1007 8587 1463
1375423200 8432 1057 14761 1809
1375416000 8309 1039 11275 1763
1375408800 8914 995 10876 1586
1375401600 20997 6289 116886 30965
1375394400 51591 21877 134063 67702
1375387200 38598 15660 101854 33119
1375380000 41576 15255 95810 43929
1375372800 110095 25449 931321 250198
1375365600 33961 8579 100211 21579
1375358400 9947 1308 11232 1788
1375351200 28920 38135 266126 880586
1375344000 9844 1247 10744 1983
1375336800 9809 1355 11676 4012
1375329600 10384 1839 16013 7889
1375322400 10417 1260 12000 1942
1375315200 24765 8631 103394 89133
1375308000 28297 7498 46511 17157
1375300800 37727 8831 219215 20642
1375293600 53597 12879 452590 63205
1375286400 58849 16714 260936 109738
1375279200 30087 8384 88862 31718
1375272000 11372 2654 24144 8758
1375264800 10749 2314 11878 2892
1375257600 10731 2313 12326 2838
1375250400 10761 2315 12326 2855
1375243200 11091 2323 16583 2768
1375236000 11011 2336 12221 3564
1375228800 28953 6623 2706666 2659958
1375221600 211109 172753 2706666 2659958
1375214400 41743 9641 76818 17636
1375207200 72942 11645 500099 24682
1375200000 93337 14886 925083 28032
1375192800 59974 9769 467420 51522
1375185600 10903 1458 15691 3235
1375178400 10186 1182 11799 1949
1375171200 10083 1205 10749 2119
1375164000 10137 1248 10975 1912
1375156800 10524 1231 16492 1800
1375149600 10349 1099 12653 1824
1375142400 18603 2027 132263 6878
1375135200 46430 8269 190395 20050
1375128000 35474 7617 70558 14748
1375120800 76678 9897 917054 30899
1375113600 33298 6856 63368 13362
1375106400 36350 4957 196342 12091
1375099200 8935 657 16875 2527
1375092000 25981 37334 244709 880276
1375084800 7700 416 8362 1069
1375077600 7640 419 8193 1113
1375070400 7646 400 7936 1019
1375063200 7606 408 7931 990
1375056000 7609 398 8085 876
1375048800 7716 407 8418 891
1375041600 7953 422 8385 992
1375034400 7644 436 8115 992
1375027200 7649 405 8060 1094
1375020000 7609 421 7998 964
1375012800 7583 403 8044 1023
1375005600 7606 399 7908 953
1374998400 7710 406 8564 986
1374991200 7996 440 15426 1165
1374984000 7654 420 8270 847
1374976800 7620 419 8003 991
1374969600 7718 397 9802 1021
1374962400 12135 576 107574 3107
1374955200 7744 423 8261 1300
1374948000 7755 415 8225 994
1374940800 7715 417 8136 1119
1374933600 7651 395 7943 968
1374926400 7602 385 7910 971
1374919200 7662 392 8022 893
1374912000 7654 401 8131 968
1374904800 7670 420 8116 987
1374897600 7691 404 8002 963
1374890400 8129 446 12611 1213
1374883200 10158 798 20558 3642
1374876000 21594 3947 55040 7841
1374868800 44002 11607 154054 76265
1374861600 31340 6710 81782 18107
1374854400 43014 5205 192800 15486
1374847200 16762 3484 28646 9721
1374840000 8566 870 12377 5108
1374832800 8242 613 8720 1152
1374825600 8296 626 9706 1131
1374818400 8603 653 14859 1321
1374811200 8210 661 8523 1246
1374804000 8342 614 9032 1183
1374796800 27784 3761 154456 20622
1374789600 31798 5354 112799 10802
1374782400 59990 7653 175502 18864
1374775200 30646 6283 76289 13226
1374768000 29970 7568 64137 30056
1374760800 23704 4813 70962 11770
1374753600 8738 651 9633 1094
1374746400 35269 1080 446346 10906
1374739200 8528 617 8908 1061
1374732000 8722 656 13357 1256
1374724800 8573 648 9578 1487
1374717600 10443 861 22303 1372
1374710400 15897 1962 51283 8344
1374703200 40258 6592 138061 19164
1374696000 42124 6165 161826 13160
1374688800 57686 11113 202373 22276
1374681600 72683 14698 678318 36379
1374674400 38753 7803 113156 26767
1374667200 15561 1948 95363 14704
1374660000 8956 559 9656 1210
1374652800 9066 671 12922 3017
1374645600 8676 596 9595 1247
1374638400 8951 634 10977 1364
1374631200 10484 704 16628 1471
1374624000 15955 2619 90509 38676
1374616800 44658 11308 122718 39668
1374609600 40273 7240 160136 13433
1374602400 66701 11479 383221 35364
1374595200 92273 13901 995948 32198
1374588000 32799 7667 94488 42841
1374580800 8585 908 10452 1580
1374573600 8399 808 9004 1402
1374566400 8488 826 9913 1278
1374559200 8435 836 8704 1363
1374552000 8774 976 13614 3705
1374544800 9103 849 12595 1350
1374537600 22473 5198 52665 20846
1374530400 43435 7939 88491 11460
1374523200 64217 47479 209413 892626
1374516000 199545 15040 1098263 32008
1374508800 46568 14199 111970 81992
1374501600 23634 3529 95351 13014
1374494400 7494 314 8296 951
1374487200 17117 616 244666 6141
1374480000 7253 261 7489 831
1374472800 7228 276 8090 873
1374465600 7212 246 7483 783
1374458400 7163 247 7385 831
1374451200 7182 247 7678 809
1374444000 7178 241 7551 712
1374436800 7183 254 7475 815
1374429600 7226 282 7845 843
1374422400 7184 240 7438 710
1374415200 7182 250 7484 817
1374408000 7193 249 7611 845
1374400800 7208 246 7604 829
1374393600 7201 258 7601 821
1374386400 7206 279 8078 873
1374379200 7178 251 7512 847
1374372000 7178 247 7478 861
1374364800 7271 248 9343 798
1374357600 7215 248 7615 847
1374350400 7207 259 7487 829
1374343200 7268 286 7907 940
1374336000 7283 271 7705 1106
1374328800 7307 291 7712 1013
1374321600 7223 248 7478 838
1374314400 7242 245 7619 852
1374307200 7259 259 7725 792
1374300000 7276 279 7761 866
1374292800 7546 266 12505 814
1374285600 7481 261 7877 847
1374278400 12827 1759 31458 13816
1374271200 34923 6486 103903 17240
1374264000 37528 9670 106122 30226
1374256800 46478 12604 99305 26132
1374249600 78795 13610 351794 61653
1374242400 29332 5939 100254 17706
1374235200 8571 909 9788 1411
1374228000 8388 822 8707 1438
1374220800 8543 823 9575 1427
1374213600 8380 849 9608 1484
1374206400 8383 858 10012 1551
1374199200 8731 828 13341 1355
1374192000 39791 10855 242602 38567
1374184800 68518 16973 184601 43125
1374177600 49360 15537 229200 95143
1374170400 58011 14506 251559 30246
1374163200 108724 263628 371579 2914322
1374156000 50240 8418 121217 30792
1374148800 8952 1155 9810 1609
1374141600 28435 37945 263955 454095
1374134400 8747 1064 9342 1936
1374127200 8709 1211 9416 3543
1374120000 8730 1025 9220 1506
1374112800 9701 1077 19640 1630
1374105600 18603 19438 49121 297072
1374098400 269935 120842 2032217 1257321
1374091200 79120 19163 146437 47453
1374084000 53376 10738 243480 18731
1374076800 68475 15701 368388 34385
1374069600 23891 5227 94482 26944
1374062400 9110 1057 10791 1735
1374055200 8838 970 9290 1627
1374048000 8810 1026 9669 1664
1374040800 8613 1017 9060 1659
1374033600 13871 1137 118613 4267
1374026400 9055 1003 14723 1778
1374019200 14839 5841 46249 84438
1374012000 54851 9149 235553 27123
1374004800 28365 6188 167320 20294
1373997600 59824 14650 167320 23545
1373990400 58054 14129 133589 61917
1373983200 22694 7334 88924 61917
1373976000 10394 1558 11234 2130
1373968800 10525 1569 13765 2297
1373961600 10542 1559 13255 2086
1373954400 10761 1617 13602 2716
1373947200 11022 1888 12046 2646
1373940000 11380 1935 12987 2488
1373932800 20574 7449 42116 22845
1373925600 49341 16671 113940 28059
1373918400 61059 19031 186196 56096
1373911200 52322 18639 93482 48459
1373904000 59625 13310 307903 23312
1373896800 29286 6483 83544 16024
1373889600 7311 327 8714 1036
1373882400 25050 26501 233419 312383
1373875200 7151 258 7433 850
1373868000 7132 278 7943 881
1373860800 7129 247 7435 821
1373853600 7195 244 8677 854
1373846400 7148 245 7515 846
1373839200 7148 238 7407 720
1373832000 7191 274 7451 859
1373824800 7203 277 7644 867
1373817600 7174 246 7379 823
1373810400 7160 239 7374 728
1373803200 7151 242 7403 733
1373796000 7166 250 7460 835
1373788800 7184 256 7533 778
1373781600 7140 277 7692 891
1373774400 11750 247 114348 848
1373767200 7089 237 7367 697
1373760000 7124 243 8002 769
1373752800 7126 242 7500 801
1373745600 7012 256 7245 799
1373738400 7136 282 7759 876
1373731200 7072 245 7386 826
1373724000 7038 244 7292 790
1373716800 7034 246 7262 855
1373709600 7048 243 7314 793
1373702400 7080 261 7513 821
1373695200 7076 280 7679 865
1373688000 7327 251 12103 855
1373680800 7243 249 7567 773
1373673600 12862 3073 54760 31263
1373666400 66563 22530 116146 35189
1373659200 62399 21836 105448 53074
1373652000 59038 50363 215718 885850
1373644800 42645 10259 118949 27003
1373637600 15799 2994 35643 10290
1373630400 9673 944 12974 2022
1373623200 12948 1003 90070 2994
1373616000 9474 892 10493 1364
1373608800 15391 945 152509 1760
1373601600 9474 897 14927 1645
1373594400 9739 931 13700 1992
1373587200 31519 43557 227031 889446
1373580000 52882 11119 334241 30874
1373572800 44580 14124 76005 44260
1373565600 45409 12498 228034 71188
1373558400 75098 17439 572950 83863
1373551200 21118 4731 62153 12189
1373544000 7993 571 10700 2371
1373536800 26408 37315 256876 531265
1373529600 8211 712 9423 1364
1373522400 7801 778 8587 1349
1373515200 8048 825 10614 1291
1373508000 8492 846 13055 1602
1373500800 14555 1399 55848 9217
1373493600 56000 8051 147943 19793
1373486400 88752 23922 277084 68012
1373479200 94190 24041 344652 76303
1373472000 95772 20423 298456 30657
1373464800 48458 8574 378639 18684
1373457600 15021 1689 17417 3763
1373450400 14842 1543 15816 2145
1373443200 32434 2070 436345 12849
1373436000 26627 1939 296995 9538
1373428800 14957 1568 17959 2206
1373421600 15043 1572 16138 2071
1373414400 119882 14219 1165034 108848
1373407200 65098 9372 281572 41873
1373400000 64778 10548 433286 40821
1373392800 83177 19307 501276 79900
1373385600 52693 10892 456239 22732
1373378400 35182 7304 82824 22793
1373371200 9798 928 10642 1502
1373364000 9629 891 10423 1343
1373356800 9668 916 10967 1639
1373349600 9566 898 10490 1532
1373342400 9594 869 10630 1370
1373335200 9789 879 10623 1320
1373328000 14792 3938 37904 22407
1373320800 38558 9414 110289 22814
1373313600 48851 8998 153224 32047
1373306400 40808 9249 83061 31977
1373299200 116544 10300 1011104 39257
1373292000 138599 7568 928207 31933
1373284800 8014 361 24579 1797
1373277600 24732 37062 226547 575300
1373270400 7150 255 7510 784
1373263200 7143 275 7746 862
1373256000 7165 247 7501 842
1373248800 7148 244 7368 850
1373241600 7143 245 7501 823
1373234400 7389 243 10278 769
1373227200 7334 259 7606 819
1373220000 7302 275 8035 866
1373212800 7156 243 7353 811
1373205600 7140 244 7501 815
1373198400 7141 252 7487 850
1373191200 7153 248 7318 778
1373184000 7147 250 7333 695
1373176800 7173 281 8015 871
1373169600 7193 250 7497 848
1373162400 7191 246 7506 778
1373155200 7178 246 7366 834
1373148000 7327 254 8665 827
1373140800 7302 258 7680 868
1373133600 7319 278 7818 861
1373126400 7346 250 8409 797
1373119200 7295 247 7573 850
1373112000 7287 244 7780 848
1373104800 7395 249 9373 805
1373097600 7320 252 7737 767
1373090400 7330 270 8092 860
1373083200 7329 244 7710 804
1373076000 7676 259 12713 833
1373068800 7360 245 7710 845
1373061600 7623 374 10675 2226
1373054400 7818 512 14336 2150
1373047200 8340 744 14405 1943
1373040000 11843 1064 34092 3762
1373032800 10540 941 29644 2715
1373025600 7382 255 7660 825
1373018400 7412 244 7950 726
1373011200 7375 258 7910 818
1373004000 7354 277 7959 866
1372996800 7326 246 7648 790
1372989600 7615 251 14325 973
1372982400 7344 248 7826 746
1372975200 7343 241 7711 752
1372968000 7339 264 7786 835
1372960800 7353 271 7804 851
1372953600 7445 240 8488 675
1372946400 7417 246 7887 797
1372939200 7449 257 8444 777
1372932000 25399 37098 237811 816780
1372924800 8424 261 25581 824
1372917600 7427 283 8214 872
1372910400 7613 253 12614 852
1372903200 7448 249 7901 772
1372896000 7777 347 11847 1826
1372888800 14373 1855 41105 4648
1372881600 58806 19063 252500 221990
1372874400 68437 19139 364406 66903
1372867200 144588 59932 766708 401704
1372860000 29037 5939 103382 18418
1372852800 9945 1098 49681 6519
1372845600 8154 848 8850 1561
1372838400 8303 860 9486 1641
1372831200 8138 862 8809 1465
1372824000 8382 821 13831 1589
1372816800 8443 857 10578 1434
1372809600 22420 4657 71150 21293
1372802400 122538 53474 698608 316508
1372795200 88374 295720 699524 4392902
1372788000 895531 40002 1652540 188895
1372780800 630862 51241 1131931 369888
1372773600 88412 6762 1137497 34707
1372766400 7918 719 8863 1803
1372759200 28282 8613 291942 184775
1372752000 7869 660 8460 1139
1372744800 7797 666 8287 1261
1372737600 8068 650 13505 1173
1372730400 8177 686 9237 1329
1372723200 18388 3828 37404 9884
1372716000 45537 11326 68667 19053
1372708800 43990 11601 99410 19962
1372701600 63286 22235 225309 180495
1372694400 57125 16929 113720 31523
1372687200 39344 10424 124085 44303
1372680000 8175 537 11047 2636
1372672800 34346 37400 396508 877758
1372665600 7302 263 7792 868
1372658400 7289 271 7809 871
1372651200 7333 246 8108 828
1372644000 7813 973 19055 17398
1372636800 7298 238 8649 757
1372629600 7349 241 7743 737
1372622400 7386 259 7901 818
1372615200 7366 288 7969 869
1372608000 7371 278 7871 767
1372600800 7313 240 7660 717
1372593600 7309 241 7731 750
1372586400 7331 244 7612 774
1372579200 7353 259 7714 871
1372572000 7328 276 7935 866
1372564800 7314 251 7719 870
1372557600 7306 246 7641 789
1372550400 7317 247 7781 814
1372543200 7392 248 7918 716
1372536000 7341 253 7863 687
1372528800 7373 277 7893 873
1372521600 7360 239 7671 722
1372514400 7546 256 7920 867
1372507200 7599 241 7963 777
1372500000 7620 245 8033 759
1372492800 7732 265 8463 861
1372485600 7658 271 8587 864
1372478400 7631 243 7998 851
1372471200 7890 343 8782 1227
1372464000 26408 7971 54755 28193
1372456800 56228 13464 148636 49641
1372449600 164809 71717 658221 376242
1372442400 69766 24772 201168 104819
1372435200 58159 17275 134585 43375
1372428000 24223 5009 96236 16456
1372420800 11409 1241 16305 1844
1372413600 31100 38044 249394 543141
1372406400 10891 1154 12894 1849
1372399200 11211 4442 12434 12343
1372392000 14748 3709 91787 13502
1372384800 10969 1217 16369 1588
1372377600 32918 12521 224650 137951
1372370400 49801 10279 237563 38189
1372363200 53062 13427 137514 78005
1372356000 46796 10085 245344 26387
1372348800 86621 14192 472324 39274
1372341600 26895 11461 78448 77003
1372334400 10932 875 65961 1467
1372327200 14744 870 153506 1472
1372320000 9821 850 33536 1455
1372312800 8638 910 12318 1487
1372305600 12375 847 49057 1427
1372298400 8795 856 11283 1405
1372291200 16849 3207 87224 11927
1372284000 59814 9362 511555 152450
1372276800 78525 25685 511555 152450
1372269600 62139 7896 255642 17603
1372262400 78129 16594 395869 33336
1372255200 17376 4597 73524 20734
1372248000 9050 942 15188 1686
1372240800 26481 37633 235683 872462
1372233600 8689 907 9618 1559
1372226400 8703 1127 9413 5046
1372219200 9550 3095 32466 53334
1372204800 27131 4993 297417 211370
1372118400 29658 8066 911342 873981
1372032000 7868 244 58925 864
1371945600 7755 247 11655 870
1371859200 68518 23662 1289909 907125
1371772800 23093 5821 420339 538698
1371686400 20691 7707 250916 874131
1371600000 46945 18560 3022511 2611988
1371513600 28621 8087 239800 873998
1371427200 7514 270 14625 1035
1371340800 7547 267 10234 1020
1371254400 24220 5701 308090 249069
1371168000 37362 9209 430999 871181
1371081600 35307 7798 236841 49366
1370995200 212876 18950 2601195 892117
1370908800 29473 6414 837550 81938
1370822400 7274 251 8590 889
1370736000 7380 289 13672 1024
1370649600 45996 13711 500539 290513
1370563200 37945 12833 837972 874754
1370476800 29504 7733 373572 118531
1370390400 30474 6918 366158 102516
1370304000 25735 7017 320605 872959
1370217600 7760 617 11102 1352
1370131200 7832 618 12460 1640
1370044800 53685 16392 2597761 2438364
1369958400 31820 9082 382815 875555
1369872000 39147 11280 1477534 1396415
1369785600 43573 8492 2216923 91614
1369699200 8123 3654 177193 874409
1369612800 7352 581 13675 2091
1369526400 7409 586 11001 1340
1369440000 36935 8049 1000021 144190
1369353600 167278 21762 12474370 847541
1369267200 105044 12888 5261366 268848
1369180800 33829 9654 661171 449597
1369094400 426469 21116 5332245 871237
1369008000 6794 217 22146 840
1368921600 6721 211 12872 833
1368835200 98514 41996 5003058 2625108
1368748800 64608 136574 2204127 7105495
1368662400 155345 25371 3650495 837164
1368576000 35576 13517 305465 837347
1368489600 44510 26760 1583857 1544483
1368403200 8145 3129 210208 834559
1368316800 8271 3133 227785 835700
1368230400 79029 22925 7453772 1057711
1368144000 42124 13415 654519 838878
1368057600 29838 13366 310206 833688
1367971200 64680 38405 2436065 2450964
1367884800 28952 9742 347205 833128
1367798400 10898 9117 216354 833579
1367712000 8724 3165 198856 830107
1367625600 26476 10108 343727 847032
1367539200 25927 8810 218383 833939
1367452800 29655 8836 330880 838276
1367366400 34132 18649 2459402 2425185
1367280000 24130 8687 299709 833317
1367193600 7286 242 8355 864
1367107200 7448 248 12571 1204
1367020800 38219 12941 592340 806743
1366934400 35133 19024 685047 807693
1366848000 28728 7412 291261 101882
1366761600 29689 6399 317350 122355
1366675200 33350 15186 794761 833275
1366588800 6521 251 8124 1238
1366502400 6506 242 12295 877
1366416000 28543 3858 725888 41428
1366329600 51397 12696 1672985 1123106
1366243200 23103 5735 299194 174044
1366156800 24036 5751 214632 234279
1366070400 28069 6949 1118960 812846
1365984000 6934 241 8379 868
1365897600 7053 296 13878 1202
1365811200 20924 3657 184268 83683
1365724800 28298 9263 510894 814349
1365638400 37621 13961 1161402 1125792
1365552000 25805 8455 199777 185529
1365465600 30754 8681 764907 389695
1365379200 6978 241 7809 876
1365292800 7118 251 12359 889
1365206400 26369 4205 862608 50400
1365120000 26060 10987 220921 820904
1365033600 36611 19463 3151631 3126677
1364947200 32897 7382 1044408 420450
1364860800 21112 6112 285223 687207
1364774400 7724 320 193710 1105
1364688000 7383 315 12854 1024
1364601600 20922 3741 171743 80472
1364515200 27440 11505 826502 784773
1364428800 25678 5076 754559 128388
1364342400 21671 6167 477235 433743
1364256000 25614 6508 894180 686975
1364169600 7190 226 9009 837
1364083200 7325 267 13402 6603
1363996800 26633 7469 353134 475159
1363910400 36603 8904 1210639 686440
1363824000 46866 9812 3030973 786275
1363737600 72094 7212 3556789 336103
1363651200 26608 6621 215204 691040
1363564800 7191 229 8068 866
1363478400 7416 229 8347 849
1363392000 29391 5056 495251 144672
1363305600 71014 10186 3730015 687914
1363219200 35493 4768 372268 62654
1363132800 81395 6811 2321658 128209
1363046400 34049 7315 837731 695685
1362960000 7609 234 10347 860
1362873600 8150 235 24770 858
1362787200 27282 3680 367146 40241
1362700800 35046 15537 308093 711834
1362614400 26275 4297 381000 155909
1362528000 32334 6055 297250 47367
1362441600 36616 6583 1320772 714010
1362355200 7353 232 10310 885
1362268800 7552 229 18076 848
1362182400 35240 73938 828582 9328215
1362096000 47808 16228 1083468 980968
1362009600 43377 4618 693207 70095
1361923200 129227 15454 1527128 1114975
1361836800 54364 20392 1966598 1431589
1361750400 9893 2706 98093 10637
1361664000 8978 2590 23689 4357
1361577600 28361 7038 200098 142025
1361491200 41911 10185 763655 524385
1361404800 50168 12888 1566831 460068
1361318400 666597 642687 5924042 5951812
1361232000 11638 5789 261600 698310
1361145600 8942 2518 12065 3194
1361059200 9211 2664 23449 5405
1360972800 59751 9448 687674 515769
1360886400 87154 53945 3258256 3299793
1360800000 96903 54424 5868150 2935658
1360713600 81970 33092 5123772 5090438
1360627200 25227 5783 323907 692753
1360540800 7699 197 37111 1020
1360454400 7693 195 14635 1076
1360368000 27569 9356 1266630 1135306
1360281600 48077 10367 1461345 729705
1360195200 37477 11398 1943845 708084
1360108800 27005 3452 264220 52332
1360022400 37945 8915 1292697 658252
1359936000 7887 195 35351 1078
1359849600 8105 230 48879 2169
1359763200 45806 4752 2724264 130505
1359676800 47555 6471 1956772 95662
1359590400 49646 5661 1573996 203635
1359504000 45403 13656 885999 646457
1359417600 32710 8926 474502 367026
1359331200 7712 260 40433 1994
1359244800 9454 278 87248 2134
1359158400 59739 14674 1002030 345457
1359072000 47531 10902 1261244 662019
1358985600 31647 9047 681775 638045
1358899200 49547 7886 2316856 535127
1358812800 23858 4560 3808967 605154
1358726400 7423 263 9195 2195
1358640000 7669 336 13513 14190
1358553600 36402 9498 773517 605463
1358467200 86745 83734 3821972 7052989
1358380800 50750 12758 1926391 1882606
1358294400 49452 9282 1712738 317838
1358208000 71236 7393 4164459 160474
1358121600 7027 391 10776 2551
1358035200 7056 403 12915 2575
1357948800 81529 7040 2460914 625854
1357862400 19059 2309 465372 23016
1357776000 128804 9921 2252717 184698
1357689600 47339 18064 1513589 1859071
1357603200 23319 3773 845251 62810
1357516800 6982 323 42905 8543
1357430400 7178 375 16416 9586
1357344000 45224 24816 3546746 3520876
1357257600 34541 11789 1366489 1334441
1357171200 21988 5366 261334 180763
1357084800 6521 293 12972 2714
1356998400 20812 4757 828302 184529
1356912000 6562 272 10182 2147
1356825600 6688 313 10899 2564
1356739200 19260 4844 251057 64243
1356652800 25845 9876 667604 630778
1356566400 33588 19739 715186 523282
1356480000 6315 359 8257 2365
1356393600 8919 1085 95665 12649
1356307200 6303 356 8406 2356
1356220800 6747 415 42472 13097
1356134400 35204 10102 873400 202452
1356048000 22574 17807 243249 1933660
1355961600 78539 69640 4296195 4290902
1355875200 28753 7383 496903 190587
1355788800 21143 3963 304742 39304
1355702400 6732 275 8339 2064
1355616000 7023 308 15444 2781
1355529600 23007 8547 369221 395731
1355443200 46064 7631 3386419 355118
1355356800 45614 14062 1659303 1633551
1355270400 78894 5909 1887070 46873
1355184000 29805 4916 385074 123945
1355097600 6725 397 7542 2163
1355011200 6904 416 21982 2930
1354924800 24148 5719 185689 59412
1354838400 54584 14255 808089 652291
1354752000 27856 4958 838826 113972
1354665600 70049 13079 6327011 1463214
1354579200 71606 7999 5564191 687102
1354492800 6523 272 8945 2268
1354406400 7017 350 50861 10807
1354320000 52580 7651 941962 91037
1354233600 37331 7707 586746 686398
1354147200 34369 8971 637024 607205
1354060800 27421 8336 802315 296361
1353974400 30712 7018 846253 683316
1353888000 6156 517 15203 11006
1353801600 6001 277 11009 2188
1353715200 6437 508 36167 30066
1353628800 7474 2680 206639 683247
1353542400 22056 5042 321655 390832
1353456000 26359 7308 392212 144700
1353369600 24364 7856 262440 683213
1353283200 6319 387 8035 1925
1353196800 6564 429 20216 5450
1353110400 36318 12942 792244 742285
1353024000 36594 9826 744991 683463
1352937600 38936 5849 722408 60437
1352851200 22131 4720 162577 54923
1352764800 22150 6540 182925 683418
1352678400 6491 277 7825 2110
1352592000 6544 279 8170 2267
1352505600 24445 4924 484168 77332
1352419200 19532 6206 242064 683214
1352332800 27814 5747 340303 310013
1352246400 25461 4535 226411 66400
1352160000 31155 9223 451935 683118
1352073600 6444 291 10289 1892
1351987200 13911 986 259445 21836
1351900800 19428 4463 203023 50664
1351814400 26931 8599 205244 682738
1351728000 13578 2709 92402 23243
1351641600 7878 1059 68641 32920
1351555200 8966 2983 426245 684365
1351468800 6652 652 11212 2312
1351382400 6803 673 14881 2203
1351296000 26762 5602 935107 69744
1351209600 61888 13602 5210661 684051
1351123200 52448 5803 2128563 136413
1351036800 71268 8639 6191757 164734
1350950400 20832 6713 245071 684776
1350864000 7365 661 12978 2525
1350777600 7434 663 14711 2316
1350691200 65755 8463 2383084 594910
1350604800 81786 16838 1894494 688208
1350518400 43581 6937 1069755 132515
1350432000 47555 11241 1239245 228330
1350345600 101766 13343 2523504 683619
1350259200 6635 271 7351 1980
1350172800 6730 288 11030 1911
1350086400 44702 10778 759648 206939
1350000000 79297 30004 5772754 1033628
1349913600 34936 11412 716440 342826
1349827200 35245 13709 1040138 971150
1349740800 20197 7388 1103681 690629
1349654400 6736 284 11063 1960
1349568000 6756 274 11577 2060
1349481600 77391 6572 3183812 89003
1349395200 37856 9866 647594 805065
1349308800 63704 29933 1532131 1302606
1349222400 70607 25191 1645581 1330332
1349136000 17683 6406 761010 643408
1349049600 6885 277 9211 1895
1348963200 7273 292 35604 16059
1348876800 30523 10193 980873 905446
1348790400 45206 11166 1158744 636856
1348704000 22453 7902 718549 679612
1348617600 35846 9872 952111 1034379
1348531200 36268 9450 538913 486666
1348444800 6536 256 7524 1986
1348358400 6759 263 8598 1756
1348272000 31244 15298 1116742 1081975
1348185600 34483 15714 615210 689002
1348099200 30045 5850 1036576 107944
1348012800 24223 4230 784143 150442
1347926400 22951 7270 419017 671992
1347840000 6867 276 14889 1989
1347753600 6915 279 11886 1921
1347667200 24976 6020 2239779 166861
1347580800 23822 7598 1224118 651019
1347494400 31210 7242 585478 181022
1347408000 31550 4757 730059 40668
1347321600 23358 9290 440074 668314
1347235200 7409 934 11877 4849
1347148800 7499 917 13708 2566
1347062400 36884 13667 921291 827812
1346976000 53478 16708 5246641 652692
1346889600 34926 15470 1517257 1452922
1346803200 21523 4446 244087 153486
1346716800 8558 2906 211088 645724
1346630400 7377 645 84320 2219
1346544000 7141 649 11457 2402
1346457600 15837 3317 231564 208874
1346371200 18716 5920 213864 649315
1346284800 28492 6570 736252 180127
1346198400 26170 4813 787770 53058
1346112000 28404 6553 732142 645578
1346025600 7024 677 10918 2345
1345939200 7243 695 17213 2225
1345852800 21346 3854 227406 48924
1345766400 36692 11694 360070 646176
1345680000 36186 13858 676146 632655
1345593600 41426 13024 1705576 1078507
1345507200 29907 11762 752869 649595
1345420800 10812 4219 14679 5892
1345334400 10947 4221 16088 5725
1345248000 52328 23698 2187087 571404
1345161600 41909 15786 680297 655626
1345075200 38241 9414 597910 102530
1344988800 92084 20915 1955860 579286
1344902400 70731 13451 822709 650865
1344816000 10570 4046 14920 5793
1344729600 10737 4056 15249 5679
1344643200 56391 11312 887484 151663
1344556800 35883 13024 1323047 651361
1344470400 36871 9415 724954 336961
1344384000 57331 6623 840974 83346
1344297600 40767 9846 822230 649899
1344211200 6871 593 11054 2419
1344124800 7060 597 11890 2231
1344038400 28637 9311 713241 445743
1343952000 24229 7264 413935 642238
1343865600 31718 5000 792230 42479
1343779200 49836 15023 902530 691661
1343692800 30295 6897 233805 641709
1343606400 7064 597 11599 2226
1343520000 7237 612 12693 2968
1343433600 27462 7618 302921 382748
1343347200 32264 9118 326926 642157
1343260800 40589 13710 648059 595147
1343174400 35452 8836 299348 170124
1343088000 35445 9889 771188 641643
1343001600 7517 611 13214 2101
1342915200 7633 613 13310 2260
1342828800 50511 8263 405146 79032
1342742400 31629 8780 279793 641819
1342656000 27509 4972 206186 42468
1342569600 50539 9934 317367 187466
1342483200 34844 10290 350073 640138
1342396800 13859 1064 18177 2707
1342310400 14160 1061 22605 2564
1342224000 52665 15040 522009 368828
1342137600 80569 14488 2717219 641577
1342051200 45749 6802 753835 136217
1341964800 46607 8227 318084 410819
1341878400 37248 5769 892215 641447
1341792000 7122 585 15156 2362
1341705600 7267 589 17351 2320
1341619200 32467 7466 272438 177659
1341532800 71883 16566 1280424 946725
1341446400 6983 238 10758 1890
1341360000 44028 6301 527769 164198
1341273600 143773 11359 1710093 650336
1341187200 6874 235 7684 1987
1341100800 7034 235 11020 1838
1341014400 44525 6379 782553 61067
1340928000 55441 12621 811295 643772
1340841600 42345 10562 586134 277288
1340755200 55980 10364 1287853 233079
1340668800 83717 8836 739754 647023
1340582400 7316 973 11567 2627
1340496000 42649 2218 574788 22204
1340409600 115397 8060 674039 302538
1340323200 56033 9741 1528878 643844
1340236800 30864 8149 717321 574487
1340150400 74424 25591 1096579 547161
1340064000 50876 15096 716102 566674
1339977600 7260 598 14341 2147
1339891200 7530 609 38349 3727
1339804800 65163 13561 1664010 360865
1339718400 44454 14540 1116994 1084936
1339632000 53320 6902 521656 317498
1339545600 53847 8129 704090 155289
1339459200 73418 13594 1983355 1374747
1339372800 7147 600 11468 2454
1339286400 7309 643 13427 3047
1339200000 48816 14689 590070 647200
1339113600 56608 11258 730003 634997
1339027200 52892 11517 371644 352760
1338940800 67029 11824 629814 624264
1338854400 89915 15361 5738570 760875
1338768000 14429 703 103205 2366
1338681600 7934 724 87497 3296
1338595200 57607 11712 705542 636935
1338508800 72781 11539 489802 641429
1338422400 63342 11871 548269 488014
1338336000 49479 7952 694186 179118
1338249600 8601 2857 186575 643246
1338163200 7076 595 11248 2291
1338076800 7076 592 13456 2284
1337990400 35592 5387 339664 173095
1337904000 34353 13445 439431 473752
1337817600 47521 6304 795822 283859
1337731200 56026 6363 544085 76746
1337644800 48938 8191 618234 633596
1337558400 6704 232 7629 1815
1337472000 6923 240 31331 2183
1337385600 79929 4861 2186959 54361
1337299200 59086 10515 921462 634664
1337212800 50118 5730 359074 88220
1337126400 50843 4835 371866 79293
1337040000 74770 10510 553482 632760
1336953600 17433 263 69905 1900
1336867200 24010 264 77623 2057
1336780800 93352 5414 2028197 112832
1336694400 65940 8910 1426739 659094
1336608000 47607 7395 294475 346166
1336521600 60867 37000 318455 555095
1336435200 94621 11409 1152515 633117
1336348800 13713 585 70279 2125
1336262400 17330 587 73256 2241
1336176000 57285 7269 759073 49238
1336089600 102809 12671 2840959 458881
1336003200 418196 28016 6840493 2760742
1335916800 91536 5090 529084 74455
1335830400 91094 12983 572443 577507
1335744000 65163 958 92585 2537
1335657600 62292 963 93520 2767
1335571200 79925 6885 326943 144721
1335484800 89504 12853 562765 492766
1335398400 103437 27341 3244146 3065738
1335312000 71397 13440 322473 540293
1335225600 68825 6749 470950 177596
1335139200 46677 1259 81788 2913
1335052800 47180 1266 80797 2951
1334966400 103355 13185 984195 713144
1334880000 91742 11563 423882 384473
1334793600 97126 13461 536547 275675
1334707200 84511 12676 2642294 920133
1334620800 97217 44126 1588232 1040233
1334534400 32214 557 72548 2201
1334448000 15252 557 71149 2176
1334361600 61644 5942 1075311 92212
1334275200 79736 14551 1520383 443511
1334188800 86644 13902 713830 227680
1334102400 145754 13427 484487 166059
1334016000 76869 7425 410596 465454
1333929600 31131 570 74253 2385
1333843200 52002 571 126583 2214
1333756800 94002 9182 765519 218169
1333670400 112209 53121 2130254 530786
1333584000 87927 12301 905500 456271
1333497600 80284 12314 568175 652589
1333411200 94065 5037 414905 82532
1333324800 66504 200 99062 1822
1333238400 63316 201 97881 1996
1333152000 114449 19663 664361 1547943
1333065600 105780 22609 2366229 1896902
1332979200 105557 15178 962304 909022
1332892800 101579 19202 1184544 1884255
1332806400 213238 106528 9199904 8054560
1332720000 68556 1335 103172 2830
1332633600 67593 1342 106135 2959
1332547200 82000 7499 388623 302179
1332460800 112581 12839 3136717 639169
1332374400 91135 12033 454057 319425
1332288000 81954 10775 315908 477181
1332201600 123566 9300 3219109 640854
1332115200 62010 1178 103915 2985
1332028800 66118 1178 108659 3125
1331942400 135619 18844 1101948 182461
1331856000 90479 12107 2437599 634059
1331769600 64133 9435 708215 91941
1331683200 79059 22869 3124554 510807
1331596800 45699 15428 466912 639044
1331510400 14895 7448 19478 9284
1331424000 15816 7820 112391 42943
1331337600 77251 15620 892238 135188
1331251200 60762 14067 356482 639369
1331164800 36062 16400 204525 589230
1331078400 60148 44841 5279616 2029663
1330992000 51877 28748 1113178 2556545
1330905600 8617 1037 12774 2735
1330819200 13356 6114 746375 584953
1330732800 49432 11840 4637402 300240
1330646400 58140 39038 717769 1525068
1330560000 61616 28299 2644583 1381034
1330473600 81700 39155 2583542 2233484
1330387200 78111 22185 547886 922659
1330300800 7834 792 10212 2409
1330214400 8167 1030 28225 27650
1330128000 63176 31837 1312234 2842417
1330041600 98509 10178 4182757 632343
1329955200 143952 29906 5628063 2268832
1329868800 115753 36051 1365778 1922832
1329782400 11185 2849 754172 632061
1329696000 7537 543 9586 2186
1329609600 7694 553 13203 2330
1329523200 73038 33667 946178 1096716
1329436800 251481 67857 11244172 2142136
1329350400 250118 31064 992448 430712
1329264000 222272 106536 1854657 1923805
1329177600 131283 21437 769011 612378
1329091200 8640 1404 59062 3133
1329004800 8638 1409 16779 3228
1328918400 76802 20790 765415 1032911
1328832000 84094 12446 622045 632054
1328745600 89099 10442 706856 161869
1328659200 43157 4482 512275 152956
1328572800 78558 10875 4408312 517081
1328486400 9694 620 36132 12907
1328400000 9534 431 19547 10514
1328313600 40498 19914 841964 976352
1328227200 84641 49507 2166077 2027407
1328140800 52767 20146 693361 1937933
1328054400 44395 18095 1288062 1279957
1327968000 61020 18684 706159 1155312
1327881600 9878 3060 29821 85953
1327795200 9898 2850 28288 46495
1327708800 47020 11905 559492 333320
1327622400 66586 27468 994643 660022
1327536000 122030 8342 945769 295340
1327449600 97268 11505 749494 671001
1327363200 54222 20147 694687 714424
1327276800 9575 305 13536 2168
1327190400 10436 406 93684 8353
1327104000 53817 7241 824550 101823
1327017600 92798 17154 3542481 534520
1326931200 62908 14971 1066076 681482
1326844800 59142 29782 1232016 1632125
1326758400 23332 5182 279464 499837
1326672000 9352 264 10471 2087
1326585600 9607 308 32057 4551
1326499200 34055 7053 607210 332670
1326412800 57848 8281 619283 464859
1326326400 83995 8957 959169 351292
1326240000 32533 5742 362600 126797
1326153600 46803 8229 453437 548318
1326067200 8941 194 10862 1818
1325980800 11279 306 445993 16682
1325894400 73268 8555 1024653 193653
1325808000 43423 18855 485768 714154
1325721600 44307 10626 998694 662212
1325635200 83727 6070 516153 139113
1325548800 10698 2421 220088 396248
1325462400 9207 198 10934 2020
1325376000 9369 313 27899 9602
1325289600 73806 3243 630862 21761
1325203200 162178 10476 982805 516315
1325116800 66673 6570 1281556 112643
1325030400 61312 7184 4522147 238149
1324944000 10735 2492 238723 630608
1324857600 9132 195 10245 1664
1324771200 9145 196 10976 1766
1324684800 11233 247 575365 13878
1324598400 44081 61589 718483 3479400
1324512000 44890 9146 629588 383029
1324425600 43502 9920 891745 282722
1324339200 158299 9723 5445379 188226
1324252800 9473 363 13568 2555
1324166400 9612 366 14287 2163
1324080000 36665 5457 678455 319551
1323993600 70958 17827 1718068 1683967
1323907200 37775 10958 493052 935809
1323820800 32312 6389 532658 639538
1323734400 35206 20937 615115 2252513
1323648000 9521 244 13412 2060
1323561600 9778 288 46627 14271
1323475200 41877 7082 463398 210750
1323388800 37614 16876 323347 1941816
1323302400 50466 8995 572217 341237
1323216000 69098 8955 1467051 370221
1323129600 33004 10283 491559 990047
1323043200 9733 237 25051 2063
1322956800 9847 237 25596 6067
1322870400 69194 42423 3576877 3596617
1322784000 45147 9770 1857313 587983
1322697600 31059 5704 577274 88140
1322611200 63255 10487 1588647 1259801
1322524800 41643 7648 623033 632334
1322438400 6641 232 8064 1922
1322352000 6632 229 8014 1912
1322265600 6705 233 12699 1852
1322179200 8345 2458 242066 483194
1322092800 54988 4977 542670 60747
1322006400 45540 6949 404127 199722
1321920000 35030 7811 351893 636367
1321833600 10485 788 16142 2742
1321747200 12505 836 560180 13994
1321660800 65081 5963 1836404 66825
1321574400 63637 12781 580520 629671
1321488000 81220 19107 1129538 510496
1321401600 54797 6468 665345 128028
1321315200 30038 5540 285095 629895
1321228800 10180 361 89365 2586
1321142400 10410 379 85531 3703
1321056000 35761 5178 597698 40976
1320969600 50087 13846 337860 634043
1320883200 43577 6431 430648 114388
1320796800 50412 9314 1407906 118590
1320710400 58776 10101 642433 631781
1320624000 10114 522 33274 2167
1320537600 10249 527 31809 2096
1320451200 74691 41742 719144 3140610
1320364800 64274 17276 1111073 1062118
1320278400 58936 28527 785712 631726
1320192000 62743 12348 596520 285673
1320105600 29248 7490 693803 633641
1320019200 9669 519 24723 2053
1319932800 9731 519 24417 1980
1319846400 37094 12045 1316210 1295484
1319760000 82904 64421 8654103 8620248
1319673600 26493 7207 176067 192965
1319587200 31818 5882 548638 358203
1319500800 51637 9186 775986 629697
1319414400 9198 517 13245 1969
1319328000 11144 572 543771 14876
1319241600 28288 4724 565392 65088
1319155200 30988 12197 576625 333202
1319068800 55600 7101 573908 94484
1318982400 44816 7572 1850229 175227
1318896000 19902 5295 546898 629552
1318809600 6833 504 10745 2060
1318723200 6884 507 10753 1962
1318636800 87715 14573 1113449 361959
1318550400 35124 10229 434087 554821
1318464000 55007 16293 518542 408458
1318377600 38494 11579 316349 193566
1318291200 47507 21091 542565 628731
1318204800 7117 515 10969 2046
1318118400 7205 517 15054 2212
1318032000 45222 11995 1006110 910666
1317945600 38703 8998 562548 466298
1317859200 58967 24099 4125733 2557133
1317772800 37144 17869 697573 1257139
1317686400 51723 53738 2480385 2464168
1317600000 7551 514 11454 1988
1317513600 7820 546 38172 4124
1317427200 22075 3567 215198 78106
1317340800 28422 8253 276452 324521
1317254400 95170 62256 7368676 7337809
1317168000 42250 6260 769964 88178
1317081600 26043 5342 809239 318331
1316995200 7200 478 12655 2137
1316908800 7222 476 11449 2010
1316822400 34616 8473 673109 317548
1316736000 32666 11950 566656 318365
1316649600 29507 8160 262498 222152
1316563200 33766 5478 1110946 88076
1316476800 51449 10314 2416008 585070
1316390400 7391 580 25212 2155
1316304000 8423 621 254107 8585
1316217600 84547 31949 5558214 5290678
1316131200 56623 21045 909262 690364
1316044800 61924 16722 584421 1901755
1315958400 60914 17682 1065311 997818
1315872000 32116 21377 443404 3504547
1315785600 6997 557 11020 2396
1315699200 10788 693 523508 15014
1315612800 67617 54062 5943133 4775718
1315526400 47707 19262 1743735 893950
1315440000 39529 11763 513884 382581
1315353600 53166 29164 795935 771581
1315267200 10517 593 515768 15553
1315180800 6752 451 8451 2004
1315094400 6789 452 8301 2078
1315008000 124324 53280 5972475 5898189
1314921600 31712 8219 697211 394659
1314835200 49398 12627 1967104 1524760
1314748800 28595 13819 610911 1263504
1314662400 56906 9160 606669 247842
1314576000 5187 327 6107 2041
1314489600 5348 330 6127 1820
1314403200 25092 5313 364309 227494
1314316800 74206 55692 2979311 2946748
1314230400 42531 120058 871889 9967894
1314144000 47703 18087 1043105 1003396
1314057600 59636 25535 1988755 1934296
1313971200 10967 1204 30926 2814
1313884800 10984 1209 18054 3190
1313798400 197347 12652 722206 269236
1313712000 161079 12239 892472 225452
1313625600 116048 15406 676736 987738
1313539200 49556 12455 416305 320609
1313452800 49514 7793 1428463 164023
1313366400 10114 1118 14462 2583
1313280000 10249 1112 28042 2632
1313193600 36793 6546 455921 37518
1313107200 38055 8546 376345 317113
1313020800 40661 9488 1291658 299587
1312934400 59215 7982 504883 169129
1312848000 50257 5833 683231 100439
1312761600 9798 524 91276 2661
1312675200 10685 550 88004 2598
1312588800 40506 4419 663911 35288
1312502400 40541 5685 1166744 55041
1312416000 34308 6843 597682 176596
1312329600 29526 5350 517780 53166
1312243200 28424 5173 343127 345343
1312156800 9873 754 19610 2854
1312070400 9947 621 19949 2116
1311984000 67706 9282 5793373 366063
1311897600 124145 8269 698724 330927
1311811200 37467 13466 806983 736735
1311724800 91578 6817 785781 135602
1311638400 199002 31483 1014163 632902
1311552000 10307 20429 38676 690411
1311465600 10522 23125 58443 1031162
1311379200 122733 37776 620141 1213158
1311292800 143001 55593 624464 1004248
1311206400 107921 39476 768482 1235959
1311120000 128890 63988 626100 766688
1311033600 129937 36868 681959 858648
1310947200 10311 20126 49482 1020286
1310860800 10724 28643 40339 1056235
1310774400 262434 42345 3459782 2427232
1310688000 185246 44614 956865 1015775
1310601600 138649 34446 1068464 1167378
1310515200 137575 76205 2232602 980333
1310428800 106443 33043 1895051 1873120
1310342400 10838 17538 42403 1089098
1310256000 11568 30362 56155 1424182
1310169600 91408 35180 570520 984928
1310083200 100048 32455 694915 931972
1309996800 63484 42978 557028 1085809
1309910400 89157 104709 1612844 1581001
1309824000 9728 14095 46272 759286
1309737600 9913 10924 48443 540005
1309651200 10803 17673 52421 629605
1309564800 61954 36423 583837 1174271
1309478400 77492 41738 689007 1066115
1309392000 89710 51810 616433 1271055
1309305600 85485 77398 782705 1644481
1309219200 123741 35472 1847227 1345332
1309132800 10004 16825 48730 895555
1309046400 10599 29861 57067 1124122
