1377805802 2931780009 4080573775
1377805802 49586 7776 49586 7776
1377805502 22288 5209 22288 5209
1377805500 22312 5207 29537 5209
1377805200 29519 4829 29537 7075
1377804900 26974 7056 28581 7075
1377804600 28556 4367 28581 4371
1377804300 21409 3215 35915 5728
1377804000 35906 5724 35915 5728
1377803700 34655 5277 34696 7724
1377803400 28621 7736 29019 9643
1377803100 28990 9622 29019 9643
1377802800 20563 3509 28674 3513
1377802500 28730 2935 37164 5822
1377802200 37084 5816 37164 5822
1377801900 25262 5037 25391 6772
1377801600 25459 6779 35656 7927
1377801300 41592 13871 926160 899621
1377801000 920201 893673 926160 899621
1377800700 32330 7539 32372 7542
1377800400 26145 7215 28118 7227
1377800100 28089 5503 28118 5504
1377799800 23955 5403 44169 9507
1377799500 44333 9528 68888 12732
1377799200 68582 12702 68888 12732
1377798900 23128 8398 42618 18469
1377798600 43295 18475 144281 19438
1377798300 143598 19417 144281 19438
1377798000 41809 16304 41959 16394
1377797700 19544 3076 23478 13137
1377797400 23522 13090 30174 13137
1377797100 30327 6132 53256 10608
1377796800 53942 11309 259157 220919
1377796500 257781 219526 259157 220919
1377796200 52695 12092 52830 12117
1377795900 32695 8476 34403 10295
1377795600 34546 10315 55898 13321
1377795300 55686 13262 55898 13321
1377795000 24277 4562 30889 5725
1377794700 30925 5723 41940 5725
1377794400 42045 5321 57827 9127
1377794100 57897 9133 68432 10171
1377793800 68313 10179 68432 11469
1377793500 50554 11429 50636 11469
1377793200 38259 5604 38363 6524
1377792900 22909 6529 39392 7336
1377792600 39315 7323 39392 7336
1377792300 27980 5419 38833 5422
1377792000 38866 5028 43788 7736
1377791700 43810 7724 50576 7736
1377791400 50481 4251 50576 6805
1377791100 36601 6908 60269 22368
1377790800 60087 22250 60269 22368
1377790500 33063 4790 35637 4791
1377790200 35635 4795 35637 8178
1377789900 35489 8194 41858 10695
1377789600 41856 10704 41858 12045
1377789300 41635 12010 46850 12045
1377789000 46883 6790 51844 6804
1377788700 51813 4796 51844 5855
1377788400 42678 5858 44306 6427
1377788100 56144 6849 1820029 69764
1377787800 1808140 69374 1820029 69764
1377787500 36709 11252 36736 11268
1377787200 32865 8937 51330 8939
1377786900 51109 8720 51330 8765
1377786600 18290 2131 22015 2319
1377786300 22018 2335 22524 4752
1377786000 22519 4743 22524 4752
1377785700 21903 3468 21913 3471
1377785400 20509 3061 29673 10688
1377785100 29750 10665 41268 10688
1377784800 41145 7266 41268 7275
1377784500 22909 5979 22923 5994
1377784200 20854 3871 22154 3875
1377783900 22167 3322 24239 3327
1377783600 24262 2597 27785 2806
1377783300 27761 2806 27785 2915
1377783000 24261 2907 24300 2915
1377782700 18478 1859 22230 4830
1377782400 22257 4828 26384 4830
1377782100 26379 4588 26384 4592
1377781800 25557 4078 25642 4092
1377781500 12912 2055 12925 2069
1377781200 10974 100 10978 121
1377780900 10489 120 10493 121
1377780600 9345 100 11007 113
1377780300 11031 125 14722 1924
1377780000 14737 1991 17059 11988
1377779700 17239 12017 44072 16407
1377779400 43839 16298 44072 16407
1377779100 9205 93 9210 118
1377778800 8492 118 8528 368
1377778500 8526 367 8528 368
1377778200 8156 110 8157 732
1377777900 8027 729 8028 732
1377777600 7871 101 7872 111
1377777300 7866 110 8569 111
1377777000 8564 106 8569 107
1377776700 7958 106 7966 106
1377776400 7963 106 7966 224
1377776100 7654 223 7816 224
1377775800 7815 114 7816 115
1377775500 7668 89 8041 120
1377775200 8040 121 8041 371
1377774900 7903 370 7904 371
1377774600 7769 103 7981 662
1377774300 7980 660 7981 662
1377774000 7734 91 7735 107
1377773700 7671 107 7825 119
1377773400 7824 118 7825 119
1377773100 7772 100 7837 101
1377772800 7835 100 7837 244
1377772500 7665 243 7666 244
1377772200 7619 105 7620 106
1377771900 7578 98 7798 99
1377771600 7797 96 7798 384
1377771300 7670 382 7696 384
1377771000 7697 96 7902 763
1377770700 7900 758 7902 763
1377770400 7737 105 7738 106
1377770100 7701 105 7702 106
1377769800 7662 90 7663 121
1377769500 7605 120 7748 121
1377769200 7746 106 7748 225
1377768900 7539 224 7841 225
1377768600 7840 113 7841 114
1377768300 7747 105 7870 106
1377768000 7868 95 7870 380
1377767700 7690 378 9840 380
1377767400 9864 103 13543 812
1377767100 13515 807 13543 812
1377766800 9404 105 9413 116
1377766500 8095 115 8096 116
1377766200 8065 99 8069 100
1377765900 7592 100 7929 119
1377765600 7927 119 7929 234
1377765300 7672 233 7673 234
1377765000 7633 105 7804 107
1377764700 7803 106 7804 107
1377764400 7698 94 7792 376
1377764100 7791 374 7792 376
1377763800 7769 111 7910 801
1377763500 7909 796 7910 801
1377763200 7869 106 7872 106
1377762900 7508 105 7991 106
1377762600 7988 91 7991 118
1377762300 7673 117 7702 118
1377762000 7702 110 7825 531
1377761700 7823 528 7825 531
1377761400 7672 104 7740 109
1377761100 7740 108 7786 109
1377760800 7785 105 7786 360
1377760500 7556 358 7685 360
1377760200 7687 117 8353 691
1377759900 8348 687 8353 691
1377759600 7656 102 7657 103
1377759300 7651 100 7879 121
1377759000 7876 120 7879 121
1377758700 7500 93 7617 103
1377758400 7617 103 7671 236
1377758100 7669 235 7671 236
1377757800 7476 104 7634 108
1377757500 7633 107 7634 108
1377757200 7571 107 7572 364
1377756900 7518 363 7659 364
1377756600 7659 105 7746 749
1377756300 7745 744 7746 749
1377756000 7609 119 7611 120
1377755700 7370 97 7691 114
1377755400 7690 113 7691 114
1377755100 7597 106 7598 106
1377754800 7503 106 7615 230
1377754500 7615 229 7706 230
1377754200 7704 107 7706 108
1377753900 7473 105 7660 106
1377753600 7659 101 7660 375
1377753300 7516 377 8439 821
1377753000 8434 820 8439 821
1377752700 7770 789 7772 794
1377752400 7611 93 7754 118
1377752100 7752 117 7754 118
1377751800 7488 98 7629 101
1377751500 7631 101 8013 119
1377751200 8012 119 8013 229
1377750900 7933 228 8062 229
1377750600 8057 110 8062 111
1377750300 7408 106 7685 106
1377750000 7684 107 7685 370
1377749700 7562 368 7872 370
1377749400 7871 107 7872 773
1377749100 7724 768 7860 773
1377748800 7856 106 7860 116
1377748500 7326 115 7923 116
1377748200 7921 108 7923 109
1377747900 7383 98 7955 114
1377747600 7951 114 7955 221
1377747300 7486 220 7859 221
1377747000 7856 112 7859 113
1377746700 7415 106 8053 111
1377746400 8051 111 8053 370
1377746100 7467 369 7924 370
1377745800 7922 110 7924 825
1377745500 7757 820 7969 825
1377745200 7963 105 7969 106
1377744900 7219 100 7976 111
1377744600 7973 110 7976 111
1377744300 7298 98 8262 114
1377744000 8261 114 8262 235
1377743700 8226 234 8227 235
1377743400 8113 106 8118 107
1377743100 7424 106 8034 106
1377742800 8030 107 8034 371
1377742500 7512 369 8105 371
1377742200 8103 108 8105 681
1377741900 7886 677 8199 681
1377741600 8194 112 8199 113
1377741300 7509 106 8059 106
1377741000 8055 105 8059 106
1377740700 7522 104 7899 105
1377740400 7897 94 7899 224
1377740100 7651 223 7736 224
1377739800 7735 118 7736 119
1377739500 7670 109 7971 110
1377739200 7968 105 7971 369
1377738900 7621 367 8161 369
1377738600 8160 105 8161 749
1377738300 8092 744 8093 749
1377738000 8036 112 8038 113
1377737700 7480 93 7924 120
1377737400 7921 119 7924 120
1377737100 7625 104 7932 105
1377736800 7930 101 7932 240
1377736500 7773 239 8059 240
1377736200 8057 108 8059 108
1377735900 7869 107 7870 108
1377735600 7867 98 7869 377
1377735300 7648 375 8096 377
1377735000 8094 118 8096 731
1377734700 7863 726 8021 731
1377734400 8019 112 8021 113
1377734100 7734 105 7953 106
1377733800 7953 98 7970 103
1377733500 7975 103 8787 103
1377733200 8787 103 8829 235
1377732900 8828 234 8829 235
1377732600 8775 114 8779 115
1377732300 8288 103 8906 104
1377732000 10594 645 262131 81282
1377731700 261491 81023 262131 81282
1377731400 70516 3798 97557 8253
1377731100 97030 8205 97557 8253
1377730800 18631 1195 23267 4427
1377730500 23242 4413 23267 4427
1377730200 19628 2380 19633 2381
1377729900 18895 2275 18909 2277
1377729600 19364 54262 392388 7829089
1377729300 393607 7777232 575349 7829089
1377729000 585295 50576 2067253 50576
1377728700 2067253 50568 2067253 50576
1377728400 2066578 49448 2067253 49461
1377728100 1966309 47645 2028602 47647
1377727800 2030220 47698 2271424 55354
1377727500 2269622 55299 2271424 55354
1377727200 1998457 47147 2001219 47207
1377726900 1165181 29273 1172808 29441
1377726600 30942 36490 353944 4836969
1377726300 365605 4808654 2103234 4836969
1377726000 2103234 589529 2103234 589808
1377725700 2094395 548117 2103234 558201
1377725400 772770 558071 777504 558201
1377725100 67450 538879 72064 548448
1377724800 71966 548384 72064 548448
1377724500 57344 538873 57382 541439
1377724200 51726 541558 55544 559350
1377723900 55504 559218 55544 559350
1377723600 49608 539800 57648 555801
1377723300 57716 555730 67987 555801
1377723000 68061 545199 90376 545224
1377722700 90235 536867 90376 537892
1377722400 69103 381689 69228 384209
1377722100 50611 6317 56906 6317
1377721800 57639 6330 166859 8367
1377721500 166011 8369 166859 8674
1377721200 39723 8732 39726 17495
1377720900 39245 17502 39306 18630
1377720600 30264 18621 31762 18630
1377720300 31652 17242 31762 17340
1377720000 15394 2754 17745 2756
1377719700 18192 2524 151942 7547
1377719400 151045 7506 151942 7547
1377719100 17572 1529 38709 8185
1377718800 38659 8179 38709 8185
1377718500 31181 7262 31213 7287
1377718200 26480 3661 26591 3674
1377717900 26567 1850 26591 1919
1377717600 19697 1925 23887 2839
1377717300 23847 2828 23887 2839
1377717000 17901 1335 17909 1796
1377716700 16842 1814 21962 4517
1377716400 22000 4500 27757 4517
1377716100 27781 2068 31434 2388
1377715800 31648 2403 63634 4700
1377715500 63575 4953 63634 42737
1377715200 54704 42466 54888 42737
1377714900 27339 2204 27362 2205
1377714600 23999 2079 28169 2663
1377714300 28426 2666 66747 3164
1377714000 66467 3161 66747 3164
1377713700 25718 2858 162893 11029
1377713400 163130 11023 198554 11029
1377713100 197439 10205 198554 10245
1377712800 31355 4323 31528 7282
1377712500 32259 7266 141278 7282
1377712200 140445 4959 141278 4981
1377711900 16397 1815 18762 1818
1377711600 18745 1425 18762 1428
1377711300 16647 1109 59684 6657
1377711000 59399 6623 59684 6657
1377710700 17059 1575 17070 1579
1377710400 14009 490 15133 1017
1377710100 15228 1031 29434 3185
1377709800 29359 3175 29434 3185
1377709500 18367 1779 42085 3659
1377709200 43001 3954 316973 92399
1377708900 315092 91808 316973 92399
1377708600 34764 3871 34864 3881
1377708300 20047 2433 25750 4873
1377708000 25744 4861 25750 4873
1377707700 24912 3107 31129 6436
1377707400 31061 6412 31129 6436
1377707100 21172 2846 49538 2848
1377706800 49633 2679 63855 7928
1377706500 63738 7911 63855 7928
1377706200 29147 3040 46493 7713
1377705900 46350 7692 46493 7713
1377705600 26166 4649 189897 8075
1377705300 188887 8051 189897 8075
1377705000 38427 4606 38430 4936
1377704700 37950 4946 38047 6526
1377704400 23521 6487 23580 6526
1377704100 14880 830 33088 5510
1377703800 32994 5488 33088 5510
1377703500 19105 2325 26141 6730
1377703200 26227 6726 52087 6730
1377702900 52159 5600 62985 5608
1377702600 62927 4485 62985 4580
1377702300 54303 5319 54361 115525
1377702000 45568 114774 45751 115525
1377701700 18407 2965 26673 4913
1377701400 26646 4905 26673 4913
1377701100 22833 3811 45838 8006
1377700800 45930 8132 59680 26924
1377700500 59540 26773 59680 26924
1377700200 38779 4333 39991 9410
1377699900 40023 9414 44823 10103
1377699600 44754 10109 44823 11104
1377699300 34533 11090 39027 11104
1377699000 38936 8993 39027 9021
1377698700 25469 4850 51661 5869
1377698400 51480 5841 51661 5869
1377698100 24550 1744 24580 1745
1377697800 15791 1719 25088 2792
1377697500 25033 2790 25088 2792
1377697200 17004 2590 21754 4538
1377696900 21766 4549 25570 7996
1377696600 25515 7960 25570 7996
1377696300 17448 2635 19192 3742
1377696000 19329 3797 39818 12110
1377695700 39690 12042 39818 12110
1377695400 20798 2043 25649 7197
1377695100 25548 7152 25649 7197
1377694800 10538 576 10539 1272
1377694500 10573 1278 18811 2248
1377694200 18784 2238 18811 2248
1377693900 14869 799 14888 801
1377693600 9374 303 9376 349
1377693300 9085 349 9090 441
1377693000 8427 445 9766 1146
1377692700 9815 1156 24752 4401
1377692400 24699 4400 24752 4401
1377692100 16900 4347 16950 4373
1377691800 9468 582 9474 659
1377691500 8638 655 8643 659
1377691200 7994 121 8474 122
1377690900 8474 116 8538 120
1377690600 8534 119 8538 120
1377690300 8006 118 8067 124
1377690000 8067 124 8156 254
1377689700 8154 253 8156 254
1377689400 7894 122 8222 123
1377689100 8221 122 8222 123
1377688800 8155 123 8156 376
1377688500 7957 374 7959 376
1377688200 7755 141 8247 589
1377687900 8244 585 8247 589
1377687600 7889 121 7961 136
1377687300 7960 135 7961 136
1377687000 7860 123 8202 124
1377686700 8198 118 8202 119
1377686400 7737 117 7980 241
1377686100 7980 240 7994 241
1377685800 7996 127 8442 641
1377685500 8437 637 8442 641
1377685200 7818 124 8079 392
1377684900 8077 390 8079 392
1377684600 7806 116 8044 806
1377684300 8043 801 8044 806
1377684000 7929 130 8017 131
1377683700 8014 122 8017 122
1377683400 7665 121 8151 122
1377683100 8149 117 8151 122
1377682800 7885 122 7943 252
1377682500 7941 251 7943 252
1377682200 7665 122 8131 123
1377681900 8128 115 8131 134
1377681600 7757 135 7914 387
1377681300 7912 385 7914 387
1377681000 7731 125 8065 613
1377680700 8063 609 8065 613
1377680400 7910 132 8069 133
1377680100 8065 104 8069 135
1377679800 7610 134 7981 135
1377679500 7980 121 7981 122
1377679200 7874 122 7875 247
1377678900 7811 246 7812 247
1377678600 7761 128 8146 129
1377678300 8144 123 8146 123
1377678000 7862 124 7872 387
1377677700 7871 385 7872 387
1377677400 7843 116 8308 669
1377677100 8305 665 8308 669
1377676800 7969 108 7970 129
1377676500 7877 128 7878 129
1377676200 7796 123 8192 123
1377675900 8189 122 8192 123
1377675600 7826 111 8133 559
1377675300 8129 556 8133 559
1377675000 7677 123 7924 124
1377674700 7923 111 7924 128
1377674400 7921 129 7922 387
1377674100 7835 385 7976 387
1377673800 7977 128 8236 603
1377673500 8232 599 8236 603
1377673200 7658 136 8342 139
1377672900 8341 139 8342 185
1377672600 8131 184 8135 185
1377672300 7629 125 7938 126
1377672000 7938 124 8050 251
1377671700 8046 250 8050 251
1377671400 7589 120 8013 124
1377671100 8011 123 8013 124
1377670800 7799 121 7800 391
1377670500 7797 390 7802 391
1377670200 7804 127 8241 800
1377669900 8238 795 8241 800
1377669600 7823 122 7824 123
1377669300 7781 118 8000 144
1377669000 7999 143 8000 144
1377668700 7989 124 7991 125
1377668400 7839 119 8108 238
1377668100 8106 237 8108 238
1377667800 7712 121 8003 122
1377667500 8001 122 8003 126
1377667200 7732 126 7872 388
1377666900 7875 391 8408 846
1377666600 8407 845 8408 846
1377666300 8336 745 8341 750
1377666000 7674 126 7675 127
1377665700 7677 123 7994 124
1377665400 7992 119 7994 124
1377665100 7755 123 7816 124
1377664800 7817 123 8110 249
1377664500 8106 248 8110 249
1377664200 7546 122 7605 123
1377663900 7605 107 7724 139
1377663600 7724 140 7748 376
1377663300 7746 374 7748 376
1377663000 7589 126 8422 632
1377662700 8417 628 8422 632
1377662400 7797 119 7799 120
1377662100 7527 105 7715 140
1377661800 7716 139 7933 140
1377661500 7930 121 7933 122
1377661200 7539 122 7954 252
1377660900 7951 251 7954 252
1377660600 7602 122 7992 123
1377660300 7990 120 7992 122
1377660000 7834 123 7852 369
1377659700 7851 367 7852 369
1377659400 7744 133 8173 733
1377659100 8171 729 8173 733
1377658800 7875 133 7876 134
1377658500 7811 122 9248 156
1377658200 9240 156 9248 165
1377657900 8172 165 8173 170
1377657600 7909 170 7976 243
1377657300 7973 242 7976 243
1377657000 7645 117 7780 131
1377656700 7779 130 7780 131
1377656400 7670 121 7868 387
1377656100 7866 385 7868 387
1377655800 7694 122 8298 816
1377655500 8295 811 8298 816
1377655200 7913 112 7915 113
1377654900 7742 113 7743 132
1377654600 7692 131 7929 132
1377654300 7927 121 7929 122
1377654000 7729 117 8029 264
1377653700 8027 263 8029 264
1377653400 7755 120 7811 121
1377653100 7810 121 7811 128
1377652800 7664 129 8092 387
1377652500 8092 385 8138 387
1377652200 8138 122 8251 706
1377651900 8248 702 8251 706
1377651600 7940 115 8193 121
1377651300 8190 120 8193 121
1377651000 7858 115 8286 130
1377650700 8284 129 8286 130
1377650400 8039 126 8040 236
1377650100 7896 235 7932 236
1377649800 7933 133 8197 134
1377649500 8195 119 8197 130
1377649200 7974 131 8408 404
1377648900 8405 402 8408 404
1377648600 7984 137 8740 764
1377648300 8734 759 8740 764
1377648000 7854 132 8399 133
1377647700 8396 123 8399 128
1377647400 8043 127 8237 128
1377647100 8236 121 8237 124
1377646800 8201 124 8429 226
1377646500 8424 225 8429 226
1377646200 7719 115 8811 128
1377645900 8806 127 8811 128
1377645600 8183 112 9138 401
1377645300 9137 399 9138 401
1377645000 9125 169 11967 2162
1377644700 11951 2149 11967 2162
1377644400 9595 308 13221 1831
1377644100 13252 1842 17922 3524
1377643800 17922 3526 18000 3915
1377643500 18001 3920 18251 4702
1377643200 18238 4687 18251 4702
1377642900 16403 2463 16414 2473
1377642600 14815 1116 19325 4165
1377642300 19308 4151 19325 4165
1377642000 16812 2169 16836 2274
1377641700 13361 2272 16278 2274
1377641400 16282 2048 17516 2409
1377641100 17579 2431 27096 5815
1377640800 27087 5877 27096 15199
1377640500 25826 15159 25844 15199
1377640200 20609 3248 31121 6390
1377639900 31041 6381 31121 6390
1377639600 19308 5049 29506 5065
1377639300 29454 2757 29506 3215
1377639000 21961 3260 43464 10001
1377638700 43277 9952 43464 10001
1377638400 15453 2753 17617 2758
1377638100 17719 2079 32985 2943
1377637800 33148 2972 57477 7318
1377637500 57256 7289 57477 7318
1377637200 24374 3007 24418 3016
1377636900 17853 1708 22047 4717
1377636600 22012 4697 22047 4717
1377636300 16862 1777 16868 2247
1377636000 16089 2257 31421 3753
1377635700 31396 3753 31421 3849
1377635400 24057 3849 24091 3902
1377635100 19099 3908 21047 4923
1377634800 21016 4917 21047 4923
1377634500 16524 4066 19571 4067
1377634200 19622 3958 27297 9246
1377633900 27314 9209 29941 9246
1377633600 29908 3707 29941 4999
1377633300 25274 4989 55076 4999
1377633000 55089 3573 57170 3574
1377632700 57122 3476 57170 9716
1377632400 49893 9689 49986 9716
1377632100 22071 1750 22098 1754
1377631800 14096 643 19623 1254
1377631500 19714 1274 47188 7506
1377631200 47100 7497 47188 7506
1377630900 20953 5077 25259 5082
1377630600 25257 4454 25259 4455
1377630300 25306 5197 70291 123571
1377630000 70931 122811 166310 123571
1377629700 165842 10133 166310 72266
1377629400 95647 71802 96151 72266
1377629100 20749 2805 37462 4628
1377628800 37501 4648 43368 7716
1377628500 43271 7697 43368 7716
1377628200 29193 4966 67780 6002
1377627900 67725 6001 67780 6002
1377627600 51290 5867 51424 5881
1377627300 31366 3793 33832 3794
1377627000 33988 3754 57336 5259
1377626700 57168 5245 57336 5259
1377626400 32266 3215 32279 3218
1377626100 28547 2475 28628 2476
1377625800 23590 3034 49450 7285
1377624600 79398 19820 312598 89669
1377622800 22371 6852 32061 25219
1377621000 26863 5106 51980 15411
1377619200 38266 6583 59977 15411
1377617400 25472 2340 43812 4526
1377615600 49689 11380 98457 22387
1377613800 32160 9339 48768 23903
1377612000 21894 2495 34647 4699
1377610200 23561 2769 38795 8689
1377608400 11144 659 21522 3361
1377606600 8202 238 8846 653
1377604800 8065 124 8629 234
1377603000 7804 238 8503 653
1377601200 7797 120 8385 214
1377599400 7734 258 8458 771
1377597600 7703 124 8159 224
1377595800 7770 264 8623 789
1377594000 7808 121 8297 220
1377592200 7783 258 8351 762
1377590400 7685 124 8376 406
1377588600 7747 308 8451 769
1377586800 7491 124 8091 234
1377585000 7965 244 8877 678
1377583200 8188 128 8697 234
1377581400 8337 355 8839 809
1377579600 8069 122 8524 216
1377577800 8146 263 8829 795
1377576000 8054 126 8612 231
1377574200 8180 242 8888 659
1377572400 8074 122 8419 213
1377570600 8182 266 8833 820
1377568800 8085 127 8559 234
1377567000 8277 240 9068 662
1377565200 8318 125 9209 250
1377563400 8698 254 9458 752
1377561600 9219 125 9665 233
1377559800 59139 14472 301013 83339
1377558000 15518 1381 24273 2547
1377556200 12547 610 22960 1323
1377554400 23562 2662 31424 4945
1377552600 75222 4175 323288 8497
1377550800 20236 2303 24444 4139
1377549000 23147 2274 34774 3938
1377547200 16540 1966 18005 6456
1377545400 19183 1304 24502 2530
1377543600 36778 2945 90803 6364
1377541800 85079 3901 254772 7414
1377540000 21404 1642 26167 2624
1377538200 63772 14477 298131 80786
1377536400 32852 4325 48720 6351
1377534600 38816 4109 60778 6008
1377532800 30470 4212 42350 7987
1377531000 26128 4737 74187 6818
1377529200 37113 2999 88791 7060
1377527400 38579 4008 88791 8516
1377525600 58625 5304 231590 8516
1377523800 20606 2410 34571 4318
1377522000 9938 128 11552 251
1377520200 8473 252 9159 726
1377518400 8361 124 9159 230
1377516600 7836 270 8327 821
1377514800 7868 126 8327 228
1377513000 7809 222 8061 550
1377511200 7780 124 7961 207
1377509400 7816 249 8082 712
1377507600 7828 123 8059 210
1377505800 7852 252 8076 724
1377504000 7816 128 8028 389
1377502200 7893 303 8404 743
1377500400 7774 127 8191 235
1377498600 7791 233 8261 619
1377496800 7779 127 8072 222
1377495000 7928 371 8378 821
1377493200 7802 128 8017 235
1377491400 7757 267 8156 821
1377489600 7712 127 7872 235
1377487800 7805 264 8144 805
1377486000 7744 126 7986 235
1377484200 7795 239 8076 652
1377482400 7701 125 8054 244
1377480600 7755 271 8122 813
1377478800 7693 128 7925 241
1377477000 7755 238 8073 645
1377475200 7704 127 7917 226
1377473400 7704 255 8095 769
1377471600 7713 126 8036 235
1377469800 7679 240 7936 658
1377468000 7719 125 7865 226
1377466200 7780 258 8235 768
1377464400 7728 126 7986 228
1377462600 7781 260 8186 780
1377460800 7722 125 7975 384
1377459000 7795 283 8225 623
1377457200 7702 123 7891 222
1377455400 7819 242 8313 652
1377453600 7702 125 8102 231
1377451800 7879 383 8178 821
1377450000 7695 122 8120 231
1377448200 7746 264 8182 808
1377446400 7709 125 7938 229
1377444600 7743 245 8057 687
1377442800 7707 124 7943 218
1377441000 7751 263 8151 795
1377439200 7722 125 8005 219
1377437400 7753 248 8019 653
1377435600 7737 122 7920 218
1377433800 7782 253 8227 733
1377432000 7738 126 8068 213
1377430200 7790 233 8267 619
1377428400 7770 125 8158 247
1377426600 7741 242 8146 670
1377424800 7702 123 7876 220
1377423000 7755 256 8235 764
1377421200 7776 127 8152 229
1377419400 7822 262 8065 791
1377417600 7783 124 8059 412
1377415800 7838 284 8349 635
1377414000 7734 124 7908 221
1377412200 7781 237 8021 623
1377410400 7720 127 7852 235
1377408600 7923 358 8522 825
1377406800 7727 126 8000 235
1377405000 7773 239 8109 667
1377403200 7716 124 7835 229
1377401400 7793 230 8108 615
1377399600 7771 126 8101 246
1377397800 7777 228 8235 584
1377396000 7700 125 7986 234
1377394200 7821 273 8547 816
1377392400 7156 126 7304 235
1377390600 7210 264 7674 792
1377388800 7187 121 7386 211
1377387000 7273 262 7581 784
1377385200 7126 121 7393 225
1377383400 7109 257 7495 766
1377381600 7160 122 7441 208
1377379800 7202 235 7407 616
1377378000 7136 126 7412 218
1377376200 7295 268 7552 805
1377374400 7215 128 7406 402
1377372600 7355 289 8047 662
1377370800 7285 125 7592 225
1377369000 7207 235 7562 619
1377367200 7170 124 7429 212
1377365400 7309 380 7721 810
1377363600 7078 122 7489 215
1377361800 7137 238 7613 656
1377360000 7113 126 7291 247
1377358200 7177 240 7537 660
1377356400 7118 125 7350 249
1377354600 7164 261 7512 792
1377352800 7089 123 7401 222
1377351000 7136 245 7476 689
1377349200 7173 123 7443 219
1377347400 7190 263 7685 814
1377345600 7105 125 7276 236
1377343800 7161 247 7470 715
1377342000 7132 126 7388 234
1377340200 7154 252 7379 730
1377338400 7182 127 7415 242
1377336600 7228 257 7569 779
1377334800 7213 123 7380 218
1377333000 7195 232 7538 616
1377331200 7219 125 7525 390
1377329400 7343 309 8056 783
1377327600 7184 124 7596 233
1377325800 7232 260 7697 786
1377324000 7155 125 7352 238
1377322200 7364 382 7857 839
1377320400 7192 125 7451 232
1377318600 7165 247 7427 704
1377316800 7178 124 7446 224
1377315000 7236 229 7511 608
1377313200 7188 124 7458 217
1377311400 7263 265 7654 798
1377309600 7140 125 7351 246
1377307800 7236 257 7524 762
1377306000 7271 126 7544 234
1377304200 7448 255 7896 755
1377302400 7655 128 7895 236
1377300600 7829 245 8244 689
1377298800 8594 125 9491 235
1377297000 58655 16417 285800 79428
1377295200 49033 2639 165252 5921
1377293400 20772 3361 27349 6380
1377291600 25556 2425 55520 4832
1377289800 27736 2931 48961 3911
1377288000 46658 3816 76268 9342
1377286200 32260 3761 61194 9342
1377284400 25532 2415 33375 3855
1377282600 22072 1564 63920 5073
1377280800 24930 2072 63920 5581
1377279000 27145 1601 151853 69859
1377277200 883063 32555 2196872 69859
1377275400 22156 2638 31561 4916
1377273600 34547 2823 74473 4862
1377271800 101487 4432 469261 11643
1377270000 46017 3416 161531 9496
1377268200 20813 3071 36022 9496
1377266400 21156 2238 31630 4769
1377264600 21486 2100 45151 4944
1377262800 10212 623 14454 3091
1377261000 8672 250 9428 721
1377259200 7928 126 8244 235
1377257400 7657 258 8314 775
1377255600 7634 124 8146 228
1377253800 7690 233 8101 602
1377252000 7588 126 8119 249
1377250200 7894 235 8507 630
1377248400 16354 121 46795 209
1377246600 7797 239 8500 645
1377244800 7703 125 8255 401
1377243000 7816 285 8926 640
1377241200 7585 120 7937 201
1377239400 7722 254 8308 744
1377237600 7670 123 8113 220
1377235800 8482 382 10265 825
1377234000 7578 126 8025 234
1377232200 7753 255 8277 745
1377230400 7733 127 8129 244
1377228600 7753 265 8396 809
1377226800 7733 126 8257 236
1377225000 7808 264 8220 793
1377223200 7731 126 8173 235
1377221400 7808 260 8208 752
1377219600 7865 124 8356 227
1377217800 8079 240 8999 668
1377216000 9233 124 10195 237
1377214200 9945 249 10602 705
1377212400 42446 12524 201259 74551
1377210600 12592 633 27767 1289
1377208800 17494 844 46891 10767
1377207000 111605 22065 214162 75080
1377205200 29096 2482 66458 3935
1377203400 22316 1573 48168 8298
1377201600 22976 2588 48168 8298
1377199800 24476 1913 31648 2958
1377198000 17632 1094 137091 3710
1377196200 38520 1764 137091 3710
1377194400 14326 343 15814 421
1377192600 44904 13596 196847 77770
1377190800 18545 508 23089 845
1377189000 31118 2003 70885 5902
1377187200 119756 5677 381616 12337
1377185400 29157 1596 50506 2672
1377183600 23763 1100 36089 1941
1377181800 39376 1630 107166 2948
1377180000 31507 1016 68143 2639
1377178200 15164 264 16435 792
1377176400 11671 123 15655 237
1377174600 9603 256 10978 764
1377172800 8614 126 8969 234
1377171000 8433 232 9003 612
1377169200 8258 122 8448 214
1377167400 8291 263 8409 798
1377165600 8283 123 8524 222
1377163800 8368 253 8738 730
1377162000 8356 128 8504 249
1377160200 8419 247 8896 700
1377158400 8400 126 8737 384
1377156600 8837 298 9797 706
1377154800 8319 128 8657 251
1377153000 8248 235 8345 630
1377151200 8487 125 9215 228
1377149400 8400 356 8858 818
1377147600 8325 126 8705 243
1377145800 8499 256 9441 753
1377144000 8270 123 8380 219
1377142200 8352 258 8548 758
1377140400 8323 126 8476 238
1377138600 8463 263 8773 798
1377136800 8361 123 8553 227
1377135000 8486 253 9076 748
1377133200 8384 120 8599 201
1377131400 8801 268 9277 820
1377129600 8829 122 9514 223
1377127800 65671 20306 336454 118396
1377126000 21157 639 64789 1044
1377124200 31614 1240 107622 3171
1377122400 18459 869 22980 1716
1377120600 21022 1327 30691 1756
1377118800 36070 1342 55631 2291
1377117000 27571 1587 38881 3194
1377115200 24858 2204 36345 3615
1377113400 40531 2498 105526 4297
1377111600 23481 3574 28810 11625
1377109800 40804 4846 93626 13470
1377108000 26188 2815 44924 5433
1377106200 44517 13937 122644 67723
1377104400 45361 17063 117830 88083
1377102600 32936 4454 46880 6380
1377100800 25183 3100 35214 4390
1377099000 21192 2056 34737 4880
1377097200 45079 3759 137542 6936
1377095400 27425 2435 70742 6936
1377093600 61957 3019 224155 6250
1377091800 22408 1857 63775 5851
1377090000 10462 127 12473 235
1377088200 9037 256 9777 756
1377086400 8201 125 8676 235
1377084600 7770 244 8040 682
1377082800 7794 125 8323 234
1377081000 7899 263 8323 795
1377079200 7772 125 7922 224
1377077400 7854 237 8038 637
1377075600 7874 125 8290 213
1377073800 7827 246 8078 686
1377072000 7824 126 7995 400
1377070200 7840 301 8155 739
1377068400 7762 126 8138 241
1377066600 7844 231 7991 598
1377064800 7720 124 7989 205
1377063000 7806 357 8391 822
1377061200 7731 122 8102 219
1377059400 7705 238 8164 634
1377057600 7723 122 7981 198
1377055800 8312 236 9376 641
1377054000 9303 125 9713 245
1377052200 9411 240 10088 659
1377050400 9354 121 9639 213
1377048600 9495 225 10298 567
1377046800 9876 128 10541 235
1377045000 10130 262 10663 792
1377043200 9960 125 10604 240
1377041400 9679 243 10380 674
1377039600 11379 124 13042 223
1377037800 16295 1184 27276 2622
1377036000 22951 2751 29358 5056
1377034200 166500 23779 863919 129835
1377032400 27092 2869 43674 4432
1377030600 44411 3170 72400 4790
1377028800 27731 2708 40709 4120
1377027000 22269 3150 26667 4382
1377025200 26741 1535 45514 2450
1377023400 18931 1146 24625 1961
1377021600 22172 1263 35724 1965
1377019800 75042 26827 279653 141098
1377018000 73878 2683 345401 8542
1377016200 25952 2082 56123 3786
1377014400 23580 3615 39145 10228
1377012600 30422 8343 39145 17228
1377010800 26104 2923 39407 5660
1377009000 38386 9894 59042 29302
1377007200 43314 4323 73906 9183
1377005400 18947 1623 31513 3798
1377003600 14138 1947 26268 6583
1377001800 8345 281 8823 809
1377000000 8110 137 8807 217
1376998200 8037 350 8842 880
1376996400 8097 142 8842 264
1376994600 7594 274 8099 754
1376992800 7608 139 7689 246
1376991000 7637 266 8235 743
1376989200 7704 141 8174 248
1376987400 7723 254 7948 663
1376985600 7904 190 8952 525
1376983800 8792 274 10526 665
1376982000 7450 144 7897 259
1376980200 7650 249 8081 629
1376978400 7847 141 9111 249
1376976600 7696 383 8093 847
1376974800 7666 142 8734 247
1376973000 7705 291 8073 884
1376971200 7604 142 7888 251
1376969400 7894 263 8780 705
1376967600 7714 141 8068 242
1376965800 7951 260 9414 677
1376964000 8068 143 9414 252
1376962200 7760 273 8583 773
1376960400 8042 142 8583 252
1376958600 8250 262 9020 691
1376956800 9079 142 10514 265
1376955000 40464 12282 594247 68384
1376953200 110122 4864 594247 24627
1376951400 20600 1349 46734 2535
1376949600 22942 2133 32306 2647
1376947800 31472 2743 553166 22894
1376946000 112304 4646 553166 22894
1376944200 29641 1809 46048 3408
1376942400 26878 1404 49189 4711
1376940600 41233 3524 73928 5997
1376938800 34938 3165 44033 4153
1376937000 27891 2948 31819 4956
1376935200 36440 3596 135179 7602
1376933400 46656 4697 135179 7046
1376931600 23356 1936 47736 3470
1376929800 21264 2204 185081 63417
1376928000 88704 17414 185081 63417
1376926200 32484 2797 48238 4732
1376924400 37193 2278 93896 3459
1376922600 39138 4873 51470 7987
1376920800 22071 2094 36026 5227
1376919000 18981 2590 24653 4628
1376917200 12537 1461 18281 4017
1376915400 8059 251 8948 706
1376913600 7246 124 8069 216
1376911800 7007 257 7528 764
1376910000 6970 125 7331 218
1376908200 7049 257 7457 747
1376906400 7047 126 7438 231
1376904600 7114 247 7463 699
1376902800 7018 126 7246 248
1376901000 7092 242 7446 666
1376899200 6992 132 7208 401
1376897400 7017 289 7316 662
1376895600 6873 127 6970 229
1376893800 7020 262 7388 787
1376892000 6896 125 7215 242
1376890200 7066 355 7469 821
1376888400 6916 126 7049 218
1376886600 6956 264 7420 801
1376884800 6900 123 7063 220
1376883000 6968 268 7418 831
1376881200 6925 121 7167 216
1376879400 7022 258 7430 759
1376877600 6897 126 7336 234
1376875800 6968 244 7250 681
1376874000 6925 128 7108 229
1376872200 6983 266 7231 812
1376870400 6894 125 7078 228
1376868600 7011 262 7260 786
1376866800 6867 127 6995 235
1376865000 7007 260 7337 779
1376863200 6905 125 7190 238
1376861400 6981 234 7303 621
1376859600 6925 123 7095 229
1376857800 7011 250 7440 705
1376856000 6891 127 7041 431
1376854200 7053 309 7344 750
1376852400 6907 124 7090 220
1376850600 6988 243 7319 679
1376848800 6898 125 7181 230
1376847000 7106 353 7406 824
1376845200 6936 129 7128 237
1376843400 7063 265 7772 830
1376841600 6908 125 7070 224
1376839800 7019 252 7261 723
1376838000 6881 127 7056 251
1376836200 7004 237 7222 645
1376834400 6927 124 7032 219
1376832600 6988 264 7351 800
1376830800 6906 125 7091 237
1376829000 7012 263 7449 797
1376827200 6933 126 7272 250
1376825400 7003 261 7507 786
1376823600 6876 126 7007 242
1376821800 6977 250 7429 713
1376820000 6886 128 7053 236
1376818200 7018 251 7372 655
1376816400 6951 121 7108 210
1376814600 7055 255 7441 745
1376812800 6935 133 7310 401
1376811000 7009 301 7415 730
1376809200 6901 124 7261 226
1376807400 6956 250 7297 715
1376805600 6926 125 7116 229
1376803800 7102 371 7589 827
1376802000 6898 126 7120 233
1376800200 6999 238 7294 643
1376798400 6891 126 7114 238
1376796600 7001 260 7347 775
1376794800 6909 127 7053 235
1376793000 7095 248 7482 701
1376791200 6920 126 7057 237
1376789400 6955 253 7473 703
1376787600 6939 124 7174 222
1376785800 7067 236 7593 620
1376784000 6965 125 7167 231
1376782200 7084 240 7536 653
1376780400 6991 128 7275 225
1376778600 7044 267 7480 820
1376776800 6937 126 7256 235
1376775000 7001 260 7354 787
1376773200 6961 133 8027 364
1376771400 22289 1451 75267 2682
1376769600 11025 639 19270 2109
1376767800 7050 294 7338 680
1376766000 6950 127 7076 233
1376764200 7102 253 7357 734
1376762400 6956 125 7058 234
1376760600 12841 665 31639 1579
1376758800 7338 236 8661 771
1376757000 7115 254 7652 757
1376755200 6987 123 7157 238
1376753400 7127 258 7652 767
1376751600 6997 126 7162 234
1376749800 7037 239 7649 654
1376748000 6993 122 7187 212
1376746200 7042 261 7667 750
1376744400 7013 127 7375 238
1376742600 7046 242 7424 669
1376740800 6896 126 7327 228
1376739000 7035 266 7388 813
1376737200 6926 126 7281 237
1376735400 7009 237 7155 642
1376733600 6913 127 7202 235
1376731800 7009 248 7224 708
1376730000 6988 122 7183 208
1376728200 7094 259 7447 771
1376726400 7035 127 7155 402
1376724600 7193 300 7846 729
1376722800 6947 124 7143 237
1376721000 7075 260 7617 775
1376719200 6967 125 7175 228
1376717400 7171 378 7728 836
1376715600 7049 125 7340 232
1376713800 7135 218 7513 523
1376712000 6984 123 7364 216
1376710200 7140 263 7625 783
1376708400 7107 125 7351 232
1376706600 7177 232 7495 606
1376704800 7044 127 7417 236
1376703000 7067 260 7498 801
1376701200 7057 125 7455 235
1376699400 7357 265 7659 799
1376697600 7533 123 8464 215
1376695800 8158 263 8591 813
1376694000 8553 125 9735 237
1376692200 10391 256 12085 736
1376690400 26438 2959 59171 6230
1376688600 39182 3984 56163 7654
1376686800 33065 4213 57123 7339
1376685000 40689 3957 87599 6784
1376683200 34424 2359 50818 4581
1376681400 15543 1064 79202 1864
1376679600 57060 3847 106782 10535
1376677800 31830 3637 52919 5536
1376676000 29397 3105 72190 6484
1376674200 14959 537 18166 1048
1376672400 13715 374 22713 1588
1376670600 27438 3044 40850 5990
1376668800 41008 3703 61062 4700
1376667000 28777 3102 48558 7218
1376665200 38258 2132 140060 4715
1376663400 23978 2102 40395 3008
1376661600 31247 4943 44969 9637
1376659800 22347 3769 37054 7276
1376658000 10847 124 12747 219
1376656200 9155 255 10322 744
1376654400 7705 125 8127 232
1376652600 7582 261 8088 783
1376650800 7535 127 7788 237
1376649000 7567 244 7951 688
1376647200 7446 126 7584 231
1376645400 7481 238 7894 642
1376643600 7442 127 7723 244
1376641800 7775 248 8584 701
1376640000 7697 124 8584 402
1376638200 7741 306 8166 755
1376636400 7379 126 7842 238
1376634600 7716 259 8916 772
1376632800 7403 126 7686 237
1376631000 7593 384 8091 811
1376629200 7315 126 7563 233
1376627400 8191 231 11030 595
1376625600 7318 127 7472 236
1376623800 7509 266 8050 826
1376622000 7405 126 7601 233
1376620200 7590 237 8086 637
1376618400 7470 127 7663 249
1376616600 7520 239 7926 627
1376614800 7551 123 7927 218
1376613000 7846 259 8148 779
1376611200 7817 127 8409 234
1376609400 8569 262 9529 789
1376607600 9357 124 13200 222
1376605800 12719 438 16845 2011
1376604000 20008 5921 24814 20905
1376602200 22957 2994 33015 99542
1376600400 33900 236189 91661 1311397
1376598600 129190 4791 483238 12917
1376596800 108929 3331 340578 6644
1376595000 86755 4442 296875 9326
1376593200 58859 4404 121131 10810
1376591400 25449 3609 39909 10877
1376589600 19457 1979 22022 4540
1376587800 17007 1484 241819 62878
1376586000 61408 11755 241819 62878
1376584200 27533 2886 40672 6163
1376582400 24716 2497 35009 3538
1376580600 21341 1976 30240 3180
1376578800 23422 2894 38193 6443
1376577000 34500 5082 48303 6946
1376575200 28114 3290 38132 6234
1376573400 71295 2938 346949 9619
1376571600 9501 168 11340 268
1376569800 8002 303 8211 791
1376568000 7743 170 8074 298
1376566200 8790 295 14194 774
1376564400 7396 167 7572 260
1376562600 7457 311 7774 871
1376560800 7407 253 8928 642
1376559000 7741 301 8928 734
1376557200 7410 171 7496 288
1376555400 7530 280 8068 694
1376553600 7652 170 8464 481
1376551800 8379 337 9344 709
1376550000 7505 170 7809 274
1376548200 7614 281 8008 679
1376546400 7597 172 7842 270
1376544600 7684 280 8226 872
1376539200 7606 229 8128 763
1376532000 7794 234 8886 805
1376524800 22957 6927 226813 114574
1376517600 44852 3006 332382 8291
1376510400 67022 12049 571982 166619
1376503200 89629 5262 1123251 39889
1376496000 36470 3339 241001 17636
1376488800 48709 1743 466733 13037
1376481600 7772 183 8562 657
1376474400 7574 189 8258 757
1376467200 7848 203 8613 785
1376460000 7828 222 8577 837
1376452800 7806 184 8564 790
1376445600 8491 192 10334 776
1376438400 13073 712 35286 6411
1376431200 30056 3519 144659 53317
1376424000 28239 2449 100704 7368
1376416800 33217 3682 104165 9650
1376409600 38448 4244 85578 11002
1376402400 14363 1864 27129 5497
1376395200 7754 192 8247 804
1376388000 7639 180 8221 725
1376380800 7712 200 8490 758
1376373600 7601 214 8129 832
1376366400 7622 185 8270 779
1376359200 7923 193 8789 812
1376352000 20215 3419 238998 64714
1376344800 36625 3450 123623 8355
1376337600 66712 95339 456311 2152662
1376330400 53824 183600 178336 4202122
1376323200 39533 4620 145514 9409
1376316000 21495 1944 145514 8771
1376308800 7092 187 7746 740
1376301600 7000 187 7318 741
1376294400 7060 205 7559 802
1376287200 7045 221 7713 833
1376280000 6988 190 7469 801
1376272800 6943 190 7274 769
1376265600 6962 185 7219 747
1376258400 6951 189 7268 791
1376251200 6974 194 7415 690
1376244000 7027 218 7590 808
1376236800 6988 187 7343 810
1376229600 6983 183 7372 704
1376222400 6958 188 7441 813
1376215200 6986 184 7621 756
1376208000 6984 199 7532 800
1376200800 7015 222 7402 809
1376193600 7007 185 7359 802
1376186400 6976 191 7521 791
1376179200 6995 189 7574 766
1376172000 7090 180 7575 686
1376164800 7302 202 7608 774
1376157600 7387 216 8171 830
1376150400 7388 189 8040 792
1376143200 7331 186 8222 746
1376136000 7030 182 7609 725
1376128800 7051 186 7372 749
1376121600 7073 198 7527 737
1376114400 7071 219 7835 824
1376107200 7081 186 7778 787
1376100000 7240 193 7906 808
1376092800 8512 197 11654 818
1376085600 22702 3264 45987 9210
1376078400 57641 17375 169743 327176
1376071200 566059 21293 12055585 241342
1376064000 21149 2193 63591 8409
1376056800 18057 3438 63591 23279
1376049600 7835 185 9279 747
1376042400 7535 184 8146 719
1376035200 7536 206 8082 801
1376028000 10148 219 67273 821
1376020800 7504 182 8223 701
1376013600 9216 1204 14774 7962
1376006400 13053 3454 44266 16236
1375999200 30541 5382 190964 18485
1375992000 38474 3537 78321 7910
1375984800 35603 4182 159372 13898
1375977600 22418 2836 48941 8419
1375970400 16960 4418 66151 76265
1375963200 7928 185 8604 730
1375956000 7648 185 8071 694
1375948800 7694 201 8109 756
1375941600 7641 213 8379 822
1375934400 7660 190 8135 795
1375927200 8037 192 8624 774
1375920000 11942 380 41178 2511
1375912800 37523 2436 1322825 29130
1375905600 80745 3321 1322825 29130
1375898400 32235 3079 131356 9331
1375891200 30181 2867 179057 8922
1375884000 14572 1285 42747 8400
1375876800 7729 186 8668 746
1375869600 7584 192 7877 790
1375862400 7591 196 8176 670
1375855200 7617 220 8351 823
1375848000 7628 185 8292 754
1375840800 7961 186 9582 749
1375833600 11777 738 36054 3768
1375826400 29760 6331 94938 81593
1375819200 47116 8818 229358 108936
1375812000 49175 3557 522979 23273
1375804800 72479 6297 439528 71321
1375797600 15362 985 53301 4171
1375790400 8068 177 9020 603
1375783200 7825 181 8488 646
1375776000 7753 197 8918 796
1375768800 7557 213 8094 824
1375761600 7567 194 8232 813
1375754400 7764 190 8680 750
1375747200 11603 2455 67060 41526
1375740000 33891 3378 78467 10586
1375732800 24918 5322 65848 16869
1375725600 46017 3722 147283 10027
1375718400 65835 8220 606031 2722499
1375711200 188700 230374 3721092 2722499
1375704000 7548 205 8314 1068
1375696800 7448 184 7785 742
1375689600 7427 195 7869 711
1375682400 7376 213 7992 831
1375675200 7356 188 7956 749
1375668000 7326 184 7799 722
1375660800 7309 190 7589 797
1375653600 7336 181 7671 653
1375646400 7339 201 7757 804
1375639200 7354 213 7976 830
1375632000 7359 186 7664 741
1375624800 7354 190 7668 788
1375617600 7391 189 7802 748
1375610400 7417 184 7839 744
1375603200 7439 192 7896 668
1375596000 7439 222 8067 823
1375588800 7416 184 7815 724
1375581600 7422 181 8015 655
1375574400 7754 191 8431 815
1375567200 8008 191 8492 748
1375560000 7821 199 8199 816
1375552800 8282 220 9314 824
1375545600 168604 3746 1862583 41888
1375538400 103643 2165 1958023 39167
1375531200 7499 190 8075 774
1375524000 7544 190 7910 784
1375516800 7518 204 8035 797
1375509600 7498 212 8143 812
1375502400 7524 190 8165 784
1375495200 7690 186 8717 761
1375488000 9563 368 17184 2279
1375480800 50754 3620 273900 10210
1375473600 34484 2821 118420 6721
1375466400 20918 2000 62066 5052
1375459200 29112 3125 101557 6588
1375452000 16416 2531 48983 9328
1375444800 7800 184 8477 759
1375437600 7894 193 8895 803
1375430400 7726 202 8154 767
1375423200 7737 225 8415 822
1375416000 7798 185 9594 694
1375408800 8505 193 10608 810
1375401600 25201 5904 180265 123130
1375394400 83510 5484 549911 14231
1375387200 22353 2342 34385 6078
1375380000 122297 4704 568610 14330
1375372800 20685 1877 56062 26683
1375365600 25386 3070 142495 26683
1375358400 7962 388 8609 1021
1375351200 7903 353 8475 978
1375344000 10244 462 63598 1831
1375336800 7871 386 8561 935
1375329600 8015 404 9385 1747
1375322400 8427 370 9601 1034
1375315200 11000 508 32996 2756
1375308000 29061 3338 78699 11738
1375300800 56450 3995 228396 8778
1375293600 25580 2729 75405 5966
1375286400 27384 3279 77582 18051
1375279200 15125 1177 47704 3815
1375272000 7929 380 8497 879
1375264800 7891 361 8449 882
1375257600 7993 434 8785 1497
1375250400 7927 418 8386 927
1375243200 7935 360 8335 894
1375236000 8186 375 9192 992
1375228800 10225 367 32131 1713
1375221600 20515 1692 32131 5908
1375214400 23785 2216 80606 5712
1375207200 31510 3302 73846 6920
1375200000 34809 6237 91433 21039
1375192800 29404 3088 97130 9392
1375185600 8345 351 9515 853
1375178400 8331 387 9375 978
1375171200 8267 379 8843 984
1375164000 8280 396 9083 973
1375156800 8368 370 9182 1040
1375149600 8518 392 11500 1522
1375142400 11851 1016 21442 4317
1375135200 126761 10672 591130 67390
1375128000 130759 28754 522031 160342
1375120800 22593 3041 39906 5499
1375113600 43877 4319 234515 11311
1375106400 30081 2700 230329 9562
1375099200 7801 186 9513 810
1375092000 7543 187 7769 778
1375084800 7534 193 8098 664
1375077600 7487 214 7975 821
1375070400 7486 193 7766 813
1375063200 7459 193 7702 808
1375056000 7436 179 7738 658
1375048800 7545 192 8220 784
1375041600 7795 193 8205 646
1375034400 7485 216 8015 820
1375027200 7480 189 7821 801
1375020000 7451 181 7873 644
1375012800 7436 189 7845 776
1375005600 7467 191 7851 798
1374998400 7561 204 8435 776
1374991200 7839 213 15218 829
1374984000 7465 184 7835 693
1374976800 7450 181 7829 670
1374969600 7481 189 7749 768
1374962400 7655 189 8457 896
1374955200 23829 1777 194079 5005
1374948000 9796 1069 27540 3614
1374940800 7531 191 7915 819
1374933600 7491 184 7826 777
1374926400 7470 184 7733 709
1374919200 7509 177 7762 616
1374912000 7493 198 7904 704
1374904800 7531 223 8056 821
1374897600 7544 183 7784 759
1374890400 7651 192 8112 805
1374883200 9312 271 18145 1468
1374876000 335218 143049 2893011 3070795
1374868800 26643 3652 47429 8213
1374861600 29367 4565 116830 30044
1374854400 125344 8005 1280993 33773
1374847200 16237 2043 35213 6118
1374840000 8162 182 10026 659
1374832800 7991 194 8353 811
1374825600 8027 204 8307 758
1374818400 8025 214 8981 815
1374811200 7951 181 8240 698
1374804000 8083 182 8702 665
1374796800 18055 1603 86506 5033
1374789600 35329 4188 98050 22271
1374782400 365897 311078 4041885 4565055
1374775200 40914 4111 181575 9520
1374768000 303952 14755 3690551 96970
1374760800 26413 2831 116673 8124
1374753600 8432 190 9100 770
1374746400 8309 182 8667 767
1374739200 8295 197 8716 799
1374732000 8285 215 9046 808
1374724800 8323 188 8947 774
1374717600 9068 184 10041 712
1374710400 11963 501 71955 8431
1374703200 34895 4303 71955 11980
1374696000 57120 3651 218247 14062
1374688800 38857 3046 155194 11472
1374681600 80464 4960 925850 26710
1374674400 18476 2585 45875 10338
1374667200 8306 188 8883 735
1374660000 8645 186 9266 766
1374652800 8583 207 9044 802
1374645600 8369 220 9499 817
1374638400 8299 193 8815 789
1374631200 8507 189 9086 760
1374624000 13544 1038 37461 4580
1374616800 33894 4730 166095 12126
1374609600 43043 6010 126589 11237
1374602400 56466 4394 201113 9640
1374595200 50162 6987 208354 19194
1374588000 21224 3076 73014 17114
1374580800 8173 192 9525 806
1374573600 8076 187 8703 771
1374566400 8067 206 8322 819
1374559200 8110 223 8423 811
1374552000 8089 187 8301 743
1374544800 8656 177 12198 657
1374537600 16811 1984 89809 12409
1374530400 43098 4764 79154 13819
1374523200 36076 4839 68987 18454
1374516000 26602 4364 51257 24224
1374508800 66137 4414 653058 16762
1374501600 22477 2043 137707 7027
1374494400 7395 308 8119 884
1374487200 7208 283 7443 887
1374480000 7214 300 7490 806
1374472800 7176 318 8011 899
1374465600 7156 285 7440 899
1374458400 7109 283 7430 880
1374451200 7137 290 7751 828
1374444000 7129 280 7548 730
1374436800 7129 294 7391 760
1374429600 7172 309 7762 888
1374422400 7167 307 7499 866
1374415200 7126 285 7430 827
1374408000 7146 290 7713 936
1374400800 7155 288 7532 856
1374393600 7166 299 7681 940
1374386400 7156 313 8049 852
1374379200 7124 284 7554 775
1374372000 7123 291 7431 867
1374364800 7231 290 9357 833
1374357600 7164 284 7532 848
1374350400 7182 313 7741 895
1374343200 8719 534 32630 3283
1374336000 7283 336 7747 1031
1374328800 7261 320 7835 830
1374321600 7228 330 7525 884
1374314400 7244 321 7567 892
1374307200 7261 337 7791 934
1374300000 7279 358 7729 920
1374292800 7322 333 7736 934
1374285600 7510 355 7920 989
1374278400 8909 343 14268 906
1374271200 17377 835 56597 3636
1374264000 22036 1528 59697 3959
1374256800 17587 1872 30116 4251
1374249600 33923 2564 203817 9436
1374242400 17668 1650 68444 8904
1374235200 8092 335 8737 913
1374228000 8244 357 12303 1351
1374220800 8254 358 9138 1035
1374213600 8089 369 9256 1050
1374206400 8078 335 8852 957
1374199200 8174 338 8671 846
1374192000 10172 399 19641 2361
1374184800 24852 2320 85449 7685
1374177600 28066 3055 79372 19808
1374170400 28221 2205 116990 5641
1374163200 30355 3362 119513 14722
1374156000 14776 1518 32453 4757
1374148800 8255 330 8893 929
1374141600 8795 340 17235 993
1374134400 8226 353 8904 936
1374127200 8175 360 8680 1024
1374120000 8211 337 8571 940
1374112800 8483 348 11314 927
1374105600 10560 387 31044 2513
1374098400 25616 3921 58506 16708
1374091200 64878 5200 435162 16708
1374084000 21288 2978 40618 6930
1374076800 475223 259221 1314040 3117039
1374069600 16568 1798 33534 5344
1374062400 8502 192 9059 766
1374055200 8342 178 8709 621
1374048000 8303 196 9259 714
1374040800 8086 216 8559 832
1374033600 8126 187 8390 782
1374026400 8247 182 8749 690
1374019200 10692 321 22744 3397
1374012000 33133 4533 137549 18140
1374004800 35986 5029 94570 14826
1373997600 27525 3758 98379 8677
1373990400 33492 6034 71234 23741
1373983200 15972 1872 30053 6876
1373976000 7984 221 8580 772
1373968800 7918 247 8326 803
1373961600 7974 236 8186 754
1373954400 7944 262 8810 869
1373947200 7952 223 8300 809
1373940000 8185 223 9522 775
1373932800 11458 1663 36930 33165
1373925600 59876 33542 238882 700011
1373918400 26086 3632 47915 6535
1373911200 27874 4396 88494 10854
1373904000 34380 4569 264993 24683
1373896800 18176 2074 87672 12204
1373889600 7123 190 7555 807
1373882400 7139 193 7302 795
1373875200 7122 203 7455 797
1373868000 7099 211 7938 833
1373860800 7098 191 7423 774
1373853600 7107 182 7317 678
1373846400 7113 185 7375 773
1373839200 7118 179 7382 693
1373832000 7149 193 7441 671
1373824800 7166 215 7653 823
1373817600 7142 187 7365 793
1373810400 7133 186 7348 755
1373803200 7118 186 7390 779
1373796000 7131 184 7406 697
1373788800 7154 200 7532 798
1373781600 7110 218 7648 818
1373774400 11720 193 114347 795
1373767200 7060 178 7326 682
1373760000 7062 185 7443 772
1373752800 7099 186 7462 774
1373745600 6981 197 7260 752
1373738400 7098 216 7739 823
1373731200 7037 178 7346 692
1373724000 7007 188 7254 803
1373716800 7003 192 7284 805
1373709600 7018 184 7280 678
1373702400 7050 199 7494 793
1373695200 7042 212 7671 817
1373688000 7084 188 7371 778
1373680800 7208 186 7561 759
1373673600 8067 187 13927 825
1373666400 19912 3041 42474 8345
1373659200 145305 7733 642269 26594
1373652000 312880 12939 649934 23380
1373644800 232201 10398 634421 23438
1373637600 15616 2342 50371 6148
1373630400 7595 192 8087 785
1373623200 7620 183 9395 727
1373616000 7641 203 8834 788
1373608800 13425 220 150927 821
1373601600 7403 192 7739 824
1373594400 7682 182 8413 708
1373587200 14350 1385 73230 4809
1373580000 25898 3879 66979 7570
1373572800 32321 5557 76960 21485
1373565600 57932 5735 369327 20088
1373558400 245321 9873 1252342 33034
1373551200 16764 2199 55805 6263
1373544000 7610 184 8338 788
1373536800 7501 183 8098 760
1373529600 7709 204 8651 775
1373522400 7443 216 8227 824
1373515200 7456 194 7782 823
1373508000 7987 187 12714 753
1373500800 14587 1298 59813 5560
1373493600 37217 3540 104208 8355
1373486400 42919 5097 147335 13344
1373479200 28222 3294 107535 5871
1373472000 38089 6860 415394 41662
1373464800 30141 2925 304467 14699
1373457600 7838 181 8496 675
1373450400 7762 189 8421 801
1373443200 7759 201 8357 780
1373436000 7699 209 8292 821
1373428800 7774 191 8046 808
1373421600 7983 191 8849 773
1373414400 10539 738 31775 5237
1373407200 39816 4037 84258 27000
1373400000 80813 5861 972541 28396
1373392800 43636 4710 159715 14557
1373385600 24971 13557 87139 118914
1373378400 21429 2970 52905 7623
1373371200 7944 193 8707 779
1373364000 7791 191 8199 782
1373356800 7831 198 8754 743
1373349600 7748 213 8597 821
1373342400 7771 178 8113 609
1373335200 7906 193 8783 802
1373328000 12429 733 52425 6352
1373320800 27078 3916 68747 14866
1373313600 23568 2907 47736 16316
1373306400 24211 4764 81689 19184
1373299200 50581 8926 466460 31189
1373292000 52227 2538 894389 25245
1373284800 7200 185 8028 775
1373277600 7190 181 8323 667
1373270400 7124 204 7500 804
1373263200 7110 218 7716 809
1373256000 7135 192 7486 787
1373248800 7114 178 7317 627
1373241600 7116 191 7376 788
1373234400 7227 190 7547 813
1373227200 7304 205 7536 790
1373220000 7266 220 8011 834
1373212800 7127 187 7333 837
1373205600 7110 192 7533 803
1373198400 7108 190 7412 803
1373191200 7118 181 7286 694
1373184000 7122 204 7349 811
1373176800 7141 215 7955 807
1373169600 7159 182 7471 703
1373162400 7161 194 7502 813
1373155200 7146 188 7360 811
1373148000 7231 185 7605 723
1373140800 7270 198 7600 780
1373133600 7286 220 7833 833
1373126400 7311 188 8344 803
1373119200 7264 195 7552 813
1373112000 7252 184 7656 700
1373104800 7268 188 7681 786
1373097600 7290 204 7728 780
1373090400 7302 220 8079 827
1373083200 7294 187 7600 772
1373076000 7358 188 7692 786
1373068800 7325 185 7632 732
1373061600 7356 189 7921 772
1373054400 7309 191 7553 639
1373047200 101947 3929 333304 33393
1373040000 44941 1382 303352 6684
1373032800 7349 190 7739 780
1373025600 7351 191 7627 827
1373018400 7353 193 7706 830
1373011200 7344 202 7869 801
1373004000 7324 217 7937 821
1372996800 7296 185 7612 705
1372989600 7293 179 7580 637
1372982400 7312 184 7818 757
1372975200 7313 181 7697 671
1372968000 7303 191 7701 672
1372960800 7324 221 7813 832
1372953600 7362 191 7611 805
1372946400 7390 192 7924 809
1372939200 7355 181 7726 675
1372932000 7393 184 7748 742
1372924800 8384 201 25578 783
1372917600 7394 220 8206 821
1372910400 7362 188 7833 764
1372903200 7415 188 7898 783
1372896000 7586 185 7898 707
1372888800 8537 195 10222 820
1372881600 20205 1646 63616 6784
1372874400 321070 290786 5046022 6755098
1372867200 532105 13905 5837773 123641
1372860000 19623 1878 64945 12443
1372852800 7774 194 8953 823
1372845600 7709 186 8239 776
1372838400 7766 200 8861 755
1372831200 7703 213 8250 818
1372824000 7706 193 8073 824
1372816800 7900 189 8729 800
1372809600 9693 505 18306 6626
1372802400 34022 23354 105875 406084
1372795200 47477 17766 176976 296244
1372788000 35434 6411 122970 15079
1372780800 27406 3645 89021 8875
1372773600 14891 4481 28916 56822
1372766400 7527 188 7893 765
1372759200 7540 186 7912 784
1372752000 7541 199 8216 743
1372744800 7507 222 8036 822
1372737600 7524 184 7971 709
1372730400 7829 188 8558 789
1372723200 10565 830 21593 7015
1372716000 27185 5014 67623 44886
1372708800 20458 2766 43838 8689
1372701600 22049 8677 95560 72572
1372694400 25811 9165 51846 83604
1372687200 26055 4101 64009 13261
1372680000 9630 400 48474 1889
1372672800 7355 265 7675 805
1372665600 7356 279 7705 819
1372658400 7339 306 7993 961
1372651200 7383 274 8315 857
1372644000 7368 278 7791 874
1372636800 7336 277 8161 1032
1372629600 7424 279 7980 973
1372622400 7429 280 8003 904
1372615200 7672 357 14234 1780
1372608000 7359 217 8741 870
1372600800 7285 187 7708 806
1372593600 7279 189 7717 809
1372586400 7300 189 7599 753
1372579200 7325 206 7710 793
1372572000 7299 221 7947 823
1372564800 7280 183 7665 676
1372557600 7277 192 7574 787
1372550400 7289 193 7663 808
1372543200 7321 190 7702 803
1372536000 7309 195 7629 693
1372528800 7337 216 7873 833
1372521600 7331 180 7612 637
1372514400 7513 186 7881 729
1372507200 7569 188 7949 736
1372500000 7565 188 7803 756
1372492800 7699 201 8458 779
1372485600 7626 211 8573 887
1372478400 7604 193 8025 794
1372471200 7729 184 8474 705
1372464000 9496 355 15905 2374
1372456800 41414 30698 146298 295203
1372449600 106112 35224 1148931 696906
1372442400 25600 3345 55586 6594
1372435200 244164 16788 2125421 205340
1372428000 16894 2188 47741 6395
1372420800 8266 191 9407 781
1372413600 8100 189 8447 777
1372406400 8175 201 8653 801
1372399200 8106 223 8951 950
1372392000 8101 191 8630 809
1372384800 8262 188 9402 744
1372377600 11622 700 24678 2648
1372370400 31285 5075 73153 14115
1372363200 79362 6016 948885 28030
1372356000 26786 4065 52390 8414
1372348800 43205 4512 282792 9090
1372341600 25374 2731 115478 7765
1372334400 10455 190 65455 809
1372327200 14208 187 153660 795
1372320000 9395 196 33091 787
1372312800 8021 207 8673 952
1372305600 11702 190 48652 793
1372298400 10323 186 56414 782
1372291200 19608 18379 177546 394109
1372284000 42045 5156 326592 16980
1372276800 69847 5089 241107 12462
1372269600 52925 6909 217700 37323
1372262400 37281 7594 202825 70287
1372255200 21103 2685 54004 8899
1372248000 8264 184 8865 736
1372240800 8228 193 8741 816
1372233600 8276 207 9167 820
1372226400 8252 217 8827 1005
1372219200 8351 179 8878 678
1372204800 17433 1368 141489 8743
1372118400 16857 2151 172924 30022
1372032000 7833 191 59010 1088
1371945600 7696 189 8741 1083
1371859200 20722 3432 260835 221160
1371772800 48276 8576 2688033 384993
1371686400 26784 8302 793363 873963
1371600000 18823 2018 252783 23328
1371513600 22274 1927 1048031 31544
1371427200 7466 192 14471 1081
1371340800 7492 190 8358 1085
1371254400 15204 1738 276187 21829
1371168000 30415 3811 1419891 128114
1371081600 63497 2958 5597968 112491
1370995200 22284 2522 834687 131959
1370908800 27331 2590 411867 25756
1370822400 7237 193 8084 831
1370736000 7274 191 8509 839
1370649600 27956 3089 2954886 190029
1370563200 15111 1380 172960 19684
1370476800 19309 1622 832874 23518
1370390400 23898 2653 1035623 57886
1370304000 15277 1440 240351 17040
1370217600 7339 189 8098 823
1370131200 7389 191 8311 825
1370044800 23237 27066 381472 7057324
1369958400 19519 1548 627244 22251
1369872000 15208 1802 242490 28374
1369785600 18852 1780 612821 51421
1369699200 6986 149 7824 793
1369612800 6910 151 7646 781
1369526400 6957 151 7879 793
1369440000 62425 10733 5302766 2309133
1369353600 68355 46889 3610146 2723561
1369267200 81424 4776 3339892 136191
1369180800 19993 982 787254 14493
1369094400 16169 1342 247949 22404
1369008000 6746 148 22143 793
1368921600 6674 151 7664 783
1368835200 135653 74916 7816183 2791909
1368748800 41384 3542 1131129 96195
1368662400 19692 1596 373766 23302
1368576000 20363 108098 165204 2881827
1368489600 30893 2400 621720 31238
1368403200 6779 198 15069 899
1368316800 6811 202 10767 840
1368230400 62982 3563 637810 43792
1368144000 28522 7719 826368 1400192
1368057600 60027 36635 7215392 6990358
1367971200 46025 2839 2366231 63694
1367884800 15303 1339 71185 10426
1367798400 6971 191 7671 817
1367712000 7081 191 8107 820
1367625600 14224 1876 202936 57293
1367539200 21958 2495 263781 93587
1367452800 26182 2291 878521 21437
1367366400 15085 1478 80398 10854
1367280000 14805 1529 136007 16286
1367193600 7254 190 8231 825
1367107200 7384 192 8173 822
1367020800 24838 47392 533003 10413325
1366934400 14415 6700 79134 1352603
1366848000 20672 1969 179115 12099
1366761600 22567 1792 267357 17852
1366675200 17964 2287 212946 69581
1366588800 6483 192 7484 816
1366502400 6448 190 7164 834
1366416000 22718 48137 408265 7538726
1366329600 25363 1305 1254921 13124
1366243200 17663 2190 133625 66803
1366156800 15648 2028 205469 94828
1366070400 15164 1430 136265 16252
1365984000 6930 253 8273 1116
1365897600 6986 254 9586 1124
1365811200 28499 6750 742893 717873
1365724800 17028 1863 163715 23934
1365638400 24210 2160 892416 22234
1365552000 26167 4321 2288033 707289
1365465600 13642 1073 125901 10744
1365379200 6945 191 7755 823
1365292800 7054 192 7779 814
1365206400 16030 1907 141697 94249
1365120000 19002 1636 1127864 24239
1365033600 10893 2078 45488 297269
1364947200 17978 2978 155908 297421
1364860800 16386 1880 128094 97427
1364774400 7641 192 194041 838
1364688000 7286 189 8417 818
1364601600 16878 2570 523663 107337
1364515200 22032 58192 483947 5004576
1364428800 16783 1290 626140 13430
1364342400 22697 1841 885139 37734
1364256000 24026 7010 1550616 1337532
1364169600 7152 191 7875 820
1364083200 7238 190 8663 845
1363996800 16072 1553 280905 30481
1363910400 10699 467 27294 4746
1363824000 13001 1138 94700 12045
1363737600 12964 1271 144852 11643
1363651200 15895 1929 89542 17956
1363564800 7158 191 8105 833
1363478400 7379 192 8133 819
1363392000 20241 1375 681360 22739
1363305600 21286 3164 284107 436254
1363219200 27448 4067 541166 443475
1363132800 21922 2301 239768 360606
1363046400 30752 3640 1594431 358393
1362960000 7576 191 10333 964
1362873600 8092 189 24763 1036
1362787200 32927 4604 2644721 536342
1362700800 21453 2575 230557 296548
1362614400 27315 4716 348376 306025
1362528000 19547 3610 129385 289285
1362441600 32184 2578 1267725 290431
1362355200 7348 249 10331 4959
1362268800 14034 383 1783451 38828
1362182400 61184 4803 3637910 563836
1362096000 17164 840 128385 11352
1362009600 18544 793 71809 10855
1361923200 17155 617 101713 5578
1361836800 20106 921 268816 74362
1361750400 7174 148 18178 1037
1361664000 7382 149 21878 1036
1361577600 17042 1146 116185 20925
1361491200 20102 1192 293954 13165
1361404800 18892 1330 259370 31764
1361318400 22043 1539 292583 58800
1361232000 7538 150 38080 1060
1361145600 7235 149 10293 1397
1361059200 7361 149 22025 1032
1360972800 26120 1710 1007147 25210
1360886400 18871 1445 147002 22807
1360800000 27230 1712 473895 51037
1360713600 38835 1682 1530514 40753
1360627200 20506 1358 1403043 35998
1360540800 7757 303 37147 1342
1360454400 7703 284 13288 1180
1360368000 14319 1264 115475 33163
1360281600 35541 2324 1293699 67960
1360195200 24019 1559 405454 14681
1360108800 21769 1465 258095 70992
1360022400 51933 1732 5496152 28252
1359936000 7855 149 35331 1039
1359849600 7993 148 48707 1025
1359763200 43273 2324 979897 46693
1359676800 69107 3147 1733180 49667
1359590400 67455 3322 2497199 72111
1359504000 22723 1729 831352 158373
1359417600 27145 1525 456304 13256
1359331200 7671 209 40357 2103
1359244800 9369 211 87243 2174
1359158400 23861 1863 405985 15154
1359072000 37551 2223 1281728 28177
1358985600 23673 2579 217023 127236
1358899200 26275 25744 837332 6870795
1358812800 7975 210 99476 2226
1358726400 7388 212 9181 2228
1358640000 7597 209 10622 1994
1358553600 98708 3111 7208785 213290
1358467200 20232 1093 127227 13494
1358380800 25402 1959 1129761 74367
1358294400 23043 1612 201627 24517
1358208000 24059 2658 939378 100048
1358121600 7064 210 9066 2144
1358035200 7050 210 8401 2247
1357948800 16545 1937 832107 148082
1357862400 10606 555 40024 5714
1357776000 19498 2935 196459 166562
1357689600 14532 2071 131040 31906
1357603200 19926 3812 700224 304112
1357516800 6777 212 7547 2222
1357430400 6981 212 11489 2197
1357344000 13776 1321 121939 40010
1357257600 19098 1098 432382 19250
1357171200 19870 1788 817556 73352
1357084800 6430 213 7256 2160
1356998400 9425 1214 85042 39946
1356912000 6509 207 7377 2109
1356825600 6590 217 7723 2228
1356739200 14574 3414 381439 494415
1356652800 15755 2356 917610 40309
1356566400 15758 1684 820747 22295
1356480000 6259 209 7038 2039
1356393600 6274 208 7080 2138
1356307200 6248 211 6938 1975
1356220800 6391 210 9369 2034
1356134400 12534 1675 165052 29398
1356048000 38875 2137 2393124 87654
1355961600 11943 1300 59343 26803
1355875200 15608 2750 87913 82684
1355788800 18983 2237 474855 41675
1355702400 6691 211 8207 2143
1355616000 6896 210 8330 2159
1355529600 20313 1584 137162 24538
1355443200 21275 2641 517295 84985
1355356800 15929 1942 196238 50409
1355270400 27744 38474 677004 5378672
1355184000 16378 2518 218522 79722
1355097600 6767 211 7558 2156
1355011200 39813 988 3226761 99816
1354924800 103756 3156 6891263 165219
1354838400 17100 2241 128434 51470
1354752000 19570 3168 255645 114650
1354665600 18900 3216 381553 51849
1354579200 22245 3308 221054 101067
1354492800 6479 211 7254 2133
1354406400 6724 209 11764 1881
1354320000 28971 9972 334550 1964260
1354233600 33249 8886 2200731 1958895
1354147200 16833 4547 200053 308696
1354060800 27924 2938 2040832 83330
1353974400 41333 4026 2025231 55684
1353888000 5974 210 6689 2036
1353801600 5940 212 6655 2059
1353715200 6025 208 6869 2027
1353628800 6067 211 6952 2224
1353542400 14842 1774 187726 71799
1353456000 19940 2674 180885 232304
1353369600 21450 3158 911024 168193
1353283200 6210 190 6931 1855
1353196800 6352 191 7974 1895
1353110400 23859 2402 546024 135085
1353024000 17586 2245 706436 150468
1352937600 19872 2522 219740 43380
1352851200 16384 1789 178344 21505
1352764800 12653 1459 116587 31406
1352678400 6462 211 7662 2144
1352592000 6511 214 8142 1983
1352505600 22871 2467 767787 286388
1352419200 9311 374 89716 11793
1352332800 9094 190 18593 1898
1352246400 11179 689 57995 6300
1352160000 12087 3935 126345 153923
1352073600 6404 191 10168 1823
1351987200 6495 190 7994 1952
1351900800 16513 1943 212137 109539
1351814400 13608 1276 299590 43717
1351728000 10550 1247 65435 57471
1351641600 6421 191 7392 1939
1351555200 6328 192 10095 1738
1351468800 6368 193 7084 1970
1351382400 6446 191 9443 1897
1351296000 15536 1599 180757 36476
1351209600 15645 2623 255199 298525
1351123200 16971 1960 815835 35760
1351036800 15926 1443 385296 112343
1350950400 14314 1990 200483 59082
1350864000 7092 193 12724 1986
1350777600 7136 194 12515 1974
1350691200 16763 1162 174407 14069
1350604800 44387 2241 4734122 96210
1350518400 19577 2973 200721 101209
1350432000 21920 4009 363077 361202
1350345600 16983 2632 146069 67303
1350259200 6592 197 7291 1922
1350172800 6677 194 10160 1935
1350086400 12908 1372 132914 23750
1350000000 14902 1439 168564 29400
1349913600 14247 2024 173171 84238
1349827200 20665 3628 788252 87553
1349740800 17442 2892 165644 137234
1349654400 6671 192 8169 1750
1349568000 6685 196 7524 1804
1349481600 16942 1231 464436 23381
1349395200 15176 1646 585440 43414
1349308800 22407 2260 762932 27293
1349222400 50025 46521 1041917 3109228
1349136000 116963 73632 4982777 6326179
1349049600 6815 194 7617 1926
1348963200 7178 194 8402 1962
1348876800 16380 3490 193526 239181
1348790400 24607 4614 583429 513056
1348704000 22295 3300 337327 121572
1348617600 15930 3395 147998 447140
1348531200 21054 2160 176165 58001
1348444800 6490 194 7196 1983
1348358400 6690 194 7837 1930
1348272000 11506 948 90645 30583
1348185600 21965 3059 222310 246687
1348099200 22978 1956 273740 23521
1348012800 30983 3338 710273 73826
1347926400 23315 2533 226597 162042
1347840000 6785 194 7591 1889
1347753600 6833 195 7664 1777
1347667200 34947 15071 3589026 514886
1347580800 24161 4272 306544 129155
1347494400 56971 5433 3626728 173804
1347408000 61202 7854 7452924 333717
1347321600 22496 4519 763353 309826
1347235200 6656 195 7431 1818
1347148800 6721 195 7584 2016
1347062400 20729 2382 298674 43588
1346976000 25921 2725 1373053 43376
1346889600 21756 10796 486723 1698188
1346803200 18658 3127 641024 90101
1346716800 6685 196 9160 1877
1346630400 6634 196 7477 1946
1346544000 6660 196 7507 1854
1346457600 15740 1812 185706 116377
1346371200 22905 3079 258667 112371
1346284800 24300 2191 246810 34585
1346198400 28254 2516 1976016 46592
1346112000 20641 1859 190464 22090
1346025600 6716 195 7413 1761
1345939200 6787 192 7698 1905
1345852800 14177 1258 165130 23435
1345766400 16525 2696 92119 122621
1345680000 18582 2652 291399 62539
1345593600 22626 2617 859589 53195
1345507200 13350 923 479050 22458
1345420800 7271 478 64718 14730
1345334400 6770 406 20966 14547
1345248000 15050 1809 581034 50456
1345161600 14840 1515 127985 43491
1345075200 16039 1728 284991 17262
1344988800 53844 39828 2273403 4705288
1344902400 17802 2138 207368 53553
1344816000 6475 197 7203 1899
1344729600 6616 196 7548 1878
1344643200 84066 7365 492575 285217
1344556800 30679 1956 336314 49634
1344470400 39348 3106 1055497 35005
1344384000 47950 3129 4181753 81400
1344297600 18176 2472 196145 59031
1344211200 6498 196 7462 1963
1344124800 6667 194 8052 1923
1344038400 18001 2443 99294 36095
1343952000 21638 2406 546653 47631
1343865600 22732 2671 587552 63036
1343779200 18732 2718 187745 46237
1343692800 14799 1387 312742 23652
1343606400 6680 196 7717 1899
1343520000 6758 193 9309 1844
1343433600 14647 1370 415549 25904
1343347200 14503 1474 481493 37088
1343260800 17611 2202 338001 72701
1343174400 13566 1904 73751 30674
1343088000 16440 1760 724010 88518
1343001600 7104 197 7902 1849
1342915200 7209 194 8308 1897
1342828800 13337 634 180913 19577
1342742400 14065 1122 224033 47859
1342656000 12493 784 67098 21580
1342569600 12202 1091 64079 23783
1342483200 17745 3265 164852 148214
1342396800 7014 198 7942 1885
1342310400 7267 196 8984 1886
1342224000 15900 1623 482163 14554
1342137600 15941 1932 83665 18151
1342051200 24263 2514 341246 52344
1341964800 26759 2588 121355 64322
1341878400 17480 1562 716807 19455
1341792000 6770 190 7565 1955
1341705600 7959 292 157640 4763
1341619200 13591 1846 81843 22259
1341532800 12546 1254 69560 12755
1341446400 6930 189 7624 1790
1341360000 12425 1223 112314 16703
1341273600 14149 1782 61285 15104
1341187200 6839 192 7657 1787
1341100800 6986 190 9080 1820
1341014400 19056 2783 133239 134256
1340928000 14920 1949 73506 13607
1340841600 28270 2465 267406 36062
1340755200 16066 1742 123121 14384
1340668800 23667 2261 335797 17005
1340582400 6705 191 7590 1735
1340496000 6797 188 8198 1734
1340409600 10812 404 39255 2659
1340323200 15203 1844 116474 15072
1340236800 21917 2239 220698 16689
1340150400 17747 2353 425202 16947
1340064000 17118 3026 109444 22008
1339977600 6893 188 14113 1716
1339891200 7011 187 8178 1856
1339804800 16597 2210 222552 28698
1339718400 18700 2105 286766 32449
1339632000 14873 1632 90801 14525
1339545600 24113 2966 444394 33119
1339459200 36498 3694 798994 140653
1339372800 6754 188 7477 1786
1339286400 6832 189 7957 1895
1339200000 14791 1786 77474 20887
1339113600 43139 2806 794298 20071
1339027200 19347 2420 431878 17463
1338940800 19261 2563 206310 61705
1338854400 15532 2215 129245 16722
1338768000 14002 187 102769 1950
1338681600 6877 190 8566 1849
1338595200 16556 1723 372212 15273
1338508800 55358 3136 1544835 47917
1338422400 18677 2413 240667 39921
1338336000 22902 2521 659633 18041
1338249600 6679 188 7402 1869
1338163200 6715 194 7604 1893
1338076800 6673 187 7456 1744
1337990400 14544 1750 142857 20660
1337904000 68512 3933 2393567 104178
1337817600 131844 4837 1452032 156102
1337731200 37934 2979 635163 101116
1337644800 22026 1834 1412626 15271
1337558400 6657 194 7358 1766
1337472000 6846 192 31244 1878
1337385600 48510 1918 2142663 22512
1337299200 65856 2970 1551029 91742
1337212800 37769 2256 258670 23598
1337126400 27197 1369 112866 10506
1337040000 25428 1286 157596 14953
1336953600 19844 336 335338 11022
1336867200 23772 193 77586 1949
1336780800 46281 3339 135456 34644
1336694400 44871 5019 1445876 54178
1336608000 34810 3954 239828 32787
1336521600 39448 6338 686568 492663
1336435200 35482 2336 719101 25963
1336348800 13328 192 70041 1806
1336262400 16938 192 73006 1725
1336176000 21975 1505 104054 13498
1336089600 76596 2472 523910 14084
1336003200 143005 19470 2091463 1209587
1335916800 128488 10740 1320847 521630
1335830400 91756 12467 810754 1008302
1335744000 60823 192 88374 1913
1335657600 57464 193 86197 1811
1335571200 77655 4200 433345 40601
1335484800 75318 104774 1025339 6055947
1335398400 2140397 56544 11104795 285298
1335312000 1009455 23422 8326741 206363
1335225600 48656 2937 183407 49985
1335139200 44741 197 78112 1834
1335052800 45461 200 79322 1969
1334966400 57018 1247 121710 20687
1334880000 62363 1258 132287 11038
1334793600 61719 1213 295634 15585
1334707200 53723 1479 131963 14121
1334620800 57763 1329 163835 14203
1334534400 31844 161 72298 2034
1334448000 14773 158 70704 1717
1334361600 33127 1225 166643 11191
1334275200 46957 2192 1347220 19783
1334188800 47376 2953 372316 75147
1334102400 63431 2050 542977 34198
1334016000 55287 2044 306609 39095
1333929600 30746 161 72533 2072
1333843200 51792 162 126346 1885
1333756800 66370 2479 552744 159309
1333670400 71774 2150 762089 31556
1333584000 73902 2820 497253 169582
1333497600 57423 2087 179981 26958
1333411200 74428 1911 167624 48546
1333324800 65690 160 99362 1779
1333238400 63246 161 97456 1844
1333152000 75099 1960 443827 29351
1333065600 75280 2066 331526 19349
1332979200 72587 4179 167370 214747
1332892800 75132 6267 261707 802854
1332806400 72377 2270 196652 58202
1332720000 67463 159 102112 1907
1332633600 66507 156 100972 1991
1332547200 69690 1369 246650 17640
1332460800 67067 1078 143801 19282
1332374400 66022 941 159315 16531
1332288000 59203 627 134579 20261
1332201600 65430 734 155366 7569
1332115200 61091 160 102548 1786
1332028800 64661 161 107583 1840
1331942400 73840 571 205186 25842
1331856000 32195 2519 164106 324546
1331769600 14806 2294 150288 368601
1331683200 15080 1218 263860 47885
1331596800 14746 1080 125409 12927
1331510400 7033 170 7872 2076
1331424000 7186 167 8927 2055
1331337600 27567 10436 427962 1837938
1331251200 24102 2153 296279 19866
1331164800 15922 1633 141423 17887
1331078400 17475 1689 132127 44343
1330992000 14822 1593 136238 27339
1330905600 7492 170 8279 1990
1330819200 7548 168 8985 1980
1330732800 44152 1089 8522225 162146
1330646400 14829 1377 126606 16119
1330560000 16216 2170 179673 77194
1330473600 16554 1506 120479 72434
1330387200 18426 1143 1210913 21595
1330300800 7300 181 11104 1942
1330214400 7265 169 8984 2059
1330128000 11832 548 65036 6813
1330041600 51074 1092 3876206 15158
1329955200 14554 1198 146608 10827
1329868800 15657 1161 117142 70887
1329782400 7326 205 20692 2166
1329696000 7280 200 9071 1974
1329609600 7403 199 9462 1871
1329523200 18000 48451 158896 3493628
1329436800 28011 2797 309355 176504
1329350400 33288 16251 3775806 2234585
1329264000 153855 209027 3775806 5674241
1329177600 13900 1242 95188 15059
1329091200 7281 171 57798 2051
1329004800 7230 167 9073 1853
1328918400 11228 431 45397 19446
1328832000 31815 2315 269720 102830
1328745600 17989 1874 180225 126922
1328659200 31931 2150 1426537 42952
1328572800 25042 1797 180157 14652
1328486400 9332 177 10047 1794
1328400000 9315 181 11633 1884
1328313600 24442 1180 337381 21644
1328227200 19016 2336 119419 38685
1328140800 19727 2410 230969 75012
1328054400 17133 3161 79126 85468
1327968000 17863 2518 247605 78973
1327881600 6856 169 7664 2040
1327795200 7240 592 50864 57656
1327708800 14709 2268 141131 134020
1327622400 20014 2606 256423 77153
1327536000 25039 2844 568019 59675
1327449600 21313 5211 177332 652514
1327363200 24686 2373 323718 68052
1327276800 9383 172 10095 2035
1327190400 9474 167 11221 1848
1327104000 15782 895 139608 8331
1327017600 23664 3105 499718 245634
1326931200 24484 2825 460006 253349
1326844800 26480 2205 599605 22031
1326758400 9521 175 10410 1832
1326672000 9295 174 9977 1905
1326585600 9380 178 11320 1863
1326499200 20605 1263 602416 15842
1326412800 19802 1966 340936 29647
1326326400 21533 1944 183002 22131
1326240000 27369 5158 199432 257083
1326153600 20564 76942 160798 5484554
1326067200 8884 174 9743 2156
1325980800 8974 174 10697 1905
1325894400 17855 1666 105072 16820
1325808000 25997 2788 435880 76508
1325721600 26973 3719 156647 42701
1325635200 22413 3227 339012 110211
1325548800 9141 187 10141 2226
1325462400 9161 193 10019 1936
1325376000 9092 196 10164 2006
1325289600 12206 958 45355 14487
1325203200 24230 2683 659370 35266
1325116800 25667 2245 624500 31221
1325030400 27750 4267 702372 564570
1324944000 9099 193 10415 1958
1324857600 9087 190 9879 1998
1324771200 9091 195 9975 2036
1324684800 9261 364 11721 6302
1324598400 43222 8339 1293233 1266032
1324512000 28025 4154 260015 176613
1324425600 36435 2670 191659 40570
1324339200 30640 2944 374462 53619
1324252800 9260 189 10270 2116
1324166400 9361 201 10734 1949
1324080000 25989 6492 666121 893489
1323993600 27494 4099 358822 61788
1323907200 23834 2980 404914 38817
1323820800 25268 4007 591775 77458
1323734400 22201 9696 203592 1316739
1323648000 9377 208 10146 1960
1323561600 9462 217 11723 1969
1323475200 18787 11732 183151 1414875
1323388800 19119 2597 159536 33613
1323302400 25312 3502 610628 32066
1323216000 31810 5188 1277100 254816
1323129600 18057 7169 124205 1332003
1323043200 9502 187 10303 1945
1322956800 9556 198 10459 2010
1322870400 16412 3362 140902 289498
1322784000 27002 3757 461056 62882
1322697600 23043 11106 263669 1252492
1322611200 15028 6385 80118 1252073
1322524800 30756 12536 797765 1322719
1322438400 6582 180 7268 1743
1322352000 6570 180 7348 1992
1322265600 47522 7398 9966897 909330
1322179200 6643 179 7391 2132
1322092800 16579 2444 185161 30149
1322006400 17300 2290 85034 20659
1321920000 35877 3834 3658105 84347
1321833600 9655 205 10515 1998
1321747200 9745 213 11303 1825
1321660800 16049 2480 63159 34933
1321574400 19569 2697 114458 75205
1321488000 23478 4603 466543 44655
1321401600 30572 3160 591093 25554
1321315200 27076 3215 348639 51502
1321228800 9674 341 20950 2396
1321142400 9778 354 12169 2162
1321056000 18195 2439 252211 34825
1320969600 22195 2653 557517 22727
1320883200 23315 4369 763703 157060
1320796800 33286 5514 495377 55629
1320710400 22948 12452 123878 176817
1320624000 10216 606 25642 5696
1320537600 10385 668 40497 7174
1320451200 18767 3486 103141 25481
1320364800 56423 5184 1198956 82496
1320278400 28735 15834 201751 298238
1320192000 32232 8729 416339 185365
1320105600 37670 7888 617881 451737
1320019200 12627 909 427971 10827
1319932800 10575 806 87958 6215
1319846400 39815 3749 1701384 44584
1319760000 32701 3145 1336280 40045
1319673600 31579 4498 491446 111250
1319587200 36974 4257 2092814 58723
1319500800 93913 6027 3472284 138759
1319414400 9583 1073 11545 2579
1319328000 10140 1077 155449 3746
1319241600 25709 2906 965424 47257
1319155200 63032 16241 4702884 418671
1319068800 121646 6926 9882811 256235
1318982400 50318 4990 2779656 73128
1318896000 50329 6638 3771595 314007
1318809600 7675 1049 22943 5805
1318723200 7843 1109 17187 8131
1318636800 37961 54472 622260 3475134
1318550400 34296 6299 681374 60240
1318464000 67265 9670 2926590 259793
1318377600 43201 43068 739517 3451439
1318291200 28657 5806 273004 145103
1318204800 7296 769 9442 2326
1318118400 7378 912 12314 27161
1318032000 51431 5643 1801496 100724
1317945600 60760 6640 2045555 65302
1317859200 41957 5140 1831378 37742
1317772800 31828 20942 638792 2213541
1317686400 53368 7842 1725639 42053
1317600000 14655 6877 49976 8749
1317513600 15173 7057 56291 11367
1317427200 52554 16023 972875 366011
1317340800 112100 55172 2215285 5648222
1317254400 32286 5868 1020339 51963
1317168000 29688 6259 836778 70807
1317081600 43098 6930 1739326 67167
1316995200 8301 1383 12713 3056
1316908800 8282 1373 11140 3032
1316822400 18297 5799 90996 201388
1316736000 30332 6280 1863597 60670
1316649600 24872 6121 205074 35026
1316563200 23599 5199 184234 61824
1316476800 22663 4785 560218 34416
1316390400 8119 1371 25972 3086
1316304000 8109 1378 11386 3028
1316217600 28061 7763 578629 267407
1316131200 33515 15420 865109 2346561
1316044800 37118 7396 1885632 137680
1315958400 55378 6229 3329717 94406
1315872000 48228 12996 1490180 1300736
1315785600 7151 782 9653 2955
1315699200 8920 1252 98005 40614
1315612800 41954 6076 1958939 255606
1315526400 19415 6204 336885 459761
1315440000 29263 4636 2505299 159820
1315353600 30281 4812 638014 39021
1315267200 6853 539 20443 2079
1315180800 6953 670 9266 2692
1315094400 7086 731 9751 2879
1315008000 19582 2496 565766 26253
1314921600 20757 3479 658907 29931
1314835200 20884 5635 242783 215876
1314748800 39120 4512 1698235 45801
1314662400 28013 4751 668368 571750
1314576000 5208 330 11394 1918
1314489600 5349 331 6198 2020
1314403200 22815 4257 355188 149480
1314316800 20166 3300 137213 16506
1314230400 45033 4627 3383605 145521
1314144000 34905 6353 1746975 119377
1314057600 47759 4513 1704479 37717
1313971200 10703 1114 15913 2752
1313884800 10890 1124 25264 2618
1313798400 26239 3169 227729 19534
1313712000 25014 3531 180500 56128
1313625600 52070 4437 5937006 113852
1313539200 31274 6251 634931 145190
1313452800 21257 4345 171657 83604
1313366400 10302 809 123972 5314
1313280000 9570 814 18818 14729
1313193600 22357 12225 448179 1399570
1313107200 35669 94839 836808 6154977
1313020800 27285 35482 611102 3278346
1312934400 29306 26013 297210 2762273
1312848000 30646 29158 991356 4483704
1312761600 9531 753 17090 2424
1312675200 9561 737 18479 2444
1312588800 32908 40259 605813 3990608
1312502400 160318 17001 9362956 1441575
1312416000 77810 81872 4084412 5871306
1312329600 80993 49260 2018950 1651185
1312243200 26844 18189 324964 2006565
1312156800 10577 877 14635 2502
1312070400 11237 924 23912 3481
1311984000 36671 30955 825903 2023562
1311897600 75168 19958 4440776 1182712
1311811200 85059 35626 1792356 939479
1311724800 35081 50178 832963 4224403
1311638400 85540 76664 2440306 4074638
1311552000 8225 976 12331 2603
1311465600 8383 978 19770 2757
1311379200 203729 79862 4737335 4319130
1311292800 71253 48528 3202428 1466861
1311206400 44793 89056 1409582 5256479
1311120000 58020 93141 1638679 9900562
1311033600 20496 28917 177720 1055717
1310947200 8527 1282 11961 2847
1310860800 8770 1360 23243 6195
1310774400 45873 84237 1132896 2105259
1310688000 32688 106831 1800025 5869613
1310601600 58964 1126138 1639677 7299764
1310515200 27030 58743 574540 5940410
1310428800 31253 77520 593896 5854593
1310342400 7324 867 8263 2396
1310256000 7447 864 10597 2504
1310169600 64062 98354 1878010 6127140
1310083200 37968 19972 853637 831990
1309996800 108929 97021 2155761 4854055
1309910400 67491 24389 1720779 3493821
1309824000 11076 3098 15776 7207
1309737600 14871 5063 15940 6832
1309651200 14947 5064 17092 6638
1309564800 42683 32030 908885 2331138
1309478400 127790 105069 8319055 8776883
1309392000 84999 112784 2483139 6301469
1309305600 89722 108342 1287692 4965861
1309219200 56116 56506 1482658 6074358
1309132800 7612 1406 10726 6931
1309046400 8110 1248 161407 5200
