1377805801 4230703014 1298485630
1377805801 0 955 0 955
1377805502 0 875 0 875
1377805500 0 875 0 996
1377805200 0 994 0 996
1377804900 0 721 0 987
1377804600 0 986 0 987
1377804300 0 763 0 1038
1377804000 0 1037 0 1038
1377803700 0 894 0 907
1377803400 0 907 0 1026
1377803100 0 1025 0 1026
1377802800 0 989 0 991
1377802500 0 708 0 988
1377802200 0 987 0 988
1377801900 0 908 0 920
1377801600 0 919 0 920
1377801300 0 783 0 1100
1377801000 0 1097 0 1100
1377800700 0 714 0 978
1377800400 0 976 0 978
1377800100 0 682 0 849
1377799800 0 849 0 1006
1377799500 0 1005 0 1006
1377799200 0 840 0 842
1377798900 0 625 0 856
1377798600 0 855 0 856
1377798300 0 709 0 806
1377798000 0 804 0 806
1377797700 0 633 0 829
1377797400 0 829 0 835
1377797100 0 835 0 983
1377796800 0 982 0 983
1377796500 0 910 0 911
1377796200 0 858 0 860
1377795900 0 619 0 1258
1377795600 0 1256 0 1258
1377795300 0 947 0 948
1377795000 0 813 0 815
1377794700 0 653 0 1471
1377794400 0 1466 0 1471
1377794100 0 740 0 789
1377793800 0 788 0 789
1377793500 0 736 0 885
1377793200 0 884 0 885
1377792900 0 708 0 885
1377792600 0 885 0 977
1377792300 0 977 0 994
1377792000 0 992 0 994
1377791700 0 815 0 1081
1377791400 0 1080 0 1081
1377791100 0 856 0 976
1377790800 0 975 0 976
1377790500 0 829 0 1407
1377790200 0 1403 0 1407
1377789900 0 876 0 1061
1377789600 0 1060 0 1061
1377789300 0 1002 0 1003
1377789000 0 984 0 985
1377788700 0 809 0 1013
1377788400 0 1011 0 1013
1377788100 0 723 0 1154
1377787800 0 1151 0 1154
1377787500 0 802 0 958
1377787200 0 956 0 958
1377786900 0 782 0 987
1377786600 0 986 0 987
1377786300 0 819 0 992
1377786000 0 991 0 992
1377785700 0 864 0 1000
1377785400 0 999 0 1000
1377785100 0 772 0 1384
1377784800 0 1381 0 1384
1377784500 0 1025 0 1463
1377784200 0 1463 0 1562
1377783900 0 1557 0 1562
1377783600 0 875 0 876
1377783300 0 635 0 1371
1377783000 0 1369 0 1371
1377782700 0 1065 0 1067
1377782400 0 894 0 896
1377782100 0 580 0 1390
1377781800 0 1386 0 1390
1377781500 0 838 0 1036
1377781200 0 1032 0 1036
1377780900 0 576 0 683
1377780600 0 682 0 683
1377780300 0 542 0 655
1377780000 0 654 0 655
1377779700 0 541 0 687
1377779400 0 686 0 687
1377779100 0 553 0 668
1377778800 0 667 0 668
1377778500 0 493 0 712
1377778200 0 711 0 712
1377777900 0 535 0 650
1377777600 0 648 0 650
1377777300 0 481 0 697
1377777000 0 695 0 697
1377776700 0 476 0 709
1377776400 0 708 0 709
1377776100 0 460 0 684
1377775800 0 682 0 684
1377775500 0 464 0 662
1377775200 0 661 0 662
1377774900 0 531 0 688
1377774600 0 687 0 688
1377774300 0 463 0 712
1377774000 0 710 0 712
1377773700 0 470 0 721
1377773400 0 720 0 721
1377773100 0 482 0 666
1377772800 0 664 0 666
1377772500 0 480 0 671
1377772200 0 670 0 671
1377771900 0 513 0 688
1377771600 0 686 0 688
1377771300 0 473 0 677
1377771000 0 675 0 677
1377770700 0 496 0 662
1377770400 0 661 0 662
1377770100 0 515 0 683
1377769800 0 681 0 683
1377769500 0 453 0 655
1377769200 0 654 0 655
1377768900 0 550 0 710
1377768600 0 709 0 710
1377768300 0 506 0 669
1377768000 0 667 0 669
1377767700 0 500 0 660
1377767400 0 659 0 660
1377767100 0 626 0 749
1377766800 0 747 0 749
1377766500 0 520 0 681
1377766200 0 680 0 681
1377765900 0 594 0 747
1377765600 0 745 0 747
1377765300 0 574 0 676
1377765000 0 674 0 676
1377764700 0 490 0 662
1377764400 0 661 0 662
1377764100 0 549 0 763
1377763800 0 762 0 763
1377763500 0 518 0 698
1377763200 0 696 0 698
1377762900 0 460 0 746
1377762600 0 744 0 746
1377762300 0 583 0 675
1377762000 0 674 0 675
1377761700 0 505 0 681
1377761400 0 680 0 681
1377761100 0 495 0 660
1377760800 0 659 0 660
1377760500 0 520 0 624
1377760200 0 624 0 707
1377759900 0 707 0 740
1377759600 0 738 0 740
1377759300 0 472 0 700
1377759000 0 699 0 700
1377758700 0 556 0 659
1377758400 0 657 0 659
1377758100 0 478 0 661
1377757800 0 660 0 661
1377757500 0 548 0 612
1377757200 0 611 0 612
1377756900 0 505 0 685
1377756600 0 683 0 685
1377756300 0 492 0 663
1377756000 0 662 0 663
1377755700 0 522 0 680
1377755400 0 679 0 680
1377755100 0 469 0 661
1377754800 0 660 0 661
1377754500 0 527 0 705
1377754200 0 704 0 705
1377753900 0 487 0 662
1377753600 0 660 0 662
1377753300 0 494 0 684
1377753000 0 682 0 684
1377752700 0 530 0 661
1377752400 0 659 0 661
1377752100 0 499 0 675
1377751800 0 673 0 675
1377751500 0 487 0 645
1377751200 0 645 0 778
1377750900 0 777 0 778
1377750600 0 700 0 702
1377750300 0 493 0 637
1377750000 0 636 0 637
1377749700 0 547 0 694
1377749400 0 693 0 694
1377749100 0 481 0 700
1377748800 0 698 0 700
1377748500 0 476 0 649
1377748200 0 648 0 649
1377747900 0 537 0 678
1377747600 0 677 0 678
1377747300 0 476 0 632
1377747000 0 631 0 632
1377746700 0 512 0 660
1377746400 0 659 0 660
1377746100 0 520 0 670
1377745800 0 669 0 670
1377745500 0 522 0 698
1377745200 0 697 0 698
1377744900 0 484 0 725
1377744600 0 724 0 725
1377744300 0 469 0 809
1377744000 0 809 0 962
1377743700 0 960 0 962
1377743400 0 705 0 706
1377743100 0 563 0 679
1377742800 0 678 0 679
1377742500 0 508 0 692
1377742200 0 691 0 692
1377741900 0 605 0 683
1377741600 0 682 0 683
1377741300 0 585 0 614
1377741000 0 614 0 627
1377740700 0 626 0 627
1377740400 0 570 0 592
1377740100 0 591 0 592
1377739800 0 578 0 658
1377739500 0 657 0 658
1377739200 0 557 0 652
1377738900 0 651 0 652
1377738600 0 572 0 683
1377738300 0 681 0 683
1377738000 0 521 0 630
1377737700 0 629 0 630
1377737400 0 520 0 676
1377737100 0 675 0 676
1377736800 0 583 0 653
1377736500 0 652 0 653
1377736200 0 622 0 655
1377735900 0 654 0 655
1377735600 0 571 0 624
1377735300 0 623 0 624
1377735000 0 620 0 676
1377734700 0 675 0 676
1377734400 0 555 0 629
1377734100 0 628 0 629
1377733800 0 578 0 714
1377733500 0 713 0 714
1377733200 0 689 0 826
1377732900 0 825 0 826
1377732600 0 683 0 684
1377732300 0 647 0 648
1377732000 0 580 0 715
1377731700 0 714 0 715
1377731400 0 620 0 737
1377731100 0 736 0 737
1377730800 0 591 0 773
1377730500 0 772 0 773
1377730200 0 677 0 760
1377729900 0 759 0 760
1377729600 0 673 0 779
1377729300 0 778 0 779
1377729000 0 646 0 968
1377728700 0 966 0 968
1377728400 0 620 0 786
1377728100 0 785 0 786
1377727800 0 592 0 836
1377727500 0 836 0 848
1377727200 0 848 0 897
1377726900 0 896 0 897
1377726600 0 839 0 840
1377726300 0 793 0 1133
1377726000 0 1131 0 1133
1377725700 0 837 0 838
1377725400 0 773 0 1024
1377725100 0 1022 0 1024
1377724800 0 797 0 1035
1377724500 0 1033 0 1035
1377724200 0 820 0 1161
1377723900 0 1158 0 1161
1377723600 0 754 0 981
1377723300 0 980 0 981
1377723000 0 833 0 968
1377722700 0 967 0 968
1377722400 0 888 0 928
1377722100 0 927 0 928
1377721800 0 886 0 905
1377721500 0 904 0 905
1377721200 0 772 0 1259
1377720900 0 1256 0 1259
1377720600 0 831 0 1010
1377720300 0 1009 0 1010
1377720000 0 745 0 1278
1377719700 0 1276 0 1278
1377719400 0 965 0 1165
1377719100 0 1164 0 1165
1377718800 0 1025 0 1026
1377718500 0 1012 0 1014
1377718200 0 813 0 1112
1377717900 0 1111 0 1112
1377717600 0 1019 0 1020
1377717300 0 1015 0 1016
1377717000 0 780 0 1266
1377716700 0 1264 0 1266
1377716400 0 969 0 1214
1377716100 0 1212 0 1214
1377715800 0 716 0 968
1377715500 0 967 0 968
1377715200 0 815 0 874
1377714900 0 875 0 1148
1377714600 0 1147 0 1148
1377714300 0 1062 0 1063
1377714000 0 815 0 1218
1377713700 0 1215 0 1218
1377713400 0 909 0 1003
1377713100 0 1002 0 1003
1377712800 0 966 0 1059
1377712500 0 1057 0 1059
1377712200 0 724 0 883
1377711900 0 883 0 923
1377711600 0 922 0 923
1377711300 0 843 0 873
1377711000 0 873 0 944
1377710700 0 943 0 944
1377710400 0 810 0 909
1377710100 0 908 0 909
1377709800 0 895 0 956
1377709500 0 955 0 956
1377709200 0 744 0 887
1377708900 0 886 0 887
1377708600 0 783 0 922
1377708300 0 922 0 931
1377708000 0 931 0 1030
1377707700 0 1028 0 1030
1377707400 0 773 0 949
1377707100 0 956 0 2048
1377706800 0 2043 0 2048
1377706500 0 1433 0 1434
1377706200 0 1431 0 1434
1377705900 0 1105 0 1106
1377705600 0 1062 0 1213
1377705300 0 1211 0 1213
1377705000 0 966 0 967
1377704700 0 961 0 1110
1377704400 0 1109 0 1110
1377704100 0 1094 0 1095
1377703800 0 1049 0 1050
1377703500 0 870 0 871
1377703200 0 703 0 883
1377702900 0 883 0 909
1377702600 0 909 0 914
1377702300 0 912 0 914
1377702000 0 761 0 974
1377701700 0 973 0 974
1377701400 0 807 0 872
1377701100 0 872 0 928
1377700800 0 929 0 1082
1377700500 0 1080 0 1082
1377700200 0 652 0 1047
1377699900 0 1045 0 1047
1377699600 0 818 0 819
1377699300 0 780 0 834
1377699000 0 835 0 1022
1377698700 0 1021 0 1022
1377698400 0 975 0 976
1377698100 0 886 0 924
1377697800 0 929 0 1676
1377697500 0 1669 0 1676
1377697200 0 697 0 1232
1377696900 0 1230 0 1232
1377696600 0 740 0 936
1377696300 0 937 0 1228
1377696000 0 1225 0 1228
1377695700 0 871 0 2353
1377695400 0 2342 0 2353
1377695100 0 843 0 844
1377694800 0 712 0 713
1377694500 0 655 0 656
1377694200 0 549 0 687
1377693900 0 686 0 687
1377693600 0 535 0 717
1377693300 0 715 0 717
1377693000 0 456 0 671
1377692700 0 670 0 671
1377692400 0 519 0 708
1377692100 0 707 0 708
1377691800 0 476 0 669
1377691500 0 668 0 669
1377691200 0 496 0 678
1377690900 0 677 0 678
1377690600 0 540 0 685
1377690300 0 683 0 685
1377690000 0 488 0 653
1377689700 0 652 0 653
1377689400 0 478 0 679
1377689100 0 678 0 679
1377688800 0 507 0 676
1377688500 0 674 0 676
1377688200 0 498 0 669
1377687900 0 667 0 669
1377687600 0 470 0 724
1377687300 0 722 0 724
1377687000 0 473 0 666
1377686700 0 665 0 666
1377686400 0 493 0 687
1377686100 0 685 0 687
1377685800 0 507 0 668
1377685500 0 666 0 668
1377685200 0 474 0 651
1377684900 0 649 0 651
1377684600 0 491 0 715
1377684300 0 713 0 715
1377684000 0 487 0 654
1377683700 0 653 0 654
1377683400 0 513 0 671
1377683100 0 669 0 671
1377682800 0 462 0 723
1377682500 0 721 0 723
1377682200 0 476 0 647
1377681900 0 645 0 647
1377681600 0 479 0 690
1377681300 0 688 0 690
1377681000 0 514 0 693
1377680700 0 691 0 693
1377680400 0 533 0 835
1377680100 0 832 0 835
1377679800 0 521 0 678
1377679500 0 677 0 678
1377679200 0 525 0 674
1377678900 0 673 0 674
1377678600 0 528 0 750
1377678300 0 748 0 750
1377678000 0 473 0 691
1377677700 0 690 0 691
1377677400 0 480 0 834
1377677100 0 832 0 834
1377676800 0 553 0 680
1377676500 0 679 0 680
1377676200 0 524 0 693
1377675900 0 692 0 693
1377675600 0 465 0 701
1377675300 0 699 0 701
1377675000 0 492 0 676
1377674700 0 675 0 676
1377674400 0 527 0 675
1377674100 0 674 0 675
1377673800 0 525 0 756
1377673500 0 754 0 756
1377673200 0 498 0 796
1377672900 0 794 0 796
1377672600 0 466 0 670
1377672300 0 668 0 670
1377672000 0 482 0 699
1377671700 0 698 0 699
1377671400 0 511 0 681
1377671100 0 680 0 681
1377670800 0 449 0 680
1377670500 0 679 0 680
1377670200 0 463 0 694
1377669900 0 692 0 694
1377669600 0 509 0 693
1377669300 0 691 0 693
1377669000 0 496 0 657
1377668700 0 656 0 657
1377668400 0 477 0 768
1377668100 0 766 0 768
1377667800 0 442 0 668
1377667500 0 666 0 668
1377667200 0 467 0 684
1377666900 0 682 0 684
1377666600 0 501 0 701
1377666300 0 700 0 701
1377666000 0 477 0 649
1377665700 0 648 0 649
1377665400 0 491 0 684
1377665100 0 683 0 684
1377664800 0 493 0 699
1377664500 0 697 0 699
1377664200 0 466 0 678
1377663900 0 676 0 678
1377663600 0 449 0 717
1377663300 0 715 0 717
1377663000 0 486 0 687
1377662700 0 685 0 687
1377662400 0 465 0 683
1377662100 0 681 0 683
1377661800 0 515 0 654
1377661500 0 652 0 654
1377661200 0 493 0 685
1377660900 0 683 0 685
1377660600 0 439 0 733
1377660300 0 732 0 733
1377660000 0 482 0 637
1377659700 0 636 0 637
1377659400 0 528 0 713
1377659100 0 711 0 713
1377658800 0 471 0 687
1377658500 0 686 0 687
1377658200 0 475 0 685
1377657900 0 684 0 685
1377657600 0 464 0 692
1377657300 0 691 0 692
1377657000 0 528 0 677
1377656700 0 676 0 677
1377656400 0 436 0 674
1377656100 0 672 0 674
1377655800 0 497 0 722
1377655500 0 721 0 722
1377655200 0 474 0 683
1377654900 0 681 0 683
1377654600 0 460 0 664
1377654300 0 662 0 664
1377654000 0 509 0 725
1377653700 0 724 0 725
1377653400 0 473 0 696
1377653100 0 695 0 696
1377652800 0 484 0 678
1377652500 0 677 0 678
1377652200 0 550 0 736
1377651900 0 734 0 736
1377651600 0 438 0 683
1377651300 0 682 0 683
1377651000 0 498 0 735
1377650700 0 734 0 735
1377650400 0 504 0 714
1377650100 0 712 0 714
1377649800 0 505 0 691
1377649500 0 689 0 691
1377649200 0 489 0 804
1377648900 0 801 0 804
1377648600 0 466 0 794
1377648300 0 791 0 794
1377648000 0 489 0 732
1377647700 0 731 0 732
1377647400 0 573 0 720
1377647100 0 718 0 720
1377646800 0 533 0 771
1377646500 0 770 0 771
1377646200 0 479 0 921
1377645900 0 919 0 921
1377645600 0 751 0 993
1377645300 0 991 0 993
1377645000 0 622 0 968
1377644700 0 967 0 968
1377644400 0 764 0 929
1377644100 0 927 0 929
1377643800 0 734 0 1043
1377643500 0 1041 0 1043
1377643200 0 794 0 1462
1377642900 0 1456 0 1462
1377642600 0 679 0 946
1377642300 0 944 0 946
1377642000 0 777 0 835
1377641700 0 834 0 835
1377641400 0 745 0 1184
1377641100 0 1182 0 1184
1377640800 0 626 0 942
1377640500 0 941 0 942
1377640200 0 824 0 825
1377639900 0 819 0 820
1377639600 0 807 0 930
1377639300 0 928 0 930
1377639000 0 662 0 962
1377638700 0 959 0 962
1377638400 0 642 0 847
1377638100 0 845 0 847
1377637800 0 673 0 1003
1377637500 0 1001 0 1003
1377637200 0 707 0 971
1377636900 0 970 0 971
1377636600 0 958 0 959
1377636300 0 866 0 867
1377636000 0 721 0 1176
1377635700 0 1174 0 1176
1377635400 0 699 0 874
1377635100 0 873 0 874
1377634800 0 782 0 1083
1377634500 0 1081 0 1083
1377634200 0 808 0 1026
1377633900 0 1024 0 1026
1377633600 0 821 0 1156
1377633300 0 1155 0 1156
1377633000 0 921 0 1338
1377632700 0 1337 0 1338
1377632400 0 1220 0 1221
1377632100 0 1054 0 1056
1377631800 0 678 0 1147
1377631500 0 1145 0 1147
1377631200 0 813 0 1281
1377630900 0 1277 0 1281
1377630600 0 721 0 921
1377630300 0 920 0 921
1377630000 0 790 0 937
1377629700 0 935 0 937
1377629400 0 680 0 889
1377629100 0 888 0 889
1377628800 0 870 0 871
1377628500 0 859 0 1121
1377628200 0 1118 0 1121
1377627900 0 780 0 781
1377627600 0 604 0 823
1377627300 0 822 0 823
1377627000 0 714 0 951
1377626700 0 949 0 951
1377626400 0 719 0 960
1377626100 0 958 0 960
1377625800 0 839 0 959
1377624600 0 786 0 1035
1377622800 0 836 0 1000
1377621000 0 888 0 1061
1377619200 0 1723 0 2683
1377617400 0 921 0 1271
1377615600 0 848 0 1102
1377613800 0 929 0 1100
1377612000 0 1024 0 1313
1377610200 0 884 0 1263
1377608400 0 682 0 800
1377606600 0 611 0 717
1377604800 0 639 0 764
1377603000 0 615 0 752
1377601200 0 610 0 748
1377599400 0 597 0 736
1377597600 0 619 0 734
1377595800 0 598 0 754
1377594000 0 651 0 895
1377592200 0 624 0 776
1377590400 0 625 0 827
1377588600 0 628 0 809
1377586800 0 601 0 732
1377585000 0 624 0 849
1377583200 0 602 0 718
1377581400 0 605 0 743
1377579600 0 598 0 711
1377577800 0 601 0 717
1377576000 0 597 0 749
1377574200 0 625 0 820
1377572400 0 606 0 727
1377570600 0 610 0 717
1377568800 0 597 0 703
1377567000 0 619 0 774
1377565200 0 644 0 884
1377563400 0 681 0 919
1377561600 0 855 0 1148
1377559800 0 968 0 1161
1377558000 0 871 0 1174
1377556200 0 1075 0 1758
1377554400 0 1491 0 2013
1377552600 0 1496 0 1652
1377550800 0 1718 0 2183
1377549000 0 1596 0 2034
1377547200 0 1456 0 2034
1377545400 0 1537 0 2095
1377543600 0 1879 0 2315
1377541800 0 1712 0 2504
1377540000 0 1902 0 2275
1377538200 0 1920 0 2797
1377536400 0 1603 0 1775
1377534600 0 1506 0 2035
1377532800 0 1171 0 1525
1377531000 0 1491 0 2039
1377529200 0 1545 0 1878
1377527400 0 1637 0 2078
1377525600 0 1053 0 2078
1377523800 0 999 0 1365
1377522000 0 553 0 774
1377520200 0 431 0 453
1377518400 0 424 0 456
1377516600 0 425 0 461
1377514800 0 431 0 455
1377513000 0 422 0 441
1377511200 0 423 0 479
1377509400 0 428 0 473
1377507600 0 456 0 568
1377505800 0 466 0 523
1377504000 0 460 0 552
1377502200 0 440 0 506
1377500400 0 420 0 466
1377498600 0 427 0 437
1377496800 0 429 0 454
1377495000 0 424 0 462
1377493200 0 418 0 449
1377491400 0 425 0 473
1377489600 0 419 0 445
1377487800 0 444 0 485
1377486000 0 420 0 445
1377484200 0 421 0 455
1377482400 0 417 0 476
1377480600 0 433 0 456
1377478800 0 423 0 448
1377477000 0 422 0 454
1377475200 0 422 0 445
1377473400 0 425 0 474
1377471600 0 425 0 485
1377469800 0 425 0 451
1377468000 0 424 0 444
1377466200 0 423 0 443
1377464400 0 428 0 457
1377462600 0 422 0 487
1377460800 0 430 0 457
1377459000 0 438 0 491
1377457200 0 421 0 459
1377455400 0 423 0 486
1377453600 0 432 0 473
1377451800 0 422 0 456
1377450000 0 421 0 467
1377448200 0 425 0 459
1377446400 0 435 0 459
1377444600 0 428 0 502
1377442800 0 424 0 466
1377441000 0 426 0 501
1377439200 0 430 0 459
1377437400 0 427 0 452
1377435600 0 423 0 455
1377433800 0 420 0 459
1377432000 0 432 0 459
1377430200 0 424 0 453
1377428400 0 429 0 466
1377426600 0 423 0 474
1377424800 0 427 0 467
1377423000 0 427 0 476
1377421200 0 477 0 583
1377419400 0 451 0 518
1377417600 0 457 0 518
1377415800 0 429 0 453
1377414000 0 428 0 466
1377412200 0 427 0 482
1377410400 0 431 0 459
1377408600 0 420 0 460
1377406800 0 426 0 462
1377405000 0 429 0 480
1377403200 0 429 0 467
1377401400 0 424 0 450
1377399600 0 431 0 484
1377397800 0 429 0 485
1377396000 0 426 0 465
1377394200 0 428 0 483
1377392400 0 427 0 458
1377390600 0 427 0 506
1377388800 0 430 0 462
1377387000 0 425 0 454
1377385200 0 428 0 461
1377383400 0 428 0 483
1377381600 0 427 0 460
1377379800 0 426 0 469
1377378000 0 433 0 466
1377376200 0 436 0 505
1377374400 0 439 0 455
1377372600 0 428 0 460
1377370800 0 428 0 475
1377369000 0 431 0 468
1377367200 0 432 0 475
1377365400 0 426 0 478
1377363600 0 428 0 465
1377361800 0 433 0 500
1377360000 0 433 0 487
1377358200 0 432 0 470
1377356400 0 427 0 472
1377354600 0 428 0 458
1377352800 0 431 0 446
1377351000 0 430 0 478
1377349200 0 435 0 469
1377347400 0 426 0 499
1377345600 0 429 0 490
1377343800 0 428 0 490
1377342000 0 433 0 452
1377340200 0 430 0 464
1377338400 0 435 0 468
1377336600 0 426 0 488
1377334800 0 485 0 556
1377333000 0 453 0 511
1377331200 0 491 0 560
1377329400 0 463 0 528
1377327600 0 433 0 462
1377325800 0 424 0 471
1377324000 0 430 0 470
1377322200 0 424 0 454
1377320400 0 438 0 484
1377318600 0 424 0 445
1377316800 0 431 0 477
1377315000 0 430 0 484
1377313200 0 425 0 440
1377311400 0 426 0 444
1377309600 0 426 0 462
1377307800 0 427 0 468
1377306000 0 467 0 522
1377304200 0 478 0 620
1377302400 0 563 0 641
1377300600 0 488 0 552
1377298800 0 601 0 707
1377297000 0 666 0 979
1377295200 0 872 0 1192
1377293400 0 981 0 1192
1377291600 0 997 0 1182
1377289800 0 1026 0 1193
1377288000 0 1020 0 1193
1377286200 0 1110 0 1254
1377284400 0 1003 0 1087
1377282600 0 1002 0 1117
1377280800 0 1052 0 1241
1377279000 0 1166 0 1596
1377277200 0 975 0 1153
1377275400 0 994 0 1436
1377273600 0 3929 0 16366
1377271800 0 1528 0 2434
1377270000 0 1688 0 2755
1377268200 0 1222 0 1953
1377266400 0 1274 0 2321
1377264600 0 1314 0 1881
1377262800 0 616 0 732
1377261000 0 587 0 635
1377259200 0 528 0 595
1377257400 0 530 0 565
1377255600 0 529 0 570
1377253800 0 534 0 575
1377252000 0 532 0 578
1377250200 0 538 0 701
1377248400 0 657 0 1003
1377246600 0 578 0 652
1377244800 0 551 0 620
1377243000 0 618 0 794
1377241200 0 525 0 573
1377239400 0 529 0 593
1377237600 0 543 0 577
1377235800 0 586 0 774
1377234000 0 518 0 542
1377232200 0 535 0 586
1377230400 0 531 0 589
1377228600 0 534 0 563
1377226800 0 527 0 573
1377225000 0 537 0 592
1377223200 0 545 0 587
1377221400 0 545 0 594
1377219600 0 557 0 588
1377217800 0 596 0 1222
1377216000 0 1152 0 1435
1377214200 0 1222 0 1630
1377212400 0 1166 0 1630
1377210600 0 797 0 1244
1377208800 0 1049 0 1636
1377207000 0 1227 0 1636
1377205200 0 943 0 1347
1377203400 0 1385 0 2247
1377201600 0 1651 0 2247
1377199800 0 1773 0 2655
1377198000 0 1570 0 2421
1377196200 0 1114 0 1358
1377194400 0 1138 0 1849
1377192600 0 1247 0 2017
1377190800 0 1968 0 3371
1377189000 0 2688 0 3450
1377187200 0 2438 0 4491
1377185400 0 3118 0 4293
1377183600 0 3262 0 4466
1377181800 0 2970 0 3375
1377180000 0 2882 0 4862
1377178200 0 2167 0 2968
1377176400 0 1480 0 2968
1377174600 0 573 0 637
1377172800 0 546 0 558
1377171000 0 538 0 593
1377169200 0 537 0 601
1377167400 0 542 0 570
1377165600 0 545 0 606
1377163800 0 567 0 747
1377162000 0 593 0 762
1377160200 0 632 0 846
1377158400 0 591 0 757
1377156600 0 860 0 1287
1377154800 0 556 0 631
1377153000 0 542 0 583
1377151200 0 683 0 1115
1377149400 0 536 0 576
1377147600 0 559 0 630
1377145800 0 625 0 1004
1377144000 0 536 0 567
1377142200 0 539 0 599
1377140400 0 534 0 572
1377138600 0 554 0 621
1377136800 0 545 0 589
1377135000 0 595 0 872
1377133200 0 555 0 605
1377131400 0 736 0 1246
1377129600 0 1109 0 1595
1377127800 0 946 0 1474
1377126000 0 1021 0 1514
1377124200 0 1317 0 1878
1377122400 0 1737 0 2660
1377120600 0 1457 0 2122
1377118800 0 1506 0 2818
1377117000 0 1833 0 2729
1377115200 0 1112 0 1532
1377113400 0 844 0 907
1377111600 0 1086 0 1872
1377109800 0 923 0 1034
1377108000 0 1035 0 1130
1377106200 0 1247 0 1898
1377104400 0 1542 0 2348
1377102600 0 1874 0 3234
1377100800 0 2014 0 3039
1377099000 0 1354 0 2259
1377097200 0 1772 0 2317
1377095400 0 1091 0 1262
1377093600 0 1191 0 1488
1377091800 0 1189 0 1832
1377090000 0 1031 0 1911
1377088200 0 797 0 1411
1377086400 0 510 0 552
1377084600 0 511 0 549
1377082800 0 557 0 780
1377081000 0 554 0 748
1377079200 0 516 0 540
1377077400 0 501 0 548
1377075600 0 566 0 610
1377073800 0 533 0 604
1377072000 0 548 0 598
1377070200 0 522 0 562
1377068400 0 510 0 576
1377066600 0 505 0 548
1377064800 0 513 0 552
1377063000 0 500 0 549
1377061200 0 508 0 561
1377059400 0 503 0 536
1377057600 0 509 0 586
1377055800 0 699 0 1040
1377054000 0 1075 0 1437
1377052200 0 1172 0 1541
1377050400 0 1067 0 1301
1377048600 0 1266 0 1584
1377046800 0 1314 0 1604
1377045000 0 1436 0 1747
1377043200 0 1347 0 1750
1377041400 0 1188 0 1717
1377039600 0 1949 0 2756
1377037800 0 1949 0 2998
1377036000 0 1579 0 2544
1377034200 0 1668 0 2203
1377032400 0 1772 0 2889
1377030600 0 1355 0 1770
1377028800 0 1309 0 2066
1377027000 0 1188 0 2348
1377025200 0 1437 0 2279
1377023400 0 1299 0 1830
1377021600 0 1743 0 2384
1377019800 0 1099 0 1920
1377018000 0 1506 0 2165
1377016200 0 1199 0 2045
1377014400 0 1386 0 2186
1377012600 0 1620 0 2366
1377010800 0 1777 0 2549
1377009000 0 1841 0 3037
1377007200 0 1850 0 3165
1377005400 0 1154 0 2036
1377003600 0 955 0 1226
1377001800 0 691 0 876
1377000000 0 677 0 875
1376998200 0 754 0 981
1376996400 0 792 0 1213
1376994600 0 644 0 812
1376992800 0 680 0 907
1376991000 0 656 0 806
1376989200 0 737 0 1078
1376987400 0 720 0 999
1376985600 0 873 0 1709
1376983800 0 1378 0 2537
1376982000 0 619 0 818
1376980200 0 655 0 805
1376978400 0 845 0 1606
1376976600 0 645 0 813
1376974800 0 750 0 1359
1376973000 0 707 0 914
1376971200 0 670 0 931
1376969400 0 770 0 1227
1376967600 0 650 0 809
1376965800 0 755 0 1687
1376964000 0 879 0 1687
1376962200 0 706 0 1022
1376960400 0 730 0 1022
1376958600 0 719 0 858
1376956800 0 1057 0 2005
1376955000 0 721 0 845
1376953200 0 1139 0 2130
1376951400 0 5153 0 24785
1376949600 0 1697 0 2356
1376947800 0 1864 0 2493
1376946000 0 1483 0 1971
1376944200 0 2007 0 2939
1376942400 0 1400 0 1744
1376940600 0 1198 0 1569
1376938800 0 1150 0 1518
1376937000 0 1179 0 1902
1376935200 0 1004 0 1245
1376933400 0 913 0 1200
1376931600 0 848 0 1166
1376929800 0 943 0 1357
1376928000 0 912 0 1092
1376926200 0 1077 0 1605
1376924400 0 1029 0 1461
1376922600 0 1052 0 1583
1376920800 0 969 0 1207
1376919000 0 935 0 1291
1376917200 0 728 0 1092
1376915400 0 443 0 592
1376913600 0 423 0 549
1376911800 0 438 0 574
1376910000 0 419 0 597
1376908200 0 445 0 562
1376906400 0 414 0 546
1376904600 0 484 0 721
1376902800 0 455 0 567
1376901000 0 474 0 684
1376899200 0 440 0 566
1376897400 0 456 0 576
1376895600 0 410 0 537
1376893800 0 447 0 577
1376892000 0 424 0 588
1376890200 0 443 0 555
1376888400 0 449 0 622
1376886600 0 449 0 588
1376884800 0 417 0 578
1376883000 0 449 0 592
1376881200 0 414 0 569
1376879400 0 445 0 582
1376877600 0 416 0 562
1376875800 0 448 0 566
1376874000 0 431 0 598
1376872200 0 444 0 601
1376870400 0 418 0 569
1376868600 0 446 0 600
1376866800 0 415 0 550
1376865000 0 472 0 729
1376863200 0 418 0 563
1376861400 0 453 0 616
1376859600 0 422 0 580
1376857800 0 451 0 585
1376856000 0 417 0 605
1376854200 0 472 0 602
1376852400 0 420 0 590
1376850600 0 452 0 607
1376848800 0 421 0 574
1376847000 0 451 0 625
1376845200 0 430 0 571
1376843400 0 455 0 621
1376841600 0 425 0 618
1376839800 0 441 0 548
1376838000 0 416 0 578
1376836200 0 451 0 610
1376834400 0 437 0 573
1376832600 0 460 0 629
1376830800 0 422 0 581
1376829000 0 451 0 594
1376827200 0 441 0 677
1376825400 0 449 0 558
1376823600 0 420 0 584
1376821800 0 448 0 625
1376820000 0 419 0 531
1376818200 0 462 0 601
1376816400 0 482 0 662
1376814600 0 474 0 586
1376812800 0 459 0 680
1376811000 0 451 0 568
1376809200 0 420 0 592
1376807400 0 445 0 611
1376805600 0 423 0 580
1376803800 0 455 0 647
1376802000 0 413 0 561
1376800200 0 469 0 562
1376798400 0 410 0 636
1376796600 0 452 0 586
1376794800 0 411 0 543
1376793000 0 444 0 590
1376791200 0 424 0 574
1376789400 0 447 0 587
1376787600 0 414 0 574
1376785800 0 434 0 582
1376784000 0 414 0 573
1376782200 0 449 0 582
1376780400 0 419 0 552
1376778600 0 452 0 582
1376776800 0 427 0 564
1376775000 0 447 0 567
1376773200 0 422 0 567
1376771400 0 483 0 676
1376769600 0 422 0 549
1376767800 0 447 0 582
1376766000 0 410 0 445
1376764200 0 474 0 626
1376762400 0 439 0 617
1376760600 0 447 0 571
1376758800 0 422 0 610
1376757000 0 459 0 627
1376755200 0 412 0 439
1376753400 0 465 0 616
1376751600 0 413 0 470
1376749800 0 471 0 690
1376748000 0 425 0 551
1376746200 0 452 0 580
1376744400 0 452 0 753
1376742600 0 449 0 565
1376740800 0 421 0 575
1376739000 0 454 0 637
1376737200 0 421 0 547
1376735400 0 458 0 656
1376733600 0 415 0 563
1376731800 0 454 0 592
1376730000 0 466 0 646
1376728200 0 524 0 717
1376726400 0 452 0 624
1376724600 0 501 0 717
1376722800 0 423 0 562
1376721000 0 479 0 625
1376719200 0 423 0 542
1376717400 0 432 0 545
1376715600 0 432 0 607
1376713800 0 457 0 624
1376712000 0 427 0 564
1376710200 0 473 0 596
1376708400 0 477 0 552
1376706600 0 504 0 703
1376704800 0 439 0 569
1376703000 0 454 0 634
1376701200 0 445 0 649
1376699400 0 541 0 658
1376697600 0 534 0 721
1376695800 0 627 0 806
1376694000 0 679 0 767
1376692200 0 650 0 754
1376690400 0 846 0 1063
1376688600 0 912 0 1063
1376686800 0 882 0 1191
1376685000 0 906 0 1291
1376683200 0 786 0 1003
1376681400 0 747 0 913
1376679600 0 803 0 947
1376677800 0 772 0 974
1376676000 0 767 0 917
1376674200 0 922 0 1339
1376672400 0 772 0 1001
1376670600 0 809 0 1077
1376668800 0 819 0 1093
1376667000 0 909 0 1385
1376665200 0 711 0 1161
1376663400 0 900 0 1269
1376661600 0 877 0 1269
1376659800 0 740 0 973
1376658000 0 666 0 973
1376656200 0 596 0 887
1376654400 0 440 0 560
1376652600 0 477 0 635
1376650800 0 485 0 671
1376649000 0 461 0 548
1376647200 0 440 0 617
1376645400 0 477 0 623
1376643600 0 464 0 577
1376641800 0 480 0 624
1376640000 0 451 0 577
1376638200 0 514 0 651
1376636400 0 447 0 504
1376634600 0 480 0 625
1376632800 0 443 0 647
1376631000 0 471 0 625
1376629200 0 440 0 580
1376627400 0 486 0 613
1376625600 0 449 0 614
1376623800 0 511 0 696
1376622000 0 463 0 595
1376620200 0 523 0 768
1376618400 0 466 0 635
1376616600 0 500 0 650
1376614800 0 483 0 640
1376613000 0 508 0 687
1376611200 0 472 0 615
1376609400 0 577 0 882
1376607600 0 634 0 784
1376605800 0 796 0 1015
1376604000 0 767 0 958
1376602200 0 814 0 1215
1376600400 0 836 0 1205
1376598600 0 728 0 855
1376596800 0 849 0 1111
1376595000 0 858 0 1347
1376593200 0 802 0 905
1376591400 0 839 0 1221
1376589600 0 758 0 926
1376587800 0 743 0 1140
1376586000 0 734 0 1109
1376584200 0 904 0 1472
1376582400 0 904 0 1668
1376580600 0 1115 0 1668
1376578800 0 661 0 826
1376577000 0 1140 0 1675
1376575200 0 738 0 964
1376573400 0 692 0 1109
1376571600 0 527 0 703
1376569800 0 437 0 518
1376568000 0 448 0 539
1376566200 0 858 0 3067
1376564400 0 411 0 471
1376562600 0 428 0 469
1376560800 0 414 0 474
1376559000 0 430 0 462
1376557200 0 430 0 502
1376555400 0 438 0 489
1376553600 0 585 0 1204
1376551800 0 681 0 988
1376550000 0 439 0 533
1376548200 0 475 0 586
1376546400 0 457 0 628
1376544600 0 468 0 629
1376539200 0 474 0 634
1376532000 0 472 0 632
1376524800 0 633 0 1016
1376517600 0 1003 0 3860
1376510400 0 810 0 1248
1376503200 0 853 0 1378
1376496000 0 882 0 1148
1376488800 0 653 0 1369
1376481600 0 430 0 580
1376474400 0 439 0 624
1376467200 0 519 0 850
1376460000 0 522 0 723
1376452800 0 516 0 668
1376445600 0 574 0 874
1376438400 0 666 0 943
1376431200 0 2922 0 47937
1376424000 0 1094 0 5964
1376416800 0 944 0 1661
1376409600 0 966 0 1438
1376402400 0 630 0 1280
1376395200 0 479 0 615
1376388000 0 487 0 683
1376380800 0 530 0 724
1376373600 0 509 0 654
1376366400 0 525 0 708
1376359200 0 552 0 706
1376352000 0 758 0 1273
1376344800 0 991 0 1527
1376337600 0 1111 0 4015
1376330400 0 945 0 1599
1376323200 0 1026 0 2349
1376316000 0 609 0 1217
1376308800 0 401 0 510
1376301600 0 404 0 583
1376294400 0 417 0 546
1376287200 0 392 0 492
1376280000 0 402 0 495
1376272800 0 393 0 493
1376265600 0 407 0 513
1376258400 0 398 0 565
1376251200 0 395 0 532
1376244000 0 402 0 551
1376236800 0 405 0 542
1376229600 0 400 0 546
1376222400 0 395 0 518
1376215200 0 409 0 582
1376208000 0 410 0 526
1376200800 0 396 0 554
1376193600 0 404 0 516
1376186400 0 397 0 491
1376179200 0 399 0 520
1376172000 0 398 0 497
1376164800 0 399 0 522
1376157600 0 405 0 534
1376150400 0 406 0 624
1376143200 0 407 0 562
1376136000 0 415 0 586
1376128800 0 421 0 583
1376121600 0 426 0 574
1376114400 0 410 0 544
1376107200 0 423 0 588
1376100000 0 443 0 589
1376092800 0 607 0 833
1376085600 0 797 0 1033
1376078400 0 790 0 1214
1376071200 0 733 0 1034
1376064000 0 741 0 936
1376056800 0 677 0 1339
1376049600 0 508 0 627
1376042400 0 530 0 691
1376035200 0 524 0 658
1376028000 0 512 0 618
1376020800 0 518 0 674
1376013600 0 545 0 699
1376006400 0 615 0 941
1375999200 0 781 0 1273
1375992000 0 778 0 1127
1375984800 0 827 0 1316
1375977600 0 770 0 1929
1375970400 0 622 0 930
1375963200 0 484 0 587
1375956000 0 489 0 762
1375948800 0 504 0 628
1375941600 0 488 0 542
1375934400 0 488 0 555
1375927200 0 508 0 587
1375920000 0 566 0 814
1375912800 0 700 0 1125
1375905600 0 625 0 858
1375898400 0 887 0 3758
1375891200 0 659 0 860
1375884000 0 672 0 1149
1375876800 0 503 0 584
1375869600 0 520 0 635
1375862400 0 546 0 711
1375855200 0 538 0 670
1375848000 0 544 0 703
1375840800 0 566 0 749
1375833600 0 665 0 1049
1375826400 0 926 0 1882
1375819200 0 868 0 1304
1375812000 0 905 0 3767
1375804800 0 1002 0 3906
1375797600 0 826 0 1415
1375790400 0 513 0 617
1375783200 0 525 0 702
1375776000 0 532 0 674
1375768800 0 508 0 670
1375761600 0 511 0 612
1375754400 0 536 0 693
1375747200 0 624 0 1134
1375740000 0 885 0 2530
1375732800 0 1738 0 22290
1375725600 0 751 0 1043
1375718400 0 838 0 5688
1375711200 0 776 0 5688
1375704000 0 429 0 639
1375696800 0 441 0 599
1375689600 0 436 0 728
1375682400 0 423 0 585
1375675200 0 424 0 578
1375668000 0 425 0 585
1375660800 0 422 0 570
1375653600 0 422 0 563
1375646400 0 419 0 528
1375639200 0 424 0 555
1375632000 0 428 0 569
1375624800 0 427 0 563
1375617600 0 452 0 599
1375610400 0 478 0 657
1375603200 0 483 0 727
1375596000 0 466 0 593
1375588800 0 468 0 622
1375581600 0 466 0 605
1375574400 0 466 0 597
1375567200 0 470 0 598
1375560000 0 473 0 621
1375552800 0 470 0 636
1375545600 0 479 0 636
1375538400 0 475 0 600
1375531200 0 479 0 610
1375524000 0 492 0 605
1375516800 0 486 0 665
1375509600 0 470 0 610
1375502400 0 478 0 640
1375495200 0 501 0 704
1375488000 0 605 0 872
1375480800 0 787 0 1160
1375473600 0 732 0 976
1375466400 0 794 0 1345
1375459200 0 1041 0 7358
1375452000 0 746 0 1975
1375444800 0 448 0 719
1375437600 0 423 0 530
1375430400 0 449 0 589
1375423200 0 453 0 569
1375416000 0 469 0 571
1375408800 0 489 0 616
1375401600 0 612 0 1380
1375394400 0 689 0 1026
1375387200 0 707 0 1090
1375380000 0 742 0 1143
1375372800 0 846 0 2347
1375365600 0 684 0 1207
1375358400 0 438 0 594
1375351200 0 437 0 585
1375344000 0 437 0 599
1375336800 0 476 0 612
1375329600 0 495 0 623
1375322400 0 498 0 609
1375315200 0 626 0 902
1375308000 0 734 0 1142
1375300800 0 723 0 1534
1375293600 0 806 0 2098
1375286400 0 931 0 4718
1375279200 0 600 0 1221
1375272000 0 447 0 582
1375264800 0 468 0 650
1375257600 0 469 0 686
1375250400 0 463 0 587
1375243200 0 489 0 638
1375236000 0 507 0 687
1375228800 0 614 0 1096
1375221600 0 833 0 1254
1375214400 0 929 0 2250
1375207200 0 1221 0 2072
1375200000 0 1159 0 14144
1375192800 0 2878 0 31719
1375185600 0 555 0 907
1375178400 0 573 0 1125
1375171200 0 553 0 753
1375164000 0 570 0 1177
1375156800 0 578 0 874
1375149600 0 619 0 788
1375142400 0 742 0 1182
1375135200 0 1123 0 1686
1375128000 0 1239 0 1808
1375120800 0 1090 0 1975
1375113600 0 874 0 1417
1375106400 0 599 0 1106
1375099200 0 386 0 549
1375092000 0 384 0 531
1375084800 0 390 0 531
1375077600 0 372 0 432
1375070400 0 376 0 409
1375063200 0 379 0 432
1375056000 0 374 0 412
1375048800 0 375 0 430
1375041600 0 375 0 441
1375034400 0 371 0 473
1375027200 0 373 0 415
1375020000 0 376 0 441
1375012800 0 372 0 432
1375005600 0 383 0 574
1374998400 0 386 0 505
1374991200 0 376 0 454
1374984000 0 373 0 423
1374976800 0 374 0 421
1374969600 0 369 0 413
1374962400 0 388 0 498
1374955200 0 375 0 418
1374948000 0 376 0 420
1374940800 0 377 0 421
1374933600 0 379 0 428
1374926400 0 382 0 422
1374919200 0 401 0 525
1374912000 0 390 0 509
1374904800 0 387 0 471
1374897600 0 401 0 491
1374890400 0 418 0 532
1374883200 0 600 0 1041
1374876000 0 877 0 1241
1374868800 0 1071 0 1557
1374861600 0 781 0 1222
1374854400 0 756 0 1130
1374847200 0 681 0 1280
1374840000 0 475 0 750
1374832800 0 473 0 691
1374825600 0 490 0 641
1374818400 0 487 0 795
1374811200 0 472 0 519
1374804000 0 489 0 585
1374796800 0 620 0 955
1374789600 0 649 0 894
1374782400 0 2374 0 42473
1374775200 0 678 0 1316
1374768000 0 695 0 1099
1374760800 0 672 0 1247
1374753600 0 460 0 527
1374746400 0 470 0 663
1374739200 0 505 0 629
1374732000 0 472 0 521
1374724800 0 488 0 552
1374717600 0 488 0 543
1374710400 0 610 0 1298
1374703200 0 690 0 1111
1374696000 0 724 0 1181
1374688800 0 907 0 1877
1374681600 0 683 0 1435
1374674400 0 612 0 1127
1374667200 0 462 0 495
1374660000 0 485 0 722
1374652800 0 492 0 668
1374645600 0 475 0 528
1374638400 0 479 0 545
1374631200 0 488 0 534
1374624000 0 605 0 1255
1374616800 0 688 0 1030
1374609600 0 698 0 937
1374602400 0 658 0 897
1374595200 0 701 0 934
1374588000 0 706 0 1156
1374580800 0 516 0 564
1374573600 0 519 0 601
1374566400 0 528 0 608
1374559200 0 534 0 611
1374552000 0 529 0 580
1374544800 0 609 0 1207
1374537600 0 661 0 883
1374530400 0 1619 0 15630
1374523200 0 1116 0 2224
1374516000 0 875 0 1107
1374508800 0 899 0 1556
1374501600 0 660 0 1289
1374494400 0 368 0 432
1374487200 0 380 0 601
1374480000 0 388 0 533
1374472800 0 374 0 428
1374465600 0 371 0 431
1374458400 0 372 0 411
1374451200 0 370 0 427
1374444000 0 370 0 421
1374436800 0 370 0 429
1374429600 0 372 0 412
1374422400 0 370 0 419
1374415200 0 372 0 417
1374408000 0 371 0 421
1374400800 0 384 0 579
1374393600 0 384 0 537
1374386400 0 369 0 437
1374379200 0 372 0 444
1374372000 0 371 0 409
1374364800 0 376 0 434
1374357600 0 374 0 410
1374350400 0 376 0 426
1374343200 0 377 0 449
1374336000 0 392 0 505
1374328800 0 396 0 663
1374321600 0 374 0 416
1374314400 0 385 0 688
1374307200 0 397 0 537
1374300000 0 374 0 466
1374292800 0 385 0 441
1374285600 0 421 0 525
1374278400 0 520 0 813
1374271200 0 728 0 976
1374264000 0 711 0 938
1374256800 0 718 0 892
1374249600 0 828 0 1629
1374242400 0 579 0 1014
1374235200 0 474 0 549
1374228000 0 485 0 737
1374220800 0 552 0 1118
1374213600 0 472 0 512
1374206400 0 476 0 528
1374199200 0 482 0 519
1374192000 0 627 0 815
1374184800 0 739 0 1026
1374177600 0 923 0 3788
1374170400 0 923 0 4248
1374163200 0 903 0 1467
1374156000 0 805 0 1836
1374148800 0 579 0 639
1374141600 0 724 0 2505
1374134400 0 605 0 949
1374127200 0 573 0 649
1374120000 0 573 0 643
1374112800 0 606 0 785
1374105600 0 761 0 1289
1374098400 0 848 0 1044
1374091200 0 1422 0 7678
1374084000 0 795 0 1250
1374076800 0 787 0 1218
1374069600 0 713 0 1214
1374062400 0 499 0 583
1374055200 0 494 0 738
1374048000 0 508 0 698
1374040800 0 495 0 542
1374033600 0 491 0 578
1374026400 0 501 0 597
1374019200 0 611 0 774
1374012000 0 782 0 1308
1374004800 0 766 0 1051
1373997600 0 783 0 976
1373990400 0 864 0 1265
1373983200 0 681 0 1294
1373976000 0 455 0 498
1373968800 0 465 0 701
1373961600 0 474 0 589
1373954400 0 459 0 525
1373947200 0 476 0 537
1373940000 0 497 0 618
1373932800 0 721 0 1860
1373925600 0 1759 0 22406
1373918400 0 781 0 1085
1373911200 0 728 0 914
1373904000 0 862 0 1302
1373896800 0 680 0 1293
1373889600 0 431 0 496
1373882400 0 425 0 488
1373875200 0 430 0 505
1373868000 0 430 0 531
1373860800 0 433 0 496
1373853600 0 427 0 521
1373846400 0 428 0 500
1373839200 0 428 0 490
1373832000 0 434 0 586
1373824800 0 428 0 497
1373817600 0 430 0 497
1373810400 0 425 0 493
1373803200 0 429 0 508
1373796000 0 427 0 497
1373788800 0 433 0 509
1373781600 0 428 0 487
1373774400 0 633 0 3768
1373767200 0 433 0 498
1373760000 0 432 0 537
1373752800 0 444 0 657
1373745600 0 370 0 452
1373738400 0 373 0 458
1373731200 0 376 0 414
1373724000 0 373 0 420
1373716800 0 373 0 426
1373709600 0 379 0 433
1373702400 0 392 0 545
1373695200 0 376 0 433
1373688000 0 373 0 437
1373680800 0 418 0 566
1373673600 0 463 0 761
1373666400 0 654 0 995
1373659200 0 674 0 834
1373652000 0 642 0 908
1373644800 0 651 0 1037
1373637600 0 565 0 898
1373630400 0 414 0 592
1373623200 0 430 0 1038
1373616000 0 411 0 589
1373608800 0 403 0 452
1373601600 0 401 0 461
1373594400 0 524 0 716
1373587200 0 716 0 1078
1373580000 0 709 0 1188
1373572800 0 644 0 1024
1373565600 0 674 0 1033
1373558400 0 744 0 1317
1373551200 0 548 0 1789
1373544000 0 376 0 415
1373536800 0 380 0 436
1373529600 0 423 0 656
1373522400 0 398 0 442
1373515200 0 400 0 461
1373508000 0 484 0 1126
1373500800 0 565 0 1781
1373493600 0 1360 0 4167
1373486400 0 3518 0 61177
1373479200 0 697 0 1064
1373472000 0 644 0 1352
1373464800 0 609 0 1404
1373457600 0 438 0 462
1373450400 0 458 0 531
1373443200 0 485 0 662
1373436000 0 466 0 526
1373428800 0 469 0 523
1373421600 0 472 0 520
1373414400 0 543 0 789
1373407200 0 704 0 1151
1373400000 0 846 0 1349
1373392800 0 885 0 1322
1373385600 0 777 0 1041
1373378400 0 694 0 1358
1373371200 0 505 0 586
1373364000 0 499 0 554
1373356800 0 505 0 638
1373349600 0 504 0 583
1373342400 0 521 0 692
1373335200 0 508 0 560
1373328000 0 603 0 857
1373320800 0 837 0 1616
1373313600 0 811 0 1487
1373306400 0 741 0 1045
1373299200 0 812 0 1132
1373292000 0 613 0 1400
1373284800 0 389 0 449
1373277600 0 392 0 455
1373270400 0 390 0 440
1373263200 0 392 0 438
1373256000 0 398 0 448
1373248800 0 399 0 455
1373241600 0 396 0 448
1373234400 0 396 0 448
1373227200 0 395 0 451
1373220000 0 397 0 450
1373212800 0 396 0 439
1373205600 0 397 0 450
1373198400 0 397 0 463
1373191200 0 401 0 455
1373184000 0 400 0 458
1373176800 0 399 0 470
1373169600 0 400 0 443
1373162400 0 399 0 460
1373155200 0 403 0 464
1373148000 0 402 0 456
1373140800 0 404 0 475
1373133600 0 400 0 445
1373126400 0 415 0 590
1373119200 0 405 0 452
1373112000 0 411 0 477
1373104800 0 409 0 460
1373097600 0 413 0 454
1373090400 0 411 0 452
1373083200 0 412 0 473
1373076000 0 411 0 467
1373068800 0 416 0 546
1373061600 0 412 0 517
1373054400 0 409 0 467
1373047200 0 409 0 460
1373040000 0 407 0 471
1373032800 0 406 0 468
1373025600 0 407 0 449
1373018400 0 403 0 466
1373011200 0 406 0 455
1373004000 0 402 0 466
1372996800 0 407 0 475
1372989600 0 406 0 440
1372982400 0 409 0 458
1372975200 0 405 0 456
1372968000 0 409 0 502
1372960800 0 407 0 491
1372953600 0 407 0 461
1372946400 0 411 0 462
1372939200 0 410 0 463
1372932000 0 408 0 475
1372924800 0 422 0 603
1372917600 0 412 0 462
1372910400 0 413 0 465
1372903200 0 422 0 492
1372896000 0 429 0 481
1372888800 0 554 0 874
1372881600 0 747 0 1053
1372874400 0 865 0 3044
1372867200 0 670 0 855
1372860000 0 724 0 1462
1372852800 0 417 0 526
1372845600 0 411 0 468
1372838400 0 444 0 816
1372831200 0 416 0 478
1372824000 0 415 0 483
1372816800 0 425 0 481
1372809600 0 477 0 1039
1372802400 0 674 0 971
1372795200 0 702 0 889
1372788000 0 717 0 1238
1372780800 0 686 0 1096
1372773600 0 608 0 1499
1372766400 0 352 0 398
1372759200 0 367 0 575
1372752000 0 370 0 644
1372744800 0 347 0 409
1372737600 0 355 0 409
1372730400 0 417 0 466
1372723200 0 513 0 773
1372716000 0 1011 0 1749
1372708800 0 872 0 1535
1372701600 0 675 0 913
1372694400 0 774 0 1187
1372687200 0 673 0 1326
1372680000 0 353 0 400
1372672800 0 370 0 562
1372665600 0 363 0 545
1372658400 0 352 0 393
1372651200 0 352 0 393
1372644000 0 350 0 389
1372636800 0 355 0 418
1372629600 0 351 0 406
1372622400 0 358 0 408
1372615200 0 353 0 409
1372608000 0 354 0 409
1372600800 0 349 0 403
1372593600 0 354 0 403
1372586400 0 363 0 578
1372579200 0 372 0 586
1372572000 0 353 0 401
1372564800 0 354 0 405
1372557600 0 354 0 407
1372550400 0 355 0 403
1372543200 0 361 0 406
1372536000 0 360 0 423
1372528800 0 364 0 455
1372521600 0 356 0 398
1372514400 0 368 0 462
1372507200 0 353 0 397
1372500000 0 367 0 542
1372492800 0 383 0 655
1372485600 0 359 0 433
1372478400 0 358 0 432
1372471200 0 385 0 522
1372464000 0 480 0 725
1372456800 0 671 0 930
1372449600 0 696 0 905
1372442400 0 767 0 1141
1372435200 0 672 0 1157
1372428000 0 605 0 1038
1372420800 0 470 0 528
1372413600 0 485 0 706
1372406400 0 515 0 883
1372399200 0 470 0 524
1372392000 0 470 0 566
1372384800 0 491 0 808
1372377600 0 595 0 917
1372370400 0 606 0 876
1372363200 0 770 0 1525
1372356000 0 740 0 1078
1372348800 0 679 0 1085
1372341600 0 666 0 1640
1372334400 0 481 0 523
1372327200 0 501 0 702
1372320000 0 522 0 774
1372312800 0 480 0 545
1372305600 0 619 0 1813
1372298400 0 601 0 1628
1372291200 0 602 0 996
1372284000 0 769 0 1785
1372276800 0 713 0 1042
1372269600 0 706 0 981
1372262400 0 714 0 1226
1372255200 0 602 0 1011
1372248000 0 438 0 508
1372240800 0 449 0 707
1372233600 0 477 0 765
1372226400 0 437 0 513
1372219200 0 472 0 795
1372204800 0 613 0 2091
1372118400 0 588 0 2399
1372032000 0 320 0 594
1371945600 0 334 0 591
1371859200 0 528 0 1434
1371772800 0 464 0 2534
1371686400 0 507 0 2315
1371600000 0 576 0 3631
1371513600 0 566 0 20854
1371427200 0 331 0 643
1371340800 0 343 0 561
1371254400 0 522 0 1382
1371168000 0 648 0 21239
1371081600 0 494 0 1533
1370995200 0 473 0 1092
1370908800 0 492 0 1938
1370822400 0 335 0 556
1370736000 0 331 0 576
1370649600 0 471 0 1026
1370563200 0 477 0 1238
1370476800 0 513 0 1293
1370390400 0 532 0 1441
1370304000 0 509 0 1690
1370217600 0 327 0 532
1370131200 0 331 0 537
1370044800 0 491 0 1482
1369958400 0 563 0 22661
1369872000 0 516 0 19537
1369785600 0 451 0 1096
1369699200 0 312 0 377
1369612800 0 312 0 380
1369526400 0 316 0 380
1369440000 0 405 0 1643
1369353600 0 440 0 1477
1369267200 0 467 0 1179
1369180800 0 476 0 2170
1369094400 0 440 0 1661
1369008000 0 255 0 317
1368921600 0 266 0 442
1368835200 239772 144316 4296574 4314990
1368748800 1087 12334 24966 819542
1368662400 220 939 3703 20814
1368576000 855 8049 13388 350377
1368489600 966 10444 14492 382489
1368403200 161 666 587 16735
1368316800 158 614 693 1025
1368230400 215 886 2624 17107
1368144000 183 839 2579 16925
1368057600 292 883 10335 16363
1367971200 309 973 12631 16386
1367884800 1076 15308 12644 429818
1367798400 107 527 570 15667
1367712000 111 573 566 15294
1367625600 1104 17486 12675 348905
1367539200 1143 26476 14937 626193
1367452800 1727 7239 308618 378445
1367366400 909 9760 7801 222192
1367280000 728 8137 5910 149922
1367193600 133 565 1884 3100
1367107200 119 602 1199 2176
1367020800 738 10325 13417 564594
1366934400 818 10795 14099 666131
1366848000 1187 9078 61703 238657
1366761600 1767 9800 35392 230084
1366675200 1082 7765 24766 237368
1366588800 141 437 696 10214
1366502400 171 446 689 1040
1366416000 228 3563 16296 813114
1366329600 170 5712 671 848510
1366243200 172 936 1199 3426
1366156800 175 1017 599 5073
1366070400 185 886 750 6208
1365984000 179 577 1840 3146
1365897600 179 582 1033 1335
1365811200 179 985 588 6013
1365724800 192 921 896 2084
1365638400 198 1041 767 4453
1365552000 170 923 994 3546
1365465600 187 1477 652 4489
1365379200 204 1588 1313 4095
1365292800 211 1617 688 2166
1365206400 4226 15576 909754 331378
1365120000 1055 16711 23574 1019986
1365033600 776 5569 6481 217056
1364947200 2269 7723 18293 222267
1364860800 525 6132 6826 243489
1364774400 131 645 629 3476
1364688000 119 664 607 1379
1364601600 1091 9380 17326 188983
1364515200 846 6468 12491 114863
1364428800 1147 11524 9380 242727
1364342400 632 3274 8557 218031
1364256000 783 12766 10271 424741
1364169600 184 708 665 3803
1364083200 176 709 619 1236
1363996800 868 7104 19863 163138
1363910400 1163 8068 64749 354837
1363824000 2010 5179 38723 132406
1363737600 1122 8686 18872 188523
1363651200 832 5091 11817 129971
1363564800 152 645 666 3424
1363478400 153 630 628 1332
1363392000 1064 6019 16408 409141
1363305600 906 10558 23240 1087675
1363219200 742 4109 12298 178196
1363132800 807 9136 9659 325464
1363046400 688 4048 8615 101991
1362960000 152 623 661 1849
1362873600 159 697 697 6690
1362787200 469 1251 9421 5916
1362700800 721 11688 18818 610908
1362614400 896 8512 19090 446759
1362528000 1098 5839 22577 338953
1362441600 796 9336 23165 488492
1362355200 123 650 628 2940
1362268800 124 708 714 10836
1362182400 1042 13539 10817 320229
1362096000 1184 5683 15685 153387
1362009600 1839 19086 49971 2224652
1361923200 1421 8694 54216 568007
1361836800 999 8475 15702 331429
1361750400 97 558 571 3847
1361664000 96 654 572 15265
1361577600 932 4556 12661 107170
1361491200 2158 10106 175585 165018
1361404800 928 4061 11981 75271
1361318400 1123 14735 13967 522321
1361232000 274 1243 10345 25111
1361145600 223 1014 701 2219
1361059200 272 1171 5168 24786
1360972800 1563 19851 24512 434251
1360886400 878 12467 13190 441128
1360800000 1095 9843 12201 300199
1360713600 850 5359 22300 154651
1360627200 1767 10303 26583 284934
1360540800 142 894 600 3026
1360454400 187 929 3243 2514
1360368000 744 6528 12650 159657
1360281600 1844 11278 157634 305334
1360195200 1081 6971 14545 493916
1360108800 1091 7229 15857 434244
1360022400 649 4421 11324 144484
1359936000 111 859 569 2414
1359849600 109 960 695 14402
1359763200 803 5946 13358 155561
1359676800 954 7220 14055 299305
1359590400 901 5483 15898 170667
1359504000 1345 14317 34596 916327
1359417600 1240 8784 25906 146634
1359331200 197 972 2316 3003
1359244800 204 1000 916 2684
1359158400 828 4000 14172 78387
1359072000 882 3509 16683 73474
1358985600 935 9575 15854 339756
1358899200 1022 6968 15964 157229
1358812800 136 986 604 7398
1358726400 155 1003 622 2347
1358640000 178 1064 4260 3054
1358553600 827 5745 15229 309456
1358467200 1276 5953 63202 218426
1358380800 1209 6258 20768 157924
1358294400 955 4475 35509 79887
1358208000 1010 4744 31258 155188
1358121600 192 918 656 3110
1358035200 191 929 641 1354
1357948800 939 4908 22299 98879
1357862400 1071 9883 12532 346493
1357776000 1531 13474 36373 349367
1357689600 1238 16987 19283 779635
1357603200 1008 11687 22199 287050
1357516800 165 889 605 3573
1357430400 187 943 2165 2575
1357344000 1208 12705 15785 587009
1357257600 1156 8458 22109 270916
1357171200 1437 8505 22738 144388
1357084800 188 964 615 3157
1356998400 938 15289 12545 370674
1356912000 166 909 615 2871
1356825600 164 918 636 1990
1356739200 1039 9443 18397 235360
1356652800 1513 13749 24272 270137
1356566400 209 1014 659 3941
1356480000 207 814 727 1215
1356393600 211 829 778 3231
1356307200 212 831 660 4650
1356220800 229 885 716 1379
1356134400 243 1112 4495 5504
1356048000 1187 9320 15487 237287
1355961600 1016 9433 24036 174647
1355875200 918 5476 25841 160680
1355788800 1226 8810 54462 203496
1355702400 111 846 659 3446
1355616000 141 910 2991 3054
1355529600 1132 13833 23920 469923
1355443200 772 8579 10272 508068
1355356800 826 5174 9643 176483
1355270400 1183 10229 52133 234950
1355184000 1448 15676 36855 336273
1355097600 273 1117 712 3004
1355011200 277 1307 774 2523
1354924800 909 5146 12438 117530
1354838400 1115 11241 16123 266568
1354752000 1090 11777 19373 390617
1354665600 968 4863 14382 80004
1354579200 1330 8823 46526 377738
1354492800 186 883 667 4524
1354406400 202 918 704 1746
1354320000 562 1313 31730 15758
1354233600 1181 2065 68637 32623
1354147200 749 4718 10794 99627
1354060800 839 5622 9967 117168
1353974400 1175 9666 65585 504505
1353888000 166 561 610 6601
1353801600 179 567 1062 5065
1353715200 184 571 1000 2541
1353628800 177 625 662 18066
1353542400 197 788 2082 3069
1353456000 796 5451 9816 211620
1353369600 1007 5013 36039 115778
1353283200 161 541 649 5582
1353196800 172 582 638 1383
1353110400 20087 5232 1897516 291224
1353024000 824 6220 12213 320323
1352937600 627 5341 10122 182335
1352851200 973 3763 27621 87559
1352764800 837 6630 13082 264329
1352678400 168 575 2208 3225
1352592000 204 621 635 2942
1352505600 1118 7332 18447 414591
1352419200 1012 13006 10961 331348
1352332800 1056 8098 28821 265717
1352246400 775 7139 12421 321447
1352160000 1092 1021 32552 6636
1352073600 96 425 625 2445
1351987200 97 472 583 2503
1351900800 138 742 682 1996
1351814400 1151 9678 17027 252684
1351728000 883 8322 22575 568427
1351641600 286 1032 1777 4226
1351555200 595 1450 11987 38199
1351468800 172 669 4826 5453
1351382400 108 631 646 4452
1351296000 162 898 3146 2447
1351209600 818 4292 10660 115048
1351123200 688 5195 22303 232190
1351036800 1015 5466 48934 129488
1350950400 779 10496 7225 174358
1350864000 110 605 571 2530
1350777600 199 711 4624 3322
1350691200 643 5518 9771 135612
1350604800 806 6752 13169 216906
1350518400 999 10034 10633 278725
1350432000 1384 10486 42864 795356
1350345600 932 9332 13701 565600
1350259200 134 661 1312 2564
1350172800 137 688 2818 4401
1350086400 643 3148 12023 131568
1350000000 1514 4953 32448 111963
1349913600 857 4243 44514 330054
1349827200 610 6393 13647 476582
1349740800 842 7737 14526 482555
1349654400 109 682 594 4703
1349568000 222 930 6563 24003
1349481600 511 3073 9256 208826
1349395200 413 975 7354 3997
1349308800 691 4098 11502 149470
1349222400 9272 2931 1816145 60096
1349136000 3883 5023 750922 235455
1349049600 155 634 579 4228
1348963200 155 638 582 2232
1348876800 455 2191 7624 57633
1348790400 950 5664 14132 113802
1348704000 632 3594 9393 264474
1348617600 1081 5727 19334 172994
1348531200 532 4117 9445 155815
1348444800 112 605 583 3578
1348358400 122 638 965 1783
1348272000 519 2061 16097 105724
1348185600 577 4017 27285 201567
1348099200 768 5189 10513 146219
1348012800 729 2486 15020 85483
1347926400 730 6797 11452 267674
1347840000 145 657 1290 7101
1347753600 132 625 2096 1144
1347667200 916 6054 11642 113778
1347580800 702 6600 7152 208584
1347494400 2218 8512 158431 277175
1347408000 4898 21927 573505 4186129
1347321600 980 12678 13435 458830
1347235200 148 642 645 4492
1347148800 216 787 11809 22087
1347062400 856 4006 15267 81865
1346976000 1935 12200 162231 617206
1346889600 610 4120 12046 112560
1346803200 723 4053 9868 66476
1346716800 105 650 684 2893
1346630400 105 633 570 2828
1346544000 111 634 967 1575
1346457600 888 1331 42272 17119
1346371200 508 3064 12770 254224
1346284800 610 2715 10041 56281
1346198400 688 5403 24805 158515
1346112000 2021 3751 182952 78244
1346025600 114 731 557 6016
1345939200 199 1009 15596 68711
1345852800 742 4021 10712 62671
1345766400 711 3926 22272 166753
1345680000 625 5583 8736 277340
1345593600 614 2879 11710 131935
1345507200 727 4292 11121 83368
1345420800 136 775 645 4626
1345334400 148 799 905 4210
1345248000 772 3168 11598 121614
1345161600 1925 4948 227246 172367
1345075200 701 6457 11390 365862
1344988800 501 3141 5989 82731
1344902400 763 4431 14517 247102
1344816000 150 650 3989 2867
1344729600 119 681 537 3266
1344643200 740 10089 33350 1320136
1344556800 506 2803 6359 81690
1344470400 586 3011 5347 82553
1344384000 641 5201 8907 326425
1344297600 31776 7958 3949047 387617
1344211200 223 702 4018 3367
1344124800 259 750 5487 4205
1344038400 1168 1578 35263 14994
1343952000 1794 3287 311425 313557
1343865600 841 1437 20357 5722
1343779200 684 1980 11263 170328
1343692800 1150 4395 6763 62393
1343606400 783 1132 1621 4643
1343520000 753 1146 3152 4419
1343433600 832 1575 5348 15423
1343347200 818 1480 13907 12883
1343260800 607 3753 6897 135279
1343174400 636 4590 6796 116453
1343088000 808 3595 12825 310993
1343001600 531 1049 1364 6528
1342915200 539 1080 1252 4025
1342828800 533 1242 1012 4863
1342742400 532 1310 1068 4254
1342656000 532 1360 1475 5169
1342569600 532 1192 1269 2345
1342483200 536 1234 1290 6371
1342396800 566 1079 1059 4479
1342310400 564 1087 1095 2018
1342224000 576 1377 1282 8223
1342137600 574 1479 1427 49709
1342051200 581 1309 1682 5652
1341964800 589 1324 1112 4264
1341878400 578 1308 1184 9894
1341792000 564 1091 1334 2015
1341705600 566 1109 1327 5612
1341619200 567 1202 1404 4324
1341532800 587 1260 1314 5532
1341446400 587 1114 1256 2723
1341360000 596 1265 1371 3825
1341273600 592 1272 1329 3017
1341187200 592 1118 2559 2530
1341100800 694 1237 12028 4401
1341014400 3696 5784 390054 673992
1340928000 786 2548 6969 79067
1340841600 737 3029 7926 97451
1340755200 1573 8167 17571 307310
1340668800 1235 2775 70376 167644
1340582400 248 853 602 3508
1340496000 257 912 4669 4166
1340409600 234 1402 1790 3732
1340323200 775 4391 19656 373063
1340236800 824 15527 49299 3004362
1340150400 854 4072 7330 159241
1340064000 968 4149 14277 197792
1339977600 164 861 1039 2521
1339891200 117 763 542 6187
1339804800 3018 3409 153795 78350
1339718400 482 1531 5238 24519
1339632000 567 2713 7989 259702
1339545600 633 2823 9410 104383
1339459200 799 3588 9238 149418
1339372800 178 732 5358 4343
1339286400 124 655 575 1389
1339200000 848 3627 12157 66195
1339113600 389 2813 7394 190212
1339027200 898 2781 38239 91535
1338940800 987 4244 58277 116136
1338854400 837 6799 13398 530376
1338768000 155 777 652 2464
1338681600 165 810 2081 2440
1338595200 556 1462 14644 5754
1338508800 305 1567 4493 14636
1338422400 623 2603 14482 26984
1338336000 762 1417 7927 8636
1338249600 222 828 13460 12375
1338163200 174 792 1604 3527
1338076800 313 824 6732 4311
1337990400 604 2118 6176 40136
1337904000 926 3959 10344 61138
1337817600 659 1696 5805 16038
1337731200 954 2280 45215 75704
1337644800 1474 4578 299271 839400
1337558400 349 752 845 2542
1337472000 340 760 868 3157
1337385600 501 2099 28492 128188
1337299200 1079 7692 27092 264147
1337212800 1014 2054 19938 69927
1337126400 1223 1721 27200 18412
1337040000 1225 1259 105082 15863
1336953600 358 865 807 4192
1336867200 371 924 811 4462
1336780800 601 6361 17492 638556
1336694400 867 8631 17959 919136
1336608000 862 3777 7362 98637
1336521600 849 3365 8568 69790
1336435200 928 5143 9306 178665
1336348800 117 579 572 8316
1336262400 134 559 1153 1201
1336176000 389 866 17308 16134
1336089600 1023 1624 31622 17907
1336003200 215 1605 4019 164736
1335916800 2726 9843 294892 405038
1335830400 1464 15858 41491 1359330
1335744000 115 620 525 4415
1335657600 115 630 523 1027
1335571200 241 1084 6245 14784
1335484800 328 980 8521 6889
1335398400 1971 1364 255398 23247
1335312000 719 2299 14091 106420
1335225600 990 4450 25187 92754
1335139200 160 553 749 3652
1335052800 162 616 5233 23352
1334966400 443 1281 11016 9730
1334880000 509 1162 38978 5551
1334793600 311 1167 5924 11459
1334707200 830 2604 8508 44592
1334620800 909 5525 14429 177083
1334534400 164 583 643 3383
1334448000 158 628 606 2463
1334361600 677 4894 9772 272075
1334275200 699 4167 33616 265925
1334188800 524 6069 7627 258463
1334102400 737 5668 16961 334547
1334016000 1240 4937 146259 453511
1333929600 140 516 549 3338
1333843200 146 525 1682 1848
1333756800 419 2304 6804 59469
1333670400 4716 6607 1211246 1222094
1333584000 658 3059 20793 96454
1333497600 617 1086 7199 5451
1333411200 1098 10275 15377 654125
1333324800 159 544 577 4112
1333238400 186 545 2370 4208
1333152000 8752 9752 742124 824748
1333065600 647 3550 10985 116992
1332979200 766 3037 13127 48417
1332892800 646 4949 15881 642980
1332806400 351 1414 4470 6064
1332720000 131 604 555 2866
1332633600 129 618 563 5107
1332547200 194 1114 3641 4493
1332460800 619 1185 16613 6190
1332374400 183 916 2634 4501
1332288000 4285 1642 253871 44613
1332201600 1345 6898 56626 287796
1332115200 117 495 617 3965
1332028800 134 539 1226 5131
1331942400 795 2178 56912 71925
1331856000 928 3157 12410 74021
1331769600 910 1608 12581 7819
1331683200 764 2647 33428 174374
1331596800 755 845 40289 10597
1331510400 147 564 580 952
1331424000 128 553 560 1495
1331337600 600 1849 48732 142940
1331251200 739 3575 10164 265878
1331164800 1512 3970 97951 124423
1331078400 1992 6751 90340 229547
1330992000 4968 14319 1123735 1119014
1330905600 118 644 609 4732
1330819200 147 705 3899 2811
1330732800 2115 5800 383130 389819
1330646400 742 3434 7279 83306
1330560000 810 4780 10679 140559
1330473600 685 4044 10198 324424
1330387200 726 4476 7834 292659
1330300800 154 569 564 4115
1330214400 170 550 3845 1574
1330128000 889 3418 49599 95582
1330041600 648 1641 32674 49805
1329955200 949 4339 30287 750608
1329868800 543 17396 6380 4327643
1329782400 113 542 557 4954
1329696000 116 539 570 4086
1329609600 194 4966 12528 717843
1329523200 541 1595 6983 41838
1329436800 737 12918 31435 1338009
1329350400 525 1767 5975 30045
1329264000 911 6226 18468 351729
1329177600 335 896 4750 6280
1329091200 156 623 590 3427
1329004800 163 662 591 3660
1328918400 734 3639 12969 182305
1328832000 757 3559 11777 128870
1328745600 974 1413 13764 29215
1328659200 837 2954 9814 65689
1328572800 616 2779 6657 109117
1328486400 160 600 584 6089
1328400000 213 732 5784 11994
1328313600 1257 1492 13667 7433
1328227200 1170 1363 57356 9940
1328140800 938 5696 11039 233479
1328054400 734 5700 8542 263890
1327968000 677 2683 22973 68033
1327881600 139 603 752 5350
1327795200 146 611 3240 4675
1327708800 936 6840 11351 344751
1327622400 4668 5631 1117975 836156
1327536000 894 2419 45173 119899
1327449600 924 6842 15998 362385
1327363200 542 2776 13023 138634
1327276800 227 512 20756 5833
1327190400 139 513 6093 6161
1327104000 549 2117 9425 126617
1327017600 767 4443 8582 158150
1326931200 704 2624 7368 139055
1326844800 712 4299 7151 297515
1326758400 187 576 5574 4782
1326672000 640 554 116595 17042
1326585600 173 537 3106 4183
1326499200 980 1110 59422 10826
1326412800 654 2562 6517 93799
1326326400 2659 5299 210579 420106
1326240000 936 6299 46921 299390
1326153600 752 6034 9203 193270
1326067200 128 415 1989 4019
1325980800 125 470 565 939
1325894400 709 3822 18599 412947
1325808000 786 4792 10658 131251
1325721600 584 4179 7052 113245
1325635200 840 7060 11935 438217
1325548800 114 626 532 2968
1325462400 114 627 528 2955
1325376000 113 582 533 1056
1325289600 121 659 858 2176
1325203200 139 752 553 2822
1325116800 138 841 627 2406
1325030400 140 813 621 6568
1324944000 141 642 561 2841
1324857600 143 653 566 3366
1324771200 146 668 667 2252
1324684800 141 678 556 3437
1324598400 132 772 2597 4316
1324512000 1117 1220 28665 15266
1324425600 958 3221 44820 91308
1324339200 600 5850 8575 172223
1324252800 103 631 558 3335
1324166400 105 645 555 1377
1324080000 2928 6457 147393 794474
1323993600 759 5359 12504 138781
1323907200 603 4411 12697 168032
1323820800 1005 6183 16924 167280
1323734400 903 9597 28021 1601847
1323648000 140 656 533 2918
1323561600 156 675 3617 2247
1323475200 375 932 6011 5455
1323388800 1001 1297 14938 15731
1323302400 556 1172 21639 14698
1323216000 527 6598 8985 304559
1323129600 614 3007 64705 192519
1323043200 134 616 558 2210
1322956800 141 646 2601 2431
1322870400 1648 4744 299413 307316
1322784000 359 2634 5914 88823
1322697600 862 2699 39164 88432
1322611200 372 3304 6157 163149
1322524800 493 4621 21750 567517
1322438400 130 646 593 2886
1322352000 129 654 592 1404
1322265600 174 704 7598 3025
1322179200 303 773 53063 3636
1322092800 641 3104 53063 150554
1322006400 254 1659 3853 34404
1321920000 704 13806 9225 346821
1321833600 94 619 508 2341
1321747200 97 661 494 2067
1321660800 738 12507 8605 139621
1321574400 503 4582 7826 162944
1321488000 476 3338 5534 93677
1321401600 479 5920 21596 552358
1321315200 669 4512 40289 258012
1321228800 154 668 566 2782
1321142400 155 666 568 2042
1321056000 502 1234 25086 105577
1320969600 485 2878 9088 83371
1320883200 690 12392 23478 1091546
1320796800 594 4362 11056 99463
1320710400 391 4241 6027 222163
1320624000 116 695 699 10555
1320537600 111 675 578 1318
1320451200 402 4835 5402 149431
1320364800 559 8850 10030 522410
1320278400 405 3051 6230 71055
1320192000 430 2958 5831 110036
1320105600 500 4886 5748 110643
1320019200 156 1335 593 3472
1319932800 153 1328 570 3766
1319846400 519 5408 6599 177746
1319760000 24553 2958 2091651 66837
1319673600 709 3184 9545 95345
1319587200 701 3749 8743 204743
1319500800 965 3019 64096 76456
1319414400 138 697 589 1213
1319328000 139 695 832 2519
1319241600 1794 9876 144658 1713815
1319155200 586 3169 7924 78779
1319068800 905 6940 11272 355521
1318982400 504 6763 18438 1133165
1318896000 863 6118 11110 458984
1318809600 211 794 4735 5031
1318723200 194 854 602 2717
1318636800 800 3709 8471 159045
1318550400 887 6420 9606 206628
1318464000 669 1175 10010 7296
1318377600 2398 9147 441325 1040332
1318291200 20109 16582 2515328 2306212
1318204800 321 712 30411 3390
1318118400 152 729 4629 3837
1318032000 159 880 3594 3380
1317945600 968 3005 14467 30952
1317859200 6626 8871 1714301 1615793
1317772800 1244 4191 116437 113221
1317686400 982 4287 7975 51777
1317600000 113 727 498 3779
1317513600 109 740 510 3271
1317427200 975 6430 10351 198042
1317340800 592 1158 18585 12219
1317254400 794 8425 10486 398362
1317168000 889 4717 8598 111846
1317081600 591 2557 11108 93218
1316995200 101 672 512 3398
1316908800 107 711 517 2946
1316822400 998 3809 10718 180012
1316736000 1202 6171 98702 175434
1316649600 752 4758 7313 143465
1316563200 807 7660 8023 133010
1316476800 523 5115 8490 253498
1316390400 96 686 605 5415
1316304000 106 710 740 4055
1316217600 653 5560 6470 223444
1316131200 1048 6772 41187 227786
1316044800 943 5778 54713 218958
1315958400 817 5829 10815 195602
1315872000 650 4474 8400 174806
1315785600 172 743 571 1899
1315699200 171 758 591 3871
1315612800 944 4762 11581 83520
1315526400 850 6670 11974 217479
1315440000 591 4119 5925 94356
1315353600 669 4395 13587 461296
1315267200 152 724 3195 1564
1315180800 133 709 534 2673
1315094400 136 712 554 4189
1315008000 675 2263 45530 96034
1314921600 681 1283 35095 9248
1314835200 725 3900 9488 117468
1314748800 492 4119 6476 156112
1314662400 656 5008 10586 274759
1314576000 0 0 0 0
1314489600 0 0 0 0
1314403200 458 1902 10049 53648
1314316800 5280 8043 1291752 1303112
1314230400 738 2826 16205 96149
1314144000 745 3897 7045 98127
1314057600 653 2970 5655 104924
1313971200 131 818 1814 5105
1313884800 160 806 1879 5808
1313798400 815 6606 10735 258535
1313712000 691 3766 5963 109907
1313625600 712 6162 14907 855420
1313539200 918 5183 24448 87059
1313452800 679 4859 10171 269713
1313366400 277 844 8715 4849
1313280000 234 1119 9563 83047
1313193600 587 3227 6700 106355
1313107200 3627 7517 556260 414914
1313020800 687 4273 5219 105167
1312934400 953 5406 19828 117980
1312848000 13577 17449 2699614 2711895
1312761600 125 764 882 4414
1312675200 129 771 1884 3018
1312588800 924 4531 15354 81757
1312502400 619 3340 8190 148564
1312416000 2941 6385 614662 201793
1312329600 827 5454 9933 253137
1312243200 622 2285 6294 47379
1312156800 94 628 478 3741
1312070400 95 713 461 6585
1311984000 795 5516 8007 115886
1311897600 655 3633 6476 89100
1311811200 975 13467 15858 609434
1311724800 948 4335 36804 123084
1311638400 973 8356 51810 632355
1311552000 144 805 804 3576
1311465600 148 809 880 4025
1311379200 157 956 655 4349
1311292800 989 3742 27023 149601
1311206400 989 4614 9217 159204
1311120000 994 7419 30549 1121215
1311033600 1348 7312 24373 127829
1310947200 131 703 1063 2289
1310860800 113 675 3976 14757
1310774400 941 2938 10244 136984
1310688000 1124 5196 16620 151404
1310601600 1011 6625 8145 171792
1310515200 892 3838 12104 76126
1310428800 1180 4751 16712 111174
1310342400 99 616 471 6243
1310256000 114 663 472 5648
1310169600 663 2724 11555 94612
1310083200 1569 9926 95157 262289
1309996800 2017 6424 209257 317894
1309910400 1049 8710 23995 208652
1309824000 120 648 677 1576
1309737600 130 688 494 1723
1309651200 140 704 1166 2735
1309564800 242 905 7691 6437
1309478400 664 5731 11424 383561
1309392000 1330 4440 199962 209513
1309305600 983 3916 33939 119549
1309219200 659 7287 10599 365298
1309132800 140 736 617 2720
1309046400 120 669 511 2322
