1377805801 4078135556 3133152521
1377805801 132534 16046 132534 16046
1377805502 3067 13969 3067 13969
1377805500 3068 13973 3437 15439
1377805200 3433 15391 3437 15439
1377804900 3830 8358 134415 9147
1377804600 133970 9127 134415 9147
1377804300 1146 3285 1438 5202
1377804000 1437 5200 1438 5202
1377803700 1260 5174 3817 66232
1377803400 3809 66026 3817 66232
1377803100 1602 4779 2627 34773
1377802800 2633 35015 3541 71083
1377802500 3541 71240 3640 118331
1377802200 3633 117603 3640 118331
1377801900 2701 9252 2708 9276
1377801600 1723 5686 1725 5693
1377801300 1197 3821 1198 3822
1377801000 1133 3594 1396 3596
1377800700 1393 3356 1396 3552
1377800400 1004 3552 1225 3696
1377800100 1226 3702 1466 4729
1377799800 1465 4728 1466 4729
1377799500 1350 4662 1352 4667
1377799200 1017 3283 1106 3284
1377798900 1105 3154 1106 3759
1377798600 1104 3755 1105 3759
1377798300 1038 3274 1039 3653
1377798000 1039 3688 2376 8946
1377797700 2373 8934 2376 8946
1377797400 2100 6240 91259 98413
1377797100 93192 98894 381355 170698
1377796800 380126 170472 381355 170698
1377796500 12672 103321 12726 123779
1377796200 4672 122996 4688 123779
1377795900 2326 6632 2638 32909
1377795600 2641 33014 3668 64660
1377795300 3652 64260 3668 64660
1377795000 1274 4752 1699 17103
1377794700 1701 17086 2569 17103
1377794400 2563 12036 2569 12079
1377794100 1678 5698 1681 5700
1377793800 1253 5480 1258 5783
1377793500 1258 5771 1393 5783
1377793200 1397 4007 2666 8500
1377792900 2657 8480 2666 8500
1377792600 1427 5515 1429 5522
1377792300 1162 4507 1163 4514
1377792000 1127 3534 1128 4423
1377791700 1111 4433 1326 7606
1377791400 1326 7593 1402 7606
1377791100 1409 3990 2528 8579
1377790800 2521 8551 2528 8579
1377790500 1566 4416 1806 8504
1377790200 1805 8505 1806 8743
1377789900 1760 8751 1761 11255
1377789600 1744 11228 2376 11255
1377789300 2370 7276 2376 7973
1377789000 1589 7952 1592 7973
1377788700 1269 4827 1651 5162
1377788400 1646 5146 1651 5162
1377788100 1021 2864 1103 3626
1377787800 1102 3644 1103 6391
1377787500 1101 6373 1102 6391
1377787200 1033 3734 1316 4437
1377786900 1314 4432 1316 4437
1377786600 1156 3761 1446 4973
1377786300 1452 4988 2430 7298
1377786000 2430 7298 2552 7419
1377785700 2548 7407 2552 7419
1377785400 2020 5660 2022 5662
1377785100 1466 5219 1469 5228
1377784800 1105 4033 1538 20369
1377784500 1551 20925 3511 103825
1377784200 3510 103554 3511 103825
1377783900 3367 22633 3372 22735
1377783600 2728 7547 4794 19980
1377783300 4769 19872 4794 19980
1377783000 1107 3950 1776 11066
1377782700 1772 11031 1776 11066
1377782400 1202 5950 1370 6962
1377782100 1369 6955 1370 6962
1377781800 1361 5031 4109 18071
1377781500 4084 17960 4109 18071
1377781200 472 1426 517 1540
1377780900 516 1538 517 1540
1377780600 465 1067 466 1069
1377780300 335 859 508 1113
1377780000 507 1112 508 1113
1377779700 374 853 490 1078
1377779400 489 1077 490 1078
1377779100 329 833 450 1073
1377778800 449 1072 450 1073
1377778500 320 785 379 1053
1377778200 378 1052 379 1053
1377777900 360 843 593 1148
1377777600 591 1145 593 1148
1377777300 361 842 466 1093
1377777000 465 1090 466 1093
1377776700 329 777 445 1094
1377776400 444 1092 445 1094
1377776100 339 758 474 1067
1377775800 473 1065 474 1067
1377775500 384 771 426 1072
1377775200 426 1071 439 1072
1377774900 438 950 439 1061
1377774600 428 1060 429 1061
1377774300 356 772 507 1132
1377774000 506 1129 507 1132
1377773700 383 809 413 1099
1377773400 412 1097 413 1099
1377773100 349 786 426 1036
1377772800 426 1034 497 1036
1377772500 496 870 497 1074
1377772200 486 1073 487 1074
1377771900 391 843 411 1073
1377771600 414 1071 866 1073
1377771300 863 864 866 1035
1377771000 435 1033 436 1035
1377770700 428 834 429 1021
1377770400 398 1020 489 1021
1377770100 488 938 489 1048
1377769800 394 1046 395 1048
1377769500 346 792 432 1029
1377769200 431 1028 432 1029
1377768900 426 892 427 1065
1377768600 391 1064 392 1065
1377768300 372 802 416 1064
1377768000 415 1062 416 1064
1377767700 333 804 425 1026
1377767400 425 1025 454 1026
1377767100 454 1012 463 1136
1377766800 462 1134 463 1136
1377766500 382 883 407 1063
1377766200 406 1062 407 1063
1377765900 379 925 429 1132
1377765600 428 1130 429 1132
1377765300 346 874 488 1062
1377765000 487 1060 488 1062
1377764700 394 835 395 1037
1377764400 391 1036 518 1037
1377764100 517 1001 518 1146
1377763800 445 1144 446 1146
1377763500 348 834 485 1095
1377763200 484 1093 485 1095
1377762900 387 798 410 1104
1377762600 409 1102 410 1104
1377762300 352 883 441 1045
1377762000 441 1044 582 1045
1377761700 581 993 582 1048
1377761400 402 1047 403 1048
1377761100 388 811 439 1080
1377760800 438 1079 439 1080
1377760500 339 829 518 1031
1377760200 518 1041 791 4195
1377759900 788 4174 791 4195
1377759600 398 1105 481 1107
1377759300 480 892 481 1063
1377759000 397 1061 398 1063
1377758700 320 849 522 1094
1377758400 520 1091 522 1094
1377758100 350 785 417 1044
1377757800 416 1042 417 1044
1377757500 370 850 401 982
1377757200 400 981 401 982
1377756900 346 802 500 1091
1377756600 499 1089 500 1091
1377756300 445 861 446 1172
1377756000 399 1171 412 1172
1377755700 411 957 412 1052
1377755400 399 1051 400 1052
1377755100 364 799 513 1076
1377754800 511 1074 513 1076
1377754500 362 841 399 1064
1377754200 398 1063 399 1064
1377753900 388 833 393 1035
1377753600 393 1034 466 1035
1377753300 465 901 466 1050
1377753000 427 1048 428 1050
1377752700 416 879 417 1027
1377752400 389 1027 416 1034
1377752100 416 1034 421 1070
1377751800 420 1068 421 1070
1377751500 336 796 452 1011
1377751200 451 1011 452 1122
1377750900 431 1122 432 1122
1377750600 396 1120 493 1122
1377750300 492 927 493 1087
1377750000 453 1086 454 1087
1377749700 345 866 518 1161
1377749400 517 1159 518 1161
1377749100 327 778 412 1091
1377748800 412 1089 417 1091
1377748500 416 857 417 1007
1377748200 409 1006 410 1007
1377747900 345 845 450 1051
1377747600 449 1050 450 1051
1377747300 425 812 426 1026
1377747000 404 1025 532 1026
1377746700 531 925 532 1044
1377746400 401 1043 402 1044
1377746100 346 862 432 1049
1377745800 432 1048 438 1049
1377745500 437 913 438 1064
1377745200 398 1063 399 1064
1377744900 398 823 399 1081
1377744600 397 1079 398 1081
1377744300 349 780 466 1163
1377744000 465 1163 466 1405
1377743700 422 1402 423 1405
1377743400 331 1021 534 1040
1377743100 533 1039 534 1040
1377742800 341 989 411 990
1377742500 411 888 414 1031
1377742200 414 1030 417 1031
1377741900 416 968 417 1043
1377741600 397 1042 414 1043
1377741300 414 938 432 987
1377741000 431 986 432 987
1377740700 329 923 992 1188
1377740400 987 1186 992 1188
1377740100 358 948 405 949
1377739800 404 948 405 989
1377739500 390 988 410 989
1377739200 409 948 410 977
1377738900 356 977 520 981
1377738600 519 982 520 1140
1377738300 495 1138 496 1140
1377738000 380 873 501 1070
1377737700 500 1068 501 1070
1377737400 401 898 419 1018
1377737100 419 1017 464 1018
1377736800 463 986 464 1067
1377736500 403 1066 411 1067
1377736200 410 982 411 983
1377735900 373 952 417 958
1377735600 416 958 417 970
1377735300 409 970 543 1100
1377735000 541 1099 543 1100
1377734700 343 979 404 980
1377734400 404 938 411 990
1377734100 410 989 411 990
1377733800 409 955 435 1113
1377733500 435 1113 476 1204
1377733200 474 1203 476 1204
1377732900 324 1128 588 1175
1377732600 587 1174 588 1175
1377732300 377 964 398 965
1377732000 398 955 413 1071
1377731700 413 1071 481 1083
1377731400 480 1083 481 1105
1377731100 369 1104 417 1105
1377730800 416 1010 417 1133
1377730500 392 1132 497 1133
1377730200 496 1109 497 1110
1377729900 376 1108 465 1216
1377729600 464 1215 465 1216
1377729300 337 1077 407 1078
1377729000 406 1018 407 1329
1377728700 385 1328 548 1329
1377728400 547 1173 548 1174
1377728100 427 1141 440 1142
1377727800 441 975 607 2340
1377727500 610 2348 1140 3553
1377727200 1142 3560 1747 5719
1377726900 1745 5712 1747 5719
1377726600 1218 3698 1219 3700
1377726300 1118 3442 1357 3944
1377726000 1355 3945 1357 4099
1377725700 1179 4096 1180 4099
1377725400 1150 3673 1171 3730
1377725100 1171 3731 1213 3980
1377724800 1213 3982 1402 4650
1377724500 1404 4652 1731 5054
1377724200 1728 5050 1731 5054
1377723900 1306 4510 1307 4515
1377723600 1232 3839 1745 5673
1377723300 1744 5678 1745 7383
1377723000 1606 7381 1940 7383
1377722700 1935 7009 1940 7031
1377722400 1267 3759 1268 3761
1377722100 1127 3510 2073 5489
1377721800 2067 5478 2073 5489
1377721500 1175 3842 1176 3845
1377721200 1058 3462 1323 3893
1377720900 1322 3893 1323 3998
1377720600 1294 4001 7050 4521
1377720300 7033 4523 7050 5298
1377720000 2134 5297 2137 5298
1377719700 1303 4999 1425 5003
1377719400 2999 7411 237622 517394
1377719100 236111 514607 237622 517394
1377718800 10985 99320 11034 99365
1377718500 3811 92956 5054 139201
1377718200 5059 139254 5911 147289
1377717900 5907 147282 5911 147289
1377717600 4848 145351 4850 148194
1377717300 4847 148878 112776 353494
1377717000 112789 353171 116836 353494
1377716700 116088 256026 116836 256783
1377716400 4713 143285 4715 143308
1377716100 4232 136640 4335 137642
1377715800 4335 137643 4488 138025
1377715500 4492 137866 5877 138025
1377715200 5848 89861 5877 90429
1377714900 1580 5243 1585 5255
1377714600 940 3538 1128 3938
1377714300 1127 3935 1128 3938
1377714000 1047 3254 1170 3787
1377713700 1169 3787 1170 3791
1377713400 1100 3791 1156 3806
1377713100 1155 3804 1156 3806
1377712800 964 3426 1328 4202
1377712500 1327 4198 1328 4202
1377712200 1135 3300 1136 3474
1377711900 1039 3474 1040 3727
1377711600 1005 3725 1215 3727
1377711300 1214 3575 1215 3576
1377711000 960 3436 1383 4765
1377710700 1382 4762 1383 4765
1377710400 1318 4086 1573 14189
1377710100 1583 14294 3124 30053
1377709800 3117 29964 3124 30053
1377709500 1149 3586 1362 4918
1377709200 1363 4925 1670 7076
1377708900 1670 7077 1799 7289
1377708600 1794 7265 1799 7289
1377708300 1085 3836 1701 7296
1377708000 1700 7312 1701 9813
1377707700 1683 9917 3259 25475
1377707400 3253 25411 3259 25475
1377707100 1701 6545 1923 14084
1377706800 1916 14013 1923 14084
1377706500 1007 3620 1667 25528
1377706200 1665 25396 1667 25528
1377705900 1510 5858 1513 5875
1377705600 1256 3599 19056 41285
1377705300 28337 49533 1411332 1278500
1377705000 1401930 1269997 1411332 1278500
1377704700 1044 3177 1157 3699
1377704400 1156 3699 1157 3812
1377704100 9327 12065 1228173 1241847
1377703800 1224086 1237727 1228173 1241847
1377703500 2299 5895 2302 5901
1377703200 1490 4326 1757 5691
1377702900 1755 5688 1757 5691
1377702600 1353 4913 1972 5750
1377702300 1966 5732 1972 5750
1377702000 1206 3102 2049 4448
1377701700 2047 4475 2049 8554
1377701400 1814 8548 1817 8554
1377701100 1490 7699 1999 7724
1377700800 1997 4072 1999 5069
1377700500 1742 5120 3320 20465
1377700200 3322 20412 3756 20465
1377699900 3756 12585 3824 20294
1377699600 3814 20237 3824 20294
1377699300 1050 3248 1786 3645
1377699000 1784 3694 1786 11037
1377698700 1616 11040 2764 12108
1377698400 2752 12048 2764 12108
1377698100 981 3168 1070 4340
1377697800 1071 4348 1290 5646
1377697500 1289 5640 1290 5646
1377697200 1288 4799 1494 10687
1377696900 1492 10663 1494 10687
1377696600 1106 3563 1392 4994
1377696300 1395 5051 1978 13672
1377696000 1978 13636 2098 13672
1377695700 2095 8319 2098 8333
1377695400 1690 6398 4411 22125
1377695100 4397 22055 4411 22125
1377694800 412 1137 475 1540
1377694500 474 1535 475 1540
1377694200 439 911 440 996
1377693900 345 995 392 996
1377693600 392 891 464 1087
1377693300 463 1085 464 1087
1377693000 372 805 446 1059
1377692700 445 1058 446 1059
1377692400 444 913 445 1019
1377692100 344 1018 423 1019
1377691800 422 877 423 994
1377691500 396 993 476 994
1377691200 475 881 476 997
1377690900 351 996 447 997
1377690600 446 910 447 963
1377690300 310 963 518 976
1377690000 517 976 518 986
1377689700 384 985 468 986
1377689400 467 868 468 1005
1377689100 344 1004 438 1005
1377688800 437 894 438 989
1377688500 335 988 395 989
1377688200 395 862 460 1044
1377687900 459 1042 460 1044
1377687600 386 836 387 1056
1377687300 359 1054 429 1056
1377687000 428 832 429 983
1377686700 350 982 419 983
1377686400 419 872 473 1051
1377686100 472 1049 473 1051
1377685800 380 859 450 1054
1377685500 449 1052 450 1054
1377685200 436 846 437 949
1377684900 326 948 424 949
1377684600 424 861 480 1102
1377684300 479 1100 480 1102
1377684000 405 894 406 969
1377683700 343 968 451 969
1377683400 450 884 451 963
1377683100 316 962 643 963
1377682800 642 942 643 1046
1377682500 386 1044 387 1046
1377682200 386 834 387 967
1377681900 334 966 446 967
1377681600 445 866 446 1016
1377681300 342 1015 469 1016
1377681000 468 931 469 1032
1377680700 385 1031 402 1032
1377680400 401 888 402 1186
1377680100 357 1183 430 1186
1377679800 429 877 430 973
1377679500 347 972 486 973
1377679200 485 919 486 996
1377678900 375 995 496 996
1377678600 495 978 496 1080
1377678300 343 1078 438 1080
1377678000 437 847 438 1007
1377677700 353 1006 480 1007
1377677400 479 869 480 1187
1377677100 391 1185 404 1187
1377676800 403 916 404 1000
1377676500 354 1000 475 1120
1377676200 474 1119 475 1120
1377675900 434 1072 435 1073
1377675600 422 843 501 1092
1377675300 500 1090 501 1092
1377675000 361 809 444 1061
1377674700 443 1059 444 1061
1377674400 437 879 450 1110
1377674100 449 1108 450 1110
1377673800 388 877 935 3093
1377673500 931 3078 935 3093
1377673200 463 898 464 1224
1377672900 423 1222 424 1224
1377672600 372 794 422 1067
1377672300 421 1065 422 1067
1377672000 353 806 529 1123
1377671700 528 1121 529 1123
1377671400 345 811 411 1036
1377671100 410 1035 411 1036
1377670800 350 745 567 1122
1377670500 566 1120 567 1122
1377670200 402 788 436 1086
1377669900 435 1084 436 1086
1377669600 335 802 416 1089
1377669300 415 1087 416 1089
1377669000 378 804 395 1027
1377668700 395 1026 420 1027
1377668400 420 810 457 1219
1377668100 457 1217 504 1219
1377667800 503 853 504 1018
1377667500 390 1017 391 1018
1377667200 381 930 406 1064
1377666900 405 1062 406 1064
1377666600 354 810 542 1126
1377666300 541 1125 542 1126
1377666000 347 1104 434 1232
1377665700 433 1229 434 1232
1377665400 355 783 497 1124
1377665100 496 1122 497 1124
1377664800 397 819 459 1121
1377664500 458 1118 459 1121
1377664200 316 761 410 1053
1377663900 409 1051 410 1053
1377663600 383 763 421 1086
1377663300 421 1084 441 1086
1377663000 441 902 456 1092
1377662700 455 1089 456 1092
1377662400 309 746 521 1167
1377662100 519 1164 521 1167
1377661800 357 835 390 1011
1377661500 389 1009 390 1011
1377661200 350 793 541 1113
1377660900 539 1110 541 1113
1377660600 336 752 408 1106
1377660300 407 1104 408 1106
1377660000 387 788 388 1008
1377659700 381 1007 469 1008
1377659400 468 924 469 1140
1377659100 453 1138 454 1140
1377658800 401 845 402 1056
1377658500 384 1055 385 1056
1377658200 372 789 395 1056
1377657900 394 1055 395 1056
1377657600 342 767 535 1129
1377657300 534 1127 535 1129
1377657000 345 816 407 1082
1377656700 406 1080 407 1082
1377656400 365 740 380 1023
1377656100 381 1022 562 1023
1377655800 560 911 562 1092
1377655500 392 1091 393 1092
1377655200 384 816 385 1024
1377654900 363 1023 452 1024
1377654600 451 972 452 973
1377654300 342 963 414 964
1377654000 414 883 442 1079
1377653700 442 1078 559 1079
1377653400 558 953 559 1018
1377653100 344 1017 455 1018
1377652800 454 891 455 988
1377652500 341 987 422 988
1377652200 423 927 623 1248
1377651900 621 1245 623 1248
1377651600 399 818 400 1005
1377651300 359 1005 547 1054
1377651000 546 1054 547 1122
1377650700 439 1121 440 1122
1377650400 402 871 495 1124
1377650100 494 1122 495 1124
1377649800 397 868 398 990
1377649500 342 989 455 990
1377649200 454 887 455 1137
1377648900 365 1135 390 1137
1377648600 391 844 600 1252
1377648300 598 1249 600 1252
1377648000 401 859 402 1078
1377647700 358 1077 459 1078
1377647400 458 1034 459 1154
1377647100 356 1152 479 1154
1377646800 478 930 479 1128
1377646500 425 1127 426 1128
1377646200 393 833 394 1260
1377645900 388 1259 444 1260
1377645600 443 1151 444 1328
1377645300 351 1327 437 1328
1377645000 437 1052 482 1353
1377644700 481 1352 482 1353
1377644400 418 1162 419 1291
1377644100 362 1290 470 1291
1377643800 469 1269 470 1561
1377643500 469 1558 503 1561
1377643200 502 1224 503 1819
1377642900 466 1814 467 1819
1377642600 439 1114 440 1331
1377642300 433 1330 433 1331
1377642000 432 1216 433 1217
1377641700 366 1202 556 1234
1377641400 558 1251 1286 6606
1377641100 1285 6596 1286 6606
1377640800 1242 8952 16251 794087
1377640500 16200 791452 16251 794087
1377640200 2192 4651 306815 310648
1377639900 309132 312604 654462 604142
1377639600 669714 600169 2942266 604142
1377639300 2922663 8264 2942266 8264
1377639000 1930 8257 1931 8264
1377638700 1779 7342 1781 9943
1377638400 1590 9926 1591 9943
1377638100 1514 7436 2706 8397
1377637800 2701 8386 2706 8397
1377637500 2045 6738 2048 6751
1377637200 1671 4830 1673 5234
1377636900 1437 5248 2703 9705
1377636600 2708 9818 4214 43864
1377636300 4194 43594 4214 43864
1377636000 1333 3516 1470 4271
1377635700 1470 4279 1567 6682
1377635400 1565 6665 1567 6682
1377635100 1410 4151 1578 5556
1377634800 1578 5547 1648 5556
1377634500 1648 4249 1718 6319
1377634200 1717 6315 1718 6319
1377633900 1626 5863 1629 7242
1377633600 1316 7220 1399 7242
1377633300 1398 3978 1399 5163
1377633000 1155 5223 1556 23251
1377632700 1556 23190 1814 23251
1377632400 1814 5168 1829 6200
1377632100 1950 6206 38172 8291
1377631800 38049 8279 38172 8291
1377631500 1494 4732 2227 7646
1377631200 2225 7647 2227 7980
1377630900 1777 8014 2114 13172
1377630600 2112 13152 2114 13172
1377630300 1858 10297 1859 10308
1377630000 1866 8783 4066 8976
1377629700 4063 8954 4066 8976
1377629400 3619 5739 3627 5746
1377629100 1270 4027 4323 47367
1377628800 4330 47210 5389 47367
1377628500 5362 23772 5389 23901
1377628200 1443 4632 1446 4637
1377627900 1126 3999 1127 4003
1377627600 1028 3075 1103 3309
1377627300 1103 3309 1164 3550
1377627000 1163 3549 1164 3550
1377626700 1124 3509 1125 3512
1377626400 1018 3201 1134 3765
1377626100 1133 3760 1134 3765
1377625800 1079 3300 1154 3414
1377624600 1881 5713 3201 10029
1377622800 3124 49402 7807 219713
1377621000 2889 13776 6845 38833
1377619200 2202 15896 26963 53181
1377617400 11880 53670 34965 102507
1377615600 1585 5198 1940 6754
1377613800 1270 7384 2655 20340
1377612000 1773 14949 2655 25280
1377610200 1803 11530 3827 37245
1377608400 1338 8136 3827 37245
1377606600 413 967 473 1113
1377604800 411 1061 479 1420
1377603000 423 998 475 1176
1377601200 396 956 489 1111
1377599400 417 962 489 1173
1377597600 400 998 512 1331
1377595800 397 947 501 1178
1377594000 406 997 506 1337
1377592200 401 984 499 1097
1377590400 405 985 482 1194
1377588600 482 1985 894 7223
1377586800 423 968 527 1118
1377585000 416 974 616 1147
1377583200 395 948 441 1060
1377581400 409 978 496 1141
1377579600 419 993 550 1251
1377577800 400 967 470 1102
1377576000 411 973 561 1225
1377574200 416 1011 474 1230
1377572400 400 1017 484 1221
1377570600 418 979 548 1081
1377568800 385 937 440 1083
1377567000 451 1021 601 1314
1377565200 411 1005 486 1244
1377563400 398 1035 519 1437
1377561600 419 1247 463 1545
1377559800 451 1367 537 1609
1377558000 410 1244 533 1489
1377556200 618 2460 1452 7007
1377554400 96906 104696 441855 463439
1377552600 2114 28298 5477 137459
1377550800 1378 6879 1779 10704
1377549000 7486 39645 17464 167138
1377547200 2283 31982 6082 165427
1377545400 64698 70123 168251 180152
1377543600 1298 5246 1646 5657
1377541800 1222 5002 1646 5869
1377540000 1102 4466 1233 4974
1377538200 1190 4555 1710 10226
1377536400 1837 8878 3298 19189
1377534600 2654 52918 6422 195728
1377532800 69092 137268 296301 304831
1377531000 41220 32290 233675 151884
1377529200 38416 69748 143967 229605
1377527400 1756 12673 3741 46841
1377525600 1322 5401 2399 8520
1377523800 3696 11063 7123 27090
1377522000 2582 11368 6967 32213
1377520200 363 751 410 795
1377518400 363 750 418 795
1377516600 364 748 416 797
1377514800 365 758 426 797
1377513000 363 743 427 792
1377511200 372 755 437 838
1377509400 367 752 456 817
1377507600 365 781 449 853
1377505800 373 802 458 873
1377504000 366 784 416 847
1377502200 381 774 502 911
1377500400 374 806 419 1125
1377498600 363 747 419 805
1377496800 369 759 465 849
1377495000 369 754 448 829
1377493200 397 832 516 1002
1377491400 366 770 500 894
1377489600 374 758 507 840
1377487800 448 779 870 876
1377486000 375 769 496 842
1377484200 353 732 422 796
1377482400 367 754 445 803
1377480600 410 815 559 969
1377478800 376 825 422 1086
1377477000 373 780 449 843
1377475200 374 771 445 829
1377473400 364 764 415 817
1377471600 375 772 467 856
1377469800 369 762 461 837
1377468000 368 760 464 853
1377466200 367 756 459 841
1377464400 382 820 447 1027
1377462600 371 768 449 953
1377460800 359 760 420 818
1377459000 396 819 495 913
1377457200 389 791 489 913
1377455400 369 761 409 1070
1377453600 377 830 428 1070
1377451800 366 754 497 837
1377450000 368 775 501 900
1377448200 371 769 498 871
1377446400 374 783 420 874
1377444600 368 763 491 869
1377442800 375 774 433 814
1377441000 355 740 414 819
1377439200 372 766 414 801
1377437400 396 806 472 921
1377435600 385 849 511 1348
1377433800 370 759 447 830
1377432000 376 784 455 809
1377430200 367 746 449 800
1377428400 373 763 428 844
1377426600 366 741 410 788
1377424800 375 817 418 1134
1377423000 368 750 481 820
1377421200 371 813 489 899
1377419400 363 771 409 864
1377417600 371 787 444 864
1377415800 384 761 460 796
1377414000 366 754 432 820
1377412200 372 765 469 809
1377410400 456 803 880 959
1377408600 366 747 441 790
1377406800 373 792 441 975
1377405000 379 795 441 837
1377403200 382 767 441 802
1377401400 369 754 458 846
1377399600 368 761 452 836
1377397800 340 733 452 846
1377396000 404 852 494 1053
1377394200 388 774 460 904
1377392400 375 763 469 805
1377390600 371 783 437 939
1377388800 374 780 460 838
1377387000 377 772 442 829
1377385200 384 797 442 849
1377383400 369 764 456 813
1377381600 377 786 414 833
1377379800 370 763 451 807
1377378000 387 824 455 1004
1377376200 371 767 443 898
1377374400 381 799 443 898
1377372600 395 781 630 1188
1377370800 401 840 630 1188
1377369000 374 775 432 808
1377367200 383 796 434 853
1377365400 380 778 434 853
1377363600 381 782 452 831
1377361800 379 836 475 1144
1377360000 381 803 422 831
1377358200 376 780 425 838
1377356400 383 812 424 894
1377354600 377 773 446 863
1377352800 377 777 428 835
1377351000 396 778 520 943
1377349200 401 871 532 1350
1377347400 368 752 500 857
1377345600 378 791 434 833
1377343800 368 756 497 883
1377342000 373 770 485 837
1377340200 369 757 421 822
1377338400 381 780 463 850
1377336600 372 747 411 821
1377334800 454 843 908 982
1377333000 369 777 456 880
1377331200 372 828 476 944
1377329400 472 1130 931 2454
1377327600 391 784 472 877
1377325800 374 781 463 908
1377324000 379 774 458 870
1377322200 365 756 435 834
1377320400 373 805 470 968
1377318600 376 781 474 887
1377316800 378 782 434 855
1377315000 375 765 456 788
1377313200 372 757 461 823
1377311400 372 760 416 810
1377309600 395 796 498 919
1377307800 392 782 509 903
1377306000 374 801 418 873
1377304200 375 839 416 963
1377302400 388 925 508 1163
1377300600 389 901 503 1163
1377298800 403 966 552 1041
1377297000 532 1337 3544 25093
1377295200 2622 16686 339767 188790
1377293400 59041 108108 339767 193252
1377291600 3257 23872 7203 111193
1377289800 284720 258565 1695726 1523465
1377288000 60765 289691 354500 1229197
1377286200 2350 38522 4009 90272
1377284400 1994 20225 3358 60060
1377282600 1213 4685 1506 9744
1377280800 1204 3750 1974 7254
1377279000 3462 9367 12383 16450
1377277200 1377 7973 2193 26704
1377275400 1578 6019 3484 74217
1377273600 2466 29785 3484 74217
1377271800 185060 49384 1790078 314657
1377270000 301526 143787 1790078 314657
1377268200 1669 6184 3792 16582
1377266400 1765 18045 2308 42096
1377264600 5385 163258 20289 804336
1377262800 1096 4418 4138 19831
1377261000 591 3173 980 13003
1377259200 485 1173 545 1223
1377257400 477 1176 532 1286
1377255600 473 1174 520 1286
1377253800 483 1169 673 1394
1377252000 521 1238 673 1541
1377250200 471 1178 547 1486
1377248400 476 1307 565 1696
1377246600 457 1204 513 1796
1377244800 477 1264 542 1796
1377243000 547 1304 919 1781
1377241200 499 1180 555 1437
1377239400 452 1138 603 1401
1377237600 483 1184 603 1339
1377235800 480 1235 529 1374
1377234000 473 1182 671 1628
1377232200 476 1178 594 1424
1377230400 468 1181 540 1384
1377228600 466 1166 499 1301
1377226800 445 1144 548 1361
1377225000 489 1206 646 1399
1377223200 501 1278 582 1443
1377221400 458 1168 568 1441
1377219600 505 1261 568 1504
1377217800 467 1234 582 1890
1377216000 483 1828 630 2073
1377214200 497 1891 586 2331
1377212400 486 1868 537 2331
1377210600 603 2029 1160 4047
1377208800 32618 54544 181053 165481
1377207000 43602 75820 250367 381952
1377205200 1954 22080 3725 104184
1377203400 2049 13183 2526 27125
1377201600 53824 94842 213623 278821
1377199800 1187 4521 1473 5747
1377198000 1312 4597 7218 90451
1377196200 14666 24128 68723 90451
1377194400 2633 13216 5468 32152
1377192600 3045 13059 4406 17038
1377190800 1440 5764 1723 8725
1377189000 1979 28809 100460 105443
1377187200 36170 59665 108063 127905
1377185400 2914 25869 3959 48328
1377183600 150317 167275 672957 736540
1377181800 1892 16877 3587 68169
1377180000 1017 5109 1149 7269
1377178200 1055 5036 1379 6838
1377176400 956 3262 1694 6193
1377174600 391 909 541 1055
1377172800 381 890 439 939
1377171000 384 885 568 1096
1377169200 374 881 472 1024
1377167400 379 879 439 937
1377165600 380 885 444 988
1377163800 364 900 455 1146
1377162000 376 937 446 1056
1377160200 383 1033 409 1511
1377158400 388 959 498 1166
1377156600 394 1202 451 1652
1377154800 418 920 611 988
1377153000 391 892 472 977
1377151200 383 1030 462 1457
1377149400 395 872 480 915
1377147600 389 939 512 1200
1377145800 408 1027 558 1300
1377144000 381 876 441 935
1377142200 432 1884 613 6836
1377140400 371 872 419 944
1377138600 445 1314 592 3061
1377136800 388 900 455 962
1377135000 389 934 500 1166
1377133200 420 941 500 1009
1377131400 412 1202 658 1751
1377129600 373 1448 499 1927
1377127800 408 1302 573 1796
1377126000 411 1453 485 1930
1377124200 403 1719 428 2246
1377122400 410 2133 499 3024
1377120600 470 1835 890 2504
1377118800 417 1914 513 3254
1377117000 438 2232 517 3100
1377115200 398 1542 436 2098
1377113400 399 1243 596 1485
1377111600 440 1526 596 2182
1377109800 492 1635 963 2777
1377108000 443 1557 699 1735
1377106200 420 1652 562 2198
1377104400 420 2071 488 3050
1377102600 488 3296 598 6916
1377100800 459 2450 553 3629
1377099000 413 1746 504 2615
1377097200 391 2149 481 2726
1377095400 398 1468 494 1638
1377093600 422 1622 498 1965
1377091800 440 1601 575 2263
1377090000 437 1506 548 2861
1377088200 402 1134 593 1814
1377086400 382 848 443 960
1377084600 406 864 491 982
1377082800 391 906 497 1151
1377081000 386 892 445 1151
1377079200 401 875 504 996
1377077400 390 840 451 861
1377075600 404 925 542 952
1377073800 407 968 559 1337
1377072000 386 889 469 955
1377070200 388 882 615 974
1377068400 431 889 615 973
1377066600 387 843 457 899
1377064800 405 872 527 926
1377063000 411 855 466 904
1377061200 398 895 466 1082
1377059400 418 885 649 1079
1377057600 399 862 457 951
1377055800 390 1042 420 1404
1377054000 429 1483 504 1857
1377052200 400 1527 491 1946
1377050400 395 1459 508 1600
1377048600 404 1613 528 1979
1377046800 406 1694 528 1999
1377045000 408 1796 450 2102
1377043200 474 1904 871 2471
1377041400 404 1624 463 2163
1377039600 385 2384 453 3108
1377037800 693 3963 2131 11397
1377036000 19333 38713 102482 125995
1377034200 2664 19462 4085 34840
1377032400 1304 5103 1501 7094
1377030600 1095 4075 1477 5616
1377028800 1004 3665 1446 4345
1377027000 2050 15963 3573 33660
1377025200 1459 5517 3207 10569
1377023400 1038 4438 1219 8840
1377021600 1250 5528 1878 11956
1377019800 1133 4081 1348 11840
1377018000 1343 9337 2015 24670
1377016200 1749 6541 3404 12635
1377014400 1585 6830 3981 80926
1377012600 2040 19128 3981 80926
1377010800 1516 8081 2538 13886
1377009000 13008 18797 68083 76446
1377007200 1751 9067 3329 16927
1377005400 2444 9983 3593 18206
1377003600 806 2488 2854 7746
1377001800 412 1040 549 1238
1377000000 410 1034 452 1224
1376998200 400 1128 438 1366
1376996400 388 1185 484 1627
1376994600 405 997 550 1182
1376992800 391 1029 461 1299
1376991000 409 1002 508 1172
1376989200 395 1091 460 1513
1376987400 419 1094 543 1300
1376985600 383 1210 553 2060
1376983800 409 1735 553 2941
1376982000 412 976 551 1207
1376980200 407 1004 593 1113
1376978400 411 1214 479 1939
1376976600 402 1008 527 1295
1376974800 400 1148 505 1842
1376973000 395 1046 502 1226
1376971200 409 1016 516 1260
1376969400 399 1124 516 1544
1376967600 405 1073 520 1282
1376965800 477 1109 1013 1995
1376964000 419 1256 542 1995
1376962200 414 1084 634 1570
1376960400 427 1121 634 1570
1376958600 385 1093 490 1367
1376956800 409 1464 490 2383
1376955000 424 1124 488 1317
1376953200 387 1485 501 2520
1376951400 428 5595 501 25219
1376949600 434 2171 568 2984
1376947800 419 2256 477 2845
1376946000 446 2301 516 4458
1376944200 490 2447 807 3511
1376942400 395 1787 534 2347
1376940600 312 1466 1131 1887
1376938800 554 1731 1131 2247
1376937000 359 1627 521 2366
1376935200 469 1652 875 2839
1376933400 309 1175 342 1434
1376931600 291 1102 312 1424
1376929800 315 1214 400 1743
1376928000 316 1242 511 1509
1376926200 300 1312 385 1814
1376924400 302 1301 358 1717
1376922600 341 1353 664 1804
1376920800 295 1262 361 1485
1376919000 318 1252 1004 1865
1376917200 443 1207 1004 2164
1376915400 292 659 347 843
1376913600 339 663 803 1919
1376911800 363 923 803 1919
1376910000 265 634 357 832
1376908200 278 650 340 769
1376906400 290 649 506 767
1376904600 299 727 401 927
1376902800 293 683 487 854
1376901000 282 703 389 925
1376899200 263 646 348 774
1376897400 290 670 467 767
1376895600 309 649 428 763
1376893800 268 665 411 826
1376892000 275 637 408 757
1376890200 283 662 335 780
1376888400 370 712 826 894
1376886600 300 688 361 797
1376884800 281 689 510 1222
1376883000 274 654 334 784
1376881200 286 646 344 851
1376879400 280 660 316 826
1376877600 287 688 374 857
1376875800 261 660 430 826
1376874000 318 697 430 864
1376872200 281 661 416 810
1376870400 285 647 446 806
1376868600 315 732 465 875
1376866800 272 634 369 736
1376865000 294 699 423 946
1376863200 272 639 332 811
1376861400 268 668 347 823
1376859600 298 685 368 894
1376857800 271 662 362 836
1376856000 280 690 352 961
1376854200 292 690 423 837
1376852400 276 634 395 845
1376850600 344 1527 610 5819
1376848800 289 642 372 736
1376847000 270 660 342 841
1376845200 297 680 465 818
1376843400 270 667 344 879
1376841600 285 651 423 791
1376839800 278 667 318 725
1376838000 283 654 388 822
1376836200 291 668 446 933
1376834400 273 727 491 877
1376832600 314 698 491 855
1376830800 364 810 593 1490
1376829000 263 644 387 831
1376827200 285 661 498 909
1376825400 266 654 327 738
1376823600 288 657 425 777
1376821800 261 653 356 894
1376820000 376 648 797 708
1376818200 270 665 356 768
1376816400 278 696 356 903
1376814600 284 685 398 824
1376812800 274 689 427 870
1376811000 269 728 433 876
1376809200 313 659 423 788
1376807400 287 659 404 880
1376805600 258 646 305 845
1376803800 275 662 297 840
1376802000 286 678 381 824
1376800200 285 687 368 829
1376798400 273 628 439 807
1376796600 279 659 344 827
1376794800 282 654 421 724
1376793000 290 663 421 825
1376791200 275 649 358 834
1376789400 289 700 428 860
1376787600 296 654 428 733
1376785800 293 674 399 842
1376784000 269 632 351 754
1376782200 292 676 403 919
1376780400 288 715 369 874
1376778600 295 676 352 819
1376776800 285 668 344 766
1376775000 295 668 367 820
1376773200 264 669 355 839
1376771400 299 696 355 875
1376769600 285 645 434 838
1376767800 272 650 366 815
1376766000 308 674 414 815
1376764200 313 756 421 1190
1376762400 277 660 393 853
1376760600 281 663 433 839
1376758800 260 625 353 859
1376757000 312 727 395 914
1376755200 293 675 452 839
1376753400 276 703 316 937
1376751600 298 720 376 970
1376749800 282 687 353 952
1376748000 362 752 734 864
1376746200 268 657 411 767
1376744400 357 826 438 1320
1376742600 281 664 366 847
1376740800 274 660 342 752
1376739000 291 685 333 866
1376737200 273 641 414 720
1376735400 285 676 431 872
1376733600 261 651 315 793
1376731800 276 671 306 787
1376730000 266 682 393 813
1376728200 298 802 389 1100
1376726400 271 668 331 790
1376724600 274 720 476 961
1376722800 290 653 476 816
1376721000 314 738 436 914
1376719200 271 642 297 730
1376717400 302 671 385 829
1376715600 278 689 338 848
1376713800 271 677 349 886
1376712000 273 645 319 795
1376710200 292 701 413 807
1376708400 273 703 379 752
1376706600 282 734 407 930
1376704800 287 668 493 743
1376703000 285 674 521 983
1376701200 293 702 403 909
1376699400 303 802 335 954
1376697600 276 858 346 1098
1376695800 282 905 348 1127
1376694000 288 920 421 1063
1376692200 305 906 421 1063
1376690400 312 1103 434 1296
1376688600 321 1187 420 1314
1376686800 324 1215 396 1473
1376685000 332 1276 413 1766
1376683200 312 1134 523 1480
1376681400 280 991 392 1214
1376679600 328 1360 740 2650
1376677800 445 1256 740 2336
1376676000 304 1081 359 1355
1376674200 319 1192 444 1563
1376672400 328 1083 477 1437
1376670600 303 1101 436 1731
1376668800 308 1113 392 1483
1376667000 277 1142 315 1672
1376665200 330 998 380 1816
1376663400 337 2239 496 7092
1376661600 286 1151 357 1608
1376659800 296 1010 408 1271
1376658000 356 1071 646 1753
1376656200 292 820 417 1226
1376654400 264 650 349 829
1376652600 295 694 438 813
1376650800 269 699 363 846
1376649000 289 688 363 778
1376647200 299 700 410 810
1376645400 302 700 459 947
1376643600 273 674 344 764
1376641800 296 707 365 845
1376640000 289 670 307 809
1376638200 270 727 337 840
1376636400 307 684 489 827
1376634600 274 690 364 819
1376632800 298 687 437 820
1376631000 276 703 377 959
1376629200 273 765 491 959
1376627400 314 753 491 855
1376625600 299 688 471 792
1376623800 276 722 426 916
1376622000 290 704 376 817
1376620200 292 747 405 969
1376618400 277 696 381 904
1376616600 295 736 420 851
1376614800 287 750 472 1012
1376613000 290 744 456 1006
1376611200 283 722 378 824
1376609400 378 853 734 1155
1376607600 302 957 421 1362
1376605800 307 1187 1058 4005
1376604000 2388 6761 4592 85540
1376602200 2030 20214 4012 85540
1376600400 1493 6305 2337 13644
1376598600 3174 10688 9156 25211
1376596800 2048 17907 2619 69448
1376595000 1148 3814 1707 4474
1376593200 1037 3467 1201 3963
1376591400 21865 31941 38504 68654
1376589600 5313 90471 16027 430742
1376587800 8302 85184 16027 430742
1376586000 1570 8474 2908 15332
1376584200 47989 95638 100113 265605
1376582400 35272 53763 109719 135036
1376580600 1912 8468 5096 19236
1376578800 6088 16176 9686 33953
1376577000 1176 5946 1722 9785
1376575200 631 3457 1216 6407
1376573400 2181 22622 3560 36856
1376571600 1131 4482 4549 13018
1376569800 63 462 108 554
1376568000 65 474 103 576
1376566200 56 880 67 3095
1376564400 59 438 67 495
1376562600 57 450 66 501
1376560800 57 436 65 495
1376559000 58 456 68 483
1376557200 57 453 70 519
1376555400 57 459 71 505
1376553600 92 606 257 1191
1376551800 990 25733 4199 149111
1376550000 266 663 295 735
1376548200 282 703 337 876
1376546400 310 706 459 856
1376544600 287 710 425 897
1376539200 316 744 814 1201
1376532000 285 724 465 936
1376524800 470 9423 3910 198642
1376517600 17117 31452 258032 337092
1376510400 44009 5134 1030818 473514
1376503200 166382 230120 2229830 2019028
1376496000 196379 203925 3556806 3583387
1376488800 1047 6358 5782 64777
1376481600 125 521 294 848
1376474400 137 541 257 754
1376467200 189 697 902 1998
1376460000 137 613 255 865
1376452800 136 629 263 915
1376445600 125 670 221 1011
1376438400 142 811 1142 5034
1376431200 4061 16118 51757 84424
1376424000 6884 14252 47841 96944
1376416800 19472 24907 212675 223725
1376409600 78897 89568 1405364 1190882
1376402400 1034 10440 3223 71214
1376395200 140 662 676 2516
1376388000 122 567 237 758
1376380800 167 764 650 2644
1376373600 134 597 273 850
1376366400 138 627 266 992
1376359200 140 670 428 906
1376352000 215 1074 1270 5328
1376344800 1700 23441 3846 125274
1376337600 1532 24025 2994 95597
1376330400 17822 27460 205664 214585
1376323200 1489 6320 3375 25641
1376316000 1127 4435 6084 24166
1376308800 260 634 452 884
1376301600 251 635 480 970
1376294400 248 613 420 778
1376287200 257 617 420 813
1376280000 257 631 376 1049
1376272800 297 699 1379 1921
1376265600 150030 141521 1288861 1068097
1376258400 260 642 358 832
1376251200 283 693 587 1603
1376244000 269 672 496 966
1376236800 278 675 547 1026
1376229600 296 700 453 1045
1376222400 254 617 335 903
1376215200 257 627 345 767
1376208000 256 638 337 1029
1376200800 291 635 918 1061
1376193600 289 672 580 987
1376186400 264 649 455 1019
1376179200 277 679 455 1098
1376172000 298 1194 630 13370
1376164800 294 698 504 1412
1376157600 290 694 430 1025
1376150400 280 672 481 899
1376143200 287 688 648 1145
1376136000 280 654 768 904
1376128800 263 638 371 876
1376121600 250 637 400 884
1376114400 265 641 447 887
1376107200 254 662 410 1138
1376100000 275 682 604 1012
1376092800 325 1090 1338 5893
1376085600 36487 41457 426240 438723
1376078400 22594 71782 367890 791804
1376071200 90096 134970 1054014 1072540
1376064000 2012 15729 5144 46191
1376056800 885 3431 2096 9442
1376049600 259 735 453 1074
1376042400 246 749 353 975
1376035200 273 755 764 1247
1376028000 273 749 454 1028
1376020800 254 756 357 1225
1376013600 266 776 626 1066
1376006400 294 972 1043 3499
1375999200 1555 7115 3268 12834
1375992000 1987 34846 4670 180582
1375984800 105494 97618 2208909 2230437
1375977600 6785 5096 134567 12789
1375970400 1570 40516 7694 418853
1375963200 249 722 379 1046
1375956000 241 694 381 933
1375948800 261 857 611 4004
1375941600 262 726 395 897
1375934400 259 816 462 2960
1375927200 241 725 338 834
1375920000 289 881 1197 5354
1375912800 7089 17819 59997 82859
1375905600 1422 10091 3172 58295
1375898400 1826 12319 3551 58543
1375891200 7013 15233 134695 148143
1375884000 1867 10849 8254 57947
1375876800 254 722 444 929
1375869600 243 737 370 1084
1375862400 270 834 861 2641
1375855200 242 747 355 941
1375848000 254 775 391 1329
1375840800 281 858 865 2435
1375833600 297 972 1194 4194
1375826400 42854 35205 642343 314919
1375819200 1459 19251 5324 190435
1375812000 5789 22697 106584 253537
1375804800 32590 63871 546098 559260
1375797600 1461 15230 6416 83141
1375790400 252 734 402 981
1375783200 240 747 425 1038
1375776000 274 807 653 1971
1375768800 280 746 788 985
1375761600 253 730 391 1007
1375754400 261 781 401 1165
1375747200 276 922 973 3043
1375740000 6728 10091 134882 146626
1375732800 1383 12578 3779 99140
1375725600 13723 22268 193181 231214
1375718400 11933 15771 193181 192913
1375711200 2514 6085 34866 57809
1375704000 242 639 328 961
1375696800 252 665 489 1233
1375689600 268 665 820 1008
1375682400 249 633 385 836
1375675200 248 653 381 991
1375668000 240 640 347 866
1375660800 262 645 473 794
1375653600 249 628 439 783
1375646400 270 934 481 6962
1375639200 255 659 423 902
1375632000 245 625 383 768
1375624800 271 657 415 803
1375617600 272 669 712 1023
1375610400 264 710 433 893
1375603200 262 701 388 987
1375596000 259 684 514 943
1375588800 264 714 411 1007
1375581600 272 695 476 890
1375574400 263 688 377 853
1375567200 268 705 407 900
1375560000 261 745 614 1726
1375552800 290 1237 613 13170
1375545600 289 707 719 1013
1375538400 269 704 390 1118
1375531200 244 690 311 1012
1375524000 250 708 450 965
1375516800 284 778 644 2023
1375509600 255 729 423 1703
1375502400 247 704 375 1120
1375495200 277 771 850 2989
1375488000 1300 4973 10053 43512
1375480800 82455 87339 661485 702422
1375473600 14894 33195 153597 307181
1375466400 1912 9824 6725 55504
1375459200 913 3712 2767 12744
1375452000 810 2586 1030 3712
1375444800 811 2339 978 2712
1375437600 814 2352 953 2605
1375430400 841 2362 1511 2987
1375423200 821 2379 950 2708
1375416000 809 2372 1002 2727
1375408800 880 2708 1141 3631
1375401600 46345 51247 574702 524413
1375394400 25880 73280 369468 1052517
1375387200 68631 74761 1593841 1588208
1375380000 1652 8635 3462 42166
1375372800 554 2386 3205 15964
1375365600 266 955 459 1647
1375358400 253 647 397 796
1375351200 252 646 447 871
1375344000 260 690 677 1530
1375336800 235 686 315 880
1375329600 247 802 404 3008
1375322400 318 824 1132 2816
1375315200 1532 17740 3720 145613
1375308000 22827 28533 249342 255811
1375300800 10469 15692 184508 215731
1375293600 21559 29485 299892 315417
1375286400 399 1781 2046 7624
1375279200 263 880 479 1538
1375272000 243 652 323 774
1375264800 246 671 393 858
1375257600 283 696 745 1079
1375250400 252 703 480 945
1375243200 237 694 328 885
1375236000 275 775 973 1511
1375228800 259 856 984 4567
1375221600 23616 54368 256071 270361
1375214400 1931 13673 5880 44891
1375207200 1553 10370 3374 115749
1375200000 33167 39122 373054 385959
1375192800 1172 13412 3527 112436
1375185600 276 848 729 2326
1375178400 264 788 508 1327
1375171200 265 797 878 1921
1375164000 239 802 338 1356
1375156800 246 787 361 1057
1375149600 251 833 466 998
1375142400 265 1002 3268 14212
1375135200 1408 5596 3268 16912
1375128000 1330 6163 4049 25708
1375120800 13112 16517 134419 150700
1375113600 7379 14328 89461 71086
1375106400 2069 41457 24060 881920
1375099200 157 524 172 680
1375092000 158 524 171 671
1375084800 155 527 168 671
1375077600 154 508 169 563
1375070400 156 513 166 548
1375063200 154 515 164 569
1375056000 155 509 164 548
1375048800 155 512 163 563
1375041600 155 511 167 583
1375034400 156 509 165 615
1375027200 159 514 183 570
1375020000 158 515 170 587
1375012800 157 511 169 567
1375005600 159 524 170 711
1374998400 158 525 167 643
1374991200 159 516 169 600
1374984000 157 512 170 564
1374976800 157 512 165 563
1374969600 162 512 173 558
1374962400 160 528 177 639
1374955200 162 519 178 558
1374948000 163 521 174 576
1374940800 161 520 181 562
1374933600 159 519 170 572
1374926400 160 523 173 568
1374919200 161 543 173 662
1374912000 162 533 175 650
1374904800 162 530 177 607
1374897600 162 543 172 639
1374890400 158 556 171 677
1374883200 158 739 171 1180
1374876000 158 1015 171 1381
1374868800 162 1214 174 1695
1374861600 156 920 171 1360
1374854400 153 892 177 1266
1374847200 157 819 166 1411
1374840000 155 612 164 888
1374832800 152 606 163 826
1374825600 155 626 165 784
1374818400 154 623 166 927
1374811200 153 607 163 658
1374804000 155 625 165 719
1374796800 160 761 173 1092
1374789600 159 789 169 1036
1374782400 157 2513 165 42611
1374775200 154 813 165 1451
1374768000 157 834 184 1232
1374760800 155 809 166 1382
1374753600 158 599 168 667
1374746400 158 608 165 810
1374739200 155 641 167 765
1374732000 154 608 166 660
1374724800 154 623 161 686
1374717600 155 624 167 683
1374710400 153 744 163 1434
1374703200 150 823 160 1244
1374696000 162 912 206 1549
1374688800 184 1256 202 2044
1374681600 185 1032 207 1612
1374674400 184 959 200 1565
1374667200 183 809 203 1196
1374660000 184 832 201 1255
1374652800 184 833 204 1194
1374645600 184 818 202 1210
1374638400 185 822 204 1194
1374631200 184 829 202 1206
1374624000 183 951 201 1585
1374616800 183 1035 202 1675
1374609600 185 1048 205 1646
1374602400 182 985 202 1603
1374595200 155 838 181 1065
1374588000 156 844 166 1291
1374580800 155 653 170 698
1374573600 155 656 163 736
1374566400 153 663 160 739
1374559200 154 669 165 749
1374552000 155 664 166 714
1374544800 160 751 169 1346
1374537600 162 804 177 1029
1374530400 163 1764 176 15770
1374523200 160 1257 170 2367
1374516000 162 1019 175 1253
1374508800 163 1044 195 1692
1374501600 159 802 178 1425
1374494400 164 514 180 589
1374487200 160 522 169 747
1374480000 162 530 173 669
1374472800 162 516 175 583
1374465600 156 509 166 569
1374458400 157 510 164 553
1374451200 157 510 171 575
1374444000 157 509 171 559
1374436800 156 509 170 572
1374429600 156 510 169 550
1374422400 156 509 178 554
1374415200 153 508 163 553
1374408000 152 505 160 554
1374400800 152 518 163 710
1374393600 153 517 163 673
1374386400 155 506 165 578
1374379200 154 507 164 581
1374372000 154 506 162 546
1374364800 158 514 170 577
1374357600 155 511 164 546
1374350400 158 514 166 564
1374343200 155 513 166 589
1374336000 155 529 188 647
1374328800 158 534 168 803
1374321600 154 511 162 559
1374314400 154 520 163 824
1374307200 157 536 167 674
1374300000 157 512 168 610
1374292800 157 524 168 576
1374285600 158 560 166 662
1374278400 156 658 164 950
1374271200 158 866 167 1119
1374264000 156 848 167 1076
1374256800 153 854 162 1026
1374249600 153 964 174 1769
1374242400 154 714 165 1151
1374235200 157 613 168 685
1374228000 163 629 172 883
1374220800 162 695 171 1257
1374213600 165 619 179 666
1374206400 160 617 170 668
1374199200 163 626 173 659
1374192000 164 776 3675 18119
1374184800 41601 46749 588186 332913
1374177600 16202 47143 323513 841268
1374170400 2259 25722 4895 104456
1374163200 113860 124340 726921 697339
1374156000 1104 4376 3884 18062
1374148800 288 829 453 1340
1374141600 276 967 356 2695
1374134400 310 963 725 4375
1374127200 285 823 410 1096
1374120000 304 844 813 1401
1374112800 288 868 453 1215
1374105600 331 1222 1372 6685
1374098400 6972 15648 103017 174817
1374091200 52442 60042 598468 605111
1374084000 88843 191501 979901 3483967
1374076800 7254 20386 130252 271229
1374069600 1202 3967 3715 18442
1374062400 249 695 403 869
1374055200 268 691 782 921
1374048000 255 711 635 1212
1374040800 262 715 684 1313
1374033600 238 684 335 784
1374026400 249 695 338 784
1374019200 269 864 4701 12613
1374012000 2962 13393 5795 32990
1374004800 2728 4327 39307 11608
1373997600 1934 4857 13840 9619
1373990400 3496 15106 40259 56432
1373983200 1488 5825 4261 26080
1373976000 932 3176 1580 13583
1373968800 898 2707 1075 3107
1373961600 902 2644 1181 3007
1373954400 889 2713 1175 3054
1373947200 891 2726 1059 3068
1373940000 887 2730 1063 3054
1373932800 918 3034 1074 4546
1373925600 27528 35154 316474 320236
1373918400 1221 4976 2345 24296
1373911200 5125 21852 79460 121525
1373904000 54290 52542 603794 577589
1373896800 1079 5081 4169 41480
1373889600 288 688 441 881
1373882400 294 685 382 919
1373875200 290 679 464 822
1373868000 296 705 613 1180
1373860800 285 688 382 901
1373853600 300 700 437 847
1373846400 346 858 510 1305
1373839200 110089 107050 2627326 2541059
1373832000 7562 8420 172525 172145
1373824800 664 980 5729 2179
1373817600 309 716 487 991
1373810400 308 720 417 961
1373803200 301 714 436 969
1373796000 301 699 462 898
1373788800 302 702 475 966
1373781600 315 733 665 1180
1373774400 308 910 665 4013
1373767200 315 783 426 1183
1373760000 374 992 6244 3274
1373752800 777 863 6244 3274
1373745600 287 666 419 2341
1373738400 301 629 426 773
1373731200 253 584 417 722
1373724000 302 614 1339 1252
1373716800 251 575 383 692
1373709600 244 564 370 662
1373702400 240 578 317 712
1373695200 268 601 706 1279
1373688000 250 569 424 672
1373680800 271 613 748 828
1373673600 299 739 1425 6460
1373666400 2618 28586 4722 134220
1373659200 81186 159158 1232912 1313828
1373652000 4172 98741 9685 182208
1373644800 52828 116100 1156962 1165458
1373637600 3011 84943 23593 1165458
1373630400 262 619 408 774
1373623200 262 634 463 1215
1373616000 370 804 2035 2429
1373608800 302 681 1558 2219
1373601600 259 619 379 905
1373594400 313 812 839 1509
1373587200 330 1092 1514 3967
1373580000 2444 28680 7733 355315
1373572800 12329 77836 260385 1473575
1373565600 5549 287480 32100 1436884
1373558400 8842 17633 169650 176869
1373551200 1449 9471 9582 137868
1373544000 175 517 190 551
1373536800 176 521 191 589
1373529600 423 11937 3340 176316
1373522400 209 565 395 664
1373515200 250 693 395 2775
1373508000 949 53054 1709 125378
1373500800 1737 122641 3459 172377
1373493600 77773 124027 1516828 1597250
1373486400 1846 28721 5327 218466
1373479200 2307 16220 6832 150709
1373472000 16887 21659 370374 395379
1373464800 1061 3087 3754 12849
1373457600 280 674 1013 1370
1373450400 270 676 600 1058
1373443200 401 805 2199 1904
1373436000 282 719 953 1371
1373428800 276 710 684 1580
1373421600 256 674 451 881
1373414400 371 1020 1439 3191
1373407200 2279 14964 223673 232540
1373400000 29089 32865 343211 349841
1373392800 27566 40029 377259 108711
1373385600 1823 12731 4137 78325
1373378400 1213 4137 3846 15694
1373371200 243 695 402 868
1373364000 242 690 432 866
1373356800 318 737 2185 1869
1373349600 299 788 1166 1988
1373342400 253 710 684 944
1373335200 234 696 429 841
1373328000 270 861 1950 7601
1373320800 3030 9009 33307 60263
1373313600 1352 5538 2748 19440
1373306400 56710 60036 1291826 1245807
1373299200 2435 11083 9642 66672
1373292000 1058 4319 5022 17825
1373284800 201 554 234 613
1373277600 200 557 229 619
1373270400 236 561 699 683
1373263200 205 556 290 635
1373256000 208 568 356 663
1373248800 204 573 235 673
1373241600 206 562 303 642
1373234400 205 563 288 619
1373227200 199 556 222 625
1373220000 211 773 449 5571
1373212800 217 575 365 722
1373205600 210 564 298 672
1373198400 236 570 674 671
1373191200 213 567 384 668
1373184000 211 568 307 649
1373176800 212 567 322 636
1373169600 218 573 319 637
1373162400 213 571 356 623
1373155200 220 572 356 679
1373148000 215 579 321 718
1373140800 200 568 217 641
1373133600 211 585 328 1010
1373126400 273 654 967 2003
1373119200 217 586 322 795
1373112000 204 579 291 630
1373104800 227 591 348 745
1373097600 209 583 310 635
1373090400 218 587 370 759
1373083200 208 577 310 634
1373076000 225 595 371 757
1373068800 217 598 337 771
1373061600 254 639 594 1178
1373054400 287 684 598 2046
1373047200 246 613 405 962
1373040000 257 614 355 719
1373032800 248 612 348 769
1373025600 245 597 334 692
1373018400 251 609 433 785
1373011200 249 598 368 775
1373004000 253 596 412 751
1372996800 258 630 433 1085
1372989600 253 609 435 748
1372982400 281 622 744 748
1372975200 259 614 537 849
1372968000 257 617 355 777
1372960800 263 883 622 6872
1372953600 254 616 408 790
1372946400 252 632 378 801
1372939200 262 627 437 811
1372932000 248 609 426 764
1372924800 341 682 2551 2429
1372917600 258 610 757 737
1372910400 274 735 496 2905
1372903200 246 626 325 775
1372896000 239 623 335 693
1372888800 294 945 2314 24386
1372881600 195498 197177 1599800 1450453
1372874400 3330 7139 24526 40160
1372867200 17355 21470 291348 299904
1372860000 2710 16142 7707 65023
1372852800 243 621 327 745
1372845600 271 632 695 749
1372838400 368 734 2786 2790
1372831200 268 637 416 821
1372824000 269 648 575 1152
1372816800 243 632 309 790
1372809600 271 779 1415 4301
1372802400 8096 6899 134225 47043
1372795200 2347 12106 10220 62038
1372788000 2251 27666 8260 188205
1372780800 3769 85932 28966 1253051
1372773600 1508 23157 7187 462268
1372766400 271 641 500 2326
1372759200 252 574 495 830
1372752000 340 623 2222 1790
1372744800 248 550 407 753
1372737600 270 596 566 1204
1372730400 246 620 413 693
1372723200 268 751 536 1056
1372716000 1808 8295 5133 48442
1372708800 1875 35686 6775 529101
1372701600 3321 96140 25482 1251838
1372694400 12970 6796 134302 20899
1372687200 2417 50186 23936 881637
1372680000 234 545 364 654
1372672800 258 577 446 999
1372665600 239 570 476 758
1372658400 241 543 327 614
1372651200 250 570 549 1110
1372644000 257 566 441 777
1372636800 267 592 507 812
1372629600 279 576 695 906
1372622400 245 561 404 652
1372615200 262 585 487 895
1372608000 255 560 397 742
1372600800 251 553 529 799
1372593600 267 581 503 825
1372586400 263 580 547 1070
1372579200 246 573 438 785
1372572000 263 574 429 784
1372564800 309 611 1019 1555
1372557600 296 612 961 1241
1372550400 263 577 480 2888
1372543200 281 702 506 2888
1372536000 250 572 578 933
1372528800 280 660 578 2167
1372521600 269 585 381 718
1372514400 271 597 488 854
1372507200 258 555 384 716
1372500000 258 579 442 830
1372492800 366 640 2328 1918
1372485600 256 573 399 725
1372478400 262 573 406 713
1372471200 252 593 346 737
1372464000 275 718 5557 18404
1372456800 5165 13663 55004 104254
1372449600 25434 32760 203470 214199
1372442400 2486 12594 5980 68423
1372435200 8604 28145 83563 242365
1372428000 3019 11155 13621 72902
1372420800 263 734 507 2177
1372413600 247 696 369 904
1372406400 364 796 2863 2851
1372399200 251 678 413 872
1372392000 246 670 418 803
1372384800 248 701 444 1008
1372377600 323 1221 5556 52333
1372370400 2373 10201 5556 52333
1372363200 1365 4256 3011 8164
1372356000 36761 46564 577697 589759
1372348800 1437 6032 2400 16148
1372341600 1035 2639 5377 8307
1372334400 249 686 464 827
1372327200 259 723 368 982
1372320000 358 791 2622 2494
1372312800 239 683 378 836
1372305600 238 824 383 2059
1372298400 236 814 308 1818
1372291200 292 943 2189 5751
1372284000 1738 4339 7718 9264
1372276800 1491 5446 3934 21014
1372269600 2164 19363 6335 57062
1372262400 8705 14695 107862 80699
1372255200 1772 6006 5225 21253
1372248000 240 634 373 754
1372240800 236 682 353 942
1372233600 295 719 1587 2083
1372226400 242 642 424 750
1372219200 260 727 751 2189
1372204800 4808 14914 369208 527296
1372118400 2813 9519 187150 365803
1372032000 262 537 691 1058
1371945600 275 575 2181 2532
1371859200 3112 15506 264489 212102
1371772800 2884 8334 159864 411199
1371686400 270 1014 2570 76752
1371600000 4495 8855 830123 332925
1371513600 3405 12506 333989 531147
1371427200 236 526 1864 3100
1371340800 234 537 666 1071
1371254400 19807 24685 3917946 3586592
1371168000 17380 22350 1986453 1994889
1371081600 37193 45312 4188204 3794780
1370995200 181 802 208 1684
1370908800 181 813 204 2105
1370822400 181 653 202 1198
1370736000 190 668 1991 15855
1370649600 1083 14246 9088 208796
1370563200 7950 13618 1019530 1003680
1370476800 9056 43450 1031942 2800376
1370390400 6667 17823 641560 723425
1370304000 18478 28479 3782851 3700638
1370217600 180 648 202 1171
1370131200 181 654 203 1151
1370044800 83 709 212 1872
1369958400 166 863 204 23134
1369872000 180 831 204 19694
1369785600 181 771 212 1687
1369699200 180 635 205 1062
1369612800 180 648 202 1069
1369526400 180 646 207 1054
1369440000 4181 136429 180195 5783633
1369353600 3780 15300 371376 607534
1369267200 10088 16912 1396085 1318069
1369180800 2501 10435 433208 250591
1369094400 4493 12254 354304 481524
1369008000 252 618 709 1162
1368921600 252 664 715 9776
1368835200 10913 15667 2853140 2716805
1368748800 5464 22064 309831 349209
1368662400 14284 36995 1391092 1372184
1368576000 1141 32817 16665 332521
1368489600 130 808 580 1909
1368403200 118 615 581 1051
1368316800 118 623 2471 82623
1368230400 6147 28320 987654 1087694
1368144000 5489 10998 987654 1087694
1368057600 2919 22785 224279 274997
1367971200 23788 21788 2081987 1536395
1367884800 29063 82855 1652936 2088384
1367798400 121 540 622 1146
1367712000 115 577 684 2080
1367625600 10027 79009 995379 1156880
1367539200 17011 21200 1782171 1726571
1367452800 6381 12736 252419 276832
1367366400 24814 29577 2463093 2471610
1367280000 2931 28409 114331 862306
1367193600 43 544 63 1073
1367107200 45 607 62 1068
1367020800 45 744 68 1642
1366934400 45 749 64 1759
1366848000 47 727 3580 108097
1366761600 2884 21160 351615 445977
1366675200 25741 25383 1523936 1535979
1366588800 120 515 590 2809
1366502400 128 528 567 1498
1366416000 4526 37749 308613 471301
1366329600 6386 16750 225524 851843
1366243200 3431 8958 425224 418668
1366156800 713 4440 8513 148017
1366070400 136 800 850 6137
1365984000 131 479 1310 2019
1365897600 132 490 693 1407
1365811200 12392 21472 1017957 1849528
1365724800 2658 15024 384726 261183
1365638400 8778 16815 1952978 1840360
1365552000 16732 21926 2206927 2001933
1365465600 310 862 1504 2663
1365379200 304 624 1416 3545
1365292800 293 654 1425 5456
1365206400 12986 21175 718063 728582
1365120000 8357 12568 503928 495733
1365033600 26893 32983 2932470 2847679
1364947200 316 1177 1493 2545
1364860800 875 5180 41051 143010
1364774400 39 489 54 970
1364688000 39 514 56 884
1364601600 65 876 254 2490
1364515200 39 936 54 1927
1364428800 39 827 6339 63933
1364342400 1522 13665 48805 219009
1364256000 7115 10265 1311399 1328818
1364169600 317 753 55975 56711
1364083200 21554 21330 5939916 2640829
1363996800 6692 11989 430224 441529
1363910400 10114 13244 839581 851509
1363824000 2323 6846 213423 245957
1363737600 12340 13436 655495 583142
1363651200 5207 18383 332232 430925
1363564800 98 647 549 2120
1363478400 105 645 3474 26642
1363392000 10447 33007 2109143 1933804
1363305600 1037 15896 48309 258289
1363219200 5544 27929 600682 314811
1363132800 7450 14851 1747165 1788932
1363046400 5759 10319 736909 751580
1362960000 302 852 55624 56259
1362873600 23480 18402 6479772 1680453
1362787200 6386 18425 563288 440193
1362700800 3872 26492 192802 678564
1362614400 31059 62193 2716805 6628841
1362528000 39116 33342 5155538 2896610
1362441600 61494 69372 4910075 5700620
1362355200 91 505 549 2046
1362268800 90 558 555 10572
1362182400 36857 65148 2882943 8317362
1362096000 8019 15595 821206 887327
1362009600 2744 7731 214730 236682
1361923200 10154 18895 843547 860994
1361836800 3656 7106 383898 221520
1361750400 95 496 804 4371
1361664000 95 595 596 15224
1361577600 103 875 516 12444
1361491200 4569 10587 163196 254925
1361404800 28013 25012 2710641 2563246
1361318400 2589 5748 158580 170217
1361232000 38 927 55 24761
1361145600 38 735 55 1644
1361059200 38 733 55 1424
1360972800 38 950 56 2509
1360886400 38 1266 58 39912
1360800000 287 9556 9820 377898
1360713600 8260 17967 808424 766102
1360627200 102 1241 576 23334
1360540800 90 924 1238 57552
1360454400 96 752 923 2885
1360368000 11698 17192 987448 893963
1360281600 4534 42120 236938 445936
1360195200 18745 34117 1283702 1150733
1360108800 4618 17304 373784 390126
1360022400 154 1359 965 23733
1359936000 136 763 731 1387
1359849600 185 1545 2850 116322
1359763200 5491 9024 404237 420706
1359676800 4585 8454 418923 429383
1359590400 13686 13732 1116216 1122484
1359504000 4498 15437 460257 526221
1359417600 24955 28067 4602561 4244428
1359331200 98 822 619 7001
1359244800 98 802 792 2415
1359158400 6879 13077 478376 444407
1359072000 2362 5824 348714 247339
1358985600 111 1202 791 18806
1358899200 1728 5159 231066 107943
1358812800 107 901 565 7390
1358726400 109 875 558 2533
1358640000 148 1060 1427 9832
1358553600 8189 13821 848381 866411
1358467200 4062 6882 626880 308078
1358380800 2168 6734 199117 296546
1358294400 5530 10185 384651 556899
1358208000 4588 8826 652720 657382
1358121600 97 727 541 1347
1358035200 102 746 1133 3416
1357948800 1377 6872 115276 248731
1357862400 7777 10938 584423 534439
1357776000 11487 12288 2301467 562109
1357689600 28549 30208 3788981 3742165
1357603200 10843 15938 1233792 828247
1357516800 39 668 53 918
1357430400 38 679 54 863
1357344000 38 839 53 1931
1357257600 38 925 53 1877
1357171200 38 819 52 3384
1357084800 38 621 52 775
1356998400 38 783 55 1456
1356912000 38 701 54 805
1356825600 38 707 54 934
1356739200 3557 6909 381590 385966
1356652800 5940 12117 795471 804743
1356566400 5669 14324 604113 615286
1356480000 38 595 51 673
1356393600 38 595 52 673
1356307200 38 596 53 664
1356220800 38 603 53 788
1356134400 17325 34511 2105399 3762818
1356048000 5370 10609 485322 509723
1355961600 100 961 667 2707
1355875200 26326 41826 2781782 3689449
1355788800 16904 25129 1655843 1501050
1355702400 98 749 838 2528
1355616000 104 772 808 1646
1355529600 8532 26432 1052727 1069177
1355443200 6994 15862 428972 515010
1355356800 37103 48807 2523468 2678386
1355270400 3655 12107 296423 311663
1355184000 17406 19499 1083826 987532
1355097600 107 980 628 1843
1355011200 9244 5285 1478642 1058818
1354924800 5904 8155 614812 606958
1354838400 147 1457 2759 17523
1354752000 18252 21877 1431436 1545231
1354665600 10335 12028 920183 943903
1354579200 62 1030 556 2305
1354492800 56 810 547 1255
1354406400 90 854 541 1671
1354320000 15778 19628 807222 784874
1354233600 5204 12835 444315 455265
1354147200 11328 15290 1812313 1734381
1354060800 15337 23199 1437434 1307991
1353974400 17378 19525 1351304 1296193
1353888000 0 315 0 749
1353801600 0 311 0 387
1353715200 0 314 0 384
1353628800 0 315 0 450
1353542400 12 506 83 1382
1353456000 46 670 83 9411
1353369600 46 544 71 1639
1353283200 203 824 2031 6715
1353196800 92 411 118 649
1353110400 11978 28021 1448195 1320545
1353024000 17743 20517 1547850 1403602
1352937600 16719 20897 1062236 1407646
1352851200 1007 3363 163554 169429
1352764800 24661 29160 4288351 3918425
1352678400 98 421 1260 1824
1352592000 1089 4275 204156 234232
1352505600 4250 9141 271682 279917
1352419200 3502 7924 308012 326098
1352332800 109 719 780 3409
1352246400 12094 19733 1871304 1815472
1352160000 8080 16044 550664 501442
1352073600 110 346 570 1001
1351987200 114 399 714 929
1351900800 2789 4858 430376 228054
1351814400 18912 26520 1427653 1376553
1351728000 3658 7007 401230 230721
1351641600 62 442 535 566
1351555200 85 509 478 4192
1351468800 97 518 697 1034
1351382400 100 526 618 1193
1351296000 6285 12319 565664 649428
1351209600 5122 9046 584909 580741
1351123200 5563 11308 281989 375512
1351036800 4805 9957 309294 320671
1350950400 3561 6851 269746 290440
1350864000 38 501 53 2431
1350777600 38 504 52 1608
1350691200 38 716 54 2595
1350604800 9250 12893 576214 629271
1350518400 91497 83056 6423519 5032727
1350432000 10470 20566 1110403 1045239
1350345600 5722 9105 695736 720253
1350259200 154 573 1292 2076
1350172800 149 649 1375 21911
1350086400 20838 27295 1806664 1686435
1350000000 7403 11580 1390699 1333333
1349913600 14828 18690 991558 935448
1349827200 35695 30205 3123435 1571607
1349740800 94 824 749 33870
1349654400 86 579 538 1344
1349568000 90 615 1674 92935
1349481600 27890 31763 2183334 2031547
1349395200 155 854 1121 3508
1349308800 2416 5849 289887 300306
1349222400 19259 24144 1056730 1070335
1349136000 8243 14480 873605 1420947
1349049600 135 491 735 1714
1348963200 140 510 745 2363
1348876800 87250 75041 5232420 4034331
1348790400 46528 58840 2106047 4482973
1348704000 143 917 676 14409
1348617600 2520 5473 187477 251611
1348531200 102463 100167 4450768 4361911
1348444800 54 468 639 2993
1348358400 75 559 827 8468
1348272000 131 1133 1430 47154
1348185600 389 1928 23150 36026
1348099200 4308 8401 368033 381299
1348012800 6486 11517 499992 463117
1347926400 37296 59806 3996815 4213930
1347840000 52 512 498 1473
1347753600 53 549 499 5578
1347667200 110565 135177 6597978 5478561
1347580800 93051 113016 5673448 5344223
1347494400 3525 7833 284838 305811
1347408000 15811 26124 1800039 1955759
1347321600 7448 12930 599660 615365
1347235200 0 426 0 556
1347148800 0 439 0 681
1347062400 0 653 0 1568
1346976000 0 702 0 5023
1346889600 0 696 0 7050
1346803200 0 710 0 5327
1346716800 0 479 0 787
1346630400 0 476 0 798
1346544000 0 472 0 785
1346457600 2027 9311 80096 173466
1346371200 14740 21652 1307050 1430268
1346284800 50934 61186 6092430 5453019
1346198400 3751 10260 216769 297768
1346112000 13291 15258 1581385 670977
1346025600 646 1446 1113 1981
1345939200 654 1495 5338 81667
1345852800 10231 19228 1545509 1570567
1345766400 3564 10455 204941 170932
1345680000 4763 11805 167274 170444
1345593600 5392 11767 260248 326636
1345507200 9173 17446 648509 784508
1345420800 582 1317 601 1720
1345334400 581 1328 598 1764
1345248000 581 1545 597 2371
1345161600 580 1600 613 2617
1345075200 581 1589 4155 13414
1344988800 10190 12002 1398018 430743
1344902400 16756 24867 821001 846288
1344816000 745 1742 1664 4735
1344729600 758 1816 1899 4285
1344643200 3437 9696 305901 348841
1344556800 6176 7218 1075024 116916
1344470400 35951 39229 3344177 3025711
1344384000 12060 17303 1177707 1595180
1344297600 581 1571 601 3558
1344211200 581 1344 598 1786
1344124800 581 1350 600 1805
1344038400 28309 26596 2186286 1871038
1343952000 2701 8050 57096 93596
1343865600 5609 11843 204518 242108
1343779200 3636 8725 314253 204600
1343692800 5844 12412 348762 371761
1343606400 139 740 913 33673
1343520000 149 675 5331 23984
1343433600 3469 10980 136034 145910
1343347200 9348 16905 582236 634247
1343260800 2512 9926 108057 611246
1343174400 66133 52390 4013474 3636671
1343088000 12786 14475 1140650 674560
1343001600 117 1072 1099 56105
1342915200 138 892 783 3161
1342828800 4314 9470 735678 403493
1342742400 2006 8783 167511 1279360
1342656000 19813 27327 2793985 2796740
1342569600 3532 7549 353774 370770
1342483200 26665 22962 3592419 901519
1342396800 0 486 0 570
1342310400 0 500 0 727
1342224000 0 734 0 1402
1342137600 0 695 0 1346
1342051200 0 670 0 1343
1341964800 0 662 0 1425
1341878400 0 636 0 1399
1341792000 0 495 0 611
1341705600 0 502 0 587
1341619200 0 589 0 1144
1341532800 0 610 0 1231
1341446400 0 493 0 593
1341360000 0 616 0 1111
1341273600 0 627 0 1338
1341187200 0 488 0 649
1341100800 0 492 0 714
1341014400 814 14132 38383 1750057
1340928000 2108 5214 229985 241049
1340841600 4332 7227 393596 500041
1340755200 3189 5999 181397 206688
1340668800 9978 14448 776782 465356
1340582400 122 752 515 2187
1340496000 535 1215 119972 120562
1340409600 4535 7721 260225 289148
1340323200 2381 5485 139594 157707
1340236800 127 1057 548 2485
1340150400 2840 4520 353082 209372
1340064000 6053 9618 371178 537215
1339977600 111 641 1052 12257
1339891200 109 617 889 4887
1339804800 2204 5003 250898 292386
1339718400 6825 12252 337628 651149
1339632000 20801 19483 2560027 690985
1339545600 7412 11865 533387 860105
1339459200 4233 6902 183130 216142
1339372800 42 699 62 1073
1339286400 42 694 59 1122
1339200000 42 894 61 2179
1339113600 42 1261 62 3124
1339027200 43 960 3127 25455
1338940800 21748 25553 2864759 2734693
1338854400 13193 17566 1786795 1829550
1338768000 130 858 650 1550
1338681600 563 1966 119922 194332
1338595200 36691 44484 1771451 1911384
1338508800 1470 4918 80815 152136
1338422400 16201 19757 1315154 785329
1338336000 6638 10373 377897 420100
1338249600 136 846 652 1414
1338163200 131 849 524 1467
1338076800 133 824 558 1410
1337990400 216985 208882 9461942 7303747
1337904000 1998 5379 166909 153154
1337817600 8979 12630 590994 411096
1337731200 2352 14639 182037 1412625
1337644800 14924 23487 1487151 2198685
1337558400 72 529 858 1822
1337472000 73 560 5408 75127
1337385600 7823 10996 919888 937801
1337299200 4204 10220 450665 473222
1337212800 5784 11791 707886 732294
1337126400 42 765 59 1643
1337040000 42 706 58 2282
1336953600 41 570 58 1002
1336867200 42 610 58 1216
1336780800 4901 11498 1019934 415271
1336694400 1333 6126 15239 70487
1336608000 5402 8124 597704 162453
1336521600 2098 8334 54728 125176
1336435200 325 2065 8498 26837
1336348800 89 693 533 8091
1336262400 87 697 521 15280
1336176000 1972 6109 73156 89492
1336089600 1418 5148 78734 115272
1336003200 43 1539 60 164373
1335916800 3267 6676 340677 162269
1335830400 30328 64022 5526719 4940061
1335744000 35 422 51 522
1335657600 35 439 51 589
1335571200 35 556 51 1112
1335484800 14985 21865 1225328 1245792
1335398400 13718 16794 761466 580845
1335312000 8269 10907 454968 410211
1335225600 6812 10539 445990 445354
1335139200 70 308 498 491
1335052800 91 392 7277 47143
1334966400 13717 19981 920528 945676
1334880000 1805 7421 43984 157826
1334793600 4486 9174 166938 206208
1334707200 10125 36928 1504979 6255903
1334620800 642 1435 1066 3168
1334534400 634 1010 1075 1285
1334448000 635 1087 1051 15300
1334361600 5061 11013 290903 297263
1334275200 6225 11392 482863 488246
1334188800 4225 6443 512346 370005
1334102400 4586 7859 393833 409171
1334016000 3637 35609 270831 4164973
1333929600 570 915 585 1008
1333843200 570 924 584 1192
1333756800 570 1490 582 4208
1333670400 571 1470 587 4694
1333584000 570 1543 1215 4570
1333497600 2342 3775 158414 208202
1333411200 5932 8759 1125642 289614
1333324800 671 1077 1076 3117
1333238400 666 1091 1118 9497
1333152000 6883 54375 382191 3689943
1333065600 6979 10324 544825 335541
1332979200 3722 6112 498330 503443
1332892800 6598 10015 590178 369499
1332806400 665 1591 1108 6373
1332720000 659 1097 1091 1395
1332633600 658 1116 1566 24991
1332547200 1724 4792 62867 95073
1332460800 3903 7302 331344 373454
1332374400 644 1422 1051 4852
1332288000 6386 10214 522651 529631
1332201600 6081 11545 283642 366704
1332115200 643 1102 1063 1502
1332028800 651 1329 1879 63176
1331942400 18253 22292 3086295 3092096
1331856000 2942 5571 226726 252318
1331769600 3234 5687 185898 186874
1331683200 4504 8552 369001 503499
1331596800 9349 12488 613203 757321
1331510400 570 1013 586 1147
1331424000 571 1024 586 1318
1331337600 571 1055 586 1887
1331251200 571 1052 586 1528
1331164800 597 1185 2579 9611
1331078400 12871 13399 572796 590552
1330992000 5159 7639 228369 233602
1330905600 609 1154 1038 10597
1330819200 609 1099 1036 1331
1330732800 609 1135 1052 1488
1330646400 1476 3842 113538 117263
1330560000 5033 7945 232251 258416
1330473600 14811 18332 2204029 2208862
1330387200 9258 11285 1501354 1508659
1330300800 636 1022 1057 1265
1330214400 637 1012 1054 1270
1330128000 6118 10251 712312 721076
1330041600 4588 7341 338559 344910
1329955200 6768 9088 804002 811775
1329868800 70368 72120 566098 571703
1329782400 671 1069 1098 2023
1329696000 669 1068 1087 1397
1329609600 668 1081 1094 1486
1329523200 8709 15032 503614 813850
1329436800 7482 10578 1099025 1101617
1329350400 12364 17599 1390971 1266091
1329264000 14696 16942 1236333 1245786
1329177600 17377 27358 741832 1306973
1329091200 694 1175 1119 1313
1329004800 729 1328 453142 242346
1328918400 5557 8131 453142 261632
1328832000 6090 7958 866581 870100
1328745600 7782 14545 912605 966282
1328659200 2182 5894 85522 124481
1328572800 561 1079 588 1922
1328486400 35 320 53 388
1328400000 35 333 54 593
1328313600 17587 13279 2265956 977065
1328227200 2005 6019 216321 224499
1328140800 7300 10495 418339 429921
1328054400 111 714 505 2169
1327968000 6439 11762 298976 347585
1327881600 23 313 39 392
1327795200 23 339 39 745
1327708800 23 575 39 1122
1327622400 23 584 40 1434
1327536000 1320 1933 202243 190002
1327449600 10362 12847 459220 523701
1327363200 1907 3783 137495 161494
1327276800 42 345 462 1835
1327190400 62 512 2554 25462
1327104000 2138 4169 183848 208764
1327017600 44013 21437 6016652 697720
1326931200 4139 13854 374056 396295
1326844800 3649 7782 331839 81816
1326758400 206 530 656 3503
1326672000 204 476 621 765
1326585600 999 54234 82169 7069864
1326499200 1896 38979 66816 2345564
1326412800 3605 7635 312758 278523
1326326400 2163 5431 136521 141287
1326240000 4327 7509 664318 671946
1326153600 6530 9437 442331 449129
1326067200 0 269 65 378
1325980800 0 318 109 597
1325894400 0 478 241 4878
1325808000 0 522 198 5043
1325721600 0 723 204 5266
1325635200 0 612 109 1432
1325548800 0 494 107 661
1325462400 0 498 109 592
1325376000 0 456 66 601
1325289600 12684 21379 1679916 2064774
1325203200 5475 32799 561767 5072138
1325116800 721 2621 44094 52720
1325030400 820 2184 49010 51047
1324944000 0 428 108 575
1324857600 0 429 67 540
1324771200 0 444 188 4871
1324684800 0 460 232 4945
1324598400 5233 7812 573772 728906
1324512000 11264 13903 1117579 1232986
1324425600 5422 8076 857034 863236
1324339200 7448 9252 487634 465894
1324252800 224 625 642 1600
1324166400 225 643 689 1157
1324080000 3005 7980 469050 202143
1323993600 2994 5516 469050 405825
1323907200 2259 5313 189409 194738
1323820800 2180 4536 95878 174090
1323734400 26269 16982 4612518 1449404
1323648000 35 445 49 494
1323561600 35 453 49 663
1323475200 35 573 49 889
1323388800 35 578 49 1083
1323302400 390 1561 85833 110759
1323216000 9116 12237 402872 484676
1323129600 9987 11813 743135 745113
1323043200 275 706 714 4456
1322956800 251 626 736 1506
1322870400 1311 6134 132892 716238
1322784000 29971 34504 4541936 1547620
1322697600 1897 41533 104945 4640931
1322611200 98 761 936 9364
1322524800 537 1911 49408 52238
1322438400 35 437 49 499
1322352000 35 437 46 517
1322265600 35 470 47 568
1322179200 35 482 49 817
1322092800 4314 9070 493169 490388
1322006400 9831 5272 1120830 120887
1321920000 81 617 692 1251
1321833600 77 489 724 993
1321747200 114 926 2442 55425
1321660800 8717 10601 1091872 1076177
1321574400 6253 14096 520040 654890
1321488000 4806 11379 314733 512195
1321401600 1836 5143 156062 166387
1321315200 3058 6398 258290 263524
1321228800 81 491 502 812
1321142400 84 502 479 1731
1321056000 4995 8757 213477 256334
1320969600 7197 11692 1368159 1372804
1320883200 8730 16107 1416510 1425427
1320796800 36281 5691 2581198 140422
1320710400 8350 7107 1462921 1455452
1320624000 78 511 519 833
1320537600 78 526 1966 76343
1320451200 17341 18812 2010058 2048031
1320364800 16234 11475 2208236 2063430
1320278400 3287 8798 267404 454872
1320192000 17254 15616 3524567 701429
1320105600 1132 4052 101429 150586
1320019200 35 494 51 590
1319932800 35 497 52 833
1319846400 35 540 51 898
1319760000 35 623 51 1315
1319673600 2288 5864 212627 272773
1319587200 3580 6466 192884 196877
1319500800 899 3275 70875 82378
1319414400 82 528 728 945
1319328000 83 533 482 1318
1319241600 1701 5802 112204 116874
1319155200 2593 5406 231737 180578
1319068800 1450 3880 107565 123028
1318982400 23199 25626 2038462 1928861
1318896000 12494 15781 2284454 2358872
1318809600 59 476 459 647
1318723200 61 482 468 808
1318636800 1470 8646 169958 977109
1318550400 2942 5539 401967 406559
1318464000 3075 5519 194279 196163
1318377600 5855 8133 818296 827494
1318291200 3023 8280 142611 893596
1318204800 75 511 466 2509
1318118400 75 511 732 1246
1318032000 80 682 663 1400
1317945600 3520 5499 376968 381944
1317859200 1034 3640 61151 82144
1317772800 9011 12275 440015 441520
1317686400 17125 17444 2294346 2300407
1317600000 75 573 473 1134
1317513600 76 576 474 1361
1317427200 1137 23018 38947 1275420
1317340800 1878 6977 369535 310818
1317254400 1387 4506 256455 263150
1317168000 2662 5239 252292 298687
1317081600 1902 3621 267871 274159
1316995200 65 520 461 771
1316908800 65 555 513 1401
1316822400 10469 21918 2146295 2264600
1316736000 3345 7649 332823 645634
1316649600 3474 6769 215250 901825
1316563200 6524 9814 451110 453712
1316476800 3473 5764 382105 407274
1316390400 64 556 460 912
1316304000 64 558 459 1272
1316217600 3607 5578 252961 285477
1316131200 1199 4597 135906 328149
1316044800 11509 16270 2465273 2549784
1315958400 2604 4816 241444 349568
1315872000 1949 3681 141936 108959
1315785600 71 552 436 818
1315699200 71 562 1036 4648
1315612800 2451 6784 460705 445452
1315526400 857 2936 133107 91002
1315440000 10253 12528 588770 471918
1315353600 1643 3826 302075 251296
1315267200 35 501 53 562
1315180800 35 491 51 738
1315094400 35 490 53 555
1315008000 35 629 50 1374
1314921600 830 3148 82032 105984
1314835200 2456 9502 272191 624089
1314748800 7700 6710 1173133 483140
1314662400 0 709 0 2570
1314576000 0 313 0 358
1314489600 0 324 0 573
1314403200 132 866 1492 7872
1314316800 1190 2567 194460 204108
1314230400 5280 7600 564552 574539
1314144000 2212 4345 154463 161933
1314057600 312 2363 6931 30701
1313971200 34 520 49 4710
1313884800 34 511 48 665
1313798400 34 730 51 2425
1313712000 35 774 49 2613
1313625600 34 756 49 1957
1313539200 876 3589 78608 96073
1313452800 9092 8586 1080138 495654
1313366400 82 568 557 1455
1313280000 80 580 480 968
1313193600 1313 6382 236310 317768
1313107200 614 4277 14372 104880
1313020800 1290 4833 131048 106055
1312934400 913 3461 132965 319812
1312848000 2887 6290 217470 230958
1312761600 76 570 613 2505
1312675200 80 584 352 1406
1312588800 5665 9026 980685 838670
1312502400 3302 6046 427623 346275
1312416000 3014 6553 473431 481859
1312329600 4021 7476 262147 267249
1312243200 2689 5967 448683 663764
1312156800 77 542 437 1341
1312070400 90 655 651 7908
1311984000 88 755 746 2929
1311897600 2727 5424 427480 434154
1311811200 5118 6757 746485 608323
1311724800 10255 14885 2125964 2114514
1311638400 1014 2131 133217 63609
1311552000 88 630 452 1113
1311465600 84 608 459 1159
1311379200 3708 6121 292350 292976
1311292800 6102 7372 676357 311493
1311206400 2016 3708 475573 252311
1311120000 6198 12120 445627 450650
1311033600 3339 5444 419692 432213
1310947200 75 566 469 836
1310860800 75 577 624 937
1310774400 2590 11758 294315 1408893
1310688000 8161 10281 689979 700917
1310601600 726 3945 50379 276383
1310515200 35 682 50 1966
1310428800 35 645 49 1547
1310342400 35 476 49 525
1310256000 35 487 50 656
1310169600 35 624 49 1740
1310083200 6873 15215 1379909 1556620
1309996800 4741 7924 359179 364185
1309910400 8139 12988 591329 614647
1309824000 85 535 502 1496
1309737600 84 533 460 1280
1309651200 86 555 527 2058
1309564800 4838 7976 479433 482930
1309478400 3613 4870 479748 256006
1309392000 7855 10658 1522469 1526805
1309305600 36244 37122 3904227 3722600
1309219200 2556 12422 270091 1137919
1309132800 126 595 594 2463
1309046400 125 590 509 1275
