1377805801 759526389 4122294432
1377805801 0 826 0 826
1377805502 0 751 0 751
1377805500 0 751 0 871
1377805200 0 870 0 871
1377804900 0 801 0 802
1377804600 0 694 0 935
1377804300 0 934 0 935
1377804000 0 795 0 796
1377803700 0 755 0 898
1377803400 0 897 0 898
1377803100 0 848 0 849
1377802800 0 700 0 972
1377802500 0 971 0 972
1377802200 0 816 0 817
1377801900 0 708 0 886
1377801600 0 885 0 886
1377801300 0 830 0 831
1377801000 0 794 0 817
1377800700 0 816 0 817
1377800400 0 789 0 840
1377800100 0 839 0 840
1377799800 0 729 0 1460
1377799500 0 1457 0 1460
1377799200 0 799 0 800
1377798900 0 673 0 753
1377798600 0 753 0 776
1377798300 0 775 0 776
1377798000 0 651 0 673
1377797700 0 673 0 748
1377797400 0 747 0 748
1377797100 0 667 0 729
1377796800 0 728 0 729
1377796500 0 657 0 674
1377796200 0 674 0 745
1377795900 0 744 0 745
1377795600 0 645 0 693
1377795300 0 693 0 723
1377795000 0 722 0 723
1377794700 0 694 0 695
1377794400 0 671 0 725
1377794100 0 724 0 725
1377793800 0 678 0 754
1377793500 0 754 0 763
1377793200 0 762 0 763
1377792900 0 704 0 705
1377792600 0 701 0 939
1377792300 0 938 0 939
1377792000 0 744 0 771
1377791700 0 770 0 771
1377791400 0 721 0 820
1377791100 0 820 0 882
1377790800 0 881 0 882
1377790500 0 790 0 791
1377790200 0 770 0 916
1377789900 0 915 0 916
1377789600 0 616 0 791
1377789300 0 791 0 855
1377789000 0 854 0 855
1377788700 0 743 0 841
1377788400 0 843 0 1228
1377788100 0 1226 0 1228
1377787800 0 639 0 743
1377787500 0 743 0 794
1377787200 0 792 0 794
1377786900 0 603 0 729
1377786600 0 729 0 826
1377786300 0 824 0 826
1377786000 0 591 0 808
1377785700 0 807 0 808
1377785400 0 760 0 1016
1377785100 0 1017 0 1214
1377784800 0 1211 0 1214
1377784500 0 824 0 969
1377784200 0 969 0 1055
1377783900 0 1053 0 1055
1377783600 0 724 0 730
1377783300 0 730 0 774
1377783000 0 774 0 917
1377782700 0 914 0 917
1377782400 0 505 0 565
1377782100 0 565 0 567
1377781800 0 568 0 767
1377781500 0 764 0 767
1377781200 0 379 0 388
1377780900 0 388 0 401
1377780600 0 400 0 401
1377780300 0 384 0 490
1377780000 0 489 0 490
1377779700 0 394 0 395
1377779400 0 373 0 388
1377779100 0 387 0 388
1377778800 0 376 0 397
1377778500 0 396 0 397
1377778200 0 381 0 382
1377777900 0 352 0 378
1377777600 0 378 0 382
1377777300 0 383 0 711
1377777000 0 710 0 711
1377776700 0 504 0 505
1377776400 0 353 0 368
1377776100 0 367 0 368
1377775800 0 340 0 375
1377775500 0 374 0 375
1377775200 0 356 0 357
1377774900 0 343 0 357
1377774600 0 357 0 364
1377774300 0 363 0 364
1377774000 0 354 0 379
1377773700 0 378 0 379
1377773400 0 361 0 362
1377773100 0 346 0 347
1377772800 0 339 0 378
1377772500 0 377 0 378
1377772200 0 328 0 345
1377771900 0 345 0 374
1377771600 0 373 0 374
1377771300 0 360 0 361
1377771000 0 342 0 352
1377770700 0 352 0 388
1377770400 0 387 0 388
1377770100 0 368 0 369
1377769800 0 341 0 361
1377769500 0 360 0 361
1377769200 0 350 0 352
1377768900 0 351 0 352
1377768600 0 346 0 377
1377768300 0 376 0 377
1377768000 0 353 0 354
1377767700 0 348 0 363
1377767400 0 362 0 363
1377767100 0 357 0 371
1377766800 0 371 0 377
1377766500 0 376 0 377
1377766200 0 356 0 357
1377765900 0 347 0 372
1377765600 0 371 0 372
1377765300 0 359 0 360
1377765000 0 334 0 364
1377764700 0 364 0 390
1377764400 0 389 0 390
1377764100 0 347 0 356
1377763800 0 355 0 356
1377763500 0 355 0 371
1377763200 0 370 0 371
1377762900 0 340 0 374
1377762600 0 373 0 374
1377762300 0 360 0 361
1377762000 0 357 0 364
1377761700 0 364 0 364
1377761400 0 364 0 372
1377761100 0 371 0 372
1377760800 0 360 0 361
1377760500 0 356 0 358
1377760200 0 357 0 358
1377759900 0 354 0 359
1377759600 0 359 0 368
1377759300 0 367 0 368
1377759000 0 353 0 355
1377758700 0 355 0 355
1377758400 0 355 0 363
1377758100 0 362 0 363
1377757800 0 321 0 344
1377757500 0 343 0 344
1377757200 0 339 0 340
1377756900 0 312 0 335
1377756600 0 335 0 341
1377756300 0 340 0 341
1377756000 0 339 0 340
1377755700 0 338 0 361
1377755400 0 360 0 361
1377755100 0 332 0 333
1377754800 0 331 0 369
1377754500 0 368 0 369
1377754200 0 354 0 358
1377753900 0 358 0 358
1377753600 0 358 0 358
1377753300 0 357 0 358
1377753000 0 329 0 330
1377752700 0 329 0 361
1377752400 0 360 0 361
1377752100 0 356 0 357
1377751800 0 333 0 454
1377751500 0 454 0 572
1377751200 0 571 0 572
1377750900 0 350 0 351
1377750600 0 321 0 361
1377750300 0 360 0 361
1377750000 0 339 0 340
1377749700 0 329 0 364
1377749400 0 363 0 364
1377749100 0 336 0 345
1377748800 0 345 0 362
1377748500 0 362 0 369
1377748200 0 368 0 369
1377747900 0 352 0 353
1377747600 0 350 0 380
1377747300 0 379 0 380
1377747000 0 346 0 347
1377746700 0 332 0 392
1377746400 0 391 0 392
1377746100 0 366 0 367
1377745800 0 359 0 360
1377745500 0 346 0 367
1377745200 0 366 0 367
1377744900 0 349 0 357
1377744600 0 357 0 357
1377744300 0 356 0 357
1377744000 0 355 0 356
1377743700 0 348 0 365
1377743400 0 364 0 365
1377743100 0 361 0 363
1377742800 0 362 0 363
1377742500 0 353 0 362
1377742200 0 361 0 362
1377741900 0 359 0 360
1377741600 0 357 0 357
1377741300 0 356 0 357
1377741000 0 348 0 349
1377740700 0 348 0 363
1377740400 0 362 0 363
1377740100 0 347 0 351
1377739800 0 350 0 351
1377739500 0 346 0 386
1377739200 0 385 0 386
1377738900 0 345 0 354
1377738600 0 354 0 377
1377738300 0 376 0 377
1377738000 0 345 0 346
1377737700 0 334 0 356
1377737400 0 356 0 362
1377737100 0 361 0 362
1377736800 0 353 0 354
1377736500 0 345 0 372
1377736200 0 371 0 372
1377735900 0 336 0 366
1377735600 0 365 0 366
1377735300 0 361 0 366
1377735000 0 365 0 366
1377734700 0 336 0 361
1377734400 0 361 0 361
1377734100 0 360 0 361
1377733800 0 351 0 355
1377733500 0 354 0 355
1377733200 0 346 0 363
1377732900 0 362 0 363
1377732600 0 321 0 368
1377732300 0 367 0 368
1377732000 0 366 0 367
1377731700 0 354 0 355
1377731400 0 342 0 380
1377731100 0 379 0 380
1377730800 0 338 0 418
1377730500 0 418 0 461
1377730200 0 461 0 504
1377729900 0 504 0 762
1377729600 0 761 0 762
1377729300 0 548 0 666
1377729000 0 666 0 708
1377728700 0 707 0 708
1377728400 0 551 0 776
1377728100 0 775 0 776
1377727800 0 759 0 760
1377727500 0 643 0 819
1377727200 0 818 0 819
1377726900 0 762 0 763
1377726600 0 665 0 868
1377726300 0 867 0 868
1377726000 0 764 0 765
1377725700 0 686 0 810
1377725400 0 809 0 810
1377725100 0 794 0 795
1377724800 0 725 0 1054
1377724500 0 1052 0 1054
1377724200 0 765 0 815
1377723900 0 815 0 830
1377723600 0 829 0 830
1377723300 0 749 0 786
1377723000 0 786 0 937
1377722700 0 936 0 937
1377722400 0 806 0 918
1377722100 0 917 0 918
1377721800 0 872 0 873
1377721500 0 857 0 859
1377721200 0 611 0 837
1377720900 0 836 0 837
1377720600 0 782 0 783
1377720300 0 684 0 825
1377720000 0 825 0 867
1377719700 0 866 0 867
1377719400 0 690 0 818
1377719100 0 818 0 832
1377718800 0 831 0 832
1377718500 0 710 0 711
1377718200 0 684 0 933
1377717900 0 932 0 933
1377717600 0 767 0 934
1377717300 0 933 0 934
1377717000 0 830 0 863
1377716700 0 862 0 863
1377716400 0 724 0 843
1377716100 0 843 0 989
1377715800 0 986 0 989
1377715500 0 682 0 824
1377715200 0 823 0 824
1377714900 0 769 0 771
1377714600 0 609 0 857
1377714300 0 856 0 857
1377714000 0 803 0 804
1377713700 0 650 0 838
1377713400 0 838 0 861
1377713100 0 865 0 1577
1377712800 0 1574 0 1577
1377712500 0 844 0 845
1377712200 0 793 0 794
1377711900 0 746 0 989
1377711600 0 987 0 989
1377711300 0 837 0 838
1377711000 0 645 0 889
1377710700 0 888 0 889
1377710400 0 730 0 731
1377710100 0 682 0 998
1377709800 0 997 0 998
1377709500 0 853 0 854
1377709200 0 600 0 989
1377708900 0 989 0 1157
1377708600 0 1155 0 1157
1377708300 0 909 0 936
1377708000 0 936 0 1046
1377707700 0 1043 0 1046
1377707400 0 669 0 801
1377707100 0 801 0 843
1377706800 0 842 0 843
1377706500 0 759 0 760
1377706200 0 661 0 1027
1377705900 0 1025 0 1027
1377705600 0 755 0 756
1377705300 0 676 0 857
1377705000 0 856 0 857
1377704700 0 843 0 845
1377704400 0 617 0 1002
1377704100 0 1000 0 1002
1377703800 0 839 0 840
1377703500 0 740 0 906
1377703200 0 905 0 906
1377702900 0 809 0 987
1377702600 0 986 0 987
1377702300 0 885 0 886
1377702000 0 800 0 802
1377701700 0 561 0 776
1377701400 0 775 0 776
1377701100 0 687 0 688
1377700800 0 636 0 763
1377700500 0 762 0 763
1377700200 0 676 0 774
1377699900 0 774 0 800
1377699600 0 799 0 800
1377699300 0 698 0 773
1377699000 0 773 0 1061
1377698700 0 1060 0 1061
1377698400 0 837 0 838
1377698100 0 707 0 833
1377697800 0 834 0 1077
1377697500 0 1074 0 1077
1377697200 0 631 0 721
1377696900 0 721 0 848
1377696600 0 847 0 848
1377696300 0 641 0 708
1377696000 0 707 0 708
1377695700 0 694 0 1051
1377695400 0 1049 0 1051
1377695100 0 581 0 582
1377694800 0 389 0 390
1377694500 0 387 0 388
1377694200 0 380 0 473
1377693900 0 473 0 484
1377693600 0 483 0 484
1377693300 0 422 0 423
1377693000 0 366 0 383
1377692700 0 383 0 534
1377692400 0 533 0 534
1377692100 0 385 0 386
1377691800 0 376 0 377
1377691500 0 359 0 360
1377691200 0 356 0 481
1377690900 0 482 0 699
1377690600 0 696 0 699
1377690300 0 337 0 371
1377690000 0 370 0 371
1377689700 0 352 0 353
1377689400 0 347 0 373
1377689100 0 372 0 373
1377688800 0 360 0 364
1377688500 0 363 0 364
1377688200 0 338 0 347
1377687900 0 347 0 364
1377687600 0 363 0 364
1377687300 0 342 0 367
1377687000 0 366 0 367
1377686700 0 355 0 356
1377686400 0 355 0 356
1377686100 0 344 0 355
1377685800 0 354 0 355
1377685500 0 352 0 353
1377685200 0 344 0 360
1377684900 0 359 0 360
1377684600 0 342 0 343
1377684300 0 330 0 352
1377684000 0 352 0 368
1377683700 0 367 0 368
1377683400 0 349 0 350
1377683100 0 336 0 368
1377682800 0 367 0 368
1377682500 0 342 0 343
1377682200 0 343 0 357
1377681900 0 356 0 357
1377681600 0 346 0 358
1377681300 0 357 0 358
1377681000 0 339 0 359
1377680700 0 359 0 362
1377680400 0 361 0 362
1377680100 0 339 0 353
1377679800 0 352 0 353
1377679500 0 344 0 353
1377679200 0 352 0 353
1377678900 0 348 0 349
1377678600 0 349 0 351
1377678300 0 351 0 365
1377678000 0 365 0 368
1377677700 0 367 0 368
1377677400 0 345 0 362
1377677100 0 362 0 369
1377676800 0 368 0 369
1377676500 0 347 0 348
1377676200 0 345 0 370
1377675900 0 370 0 370
1377675600 0 369 0 370
1377675300 0 368 0 369
1377675000 0 338 0 378
1377674700 0 377 0 378
1377674400 0 354 0 355
1377674100 0 341 0 344
1377673800 0 344 0 357
1377673500 0 356 0 357
1377673200 0 341 0 342
1377672900 0 342 0 344
1377672600 0 344 0 346
1377672300 0 345 0 346
1377672000 0 337 0 349
1377671700 0 348 0 349
1377671400 0 322 0 334
1377671100 0 334 0 351
1377670800 0 350 0 351
1377670500 0 344 0 345
1377670200 0 333 0 334
1377669900 0 328 0 377
1377669600 0 376 0 377
1377669300 0 333 0 334
1377669000 0 329 0 341
1377668700 0 341 0 349
1377668400 0 348 0 349
1377668100 0 334 0 335
1377667800 0 330 0 351
1377667500 0 350 0 351
1377667200 0 343 0 344
1377666900 0 337 0 351
1377666600 0 350 0 351
1377666300 0 319 0 341
1377666000 0 341 0 346
1377665700 0 346 0 346
1377665400 0 345 0 346
1377665100 0 323 0 350
1377664800 0 350 0 352
1377664500 0 351 0 352
1377664200 0 333 0 335
1377663900 0 335 0 366
1377663600 0 365 0 366
1377663300 0 342 0 348
1377663000 0 347 0 348
1377662700 0 346 0 347
1377662400 0 345 0 346
1377662100 0 330 0 351
1377661800 0 350 0 351
1377661500 0 342 0 343
1377661200 0 326 0 335
1377660900 0 334 0 335
1377660600 0 333 0 346
1377660300 0 345 0 346
1377660000 0 343 0 361
1377659700 0 360 0 361
1377659400 0 345 0 346
1377659100 0 334 0 352
1377658800 0 351 0 352
1377658500 0 330 0 341
1377658200 0 341 0 347
1377657900 0 347 0 364
1377657600 0 363 0 364
1377657300 0 347 0 348
1377657000 0 339 0 370
1377656700 0 369 0 370
1377656400 0 352 0 353
1377656100 0 330 0 348
1377655800 0 348 0 362
1377655500 0 362 0 363
1377655200 0 362 0 363
1377654900 0 338 0 364
1377654600 0 363 0 364
1377654300 0 346 0 371
1377654000 0 370 0 371
1377653700 0 364 0 365
1377653400 0 352 0 352
1377653100 0 352 0 372
1377652800 0 371 0 372
1377652500 0 364 0 369
1377652200 0 368 0 369
1377651900 0 345 0 392
1377651600 0 391 0 392
1377651300 0 364 0 365
1377651000 0 348 0 362
1377650700 0 362 0 365
1377650400 0 364 0 365
1377650100 0 362 0 363
1377649800 0 336 0 360
1377649500 0 360 0 370
1377649200 0 369 0 370
1377648900 0 352 0 369
1377648600 0 368 0 369
1377648300 0 367 0 368
1377648000 0 367 0 368
1377647700 0 347 0 375
1377647400 0 374 0 375
1377647100 0 361 0 362
1377646800 0 360 0 387
1377646500 0 386 0 387
1377646200 0 359 0 360
1377645900 0 341 0 378
1377645600 0 377 0 378
1377645300 0 341 0 346
1377645000 0 346 0 439
1377644700 0 439 0 494
1377644400 0 493 0 494
1377644100 0 480 0 481
1377643800 0 448 0 453
1377643500 0 453 0 458
1377643200 0 458 0 525
1377642900 0 525 0 540
1377642600 0 539 0 540
1377642300 0 528 0 529
1377642000 0 488 0 582
1377641700 0 582 0 598
1377641400 0 598 0 636
1377641100 0 636 0 648
1377640800 0 648 0 737
1377640500 0 737 0 865
1377640200 0 864 0 865
1377639900 0 658 0 795
1377639600 0 794 0 795
1377639300 0 771 0 772
1377639000 0 743 0 744
1377638700 0 708 0 950
1377638400 0 949 0 950
1377638100 0 833 0 834
1377637800 0 801 0 805
1377637500 0 805 0 812
1377637200 0 812 0 948
1377636900 0 947 0 948
1377636600 0 868 0 869
1377636300 0 729 0 1053
1377636000 0 1053 0 1061
1377635700 0 1060 0 1061
1377635400 0 815 0 816
1377635100 0 780 0 822
1377634800 0 821 0 822
1377634500 0 728 0 968
1377634200 0 968 0 977
1377633900 0 975 0 977
1377633600 0 684 0 743
1377633300 0 743 0 827
1377633000 0 826 0 827
1377632700 0 649 0 724
1377632400 0 724 0 855
1377632100 0 854 0 855
1377631800 0 686 0 695
1377631500 0 695 0 798
1377631200 0 797 0 798
1377630900 0 713 0 789
1377630600 0 789 0 819
1377630300 0 819 0 987
1377630000 0 985 0 987
1377629700 0 605 0 970
1377629400 0 969 0 970
1377629100 0 736 0 738
1377628800 0 581 0 669
1377628500 0 668 0 669
1377628200 0 615 0 616
1377627900 0 605 0 702
1377627600 0 701 0 702
1377627300 0 680 0 695
1377627000 0 695 0 714
1377626700 0 713 0 714
1377626400 0 669 0 670
1377626100 0 669 0 903
1377625800 0 928 0 1196
1377624600 0 1005 0 1931
1377622800 0 843 0 995
1377621000 0 665 0 840
1377619200 0 729 0 840
1377617400 0 704 0 1033
1377615600 0 576 0 623
1377613800 0 588 0 1082
1377612000 0 806 0 1082
1377610200 0 527 0 644
1377608400 0 438 0 607
1377606600 0 463 0 823
1377604800 0 434 0 823
1377603000 0 364 0 391
1377601200 0 363 0 398
1377599400 0 355 0 382
1377597600 0 354 0 360
1377595800 0 358 0 372
1377594000 0 355 0 372
1377592200 0 359 0 374
1377590400 0 352 0 372
1377588600 0 346 0 368
1377586800 0 337 0 370
1377585000 0 343 0 391
1377583200 0 355 0 382
1377581400 0 360 0 387
1377579600 0 350 0 365
1377577800 0 359 0 385
1377576000 0 354 0 377
1377574200 0 363 0 387
1377572400 0 364 0 381
1377570600 0 356 0 377
1377568800 0 365 0 377
1377567000 0 366 0 386
1377565200 0 362 0 391
1377563400 0 369 0 398
1377561600 0 432 0 507
1377559800 0 459 0 476
1377558000 0 529 0 779
1377556200 0 654 0 879
1377554400 0 781 0 938
1377552600 0 811 0 907
1377550800 0 826 0 907
1377549000 0 841 0 968
1377547200 0 935 0 1133
1377545400 0 806 0 1005
1377543600 0 886 0 1264
1377541800 0 824 0 945
1377540000 0 889 0 1037
1377538200 0 696 0 779
1377536400 0 689 0 792
1377534600 0 819 0 1449
1377532800 0 739 0 903
1377531000 0 797 0 903
1377529200 0 741 0 950
1377527400 0 846 0 1097
1377525600 0 832 0 1210
1377523800 0 645 0 836
1377522000 0 521 0 784
1377520200 0 453 0 638
1377518400 0 487 0 638
1377516600 0 447 0 478
1377514800 0 442 0 484
1377513000 0 438 0 483
1377511200 0 440 0 484
1377509400 0 434 0 450
1377507600 0 425 0 486
1377505800 0 422 0 453
1377504000 0 429 0 475
1377502200 0 440 0 466
1377500400 0 445 0 497
1377498600 0 437 0 480
1377496800 0 443 0 474
1377495000 0 439 0 490
1377493200 0 428 0 454
1377491400 0 440 0 492
1377489600 0 444 0 481
1377487800 0 436 0 499
1377486000 0 436 0 473
1377484200 0 432 0 484
1377482400 0 436 0 479
1377480600 0 431 0 481
1377478800 0 432 0 469
1377477000 0 432 0 492
1377475200 0 437 0 470
1377473400 0 427 0 468
1377471600 0 433 0 487
1377469800 0 428 0 458
1377468000 0 428 0 476
1377466200 0 431 0 465
1377464400 0 443 0 482
1377462600 0 432 0 495
1377460800 0 443 0 471
1377459000 0 439 0 498
1377457200 0 438 0 472
1377455400 0 431 0 482
1377453600 0 431 0 453
1377451800 0 431 0 486
1377450000 0 437 0 481
1377448200 0 431 0 489
1377446400 0 437 0 476
1377444600 0 431 0 479
1377442800 0 446 0 473
1377441000 0 441 0 477
1377439200 0 437 0 488
1377437400 0 437 0 462
1377435600 0 435 0 466
1377433800 0 440 0 471
1377432000 0 436 0 491
1377430200 0 433 0 471
1377428400 0 435 0 481
1377426600 0 434 0 486
1377424800 0 431 0 485
1377423000 0 435 0 475
1377421200 0 434 0 468
1377419400 0 433 0 484
1377417600 0 430 0 470
1377415800 0 437 0 470
1377414000 0 442 0 484
1377412200 0 434 0 476
1377410400 0 439 0 476
1377408600 0 453 0 483
1377406800 0 436 0 483
1377405000 0 444 0 478
1377403200 0 433 0 473
1377401400 0 434 0 466
1377399600 0 437 0 475
1377397800 0 443 0 483
1377396000 0 437 0 472
1377394200 0 445 0 490
1377392400 0 424 0 479
1377390600 0 433 0 489
1377388800 0 434 0 484
1377387000 0 433 0 475
1377385200 0 418 0 470
1377383400 0 419 0 467
1377381600 0 419 0 455
1377379800 0 423 0 460
1377378000 0 418 0 452
1377376200 0 439 0 493
1377374400 0 450 0 488
1377372600 0 443 0 472
1377370800 0 443 0 485
1377369000 0 437 0 470
1377367200 0 432 0 473
1377365400 0 435 0 461
1377363600 0 432 0 480
1377361800 0 433 0 474
1377360000 0 431 0 466
1377358200 0 440 0 491
1377356400 0 437 0 469
1377354600 0 443 0 483
1377352800 0 442 0 461
1377351000 0 434 0 492
1377349200 0 439 0 466
1377347400 0 438 0 489
1377345600 0 434 0 465
1377343800 0 440 0 496
1377342000 0 442 0 464
1377340200 0 432 0 463
1377338400 0 443 0 475
1377336600 0 431 0 462
1377334800 0 434 0 466
1377333000 0 430 0 459
1377331200 0 434 0 473
1377329400 0 443 0 488
1377327600 0 446 0 482
1377325800 0 441 0 493
1377324000 0 444 0 485
1377322200 0 440 0 487
1377320400 0 443 0 491
1377318600 0 441 0 481
1377316800 0 433 0 465
1377315000 0 433 0 475
1377313200 0 434 0 468
1377311400 0 428 0 468
1377309600 0 434 0 462
1377307800 0 444 0 460
1377306000 0 429 0 461
1377304200 0 437 0 466
1377302400 0 457 0 489
1377300600 0 495 0 551
1377298800 0 536 0 959
1377297000 0 825 0 959
1377295200 0 949 0 1132
1377293400 55 1059 337 1464
1377291600 820 2001 3409 5121
1377289800 164 1182 238 1584
1377288000 86 995 363 1556
1377286200 800 2996 4756 5977
1377284400 912 1951 4756 5486
1377282600 393 1319 1502 2067
1377280800 599 2010 1838 4994
1377279000 573 2210 1453 5321
1377277200 186 1151 416 1711
1377275400 175 1129 370 1778
1377273600 263 1134 577 1689
1377271800 632 2087 2208 5057
1377270000 287 1475 579 1963
1377268200 449 3439 906 9993
1377266400 607 3449 1375 8173
1377264600 1304 2662 6378 9753
1377262800 0 500 0 701
1377261000 0 523 0 701
1377259200 0 462 0 507
1377257400 0 465 0 512
1377255600 0 461 0 507
1377253800 0 460 0 500
1377252000 0 459 0 498
1377250200 0 473 0 494
1377248400 0 468 0 519
1377246600 0 463 0 506
1377244800 0 472 0 517
1377243000 0 470 0 509
1377241200 0 481 0 509
1377239400 0 479 0 505
1377237600 0 479 0 508
1377235800 0 482 0 522
1377234000 0 466 0 969
1377232200 0 555 0 969
1377230400 0 473 0 500
1377228600 0 461 0 494
1377226800 0 466 0 495
1377225000 0 460 0 496
1377223200 0 460 0 490
1377221400 0 464 0 517
1377219600 0 475 0 520
1377217800 0 498 0 552
1377216000 0 480 0 546
1377214200 0 551 0 594
1377212400 0 736 0 1285
1377210600 0 1222 0 1383
1377208800 0 1377 175 1559
1377207000 761 3286 3258 8706
1377205200 163 1342 373 2083
1377203400 340 1575 1322 2083
1377201600 193 1490 335 1742
1377199800 154 1505 407 1789
1377198000 126 1553 241 1792
1377196200 103 1465 189 1899
1377194400 149 2655 423 9223
1377192600 173 1327 431 2364
1377190800 289 1719 895 4030
1377189000 129 1151 598 1519
1377187200 254 1212 1873 2291
1377185400 406 1352 1873 2291
1377183600 718 1870 2596 4201
1377181800 182 1503 1482 5750
1377180000 575 2808 1482 5750
1377178200 1002 3396 4268 40112
1377176400 456 7120 2747 40112
1377174600 0 532 0 619
1377172800 0 490 0 619
1377171000 0 474 0 515
1377169200 0 471 0 506
1377167400 0 470 0 508
1377165600 0 478 0 500
1377163800 0 472 0 514
1377162000 0 482 0 529
1377160200 0 481 0 519
1377158400 0 482 0 514
1377156600 0 471 0 508
1377154800 0 473 0 509
1377153000 0 468 0 507
1377151200 0 468 0 526
1377149400 0 480 0 526
1377147600 0 541 0 907
1377145800 0 491 0 535
1377144000 0 483 0 520
1377142200 0 486 0 524
1377140400 0 479 0 520
1377138600 0 476 0 556
1377136800 0 510 0 635
1377135000 0 476 0 511
1377133200 0 478 0 514
1377131400 0 485 0 525
1377129600 0 480 0 523
1377127800 0 507 0 575
1377126000 0 705 0 1314
1377124200 98 1043 276 1628
1377122400 164 1112 359 1569
1377120600 178 1621 447 1849
1377118800 538 4745 1660 19888
1377117000 282 2097 544 2655
1377115200 335 2004 544 2456
1377113400 363 1891 591 2589
1377111600 286 1863 639 2589
1377109800 349 2214 908 3255
1377108000 338 1587 566 2377
1377106200 350 2072 771 4130
1377104400 105 1417 148 1599
1377102600 97 1381 294 8760
1377100800 185 2746 360 8760
1377099000 265 1703 790 2026
1377097200 234 1227 392 1474
1377095400 124 1194 157 1491
1377093600 278 1354 509 1572
1377091800 1468 2505 4822 8202
1377090000 231 741 1396 1831
1377088200 0 549 0 686
1377086400 0 542 0 742
1377084600 0 481 0 512
1377082800 0 480 0 528
1377081000 0 478 0 508
1377079200 0 474 0 505
1377077400 0 476 0 508
1377075600 0 469 0 521
1377073800 0 470 0 521
1377072000 0 477 0 509
1377070200 0 486 0 518
1377068400 0 476 0 548
1377066600 0 487 0 548
1377064800 0 471 0 501
1377063000 0 465 0 513
1377061200 0 512 0 766
1377059400 0 472 0 504
1377057600 0 468 0 488
1377055800 0 478 0 517
1377054000 0 469 0 505
1377052200 0 472 0 533
1377050400 0 477 0 533
1377048600 0 465 0 512
1377046800 0 496 0 578
1377045000 0 483 0 529
1377043200 0 482 0 520
1377041400 0 497 0 589
1377039600 0 592 0 788
1377037800 0 714 0 1003
1377036000 26 912 166 1116
1377034200 282 1230 712 1514
1377032400 343 2120 643 4363
1377030600 112 1078 170 1143
1377028800 228 1143 609 1609
1377027000 520 1770 1170 3428
1377025200 1058 1606 5595 3572
1377023400 175 1248 296 1458
1377021600 227 1098 664 1572
1377019800 401 1432 732 1681
1377018000 142 1582 201 3926
1377016200 117 1048 182 1226
1377014400 346 1729 607 3188
1377012600 180 1714 341 3092
1377010800 108 1075 456 1171
1377009000 353 1812 749 3738
1377007200 660 2102 1507 3980
1377005400 618 2401 4825 5569
1377003600 801 1345 4825 5448
1377001800 0 475 0 548
1377000000 0 497 0 663
1376998200 0 488 0 524
1376996400 0 484 0 538
1376994600 0 478 0 526
1376992800 0 477 0 533
1376991000 0 475 0 508
1376989200 0 482 0 523
1376987400 0 481 0 526
1376985600 0 475 0 518
1376983800 0 483 0 522
1376982000 0 474 0 522
1376980200 0 468 0 518
1376978400 0 477 0 518
1376976600 0 474 0 529
1376974800 0 475 0 529
1376973000 0 508 0 738
1376971200 0 475 0 503
1376969400 0 470 0 502
1376967600 0 471 0 505
1376965800 0 481 0 505
1376964000 0 477 0 501
1376962200 0 477 0 534
1376960400 0 487 0 532
1376958600 0 480 0 651
1376956800 0 596 0 728
1376955000 0 548 0 614
1376953200 0 576 0 614
1376951400 0 714 0 976
1376949600 0 902 0 1051
1376947800 76 977 174 1175
1376946000 174 1019 616 1260
1376944200 143 989 888 3095
1376942400 231 1388 888 3095
1376940600 148 1106 228 1319
1376938800 189 1030 534 1299
1376937000 405 2073 998 4394
1376935200 262 3176 1165 14845
1376933400 680 2810 2838 5633
1376931600 165 946 445 1138
1376929800 92 952 400 1680
1376928000 206 1397 400 2676
1376926200 311 1374 1083 3322
1376924400 148 1010 300 1184
1376922600 344 2288 672 6161
1376920800 531 4301 1082 17684
1376919000 605 1325 4547 5121
1376917200 755 1243 4547 5121
1376915400 0 546 0 809
1376913600 0 475 0 580
1376911800 0 445 0 471
1376910000 0 444 0 477
1376908200 0 439 0 489
1376906400 0 442 0 490
1376904600 0 439 0 485
1376902800 0 443 0 484
1376901000 0 430 0 472
1376899200 0 439 0 465
1376897400 0 443 0 468
1376895600 0 441 0 475
1376893800 0 445 0 493
1376892000 0 432 0 458
1376890200 0 444 0 479
1376888400 0 434 0 475
1376886600 0 431 0 467
1376884800 0 439 0 476
1376883000 0 438 0 486
1376881200 0 436 0 475
1376879400 0 434 0 462
1376877600 0 442 0 473
1376875800 0 443 0 484
1376874000 0 438 0 484
1376872200 0 431 0 473
1376870400 0 445 0 471
1376868600 0 446 0 487
1376866800 0 430 0 478
1376865000 0 442 0 470
1376863200 0 441 0 462
1376861400 0 438 0 479
1376859600 0 443 0 480
1376857800 0 448 0 482
1376856000 0 443 0 469
1376854200 0 446 0 491
1376852400 0 424 0 477
1376850600 0 443 0 490
1376848800 0 443 0 485
1376847000 0 442 0 469
1376845200 0 437 0 476
1376843400 0 483 0 668
1376841600 0 437 0 469
1376839800 0 445 0 476
1376838000 0 445 0 487
1376836200 0 438 0 475
1376834400 0 441 0 474
1376832600 0 443 0 474
1376830800 0 447 0 481
1376829000 0 441 0 477
1376827200 0 437 0 471
1376825400 0 439 0 470
1376823600 0 434 0 468
1376821800 0 439 0 483
1376820000 0 438 0 482
1376818200 0 432 0 474
1376816400 0 436 0 474
1376814600 0 434 0 467
1376812800 0 437 0 462
1376811000 0 445 0 483
1376809200 0 435 0 477
1376807400 0 433 0 467
1376805600 0 435 0 473
1376803800 0 441 0 491
1376802000 0 434 0 465
1376800200 0 434 0 463
1376798400 0 448 0 485
1376796600 0 435 0 465
1376794800 0 441 0 483
1376793000 0 439 0 471
1376791200 0 442 0 474
1376789400 0 443 0 479
1376787600 0 441 0 474
1376785800 0 447 0 494
1376784000 0 433 0 474
1376782200 0 442 0 481
1376780400 0 433 0 463
1376778600 0 436 0 473
1376776800 0 440 0 481
1376775000 0 438 0 480
1376773200 0 434 0 474
1376771400 0 437 0 480
1376769600 0 434 0 476
1376767800 0 439 0 500
1376766000 0 442 0 481
1376764200 0 446 0 476
1376762400 0 436 0 470
1376760600 0 437 0 485
1376758800 0 442 0 481
1376757000 0 436 0 474
1376755200 0 439 0 468
1376753400 0 444 0 484
1376751600 0 443 0 479
1376749800 0 441 0 468
1376748000 0 443 0 493
1376746200 0 441 0 476
1376744400 0 441 0 483
1376742600 0 438 0 483
1376740800 0 442 0 480
1376739000 0 446 0 499
1376737200 0 448 0 487
1376735400 0 442 0 488
1376733600 0 444 0 485
1376731800 0 441 0 485
1376730000 0 437 0 451
1376728200 0 431 0 469
1376726400 0 425 0 473
1376724600 0 458 0 515
1376722800 0 429 0 461
1376721000 0 443 0 478
1376719200 0 445 0 474
1376717400 0 446 0 488
1376715600 0 427 0 473
1376713800 0 432 0 475
1376712000 0 445 0 483
1376710200 0 447 0 483
1376708400 0 445 0 481
1376706600 0 443 0 483
1376704800 0 451 0 483
1376703000 0 446 0 473
1376701200 0 439 0 496
1376699400 0 455 0 498
1376697600 0 462 0 498
1376695800 0 573 0 822
1376694000 0 527 0 660
1376692200 0 672 0 825
1376690400 0 872 0 988
1376688600 0 1004 0 1421
1376686800 0 796 0 968
1376685000 0 785 0 968
1376683200 0 1041 0 1936
1376681400 50 786 114 970
1376679600 108 1016 395 1140
1376677800 770 2046 1913 5643
1376676000 495 1287 1421 1913
1376674200 534 1310 1353 2300
1376672400 533 1365 854 2317
1376670600 148 1016 365 1322
1376668800 424 4438 857 14572
1376667000 269 1080 670 1360
1376665200 462 2329 788 3900
1376663400 264 1314 936 1602
1376661600 606 2204 1132 6107
1376659800 466 2991 1314 11448
1376658000 1044 1823 5106 6011
1376656200 0 599 0 895
1376654400 0 484 0 515
1376652600 0 478 0 539
1376650800 0 482 0 527
1376649000 0 483 0 511
1376647200 0 482 0 533
1376645400 0 478 0 556
1376643600 0 481 0 556
1376641800 0 505 0 547
1376640000 0 483 0 522
1376638200 0 508 0 607
1376636400 0 483 0 541
1376634600 0 496 0 541
1376632800 0 495 0 527
1376631000 0 493 0 541
1376629200 0 488 0 519
1376627400 0 553 0 798
1376625600 0 481 0 509
1376623800 0 500 0 533
1376622000 0 483 0 534
1376620200 0 494 0 521
1376618400 0 481 0 515
1376616600 0 483 0 537
1376614800 0 488 0 529
1376613000 0 511 0 675
1376611200 0 511 0 575
1376609400 0 517 0 597
1376607600 0 589 0 730
1376605800 0 760 0 1088
1376604000 285 1161 1470 3397
1376602200 962 2033 1470 3397
1376600400 459 1640 1421 2545
1376598600 860 2748 3249 8236
1376596800 178 1148 283 1681
1376595000 247 1259 624 1508
1376593200 1311 2554 3476 6232
1376591400 532 1781 1278 3272
1376589600 206 1221 673 1600
1376587800 1293 11162 3413 34935
1376586000 324 1376 1086 2475
1376584200 686 2048 1002 3670
1376582400 614 1531 2478 2621
1376580600 157 1263 255 1644
1376578800 315 1441 429 1591
1376577000 326 1430 1002 2555
1376575200 306 1547 1002 2555
1376573400 1616 2832 6363 9697
1376571600 0 553 6 789
1376569800 0 498 0 558
1376568000 0 492 0 536
1376566200 0 534 0 763
1376564400 0 503 0 534
1376562600 0 491 0 535
1376560800 0 502 0 530
1376559000 0 501 0 546
1376557200 0 494 0 539
1376555400 0 492 0 533
1376553600 0 529 0 650
1376551800 0 518 0 551
1376550000 0 505 0 553
1376548200 0 510 0 548
1376546400 0 502 0 543
1376544600 0 524 0 930
1376539200 0 506 0 557
1376532000 0 511 0 557
1376524800 0 609 265 1001
1376517600 323 1525 1081 3711
1376510400 367 1423 1423 3719
1376503200 330 1592 1456 10312
1376496000 212 1133 1057 2359
1376488800 464 2174 6561 17113
1376481600 0 434 0 477
1376474400 0 429 0 457
1376467200 0 442 0 484
1376460000 0 453 0 663
1376452800 0 443 0 508
1376445600 0 450 0 486
1376438400 0 588 0 1024
1376431200 193 2012 1107 11099
1376424000 509 2143 4372 5994
1376416800 277 1367 2362 18913
1376409600 324 2253 758 18913
1376402400 500 1307 3811 5662
1376395200 0 464 0 507
1376388000 0 462 0 506
1376380800 0 459 0 502
1376373600 0 466 0 737
1376366400 0 453 0 475
1376359200 0 460 0 493
1376352000 0 554 0 858
1376344800 363 1769 1345 14664
1376337600 874 4433 5782 44536
1376330400 403 2309 1406 15195
1376323200 655 1744 1976 4509
1376316000 1830 2776 26038 27460
1376308800 0 506 0 566
1376301600 0 497 0 553
1376294400 0 508 0 554
1376287200 0 508 0 571
1376280000 0 506 0 550
1376272800 0 502 0 592
1376265600 0 497 0 544
1376258400 0 496 0 543
1376251200 0 508 0 559
1376244000 0 510 0 595
1376236800 0 505 0 558
1376229600 0 503 0 607
1376222400 0 494 0 544
1376215200 0 499 0 552
1376208000 0 497 0 550
1376200800 0 501 0 550
1376193600 0 505 0 565
1376186400 0 500 0 551
1376179200 0 497 0 544
1376172000 0 496 0 558
1376164800 0 483 0 532
1376157600 0 494 0 568
1376150400 0 490 0 540
1376143200 0 498 0 567
1376136000 0 488 0 535
1376128800 0 493 0 552
1376121600 0 502 0 552
1376114400 0 499 0 563
1376107200 0 493 0 566
1376100000 0 513 0 637
1376092800 0 483 0 674
1376085600 0 783 0 993
1376078400 0 803 0 1020
1376071200 0 812 0 1220
1376064000 0 870 0 1146
1376056800 0 776 0 1405
1376049600 0 548 0 777
1376042400 0 531 0 586
1376035200 0 526 0 571
1376028000 0 550 0 841
1376020800 0 528 0 587
1376013600 0 533 0 597
1376006400 0 597 0 982
1375999200 286 1530 1305 6181
1375992000 878 1865 12132 12087
1375984800 361 2737 2794 31292
1375977600 244 1143 1406 2267
1375970400 576 2199 4860 15064
1375963200 0 544 0 639
1375956000 0 533 0 585
1375948800 0 543 0 945
1375941600 0 530 0 586
1375934400 0 530 0 571
1375927200 0 617 0 752
1375920000 0 708 0 927
1375912800 251 1106 1007 2132
1375905600 584 1578 4499 5593
1375898400 363 2525 1643 32415
1375891200 335 1119 1309 1959
1375884000 545 1341 6381 10279
1375876800 0 403 0 694
1375869600 0 389 0 423
1375862400 0 388 0 420
1375855200 0 416 0 834
1375848000 0 394 0 428
1375840800 0 396 0 501
1375833600 0 490 0 880
1375826400 653 1823 7317 5335
1375819200 451 1407 3782 4281
1375812000 369 2165 3109 25086
1375804800 336 1642 1941 9019
1375797600 455 1336 4903 10678
1375790400 0 419 0 511
1375783200 0 421 0 491
1375776000 0 440 0 553
1375768800 0 426 0 756
1375761600 0 420 0 590
1375754400 0 414 0 437
1375747200 0 522 0 885
1375740000 174 1437 1685 4870
1375732800 600 2045 3077 7906
1375725600 911 2772 4648 14667
1375718400 306 1311 1784 4282
1375711200 511 1740 5671 8472
1375704000 0 440 0 572
1375696800 0 423 0 463
1375689600 0 429 0 473
1375682400 0 422 0 462
1375675200 0 423 0 466
1375668000 0 423 0 465
1375660800 0 430 0 476
1375653600 0 431 0 464
1375646400 0 431 0 474
1375639200 0 422 0 470
1375632000 0 423 0 477
1375624800 0 430 0 481
1375617600 0 419 0 478
1375610400 0 422 0 478
1375603200 0 427 0 473
1375596000 0 419 0 473
1375588800 0 421 0 480
1375581600 0 429 0 479
1375574400 0 428 0 484
1375567200 0 433 0 475
1375560000 0 422 0 466
1375552800 0 638 0 909
1375545600 0 626 0 914
1375538400 0 428 0 492
1375531200 0 417 0 462
1375524000 0 424 0 467
1375516800 0 427 0 484
1375509600 0 438 0 678
1375502400 0 423 0 473
1375495200 0 422 0 473
1375488000 0 549 0 815
1375480800 2835 131491 61986 3118757
1375473600 54907 108470 1222264 2467738
1375466400 671 2119 2564 8633
1375459200 288 1298 1568 2103
1375452000 412 1242 4628 5533
1375444800 0 465 0 511
1375437600 0 467 0 532
1375430400 0 454 0 507
1375423200 0 477 0 790
1375416000 0 458 0 527
1375408800 0 471 0 649
1375401600 0 578 0 832
1375394400 211 1029 1141 1817
1375387200 137 1079 356 1653
1375380000 184 1113 362 2727
1375372800 338 1246 2282 4113
1375365600 992 1781 14437 17475
1375358400 0 437 0 486
1375351200 0 447 0 512
1375344000 0 452 0 726
1375336800 0 439 0 486
1375329600 0 441 0 493
1375322400 0 524 0 642
1375315200 0 608 0 1056
1375308000 143 1215 736 3568
1375300800 356 1442 1400 3827
1375293600 258 1420 1004 6946
1375286400 6506 4356 102481 46837
1375279200 576 1674 4730 6921
1375272000 0 468 0 523
1375264800 0 466 0 515
1375257600 0 477 0 519
1375250400 0 483 0 704
1375243200 0 483 0 543
1375236000 0 477 0 528
1375228800 0 565 0 1326
1375221600 238 1821 899 10714
1375214400 273 1699 1110 12638
1375207200 213 1258 595 6378
1375200000 122 1112 587 2197
1375192800 362 1371 5511 20208
1375185600 0 0 0 0
1375178400 0 0 0 0
1375171200 0 0 0 0
1375164000 0 0 0 0
1375156800 0 0 0 0
1375149600 0 0 0 0
1375142400 0 0 0 0
1375135200 0 0 0 0
1375128000 0 0 0 0
1375120800 0 0 0 0
1375113600 0 0 0 0
1375106400 0 0 0 0
1375099200 0 0 0 0
1375092000 0 0 0 0
1375084800 0 0 0 0
1375077600 0 0 0 0
1375070400 0 0 0 0
1375063200 0 0 0 0
1375056000 0 0 0 0
1375048800 0 0 0 0
1375041600 0 0 0 0
1375034400 0 0 0 0
1375027200 0 0 0 0
1375020000 0 0 0 0
1375012800 0 0 0 0
1375005600 0 0 0 0
1374998400 0 0 0 0
1374991200 0 0 0 0
1374984000 0 0 0 0
1374976800 0 0 0 0
1374969600 0 0 0 0
1374962400 0 0 0 0
1374955200 0 0 0 0
1374948000 0 0 0 0
1374940800 0 0 0 0
1374933600 0 0 0 0
1374926400 0 0 0 0
1374919200 0 0 0 0
1374912000 0 0 0 0
1374904800 0 0 0 0
1374897600 0 0 0 0
1374890400 0 0 0 0
1374883200 0 0 0 0
1374876000 306 321 1012 1203
1374868800 682 1283 1200 7058
1374861600 249 232 1918 1446
1374854400 0 0 0 0
1374847200 301 490 4003 5178
1374840000 165 111 4003 2687
1374832800 0 0 0 0
1374825600 0 0 0 0
1374818400 0 0 0 0
1374811200 0 0 0 0
1374804000 0 0 0 0
1374796800 0 0 0 0
1374789600 0 0 0 0
1374782400 0 0 0 0
1374775200 0 0 0 0
1374768000 0 0 0 0
1374760800 0 0 0 0
1374753600 0 0 0 0
1374746400 0 0 0 0
1374739200 0 0 0 0
1374732000 0 0 0 0
1374724800 0 0 0 0
1374717600 0 0 0 0
1374710400 0 0 0 0
1374703200 0 0 0 0
1374696000 0 0 0 0
1374688800 0 0 0 0
1374681600 0 0 0 0
1374674400 0 0 0 0
1374667200 0 0 0 0
1374660000 0 0 0 0
1374652800 0 0 0 0
1374645600 0 0 0 0
1374638400 0 0 0 0
1374631200 0 0 0 0
1374624000 0 0 0 0
1374616800 0 0 0 0
1374609600 0 0 0 0
1374602400 0 0 0 0
1374595200 0 0 0 0
1374588000 0 0 0 0
1374580800 0 0 0 0
1374573600 0 0 0 0
1374566400 0 0 0 0
1374559200 0 0 0 0
1374552000 0 0 0 0
1374544800 0 0 0 0
1374537600 0 0 0 0
1374530400 0 0 0 0
1374523200 0 0 0 0
1374516000 0 0 0 0
1374508800 0 0 0 0
1374501600 0 0 0 0
1374494400 0 0 0 0
1374487200 0 0 0 0
1374480000 0 0 0 0
1374472800 0 0 0 0
1374465600 0 0 0 0
1374458400 0 0 0 0
1374451200 0 0 0 0
1374444000 0 0 0 0
1374436800 0 0 0 0
1374429600 0 0 0 0
1374422400 0 0 0 0
1374415200 0 0 0 0
1374408000 0 0 0 0
1374400800 0 0 0 0
1374393600 0 0 0 0
1374386400 0 0 0 0
1374379200 0 0 0 0
1374372000 0 0 0 0
1374364800 0 0 0 0
1374357600 0 0 0 0
1374350400 0 0 0 0
1374343200 0 0 0 0
1374336000 0 0 0 0
1374328800 0 0 0 0
1374321600 0 0 0 0
1374314400 0 0 0 0
1374307200 0 0 0 0
1374300000 0 0 0 0
1374292800 0 0 0 0
1374285600 0 0 0 0
1374278400 0 0 0 0
1374271200 0 0 0 0
1374264000 0 0 0 0
1374256800 0 0 0 0
1374249600 0 0 0 0
1374242400 0 0 0 0
1374235200 0 0 0 0
1374228000 0 0 0 0
1374220800 0 0 0 0
1374213600 0 0 0 0
1374206400 0 0 0 0
1374199200 0 0 0 0
1374192000 0 0 0 0
1374184800 0 0 0 0
1374177600 0 0 0 0
1374170400 0 0 0 0
1374163200 0 0 0 0
1374156000 0 0 0 0
1374148800 0 0 0 0
1374141600 0 0 0 0
1374134400 0 0 0 0
1374127200 0 0 0 0
1374120000 0 0 0 0
1374112800 0 0 0 0
1374105600 0 0 0 0
1374098400 0 0 0 0
1374091200 0 0 0 0
1374084000 0 0 0 0
1374076800 0 0 0 0
1374069600 0 0 0 0
1374062400 0 0 0 0
1374055200 0 0 0 0
1374048000 0 0 0 0
1374040800 0 0 0 0
1374033600 0 0 0 0
1374026400 0 0 0 0
1374019200 0 0 0 0
1374012000 0 0 0 0
1374004800 0 0 0 0
1373997600 0 0 0 0
1373990400 0 0 0 0
1373983200 0 0 0 0
1373976000 0 0 0 0
1373968800 0 0 0 0
1373961600 0 0 0 0
1373954400 0 0 0 0
1373947200 0 0 0 0
1373940000 0 0 0 0
1373932800 0 0 0 0
1373925600 0 0 0 0
1373918400 0 0 0 0
1373911200 0 0 0 0
1373904000 0 0 0 0
1373896800 0 0 0 0
1373889600 0 0 0 0
1373882400 0 0 0 0
1373875200 0 0 0 0
1373868000 0 0 0 0
1373860800 0 0 0 0
1373853600 0 0 0 0
1373846400 0 0 0 0
1373839200 0 0 0 0
1373832000 0 0 0 0
1373824800 0 0 0 0
1373817600 0 0 0 0
1373810400 0 0 0 0
1373803200 0 0 0 0
1373796000 0 0 0 0
1373788800 0 0 0 0
1373781600 0 0 0 0
1373774400 0 0 0 0
1373767200 0 0 0 0
1373760000 0 0 0 0
1373752800 0 0 0 0
1373745600 0 0 0 0
1373738400 0 0 0 0
1373731200 0 0 0 0
1373724000 0 0 0 0
1373716800 0 0 0 0
1373709600 0 0 0 0
1373702400 0 0 0 0
1373695200 0 0 0 0
1373688000 0 0 0 0
1373680800 0 0 0 0
1373673600 0 0 0 0
1373666400 0 0 0 0
1373659200 0 0 0 0
1373652000 0 0 0 0
1373644800 0 0 0 0
1373637600 0 0 0 0
1373630400 0 0 0 0
1373623200 0 0 0 0
1373616000 0 0 0 0
1373608800 0 0 0 0
1373601600 0 0 0 0
1373594400 0 0 0 0
1373587200 0 0 0 0
1373580000 0 0 0 0
1373572800 0 0 0 0
1373565600 0 0 0 0
1373558400 0 0 0 0
1373551200 0 0 0 0
1373544000 0 0 0 0
1373536800 0 0 0 0
1373529600 0 0 0 0
1373522400 0 0 0 0
1373515200 0 0 0 0
1373508000 0 0 0 0
1373500800 0 0 0 0
1373493600 0 0 0 0
1373486400 0 0 0 0
1373479200 0 0 0 0
1373472000 0 0 0 0
1373464800 0 0 0 0
1373457600 0 0 0 0
1373450400 0 0 0 0
1373443200 0 0 0 0
1373436000 0 0 0 0
1373428800 0 0 0 0
1373421600 0 0 0 0
1373414400 0 0 0 0
1373407200 0 0 0 0
1373400000 0 0 0 0
1373392800 0 0 0 0
1373385600 0 0 0 0
1373378400 0 0 0 0
1373371200 0 0 0 0
1373364000 0 0 0 0
1373356800 0 0 0 0
1373349600 0 0 0 0
1373342400 0 0 0 0
1373335200 0 0 0 0
1373328000 0 0 0 0
1373320800 0 0 0 0
1373313600 0 0 0 0
1373306400 0 0 0 0
1373299200 0 0 0 0
1373292000 0 0 0 0
1373284800 0 0 0 0
1373277600 0 0 0 0
1373270400 0 0 0 0
1373263200 0 0 0 0
1373256000 0 0 0 0
1373248800 0 0 0 0
1373241600 0 0 0 0
1373234400 0 0 0 0
1373227200 0 0 0 0
1373220000 0 0 0 0
1373212800 0 0 0 0
1373205600 0 0 0 0
1373198400 0 0 0 0
1373191200 0 0 0 0
1373184000 0 0 0 0
1373176800 0 0 0 0
1373169600 0 0 0 0
1373162400 0 0 0 0
1373155200 0 0 0 0
1373148000 0 0 0 0
1373140800 0 0 0 0
1373133600 0 0 0 0
1373126400 0 0 0 0
1373119200 0 0 0 0
1373112000 0 0 0 0
1373104800 0 0 0 0
1373097600 0 0 0 0
1373090400 0 0 0 0
1373083200 0 0 0 0
1373076000 0 0 0 0
1373068800 0 0 0 0
1373061600 0 0 0 0
1373054400 0 0 0 0
1373047200 0 0 0 0
1373040000 0 0 0 0
1373032800 0 0 0 0
1373025600 0 0 0 0
1373018400 0 0 0 0
1373011200 0 0 0 0
1373004000 0 0 0 0
1372996800 0 0 0 0
1372989600 0 0 0 0
1372982400 0 0 0 0
1372975200 0 0 0 0
1372968000 0 0 0 0
1372960800 0 0 0 0
1372953600 0 0 0 0
1372946400 0 0 0 0
1372939200 0 0 0 0
1372932000 0 0 0 0
1372924800 0 0 0 0
1372917600 0 0 0 0
1372910400 0 0 0 0
1372903200 0 0 0 0
1372896000 0 0 0 0
1372888800 0 0 0 0
1372881600 0 0 0 0
1372874400 0 0 0 0
1372867200 0 0 0 0
1372860000 0 0 0 0
1372852800 0 0 0 0
1372845600 0 0 0 0
1372838400 0 0 0 0
1372831200 0 0 0 0
1372824000 0 0 0 0
1372816800 0 0 0 0
1372809600 0 0 0 0
1372802400 0 0 0 0
1372795200 0 0 0 0
1372788000 0 0 0 0
1372780800 0 0 0 0
1372773600 0 0 0 0
1372766400 0 0 0 0
1372759200 0 0 0 0
1372752000 0 0 0 0
1372744800 0 0 0 0
1372737600 0 0 0 0
1372730400 0 0 0 0
1372723200 0 0 0 0
1372716000 0 0 0 0
1372708800 0 0 0 0
1372701600 0 0 0 0
1372694400 0 0 0 0
1372687200 0 0 0 0
1372680000 0 0 0 0
1372672800 0 0 0 0
1372665600 0 0 0 0
1372658400 0 0 0 0
1372651200 0 0 0 0
1372644000 0 0 0 0
1372636800 0 0 0 0
1372629600 0 0 0 0
1372622400 0 0 0 0
1372615200 0 0 0 0
1372608000 0 0 0 0
1372600800 0 0 0 0
1372593600 0 0 0 0
1372586400 0 0 0 0
1372579200 0 0 0 0
1372572000 0 0 0 0
1372564800 0 0 0 0
1372557600 0 0 0 0
1372550400 0 0 0 0
1372543200 0 0 0 0
1372536000 0 0 0 0
1372528800 0 0 0 0
1372521600 0 0 0 0
1372514400 0 0 0 0
1372507200 0 0 0 0
1372500000 0 0 0 0
1372492800 0 0 0 0
1372485600 0 0 0 0
1372478400 0 0 0 0
1372471200 0 0 0 0
1372464000 0 0 0 0
1372456800 0 0 0 0
1372449600 0 0 0 0
1372442400 0 0 0 0
1372435200 0 0 0 0
1372428000 0 0 0 0
1372420800 0 0 0 0
1372413600 0 0 0 0
1372406400 0 0 0 0
1372399200 0 0 0 0
1372392000 0 0 0 0
1372384800 0 0 0 0
1372377600 0 0 0 0
1372370400 0 0 0 0
1372363200 0 0 0 0
1372356000 0 0 0 0
1372348800 0 0 0 0
1372341600 0 0 0 0
1372334400 0 0 0 0
1372327200 0 0 0 0
1372320000 0 0 0 0
1372312800 0 0 0 0
1372305600 0 0 0 0
1372298400 0 0 0 0
1372291200 0 0 0 0
1372284000 0 0 0 0
1372276800 0 0 0 0
1372269600 0 0 0 0
1372262400 0 0 0 0
1372255200 0 0 0 0
1372248000 0 0 0 0
1372240800 0 0 0 0
1372233600 0 0 0 0
1372226400 0 0 0 0
1372219200 0 0 0 0
1372204800 0 0 0 0
1372118400 0 0 0 0
1372032000 0 0 0 0
1371945600 0 0 0 0
1371859200 0 0 0 0
1371772800 0 0 0 0
1371686400 0 0 0 0
1371600000 0 0 0 0
1371513600 0 0 0 0
1371427200 0 0 0 0
1371340800 0 0 0 0
1371254400 0 0 0 0
1371168000 0 0 0 0
1371081600 0 0 0 0
1370995200 0 0 0 0
1370908800 0 0 0 0
1370822400 0 0 0 0
1370736000 0 0 0 0
1370649600 0 0 0 0
1370563200 0 0 0 0
1370476800 0 0 0 0
1370390400 0 0 0 0
1370304000 0 0 0 0
1370217600 0 0 0 0
1370131200 0 0 0 0
1370044800 0 0 0 0
1369958400 0 0 0 0
1369872000 0 0 0 0
1369785600 0 0 0 0
1369699200 0 0 0 0
1369612800 0 0 0 0
1369526400 0 0 0 0
1369440000 0 0 0 0
1369353600 0 0 0 0
1369267200 48 43 8237 4327
1369180800 0 0 0 0
1369094400 0 0 0 0
1369008000 0 0 0 0
1368921600 0 0 0 0
1368835200 0 0 0 0
1368748800 0 0 0 0
1368662400 0 0 0 0
1368576000 0 0 0 0
1368489600 0 0 0 0
1368403200 0 0 0 0
1368316800 0 0 0 0
1368230400 0 0 0 0
1368144000 0 0 0 0
1368057600 0 0 0 0
1367971200 0 0 0 0
1367884800 0 0 0 0
1367798400 0 0 0 0
1367712000 0 0 0 0
1367625600 0 0 0 0
1367539200 0 0 0 0
1367452800 0 0 0 0
1367366400 0 0 0 0
1367280000 0 0 0 0
1367193600 0 0 0 0
1367107200 0 0 0 0
1367020800 0 0 0 0
1366934400 0 0 0 0
1366848000 11 299 3887 86572
1366761600 58 281 5751 20580
1366675200 211 2598 11895 555434
1366588800 0 0 0 0
1366502400 0 0 0 0
1366416000 0 0 0 0
1366329600 0 0 0 0
1366243200 0 0 0 0
1366156800 0 0 0 0
1366070400 0 0 0 0
1365984000 0 0 0 0
1365897600 0 0 0 0
1365811200 0 0 0 0
1365724800 22 222 2209 50996
1365638400 0 0 0 0
1365552000 0 0 0 0
1365465600 0 0 0 0
1365379200 0 0 0 0
1365292800 0 0 0 0
1365206400 0 0 0 0
1365120000 0 0 0 0
1365033600 0 0 0 0
1364947200 0 0 0 0
1364860800 0 0 0 0
1364774400 0 0 0 0
1364688000 0 0 0 0
1364601600 0 0 0 0
1364515200 0 0 0 0
1364428800 0 0 0 0
1364342400 0 0 0 0
1364256000 0 0 0 0
1364169600 0 0 0 0
1364083200 0 0 0 0
1363996800 0 0 0 0
1363910400 0 0 0 0
1363824000 0 0 0 0
1363737600 0 0 0 0
1363651200 0 0 0 0
1363564800 0 0 0 0
1363478400 0 0 0 0
1363392000 0 0 0 0
1363305600 0 0 0 0
1363219200 0 0 0 0
1363132800 0 0 0 0
1363046400 0 0 0 0
1362960000 0 0 0 0
1362873600 0 0 0 0
1362787200 0 0 0 0
1362700800 0 0 0 0
1362614400 0 0 0 0
1362528000 0 0 0 0
1362441600 0 0 0 0
1362355200 0 0 0 0
1362268800 0 0 0 0
1362182400 0 0 0 0
1362096000 0 0 0 0
1362009600 0 0 0 0
1361923200 0 0 0 0
1361836800 0 0 0 0
1361750400 0 0 0 0
1361664000 0 0 0 0
1361577600 0 0 0 0
1361491200 0 0 0 0
1361404800 0 0 0 0
1361318400 0 0 0 0
1361232000 0 0 0 0
1361145600 0 0 0 0
1361059200 0 0 0 0
1360972800 0 0 0 0
1360886400 0 0 0 0
1360800000 0 0 0 0
1360713600 0 0 0 0
1360627200 0 0 0 0
1360540800 0 0 0 0
1360454400 0 0 0 0
1360368000 0 0 0 0
1360281600 9 15 2193 2387
1360195200 0 0 0 0
1360108800 0 0 0 0
1360022400 0 0 0 0
1359936000 0 0 0 0
1359849600 0 0 0 0
1359763200 0 0 0 0
1359676800 0 0 0 0
1359590400 0 0 0 0
1359504000 0 0 0 0
1359417600 0 0 0 0
1359331200 0 0 0 0
1359244800 0 0 0 0
1359158400 0 0 0 0
1359072000 0 0 0 0
1358985600 0 0 0 0
1358899200 0 0 0 0
1358812800 0 0 0 0
1358726400 0 0 0 0
1358640000 0 0 0 0
1358553600 0 0 0 0
1358467200 0 0 0 0
1358380800 0 0 0 0
1358294400 0 0 0 0
1358208000 0 0 0 0
1358121600 0 0 0 0
1358035200 0 0 0 0
1357948800 0 0 0 0
1357862400 0 0 0 0
1357776000 0 0 0 0
1357689600 0 0 0 0
1357603200 0 0 0 0
1357516800 0 0 0 0
1357430400 0 0 0 0
1357344000 0 0 0 0
1357257600 0 0 0 0
1357171200 0 0 0 0
1357084800 0 0 0 0
1356998400 0 0 0 0
1356912000 0 0 0 0
1356825600 0 0 0 0
1356739200 0 0 0 0
1356652800 0 0 0 0
1356566400 0 0 0 0
1356480000 0 0 0 0
1356393600 0 0 0 0
1356307200 0 0 0 0
1356220800 0 0 0 0
1356134400 0 0 0 0
1356048000 0 0 0 0
1355961600 0 0 0 0
1355875200 0 0 0 0
1355788800 0 0 0 0
1355702400 0 0 0 0
1355616000 0 0 0 0
1355529600 0 0 0 0
1355443200 0 0 0 0
1355356800 0 0 0 0
1355270400 0 0 0 0
1355184000 91 116 13916 12183
1355097600 0 0 0 0
1355011200 0 0 0 0
1354924800 0 0 0 0
1354838400 0 0 0 0
1354752000 0 0 0 0
1354665600 0 0 0 0
1354579200 0 0 0 0
1354492800 0 0 0 0
1354406400 0 0 0 0
1354320000 0 0 0 0
1354233600 0 0 0 0
1354147200 0 0 0 0
1354060800 0 0 0 0
1353974400 0 0 0 0
1353888000 233 145 10671 9186
1353801600 0 0 0 0
1353715200 0 0 0 0
1353628800 0 0 0 0
1353542400 0 0 0 0
1353456000 0 0 0 0
1353369600 0 0 0 0
1353283200 0 0 0 0
1353196800 0 0 0 0
1353110400 0 0 0 0
1353024000 0 0 0 0
1352937600 0 0 0 0
1352851200 0 0 0 0
1352764800 0 0 0 0
1352678400 0 0 0 0
1352592000 0 0 0 0
1352505600 0 0 0 0
1352419200 0 0 0 0
1352332800 0 0 0 0
1352246400 10 20 3801 6349
1352160000 1613 2697 23975 426965
1352073600 0 0 0 0
1351987200 0 0 0 0
1351900800 0 0 0 0
1351814400 0 0 0 0
1351728000 0 0 0 0
1351641600 0 0 0 0
1351555200 0 0 0 0
1351468800 0 0 0 0
1351382400 0 0 0 0
1351296000 0 0 0 0
1351209600 0 0 0 0
1351123200 0 0 0 0
1351036800 0 0 0 0
1350950400 0 0 0 0
1350864000 0 0 0 0
1350777600 0 0 0 0
1350691200 0 0 0 0
1350604800 0 0 0 0
1350518400 0 0 0 0
1350432000 0 0 0 0
1350345600 5587 51950 132193 2511389
1350259200 0 0 0 0
1350172800 0 0 0 0
1350086400 0 0 0 0
1350000000 0 0 0 0
1349913600 0 0 0 0
1349827200 1811 1397 33815 50718
1349740800 2167 1166 20466 18129
1349654400 0 0 0 0
1349568000 0 0 0 0
1349481600 0 0 0 0
1349395200 0 0 0 0
1349308800 0 0 0 0
1349222400 0 0 0 0
1349136000 0 0 0 0
1349049600 0 0 0 0
1348963200 0 0 0 0
1348876800 0 0 0 0
1348790400 0 0 0 0
1348704000 0 0 0 0
1348617600 0 0 0 0
1348531200 0 0 0 0
1348444800 0 0 0 0
1348358400 0 0 0 0
1348272000 0 0 0 0
1348185600 0 0 0 0
1348099200 0 0 0 0
1348012800 0 0 0 0
1347926400 0 0 0 0
1347840000 0 0 0 0
1347753600 0 0 0 0
1347667200 0 0 0 0
1347580800 0 0 0 0
1347494400 0 0 0 0
1347408000 0 0 0 0
1347321600 0 0 0 0
1347235200 0 0 0 0
1347148800 0 0 0 0
1347062400 0 0 0 0
1346976000 2146 2456 74102 285667
1346889600 1789 1649 26408 206373
1346803200 0 0 0 0
1346716800 0 0 0 0
1346630400 0 0 0 0
1346544000 0 0 0 0
1346457600 0 0 0 0
1346371200 0 0 0 0
1346284800 0 0 0 0
1346198400 0 0 0 0
1346112000 0 0 0 0
1346025600 0 0 0 0
1345939200 0 0 0 0
1345852800 0 0 0 0
1345766400 0 0 0 0
1345680000 267 671 6035 16011
1345593600 0 155 0 325
1345507200 0 150 0 314
1345420800 0 139 0 169
1345334400 0 138 0 166
1345248000 0 176 0 423
1345161600 138 406 18698 8055
1345075200 0 196 0 612
1344988800 1405 37377 107347 1926261
1344902400 0 167 0 408
1344816000 0 137 0 172
1344729600 0 137 0 171
1344643200 0 181 0 475
1344556800 0 183 0 520
1344470400 0 182 0 583
1344384000 0 179 0 421
1344297600 0 167 0 510
1344211200 0 135 0 161
1344124800 0 137 0 168
1344038400 0 156 0 304
1343952000 0 168 0 279
1343865600 0 169 0 255
1343779200 719 642 14711 8325
1343692800 0 160 0 283
1343606400 0 139 0 162
1343520000 0 139 0 185
1343433600 0 159 0 411
1343347200 0 174 0 938
1343260800 0 166 0 494
1343174400 0 177 212 340
1343088000 331 366 61236 11754
1343001600 0 139 0 169
1342915200 0 140 0 174
1342828800 0 153 0 243
1342742400 0 155 0 228
1342656000 0 152 0 242
1342569600 0 153 0 254
1342483200 217 690 4534 30350
1342396800 0 148 0 183
1342310400 0 148 0 178
1342224000 623 960 26861 32737
1342137600 544 971 52011 83427
1342051200 0 159 0 288
1341964800 78 302 2294 5074
1341878400 34 204 3935 6824
1341792000 0 134 0 163
1341705600 0 135 0 164
1341619200 0 163 0 247
1341532800 149 425 4101 9672
1341446400 0 123 0 142
1341360000 0 156 0 324
1341273600 0 145 0 405
1341187200 0 123 0 138
1341100800 0 123 0 143
1341014400 375 807 27542 54750
1340928000 0 165 0 858
1340841600 0 174 0 609
1340755200 0 174 0 352
1340668800 0 165 0 446
1340582400 0 146 0 178
1340496000 0 146 0 183
1340409600 0 172 0 345
1340323200 0 173 0 324
1340236800 0 172 0 349
1340150400 0 175 0 543
1340064000 337 1688 4959 79369
1339977600 0 136 0 156
1339891200 8 244 2544 29937
1339804800 1325 5427 64897 504518
1339718400 427 1369 7394 31963
1339632000 169 831 6732 71003
1339545600 0 169 0 354
1339459200 263 4186 8360 172930
1339372800 0 138 0 167
1339286400 44 211 2542 5356
1339200000 1245 2423 45821 87822
1339113600 414 3992 13017 423589
1339027200 444 1326 19097 40465
1338940800 398 974 4928 15628
1338854400 48 448 1831 23116
1338768000 0 155 0 228
1338681600 0 162 0 202
1338595200 124 380 3337 11573
1338508800 0 173 0 339
1338422400 0 172 0 270
1338336000 555 1912 16033 78609
1338249600 0 137 0 164
1338163200 0 137 0 164
1338076800 0 136 0 160
1337990400 0 159 0 359
1337904000 0 156 0 377
1337817600 0 168 0 505
1337731200 0 174 0 541
1337644800 0 164 0 449
1337558400 0 134 0 161
1337472000 0 134 0 182
1337385600 0 170 0 275
1337299200 0 175 0 300
1337212800 262 781 5104 28826
1337126400 133 541 4094 21857
1337040000 127 473 4081 29859
1336953600 0 134 0 158
1336867200 0 136 0 163
1336780800 0 188 0 3316
1336694400 31 320 1376 12534
1336608000 245 1316 6376 164742
1336521600 373 1404 10218 92523
1336435200 941 3089 32099 699343
1336348800 0 131 0 181
1336262400 0 138 0 199
1336176000 0 171 0 402
1336089600 191 632 16677 18054
1336003200 11748 307752 142650 4154778
1335916800 0 155 0 397
1335830400 22 188 1504 4793
1335744000 0 132 0 160
1335657600 0 133 0 167
1335571200 0 162 0 248
1335484800 0 169 0 278
1335398400 0 182 0 357
1335312000 0 185 0 327
1335225600 0 164 0 343
1335139200 0 135 0 157
1335052800 0 136 0 172
1334966400 0 167 0 265
1334880000 391 1114 4484 16894
1334793600 1321 5309 18464 394440
1334707200 755 2624 23188 65917
1334620800 0 163 22 417
1334534400 0 134 0 158
1334448000 0 134 0 154
1334361600 0 162 0 260
1334275200 3352 170 1322809 341
1334188800 0 164 22 313
1334102400 3913 60383 17836 264172
1334016000 487 1206 11174 61126
1333929600 0 137 0 161
1333843200 0 138 0 167
1333756800 0 167 0 249
1333670400 0 166 0 282
1333584000 216 485 11448 55113
1333497600 269 1463 15443 195962
1333411200 0 158 0 368
1333324800 0 136 0 156
1333238400 0 138 0 162
1333152000 0 166 0 254
1333065600 704 1698 14381 137217
1332979200 502 787 25771 22276
1332892800 0 165 0 288
1332806400 0 164 0 304
1332720000 0 146 0 171
1332633600 0 146 0 180
1332547200 0 160 0 272
1332460800 0 180 0 449
1332374400 335 780 10423 22518
1332288000 0 160 0 415
1332201600 0 160 0 356
1332115200 0 141 0 162
1332028800 0 141 0 168
1331942400 0 161 0 392
1331856000 0 161 0 268
1331769600 0 173 0 379
1331683200 0 169 0 417
1331596800 0 169 0 337
1331510400 0 141 0 173
1331424000 0 141 0 178
1331337600 0 191 0 404
1331251200 220 573 20869 44206
1331164800 0 188 0 371
1331078400 0 183 0 310
1330992000 0 178 0 347
1330905600 0 142 0 174
1330819200 0 143 0 168
1330732800 0 169 0 278
1330646400 0 171 0 353
1330560000 131 317 2707 5790
1330473600 436 9722 45308 1610915
1330387200 114 544 2775 18875
1330300800 0 142 0 167
1330214400 220 439 26682 18862
1330128000 144 503 9144 34768
1330041600 0 204 0 316
1329955200 295 484 20823 8828
1329868800 0 182 0 587
1329782400 0 142 0 161
1329696000 0 142 0 169
1329609600 0 143 0 177
1329523200 0 197 0 323
1329436800 0 227 0 1121
1329350400 0 202 0 374
1329264000 107 234 18326 2272
1329177600 0 170 0 342
1329091200 0 135 0 161
1329004800 0 136 0 164
1328918400 0 150 0 218
1328832000 0 149 0 248
1328745600 0 143 0 338
1328659200 0 154 0 294
1328572800 1411 1265 23768 20618
1328486400 416 438 12788 26924
1328400000 224 269 10198 9983
1328313600 1792 1132 30376 12786
1328227200 1442 1247 23846 37757
1328140800 738 884 8169 8412
1328054400 1 167 21 359
1327968000 854 1185 31792 27940
1327881600 1928 944 84818 21167
1327795200 1723 862 44737 17980
1327708800 104 237 3287 3119
1327622400 1879 571 48871 9913
1327536000 37 305 1763 19887
1327449600 0 195 0 541
1327363200 0 212 0 465
1327276800 0 164 0 201
1327190400 0 164 0 187
1327104000 0 167 0 219
1327017600 2343 459 528374 50453
1326931200 2386 854 103985 11622
1326844800 2953 1227 195151 135369
1326758400 2100 1739 105642 72031
1326672000 0 170 0 219
1326585600 0 176 38 305
1326499200 0 192 24 381
1326412800 0 177 23 328
1326326400 686 17760 3187 92839
1326240000 0 173 38 356
1326153600 679 14456 12988 384114
1326067200 0 128 0 147
1325980800 103 2353 15830 434456
1325894400 1649 25491 56449 244219
1325808000 2792 366 705997 29476
1325721600 264 6663 5236 83095
1325635200 2013 34645 17054 428219
1325548800 0 130 0 153
1325462400 0 130 0 157
1325376000 113 366 9408 18842
1325289600 439 10458 11902 253958
1325203200 1048 25431 12343 307134
1325116800 1740 26588 85967 1259698
1325030400 192 4523 12699 380284
1324944000 0 129 0 147
1324857600 0 129 0 150
1324771200 0 129 0 154
1324684800 0 129 0 147
1324598400 0 183 0 425
1324512000 1582 1799 57585 378720
1324425600 1004 412 67343 6701
1324339200 0 160 0 1677
1324252800 0 135 0 157
1324166400 0 136 0 156
1324080000 0 170 0 385
1323993600 0 181 0 441
1323907200 0 176 0 395
1323820800 0 173 0 372
1323734400 0 159 0 386
1323648000 0 140 0 162
1323561600 0 139 0 168
1323475200 0 167 0 247
1323388800 0 173 0 319
1323302400 0 168 0 429
1323216000 0 161 0 298
1323129600 0 170 0 594
1323043200 0 129 0 153
1322956800 0 130 0 156
1322870400 0 165 0 337
1322784000 0 171 0 298
1322697600 0 180 0 356
1322611200 0 171 0 324
1322524800 0 158 0 278
1322438400 0 139 0 167
1322352000 0 138 0 159
1322265600 0 139 0 169
1322179200 0 138 0 165
1322092800 0 226 0 529
1322006400 0 243 0 403
1321920000 0 243 0 584
1321833600 0 211 0 496
1321747200 0 214 0 262
1321660800 0 257 0 761
1321574400 0 263 0 787
1321488000 0 214 0 414
1321401600 22 202 1197 4566
1321315200 0 140 0 350
1321228800 0 133 0 153
1321142400 0 132 0 173
1321056000 0 158 0 576
1320969600 0 164 0 260
1320883200 0 164 0 263
1320796800 0 167 0 356
1320710400 0 152 0 288
1320624000 0 130 0 161
1320537600 0 131 0 156
1320451200 0 172 0 530
1320364800 0 208 0 642
1320278400 77 588 3250 13849
1320192000 1334 4575 26195 139735
1320105600 0 206 0 707
1320019200 0 127 0 145
1319932800 0 127 0 151
1319846400 0 155 0 370
1319760000 0 160 0 371
1319673600 0 155 0 335
1319587200 0 156 0 369
1319500800 0 148 0 297
1319414400 0 129 0 145
1319328000 0 129 0 149
1319241600 0 163 0 347
1319155200 0 161 0 344
1319068800 293 1206 3736 87048
1318982400 340 3387 16231 768591
1318896000 0 161 0 330
1318809600 0 140 0 168
1318723200 0 140 0 161
1318636800 6109 181 8122580 331
1318550400 0 184 0 306
1318464000 0 169 0 395
1318377600 0 157 0 288
1318291200 0 156 0 428
1318204800 0 132 0 155
1318118400 0 132 0 156
1318032000 0 166 0 283
1317945600 0 165 0 267
1317859200 0 167 0 403
1317772800 664 1777 11755 59045
1317686400 0 154 0 285
1317600000 0 134 0 153
1317513600 0 136 0 162
1317427200 0 156 0 268
1317340800 0 177 0 316
1317254400 0 199 0 319
1317168000 0 186 0 418
1317081600 0 175 0 436
1316995200 0 149 0 175
1316908800 0 149 0 171
1316822400 0 180 0 312
1316736000 0 194 0 339
1316649600 0 193 0 369
1316563200 0 174 0 356
1316476800 0 183 0 446
1316390400 0 169 0 219
1316304000 0 161 0 197
1316217600 0 179 0 324
1316131200 0 174 0 376
1316044800 0 185 0 367
1315958400 0 182 0 330
1315872000 0 184 0 367
1315785600 0 170 0 193
1315699200 3 173 857 1433
1315612800 112 343 1854 12152
1315526400 0 185 0 316
1315440000 0 187 0 349
1315353600 0 179 0 367
1315267200 0 151 0 186
1315180800 0 151 0 174
1315094400 0 150 0 171
1315008000 0 183 0 336
1314921600 0 183 0 307
1314835200 0 177 0 369
1314748800 0 175 0 273
1314662400 0 156 0 493
1314576000 0 130 0 139
1314489600 0 130 0 139
1314403200 0 164 0 304
1314316800 0 216 0 484
1314230400 0 221 0 372
1314144000 0 225 0 456
1314057600 0 217 0 373
1313971200 0 195 0 229
1313884800 0 196 0 219
1313798400 517 1145 20535 19157
1313712000 0 187 0 401
1313625600 0 196 0 365
1313539200 0 226 0 3183
1313452800 0 201 0 538
1313366400 0 147 0 168
1313280000 0 149 0 190
1313193600 0 174 0 302
1313107200 0 174 0 319
1313020800 578 611 24767 27053
1312934400 93 948 7499 137860
1312848000 0 162 0 330
1312761600 0 149 0 168
1312675200 0 149 0 179
1312588800 0 206 0 338
1312502400 0 215 0 325
1312416000 0 219 0 393
1312329600 0 216 0 345
1312243200 0 217 0 449
1312156800 0 195 0 215
1312070400 0 194 0 247
1311984000 0 199 0 416
1311897600 0 190 0 295
1311811200 29 432 4477 42855
1311724800 0 194 0 438
1311638400 0 167 0 383
1311552000 0 131 0 154
1311465600 12 182 1479 5153
1311379200 189 682 5880 13874
1311292800 27 366 2021 25536
1311206400 0 175 0 351
1311120000 0 170 0 403
1311033600 169 645 8689 72248
1310947200 0 134 0 163
1310860800 0 133 0 163
1310774400 0 168 0 327
1310688000 45 281 856 4992
1310601600 136 532 15388 22240
1310515200 0 178 0 542
1310428800 231 693 9891 25419
1310342400 0 132 0 152
1310256000 0 133 0 158
1310169600 0 168 0 384
1310083200 0 206 0 644
1309996800 0 192 0 353
1309910400 345 8500 12739 410990
1309824000 0 145 0 172
1309737600 0 145 0 166
1309651200 0 145 0 176
1309564800 102 414 2356 26198
1309478400 122 480 2250 21923
1309392000 152 442 3468 9816
1309305600 85 343 1791 11880
1309219200 0 168 0 490
1309132800 0 139 0 168
1309046400 0 140 0 161
