1377805801 1747019924 1227762551
1377805801 417 1767 417 1767
1377805502 511 1830 511 1830
1377805500 510 1829 511 1830
1377805200 352 1659 353 1783
1377804900 329 1782 404 1783
1377804600 403 1655 404 1656
1377804300 252 1415 383 2616
1377804000 382 2616 383 2775
1377803700 376 2776 434 3054
1377803400 434 3054 517 3206
1377803100 516 3201 517 3206
1377802800 437 1869 439 1873
1377802500 246 1338 301 1540
1377802200 300 1539 301 1540
1377801900 264 1456 441 2066
1377801600 441 2066 629 2156
1377801300 629 2160 766 3390
1377801000 765 3388 766 3390
1377800700 753 3122 809 3516
1377800400 811 3523 1212 4597
1377800100 1214 4642 1623 11476
1377799800 1624 11477 1947 11855
1377799500 1945 11847 1947 11855
1377799200 1404 9469 2487 9471
1377798900 2481 9306 2487 9318
1377798600 951 5968 953 5969
1377798300 752 6030 2647 58444
1377798000 2645 58382 2647 58444
1377797700 2457 49189 2460 49211
1377797400 1845 42821 2370 42846
1377797100 2369 39264 2370 47661
1377796800 2266 47651 2833 47661
1377796500 2833 44694 2966 44717
1377796200 2981 41322 5357 46888
1377795900 5380 46981 8843 60842
1377795600 8835 60763 8843 60842
1377795300 6655 37044 6669 37170
1377795000 4654 18529 5387 55591
1377794700 5385 55538 5387 55591
1377794400 4892 40048 5162 57609
1377794100 5150 57582 5162 57609
1377793800 3431 53556 3437 53670
1377793500 1871 19558 1882 19678
1377793200 372 1812 485 3103
1377792900 483 3095 485 3103
1377792600 305 2032 455 2035
1377792300 454 1640 455 2484
1377792000 389 2477 390 2484
1377791700 309 1523 331 1827
1377791400 331 1826 431 1827
1377791100 432 1760 637 2063
1377790800 635 2061 637 2063
1377790500 378 1838 14945 32485
1377790200 14854 32406 14945 32485
1377789900 1406 20712 1408 20774
1377789600 902 2182 903 2532
1377789300 757 2532 760 2671
1377789000 443 2687 873 7766
1377788700 871 7748 873 7766
1377788400 380 2569 448 2577
1377788100 447 1508 448 1817
1377787800 331 1815 332 1817
1377787500 308 1598 625 3651
1377787200 623 3641 625 3651
1377786900 428 2222 429 3952
1377786600 347 4069 1529 39223
1377786300 1527 39149 1529 39223
1377786000 1266 28194 1740 48552
1377785700 1741 48540 1894 48552
1377785400 1892 46701 1894 46788
1377785100 1342 20586 1349 20710
1377784800 363 2176 364 2180
1377784500 356 1649 397 2134
1377784200 397 2179 606 15721
1377783900 611 15731 1461 17254
1377783600 1462 17322 1848 37710
1377783300 1849 37572 2075 37710
1377783000 2081 17171 4162 24694
1377782700 4138 24557 4162 24694
1377782400 630 4245 3874 17263
1377782100 3863 17225 3874 17263
1377781800 679 6091 682 6123
1377781500 327 1377 328 1483
1377781200 290 1479 291 1483
1377780900 272 891 273 943
1377780600 271 942 272 943
1377780300 182 939 239 980
1377780000 239 979 272 980
1377779700 271 810 272 899
1377779400 219 898 240 899
1377779100 241 798 500 1254
1377778800 499 1252 500 1254
1377778500 214 774 215 1020
1377778200 147 1019 246 1020
1377777900 246 901 279 999
1377777600 278 997 279 999
1377777300 167 702 410 1114
1377777000 408 1111 410 1114
1377776700 163 717 351 1113
1377776400 350 1111 351 1113
1377776100 233 718 234 914
1377775800 182 913 220 914
1377775500 220 837 274 1039
1377775200 274 1037 314 1039
1377774900 313 885 314 899
1377774600 162 898 310 899
1377774300 310 892 556 1714
1377774000 554 1710 556 1714
1377773700 344 1165 345 1166
1377773400 277 1035 415 1047
1377773100 413 1046 415 1047
1377772800 244 984 260 986
1377772500 259 809 260 976
1377772200 235 975 330 976
1377771900 330 899 406 1158
1377771600 404 1155 406 1158
1377771300 175 748 199 919
1377771000 199 919 331 1018
1377770700 330 1018 331 1100
1377770400 321 1099 322 1100
1377770100 242 898 333 1000
1377769800 331 998 333 1000
1377769500 180 766 188 936
1377769200 188 936 323 1027
1377768900 322 1026 323 1027
1377768600 182 951 468 1073
1377768300 467 1072 468 1073
1377768000 244 984 245 986
1377767700 231 751 232 905
1377767400 214 914 365 2351
1377767100 367 2348 776 2351
1377766800 772 2015 776 2024
1377766500 238 813 362 1057
1377766200 360 1055 362 1057
1377765900 201 882 216 1115
1377765600 216 1113 293 1115
1377765300 293 891 301 1013
1377765000 301 1011 348 1013
1377764700 347 844 348 950
1377764400 234 949 253 950
1377764100 252 893 253 999
1377763800 206 999 426 1029
1377763500 424 1028 426 1029
1377763200 195 986 305 988
1377762900 304 761 305 983
1377762600 218 982 247 983
1377762300 246 881 247 1060
1377762000 200 1059 338 1060
1377761700 337 862 338 877
1377761400 155 876 293 877
1377761100 292 802 293 1462
1377760800 263 1459 264 1462
1377760500 251 854 252 855
1377760200 197 836 350 1322
1377759900 348 1320 350 1322
1377759600 190 1106 352 1108
1377759300 351 926 352 1058
1377759000 235 1057 236 1058
1377758700 200 795 201 928
1377758400 189 927 392 928
1377758100 391 852 392 1062
1377757800 310 1060 311 1062
1377757500 295 826 296 883
1377757200 223 882 261 883
1377756900 260 820 261 924
1377756600 197 923 300 924
1377756300 299 920 300 1033
1377756000 236 1032 319 1033
1377755700 318 882 319 883
1377755400 177 878 289 879
1377755100 288 829 289 914
1377754800 182 913 327 914
1377754500 326 886 327 1065
1377754200 204 1064 205 1065
1377753900 183 803 326 979
1377753600 325 978 326 979
1377753300 283 965 284 1187
1377753000 242 1185 308 1187
1377752700 307 955 308 1018
1377752400 259 1017 337 1018
1377752100 336 959 337 960
1377751800 225 915 269 916
1377751500 269 845 301 1000
1377751200 302 1000 647 1042
1377750900 644 1041 647 1042
1377750600 246 930 303 931
1377750300 303 832 309 1018
1377750000 308 1017 309 1018
1377749700 251 845 253 1010
1377749400 253 1009 270 1010
1377749100 269 969 270 1054
1377748800 245 1052 265 1054
1377748500 265 786 276 959
1377748200 275 958 276 959
1377747900 268 911 269 920
1377747600 209 919 328 920
1377747300 327 829 328 994
1377747000 190 993 325 994
1377746700 325 857 443 1169
1377746400 442 1167 443 1169
1377746100 265 824 266 961
1377745800 244 960 269 961
1377745500 268 811 269 1067
1377745200 217 1066 293 1067
1377744900 292 787 293 1036
1377744600 220 1035 321 1036
1377744300 322 750 544 1184
1377744000 544 1184 646 1229
1377743700 643 1227 646 1229
1377743400 256 1041 257 1043
1377743100 222 850 223 937
1377742800 207 936 392 937
1377742500 391 899 392 949
1377742200 229 949 295 1063
1377741900 294 1062 295 1063
1377741600 274 1038 327 1039
1377741300 326 968 327 969
1377741000 271 935 319 1092
1377740700 318 1091 319 1092
1377740400 258 910 276 987
1377740100 275 986 276 987
1377739800 269 903 270 1111
1377739500 234 1109 283 1111
1377739200 283 855 355 1106
1377738900 354 1104 355 1106
1377738600 228 872 466 5668
1377738300 464 5636 466 5668
1377738000 267 888 311 990
1377737700 310 988 311 990
1377737400 246 823 413 1100
1377737100 411 1098 413 1100
1377736800 230 861 231 963
1377736500 222 962 312 963
1377736200 311 932 312 965
1377735900 182 964 283 965
1377735600 283 895 327 1039
1377735300 326 1037 327 1039
1377735000 207 863 234 1102
1377734700 234 1100 257 1102
1377734400 257 906 438 1479
1377734100 437 1478 438 1479
1377733800 251 1186 325 1501
1377733500 324 1499 325 1501
1377733200 315 1244 411 1370
1377732900 410 1369 411 1370
1377732600 359 1360 360 1361
1377732300 255 1214 443 1256
1377732000 443 1258 464 1613
1377731700 463 1612 464 1613
1377731400 299 1357 393 1679
1377731100 392 1677 393 1679
1377730800 316 1424 470 1539
1377730500 468 1537 470 1539
1377730200 295 1305 319 1412
1377729900 318 1411 319 1412
1377729600 248 1276 351 1537
1377729300 350 1537 351 1553
1377729000 321 1553 322 1556
1377728700 235 1555 438 1556
1377728400 437 1380 438 1469
1377728100 312 1468 313 1469
1377727800 232 1269 416 1923
1377727500 416 1928 446 2676
1377727200 451 2719 2066 15769
1377726900 2061 15736 2066 15769
1377726600 842 6003 940 6728
1377726300 949 7195 2435 76779
1377726000 2436 76434 2701 76779
1377725700 2692 24955 2701 25068
1377725400 1382 8223 1388 8267
1377725100 627 1706 629 1710
1377724800 379 1226 417 1493
1377724500 417 1492 486 1493
1377724200 486 1452 501 6025
1377723900 501 5994 569 6025
1377723600 569 1450 597 5232
1377723300 715 5430 36131 64914
1377723000 36013 64728 36131 64914
1377722700 824 9428 1041 15670
1377722400 1036 15577 1041 15670
1377722100 422 1820 1305 20414
1377721800 1305 20337 1352 20414
1377721500 1346 8899 1352 8917
1377721200 492 6336 890 11002
1377720900 899 11105 2246 26572
1377720600 2241 26493 2246 26572
1377720300 1543 14804 1546 14818
1377720000 751 10735 1734 12940
1377719700 1731 12926 1734 12940
1377719400 1055 8972 2149 20447
1377719100 2140 20430 2149 20447
1377718800 876 18441 6003 98530
1377718500 5967 97911 6003 98530
1377718200 612 5746 670 14523
1377717900 676 14600 2685 37875
1377717600 2677 37755 2685 37875
1377717300 478 2077 903 7482
1377717000 901 7465 903 7482
1377716700 423 2387 424 2393
1377716400 320 1587 389 1951
1377716100 389 1949 400 1951
1377715800 399 1419 400 1662
1377715500 323 1661 335 1662
1377715200 334 1464 335 1686
1377714900 332 1686 352 1752
1377714600 351 1751 352 1752
1377714300 288 1607 334 1608
1377714000 458 1454 37738 3179
1377713700 56227 3746 2811220 88299
1377713400 2811621 88303 2931643 89551
1377713100 2931643 89599 2931643 104188
1377712800 2931264 104162 2931643 104188
1377712500 2814012 96537 2818174 96657
1377712200 1559213 60657 1569668 60946
1377711900 1479 17653 1480 17689
1377711600 1216 7048 2049 25028
1377711300 2044 24979 2049 25028
1377711000 804 10569 805 11137
1377710700 732 11135 928 11137
1377710400 929 10643 1408 10978
1377710100 1405 11014 1408 16451
1377709800 1100 16431 1102 16451
1377709500 741 10472 757 10478
1377709200 756 8844 757 12107
1377708900 670 12090 735 12107
1377708600 737 7169 1055 18550
1377708300 1053 18495 1055 18550
1377708000 804 10415 806 10428
1377707700 607 8604 890 11253
1377707400 889 11251 890 11253
1377707100 671 10751 969 17320
1377706800 969 17285 980 17320
1377706500 979 12161 980 19390
1377706200 809 19356 810 19390
1377705900 804 14275 805 14315
1377705600 698 8389 699 12189
1377705300 622 12200 970 13857
1377705000 972 13861 1362 14462
1377704700 1361 14445 1362 14462
1377704400 1266 11971 1267 11979
1377704100 1197 12096 4509 195101
1377703800 4499 194527 4509 195101
1377703500 1726 22991 2341 23009
1377703200 2338 17820 2341 17825
1377702900 1466 16471 3496 21026
1377702600 3488 20992 3496 21026
1377702300 1254 11089 1481 27874
1377702000 1518 28227 7054 80867
1377701700 7053 80725 7054 80867
1377701400 12422 38455 1662094 86768
1377701100 1661790 86702 1662094 86768
1377700800 1605742 76646 1616504 77000
1377700500 2319 23906 2322 23921
1377700200 1532 19528 2645 22788
1377699900 2647 22882 2973 36922
1377699600 2965 36808 2973 36922
1377699300 576 3046 577 7376
1377699000 494 7359 495 7376
1377698700 461 2340 698 2342
1377698400 696 1924 698 1926
1377698100 510 1664 757 1972
1377697800 755 1976 757 2602
1377697500 557 2595 564 2602
1377697200 565 1695 830 2729
1377696900 833 2780 1806 18085
1377696600 1804 18037 1806 18085
1377696300 1206 3732 1210 3745
1377696000 674 1813 675 2338
1377695700 660 2350 1165 6207
1377695400 1159 6174 1165 6207
1377695100 328 1290 329 1291
1377694800 287 1078 288 1079
1377694500 179 933 346 1069
1377694200 346 1068 370 1069
1377693900 369 969 370 1071
1377693600 331 1070 332 1071
1377693300 263 988 341 990
1377693000 340 808 341 883
1377692700 227 882 285 883
1377692400 284 864 285 940
1377692100 263 939 358 940
1377691800 357 876 358 1021
1377691500 299 1020 300 1021
1377691200 232 768 233 878
1377690900 174 878 345 958
1377690600 345 958 357 966
1377690300 356 965 357 966
1377690000 267 851 268 857
1377689700 197 856 306 857
1377689400 305 778 306 926
1377689100 249 925 250 926
1377688800 195 748 788 1435
1377688500 785 1431 788 1435
1377688200 360 865 361 975
1377687900 281 975 387 991
1377687600 385 990 387 991
1377687300 179 922 310 923
1377687000 310 805 396 1081
1377686700 395 1080 396 1081
1377686400 366 892 367 926
1377686100 229 925 332 926
1377685800 331 877 332 1114
1377685500 266 1111 267 1114
1377685200 198 764 270 881
1377684900 270 880 352 881
1377684600 351 821 352 1103
1377684300 309 1100 310 1103
1377684000 260 763 261 1016
1377683700 193 1015 306 1016
1377683400 306 832 387 1070
1377683100 385 1067 387 1070
1377682800 234 723 235 1061
1377682500 224 1059 404 1061
1377682200 404 897 419 1139
1377681900 417 1136 419 1139
1377681600 185 705 271 1079
1377681300 271 1079 386 1096
1377681000 385 1100 386 2457
1377680700 324 2447 455 2457
1377680400 453 993 455 1202
1377680100 179 1200 309 1202
1377679800 309 958 377 1124
1377679500 376 1122 377 1124
1377679200 239 813 240 1052
1377678900 232 1050 329 1052
1377678600 328 890 329 1025
1377678300 265 1024 266 1025
1377678000 258 748 278 932
1377677700 277 931 278 932
1377677400 244 827 278 1150
1377677100 278 1151 395 1662
1377676800 393 1656 395 1662
1377676500 164 860 410 975
1377676200 409 975 410 1110
1377675900 408 1108 409 1110
1377675600 226 742 227 970
1377675300 226 968 321 970
1377675000 320 795 321 955
1377674700 272 953 273 955
1377674400 198 769 307 1433
1377674100 307 1429 332 1433
1377673800 332 851 426 1387
1377673500 425 1383 426 1387
1377673200 325 800 327 1006
1377672900 175 1005 281 1006
1377672600 281 790 430 1148
1377672300 428 1145 430 1148
1377672000 186 727 246 936
1377671700 246 937 371 1313
1377671400 370 1311 371 1313
1377671100 246 1046 247 1047
1377670800 210 766 374 1066
1377670500 373 1064 374 1066
1377670200 247 730 272 1022
1377669900 272 1020 278 1022
1377669600 277 818 278 962
1377669300 204 961 397 962
1377669000 397 919 411 1060
1377668700 410 1058 411 1060
1377668400 197 734 269 1090
1377668100 269 1089 314 1090
1377667800 313 811 314 948
1377667500 277 946 278 948
1377667200 192 724 471 1149
1377666900 470 1148 471 1149
1377666600 346 1021 347 1260
1377666300 284 1258 285 1260
1377666000 264 749 265 902
1377665700 209 901 291 902
1377665400 291 783 413 1128
1377665100 412 1126 413 1128
1377664800 219 772 292 1039
1377664500 291 1038 292 1039
1377664200 256 764 322 1091
1377663900 321 1089 322 1091
1377663600 272 792 273 1002
1377663300 233 1001 357 1002
1377663000 357 879 405 1161
1377662700 404 1158 405 1161
1377662400 263 786 264 919
1377662100 234 918 294 919
1377661800 295 821 514 1171
1377661500 511 1168 514 1171
1377661200 192 741 286 963
1377660900 286 961 308 963
1377660600 308 726 364 1050
1377660300 363 1049 364 1050
1377660000 320 961 321 962
1377659700 232 861 355 862
1377659400 354 851 355 1042
1377659100 268 1040 300 1042
1377658800 299 779 300 1020
1377658500 191 1019 249 1020
1377658200 249 740 311 1061
1377657900 311 1060 337 1061
1377657600 336 787 337 991
1377657300 273 991 414 1060
1377657000 413 1059 414 1060
1377656700 360 1049 361 1051
1377656400 188 686 188 867
1377656100 189 867 473 901
1377655800 472 902 473 1112
1377655500 331 1111 332 1112
1377655200 265 862 266 926
1377654900 216 924 217 926
1377654600 214 709 363 1002
1377654300 362 1001 363 1002
1377654000 307 877 308 1145
1377653700 300 1143 301 1145
1377653400 215 725 398 1107
1377653100 397 1105 398 1107
1377652800 195 754 224 1012
1377652500 224 1011 358 1012
1377652200 358 1026 385 3434
1377651900 384 3416 385 3434
1377651600 341 852 342 961
1377651300 200 960 210 961
1377651000 210 761 338 1167
1377650700 338 1166 432 1167
1377650400 431 1002 432 1586
1377650100 366 1581 396 1586
1377649800 395 896 396 1011
1377649500 322 1009 323 1011
1377649200 181 757 256 1042
1377648900 255 1040 256 1042
1377648600 242 738 437 1265
1377648300 436 1263 437 1265
1377648000 307 1099 308 1260
1377647700 255 1260 286 1345
1377647400 286 1344 408 1345
1377647100 407 1319 408 1321
1377646800 375 1149 376 1278
1377646500 304 1277 340 1278
1377646200 339 1022 340 1499
1377645900 329 1498 330 1499
1377645600 272 1377 320 1612
1377645300 319 1610 320 1612
1377645000 319 1254 509 2033
1377644700 508 2030 509 2033
1377644400 312 1402 402 1792
1377644100 401 1789 402 1792
1377643800 309 1423 563 1904
1377643500 561 1900 563 1904
1377643200 304 1443 443 2237
1377642900 442 2230 443 2237
1377642600 296 1288 399 1789
1377642300 398 1786 399 1789
1377642000 329 1473 476 1715
1377641700 476 1713 486 1715
1377641400 554 1561 21113 30189
1377641100 21048 30139 21113 30189
1377640800 1785 15264 1789 15301
1377640500 1306 9855 1309 9880
1377640200 483 2568 712 4095
1377639900 710 4079 712 4095
1377639600 530 1753 531 1848
1377639300 436 1844 437 1848
1377639000 302 1300 749 2205
1377638700 746 2198 749 2205
1377638400 385 1295 568 1818
1377638100 567 1817 568 1818
1377637800 431 1786 487 2016
1377637500 509 2403 3854 60202
1377637200 3844 59911 3854 60202
1377636900 2371 16602 2376 16630
1377636600 1042 8517 1465 13545
1377636300 1461 13487 1465 13545
1377636000 885 4845 1034 4853
1377635700 1035 3832 1589 24093
1377635400 1584 23996 1589 24093
1377635100 956 9662 2361 23109
1377634800 2352 22992 2361 23109
1377634500 1019 5570 1022 5573
1377634200 575 5156 772 5164
1377633900 769 4058 772 4075
1377633600 456 1664 719 2423
1377633300 722 2450 1894 10801
1377633000 1894 10813 2091 14469
1377632700 2087 14518 2091 29280
1377632400 1070 29189 1072 29280
1377632100 695 2170 696 2173
1377631800 444 1474 632 1906
1377631500 631 1904 632 1906
1377631200 382 1603 461 2353
1377630900 460 2347 461 2353
1377630600 432 1455 585 1930
1377630300 584 1928 585 1930
1377630000 479 1741 676 4508
1377629700 675 4508 676 4508
1377629400 528 4509 803 4952
1377629100 804 5005 1054 12954
1377628800 1055 12964 1231 14554
1377628500 1230 14534 1231 14554
1377628200 1150 11660 1369 11693
1377627900 1371 6839 2005 18991
1377627600 2000 18959 2005 18991
1377627300 739 9557 740 11543
1377627000 665 11546 770 12487
1377626700 770 12504 797 15149
1377626400 797 15141 936 15149
1377626100 933 12919 936 12941
1377625800 703 11453 929 17924
1377624600 799 11523 1127 24235
1377622800 308 1508 375 1864
1377621000 360 1982 7230 2539
1377619200 1754 3971 7230 86858
1377617400 1636 26712 2315 86858
1377615600 1225 10804 1870 15920
1377613800 19373 829161 118397 5364864
1377612000 44218 987868 131329 5364864
1377610200 2353 58545 7137 308153
1377608400 236 1005 384 1394
1377606600 246 879 384 1162
1377604800 237 914 353 1094
1377603000 248 886 380 1214
1377601200 235 876 307 1152
1377599400 270 865 467 1112
1377597600 212 855 278 1044
1377595800 282 1285 461 3497
1377594000 230 911 501 1154
1377592200 273 967 501 1264
1377590400 205 845 329 1026
1377588600 258 928 338 1274
1377586800 235 850 273 1053
1377585000 234 897 294 1101
1377583200 233 893 312 1352
1377581400 275 2072 420 7905
1377579600 236 879 353 1061
1377577800 253 909 366 1166
1377576000 222 848 302 1029
1377574200 265 922 353 1062
1377572400 242 864 349 956
1377570600 227 862 350 978
1377568800 244 859 350 1009
1377567000 246 945 361 1274
1377565200 229 894 351 1152
1377563400 279 1161 397 1507
1377561600 270 1440 373 1948
1377559800 320 1703 447 1948
1377558000 297 1512 400 1835
1377556200 1728 16096 5668 48287
1377554400 738 12478 857 16375
1377552600 996 14515 1315 19728
1377550800 1440 25769 2571 60348
1377549000 836 9975 3275 46957
1377547200 804 13599 3088 49641
1377545400 1846 15710 3088 47021
1377543600 2975 29474 5296 45288
1377541800 910 6249 1464 19292
1377540000 284 2467 396 2784
1377538200 355 2974 2859 14453
1377536400 2610 11422 6441 27703
1377534600 2953 17611 4750 30427
1377532800 1982 20666 4718 54377
1377531000 1803 6836 4900 12038
1377529200 1194 8821 2923 14639
1377527400 784 5217 1524 7969
1377525600 889 8373 3238 29670
1377523800 820 6626 1223 17973
1377522000 446 1061 501 1190
1377520200 402 798 470 879
1377518400 417 796 495 909
1377516600 442 832 601 1032
1377514800 402 802 477 920
1377513000 420 804 506 874
1377511200 403 776 480 849
1377509400 467 1105 550 2418
1377507600 404 845 463 970
1377505800 432 875 556 999
1377504000 408 831 503 900
1377502200 428 890 513 1113
1377500400 422 1129 505 1837
1377498600 433 832 514 889
1377496800 425 793 491 851
1377495000 420 834 440 1047
1377493200 426 848 528 1221
1377491400 427 839 450 886
1377489600 418 808 562 1039
1377487800 455 865 642 995
1377486000 418 792 514 860
1377484200 418 798 515 913
1377482400 458 826 534 880
1377480600 460 864 586 1042
1377478800 390 773 505 819
1377477000 506 827 959 974
1377475200 410 791 478 849
1377473400 416 834 483 1137
1377471600 431 904 532 1274
1377469800 417 815 481 981
1377468000 438 825 647 1149
1377466200 468 1373 535 3873
1377464400 426 806 665 1012
1377462600 435 830 568 1047
1377460800 396 824 467 1007
1377459000 426 817 556 870
1377457200 413 797 530 930
1377455400 426 811 507 1046
1377453600 412 828 555 1046
1377451800 448 878 555 1000
1377450000 408 790 556 915
1377448200 431 812 556 915
1377446400 429 813 575 980
1377444600 458 928 621 1486
1377442800 477 1133 592 2211
1377441000 421 811 556 972
1377439200 395 846 438 1161
1377437400 425 830 546 1028
1377435600 402 804 467 982
1377433800 417 807 593 951
1377432000 402 792 484 885
1377430200 435 827 493 954
1377428400 420 807 554 876
1377426600 397 767 461 919
1377424800 422 803 567 901
1377423000 464 833 659 1016
1377421200 399 824 546 1002
1377419400 401 805 531 999
1377417600 444 851 606 999
1377415800 406 819 506 1101
1377414000 399 804 547 895
1377412200 427 814 543 891
1377410400 443 831 634 1065
1377408600 419 817 513 935
1377406800 506 832 1009 1018
1377405000 426 820 470 1107
1377403200 403 841 480 1107
1377401400 444 829 642 1025
1377399600 416 815 511 913
1377397800 423 820 533 936
1377396000 402 790 494 883
1377394200 406 792 577 970
1377392400 434 809 600 950
1377390600 411 789 585 987
1377388800 404 798 475 864
1377387000 429 856 538 1170
1377385200 431 839 590 1220
1377383400 402 824 497 1121
1377381600 442 910 614 1125
1377379800 493 1326 613 3273
1377378000 403 791 536 945
1377376200 454 844 536 1011
1377374400 428 838 539 993
1377372600 395 780 550 871
1377370800 416 800 550 912
1377369000 432 824 594 1072
1377367200 410 796 545 850
1377365400 410 801 509 894
1377363600 445 834 508 894
1377361800 435 840 495 914
1377360000 397 803 499 965
1377358200 446 927 554 1465
1377356400 513 1299 932 3315
1377354600 404 800 471 919
1377352800 413 815 552 1027
1377351000 419 872 503 984
1377349200 444 940 503 1143
1377347400 395 780 470 861
1377345600 433 849 520 989
1377343800 438 1017 577 1277
1377342000 446 852 577 949
1377340200 404 786 528 843
1377338400 414 806 495 927
1377336600 455 830 579 977
1377334800 424 853 493 1012
1377333000 403 806 509 896
1377331200 425 866 500 1001
1377329400 434 882 603 1082
1377327600 469 809 827 888
1377325800 392 846 451 1121
1377324000 419 823 644 1080
1377322200 420 848 550 953
1377320400 406 820 465 901
1377318600 405 802 564 993
1377316800 419 836 577 888
1377315000 431 832 793 1192
1377313200 405 797 463 879
1377311400 410 803 566 955
1377309600 431 821 507 889
1377307800 400 1121 570 2842
1377306000 387 826 528 983
1377304200 436 880 582 1072
1377302400 411 1055 511 1581
1377300600 387 909 446 1112
1377298800 468 1128 559 1708
1377297000 440 1132 526 1524
1377295200 430 1329 499 1648
1377293400 480 1538 573 1848
1377291600 438 1455 489 1612
1377289800 427 1477 551 1649
1377288000 449 1517 542 1837
1377286200 430 1573 517 1770
1377284400 438 1436 549 1711
1377282600 448 1651 547 2351
1377280800 435 1490 647 2654
1377279000 503 2320 628 4743
1377277200 497 1460 750 1663
1377275400 421 1515 666 2035
1377273600 469 4494 666 17114
1377271800 528 2267 663 4385
1377270000 631 5147 1006 19052
1377268200 462 1882 516 2635
1377266400 468 1852 532 2804
1377264600 458 1888 530 2548
1377262800 543 1060 860 1212
1377261000 418 983 463 1117
1377259200 405 891 451 962
1377257400 407 907 504 1070
1377255600 418 924 544 1104
1377253800 393 905 498 1022
1377252000 405 968 458 1262
1377250200 441 1168 558 2163
1377248400 430 1453 536 3260
1377246600 409 970 497 1057
1377244800 422 928 551 1009
1377243000 408 1032 465 1400
1377241200 395 907 509 1185
1377239400 420 928 630 1125
1377237600 382 894 483 938
1377235800 428 1030 488 1251
1377234000 401 887 474 960
1377232200 411 932 496 995
1377230400 381 871 510 956
1377228600 467 978 733 1284
1377226800 390 876 476 967
1377225000 412 941 491 1007
1377223200 412 906 547 1038
1377221400 465 1360 547 3072
1377219600 484 1114 680 1559
1377217800 416 1008 565 1934
1377216000 430 1627 565 1934
1377214200 526 1721 944 2041
1377212400 420 1618 486 2041
1377210600 460 1293 608 1661
1377208800 486 1528 613 2212
1377207000 528 1855 767 2547
1377205200 453 1453 524 1819
1377203400 484 1887 590 2793
1377201600 738 2676 1000 2880
1377199800 984 2801 1423 3626
1377198000 891 2560 1029 3468
1377196200 704 1823 1238 2195
1377194400 511 1606 650 2245
1377192600 670 2125 763 3096
1377190800 468 2407 659 3760
1377189000 438 3206 550 4471
1377187200 450 2858 644 4900
1377185400 678 3846 966 5618
1377183600 518 4091 651 5248
1377181800 535 3656 635 4035
1377180000 464 3341 592 5384
1377178200 603 2892 859 3850
1377176400 487 1929 859 3523
1377174600 426 988 488 1161
1377172800 428 928 579 1042
1377171000 450 974 532 1079
1377169200 401 900 564 1065
1377167400 438 963 533 1108
1377165600 442 1057 768 1582
1377163800 452 1547 572 4362
1377162000 415 1004 603 1366
1377160200 426 1065 534 1250
1377158400 425 993 569 1133
1377156600 431 1283 611 1909
1377154800 399 928 525 1063
1377153000 436 953 563 1127
1377151200 422 1081 544 1443
1377149400 425 973 531 1102
1377147600 417 1003 549 1128
1377145800 470 1074 638 1563
1377144000 477 958 927 1153
1377142200 490 1084 623 1515
1377140400 438 942 606 1111
1377138600 485 981 631 1144
1377136800 397 944 538 1049
1377135000 476 1037 781 1586
1377133200 449 957 527 1076
1377131400 419 1121 513 1649
1377129600 404 1492 469 2122
1377127800 434 1402 497 1947
1377126000 447 1454 554 1922
1377124200 461 1840 575 2621
1377122400 675 5046 1027 19353
1377120600 449 1944 622 2705
1377118800 448 1956 529 3371
1377117000 550 2428 759 3176
1377115200 446 1641 515 2009
1377113400 435 1250 563 1639
1377111600 482 1611 643 2300
1377109800 455 1374 587 1589
1377108000 682 11443 1711 61392
1377106200 538 1858 693 2883
1377104400 489 2152 686 2903
1377102600 497 2373 673 3680
1377100800 517 2557 673 3539
1377099000 523 2165 720 2984
1377097200 584 5044 983 18276
1377095400 537 2121 743 2818
1377093600 617 2070 836 2344
1377091800 527 2355 595 3795
1377090000 427 1441 490 2291
1377088200 419 1215 516 1922
1377086400 428 904 472 953
1377084600 418 903 515 987
1377082800 406 935 476 1106
1377081000 403 978 586 1238
1377079200 446 976 586 1224
1377077400 449 1174 576 2537
1377075600 437 1067 520 1463
1377073800 422 938 484 1010
1377072000 480 996 614 1179
1377070200 419 960 479 1172
1377068400 450 952 691 1177
1377066600 477 913 772 980
1377064800 462 942 569 1035
1377063000 445 2337 636 9375
1377061200 457 941 568 1046
1377059400 433 921 520 1046
1377057600 420 941 540 1121
1377055800 559 1213 1167 1504
1377054000 451 1511 646 1886
1377052200 486 1639 892 1907
1377050400 544 1606 877 2150
1377048600 414 1664 441 1983
1377046800 444 1744 502 2084
1377045000 482 2025 728 2403
1377043200 464 2084 568 2454
1377041400 443 1891 603 2381
1377039600 517 2718 652 3745
1377037800 784 4662 1419 9043
1377036000 561 2708 734 3736
1377034200 938 12702 2012 64988
1377032400 826 6871 2067 42028
1377030600 2684 59140 3792 104807
1377028800 1353 9066 2042 29562
1377027000 840 3845 3647 17988
1377025200 2614 29809 5974 71741
1377023400 481 2046 569 2555
1377021600 530 2528 622 5448
1377019800 1780 27535 3493 69922
1377018000 781 4007 1028 5025
1377016200 903 3341 1406 8811
1377014400 1598 13709 2078 20709
1377012600 1945 19466 3054 31206
1377010800 1697 20652 3959 77695
1377009000 2973 87372 9574 420213
1377007200 1588 8014 2390 11930
1377005400 806 3731 1560 7223
1377003600 433 1453 496 1798
1377001800 375 1110 512 1400
1377000000 338 1047 457 1226
1376998200 361 1170 549 1603
1376996400 396 1306 549 2143
1376994600 414 1206 677 1958
1376992800 361 1124 537 1453
1376991000 404 1386 556 2913
1376989200 422 1255 821 1656
1376987400 355 1140 399 1532
1376985600 356 1429 498 2909
1376983800 487 2339 776 4392
1376982000 325 1024 566 1534
1376980200 351 1052 420 1172
1376978400 356 1361 677 2742
1376976600 362 1079 438 1243
1376974800 456 1242 1061 2235
1376973000 353 1138 424 1506
1376971200 335 1077 497 1398
1376969400 418 1290 644 2011
1376967600 367 1050 644 1288
1376965800 392 1231 694 2846
1376964000 494 1484 1035 2846
1376962200 422 2358 937 8719
1376960400 520 1240 937 1786
1376958600 421 1202 751 1664
1376956800 450 1948 539 3549
1376955000 379 1461 499 1831
1376953200 438 2112 605 3524
1376951400 799 6389 2885 26323
1376949600 1606 9989 3598 26310
1376947800 1059 6261 2699 14671
1376946000 1220 3789 2434 19949
1376944200 2970 6709 10868 19949
1376942400 792 4282 1248 11800
1376940600 706 1947 895 2173
1376938800 10508 13908 58022 60455
1376937000 16656 14502 33191 45144
1376935200 984 17859 1864 45144
1376933400 795 14735 1864 33517
1376931600 745 11285 934 23867
1376929800 964 8456 1604 20723
1376928000 1289 8692 1851 20723
1376926200 1306 7149 2219 11436
1376924400 1607 38412 2477 97407
1376922600 1261 8317 2006 16608
1376920800 4142 9400 15542 15448
1376919000 1075 3565 2063 7175
1376917200 699 1441 898 1776
1376915400 575 1053 709 1256
1376913600 602 1089 709 1342
1376911800 630 1049 1032 1202
1376910000 653 1042 1028 1283
1376908200 607 1100 829 1404
1376906400 588 1055 733 1182
1376904600 588 1476 703 3618
1376902800 604 1123 778 1298
1376901000 570 1092 685 1364
1376899200 558 1080 685 1452
1376897400 608 1114 709 1491
1376895600 595 1105 721 1491
1376893800 584 1061 743 1256
1376892000 604 1116 743 1352
1376890200 609 1145 658 1243
1376888400 593 1059 669 1237
1376886600 581 1092 681 1283
1376884800 592 1050 621 1151
1376883000 615 1104 794 1273
1376881200 581 1032 664 1170
1376879400 590 1086 687 1212
1376877600 583 1061 726 1183
1376875800 586 1278 678 2437
1376874000 579 1039 697 1236
1376872200 589 1069 673 1232
1376870400 568 1036 701 1284
1376868600 585 1099 634 1386
1376866800 583 1030 652 1137
1376865000 600 1099 691 1423
1376863200 587 1146 635 1368
1376861400 599 1196 639 1386
1376859600 581 1023 653 1120
1376857800 584 1075 681 1329
1376856000 573 1061 732 1189
1376854200 640 1149 812 1481
1376852400 552 1016 630 1164
1376850600 596 1099 715 1409
1376848800 577 1042 614 1195
1376847000 615 1396 694 2223
1376845200 569 1242 736 1787
1376843400 586 1175 736 1515
1376841600 692 1061 923 1316
1376839800 631 1250 974 1646
1376838000 703 2040 974 2735
1376836200 589 1452 752 1970
1376834400 638 1156 809 1522
1376832600 638 1305 738 1817
1376830800 550 1007 629 1138
1376829000 572 1058 604 1225
1376827200 615 1054 769 1351
1376825400 602 1139 704 1390
1376823600 556 1029 600 1130
1376821800 592 1088 675 1274
1376820000 561 1027 646 1168
1376818200 611 1128 755 1426
1376816400 579 1094 675 1302
1376814600 581 1101 627 1205
1376812800 555 1055 598 1274
1376811000 586 1125 759 1320
1376809200 551 1010 627 1161
1376807400 581 1126 638 1345
1376805600 562 1024 631 1132
1376803800 591 1120 681 1343
1376802000 581 1042 667 1117
1376800200 587 1103 680 1167
1376798400 563 1037 634 1231
1376796600 631 1117 737 1212
1376794800 552 1006 618 1119
1376793000 594 1101 699 1257
1376791200 570 1048 684 1126
1376789400 588 1096 706 1318
1376787600 557 1046 673 1234
1376785800 624 1088 771 1241
1376784000 649 1110 902 4894
1376782200 676 1814 825 4894
1376780400 709 1319 842 2154
1376778600 839 1388 973 1500
1376776800 579 1074 665 1452
1376775000 622 1398 703 2631
1376773200 557 1061 744 1516
1376771400 604 1115 695 1267
1376769600 722 1059 1153 1219
1376767800 599 1103 774 1390
1376766000 535 989 663 1150
1376764200 629 1130 797 1420
1376762400 586 1056 821 1428
1376760600 579 1094 691 1319
1376758800 547 1028 660 1222
1376757000 626 1136 750 1315
1376755200 562 1013 663 1185
1376753400 647 1235 840 1929
1376751600 642 3713 1058 17074
1376749800 619 1187 837 1707
1376748000 566 1059 655 1204
1376746200 620 1127 718 1340
1376744400 623 1114 789 1348
1376742600 614 1088 738 1226
1376740800 604 1113 895 1516
1376739000 597 1197 672 1507
1376737200 583 1068 730 1230
1376735400 585 1099 700 1293
1376733600 546 1015 652 1181
1376731800 611 1109 649 1227
1376730000 572 1082 785 1299
1376728200 575 1147 675 1379
1376726400 551 1045 751 1266
1376724600 622 1195 751 1547
1376722800 571 1050 658 1186
1376721000 585 1112 711 1265
1376719200 582 1105 711 1504
1376717400 594 1115 670 1296
1376715600 559 1038 615 1220
1376713800 591 1108 664 1260
1376712000 573 1047 657 1234
1376710200 622 1157 785 1356
1376708400 558 1118 720 1219
1376706600 622 1185 658 1389
1376704800 647 1069 919 1226
1376703000 590 1432 755 3406
1376701200 654 1126 727 1362
1376699400 861 1381 1807 17999
1376697600 2015 16907 3003 22584
1376695800 1604 14047 2461 25283
1376694000 3183 22561 13557 71284
1376692200 2747 25785 8447 62619
1376690400 3655 134882 16608 748384
1376688600 1981 34290 4027 141735
1376686800 1263 7801 3794 28571
1376685000 649 3911 902 12539
1376683200 973 9447 1920 16904
1376681400 542 1675 863 2199
1376679600 1125 4810 2495 9623
1376677800 2168 12440 3327 20489
1376676000 834 5855 2567 47517
1376674200 1863 22079 2567 47517
1376672400 1823 17033 2149 26027
1376670600 1880 9804 2971 22959
1376668800 3371 4179 9278 7412
1376667000 488 1455 653 1900
1376665200 441 1401 511 2587
1376663400 492 1421 708 2008
1376661600 430 1391 548 2045
1376659800 489 1188 695 1373
1376658000 445 1025 540 1304
1376656200 399 956 539 1339
1376654400 298 765 453 2744
1376652600 378 1190 461 2744
1376650800 362 884 542 1194
1376649000 338 837 449 930
1376647200 384 827 684 1182
1376645400 375 1121 472 2442
1376643600 339 812 394 987
1376641800 338 941 395 1123
1376640000 317 800 443 945
1376638200 357 917 426 1185
1376636400 341 796 822 985
1376634600 405 860 822 1011
1376632800 339 824 415 1130
1376631000 351 928 532 1425
1376629200 305 762 344 890
1376627400 338 865 428 1082
1376625600 427 831 817 981
1376623800 355 874 428 1068
1376622000 325 847 401 1024
1376620200 379 979 461 1431
1376618400 383 1207 577 1391
1376616600 399 1409 601 2621
1376614800 415 1226 510 1342
1376613000 474 1764 1298 22338
1376611200 872 13830 1525 32514
1376609400 775 12099 1330 22250
1376607600 1038 15197 2008 40886
1376605800 672 2645 2749 19759
1376604000 2089 19652 4233 60981
1376602200 1170 7072 3019 29238
1376600400 1745 13211 3019 29238
1376598600 1568 8048 1818 10651
1376596800 1623 6770 1971 11224
1376595000 1418 8231 1629 14084
1376593200 1480 4852 1659 6197
1376591400 1451 9215 2234 16463
1376589600 1576 15046 2568 30746
1376587800 59791 2212330 208913 6606998
1376586000 1038 6495 2589 28619
1376584200 1205 7613 1781 12762
1376582400 1594 14901 3721 21563
1376580600 1079 11741 1668 20067
1376578800 459 3828 1062 17483
1376577000 523 1866 641 2496
1376575200 608 1372 989 1891
1376573400 497 1210 695 1622
1376571600 456 1023 576 1501
1376569800 392 837 650 1000
1376568000 347 802 462 841
1376566200 307 1203 354 3398
1376564400 379 901 504 1072
1376562600 333 813 423 898
1376560800 319 767 431 840
1376559000 457 1215 948 2787
1376557200 432 820 804 864
1376555400 309 778 378 930
1376553600 385 1002 524 1730
1376551800 500 1211 732 1716
1376550000 408 859 524 981
1376548200 418 991 523 1262
1376546400 419 894 515 1111
1376544600 470 971 707 1307
1376539200 690 13193 3632 153755
1376532000 622 2028 1095 13526
1376524800 2146 33557 7256 274691
1376517600 1690 21042 5487 154384
1376510400 1381 7752 1958 22003
1376503200 1145 7075 2311 32269
1376496000 712 2865 1501 14587
1376488800 760 11025 5650 230621
1376481600 409 861 564 1146
1376474400 427 938 746 2247
1376467200 414 981 611 1510
1376460000 410 992 2898 110799
1376452800 529 5567 2898 110799
1376445600 578 1876 1322 9405
1376438400 7584 16174 134604 139750
1376431200 1507 8530 6619 49056
1376424000 1418 6831 6238 28230
1376416800 1159 6426 2356 21792
1376409600 986 17693 8978 376992
1376402400 439 1264 696 3331
1376395200 409 899 741 1150
1376388000 461 1015 943 2934
1376380800 415 970 734 1356
1376373600 385 932 538 1223
1376366400 396 940 641 1335
1376359200 469 1620 941 4603
1376352000 1162 8401 3845 53483
1376344800 1175 9354 3492 34147
1376337600 2497 9361 7111 31460
1376330400 13151 17328 287117 291355
1376323200 727 3784 1217 17822
1376316000 520 1306 894 4563
1376308800 386 787 503 1001
1376301600 431 929 597 2819
1376294400 395 845 690 1369
1376287200 390 797 555 1025
1376280000 398 796 582 1033
1376272800 408 848 832 1374
1376265600 458 858 852 1259
1376258400 397 904 588 3163
1376251200 396 1065 599 6537
1376244000 406 814 681 1145
1376236800 428 935 660 2553
1376229600 413 814 639 1043
1376222400 415 848 996 1207
1376215200 378 793 573 1091
1376208000 389 803 544 1032
1376200800 408 803 970 1033
1376193600 432 858 970 1139
1376186400 388 806 534 968
1376179200 452 839 678 1125
1376172000 450 982 640 3278
1376164800 491 931 925 2210
1376157600 468 862 735 1072
1376150400 502 1609 949 16991
1376143200 498 917 802 1296
1376136000 467 882 1033 1210
1376128800 465 852 1033 1234
1376121600 395 841 530 1663
1376114400 449 843 874 1205
1376107200 403 843 510 1145
1376100000 415 967 518 2933
1376092800 481 1477 628 1890
1376085600 5027 117252 38206 1036841
1376078400 76935 931590 1098918 1145252
1376071200 6429 166421 44692 1722952
1376064000 1264 6037 4054 80863
1376056800 602 4960 3544 80863
1376049600 341 826 638 1056
1376042400 421 976 1105 2880
1376035200 332 893 584 1432
1376028000 353 892 614 1316
1376020800 379 907 786 1707
1376013600 335 983 593 3337
1376006400 402 1198 706 1699
1375999200 2480 13414 31397 145560
1375992000 698 4023 1404 15139
1375984800 753 2764 1337 7350
1375977600 752 4835 3476 23483
1375970400 726 2282 3476 14766
1375963200 360 909 697 1404
1375956000 360 1010 481 2923
1375948800 355 968 494 1519
1375941600 357 945 468 2637
1375934400 376 905 608 1104
1375927200 439 1322 804 3929
1375920000 663 3659 1472 26981
1375912800 1695 7022 24730 113539
1375905600 1075 6648 4345 84916
1375898400 1241 6518 4687 19539
1375891200 33802 36878 689869 678393
1375884000 1457 1965 21950 5969
1375876800 458 960 1113 1246
1375869600 396 964 597 3014
1375862400 391 1077 658 3014
1375855200 394 1033 630 3172
1375848000 462 1209 905 5188
1375840800 455 1035 679 1415
1375833600 1608 3258 22249 24656
1375826400 11868 9850 242843 69068
1375819200 769 3979 2246 29241
1375812000 828 3882 3522 25928
1375804800 10560 10715 231976 62855
1375797600 823 7540 3853 134260
1375790400 450 944 780 1246
1375783200 439 974 836 2107
1375776000 376 903 634 1272
1375768800 385 889 739 1097
1375761600 362 863 519 1189
1375754400 2450 4008 4430 8015
1375747200 5428 8771 7093 11466
1375740000 13627 45146 36448 235796
1375732800 1479 29344 13898 581026
1375725600 1246 13353 3033 81381
1375718400 21892 25962 312606 466268
1375711200 798 2888 1800 9696
1375704000 474 1175 857 1636
1375696800 468 1199 814 1573
1375689600 421 1078 520 1520
1375682400 415 1125 639 3052
1375675200 414 1026 621 1355
1375668000 417 1032 727 1234
1375660800 396 1010 604 1320
1375653600 415 1072 646 1761
1375646400 423 1329 751 7385
1375639200 396 1015 698 1244
1375632000 469 1147 1201 2693
1375624800 471 1064 782 1306
1375617600 466 1077 856 1407
1375610400 499 1143 957 1709
1375603200 399 1068 593 1418
1375596000 398 1049 699 1360
1375588800 431 1072 1044 1617
1375581600 448 1094 918 1480
1375574400 478 1144 988 1818
1375567200 515 1300 776 3034
1375560000 482 1159 885 1722
1375552800 486 1640 849 13578
1375545600 471 1889 1033 17175
1375538400 399 1219 596 1476
1375531200 403 1274 593 2913
1375524000 418 1103 696 1478
1375516800 402 1105 547 1579
1375509600 414 1122 625 1357
1375502400 427 1104 773 1427
1375495200 468 1631 738 3534
1375488000 1284 18255 10466 301734
1375480800 70746 74894 1681337 1693062
1375473600 5832 18869 105186 140078
1375466400 701 6596 1785 54572
1375459200 2079 10199 12763 33844
1375452000 41559 43619 983003 991125
1375444800 274 735 378 1204
1375437600 275 720 467 1060
1375430400 276 764 447 1103
1375423200 304 828 770 2176
1375416000 285 751 484 1027
1375408800 311 848 853 1377
1375401600 385 1686 1288 9471
1375394400 1133 4607 8293 12174
1375387200 667 4728 1290 14677
1375380000 20899 26034 241930 186011
1375372800 1502 15336 8676 215000
1375365600 279 1048 496 2420
1375358400 248 660 607 863
1375351200 230 679 382 1084
1375344000 236 641 625 863
1375336800 219 687 384 876
1375329600 237 689 375 858
1375322400 241 967 411 2693
1375315200 427 2667 1369 14335
1375308000 728 2845 6056 12284
1375300800 241385 19588 1104651 87274
1375293600 2302 6710 24628 30296
1375286400 7931 6758 69087 28779
1375279200 1200 4856 3854 16678
1375272000 259 653 386 834
1375264800 269 731 487 1118
1375257600 244 656 366 855
1375250400 254 745 342 1921
1375243200 252 703 431 1307
1375236000 245 710 326 1036
1375228800 306 1289 619 6040
1375221600 854 4730 5139 23901
1375214400 999 4498 4918 30397
1375207200 22678 36151 513767 280971
1375200000 7004 251107 17994 565461
1375192800 1155 15330 7900 134413
1375185600 175 728 309 1259
1375178400 187 839 310 2630
1375171200 186 744 351 1127
1375164000 197 777 389 1285
1375156800 207 776 311 1056
1375149600 208 880 398 2382
1375142400 222 1017 425 5590
1375135200 2330 31464 14653 308361
1375128000 1080 7335 3897 33672
1375120800 964 6880 4038 56845
1375113600 1196 19033 4666 169753
1375106400 765 4233 4666 17757
1375099200 316 703 1848 2802
1375092000 227 692 391 2774
1375084800 212 596 419 1141
1375077600 217 590 500 964
1375070400 226 592 464 832
1375063200 223 592 334 742
1375056000 232 581 699 704
1375048800 252 631 746 1211
1375041600 211 578 437 760
1375034400 207 575 362 926
1375027200 226 596 347 786
1375020000 228 678 546 2688
1375012800 216 582 340 753
1375005600 218 577 391 707
1374998400 210 574 329 732
1374991200 234 593 626 880
1374984000 220 581 455 845
1374976800 238 591 758 813
1374969600 211 570 311 724
1374962400 333 879 2267 3651
1374955200 209 571 356 726
1374948000 203 570 299 701
1374940800 224 623 400 935
1374933600 260 1343 882 17764
1374926400 214 597 476 1266
1374919200 236 623 851 1266
1374912000 213 584 355 729
1374904800 230 614 560 910
1374897600 215 636 463 1359
1374890400 248 719 994 2572
1374883200 377 1642 2799 13982
1374876000 564 3203 2277 13836
1374868800 669 3575 1456 10299
1374861600 3122 5137 36667 26798
1374854400 6389 12199 134929 140903
1374847200 10712 6504 248337 113383
1374840000 256 730 633 1389
1374832800 259 825 673 1804
1374825600 237 729 427 1063
1374818400 234 809 471 2235
1374811200 249 731 594 1010
1374804000 241 762 363 1410
1374796800 513 13483 5569 295117
1374789600 667 3547 4266 19160
1374782400 2635 43982 7554 166477
1374775200 849 5637 2881 19751
1374768000 870 8107 1449 18093
1374760800 645 5984 3218 76216
1374753600 246 669 473 903
1374746400 222 735 453 2502
1374739200 295 1017 547 7103
1374732000 302 772 463 933
1374724800 305 806 485 2041
1374717600 400 1056 714 3529
1374710400 588 3182 1502 16455
1374703200 1803 9391 11578 22504
1374696000 2071 50299 9590 397618
1374688800 2007 10786 7957 37611
1374681600 1088 9663 3336 37611
1374674400 1366 32639 15721 697449
1374667200 232 771 341 2642
1374660000 238 784 436 2905
1374652800 215 673 421 834
1374645600 237 717 479 1599
1374638400 262 731 640 1148
1374631200 398 1086 2217 4937
1374624000 410 1494 1063 3414
1374616800 1157 28688 14717 630032
1374609600 793 3808 2517 15325
1374602400 1146 3847 12093 40712
1374595200 1218 5814 4297 34368
1374588000 505 2360 1277 7879
1374580800 305 1506 519 2166
1374573600 301 1634 537 3050
1374566400 303 1551 422 1790
1374559200 331 1589 701 1963
1374552000 311 1679 617 5231
1374544800 324 1722 506 3075
1374537600 339 1693 651 4690
1374530400 529 4830 1767 19043
1374523200 1817 12305 5994 56355
1374516000 554 2641 2871 10286
1374508800 876 5502 3697 21938
1374501600 1595 29307 6045 106495
1374494400 228 620 472 949
1374487200 248 689 646 1768
1374480000 239 643 395 820
1374472800 233 634 404 1078
1374465600 223 623 344 1038
1374458400 241 619 458 820
1374451200 225 624 386 1232
1374444000 223 675 382 2126
1374436800 230 599 391 791
1374429600 225 601 344 768
1374422400 256 629 668 915
1374415200 251 716 732 3442
1374408000 218 602 341 942
1374400800 215 598 518 944
1374393600 231 608 441 823
1374386400 222 609 342 1061
1374379200 222 594 328 800
1374372000 226 608 432 933
1374364800 219 603 421 824
1374357600 220 712 383 3001
1374350400 229 613 476 812
1374343200 247 624 732 805
1374336000 229 667 514 1302
1374328800 253 748 677 3267
1374321600 231 639 348 850
1374314400 221 608 420 991
1374307200 237 644 444 846
1374300000 229 642 360 1029
1374292800 227 642 390 1350
1374285600 245 739 530 1952
1374278400 257 834 555 1236
1374271200 291 1190 822 4165
1374264000 267 1051 476 1351
1374256800 247 1034 671 1669
1374249600 294 1318 671 2468
1374242400 305 1604 1238 18191
1374235200 231 731 483 1378
1374228000 254 1142 484 8267
1374220800 236 794 387 1391
1374213600 252 1028 450 7391
1374206400 233 730 413 1014
1374199200 263 813 642 2147
1374192000 266 927 373 1286
1374184800 279 1089 499 1595
1374177600 287 1370 617 4156
1374170400 268 1373 442 4707
1374163200 269 1287 520 1853
1374156000 294 1248 1146 4186
1374148800 231 856 409 1544
1374141600 283 2167 1196 26909
1374134400 236 858 388 1134
1374127200 245 864 431 1316
1374120000 261 839 722 1055
1374112800 269 1042 459 4522
1374105600 262 1116 442 2690
1374098400 263 1272 465 1560
1374091200 272 1793 442 8283
1374084000 271 1173 391 1737
1374076800 271 1190 439 1866
1374069600 299 1219 1088 5097
1374062400 232 800 382 1325
1374055200 232 780 370 1291
1374048000 256 768 912 1055
1374040800 248 812 373 1309
1374033600 234 748 387 939
1374026400 269 1055 485 2224
1374019200 607 2785 2807 8756
1374012000 1330 4693 3221 29520
1374004800 788 5585 3431 35980
1373997600 1686 3946 8151 11640
1373990400 879 4236 2907 11579
1373983200 18940 27149 433611 362023
1373976000 229 700 589 1193
1373968800 217 794 371 2456
1373961600 212 698 475 949
1373954400 216 708 327 1183
1373947200 220 855 341 3097
1373940000 244 1035 458 3116
1373932800 325 1468 27145 9746
1373925600 2349 6095 27145 32936
1373918400 1845 13193 7801 72060
1373911200 1024 6686 3336 20131
1373904000 1015 8597 8072 127890
1373896800 882 8704 7886 153941
1373889600 3 432 4 496
1373882400 3 425 4 488
1373875200 3 430 4 505
1373868000 3 430 4 531
1373860800 3 433 4 496
1373853600 3 428 4 523
1373846400 3 428 4 500
1373839200 3 428 4 491
1373832000 3 435 4 586
1373824800 3 427 4 496
1373817600 3 430 4 497
1373810400 3 425 4 493
1373803200 3 429 4 508
1373796000 3 428 4 497
1373788800 3 433 4 509
1373781600 3 428 4 487
1373774400 3 633 4 3768
1373767200 3 432 4 497
1373760000 3 432 4 537
1373752800 3 444 4 657
1373745600 3 370 4 452
1373738400 3 374 4 458
1373731200 3 376 4 415
1373724000 3 373 4 420
1373716800 3 373 4 427
1373709600 3 379 4 433
1373702400 3 392 4 545
1373695200 3 376 4 432
1373688000 3 373 4 438
1373680800 351 3253 2158 20064
1373673600 1248 7797 6771 41520
1373666400 917 5860 3073 21422
1373659200 1129 7605 5469 47138
1373652000 872 3767 3764 12593
1373644800 334 1690 969 11460
1373637600 276 842 382 1185
1373630400 251 632 385 794
1373623200 254 706 705 2283
1373616000 235 612 357 821
1373608800 321 712 2010 2249
1373601600 274 778 435 3433
1373594400 375 1322 1218 5611
1373587200 2242 11693 7401 61144
1373580000 623 2693 2136 12460
1373572800 1177 7807 4277 28102
1373565600 806 4903 3827 17959
1373558400 464 2862 2513 17959
1373551200 266 876 775 2209
1373544000 206 588 380 768
1373536800 211 697 403 2437
1373529600 225 672 444 1029
1373522400 215 654 381 833
1373515200 211 649 348 1191
1373508000 254 982 570 2594
1373500800 2297 11657 5506 103285
1373493600 662 8630 3344 103285
1373486400 4066 13468 18971 62441
1373479200 751 11354 4580 183263
1373472000 704 2091 4349 7255
1373464800 433 1710 1788 6843
1373457600 176 609 366 775
1373450400 188 690 316 1809
1373443200 174 647 334 857
1373436000 180 715 289 2395
1373428800 176 633 312 760
1373421600 186 646 313 777
1373414400 187 773 292 1764
1373407200 587 16653 8977 363028
1373400000 209 1063 350 1540
1373392800 222 1268 370 4382
1373385600 208 1039 398 1446
1373378400 204 942 391 1536
1373371200 172 659 343 851
1373364000 183 732 305 1757
1373356800 173 662 259 775
1373349600 291 829 1555 2523
1373342400 260 928 679 4818
1373335200 213 772 366 1979
1373328000 255 884 576 1480
1373320800 276 1797 911 17327
1373313600 242 1099 402 1675
1373306400 247 1171 364 4839
1373299200 252 1139 547 1877
1373292000 229 891 513 1986
1373284800 201 576 382 747
1373277600 208 596 340 734
1373270400 233 602 751 810
1373263200 220 595 600 832
1373256000 211 589 392 769
1373248800 206 587 317 735
1373241600 201 580 295 725
1373234400 222 853 380 4761
1373227200 196 583 377 836
1373220000 201 578 525 863
1373212800 219 607 492 1263
1373205600 226 615 641 888
1373198400 200 599 343 808
1373191200 207 588 377 746
1373184000 201 587 440 776
1373176800 208 601 341 760
1373169600 207 583 302 728
1373162400 198 583 341 727
1373155200 222 633 431 1196
1373148000 244 1411 764 16870
1373140800 214 587 372 683
1373133600 220 585 686 716
1373126400 313 722 2288 2691
1373119200 262 658 483 1082
1373112000 305 675 451 840
1373104800 280 745 414 3316
1373097600 264 645 386 771
1373090400 272 645 439 1012
1373083200 287 670 581 1017
1373076000 324 802 723 3074
1373068800 338 713 753 959
1373061600 381 848 1839 2500
1373054400 301 716 571 1151
1373047200 341 855 717 2263
1373040000 304 681 400 832
1373032800 290 701 454 1281
1373025600 283 650 488 846
1373018400 303 744 502 2251
1373011200 289 661 573 929
1373004000 304 680 482 1007
1372996800 337 704 721 1144
1372989600 318 772 799 3017
1372982400 288 650 488 853
1372975200 388 1367 854 16770
1372968000 318 936 744 6903
1372960800 296 869 543 3848
1372953600 308 697 578 1064
1372946400 314 711 547 959
1372939200 295 669 492 832
1372932000 326 740 730 1826
1372924800 292 670 420 828
1372917600 310 821 420 3462
1372910400 322 690 758 1303
1372903200 322 768 720 1973
1372896000 340 733 629 1048
1372888800 366 977 711 2775
1372881600 402 1205 704 1637
1372874400 438 1386 1661 4569
1372867200 428 1141 1172 2310
1372860000 417 1169 1053 2159
1372852800 310 691 763 1091
1372845600 316 748 729 2254
1372838400 305 696 508 1089
1372831200 298 687 457 920
1372824000 361 1017 552 4764
1372816800 1094 14459 2021 31060
1372809600 1327 11340 2625 23923
1372802400 1719 47505 11303 548124
1372795200 728 4817 2205 20284
1372788000 686 2948 1605 23020
1372780800 641 2400 1583 6522
1372773600 809 3656 2975 17315
1372766400 382 1006 622 1334
1372759200 364 1073 526 2121
1372752000 354 908 477 1142
1372744800 384 992 727 2192
1372737600 452 1036 1109 2343
1372730400 406 1042 767 2162
1372723200 493 1414 1216 14365
1372716000 1492 16547 7795 173614
1372708800 899 4129 2473 18761
1372701600 6537 247956 70014 2937079
1372694400 1483 10161 4506 111770
1372687200 663 2745 2334 8905
1372680000 241 560 406 817
1372672800 254 564 414 851
1372665600 246 553 374 794
1372658400 239 548 400 730
1372651200 270 556 733 1265
1372644000 331 572 1091 904
1372636800 351 604 753 899
1372629600 319 1336 1134 16950
1372622400 329 883 1087 6032
1372615200 358 645 1680 2239
1372608000 397 565 1154 782
1372600800 245 542 375 864
1372593600 249 553 425 783
1372586400 274 545 627 791
1372579200 239 535 452 791
1372572000 241 526 428 737
1372564800 338 585 1165 1375
1372557600 293 588 1210 1582
1372550400 247 538 422 669
1372543200 359 837 1360 3295
1372536000 358 706 1102 1604
1372528800 281 571 530 749
1372521600 265 548 403 697
1372514400 351 639 872 1144
1372507200 248 555 447 707
1372500000 241 602 438 2007
1372492800 266 572 673 833
1372485600 251 558 396 815
1372478400 260 556 611 837
1372471200 286 663 691 4961
1372464000 1666 11213 5297 109519
1372456800 1703 6407 17223 63935
1372449600 552 3204 1718 30173
1372442400 1214 5458 4158 28366
1372435200 980 2771 5795 15943
1372428000 427 1936 831 17040
1372420800 356 1035 467 1871
1372413600 360 1005 557 2214
1372406400 355 905 621 1388
1372399200 364 882 563 1046
1372392000 378 933 516 1409
1372384800 482 1962 17579 22982
1372377600 2017 36778 17579 470367
1372370400 1495 30026 9822 471548
1372363200 17706 22063 407062 413176
1372356000 1051 4730 1854 12950
1372348800 560 1699 1493 4910
1372341600 310 1036 565 2839
1372334400 256 703 448 918
1372327200 271 815 463 2286
1372320000 261 743 412 1076
1372312800 269 705 646 913
1372305600 323 894 964 2683
1372298400 373 1641 1765 47924
1372291200 850 7247 3125 47924
1372284000 1400 9412 2781 21744
1372276800 1359 6881 4808 12858
1372269600 1889 31545 7694 214002
1372262400 1219 25459 7634 219874
1372255200 281 1608 751 17301
1372248000 227 672 396 802
1372240800 256 758 790 1986
1372233600 226 706 425 1109
1372226400 232 682 421 927
1372219200 642 4170 1509 14342
1372204800 511 2764 2954 33623
1372118400 774 4954 5902 144886
1372032000 331 700 1175 16698
1371945600 326 693 829 2713
1371859200 725 7429 14486 594179
1371772800 18424 21105 1647270 1652649
1371686400 5486 10834 1148808 1154457
1371600000 6621 17363 1677027 1255767
1371513600 927 10160 94214 472120
1371427200 263 569 2414 2918
1371340800 305 1460 2923 112870
1371254400 797 5395 52737 146003
1371168000 2253 38147 248701 1650786
1371081600 825 6792 17483 311966
1370995200 719 4755 7529 146616
1370908800 9655 19507 1404909 1476783
1370822400 145 494 578 2648
1370736000 145 485 605 2676
1370649600 173 709 644 7211
1370563200 184 695 643 2755
1370476800 597 937 19152 21794
1370390400 2227 17061 201185 3573073
1370304000 572 7514 20734 1231806
1370217600 197 526 673 2372
1370131200 205 550 857 2076
1370044800 224 777 834 8633
1369958400 468 5099 8464 244960
1369872000 2307 4681 262630 267647
1369785600 3 451 4 1093
1369699200 3 311 4 377
1369612800 3 313 4 380
1369526400 3 316 4 382
1369440000 3 406 3530 27394
1369353600 344 3381 4452 114424
1369267200 655 2914 86521 105020
1369180800 755 3903 103127 152123
1369094400 495 6337 6931 217743
1369008000 3 255 4 317
1368921600 15 544 1836 70197
1368835200 450 4222 5677 132606
1368748800 7396 11161 1769466 1216627
1368662400 1040 5193 24477 172503
1368576000 1557 11745 17853 748407
1368489600 4339 47013 328913 1832552
1368403200 345 649 800 8866
1368316800 357 669 1668 9390
1368230400 2042 40736 129565 5329720
1368144000 770 6421 19948 845481
1368057600 3 516 4 1375
1367971200 3 562 4 1145
1367884800 3 489 4 2062
1367798400 3 316 4 532
1367712000 3 347 4 581
1367625600 3 509 4 2182
1367539200 3 628 4 2914
1367452800 3 599 4 2008
1367366400 3 611 4 2136
1367280000 3 591 4 2171
1367193600 3 379 4 607
1367107200 3 430 4 654
1367020800 3 563 4 1246
1366934400 3 574 4 1733
1366848000 3 533 4 1288
1366761600 3 591 4 1886
1366675200 3077 22473 517941 694717
1366588800 12 271 424 462
1366502400 13 279 408 584
1366416000 6426 16365 1154617 1330700
1366329600 968 11583 7987 862111
1366243200 2366 8419 10566 124987
1366156800 2686 2853 507621 144077
1366070400 4076 5768 1015413 281206
1365984000 12 381 465 625
1365897600 12 392 421 850
1365811200 1122 17538 59625 2658516
1365724800 992 13966 26018 1138810
1365638400 4142 9258 451692 451019
1365552000 96535 45126 5907339 2941068
1365465600 3930 6845 838756 332232
1365379200 8 350 434 626
1365292800 18 383 464 719
1365206400 18896 21997 2719368 3150346
1365120000 821 4574 7120 155286
1365033600 737 3044 8447 66994
1364947200 1065 9002 9331 178849
1364860800 693 8280 10212 363454
1364774400 12 483 422 969
1364688000 12 507 463 901
1364601600 635 9838 30291 1387767
1364515200 2200 16569 239201 1443666
1364428800 2097 4877 212590 519142
1364342400 2233 6321 433909 275386
1364256000 1184 5306 226585 237941
1364169600 16 474 548 1157
1364083200 14 480 470 934
1363996800 912 3937 31523 110919
1363910400 1085 7211 11795 135075
1363824000 1679 7537 9135 97728
1363737600 1523 5309 7617 118441
1363651200 1475 9458 52232 285751
1363564800 84 505 523 833
1363478400 79 489 507 955
1363392000 3208 8464 347830 277766
1363305600 14944 7449 3038060 547144
1363219200 1558 12499 20576 916892
1363132800 1219 7988 78665 691707
1363046400 406 4338 5477 191518
1362960000 16 434 456 1742
1362873600 17 476 472 6413
1362787200 1073 4561 95621 415135
1362700800 1034 3912 6617 70646
1362614400 525 3898 8509 132131
1362528000 1362 5537 22610 120741
1362441600 3219 16861 461575 2189013
1362355200 3 464 4 1756
1362268800 3 509 4 10535
1362182400 3 787 4 10783
1362096000 3 958 4 19148
1362009600 3 690 4 2174
1361923200 3 734 4 5874
1361836800 779 4629 77002 128442
1361750400 3 430 4 1799
1361664000 132 1442 6600 42348
1361577600 3008 6509 223067 442256
1361491200 857 5177 42783 442256
1361404800 572 7325 7439 316479
1361318400 546 3137 71082 73789
1361232000 3 914 4 24747
1361145600 3 722 4 1630
1361059200 3 719 4 1406
1360972800 727 4851 8405 193831
1360886400 13879 19076 3608698 3629587
1360800000 1193 10929 43903 797623
1360713600 3201 3940 710573 101311
1360627200 695 8955 10694 291999
1360540800 27 697 458 1101
1360454400 28 706 463 2044
1360368000 38 1322 1233 57432
1360281600 6181 11254 1317246 1563086
1360195200 1122 9127 11061 453930
1360108800 1562 6245 124801 205140
1360022400 1774 5266 231065 334685
1359936000 24 703 467 1050
1359849600 24 804 457 14143
1359763200 9773 12523 1692893 1549397
1359676800 1238 5061 64444 78537
1359590400 1122 4203 4569 36460
1359504000 1441 7257 145554 453538
1359417600 1234 6143 144586 151170
1359331200 3 723 4 2020
1359244800 3 728 4 1992
1359158400 3 1187 4 13760
1359072000 3 1488 4 51962
1358985600 3 1070 4 18839
1358899200 6 1102 51 25501
1358812800 23 847 464 7324
1358726400 23 827 463 2212
1358640000 76 1056 1556 11650
1358553600 1224 7494 15174 380927
1358467200 1003 9644 10431 351996
1358380800 2462 9701 529451 662015
1358294400 2482 7731 338158 282444
1358208000 574 3756 15872 144850
1358121600 3 665 4 886
1358035200 3 678 4 896
1357948800 2630 6448 440138 445559
1357862400 1892 5023 315552 320003
1357776000 705 4364 6399 82419
1357689600 886 4537 71222 145285
1357603200 3 931 4 2499
1357516800 3 656 4 906
1357430400 3 668 4 853
1357344000 3 827 4 1919
1357257600 3 913 4 1865
1357171200 3 806 4 3361
1357084800 11 614 474 772
1356998400 23 780 463 1458
1356912000 22 697 460 833
1356825600 129 1131 15194 45401
1356739200 4024 10815 453700 884864
1356652800 1003 8622 13339 526847
1356566400 585 9473 23024 796670
1356480000 3 584 4 663
1356393600 3 583 4 662
1356307200 3 584 4 654
1356220800 3 591 4 778
1356134400 3 788 4 1342
1356048000 3 861 4 1577
1355961600 3 811 4 1770
1355875200 4 809 52 1335
1355788800 29 804 460 1531
1355702400 23 683 459 969
1355616000 114 1683 8607 86847
1355529600 2088 10867 196970 947063
1355443200 1045 23848 33658 1400081
1355356800 1114 18380 21147 569551
1355270400 4370 11830 853864 861576
1355184000 1357 14255 44676 1781089
1355097600 336 993 884 2144
1355011200 353 1043 867 2314
1354924800 500 1441 1419 4450
1354838400 1109 5792 128112 464135
1354752000 2207 21860 253073 1282084
1354665600 1159 7029 82157 335650
1354579200 696 4671 39354 170538
1354492800 21 650 449 890
1354406400 67 1044 1766 41362
1354320000 1147 5130 6607 106431
1354233600 1266 19705 25744 1180220
1354147200 3262 10449 40695 184377
1354060800 1520 7058 246960 321101
1353974400 560 3631 5011 142337
1353888000 20 325 448 770
1353801600 19 323 443 1048
1353715200 20 322 464 550
1353628800 19 325 460 605
1353542400 4105 11798 856329 855691
1353456000 2428 10187 422081 1547543
1353369600 1168 3229 98936 91767
1353283200 21 332 452 601
1353196800 30 533 1214 19478
1353110400 909 5506 13346 154010
1353024000 933 9287 16273 624348
1352937600 2927 7373 660614 690653
1352851200 3 618 4 1743
1352764800 3 507 4 1299
1352678400 3 365 4 538
1352592000 3 379 4 570
1352505600 3 598 4 1742
1352419200 3 579 4 1035
1352332800 3 613 4 1165
1352246400 3 567 4 1585
1352160000 3 434 4 1197
1352073600 3 287 4 370
1351987200 3 335 4 543
1351900800 3 520 4 1015
1351814400 3 526 4 1123
1351728000 3 523 4 1397
1351641600 8 433 48 549
1351555200 21 462 457 945
1351468800 24 470 560 804
1351382400 24 472 465 815
1351296000 1145 6358 29670 117076
1351209600 1101 5613 8123 140623
1351123200 1052 5989 17775 141129
1351036800 692 3575 15878 26690
1350950400 406 3311 4472 193029
1350864000 21 498 450 2442
1350777600 21 502 447 1602
1350691200 902 6300 18481 457983
1350604800 3910 9048 720929 1166950
1350518400 598 1257 2081 7819
1350432000 1071 4733 21040 130719
1350345600 4890 14978 1085075 1224958
1350259200 23 493 453 986
1350172800 34 541 990 7207
1350086400 778 3230 3354 44451
1350000000 2549 18797 362688 1313877
1349913600 19729 28060 4451886 4783493
1349827200 955 2954 1646 38135
1349740800 559 4155 32634 190200
1349654400 14 530 79 715
1349568000 27 546 445 900
1349481600 28 717 555 1528
1349395200 131 3534 3950 157105
1349308800 818 6193 3972 140983
1349222400 1406 5444 221918 310241
1349136000 893 23780 42306 1675604
1349049600 18 417 453 805
1348963200 144 4458 16872 609683
1348876800 16107 38371 1710817 2538548
1348790400 438 4535 4323 93745
1348704000 693 4071 4187 134241
1348617600 840 3102 35814 304705
1348531200 3528 14205 802604 1331345
1348444800 3 441 4 701
1348358400 12 531 4596 135591
1348272000 692 5588 4596 135591
1348185600 1387 4752 139367 148579
1348099200 848 7569 9650 196324
1348012800 1014 5323 25495 361441
1347926400 2052 12189 292149 517641
1347840000 3 450 4 600
1347753600 3 454 4 593
1347667200 2848 6651 715044 720330
1347580800 19116 37747 1739020 2161890
1347494400 3 655 4 3580
1347408000 4833 9574 1212416 1215732
1347321600 12856 16088 2438225 2902821
1347235200 3 426 4 556
1347148800 19 517 1760 8550
1347062400 690 5366 6999 264321
1346976000 1489 5250 230998 236108
1346889600 4491 22978 790949 1508604
1346803200 5530 12378 1207426 1212276
1346716800 119 686 643 1002
1346630400 118 681 550 1010
1346544000 119 677 544 973
1346457600 10303 15181 1501270 992777
1346371200 1170 15355 23545 908026
1346284800 3674 28582 315496 1720138
1346198400 1050 3182 1795 7912
1346112000 6614 12195 826755 834441
1346025600 463 1014 913 2175
1345939200 468 1078 1168 5897
1345852800 2235 13267 246871 762932
1345766400 1163 10236 111175 514539
1345680000 10660 17354 1018777 1189383
1345593600 29197 33012 1504058 1515339
1345507200 539 5504 7711 154642
1345420800 6 482 122 713
1345334400 268 6737 17899 852232
1345248000 4899 16040 538814 1707359
1345161600 1010 6660 7540 264992
1345075200 1275 10398 12098 500662
1344988800 1249 8523 10480 451260
1344902400 2020 10629 344024 754531
1344816000 3 478 4 555
1344729600 94 1932 23108 246893
1344643200 5252 9961 1178071 1177974
1344556800 1410 11244 490945 1610574
1344470400 3606 13760 490945 712016
1344384000 21417 24860 2662473 1494481
1344297600 776 13892 22940 1031159
1344211200 3 465 4 541
1344124800 3 472 4 665
1344038400 1469 24034 66311 2139877
1343952000 20262 16396 3496962 1680578
1343865600 6230 12702 661216 661448
1343779200 1513 7813 228469 254456
1343692800 968 5578 29128 120202
1343606400 3 462 4 539
1343520000 39 533 304 885
1343433600 6564 18786 514054 670019
1343347200 4683 18314 536441 1910370
1343260800 9374 25807 1126706 1845782
1343174400 1188 3033 1864 5552
1343088000 1838 12671 281203 1107310
1343001600 3 511 4 708
1342915200 10 584 318 9707
1342828800 835 5668 3996 95027
1342742400 4230 23708 350792 1155277
1342656000 3915 131974 151558 4697077
1342569600 602 8354 9440 339700
1342483200 4543 22171 517561 1781479
1342396800 3 486 4 570
1342310400 21 692 26789 53270
1342224000 3957 9528 642577 652595
1342137600 20717 12664 5349337 352378
1342051200 660 5005 13052 306703
1341964800 4154 18427 378965 801255
1341878400 582 4698 11105 158042
1341792000 3 495 4 611
1341705600 3 502 4 587
1341619200 3 589 4 1144
1341532800 3 610 4 1231
1341446400 3 494 4 593
1341360000 2121 8070 192535 233408
1341273600 5251 45082 961123 3388700
1341187200 3 488 4 649
1341100800 11 538 7464 28357
1341014400 2193 14554 319825 1451642
1340928000 915 5405 95447 295324
1340841600 2862 11874 291216 498676
1340755200 3779 17602 331287 1729404
1340668800 713 12323 41785 1887975
1340582400 3 497 4 585
1340496000 3 508 4 968
1340409600 3 1004 4 3388
1340323200 69 1874 1519 24120
1340236800 899 4870 2957 62307
1340150400 1294 11409 24509 993043
1340064000 784 8322 47494 193791
1339977600 3 540 4 774
1339891200 19 603 883 3713
1339804800 887 3975 8364 148682
1339718400 5394 22184 510208 1009097
1339632000 255740 264397 4721144 4741959
1339545600 894362 944103 5433883 6419564
1339459200 18754 25650 2307884 2302905
1339372800 3 513 4 604
1339286400 14 621 3452 184835
1339200000 3996 9128 290687 432444
1339113600 14898 43578 1573086 3630991
1339027200 1310 5623 65286 193452
1338940800 837 3199 1351 8752
1338854400 1110 12826 85985 549931
1338768000 3 540 4 763
1338681600 3 545 4 753
1338595200 3 958 4 2786
1338508800 3 1048 4 5753
1338422400 3 674 4 2985
1338336000 3 697 4 1994
1338249600 3 521 4 624
1338163200 3 526 4 626
1338076800 33 1054 2334 60604
1337990400 2585 8188 251802 347416
1337904000 1274 5528 200886 209473
1337817600 1217 6444 6000 186113
1337731200 3207 9243 475683 476011
1337644800 6169 9254 711498 492553
1337558400 3 318 4 397
1337472000 3 330 4 1720
1337385600 2485 9542 360564 325203
1337299200 1535 5345 221086 267899
1337212800 1282 9620 22959 162776
1337126400 4860 10455 361152 371480
1337040000 563 4029 21669 161117
1336953600 3 386 4 489
1336867200 3 428 4 703
1336780800 925 8701 25057 426824
1336694400 1145 7668 19233 238909
1336608000 1045 2896 3213 13551
1336521600 2245 9568 60921 253317
1336435200 2411 11641 258273 392788
1336348800 3 433 4 8062
1336262400 3 384 4 522
1336176000 1506 7548 260195 516681
1336089600 3 763 4 7067
1336003200 55 3423 4361 210592
1335916800 2391 11925 322878 263816
1335830400 1472 6886 101237 296991
1335744000 3 424 4 522
1335657600 35 742 6654 91429
1335571200 1222 12904 47021 1814726
1335484800 1907 4062 188398 98401
1335398400 1452 4805 12521 258065
1335312000 1715 7222 140169 280360
1335225600 2281 9234 221659 332025
1335139200 3 306 4 389
1335052800 3 313 4 609
1334966400 2020 9527 102999 460218
1334880000 979 8893 91172 385646
1334793600 620 12524 15158 576713
1334707200 2239 11920 240070 521539
1334620800 703 4736 6058 126443
1334534400 244 500 776 1876
1334448000 282 578 747 2836
1334361600 10765 39288 1027629 3656904
1334275200 235 945 758 9474
1334188800 719 1701 83658 85543
1334102400 1283 5107 50374 125343
1334016000 23057 11169 2395807 1373506
1333929600 3 290 4 377
1333843200 6 323 601 3427
1333756800 2911 8565 40134 62104
1333670400 794 5060 150861 180220
1333584000 5306 59424 161253 1115482
1333497600 13568 24063 3449755 5064256
1333411200 1110 28049 77259 3619674
1333324800 3 350 4 475
1333238400 3 314 4 577
1333152000 2294 3825 45950 49260
1333065600 1260 12321 42157 1946672
1332979200 1621 11572 252864 935221
1332892800 891 3725 5728 93416
1332806400 2376 8419 391482 480830
1332720000 384 649 1827 5169
1332633600 426 760 1329 6556
1332547200 1702 2595 324582 157402
1332460800 137 517 286 1083
1332374400 167 563 360 1087
1332288000 2546 11189 260583 757317
1332201600 899 10171 51988 732123
1332115200 3 374 4 464
1332028800 369 4442 29916 435472
1331942400 26783 38008 4295262 1540178
1331856000 3924 8972 596029 600177
1331769600 3680 8610 108072 153733
1331683200 1132 6534 31724 270632
1331596800 916 5465 17244 381886
1331510400 446 622 1442 2008
1331424000 474 1145 4625 34052
1331337600 2192 13107 138681 1335999
1331251200 962 4866 110186 129981
1331164800 2457 6426 262120 244181
1331078400 2777 7684 396273 279610
1330992000 16604 33338 4547206 4561665
1330905600 151 467 709 3648
1330819200 149 444 653 1385
1330732800 194 595 604 3629
1330646400 196 631 631 6676
1330560000 257 2052 3971 124984
1330473600 1152 10084 63942 971059
1330387200 502 4136 5461 86788
1330300800 3 351 4 600
1330214400 113 2190 7204 264497
1330128000 3214 11885 248433 399886
1330041600 904 5443 23821 285420
1329955200 1932 9224 269756 624023
1329868800 1265 17475 210993 3277444
1329782400 317 606 928 14097
1329696000 377 585 823 8744
1329609600 335 646 1076 17337
1329523200 1551 13184 144084 832022
1329436800 2651 10901 533621 1093991
1329350400 932 6953 75680 234438
1329264000 982 4407 74044 258982
1329177600 921 7504 20334 830873
1329091200 306 645 724 4882
1329004800 322 1023 747 5222
1328918400 3165 7330 702869 123472
1328832000 8219 19603 808459 1027692
1328745600 1473 14425 62634 1713488
1328659200 1395 30082 74909 1428630
1328572800 1408 6069 262934 420046
1328486400 3 322 4 389
1328400000 3 334 4 592
1328313600 3 503 4 1184
1328227200 3 496 4 882
1328140800 33 1219 36355 160239
1328054400 24743 35476 2393273 2288440
1327968000 2641 11547 596066 682252
1327881600 3 314 4 393
1327795200 84 2394 4629 169121
1327708800 8344 58060 738761 4990295
1327622400 5852 18282 1339162 1198001
1327536000 1580 7564 233302 700145
1327449600 1182 5876 136446 269284
1327363200 7049 34341 681676 1707974
1327276800 3 325 4 391
1327190400 61 1169 2882 100158
1327104000 8152 24491 2064887 2098441
1327017600 1423 4879 215456 220886
1326931200 384 2431 4076 83076
1326844800 745 5280 94995 132638
1326758400 3 357 4 827
1326672000 3 317 4 383
1326585600 3 332 4 663
1326499200 3 535 4 1283
1326412800 3 547 4 1075
1326326400 3 560 4 3460
1326240000 754 10552 30824 1124613
1326153600 8333 31505 1471979 2151697
1326067200 3 269 4 341
1325980800 137 3534 552307 551803
1325894400 5593 12749 552307 551803
1325808000 475 7380 14668 561552
1325721600 661 8353 17440 697324
1325635200 926 19897 47614 1907373
1325548800 3 494 4 578
1325462400 3 497 4 573
1325376000 3 456 4 602
1325289600 203 1616 7444 85502
1325203200 46 1548 1782 40136
1325116800 3 617 4 1217
1325030400 3 576 4 1266
1324944000 3 428 4 467
1324857600 3 428 4 471
1324771200 3 429 4 477
1324684800 141 1810 7618 54212
1324598400 74 1069 3257 50845
1324512000 212 8428 10529 441663
1324425600 5400 8353 655601 545064
1324339200 711 3682 71551 179517
1324252800 3 458 4 555
1324166400 3 477 4 756
1324080000 1299 8020 60479 475168
1323993600 6313 8967 891699 955182
1323907200 1318 8591 72649 190309
1323820800 658 5373 6558 96797
1323734400 12134 27149 2191499 1957100
1323648000 3 446 4 497
1323561600 3 454 4 667
1323475200 3 575 4 896
1323388800 3 579 4 1084
1323302400 43 1815 2661 104823
1323216000 18264 28810 1468491 1748906
1323129600 29083 22005 3744631 3431915
1323043200 3 444 4 500
1322956800 30 940 2065 83217
1322870400 918 11655 49390 1706429
1322784000 137072 112084 5399641 8317860
1322697600 3400 13079 245953 388134
1322611200 738 3903 58967 158540
1322524800 435 4484 7349 294396
1322438400 171 511 599 1283
1322352000 174 521 836 1683
1322265600 175 579 784 6611
1322179200 173 598 723 8754
1322092800 2387 6790 351876 370444
1322006400 1147 6945 185335 267175
1321920000 3232 15505 442050 998539
1321833600 3 439 4 505
1321747200 29 563 1456 7834
1321660800 2174 16499 284457 805321
1321574400 1182 9921 98543 614389
1321488000 3 573 4 1313
1321401600 3 543 4 1080
1321315200 3 537 4 1383
1321228800 3 436 4 490
1321142400 3 442 49 609
1321056000 781 8857 19241 886593
1320969600 286 1612 3497 39680
1320883200 398 2886 3592 54824
1320796800 564 8802 17852 814953
1320710400 344 3757 4699 168923
1320624000 3 464 4 572
1320537600 3 474 4 616
1320451200 1495 7380 257637 765818
1320364800 4635 6059 554784 523137
1320278400 484 3542 21008 94513
1320192000 1061 4709 116821 121291
1320105600 2077 8492 142835 268706
1320019200 3 495 4 592
1319932800 3 498 4 833
1319846400 3 542 4 904
1319760000 3 624 4 1317
1319673600 3 690 3224 114171
1319587200 6652 18157 590152 678040
1319500800 421 6041 4644 175737
1319414400 3 473 4 558
1319328000 10 511 1105 5222
1319241600 1682 9496 274799 478356
1319155200 509 2586 5888 107395
1319068800 1605 10348 138794 324492
1318982400 20705 29794 2896405 2937350
1318896000 3145 18303 463625 1353486
1318809600 3 468 4 517
1318723200 3 471 4 726
1318636800 3 571 4 3562
1318550400 3 592 4 1795
1318464000 3 627 4 1542
1318377600 1662 11650 302371 462010
1318291200 4968 9508 627198 608511
1318204800 3 457 4 510
1318118400 17 669 2111 30608
1318032000 1383 17531 106559 2245142
1317945600 754 11041 17641 672778
1317859200 4324 8529 436246 427776
1317772800 11117 13915 1022343 922140
1317686400 1555 25017 86268 1541422
1317600000 170 545 553 2239
1317513600 177 639 696 24842
1317427200 5534 8590 607764 456558
1317340800 1451 7692 100650 466078
1317254400 2431 7904 257835 892648
1317168000 950 4908 91031 378021
1317081600 10032 14757 2097747 1535465
1316995200 3 476 4 523
1316908800 3 489 4 682
1316822400 24344 50006 2695119 4242259
1316736000 643 3758 17229 149692
1316649600 339 3539 6996 294306
1316563200 1874 5836 304327 377355
1316476800 2917 4459 313402 187920
1316390400 3 511 4 580
1316304000 3 509 4 628
1316217600 3 663 4 1929
1316131200 3 775 4 2755
1316044800 3 639 4 1176
1315958400 1906 8214 163456 193112
1315872000 650 5297 64158 364517
1315785600 3 503 4 696
1315699200 21 632 1360 15932
1315612800 7192 15391 1171407 1733441
1315526400 1112 3583 105266 139732
1315440000 23445 26980 1868194 2291233
1315353600 333 4494 3942 130018
1315267200 6 507 48 590
1315180800 5 495 48 765
1315094400 5 495 49 574
1315008000 18 669 908 4944
1314921600 913 11612 20277 565298
1314835200 1126 23140 73551 1494479
1314748800 6589 17792 873886 849385
1314662400 1280 14464 166621 822695
1314576000 3 313 4 360
1314489600 3 325 4 573
1314403200 3 541 4 1385
1314316800 3 741 4 2392
1314230400 3 768 4 1935
1314144000 843 3710 46807 93580
1314057600 5826 13425 987601 1176328
1313971200 3 521 4 4711
1313884800 3 522 503 3299
1313798400 650 21498 30958 1729411
1313712000 3 775 4 2619
1313625600 3 756 4 1959
1313539200 54 1000 4580 23465
1313452800 1490 12356 28822 1342038
1313366400 3 514 4 557
1313280000 47 818 3738 66542
1313193600 1522 6774 151289 265656
1313107200 11453 34991 1117580 2309449
1313020800 2477 13445 261432 982421
1312934400 3047 7359 529406 314249
1312848000 40666 54572 3593169 3194880
1312761600 3 523 4 591
1312675200 8 586 1370 9577
1312588800 8 776 1370 9577
1312502400 3 807 4 3325
1312416000 3 760 4 2073
1312329600 3 784 4 1936
1312243200 3 723 4 1760
1312156800 3 498 4 717
1312070400 17 755 1161 31410
1311984000 1393 17562 165877 2769786
1311897600 775 7501 40843 526786
1311811200 1620 8959 232471 391499
1311724800 902 5786 120529 499303
1311638400 8821 11218 1381474 1390177
1311552000 236 702 718 3609
1311465600 258 841 1300 37434
1311379200 6598 9668 941952 951719
1311292800 409 2024 3685 52570
1311206400 564 8264 34820 1452494
1311120000 6449 6808 1473546 251576
1311033600 379 2807 3932 77872
1310947200 3 518 4 582
1310860800 3 525 4 644
1310774400 3537 22297 311392 788084
1310688000 13 759 1088 16834
1310601600 2871 16910 566087 2138326
1310515200 550 5648 37346 1118184
1310428800 15854 30422 2789557 6144357
1310342400 3 477 4 522
1310256000 25 746 2624 30967
1310169600 1123 7089 55410 378624
1310083200 29018 37829 3289418 3148455
1309996800 1683 6966 309360 370857
1309910400 653 13910 31631 1462265
1309824000 3 479 4 524
1309737600 3 480 4 556
1309651200 3 492 4 585
1309564800 12175 34135 2461263 2981036
1309478400 1073 9301 59132 820973
1309392000 16117 25543 2212752 2219449
1309305600 663 7225 4474 112198
1309219200 12365 34990 972497 1449451
1309132800 3 483 4 591
1309046400 3 487 4 610
