1377805801 193939816 3841003299
1377805801 11 1794 11 1794
1377805502 13 1592 13 1592
1377805500 12 1592 13 1833
1377805200 11 1832 43 1833
1377804900 42 1790 43 1791
1377804600 11 1687 104 1902
1377804300 103 1901 104 1902
1377804000 24 1883 265 7256
1377803700 263 7220 265 7256
1377803400 108 2003 109 2005
1377803100 82 1851 83 1852
1377802800 40 1641 41 1871
1377802500 26 1870 30 1871
1377802200 29 1788 30 1790
1377801900 12 1602 12 2000
1377801600 12 1999 12 2000
1377801300 12 1867 12 1868
1377801000 12 1647 58 2027
1377800700 57 2025 58 2027
1377800400 11 1819 13 1821
1377800100 12 1570 13 1991
1377799800 11 1991 12 1991
1377799500 5 1987 11 1991
1377799200 11 1512 13 1832
1377798900 12 1831 13 1832
1377798600 12 1601 12 1680
1377798300 12 1680 80 1769
1377798000 79 1769 80 1799
1377797700 12 1799 13 1837
1377797400 11 1835 26 1837
1377797100 25 1622 26 1813
1377796800 12 1814 81 2131
1377796500 80 2127 81 2131
1377796200 37 1631 47 1849
1377795900 47 1849 91 1899
1377795600 90 1898 91 1899
1377795300 58 1627 58 1911
1377795000 57 1909 58 1911
1377794700 29 1722 30 1723
1377794400 12 1569 32 1809
1377794100 31 1808 32 1809
1377793800 13 1762 23 2120
1377793500 22 2117 23 2120
1377793200 11 1760 12 1761
1377792900 4 1648 11 1765
1377792600 11 1765 46 1900
1377792300 45 1897 46 1900
1377792000 13 1506 13 1507
1377791700 12 1374 13 1759
1377791400 3 1758 4 1759
1377791100 3 1596 4 1620
1377790800 3 1620 4 1739
1377790500 4 1738 9 1739
1377790200 9 1727 14 1863
1377789900 14 1873 169 5149
1377789600 167 5125 169 5149
1377789300 4 1650 4 1651
1377789000 4 1559 4 1842
1377788700 4 1841 4 1842
1377788400 4 1631 4 1632
1377788100 3 1590 4 1704
1377787800 2 1703 14 1704
1377787500 13 1682 14 1757
1377787200 3 1756 4 1757
1377786900 4 1625 32 1973
1377786600 31 1972 32 1973
1377786300 3 1677 4 1678
1377786000 2 1561 4 1717
1377785700 3 1716 4 1717
1377785400 3 1683 4 1684
1377785100 8 1734 659 20724
1377784800 654 20598 659 20724
1377784500 19 1858 20 1860
1377784200 2 1630 4 1631
1377783900 3 1564 4 1838
1377783600 3 1836 4 1838
1377783300 3 1682 4 1686
1377783000 3 1221 7 1222
1377782700 7 1161 11 1210
1377782400 11 1210 13 1234
1377782100 12 1237 13 2163
1377781800 11 2156 13 2163
1377781500 12 1218 13 1345
1377781200 2 1346 63 1595
1377780900 62 1593 63 1595
1377780600 3 1253 74 1254
1377780300 73 1217 74 1658
1377780000 3 1654 4 1658
1377779700 3 1090 4 1091
1377779400 2 1049 4 1050
1377779100 3 874 4 875
1377778800 3 739 4 1418
1377778500 3 1416 4 1418
1377778200 2 1034 4 1036
1377777900 3 840 4 895
1377777600 3 895 4 1034
1377777300 3 1033 4 1034
1377777000 2 832 4 931
1377776700 3 931 4 1012
1377776400 3 1011 4 1012
1377776100 3 864 4 896
1377775800 3 896 4 1019
1377775500 3 1018 4 1019
1377775200 3 949 4 950
1377774900 3 812 4 997
1377774600 2 996 4 997
1377774300 3 974 4 975
1377774000 3 793 4 1024
1377773700 3 1023 4 1024
1377773400 3 938 33 1002
1377773100 32 1001 33 1002
1377772800 2 937 4 939
1377772500 3 938 4 939
1377772200 3 841 4 851
1377771900 3 851 4 939
1377771600 3 938 4 939
1377771300 3 800 4 962
1377771000 2 961 4 962
1377770700 3 901 4 902
1377770400 2 790 4 1026
1377770100 3 1025 4 1026
1377769800 3 878 4 879
1377769500 3 814 4 986
1377769200 3 985 4 986
1377768900 3 909 4 910
1377768600 3 819 4 1033
1377768300 3 1032 4 1033
1377768000 3 885 4 886
1377767700 3 802 4 1338
1377767400 2 1356 4 4079
1377767100 3 4060 4 4079
1377766800 3 1328 4 1331
1377766500 3 1022 4 1278
1377766200 3 1274 4 1278
1377765900 3 739 4 988
1377765600 3 987 4 988
1377765300 3 972 4 973
1377765000 3 757 4 1016
1377764700 3 1015 4 1016
1377764400 3 966 4 967
1377764100 3 890 4 891
1377763800 3 877 4 1006
1377763500 3 1005 4 1006
1377763200 3 859 4 904
1377762900 3 904 4 991
1377762600 3 990 4 991
1377762300 3 866 4 867
1377762000 3 857 4 996
1377761700 3 995 4 996
1377761400 3 840 4 856
1377761100 3 856 4 906
1377760800 2 905 4 906
1377760500 3 827 4 863
1377760200 3 863 4 1051
1377759900 3 1049 4 1051
1377759600 2 811 49 976
1377759300 48 976 49 1020
1377759000 3 1018 4 1020
1377758700 3 826 4 835
1377758400 3 836 4 1029
1377758100 3 1027 4 1029
1377757800 3 810 4 870
1377757500 3 870 4 1007
1377757200 3 1006 4 1007
1377756900 3 856 4 857
1377756600 3 851 4 1011
1377756300 3 1010 4 1011
1377756000 2 928 4 929
1377755700 3 773 4 1002
1377755400 3 1001 4 1002
1377755100 3 999 4 1001
1377754800 3 732 4 1076
1377754500 3 1075 4 1076
1377754200 3 973 4 974
1377753900 3 783 4 988
1377753600 3 987 4 988
1377753300 3 970 4 971
1377753000 3 873 4 884
1377752700 3 884 4 937
1377752400 3 936 4 937
1377752100 3 873 4 874
1377751800 3 844 4 1000
1377751500 3 998 4 1000
1377751200 2 842 4 870
1377750900 3 870 4 998
1377750600 3 996 4 998
1377750300 3 790 4 845
1377750000 3 845 4 944
1377749700 3 944 4 955
1377749400 3 954 4 955
1377749100 3 864 4 913
1377748800 3 913 4 947
1377748500 3 946 4 947
1377748200 3 854 4 954
1377747900 3 953 4 954
1377747600 3 926 4 927
1377747300 3 844 4 956
1377747000 3 955 4 956
1377746700 3 936 4 937
1377746400 3 843 4 949
1377746100 3 948 4 949
1377745800 3 931 4 932
1377745500 3 872 4 921
1377745200 2 921 4 998
1377744900 3 996 4 998
1377744600 3 795 4 951
1377744300 3 951 4 988
1377744000 3 987 4 988
1377743700 3 809 4 949
1377743400 3 949 4 1016
1377743100 3 1015 4 1016
1377742800 3 793 4 977
1377742500 3 977 4 1031
1377742200 3 1030 4 1031
1377741900 3 897 4 898
1377741600 3 875 4 1045
1377741300 3 1044 4 1045
1377741000 3 908 4 909
1377740700 3 865 4 996
1377740400 3 995 4 996
1377740100 3 984 4 985
1377739800 3 875 4 876
1377739500 3 871 4 895
1377739200 3 894 4 895
1377738900 3 870 4 1107
1377738600 3 1106 4 1107
1377738300 3 979 4 981
1377738000 3 819 4 1003
1377737700 3 1002 4 1003
1377737400 3 974 4 975
1377737100 3 815 4 1016
1377736800 2 1015 4 1016
1377736500 3 964 4 965
1377736200 3 831 4 1144
1377735900 3 1142 4 1144
1377735600 3 947 4 948
1377735300 3 827 4 1037
1377735000 2 1036 4 1037
1377734700 3 971 4 972
1377734400 3 827 4 1065
1377734100 3 1064 4 1065
1377733800 3 973 4 975
1377733500 4 781 11 1093
1377733200 11 1093 13 1124
1377732900 12 1122 13 1124
1377732600 11 847 13 1129
1377732300 12 1129 13 1171
1377732000 12 1169 13 1171
1377731700 12 984 13 1131
1377731400 3 1132 115 1374
1377731100 114 1370 115 1374
1377730800 11 908 13 1147
1377730500 12 1147 13 1195
1377730200 12 1194 12 1195
1377729900 12 999 35 1141
1377729600 34 1141 35 1235
1377729300 12 1233 13 1235
1377729000 12 1061 12 1062
1377728700 12 989 12 1090
1377728400 12 1090 13 1191
1377728100 12 1190 13 1191
1377727800 3 919 12 1113
1377727500 12 1115 12 1530
1377727200 12 1530 13 1673
1377726900 13 1672 41 1673
1377726600 40 1638 41 1673
1377726300 12 1673 13 1694
1377726000 12 1693 13 1694
1377725700 12 1606 13 1670
1377725400 11 1669 13 1670
1377725100 12 1654 13 1656
1377724800 10 1656 11 1772
1377724500 4 1772 12 1777
1377724200 12 1777 12 1882
1377723900 12 1880 12 1882
1377723600 12 1712 47 1719
1377723300 46 1719 47 1734
1377723000 12 1734 12 1763
1377722700 12 1762 12 1763
1377722400 12 1733 42 1903
1377722100 41 1902 42 1903
1377721800 12 1809 12 1811
1377721500 11 1637 12 1830
1377721200 9 1829 10 1830
1377720900 5 1816 11 1817
1377720600 11 1710 13 1834
1377720300 12 1833 13 1834
1377720000 12 1731 145 2015
1377719700 144 2013 145 2015
1377719400 12 1828 13 1830
1377719100 12 1540 13 1541
1377718800 11 1511 13 1512
1377718500 13 1400 69 1892
1377718200 68 1891 69 1892
1377717900 12 1795 48 1796
1377717600 47 1721 48 1765
1377717300 12 1764 13 1765
1377717000 11 1720 13 1840
1377716700 13 1839 41 1840
1377716400 40 1806 41 1977
1377716100 15 1975 16 1977
1377715800 11 1727 81 1959
1377715500 80 1957 81 1959
1377715200 12 1707 12 1727
1377714900 12 1726 12 1727
1377714600 11 1673 12 1742
1377714300 5 1741 11 1742
1377714000 11 1687 13 1798
1377713700 12 1797 13 1798
1377713400 11 1738 13 1739
1377713100 13 1496 13 1673
1377712800 13 1672 13 1673
1377712500 12 1617 13 1711
1377712200 11 1711 13 1720
1377711900 12 1720 13 1724
1377711600 11 1724 13 1802
1377711300 12 1801 13 1802
1377711000 11 1768 12 1860
1377710700 4 1859 12 1860
1377710400 12 1639 13 1790
1377710100 12 1792 13 2185
1377709800 11 2181 13 2185
1377709500 12 1608 13 1960
1377709200 12 1959 12 1960
1377708900 12 1845 12 1846
1377708600 12 1776 13 1777
1377708300 12 1684 13 1685
1377708000 12 1671 12 1963
1377707700 11 1960 12 1963
1377707400 3 1609 12 1610
1377707100 12 1519 69 1975
1377706800 68 1973 69 1975
1377706500 12 1692 13 1964
1377706200 11 1961 13 1964
1377705900 12 1639 13 1640
1377705600 12 1531 12 2030
1377705300 12 2042 110 3896
1377705000 109 3880 110 3896
1377704700 12 1634 13 1799
1377704400 12 1798 12 1799
1377704100 11 1765 12 1802
1377703800 3 1802 13 1891
1377703500 12 1890 13 1891
1377703200 11 1748 13 1831
1377702900 12 1831 13 1892
1377702600 12 1890 13 1892
1377702300 12 1636 13 1673
1377702000 3 1675 4 2019
1377701700 3 2017 4 2019
1377701400 2 1815 4 1817
1377701100 3 1633 4 2097
1377700800 3 2094 4 2097
1377700500 3 1744 4 1862
1377700200 3 1863 6 2135
1377699900 5 2134 6 2135
1377699600 3 2058 4 2059
1377699300 4 1847 4 2044
1377699000 4 2043 5 2044
1377698700 4 1988 5 1989
1377698400 3 1813 33 1874
1377698100 32 1873 33 1874
1377697800 2 1818 4 1821
1377697500 3 1491 4 1674
1377697200 3 1674 4 1765
1377696900 3 1765 4 1778
1377696600 3 1777 4 1778
1377696300 4 1726 6 1952
1377696000 5 1949 6 1952
1377695700 4 1641 5 1644
1377695400 3 1248 4 1249
1377695100 3 1107 4 1138
1377694800 2 1137 4 1138
1377694500 4 1046 12 1373
1377694200 12 1371 12 1373
1377693900 12 1091 12 1255
1377693600 11 1254 12 1255
1377693300 3 1168 4 1169
1377693000 2 1023 9 1068
1377692700 8 1068 9 1107
1377692400 3 1106 4 1107
1377692100 3 955 4 973
1377691800 3 973 4 1108
1377691500 3 1107 4 1108
1377691200 2 964 4 987
1377690900 3 987 4 1106
1377690600 3 1105 4 1106
1377690300 3 962 4 1007
1377690000 3 1007 4 1137
1377689700 3 1135 4 1137
1377689400 2 957 4 970
1377689100 3 970 4 1127
1377688800 3 1126 4 1127
1377688500 3 1015 4 1016
1377688200 3 918 4 1122
1377687900 3 1121 4 1122
1377687600 2 1061 4 1063
1377687300 3 837 4 1171
1377687000 3 1170 4 1171
1377686700 3 1085 4 1087
1377686400 3 844 4 1112
1377686100 3 1112 4 1145
1377685800 2 1143 4 1145
1377685500 3 890 4 1022
1377685200 3 1021 4 1022
1377684900 3 1019 4 1037
1377684600 3 1035 4 1037
1377684300 3 837 4 1053
1377684000 2 1052 4 1053
1377683700 3 1043 4 1044
1377683400 3 910 4 989
1377683100 3 989 4 1024
1377682800 3 1023 4 1024
1377682500 3 906 4 1042
1377682200 3 1041 4 1042
1377681900 3 1004 4 1005
1377681600 3 970 4 1033
1377681300 3 1033 4 1036
1377681000 3 1035 4 1036
1377680700 3 922 4 1042
1377680400 3 1041 4 1042
1377680100 3 1025 4 1026
1377679800 3 949 4 999
1377679500 3 999 4 1032
1377679200 2 1031 4 1032
1377678900 3 905 4 1069
1377678600 2 1068 4 1069
1377678300 3 1024 4 1025
1377678000 3 967 4 1000
1377677700 3 1000 4 1138
1377677400 2 1136 4 1138
1377677100 3 860 4 1038
1377676800 3 1038 4 1050
1377676500 3 1049 4 1050
1377676200 3 939 4 1039
1377675900 3 1038 4 1039
1377675600 3 1027 4 1028
1377675300 3 893 4 1097
1377675000 3 1095 4 1097
1377674700 3 922 4 948
1377674400 3 948 4 964
1377674100 3 965 4 1132
1377673800 3 1131 4 1132
1377673500 3 1046 4 1048
1377673200 3 876 4 1157
1377672900 3 1156 4 1157
1377672600 3 1045 4 1047
1377672300 3 866 4 1094
1377672000 3 1093 4 1094
1377671700 3 995 4 996
1377671400 3 880 4 1061
1377671100 3 1060 4 1061
1377670800 3 1044 4 1046
1377670500 3 851 4 1140
1377670200 2 1139 4 1140
1377669900 3 989 4 990
1377669600 3 901 4 1068
1377669300 3 1068 4 1090
1377669000 3 1089 4 1090
1377668700 3 983 4 1056
1377668400 3 1056 4 1071
1377668100 3 1070 4 1071
1377667800 2 949 4 1010
1377667500 3 1010 4 1053
1377667200 3 1052 4 1053
1377666900 3 946 4 1061
1377666600 3 1061 4 1104
1377666300 3 1102 4 1104
1377666000 3 903 4 974
1377665700 3 975 4 1124
1377665400 2 1123 4 1124
1377665100 3 900 4 1013
1377664800 2 1013 4 1099
1377664500 3 1097 4 1099
1377664200 3 911 4 912
1377663900 3 877 4 1057
1377663600 2 1055 4 1057
1377663300 3 823 4 1104
1377663000 3 1103 4 1104
1377662700 3 1042 4 1043
1377662400 2 961 4 962
1377662100 3 940 4 1073
1377661800 3 1072 4 1073
1377661500 3 931 4 959
1377661200 3 959 4 1047
1377660900 3 1046 4 1047
1377660600 3 962 4 963
1377660300 3 951 4 1068
1377660000 3 1067 4 1068
1377659700 3 940 4 992
1377659400 3 992 4 1044
1377659100 3 1043 4 1044
1377658800 3 959 4 960
1377658500 3 942 4 1079
1377658200 2 1078 4 1079
1377657900 3 946 4 953
1377657600 3 953 4 1051
1377657300 3 1050 4 1051
1377657000 3 989 4 990
1377656700 3 919 4 1078
1377656400 2 1077 4 1078
1377656100 3 956 4 967
1377655800 3 967 4 1050
1377655500 3 1050 4 1066
1377655200 2 1064 4 1066
1377654900 3 865 4 1071
1377654600 2 1070 4 1071
1377654300 3 1030 4 1032
1377654000 3 861 4 1057
1377653700 3 1057 4 1078
1377653400 3 1076 4 1078
1377653100 3 765 4 983
1377652800 2 983 4 1038
1377652500 3 1037 4 1038
1377652200 3 979 4 1107
1377651900 3 1106 4 1107
1377651600 2 1009 4 1010
1377651300 3 1000 4 1001
1377651000 3 969 4 970
1377650700 3 966 4 1031
1377650400 2 1030 4 1031
1377650100 3 924 4 998
1377649800 3 997 4 998
1377649500 3 991 4 992
1377649200 3 964 4 1016
1377648900 3 1016 4 1018
1377648600 3 1017 4 1018
1377648300 3 988 4 1008
1377648000 3 1008 4 1029
1377647700 3 1028 4 1029
1377647400 3 997 13 1064
1377647100 12 1064 13 1089
1377646800 11 1088 13 1089
1377646500 12 1022 13 1074
1377646200 3 1074 12 1090
1377645900 12 1088 12 1090
1377645600 12 853 13 1058
1377645300 12 1058 13 1201
1377645000 2 1200 4 1201
1377644700 3 956 4 1003
1377644400 3 1003 4 1122
1377644100 3 1121 4 1122
1377643800 3 1017 4 1124
1377643500 4 1124 12 1252
1377643200 12 1250 12 1252
1377642900 12 1083 12 1184
1377642600 12 1183 13 1184
1377642300 12 1177 13 1179
1377642000 11 933 14 1266
1377641700 13 1264 14 1266
1377641400 11 1073 12 1074
1377641100 4 995 12 1531
1377640800 12 1532 13 1698
1377640500 12 1698 13 1722
1377640200 12 1722 13 1765
1377639900 13 1765 31 1822
1377639600 30 1820 31 1822
1377639300 12 1668 13 1669
1377639000 12 1540 12 1776
1377638700 12 1775 12 1776
1377638400 12 1665 13 1666
1377638100 12 1556 13 1845
1377637800 11 1843 12 1845
1377637500 4 1693 12 1694
1377637200 12 1621 12 1813
1377636900 12 1813 12 1817
1377636600 12 1815 12 1817
1377636300 12 1557 12 1891
1377636000 12 1890 12 1891
1377635700 12 1857 12 1858
1377635400 12 1571 42 1860
1377635100 41 1857 42 1860
1377634800 11 1514 13 1595
1377634500 12 1597 13 1895
1377634200 3 1900 13 2669
1377633900 13 2666 23 2669
1377633600 22 2255 23 2258
1377633300 13 2025 13 25951
1377633000 13 25957 13 28009
1377632700 12 27921 13 28009
1377632400 11 1899 13 1900
1377632100 13 1836 46 1837
1377631800 45 1721 46 1865
1377631500 12 1864 13 1865
1377631200 12 1843 42 1844
1377630900 41 1640 42 2011
1377630600 3 2009 25 2011
1377630300 24 1623 25 1625
1377630000 11 1403 12 1775
1377629700 5 1774 6 1775
1377629400 3 1755 4 1756
1377629100 3 1625 4 1690
1377628800 3 1691 6 1854
1377628500 5 1852 6 1854
1377628200 4 1635 4 1699
1377627900 3 1699 4 1871
1377627600 3 1870 4 1871
1377627300 3 1655 4 1657
1377627000 2 1380 4 1941
1377626700 4 1941 24 1993
1377626400 23 1991 24 1993
1377626100 12 1598 13 1710
1377625800 81 4109 288 11098
1377624600 11 1800 22 2035
1377622800 11 1770 15 1894
1377621000 12 1831 56 2415
1377619200 28 1793 56 1928
1377617400 9 1710 13 1854
1377615600 15 1787 39 1931
1377613800 9 1766 14 1933
1377612000 17 1823 48 1983
1377610200 8 1164 14 1821
1377608400 5 1140 15 1821
1377606600 2 1044 7 1382
1377604800 2 969 5 1053
1377603000 2 970 5 1093
1377601200 2 962 5 1071
1377599400 2 920 5 1065
1377597600 2 944 5 1030
1377595800 2 966 5 1084
1377594000 2 952 5 1053
1377592200 2 971 5 1064
1377590400 2 958 5 1077
1377588600 2 957 5 1085
1377586800 2 959 5 1062
1377585000 2 969 5 1083
1377583200 2 973 5 1118
1377581400 2 962 5 1059
1377579600 2 956 5 1075
1377577800 2 945 5 1091
1377576000 2 951 5 1044
1377574200 2 966 5 1074
1377572400 2 952 5 1040
1377570600 2 974 5 1070
1377568800 2 954 5 1053
1377567000 2 968 5 1101
1377565200 2 971 5 1097
1377563400 2 992 5 1124
1377561600 3 1036 14 1328
1377559800 4 1107 13 1417
1377558000 39 2178 192 7650
1377556200 11 1074 14 1430
1377554400 9 1597 13 1743
1377552600 11 1660 14 1761
1377550800 12 1678 26 1828
1377549000 11 1686 14 1848
1377547200 9 1662 14 1843
1377545400 11 1724 14 1843
1377543600 10 1646 15 1749
1377541800 11 1677 14 1810
1377540000 9 1670 14 1839
1377538200 10 1804 15 1999
1377536400 9 1678 15 1784
1377534600 11 1681 19 1825
1377532800 9 1619 14 1876
1377531000 14 1452 30 1954
1377529200 9 1713 14 1893
1377527400 11 1703 14 1947
1377525600 13 1810 36 2279
1377523800 16 1227 31 1993
1377522000 3 1173 5 1993
1377520200 14 1230 72 1742
1377518400 13 1104 72 1624
1377516600 2 920 61 1241
1377514800 11 934 61 1241
1377513000 2 849 4 1022
1377511200 2 891 4 1001
1377509400 2 897 4 1017
1377507600 2 888 4 984
1377505800 2 906 4 1001
1377504000 2 893 4 993
1377502200 2 910 4 1009
1377500400 2 896 4 989
1377498600 2 890 4 1008
1377496800 2 883 4 1012
1377495000 2 897 4 1007
1377493200 2 891 4 1010
1377491400 2 885 4 1001
1377489600 2 891 4 982
1377487800 2 898 4 981
1377486000 2 888 4 956
1377484200 2 905 4 1019
1377482400 2 893 4 1025
1377480600 2 874 4 997
1377478800 2 883 4 922
1377477000 2 897 4 1011
1377475200 2 892 4 991
1377473400 2 859 4 987
1377471600 2 894 4 992
1377469800 2 821 4 1000
1377468000 2 915 4 1000
1377466200 2 917 4 1027
1377464400 2 893 4 971
1377462600 2 914 4 1018
1377460800 2 899 4 997
1377459000 2 899 4 1041
1377457200 2 892 4 998
1377455400 2 902 4 1034
1377453600 2 894 4 983
1377451800 2 896 4 1004
1377450000 2 895 4 1006
1377448200 2 877 4 1053
1377446400 2 896 4 971
1377444600 2 898 4 1009
1377442800 2 893 4 996
1377441000 2 899 4 1010
1377439200 2 894 4 1001
1377437400 2 882 4 1010
1377435600 2 918 4 1007
1377433800 2 932 4 1048
1377432000 2 899 4 1009
1377430200 2 914 4 1021
1377428400 2 911 4 1014
1377426600 2 887 4 1014
1377424800 2 901 4 1009
1377423000 2 917 4 1036
1377421200 2 905 4 975
1377419400 2 920 4 1010
1377417600 2 911 4 982
1377415800 2 905 4 1080
1377414000 2 903 4 1019
1377412200 2 913 4 999
1377410400 2 911 4 1031
1377408600 2 914 4 1044
1377406800 2 906 4 997
1377405000 2 885 4 971
1377403200 2 898 4 1007
1377401400 7 925 36 1054
1377399600 9 933 47 1050
1377397800 2 913 4 1044
1377396000 2 898 4 1002
1377394200 2 898 4 1031
1377392400 7 917 39 1032
1377390600 2 916 4 1074
1377388800 2 920 4 1051
1377387000 2 918 4 1018
1377385200 2 900 4 983
1377383400 2 837 4 991
1377381600 2 902 4 995
1377379800 2 902 4 1026
1377378000 2 901 4 1028
1377376200 2 921 4 1039
1377374400 2 911 4 1004
1377372600 2 925 4 1025
1377370800 2 876 4 1005
1377369000 2 911 4 1037
1377367200 2 908 4 1001
1377365400 2 908 4 1027
1377363600 7 891 39 1031
1377361800 2 875 4 978
1377360000 2 898 4 1018
1377358200 2 899 4 1033
1377356400 2 891 4 1000
1377354600 2 894 4 976
1377352800 2 892 4 955
1377351000 2 881 4 1005
1377349200 2 901 4 999
1377347400 2 895 4 1029
1377345600 2 891 4 995
1377343800 2 894 4 957
1377342000 2 896 4 978
1377340200 2 858 4 942
1377338400 2 904 4 997
1377336600 2 903 4 990
1377334800 2 908 4 1024
1377333000 2 918 4 1036
1377331200 2 894 4 1013
1377329400 2 894 4 1039
1377327600 2 900 4 1019
1377325800 2 904 4 1015
1377324000 2 899 4 1021
1377322200 2 907 4 1057
1377320400 2 904 4 1001
1377318600 2 885 4 1011
1377316800 2 908 4 1015
1377315000 2 913 4 1011
1377313200 2 905 4 1034
1377311400 2 909 4 1022
1377309600 2 911 4 1053
1377307800 2 920 4 1053
1377306000 2 927 4 1030
1377304200 2 932 4 1023
1377302400 2 941 4 1066
1377300600 6 966 34 1077
1377298800 2 976 4 1083
1377297000 2 1011 4 1361
1377295200 26 1695 81 1896
1377293400 21 1690 80 1930
1377291600 12 1765 20 1878
1377289800 23 1790 82 1971
1377288000 15 1822 24 2020
1377286200 20 1935 53 2380
1377284400 20 1876 46 1963
1377282600 16 1846 42 2107
1377280800 26 1895 94 2300
1377279000 38 1906 164 2025
1377277200 42 2672 193 6923
1377275400 10 1873 41 2032
1377273600 22 1970 53 2134
1377271800 11 1969 79 2134
1377270000 38 1943 79 2041
1377268200 14 1932 41 2032
1377266400 37 1925 92 2414
1377264600 20 1522 74 1794
1377262800 6 1282 66 1500
1377261000 12 1115 66 1412
1377259200 2 1023 4 1103
1377257400 2 1040 4 1115
1377255600 2 1025 4 1090
1377253800 2 992 4 1090
1377252000 2 1022 4 1102
1377250200 2 1119 4 1569
1377248400 2 7497 4 38968
1377246600 2 1036 4 1145
1377244800 2 1029 4 1084
1377243000 2 1011 4 1146
1377241200 2 1023 4 1128
1377239400 2 1036 4 1145
1377237600 2 1032 4 1127
1377235800 2 1176 4 1897
1377234000 2 1026 4 1138
1377232200 2 1029 4 1125
1377230400 2 1029 6 1107
1377228600 2 1031 4 1107
1377226800 2 1037 4 1082
1377225000 2 1035 4 1098
1377223200 2 1047 4 1109
1377221400 2 1047 4 1124
1377219600 2 1059 4 1103
1377217800 2 1070 4 1111
1377216000 4 1098 13 1162
1377214200 9 1159 13 1207
1377212400 15 1241 48 1359
1377210600 15 1223 41 1397
1377208800 19 1621 43 2028
1377207000 51 1469 201 1677
1377205200 22 1481 82 1947
1377203400 46 2032 80 2239
1377201600 26 2023 49 2135
1377199800 25 1964 81 2465
1377198000 35 1878 100 2187
1377196200 26 1967 175 5667
1377194400 40 2489 175 5667
1377192600 17 1891 27 2073
1377190800 21 1995 51 2877
1377189000 19 1960 46 2537
1377187200 13 1802 24 2616
1377185400 11 2353 15 3810
1377183600 17 2185 45 3140
1377181800 12 13821 23 72396
1377180000 9 9146 14 44903
1377178200 25 1510 86 1769
1377176400 2 1278 5 1322
1377174600 2 1122 5 1219
1377172800 2 1094 5 1188
1377171000 2 1080 5 1409
1377169200 2 1019 5 1077
1377167400 2 988 5 1075
1377165600 2 1029 5 1128
1377163800 2 1029 5 1144
1377162000 2 1021 5 1098
1377160200 2 1036 5 1145
1377158400 2 1023 5 1097
1377156600 2 1037 5 1216
1377154800 7 1037 33 1139
1377153000 2 1032 5 1130
1377151200 2 1030 5 1071
1377149400 2 1027 5 1124
1377147600 2 1024 5 1068
1377145800 2 1021 5 1057
1377144000 2 1024 5 1081
1377142200 2 1038 5 1159
1377140400 2 1049 5 1142
1377138600 2 1047 5 1147
1377136800 2 1044 5 1130
1377135000 2 1043 5 1150
1377133200 2 1053 5 1148
1377131400 2 1064 5 1173
1377129600 2 1104 5 1230
1377127800 2 1157 5 1315
1377126000 19 9738 105 49006
1377124200 47 1530 91 2345
1377122400 9 2358 119 3484
1377120600 39 2115 119 2176
1377118800 12 2491 26 3219
1377117000 12 1976 203 8656
1377115200 101 5304 357 15156
1377113400 12 11718 19 60792
1377111600 9 1965 13 2102
1377109800 11 2037 41 2637
1377108000 14 2093 41 2637
1377106200 33 2047 120 2183
1377104400 15 2017 46 2149
1377102600 26 1991 101 2256
1377100800 46 3138 193 8327
1377099000 18 1987 23 2137
1377097200 31 2023 100 2155
1377095400 61 2049 100 2211
1377093600 21 1875 39 2044
1377091800 23 1518 162 1771
1377090000 39 1302 162 1756
1377088200 12 1071 14 1231
1377086400 12 1138 16 1311
1377084600 12 1034 14 1155
1377082800 12 1032 15 1155
1377081000 12 1006 14 1113
1377079200 12 1026 15 1070
1377077400 12 1030 14 1074
1377075600 12 1024 14 1139
1377073800 12 1032 15 1124
1377072000 12 1044 14 1167
1377070200 12 1012 15 1106
1377068400 17 1055 44 1243
1377066600 12 1022 14 1147
1377064800 12 1049 14 1236
1377063000 12 1030 15 1120
1377061200 12 1028 14 1115
1377059400 12 1007 14 1125
1377057600 12 1030 15 1131
1377055800 12 1048 15 1179
1377054000 12 1088 15 1166
1377052200 12 1093 15 1255
1377050400 12 1089 14 1209
1377048600 12 1060 14 1209
1377046800 12 1096 14 1171
1377045000 12 1097 14 1233
1377043200 12 1143 84 1271
1377041400 43 1419 84 2598
1377039600 7 1247 13 1494
1377037800 11 1222 13 1578
1377036000 9 1894 13 2104
1377034200 11 1927 13 2034
1377032400 11 2023 23 2142
1377030600 18 2065 147 2450
1377028800 67 2130 147 2360
1377027000 12 2069 16 2175
1377025200 16 1986 51 2194
1377023400 12 2048 23 2154
1377021600 26 2132 76 2418
1377019800 27 1985 76 2182
1377018000 17 1903 59 2055
1377016200 14 1837 32 2055
1377014400 36 1990 128 2224
1377012600 19 1918 45 2069
1377010800 33 1855 71 2142
1377009000 18 2068 57 2506
1377007200 22 1737 90 3765
1377005400 49 1901 161 3765
1377003600 5 1356 13 1895
1377001800 2 1151 4 1639
1377000000 2 1049 4 1299
1376998200 2 1024 4 1087
1376996400 6 1006 28 1132
1376994600 3 979 4 1117
1376992800 3 981 4 1107
1376991000 2 983 4 1103
1376989200 2 978 4 1081
1376987400 3 992 4 1110
1376985600 2 990 4 1098
1376983800 2 970 4 1139
1376982000 2 982 4 1093
1376980200 2 988 4 1094
1376978400 2 1006 4 1197
1376976600 2 984 4 1059
1376974800 2 986 4 1061
1376973000 2 960 4 1100
1376971200 3 998 4 1100
1376969400 2 1025 4 1144
1376967600 3 1017 4 1135
1376965800 2 1030 4 1135
1376964000 3 1051 4 1122
1376962200 2 1003 32 1131
1376960400 6 1076 32 1154
1376958600 2 1051 4 1166
1376956800 3 1092 27 1267
1376955000 11 1132 34 1245
1376953200 9 1225 13 1516
1376951400 11 1513 13 2078
1376949600 20 2146 65 3962
1376947800 45 2042 85 2161
1376946000 34 1936 85 2122
1376944200 59 2120 169 2686
1376942400 19 1866 46 1990
1376940600 37 2012 92 2208
1376938800 27 1880 119 2196
1376937000 25 2106 2169 113291
1376935200 420 20999 2169 113291
1376933400 33 1923 93 2052
1376931600 10 1862 22 2115
1376929800 491 26214 2823 147199
1376928000 131 7141 630 30442
1376926200 19 1933 40 2116
1376924400 16 2614 113 5623
1376922600 41 2121 113 2864
1376920800 15 1949 33 2212
1376919000 17 1905 43 2559
1376917200 12 1358 25 1604
1376915400 10 1123 14 1411
1376913600 9 1063 14 1177
1376911800 10 1067 14 1193
1376910000 48 2643 248 10628
1376908200 11 1039 14 1162
1376906400 9 1094 14 1322
1376904600 11 1049 14 1122
1376902800 9 1048 14 1123
1376901000 10 1052 14 1175
1376899200 9 1039 14 1156
1376897400 11 1036 13 1156
1376895600 9 1048 14 1130
1376893800 9 1064 14 1151
1376892000 11 1067 14 1256
1376890200 9 1041 14 1158
1376888400 11 1041 14 1162
1376886600 9 1027 14 1170
1376884800 11 1033 13 1143
1376883000 9 1036 14 1165
1376881200 11 1033 14 1159
1376879400 9 1037 13 1158
1376877600 10 1039 14 1159
1376875800 9 1018 14 1145
1376874000 11 1055 14 1120
1376872200 9 1046 14 1097
1376870400 11 1040 14 1125
1376868600 9 1054 14 1166
1376866800 11 1019 14 1161
1376865000 9 1032 14 1147
1376863200 10 1028 14 1121
1376861400 9 1057 14 1163
1376859600 11 1045 14 1161
1376857800 9 1045 14 1158
1376856000 10 1042 14 1150
1376854200 9 1062 14 1165
1376852400 9 1042 14 1141
1376850600 10 1043 14 1160
1376848800 9 1035 14 1147
1376847000 10 1052 14 1163
1376845200 9 1048 14 1157
1376843400 11 1017 14 1208
1376841600 9 1024 14 1100
1376839800 11 1036 14 1097
1376838000 9 1025 14 1096
1376836200 11 1044 14 1120
1376834400 8 1043 14 1132
1376832600 11 1030 13 1115
1376830800 9 1054 14 1132
1376829000 11 1051 14 1170
1376827200 9 1054 14 1143
1376825400 10 1052 14 1190
1376823600 9 1037 14 1143
1376821800 11 1043 14 1161
1376820000 9 1040 14 1144
1376818200 10 1046 14 1172
1376816400 9 1036 14 1148
1376814600 10 1049 14 1165
1376812800 9 1043 14 1152
1376811000 9 1027 14 1160
1376809200 10 1033 14 1133
1376807400 9 1039 14 1100
1376805600 11 1057 14 1152
1376803800 9 1049 14 1089
1376802000 11 1054 14 1119
1376800200 9 1036 14 1113
1376798400 11 1051 14 1132
1376796600 9 1066 14 1181
1376794800 11 1046 56 1171
1376793000 22 1083 56 1145
1376791200 11 1048 14 1119
1376789400 9 1028 14 1139
1376787600 16 1055 46 1201
1376785800 10 1052 14 1173
1376784000 10 1048 14 1154
1376782200 9 1060 14 1159
1376780400 11 1054 14 1157
1376778600 9 1018 14 1140
1376776800 11 1052 14 1132
1376775000 9 1054 14 1137
1376773200 11 1042 14 1153
1376771400 9 1014 14 1147
1376769600 9 1036 14 1145
1376767800 11 1066 14 1156
1376766000 8 1047 13 1119
1376764200 11 1074 14 1146
1376762400 8 1042 14 1135
1376760600 11 1047 14 1162
1376758800 9 1053 14 1128
1376757000 11 1045 14 1156
1376755200 9 1053 14 1164
1376753400 10 1056 13 1166
1376751600 10 1055 15 1120
1376749800 10 1050 14 1169
1376748000 9 1036 14 1134
1376746200 10 1014 14 1130
1376744400 9 1039 14 1153
1376742600 10 1047 14 1168
1376740800 9 1030 14 1151
1376739000 11 1047 14 1143
1376737200 9 1036 14 1149
1376735400 11 1025 14 1128
1376733600 9 1038 14 1122
1376731800 9 1047 14 1132
1376730000 11 1051 14 1100
1376728200 9 1048 14 1158
1376726400 10 1055 14 1171
1376724600 9 1048 14 1174
1376722800 11 1044 14 1153
1376721000 9 1045 14 1178
1376719200 11 1073 14 1215
1376717400 9 1046 14 1175
1376715600 11 1085 13 1154
1376713800 9 1067 14 1202
1376712000 11 1071 14 1161
1376710200 8 1072 14 1175
1376708400 11 1075 14 1155
1376706600 9 1074 14 1140
1376704800 11 1080 14 1204
1376703000 9 1065 14 1204
1376701200 10 1084 14 1169
1376699400 9 1086 14 1173
1376697600 10 1118 14 1339
1376695800 9 1168 25 1544
1376694000 13 1198 25 1544
1376692200 13 1153 37 1362
1376690400 19 2010 70 3628
1376688600 17 1741 74 1903
1376686800 27 1869 74 1952
1376685000 17 1884 44 2088
1376683200 27 2171 112 3139
1376681400 32 2000 140 48157
1376679600 11 9666 23 48157
1376677800 25 2810 93 6462
1376676000 11 9451 23 47003
1376674200 10 2062 14 3160
1376672400 11 1836 24 1956
1376670600 13 1991 73 2421
1376668800 53 2708 112 4511
1376667000 44 2017 103 2161
1376665200 34 1922 84 2040
1376663400 18 1957 40 2129
1376661600 13 2019 34 2588
1376659800 20 2068 72 3404
1376658000 20 1806 48 2480
1376656200 10 1398 17 2480
1376654400 10 1099 14 1196
1376652600 9 1107 14 1177
1376650800 10 1103 14 1177
1376649000 9 1082 14 1171
1376647200 10 1113 14 1152
1376645400 9 1104 14 1146
1376643600 10 1106 14 1150
1376641800 9 1190 14 2104
1376640000 10 1294 14 2104
1376638200 9 1096 14 1199
1376636400 10 1100 14 1252
1376634600 9 1245 14 1961
1376632800 10 1123 14 1263
1376631000 8 1104 14 1228
1376629200 10 1098 14 1207
1376627400 9 1362 14 2730
1376625600 10 1111 14 1215
1376623800 9 1123 14 1226
1376622000 10 1101 14 1184
1376620200 8 1128 14 1204
1376618400 10 1106 14 1170
1376616600 8 1082 14 1193
1376614800 9 1116 14 1191
1376613000 9 1169 14 1299
1376611200 9 1133 14 1209
1376609400 21 1209 77 1290
1376607600 9 1254 101 1501
1376605800 25 1296 101 1419
1376604000 22 1783 159 1971
1376602200 102 2882 222 7464
1376600400 9 1924 17 2202
1376598600 42 2236 150 3900
1376596800 22 2013 58 2322
1376595000 50 2042 82 2320
1376593200 27 2142 57 2320
1376591400 43 1978 93 2439
1376589600 10 1914 18 2083
1376587800 13 1900 21 2080
1376586000 24 1909 75 2077
1376584200 23 1891 51 2113
1376582400 21 2089 81 2482
1376580600 21 1953 46 2290
1376578800 20 1905 42 2050
1376577000 12 2055 22 2437
1376575200 22 1876 75 2079
1376573400 37 1720 162 3316
1376571600 12 1174 28 1560
1376569800 9 1108 14 1374
1376568000 11 1007 14 1094
1376566200 9 1436 14 3022
1376564400 11 1006 14 1067
1376562600 9 971 14 1062
1376560800 11 1006 14 1043
1376559000 9 1019 14 1079
1376557200 11 1007 14 1102
1376555400 9 1016 14 1162
1376553600 11 1001 14 1103
1376551800 9 1052 14 1246
1376550000 11 1025 14 1115
1376548200 8 1012 14 1106
1376546400 11 1030 14 1094
1376544600 9 1010 14 1139
1376539200 9 1019 56 1145
1376532000 13 1012 56 1211
1376524800 12 1080 81 1432
1376517600 17 2131 80 3645
1376510400 26 1885 138 2863
1376503200 24 1842 124 2262
1376496000 56 2302 146 9207
1376488800 22 5428 83 61777
1376481600 9 947 14 1085
1376474400 9 950 14 1014
1376467200 8 1044 14 1221
1376460000 8 1049 14 1166
1376452800 8 1054 14 1181
1376445600 16 1093 73 1374
1376438400 28 1259 176 2384
1376431200 29 3398 101 19378
1376424000 56 5454 163 77579
1376416800 310 12887 3867 153229
1376409600 53 2861 452 22383
1376402400 21 1541 125 2219
1376395200 9 1103 13 1411
1376388000 9 1095 13 1220
1376380800 11 1093 42 1228
1376373600 8 1103 13 1209
1376366400 8 1100 13 1216
1376359200 8 1170 13 1649
1376352000 31 1276 110 2013
1376344800 44 5262 194 51790
1376337600 31 2075 113 2989
1376330400 19 2149 81 3330
1376323200 25 2048 140 2537
1376316000 21 1583 153 2380
1376308800 9 1011 13 1307
1376301600 9 982 13 1098
1376294400 8 978 13 1097
1376287200 9 976 13 1186
1376280000 9 981 13 1121
1376272800 9 972 13 1121
1376265600 9 985 13 1093
1376258400 9 979 13 1104
1376251200 9 972 13 1088
1376244000 9 977 13 1119
1376236800 9 983 13 1142
1376229600 10 982 13 1120
1376222400 9 971 13 1118
1376215200 9 984 13 1143
1376208000 9 980 13 1134
1376200800 9 986 13 1099
1376193600 9 994 13 1121
1376186400 10 983 13 1090
1376179200 8 977 13 1106
1376172000 9 1013 13 1241
1376164800 8 1131 13 1244
1376157600 9 1119 13 1249
1376150400 9 1136 13 1277
1376143200 9 1102 13 1259
1376136000 9 966 13 1072
1376128800 9 987 13 1110
1376121600 9 969 13 1105
1376114400 9 970 13 1165
1376107200 9 972 13 1085
1376100000 9 975 13 1077
1376092800 26 1107 124 1410
1376085600 26 1911 117 7784
1376078400 21 1641 110 1835
1376071200 20 4041 107 56083
1376064000 29 1974 200 5283
1376056800 36 2413 483 19901
1376049600 2 1139 5 1852
1376042400 2 1023 5 1124
1376035200 2 1024 33 1186
1376028000 2 3566 5 59646
1376020800 2 1029 32 1145
1376013600 6 1153 115 1278
1376006400 25 1336 115 1797
1375999200 11 2041 24 2755
1375992000 42 2143 200 2679
1375984800 93 4358 1226 46015
1375977600 140 6255 1365 57159
1375970400 91 4296 1113 43076
1375963200 2 1172 5 1530
1375956000 2 1044 5 1174
1375948800 5 1045 102 1149
1375941600 2 1045 5 1134
1375934400 5 1053 76 1184
1375927200 88 5515 1865 101256
1375920000 8 1305 41 24751
1375912800 30 3500 109 24751
1375905600 58 5185 650 37074
1375898400 25 4940 93 55321
1375891200 114 5006 1382 39981
1375884000 30 1564 173 4017
1375876800 2 1088 4 1604
1375869600 2 1043 4 1155
1375862400 2 1047 4 1168
1375855200 2 1047 4 1195
1375848000 2 1048 4 1190
1375840800 2 1056 4 1209
1375833600 16 1576 161 6168
1375826400 21 3090 145 24198
1375819200 34 4721 99 57990
1375812000 1126 40362 26449 893826
1375804800 37 3539 244 24901
1375797600 21 1719 196 7336
1375790400 1 1066 5 1419
1375783200 1 1049 5 1156
1375776000 1 1040 5 1209
1375768800 1 1049 5 1164
1375761600 1 1057 5 1181
1375754400 2 1057 50 1282
1375747200 20 1270 102 1874
1375740000 265 11614 2745 113915
1375732800 528 15934 10178 278212
1375725600 37 5221 339 64071
1375718400 452 16879 2617 86930
1375711200 17 2068 153 6409
1375704000 2 1291 5 1530
1375696800 2 1285 5 1404
1375689600 2 1290 5 1409
1375682400 2 1291 5 1502
1375675200 2 1289 5 1378
1375668000 2 1280 5 1401
1375660800 2 1276 5 1417
1375653600 2 1290 5 1414
1375646400 2 1291 5 1409
1375639200 2 1284 5 1398
1375632000 2 1289 5 1419
1375624800 2 1290 5 1400
1375617600 2 1277 5 1441
1375610400 2 1287 5 1374
1375603200 2 1285 5 1343
1375596000 2 1293 5 1409
1375588800 2 1293 5 1425
1375581600 2 1281 5 1402
1375574400 2 1265 5 1408
1375567200 2 1291 5 1423
1375560000 2 1306 5 1424
1375552800 2 1296 5 1411
1375545600 2 1292 5 1399
1375538400 2 1303 5 1369
1375531200 2 1295 5 1426
1375524000 2 1299 5 1417
1375516800 2 1298 5 1431
1375509600 2 1298 5 1502
1375502400 2 1298 5 1415
1375495200 2 1315 5 1460
1375488000 2 1371 14 2132
1375480800 76 9081 1215 81023
1375473600 42 7596 424 67828
1375466400 17 2110 69 2651
1375459200 20 5134 113 58368
1375452000 9 1569 51 2150
1375444800 2 1262 5 1694
1375437600 2 1291 5 1798
1375430400 2 1242 34 1467
1375423200 2 1236 5 1380
1375416000 2 1241 5 2334
1375408800 2 1340 5 2479
1375401600 13 1402 92 2222
1375394400 52 3125 764 26911
1375387200 77 3515 711 27397
1375380000 48 3078 275 9836
1375372800 33 2563 358 12608
1375365600 32 2071 168 6885
1375358400 9 1280 14 1439
1375351200 8 1286 14 1414
1375344000 9 1280 14 1420
1375336800 9 1291 14 1431
1375329600 9 1325 14 1978
1375322400 97 5910 2127 110367
1375315200 24 1753 153 6429
1375308000 113 6398 2223 111671
1375300800 36 2581 140 15829
1375293600 35 2218 188 6978
1375286400 55 4590 231 47299
1375279200 13 1782 89 2401
1375272000 1 1193 5 1319
1375264800 1 1196 5 1323
1375257600 1 1204 5 1333
1375250400 1 1207 5 1430
1375243200 1 1208 5 1306
1375236000 1 1206 5 1347
1375228800 7 1461 120 4711
1375221600 19 1780 86 2270
1375214400 43 2605 267 11662
1375207200 104 5797 1852 58516
1375200000 39 3015 250 10199
1375192800 9 3548 15 36918
1375185600 9 1377 15 1564
1375178400 9 1393 15 1516
1375171200 9 1388 15 1523
1375164000 9 1386 15 1508
1375156800 9 1405 15 1524
1375149600 9 1401 15 1594
1375142400 21 1502 105 2401
1375135200 30 1874 136 2401
1375128000 19 2089 44 2556
1375120800 13 2132 41 2498
1375113600 15 2248 81 2530
1375106400 8 2078 36 2795
1375099200 2 1364 5 1821
1375092000 2 1335 5 1472
1375084800 2 1327 5 1472
1375077600 2 1324 5 1506
1375070400 2 1329 5 1397
1375063200 2 1321 5 1445
1375056000 2 1319 5 1424
1375048800 2 1400 5 1706
1375041600 2 1583 5 1772
1375034400 2 1323 5 1405
1375027200 2 1332 5 1456
1375020000 2 1326 5 1481
1375012800 2 1307 5 1444
1375005600 2 1328 5 1431
1374998400 2 1364 5 1867
1374991200 2 1632 5 8382
1374984000 2 1343 5 1501
1374976800 2 1338 5 1474
1374969600 2 1331 5 1440
1374962400 2 1361 5 1493
1374955200 2 1334 5 1462
1374948000 2 1331 5 1474
1374940800 2 1325 5 1416
1374933600 2 1327 5 1416
1374926400 2 1321 5 1398
1374919200 2 1329 5 1447
1374912000 2 1330 5 1433
1374904800 2 1329 5 1546
1374897600 2 1326 5 1389
1374890400 4 1340 39 1491
1374883200 99 6233 2279 117284
1374876000 31 1765 168 2024
1374868800 43 1857 162 2154
1374861600 16 1850 47 2857
1374854400 18 1801 111 2183
1374847200 22 1673 176 2448
1374840000 2 1375 5 1605
1374832800 2 1358 5 1504
1374825600 2 1377 5 1510
1374818400 2 1364 5 1521
1374811200 2 1362 5 1467
1374804000 2 1371 32 1487
1374796800 9 1479 83 1826
1374789600 17 1959 90 2180
1374782400 26 5400 135 67787
1374775200 18 2113 101 2723
1374768000 31 2174 179 2425
1374760800 9 1813 77 2750
1374753600 2 1368 5 1557
1374746400 2 1373 5 1534
1374739200 2 1364 5 1506
1374732000 2 1373 5 1515
1374724800 2 1390 5 1530
1374717600 3 1418 34 1694
1374710400 11 1524 121 2210
1374703200 26 2121 166 2388
1374696000 48 3473 776 30669
1374688800 32 3088 440 19021
1374681600 24 2455 170 3612
1374674400 10 1945 41 2738
1374667200 2 1382 8 1632
1374660000 2 1368 5 1518
1374652800 2 1362 5 1500
1374645600 2 1356 5 1607
1374638400 2 1371 5 1491
1374631200 2 1374 5 1529
1374624000 17 1564 113 2121
1374616800 21 2079 92 2260
1374609600 57 2181 302 2517
1374602400 20 2070 113 2385
1374595200 23 2039 127 2452
1374588000 8 1787 40 2374
1374580800 2 1375 10 1774
1374573600 2 1363 5 1502
1374566400 2 1359 5 1500
1374559200 2 1370 5 1543
1374552000 2 1364 5 1486
1374544800 8 1499 176 2671
1374537600 23 1613 107 2391
1374530400 15 4888 74 49714
1374523200 19 2884 79 6153
1374516000 38 2337 121 2989
1374508800 34 2301 124 2647
1374501600 9 1826 37 2738
1374494400 33 2763 758 37670
1374487200 2 1250 5 1390
1374480000 2 1248 5 1375
1374472800 2 1239 5 1369
1374465600 2 1235 5 1347
1374458400 2 1190 5 1319
1374451200 2 1186 5 1300
1374444000 2 1195 5 1313
1374436800 2 1210 5 1329
1374429600 2 1205 5 1325
1374422400 2 1208 5 1380
1374415200 2 1202 5 1269
1374408000 2 1209 5 1344
1374400800 2 1203 5 1305
1374393600 2 1207 5 1348
1374386400 2 1200 5 1349
1374379200 2 1206 5 1303
1374372000 2 1194 5 1317
1374364800 2 1199 5 1347
1374357600 2 1211 5 1315
1374350400 2 1206 5 1346
1374343200 2 1212 5 1283
1374336000 2 1215 5 1333
1374328800 2 1207 5 1303
1374321600 2 1202 5 1313
1374314400 2 1212 5 1311
1374307200 2 1208 5 1301
1374300000 2 1212 5 1361
1374292800 6 1275 67 1436
1374285600 12 1309 92 1489
1374278400 12 1374 118 1994
1374271200 13 2057 65 2554
1374264000 33 2186 142 3016
1374256800 53 2150 187 2526
1374249600 36 2847 296 14654
1374242400 21 2052 131 2666
1374235200 3 1269 17 1373
1374228000 2 1291 5 1479
1374220800 2 1316 5 2038
1374213600 2 1285 5 1442
1374206400 2 1318 5 1916
1374199200 2 1286 5 1431
1374192000 30 1595 127 3959
1374184800 39 2316 163 2836
1374177600 33 2509 162 4508
1374170400 24 5039 90 63968
1374163200 28 2505 145 2947
1374156000 29 1899 177 3071
1374148800 1 1275 5 1679
1374141600 1 1395 5 3571
1374134400 1 1264 5 1346
1374127200 1 1272 5 1426
1374120000 1 1273 5 1418
1374112800 1 1278 5 1420
1374105600 17 1534 164 2419
1374098400 32 2559 179 3654
1374091200 43 4040 330 12335
1374084000 49 3151 416 19137
1374076800 30 2532 127 2937
1374069600 27 2136 130 3121
1374062400 2 1501 4 1814
1374055200 2 1488 4 1635
1374048000 2 1402 31 1845
1374040800 2 1295 4 1621
1374033600 2 1296 4 1370
1374026400 3 1320 37 1449
1374019200 16 1488 94 2268
1374012000 13 2300 42 2766
1374004800 35 2413 138 3995
1373997600 29 2410 213 7363
1373990400 30 2279 185 3036
1373983200 16 1851 74 2641
1373976000 3 1314 36 1476
1373968800 2 1286 5 1407
1373961600 2 1299 31 1399
1373954400 2 1290 5 1478
1373947200 2 1293 5 1379
1373940000 2 1302 5 1420
1373932800 17 1434 106 2479
1373925600 23 4493 121 37543
1373918400 38 2108 139 2455
1373911200 21 2144 109 2659
1373904000 33 2310 115 3727
1373896800 35 2076 250 6320
1373889600 2 1185 5 1285
1373882400 2 1199 5 1287
1373875200 2 1198 5 1301
1373868000 2 1195 5 1294
1373860800 2 1200 5 1320
1373853600 2 1180 5 1270
1373846400 2 1177 5 1294
1373839200 2 1199 5 1312
1373832000 2 1196 5 1313
1373824800 2 1196 5 1300
1373817600 2 1197 5 1301
1373810400 2 1195 5 1303
1373803200 2 1187 5 1330
1373796000 2 1198 5 1335
1373788800 2 1197 5 1319
1373781600 2 1191 5 1314
1373774400 2 5509 5 103017
1373767200 2 1188 5 1296
1373760000 2 1181 5 1316
1373752800 2 1192 6 1239
1373745600 2 1196 5 1307
1373738400 2 1194 5 1288
1373731200 2 1195 5 1328
1373724000 2 1193 5 1290
1373716800 2 1175 5 1319
1373709600 2 1194 5 1285
1373702400 2 1191 5 1314
1373695200 2 1186 5 1318
1373688000 2 1194 5 1302
1373680800 2 1193 5 1295
1373673600 2 1223 13 1573
1373666400 13 1752 66 2071
1373659200 15 1849 80 2338
1373652000 14 1745 70 2059
1373644800 18 1939 97 4032
1373637600 8 1575 36 2101
1373630400 2 1221 5 1355
1373623200 2 1294 5 2190
1373616000 2 1242 5 1370
1373608800 2 1227 5 1362
1373601600 2 1235 5 1360
1373594400 2 1255 6 1442
1373587200 25 3900 136 57682
1373580000 56 3889 842 38789
1373572800 55 3532 537 24926
1373565600 24 1969 82 2173
1373558400 12 1962 53 2358
1373551200 7 1755 37 2326
1373544000 1 1322 5 1552
1373536800 1 1338 8 1495
1373529600 1 1288 6 1617
1373522400 1 1210 5 1299
1373515200 1 1214 5 1318
1373508000 2 1296 36 1824
1373500800 9 3373 98 44988
1373493600 23 5284 104 41239
1373486400 19 7099 75 47405
1373479200 25 2361 115 2748
1373472000 16 2453 88 3152
1373464800 13 1919 118 2953
1373457600 1 1189 5 1488
1373450400 1 1192 5 1365
1373443200 1 1180 5 1332
1373436000 1 1173 5 1321
1373428800 1 1177 5 1242
1373421600 1 1200 34 1320
1373414400 15 1442 111 2004
1373407200 51 3272 771 26656
1373400000 22 3532 126 36893
1373392800 18 2404 84 2919
1373385600 23 2486 218 7389
1373378400 43 3306 830 38610
1373371200 1 1237 5 1496
1373364000 1 1231 5 1323
1373356800 1 1238 5 1535
1373349600 1 1223 5 1334
1373342400 1 1237 5 1350
1373335200 1 1236 5 1398
1373328000 17 1557 126 2862
1373320800 16 1989 88 2250
1373313600 19 2228 196 7132
1373306400 13 2171 56 2612
1373299200 18 2192 93 2484
1373292000 405 21958 8607 447926
1373284800 1 1198 5 1317
1373277600 1 1223 5 1684
1373270400 1 1206 5 1353
1373263200 1 1199 5 1367
1373256000 1 1210 5 1277
1373248800 1 1210 5 1329
1373241600 1 1201 5 1343
1373234400 1 1212 5 1243
1373227200 1 1215 5 1315
1373220000 1 1210 5 1325
1373212800 1 1221 5 1331
1373205600 1 1214 5 1339
1373198400 1 1195 5 1348
1373191200 1 1214 5 1295
1373184000 1 1210 5 1341
1373176800 1 1208 5 1336
1373169600 1 1219 5 1291
1373162400 1 1209 5 1330
1373155200 1 1200 5 1334
1373148000 1 1212 5 1352
1373140800 1 1213 5 1325
1373133600 1 1216 5 1330
1373126400 1 1227 5 1480
1373119200 1 1211 5 1336
1373112000 1 1197 5 1358
1373104800 1 1217 5 1317
1373097600 1 1220 5 1371
1373090400 1 1209 5 1338
1373083200 1 1216 5 1301
1373076000 1 1206 5 1325
1373068800 1 1193 5 1310
1373061600 1 1228 6 1371
1373054400 1 1220 5 1334
1373047200 1 1209 5 1342
1373040000 1 1230 20 1519
1373032800 1 1214 6 1387
1373025600 1 1207 6 1345
1373018400 1 1218 5 1346
1373011200 1 1214 5 1347
1373004000 1 1211 5 1421
1372996800 1 1215 7 1311
1372989600 1 1222 5 1342
1372982400 2 1231 37 1638
1372975200 1 1220 5 1351
1372968000 1 1210 5 1335
1372960800 1 1202 5 1309
1372953600 1 1214 5 1339
1372946400 1 1214 5 1325
1372939200 1 1198 5 1373
1372932000 1 1216 5 1331
1372924800 1 1242 5 1722
1372917600 1 1215 5 1323
1372910400 1 1214 5 1332
1372903200 1 1210 5 1310
1372896000 1 1213 5 1370
1372888800 1 1262 24 1423
1372881600 28 2381 146 19153
1372874400 20 1724 89 2150
1372867200 20 2049 72 2535
1372860000 6 1858 21 2498
1372852800 1 1221 6 1510
1372845600 1 1208 5 1340
1372838400 1 1210 5 1367
1372831200 1 1207 5 1374
1372824000 1 1204 5 1264
1372816800 1 1316 5 1674
1372809600 5 1378 59 1723
1372802400 25 2315 261 12414
1372795200 18 2255 74 2681
1372788000 17 1808 74 2550
1372780800 17 1900 137 2774
1372773600 14 1682 54 2608
1372766400 9 1282 14 1393
1372759200 9 1288 14 1419
1372752000 9 1287 14 1397
1372744800 9 1277 14 1360
1372737600 9 1281 15 1424
1372730400 4 1250 14 1424
1372723200 4 1299 43 1656
1372716000 14 1966 66 2509
1372708800 18 2104 69 2410
1372701600 15 2096 60 2386
1372694400 29 2248 171 2595
1372687200 15 2067 60 2779
1372680000 5 1321 58 2212
1372672800 2 1195 5 1316
1372665600 2 1200 5 1311
1372658400 2 1188 5 1375
1372651200 2 1223 5 1531
1372644000 2 1197 5 1280
1372636800 2 1202 5 1490
1372629600 2 1206 5 1352
1372622400 2 1193 5 1318
1372615200 2 1182 5 1348
1372608000 2 1196 5 1344
1372600800 2 1192 5 1325
1372593600 2 1191 5 1299
1372586400 2 1197 5 1304
1372579200 2 1195 5 1316
1372572000 2 1187 5 1347
1372564800 2 1202 5 1334
1372557600 2 1194 5 1302
1372550400 2 1185 5 1313
1372543200 2 1190 5 1295
1372536000 2 1200 5 1379
1372528800 2 1192 5 1332
1372521600 2 1200 5 1338
1372514400 2 1197 5 1317
1372507200 2 1178 5 1325
1372500000 2 1195 5 1293
1372492800 2 1201 5 1348
1372485600 2 1192 5 1342
1372478400 2 1202 5 1308
1372471200 2 1243 5 1508
1372464000 26 1631 138 2295
1372456800 21 2305 82 2769
1372449600 22 2391 88 4635
1372442400 29 2318 82 3030
1372435200 36 2414 144 4870
1372428000 15 1943 86 2728
1372420800 31 2644 694 31493
1372413600 1 1384 5 1516
1372406400 1 1393 5 1484
1372399200 1 1375 8 1487
1372392000 2 1393 14 1533
1372384800 1 1433 15 1687
1372377600 10 1610 113 1938
1372370400 29 2317 214 6598
1372363200 21 2235 138 2897
1372356000 56 2092 576 2856
1372348800 14 4789 74 64837
1372341600 14 1828 136 5379
1372334400 1 3574 6 57181
1372327200 1 1342 5 2023
1372320000 1 2271 5 24908
1372312800 1 1253 5 1734
1372305600 1 4707 5 40475
1372298400 2 3229 40 48333
1372291200 4 1465 31 2301
1372284000 14 2455 81 3290
1372276800 34 2861 332 12632
1372269600 12 2406 37 2656
1372262400 47 3820 585 27152
1372255200 8 1798 47 3172
1372248000 2 1326 5 1440
1372240800 2 1329 5 1437
1372233600 2 1336 5 1425
1372226400 2 1317 5 1426
1372219200 2 1334 5 1454
1372204800 4 1775 608 27388
1372118400 4 2057 193 54320
1372032000 2 1480 5 51644
1371945600 2 1297 5 1459
1371859200 5 1868 111 47066
1371772800 5 1639 139 45068
1371686400 7 1838 106 61009
1371600000 6 2065 324 74997
1371513600 8 1547 210 2738
1371427200 2 1323 19 1487
1371340800 2 1326 4 1610
1371254400 4 1633 109 2759
1371168000 5 1665 189 2830
1371081600 12 2022 1371 76481
1370995200 3 1669 115 3411
1370908800 6 1562 104 2869
1370822400 2 1238 4 1370
1370736000 2 1251 5 1371
1370649600 3 1630 128 5843
1370563200 3 1785 278 12718
1370476800 13 1948 2151 82470
1370390400 8 1818 852 43875
1370304000 18 2186 1856 83227
1370217600 2 1337 5 1546
1370131200 2 1336 5 1531
1370044800 5 1781 186 4472
1369958400 6 1466 110 3121
1369872000 14 1431 300 8150
1369785600 10 1461 468 15763
1369699200 1 1075 6 1361
1369612800 1 1078 6 1413
1369526400 1 1075 6 1315
1369440000 2 1293 71 2404
1369353600 11 1414 985 16097
1369267200 11 1322 354 3693
1369180800 10 1386 485 2593
1369094400 15 1301 648 7983
1369008000 4 940 52 1192
1368921600 3 947 12 1181
1368835200 13 1241 148 3096
1368748800 12 1321 153 3634
1368662400 12 1335 104 2648
1368576000 9 1263 282 9286
1368489600 7 1124 523 2303
1368403200 3 815 11 1028
1368316800 4 819 10 982
1368230400 4 1193 68 2760
1368144000 9 1355 291 9347
1368057600 10 1318 188 4969
1367971200 7 1301 184 6765
1367884800 36 2202 2143 79879
1367798400 2 914 6 1197
1367712000 2 921 7 1441
1367625600 38 2149 3915 126309
1367539200 11 1418 1376 50193
1367452800 6 1354 151 2598
1367366400 112 6582 7562 382531
1367280000 5 1245 105 2419
1367193600 2 918 51 1224
1367107200 2 918 21 1078
1367020800 8 1267 109 2563
1366934400 11 1256 185 5158
1366848000 12 1249 172 6551
1366761600 22 1824 2940 117533
1366675200 6 1194 105 2417
1366588800 4 770 13 997
1366502400 4 776 12 993
1366416000 5 1273 99 73496
1366329600 6 1055 91 2319
1366243200 5 1134 128 3394
1366156800 7 1330 210 7464
1366070400 38 2617 4466 187315
1365984000 4 929 12 1165
1365897600 4 928 12 1089
1365811200 23 2218 4513 223086
1365724800 4 1264 75 2316
1365638400 7 1398 560 17846
1365552000 9 1341 234 7931
1365465600 20 2130 3806 186249
1365379200 4 904 11 1045
1365292800 4 908 54 1120
1365206400 5 1274 447 20881
1365120000 14 1591 1710 91487
1365033600 7 1301 966 45955
1364947200 11 1514 1559 82459
1364860800 9 1125 52 2859
1364774400 9 833 74 1028
1364688000 9 839 15 944
1364601600 9 1161 49 2288
1364515200 9 1174 195 3692
1364428800 14 1478 1341 60543
1364342400 13 1499 1436 76014
1364256000 12 1267 963 28386
1364169600 9 857 30 1113
1364083200 9 873 58 1047
1363996800 12 1346 987 27040
1363910400 10 1146 195 6489
1363824000 11 1271 291 9774
1363737600 11 1134 162 2079
1363651200 15 1312 1442 75747
1363564800 11 804 19 972
1363478400 8 905 18 1234
1363392000 16 1828 1511 75158
1363305600 48 3017 2566 111269
1363219200 9 1397 209 8872
1363132800 25 1714 1761 61190
1363046400 47 2543 4097 139406
1362960000 4 684 11 872
1362873600 16 1359 3644 168779
1362787200 10 1152 114 6836
1362700800 8 1344 369 14171
1362614400 42 2533 10251 378703
1362528000 3 1148 109 5404
1362441600 4 1437 99 60130
1362355200 1 818 5 1012
1362268800 1 825 5 1094
1362182400 9 1370 1455 44346
1362096000 9 1309 58 8204
1362009600 3 1289 48 6226
1361923200 1 1247 64 4087
1361836800 7 1242 479 15922
1361750400 4 729 10 973
1361664000 4 744 43 1425
1361577600 3 1024 59 2112
1361491200 4 1060 47 2310
1361404800 3 1116 83 3372
1361318400 5 1119 377 12372
1361232000 4 777 145 5439
1361145600 3 725 10 883
1361059200 4 727 10 1083
1360972800 4 1059 59 7350
1360886400 19 1739 2238 97463
1360800000 4 1151 82 7846
1360713600 4 1164 96 4048
1360627200 7 1354 522 24880
1360540800 1 1135 5 30743
1360454400 1 1022 5 5878
1360368000 2 1215 95 13555
1360281600 3 1623 80 33728
1360195200 8 1433 674 32959
1360108800 6 1648 942 46128
1360022400 44 2641 2834 82252
1359936000 2 1085 5 14556
1359849600 2 1027 88 6999
1359763200 33 2240 2910 87627
1359676800 25 2427 2761 81190
1359590400 54 3419 11622 463453
1359504000 4 1628 78 35313
1359417600 5 1261 443 22482
1359331200 2 772 4 6365
1359244800 2 750 37 950
1359158400 5 1196 311 14332
1359072000 2 1200 58 37293
1358985600 4 1386 123 81285
1358899200 5 1050 69 2627
1358812800 2 828 95 1493
1358726400 2 833 7 1600
1358640000 2 853 7 1793
1358553600 8 1145 135 3305
1358467200 11 1237 689 26792
1358380800 13 1307 1446 46358
1358294400 4 1380 55 55041
1358208000 7 1145 278 11502
1358121600 2 754 33 1220
1358035200 2 742 305 10560
1357948800 7 1023 305 10560
1357862400 2 974 27 1822
1357776000 10 1345 418 12542
1357689600 41 2699 5525 290393
1357603200 18 1731 3023 149003
1357516800 2 918 4 1358
1357430400 2 926 23 1248
1357344000 11 1504 1233 61815
1357257600 4 1056 60 3918
1357171200 5 1078 394 17184
1357084800 2 672 5 761
1356998400 2 844 51 4093
1356912000 1 661 5 949
1356825600 1 687 5 1113
1356739200 91 3401 10239 287071
1356652800 113 3864 12493 350681
1356566400 3 859 64 1810
1356480000 1 669 5 815
1356393600 1 680 6 1247
1356307200 1 665 5 753
1356220800 1 704 5 911
1356134400 3 1047 59 1906
1356048000 7 1292 861 36342
1355961600 7 1272 545 22481
1355875200 3 894 42 2177
1355788800 9 1243 1675 55127
1355702400 1 764 29 1594
1355616000 1 796 39 1333
1355529600 4 1148 338 12466
1355443200 5 1128 76 3227
1355356800 4 1088 194 4239
1355270400 4 1084 59 2392
1355184000 70 4112 7882 374287
1355097600 1 733 5 826
1355011200 1 765 6 2970
1354924800 4 980 131 2255
1354838400 5 1002 274 2625
1354752000 4 1042 94 2185
1354665600 4 1115 72 1885
1354579200 58 3624 13784 685305
1354492800 1 714 6 899
1354406400 1 755 30 1243
1354320000 10 1362 1443 64229
1354233600 10 1202 326 12395
1354147200 7 1080 58 2438
1354060800 5 1038 350 12116
1353974400 12 1234 2127 92200
1353888000 2 623 6 1018
1353801600 2 613 5 721
1353715200 2 615 5 892
1353628800 2 616 5 672
1353542400 3 817 115 1776
1353456000 6 984 614 23674
1353369600 4 880 75 2522
1353283200 2 596 5 915
1353196800 2 602 68 916
1353110400 6 867 95 1570
1353024000 2 899 135 2180
1352937600 104 5402 8997 452529
1352851200 6 1064 153 1995
1352764800 30 1550 1941 91263
1352678400 1 697 5 857
1352592000 1 674 80 1000
1352505600 32 1346 1417 67769
1352419200 27 1324 1581 68151
1352332800 68 2318 7672 334522
1352246400 29 1604 1504 65177
1352160000 32 1249 1335 50498
1352073600 13 783 68 1880
1351987200 10 1080 1483 64267
1351900800 22 1197 702 21126
1351814400 16 1005 239 5951
1351728000 12 971 161 3637
1351641600 12 804 62 1179
1351555200 12 737 21 974
1351468800 11 744 17 861
1351382400 12 767 59 1325
1351296000 12 991 239 3335
1351209600 26 1307 847 28609
1351123200 12 1177 1115 34399
1351036800 9 1086 497 19468
1350950400 5 1008 110 2473
1350864000 1 736 5 824
1350777600 2 741 5 816
1350691200 7 1275 596 18034
1350604800 25 1137 331 9922
1350518400 25 1121 332 4638
1350432000 46 1209 156 2383
1350345600 20 1012 125 2020
1350259200 1 608 5 709
1350172800 2 625 50 885
1350086400 24 944 116 2305
1350000000 63 2955 9610 452415
1349913600 12 1253 2054 81433
1349827200 4 1014 94 1911
1349740800 40 2595 4498 224345
1349654400 2 620 5 697
1349568000 2 622 5 947
1349481600 6 1020 572 18211
1349395200 6 1070 530 22616
1349308800 17 1609 3935 177001
1349222400 5 1061 224 7861
1349136000 13 1035 65 2212
1349049600 11 769 15 912
1348963200 12 942 101 1561
1348876800 17 1213 136 3249
1348790400 16 1204 111 16793
1348704000 12 1041 59 2089
1348617600 5 1128 100 2182
1348531200 6 1042 103 2567
1348444800 1 722 6 872
1348358400 1 799 6 864
1348272000 10 1074 78 2340
1348185600 40 1815 1468 60183
1348099200 7 1104 118 2061
1348012800 4 1020 248 1768
1347926400 6 961 149 1769
1347840000 1 769 5 850
1347753600 1 771 5 838
1347667200 6 1004 105 2255
1347580800 4 1055 103 3489
1347494400 4 1114 77 2182
1347408000 5 1016 126 2927
1347321600 5 965 96 1971
1347235200 1 725 5 797
1347148800 1 729 5 964
1347062400 4 947 128 11790
1346976000 8 974 157 9218
1346889600 5 1193 126 56095
1346803200 5 918 124 1891
1346716800 1 696 5 1033
1346630400 1 692 5 793
1346544000 1 692 5 791
1346457600 6 943 194 2711
1346371200 9 1115 128 4677
1346284800 16 1249 1962 48864
1346198400 13 1259 1586 41695
1346112000 3 873 164 2060
1346025600 1 603 5 693
1345939200 1 606 6 734
1345852800 10 974 757 27163
1345766400 11 923 155 1737
1345680000 10 950 160 1737
1345593600 9 990 149 1843
1345507200 4 914 60 2157
1345420800 1 706 5 799
1345334400 1 706 6 793
1345248000 3 882 71 1750
1345161600 3 949 64 1599
1345075200 16 1650 1455 67177
1344988800 14 1342 835 35941
1344902400 4 846 93 1570
1344816000 2 614 4 703
1344729600 2 615 4 792
1344643200 3 937 407 16138
1344556800 2 968 119 1776
1344470400 4 938 98 1897
1344384000 3 959 94 1803
1344297600 5 1017 162 2171
1344211200 2 715 4 787
1344124800 2 712 4 831
1344038400 13 1408 1767 78877
1343952000 7 977 173 1859
1343865600 8 1113 111 2213
1343779200 12 1062 197 2170
1343692800 11 1024 210 2196
1343606400 2 670 4 808
1343520000 1 628 5 1476
1343433600 3 967 84 2087
1343347200 6 1053 121 1849
1343260800 8 997 100 1754
1343174400 33 2287 3102 129785
1343088000 9 1191 803 41648
1343001600 2 734 5 829
1342915200 2 757 5 862
1342828800 79 2441 3968 155414
1342742400 56 1304 180 2341
1342656000 54 1206 188 2372
1342569600 64 1157 195 2135
1342483200 34 1132 198 2236
1342396800 11 751 15 826
1342310400 11 788 20 1600
1342224000 45 1210 121 2307
1342137600 47 1165 104 2220
1342051200 26 1212 82 3057
1341964800 30 1148 102 2223
1341878400 15 988 88 2111
1341792000 1 713 5 837
1341705600 1 730 5 826
1341619200 16 984 170 2118
1341532800 3 970 101 1998
1341446400 6 738 79 1048
1341360000 31 1091 168 2224
1341273600 21 1085 126 2043
1341187200 2 732 5 844
1341100800 2 778 60 1380
1341014400 25 1222 137 2256
1340928000 20 1233 151 7313
1340841600 18 1146 149 2593
1340755200 36 1438 3125 139682
1340668800 7 925 139 2244
1340582400 2 735 82 866
1340496000 2 756 50 970
1340409600 5 1032 103 4198
1340323200 4 1057 98 1900
1340236800 11 1139 1671 81752
1340150400 3 1059 59 2275
1340064000 7 1226 120 12564
1339977600 2 809 5 7070
1339891200 2 790 5 915
1339804800 10 1064 165 2300
1339718400 3 1047 110 1921
1339632000 3 1094 96 4635
1339545600 6 1030 133 2688
1339459200 4 1043 99 2284
1339372800 2 730 6 839
1339286400 2 753 6 970
1339200000 2 996 73 9156
1339113600 4 996 107 2358
1339027200 5 978 98 1988
1338940800 9 1252 2165 75413
1338854400 23 1553 2996 121431
1338768000 2 2958 6 92172
1338681600 2 678 6 769
1338595200 3 967 82 1787
1338508800 7 984 188 2397
1338422400 4 1022 95 6407
1338336000 3 976 56 5915
1338249600 2 670 6 734
1338163200 2 671 5 802
1338076800 2 668 5 744
1337990400 2 974 220 15281
1337904000 3 208 525 10577
1337817600 0 0 0 0
1337731200 0 725 213 30283
1337644800 11 1353 1659 66960
1337558400 2 785 5 872
1337472000 2 787 5 940
1337385600 3 987 255 2063
1337299200 2 1054 43 13905
1337212800 5 1014 101 2041
1337126400 4 999 109 4369
1337040000 5 1002 204 1938
1336953600 2 790 5 865
1336867200 2 795 5 919
1336780800 148 7301 13989 661072
1336694400 474 20597 47263 1578208
1336608000 3 653 93 1877
1336521600 7 635 121 1786
1336435200 3 726 52 2268
1336348800 2 482 6 14446
1336262400 2 390 5 681
1336176000 2 631 20 1419
1336089600 10 4385 1312 49210
1336003200 7 5058 1125 58159
1335916800 15 1901 3298 89184
1335830400 34 1905 5968 151058
1335744000 1 698 6 753
1335657600 1 712 5 778
1335571200 36 2104 6627 180079
1335484800 3 993 73 1710
1335398400 4 1126 430 14820
1335312000 7 1110 843 27378
1335225600 6 961 422 12182
1335139200 2 705 6 772
1335052800 2 705 5 774
1334966400 3 840 91 3099
1334880000 13 1195 2381 120377
1334793600 1 1471 76 185049
1334707200 19 1281 4771 131524
1334620800 2 812 66 6169
1334534400 1 503 6 593
1334448000 1 503 6 577
1334361600 12 960 2083 53771
1334275200 3 845 83 16898
1334188800 5 784 481 16185
1334102400 2 758 59 8500
1334016000 2 753 50 17630
1333929600 2 520 5 584
1333843200 2 1104 5 45087
1333756800 3 757 352 11316
1333670400 5 754 254 8299
1333584000 2 925 58 17204
1333497600 3 878 96 1855
1333411200 3 859 71 1549
1333324800 2 683 5 943
1333238400 2 701 5 1156
1333152000 12 1053 949 23020
1333065600 9 1040 1687 78239
1332979200 4 891 531 16522
1332892800 16 1284 1558 59687
1332806400 2 775 40 1953
1332720000 2 536 5 612
1332633600 2 535 5 611
1332547200 21 1661 3795 165616
1332460800 2 947 35 1769
1332374400 19 1730 2341 114894
1332288000 3 950 77 3361
1332201600 33 1940 4134 154570
1332115200 2 661 5 764
1332028800 2 661 5 765
1331942400 3 415 234 5282
1331856000 0 0 0 0
1331769600 0 0 0 0
1331683200 0 0 0 0
1331596800 0 0 0 0
1331510400 0 0 0 0
1331424000 0 0 0 0
1331337600 0 0 0 0
1331251200 0 0 0 0
1331164800 0 0 0 0
1331078400 0 0 0 0
1330992000 0 0 0 0
1330905600 0 0 0 0
1330819200 0 0 0 0
1330732800 0 0 0 0
1330646400 0 0 0 0
1330560000 0 0 0 0
1330473600 0 0 0 0
1330387200 0 0 0 0
1330300800 0 0 0 0
1330214400 0 0 0 0
1330128000 0 0 0 0
1330041600 0 0 0 0
1329955200 0 0 0 0
1329868800 0 0 0 0
1329782400 0 0 0 0
1329696000 0 0 0 0
1329609600 0 0 0 0
1329523200 0 0 0 0
1329436800 0 0 0 0
1329350400 0 0 0 0
1329264000 0 0 0 0
1329177600 0 0 0 0
1329091200 0 0 0 0
1329004800 0 0 0 0
1328918400 0 0 0 0
1328832000 0 0 0 0
1328745600 0 0 0 0
1328659200 0 0 0 0
1328572800 0 0 0 0
1328486400 0 0 0 0
1328400000 0 0 0 0
1328313600 0 0 0 0
1328227200 0 0 0 0
1328140800 0 0 0 0
1328054400 0 0 0 0
1327968000 0 0 0 0
1327881600 0 0 0 0
1327795200 0 0 0 0
1327708800 0 0 0 0
1327622400 0 0 0 0
1327536000 0 0 0 0
1327449600 0 0 0 0
1327363200 0 0 0 0
1327276800 0 0 0 0
1327190400 0 0 0 0
1327104000 0 0 0 0
1327017600 0 0 0 0
1326931200 0 0 0 0
1326844800 0 0 0 0
1326758400 0 0 0 0
1326672000 0 0 0 0
1326585600 0 0 0 0
1326499200 0 0 0 0
1326412800 0 0 0 0
1326326400 0 0 0 0
1326240000 0 0 0 0
1326153600 0 0 0 0
1326067200 0 0 0 0
1325980800 0 0 0 0
1325894400 0 0 0 0
1325808000 0 0 0 0
1325721600 0 0 0 0
1325635200 0 0 0 0
1325548800 0 0 0 0
1325462400 0 0 0 0
1325376000 0 0 0 0
1325289600 0 0 0 0
1325203200 0 0 0 0
1325116800 0 0 0 0
1325030400 0 0 0 0
1324944000 0 0 0 0
1324857600 0 0 0 0
1324771200 0 0 0 0
1324684800 0 0 0 0
1324598400 0 0 0 0
1324512000 0 0 0 0
1324425600 0 0 0 0
1324339200 0 0 0 0
1324252800 0 0 0 0
1324166400 0 0 0 0
1324080000 0 0 0 0
1323993600 0 0 0 0
1323907200 0 0 0 0
1323820800 0 0 0 0
1323734400 0 0 0 0
1323648000 0 0 0 0
1323561600 0 0 0 0
1323475200 0 0 0 0
1323388800 862 1156 35051 35202
1323302400 675 498 123455 40200
1323216000 363 847 12925 16304
1323129600 0 0 0 0
1323043200 0 0 0 0
1322956800 0 0 0 0
1322870400 0 0 0 0
1322784000 0 0 0 0
1322697600 0 0 0 0
1322611200 0 0 0 0
1322524800 0 0 0 0
1322438400 0 0 0 0
1322352000 0 0 0 0
1322265600 0 0 0 0
1322179200 0 0 0 0
1322092800 0 0 0 0
1322006400 0 0 0 0
1321920000 0 0 0 0
1321833600 0 0 0 0
1321747200 0 0 0 0
1321660800 0 0 0 0
1321574400 0 0 0 0
1321488000 0 0 0 0
1321401600 0 0 0 0
1321315200 0 0 0 0
1321228800 0 0 0 0
1321142400 0 0 0 0
1321056000 0 0 0 0
1320969600 0 0 0 0
1320883200 0 0 0 0
1320796800 0 0 0 0
1320710400 0 0 0 0
1320624000 0 0 0 0
1320537600 0 0 0 0
1320451200 1836 881 246046 14568
1320364800 366 1309 10187 26865
1320278400 1052 3373 50876 345693
1320192000 405 1090 6555 63953
1320105600 506 1192 9179 34255
1320019200 0 0 0 0
1319932800 0 0 0 0
1319846400 0 0 0 0
1319760000 0 0 0 0
1319673600 0 0 0 0
1319587200 0 0 0 0
1319500800 0 0 0 0
1319414400 0 0 0 0
1319328000 0 0 0 0
1319241600 0 0 0 0
1319155200 0 0 0 0
1319068800 0 0 0 0
1318982400 0 0 0 0
1318896000 0 0 0 0
1318809600 0 0 0 0
1318723200 0 0 0 0
1318636800 0 0 0 0
1318550400 278 2443 13543 413327
1318464000 634 7106 25846 490636
1318377600 365 5578 14462 373652
1318291200 0 0 0 0
1318204800 0 0 0 0
1318118400 0 0 0 0
1318032000 0 0 0 0
1317945600 319 527 22036 16002
1317859200 678 9910 17166 471515
1317772800 736 1405 29508 60814
1317686400 0 0 0 0
1317600000 0 0 0 0
1317513600 0 0 0 0
1317427200 0 0 0 0
1317340800 0 0 0 0
1317254400 0 0 0 0
1317168000 0 0 0 0
1317081600 0 0 0 0
1316995200 0 0 0 0
1316908800 0 0 0 0
1316822400 0 0 0 0
1316736000 0 0 0 0
1316649600 0 0 0 0
1316563200 0 0 0 0
1316476800 0 0 0 0
1316390400 0 0 0 0
1316304000 0 0 0 0
1316217600 0 0 0 0
1316131200 516 4723 11997 392150
1316044800 0 0 0 0
1315958400 0 0 0 0
1315872000 0 0 0 0
1315785600 0 0 0 0
1315699200 0 0 0 0
1315612800 0 0 0 0
1315526400 0 0 0 0
1315440000 0 0 0 0
1315353600 0 0 0 0
1315267200 0 0 0 0
1315180800 0 0 0 0
1315094400 0 0 0 0
1315008000 0 0 0 0
1314921600 0 0 0 0
1314835200 0 0 0 0
1314748800 0 0 0 0
1314662400 0 0 0 0
1314576000 0 0 0 0
1314489600 0 0 0 0
1314403200 0 0 0 0
1314316800 0 0 0 0
1314230400 0 0 0 0
1314144000 0 0 0 0
1314057600 0 0 0 0
1313971200 0 0 0 0
1313884800 0 0 0 0
1313798400 0 0 0 0
1313712000 0 0 0 0
1313625600 0 0 0 0
1313539200 0 0 0 0
1313452800 0 0 0 0
1313366400 0 0 0 0
1313280000 0 0 0 0
1313193600 0 0 0 0
1313107200 0 0 0 0
1313020800 0 0 0 0
1312934400 93 135 18681 7888
1312848000 0 0 0 0
1312761600 0 0 0 0
1312675200 0 0 0 0
1312588800 0 0 0 0
1312502400 0 0 0 0
1312416000 0 0 0 0
1312329600 0 0 0 0
1312243200 0 0 0 0
1312156800 0 0 0 0
1312070400 0 0 0 0
1311984000 0 0 0 0
1311897600 0 0 0 0
1311811200 0 0 0 0
1311724800 0 0 0 0
1311638400 0 0 0 0
1311552000 0 0 0 0
1311465600 0 0 0 0
1311379200 0 0 0 0
1311292800 0 0 0 0
1311206400 0 0 0 0
1311120000 0 0 0 0
1311033600 0 0 0 0
1310947200 0 0 0 0
1310860800 0 0 0 0
1310774400 0 0 0 0
1310688000 0 0 0 0
1310601600 0 0 0 0
1310515200 0 0 0 0
1310428800 0 0 0 0
1310342400 0 0 0 0
1310256000 0 0 0 0
1310169600 0 0 0 0
1310083200 0 0 0 0
1309996800 0 0 0 0
1309910400 0 0 0 0
1309824000 0 0 0 0
1309737600 0 0 0 0
1309651200 0 0 0 0
1309564800 0 0 0 0
1309478400 0 0 0 0
1309392000 0 0 0 0
1309305600 31 154 1448 6482
1309219200 0 0 0 0
1309132800 0 0 0 0
1309046400 0 0 0 0
