1377805801 3113042967 1050101958
1377805801 3246 16137 3246 16137
1377805502 2351 12089 2351 12089
1377805500 2352 12113 2890 19557
1377805200 2900 19679 4507 37887
1377804900 4497 38134 4507 75042
1377804600 3030 74900 3033 75042
1377804300 2240 32563 2821 32602
1377804000 5257 31588 733824 1477832
1377803700 728976 1468705 733824 1477832
1377803400 6756 109056 7002 147290
1377803100 6996 147314 7002 154683
1377802800 5615 154005 23027 154683
1377802500 22953 52855 23027 53027
1377802200 920 1468 921 1485
1377801900 918 1485 919 1517
1377801600 906 1516 907 1517
1377801300 884 1424 900 1476
1377801000 899 1475 900 1476
1377800700 893 1469 898 1481
1377800400 898 1480 899 1481
1377800100 899 1414 908 1660
1377799800 908 1659 918 1660
1377799500 921 1711 1947 26719
1377799200 2225 27596 43693 158339
1377798900 44357 158234 243179 158339
1377798600 242399 127313 243179 218441
1377798300 9248 217755 9273 218441
1377798000 1950 12720 1956 12793
1377797700 1105 1971 2342 14917
1377797400 2341 15033 2342 32451
1377797100 2197 32249 2201 32451
1377796800 1631 2250 1633 3021
1377796500 1250 3100 3688 15011
1377796200 3669 14921 3688 15011
1377795900 859 1517 878 1612
1377795600 878 1611 889 1612
1377795300 888 1563 889 1650
1377795000 856 1648 866 1650
1377794700 867 1461 1188 2986
1377794400 1187 2980 1188 2986
1377794100 1172 2212 1257 3159
1377793800 1256 3155 1257 3159
1377793500 1156 2074 1403 3057
1377793200 1403 3054 1529 3057
1377792900 1530 2407 1714 2882
1377792600 1737 2950 5259 13159
1377792300 5244 13121 5259 13159
1377792000 983 1789 984 1791
1377791700 920 1584 921 1637
1377791400 879 1636 892 1637
1377791100 892 1541 913 1694
1377790800 912 1693 913 1694
1377790500 887 1534 953 1818
1377790200 952 1816 953 1818
1377789900 920 1598 921 1603
1377789600 900 1602 901 1603
1377789300 889 1547 912 1707
1377789000 912 1708 963 2293
1377788700 967 2307 2337 6670
1377788400 2341 6686 3006 9162
1377788100 3014 9200 4256 14896
1377787800 4244 14834 4256 14896
1377787500 2580 5631 2586 5646
1377787200 1721 3548 3372 5772
1377786900 3367 5757 3372 5772
1377786600 2693 3595 2696 3599
1377786300 1811 2623 2043 2959
1377786000 2043 2957 2066 2959
1377785700 2066 2576 2101 2763
1377785400 2103 2763 2739 2947
1377785100 2730 2945 2739 2947
1377784800 1525 2671 3278 5966
1377784500 3276 5956 3278 5966
1377784200 3087 4606 3092 4614
1377783900 1854 2401 1862 2717
1377783600 1859 2714 1862 2717
1377783300 1152 2002 1399 2043
1377783000 1399 2043 1470 2262
1377782700 1468 2261 1470 2262
1377782400 1306 2203 1375 2204
1377782100 1379 2179 2603 3374
1377781800 2602 3371 2603 3374
1377781500 2519 3035 2524 3036
1377781200 1776 3034 1777 3036
1377780900 1760 2805 1761 2807
1377780600 1490 2352 1492 2355
1377780300 1229 1976 2962 4167
1377780000 2963 4165 3299 4167
1377779700 3294 3742 3299 4590
1377779400 2619 4597 3022 6943
1377779100 3033 7085 4796 28279
1377778800 4786 28207 4796 28279
1377778500 1837 6902 1840 6920
1377778200 1198 1772 1577 2348
1377777900 1583 2383 3671 13118
1377777600 3662 13073 3671 13118
1377777300 2361 6496 2363 6513
1377777000 1760 1691 1763 1692
1377776700 1155 1687 3627 7584
1377776400 3622 7585 3627 8114
1377776100 2416 8073 2424 8114
1377775800 1392 2183 4554 22943
1377775500 4538 22883 4554 22943
1377775200 2223 13914 2233 13998
1377774900 872 1497 918 1498
1377774600 917 1366 918 1367
1377774300 844 1313 909 1409
1377774000 908 1407 909 1409
1377773700 850 1248 851 1258
1377773400 846 1258 886 1296
1377773100 885 1296 886 1300
1377772800 850 1299 851 1300
1377772500 849 1231 863 1280
1377772200 862 1279 863 1280
1377771900 848 1270 880 1283
1377771600 879 1283 880 1284
1377771300 836 1284 854 1320
1377771000 853 1319 854 1320
1377770700 849 1229 983 1527
1377770400 982 1526 983 1527
1377770100 895 1311 896 1312
1377769800 861 1262 862 1342
1377769500 858 1341 859 1342
1377769200 845 1253 886 1355
1377768900 886 1354 888 1355
1377768600 887 1267 888 1268
1377768300 840 1230 856 1295
1377768000 856 1295 878 1332
1377767700 877 1331 878 1332
1377767400 849 1257 861 1258
1377767100 861 1257 911 1410
1377766800 910 1409 911 1410
1377766500 892 1357 893 1358
1377766200 860 1279 861 1310
1377765900 861 1309 862 1310
1377765600 861 1251 862 1272
1377765300 851 1272 881 1317
1377765000 880 1317 881 1327
1377764700 855 1326 856 1327
1377764400 830 1214 884 1379
1377764100 883 1378 884 1379
1377763800 858 1264 862 1268
1377763500 862 1269 899 1428
1377763200 898 1427 899 1428
1377762900 851 1237 873 1258
1377762600 873 1258 875 1340
1377762300 874 1339 875 1340
1377762000 852 1254 853 1272
1377761700 845 1272 887 1391
1377761400 887 1390 900 1391
1377761100 899 1315 900 1331
1377760800 869 1330 870 1331
1377760500 836 1206 851 1254
1377760200 851 1254 917 1499
1377759900 917 1498 976 1499
1377759600 975 1462 976 1464
1377759300 860 1272 866 1301
1377759000 865 1300 866 1301
1377758700 848 1232 850 1285
1377758400 849 1284 850 1285
1377758100 843 1208 863 1312
1377757800 863 1311 870 1312
1377757500 869 1255 870 1350
1377757200 861 1349 862 1350
1377756900 857 1285 873 1286
1377756600 872 1255 873 1256
1377756300 846 1235 986 1469
1377756000 985 1468 986 1469
1377755700 887 2199 4973 144887
1377755400 4959 144408 4973 144887
1377755100 870 1295 872 1300
1377754800 871 1299 872 1300
1377754500 842 1222 852 1258
1377754200 852 1258 880 1285
1377753900 880 1285 882 1383
1377753600 881 1381 882 1383
1377753300 842 1222 849 1266
1377753000 849 1265 863 1266
1377752700 863 1245 913 1469
1377752400 912 1467 913 1469
1377752100 854 1279 867 1315
1377751800 866 1314 867 1315
1377751500 850 1220 851 1221
1377751200 823 1204 860 1249
1377750900 860 1251 956 1585
1377750600 955 1583 956 1585
1377750300 871 1287 872 1294
1377750000 860 1293 867 1294
1377749700 866 1277 867 1310
1377749400 864 1309 866 1310
1377749100 866 1259 886 1404
1377748800 886 1403 895 1404
1377748500 894 1328 895 1352
1377748200 861 1351 865 1352
1377747900 864 1253 865 1254
1377747600 862 1252 863 1263
1377747300 848 1262 854 1263
1377747000 854 1259 880 1309
1377746700 879 1309 880 1316
1377746400 869 1315 870 1316
1377746100 854 1252 856 1350
1377745800 855 1349 856 1350
1377745500 849 1262 882 1371
1377745200 882 1370 887 1371
1377744900 887 1287 893 1364
1377744600 892 1363 893 1364
1377744300 832 1191 848 1297
1377744000 848 1296 855 1297
1377743700 855 1260 874 1337
1377743400 874 1337 917 1456
1377743100 916 1455 917 1456
1377742800 851 1254 852 1274
1377742500 850 1274 850 1309
1377742200 850 1308 851 1309
1377741900 851 1258 916 1406
1377741600 915 1405 916 1406
1377741300 891 1339 892 1340
1377741000 844 1300 845 1301
1377740700 844 1237 864 1261
1377740400 864 1260 864 1261
1377740100 863 1239 864 1267
1377739800 851 1267 888 1348
1377739500 887 1347 888 1348
1377739200 853 1294 943 1333
1377738900 942 1333 943 1336
1377738600 865 1335 866 1336
1377738300 848 1235 884 1374
1377738000 883 1373 884 1374
1377737700 871 1354 872 1355
1377737400 859 1252 860 1260
1377737100 855 1259 858 1260
1377736800 857 1247 858 1275
1377736500 845 1275 865 1318
1377736200 865 1318 882 1332
1377735900 881 1331 882 1332
1377735600 866 1260 867 1261
1377735300 845 1235 848 1265
1377735000 848 1265 854 1283
1377734700 854 1284 903 1450
1377734400 903 1450 908 1474
1377734100 907 1473 908 1474
1377733800 852 1293 853 1294
1377733500 850 1263 857 1295
1377733200 856 1295 857 1326
1377732900 855 1325 873 1326
1377732600 873 1308 925 1484
1377732300 924 1483 925 1484
1377732000 894 1411 895 1412
1377731700 858 1341 890 1478
1377731400 889 1476 890 1478
1377731100 835 1306 905 1498
1377730800 905 1498 921 1526
1377730500 920 1525 921 1526
1377730200 864 1388 880 1432
1377729900 880 1432 884 1528
1377729600 883 1527 884 1528
1377729300 868 1374 882 1457
1377729000 882 1457 888 1550
1377728700 887 1549 888 1550
1377728400 839 1376 895 1603
1377728100 894 1602 895 1603
1377727800 869 1493 883 1494
1377727500 883 1473 904 1580
1377727200 904 1580 952 1759
1377726900 951 1758 952 1759
1377726600 866 1586 907 1587
1377726300 906 1513 907 1558
1377726000 889 1558 950 1587
1377725700 951 1591 1410 2840
1377725400 1421 2849 3207 4191
1377725100 3196 4178 3207 4191
1377724800 1559 2385 1614 2628
1377724500 1612 2627 1614 2628
1377724200 1454 2545 1868 3441
1377723900 1866 3438 1868 3441
1377723600 1680 3009 1681 3010
1377723300 1616 2987 2056 3231
1377723000 2054 3229 2056 3231
1377722700 1696 2918 1698 2923
1377722400 1495 2252 1497 2254
1377722100 1239 2029 1240 2030
1377721800 1210 1983 1211 1985
1377721500 1124 1814 1585 2323
1377721200 1583 2323 1585 2349
1377720900 1340 2349 1341 2420
1377720600 1235 2457 1329 13651
1377720300 1332 13651 2449 13651
1377720000 2449 13614 2711 13651
1377719700 2709 2801 2711 4111
1377719400 2227 4107 2840 4111
1377719100 2837 3579 2840 3584
1377718800 2515 2920 2687 4517
1377718500 2680 4505 2687 4517
1377718200 1649 2812 1651 2815
1377717900 1278 2085 1738 2923
1377717600 1737 2922 1738 2923
1377717300 1723 2809 21818 36494
1377717000 21840 36505 28576 40007
1377716700 28543 39960 28576 40007
1377716400 23567 32892 23642 32995
1377716100 1424 2343 5572 8965
1377715800 5558 9090 5572 27829
1377715500 3577 27666 3585 27829
1377715200 2504 3472 3303 5702
1377714900 3431 8632 22503 445230
1377714600 22439 443766 22503 445230
1377714300 3341 6155 4158 23933
1377714000 4150 23865 4158 23933
1377713700 1886 3824 1888 4257
1377713400 1727 4278 4780 10695
1377713100 4777 10837 4780 32138
1377712800 4384 32043 4394 32138
1377712500 1657 3760 3111 4928
1377712200 3104 4934 3111 5870
1377711900 2195 5877 2548 8225
1377711600 2543 8188 2548 8225
1377711300 1860 2828 3463 25743
1377711000 3447 25589 3463 25743
1377710700 1124 2658 1125 2662
1377710400 965 1533 966 1620
1377710100 935 1619 936 1620
1377709800 920 1478 958 1587
1377709500 958 1588 1015 1994
1377709200 1014 1993 1015 1994
1377708900 976 1735 1261 1856
1377708600 1261 1857 1371 2127
1377708300 1372 2169 1524 8489
1377708000 1523 8447 1524 8489
1377707700 1376 2322 1654 2697
1377707400 1654 2698 1940 3019
1377707100 1940 3048 2070 7492
1377706800 2073 7520 2538 11724
1377706500 2541 11756 3521 21439
1377706200 3532 21839 5177 81554
1377705900 5176 81270 5177 81554
1377705600 5137 38947 5148 39051
1377705300 2020 7948 2600 11807
1377705000 2627 11998 6689 40467
1377704700 6673 40352 6689 40467
1377704400 4312 23310 4313 23332
1377704100 4168 20185 4174 26434
1377703800 3333 26403 4200 26434
1377703500 4202 17285 5049 29753
1377703200 5041 29672 5049 29753
1377702900 2752 5565 2753 11751
1377702600 2679 11704 2686 11751
1377702300 1643 4828 1644 4836
1377702000 1637 2685 2652 12981
1377701700 2650 12963 2652 12981
1377701400 2230 7751 2288 7753
1377701100 2289 7599 2505 10204
1377700800 2496 10151 2505 10204
1377700500 1280 2318 1577 2479
1377700200 1575 2477 1577 2479
1377699900 1268 1961 1609 2997
1377699600 1609 2998 1861 3480
1377699300 1863 3556 2541 26579
1377699000 2545 26641 4019 45421
1377698700 4020 45426 4429 47179
1377698400 4432 47099 4929 47179
1377698100 4933 35280 6180 48653
1377697800 6164 48474 6180 48653
1377697500 3922 21916 4807 36925
1377697200 4806 36838 4807 36925
1377696900 4678 23843 4684 23884
1377696600 3128 11760 3133 11790
1377696300 1870 2901 1874 2908
1377696000 1373 1983 1374 1984
1377695700 1297 1873 1424 1932
1377695400 1422 1940 1424 3161
1377695100 1210 3179 1768 8605
1377694800 1778 8700 4925 37113
1377694500 4927 37124 5721 40608
1377694200 5689 40347 5721 40608
1377693900 1041 1561 1273 1862
1377693600 1272 1861 1273 1862
1377693300 1151 1794 1214 1799
1377693000 1214 1798 1227 1799
1377692700 1227 1793 1288 1905
1377692400 1287 1904 1288 1905
1377692100 1120 1736 1183 1754
1377691800 1182 1754 1183 1811
1377691500 1134 1855 2835 15183
1377691200 2833 15178 2835 15183
1377690900 2414 13743 2422 13822
1377690600 1358 1974 1360 2140
1377690300 1210 2483 3448 53616
1377690000 3446 53351 3448 53616
1377689700 3247 14056 4794 44091
1377689400 4792 43987 4794 44091
1377689100 4607 28956 7316 142061
1377688800 7294 141591 7316 142061
1377688500 849 1252 852 1364
1377688200 852 1363 881 1364
1377687900 881 1347 910 1541
1377687600 909 1539 910 1541
1377687300 858 1327 859 1328
1377687000 856 1326 872 1343
1377686700 874 1432 1504 28169
1377686400 1500 27991 1504 28169
1377686100 954 1490 955 1491
1377685800 879 1360 880 1361
1377685500 852 1294 852 1360
1377685200 851 1359 852 1360
1377684900 844 1290 854 1336
1377684600 854 1336 887 1367
1377684300 886 1367 887 1452
1377684000 884 1451 885 1452
1377683700 849 1276 856 1356
1377683400 855 1355 856 1356
1377683100 847 1247 874 1344
1377682800 874 1344 900 1502
1377682500 899 1501 900 1502
1377682200 858 1334 883 1378
1377681900 882 1377 883 1378
1377681600 865 1367 875 1368
1377681300 874 1294 875 1319
1377681000 850 1319 880 1362
1377680700 880 1363 902 1623
1377680400 901 1620 902 1623
1377680100 857 1295 861 1315
1377679800 860 1314 861 1315
1377679500 849 1275 854 1317
1377679200 854 1317 885 1458
1377678900 884 1457 885 1458
1377678600 860 1362 864 1363
1377678300 863 1305 864 1357
1377678000 853 1356 854 1357
1377677700 843 1277 844 1298
1377677400 836 1299 922 1481
1377677100 921 1481 922 1483
1377676800 914 1481 915 1483
1377676500 839 1266 851 1307
1377676200 851 1306 852 1307
1377675900 852 1273 852 1420
1377675600 852 1419 904 1420
1377675300 903 1405 904 1406
1377675000 849 1295 855 1296
1377674700 854 1293 855 1306
1377674400 849 1305 857 1306
1377674100 857 1296 866 1415
1377673800 866 1415 933 1525
1377673500 932 1524 933 1525
1377673200 884 1429 885 1430
1377672900 868 1343 869 1344
1377672600 861 1329 873 1330
1377672300 872 1316 873 1320
1377672000 852 1320 886 1400
1377671700 885 1399 886 1400
1377671400 858 1329 859 1330
1377671100 858 1280 868 1347
1377670800 868 1346 876 1347
1377670500 875 1280 876 1299
1377670200 849 1299 885 1345
1377669900 885 1345 894 1448
1377669600 893 1447 894 1448
1377669300 873 1371 874 1372
1377669000 850 1308 898 1371
1377668700 897 1370 898 1371
1377668400 849 1309 885 1335
1377668100 885 1335 887 1403
1377667800 886 1402 887 1403
1377667500 841 1332 863 1333
1377667200 862 1323 863 1324
1377666900 847 1280 856 1324
1377666600 856 1324 878 1328
1377666300 878 1328 912 1556
1377666000 911 1555 912 1556
1377665700 857 1356 858 1357
1377665400 849 1320 850 1321
1377665100 846 1301 879 1327
1377664800 879 1327 911 1420
1377664500 910 1419 911 1420
1377664200 876 1346 877 1347
1377663900 824 1260 848 1305
1377663600 848 1304 869 1305
1377663300 868 1272 869 1296
1377663000 857 1296 872 1363
1377662700 872 1363 904 1529
1377662400 903 1527 904 1529
1377662100 845 1246 884 1333
1377661800 883 1332 884 1333
1377661500 843 1267 850 1341
1377661200 850 1340 882 1341
1377660900 882 1334 901 1421
1377660600 900 1420 901 1421
1377660300 855 1318 860 1352
1377660000 860 1351 861 1352
1377659700 860 1346 861 1347
1377659400 851 1307 861 1308
1377659100 861 1303 933 1592
1377658800 932 1589 933 1592
1377658500 840 1274 855 1318
1377658200 854 1317 855 1318
1377657900 847 1312 863 1326
1377657600 862 1325 863 1326
1377657300 848 1254 888 1400
1377657000 887 1398 888 1400
1377656700 844 1226 852 1361
1377656400 852 1361 896 1380
1377656100 895 1379 896 1380
1377655800 873 1318 874 1319
1377655500 847 1289 931 1550
1377655200 930 1548 931 1550
1377654900 857 1315 857 1316
1377654600 857 1314 863 1317
1377654300 862 1316 863 1317
1377654000 850 1310 868 1331
1377653700 868 1331 882 1503
1377653400 881 1502 882 1503
1377653100 855 1327 877 1368
1377652800 876 1367 877 1368
1377652500 842 1317 862 1387
1377652200 862 1387 881 1442
1377651900 881 1443 908 1619
1377651600 907 1617 908 1619
1377651300 875 1438 1206 3599
1377651000 1203 3583 1206 3599
1377650700 841 1331 844 1385
1377650400 844 1384 868 1385
1377650100 868 1384 889 1461
1377649800 888 1460 889 1461
1377649500 863 1349 864 1422
1377649200 855 1421 856 1422
1377648900 844 1354 862 1395
1377648600 862 1395 915 1490
1377648300 914 1490 915 1529
1377648000 910 1528 911 1529
1377647700 854 1426 866 1427
1377647400 866 1417 965 3555
1377647100 964 3541 965 3555
1377646800 905 1533 906 1534
1377646500 868 1373 868 1501
1377646200 868 1500 885 1501
1377645900 884 1373 885 1392
1377645600 856 1392 857 1408
1377645300 852 1407 852 1408
1377645000 852 1399 886 1435
1377644700 885 1435 886 1572
1377644400 883 1570 884 1572
1377644100 835 1393 895 1510
1377643800 895 1516 901 3510
1377643500 900 3496 901 3510
1377643200 861 1412 877 1457
1377642900 876 1456 877 1457
1377642600 859 1435 867 1436
1377642300 866 1411 867 1466
1377642000 851 1466 945 1698
1377641700 944 1696 945 1698
1377641400 867 1508 871 1509
1377641100 871 1463 1099 2012
1377640800 1106 2331 2231 49997
1377640500 2232 50044 2741 64270
1377640200 2738 64095 2741 64270
1377639900 2073 11986 2550 42982
1377639600 2554 43120 3297 63759
1377639300 3314 64125 5950 118768
1377639000 5929 118458 5950 118768
1377638700 2877 72106 2884 72406
1377638400 1904 27660 2468 48404
1377638100 2492 48756 6126 101279
1377637800 6129 101335 6678 109681
1377637500 6667 109677 6678 109681
1377637200 5085 108806 5098 109098
1377636900 3250 65363 4900 72766
1377636600 4897 72732 4900 72766
1377636300 4098 62401 4104 62646
1377636000 3334 25855 3339 25899
1377635700 1887 12858 1889 12895
1377635400 1311 1945 1409 2156
1377635100 1408 2155 1409 2156
1377634800 1375 2157 2333 2669
1377634500 2333 2696 2399 6868
1377634200 2398 6913 2399 13627
1377633900 2271 13569 2273 13627
1377633600 2052 4982 2752 5913
1377633300 2752 5910 2933 5913
1377633000 2937 5082 4320 15697
1377632700 4314 15666 4320 15697
1377632400 2557 6493 2558 7644
1377632100 2266 7629 2268 7644
1377631800 1736 3404 1738 3409
1377631500 1295 1966 1296 1967
1377631200 1163 1749 1214 2108
1377630900 1215 2109 1611 2513
1377630600 1610 2512 1611 2513
1377630300 1478 2247 2551 10870
1377630000 2548 10842 2551 10870
1377629700 1748 2623 1750 2625
1377629400 1533 2412 1659 2661
1377629100 1659 2674 1713 4622
1377628800 1711 4608 1713 4622
1377628500 1455 2543 1461 2544
1377628200 1461 2521 1591 2794
1377627900 1596 2857 3263 21956
1377627600 3259 21922 3263 21956
1377627300 2225 11811 3907 14940
1377627000 3899 14899 3907 14940
1377626700 1693 2927 1724 2929
1377626400 1732 2696 4410 67513
1377626100 4409 67271 4410 67513
1377625800 3197 19256 4406 31346
1377624600 916 1628 940 1739
1377622800 1400 2489 2056 5315
1377621000 3889 40866 6008 76408
1377619200 11319 655061 31696 2239994
1377617400 3213 70020 6800 408085
1377615600 4846 6755 19363 24463
1377613800 1486 2591 2449 4407
1377612000 2554 5114 5514 8443
1377610200 7127 425923 20127 1523553
1377608400 11836 807616 32716 2604250
1377606600 4057 150584 11244 861410
1377604800 2206 10917 4409 31863
1377603000 919 1445 1028 1604
1377601200 917 1510 973 1651
1377599400 916 1463 952 1563
1377597600 912 1436 948 1566
1377595800 920 1469 980 1606
1377594000 919 1500 980 1637
1377592200 911 1467 945 1584
1377590400 912 1448 947 1510
1377588600 913 1416 965 1545
1377586800 930 1477 969 1555
1377585000 907 1409 964 1508
1377583200 914 1444 940 1501
1377581400 908 1444 958 1555
1377579600 888 1425 951 1560
1377577800 907 1415 927 1536
1377576000 914 1439 967 1536
1377574200 903 1434 947 1582
1377572400 921 1504 959 1705
1377570600 910 1459 969 1593
1377568800 1147 10379 2242 54855
1377567000 905 1434 952 1513
1377565200 917 1488 958 1640
1377563400 1035 6510 1605 31476
1377561600 910 1494 930 1594
1377559800 912 1488 961 1611
1377558000 927 1585 961 1667
1377556200 927 1561 1076 2241
1377554400 1338 2354 2063 6342
1377552600 2335 7447 3764 10570
1377550800 3183 14518 3945 20574
1377549000 1668 4282 3423 18276
1377547200 2976 19432 5588 67816
1377545400 1597 2255 2067 3389
1377543600 2565 26586 9702 244941
1377541800 4634 92948 9702 244941
1377540000 3106 42666 4485 79867
1377538200 4737 78133 6994 157446
1377536400 1597 2312 2013 3315
1377534600 2190 2985 62558 71357
1377532800 15064 17417 62558 71357
1377531000 2086 15295 3501 60121
1377529200 1813 2820 3591 10134
1377527400 2874 14288 4317 39260
1377525600 1591 3064 3693 21948
1377523800 3515 19784 4733 38537
1377522000 1599 2456 2037 2943
1377520200 1708 9274 2635 24540
1377518400 2609 10950 4763 41776
1377516600 930 1436 1001 1694
1377514800 938 1490 984 1694
1377513000 935 1474 970 1550
1377511200 950 1507 983 1655
1377509400 933 1466 970 1644
1377507600 932 1473 965 1610
1377505800 929 1437 966 1567
1377504000 938 1467 961 1567
1377502200 929 1472 993 1600
1377500400 942 1464 993 1586
1377498600 937 1449 969 1568
1377496800 935 1458 968 1568
1377495000 934 1472 984 1641
1377493200 938 1455 984 1586
1377491400 941 1467 969 1516
1377489600 927 1444 958 1516
1377487800 935 1471 962 1636
1377486000 937 1472 966 1567
1377484200 943 1470 987 1586
1377482400 1078 1972 1731 4293
1377480600 922 1432 978 1537
1377478800 936 1463 974 1527
1377477000 934 1438 956 1495
1377475200 937 1502 971 1629
1377473400 1057 6473 1608 31427
1377471600 928 1429 980 1514
1377469800 926 1435 959 1549
1377468000 953 1557 994 1752
1377466200 942 1518 1010 1838
1377464400 949 1491 1010 1603
1377462600 925 1420 974 1530
1377460800 946 1496 958 1666
1377459000 927 1432 952 1501
1377457200 934 1450 956 1508
1377455400 937 1433 972 1556
1377453600 932 1456 978 1541
1377451800 937 1465 965 1541
1377450000 938 1455 968 1553
1377448200 926 1423 990 1531
1377446400 944 1493 981 1702
1377444600 931 1431 978 1508
1377442800 930 1465 978 1578
1377441000 927 1433 975 1545
1377439200 943 1480 998 1607
1377437400 933 1431 991 1526
1377435600 930 1460 986 1548
1377433800 941 1490 1001 1680
1377432000 935 1478 980 1637
1377430200 928 1436 1010 1605
1377428400 942 1480 979 1568
1377426600 931 1443 999 1560
1377424800 937 1479 990 1559
1377423000 934 1456 965 1565
1377421200 932 1453 977 1535
1377419400 937 1448 990 1528
1377417600 942 1494 1004 1681
1377415800 929 1443 982 1549
1377414000 935 1468 978 1549
1377412200 928 1436 980 1577
1377410400 947 1493 991 1739
1377408600 927 1433 1007 1527
1377406800 1043 1961 1537 4489
1377405000 934 1456 977 1567
1377403200 931 1461 975 1527
1377401400 932 1435 949 1501
1377399600 934 1471 986 1528
1377397800 943 1449 981 1511
1377396000 933 1449 949 1545
1377394200 938 1492 954 1604
1377392400 932 1450 947 1564
1377390600 930 1442 981 1530
1377388800 951 1510 999 1683
1377387000 929 1489 963 1707
1377385200 938 1488 954 1586
1377383400 936 1457 960 1553
1377381600 946 1515 979 1636
1377379800 949 1580 1002 1903
1377378000 943 1499 980 1554
1377376200 928 1473 954 1531
1377374400 943 1485 970 1531
1377372600 930 1497 956 1648
1377370800 936 1500 965 1609
1377369000 930 1452 966 1532
1377367200 941 1503 978 1597
1377365400 934 1474 973 1667
1377363600 943 1472 975 1509
1377361800 917 1433 955 1584
1377360000 935 1479 955 1584
1377358200 934 1494 993 1673
1377356400 937 1445 985 1556
1377354600 932 1444 962 1558
1377352800 937 1464 973 1558
1377351000 940 1456 979 1527
1377349200 939 1487 960 1646
1377347400 951 1501 1036 1731
1377345600 939 1478 979 1522
1377343800 929 1473 955 1628
1377342000 930 1467 965 1549
1377340200 929 1436 978 1516
1377338400 943 1500 996 1671
1377336600 930 1447 967 1522
1377334800 1086 2108 1768 5039
1377333000 942 1507 1302 9887
1377331200 1015 2911 1302 9887
1377329400 968 1517 1009 1599
1377327600 939 1521 990 1652
1377325800 939 1477 986 1564
1377324000 920 1446 963 1519
1377322200 928 1432 958 1537
1377320400 946 1501 999 1714
1377318600 937 1459 969 1588
1377316800 933 1477 958 1588
1377315000 931 1460 969 1618
1377313200 945 1520 975 1618
1377311400 939 1458 968 1554
1377309600 943 1486 983 1554
1377307800 936 1507 986 1703
1377306000 949 1512 967 1589
1377304200 934 1500 1007 1779
1377302400 940 1548 1007 1779
1377300600 936 1525 982 1889
1377298800 941 1647 982 1889
1377297000 926 1592 950 1713
1377295200 971 1680 1047 1896
1377293400 963 1723 1013 2096
1377291600 3407 35498 6511 122877
1377289800 2746 15465 3604 26814
1377288000 2883 15770 4417 35754
1377286200 2741 9707 12271 112822
1377284400 11727 69026 19421 278039
1377282600 7192 71711 19421 278039
1377280800 928 1583 985 1653
1377279000 955 1770 1051 2316
1377277200 962 1671 1001 1903
1377275400 946 1635 984 1822
1377273600 1924 7867 3343 25154
1377271800 2670 19461 5409 78483
1377270000 4718 96669 9764 307273
1377268200 2091 8120 3445 21061
1377266400 1062218 46917 3545958 122305
1377264600 470696 211458 2798722 1188064
1377262800 29284 1185431 30427 1188913
1377261000 10933 365272 29036 1186869
1377259200 1535 2447 4639 7222
1377257400 917 1447 957 1561
1377255600 914 1422 943 1486
1377253800 915 1422 948 1480
1377252000 933 1467 958 1616
1377250200 923 1441 952 1531
1377248400 947 1449 1063 1533
1377246600 924 1413 953 1473
1377244800 923 1431 957 1574
1377243000 940 1470 981 1546
1377241200 920 1423 947 1451
1377239400 915 1405 946 1457
1377237600 924 1428 960 1513
1377235800 915 1446 954 1617
1377234000 923 1445 973 1545
1377232200 911 1400 941 1488
1377230400 921 1418 939 1488
1377228600 915 1428 941 1569
1377226800 916 1421 939 1511
1377225000 918 1426 941 1521
1377223200 931 1457 973 1561
1377221400 911 1422 953 1560
1377219600 912 1451 982 1578
1377217800 922 1470 981 1627
1377216000 928 1497 981 1558
1377214200 915 1514 939 1615
1377212400 919 1553 947 1703
1377210600 1137 5450 2675 35016
1377208800 7359 159598 12091 306449
1377207000 7339 141261 11712 284690
1377205200 9094 203200 14566 383641
1377203400 6241 103245 7681 192454
1377201600 6626 109806 9657 235616
1377199800 4238 41160 6954 109419
1377198000 1861 13207 3219 46680
1377196200 4910 42134 10683 114923
1377194400 5313 91252 7918 131838
1377192600 3337 32955 5014 59158
1377190800 1325 2036 1745 2705
1377189000 1350 2032 1903 3020
1377187200 1614 2505 2020 3020
1377185400 1469 3837 1999 10024
1377183600 2177 22134 4303 93435
1377181800 1468 3253 1893 15035
1377180000 2406 27905 17290 87550
1377178200 4457 19338 17290 81958
1377176400 13580 29512 47593 92878
1377174600 4950 7323 19232 11528
1377172800 1702 5546 3267 19566
1377171000 860 1341 885 1459
1377169200 859 1329 885 1419
1377167400 860 1366 890 1454
1377165600 882 1354 985 1454
1377163800 864 1343 900 1437
1377162000 869 1369 932 1534
1377160200 860 1314 899 1418
1377158400 864 1328 899 1418
1377156600 859 1328 902 1511
1377154800 871 1354 897 1412
1377153000 852 1323 919 1511
1377151200 862 1337 919 1511
1377149400 866 1349 906 1402
1377147600 854 1321 877 1397
1377145800 859 1330 897 1444
1377144000 862 1356 888 1453
1377142200 850 1340 909 1473
1377140400 859 1336 909 1473
1377138600 839 1306 914 1625
1377136800 857 1349 914 1625
1377135000 854 1324 880 1387
1377133200 859 1351 891 1418
1377131400 854 1368 916 1448
1377129600 861 1387 916 1448
1377127800 972 1986 1484 4956
1377126000 924 1495 1221 1759
1377124200 1416 2227 1759 4168
1377122400 1329 2314 1643 4168
1377120600 1520 2309 2229 3743
1377118800 2196 11160 3286 48105
1377117000 1709 2565 3286 5177
1377115200 19883 42698 102967 210524
1377113400 2136 4943 3438 13158
1377111600 1667 2509 1858 4434
1377109800 1411 1981 1564 2289
1377108000 1246 1761 2993 4906
1377106200 1205 1999 2993 4906
1377104400 1230 1742 1390 1937
1377102600 1293 2130 1497 3697
1377100800 1684 4014 2732 11662
1377099000 1708 3589 2770 10212
1377097200 1563 2365 1886 3114
1377095400 1567 1963 1937 2186
1377093600 1301 1968 1721 2433
1377091800 1307 1777 1618 2128
1377090000 2648 41320 9154 233602
1377088200 1655 7281 2678 29161
1377086400 1446 3233 2979 10003
1377084600 850 1319 893 1438
1377082800 865 1333 893 1433
1377081000 850 1313 895 1444
1377079200 864 1353 895 1444
1377077400 853 1347 913 1523
1377075600 862 1332 913 1462
1377073800 848 1307 913 1455
1377072000 856 1317 913 1455
1377070200 865 1319 906 1501
1377068400 862 1351 906 1501
1377066600 857 1331 893 1432
1377064800 855 1317 893 1429
1377063000 862 1351 938 1571
1377061200 868 1365 900 1479
1377059400 856 1329 883 1379
1377057600 853 1346 878 1381
1377055800 878 1381 2241 36295
1377054000 1082 7099 2241 36295
1377052200 851 1331 891 1388
1377050400 860 1355 891 1471
1377048600 850 1308 878 1377
1377046800 860 1359 894 1490
1377045000 853 1384 894 1557
1377043200 882 1800 982 3614
1377041400 920 1475 1223 1931
1377039600 1245 1938 1598 2475
1377037800 1181 1759 1252 2038
1377036000 1282 1937 1402 2058
1377034200 1338 2083 1535 2416
1377032400 1489 2458 2075 4682
1377030600 1372 1986 1523 2183
1377028800 1738 3748 2285 10543
1377027000 1300 1826 1874 2090
1377025200 1334 2007 1487 2510
1377023400 1215 2863 2799 67818
1377021600 1976 30152 2911 67818
1377019800 1096 1665 1221 1814
1377018000 1181 1745 1371 1835
1377016200 1312 1973 1581 2377
1377014400 1201 2047 1384 3096
1377012600 1644 2290 2086 2863
1377010800 1543 2225 1921 2849
1377009000 1558 2248 1921 2849
1377007200 1382 2070 1560 2389
1377005400 1530 3252 2233 8677
1377003600 1374 2420 1729 4730
1377001800 1355 2116 2479 7961
1377000000 1919 4647 4318 8161
1376998200 848 1322 864 1466
1376996400 851 1351 898 1596
1376994600 850 1273 885 1343
1376992800 850 1282 885 1343
1376991000 847 1269 866 1323
1376989200 854 1276 897 1411
1376987400 855 1291 903 1379
1376985600 857 1277 893 1375
1376983800 956 1718 1449 3813
1376982000 857 1290 907 1417
1376980200 843 1273 868 1368
1376978400 847 1282 868 1368
1376976600 853 1273 866 1320
1376974800 887 1352 1077 1727
1376973000 839 1269 867 1374
1376971200 849 1276 867 1306
1376969400 850 1279 866 1305
1376967600 844 1264 862 1303
1376965800 846 1278 871 1322
1376964000 851 1272 873 1319
1376962200 845 1263 861 1317
1376960400 844 1267 874 1316
1376958600 851 1280 874 1383
1376956800 853 1278 868 1320
1376955000 846 1327 867 1382
1376953200 849 1335 866 1373
1376951400 963 6363 1568 31379
1376949600 952 2887 1313 7039
1376947800 1842 23016 3969 102172
1376946000 2375 25371 3969 102172
1376944200 2565 44666 3500 91471
1376942400 1643 2250 2211 2863
1376940600 1231 2166 2437 5167
1376938800 926 1334 1187 1793
1376937000 1350 2117 2827 3728
1376935200 849 1393 866 1464
1376933400 1063 1569 1404 1832
1376931600 1129 1699 1304 2179
1376929800 1237 2099 1669 3933
1376928000 1282 2104 1388 3782
1376926200 1773 3125 3414 4937
1376924400 867 1837 921 3870
1376922600 864 1857 958 4218
1376920800 952 1965 69846 71813
1376919000 14609 60773 69846 184544
1376917200 1706 5338 3119 21990
1376915400 1952 8771 2868 17349
1376913600 477 878 2868 3817
1376911800 4 251 4 309
1376910000 4 250 4 287
1376908200 3 257 4 296
1376906400 4 250 4 306
1376904600 4 254 4 289
1376902800 3 250 4 286
1376901000 3 254 4 286
1376899200 4 257 4 289
1376897400 4 256 4 281
1376895600 3 250 4 285
1376893800 4 255 4 284
1376892000 4 251 4 275
1376890200 3 256 4 287
1376888400 3 255 4 311
1376886600 4 256 4 291
1376884800 4 258 4 291
1376883000 3 257 4 288
1376881200 4 249 4 281
1376879400 4 263 4 301
1376877600 3 250 4 287
1376875800 4 255 4 303
1376874000 4 251 4 287
1376872200 4 262 4 305
1376870400 3 247 4 278
1376868600 4 255 4 289
1376866800 4 250 4 277
1376865000 3 257 4 291
1376863200 4 250 4 305
1376861400 4 253 4 285
1376859600 3 254 4 299
1376857800 3 264 4 299
1376856000 4 253 4 291
1376854200 4 255 4 284
1376852400 3 253 4 305
1376850600 4 254 4 268
1376848800 4 256 4 315
1376847000 3 254 4 296
1376845200 3 255 4 296
1376843400 4 258 4 278
1376841600 4 254 4 287
1376839800 3 254 4 298
1376838000 4 256 4 285
1376836200 4 256 4 297
1376834400 3 251 4 286
1376832600 4 257 4 294
1376830800 4 252 4 291
1376829000 4 260 4 291
1376827200 3 253 4 284
1376825400 4 255 4 271
1376823600 4 249 4 279
1376821800 3 254 4 289
1376820000 4 252 4 269
1376818200 4 255 4 308
1376816400 3 260 4 308
1376814600 3 258 4 295
1376812800 4 253 4 268
1376811000 4 259 4 290
1376809200 3 249 4 301
1376807400 4 262 4 290
1376805600 4 255 4 309
1376803800 3 254 4 305
1376802000 4 260 4 296
1376800200 4 256 4 297
1376798400 4 251 4 283
1376796600 3 254 4 275
1376794800 4 251 4 298
1376793000 4 260 4 283
1376791200 3 255 4 313
1376789400 4 253 4 279
1376787600 4 261 4 307
1376785800 4 268 4 336
1376784000 3 271 4 333
1376782200 4 270 4 352
1376780400 4 265 4 331
1376778600 3 274 4 306
1376776800 4 266 4 347
1376775000 4 279 4 341
1376773200 3 301 4 469
1376771400 3 277 4 301
1376769600 4 271 4 319
1376767800 4 271 4 313
1376766000 3 272 4 309
1376764200 4 286 4 346
1376762400 4 273 4 319
1376760600 3 280 4 311
1376758800 4 270 4 315
1376757000 4 284 4 318
1376755200 4 273 4 309
1376753400 3 300 4 489
1376751600 4 255 4 293
1376749800 4 264 4 299
1376748000 3 260 4 309
1376746200 4 268 4 321
1376744400 4 259 4 271
1376742600 3 257 4 287
1376740800 3 260 4 282
1376739000 4 260 4 303
1376737200 4 254 4 295
1376735400 3 261 4 302
1376733600 4 256 4 300
1376731800 4 265 4 290
1376730000 3 266 4 310
1376728200 3 256 4 291
1376726400 4 255 4 301
1376724600 4 266 4 306
1376722800 3 263 4 292
1376721000 4 252 4 315
1376719200 4 261 4 315
1376717400 3 267 4 286
1376715600 4 260 4 314
1376713800 4 259 4 288
1376712000 4 259 4 291
1376710200 3 262 4 309
1376708400 4 258 4 289
1376706600 4 264 4 301
1376704800 3 269 4 297
1376703000 4 262 4 294
1376701200 4 274 4 324
1376699400 3 293 4 343
1376697600 3 292 4 332
1376695800 4 301 4 354
1376694000 431 788 1999 4120
1376692200 1607 2691 2006 4120
1376690400 1522 2690 1873 4257
1376688600 1397 3791 1730 9843
1376686800 1302 2525 1577 7385
1376685000 3491 5943 11910 249500
1376683200 2474 43642 7564 249500
1376681400 1706 2347 1866 2681
1376679600 1976 5424 3472 13491
1376677800 1320 1960 1538 2389
1376676000 1650 2348 3614 4760
1376674200 1032 1509 1578 1827
1376672400 1464 2007 1630 2379
1376670600 1647 3002 2088 6649
1376668800 1393 2017 1985 2522
1376667000 1619 2248 2115 2441
1376665200 1946 14856 3134 43405
1376663400 1254 1812 1607 2049
1376661600 1641 2344 2070 3067
1376659800 1429 2069 2872 8260
1376658000 2560 9798 4139 23134
1376656200 1398 1754 1672 7631
1376654400 2048 3928 3270 7631
1376652600 953 1305 979 1383
1376650800 957 1311 1009 1371
1376649000 936 1314 987 1423
1376647200 958 1326 1021 1373
1376645400 955 1331 1019 1374
1376643600 950 1308 996 1365
1376641800 941 1310 1020 1386
1376640000 953 1310 1020 1370
1376638200 950 1318 1055 1432
1376636400 956 1329 1055 1425
1376634600 940 1321 1023 1367
1376632800 953 1318 1023 1347
1376631000 942 1318 1023 1356
1376629200 951 1309 1026 1342
1376627400 942 1301 1023 1328
1376625600 955 1316 1023 1365
1376623800 941 1313 992 1374
1376622000 1066 5579 1556 26969
1376620200 944 1338 988 1433
1376618400 952 1333 998 1370
1376616600 935 1331 979 1483
1376614800 943 1321 1005 1370
1376613000 935 1341 1001 1476
1376611200 959 1372 1065 1626
1376609400 981 1430 1065 1626
1376607600 1240 1739 16619 14946
1376605800 5047 5825 16619 14946
1376604000 1653 2240 2163 2805
1376602200 1620 2238 1869 2560
1376600400 1675 3324 2333 7891
1376598600 1415 1885 1856 2208
1376596800 1524 1975 2095 2175
1376595000 1340 1894 1586 2155
1376593200 1361 1833 1563 2040
1376591400 1804 3135 2229 6994
1376589600 17947 28143 60581 95900
1376587800 2183 3391 3157 6869
1376586000 2352 3510 2675 6253
1376584200 1836 3388 2445 8015
1376582400 1853 4656 3230 8015
1376580600 2317 2309 7282 3443
1376578800 1582 3411 2253 8614
1376577000 1846 3284 2290 8199
1376575200 1952 6044 2522 16231
1376573400 1657 3499 2007 9017
1376571600 1792 14259 2857 32578
1376569800 1835 3707 2374 7165
1376568000 1492 3593 2317 12284
1376566200 3662 103842 13637 598872
1376564400 928 1288 966 1345
1376562600 928 1290 997 1321
1376560800 946 1302 1010 1369
1376559000 942 1306 983 1375
1376557200 939 1292 999 1299
1376555400 929 1294 989 1358
1376553600 942 1296 995 1358
1376551800 952 1320 1015 1395
1376550000 941 1300 980 1395
1376548200 942 1300 1023 1424
1376546400 947 1319 998 1424
1376544600 939 1314 1007 1459
1376539200 935 1291 1006 1368
1376532000 960 1352 1112 1618
1376524800 958 1384 1015 1471
1376517600 1473 11897 6482 228041
1376510400 1363 2393 2066 5607
1376503200 3174 6040 31405 52413
1376496000 3423 5127 40505 14933
1376488800 1669 3184 4645 16119
1376481600 1264 1855 3941 5275
1376474400 915 1313 1004 1405
1376467200 926 1334 1020 1430
1376460000 918 1324 1003 1392
1376452800 919 1318 976 1461
1376445600 1074 8412 3699 134095
1376438400 966 1572 1231 3590
1376431200 222868 13009 5307529 174485
1376424000 7384 225943 127961 5286748
1376416800 1424 2185 3782 5513
1376409600 1623 2280 2529 3067
1376402400 2126 3296 7074 10000
1376395200 1025 1419 3661 4202
1376388000 913 1293 992 1485
1376380800 909 1292 970 1348
1376373600 910 1289 977 1355
1376366400 907 1296 975 1414
1376359200 914 1324 1034 1417
1376352000 966 1560 1389 4555
1376344800 1644 2669 6209 12732
1376337600 2116 6786 3272 33962
1376330400 3671 22600 10302 64214
1376323200 2520 14673 6210 59718
1376316000 1789 4865 3840 53435
1376308800 997 1446 1123 1613
1376301600 995 1442 1129 1604
1376294400 995 1444 1132 1647
1376287200 999 1441 1114 1607
1376280000 1021 1561 1375 4290
1376272800 998 1446 1086 1586
1376265600 996 1441 1095 1640
1376258400 996 1437 1103 1611
1376251200 995 1438 1118 1626
1376244000 994 1434 1098 1619
1376236800 998 1446 1127 1579
1376229600 998 1461 1128 1708
1376222400 991 1435 1111 1624
1376215200 1033 1587 1710 4427
1376208000 999 1447 1140 1615
1376200800 994 1446 1147 1588
1376193600 995 1450 1127 1601
1376186400 996 1447 1138 1604
1376179200 1002 1487 1204 1964
1376172000 998 1465 1135 1654
1376164800 996 1477 1127 1634
1376157600 998 1475 1101 1628
1376150400 994 1465 1092 1592
1376143200 999 1478 1118 1890
1376136000 1022 1583 1631 4620
1376128800 995 1451 1150 1677
1376121600 1000 1443 1169 1626
1376114400 995 1441 1126 1600
1376107200 995 1448 1135 1603
1376100000 1011 1489 1156 1686
1376092800 1018 1534 1160 1688
1376085600 3508 26945 6540 73009
1376078400 3346 25900 6506 62665
1376071200 2562 27768 9369 259035
1376064000 3236 13482 5062 64285
1376056800 1867 7519 4018 39622
1376049600 1150 2134 4018 14137
1376042400 1025 1634 1143 2105
1376035200 1052 1650 1255 1943
1376028000 1021 1623 1079 2142
1376020800 1028 1637 1100 2142
1376013600 1039 1664 1107 2267
1376006400 1041 1719 1129 2347
1375999200 1619 3664 4727 20878
1375992000 3896 95859 29292 1273320
1375984800 1819 5631 4120 71266
1375977600 3613 8981 18513 31292
1375970400 7361 13056 19335 33030
1375963200 1221 2060 4177 8189
1375956000 925 1322 1011 1389
1375948800 933 1336 1020 1647
1375941600 919 1315 1026 1410
1375934400 925 1321 1026 1430
1375927200 951 1460 1536 4131
1375920000 967 1533 2289 4715
1375912800 3146 12420 6705 70145
1375905600 2733 9123 6382 55906
1375898400 2626 10125 6417 72674
1375891200 2867 9043 5983 61208
1375884000 3736 30943 5946 129450
1375876800 959 2556 1625 31167
1375869600 934 1315 1009 1414
1375862400 1157 10953 5204 191630
1375855200 957 1402 1575 3831
1375848000 934 1313 1031 1428
1375840800 941 1347 994 1437
1375833600 959 1474 1110 3596
1375826400 2963 14101 6347 65538
1375819200 2627 7557 7581 19801
1375812000 2515 6584 5235 26515
1375804800 1420 2192 3397 5602
1375797600 1747 3075 2417 16219
1375790400 1120 1903 4054 7163
1375783200 1013 2440 1923 18381
1375776000 954 1554 1041 2073
1375768800 956 1555 1008 2019
1375761600 958 1566 1018 2094
1375754400 969 1610 1080 2175
1375747200 995 1777 1578 4789
1375740000 2004 5727 3745 16369
1375732800 3046 26424 13689 321830
1375725600 2968 9975 35597 57053
1375718400 3931 10275 35597 86019
1375711200 1592 5857 5041 39886
1375704000 3 237 4 282
1375696800 3 239 4 285
1375689600 3 237 4 284
1375682400 3 241 4 289
1375675200 3 226 4 270
1375668000 3 225 4 271
1375660800 3 224 4 264
1375653600 3 225 4 272
1375646400 3 223 4 273
1375639200 3 227 4 274
1375632000 3 227 4 276
1375624800 3 235 4 283
1375617600 3 236 4 277
1375610400 3 233 4 281
1375603200 3 236 4 285
1375596000 3 236 4 285
1375588800 3 234 4 283
1375581600 3 236 4 284
1375574400 3 239 4 293
1375567200 3 237 4 280
1375560000 3 234 4 273
1375552800 3 232 4 270
1375545600 3 241 4 287
1375538400 3 243 4 294
1375531200 3 255 4 307
1375524000 3 252 4 308
1375516800 3 255 4 305
1375509600 3 251 4 304
1375502400 3 249 4 297
1375495200 3 257 4 327
1375488000 3 304 4 447
1375480800 3 448 4 915
1375473600 3 470 4 915
1375466400 3 421 4 548
1375459200 3 425 4 545
1375452000 3 387 4 718
1375444800 3 255 4 297
1375437600 3 250 4 301
1375430400 3 270 4 319
1375423200 3 276 4 335
1375416000 3 272 4 332
1375408800 3 299 4 359
1375401600 3 343 4 471
1375394400 3 394 4 536
1375387200 3 407 4 541
1375380000 3 393 4 522
1375372800 3 435 4 611
1375365600 3 365 4 605
1375358400 3 263 4 307
1375351200 3 267 4 308
1375344000 3 262 4 304
1375336800 3 264 4 326
1375329600 3 263 4 329
1375322400 3 286 4 420
1375315200 3 350 4 405
1375308000 3 431 4 687
1375300800 3 443 4 667
1375293600 3 412 4 538
1375286400 3 419 4 610
1375279200 3 354 4 639
1375272000 3 271 4 310
1375264800 3 271 4 324
1375257600 3 271 4 314
1375250400 3 276 4 317
1375243200 3 272 4 320
1375236000 3 292 4 345
1375228800 3 343 4 490
1375221600 3 455 4 625
1375214400 3 443 4 713
1375207200 3 458 4 713
1375200000 3 432 4 589
1375192800 3 343 4 553
1375185600 3 259 4 311
1375178400 3 254 4 295
1375171200 3 256 4 301
1375164000 3 255 4 296
1375156800 3 261 4 314
1375149600 3 275 4 349
1375142400 3 338 4 454
1375135200 3 375 4 461
1375128000 3 411 4 505
1375120800 3 422 4 580
1375113600 3 432 4 756
1375106400 3 306 4 486
1375099200 3 225 4 350
1375092000 3 209 4 256
1375084800 3 214 4 271
1375077600 3 212 4 264
1375070400 3 213 4 262
1375063200 3 211 4 259
1375056000 3 213 4 268
1375048800 3 212 4 270
1375041600 3 212 4 260
1375034400 3 211 4 267
1375027200 3 213 4 259
1375020000 3 212 4 253
1375012800 3 212 4 266
1375005600 3 211 4 255
1374998400 3 213 4 249
1374991200 3 216 4 294
1374984000 3 210 4 252
1374976800 3 212 4 258
1374969600 3 217 4 258
1374962400 3 235 4 271
1374955200 3 234 4 363
1374948000 3 226 4 273
1374940800 3 227 4 302
1374933600 3 212 4 261
1374926400 3 210 4 257
1374919200 3 213 4 257
1374912000 3 210 4 256
1374904800 3 213 4 251
1374897600 3 211 4 259
1374890400 3 228 4 283
1374883200 3 278 4 424
1374876000 3 392 4 498
1374868800 3 393 4 444
1374861600 3 433 4 574
1374854400 3 415 4 636
1374847200 3 317 4 493
1374840000 3 235 4 282
1374832800 3 239 4 282
1374825600 3 237 4 280
1374818400 3 240 4 294
1374811200 3 236 4 284
1374804000 3 253 4 324
1374796800 3 314 4 411
1374789600 1355 2204 3799 6375
1374782400 2423 14236 14414 208440
1374775200 1424 2222 4351 6705
1374768000 1289 2416 2648 12307
1374760800 1454 4737 4071 31478
1374753600 1533 2371 4896 10316
1374746400 927 1289 1039 1370
1374739200 923 1282 1029 1329
1374732000 926 1286 1028 1369
1374724800 923 1287 995 1363
1374717600 979 1528 1767 6115
1374710400 2637 3714 25984 39462
1374703200 1961 2868 3816 4817
1374696000 1987 6036 3442 14933
1374688800 1918 5461 8128 10986
1374681600 2018 6266 3845 14876
1374674400 2722 19893 7923 138060
1374667200 1399 1956 4573 8922
1374660000 998 1436 1166 1611
1374652800 1007 1452 1205 1649
1374645600 1114 1712 3578 7784
1374638400 1001 1453 1086 1697
1374631200 1012 1478 1105 1611
1374624000 1193 1977 3438 6984
1374616800 20166 21192 90237 37378
1374609600 5692 9593 17420 29337
1374602400 7036 288176 74686 3206409
1374595200 40671 921548 97249 3456054
1374588000 232447 40201 5109919 202491
1374580800 984 1412 1098 1563
1374573600 988 1429 1079 1571
1374566400 1018 1522 1773 3722
1374559200 984 1429 1066 1517
1374552000 983 1420 1064 1518
1374544800 1141 1668 4477 6741
1374537600 1000 1481 1120 1636
1374530400 14453 26429 18598 78316
1374523200 32211 579006 150270 5055025
1374516000 26435 159852 99178 2949475
1374508800 5901 25659 18225 68353
1374501600 2213 7163 4450 28608
1374494400 187 877 4450 16283
1374487200 3 209 4 253
1374480000 3 211 4 266
1374472800 3 212 4 269
1374465600 3 210 4 265
1374458400 3 210 4 259
1374451200 3 210 4 245
1374444000 3 211 4 252
1374436800 3 208 4 258
1374429600 3 210 4 253
1374422400 3 211 4 263
1374415200 3 210 4 262
1374408000 3 210 4 251
1374400800 3 211 4 247
1374393600 3 209 4 265
1374386400 3 212 4 265
1374379200 3 208 4 257
1374372000 3 211 4 260
1374364800 3 207 4 250
1374357600 3 207 4 247
1374350400 3 211 4 255
1374343200 3 206 4 249
1374336000 3 212 4 258
1374328800 3 210 4 258
1374321600 3 212 4 252
1374314400 3 211 4 251
1374307200 3 213 4 265
1374300000 3 212 4 262
1374292800 3 214 4 247
1374285600 3 225 4 258
1374278400 3 336 4 465
1374271200 2878 13894 6578 74000
1374264000 2375 7693 5644 35402
1374256800 2777 10331 5383 33032
1374249600 3776 17478 6754 51753
1374242400 2459 7810 4985 31866
1374235200 1123 1705 1251 1893
1374228000 1124 1708 1246 2044
1374220800 1126 1714 1244 2008
1374213600 1119 1702 1211 1876
1374206400 1118 1699 1210 1819
1374199200 1123 1717 1209 1885
1374192000 1153 1806 1418 2306
1374184800 27079 7675 471345 31678
1374177600 4975 20650 7061 80275
1374170400 5279 16501 47009 1959554
1374163200 9850 89669 84010 1959554
1374156000 3086 6251 6753 36266
1374148800 1257 2033 1404 2441
1374141600 1267 2041 1370 2579
1374134400 1261 2037 1376 2470
1374127200 1264 2039 1381 2480
1374120000 1272 2065 1497 2685
1374112800 1260 2049 1379 2468
1374105600 1318 2279 1854 4208
1374098400 11864 36758 55567 389075
1374091200 3609 41014 10205 218285
1374084000 2880 9829 6222 35790
1374076800 2203 4150 3771 19084
1374069600 1124375 421133 5294411 3342237
1374062400 600706 18646 5294411 140131
1374055200 1036 1506 1154 1658
1374048000 1035 1498 1148 1669
1374040800 1033 1497 1168 1700
1374033600 1061 1673 1653 5726
1374026400 1036 1675 1287 5832
1374019200 1060 1711 1225 3669
1374012000 5036 10651 8857 29720
1374004800 5927 18923 8284 45110
1373997600 4726 29844 9356 122189
1373990400 5430 9781 8603 43681
1373983200 13900 806806 46437 4130649
1373976000 3373 176683 44041 4130649
1373968800 1057 2596 2181 29746
1373961600 1010 1417 1125 1528
1373954400 1003 1415 1102 1592
1373947200 1007 1415 1136 1572
1373940000 1009 1452 1160 1693
1373932800 2846 4522 27195 46824
1373925600 8195 23492 29338 75216
1373918400 6241 21124 9617 69376
1373911200 4732 31191 13092 273559
1373904000 4251 18961 11487 235491
1373896800 6121 18684 19062 113615
1373889600 306 1700 3263 24556
1373882400 3 197 4 221
1373875200 3 196 4 222
1373868000 3 188 4 210
1373860800 3 194 4 218
1373853600 3 192 4 218
1373846400 3 195 4 213
1373839200 3 195 4 209
1373832000 3 196 4 209
1373824800 3 193 4 215
1373817600 3 190 4 208
1373810400 3 192 4 214
1373803200 3 191 4 206
1373796000 3 192 4 217
1373788800 3 192 4 215
1373781600 3 193 4 213
1373774400 3 192 4 215
1373767200 3 192 4 211
1373760000 3 193 4 215
1373752800 3 195 4 217
1373745600 3 193 4 212
1373738400 3 195 4 212
1373731200 3 194 4 215
1373724000 3 199 4 218
1373716800 3 198 4 220
1373709600 3 197 4 213
1373702400 3 198 4 215
1373695200 3 198 4 219
1373688000 3 212 4 279
1373680800 3 248 4 317
1373673600 3 286 4 380
1373666400 1433 2158 3851 6075
1373659200 3779 7693 14528 52935
1373652000 2336 3032 9729 13847
1373644800 10036 16829 27142 52365
1373637600 3553 12786 25481 134557
1373630400 922 1293 1632 2227
1373623200 947 1335 1632 2227
1373616000 934 1423 1090 4060
1373608800 918 1282 1024 1381
1373601600 920 1292 1089 1450
1373594400 922 1306 1052 1424
1373587200 936 1376 1095 1567
1373580000 2224 15809 4824 128566
1373572800 1306 3433 2817 23650
1373565600 281976 17274 5624233 197603
1373558400 11791 298324 107761 4462325
1373551200 4000 54733 7588 159057
1373544000 1678 15731 4986 122715
1373536800 1024 2803 1112 4281
1373529600 1023 2828 1167 4128
1373522400 1017 2838 1094 4255
1373515200 1014 2797 1077 4137
1373508000 1034 2817 1100 4168
1373500800 1038 2875 1123 4259
1373493600 1550 3452 3187 4721
1373486400 2200 7250 4370 22779
1373479200 2355 9810 5706 73250
1373472000 2518 9295 15622 45496
1373464800 2670 6232 15622 42680
1373457600 963 1390 1074 2841
1373450400 964 1397 1029 2810
1373443200 981 1419 1099 2919
1373436000 964 1387 1070 2901
1373428800 1111 7490 3103 92081
1373421600 1022 1538 2066 4251
1373414400 988 1581 1114 3545
1373407200 14638 93985 78681 1396796
1373400000 784687 84341 3594187 247798
1373392800 190894 20999 3486402 221376
1373385600 2685 10180 9162 29607
1373378400 2773 10197 5901 115701
1373371200 1566 2193 5729 12358
1373364000 915 1276 1004 1380
1373356800 910 1271 1001 1359
1373349600 910 1268 965 1378
1373342400 949 1401 1689 4411
1373335200 924 1295 1082 1413
1373328000 1473 1910 5043 7262
1373320800 3019 14561 1723096 148820
1373313600 1465029 58002 4225029 213219
1373306400 1487 2571 3338 9762
1373299200 1481 2076 3338 5869
1373292000 7335 62242 102349 631798
1373284800 1197 3615 4151 48848
1373277600 920 1221 979 1374
1373270400 944 1279 1481 2532
1373263200 917 1216 986 1279
1373256000 918 1223 979 1303
1373248800 922 1230 987 1290
1373241600 924 1233 987 1328
1373234400 927 1237 1035 1510
1373227200 926 1232 996 1360
1373220000 921 1220 985 1283
1373212800 923 1224 983 1308
1373205600 921 1222 993 1319
1373198400 956 1305 1682 2966
1373191200 922 1228 983 1308
1373184000 924 1236 1018 1356
1373176800 923 1223 985 1280
1373169600 922 1230 989 1319
1373162400 924 1227 988 1285
1373155200 921 1222 997 1255
1373148000 924 1235 1018 1296
1373140800 924 1226 978 1298
1373133600 919 1224 981 1298
1373126400 899 1188 998 1332
1373119200 941 1332 1390 3215
1373112000 920 1230 978 1291
1373104800 916 1223 980 1287
1373097600 923 1240 1054 1453
1373090400 921 1228 1108 1475
1373083200 917 1227 973 1279
1373076000 916 1214 962 1255
1373068800 917 1230 1010 1308
1373061600 899 1193 987 1398
1373054400 949 1385 1545 5043
1373047200 922 1223 975 1291
1373040000 924 1234 1022 1469
1373032800 921 1224 972 1264
1373025600 926 1232 978 1339
1373018400 920 1227 983 1311
1373011200 925 1224 979 1276
1373004000 923 1233 984 1323
1372996800 921 1222 974 1277
1372989600 954 1381 1703 4957
1372982400 922 1217 978 1271
1372975200 926 1224 977 1345
1372968000 922 1223 966 1277
1372960800 921 1219 1018 1277
1372953600 924 1241 1008 1340
1372946400 931 1250 1013 1348
1372939200 924 1241 1033 1322
1372932000 922 1245 1051 1396
1372924800 926 1244 1029 1397
1372917600 921 1242 1014 1322
1372910400 962 1487 1656 4294
1372903200 925 1251 1069 1332
1372896000 938 1301 1069 1415
1372888800 1653 8035 4869 43829
1372881600 1926 7937 4145 32490
1372874400 1922 8421 6149 80219
1372867200 2288 8312 4106 41923
1372860000 2171 16210 10634 297580
1372852800 973 1480 2373 54035
1372845600 1068 3789 2373 54035
1372838400 972 1449 1071 1571
1372831200 975 1466 1117 1644
1372824000 967 1452 1101 1592
1372816800 983 1477 1125 1607
1372809600 998 1689 3874 80204
1372802400 519760 586935 2451614 2467412
1372795200 3671 66544 31378 1183482
1372788000 2089 4777 6146 23916
1372780800 1966 2171 11772 5577
1372773600 1725 3301 2689 16388
1372766400 1100 2402 4108 25680
1372759200 912 1297 979 1383
1372752000 917 1299 977 1451
1372744800 914 1293 966 1372
1372737600 912 1292 966 1360
1372730400 922 1319 1010 1413
1372723200 923 1361 995 1594
1372716000 3528 61114 11843 229911
1372708800 3826 56860 35515 1578520
1372701600 3079 78632 35515 1578520
1372694400 5381 18409 14784 139003
1372687200 2939 4755 7472 19171
1372680000 919 1302 992 1438
1372672800 913 1302 975 1451
1372665600 918 1302 1021 1412
1372658400 913 1290 973 1353
1372651200 913 1296 978 1405
1372644000 916 1291 973 1351
1372636800 917 1301 980 1434
1372629600 920 1323 1008 1564
1372622400 939 1398 1426 3822
1372615200 916 1299 999 1393
1372608000 919 1303 966 1412
1372600800 934 1355 1135 1572
1372593600 922 1317 1063 1772
1372586400 915 1295 1002 1420
1372579200 920 1298 983 1465
1372572000 912 1286 976 1342
1372564800 905 1281 1007 1367
1372557600 912 1291 988 1427
1372550400 941 1409 1508 3982
1372543200 923 1324 992 1545
1372536000 921 1295 1081 1364
1372528800 923 1315 1109 1468
1372521600 916 1313 969 1623
1372514400 915 1295 975 1348
1372507200 913 1297 977 1341
1372500000 915 1305 978 1549
1372492800 914 1295 972 1403
1372485600 915 1303 979 1381
1372478400 1028 1450 1151 1564
1372471200 1102 1681 1849 5292
1372464000 1093 1602 1190 1687
1372456800 1597 2914 3873 11478
1372449600 1345 1738 2160 2288
1372442400 1146 1889 2656 3832
1372435200 676 1375 820 1574
1372428000 721 1361 4261 13982
1372420800 807 1789 4261 13982
1372413600 662 1266 781 1439
1372406400 678 1286 845 1549
1372399200 686 1300 1180 2321
1372392000 659 1253 731 1331
1372384800 664 1266 732 1327
1372377600 767 1432 2714 3840
1372370400 740 1390 1138 1800
1372363200 1635552 546441 10273933 3644300
1372356000 9081 289923 82580 3992071
1372348800 19438 743350 86978 4055926
1372341600 2058 13978 8882 189944
1372334400 681 2486 1323 31229
1372327200 696 1378 1408 4001
1372320000 664 1260 816 1366
1372312800 658 1266 750 1411
1372305600 653 1255 713 1329
1372298400 660 1266 732 1396
1372291200 667 1316 746 1500
1372284000 3031 41898 9541 202782
1372276800 847077 107220 4170924 247489
1372269600 1820 6833 3931 32551
1372262400 3956 114227 60267 2642323
1372255200 1259 2050 2315 5426
1372248000 904 1589 5621 8468
1372240800 657 1251 735 1436
1372233600 660 1248 713 1338
1372226400 654 1243 715 1317
1372219200 666 1267 979 1583
1372204800 1246 3178 30133 104882
1372118400 37937 48147 4418741 4908807
1372032000 75 279 736 2914
1371945600 78 433 1100 44769
1371859200 10556 12687 1930295 1800991
1371772800 788 4399 20333 858527
1371686400 843 7175 20644 829417
1371600000 108 543 1218 30597
1371513600 753 6148 32253 1288033
1371427200 145 289 968 2455
1371340800 145 388 817 25935
1371254400 909 1351 53688 52476
1371168000 150 396 539 1092
1371081600 6382 8400 93742 189355
1370995200 5002 12548 98331 1001859
1370908800 1434 3422 13962 135574
1370822400 3 237 4 302
1370736000 3 240 4 383
1370649600 419 1491 5747 113456
1370563200 1799 8988 76093 1298774
1370476800 13084 22641 1442313 3484732
1370390400 5834 10411 35401 420525
1370304000 431 697 1228 1843
1370217600 351 530 871 1549
1370131200 355 662 1339 37539
1370044800 919 1749 5697 22014
1369958400 1307 2465 34121 49740
1369872000 1434 12453 90272 2127160
1369785600 1509 3999 45896 141038
1369699200 107 276 632 2718
1369612800 112 285 594 860
1369526400 931 428 47003 5101
1369440000 1055 6199 41445 86246
1369353600 930 7660 21444 792132
1369267200 549 979 22641 30532
1369180800 1589 23682 152080 1998260
1369094400 1222 20503 40233 1234847
1369008000 3 233 4 301
1368921600 3 233 4 298
1368835200 3 302 4 946
1368748800 3 323 4 1149
1368662400 3 316 4 698
1368576000 3 313 4 998
1368489600 3 336 4 759
1368403200 3 279 4 347
1368316800 3 280 4 448
1368230400 3 335 4 720
1368144000 3 345 4 3970
1368057600 3 331 4 786
1367971200 3 395 4 831
1367884800 3 462 4 836
1367798400 3 383 4 482
1367712000 3 398 4 652
1367625600 3 490 4 908
1367539200 3 374 4 732
1367452800 3 311 4 659
1367366400 3 314 4 771
1367280000 3 327 4 977
1367193600 3 270 4 332
1367107200 3 280 4 457
1367020800 1022 2803 20635 134681
1366934400 904 2097 17245 92444
1366848000 34634 19200 4210680 1296880
1366761600 808 1670 33064 26777
1366675200 1793 14646 30484 1401828
1366588800 101 628 2186 100626
1366502400 97 297 545 2100
1366416000 24863 2980 2527448 122512
1366329600 195992 17913 3630211 1157602
1366243200 39507 28691 2952304 1369118
1366156800 11487 9080 1238039 331316
1366070400 7544 7371 1496761 709958
1365984000 97 325 568 6895
1365897600 106 654 2461 99541
1365811200 75252 7869 3388967 830350
1365724800 6078 1775 1555368 81651
1365638400 31332 17394 3282373 1987778
1365552000 193623 18145 3941854 1257726
1365465600 83506 23370 3729706 2043259
1365379200 100 340 583 937
1365292800 102 368 578 1731
1365206400 1983737 56992 7529357 227923
1365120000 888399 32046 7953901 321496
1365033600 628 2561 34420 197537
1364947200 7961 19841 1946657 3743576
1364860800 848495 62188 7812440 656785
1364774400 95 346 520 1358
1364688000 93 345 502 846
1364601600 1018287 30141 7688007 217509
1364515200 499529 16644 7741923 217010
1364428800 766 4657 19162 371297
1364342400 1021 30989 10615 504355
1364256000 13613 24963 1716399 828242
1364169600 101 344 562 2427
1364083200 102 347 641 1794
1363996800 611 3599 17842 188362
1363910400 596 4479 19338 263927
1363824000 1105 15559 25309 894273
1363737600 972 15401 24315 940201
1363651200 568 12334 34444 1819902
1363564800 373 678 9422 3645
1363478400 440 733 7831 3918
1363392000 55692 13710 2469674 426795
1363305600 122 703 928 31284
1363219200 172 515 3503 6493
1363132800 130 600 631 3858
1363046400 138 690 1645 24545
1362960000 371 702 6980 7144
1362873600 996 1067 23524 12828
1362787200 715 913 7237 10906
1362700800 468 7062 34089 1506719
1362614400 302 997 3467 24527
1362528000 354 546 8388 4250
1362441600 199 662 4795 17450
1362355200 978 2538 7130 259806
1362268800 1498 2232 27613 179517
1362182400 1811 4564 37218 264498
1362096000 109 331 458 2413
1362009600 660 5698 41425 767817
1361923200 516 7220 24252 909040
1361836800 2275 64925 115353 4810966
1361750400 0 0 0 0
1361664000 0 0 0 0
1361577600 623 1772 8446 36831
1361491200 714 12678 36360 1903994
1361404800 471 3604 6224 107520
1361318400 1667 50094 65325 3435743
1361232000 0 0 0 0
1361145600 0 0 0 0
1361059200 0 0 0 0
1360972800 858 3736 9760 327663
1360886400 1314 1740 48769 55675
1360800000 355 2126 5031 185688
1360713600 488 6461 14827 437540
1360627200 379 1360 3559 79543
1360540800 0 0 0 0
1360454400 0 0 0 0
1360368000 1672 8464 177531 1522554
1360281600 282 775 3841 19573
1360195200 591 2041 10816 54303
1360108800 301 1147 5247 62041
1360022400 3505 164077 82444 3477139
1359936000 0 0 0 0
1359849600 0 0 0 0
1359763200 615 1385 8351 20734
1359676800 369 1001 6764 26511
1359590400 481 2769 8284 122250
1359504000 1257 2722 13954 45198
1359417600 359 846 9768 18017
1359331200 0 0 0 0
1359244800 0 0 0 0
1359158400 1222 1935 36371 58846
1359072000 757 10390 15265 842598
1358985600 793 10255 20769 1280912
1358899200 320 1522 10212 113986
1358812800 0 297 0 953
1358726400 0 292 0 608
1358640000 0 307 0 648
1358553600 1244 7184 19436 775358
1358467200 4762 5517 1232262 1241755
1358380800 1360 3563 18547 80478
1358294400 52870 47917 4341266 3556495
1358208000 9688 62819 2083140 6057774
1358121600 85 262 743 2270
1358035200 86 388 838 28338
1357948800 632 1043 5081 18979
1357862400 1257 33459 80814 3511331
1357776000 288 1271 4355 53570
1357689600 575 4390 35229 530586
1357603200 308 912 5172 12970
1357516800 70 395 410 3832
1357430400 85 586 584 5716
1357344000 5851 56964 824975 2831326
1357257600 1197 9312 28651 481930
1357171200 423 1460 15427 79359
1357084800 78 442 404 1131
1356998400 80 481 507 1572
1356912000 83 461 382 869
1356825600 84 465 502 2040
1356739200 85 522 413 1223
1356652800 86 538 503 1464
1356566400 85 511 433 1195
1356480000 82 449 390 1227
1356393600 84 451 469 2749
1356307200 83 446 409 1309
1356220800 85 466 541 2770
1356134400 501 3852 15794 120764
1356048000 4620 141628 15469 585379
1355961600 2689 67020 42888 1208016
1355875200 1161 20647 12722 291300
1355788800 5943 3637 1390339 87944
1355702400 68 243 530 1520
1355616000 118 2264 10718 464532
1355529600 573 1974 17553 41732
1355443200 12402 11259 3224396 2720276
1355356800 5895 2910 1392330 113617
1355270400 588 5326 20702 610235
1355184000 515 1173 5840 22765
1355097600 144 338 587 1289
1355011200 146 347 553 1829
1354924800 24516 32035 3340959 2798014
1354838400 850 8447 80176 956490
1354752000 31237 10151 7592371 389067
1354665600 17378 10628 2560359 1313945
1354579200 1902 28169 44752 1285045
1354492800 74 204 495 1690
1354406400 81 244 495 2103
1354320000 1823 14016 48295 300427
1354233600 1985 7907 347456 394410
1354147200 50411 57755 6981802 4093524
1354060800 776 3183 6375 158737
1353974400 567 6991 12374 363492
1353888000 70 181 529 1658
1353801600 69 180 454 1396
1353715200 72 185 623 1684
1353628800 71 196 418 1747
1353542400 20807 10920 5161895 766367
1353456000 1113 3946 8852 78126
1353369600 1150 12873 32087 1283141
1353283200 90 1022 3088 138923
1353196800 73 253 456 641
1353110400 410 4496 19191 807209
1353024000 1536 56244 180572 7628722
1352937600 1520 6762 36883 476036
1352851200 2322 7212 31602 330616
1352764800 1436 2807 27863 84755
1352678400 1657 43968 25368 1046849
1352592000 828 642 16412 1537
1352505600 1419 1850 18261 63248
1352419200 6703 219113 33253 1364254
1352332800 2209 33849 18833 612102
1352246400 28317 64240 3331359 4576259
1352160000 1991 12655 21230 896585
1352073600 554 297 13131 1103
1351987200 611 306 16182 1551
1351900800 259716 18710 7276254 1268364
1351814400 576296 31782 7426752 334392
1351728000 5385 15998 85580 208352
1351641600 40 261 2259 2261
1351555200 0 219 0 404
1351468800 12 254 1298 4364
1351382400 0 232 0 290
1351296000 922 1810 16156 83462
1351209600 1083 2279 16892 27661
1351123200 7604 172108 284563 5944307
1351036800 2384 6894 35372 1099167
1350950400 1823 2799 16228 22422
1350864000 811 1165 14451 2788
1350777600 3994 89013 214303 4715964
1350691200 1759 4924 58062 180627
1350604800 51783 52344 4725449 4035531
1350518400 7624 55131 239154 5854556
1350432000 638 5020 15468 277342
1350345600 303 3024 27556 161906
1350259200 0 275 0 331
1350172800 0 276 0 430
1350086400 655 3787 9872 239980
1350000000 900 1552 5408 56877
1349913600 4863 13740 184914 182309
1349827200 2787 5892 146118 239675
1349740800 612 430 15894 4010
1349654400 540 338 13052 2630
1349568000 593 336 16077 1600
1349481600 952 958 16319 12953
1349395200 917 1119 16018 30477
1349308800 18700 40122 1108480 3752691
1349222400 327 1761 10495 175088
1349136000 0 449 0 806
1349049600 0 359 0 398
1348963200 0 370 0 504
1348876800 0 403 0 813
1348790400 1135 4202 16766 204470
1348704000 1296 4034 30305 164303
1348617600 4647 17797 52683 275534
1348531200 9970 24832 1482432 1126489
1348444800 0 218 0 311
1348358400 0 232 0 373
1348272000 889 900 16509 33963
1348185600 2494 12780 242198 1055381
1348099200 4662 40690 333130 4708172
1348012800 1590 18252 105047 4211849
1347926400 1298 1419 27612 41232
1347840000 818 393 15375 4835
1347753600 899 390 16019 1474
1347667200 1161 1030 16927 23877
1347580800 18193 13533 2645568 2225244
1347494400 2739 6353 245217 218208
1347408000 1549 2639 49097 209882
1347321600 1555 1381 83183 69435
1347235200 515 382 8760 1327
1347148800 533 399 7945 2594
1347062400 1150 1459 18184 22368
1346976000 976 3861 8865 149941
1346889600 1482 9892 66710 462284
1346803200 1046 1621 26635 144795
1346716800 571 405 7843 2893
1346630400 522 384 7751 1289
1346544000 568 398 7843 1864
1346457600 628 510 8107 2862
1346371200 887 3704 7626 143682
1346284800 1211 5952 93439 313424
1346198400 1240 1007 25257 15265
1346112000 863 1752 8361 77277
1346025600 483 426 7960 1336
1345939200 519 451 7831 5670
1345852800 968 2106 8996 45883
1345766400 133527 16360 3507077 190128
1345680000 232 1338 3623 41545
1345593600 459 3138 5559 109832
1345507200 466 6529 9531 431616
1345420800 0 371 0 479
1345334400 0 382 0 794
1345248000 244 2917 2675 112262
1345161600 314 4996 7569 272236
1345075200 720 7041 20487 783506
1344988800 1941 2097 192472 143652
1344902400 0 497 0 1035
1344816000 0 307 0 348
1344729600 0 362 0 427
1344643200 0 502 0 1118
1344556800 0 492 0 888
1344470400 0 461 0 1036
1344384000 0 456 0 1046
1344297600 0 417 0 1018
1344211200 0 292 0 330
1344124800 0 294 0 409
1344038400 0 432 0 939
1343952000 181 720 7976 38822
1343865600 322 1219 4571 58533
1343779200 358 1625 14519 257140
1343692800 286 3434 3700 150473
1343606400 0 0 0 0
1343520000 0 0 0 0
1343433600 223 3635 10110 599810
1343347200 441 1017 10854 22463
1343260800 985 44974 46942 3026898
1343174400 238 3847 9707 514804
1343088000 123 554 6963 21390
1343001600 0 0 0 0
1342915200 0 0 0 0
1342828800 2093 62496 21478 648007
1342742400 309 2571 3829 103475
1342656000 0 0 0 0
1342569600 1909 68968 108719 5735375
1342483200 1061 1865 33914 190760
1342396800 1012 408 9872 1600
1342310400 1003 414 8943 1769
1342224000 1091 517 10906 3422
1342137600 35627 3133 5094665 182149
1342051200 57 975 3748 205204
1341964800 220 684 3656 11420
1341878400 103 496 543 4548
1341792000 101 406 512 613
1341705600 99 410 545 2257
1341619200 257 5441 20835 1009438
1341532800 227 8077 20231 1275180
1341446400 558 703 80685 63164
1341360000 275 7490 16413 1021687
1341273600 275 8969 15850 983266
1341187200 94 402 461 1398
1341100800 94 415 462 1454
1341014400 251 10361 31192 1755507
1340928000 2012 49009 47314 2424566
1340841600 3670 130715 57220 3131401
1340755200 159 223 5842 5147
1340668800 0 0 0 0
1340582400 0 0 0 0
1340496000 0 0 0 0
1340409600 2134 29347 374064 5163668
1340323200 216 1867 13906 440620
1340236800 0 0 0 0
1340150400 97 252 6008 29075
1340064000 64 676 3058 119357
1339977600 0 0 0 0
1339891200 0 0 0 0
1339804800 420 2149 25944 116775
1339718400 256 1371 13072 149076
1339632000 374 9946 21124 1276721
1339545600 376 13368 20349 995533
1339459200 2005 109783 44303 2423093
1339372800 0 0 0 0
1339286400 0 0 0 0
1339200000 50283 48959 3009294 3011132
1339113600 550 1123 28671 47057
1339027200 945 40974 43395 2386465
1338940800 186 545 3394 18283
1338854400 287 3408 6736 174154
1338768000 0 0 0 0
1338681600 0 0 0 0
1338595200 1550 46591 122170 2303532
1338508800 1189 14454 7664 260080
1338422400 848 1518 10610 30915
1338336000 689 1031 3623 43165
1338249600 0 0 0 0
1338163200 0 0 0 0
1338076800 0 0 0 0
1337990400 281 1091 16542 39256
1337904000 111 444 3046 10806
1337817600 350 1886 13979 306679
1337731200 260 643 4480 13973
1337644800 473 4754 53468 1203196
1337558400 0 0 0 0
1337472000 0 0 0 0
1337385600 361 730 13531 14755
1337299200 160 567 2162 14372
1337212800 90370 18958 11341514 4490848
1337126400 849 3696 48966 275550
1337040000 731 2056 18077 325387
1336953600 0 0 0 0
1336867200 0 0 0 0
1336780800 545 1261 5094 78547
1336694400 2791 4290 583028 363600
1336608000 2061 86984 46385 2427941
1336521600 311 1360 7009 89912
1336435200 322 1786 5045 97152
1336348800 0 0 0 0
1336262400 0 0 0 0
1336176000 260 1214 6085 38960
1336089600 138 427 2946 15369
1336003200 0 0 0 0
1335916800 143 352 8860 9429
1335830400 195 566 3591 9432
1335744000 0 0 0 0
1335657600 0 0 0 0
1335571200 0 0 0 0
1335484800 188 722 2896 23468
1335398400 767 19572 52726 530291
1335312000 298 563 13403 19086
1335225600 475 17404 8260 502935
1335139200 0 0 0 0
1335052800 0 0 0 0
1334966400 84872 5509 6412596 263527
1334880000 244 881 8135 17609
1334793600 269 1173 2740 30050
1334707200 583 20265 93771 5590753
1334620800 528 570 84618 15780
1334534400 0 0 0 0
1334448000 0 0 0 0
1334361600 0 0 0 0
1334275200 401 1341 4718 77672
1334188800 2373 4302 227088 894527
1334102400 712 1845 4336 66527
1334016000 495 14380 8678 484916
1333929600 0 0 0 0
1333843200 0 0 0 0
1333756800 1053 19424 12485 511669
1333670400 1172 27952 7598 532575
1333584000 1459 31094 8912 568771
1333497600 487 2665 3643 169734
1333411200 18041 6793 1313409 1538029
1333324800 0 0 0 0
1333238400 0 0 0 0
1333152000 45251 2393 2831117 92839
1333065600 2739 97692 122450 4022904
1332979200 183 430 5014 6807
1332892800 97 250 2310 13373
1332806400 203 563 7573 15316
1332720000 0 0 0 0
1332633600 0 0 0 0
1332547200 0 0 0 0
1332460800 0 0 0 0
1332374400 0 0 0 0
1332288000 0 0 0 0
1332201600 0 0 0 0
1332115200 0 0 0 0
1332028800 0 0 0 0
1331942400 0 0 0 0
1331856000 0 0 0 0
1331769600 0 0 0 0
1331683200 0 0 0 0
1331596800 0 0 0 0
1331510400 0 0 0 0
1331424000 0 0 0 0
1331337600 0 0 0 0
1331251200 0 0 0 0
1331164800 0 0 0 0
1331078400 0 0 0 0
1330992000 0 0 0 0
1330905600 0 0 0 0
1330819200 0 0 0 0
1330732800 0 0 0 0
1330646400 0 0 0 0
1330560000 0 0 0 0
1330473600 0 0 0 0
1330387200 1014 23796 126722 6732421
1330300800 0 0 0 0
1330214400 0 0 0 0
1330128000 231 985 5349 72590
1330041600 10935 14850 2757954 2771933
1329955200 1009 11613 8752 273760
1329868800 301 447 14282 24954
1329782400 0 0 0 0
1329696000 0 0 0 0
1329609600 0 0 0 0
1329523200 2426 5699 488763 439705
1329436800 15030 17880 3580235 2105082
1329350400 541 6274 18323 1003785
1329264000 1598 67225 61893 3370737
1329177600 1028 27175 35971 631540
1329091200 0 0 0 0
1329004800 0 0 0 0
1328918400 28655 45488 7613874 3287698
1328832000 8000 18968 670767 368428
1328745600 7205 4509 659213 163219
1328659200 2663 9254 108299 521404
1328572800 1208 18468 28474 469659
1328486400 0 0 0 0
1328400000 0 0 0 0
1328313600 656 2056 16561 97988
1328227200 338 2299 6097 222134
1328140800 365 909 9225 40413
1328054400 785 8337 11069 780148
1327968000 696 737 3743 12866
1327881600 0 0 0 0
1327795200 0 0 0 0
1327708800 683 1903 6623 82698
1327622400 900 33679 68707 3245457
1327536000 0 0 0 0
1327449600 402 617 4594 15222
1327363200 1095 7144 50530 258478
1327276800 0 0 0 0
1327190400 0 0 0 0
1327104000 607 917 6398 23978
1327017600 569 964 8020 78624
1326931200 715 1142 22267 65400
1326844800 143 746 3465 98685
1326758400 0 0 0 0
1326672000 0 0 0 0
1326585600 0 0 0 0
1326499200 190 761 6748 91163
1326412800 2932 7204 154129 210689
1326326400 265 678 6648 26942
1326240000 415 1014 19629 142197
1326153600 273 318 22531 11651
1326067200 0 0 0 0
1325980800 0 0 0 0
1325894400 633 3916 5976 119063
1325808000 280 1984 2739 54982
1325721600 475 689 3670 47726
1325635200 391 4518 23563 206309
1325548800 0 0 0 0
1325462400 0 0 0 0
1325376000 0 0 0 0
1325289600 711 10123 21336 247809
1325203200 415 6349 22623 224792
1325116800 739 2213 94576 81265
1325030400 39 137 677 502
1324944000 0 0 0 0
1324857600 0 0 0 0
1324771200 0 0 0 0
1324684800 0 0 0 0
1324598400 593 900 20892 20060
1324512000 420 1673 19791 87628
1324425600 464 2493 6280 66953
1324339200 1036 6515 135089 193535
1324252800 0 0 0 0
1324166400 0 0 0 0
1324080000 467 3447 32486 119526
1323993600 155 914 2973 40010
1323907200 204 1976 3996 211522
1323820800 408 4744 19484 995311
1323734400 435 4685 24392 277689
1323648000 0 0 0 0
1323561600 0 0 0 0
1323475200 403 2074 21813 220572
1323388800 890 6543 48089 250431
1323302400 731 2419 21072 121555
1323216000 214 716 3902 30120
1323129600 331 924 8906 16628
1323043200 0 0 0 0
1322956800 0 0 0 0
1322870400 429 3680 6067 281967
1322784000 863 5616 30154 437926
1322697600 602 3400 14061 226681
1322611200 270 1687 15666 37422
1322524800 999 13206 15451 189889
1322438400 0 0 0 0
1322352000 0 0 0 0
1322265600 0 0 0 0
1322179200 0 0 0 0
1322092800 0 0 0 0
1322006400 0 0 0 0
1321920000 0 0 0 0
1321833600 0 0 0 0
1321747200 0 0 0 0
1321660800 804 9120 24827 415597
1321574400 1762 25507 219192 420923
1321488000 1312 28389 12188 421788
1321401600 7902 11475 1036513 311549
1321315200 1425 44634 47339 2443711
1321228800 0 0 0 0
1321142400 0 0 0 0
1321056000 56380 15921 869149 1015113
1320969600 3507 37764 57040 251627
1320883200 17074 29820 2062479 3236562
1320796800 858 13541 5332 199870
1320710400 801 16648 19367 849838
1320624000 0 0 0 0
1320537600 0 0 0 0
1320451200 8012 12041 708628 277163
1320364800 271 3631 7721 242620
1320278400 920 37140 105387 6151103
1320192000 785 14211 4417 62815
1320105600 1179 31044 17374 461347
1320019200 0 0 0 0
1319932800 0 0 0 0
1319846400 1007 9424 42705 574324
1319760000 34220 13027 6759382 319617
1319673600 6098 68328 375153 3291952
1319587200 33142 24762 856104 435316
1319500800 14379 22284 634264 307829
1319414400 0 0 0 0
1319328000 0 0 0 0
1319241600 20460 4169 831276 89080
1319155200 14129 7262 768425 426955
1319068800 135236 19427 1172191 1085601
1318982400 32269 11377 839022 322479
1318896000 84971 27449 1198132 863362
1318809600 0 0 0 0
1318723200 0 0 0 0
1318636800 52580 12571 1116141 262577
1318550400 45277 22258 923926 313487
1318464000 49691 38131 976826 443134
1318377600 34157 50591 853302 482299
1318291200 33709 31920 936980 403458
1318204800 0 0 0 0
1318118400 0 0 0 0
1318032000 18456 12026 699481 244536
1317945600 45605 24270 965583 336206
1317859200 77465 19920 1429320 281728
1317772800 30027 5293 911419 202758
1317686400 60328 18426 917622 329953
1317600000 12522 3918 603858 146539
1317513600 31102 9765 1603574 552637
1317427200 18418 24163 895205 260987
1317340800 57576 27603 904765 296537
1317254400 74637 42453 1060732 334492
1317168000 57644 25700 918502 263378
1317081600 143076 88533 916245 3611666
1316995200 6703 624 822757 25084
1316908800 17718 1071 889467 27328
1316822400 59781 3182 1151446 41638
1316736000 22930 3476 878555 100669
1316649600 110921 5524 1045660 42647
1316563200 58390 4009 957886 34430
1316476800 80583 11255 1187450 168369
1316390400 0 0 0 0
1316304000 0 0 0 0
1316217600 38683 3753 932940 190558
1316131200 181640 19776 1922827 129546
1316044800 2380120 57840 6387417 368646
1315958400 406341 12638 2196051 200541
1315872000 48205 8262 1804808 920662
1315785600 37026 1788 2313052 68649
1315699200 31141 1716 1134627 33913
1315612800 28155 3523 1081006 98615
1315526400 60101 9929 1109332 221114
1315440000 161578 11700 1397094 638942
1315353600 43583 3147 971941 85299
1315267200 0 291 0 335
1315180800 0 292 0 333
1315094400 0 293 0 364
1315008000 27424 6310 818149 168191
1314921600 54839 4759 1532877 143769
1314835200 202697 26290 3953650 380689
1314748800 31055 8144 1069144 104726
1314662400 209188 8703 3667028 154303
1314576000 0 140 0 152
1314489600 0 140 0 155
1314403200 169936 11267 2113823 413091
1314316800 1079779 28164 2196739 60240
1314230400 1817142 47588 2419298 242551
1314144000 498338 63214 3949287 6689169
1314057600 72973 17297 3207192 1088987
1313971200 0 338 0 389
1313884800 0 342 0 394
1313798400 0 421 0 677
1313712000 0 436 0 768
1313625600 843 7439 7939 167812
1313539200 1057 5143 54290 453156
1313452800 1102 9303 27785 984193
1313366400 0 316 0 362
1313280000 0 321 0 390
1313193600 2023 46968 12986 786692
1313107200 8037 26539 978450 1845694
1313020800 1434 8255 11593 149744
1312934400 1203 4396 59449 141562
1312848000 182 2441 12104 517545
1312761600 0 359 0 398
1312675200 0 363 0 442
1312588800 0 434 0 744
1312502400 0 464 0 730
1312416000 0 439 0 958
1312329600 0 440 0 910
1312243200 0 465 0 801
1312156800 0 423 0 482
1312070400 0 430 0 518
1311984000 0 457 0 2138
1311897600 0 438 0 685
1311811200 0 442 0 782
1311724800 0 452 0 797
1311638400 0 469 0 942
1311552000 0 356 0 423
1311465600 0 374 0 482
1311379200 928 5485 21068 249494
1311292800 1312 11432 12689 234981
1311206400 1545 15308 67941 2467487
1311120000 2848 7876 164095 201483
1311033600 12485 18392 3184027 2005959
1310947200 1171 843 18920 2393
1310860800 4705 4791 641165 574306
1310774400 727 2373 21569 52756
1310688000 2257 3009 234567 169436
1310601600 1552 4637 52370 323693
1310515200 1021 10245 13559 488305
1310428800 477 1619 3550 27815
1310342400 402 907 1151 2532
1310256000 499 1921 4800 242462
1310169600 960 1511 12998 62094
1310083200 2613 3584 348012 321842
1309996800 5012 32957 1104882 1113907
1309910400 94 563 1517 3431
1309824000 0 365 0 438
1309737600 0 368 0 416
1309651200 0 377 0 532
1309564800 16082 4254 1720854 94413
1309478400 1018 1280 28629 13763
1309392000 10013 5685 604215 164148
1309305600 544 1062 17340 23063
1309219200 162 769 8169 24023
1309132800 0 416 0 461
1309046400 0 420 0 520
