1377805801 2001941435 1478378794
1377805801 21321 8895 21321 8895
1377805502 20740 19150 20740 19150
1377805500 20757 20169 26051 325044
1377805200 26945 323997 294424 325044
1377804900 293507 11205 294424 11228
1377804600 19454 4449 19762 9610
1377804300 19752 9586 19762 9610
1377804000 18413 6108 19698 6109
1377803700 21846 10100 341966 639684
1377803400 340889 637566 341966 639684
1377803100 18888 4435 19374 5544
1377802800 19358 5525 19374 5544
1377802500 17114 2820 19231 2926
1377802200 19230 2927 19231 3173
1377801900 19174 3172 19178 3173
1377801600 19079 3184 296144 10830
1377801300 295222 10825 296144 10830
1377801000 19557 9536 19575 9582
1377800700 16988 2698 19243 2901
1377800400 19242 2907 19243 3909
1377800100 19218 3900 19227 3909
1377799800 17996 2641 19299 3514
1377799500 19298 3511 19299 3514
1377799200 19138 2853 19153 2855
1377798900 16915 2603 19127 2873
1377798600 19126 2872 19127 2873
1377798300 18962 2765 18966 2766
1377798000 19841 2740 294986 10414
1377797700 294066 10389 294986 10414
1377797400 19042 2966 19056 3604
1377797100 17221 3622 79875 9119
1377796800 79695 9290 79875 60640
1377796500 25976 60724 25996 85938
1377796200 20016 85397 20020 85938
1377795900 19479 4962 19860 24456
1377795600 19853 24399 19860 24456
1377795300 17807 7583 19111 7612
1377795000 20952 3403 295408 13143
1377794700 299544 13436 1536363 101208
1377794400 1538712 101113 2241078 101208
1377794100 2226259 72498 2241078 72939
1377793800 19216 6889 297278 13144
1377793500 295427 13099 297278 13144
1377793200 19676 6448 19683 7786
1377792900 17822 8013 21671 41851
1377792600 21668 41777 21671 41851
1377792300 21050 19702 21056 19722
1377792000 19376 19667 36789 904509
1377791700 36736 901641 36789 904509
1377791400 20907 44129 20911 45089
1377791100 19831 44883 19850 45089
1377790800 19851 14723 20405 153592
1377790500 20405 153153 20405 153592
1377790200 22245 22012 296452 22025
1377789900 295532 20123 296452 20162
1377789600 20495 8716 20505 8727
1377789300 17585 5586 19748 12458
1377789000 19745 12435 19748 12458
1377788700 19084 5678 19088 5683
1377788400 18050 12205 41788 1195097
1377788100 42006 1192900 107198 1195097
1377787800 106666 536268 107198 536268
1377787500 27483 532742 27537 536268
1377787200 19564 7364 19570 7371
1377786900 18724 6348 18732 6370
1377786600 17536 3125 18587 3204
1377786300 19508 3228 295120 10484
1377786000 294213 10502 295120 15900
1377785700 23197 15881 23199 15900
1377785400 22911 23548 90662 3984150
1377785100 90210 3957770 90662 3984150
1377784800 22928 27153 22947 27285
1377784500 20183 7567 20198 8152
1377784200 18067 8145 19059 8152
1377783900 19057 6079 19059 6087
1377783600 18577 3856 18584 3978
1377783300 16568 3979 18732 4573
1377783000 18735 4586 19668 8583
1377782700 20587 8611 295528 17074
1377782400 294607 17027 295528 17074
1377782100 19401 3176 20650 20408
1377781800 20625 20292 20650 20408
1377781500 16919 3159 17965 3536
1377781200 17983 3533 20723 3536
1377780900 20710 3213 20723 3214
1377780600 16864 2933 17779 2943
1377780300 17779 2942 17806 2943
1377780000 17799 2917 17806 2918
1377779700 15780 2834 17868 3063
1377779400 17867 3062 17868 3063
1377779100 17798 2922 17806 2973
1377778800 17631 2996 293869 9933
1377778500 292945 9910 293869 9933
1377778200 16802 3117 17688 3119
1377777900 17688 2628 17749 2878
1377777600 17733 2875 17749 2878
1377777300 15485 2459 17602 2876
1377777000 17601 2875 17602 2876
1377776700 17565 2666 17569 2802
1377776400 16503 2801 17618 2802
1377776100 17617 2666 17618 2929
1377775800 17515 2927 17522 2929
1377775500 15434 2502 17568 2819
1377775200 19400 2862 292432 9389
1377774900 291512 9366 292432 9389
1377774600 16461 2698 17515 2699
1377774300 17514 2698 17515 2834
1377774000 17457 2833 17464 2834
1377773700 15413 2598 17376 2747
1377773400 17376 2746 17491 2747
1377773100 17483 2624 17491 2909
1377772800 16444 2905 17278 2909
1377772500 17275 2413 17278 2739
1377772200 16387 2738 17402 2739
1377771900 17401 2615 17402 2766
1377771600 17292 2766 17298 2928
1377771300 17418 2974 292032 9869
1377771000 291116 9844 292032 9869
1377770700 17296 2507 17300 2684
1377770400 16354 2683 17231 2684
1377770100 17231 2624 17479 3562
1377769800 17464 3556 17479 3562
1377769500 15271 2752 17228 2776
1377769200 17231 2776 18380 2790
1377768900 18358 2790 18380 2865
1377768600 15154 2863 15197 2865
1377768300 2444 2329 16222 2765
1377768000 16229 2767 17377 3101
1377767700 17376 3099 17377 3101
1377767400 18993 2771 290677 9619
1377767100 288853 9573 290677 9619
1377766800 17081 2785 17155 2802
1377766500 17152 2802 17155 2855
1377766200 16279 2855 17219 2961
1377765900 17211 2960 17219 2961
1377765600 16074 2816 17121 2818
1377765300 17121 2498 17141 2510
1377765000 17127 2522 17141 4349
1377764700 15056 4344 17293 4349
1377764400 17298 3086 18156 3088
1377764100 18134 2863 18156 2865
1377763800 14943 2708 17156 2709
1377763500 18984 2541 291437 10226
1377763200 290519 10200 291437 10226
1377762900 16139 2698 17065 2834
1377762600 17064 2833 17065 2834
1377762300 17047 2749 19068 2908
1377762000 19124 5883 36058 895619
1377761700 35997 892643 36058 895619
1377761400 17977 3024 19203 3027
1377761100 19204 2314 19618 4542
1377760800 19609 4536 19618 4542
1377760500 17118 2957 19012 2959
1377760200 19011 2741 19012 2742
1377759900 20851 2699 295848 10747
1377759600 294001 10693 295848 10747
1377759300 18859 2753 18946 3034
1377759000 18939 3032 18946 3034
1377758700 16924 2695 18845 2809
1377758400 18844 2808 18845 2809
1377758100 18778 2708 18780 4624
1377757800 18467 4613 18748 4624
1377757500 18748 2975 18840 2976
1377757200 18833 2783 18840 2866
1377756900 16911 2866 18848 2881
1377756600 18847 2878 18848 2881
1377756300 19675 2532 295559 10314
1377756000 294636 10288 295559 10314
1377755700 18792 2741 18797 3030
1377755400 18790 3030 18797 3129
1377755100 16820 3127 18729 3129
1377754800 18728 2721 18729 2722
1377754500 18681 2563 18685 2720
1377754200 17660 2720 18786 2981
1377753900 18786 2981 18874 3105
1377753600 18865 3102 18874 3105
1377753300 17649 2769 18734 3216
1377753000 18730 3214 18734 3216
1377752700 17725 2790 19286 4548
1377752400 21125 4587 295259 10445
1377752100 294334 10419 295259 10445
1377751800 17768 2910 18546 2912
1377751500 18546 2681 18560 2805
1377751200 18553 2805 18560 3011
1377750900 16673 3009 18464 3011
1377750600 18464 2802 18510 2803
1377750300 18506 2740 18510 2827
1377750000 17576 2833 19334 4834
1377749700 19328 4823 19334 4834
1377749400 18537 3204 18544 3207
1377749100 16578 2457 18416 2765
1377748800 19343 2789 296757 10249
1377748500 294894 10198 296757 10249
1377748200 17431 2643 18542 2763
1377747900 18541 2764 18542 2914
1377747600 18460 2914 18467 3105
1377747300 16438 3578 21136 145103
1377747000 21212 149163 32592 754143
1377746700 32491 749167 32592 754143
1377746400 17461 7832 18443 7849
1377746100 18442 2920 18443 3022
1377745800 18426 3020 18433 3022
1377745500 16365 2636 18310 2687
1377745200 18310 2687 18371 2869
1377744900 20205 2921 293560 10717
1377744600 292645 10697 293560 10717
1377744300 19049 4719 19061 4731
1377744000 17306 2992 18412 3203
1377743700 18411 3201 18412 3203
1377743400 18238 2670 18245 2775
1377743100 16266 2775 18369 2960
1377742800 18368 2959 18369 2960
1377742500 18245 2712 18249 3005
1377742200 17321 3004 18415 3005
1377741900 18414 2923 18415 3313
1377741600 18379 3313 18386 3517
1377741300 17483 3540 295701 10572
1377741000 294776 10545 295701 10572
1377740700 18224 2705 18227 2866
1377740400 17396 2866 18315 2953
1377740100 18314 2951 18315 2953
1377739800 18205 2669 18219 2942
1377739500 16188 2942 18365 2947
1377739200 18364 2946 18365 2947
1377738900 18218 2867 18224 3098
1377738600 17440 3095 18244 3098
1377738300 18242 2771 18244 2772
1377738000 18086 2692 18093 3044
1377737700 16228 3043 18195 3044
1377737400 19117 3002 295056 10424
1377737100 294130 10398 295056 10424
1377736800 17268 2833 18020 2834
1377736500 18020 2809 18147 2810
1377736200 18143 2719 18147 3047
1377735900 17109 3047 18265 3175
1377735600 18250 3173 18265 3175
1377735300 16099 2906 19128 3099
1377735000 19121 3098 19128 3099
1377734700 17067 2910 17068 2912
1377734400 16952 2618 18119 3173
1377734100 18119 3177 18215 4671
1377733800 20044 4711 292625 10758
1377733500 290795 10707 292625 10758
1377733200 18126 3217 18128 3219
1377732900 17935 2958 17942 2960
1377732600 16906 2748 18107 3213
1377732300 18106 3217 18107 3918
1377732000 18010 3912 18017 3918
1377731700 16993 3119 18167 3154
1377731400 18152 3152 18167 3154
1377731100 15961 2934 17928 2936
1377730800 17928 2760 18019 3288
1377730500 18012 3326 18019 9055
1377730200 17924 9059 294379 10307
1377729900 293457 10282 294379 10307
1377729600 17936 3078 17944 3081
1377729300 15821 3080 17895 3081
1377729000 17895 2970 18106 10362
1377728700 18102 10337 18106 10362
1377728400 17076 3006 32456 5176
1377728100 32410 5169 32456 5176
1377727800 18722 3204 29640 3556
1377727500 29567 3554 29640 3556
1377727200 18777 3426 21187 21676
1377726900 21228 21660 33495 21676
1377726600 33445 17061 33495 17109
1377726300 19582 2943 295497 11115
1377726000 294570 11088 295497 11115
1377725700 17427 3117 19464 3118
1377725400 19460 3071 19464 9264
1377725100 18910 9225 18916 9264
1377724800 18128 3460 22151 17322
1377724500 22174 17250 25661 17322
1377724200 25650 6633 25661 6640
1377723900 22462 4697 25455 6246
1377723600 25452 6245 25455 6246
1377723300 24763 6195 24774 12742
1377723000 21714 12715 24965 12742
1377722700 26811 4787 301887 14112
1377722400 300034 14048 301887 14112
1377722100 23950 4663 23952 26096
1377721800 23464 26003 23467 26096
1377721500 23111 12118 26065 12174
1377721200 26059 3885 26065 4381
1377720900 24401 4380 24414 4381
1377720600 20584 4089 23993 4267
1377720300 23994 4267 24581 4338
1377720000 24591 4428 27689 31587
1377719700 27702 31543 31886 31587
1377719400 31862 18638 31886 18670
1377719100 24862 9337 24890 9347
1377718800 21677 7949 301544 15902
1377718500 300619 16818 301544 153447
1377718200 162468 152949 162937 153447
1377717900 22287 4353 22290 7155
1377717600 21606 7174 22389 13110
1377717300 22391 13081 23158 13110
1377717000 23160 4685 23883 4689
1377716700 23880 3696 23883 3699
1377716400 23530 3324 23546 3325
1377716100 18797 3290 23937 3689
1377715800 23934 3686 23937 3689
1377715500 23510 3243 23513 3571
1377715200 22881 3622 22894 11310
1377714900 20980 11285 20980 11310
1377714600 20982 4078 21839 4079
1377714300 21858 3797 24767 3799
1377714000 24750 3521 24767 3522
1377713700 19857 3497 23012 4346
1377713400 23019 4516 25199 55513
1377713100 25190 55339 25199 55513
1377712800 22792 3589 24316 5349
1377712500 24306 5344 24316 5349
1377712200 21457 3998 22864 8205
1377711900 22874 8230 26031 15795
1377711600 26015 15719 26031 15795
1377711300 24604 4597 296730 27050
1377711000 295821 26979 296730 27050
1377710700 24182 5856 24193 5864
1377710400 21016 3566 21859 5695
1377710100 21877 5733 24630 11536
1377709800 24617 11518 24630 11536
1377709500 20873 6439 22986 8551
1377709200 22987 8536 23513 8551
1377708900 23504 4272 23513 4691
1377708600 20860 4687 21518 4691
1377708300 23368 4232 299148 11142
1377708000 297310 11096 299148 11142
1377707700 23547 4377 24088 8310
1377707400 24077 8347 24088 19473
1377707100 22796 19418 299147 19473
1377706800 297304 11389 299147 16130
1377706500 22770 16092 23872 16130
1377706200 23843 4787 23872 4793
1377705900 19652 4229 25908 97515
1377705600 25920 97946 29793 227046
1377705300 29775 226301 29793 227046
1377705000 24383 3638 24397 3639
1377704700 22441 3597 25472 4443
1377704400 25465 4442 25472 4443
1377704100 23537 4418 25523 5191
1377703800 25516 5235 25523 18432
1377703500 24429 18412 302078 18432
1377703200 301188 14102 302078 505681
1377702900 35078 505343 35086 505681
1377702600 32917 403247 32959 404577
1377702300 20597 5793 25397 5799
1377702000 25396 4066 25397 4695
1377701700 25251 4693 25255 4695
1377701400 24166 4346 25091 4347
1377701100 25083 4064 25091 5814
1377700800 22696 5808 23202 5814
1377700500 23209 4091 25377 6987
1377700200 25377 6985 25386 6987
1377699900 25382 6657 25386 6659
1377699600 25401 6262 303477 12051
1377699300 302540 12023 303477 12051
1377699000 22583 3773 24856 4898
1377698700 24858 4897 25570 4898
1377698400 25553 4743 25570 4748
1377698100 23065 4047 23067 4203
1377697800 22520 4211 25428 5468
1377697500 25422 5554 25428 18375
1377697200 24676 18414 27550 24339
1377696900 27676 24290 65608 24339
1377696600 65490 9899 65608 11572
1377696300 30390 11525 30421 11572
1377696000 27621 4709 301747 21845
1377695700 300827 21811 301747 21845
1377695400 25759 11835 25767 11866
1377695100 23459 2748 24206 2750
1377694800 24199 2376 24206 2542
1377694500 22155 2541 24239 2542
1377694200 24229 2332 24239 2333
1377693900 21270 2127 23123 2128
1377693600 23126 2119 24270 2558
1377693300 24269 2555 24270 2558
1377693000 24133 2254 24167 2351
1377692700 19227 2350 24116 2351
1377692400 24115 2249 24116 2425
1377692100 25034 2449 301543 9662
1377691800 299673 9612 301543 9662
1377691500 21171 2173 24030 2174
1377691200 24023 2103 24030 2339
1377690900 21967 2337 23977 2339
1377690600 23976 2066 23977 2224
1377690300 23844 2220 23870 2224
1377690000 20064 1641 23846 2336
1377689700 23842 2334 23846 2336
1377689400 22942 1966 23781 2426
1377689100 23771 2423 23781 2426
1377688800 20970 1669 21842 2231
1377688500 22772 2255 301083 9687
1377688200 300159 9663 301083 9687
1377687900 23956 2505 23970 2508
1377687600 19978 1677 23750 2348
1377687300 23750 2346 23838 2348
1377687000 23830 1892 23838 2058
1377686700 21717 2056 21720 2058
1377686400 20918 1712 23847 2322
1377686100 23839 2319 23847 2322
1377685800 22734 1916 23627 2328
1377685500 23617 2325 23627 2328
1377685200 20847 1508 21723 2096
1377684900 21729 2095 23698 2096
1377684600 24625 2034 301807 10244
1377684300 299945 10188 301807 10244
1377684000 22567 1866 22574 2065
1377683700 20746 2064 23679 2065
1377683400 23672 2014 23679 2131
1377683100 21658 2129 23545 2131
1377682800 23545 1893 23726 2841
1377682500 23712 2837 23726 2841
1377682200 19700 1683 23641 2380
1377681900 23633 2378 23641 2380
1377681600 22575 2211 23744 2284
1377681300 23722 2280 23744 2284
1377681000 21490 1800 298312 9565
1377680700 297396 9539 298312 9565
1377680400 23587 1976 23589 2490
1377680100 23405 2487 23418 2490
1377679800 19666 1699 23494 2121
1377679500 23494 2120 23570 2121
1377679200 23555 2046 23570 2325
1377678900 21438 2321 21445 2325
1377678600 20510 1752 23419 2490
1377678300 23415 2488 23419 2490
1377678000 22430 1950 23464 2343
1377677700 23454 2341 23464 2343
1377677400 20577 1761 22365 2520
1377677100 23293 2543 300987 9596
1377676800 299128 9546 300987 9596
1377676500 22231 2210 22240 2212
1377676200 19569 1655 23305 2221
1377675900 23302 2219 23305 2221
1377675600 22417 1834 23289 2359
1377675300 23279 2356 23289 2359
1377675000 20421 1668 21341 2249
1377674700 21354 2247 23302 2249
1377674400 23302 2001 23397 2317
1377674100 23372 2312 23397 2317
1377673800 19726 1704 23049 2454
1377673500 24027 5449 316560 901147
1377673200 315579 898153 316560 901147
1377672900 22283 3028 23350 3032
1377672600 23333 2083 23350 2084
1377672300 18420 1987 23192 1988
1377672000 23192 1884 23272 1964
1377671700 23268 1964 23272 1964
1377671400 22199 1964 22206 2157
1377671100 20317 2164 24021 4407
1377670800 24001 4392 24021 4407
1377670500 21115 2282 23149 2284
1377670200 23139 1944 23149 2257
1377669900 20334 2256 22153 2257
1377669600 23994 2015 298437 9597
1377669300 297519 9571 298437 9597
1377669000 23095 1927 23112 1928
1377668700 18165 1835 23060 1882
1377668400 23062 1890 23729 4407
1377668100 23723 4398 23729 4407
1377667800 22075 1886 22089 2120
1377667500 20150 2119 22924 2120
1377667200 22917 1981 22924 1982
1377666900 21067 1973 23039 2030
1377666600 23026 2031 23039 2236
1377666300 21190 2234 21974 2236
1377666000 22897 1953 299089 9633
1377665700 298168 9607 299089 9633
1377665400 22961 1846 22975 1866
1377665100 19016 1866 22935 1908
1377664800 22931 1909 22935 2349
1377664500 21946 2347 21947 2349
1377664200 21878 1795 22948 2359
1377663900 22921 2354 22948 2359
1377663600 18949 1619 22987 2291
1377663300 22986 2289 22987 2291
1377663000 22898 2115 22912 2318
1377662700 20875 2315 20878 2318
1377662400 21380 1731 229043 8269
1377662100 228126 8239 229043 8269
1377661800 91164 3792 91624 3803
1377661500 22693 2215 22703 2217
1377661200 19936 1633 20803 2294
1377660900 20809 2292 22760 2294
1377660600 22759 1889 22760 2435
1377660300 22726 2432 22739 2435
1377660000 18866 1674 22860 2245
1377659700 22858 2243 22860 2245
1377659400 22607 1978 22613 2219
1377659100 20826 2215 20833 2219
1377658800 19940 7555 39570 891303
1377658500 40429 888375 297558 891303
1377658200 296641 12882 297558 12918
1377657900 22733 2287 22734 2288
1377657600 22714 2014 22731 2109
1377657300 17791 2108 22707 2109
1377657000 22705 2002 22707 2431
1377656700 22548 2429 22552 2431
1377656400 21562 1857 21569 2005
1377656100 19759 2004 22686 2005
1377655800 22679 1978 22686 2456
1377655500 21687 2454 22733 2456
1377655200 22699 2003 22733 2127
1377654900 18655 2150 299276 9151
1377654600 297431 9105 299276 9151
1377654300 22602 2287 22609 2289
1377654000 21615 2091 21628 2298
1377653700 19709 2297 22635 2298
1377653400 22628 2031 22635 2493
1377653100 20582 2491 22673 2493
1377652800 22653 1946 22673 2101
1377652500 19688 2100 21546 2101
1377652200 21549 1966 22608 2449
1377651900 22608 2448 22651 2449
1377651600 22617 2206 22651 2275
1377651300 17640 2274 22642 2275
1377651000 24472 2289 297202 10684
1377650700 296264 10653 297202 10684
1377650400 15809 1612 16742 1884
1377650100 16746 1894 17346 3393
1377649800 17366 3387 20477 3393
1377649500 20489 2507 22396 2511
1377649200 22396 2058 22494 2543
1377648900 22480 2540 22494 2543
1377648600 18600 1807 22540 2517
1377648300 22552 2516 24416 2517
1377648000 24409 2457 24416 3044
1377647700 22449 3042 22452 3044
1377647400 23610 2678 302381 10897
1377647100 300520 10841 302381 10897
1377646800 23353 2574 24419 2895
1377646500 24406 2893 24419 2895
1377646200 20654 2455 24399 3284
1377645900 24399 3282 24452 3284
1377645600 24437 2816 24452 3150
1377645300 22330 3147 22333 3150
1377645000 21512 2457 24404 3084
1377644700 24400 3083 24404 3084
1377644400 23445 2953 24318 3159
1377644100 24299 3156 24318 3159
1377643800 21486 2740 22261 3002
1377643500 23197 3025 303068 10185
1377643200 301209 10140 303068 10185
1377642900 24336 3469 24343 3474
1377642600 23333 2840 23346 2963
1377642300 21423 2962 24258 2963
1377642000 24254 2896 24258 3840
1377641700 23125 3839 24790 3840
1377641400 24781 3745 24790 4103
1377641100 22132 4106 24056 5254
1377640800 24067 5266 25812 7138
1377640500 25805 7131 25812 7138
1377640200 23733 5103 24188 11295
1377639900 26053 11310 304078 13580
1377639600 302216 13517 304078 13580
1377639300 24846 4140 24854 4144
1377639000 23695 3551 23700 3982
1377638700 22303 3985 24696 4510
1377638400 24693 4520 24696 7705
1377638100 24080 7699 25425 7705
1377637800 25414 6066 25425 6082
1377637500 23805 3695 25000 3910
1377637200 24981 3927 25000 6575
1377636900 22272 6691 27827 41520
1377636600 27808 41393 27827 41520
1377636300 22320 3628 23067 17025
1377636000 23993 17091 301035 36847
1377635700 300115 36737 301035 36847
1377635400 25183 4115 25944 8322
1377635100 25910 8288 25944 8322
1377634800 20970 3264 23927 6014
1377634500 23922 6007 23927 6014
1377634200 23209 5071 24974 5074
1377633900 24978 4417 26245 8456
1377633600 26204 8446 26245 8456
1377633300 20201 7086 24761 7097
1377633000 24762 4055 25212 9736
1377632700 25206 9715 25212 9736
1377632400 24464 3586 301795 10793
1377632100 300867 11012 301795 76746
1377631800 23628 76502 23632 76746
1377631500 22575 3720 24913 26570
1377631200 24913 26501 25168 26570
1377630900 25152 6087 25168 6099
1377630600 20443 2766 24345 3449
1377630300 24345 3449 24391 3483
1377630000 24384 3482 24391 3483
1377629700 22306 3477 24145 5590
1377629400 24145 5582 24336 5590
1377629100 24329 3411 24336 3609
1377628800 25226 3658 301472 11003
1377628500 299619 10960 301472 11003
1377628200 23586 4639 23602 4646
1377627900 21306 3601 24250 3603
1377627600 24243 3234 24250 3251
1377627300 22206 3251 24327 3536
1377627000 24323 3543 24327 5909
1377626700 23415 5933 25829 13381
1377626400 25827 13360 25829 13381
1377626100 25415 7344 25420 17276
1377625800 20647 7465 296175 20430
1377624600 65410 9829 296175 20430
1377622800 18173 6512 18954 15516
1377621000 64533 8645 295278 22688
1377619200 21952 4570 28562 8800
1377617400 72761 7613 304236 11643
1377615600 30614 188064 47787 896847
1377613800 73365 13313 305069 43269
1377612000 26639 3888 27749 5550
1377610200 71503 6835 304169 13553
1377608400 20646 1876 21783 2557
1377606600 66463 2900 295853 8717
1377604800 20291 1544 20824 1761
1377603000 66160 2651 296294 8163
1377601200 20147 1939 36490 892590
1377599400 68664 151022 293124 892590
1377597600 20007 1537 20582 1860
1377595800 65820 2826 292747 9240
1377594000 20032 1558 20434 2015
1377592200 19944 1568 300010 8780
1377590400 67886 2831 300010 8780
1377588600 21806 1545 298827 9305
1377586800 67714 2899 298827 9305
1377585000 21501 1637 22084 2189
1377583200 67686 2783 298550 9378
1377581400 21392 1586 21942 1993
1377579600 67528 2774 299317 9738
1377577800 21250 1527 21844 1968
1377576000 67534 2856 246266 7609
1377574200 21078 1583 21565 1971
1377572400 67145 2612 298353 7871
1377570600 23734 152034 38424 892316
1377568800 67163 2888 297391 9138
1377567000 21104 1653 21532 2200
1377565200 66957 3217 296738 9406
1377563400 20881 2282 22417 3173
1377561600 66676 3482 296725 9481
1377559800 14525 2144 21213 2461
1377558000 66715 3551 297412 9528
1377556200 21653 5696 22919 12721
1377554400 68442 12021 299825 21871
1377552600 23860 75021 27691 272752
1377550800 68984 20015 299199 33505
1377549000 21730 7498 23151 13408
1377547200 67014 5901 297435 12032
1377545400 20508 4284 21666 13539
1377543600 22732 18378 297747 51029
1377541800 70103 160096 297747 895066
1377540000 21851 7414 297839 13576
1377538200 66921 7882 297839 13576
1377536400 67719 9110 295135 13380
1377534600 67068 7627 296463 12365
1377532800 23645 6755 26769 9193
1377531000 69610 8323 300148 13591
1377529200 23749 10731 26262 19889
1377527400 69403 8793 300536 17070
1377525600 23439 7304 26235 13612
1377523800 87690 32166 300351 120940
1377522000 21275 1936 21930 2219
1377520200 67429 2937 297871 8526
1377518400 20813 1538 21475 1667
1377516600 21275 1678 297182 8941
1377514800 66682 2781 297182 8941
1377513000 21147 1999 311627 735080
1377511200 69573 151089 311627 735080
1377509400 20644 1680 21191 1876
1377507600 66694 2889 296794 9318
1377505800 20529 1701 22080 1824
1377504000 66337 2837 297212 9345
1377502200 20361 1618 20923 1824
1377500400 66354 2817 295271 8922
1377498600 20239 1666 20882 1825
1377496800 66351 2962 296782 9656
1377495000 20276 1619 21646 1664
1377493200 66058 2802 295645 9095
1377491400 20007 1610 20667 1774
1377489600 65869 2886 295074 9213
1377487800 19851 1637 20656 1860
1377486000 65655 2881 294558 9111
1377484200 19701 1667 20242 1806
1377482400 65626 2833 295551 8751
1377480600 19656 1726 20198 1910
1377478800 65434 2864 296314 8796
1377477000 19371 1766 21957 1911
1377475200 67751 3006 296646 9188
1377473400 21370 1794 21939 1927
1377471600 67512 2949 297032 8991
1377469800 21432 1743 21881 1890
1377468000 24190 150671 298862 617499
1377466200 67326 3064 298862 9295
1377464400 21155 1800 298659 9114
1377462600 67469 3039 298659 9114
1377460800 23195 3034 129114 5676
1377459000 67139 2952 189990 6007
1377457200 20745 1777 21561 1937
1377455400 67051 2936 297176 8535
1377453600 21034 1797 22580 2074
1377451800 66886 3129 296546 9286
1377450000 20833 1709 298653 9247
1377448200 112635 4297 298653 9478
1377446400 20556 1749 21132 1911
1377444600 20682 1864 295852 9047
1377442800 66068 3044 295852 9047
1377441000 20508 1834 296943 9101
1377439200 66133 2917 296943 9101
1377437400 20424 1774 20899 2002
1377435600 66096 3079 295549 9527
1377433800 20293 1799 20812 1917
1377432000 65834 2755 293944 8248
1377430200 19626 1595 20412 1845
1377428400 65636 2731 229175 7283
1377426600 19693 1555 20240 1742
1377424800 65494 2781 296581 8899
1377423000 19567 1647 20334 1868
1377421200 65297 2819 295168 8808
1377419400 19212 1650 21938 1901
1377417600 67582 2858 299497 8777
1377415800 21244 1612 21913 1881
1377414000 67412 2972 300182 9746
1377412200 21279 1687 21698 1853
1377410400 67247 2789 297933 8678
1377408600 21186 1704 22657 6734
1377406800 67156 4024 298890 9235
1377405000 20851 1623 21477 1819
1377403200 66893 2784 299179 8525
1377401400 20685 1639 21324 1882
1377399600 66721 2779 297804 8537
1377397800 20379 1666 21215 1934
1377396000 66705 2840 295521 8458
1377394200 20562 1727 21222 1988
1377392400 20773 1778 296525 8647
1377390600 66391 2913 296525 8647
1377388800 20454 1751 297095 8776
1377387000 66175 2932 297095 8776
1377385200 20181 1693 20853 1842
1377383400 66148 2764 295601 8141
1377381600 23189 150025 38470 888341
1377379800 66725 3676 297784 8767
1377378000 20453 1948 23642 2725
1377376200 65651 3090 296010 9586
1377374400 20292 1849 23429 2345
1377372600 65692 2889 294848 8984
1377370800 19658 1777 20368 1940
1377369000 65707 2954 295663 8822
1377367200 19524 1758 20214 1983
1377365400 65350 2987 293121 8561
1377363600 19386 1636 20088 1834
1377361800 65566 2905 295990 8812
1377360000 67444 2953 201492 6338
1377358200 21158 1827 22879 2011
1377356400 67188 2969 299368 8529
1377354600 21089 1802 21907 2012
1377352800 67139 2810 298696 8174
1377351000 21851 2043 24551 2753
1377349200 67020 2966 299481 8910
1377347400 20763 1784 21418 2022
1377345600 67246 3000 298345 8623
1377343800 20537 1647 21239 1814
1377342000 66560 2579 294650 7930
1377340200 20356 1550 20952 1779
1377338400 66403 2802 294296 8622
1377336600 20209 1560 21839 1736
1377334800 66026 2786 298184 8748
1377333000 20149 1639 20866 1755
1377331200 19597 2767 20656 8625
1377329400 20134 1590 20625 1827
1377327600 65883 2740 233858 7040
1377325800 19828 1572 20538 1901
1377324000 65727 2709 296303 8271
1377322200 19885 1581 21276 1884
1377320400 65398 2630 292869 8107
1377318600 19544 1573 20212 1727
1377316800 19596 1540 295792 8423
1377315000 65201 2653 295792 8423
1377313200 19465 1508 296526 8699
1377311400 65243 2748 296526 8699
1377309600 19322 1605 20122 1831
1377307800 68025 151305 308810 893747
1377306000 19172 1767 19795 1940
1377304200 64994 3014 292741 9060
1377302400 20760 2430 21704 2709
1377300600 67114 3886 299183 10491
1377298800 21001 2569 21742 2999
1377297000 67717 4607 297088 10563
1377295200 22010 4669 22951 7027
1377293400 65737 8351 282642 15116
1377291600 21909 9553 24467 124311
1377289800 68138 28657 297921 124311
1377288000 21622 4673 22755 9253
1377286200 67681 5557 300030 11938
1377284400 21096 3866 21881 5352
1377282600 68489 26178 298353 84384
1377280800 20694 3418 21580 3646
1377279000 69974 11239 296838 26475
1377277200 22225 9513 25481 23724
1377275400 68488 9132 302596 20108
1377273600 67134 9649 295673 27790
1377271800 28730 23824 65102 87128
1377270000 68248 13142 295656 27765
1377268200 20829 6284 21709 9029
1377266400 69938 7648 316216 18077
1377264600 21365 5996 24425 12561
1377262800 65548 3381 295083 9254
1377261000 19292 2159 20166 2383
1377259200 65243 3124 296419 8724
1377257400 19224 1942 19875 2065
1377255600 65071 3165 294287 9224
1377253800 19336 1971 19950 2155
1377252000 64899 3214 294711 9279
1377250200 21741 149805 35078 888799
1377248400 64770 3301 293461 9053
1377246600 18841 2038 19433 2155
1377244800 66699 3195 300125 9307
1377243000 20667 2111 21357 2764
1377241200 66883 3361 298678 10175
1377239400 20504 2007 21202 2129
1377237600 66509 3318 296133 9638
1377235800 20578 2011 21050 2092
1377234000 20318 1966 20981 9619
1377232200 20453 3305 20850 9619
1377230400 20319 1979 297925 9663
1377228600 66183 3243 297925 9663
1377226800 20014 2008 20655 2205
1377225000 66130 3189 296214 9164
1377223200 20358 2085 22080 2255
1377221400 66093 3358 297279 10017
1377219600 22735 150474 29086 458740
1377217800 65937 3401 297828 9606
1377216000 19562 2743 20330 3066
1377214200 65768 4092 295483 10333
1377212400 20131 3919 23082 10243
1377210600 66084 4670 295223 17040
1377208800 20964 6202 22836 17040
1377207000 68014 8085 302309 26889
1377205200 39110 152361 59006 891782
1377203400 70626 9153 297558 19162
1377201600 24868 9417 36949 151446
1377199800 68978 31940 296276 151446
1377198000 20563 5076 21784 6051
1377196200 66949 6465 296367 12850
1377194400 23801 4788 37189 7673
1377192600 21162 9163 298201 17381
1377190800 69380 6755 298201 12494
1377189000 69617 8824 297912 21411
1377187200 68297 11225 280430 21411
1377185400 23521 10949 27336 49522
1377183600 69677 15110 300902 49522
1377181800 23896 9226 26570 20221
1377180000 67969 6226 299862 12951
1377178200 22163 5013 25043 5922
1377176400 67760 5097 295471 9842
1377174600 24054 151623 38247 889633
1377172800 67184 3657 297257 9485
1377171000 21038 2288 21645 2697
1377169200 66977 3731 297974 10170
1377167400 21050 2416 21482 2535
1377165600 66728 3589 296567 10130
1377163800 20822 2457 22257 2919
1377162000 66525 3635 296380 9706
1377160200 20844 2491 21752 3089
1377158400 66465 3596 298274 9879
1377156600 20388 2868 21134 3408
1377154800 66274 3605 295563 9326
1377153000 20308 2335 20991 2508
1377151200 20647 3220 296716 9715
1377149400 66479 3655 296716 9715
1377147600 20363 2257 278859 9422
1377145800 63105 3777 278859 9422
1377144000 19859 2268 20692 2483
1377142200 65986 5100 296859 11093
1377140400 19514 2328 20452 2582
1377138600 65664 3528 295264 9651
1377136800 19745 2435 20327 2911
1377135000 20109 4144 20509 12424
1377133200 19472 2495 21071 2902
1377131400 65462 4095 295025 10139
1377129600 21185 3766 22370 4801
1377127800 67635 4820 298037 11469
1377126000 20980 3678 21544 4434
1377124200 68104 6521 300898 14966
1377122400 22215 11166 24370 47991
1377120600 69408 18883 298131 47991
1377118800 21683 20521 23583 83456
1377117000 67492 7722 299588 12809
1377115200 20583 5078 21894 7244
1377113400 66600 4181 295668 10443
1377111600 20491 3618 23556 9106
1377109800 56740 51496 297976 223621
1377108000 67873 44441 297976 222700
1377106200 48872 35283 297583 176983
1377104400 88879 72126 297583 390290
1377102600 24783 155211 300522 888909
1377100800 116783 12694 311717 29603
1377099000 21346 5391 25652 9190
1377097200 66028 6272 296998 14324
1377095400 20196 8320 21570 23577
1377093600 80379 9304 322404 23073
1377091800 28471 8760 50352 16739
1377090000 65071 4628 296421 9466
1377088200 18991 3203 19709 4465
1377086400 64674 3611 215840 7696
1377084600 18650 2459 19322 2678
1377082800 64481 3577 291363 10081
1377081000 18718 2500 19191 2894
1377079200 64262 3708 292815 10086
1377077400 18402 2534 18983 2815
1377075600 64091 3744 292723 10160
1377073800 21089 150275 35651 889059
1377072000 19678 2755 297228 10142
1377070200 66022 3779 297228 10142
1377068400 20319 2487 297796 10381
1377066600 65847 3817 297796 10381
1377064800 19851 2494 20515 2683
1377063000 66213 3705 296586 9243
1377061200 19946 2443 20345 2675
1377059400 65955 3785 294739 316870
1377057600 22460 152438 28944 575139
1377055800 65735 4007 210508 7183
1377054000 19547 3485 20136 4397
1377052200 65685 4974 296811 10334
1377050400 19382 3553 20205 3970
1377048600 65688 5189 295808 11207
1377046800 19455 3976 20134 4548
1377045000 65531 5499 296506 11248
1377043200 19348 4320 19995 5081
1377041400 19655 5033 19995 9969
1377039600 19789 5919 20940 7926
1377037800 66733 11659 295436 25626
1377036000 21463 12665 26715 40812
1377034200 64248 6771 297693 13507
1377032400 20441 8799 21580 15655
1377030600 65509 6832 295473 11583
1377028800 19158 4882 20082 6039
1377027000 27557 8105 295738 18852
1377025200 66112 15487 295738 46854
1377023400 19272 6241 295164 14321
1377021600 65811 57499 295164 301424
1377019800 23334 6672 26367 7707
1377018000 70080 8466 291555 13465
1377016200 21161 6505 295107 12483
1377014400 115487 159631 300062 905343
1377012600 22001 13110 26478 33738
1377010800 67620 8525 296611 13169
1377009000 22110 7891 25670 15653
1377007200 67308 8594 298189 16390
1377005400 21561 5011 22911 6947
1377003600 66357 4288 297988 10432
1377001800 20052 2533 20745 2742
1377000000 66179 3763 296136 10172
1376998200 19798 2647 20612 3179
1376996400 65927 3757 295041 9211
1376994600 19642 2318 20306 2681
1376992800 65697 3781 296743 10195
1376991000 19503 2360 20208 2799
1376989200 65525 3754 297495 9835
1376987400 19161 2450 21072 2827
1376985600 22321 4284 298349 11450
1376983800 65533 5262 298349 11450
1376982000 19283 2285 296693 9480
1376980200 64950 3537 296693 9480
1376978400 19047 2648 19608 3712
1376976600 65156 3653 294574 9895
1376974800 18901 2540 19531 3548
1376973000 64816 3717 296244 9909
1376971200 18546 2365 19337 2827
1376969400 64595 3794 293621 10033
1376967600 18574 2374 19135 2692
1376965800 64449 3752 295301 9634
1376964000 18639 2803 19367 4182
1376962200 64747 4160 294251 10345
1376960400 18497 2702 19253 3337
1376958600 64291 3851 291755 9784
1376956800 19824 3234 21909 5075
1376955000 69245 154367 298410 886728
1376953200 27552 4182 37852 5679
1376951400 76183 23635 301192 38184
1376949600 24264 29976 25869 37979
1376947800 66781 5628 296566 13534
1376946000 35249 15836 54835 32316
1376944200 24081 30134 36517 144724
1376942400 20024 17298 21985 74630
1376940600 20611 4960 741010 482667
1376938800 139863 84896 741010 482667
1376937000 19779 4591 20539 5844
1376935200 67847 8791 294930 13909
1376933400 20235 5867 21006 8467
1376931600 69373 10538 313707 32693
1376929800 22525 12242 264895 251108
1376928000 237837 249905 550061 743673
1376926200 22057 152269 32607 888260
1376924400 64817 4103 294303 9958
1376922600 19032 4610 20062 11296
1376920800 65923 7112 294882 11032
1376919000 19891 4562 21052 9831
1376917200 64269 3213 292530 8854
1376915400 18439 1811 19878 2161
1376913600 63960 2841 294112 9138
1376911800 17962 1551 18561 1808
1376910000 63830 2776 293062 8639
1376908200 17847 1612 18500 1868
1376906400 63621 2808 292589 8800
1376904600 17690 1681 18444 1919
1376902800 17748 1607 293117 8044
1376901000 63069 2681 293117 8044
1376899200 19105 1629 297659 8707
1376897400 65588 13014 297659 830012
1376895600 22270 139256 37535 830012
1376893800 65509 3013 294064 9412
1376892000 19145 1621 19764 2063
1376890200 65515 2863 294696 9042
1376888400 19053 1590 19752 1824
1376886600 65001 2838 295662 8646
1376884800 18884 1634 19606 2054
1376883000 65008 2891 295452 8835
1376881200 18773 1596 19474 1883
1376879400 64874 2968 295097 9484
1376877600 18993 1899 19485 2089
1376875800 64830 2996 293796 9047
1376874000 18669 1781 19276 2049
1376872200 64655 2957 296584 8792
1376870400 18499 1725 19150 1947
1376868600 64505 3332 295303 883837
1376866800 21197 148420 34651 883837
1376865000 64331 3071 295879 9500
1376863200 18049 1776 18965 2191
1376861400 18499 1836 294444 8257
1376859600 63914 2894 294444 8257
1376857800 18208 1735 295118 9315
1376856000 63748 2983 295118 9315
1376854200 18114 1711 18668 2061
1376852400 63725 2932 291748 8839
1376850600 17758 1786 18331 1901
1376848800 18079 2948 18348 8992
1376847000 17632 2155 18271 3171
1376845200 63438 3131 294571 8558
1376843400 17479 1724 18139 1999
1376841600 110494 4219 295443 9523
1376839800 19138 1788 19969 2123
1376838000 65495 3837 297402 9080
1376836200 19191 2127 19843 2661
1376834400 65336 3013 296024 8862
1376832600 19322 2423 19945 3521
1376830800 65186 2943 294466 8791
1376829000 19070 1782 20517 2032
1376827200 64853 2895 296138 9093
1376825400 18670 1694 19343 2268
1376823600 64717 2900 296896 9451
1376821800 18510 1585 20276 1808
1376820000 18747 1603 294310 8344
1376818200 64143 2780 294310 8344
1376816400 18436 1661 294271 9223
1376814600 63993 2932 294271 9223
1376812800 18179 1624 18935 2145
1376811000 64168 2650 295002 8223
1376809200 18028 1642 18718 2095
1376807400 64191 2729 293377 8181
1376805600 17869 1554 18560 2115
1376803800 64049 2761 293349 8221
1376802000 17747 1504 18493 2004
1376800200 63687 2876 295225 9249
1376798400 17626 1613 18239 2047
1376796600 63472 2711 292300 8371
1376794800 17458 1563 18073 1974
1376793000 63325 2811 292153 9275
1376791200 17293 1656 18111 2080
1376789400 63336 2975 292269 8757
1376787600 17316 1697 18062 2245
1376785800 63062 2874 289413 8636
1376784000 18194 1712 19894 2186
1376782200 65571 3076 297253 9724
1376780400 22012 149041 36187 880976
1376778600 19317 1724 295944 8865
1376776800 64817 2954 295944 8865
1376775000 19356 1860 294483 8730
1376773200 64656 3007 294483 8730
1376771400 18889 1824 296187 9270
1376769600 64660 2975 296187 9270
1376767800 18620 1762 19406 1924
1376766000 64439 2921 295922 9033
1376764200 18435 1787 19084 2069
1376762400 64457 3054 295610 9509
1376760600 18314 1750 19037 1968
1376758800 64279 2942 293085 9052
1376757000 18380 1755 18838 1986
1376755200 110140 4311 295871 9496
1376753400 18045 1807 18575 1977
1376751600 63960 2960 294552 9267
1376749800 17933 1773 18560 2070
1376748000 17817 2966 18405 9161
1376746200 17856 2012 18422 2972
1376744400 63680 3059 291771 9303
1376742600 17605 1753 18269 1913
1376740800 63376 2872 291349 8782
1376739000 17397 1627 18055 1756
1376737200 17429 1457 294048 8748
1376735400 63154 2784 294048 8748
1376733600 17308 1542 292882 8883
1376731800 62829 2821 292882 8883
1376730000 16992 1565 17627 1807
1376728200 62815 2925 292629 9399
1376726400 17852 1571 19416 1748
1376724600 64891 2875 298070 9106
1376722800 18694 1588 19285 1820
1376721000 64918 2887 294442 9229
1376719200 18532 1585 19214 1846
1376717400 65126 2896 295367 8765
1376715600 18434 1537 19038 1718
1376713800 64585 2792 297214 8740
1376712000 18289 1602 18903 2008
1376710200 64414 2786 295749 8588
1376708400 18304 2116 33715 886823
1376706600 64313 149495 279386 886823
1376704800 18169 1747 18955 2361
1376703000 64272 3483 295504 11039
1376701200 17872 2002 18615 2332
1376699400 73060 14817 299405 62196
1376697600 23418 4612 32302 7928
1376695800 23931 4705 295359 10230
1376694000 67840 6230 295359 13811
1376692200 19280 6522 294867 17330
1376690400 66477 66364 294867 294182
1376688600 20979 76825 295414 233942
1376686800 73386 34555 295414 158830
1376685000 32523 20730 103426 95649
1376683200 64817 8792 295777 57977
1376681400 18526 12768 20821 57977
1376679600 63764 5911 294917 13518
1376677800 20925 154393 30145 719500
1376676000 76520 17601 363072 37125
1376674200 19829 26989 30122 531076
1376672400 248110 494884 1302590 1130143
1376670600 19804 10510 23096 18902
1376668800 65964 8480 295313 15269
1376667000 78802 85623 246400 229628
1376665200 44338 30491 153836 139680
1376663400 21538 5295 27388 8554
1376661600 51098 36789 195697 103339
1376659800 20456 4721 21425 8489
1376658000 19302 2568 21163 3100
1376656200 19257 2499 19975 2949
1376654400 18998 2166 19817 2621
1376652600 18963 2144 19817 2413
1376650800 18905 2167 19795 2581
1376649000 21928 149251 36374 884661
1376647200 18822 2389 19569 3784
1376645400 18251 2162 19578 2475
1376643600 18648 2221 19477 2525
1376641800 18423 2130 20674 2428
1376640000 18706 2203 20885 2696
1376638200 18653 2192 19623 2468
1376636400 18566 2221 19432 2500
1376634600 18492 2140 19334 2375
1376632800 18427 2196 19082 2526
1376631000 18832 2155 19313 2574
1376629200 18239 2116 19097 2514
1376627400 18237 2144 20197 2395
1376625600 64920 3637 300540 10094
1376623800 18106 2209 20231 2430
1376622000 18009 2172 18878 2437
1376620200 17988 2187 18636 2529
1376618400 20828 149519 35458 887950
1376616600 18177 2450 20056 3057
1376614800 17926 2705 18851 3384
1376613000 18673 2809 20434 3390
1376611200 23492 3822 30475 4907
1376609400 22732 4291 26113 6435
1376607600 22003 12325 24062 46725
1376605800 20972 4252 23930 4879
1376604000 20559 5215 52294 90936
1376602200 26121 22661 52294 90936
1376600400 43282 158062 150756 842622
1376598600 21704 39810 25875 135772
1376596800 22499 109164 28712 344941
1376595000 25201 30761 49783 90424
1376593200 56120 97502 202936 352317
1376591400 19618 3887 20578 4566
1376589600 17165 10573 22335 45490
1376587800 216917 200840 893418 727450
1376586000 128510 99104 377673 377362
1376584200 38762 26830 136511 137288
1376582400 19895 6457 23047 9182
1376580600 20060 6028 23047 9625
1376578800 19968 22882 22486 110290
1376577000 53137 141893 149078 346372
1376575200 119093 183504 387327 377948
1376573400 20340 28429 23193 126893
1376571600 18114 2204 18856 2912
1376569800 18084 2165 19052 2540
1376568000 17951 2231 18836 2724
1376566200 17907 2047 18596 2201
1376564400 17849 2120 18686 2794
1376562600 17733 2044 18450 2218
1376560800 20339 149571 35052 887318
1376559000 17644 2612 18536 5101
1376557200 17539 2168 18437 2694
1376555400 17492 2091 18267 2351
1376553600 19238 2641 20632 3571
1376551800 20119 3484 21354 5791
1376550000 19275 2218 20047 2645
1376548200 19186 2169 19959 2456
1376546400 19145 2248 19838 2878
1376544600 34770 2588 299557 9239
1376539200 18828 2186 20718 2842
1376532000 19098 39080 34880 886652
1376524800 18734 3631 24933 16424
1376517600 20175 7963 28985 32481
1376510400 18878 6940 21131 44035
1376503200 32935 50760 202746 429039
1376496000 75300 112299 565551 1136701
1376488800 20862 57516 30691 697451
1376481600 18788 1947 23061 4118
1376474400 22862 38704 39295 883914
1376467200 22741 27546 32426 565252
1376460000 33496 2280 305855 9507
1376452800 21363 2475 23208 13094
1376445600 21988 39232 37293 883397
1376438400 24981 34861 779373 1662223
1376431200 94617 86442 961765 1662223
1376424000 35098 9367 295169 86149
1376416800 27851 62326 105377 888816
1376409600 154276 201377 1381654 1379221
1376402400 22822 4265 28564 22221
1376395200 21229 2251 22166 2815
1376388000 22073 39192 36484 783362
1376380800 34213 2996 307258 9787
1376373600 22456 2319 24741 2931
1376366400 22242 2357 23191 3027
1376359200 22560 39368 38968 885231
1376352000 21950 11617 25277 135010
1376344800 28988 236237 81638 1591935
1376337600 21314 3403 23222 7538
1376330400 22259 41131 37879 838099
1376323200 23123 11340 25461 70794
1376316000 23843 41123 39696 887356
1376308800 21835 1880 23817 2204
1376301600 22419 38699 33296 586616
1376294400 33090 2294 302162 8945
1376287200 21160 1828 23053 2251
1376280000 20715 1862 21777 2481
1376272800 20505 1825 22816 2450
1376265600 22407 38533 37674 878592
1376258400 22025 1914 24105 2408
1376251200 21653 1972 23660 4735
1376244000 21479 1878 23449 2511
1376236800 21087 1875 22079 2445
1376229600 20966 1868 24436 2490
1376222400 20529 1825 21551 2622
1376215200 20424 1860 300984 9225
1376208000 32219 2169 300984 9225
1376200800 21892 1872 23980 2570
1376193600 21489 1882 22387 2407
1376186400 21164 1854 23487 2651
1376179200 21663 38501 37623 883348
1376172000 20719 1852 22760 2237
1376164800 20342 1840 21325 2379
1376157600 20159 1885 21435 2984
1376150400 21154 1877 22739 2472
1376143200 21651 1893 23663 2549
1376136000 21254 1872 22331 2388
1376128800 32888 2178 303549 10031
1376121600 20763 1854 21662 2325
1376114400 20480 1797 22789 2476
1376107200 20274 1868 22441 2316
1376100000 19927 1867 21906 2245
1376092800 21585 38968 37051 877344
1376085600 21557 2359 22382 3043
1376078400 21815 2401 25064 6565
1376071200 21022 2579 24686 6565
1376064000 21399 38984 37968 880169
1376056800 20390 2215 22744 3471
1376049600 19969 1984 20914 2547
1376042400 31620 2289 302281 9686
1376035200 21377 38609 38288 882480
1376028000 21205 2016 22045 2779
1376020800 21681 38676 37111 876216
1376013600 20670 2054 22486 2456
1376006400 20478 2175 21401 2741
1375999200 20139 2301 22302 2928
1375992000 20780 39078 36950 876192
1375984800 19611 2317 21507 3054
1375977600 20478 2570 22274 4062
1375970400 21296 2225 25098 3013
1375963200 32502 2262 304745 9661
1375956000 20723 2031 25474 3575
1375948800 20858 38550 32372 753525
1375941600 20041 2019 22033 4547
1375934400 20343 38488 35340 873726
1375927200 19301 1920 21377 2567
1375920000 20263 2087 23890 6416
1375912800 21188 2765 23239 6800
1375905600 20623 2257 22894 3649
1375898400 20411 2628 24253 5333
1375891200 20754 38848 33375 693058
1375884000 19690 2140 21564 2919
1375876800 31146 2232 299908 9609
1375869600 19306 1950 23464 2557
1375862400 19704 1983 21611 2558
1375855200 20682 1993 22923 2464
1375848000 20339 2293 35938 873908
1375840800 20679 38250 35938 873908
1375833600 19792 2176 20728 2820
1375826400 19656 2548 21409 4518
1375819200 19502 2868 23035 5734
1375812000 23030 39094 101325 875181
1375804800 19611 2595 21887 4192
1375797600 32237 2690 303392 10633
1375790400 20112 1952 21029 2401
1375783200 20863 38325 36866 870872
1375776000 19512 1984 21473 2748
1375768800 19403 1939 21055 2412
1375761600 19007 1940 19930 2576
1375754400 19421 38417 35154 872132
1375747200 19339 2189 22267 4267
1375740000 20237 2953 22737 10768
1375732800 20124 2486 21174 4522
1375725600 20410 38862 35971 873893
1375718400 19390 10212 20372 182283
1375711200 31981 38910 303348 654562
1375704000 18759 1834 20730 2563
1375696800 18596 1874 20618 2420
1375689600 18956 1878 21070 2424
1375682400 20795 38228 33015 656521
1375675200 19718 1883 21564 2210
1375668000 19382 1844 20395 2322
1375660800 19228 1841 20115 2252
1375653600 18943 1841 20915 2473
1375646400 18561 1815 20858 2347
1375639200 18416 1839 19252 2258
1375632000 30505 2158 304986 9803
1375624800 19905 1888 21887 2432
1375617600 19461 1860 20267 2230
1375610400 19149 1907 20189 2500
1375603200 19039 1913 19913 2520
1375596000 18752 1865 20699 2505
1375588800 18364 1874 20232 2530
1375581600 18900 38189 30162 670053
1375574400 18525 1849 20511 2512
1375567200 19656 1922 21614 2529
1375560000 19271 1896 20278 2272
1375552800 19138 1943 20109 2670
1375545600 30520 2229 302309 9779
1375538400 18630 1890 20284 2324
1375531200 18292 1903 20233 2518
1375524000 17955 1895 18849 2327
1375516800 18370 1909 20541 2923
1375509600 19516 2133 21588 6115
1375502400 19736 2081 30388 4322
1375495200 19881 38442 35601 874033
1375488000 19212 2621 20288 7159
1375480800 18817 2942 20760 8161
1375473600 18111 2236 20204 2689
1375466400 17843 2206 19103 2996
1375459200 32741 2700 301172 10773
1375452000 24331 38697 37142 837017
1375444800 23237 1923 24911 2560
1375437600 23054 1938 26437 2803
1375430400 22694 1928 24500 2625
1375423200 23119 38238 40399 873284
1375416000 22157 1974 23720 2764
1375408800 21897 2016 24379 3251
1375401600 22121 2261 25480 3701
1375394400 23429 2468 25080 4616
1375387200 23187 2531 25192 4891
1375380000 34712 2979 304682 876769
1375372800 23355 38795 37002 876769
1375365600 22416 2355 24950 2991
1375358400 21981 1917 23738 2281
1375351200 21739 1892 24708 2330
1375344000 21829 1903 24917 2393
1375336800 26051 2033 30050 2459
1375329600 27735 38426 35431 498963
1375322400 26615 2186 28285 5282
1375315200 26424 2350 28090 3448
1375308000 26255 2545 29039 3301
1375300800 25865 2365 27546 3460
1375293600 37363 2711 306514 9847
1375286400 26397 38994 39422 874150
1375279200 27138 2526 30040 4119
1375272000 26648 2015 28351 2376
1375264800 26661 2048 33952 2461
1375257600 26152 2059 30218 4477
1375250400 26056 2119 30218 4477
1375243200 26258 38401 42376 873480
1375236000 25195 2132 27082 3503
1375228800 25807 2310 29050 4377
1375221600 27149 2655 30245 4933
1375214400 38522 2965 312686 10072
1375207200 29754 3125 109430 6991
1375200000 26833 39302 40013 876637
1375192800 25636 2588 27401 3843
1375185600 25987 38373 42185 870617
1375178400 25192 2023 26725 2682
1375171200 25009 1977 28186 2425
1375164000 26492 2026 28186 2429
1375156800 26909 38407 44067 870723
1375149600 25967 2237 27688 4429
1375142400 25694 2260 27351 3283
1375135200 25620 2772 27034 4058
1375128000 37132 3314 305246 10589
1375120800 24915 2736 26663 3909
1375113600 25745 39038 37712 870876
1375106400 26574 2219 30440 3973
1375099200 26804 38208 40336 873268
1375092000 25739 1832 27485 2452
1375084800 25538 1844 27278 2690
1375077600 25079 1785 26905 2436
1375070400 24982 1809 26655 2544
1375063200 24932 1882 29118 2856
1375056000 24736 1819 29193 2716
1375048800 38010 2162 311490 9517
1375041600 25906 1836 27583 2387
1375034400 25588 1841 27309 2346
1375027200 25481 1871 30118 3135
1375020000 25089 1819 26834 2290
1375012800 24936 1816 29550 2652
1375005600 24480 1798 26265 2369
1374998400 24343 1784 27753 2447
1374991200 26027 1826 28726 2412
1374984000 25725 1794 27488 2303
1374976800 25532 1855 29967 2654
1374969600 26028 38366 39275 874509
1374962400 35430 2219 305382 9422
1374955200 24641 1806 26359 2299
1374948000 24038 1769 26046 2095
1374940800 24239 1788 25843 2459
1374933600 24576 1802 26223 2221
1374926400 24402 1800 28858 2580
1374919200 24006 1774 25595 2394
1374912000 23891 1740 25436 2318
1374904800 23507 1730 25138 2158
1374897600 23200 1993 41016 874123
1374890400 23447 37962 41016 874123
1374883200 57253 53724 281545 340673
1374876000 12397 13779 73417 60398
1374868800 5496 13934 69442 69071
1374861600 40503 464215 300623 3406457
1374854400 35017 184710 205209 2874599
1374847200 181808 144040 2090328 2987469
1374840000 19459 2148 22544 2863
1374832800 22306 38571 37808 870899
1374825600 33400 2650 308325 9694
1374818400 21891 38584 36542 870323
1374811200 21035 2244 23062 2865
1374804000 20688 2239 22869 2788
1374796800 284144 133146 2542723 3034884
1374789600 21940 21801 25989 215162
1374782400 21080 8772 26679 80394
1374775200 21410 42810 35516 815925
1374768000 21137 15575 97135 248565
1374760800 25426 13631 97135 109177
1374753600 20921 1766 21849 2245
1374746400 33390 38527 304821 872382
1374739200 19691 1807 21390 2466
1374732000 20298 1794 21020 2387
1374724800 19937 1804 20798 2413
1374717600 20427 38684 34224 740265
1374710400 20457 3108 23321 11971
1374703200 20440 5185 22246 18728
1374696000 21068 3788 23399 8777
1374688800 23876 48108 40336 876042
1374681600 21644 6842 24069 29322
1374674400 21952 40816 37495 873503
1374667200 20124 1725 22139 2167
1374660000 31760 2070 306712 9293
1374652800 19696 1802 21100 2584
1374645600 19453 1718 21647 2229
1374638400 19082 1724 20054 2316
1374631200 19692 37970 36221 873253
1374624000 20534 4242 24825 37305
1374616800 96527 133664 492148 1087462
1374609600 75516 31517 1053239 277700
1374602400 29489 57048 103199 875480
1374595200 129655 183045 2396810 3564219
1374588000 20240 11571 23463 115213
1374580800 18933 2781 20996 3173
1374573600 30700 3129 300167 10827
1374566400 19226 39152 35982 871371
1374559200 18196 2787 20253 3293
1374552000 20255 38990 33696 870411
1374544800 20384 3055 24628 3802
1374537600 23919 17376 38243 175743
1374530400 21763 23199 27186 242489
1374523200 37209 32517 273692 388785
1374516000 104998 89331 2021098 1337959
1374508800 10586 47532 123414 878118
1374501600 46997 77683 501846 818256
1374494400 15036 39259 286971 870721
1374487200 2516 2699 3245 3182
1374480000 2560 3294 3647 16341
1374472800 2528 2730 4774 3186
1374465600 2577 2696 4620 3151
1374458400 2659 2875 4701 3219
1374451200 3364 39149 16837 717718
1374444000 2710 2860 4750 3328
1374436800 2603 2823 4659 3370
1374429600 2665 2906 3473 3376
1374422400 2704 2867 3424 3382
1374415200 2664 2868 4749 3211
1374408000 14444 3051 287758 10831
1374400800 2471 2660 4600 3079
1374393600 2596 2743 3304 3229
1374386400 2537 2746 4602 3492
1374379200 2573 2695 4630 4639
1374372000 2656 2898 4760 4639
1374364800 3364 39145 18745 874749
1374357600 2701 2839 4691 3157
1374350400 2655 2827 4687 3384
1374343200 2680 3015 3505 3689
1374336000 2709 2895 3407 3708
1374328800 14503 3227 285368 10903
1374321600 2588 2658 3411 3365
1374314400 2541 2693 4541 3341
1374307200 2479 2771 3402 3612
1374300000 2631 2717 4553 3413
1374292800 3231 38941 19526 867217
1374285600 2596 2910 3460 3610
1374278400 3632 41016 20291 868835
1374271200 5836 11326 16487 35354
1374264000 10355 36663 85804 220060
1374256800 9106 29005 122465 350663
1374249600 10777 101158 122465 1478976
1374242400 15318 10435 287043 124997
1374235200 3036 38844 16945 869674
1374228000 2534 2668 3774 3592
1374220800 2417 2803 3050 5075
1374213600 2397 3252 4396 16149
1374206400 2960 2719 19419 3374
1374199200 2549 2894 3449 3964
1374192000 51343 67651 452087 454257
1374184800 39638 21394 290928 301772
1374177600 56468 112550 352678 2132489
1374170400 125724 97299 1579501 1533253
1374163200 167480 146215 1430308 1426769
1374156000 11662 73642 233803 870669
1374148800 325 1746 433 2395
1374141600 1001 38041 16654 868576
1374134400 335 1739 608 2285
1374127200 316 1695 420 2107
1374120000 314 1770 531 2653
1374112800 1199 2732 16697 8008
1374105600 30969 68036 424836 470408
1374098400 38259 31816 550219 287711
1374091200 56184 61738 379791 657845
1374084000 33930 36964 297944 330627
1374076800 79309 423020 358323 6797032
1374069600 46130 7215 306746 59634
1374062400 45308 2983 304466 10413
1374055200 45266 2830 304722 10018
1374048000 43984 2800 303624 10168
1374040800 44642 2920 302899 9891
1374033600 44322 2811 303129 10121
1374026400 45087 39188 300496 863996
1374019200 58574 7865 306680 65378
1374012000 47808 40349 306607 356978
1374004800 70520 30630 604831 597406
1373997600 148283 70100 1037083 877751
1373990400 24645 10117 59737 40022
1373983200 34404 4572 304947 11406
1373976000 44427 2801 303593 11166
1373968800 44506 2886 300800 11844
1373961600 44033 2827 302820 11218
1373954400 43955 2824 303476 11102
1373947200 44573 2870 304974 11244
1373940000 45767 3259 305198 11494
1373932800 57575 4707 304841 13329
1373925600 52405 11148 307253 34701
1373918400 46542 10500 304467 80641
1373911200 34330 19142 304040 270110
1373904000 83658 173923 450667 1645543
1373896800 46584 12123 305179 113933
1373889600 44907 3145 302413 11986
1373882400 44543 3256 305301 11928
1373875200 44546 3172 302019 11552
1373868000 46388 3206 307030 11575
1373860800 46226 3189 307303 11568
1373853600 46054 3391 307154 11657
1373846400 57549 3650 306820 11856
1373839200 44911 3282 306101 11737
1373832000 45329 3283 305594 11838
1373824800 33449 3249 303531 11530
1373817600 33145 2908 302250 11592
1373810400 43816 3226 303074 12051
1373803200 44283 3135 302458 11882
1373796000 45229 3152 308077 11570
1373788800 46090 3179 306426 11503
1373781600 45822 3209 305133 11712
1373774400 44826 3262 305261 11570
1373767200 45430 3264 305174 11692
1373760000 56147 3699 303804 11860
1373752800 45050 3307 304774 11602
1373745600 44645 3197 303545 11537
1373738400 44529 3194 303139 11727
1373731200 32556 2826 301570 11418
1373724000 43956 3190 302107 11939
1373716800 45127 3071 305483 11777
1373709600 45659 3058 306132 11472
1373702400 45537 3083 304059 11433
1373695200 45257 3180 305159 11464
1373688000 45048 3352 303642 11403
1373680800 44956 3345 304186 12228
1373673600 57287 12178 304198 86354
1373666400 131831 76918 1276714 1041698
1373659200 45120 13931 301740 170872
1373652000 32865 14197 303221 147283
1373644800 31951 5804 308585 30710
1373637600 73800 50974 461175 585932
1373630400 44272 2465 303113 11338
1373623200 44116 2410 305226 10847
1373616000 43831 2394 303650 10777
1373608800 43740 2550 302168 10714
1373601600 43343 2388 303631 10778
1373594400 43347 2733 303322 11094
1373587200 54730 5411 302076 14397
1373580000 43513 8429 302070 114680
1373572800 43295 4510 302824 13602
1373565600 33107 18841 314081 255773
1373558400 66206 32200 516387 276685
1373551200 44521 7574 304974 81272
1373544000 43752 2418 304386 11207
1373536800 43506 3076 302902 11393
1373529600 43300 2561 302053 10711
1373522400 42996 2414 302247 10955
1373515200 42803 2510 301666 10749
1373508000 43056 2743 302270 10960
1373500800 54604 4569 302892 14753
1373493600 45358 12158 318809 42333
1373486400 54211 172261 322937 1976604
1373479200 88823 14811 1334207 160586
1373472000 32909 11109 303233 33170
1373464800 44156 21967 303635 342566
1373457600 42944 2183 302576 10976
1373450400 43025 2183 308133 10710
1373443200 42544 2396 302463 10675
1373436000 42421 2338 299912 10493
1373428800 41987 2233 299096 10366
1373421600 41862 2455 299975 11060
1373414400 55683 5773 304794 22870
1373407200 76907 8150 795323 22248
1373400000 44140 7302 304940 20850
1373392800 37490 14866 701313 74801
1373385600 60448 13502 701313 74801
1373378400 45421 21612 301734 183759
1373371200 42455 3830 299849 12441
1373364000 42321 4033 306448 15250
1373356800 41187 3852 299442 12609
1373349600 41732 4002 299966 12317
1373342400 42411 3914 305011 12227
1373335200 43665 4163 302980 12746
1373328000 87388 46685 512798 515700
1373320800 138649 149255 1885447 1889345
1373313600 59182 68395 303818 660764
1373306400 114161 19778 1789040 121154
1373299200 44817 10539 308815 62927
1373292000 42895 5880 303244 30862
1373284800 41629 1927 299938 10737
1373277600 41259 1904 296881 10235
1373270400 41134 1903 297581 10113
1373263200 42127 1938 304723 10508
1373256000 42958 1972 303861 10329
1373248800 42748 2295 303601 11087
1373241600 54419 2998 301011 10952
1373234400 42537 2717 302731 10686
1373227200 42136 2541 299923 10829
1373220000 41867 2430 298049 10800
1373212800 29983 2064 300132 10634
1373205600 41191 2418 299636 11193
1373198400 41240 1973 300217 10802
1373191200 41787 1940 304457 10539
1373184000 42807 1953 301483 10270
1373176800 42472 1936 302612 10300
1373169600 42326 1956 302826 10416
1373162400 42099 2212 302551 10973
1373155200 53753 3467 301912 14994
1373148000 41664 3841 301436 11028
1373140800 41527 3649 299824 17042
1373133600 41131 2450 298319 10773
1373126400 29610 2159 299131 10942
1373119200 28876 2420 296213 10789
1373112000 42488 2066 302964 11004
1373104800 42330 2116 302492 12567
1373097600 42196 1911 300552 10072
1373090400 41851 1892 301616 10179
1373083200 41033 1898 300839 10174
1373076000 41481 2166 299393 10377
1373068800 53087 2456 301212 10415
1373061600 40564 2168 300776 10416
1373054400 40811 2128 298939 10469
1373047200 40500 2114 297312 10371
1373040000 29477 1721 302426 10440
1373032800 42406 2129 302506 10885
1373025600 42038 1936 301875 10749
1373018400 41689 1991 301624 10756
1373011200 29727 1938 300802 10364
1373004000 41208 1921 301580 10323
1372996800 41063 2068 301089 10481
1372989600 40919 3092 299434 10398
1372982400 52392 3531 297901 10323
1372975200 40394 2079 299587 10382
1372968000 40147 2627 297225 14027
1372960800 46126 3213 305184 17277
1372953600 34259 2508 306872 10518
1372946400 45850 2494 306872 10505
1372939200 45402 2050 305300 10868
1372932000 45255 2099 305582 10652
1372924800 44929 2060 302964 10777
1372917600 44731 2208 303745 10438
1372910400 44549 2738 304451 11092
1372903200 44586 3512 303095 11224
1372896000 56919 4823 305832 12038
1372888800 49712 5297 312799 17398
1372881600 54235 17403 310753 133086
1372874400 60006 103102 438696 1850885
1372867200 39752 14445 311181 142776
1372860000 51243 48940 310871 1063292
1372852800 48819 2516 308806 10689
1372845600 49622 2563 308401 11292
1372838400 49092 2651 307945 11081
1372831200 48826 2627 308743 10848
1372824000 48457 2553 305655 10952
1372816800 46883 2592 306620 11160
1372809600 78597 4627 494407 14070
1372802400 47454 5607 307970 15674
1372795200 61783 67715 352259 407916
1372788000 49129 7028 304121 44137
1372780800 39349 19436 309817 106054
1372773600 45432 5413 309817 64017
1372766400 44112 2622 303103 11613
1372759200 51688 2787 303478 11239
1372752000 43901 2693 302497 10920
1372744800 32222 2589 301910 10794
1372737600 45686 2817 306285 10990
1372730400 45661 3021 307225 11204
1372723200 57400 4093 309865 12473
1372716000 67119 9913 321236 42203
1372708800 46056 6825 301808 33393
1372701600 45578 15603 302861 106457
1372694400 34560 14835 302260 116546
1372687200 45102 6929 303648 29912
1372680000 43666 2348 302182 10998
1372672800 43438 2356 302031 10916
1372665600 43243 2401 302528 10774
1372658400 45226 2352 307402 10837
1372651200 45107 2427 306631 10926
1372644000 44979 2499 305219 10879
1372636800 55724 2904 304956 11003
1372629600 44466 2443 305247 10958
1372622400 44217 2362 304997 10678
1372615200 43978 2584 304560 15615
1372608000 32098 2979 302451 16689
1372600800 42697 3243 302451 10631
1372593600 43069 2196 301638 10912
1372586400 43456 2296 300995 10894
1372579200 44975 3137 304754 15389
1372572000 44693 3417 304397 17503
1372564800 44569 2342 305461 10615
1372557600 44387 2466 304304 10740
1372550400 55893 2767 303902 10699
1372543200 43800 2437 303054 10749
1372536000 42935 2687 300362 10518
1372528800 43396 3517 300974 10849
1372521600 31469 2571 300154 10820
1372514400 42884 2402 301285 10748
1372507200 43964 2214 305578 10866
1372500000 44644 2258 305053 10950
1372492800 44346 2255 305550 10654
1372485600 44052 2222 303207 10553
1372478400 43140 2197 302423 10538
1372471200 43733 2450 304210 11012
1372464000 55505 3721 301892 11446
1372456800 32569 5784 302582 17138
1372449600 44093 14858 302498 215254
1372442400 44052 6104 301512 27563
1372435200 32243 4396 306613 21294
1372428000 45078 3455 306613 12122
1372420800 44096 2557 304465 11160
1372413600 43196 3419 302840 18754
1372406400 44062 3344 304696 18014
1372399200 44500 2450 302365 10854
1372392000 44145 2422 301094 10639
1372384800 44169 3122 303644 10946
1372377600 55626 5348 301929 14006
1372370400 51071 172206 953144 2601181
1372363200 30317 13905 285112 91712
1372356000 27334 5399 287629 15466
1372348800 27257 9325 298496 40965
1372341600 26377 8307 286761 105158
1372334400 25799 2917 286686 11237
1372327200 25907 2995 285221 11413
1372320000 26907 2979 287023 11309
1372312800 25832 3644 284705 11302
1372305600 37464 4427 285258 11281
1372298400 25918 3485 285281 11794
1372291200 26816 6308 288771 23151
1372284000 33373 29805 286428 148552
1372276800 15612 7548 287365 35533
1372269600 33843 17417 287365 156860
1372262400 75316 57995 452517 171653
1372255200 43781 18937 441799 127751
1372248000 25952 2342 284806 10597
1372240800 14782 2395 282769 10636
1372233600 26003 2665 285382 10613
1372226400 25890 3783 285122 15578
1372219200 31908 2593 286934 11875
1372204800 46319 25682 441950 1608863
1372118400 55550 32979 840512 1184842
1372032000 58491 3080 303736 11685
1371945600 163726 6573 304923 17075
1371859200 184073 22807 634946 1286506
1371772800 187017 12739 714467 277649
1371686400 215085 72895 2043922 2904271
1371600000 188695 18548 800565 791608
1371513600 173074 13732 342199 383190
1371427200 172442 6234 304165 10764
1371340800 167043 6150 303989 17405
1371254400 173799 18461 331034 1593647
1371168000 187673 37306 939841 1990299
1371081600 179016 17683 567304 776054
1370995200 180584 13145 1018477 745293
1370908800 182118 23532 685746 350599
1370822400 177761 7544 791463 22670
1370736000 174945 8028 300870 160346
1370649600 193097 12159 470166 265452
1370563200 194281 20012 439907 1567799
1370476800 203455 24261 818045 1004729
1370390400 213875 30743 1889690 3066486
1370304000 225985 33833 4523224 1772759
1370217600 172283 6663 305704 11616
1370131200 173827 19566 352381 2987495
1370044800 172980 12072 535815 414673
1369958400 185868 35140 2220007 2335604
1369872000 197086 13043 504060 346275
1369785600 188932 17504 659892 666301
1369699200 184898 6902 305059 25240
1369612800 180747 6676 305232 11053
1369526400 187846 6926 309195 12206
1369440000 188077 15212 541229 519595
1369353600 189522 16277 321103 217062
1369267200 200405 21514 1021171 979392
1369180800 118218 18887 641910 1235462
1369094400 108148 8247 419537 432248
1369008000 104464 3994 307954 16244
1368921600 101641 3859 305147 12032
1368835200 105045 7780 308175 157902
1368748800 106244 15143 503287 692088
1368662400 111577 28131 998172 1278903
1368576000 101278 6916 384118 104889
1368489600 106859 11568 323379 78162
1368403200 109720 15960 498045 395545
1368316800 112782 15578 500035 401342
1368230400 121289 35931 1027938 1495218
1368144000 109323 36716 399816 1297320
1368057600 125558 10261 5298529 257339
1367971200 105546 14826 390142 1428846
1367884800 106515 15161 606058 1147652
1367798400 102392 7504 310250 563176
1367712000 100884 4551 306259 12915
1367625600 105711 9701 312998 502289
1367539200 110337 25985 734085 985804
1367452800 112945 6941 2655449 762759
1367366400 108565 5990 1838326 493339
1367280000 21254 1367 298785 10874
1367193600 0 380 0 607
1367107200 0 429 0 656
1367020800 89300 3768 678859 41057
1366934400 95802 3708 300793 11946
1366848000 96650 3748 300378 11154
1366761600 98048 3871 299284 12354
1366675200 98902 3804 302476 11089
1366588800 97521 3527 301137 10366
1366502400 94787 3454 297385 10210
1366416000 97175 4314 503926 111150
1366329600 109209 4575 547194 18955
1366243200 102271 15774 1318906 1183671
1366156800 110315 14023 725263 629032
1366070400 133698 34345 2217344 2208320
1365984000 112725 4598 340079 13103
1365897600 111253 4542 338437 12477
1365811200 116079 12590 370841 737308
1365724800 111375 6778 343040 145182
1365638400 115400 12274 660976 491907
1365552000 119052 13191 1456924 1066949
1365465600 118599 6452 342249 69801
1365379200 118074 4470 336082 12160
1365292800 113295 4426 336373 11829
1365206400 121655 17180 713582 667025
1365120000 117412 14379 814433 578765
1365033600 116403 4771 335180 15031
1364947200 173755 51340 3489605 4063143
1364860800 115990 9528 339047 389734
1364774400 117120 4318 338202 11643
1364688000 113558 4267 336714 11568
1364601600 118052 12666 533386 522255
1364515200 129883 18198 1207850 1258377
1364428800 128607 21058 775200 1079528
1364342400 120358 16205 349709 403372
1364256000 118896 12094 516157 549635
1364169600 117852 5103 335452 14165
1364083200 114295 5033 336148 12348
1363996800 115957 13940 554827 250052
1363910400 111669 16050 341745 590489
1363824000 121621 12926 1721743 707063
1363737600 134675 42729 1336674 2179989
1363651200 109981 9432 365409 214611
1363564800 112550 4097 337580 12330
1363478400 112755 4144 337979 12499
1363392000 122629 7623 3054416 203289
1363305600 119264 11463 2519318 258786
1363219200 112988 11042 382242 506670
1363132800 110932 11839 338130 352438
1363046400 109608 12468 461542 526707
1362960000 104210 4282 334483 12494
1362873600 98283 5599 480758 167043
1362787200 101579 13034 379069 427974
1362700800 101576 19310 363907 473777
1362614400 98020 7948 338602 161467
1362528000 103126 22582 695037 1103195
1362441600 99392 22701 629297 3600071
1362355200 108292 4008 334062 19366
1362268800 107908 3986 332526 11357
1362182400 122723 26697 1293369 1145283
1362096000 121831 38434 1116164 1401507
1362009600 104412 8935 336419 429582
1361923200 109140 14505 1105055 1111364
1361836800 102578 20930 361327 3674295
1361750400 103555 5958 333815 40789
1361664000 105132 5933 333623 14099
1361577600 94748 7842 332913 56230
1361491200 109058 15231 438732 906962
1361404800 106402 21530 978035 1515853
1361318400 107161 18008 486655 265928
1361232000 97961 6401 331157 14356
1361145600 99157 6495 361611 15025
1361059200 103201 11977 330354 659041
1360972800 102361 8470 350360 126348
1360886400 102887 16875 340135 815505
1360800000 96143 15387 508309 924006
1360713600 55850 29406 2161414 1327548
1360627200 19896 17943 889919 1280652
1360540800 16107 3453 19117 4316
1360454400 76681 5188 7228397 164609
1360368000 22565 50264 420515 4289954
1360281600 24292 29935 235792 2038410
1360195200 22062 20768 406746 1255013
1360108800 21534 18357 210584 822869
1360022400 22095 18570 301160 821864
1359936000 18093 3715 21302 4743
1359849600 18276 3553 21395 14586
1359763200 22366 20712 202208 820059
1359676800 18446 14690 122183 814517
1359590400 32679 31128 988139 982321
1359504000 19879 14863 214234 882577
1359417600 19409 14118 136751 811507
1359331200 15610 1507 18875 4744
1359244800 15711 1672 22270 4639
1359158400 20353 12463 234220 810027
1359072000 12255 20051 495017 811146
1358985600 30215 23526 730884 854709
1358899200 39562 31290 3665117 4184555
1358812800 29989 16964 2894214 2894435
1358726400 18848 15718 115299 1983476
1358640000 20081 1835 170174 7761
1358553600 31703 38189 401025 1760445
1358467200 36496 35024 3040568 3135101
1358380800 27877 23515 624918 1757471
1358294400 39691 17623 5823791 1966655
1358208000 38679 15075 3867227 682183
1358121600 16047 1388 19266 4250
1358035200 16410 2784 44625 80202
1357948800 36425 40523 1875636 3688298
1357862400 20924 2426 298596 28317
1357776000 89028 48134 10694796 3119398
1357689600 16387 8085 284363 350998
1357603200 22562 10418 282831 318321
1357516800 18037 1790 20366 2923
1357430400 18029 1863 21243 3694
1357344000 20047 6828 182958 303696
1357257600 28603 46482 993492 3094608
1357171200 22378 6803 280806 404198
1357084800 16109 1482 19257 2653
1356998400 17875 7374 248292 374656
1356912000 15913 1460 19271 2537
1356825600 16079 1507 24059 4135
1356739200 20138 8039 87895 1226606
1356652800 20264 5054 75213 102560
1356566400 31637 24039 761595 1353260
1356480000 18759 1713 23138 64191
1356393600 18228 1488 22840 3572
1356307200 17834 1486 21147 4011
1356220800 17763 1599 21816 3474
1356134400 18288 4666 143449 101663
1356048000 19477 18139 226046 2313234
1355961600 17077 3545 34893 382455
1355875200 17234 2283 251426 40492
1355788800 15729 1757 20512 8399
1355702400 15464 1401 19635 12019
1355616000 33286 2462 295628 24706
1355529600 77756 8064 302276 127452
1355443200 17722 46343 92877 3965256
1355356800 20291 40498 254910 8091851
1355270400 21732 36628 254067 4077891
1355184000 20665 25881 261941 2265413
1355097600 19148 1871 517278 15364
1355011200 18469 3044 197382 148236
1354924800 40021 45780 3580286 4041349
1354838400 25356 33314 766164 689467
1354752000 21294 25387 499626 1283628
1354665600 19777 69425 582187 7121554
1354579200 14431 11922 249646 291406
1354492800 10001 1811 21406 47718
1354406400 18709 2365 26174 48382
1354320000 21166 13211 161014 604977
1354233600 21169 14413 272729 725592
1354147200 21675 11814 221825 685637
1354060800 20140 7271 317024 381377
1353974400 30104 120974 2087300 7491942
1353888000 17134 1135 24252 13129
1353801600 17014 1139 32721 7074
1353715200 15812 2191 34111 7098
1353628800 5906 936 20507 18305
1353542400 18813 25134 314001 2383375
1353456000 22617 74568 719766 6506559
1353369600 19104 11058 253533 407314
1353283200 18763 1506 23220 4066
1353196800 19721 7526 69496 569023
1353110400 18094 2612 134678 10994
1353024000 3012 2629 26317 260342
1352937600 27898 30288 889568 1192155
1352851200 28213 9947 1119591 310322
1352764800 26447 23981 965880 1136611
1352678400 18136 1821 23503 7453
1352592000 19834 1819 503028 13813
1352505600 23129 9721 252917 248976
1352419200 20297 9548 379701 711609
1352332800 12682 29924 2376356 2400152
1352246400 14944 10822 143215 347874
1352160000 20037 32112 206241 1131394
1352073600 17650 2135 21430 3077
1351987200 18695 2304 24229 8037
1351900800 17525 4626 37569 257252
1351814400 19120 5964 455743 450851
1351728000 24874 17133 265395 261974
1351641600 33720 42191 768706 1534827
1351555200 23764 7734 448362 432772
1351468800 16077 1409 17455 3648
1351382400 15937 1572 17519 5083
1351296000 25895 6458 260050 276369
1351209600 35136 20755 543012 703632
1351123200 29489 22868 380691 1537194
1351036800 29840 21402 737301 1106052
1350950400 30901 24566 484716 1281984
1350864000 20072 1722 24821 2896
1350777600 19931 1700 24164 4095
1350691200 20359 6690 66252 351302
1350604800 22995 11943 261275 227560
1350518400 46880 40582 2217818 2309941
1350432000 40505 27085 1111448 1065212
1350345600 33130 17983 667762 1110062
1350259200 23187 1623 264761 6510
1350172800 22012 1653 266437 11665
1350086400 357991 28791 11636534 948192
1350000000 30746 22782 754408 1281921
1349913600 86848 53558 6075184 6077620
1349827200 62935 50627 4003719 4028361
1349740800 43062 33258 2042033 2834165
1349654400 25071 2149 267571 18806
1349568000 24710 2157 266439 25769
1349481600 44179 102162 1655549 5084762
1349395200 45637 39133 2006355 2005413
1349308800 116430 120292 6424479 6622431
1349222400 314938 40575 11633828 4561942
1349136000 40547 21768 1822668 1755865
1349049600 23786 13828 266104 236159
1348963200 21896 3965 265930 235791
1348876800 22764 1988 267490 11306
1348790400 23717 4691 266785 352716
1348704000 24723 2405 266165 31205
1348617600 29395 6289 676413 1064362
1348531200 24988 3929 268077 463238
1348444800 24565 1348 265859 5966
1348358400 24200 1352 266296 6441
1348272000 26886 37792 412138 2338035
1348185600 34929 228127 730696 1999774
1348099200 33308 129687 636898 2700106
1348012800 45825 52360 2173906 1801743
1347926400 14630 14721 265507 1238658
1347840000 10457 1785 252909 6965
1347753600 9332 1378 253825 6738
1347667200 21667 54500 264462 3729517
1347580800 25729 32885 264159 5856646
1347494400 28596 18388 275613 650423
1347408000 41527 26342 1929189 1927870
1347321600 28540 22051 516715 2354677
1347235200 24336 1915 267331 6958
1347148800 24281 1693 266951 6514
1347062400 28140 14129 363821 892380
1346976000 41557 60979 1695026 2375954
1346889600 40709 280616 526997 11873365
1346803200 33299 16779 848591 853958
1346716800 22414 3676 264241 444678
1346630400 22115 1917 263810 6971
1346544000 22033 1949 264789 7755
1346457600 26681 14880 306510 697695
1346371200 91603 118984 5698494 5619860
1346284800 34929 67096 731770 4381852
1346198400 32101 17281 743553 741939
1346112000 31164 29080 1046677 2534084
1346025600 24697 3708 268951 10191
1345939200 23501 3668 266769 10559
1345852800 41008 27327 691090 708238
1345766400 44016 36510 691944 1313904
1345680000 24759 5529 267939 51812
1345593600 27738 9858 1116795 242256
1345507200 28121 20820 379828 498436
1345420800 22038 1948 266205 6913
1345334400 22150 5808 268108 227003
1345248000 26079 8935 269911 454184
1345161600 78486 527197 2524281 12145091
1345075200 27696 10055 276889 296771
1344988800 43819 318165 283716 3053999
1344902400 36269 19774 555631 780573
1344816000 24055 3951 322105 19069
1344729600 24077 4063 267746 10066
1344643200 26196 9335 269083 572549
1344556800 25526 8637 766590 1164979
1344470400 25863 26478 267651 3265067
1344384000 25538 8785 737355 480481
1344297600 24308 7222 267248 228863
1344211200 21528 2730 264898 8891
1344124800 23502 2946 268535 11265
1344038400 31069 77168 481514 5692284
1343952000 33241 19392 556098 1249378
1343865600 29470 32920 270400 3648330
1343779200 95836 45850 6279367 3866844
1343692800 62277 55266 2598760 4349374
1343606400 23747 2165 270308 57593
1343520000 23341 2204 265257 29121
1343433600 38867 28855 1476761 2296082
1343347200 25452 9358 478494 562036
1343260800 28313 14705 620182 589652
1343174400 28649 60740 1264708 3913631
1343088000 30606 28197 691902 1314298
1343001600 22505 2396 275978 9837
1342915200 25004 2496 276317 11533
1342828800 24774 3114 275831 35860
1342742400 29693 12716 457214 476013
1342656000 27862 11497 348752 475305
1342569600 30132 8060 687234 633282
1342483200 31278 15491 774887 632378
1342396800 22046 1940 276509 10457
1342310400 21712 2214 274475 9981
1342224000 26427 9870 273841 294165
1342137600 21980 4371 275678 64333
1342051200 35621 84418 725780 9456116
1341964800 23672 4793 700842 52056
1341878400 21285 7051 284023 287197
1341792000 20528 3152 275604 13216
1341705600 20168 3020 271902 10264
1341619200 23599 10238 276271 280972
1341532800 22000 8116 272390 252520
1341446400 19368 3528 272412 10524
1341360000 13251 11096 621101 544484
1341273600 6304 9496 241260 594655
1341187200 3086 1607 256182 9047
1341100800 3107 1751 256408 9872
1341014400 13407 15800 1864835 2204824
1340928000 4219 13700 255447 1894141
1340841600 18458 8232 435322 189980
1340755200 23317 18606 969495 739065
1340668800 31768 148090 533331 6992481
1340582400 18638 2336 272654 9635
1340496000 18200 2350 268921 11485
1340409600 32852 21552 1306499 1310063
1340323200 21666 38668 274826 4100982
1340236800 25655 27629 392830 1616985
1340150400 234146 56464 1075068 969392
1340064000 121597 24411 703899 705798
1339977600 17126 4146 271819 10513
1339891200 16702 4292 270074 12000
1339804800 18457 9764 270728 286024
1339718400 21563 18316 440336 693966
1339632000 28649 23303 529587 611367
1339545600 31547 27345 1034237 3669162
1339459200 20291 7135 274837 145026
1339372800 18686 2295 276983 10387
1339286400 18537 2393 271967 10553
1339200000 27913 15169 2413963 2445787
1339113600 27496 18632 2234105 2238797
1339027200 27994 12167 786645 578738
1338940800 25273 7206 593148 472457
1338854400 21891 11882 272211 520213
1338768000 16119 1730 269600 9546
1338681600 16118 1787 269941 9669
1338595200 20275 12955 268188 424160
1338508800 25774 18783 536044 793042
1338422400 25076 12859 680700 787032
1338336000 32384 23711 1104268 1561005
1338249600 18283 2198 271133 19759
1338163200 18257 3009 267755 14299
1338076800 18181 3498 269851 14148
1337990400 24956 12651 1196120 1223726
1337904000 19224 8833 269660 398160
1337817600 22274 17374 391917 2567110
1337731200 8081 18042 576963 813887
1337644800 9026 19446 499462 555557
1337558400 565 1689 6248 5844
1337472000 681 1692 16827 6086
1337385600 3440 28561 192484 1906105
1337299200 118732 19663 802073 847740
1337212800 108529 22095 1426239 1221542
1337126400 113048 14879 879884 580943
1337040000 112520 16383 750732 558828
1336953600 105131 4554 268010 10375
1336867200 103495 4877 268610 13094
1336780800 104356 11108 317956 412988
1336694400 104687 11347 367485 323195
1336608000 141104 35467 5171395 3799561
1336521600 110070 21152 1102522 1418472
1336435200 113281 28170 1039962 3783956
1336348800 104512 4532 265326 13203
1336262400 103098 4686 265150 14820
1336176000 108619 16039 381763 533447
1336089600 99765 34807 443897 1991372
1336003200 99904 15550 1051647 314411
1335916800 106087 15720 1553014 326124
1335830400 33885 8620 390528 302258
1335744000 66225 4640 241127 497754
1335657600 93346 3652 240359 8446
1335571200 95886 8840 389777 32404
1335484800 96279 34621 255120 3580273
1335398400 101323 19000 1327476 167282
1335312000 110839 27998 1678402 1699100
1335225600 106571 17699 2152573 278830
1335139200 91134 4374 239766 12220
1335052800 92007 6757 486033 412553
1334966400 91334 8732 259708 212838
1334880000 31785 16919 656432 666028
1334793600 12333 20316 589394 710795
1334707200 107932 32810 682438 649762
1334620800 108089 20268 1569466 311010
1334534400 90354 3600 234499 11331
1334448000 89042 3964 231607 11895
1334361600 102796 38166 1606482 2457185
1334275200 109545 35840 4399046 4854244
1334188800 96958 37655 379374 1001065
1334102400 99166 20818 1088760 950229
1334016000 109198 21712 2380929 1973298
1333929600 86982 4076 230639 12065
1333843200 85647 4218 229983 14335
1333756800 91499 17971 465695 764163
1333670400 89028 15178 299328 686299
1333584000 93702 15358 507383 647605
1333497600 95821 11667 814779 497603
1333411200 102668 17197 1912169 654126
1333324800 90937 8060 227097 651844
1333238400 88635 8069 225881 641608
1333152000 91645 27226 473926 1642603
1333065600 98580 20181 1124987 656595
1332979200 94956 23059 383324 775104
1332892800 94837 16745 663493 649070
1332806400 103728 28412 1437898 1354018
1332720000 85614 3811 223304 8992
1332633600 86295 17484 227795 145764
1332547200 296407 625016 1801211 3233658
1332460800 208346 312144 1899691 790644
1332374400 106872 18956 1590158 362685
1332288000 105906 12768 1796791 379917
1332201600 110938 12657 1770703 386749
1332115200 91599 5364 1590755 31273
1332028800 96981 5680 1585620 31229
1331942400 98182 10176 1578520 790795
1331856000 102699 12312 1581915 640950
1331769600 84354 11502 238620 644493
1331683200 96659 39640 1764911 2849701
1331596800 94002 17423 796592 791914
1331510400 83924 3120 217034 7548
1331424000 82750 7549 216472 630704
1331337600 96216 9476 2325832 628416
1331251200 93787 17266 951781 578626
1331164800 90458 12116 749005 480959
1331078400 101826 24217 1662020 1479905
1330992000 89004 12379 953138 384608
1330905600 86937 7458 226867 390312
1330819200 85491 15604 219893 2014859
1330732800 125714 57138 4021722 4416363
1330646400 97306 29432 597921 1263396
1330560000 122182 1023016 356733 4952185
1330473600 209208 531561 714264 9033050
1330387200 133120 144463 466075 1527371
1330300800 89405 11489 244397 20630
1330214400 92486 11647 254561 52916
1330128000 102900 37517 390559 760110
1330041600 98242 105155 509450 12139270
1329955200 100347 103767 697499 10089973
1329868800 94182 22435 440850 659470
1329782400 90157 10026 220249 21770
1329696000 89571 9822 219762 16232
1329609600 89457 9900 219639 15168
1329523200 88801 10603 220760 36044
1329436800 89993 10797 226002 23673
1329350400 90521 20336 287470 1146210
1329264000 89626 11074 303582 75535
1329177600 94744 27040 756823 4808318
1329091200 90148 8232 218438 13577
1329004800 90867 8321 218453 13445
1328918400 90879 8660 218145 34550
1328832000 91465 9331 250575 149185
1328745600 97878 35844 436549 3784399
1328659200 101261 20528 1177303 960315
1328572800 94995 15693 327259 360226
1328486400 87580 4714 214566 10078
1328400000 87465 4855 232076 29006
1328313600 88685 10123 275779 266194
1328227200 91776 14799 419870 240271
1328140800 88635 25604 235925 3001239
1328054400 94290 56536 1328115 1361993
1327968000 92591 18760 520699 503430
1327881600 88579 4026 216804 22090
1327795200 89693 4537 216026 28583
1327708800 93445 18613 396837 878478
1327622400 91633 12458 296798 333765
1327536000 93968 16115 308462 635568
1327449600 96561 18420 855813 635568
1327363200 107570 47127 2187759 2611297
1327276800 86518 3307 212933 9717
1327190400 86060 3433 212496 9197
1327104000 95764 20127 628497 541892
1327017600 86754 9775 256273 615742
1326931200 91393 16034 274060 1807513
1326844800 88644 15867 466235 1037503
1326758400 90172 35655 289257 2803182
1326672000 89076 3481 213739 12873
1326585600 88689 3538 214917 17938
1326499200 94324 85908 328485 3921195
1326412800 92059 10816 658249 640502
1326326400 94064 64548 494298 3071009
1326240000 94019 18843 628605 1149047
1326153600 93056 82315 643343 3118066
1326067200 88721 3015 212151 12994
1325980800 86652 9575 211948 1901028
1325894400 104183 55114 1102083 2964676
1325808000 95208 59315 1003347 3813368
1325721600 101063 256034 899827 8041335
1325635200 96011 13071 672241 731439
1325548800 89680 4570 214891 13818
1325462400 88709 4725 213896 13764
1325376000 89692 4502 214827 13599
1325289600 90210 8766 421868 727084
1325203200 88849 6191 236243 39395
1325116800 91491 16279 453071 318099
1325030400 91800 25270 316786 1111002
1324944000 89320 11853 448321 265846
1324857600 88115 11382 315525 258114
1324771200 90006 11979 311877 258652
1324684800 87873 11483 306637 261014
1324598400 89568 12524 362509 261824
1324512000 91751 13118 258879 259209
1324425600 93065 12966 350979 188910
1324339200 91480 12324 454978 291961
1324252800 92223 14942 316445 592275
1324166400 90883 13535 259048 262950
1324080000 90230 15241 312950 167904
1323993600 78828 19252 281810 266065
1323907200 81030 25149 527021 423663
1323820800 78899 21342 437993 325789
1323734400 79527 27748 449106 1144083
1323648000 75711 14641 435816 265812
1323561600 75295 13905 335860 260420
1323475200 78276 55640 437441 2733328
1323388800 77649 20743 446222 382264
1323302400 77038 29411 331279 1166591
1323216000 81473 25919 621325 578283
1323129600 97372 55056 1212258 1062819
1323043200 75402 14069 442243 267164
1322956800 77344 17222 379975 198317
1322870400 88217 35329 484002 689661
1322784000 86192 32865 390988 603258
1322697600 86631 47307 298830 3501508
1322611200 94988 45376 877747 890413
1322524800 88428 50234 901447 1226697
1322438400 75286 16150 439033 270737
1322352000 78497 21056 485866 445848
1322265600 76796 17732 243409 261407
1322179200 77745 19328 304538 170926
1322092800 86448 39979 425080 653255
1322006400 86833 50523 607151 2085593
1321920000 83393 40995 677600 3457085
1321833600 74195 15946 302425 163801
1321747200 70177 16159 337689 266055
1321660800 77790 28850 439982 576607
1321574400 124529 34178 5882906 577153
1321488000 82522 219819 374064 8080529
1321401600 78396 24160 433575 587102
1321315200 84716 19646 1954775 1055291
1321228800 74452 8414 436606 264374
1321142400 75480 8594 435367 264678
1321056000 84347 20085 466564 774111
1320969600 85583 29969 697243 726050
1320883200 104080 235552 2512099 5610870
1320796800 81015 17563 795895 657130
1320710400 76145 31300 582303 3261606
1320624000 72046 7873 298873 258345
1320537600 72290 7971 433876 262775
1320451200 29530 7776 242995 259763
1320364800 5091 11733 310514 308092
1320278400 50614 20358 383606 647771
1320192000 77367 33854 810252 2117824
1320105600 72461 18259 343664 1099116
1320019200 70772 9986 438590 269302
1319932800 69385 9991 336614 159367
1319846400 86072 18614 2009146 821484
1319760000 33117 24467 1059730 1692253
1319673600 6608 19525 195411 946861
1319587200 10217 33216 289915 1466693
1319500800 10429 11350 307566 480940
1319414400 4796 1635 193172 7512
1319328000 5241 1911 195160 7957
1319241600 9127 15205 200564 549298
1319155200 41518 83111 1384398 3412424
1319068800 8341 12534 203070 204913
1318982400 15201 24278 368483 417306
1318896000 23563 36777 1454474 1763238
1318809600 7400 15647 195222 217282
1318723200 6831 14510 243551 288331
1318636800 72582 82634 6954425 7190564
1318550400 27843 42799 886957 2872296
1318464000 24207 36940 1255636 1150009
1318377600 19635 89153 523475 4063784
1318291200 26150 38218 3743243 2583707
1318204800 2618 12732 241215 261357
1318118400 5257 64758 244055 7525028
1318032000 8799 129791 291296 7945613
1317945600 8076 30967 316233 1457774
1317859200 8634 138631 219460 8533428
1317772800 33756 63259 4300305 4471302
1317686400 16809 42106 429900 444838
1317600000 3871 25675 242965 266036
1317513600 4055 26352 142185 203125
1317427200 13103 44349 1002447 1367565
1317340800 24273 257375 776936 11370964
1317254400 24085 53705 1256478 2320656
1317168000 9807 30588 270791 1258462
1317081600 20611 39277 1193385 819000
1316995200 3202 15338 242014 264210
1316908800 3625 15950 248203 264203
1316822400 5914 21879 242848 543058
1316736000 5787 21793 412427 538962
1316649600 7673 22920 277355 547690
1316563200 25094 35309 2817458 1993696
1316476800 6254 23975 246213 1006650
1316390400 2976 13894 142410 157732
1316304000 3002 14849 242223 261532
1316217600 6475 74671 238865 5744502
1316131200 12903 24845 800219 474182
1316044800 8962 30518 1238313 2423057
1315958400 15004 28856 1150920 2320146
1315872000 4555 21038 154656 524350
1315785600 2898 14979 241551 263628
1315699200 3039 15077 242233 262238
1315612800 12617 19759 803951 814249
1315526400 25139 40301 1853047 1989881
1315440000 12121 23876 250863 339495
1315353600 5570 26000 242723 357405
1315267200 9619 14463 1877680 190505
1315180800 4149 16189 242387 264560
1315094400 3413 15784 142382 173177
1315008000 4870 22698 244620 288560
1314921600 26141 45598 3327722 2805851
1314835200 11233 38238 820116 1397771
1314748800 17390 59290 1242002 2347299
1314662400 48849 49735 2299092 1474907
1314576000 2 317 5 364
1314489600 270 2013 5303 41922
1314403200 8376 23001 605962 960611
1314316800 10051 25274 768608 653483
1314230400 16212 33039 2342250 2358817
1314144000 40713 337303 1102317 12152047
1314057600 14487 189245 421075 8904041
1313971200 2734 12649 240944 235832
1313884800 2798 12424 242696 261664
1313798400 6519 31252 429456 1913015
1313712000 54499 287416 1073476 5627413
1313625600 82796 126570 1687769 1723911
1313539200 46699 53314 2264387 2455258
1313452800 15017 48703 792957 2429193
1313366400 640 7250 1989 15446
1313280000 733 8437 5038 18953
1313193600 38453 53317 3439198 2265776
1313107200 38485 51909 3102487 1965527
1313020800 4845 25296 475741 427057
1312934400 20301 48372 1371990 1182896
1312848000 9057 24163 573025 816341
1312761600 1846 2746 195253 195806
1312675200 889 2700 82485 109604
1312588800 2418 25397 154354 1935338
1312502400 16487 40503 2562493 3121961
1312416000 29508 80527 128247 264284
1312329600 20787 52512 337103 342337
1312243200 11021 328699 216704 3779260
1312156800 10323 432511 15713 652130
1312070400 1034 15908 6733 31146
1311984000 11478 35935 603127 1103165
1311897600 7350 22489 290784 344733
1311811200 8409 41103 562828 1187626
1311724800 6757 37677 354608 889369
1311638400 1706 22686 73218 2535231
1311552000 529 11568 95099 2917651
1311465600 519 6416 61429 701209
1311379200 8266 255728 211733 8202680
1311292800 98422 955443 8233622 8462558
1311206400 413666 328187 8635231 5166082
1311120000 371501 127482 8696238 8364124
1311033600 57027 134209 3285686 6982816
1310947200 182 629 491 2600
1310860800 188 822 1183 24125
1310774400 42998 28939 8493170 774934
1310688000 4917 27394 310829 466781
1310601600 11503 123459 336640 6645691
1310515200 17329 356843 338141 10835085
1310428800 8284 36883 246772 1976414
1310342400 3026 6758 241877 689030
1310256000 11889 335294 242165 8381123
1310169600 35573 1195745 351440 8893636
1310083200 4549 9268 253558 324910
1309996800 5262 10494 388487 344136
1309910400 8336 7205 1237688 201990
1309824000 146 595 445 1536
1309737600 147 597 434 1343
1309651200 146 623 435 4930
1309564800 2959 2997 316286 231795
1309478400 1578 3712 117206 91418
1309392000 26684 27297 5041460 2410069
1309305600 7266 17933 686314 3841023
1309219200 7338 43405 481580 5088053
1309132800 150 612 4482 2128
1309046400 163 630 6702 3498
