1377805802 575452840 1027622386
1377805802 57 877 57 877
1377805502 151 890 151 890
1377805500 150 890 151 905
1377805200 51 909 547 1556
1377804900 546 1554 547 1556
1377804600 484 1285 485 1315
1377804300 228 1318 609 1780
1377804000 607 1777 609 1780
1377803700 104 914 411 1399
1377803400 433 1448 3855 8849
1377803100 3846 8834 3855 8849
1377802800 1442 4531 1448 4550
1377802500 569 1723 570 1724
1377802200 503 1429 505 1430
1377801900 285 1429 286 1430
1377801600 260 1376 430 1377
1377801300 428 1341 430 1343
1377801000 118 911 119 948
1377800700 121 956 976 3360
1377800400 975 3351 976 3360
1377800100 927 2131 933 2140
1377799800 88 821 89 1476
1377799500 39 1473 39 1476
1377799200 40 827 328 1068
1377798900 327 1067 328 1068
1377798600 100 838 101 839
1377798300 47 822 49 823
1377798000 49 687 149 820
1377797700 149 820 225 1046
1377797400 223 1043 225 1046
1377797100 68 720 69 780
1377796800 53 779 64 780
1377796500 63 717 64 718
1377796200 46 705 168 854
1377795900 167 852 168 854
1377795600 26 663 40 722
1377795300 43 731 610 2123
1377795000 615 2140 1424 4726
1377794700 1423 4718 1424 4726
1377794400 1212 2610 1216 2616
1377794100 677 1753 679 1757
1377793800 503 1286 1264 2898
1377793500 1258 2890 1264 2898
1377793200 400 1697 401 1700
1377792900 171 1090 2839 31631
1377792600 2824 31466 2839 31631
1377792300 602 6889 604 6910
1377792000 49 828 53 829
1377791700 53 804 218 974
1377791400 218 975 353 1295
1377791100 350 1292 353 1295
1377790800 34 898 49 899
1377790500 49 840 55 840
1377790200 55 841 77 996
1377789900 78 996 408 1173
1377789600 405 1170 408 1173
1377789300 79 863 222 1116
1377789000 223 1117 568 1444
1377788700 568 1444 727 1721
1377788400 727 1723 757 2101
1377788100 753 2092 757 2101
1377787800 192 878 415 1363
1377787500 421 1381 1360 4070
1377787200 1353 4051 1360 4070
1377786900 348 1289 350 1293
1377786600 91 820 120 941
1377786300 119 939 120 941
1377786000 109 676 167 954
1377785700 167 955 286 1163
1377785400 286 1164 297 1675
1377785100 295 1671 297 1675
1377784800 30 1214 57 1217
1377784500 56 869 57 983
1377784200 25 983 25 1074
1377783900 24 1071 25 1074
1377783600 24 739 25 743
1377783300 25 743 26 787
1377783000 26 787 26 932
1377782700 26 929 86 932
1377782400 85 547 86 584
1377782100 28 584 28 584
1377781800 28 585 50 785
1377781500 49 782 50 785
1377781200 34 395 1317 483
1377780900 1312 482 1317 483
1377780600 25 418 26 419
1377780300 24 399 26 505
1377780000 25 504 26 505
1377779700 24 405 25 406
1377779400 25 386 25 404
1377779100 25 403 27 404
1377778800 26 392 27 411
1377778500 24 410 26 411
1377778200 26 396 35 397
1377777900 34 366 35 394
1377777600 25 394 26 396
1377777300 24 397 25 727
1377777000 23 726 25 727
1377776700 24 522 25 523
1377776400 23 368 23 383
1377776100 23 382 23 383
1377775800 23 355 23 388
1377775500 23 387 23 388
1377775200 23 372 23 373
1377774900 22 357 23 371
1377774600 22 371 89 402
1377774300 88 401 89 402
1377774000 23 370 23 393
1377773700 22 392 23 393
1377773400 22 374 23 375
1377773100 23 364 23 365
1377772800 23 354 25 395
1377772500 24 394 25 395
1377772200 22 339 24 364
1377771900 23 364 24 387
1377771600 22 386 22 387
1377771300 22 374 23 375
1377771000 23 358 37 370
1377770700 36 370 37 402
1377770400 22 401 24 402
1377770100 23 383 24 384
1377769800 23 358 23 375
1377769500 22 374 23 375
1377769200 22 364 24 367
1377768900 23 366 24 367
1377768600 23 360 23 392
1377768300 23 391 24 392
1377768000 23 369 24 370
1377767700 22 363 23 379
1377767400 22 379 37 381
1377767100 36 381 37 383
1377766800 22 383 22 393
1377766500 22 392 22 393
1377766200 22 367 23 368
1377765900 22 365 23 386
1377765600 22 385 23 386
1377765300 23 374 23 375
1377765000 22 349 23 379
1377764700 22 379 24 404
1377764400 23 403 24 404
1377764100 23 364 23 372
1377763800 23 371 38 372
1377763500 37 370 38 389
1377763200 23 388 23 389
1377762900 22 354 23 391
1377762600 22 390 22 391
1377762300 22 372 23 373
1377762000 23 373 23 379
1377761700 23 379 23 379
1377761400 23 379 23 390
1377761100 23 390 90 392
1377760800 89 391 90 392
1377760500 22 371 22 371
1377760200 22 371 38 372
1377759900 37 372 38 374
1377759600 23 374 23 383
1377759300 22 382 23 383
1377759000 22 365 23 373
1377758700 23 372 23 373
1377758400 23 369 23 377
1377758100 23 376 23 377
1377757800 23 335 25 361
1377757500 24 360 25 361
1377757200 23 350 25 351
1377756900 25 328 25 351
1377756600 25 351 42 356
1377756300 41 355 42 356
1377756000 23 353 23 355
1377755700 22 355 23 374
1377755400 22 373 23 374
1377755100 22 348 23 349
1377754800 22 345 23 382
1377754500 23 381 23 382
1377754200 23 369 28 375
1377753900 27 374 28 375
1377753600 23 367 25 376
1377753300 25 375 25 376
1377753000 25 345 94 366
1377752700 93 366 94 378
1377752400 23 377 24 378
1377752100 23 371 24 372
1377751800 22 351 22 546
1377751500 22 545 24 546
1377751200 23 529 24 530
1377750900 23 366 23 367
1377750600 23 336 23 377
1377750300 22 376 23 377
1377750000 22 350 23 351
1377749700 23 344 28 378
1377749400 28 377 39 378
1377749100 38 353 39 362
1377748800 24 362 25 376
1377748500 23 376 23 384
1377748200 22 383 23 384
1377747900 22 367 24 368
1377747600 23 366 24 396
1377747300 23 395 23 396
1377747000 23 360 23 361
1377746700 23 347 24 408
1377746400 23 407 24 408
1377746100 22 380 24 381
1377745800 24 371 35 372
1377745500 34 361 35 383
1377745200 23 382 23 383
1377744900 22 366 23 372
1377744600 22 372 22 372
1377744300 22 372 24 373
1377744000 24 372 25 373
1377743700 24 365 25 379
1377743400 22 378 23 379
1377743100 22 376 23 378
1377742800 22 377 22 378
1377742500 22 370 23 376
1377742200 23 375 37 376
1377741900 36 372 37 373
1377741600 23 372 24 373
1377741300 23 372 24 373
1377741000 22 364 23 365
1377740700 23 364 23 380
1377740400 23 379 23 380
1377740100 22 362 23 364
1377739800 22 363 24 364
1377739500 23 363 24 399
1377739200 22 398 23 399
1377738900 22 358 25 370
1377738600 25 370 42 394
1377738300 41 393 42 394
1377738000 23 358 24 359
1377737700 23 351 24 370
1377737400 22 370 23 377
1377737100 22 376 23 377
1377736800 23 368 23 369
1377736500 23 360 23 389
1377736200 23 388 23 389
1377735900 23 352 23 380
1377735600 22 379 23 380
1377735300 22 375 24 383
1377735000 24 382 39 383
1377734700 38 350 39 379
1377734400 24 379 40 406
1377734100 39 405 40 406
1377733800 23 363 23 377
1377733500 23 376 23 377
1377733200 22 358 23 375
1377732900 22 374 22 375
1377732600 22 336 23 383
1377732300 23 382 23 383
1377732000 23 380 23 381
1377731700 23 368 25 369
1377731400 25 362 92 412
1377731100 91 411 92 412
1377730800 23 356 27 435
1377730500 30 439 502 1082
1377730200 500 1080 502 1082
1377729900 58 566 59 796
1377729600 45 831 1707 6090
1377729300 1698 6059 1707 6090
1377729000 360 1517 1404 7296
1377728700 1405 7299 1920 8367
1377728400 1916 8352 1920 8367
1377728100 965 4033 966 4038
1377727800 800 2725 806 2739
1377727500 46 665 47 861
1377727200 40 860 41 861
1377726900 28 777 29 778
1377726600 24 681 332 1453
1377726300 329 1448 332 1453
1377726000 32 789 335 1107
1377725700 333 1105 335 1107
1377725400 54 862 55 863
1377725100 36 820 37 821
1377724800 33 746 41 1079
1377724500 43 1079 389 1224
1377724200 389 1227 457 1749
1377723900 454 1743 457 1749
1377723600 41 908 851 8582
1377723300 854 8597 1810 13097
1377723000 1807 13071 1810 13097
1377722700 1057 5554 2025 13475
1377722400 2016 13413 2025 13475
1377722100 801 4207 804 4218
1377721800 114 1078 115 1080
1377721500 27 874 103 876
1377721200 107 714 794 2152
1377720900 794 2156 885 2765
1377720600 884 2758 885 2765
1377720300 766 1784 769 1788
1377720000 30 851 31 886
1377719700 32 888 412 1513
1377719400 410 1515 412 1931
1377719100 125 1924 126 1931
1377718800 52 1007 142 1008
1377718500 152 940 1689 8301
1377718200 1684 8277 1689 8301
1377717900 480 1394 1846 9756
1377717600 1849 9752 2821 9756
1377717300 2813 8809 2821 8828
1377717000 717 3224 2642 7977
1377716700 2636 7954 2642 7977
1377716400 1855 4584 1862 4597
1377716100 24 858 45 1036
1377715800 44 1033 45 1036
1377715500 28 702 32 838
1377715200 34 840 348 1244
1377714900 351 1250 874 2289
1377714600 878 2300 2156 5818
1377714300 2142 5785 2156 5818
1377714000 162 1057 1292 14334
1377713700 1286 14248 1292 14334
1377713400 412 1433 413 1435
1377713100 116 950 117 952
1377712800 35 798 36 858
1377712500 23 857 23 858
1377712200 23 809 24 810
1377711900 24 762 24 1005
1377711600 24 1004 24 1005
1377711300 24 853 24 855
1377711000 24 660 27 903
1377710700 26 902 27 903
1377710400 23 745 24 746
1377710100 23 699 25 1012
1377709800 25 1011 98 1012
1377709500 97 887 98 888
1377709200 23 614 59 1042
1377708900 58 1042 59 1172
1377708600 23 1170 24 1172
1377708300 24 925 25 944
1377708000 25 944 26 1064
1377707700 32 1098 955 6300
1377707400 953 6270 955 6300
1377707100 650 1839 655 1846
1377706800 43 870 490 1494
1377706500 489 1492 490 1494
1377706200 345 1068 347 1475
1377705900 196 1527 2828 9283
1377705600 2819 9255 2828 9283
1377705300 142 1101 143 1103
1377705000 23 869 23 870
1377704700 26 865 563 1243
1377704400 564 1250 805 2424
1377704100 806 2434 1024 3932
1377703800 1020 3921 1024 3932
1377703500 76 792 691 2341
1377703200 688 2336 691 2341
1377702900 59 865 84 1063
1377702600 83 1061 84 1063
1377702300 42 893 49 894
1377702000 48 840 49 842
1377701700 33 599 597 3057
1377701400 594 3042 597 3057
1377701100 250 1020 2751 11790
1377700800 2735 11728 2751 11790
1377700500 459 2625 1329 3815
1377700200 1327 3809 1329 3815
1377699900 1048 2976 1055 2991
1377699600 46 846 68 847
1377699300 67 753 68 797
1377699000 39 799 63 1105
1377698700 62 1104 63 1105
1377698400 27 849 50 850
1377698100 53 791 1180 17828
1377697800 1194 18002 3410 44065
1377697500 3388 43777 3410 44065
1377697200 217 924 606 2872
1377696900 604 2865 606 2872
1377696600 36 875 37 876
1377696300 27 658 28 721
1377696000 23 720 26 721
1377695700 26 707 26 1070
1377695400 26 1066 44 1070
1377695100 43 596 44 597
1377694800 36 407 1343 482
1377694500 1334 481 1343 482
1377694200 25 397 26 488
1377693900 25 488 25 503
1377693600 24 502 25 503
1377693300 24 435 24 436
1377693000 24 381 27 398
1377692700 27 398 27 550
1377692400 26 549 27 550
1377692100 25 400 27 401
1377691800 27 392 42 393
1377691500 41 375 42 376
1377691200 23 371 23 512
1377690900 23 513 23 694
1377690600 22 691 23 694
1377690300 22 351 23 388
1377690000 23 387 23 388
1377689700 23 364 23 365
1377689400 23 362 25 388
1377689100 25 387 25 388
1377688800 25 374 26 378
1377688500 25 377 26 378
1377688200 24 351 96 385
1377687900 95 384 96 385
1377687600 23 378 24 379
1377687300 23 356 24 378
1377687000 22 377 23 378
1377686700 22 370 23 371
1377686400 22 370 23 371
1377686100 22 360 23 370
1377685800 22 369 24 370
1377685500 23 367 24 368
1377685200 22 357 24 376
1377684900 23 375 24 376
1377684600 23 359 42 360
1377684300 41 345 42 367
1377684000 23 367 23 384
1377683700 23 384 40 392
1377683400 39 391 40 392
1377683100 23 352 24 382
1377682800 23 381 23 382
1377682500 23 355 23 358
1377682200 23 358 24 374
1377681900 23 373 24 374
1377681600 22 362 23 372
1377681300 22 371 25 372
1377681000 25 356 41 376
1377680700 40 375 41 376
1377680400 23 374 24 375
1377680100 23 358 24 365
1377679800 21 364 22 365
1377679500 21 358 24 369
1377679200 23 368 24 369
1377678900 23 362 23 365
1377678600 23 365 23 368
1377678300 23 368 24 383
1377678000 23 382 24 383
1377677700 22 381 23 382
1377677400 23 363 36 378
1377677100 35 378 36 384
1377676800 22 383 23 384
1377676500 23 362 23 363
1377676200 22 363 23 382
1377675900 21 382 24 388
1377675600 23 387 24 388
1377675300 22 381 23 382
1377675000 23 352 25 394
1377674700 24 393 25 394
1377674400 23 368 24 369
1377674100 23 356 24 359
1377673800 24 359 38 375
1377673500 37 374 38 375
1377673200 23 356 24 357
1377672900 23 357 24 359
1377672600 22 359 23 363
1377672300 22 362 23 363
1377672000 23 350 23 363
1377671700 22 362 23 363
1377671400 22 335 24 350
1377671100 23 350 24 368
1377670800 22 367 22 368
1377670500 22 354 24 355
1377670200 24 349 45 350
1377669900 44 347 45 390
1377669600 21 389 31 390
1377669300 31 350 84 364
1377669000 83 363 84 364
1377668700 22 355 23 364
1377668400 23 363 27 364
1377668100 26 351 27 352
1377667800 23 344 25 367
1377667500 24 366 25 367
1377667200 23 357 24 358
1377666900 23 351 24 366
1377666600 24 365 92 366
1377666300 91 356 92 357
1377666000 23 356 23 362
1377665700 23 361 23 362
1377665400 22 360 23 361
1377665100 22 337 23 367
1377664800 23 367 23 367
1377664500 23 366 24 367
1377664200 23 347 24 350
1377663900 23 350 25 382
1377663600 25 381 25 382
1377663300 25 359 25 362
1377663000 25 362 41 365
1377662700 40 364 41 365
1377662400 23 358 24 359
1377662100 22 347 23 366
1377661800 23 365 23 366
1377661500 22 359 23 360
1377661200 22 340 22 349
1377660900 22 349 23 350
1377660600 23 350 24 361
1377660300 24 360 27 361
1377660000 26 355 27 379
1377659700 24 378 25 379
1377659400 24 359 42 360
1377659100 41 350 42 363
1377658800 23 362 23 363
1377658500 23 345 23 356
1377658200 23 356 23 357
1377657900 22 357 23 380
1377657600 22 379 26 380
1377657300 25 363 26 364
1377657000 23 354 27 385
1377656700 26 384 27 385
1377656400 24 366 24 367
1377656100 24 347 24 362
1377655800 24 362 42 378
1377655500 41 378 42 379
1377655200 23 378 24 379
1377654900 23 354 24 379
1377654600 23 378 23 379
1377654300 22 363 23 385
1377654000 22 384 24 385
1377653700 23 380 24 381
1377653400 23 368 25 368
1377653100 25 368 25 388
1377652800 24 387 25 388
1377652500 23 378 24 387
1377652200 24 386 41 387
1377651900 40 362 41 408
1377651600 23 407 24 408
1377651300 22 378 23 379
1377651000 21 363 22 375
1377650700 21 375 25 381
1377650400 24 380 25 381
1377650100 24 378 24 379
1377649800 24 353 28 374
1377649500 27 374 28 384
1377649200 24 383 25 384
1377648900 23 368 25 384
1377648600 25 383 45 384
1377648300 44 382 45 383
1377648000 22 380 23 381
1377647700 22 361 24 391
1377647400 23 390 24 391
1377647100 22 377 23 378
1377646800 23 374 23 402
1377646500 23 401 25 402
1377646200 25 375 25 376
1377645900 25 357 25 394
1377645600 24 393 25 394
1377645300 24 359 25 360
1377645000 25 358 94 477
1377644700 93 477 94 511
1377644400 22 510 23 511
1377644100 23 492 35 493
1377643800 38 472 1065 645
1377643500 1060 645 1065 722
1377643200 327 721 329 722
1377642900 107 677 108 678
1377642600 25 559 106 734
1377642300 105 732 106 734
1377642000 53 527 54 605
1377641700 39 607 305 970
1377641400 304 968 305 970
1377641100 39 653 40 675
1377640800 34 675 35 751
1377640500 22 751 23 877
1377640200 21 876 31 877
1377639900 30 675 31 816
1377639600 23 815 25 816
1377639300 25 790 56 791
1377639000 56 787 99 792
1377638700 98 793 99 1032
1377638400 87 1031 107 1032
1377638100 106 948 107 949
1377637800 42 823 832 1754
1377637500 826 1747 832 1754
1377637200 23 829 65 1008
1377636900 64 1007 65 1008
1377636600 49 914 708 4868
1377636300 705 4845 708 4868
1377636000 292 1443 294 1446
1377635700 24 1042 61 1043
1377635400 61 901 94 902
1377635100 93 860 94 861
1377634800 28 837 60 838
1377634500 59 769 60 980
1377634200 25 1004 46 4613
1377633900 45 4586 46 4613
1377633600 24 704 33 771
1377633300 32 771 33 847
1377633000 34 856 1579 3830
1377632700 1574 3822 1579 3830
1377632400 238 1452 239 1454
1377632100 24 869 33 870
1377631800 34 709 365 986
1377631500 363 985 365 986
1377631200 48 849 49 850
1377630900 24 730 456 2474
1377630600 460 2512 1849 14008
1377630300 1849 13999 1894 14008
1377630000 1883 11281 1894 11350
1377629700 364 1130 367 1131
1377629400 43 1010 154 1011
1377629100 160 860 1137 2398
1377628800 1134 2393 1137 2398
1377628500 756 1750 761 1758
1377628200 41 692 2723 9407
1377627900 2714 9378 2723 9407
1377627600 129 833 327 1082
1377627300 326 1080 327 1082
1377627000 37 722 153 825
1377626700 154 826 367 1059
1377626400 365 1057 367 1059
1377626100 43 716 44 931
1377625800 98 1025 265 1246
1377624600 542 3636 2232 16582
1377622800 166 1080 522 1556
1377621000 147 840 352 1175
1377619200 91 826 286 1175
1377617400 84 788 256 1044
1377615600 112 865 1096 4342
1377613800 281 1907 1096 4694
1377612000 523 2920 1532 6515
1377610200 93 613 314 1000
1377608400 235 466 1295 622
1377606600 28 478 44 842
1377604800 23 448 29 842
1377603000 35 383 96 409
1377601200 22 377 27 410
1377599400 26 370 42 397
1377597600 23 369 25 374
1377595800 26 374 42 388
1377594000 22 370 24 388
1377592200 24 373 40 387
1377590400 22 368 24 388
1377588600 23 361 35 383
1377586800 22 366 23 387
1377585000 23 376 38 406
1377583200 22 370 23 398
1377581400 32 377 92 406
1377579600 22 365 25 379
1377577800 24 374 41 400
1377576000 21 368 24 394
1377574200 23 377 38 403
1377572400 23 379 24 397
1377570600 24 370 37 391
1377568800 21 380 24 391
1377567000 26 380 42 401
1377565200 22 378 24 406
1377563400 26 385 45 414
1377561600 22 446 23 522
1377559800 33 478 95 491
1377558000 26 553 53 822
1377556200 25 669 41 896
1377554400 25 801 41 951
1377552600 24 828 39 925
1377550800 24 842 31 925
1377549000 25 857 43 984
1377547200 22 951 28 1117
1377545400 24 822 288 1346
1377543600 158 1200 288 1528
1377541800 2256 12774 7192 41432
1377540000 980 2589 1348 4180
1377538200 3397 9475 11462 29494
1377536400 487 2294 1262 7289
1377534600 361 1747 1262 3778
1377532800 346 1256 796 2168
1377531000 294 1248 589 1880
1377529200 688 1905 1794 4302
1377527400 897 4057 1783 8193
1377525600 107 955 454 1461
1377523800 86 730 273 1140
1377522000 177 547 944 800
1377520200 27 469 43 651
1377518400 23 503 26 651
1377516600 34 466 92 496
1377514800 22 457 24 500
1377513000 24 453 41 501
1377511200 22 455 24 496
1377509400 24 449 39 466
1377507600 27 446 58 531
1377505800 23 437 36 472
1377504000 66 457 227 524
1377502200 25 454 42 481
1377500400 23 460 26 510
1377498600 27 452 44 492
1377496800 22 459 24 492
1377495000 34 458 92 505
1377493200 22 444 24 470
1377491400 25 456 40 503
1377489600 24 464 40 502
1377487800 27 452 45 510
1377486000 22 451 25 488
1377484200 25 448 42 497
1377482400 23 450 23 494
1377480600 24 446 39 497
1377478800 22 447 24 485
1377477000 24 447 39 508
1377475200 22 452 24 484
1377473400 32 445 92 484
1377471600 22 449 23 502
1377469800 23 444 37 475
1377468000 23 444 23 490
1377466200 23 447 37 482
1377464400 22 458 24 495
1377462600 24 447 39 511
1377460800 22 459 24 485
1377459000 26 455 45 511
1377457200 22 453 24 489
1377455400 24 446 39 498
1377453600 23 447 24 470
1377451800 34 449 94 501
1377450000 22 453 24 496
1377448200 26 446 45 506
1377446400 22 451 25 491
1377444600 25 446 42 495
1377442800 22 461 25 488
1377441000 29 463 62 510
1377439200 22 452 24 498
1377437400 34 461 84 505
1377435600 181 462 976 545
1377433800 27 455 43 488
1377432000 23 452 27 504
1377430200 34 453 92 494
1377428400 22 450 24 496
1377426600 25 450 42 501
1377424800 22 447 24 497
1377423000 25 451 39 493
1377421200 22 449 23 485
1377419400 23 449 37 500
1377417600 22 445 24 487
1377415800 25 453 42 484
1377414000 22 457 24 501
1377412200 35 454 91 492
1377410400 22 454 23 492
1377408600 33 474 92 500
1377406800 22 452 25 498
1377405000 24 460 43 495
1377403200 22 448 24 487
1377401400 23 450 36 482
1377399600 22 453 24 491
1377397800 24 459 42 500
1377396000 23 452 24 486
1377394200 28 465 42 511
1377392400 22 440 25 493
1377390600 27 448 43 502
1377388800 23 450 24 500
1377387000 33 453 87 490
1377385200 22 433 24 485
1377383400 25 434 39 483
1377381600 22 435 23 472
1377379800 25 438 41 479
1377378000 22 433 23 468
1377376200 25 455 42 504
1377374400 22 464 24 501
1377372600 25 459 41 487
1377370800 22 459 24 500
1377369000 24 452 41 487
1377367200 22 448 24 490
1377365400 34 455 92 484
1377363600 21 448 24 494
1377361800 24 448 39 491
1377360000 22 446 23 480
1377358200 24 455 39 502
1377356400 22 452 25 483
1377354600 26 458 42 493
1377352800 21 457 24 479
1377351000 36 454 87 503
1377349200 217 467 1190 543
1377347400 26 455 43 504
1377345600 22 450 26 482
1377343800 34 458 92 507
1377342000 22 456 24 480
1377340200 28 452 42 506
1377338400 22 459 25 490
1377336600 26 447 41 478
1377334800 22 449 23 483
1377333000 36 450 90 495
1377331200 22 449 23 488
1377329400 24 458 41 501
1377327600 21 461 24 500
1377325800 23 457 36 506
1377324000 22 457 24 500
1377322200 33 460 91 509
1377320400 22 458 23 504
1377318600 23 456 36 495
1377316800 22 447 24 477
1377315000 25 449 42 490
1377313200 23 449 26 486
1377311400 25 444 42 486
1377309600 22 449 23 478
1377307800 25 457 40 472
1377306000 22 444 25 478
1377304200 25 453 39 482
1377302400 22 473 23 505
1377300600 33 515 92 576
1377298800 22 554 24 989
1377297000 27 846 42 989
1377295200 22 964 24 1146
1377293400 26 1028 38 1307
1377291600 23 995 24 1270
1377289800 25 997 42 1236
1377288000 22 939 30 1236
1377286200 189 1150 771 1938
1377284400 102 982 182 1119
1377282600 60 1021 175 1311
1377280800 26 930 44 1077
1377279000 36 925 99 1067
1377277200 44 917 153 1066
1377275400 111 1017 165 1143
1377273600 66 1018 161 1331
1377271800 90 1302 318 1754
1377270000 772 2060 4017 6059
1377268200 111 1513 463 1931
1377266400 24 1390 27 2073
1377264600 44 877 88 1221
1377262800 223 531 1227 710
1377261000 27 538 45 710
1377259200 22 478 26 525
1377257400 38 488 92 543
1377255600 22 477 24 521
1377253800 26 475 44 515
1377252000 21 473 23 513
1377250200 24 508 37 618
1377248400 22 486 24 533
1377246600 24 480 41 526
1377244800 22 487 24 530
1377243000 27 485 44 525
1377241200 22 496 23 525
1377239400 25 493 42 526
1377237600 22 494 24 523
1377235800 34 699 93 1684
1377234000 22 488 24 985
1377232200 24 571 39 985
1377230400 22 487 27 518
1377228600 26 477 41 508
1377226800 22 481 26 508
1377225000 26 477 43 511
1377223200 22 475 24 506
1377221400 25 480 36 533
1377219600 22 490 24 535
1377217800 27 512 45 570
1377216000 22 495 25 560
1377214200 35 571 250 823
1377212400 107 838 250 1450
1377210600 122 1315 241 1450
1377208800 53 1422 122 1602
1377207000 123 1478 179 1627
1377205200 70 1313 146 1467
1377203400 61 1442 177 1529
1377201600 54 1389 125 1563
1377199800 50 1489 132 1655
1377198000 125 1543 430 1971
1377196200 90 1470 183 1739
1377194400 26 1256 35 1499
1377192600 38 986 100 1133
1377190800 25 959 72 1114
1377189000 61 1042 162 1382
1377187200 140 1159 251 1382
1377185400 80 1225 199 1561
1377183600 37 1051 62 1467
1377181800 105 1179 211 1636
1377180000 42 1304 138 1636
1377178200 39 904 92 1290
1377176400 245 605 1356 732
1377174600 31 551 62 638
1377172800 23 507 31 638
1377171000 34 492 95 527
1377169200 22 486 25 525
1377167400 25 487 42 525
1377165600 22 492 24 516
1377163800 25 487 39 531
1377162000 22 497 24 543
1377160200 25 497 41 534
1377158400 22 498 24 530
1377156600 24 487 84 527
1377154800 33 493 84 525
1377153000 25 485 39 521
1377151200 22 483 24 544
1377149400 34 500 95 558
1377147600 22 564 24 924
1377145800 26 506 45 552
1377144000 22 498 23 534
1377142200 25 502 42 538
1377140400 22 494 24 536
1377138600 25 492 41 572
1377136800 22 524 24 647
1377135000 25 491 39 525
1377133200 22 494 24 528
1377131400 27 501 44 543
1377129600 22 496 32 537
1377127800 35 528 88 610
1377126000 26 716 220 1219
1377124200 230 1201 410 1455
1377122400 63 1058 583 2196
1377120600 261 1800 621 2309
1377118800 429 2567 930 3907
1377117000 118 1591 449 2149
1377115200 1499 20567 5203 75381
1377113400 1138 6106 2983 15961
1377111600 1694 5393 4882 9872
1377109800 2033 4964 4882 9515
1377108000 630 2590 1563 7066
1377106200 109 1461 410 1986
1377104400 22 1358 25 1442
1377102600 28 1341 48 1416
1377100800 377 1907 1045 3274
1377099000 251 1862 1045 3274
1377097200 1003 4026 4621 17541
1377095400 459 2123 1139 6027
1377093600 819 3581 1808 6882
1377091800 57 747 122 855
1377090000 243 565 1343 645
1377088200 24 563 39 700
1377086400 23 563 33 779
1377084600 32 499 90 536
1377082800 22 496 24 544
1377081000 24 494 39 525
1377079200 23 489 23 520
1377077400 25 491 42 525
1377075600 22 484 25 539
1377073800 25 486 39 539
1377072000 23 492 24 525
1377070200 25 501 40 533
1377068400 22 492 26 542
1377066600 26 496 44 542
1377064800 24 494 40 550
1377063000 34 485 86 529
1377061200 22 535 23 807
1377059400 26 487 44 520
1377057600 22 483 24 503
1377055800 25 492 41 533
1377054000 22 488 25 523
1377052200 24 487 36 550
1377050400 22 493 24 550
1377048600 24 480 37 530
1377046800 22 515 24 592
1377045000 26 499 43 546
1377043200 22 497 24 536
1377041400 33 515 92 603
1377039600 54 705 215 1344
1377037800 274 1988 1152 7797
1377036000 311 1700 787 2931
1377034200 297 1533 634 2054
1377032400 288 1282 1007 3163
1377030600 456 1679 1007 3163
1377028800 207 1190 716 1830
1377027000 511 1587 971 2292
1377025200 494 1594 1003 2140
1377023400 359 1412 600 1812
1377021600 767 4675 1689 14576
1377019800 40 994 96 1121
1377018000 23 1191 45 2358
1377016200 2819 5053 6230 8942
1377014400 366 1559 864 3119
1377012600 449 1559 598 1848
1377010800 395 1475 826 1915
1377009000 411 1626 854 2448
1377007200 203 1234 338 1504
1377005400 123 972 258 1274
1377003600 239 586 1318 723
1377001800 25 489 38 562
1377000000 22 510 25 676
1376998200 34 508 92 541
1376996400 22 500 24 552
1376994600 25 493 38 541
1376992800 22 491 23 549
1376991000 25 490 40 520
1376989200 21 497 24 537
1376987400 24 497 41 542
1376985600 33 494 90 538
1376983800 26 498 44 537
1376982000 22 489 24 537
1376980200 24 484 38 533
1376978400 22 491 24 533
1376976600 33 492 89 543
1376974800 22 488 23 543
1376973000 24 532 39 779
1376971200 24 495 41 549
1376969400 24 484 39 517
1376967600 22 516 24 637
1376965800 25 496 42 522
1376964000 22 493 24 517
1376962200 25 494 42 545
1376960400 22 502 23 546
1376958600 25 495 41 667
1376956800 22 612 24 740
1376955000 35 568 109 725
1376953200 179 806 348 998
1376951400 307 1265 986 2586
1376949600 707 2558 1169 5946
1376947800 862 7283 2629 33651
1376946000 1161 7459 3690 36237
1376944200 842 2537 2780 14064
1376942400 1081 4107 2780 14064
1376940600 2179 19669 7605 86918
1376938800 195 1088 602 1732
1376937000 2605 26252 12016 140364
1376935200 743 1952 3578 7119
1376933400 34 789 90 909
1376931600 23 821 34 1038
1376929800 61 950 174 1084
1376928000 55 1012 123 1236
1376926200 82 936 665 1689
1376924400 244 1188 665 1689
1376922600 1834 14647 5132 46508
1376920800 366 2186 1308 6665
1376919000 53 732 114 898
1376917200 178 532 956 703
1376915400 26 562 40 821
1376913600 26 494 37 597
1376911800 33 464 90 506
1376910000 22 458 24 491
1376908200 23 454 39 503
1376906400 22 456 24 504
1376904600 24 454 41 498
1376902800 22 457 24 497
1376901000 26 445 42 487
1376899200 22 454 26 482
1376897400 25 459 39 482
1376895600 22 455 90 490
1376893800 37 463 90 509
1376892000 24 453 37 487
1376890200 32 461 88 493
1376888400 22 449 23 488
1376886600 26 446 45 481
1376884800 22 456 23 500
1376883000 26 452 42 498
1376881200 21 451 26 490
1376879400 24 449 39 475
1376877600 22 457 24 490
1376875800 26 458 44 503
1376874000 23 453 24 503
1376872200 23 445 38 487
1376870400 22 458 23 485
1376868600 32 465 92 499
1376866800 22 445 24 491
1376865000 25 457 41 481
1376863200 21 457 24 477
1376861400 24 452 38 493
1376859600 22 461 25 494
1376857800 24 462 38 497
1376856000 22 457 24 483
1376854200 23 461 38 504
1376852400 27 444 55 493
1376850600 24 457 39 506
1376848800 22 457 24 500
1376847000 34 460 93 494
1376845200 22 452 24 493
1376843400 25 498 41 687
1376841600 22 452 24 484
1376839800 25 459 40 499
1376838000 25 469 44 499
1376836200 25 452 39 490
1376834400 22 456 23 489
1376832600 36 467 86 494
1376830800 183 472 992 552
1376829000 26 456 42 493
1376827200 22 451 23 483
1376825400 34 458 91 496
1376823600 22 448 24 480
1376821800 26 454 43 498
1376820000 22 453 23 494
1376818200 23 446 36 489
1376816400 22 449 24 489
1376814600 24 450 39 482
1376812800 22 451 24 476
1376811000 25 460 42 492
1376809200 22 448 24 491
1376807400 25 448 41 484
1376805600 22 450 25 487
1376803800 33 460 87 505
1376802000 22 448 24 481
1376800200 24 451 41 480
1376798400 22 463 23 498
1376796600 23 450 39 481
1376794800 22 456 25 498
1376793000 24 454 37 487
1376791200 22 457 23 488
1376789400 24 458 38 493
1376787600 22 456 24 488
1376785800 23 462 37 510
1376784000 22 449 24 491
1376782200 33 459 91 514
1376780400 22 449 25 477
1376778600 25 452 39 488
1376776800 22 455 24 494
1376775000 24 458 39 495
1376773200 22 449 25 490
1376771400 24 451 39 496
1376769600 22 449 24 491
1376767800 24 455 36 510
1376766000 22 458 23 494
1376764200 24 461 39 492
1376762400 22 452 23 485
1376760600 32 455 89 523
1376758800 25 462 42 495
1376757000 23 449 36 484
1376755200 21 454 24 485
1376753400 23 458 36 496
1376751600 22 458 25 496
1376749800 24 459 39 490
1376748000 22 461 24 506
1376746200 34 461 84 494
1376744400 249 470 1393 511
1376742600 23 452 37 495
1376740800 22 457 24 497
1376739000 34 462 96 508
1376737200 32 474 90 538
1376735400 26 458 44 503
1376733600 22 458 24 499
1376731800 26 457 42 499
1376730000 22 450 24 465
1376728200 25 446 39 482
1376726400 23 440 23 488
1376724600 27 473 45 530
1376722800 22 447 23 475
1376721000 26 459 41 495
1376719200 23 461 24 488
1376717400 34 465 91 509
1376715600 22 446 26 509
1376713800 25 447 41 490
1376712000 22 460 26 499
1376710200 27 466 45 515
1376708400 22 460 24 497
1376706600 23 457 38 498
1376704800 22 465 24 497
1376703000 26 461 44 489
1376701200 22 455 24 511
1376699400 25 470 39 513
1376697600 22 477 25 513
1376695800 88 639 250 924
1376694000 1392 4626 7336 26749
1376692200 2361 6595 7336 26749
1376690400 1056 3295 3030 9157
1376688600 89 1162 511 1473
1376686800 309 1134 511 1399
1376685000 151 939 479 1451
1376683200 1029 4386 2514 10629
1376681400 1061 4330 2041 8565
1376679600 2571 6942 8007 10975
1376677800 2110 5419 8007 13591
1376676000 93 1005 746 1990
1376674200 164 1084 746 1990
1376672400 195 1226 1055 3069
1376670600 1004 5554 2451 22382
1376668800 977 2874 2561 4582
1376667000 354 1262 860 1850
1376665200 1276 14774 5344 74319
1376663400 275 1668 1115 5441
1376661600 560 2594 1115 5441
1376659800 42 722 78 816
1376658000 258 598 1425 797
1376656200 28 617 44 910
1376654400 23 500 27 532
1376652600 26 495 41 553
1376650800 24 499 26 544
1376649000 28 500 44 529
1376647200 26 502 27 552
1376645400 28 496 45 575
1376643600 26 501 28 575
1376641800 27 533 38 620
1376640000 32 503 77 538
1376638200 28 525 47 623
1376636400 32 509 61 585
1376634600 25 513 44 558
1376632800 22 511 23 543
1376631000 37 511 94 556
1376629200 24 508 41 533
1376627400 26 591 44 891
1376625600 22 496 25 524
1376623800 26 516 42 550
1376622000 22 498 24 546
1376620200 24 510 38 536
1376618400 29 499 73 544
1376616600 24 498 39 556
1376614800 22 503 24 547
1376613000 25 526 42 691
1376611200 22 526 23 590
1376609400 118 662 1352 1257
1376607600 2850 7889 4511 31784
1376605800 1425 10661 3884 31784
1376604000 143 1138 374 1550
1376602200 602 2313 1590 6593
1376600400 406 2473 5443 68290
1376598600 3738 48903 5988 79788
1376596800 4687 61335 7889 104013
1376595000 4206 52055 6004 80196
1376593200 1418 13687 5410 71691
1376591400 589 5260 1771 21077
1376589600 145 1280 581 2384
1376587800 42 966 66 1153
1376586000 36 1048 788 4162
1376584200 283 1786 788 4162
1376582400 255 1370 529 1806
1376580600 442 1845 915 2806
1376578800 685 2429 1809 6460
1376577000 561 1800 1225 2593
1376575200 157 1267 581 1874
1376573400 36 771 86 976
1376571600 361 605 2051 805
1376569800 24 515 41 572
1376568000 23 509 26 554
1376566200 23 566 36 887
1376564400 22 522 23 552
1376562600 25 507 39 554
1376560800 22 515 26 546
1376559000 27 522 56 579
1376557200 22 510 24 553
1376555400 24 506 39 550
1376553600 30 548 71 666
1376551800 24 534 39 568
1376550000 32 524 90 593
1376548200 23 525 38 562
1376546400 22 518 23 558
1376544600 23 541 40 970
1376539200 21 523 38 572
1376532000 24 527 71 574
1376524800 421 3744 11719 133023
1376517600 1575 15251 11719 133023
1376510400 226 1195 933 3020
1376503200 437 1579 4668 8582
1376496000 116 775 440 1528
1376488800 0 0 0 0
1376481600 0 0 0 0
1376474400 0 0 0 0
1376467200 0 0 0 0
1376460000 0 0 0 0
1376452800 0 0 0 0
1376445600 5 108 38 500
1376438400 37 638 122 1637
1376431200 506 5129 4920 46888
1376424000 2155 18799 6744 64011
1376416800 974 9188 4976 58264
1376409600 1211 9916 6267 66683
1376402400 48 669 384 1774
1376395200 22 479 38 523
1376388000 82 482 1382 562
1376380800 24 476 78 518
1376373600 22 485 41 804
1376366400 22 469 40 492
1376359200 24 476 77 508
1376352000 2456 18700 13011 92558
1376344800 2266 26553 10861 121778
1376337600 194 1395 813 5925
1376330400 716 5223 3831 37558
1376323200 457 2143 2023 9217
1376316000 97 1054 1073 7661
1376308800 23 523 45 583
1376301600 60 515 931 627
1376294400 26 525 78 589
1376287200 23 525 44 589
1376280000 22 521 42 566
1376272800 24 518 77 609
1376265600 23 512 43 582
1376258400 22 512 40 582
1376251200 26 526 76 597
1376244000 23 525 44 612
1376236800 22 520 44 574
1376229600 28 522 89 620
1376222400 23 509 41 559
1376215200 61 517 959 569
1376208000 25 513 77 565
1376200800 24 517 60 568
1376193600 22 520 42 580
1376186400 25 518 77 567
1376179200 22 514 38 565
1376172000 23 512 44 575
1376164800 24 500 76 568
1376157600 22 511 60 585
1376150400 22 505 36 557
1376143200 28 516 90 581
1376136000 22 503 41 553
1376128800 77 511 1346 636
1376121600 25 518 77 566
1376114400 22 515 37 578
1376107200 22 509 38 581
1376100000 25 532 77 672
1376092800 272 1542 1837 15145
1376085600 116 933 406 1467
1376078400 191 1047 804 2200
1376071200 345 2326 2874 14007
1376064000 408 3811 5919 66744
1376056800 69 852 404 1467
1376049600 22 571 41 818
1376042400 79 551 1410 638
1376035200 25 544 77 584
1376028000 27 573 86 865
1376020800 25 547 41 606
1376013600 28 552 82 616
1376006400 174 784 2770 3492
1375999200 1349 4170 6537 18591
1375992000 279 1648 1744 6690
1375984800 31 980 182 1676
1375977600 1098 4389 9793 31340
1375970400 146 1176 1114 6795
1375963200 22 561 45 655
1375956000 79 552 1388 622
1375948800 27 563 93 978
1375941600 22 547 41 603
1375934400 24 547 58 620
1375927200 262 940 2986 3992
1375920000 134 1012 1272 3565
1375912800 1134 2702 6278 11324
1375905600 60 1013 171 4027
1375898400 137 1659 2003 12596
1375891200 522 2436 4002 19038
1375884000 60 760 521 3448
1375876800 22 406 42 430
1375869600 78 407 1348 464
1375862400 28 405 94 456
1375855200 22 432 40 855
1375848000 22 409 40 443
1375840800 24 412 76 514
1375833600 97 673 670 2641
1375826400 558 1793 4702 8642
1375819200 675 2574 2974 13060
1375812000 418 4189 4648 56100
1375804800 1045 9518 4982 51683
1375797600 54 662 158 1553
1375790400 23 434 42 526
1375783200 73 439 1231 507
1375776000 25 456 76 570
1375768800 21 442 37 779
1375761600 23 435 44 604
1375754400 24 430 77 454
1375747200 51 569 250 945
1375740000 76 1304 175 7988
1375732800 42 1352 118 9884
1375725600 71 1226 357 5125
1375718400 92 1029 240 1332
1375711200 29 916 89 4208
1375704000 22 454 38 588
1375696800 89 443 1635 539
1375689600 28 446 94 500
1375682400 22 440 41 501
1375675200 22 438 43 481
1375668000 24 440 75 501
1375660800 22 445 39 490
1375653600 22 446 42 480
1375646400 24 447 76 487
1375639200 24 439 44 485
1375632000 22 438 45 492
1375624800 27 449 89 495
1375617600 22 435 41 494
1375610400 25 440 99 494
1375603200 36 449 214 534
1375596000 22 434 39 489
1375588800 22 436 42 494
1375581600 25 445 78 495
1375574400 22 444 57 501
1375567200 23 448 44 489
1375560000 25 438 78 486
1375552800 24 655 45 923
1375545600 76 646 1258 929
1375538400 28 445 90 506
1375531200 22 433 41 480
1375524000 26 441 94 484
1375516800 25 444 76 498
1375509600 22 452 38 695
1375502400 22 440 42 488
1375495200 24 439 76 493
1375488000 53 604 325 1088
1375480800 514 3291 5925 63840
1375473600 971 8123 5925 67324
1375466400 421 4315 6506 73333
1375459200 481 2992 3691 33815
1375452000 300 2532 3864 26947
1375444800 23 480 36 526
1375437600 22 484 40 539
1375430400 25 472 78 523
1375423200 23 492 42 807
1375416000 23 473 44 543
1375408800 25 490 78 729
1375401600 127 839 1129 3350
1375394400 1308 13594 4505 56169
1375387200 1180 8819 8276 106085
1375380000 116 1279 868 8936
1375372800 571 3672 3918 51891
1375365600 85 911 797 2727
1375358400 23 452 44 498
1375351200 24 464 42 528
1375344000 28 469 97 751
1375336800 22 455 39 502
1375329600 22 458 41 559
1375322400 25 540 77 656
1375315200 103 804 338 2318
1375308000 121 1398 280 9505
1375300800 705 2431 5745 11287
1375293600 116 1068 617 1696
1375286400 178 1099 1629 1622
1375279200 32 783 123 1790
1375272000 22 483 42 538
1375264800 23 482 41 529
1375257600 25 494 77 536
1375250400 23 499 44 735
1375243200 23 498 41 559
1375236000 24 493 78 543
1375228800 124 803 1193 3633
1375221600 174 1253 1182 3180
1375214400 396 2350 2417 11303
1375207200 85 1593 429 16178
1375200000 151 1058 1487 1820
1375192800 41 1197 233 11906
1375185600 23 478 40 519
1375178400 26 473 85 513
1375171200 25 473 77 517
1375164000 23 478 39 533
1375156800 23 472 42 510
1375149600 25 468 76 516
1375142400 283 1181 2036 8008
1375135200 486 2928 4120 35071
1375128000 1101 4764 3959 30660
1375120800 216 1104 1069 3003
1375113600 872 7601 5189 43034
1375106400 39 743 123 1415
1375099200 33 514 184 757
1375092000 22 495 42 555
1375084800 25 490 77 555
1375077600 22 497 42 572
1375070400 22 492 42 546
1375063200 24 492 77 546
1375056000 23 492 41 552
1375048800 22 489 39 556
1375041600 25 499 78 565
1375034400 23 493 44 544
1375027200 62 497 987 563
1375020000 28 495 88 557
1375012800 23 493 44 559
1375005600 22 494 41 544
1374998400 27 501 93 563
1374991200 23 510 44 669
1374984000 24 493 57 545
1374976800 25 487 76 546
1374969600 23 486 44 546
1374962400 27 495 89 598
1374955200 25 490 77 541
1374948000 24 486 45 537
1374940800 74 490 1268 579
1374933600 28 490 90 550
1374926400 22 484 42 535
1374919200 23 491 44 558
1374912000 24 490 77 528
1374904800 22 496 39 535
1374897600 22 502 44 549
1374890400 25 506 77 586
1374883200 34 560 107 763
1374876000 54 830 147 994
1374868800 176 1257 2139 7544
1374861600 43 827 143 1069
1374854400 116 928 1393 1180
1374847200 35 785 90 1180
1374840000 23 557 44 624
1374832800 22 552 44 628
1374825600 28 563 95 621
1374818400 22 563 43 708
1374811200 24 560 44 640
1374804000 25 555 76 624
1374796800 34 664 167 1159
1374789600 240 1809 1859 9956
1374782400 298 1983 1887 10373
1374775200 201 1092 2900 5380
1374768000 196 1126 1935 3181
1374760800 38 717 130 1339
1374753600 24 506 44 654
1374746400 25 496 108 550
1374739200 25 497 77 575
1374732000 22 514 44 929
1374724800 22 490 42 562
1374717600 26 506 77 547
1374710400 329 2404 2272 21547
1374703200 455 1593 4392 6858
1374696000 177 1191 973 2326
1374688800 532 1850 2476 6119
1374681600 451 1741 2505 5543
1374674400 52 776 260 1583
1374667200 22 490 41 578
1374660000 23 481 45 531
1374652800 24 484 77 541
1374645600 22 506 42 851
1374638400 22 486 44 553
1374631200 25 492 76 548
1374624000 266 2761 2358 29112
1374616800 320 2845 1872 24178
1374609600 443 3517 2556 35619
1374602400 209 1543 1203 9716
1374595200 302 1330 1620 3980
1374588000 39 808 139 2085
1374580800 23 509 45 564
1374573600 25 497 93 550
1374566400 25 509 78 571
1374559200 22 522 40 790
1374552000 23 508 42 585
1374544800 24 524 77 727
1374537600 47 635 136 1280
1374530400 209 1537 1693 8350
1374523200 344 1579 3523 7099
1374516000 134 1050 847 2405
1374508800 434 2905 2587 27834
1374501600 42 688 110 1577
1374494400 22 412 41 449
1374487200 24 416 45 455
1374480000 25 402 78 448
1374472800 23 399 41 423
1374465600 22 410 41 436
1374458400 25 412 76 442
1374451200 22 412 41 436
1374444000 24 411 43 441
1374436800 24 411 77 436
1374429600 22 414 39 440
1374422400 62 413 974 479
1374415200 28 414 90 448
1374408000 23 414 45 439
1374400800 23 415 42 441
1374393600 25 413 77 445
1374386400 22 411 42 438
1374379200 22 404 41 436
1374372000 25 416 77 446
1374364800 22 407 42 438
1374357600 23 416 44 457
1374350400 25 409 77 441
1374343200 22 417 39 456
1374336000 74 401 1282 477
1374328800 27 386 89 422
1374321600 22 387 42 430
1374314400 22 394 39 420
1374307200 27 397 77 425
1374300000 22 386 43 422
1374292800 23 370 44 406
1374285600 25 348 77 383
1374278400 1231 14772 6299 81778
1374271200 968 10740 6072 70555
1374264000 229 1072 2879 3853
1374256800 131 2237 2371 35246
1374249600 346 3410 2159 31449
1374242400 38 630 90 1300
1374235200 23 399 45 542
1374228000 26 393 94 446
1374220800 25 405 76 456
1374213600 23 413 60 663
1374206400 22 385 41 426
1374199200 24 395 77 473
1374192000 575 7978 3289 37076
1374184800 2815 33609 7105 59334
1374177600 2260 19892 6233 42362
1374170400 1182 13762 5621 74858
1374163200 945 3330 5589 27814
1374156000 41 680 146 1251
1374148800 23 448 44 541
1374141600 26 455 95 571
1374134400 24 450 78 559
1374127200 22 453 41 666
1374120000 22 443 41 529
1374112800 37 477 116 621
1374105600 362 1061 3354 5624
1374098400 412 2706 2335 17357
1374091200 1584 22049 4965 58139
1374084000 918 11666 4625 71705
1374076800 1358 17515 5649 71705
1374069600 40 799 125 1415
1374062400 22 543 44 616
1374055200 23 515 44 605
1374048000 25 489 77 579
1374040800 27 493 93 575
1374033600 23 483 41 567
1374026400 24 488 78 587
1374019200 215 1162 1096 6215
1374012000 279 1585 3275 31708
1374004800 1020 5058 6184 31708
1373997600 520 4652 4836 61511
1373990400 339 1449 1717 3641
1373983200 36 626 109 1041
1373976000 24 401 43 457
1373968800 22 395 41 435
1373961600 28 396 85 462
1373954400 22 394 41 436
1373947200 23 406 42 555
1373940000 25 405 77 456
1373932800 122 587 788 1597
1373925600 106 1140 697 4014
1373918400 87 765 227 1164
1373911200 113 865 646 2375
1373904000 154 820 1098 1050
1373896800 33 598 93 1023
1373889600 23 424 44 597
1373882400 23 408 44 467
1373875200 25 416 78 464
1373868000 23 416 44 553
1373860800 23 416 44 465
1373853600 25 414 77 486
1373846400 23 410 44 478
1373839200 22 414 41 480
1373832000 26 418 77 498
1373824800 22 417 41 502
1373817600 63 423 1010 478
1373810400 28 414 90 493
1373803200 23 415 42 498
1373796000 25 416 97 474
1373788800 25 419 77 493
1373781600 22 414 41 487
1373774400 24 428 42 603
1373767200 25 408 76 487
1373760000 22 415 39 486
1373752800 23 419 44 509
1373745600 25 416 77 479
1373738400 23 415 44 494
1373731200 74 419 1280 534
1373724000 28 416 90 486
1373716800 22 418 41 492
1373709600 24 419 58 468
1373702400 28 417 98 501
1373695200 22 417 39 499
1373688000 23 422 43 499
1373680800 25 427 76 506
1373673600 149 870 1420 6558
1373666400 122 1036 1406 5914
1373659200 187 1182 1184 4029
1373652000 60 864 177 1104
1373644800 144 904 1421 1349
1373637600 44 662 119 1387
1373630400 22 430 41 453
1373623200 22 481 39 1499
1373616000 25 430 76 462
1373608800 23 6176 44 138312
1373601600 23 402 42 432
1373594400 25 407 77 444
1373587200 827 9465 3535 44300
1373580000 1607 17399 7564 80990
1373572800 128 938 476 1524
1373565600 586 1915 4491 8715
1373558400 158 932 1495 1170
1373551200 34 662 93 1212
1373544000 23 445 42 633
1373536800 22 429 41 573
1373529600 25 466 77 573
1373522400 23 450 42 487
1373515200 24 449 43 490
1373508000 26 683 77 5441
1373500800 288 2954 1816 25567
1373493600 141 2029 1157 13723
1373486400 1723 19448 4848 64557
1373479200 1435 11587 7616 85944
1373472000 1581 12885 6400 58184
1373464800 43 704 192 1335
1373457600 24 462 41 730
1373450400 22 456 42 608
1373443200 25 451 96 508
1373436000 22 449 41 488
1373428800 23 456 46 487
1373421600 28 463 131 625
1373414400 142 693 1099 1997
1373407200 225 1258 2266 5013
1373400000 263 2704 3946 43676
1373392800 85 949 238 1143
1373385600 162 987 1477 1219
1373378400 36 662 126 1275
1373371200 23 439 44 472
1373364000 23 446 42 475
1373356800 27 452 95 515
1373349600 23 446 41 501
1373342400 24 446 42 472
1373335200 25 449 76 488
1373328000 2249 31400 5527 71685
1373320800 2882 39589 8402 122778
1373313600 1220 15296 5208 74644
1373306400 86 842 271 1127
1373299200 265 1814 1188 10360
1373292000 32 704 93 1389
1373284800 23 421 40 911
1373277600 23 406 43 436
1373270400 25 403 76 430
1373263200 22 406 44 443
1373256000 22 412 44 452
1373248800 25 413 77 454
1373241600 23 416 44 475
1373234400 23 417 44 469
1373227200 24 413 78 457
1373220000 24 412 44 453
1373212800 62 417 972 509
1373205600 28 412 88 452
1373198400 22 416 41 459
1373191200 22 414 43 464
1373184000 25 412 77 445
1373176800 26 415 87 451
1373169600 24 421 44 490
1373162400 28 425 82 459
1373155200 26 420 42 463
1373148000 26 475 44 558
1373140800 29 490 82 547
1373133600 22 483 40 549
1373126400 68 507 1068 640
1373119200 28 494 90 564
1373112000 22 485 44 556
1373104800 23 490 42 535
1373097600 25 496 78 542
1373090400 22 496 39 561
1373083200 22 493 42 552
1373076000 25 493 75 561
1373068800 23 485 43 563
1373061600 30 494 110 591
1373054400 25 493 77 561
1373047200 38 505 120 610
1373040000 64 496 1029 620
1373032800 28 485 93 556
1373025600 22 499 45 572
1373018400 22 484 42 567
1373011200 25 490 76 541
1373004000 22 492 41 557
1372996800 22 486 44 555
1372989600 25 487 77 529
1372982400 22 484 41 553
1372975200 23 493 43 551
1372968000 25 491 77 568
1372960800 23 488 44 531
1372953600 73 508 1247 626
1372946400 28 496 90 558
1372939200 23 492 43 560
1372932000 22 496 42 563
1372924800 24 1373 76 21551
1372917600 22 493 43 568
1372910400 23 488 44 540
1372903200 25 494 77 539
1372896000 30 516 123 605
1372888800 90 691 324 1190
1372881600 115 879 305 1394
1372874400 360 5406 3843 55072
1372867200 531 5892 5124 71341
1372860000 77 741 567 2208
1372852800 23 435 44 475
1372845600 23 438 45 473
1372838400 28 440 146 469
1372831200 22 433 41 476
1372824000 23 433 42 473
1372816800 25 445 77 486
1372809600 448 5046 3632 54045
1372802400 1189 10075 3940 51452
1372795200 1030 8683 6118 87214
1372788000 375 1204 3787 6141
1372780800 843 7043 3733 49995
1372773600 347 3477 4295 46246
1372766400 24 449 44 654
1372759200 23 434 45 461
1372752000 25 427 77 455
1372744800 23 421 43 453
1372737600 24 431 44 476
1372730400 78 581 558 2416
1372723200 1750 16455 6132 75706
1372716000 3754 40684 10180 126517
1372708800 677 2375 4078 7796
1372701600 345 1199 1785 4139
1372694400 291 1143 1281 3297
1372687200 57 653 384 1082
1372680000 24 441 45 690
1372672800 26 412 95 475
1372665600 25 408 77 447
1372658400 23 397 44 438
1372651200 22 411 41 486
1372644000 24 406 77 454
1372636800 22 399 41 425
1372629600 23 402 44 442
1372622400 24 409 76 440
1372615200 22 407 41 443
1372608000 61 414 966 496
1372600800 28 408 89 433
1372593600 23 412 41 449
1372586400 23 412 41 444
1372579200 25 417 77 467
1372572000 26 412 93 457
1372564800 23 398 60 423
1372557600 25 411 77 468
1372550400 22 414 42 463
1372543200 22 472 42 537
1372536000 25 478 77 521
1372528800 23 476 42 521
1372521600 76 492 1360 631
1372514400 28 484 90 552
1372507200 23 486 44 562
1372500000 25 483 93 541
1372492800 25 478 77 546
1372485600 23 482 44 533
1372478400 23 484 43 529
1372471200 25 481 77 531
1372464000 699 4668 4840 51919
1372456800 2571 27187 12083 128538
1372449600 3544 45260 14559 160430
1372442400 1775 20498 5404 69766
1372435200 431 3205 3337 29424
1372428000 105 827 1119 3430
1372420800 23 447 46 800
1372413600 22 440 44 489
1372406400 24 436 77 505
1372399200 23 442 43 471
1372392000 22 444 41 517
1372384800 24 449 77 488
1372377600 2749 32452 6710 82351
1372370400 4630 57696 9238 106514
1372363200 2664 33660 11898 151797
1372356000 97 1156 784 2510
1372348800 935 7610 12220 130471
1372341600 67 874 691 3138
1372334400 23 526 42 609
1372327200 22 739 41 3427
1372320000 24 661 77 3823
1372312800 23 519 42 600
1372305600 23 871 42 6468
1372298400 26 517 81 667
1372291200 491 1673 3683 8241
1372284000 507 4537 4118 56174
1372276800 852 8231 5844 56795
1372269600 1194 9599 10784 75700
1372262400 507 1963 1965 5790
1372255200 41 816 93 1371
1372248000 23 528 44 588
1372240800 22 526 42 591
1372233600 25 524 93 570
1372226400 25 532 93 581
1372219200 24 537 96 598
1372204800 201 1620 7338 64656
1372118400 248 2141 4767 49225
1372032000 23 532 963 735
1371945600 25 539 1361 652
1371859200 205 1503 4339 22697
1371772800 306 1997 9460 62610
1371686400 441 4322 15485 194216
1371600000 496 5124 8232 99945
1371513600 791 8290 13362 159103
1371427200 24 512 985 730
1371340800 24 522 1333 662
1371254400 255 2902 9942 149044
1371168000 290 2662 13245 161509
1371081600 2990 35371 20876 230449
1370995200 116 947 5103 21508
1370908800 303 1455 6078 30063
1370822400 24 497 986 646
1370736000 24 494 1207 601
1370649600 80 1074 1979 26765
1370563200 165 981 4040 8110
1370476800 449 3641 6819 85672
1370390400 162 933 4721 8636
1370304000 256 1564 10890 130030
1370217600 24 488 951 626
1370131200 24 492 1201 664
1370044800 234 1961 3986 55733
1369958400 199 1073 4854 15704
1369872000 395 2036 9114 87536
1369785600 131 1051 4780 33559
1369699200 23 501 971 639
1369612800 24 504 969 643
1369526400 25 511 1171 683
1369440000 158 1568 9380 153815
1369353600 297 2122 10424 131281
1369267200 289 2860 6418 78320
1369180800 180 1954 6328 105231
1369094400 203 1315 5417 34882
1369008000 24 13769 952 3784528
1368921600 25 527 1194 733
1368835200 159 1053 3958 23441
1368748800 257 2657 8234 70572
1368662400 545 5114 10395 91347
1368576000 182 1039 3093 8859
1368489600 232 2774 6084 74457
1368403200 0 491 2 595
1368316800 5 497 76 630
1368230400 335 9996 7368 1016515
1368144000 249 3314 10561 164850
1368057600 624 7923 7437 97949
1367971200 263 1389 6670 28354
1367884800 206 1982 6273 79051
1367798400 23 525 962 677
1367712000 24 526 1380 669
1367625600 396 2364 14682 62227
1367539200 393 4117 9786 126414
1367452800 464 5182 8586 110796
1367366400 221 1626 5931 92244
1367280000 100 895 3285 23412
1367193600 25 488 973 689
1367107200 25 489 1343 617
1367020800 170 929 6412 11923
1366934400 96 815 1382 9190
1366848000 238 1317 5324 54828
1366761600 305 2378 4326 55802
1366675200 517 3194 8199 71805
1366588800 23 552 977 21342
1366502400 29 435 2418 697
1366416000 191 2107 5260 66117
1366329600 349 1484 7744 36360
1366243200 319 2597 9456 74015
1366156800 406 3048 12376 172983
1366070400 316 1664 9042 75034
1365984000 23 550 986 707
1365897600 26 552 1435 715
1365811200 114 933 2198 10880
1365724800 93 960 2597 30409
1365638400 144 1362 3748 33159
1365552000 209 1622 4927 51622
1365465600 90 1046 2488 20479
1365379200 22 645 933 841
1365292800 25 668 1333 842
1365206400 224 1472 5535 31450
1365120000 160 1264 4654 24340
1365033600 251 2731 6548 81279
1364947200 292 2573 11083 161721
1364860800 394 4265 9006 101519
1364774400 23 608 1033 4270
1364688000 32 609 1378 937
1364601600 599 6623 6707 91182
1364515200 169 1016 5544 8724
1364428800 255 2393 5265 69126
1364342400 71 901 1740 12959
1364256000 347 3526 8817 166035
1364169600 23 592 1082 730
1364083200 393 5818 15416 228673
1363996800 609 6350 12676 174717
1363910400 300 3902 5066 70202
1363824000 578 5708 10210 120153
1363737600 344 3346 7396 97344
1363651200 369 2614 6696 77783
1363564800 24 553 931 739
1363478400 26 558 1427 831
1363392000 182 2659 4362 51472
1363305600 324 3402 4273 53360
1363219200 199 1959 4610 91064
1363132800 228 2370 5408 64581
1363046400 448 2402 8557 83393
1362960000 23 1037 933 11715
1362873600 31 1133 1615 14278
1362787200 83 1978 2065 35498
1362700800 298 2624 6942 21061
1362614400 185 2755 4072 111609
1362528000 127 3517 1884 499546
1362441600 160 1676 2631 20722
1362355200 23 796 969 10412
1362268800 28 865 1337 12463
1362182400 100 1701 2929 31000
1362096000 126 1874 4855 17356
1362009600 196 1905 5772 59285
1361923200 125 2012 3680 26131
1361836800 112 1497 4402 19281
1361750400 26 1034 1132 14874
1361664000 41 1257 2382 20558
1361577600 134 10778 4369 1982310
1361491200 169 2414 6347 93487
1361404800 77 1840 4234 42899
1361318400 317 3898 9592 126925
1361232000 24 768 1051 14649
1361145600 24 805 958 13420
1361059200 25 1045 1160 18744
1360972800 105 1819 6673 79719
1360886400 368 3846 7764 93688
1360800000 230 2551 8790 86838
1360713600 173 2129 5573 74881
1360627200 186 1183 3467 16774
1360540800 24 520 940 725
1360454400 24 853 1013 12717
1360368000 26 923 1234 15547
1360281600 37 1476 1411 17000
1360195200 149 2382 6453 56902
1360108800 101 7208 5993 488736
1360022400 234 1678 6775 42527
1359936000 23 611 960 2023
1359849600 26 673 1175 4521
1359763200 40 1591 1401 25011
1359676800 83 2378 2415 99588
1359590400 49 1724 2236 26195
1359504000 128 1707 7222 32842
1359417600 42 1110 1454 14081
1359331200 19 923 758 85855
1359244800 20 963 991 14704
1359158400 650 8141 8262 106505
1359072000 294 1999 5873 24435
1358985600 64 1649 5332 18659
1358899200 107 1525 3064 19123
1358812800 20 600 815 1849
1358726400 19 605 738 1875
1358640000 19 773 948 10763
1358553600 59 1762 2778 20664
1358467200 67 1434 2467 17475
1358380800 50 971 1903 6310
1358294400 101 1294 3810 12163
1358208000 59 1218 2416 18040
1358121600 20 585 802 3007
1358035200 20 577 964 744
1357948800 72 818 5270 8036
1357862400 57 808 4772 7142
1357776000 73 1020 2213 35093
1357689600 194 1055 5405 9215
1357603200 226 1089 6651 16161
1357516800 19 502 779 609
1357430400 20 556 983 8099
1357344000 109 2966 2835 316259
1357257600 125 1370 3047 70921
1357171200 198 1289 6620 26922
1357084800 20 496 916 602
1356998400 99 1168 5387 94243
1356912000 19 488 752 586
1356825600 20 502 986 678
1356739200 123 840 3141 12517
1356652800 108 753 3514 15496
1356566400 64 706 3078 10427
1356480000 19 450 797 556
1356393600 19 455 826 574
1356307200 19 460 761 622
1356220800 20 555 998 25742
1356134400 171 1060 4797 25521
1356048000 73 846 4003 17489
1355961600 70 1803 4070 139978
1355875200 110 762 4628 21181
1355788800 290 2680 9899 107363
1355702400 19 529 780 627
1355616000 22 543 953 2933
1355529600 198 1900 7387 139870
1355443200 202 1605 6074 67413
1355356800 146 1601 7641 139604
1355270400 151 998 4109 12699
1355184000 123 1419 5627 57279
1355097600 19 487 754 605
1355011200 20 490 882 603
1354924800 71 845 2197 9909
1354838400 196 1232 6002 24551
1354752000 254 1577 6502 77575
1354665600 107 947 3252 16771
1354579200 201 1103 4079 18333
1354492800 19 481 748 577
1354406400 20 485 937 843
1354320000 247 2614 9031 168203
1354233600 160 1099 4012 27282
1354147200 175 1091 5242 25353
1354060800 324 1865 8243 60885
1353974400 101 822 5185 8517
1353888000 19 439 770 539
1353801600 20 438 807 560
1353715200 20 438 826 532
1353628800 20 441 822 587
1353542400 68 740 2090 20374
1353456000 133 948 3179 15974
1353369600 160 1212 3732 16827
1353283200 20 522 763 624
1353196800 20 540 889 799
1353110400 139 1809 7751 111688
1353024000 90 842 2222 9065
1352937600 46 912 1104 20774
1352851200 170 1399 5170 72734
1352764800 131 1172 6332 71435
1352678400 23 512 1083 680
1352592000 29 557 1489 5374
1352505600 242 2887 9346 152969
1352419200 74 865 1517 7656
1352332800 98 915 3600 12936
1352246400 221 2556 9602 163971
1352160000 113 833 3206 7566
1352073600 20 498 801 979
1351987200 19 490 897 1061
1351900800 231 1071 6143 9805
1351814400 64 811 1297 5781
1351728000 60 704 1579 4052
1351641600 14 452 827 1016
1351555200 20 495 874 722
1351468800 20 512 787 625
1351382400 20 514 921 666
1351296000 106 990 2593 8521
1351209600 120 1072 3215 17210
1351123200 350 1565 16079 38374
1351036800 107 1077 3128 19787
1350950400 192 1225 6046 10170
1350864000 20 778 780 3846
1350777600 20 786 875 5853
1350691200 67 1026 2412 14867
1350604800 83 1179 5467 28644
1350518400 187 1780 9627 135018
1350432000 160 1829 8633 152666
1350345600 111 1188 3705 18248
1350259200 20 633 781 767
1350172800 34 699 2182 13670
1350086400 126 1593 8320 155512
1350000000 274 1494 7176 36781
1349913600 135 1086 5557 9279
1349827200 134 1050 6691 8692
1349740800 138 1003 7192 8377
1349654400 20 646 794 772
1349568000 20 646 882 822
1349481600 148 1239 3033 15466
1349395200 205 1624 5121 36436
1349308800 131 1158 3992 23987
1349222400 156 1413 3533 38285
1349136000 5 22 998 1849
1349049600 0 0 0 0
1348963200 0 0 0 0
1348876800 0 0 0 0
1348790400 0 0 0 0
1348704000 0 0 0 0
1348617600 0 0 0 0
1348531200 0 0 0 0
1348444800 0 0 0 0
1348358400 0 0 0 0
1348272000 0 0 0 0
1348185600 0 0 0 0
1348099200 0 0 0 0
1348012800 0 0 0 0
1347926400 0 0 0 0
1347840000 0 0 0 0
1347753600 0 0 0 0
1347667200 0 0 0 0
1347580800 0 0 0 0
1347494400 0 0 0 0
1347408000 0 0 0 0
1347321600 0 0 0 0
1347235200 0 0 0 0
1347148800 0 0 0 0
1347062400 0 0 0 0
1346976000 0 0 0 0
1346889600 0 0 0 0
1346803200 0 0 0 0
1346716800 0 0 0 0
1346630400 0 0 0 0
1346544000 0 0 0 0
1346457600 0 0 0 0
1346371200 0 0 0 0
1346284800 0 0 0 0
1346198400 0 0 0 0
1346112000 0 0 0 0
1346025600 0 0 0 0
1345939200 0 0 0 0
1345852800 0 0 0 0
1345766400 0 0 0 0
1345680000 0 0 0 0
1345593600 0 0 0 0
1345507200 0 0 0 0
1345420800 0 0 0 0
1345334400 0 0 0 0
1345248000 0 0 0 0
1345161600 0 0 0 0
1345075200 0 0 0 0
1344988800 0 0 0 0
1344902400 0 0 0 0
1344816000 0 0 0 0
1344729600 0 0 0 0
1344643200 0 0 0 0
1344556800 0 0 0 0
1344470400 0 0 0 0
1344384000 0 0 0 0
1344297600 0 0 0 0
1344211200 0 0 0 0
1344124800 0 0 0 0
1344038400 0 0 0 0
1343952000 0 0 0 0
1343865600 0 0 0 0
1343779200 0 0 0 0
1343692800 0 0 0 0
1343606400 0 0 0 0
1343520000 0 0 0 0
1343433600 0 0 0 0
1343347200 0 0 0 0
1343260800 0 0 0 0
1343174400 0 0 0 0
1343088000 0 0 0 0
1343001600 0 0 0 0
1342915200 0 0 0 0
1342828800 0 0 0 0
1342742400 0 0 0 0
1342656000 0 0 0 0
1342569600 0 0 0 0
1342483200 0 0 0 0
1342396800 0 0 0 0
1342310400 0 0 0 0
1342224000 0 0 0 0
1342137600 0 0 0 0
1342051200 0 0 0 0
1341964800 0 0 0 0
1341878400 0 0 0 0
1341792000 0 0 0 0
1341705600 0 0 0 0
1341619200 0 0 0 0
1341532800 0 0 0 0
1341446400 0 0 0 0
1341360000 0 0 0 0
1341273600 0 0 0 0
1341187200 0 0 0 0
1341100800 0 0 0 0
1341014400 0 0 0 0
1340928000 0 0 0 0
1340841600 0 0 0 0
1340755200 0 0 0 0
1340668800 0 0 0 0
1340582400 0 0 0 0
1340496000 0 0 0 0
1340409600 0 0 0 0
1340323200 0 0 0 0
1340236800 0 0 0 0
1340150400 0 0 0 0
1340064000 0 0 0 0
1339977600 0 0 0 0
1339891200 0 0 0 0
1339804800 0 0 0 0
1339718400 0 0 0 0
1339632000 0 0 0 0
1339545600 0 0 0 0
1339459200 0 0 0 0
1339372800 0 0 0 0
1339286400 0 0 0 0
1339200000 0 0 0 0
1339113600 0 0 0 0
1339027200 0 0 0 0
1338940800 0 0 0 0
1338854400 0 0 0 0
1338768000 0 0 0 0
1338681600 0 0 0 0
1338595200 0 0 0 0
1338508800 0 0 0 0
1338422400 0 0 0 0
1338336000 0 0 0 0
1338249600 0 0 0 0
1338163200 0 0 0 0
1338076800 0 0 0 0
1337990400 0 0 0 0
1337904000 0 0 0 0
1337817600 0 0 0 0
1337731200 0 0 0 0
1337644800 0 0 0 0
1337558400 0 0 0 0
1337472000 0 0 0 0
1337385600 0 0 0 0
1337299200 0 0 0 0
1337212800 0 0 0 0
1337126400 0 0 0 0
1337040000 0 0 0 0
1336953600 0 0 0 0
1336867200 0 0 0 0
1336780800 0 0 0 0
1336694400 0 0 0 0
1336608000 0 0 0 0
1336521600 0 0 0 0
1336435200 0 0 0 0
1336348800 0 0 0 0
1336262400 0 0 0 0
1336176000 0 0 0 0
1336089600 0 0 0 0
1336003200 0 0 0 0
1335916800 0 0 0 0
1335830400 0 0 0 0
1335744000 0 0 0 0
1335657600 0 0 0 0
1335571200 0 0 0 0
1335484800 0 0 0 0
1335398400 0 0 0 0
1335312000 0 0 0 0
1335225600 0 0 0 0
1335139200 0 0 0 0
1335052800 0 0 0 0
1334966400 0 0 0 0
1334880000 0 0 0 0
1334793600 0 0 0 0
1334707200 0 0 0 0
1334620800 0 0 0 0
1334534400 0 0 0 0
1334448000 0 0 0 0
1334361600 0 0 0 0
1334275200 0 0 0 0
1334188800 0 0 0 0
1334102400 0 0 0 0
1334016000 0 0 0 0
1333929600 0 0 0 0
1333843200 0 0 0 0
1333756800 0 0 0 0
1333670400 0 0 0 0
1333584000 0 0 0 0
1333497600 0 0 0 0
1333411200 0 0 0 0
1333324800 0 0 0 0
1333238400 0 0 0 0
1333152000 0 0 0 0
1333065600 0 0 0 0
1332979200 0 0 0 0
1332892800 0 0 0 0
1332806400 0 0 0 0
1332720000 0 0 0 0
1332633600 0 0 0 0
1332547200 0 0 0 0
1332460800 0 0 0 0
1332374400 0 0 0 0
1332288000 0 0 0 0
1332201600 0 0 0 0
1332115200 0 0 0 0
1332028800 0 0 0 0
1331942400 0 0 0 0
1331856000 0 0 0 0
1331769600 0 0 0 0
1331683200 0 0 0 0
1331596800 0 0 0 0
1331510400 0 0 0 0
1331424000 0 0 0 0
1331337600 0 0 0 0
1331251200 0 0 0 0
1331164800 0 0 0 0
1331078400 0 0 0 0
1330992000 0 0 0 0
1330905600 0 0 0 0
1330819200 0 0 0 0
1330732800 0 0 0 0
1330646400 0 0 0 0
1330560000 0 0 0 0
1330473600 0 0 0 0
1330387200 0 0 0 0
1330300800 0 0 0 0
1330214400 0 0 0 0
1330128000 0 0 0 0
1330041600 0 0 0 0
1329955200 0 0 0 0
1329868800 0 0 0 0
1329782400 0 0 0 0
1329696000 0 0 0 0
1329609600 0 0 0 0
1329523200 0 0 0 0
1329436800 0 0 0 0
1329350400 0 0 0 0
1329264000 0 0 0 0
1329177600 0 0 0 0
1329091200 0 0 0 0
1329004800 0 0 0 0
1328918400 0 0 0 0
1328832000 0 0 0 0
1328745600 0 0 0 0
1328659200 0 0 0 0
1328572800 0 0 0 0
1328486400 0 0 0 0
1328400000 0 0 0 0
1328313600 0 0 0 0
1328227200 0 0 0 0
1328140800 0 0 0 0
1328054400 0 0 0 0
1327968000 0 0 0 0
1327881600 0 0 0 0
1327795200 0 0 0 0
1327708800 530 18361 22814 915182
1327622400 64 2054 7784 310895
1327536000 0 0 0 0
1327449600 1433 8360 27085 1048088
1327363200 1865 16821 27085 1048088
1327276800 1609 2483 10086 11616
1327190400 1633 2528 11433 12951
1327104000 16950 47159 4346810 5550001
1327017600 1488 67125 149972 6970352
1326931200 5885 93413 298190 7407436
1326844800 7863 90240 262225 5343114
1326758400 0 0 0 0
1326672000 0 0 0 0
1326585600 0 0 0 0
1326499200 0 0 0 0
1326412800 0 0 0 0
1326326400 0 0 0 0
1326240000 0 0 0 0
1326153600 0 0 0 0
1326067200 0 0 0 0
1325980800 0 0 0 0
1325894400 0 0 0 0
1325808000 0 0 0 0
1325721600 0 0 0 0
1325635200 0 0 0 0
1325548800 0 0 0 0
1325462400 0 0 0 0
1325376000 0 0 0 0
1325289600 0 0 0 0
1325203200 0 0 0 0
1325116800 0 0 0 0
1325030400 0 0 0 0
1324944000 0 0 0 0
1324857600 0 0 0 0
1324771200 0 0 0 0
1324684800 0 0 0 0
1324598400 0 0 0 0
1324512000 0 0 0 0
1324425600 0 0 0 0
1324339200 0 0 0 0
1324252800 0 0 0 0
1324166400 0 0 0 0
1324080000 0 0 0 0
1323993600 0 0 0 0
1323907200 0 0 0 0
1323820800 0 0 0 0
1323734400 0 0 0 0
1323648000 0 0 0 0
1323561600 0 0 0 0
1323475200 0 0 0 0
1323388800 0 66 57 1279
1323302400 26 1250 719 9259
1323216000 23 1283 396 4054
1323129600 23 1308 379 7130
1323043200 20 1055 373 1297
1322956800 19 1061 379 1388
1322870400 2503 78875 109679 4115783
1322784000 2792 111344 151058 6430283
1322697600 918 39398 166995 7101718
1322611200 1653 67590 182041 7744468
1322524800 24 1290 376 6930
1322438400 19 1038 403 1926
1322352000 19 1032 376 2086
1322265600 19 1062 372 7034
1322179200 19 1067 381 8997
1322092800 22 1236 401 7340
1322006400 13 1250 379 9854
1321920000 13 1247 368 7922
1321833600 12 982 378 2025
1321747200 12 982 371 1204
1321660800 14 1228 375 6981
1321574400 14 1232 549 2372
1321488000 20 1292 380 7725
1321401600 22 1241 553 8545
1321315200 22 1226 390 7638
1321228800 22 982 373 1624
1321142400 22 1013 385 6405
1321056000 22 1247 418 4683
1320969600 21 1274 391 7990
1320883200 24 1348 1056 16990
1320796800 21 1183 381 10661
1320710400 21 1072 546 2223
1320624000 20 904 389 1331
1320537600 20 905 540 1269
1320451200 21 1175 378 8375
1320364800 21 1245 393 11436
1320278400 104 4479 9802 327499
1320192000 0 1159 0 2331
1320105600 0 1140 0 2557
1320019200 0 871 0 1485
1319932800 0 868 0 1018
1319846400 0 1105 0 2062
1319760000 0 1059 0 2035
1319673600 0 1132 0 2062
1319587200 0 1111 0 6232
1319500800 0 988 0 1792
1319414400 0 751 0 888
1319328000 0 749 0 871
1319241600 0 908 0 3386
1319155200 0 925 0 1698
1319068800 0 956 0 1848
1318982400 0 902 0 1460
1318896000 0 947 0 10266
1318809600 0 724 0 876
1318723200 0 726 0 843
1318636800 0 994 0 2421
1318550400 0 1061 0 2271
1318464000 0 981 0 2042
1318377600 0 918 0 1741
1318291200 0 901 0 1752
1318204800 0 711 0 826
1318118400 0 701 0 832
1318032000 0 950 0 1962
1317945600 0 1042 0 2049
1317859200 0 1032 0 1868
1317772800 0 939 0 1826
1317686400 0 928 0 1796
1317600000 0 712 0 920
1317513600 0 716 0 857
1317427200 0 858 0 2191
1317340800 0 937 0 2455
1317254400 0 946 0 2044
1317168000 0 912 0 1808
1317081600 0 918 0 2094
1316995200 0 673 0 803
1316908800 0 676 0 830
1316822400 0 896 0 1991
1316736000 0 934 0 2168
1316649600 0 918 0 1913
1316563200 0 905 0 2021
1316476800 0 906 0 2060
1316390400 0 691 0 888
1316304000 0 700 0 929
1316217600 0 826 0 1558
1316131200 0 983 0 2094
1316044800 0 948 0 1861
1315958400 0 872 0 2475
1315872000 0 870 0 2051
1315785600 0 613 0 792
1315699200 0 615 0 796
1315612800 0 762 0 1637
1315526400 0 737 0 2892
1315440000 0 793 0 1991
1315353600 0 738 0 1983
1315267200 0 525 0 630
1315180800 0 523 0 722
1315094400 0 521 0 633
1315008000 0 658 0 1892
1314921600 0 620 0 1167
1314835200 0 614 0 1334
1314748800 0 571 0 1175
1314662400 0 484 0 1706
1314576000 0 283 0 362
1314489600 0 295 0 357
1314403200 14 902 338 13306
1314316800 28 1118 531 22451
1314230400 1606 67084 100395 4750723
1314144000 25 1142 642 15398
1314057600 7193 16673 136415 364107
1313971200 8484 18511 11769 25402
1313884800 15536 33350 38229 80897
1313798400 15691 34813 144302 322757
1313712000 21047 47265 152315 361757
1313625600 86531 171162 248868 524000
1313539200 73575 140580 211939 614811
1313452800 19 812 463 3564
1313366400 13 632 231 1556
1313280000 14 638 188 1369
1313193600 17 1072 402 8184
1313107200 10 876 388 4636
1313020800 12 903 310 4468
1312934400 10 893 230 1812
1312848000 10 905 205 2161
1312761600 9 685 234 1647
1312675200 9 685 229 1614
1312588800 12 1385 1633 54830
1312502400 0 990 332 3488
1312416000 0 938 301 4565
1312329600 27 1709 3794 128484
1312243200 80 3645 11702 482842
1312156800 1 646 217 1524
1312070400 1 661 297 4406
1311984000 1 981 279 4439
1311897600 2 906 289 4400
1311811200 5 908 1759 10970
1311724800 867 23292 17348 523517
1311638400 0 0 0 0
1311552000 0 0 0 0
1311465600 0 0 0 0
1311379200 0 0 0 0
1311292800 0 0 0 0
1311206400 0 0 0 0
1311120000 0 0 0 0
1311033600 0 0 0 0
1310947200 0 0 0 0
1310860800 0 0 0 0
1310774400 0 0 0 0
1310688000 0 0 0 0
1310601600 0 0 0 0
1310515200 0 0 0 0
1310428800 0 0 0 0
1310342400 0 0 0 0
1310256000 0 0 0 0
1310169600 0 0 0 0
1310083200 0 0 0 0
1309996800 0 0 0 0
1309910400 0 0 0 0
1309824000 0 0 0 0
1309737600 0 0 0 0
1309651200 0 0 0 0
1309564800 0 0 0 0
1309478400 0 0 0 0
1309392000 0 0 0 0
1309305600 0 0 0 0
1309219200 0 0 0 0
1309132800 0 0 0 0
1309046400 0 0 0 0
