1377805801 967206821 4277327079
1377805801 3806 5552 3806 5552
1377805502 3431 8381 3431 8381
1377805500 3433 8373 4153 8381
1377805200 4151 6103 4153 6105
1377804900 3977 5861 4087 7102
1377804600 4086 7098 4087 7102
1377804300 4016 6096 4018 6813
1377804000 3781 6806 3784 6813
1377803700 2885 4741 2936 5117
1377803400 2936 5121 3059 6544
1377803100 3057 6541 3059 6544
1377802800 2712 5694 2715 5703
1377802500 2412 4440 2416 4833
1377802200 2417 4844 2617 6628
1377801900 2616 6615 2617 6628
1377801600 2550 4755 2551 5444
1377801300 2421 5449 2563 7168
1377801000 2562 7151 2563 7168
1377800700 2438 4717 2460 4718
1377800400 2460 4420 2483 4465
1377800100 2485 4485 2911 7496
1377799800 2911 7493 2941 7496
1377799500 2939 6818 2941 6826
1377799200 2452 4625 2497 6112
1377798900 2496 6107 2497 6112
1377798600 2324 4646 2424 6054
1377798300 2424 6052 2541 6054
1377798000 2542 5529 2716 5534
1377797700 2717 4864 3058 7153
1377797400 3058 7183 3112 11767
1377797100 3110 11722 3112 11767
1377796800 2909 5041 2982 6106
1377796500 2982 6104 2996 6106
1377796200 2994 5595 2996 5602
1377795900 2749 4686 2863 4972
1377795600 2863 4977 3031 6759
1377795300 3043 6761 4932 7185
1377795000 4918 7179 4932 7185
1377794700 2836 6435 3335 14028
1377794400 3336 14038 3704 17143
1377794100 3699 17065 3704 17143
1377793800 2990 5513 3114 5514
1377793500 3111 5437 3114 5438
1377793200 2744 5374 2745 5583
1377792900 2731 5583 2732 5707
1377792600 2596 6226 4015 83610
1377792300 4009 83347 4015 83610
1377792000 2350 4826 2355 9510
1377791700 1622 9495 2420 9510
1377791400 2419 5040 2420 5809
1377791100 2373 5836 2374 9910
1377790800 2330 9892 2332 9910
1377790500 1974 4659 1975 5513
1377790200 1959 5504 1961 5513
1377789900 1791 4231 1793 8404
1377789600 1383 8599 2086 37687
1377789300 2083 37519 2086 37687
1377789000 1645 12551 1647 12574
1377788700 1110 5838 1111 7549
1377788400 837 7565 839 10080
1377788100 565 10035 567 10080
1377787800 386 3337 387 3340
1377787500 362 4128 5847 182486
1377787200 5833 181335 5847 182486
1377786900 3845 9883 3846 10126
1377786600 3841 10126 3849 10253
1377786300 3868 10254 6797 10436
1377786000 6787 10435 6797 10436
1377785700 3917 10403 3985 10722
1377785400 3984 10721 3985 10722
1377785100 3835 10451 3836 10455
1377784800 3809 9866 3855 10290
1377784500 3855 10289 3878 10290
1377784200 3877 10258 3878 10259
1377783900 3837 10079 3857 10080
1377783600 3857 10065 4013 10231
1377783300 4011 10228 4013 10231
1377783000 3830 9920 3831 9922
1377782700 3815 9539 3913 11310
1377782400 3914 11320 4311 14343
1377782100 4309 14326 4311 14343
1377781800 3942 9433 4012 10555
1377781500 4010 10550 4012 10555
1377781200 3815 9855 3816 9856
1377780900 3811 9761 3951 11370
1377780600 3950 11370 3951 11424
1377780300 3849 11420 4007 11424
1377780000 4006 10486 4007 10489
1377779700 3949 9773 4068 10202
1377779400 4067 10202 4068 10388
1377779100 3826 10386 3875 10388
1377778800 3874 10147 3875 10149
1377778500 3788 9606 3920 9607
1377778200 3919 9585 3920 9615
1377777900 3856 9616 3857 9992
1377777600 3854 9990 3855 9992
1377777300 3798 9720 3855 9721
1377777000 3855 9627 3859 9628
1377776700 3859 9617 3915 9618
1377776400 3914 9547 3915 9780
1377776100 3899 9778 3900 9780
1377775800 3813 9626 3822 9627
1377775500 3822 9509 3844 9510
1377775200 3843 9503 3844 9608
1377774900 3794 9608 3930 9687
1377774600 3929 9686 3930 9687
1377774300 3830 9497 3831 9498
1377774000 3804 9473 3810 9490
1377773700 3810 9490 3842 9523
1377773400 3842 9523 3928 9674
1377773100 3927 9673 3928 9674
1377772800 3820 9543 3880 9623
1377772500 3879 9622 3880 9623
1377772200 3811 9544 3842 9545
1377771900 3842 9522 3844 9672
1377771600 3844 9671 3877 9672
1377771300 3876 9593 3877 9607
1377771000 3843 9605 3844 9607
1377770700 3843 9416 3844 9552
1377770400 3807 9552 3808 9590
1377770100 3807 9589 3842 9590
1377769800 3842 9534 3923 9619
1377769500 3922 9618 3923 9619
1377769200 3828 9569 3864 9585
1377768900 3863 9585 3864 9632
1377768600 3833 9631 3834 9632
1377768300 3807 9616 3852 9617
1377768000 3852 9468 3872 9558
1377767700 3871 9557 3872 9558
1377767400 3836 9546 3837 9558
1377767100 3829 9557 3830 9558
1377766800 3829 9523 3830 9535
1377766500 3807 9534 3859 9535
1377766200 3858 9507 3859 9571
1377765900 3828 9571 3905 9600
1377765600 3904 9600 3905 9757
1377765300 3886 9756 3887 9757
1377765000 3848 9678 3849 9681
1377764700 3806 9347 3879 9658
1377764400 3878 9657 3879 9658
1377764100 3789 9513 3944 9740
1377763800 3943 9739 3944 9740
1377763500 3831 9506 3832 9581
1377763200 3825 9580 3826 9581
1377762900 3808 9515 3861 9553
1377762600 3861 9553 3883 9623
1377762300 3882 9626 3883 10757
1377762000 3858 10752 3859 10757
1377761700 3839 9516 3844 9517
1377761400 3843 9478 3844 9479
1377761100 3790 9464 3859 9693
1377760800 3858 9692 3859 9693
1377760500 3788 9534 3960 9960
1377760200 3959 9958 3960 9960
1377759900 3824 9557 3866 9796
1377759600 3865 9794 3866 9796
1377759300 3828 9585 3838 9586
1377759000 3837 9555 3838 9556
1377758700 3813 9438 4033 9761
1377758400 4031 9759 4033 9761
1377758100 3837 9467 3851 9573
1377757800 3850 9572 3851 9573
1377757500 3792 9500 3834 9501
1377757200 3834 9488 3838 9622
1377756900 3838 9622 3926 9683
1377756600 3925 9681 3926 9683
1377756300 3843 9505 3844 9506
1377756000 3809 9505 3823 9571
1377755700 3823 9570 3852 9571
1377755400 3851 9530 3852 9579
1377755100 3841 9579 3914 9672
1377754800 3913 9671 3914 9672
1377754500 3864 9526 3865 9559
1377754200 3820 9558 3821 9559
1377753900 3815 9525 3857 9540
1377753600 3856 9540 3857 9581
1377753300 3807 9581 3934 9708
1377753000 3933 9707 3934 9708
1377752700 3841 9592 3851 9650
1377752400 3850 9649 3851 9650
1377752100 3812 9521 3813 9533
1377751800 3809 9533 3857 9590
1377751500 3857 9590 3894 9596
1377751200 3893 9595 3894 9596
1377750900 3849 9549 3863 9808
1377750600 3862 9806 3863 9808
1377750300 3821 9566 3835 9590
1377750000 3834 9590 3835 9634
1377749700 3820 9634 3933 9656
1377749400 3932 9655 3933 9656
1377749100 3856 9627 3857 9699
1377748800 3835 9698 3836 9699
1377748500 3829 9597 3840 9598
1377748200 3840 9528 3852 9696
1377747900 3851 9695 3852 9696
1377747600 3830 9580 3960 9624
1377747300 3959 9624 3960 9642
1377747000 3838 9641 3839 9642
1377746700 3832 9591 3843 9640
1377746400 3842 9639 3843 9640
1377746100 3834 9624 3851 9704
1377745800 3850 9703 3851 9704
1377745500 3812 9563 3925 9718
1377745200 3924 9717 3925 9718
1377744900 3821 9555 3854 9585
1377744600 3854 9585 3865 9694
1377744300 3864 9693 3865 9694
1377744000 3810 9592 3849 9593
1377743700 3848 9580 3849 9679
1377743400 3843 9678 3901 9679
1377743100 3900 9632 3901 9633
1377742800 3832 9539 3835 9554
1377742500 3835 9554 3847 9611
1377742200 3847 9611 3883 9620
1377741900 3883 9620 3898 9633
1377741600 3898 9633 3904 9713
1377741300 3903 9712 3904 9713
1377741000 3866 9550 3870 9645
1377740700 3869 9644 3870 9645
1377740400 3850 9558 3861 9559
1377740100 3861 9544 3921 9606
1377739800 3920 9604 3921 9606
1377739500 3827 9431 3855 9576
1377739200 3854 9576 3855 9616
1377738900 3846 9615 3862 9616
1377738600 3862 9589 3866 9590
1377738300 3866 9475 3931 9676
1377738000 3930 9675 3931 9676
1377737700 3854 9564 3855 9565
1377737400 3847 9555 3848 9556
1377737100 3845 9486 3982 9589
1377736800 3980 9588 3982 9589
1377736500 3801 9479 3945 9504
1377736200 3944 9503 3945 9504
1377735900 3821 9494 3837 9536
1377735600 3837 9535 3874 9536
1377735300 3873 9514 3874 9515
1377735000 3852 9468 3853 9469
1377734700 3795 9358 3873 9509
1377734400 3873 9508 3910 9509
1377734100 3909 9480 3910 9481
1377733800 3806 9476 3861 9477
1377733500 3861 9445 3893 13496
1377733200 3892 13469 3893 13496
1377732900 3848 9467 3885 9481
1377732600 3884 9480 3885 9481
1377732300 3866 9255 3867 9298
1377732000 3829 9298 3830 9360
1377731700 3813 9360 3839 9445
1377731400 3838 9442 3839 9445
1377731100 3796 9103 3885 9354
1377730800 3884 9356 3885 9661
1377730500 3842 9659 3845 9661
1377730200 3844 9448 3845 9449
1377729900 3797 9336 3817 9481
1377729600 3817 9481 3863 9729
1377729300 3863 9729 3985 9978
1377729000 3984 9976 3985 9978
1377728700 3753 9453 3791 9492
1377728400 3791 9492 3870 9597
1377728100 3869 9597 3870 9729
1377727800 3864 9726 3865 9729
1377727500 3771 9288 3949 9675
1377727200 3948 9671 3949 9675
1377726900 3760 8572 3761 8575
1377726600 3695 7769 3862 8587
1377726300 3861 8583 3862 8587
1377726000 3702 7521 3703 7522
1377725700 3693 7391 3852 7713
1377725400 3851 7712 3852 7713
1377725100 3702 7649 3733 7666
1377724800 3732 7665 3733 7666
1377724500 3719 7584 3752 7831
1377724200 3753 7856 3923 11730
1377723900 3923 11718 3924 11730
1377723600 3923 8407 3924 11190
1377723300 3840 11188 3861 11190
1377723000 3862 10645 4299 10646
1377722700 4295 10510 4299 10513
1377722400 3850 10329 5016 31907
1377722100 5013 31840 5016 31907
1377721800 4156 11839 4158 13473
1377721500 4004 13471 4507 13473
1377721200 4503 13292 4507 13293
1377720900 4008 13227 4248 16731
1377720600 4249 16739 4708 19236
1377720300 4706 19221 4708 19236
1377720000 4281 14868 4282 14882
1377719700 3992 10739 3993 10745
1377719400 3790 9266 3948 15640
1377719100 3948 15691 4079 23312
1377718800 4079 23284 4124 23312
1377718500 4124 15084 4183 16157
1377718200 4182 16153 4183 16157
1377717900 4085 15021 4098 15022
1377717600 4098 14892 4124 15208
1377717300 4124 15208 4176 15362
1377717000 4175 15360 4176 15362
1377716700 4088 15039 4134 15080
1377716400 4133 15079 4134 15080
1377716100 4084 14878 4085 14883
1377715800 4086 13437 4265 13677
1377715500 4265 13679 4381 14373
1377715200 4380 14377 4381 15081
1377714900 4345 15178 5232 29733
1377714600 5230 29688 5232 29733
1377714300 4669 16317 4671 16325
1377714000 4389 15142 4708 15433
1377713700 4707 15433 4708 15520
1377713400 4608 15520 4900 15736
1377713100 4898 15735 4900 15736
1377712800 4732 15634 4733 15635
1377712500 4507 15414 4662 15653
1377712200 4664 15654 5004 15884
1377711900 5002 15885 5004 16385
1377711600 4582 16376 4584 16385
1377711300 4313 15120 4389 15302
1377711000 4389 15301 4411 15302
1377710700 4410 15005 4411 15006
1377710400 4284 14927 4364 14985
1377710100 4363 14986 4364 15141
1377709800 4360 15139 4361 15141
1377709500 4336 14982 4444 14983
1377709200 4444 14780 4461 15420
1377708900 4461 15421 4548 15746
1377708600 4551 15749 5041 16281
1377708300 5040 16295 5041 18467
1377708000 4921 18466 4923 18467
1377707700 4654 18429 5079 18477
1377707400 5081 18475 5438 18477
1377707100 5433 18278 5438 18279
1377706800 4805 18189 5161 18628
1377706500 5160 18628 5161 18855
1377706200 5134 18847 5138 18855
1377705900 4588 17774 4590 17784
1377705600 4406 16399 4454 16786
1377705300 4453 16783 4454 16786
1377705000 4412 16413 4475 16417
1377704700 4483 16020 5708 46010
1377704400 5698 45793 5708 46010
1377704100 4292 13471 4293 13472
1377703800 4256 13390 4264 13462
1377703500 4263 13467 4264 15238
1377703200 4239 15232 4240 15238
1377702900 4149 13696 4376 14029
1377702600 4375 14025 4376 14029
1377702300 4300 13126 4382 13419
1377702000 4381 13419 4382 13475
1377701700 4277 13477 4380 14334
1377701400 4394 14400 8614 34223
1377701100 8599 34153 8614 34223
1377700800 6429 23903 6439 36166
1377700500 5044 36093 5046 36166
1377700200 4479 14395 4559 19108
1377699900 4558 19102 4559 19108
1377699600 4447 17411 4464 17419
1377699300 4463 15285 4464 15289
1377699000 4397 14814 4444 16765
1377698700 4444 16771 4508 18598
1377698400 4502 18559 4508 18598
1377698100 3729 12825 3767 13262
1377697800 3766 13257 3767 13262
1377697500 3687 12546 3688 15757
1377697200 4180 16366 98106 107120
1377696900 97791 106785 98106 107120
1377696600 3668 6900 4322 35333
1377696300 4321 35437 4322 51062
1377696000 4277 51067 4323 51909
1377695700 4322 51905 4323 51909
1377695400 4239 50899 4240 50957
1377695100 4126 33680 4130 33746
1377694800 3153 14087 4114 32657
1377694500 4112 32627 4114 32657
1377694200 3621 23714 3625 23793
1377693900 3099 12035 3100 12051
1377693600 2869 7524 3097 8024
1377693300 3094 8004 3097 8024
1377693000 2709 5136 2711 5140
1377692700 2436 4570 2437 4747
1377692400 2401 4746 2444 4747
1377692100 2444 4532 2495 5390
1377691800 2494 5383 2495 5390
1377691500 2473 4408 2524 4866
1377691200 2523 4864 2524 4866
1377690900 2420 4378 2421 4379
1377690600 2416 4373 2460 4374
1377690300 2459 4361 2460 4487
1377690000 2451 4486 2511 4487
1377689700 2510 4468 2511 4469
1377689400 2481 4446 2482 4447
1377689100 2449 4368 2450 4369
1377688800 2407 4353 2454 4366
1377688500 2453 4366 2454 4381
1377688200 2450 4381 2508 4389
1377687900 2507 4388 2508 4389
1377687600 2450 4384 2451 4404
1377687300 2421 4404 2439 4438
1377687000 2440 4438 2893 4559
1377686700 2891 4558 2893 4559
1377686400 2428 4380 2448 4438
1377686100 2448 4437 2534 4438
1377685800 2533 4435 2534 4436
1377685500 2428 4419 2429 4420
1377685200 2398 4374 2437 4407
1377684900 2437 4407 2465 4516
1377684600 2464 4515 2465 4516
1377684300 2415 4444 2536 4445
1377684000 2535 4423 2536 4424
1377683700 2416 4266 2417 4450
1377683400 2406 4449 2466 4450
1377683100 2465 4349 2466 4461
1377682800 2440 4460 2441 4461
1377682500 2385 4242 2543 4382
1377682200 2542 4382 2543 4396
1377681900 2449 4395 2450 4396
1377681600 2405 4312 2448 4400
1377681300 2448 4400 2455 4509
1377681000 2454 4508 2455 4509
1377680700 2417 4434 2438 4435
1377680400 2438 4361 2521 4393
1377680100 2520 4392 2521 4393
1377679800 2406 4281 2465 4433
1377679500 2464 4433 2465 4489
1377679200 2433 4488 2434 4489
1377678900 2401 4382 2461 4438
1377678600 2461 4438 2509 4470
1377678300 2508 4469 2509 4470
1377678000 2393 4362 2447 4395
1377677700 2447 4395 2474 4508
1377677400 2473 4507 2474 4508
1377677100 2401 4429 2471 4501
1377676800 2470 4500 2471 4501
1377676500 2408 4378 2511 4379
1377676200 2510 4333 2511 4469
1377675900 2460 4472 2466 5643
1377675600 2465 5635 2466 5643
1377675300 2415 4511 2465 4512
1377675000 2464 4421 2465 4422
1377674700 2435 4410 2484 4554
1377674400 2483 4552 2484 4554
1377674100 2437 4373 2494 4794
1377673800 2493 4792 2494 4794
1377673500 2430 4440 2449 4492
1377673200 2448 4491 2449 4492
1377672900 2436 4420 2507 4474
1377672600 2506 4473 2507 4474
1377672300 2449 4256 2542 4543
1377672000 2541 4542 2542 4543
1377671700 2411 4529 2450 4530
1377671400 2450 4475 2535 4577
1377671100 2534 4576 2535 4577
1377670800 2408 4358 2457 4410
1377670500 2456 4410 2457 4570
1377670200 2442 4569 2443 4570
1377669900 2433 4457 2452 4578
1377669600 2452 4576 2488 4578
1377669300 2487 4345 2488 4540
1377669000 2452 4539 2453 4540
1377668700 2447 4342 2448 4499
1377668400 2410 4499 2423 4581
1377668100 2423 4581 2467 4587
1377667800 2466 4585 2467 4587
1377667500 2412 4384 2515 4559
1377667200 2514 4558 2515 4559
1377666900 2449 4325 2462 4443
1377666600 2461 4442 2462 4443
1377666300 2408 4396 2484 4465
1377666000 2483 4464 2484 4465
1377665700 2478 4336 2479 4541
1377665400 2438 4540 2454 4541
1377665100 2453 4360 2454 4518
1377664800 2449 4517 2450 4518
1377664500 2390 4323 2583 4690
1377664200 2582 4688 2583 4690
1377663900 2410 4322 2411 4340
1377663600 2409 4340 2461 4419
1377663300 2460 4418 2461 4419
1377663000 2434 4361 2435 4446
1377662700 2433 4446 2548 4622
1377662400 2547 4619 2548 4622
1377662100 2419 4286 2450 4404
1377661800 2450 4403 2452 4404
1377661500 2452 4359 2455 4404
1377661200 2455 4404 2494 4497
1377660900 2493 4496 2494 4497
1377660600 2464 4455 2465 4456
1377660300 2398 4385 2430 4424
1377660000 2430 4423 2454 4424
1377659700 2454 4393 2532 4670
1377659400 2531 4669 2532 4670
1377659100 2424 4499 2559 4538
1377658800 2558 4537 2559 4538
1377658500 2413 4445 2470 4545
1377658200 2470 4543 2481 4545
1377657900 2480 4362 2481 4480
1377657600 2432 4480 2515 4568
1377657300 2514 4567 2515 4568
1377657000 2466 4494 2467 4495
1377656700 2419 4403 2420 4404
1377656400 2412 4349 2447 4363
1377656100 2447 4363 2458 4522
1377655800 2458 4522 2468 4562
1377655500 2468 4561 2529 4562
1377655200 2528 4454 2529 4455
1377654900 2425 4330 2452 4367
1377654600 2451 4366 2452 4367
1377654300 2449 4337 2980 4687
1377654000 2976 4685 2980 4687
1377653700 2497 4435 2498 4452
1377653400 2469 4451 2470 4452
1377653100 2406 4357 2452 4442
1377652800 2452 4440 2465 4442
1377652500 2464 4246 2465 4513
1377652200 2461 4512 2499 4513
1377651900 2498 4469 2499 4516
1377651600 2476 4515 2477 4516
1377651300 2404 4368 2448 4433
1377651000 2448 4432 2455 4433
1377650700 2455 4425 2660 4599
1377650400 2658 4597 2660 4599
1377650100 2418 4405 2502 4587
1377649800 2501 4585 2502 4587
1377649500 2418 4395 2419 4439
1377649200 2407 4438 2448 4439
1377648900 2448 4395 2532 4450
1377648600 2531 4449 2532 4450
1377648300 2440 4401 2456 4436
1377648000 2455 4436 2456 4436
1377647700 2411 4435 2422 4436
1377647400 2422 4241 2520 4423
1377647100 2519 4436 2520 6496
1377646800 2454 6489 2455 6496
1377646500 2437 4472 2505 4518
1377646200 2504 4517 2505 4518
1377645900 2406 4371 2434 4389
1377645600 2434 4389 2519 4418
1377645300 2518 4419 2519 4722
1377645000 2496 4721 2497 4722
1377644700 2405 4446 2464 4568
1377644400 2463 4567 2464 4568
1377644100 2409 4430 2425 4571
1377643800 2425 4571 2445 4651
1377643500 2445 4649 2501 4651
1377643200 2500 4471 2501 4763
1377642900 2469 4762 2488 4763
1377642600 2487 4680 2488 4681
1377642300 2445 4675 2446 4676
1377642000 2403 4485 2460 4592
1377641700 2461 4599 2631 5773
1377641400 2630 5771 2631 5773
1377641100 2435 5436 2508 5439
1377640800 2507 4760 2508 5207
1377640500 2533 5286 27634 29036
1377640200 27550 28970 27634 29036
1377639900 2520 9378 2526 9414
1377639600 1775 4143 2211 8267
1377639300 2212 8264 2374 8267
1377639000 2372 7850 2374 11083
1377638700 2101 11052 2105 11083
1377638400 1648 6468 1915 6469
1377638100 1914 6335 1915 6343
1377637800 1732 4012 1733 4848
1377637500 1675 4869 1883 8090
1377637200 1890 8114 2982 11745
1377636900 2983 11753 3500 14368
1377636600 3496 14367 3500 14368
1377636300 2490 14186 5631 17826
1377636000 5619 17788 5631 17826
1377635700 2230 6671 2243 6673
1377635400 2242 6351 2243 6352
1377635100 2107 6204 2324 6780
1377634800 2324 6789 2326 8278
1377634500 2325 8265 2326 8278
1377634200 2296 6444 2297 6446
1377633900 2158 5874 2159 10829
1377633600 2013 10795 3011 10829
1377633300 3011 5838 3241 7419
1377633000 3240 7417 3241 7419
1377632700 3150 6914 3240 7260
1377632400 3239 7255 3240 7260
1377632100 3009 5941 3353 8060
1377631800 3354 8063 3799 9168
1377631500 3797 9168 3799 9284
1377631200 3491 9281 3492 9284
1377630900 3400 8605 3423 11001
1377630600 3422 11013 3423 14873
1377630300 3197 14848 3198 14873
1377630000 2997 7495 3018 7501
1377629700 3014 5972 3018 5977
1377629400 2432 5355 2433 5356
1377629100 2394 5329 2518 5847
1377628800 2516 5844 2518 5847
1377628500 2284 5498 2285 6155
1377628200 2226 6149 2227 6155
1377627900 2214 5390 2215 5394
1377627600 2005 4381 2006 4479
1377627300 1883 4477 1922 4479
1377627000 1921 4122 1922 4143
1377626700 1917 4144 2027 4501
1377626400 2026 4500 2027 4501
1377626100 1991 4205 1993 4207
1377625800 1807 3802 1962 3996
1377624600 1850 3881 1962 3996
1377622800 1851 3796 2257 4903
1377621000 1797 6065 2296 9341
1377619200 2105 5603 2660 10366
1377617400 1295 3751 1721 5195
1377615600 1290 31617 4652 178610
1377613800 1739 5172 2576 12135
1377612000 2468 6455 2737 14568
1377610200 2344 4723 2564 7657
1377608400 2274 3271 2465 3910
1377606600 2242 2885 2460 3329
1377604800 2213 3179 2288 4524
1377603000 2183 2694 2288 2789
1377601200 2172 2734 2296 2789
1377599400 2171 2689 2296 2775
1377597600 2176 2705 2222 2753
1377595800 2178 2685 2270 2819
1377594000 2182 2781 2303 2879
1377592200 2180 2735 2303 2805
1377590400 2200 2832 2314 2885
1377588600 2219 2867 2314 3129
1377586800 2211 2868 2323 3008
1377585000 2223 2853 2323 3004
1377583200 2336 2827 2973 2918
1377581400 2204 2827 2259 2880
1377579600 2213 2823 2264 3140
1377577800 2226 2883 2314 3140
1377576000 2237 3963 2390 9783
1377574200 2215 2797 2311 2846
1377572400 2216 2827 2286 2940
1377570600 2216 2807 2296 2987
1377568800 2207 2815 2259 2851
1377567000 2209 2747 2287 2877
1377565200 2237 2837 2324 2917
1377563400 2209 2832 2317 2901
1377561600 2219 2874 2357 3014
1377559800 2229 2907 2357 3037
1377558000 2233 3351 2439 5852
1377556200 2354 5784 2439 5958
1377554400 2454 6891 2789 10375
1377552600 2847 10359 3922 38647
1377550800 2421 3338 9351 13430
1377549000 4138 12338 9351 36562
1377547200 3199 17411 3623 34754
1377545400 8288 16072 34025 34660
1377543600 1785 6567 3077 14686
1377541800 2325 6652 3455 14985
1377540000 1467 3536 1574 4154
1377538200 1451 3387 1585 4114
1377536400 2125 33269 5454 182088
1377534600 1020 2969 1122 3531
1377532800 1374 4021 2668 8961
1377531000 2882 6458 80371 89353
1377529200 15705 19684 80371 89353
1377527400 2888 4617 3463 4958
1377525600 2876 5593 3463 8153
1377523800 2091 3593 2199 4291
1377522000 2050 3281 2324 3495
1377520200 2071 3374 2324 3657
1377518400 2033 3160 2162 3586
1377516600 2123 3106 2581 3298
1377514800 2021 3173 2079 3310
1377513000 2022 3106 2081 3375
1377511200 2008 3052 2055 3245
1377509400 2026 3082 2093 3252
1377507600 2035 3210 2133 3497
1377505800 2020 3126 2065 3408
1377504000 2028 3359 2057 4424
1377502200 2018 3206 2105 3421
1377500400 2052 3159 2152 3503
1377498600 2021 3118 2082 3390
1377496800 2013 3105 2071 3483
1377495000 2031 3212 2150 3552
1377493200 2023 3235 2160 3609
1377491400 2028 3144 2078 3459
1377489600 2019 3084 2106 3415
1377487800 2036 3180 2116 3469
1377486000 2048 3190 2200 3428
1377484200 2014 3097 2052 3317
1377482400 2015 3072 2136 3432
1377480600 2055 3208 2136 3390
1377478800 2050 3115 2250 3481
1377477000 2021 3099 2141 3507
1377475200 2044 3625 2135 6069
1377473400 2024 3169 2096 3377
1377471600 2010 3083 2158 3423
1377469800 2042 3122 2166 3458
1377468000 2027 3150 2069 3251
1377466200 2045 3169 2189 3490
1377464400 2018 3075 2111 3435
1377462600 2030 3136 2098 3373
1377460800 2031 3162 2082 3283
1377459000 2022 3130 2081 3398
1377457200 2041 3072 2208 3387
1377455400 2017 3115 2071 3363
1377453600 2031 3169 2094 3403
1377451800 2028 3127 2121 3357
1377450000 2028 3173 2165 3542
1377448200 2031 3133 2111 3257
1377446400 2028 3133 2090 3375
1377444600 2033 3103 2107 3315
1377442800 2026 3037 2107 3586
1377441000 2035 3255 2093 3586
1377439200 2016 3106 2156 3396
1377437400 2106 3108 2547 3321
1377435600 2035 3090 2283 3793
1377433800 2072 3251 2283 3793
1377432000 2037 3188 2151 3364
1377430200 2018 3086 2060 3335
1377428400 2013 3086 2045 3458
1377426600 2034 3185 2052 3399
1377424800 2015 3097 2058 3316
1377423000 2015 3060 2079 3346
1377421200 2015 3070 2058 3289
1377419400 2027 3143 2091 3398
1377417600 2020 3108 2096 3500
1377415800 2023 3143 2082 3518
1377414000 2043 3157 2163 3459
1377412200 2032 3143 2136 3423
1377410400 2012 3070 2093 3407
1377408600 2027 3092 2101 3325
1377406800 2033 3152 2134 3346
1377405000 2040 3172 2140 3410
1377403200 2016 3071 2143 3507
1377401400 2016 3060 2100 3251
1377399600 2034 3166 2098 3317
1377397800 2028 3145 2112 3488
1377396000 2013 3052 2121 3249
1377394200 2022 3098 2170 3303
1377392400 2049 3157 2207 3361
1377390600 2021 3105 2085 3397
1377388800 2005 3076 2060 3174
1377387000 2050 3184 2101 3470
1377385200 2027 3171 2071 3352
1377383400 2027 3133 2065 3288
1377381600 2037 3080 2179 3187
1377379800 2032 3133 2153 3412
1377378000 2032 3120 2070 3369
1377376200 2033 3152 2151 3429
1377374400 2033 3461 2128 5116
1377372600 2040 3241 2093 3616
1377370800 2052 3183 2173 3376
1377369000 2019 3084 2128 3379
1377367200 2020 3050 2556 3456
1377365400 2120 3203 2556 3456
1377363600 2045 3201 2131 3433
1377361800 2020 3108 2135 3493
1377360000 2038 3174 2068 3493
1377358200 2046 3225 2094 3395
1377356400 2030 3142 2071 3387
1377354600 2033 3173 2064 3557
1377352800 2034 3148 2118 3273
1377351000 2034 3167 2098 3407
1377349200 2054 3199 2366 3838
1377347400 2078 3209 2366 3838
1377345600 2031 3230 2079 3471
1377343800 2037 3162 2079 3396
1377342000 2019 3088 2101 3452
1377340200 2024 3107 2108 3248
1377338400 2034 3164 2104 3382
1377336600 2029 3141 2109 3349
1377334800 2019 3082 2079 3211
1377333000 2019 3062 2109 3241
1377331200 2042 3212 2118 3454
1377329400 2032 3260 2095 3549
1377327600 2038 3125 2109 3256
1377325800 2023 3145 2113 3419
1377324000 2027 3184 2135 3489
1377322200 2028 3155 2087 3376
1377320400 2024 3157 2129 3562
1377318600 2047 3208 2159 3562
1377316800 2031 3216 2140 3371
1377315000 2029 3117 2164 3558
1377313200 2017 3132 2171 3558
1377311400 2050 3238 2171 3512
1377309600 2027 3142 2144 3328
1377307800 2027 3113 2192 3561
1377306000 2049 3134 2192 3561
1377304200 2052 3207 2176 3449
1377302400 2133 3516 2556 5300
1377300600 2026 3173 2219 3619
1377298800 2059 3342 2219 3764
1377297000 2050 3489 2123 4141
1377295200 2297 14925 3276 89249
1377293400 4762 36322 10124 89249
1377291600 2384 7282 5183 12220
1377289800 2505 33489 5375 179513
1377288000 3673 6577 4617 18160
1377286200 3290 5593 3829 11522
1377284400 2196 4437 2722 7120
1377282600 1991 6304 2082 8272
1377280800 2303 8630 2786 14454
1377279000 2836 7893 3267 14195
1377277200 2804 19444 3267 22425
1377275400 2496 20955 2576 21652
1377273600 2540 21329 2590 23521
1377271800 2525 21063 2587 21346
1377270000 2516 20916 2551 21117
1377268200 2518 21027 2588 21495
1377266400 2509 20826 2631 21243
1377264600 2524 20757 2631 20978
1377262800 2576 20700 2807 21090
1377261000 2560 20765 2807 21090
1377259200 2530 20892 2559 21778
1377257400 2511 20618 2591 20812
1377255600 2493 20579 2606 20812
1377253800 2517 20620 2606 20812
1377252000 2506 20597 2548 20738
1377250200 2508 20651 2573 20776
1377248400 2504 20571 2555 20833
1377246600 2511 20604 2601 20832
1377244800 2518 20626 2577 20777
1377243000 2509 20665 2598 20874
1377241200 2536 20634 2630 20685
1377239400 2507 20629 2596 20768
1377237600 2507 20620 2551 20812
1377235800 2511 20585 2599 20755
1377234000 2516 20654 2567 20790
1377232200 2607 20664 3112 20803
1377230400 2516 20601 2594 20686
1377228600 2516 20626 2561 20762
1377226800 2520 20662 2573 20749
1377225000 2519 20633 2589 20699
1377223200 2512 20541 2542 20736
1377221400 2541 20566 2717 20871
1377219600 2546 20495 2627 20710
1377217800 2523 20608 2568 20711
1377216000 2527 20865 2600 22591
1377214200 2540 20690 2609 20806
1377212400 2528 21003 2603 21978
1377210600 2546 20924 2633 21077
1377208800 2581 22372 3200 34768
1377207000 3362 21888 4053 34768
1377205200 2805 13297 7191 184148
1377203400 4209 36834 7191 184148
1377201600 3587 7718 3663 8646
1377199800 3599 7601 3642 7718
1377198000 4260 28126 5267 48308
1377196200 4252 8563 6921 10834
1377194400 3068 8249 3288 11467
1377192600 3256 8185 3848 22735
1377190800 3109 12271 3452 22735
1377189000 2940 8032 3452 10168
1377187200 2831 7299 2931 10372
1377185400 2836 7542 2931 10372
1377183600 2873 7591 3003 8736
1377181800 3088 7229 4389 7512
1377180000 2819 6798 2878 6888
1377178200 2820 6841 2875 7143
1377176400 2828 6728 3111 7353
1377174600 2913 8104 3151 14088
1377172800 2668 4741 2713 7363
1377171000 2643 4083 2714 4122
1377169200 2627 4006 2668 4081
1377167400 2634 4049 2709 4097
1377165600 2623 4049 2681 4168
1377163800 2634 4093 2702 4182
1377162000 2625 4085 2679 4163
1377160200 2721 4100 3114 4126
1377158400 2643 4064 2699 4158
1377156600 2638 4102 2711 4293
1377154800 2661 4140 2821 4332
1377153000 2627 4085 2694 4144
1377151200 2629 4081 2674 4143
1377149400 2641 4092 2719 4160
1377147600 2637 4104 2773 4241
1377145800 2634 4154 2699 4241
1377144000 2637 4075 2718 4169
1377142200 2647 4129 2743 4226
1377140400 2662 4139 2743 4194
1377138600 2643 4124 2744 4197
1377136800 2647 4115 2710 4197
1377135000 2670 4134 2814 4236
1377133200 2671 4138 2790 4221
1377131400 2634 4110 2687 4242
1377129600 2644 4089 2732 4151
1377127800 2642 4226 2731 4531
1377126000 2664 4367 2731 4766
1377124200 2675 4581 2747 4766
1377122400 2639 4548 2683 6400
1377120600 2618 5328 2992 12815
1377118800 2509 12165 2850 26812
1377117000 2267 14402 3050 47306
1377115200 2134 14726 2922 52938
1377113400 1696 6896 2309 11293
1377111600 2644 4726 7939 10756
1377109800 1756 8238 1952 14217
1377108000 2391 32137 3612 87901
1377106200 2015 4380 2263 7370
1377104400 1991 3761 2069 4115
1377102600 1973 3776 2071 3957
1377100800 1659 5375 2071 8905
1377099000 1091 4403 2099 65556
1377097200 1313 14915 2099 65556
1377095400 2052 42202 6173 209643
1377093600 860 13073 1715 62256
1377091800 1747 6747 1984 7521
1377090000 1652 6296 2436 7067
1377088200 1759 6472 2436 7067
1377086400 1645 6269 1718 6595
1377084600 1623 6148 1713 6225
1377082800 1607 6131 1685 6197
1377081000 1624 6205 1685 6275
1377079200 1622 6176 1678 6254
1377077400 1631 6212 1730 6373
1377075600 1615 6178 1690 6219
1377073800 1626 6165 1693 6286
1377072000 1630 6407 1703 7672
1377070200 1630 6231 1679 6375
1377068400 1649 6200 1784 6405
1377066600 1627 6271 1716 6352
1377064800 1625 6191 1716 6304
1377063000 1634 6173 1667 6290
1377061200 1630 6145 1726 6300
1377059400 1637 6214 1698 6300
1377057600 1650 7591 1776 14679
1377055800 1640 6169 1679 6257
1377054000 1620 6150 1658 6218
1377052200 1631 6170 1700 6279
1377050400 1617 6134 1714 6191
1377048600 1639 6200 1748 6494
1377046800 1667 6308 1798 6581
1377045000 1634 6154 1710 6240
1377043200 1625 6210 1669 6342
1377041400 1624 6213 1701 6378
1377039600 7552 381150 13261 742432
1377037800 13180 738839 13306 745796
1377036000 6958 398992 13450 753325
1377034200 13355 729758 13805 733837
1377032400 8594 430811 13252 736278
1377030600 1874 16252 2761 43333
1377028800 1986 3973 2461 5183
1377027000 3503 54011 5627 117248
1377025200 3497 74999 4319 123795
1377023400 2957 52958 4131 123516
1377021600 2400 20937 4357 86070
1377019800 1676 3785 1768 6015
1377018000 1682 3948 2238 6015
1377016200 1524 6395 2238 11702
1377014400 967 5130 1989 40940
1377012600 4109 145725 9382 517999
1377010800 2936 3667 3880 5685
1377009000 3242 6520 3767 10124
1377007200 1777 4715 2088 9400
1377005400 1665 4279 1871 7299
1377003600 1626 3334 1747 3640
1377001800 1654 3398 1737 3640
1377000000 1633 3422 1682 3759
1376998200 1607 3307 1689 3393
1376996400 1616 3340 1723 3391
1376994600 1604 3328 1692 3381
1376992800 1603 3325 1675 3412
1376991000 1602 3312 1657 3538
1376989200 1610 3313 1635 3409
1376987400 1608 3309 1686 3432
1376985600 1612 3577 1693 4936
1376983800 1606 3272 1657 3487
1376982000 1472 2559 1817 4939
1376980200 1368 1791 1448 1933
1376978400 1340 1772 1393 1905
1376976600 1348 1749 1424 1899
1376974800 1345 1715 1381 1891
1376973000 1347 1739 1457 1891
1376971200 1347 1800 1409 2123
1376969400 1376 1797 1592 1891
1376967600 1410 1794 1592 1908
1376965800 1401 1777 1623 2099
1376964000 1364 1743 1441 1971
1376962200 1354 1746 1441 1971
1376960400 1370 1720 1603 1904
1376958600 1409 1762 1603 1904
1376956800 1367 2929 1469 8923
1376955000 1356 1797 1428 2264
1376953200 1368 2169 1411 3657
1376951400 1436 2022 1878 2178
1376949600 1350 2053 1597 2549
1376947800 1744 10669 2119 26786
1376946000 1850 13991 2578 47827
1376944200 2063 42028 6917 243401
1376942400 4717 122289 6979 243401
1376940600 4234 95916 6841 243580
1376938800 2278 4063 2504 6410
1376937000 2302 3923 2504 5120
1376935200 2173 3129 2268 3520
1376933400 2171 2998 2217 3134
1376931600 2208 3277 2272 3951
1376929800 2211 3295 2387 3529
1376928000 2230 3401 2387 4767
1376926200 2196 3223 2326 4808
1376924400 2213 3572 2282 4808
1376922600 2248 4067 2320 6307
1376920800 2397 3588 2675 25187
1376919000 49841 79587 199734 235446
1376917200 2826 43030 5340 146691
1376915400 1499 3880 2043 6537
1376913600 1334 2743 1448 3112
1376911800 1249 2317 1295 2360
1376910000 1258 2292 1352 2693
1376908200 1327 2718 1418 2805
1376906400 1334 2746 1381 2858
1376904600 1275 2431 1400 2666
1376902800 1275 2578 1349 3670
1376901000 1289 2482 1383 2780
1376899200 1338 3106 1430 5044
1376897400 1314 2622 1418 2855
1376895600 1266 2384 1353 2474
1376893800 1266 2281 1353 2681
1376892000 1332 2720 1407 2849
1376890200 1354 2749 1464 2934
1376888400 1278 2435 1314 2764
1376886600 1272 2373 1322 2528
1376884800 1289 2506 1383 2858
1376883000 1344 2902 1419 3728
1376881200 1348 2857 1551 3741
1376879400 1260 2374 1333 2458
1376877600 1263 2310 1335 2768
1376875800 1332 2736 1372 2779
1376874000 1330 2723 1490 2976
1376872200 1393 2462 1814 2976
1376870400 1259 2543 1346 3632
1376868600 1293 2505 1361 2874
1376866800 1337 2756 1420 2874
1376865000 1308 2604 1428 2848
1376863200 1266 2345 1299 2465
1376861400 1255 2324 1365 3496
1376859600 1340 2978 1383 3506
1376857800 1342 2773 1395 2905
1376856000 1265 2381 1371 3019
1376854200 1289 2480 1371 3019
1376852400 1308 2564 1407 2789
1376850600 1352 2754 1426 2800
1376848800 1194 2012 1233 2176
1376847000 1224 2150 1318 2562
1376845200 1269 2412 1309 2581
1376843400 1224 2152 1259 2398
1376841600 1194 2003 1264 2148
1376839800 1214 2182 1277 2882
1376838000 1218 2109 1302 2163
1376836200 1216 2143 1292 2300
1376834400 1210 2111 1242 2266
1376832600 1226 2143 1348 2474
1376830800 1253 2322 1549 2835
1376829000 1278 2261 1549 2835
1376827200 1202 2061 1243 2327
1376825400 1199 1990 1281 2199
1376823600 1211 2132 1297 2312
1376821800 1201 2018 1309 2079
1376820000 1182 2280 1280 3942
1376818200 1197 1982 1280 2188
1376816400 1242 2194 1355 2620
1376814600 1249 2336 1340 2383
1376812800 1224 2153 1262 2349
1376811000 1183 1990 1260 2167
1376809200 1204 2078 1274 2167
1376807400 1210 1971 1274 2108
1376805600 1208 2047 1293 2154
1376803800 1193 2012 1270 2191
1376802000 1212 2228 1302 3191
1376800200 1230 2235 1300 2579
1376798400 1263 2333 1326 2435
1376796600 1316 2172 1761 2435
1376794800 1214 2058 1295 2319
1376793000 1207 2058 1306 2559
1376791200 1187 1995 1281 2109
1376789400 1199 2047 1281 2361
1376787600 1201 1994 1358 2473
1376785800 1217 2056 1358 2473
1376784000 1220 2326 1270 3743
1376782200 1251 2332 1342 2385
1376780400 1259 2256 1316 2442
1376778600 1193 1994 1256 2117
1376776800 1196 1985 1305 2124
1376775000 1205 2016 1322 2179
1376773200 1206 2044 1293 2210
1376771400 1213 2119 1250 2453
1376769600 1198 2013 1256 2149
1376767800 1229 2180 1310 2528
1376766000 1273 2347 1361 2423
1376764200 1242 2114 1361 2342
1376762400 1184 1935 1288 2395
1376760600 1220 2087 1288 2395
1376758800 1214 2102 1330 2418
1376757000 1214 2107 1330 2418
1376755200 1195 1972 1254 2167
1376753400 1214 2092 1308 2719
1376751600 1198 1977 1329 2217
1376749800 1252 2343 1327 2632
1376748000 1268 2420 1327 2632
1376746200 1192 1986 1294 2364
1376744400 1189 1977 2070 3066
1376742600 1363 2236 2070 3066
1376740800 1200 2025 1293 2413
1376739000 1184 1949 1249 2075
1376737200 1180 1967 1304 2116
1376735400 1186 1945 1304 2057
1376733600 1276 2074 1654 2266
1376731800 1232 2209 1273 2359
1376730000 1255 2332 1327 2424
1376728200 1211 2188 1275 3483
1376726400 1270 3418 1362 3483
1376724600 1298 3735 1389 4101
1376722800 1312 4040 2085 4450
1376721000 1418 3923 2085 4450
1376719200 1289 3853 1399 4212
1376717400 1404 4097 1836 4628
1376715600 1331 4211 1407 4489
1376713800 1320 4170 1404 4398
1376712000 1489 4511 1791 5678
1376710200 1427 4967 1495 5072
1376708400 1397 4970 1429 5559
1376706600 1371 4605 1528 4900
1376704800 1353 4518 1527 4944
1376703000 1458 7544 1589 10256
1376701200 1531 9630 1589 10230
1376699400 1386 5072 1563 5690
1376697600 1357 4849 1443 6424
1376695800 1394 4713 1511 4987
1376694000 1452 5121 1512 5253
1376692200 1404 5809 1463 6958
1376690400 1345 6481 1420 6958
1376688600 1811 16088 2655 57574
1376686800 1788 11859 2069 23403
1376685000 1931 10789 2320 14909
1376683200 1702 6248 1795 8871
1376681400 1818 9029 1919 9489
1376679600 2147 23106 2763 51269
1376677800 7095 9262 20724 27328
1376676000 31036 8205 175248 11017
1376674200 1982 5799 2582 8661
1376672400 2072 5191 2718 7608
1376670600 1458 7606 2151 11651
1376668800 1316 4718 1558 5338
1376667000 2150 51732 5245 189439
1376665200 1956 6261 2728 8375
1376663400 2106 5910 2150 6165
1376661600 2105 5863 2153 5967
1376659800 2117 5983 2230 6444
1376658000 2112 5706 2386 6247
1376656200 2160 5854 2386 6247
1376654400 2107 5977 2197 7200
1376652600 2101 5762 2196 5816
1376650800 2120 5789 2286 5998
1376649000 2112 5816 2183 5877
1376647200 2120 5831 2184 5921
1376645400 2203 5904 2618 6000
1376643600 2125 5926 2176 5978
1376641800 2130 5972 2191 6129
1376640000 2142 6076 2184 6249
1376638200 2140 6118 2165 6302
1376636400 2154 6098 2244 6194
1376634600 2183 6169 2244 6229
1376632800 2181 6225 2288 6495
1376631000 2169 6253 2208 6411
1376629200 2192 6218 2249 6519
1376627400 2179 6281 2262 6519
1376625600 2211 6597 2262 7960
1376623800 2218 6344 2268 6423
1376622000 2255 6501 2379 6792
1376620200 2203 6500 2517 7578
1376618400 2278 6719 2517 7578
1376616600 2246 6655 2317 6917
1376614800 2249 6705 2452 7182
1376613000 2286 6791 2452 7190
1376611200 2268 6835 2334 7190
1376609400 2273 6933 2322 7362
1376607600 2294 7169 2329 7458
1376605800 2373 9333 2630 17815
1376604000 2295 7596 2379 8310
1376602200 1919 7750 2519 12851
1376600400 2363 14280 3803 32180
1376598600 1528 7155 1829 7940
1376596800 1563 7019 1829 7215
1376595000 1538 7070 1614 7284
1376593200 1480 7082 1586 7389
1376591400 1441 7128 1586 7235
1376589600 1456 7200 1573 7423
1376587800 1530 7306 1584 7726
1376586000 1566 7248 1655 7593
1376584200 1635 7730 1982 8428
1376582400 1599 8004 1697 9120
1376580600 2000 16374 3151 52746
1376578800 1624 7764 1766 7953
1376577000 2748 38005 599859 186250
1376575200 101530 38079 599859 176492
1376573400 2521 9118 2787 13247
1376571600 2525 7788 2817 8364
1376569800 2572 7963 2817 8364
1376568000 2550 8033 2615 8351
1376566200 2556 8129 2707 8420
1376564400 2611 8374 2707 8577
1376562600 2621 8490 2685 8691
1376560800 2648 8686 2705 8791
1376559000 2662 8826 2827 9143
1376557200 2708 8971 2827 9152
1376555400 2701 9018 2735 9175
1376553600 2769 9659 2877 11330
1376551800 2321 6150 2808 9642
1376550000 2359 6398 2829 8849
1376548200 2720 8901 2829 9116
1376546400 2735 9104 2770 9180
1376544600 2783 9405 2880 9728
1376539200 2847 9859 2969 10363
1376532000 2948 10533 3095 11269
1376524800 3009 11322 3113 13870
1376517600 7425 12595 86019 23932
1376510400 2783 17617 7471 52683
1376503200 2519 20692 3318 37234
1376496000 1156 14761 4866 179773
1376488800 707 3831 7074 31493
1376481600 27 418 53 528
1376474400 28 409 45 503
1376467200 1304 2646 1691 3918
1376460000 1552 3054 1636 4777
1376452800 1544 3073 1672 4777
1376445600 1534 2929 1605 3480
1376438400 1894 19525 6943 315766
1376431200 1951 5013 5453 20683
1376424000 1425 8403 5453 33827
1376416800 884 3609 1331 9261
1376409600 893 10382 1854 28634
1376402400 3758 12203 6988 179241
1376395200 4268 5365 4361 5865
1376388000 4273 5409 4361 6034
1376380800 4285 5578 4370 7623
1376373600 4256 5229 4350 5763
1376366400 4309 5464 4724 5850
1376359200 4308 5474 4545 5954
1376352000 4519 6019 10369 15132
1376344800 3689 7022 5192 14602
1376337600 5456 34225 59948 235699
1376330400 3284 103370 9371 409974
1376323200 2204 52028 8589 348901
1376316000 1681 5044 3064 33747
1376308800 1310 2292 1397 2809
1376301600 1373 3726 1891 20624
1376294400 1364 3942 2195 29796
1376287200 1302 2216 1381 2603
1376280000 1360 3776 1991 23718
1376272800 1322 2317 1429 2903
1376265600 1353 3761 2087 26841
1376258400 1369 3811 2273 32724
1376251200 1316 2262 1409 2832
1376244000 1360 3737 2272 33621
1376236800 1314 2282 1429 2980
1376229600 1375 3718 2410 35307
1376222400 1364 3814 2330 33958
1376215200 1302 2203 1349 2528
1376208000 1366 3803 2046 24775
1376200800 1309 2241 1409 2894
1376193600 1348 3661 2241 31839
1376186400 1369 3815 2060 26548
1376179200 1314 2354 1435 4319
1376172000 1367 3749 2230 28888
1376164800 1319 2287 1375 2693
1376157600 1384 3782 1993 24586
1376150400 1367 3851 2185 29122
1376143200 1307 2239 1369 2728
1376136000 1365 3830 1897 20719
1376128800 1312 2269 1408 2829
1376121600 1352 3699 2371 37668
1376114400 1373 3850 2227 32613
1376107200 1311 2262 1374 2752
1376100000 1360 3834 2431 38105
1376092800 1325 2599 1431 4196
1376085600 1393 4225 2393 37309
1376078400 1367 4272 1902 21191
1376071200 1444 5012 5375 34524
1376064000 3705 10466 4795 56176
1376056800 3674 78042 20953 1062255
1376049600 2557 10612 3393 37657
1376042400 2571 10711 3624 44838
1376035200 2515 9200 2603 10902
1376028000 2567 10638 3613 44738
1376020800 2551 9221 3060 9599
1376013600 2570 10677 3145 29624
1376006400 2581 10912 3445 38949
1375999200 3252 9964 11578 66130
1375992000 2521 10309 3701 28584
1375984800 2802 18412 4607 28501
1375977600 126172 17831 1249498 178119
1375970400 4974 71764 15870 657545
1375963200 4415 11080 4477 11722
1375956000 4421 11168 4547 13861
1375948800 4517 13820 6336 124607
1375941600 4647 18637 6336 124607
1375934400 4568 14399 4688 15838
1375927200 4549 13935 4683 15146
1375920000 4681 14937 4894 16601
1375912800 5054 19014 6862 27135
1375905600 3563 20742 6061 183969
1375898400 197152 17707 1967069 51035
1375891200 318809 17181 3927056 69309
1375884000 2980 42132 10981 473725
1375876800 2142 5968 2658 6296
1375869600 2142 6074 2275 6864
1375862400 2138 6077 2236 6600
1375855200 2092 5745 2192 6237
1375848000 2105 5884 2219 7797
1375840800 2176 6133 2432 6526
1375833600 2549 18049 3870 44499
1375826400 2932 13597 4760 48346
1375819200 4327 9098 38998 40052
1375812000 3945 30228 7925 56583
1375804800 1487 5350 2173 12956
1375797600 2292 13293 6781 178964
1375790400 2306 4087 2398 4654
1375783200 2304 4119 2410 4713
1375776000 2276 3893 2309 5063
1375768800 2318 3952 2439 4899
1375761600 2659 14892 3430 38832
1375754400 2448 9542 3376 38200
1375747200 2590 16198 5788 159985
1375740000 2170 21452 4851 144648
1375732800 3249 52826 4856 145697
1375725600 9529 22910 98739 137132
1375718400 1746 25121 4870 132096
1375711200 2581 13032 6389 187305
1375704000 2330 4348 2429 5160
1375696800 2267 3948 2326 4359
1375689600 2304 4153 2404 4930
1375682400 2326 4284 2431 4985
1375675200 2348 4514 2408 6304
1375668000 2301 4122 2369 4564
1375660800 2338 4323 2390 4708
1375653600 2400 4627 2885 5393
1375646400 2377 4611 2474 5024
1375639200 2368 4577 2617 6045
1375632000 2343 4484 2445 5164
1375624800 2566 12502 3515 42960
1375617600 2653 13386 3684 43519
1375610400 2351 4286 3227 5825
1375603200 2251 3818 2388 4546
1375596000 2279 3989 2324 4206
1375588800 2367 4337 2839 5410
1375581600 2335 4338 2424 4795
1375574400 2313 4355 2406 5261
1375567200 2346 4556 2439 5072
1375560000 2381 4706 2515 5703
1375552800 2316 4302 2366 4717
1375545600 2355 4609 2474 5340
1375538400 2351 4510 2427 4924
1375531200 2321 4333 2425 5084
1375524000 2312 4283 2405 4844
1375516800 2403 4751 2886 5249
1375509600 2382 4672 2541 5790
1375502400 2346 4470 2430 5104
1375495200 2315 4271 2455 5111
1375488000 2453 8049 4354 46341
1375480800 3605 23460 10454 85080
1375473600 2944 6760 3619 14764
1375466400 1801 3559 4967 4055
1375459200 2426 13033 5922 179528
1375452000 2758 9829 2933 11977
1375444800 2827 11717 3370 12813
1375437600 2780 11498 2874 12145
1375430400 2764 11364 2864 12052
1375423200 2802 11557 2945 12512
1375416000 2816 11700 3003 12713
1375408800 2737 11115 2961 11562
1375401600 2781 11646 2880 12417
1375394400 2959 26442 7714 316371
1375387200 1953 4465 2494 9612
1375380000 1797 4306 2291 9612
1375372800 2446 15503 6082 186566
1375365600 3643 10980 4874 32149
1375358400 2990 4582 3171 5357
1375351200 3166 10598 4176 42973
1375344000 3291 15163 4221 43068
1375336800 2972 4333 3028 4805
1375329600 2975 4470 3073 5764
1375322400 2974 4308 3185 5071
1375315200 2996 4613 3251 5585
1375308000 3488 20934 7570 103139
1375300800 2983 21628 8784 298493
1375293600 3134 42764 7117 319314
1375286400 5630 110672 37320 445707
1375279200 1817 56418 7501 347449
1375272000 278 1865 347 3126
1375264800 311 2049 404 2516
1375257600 346 2316 437 2891
1375250400 312 2065 411 2676
1375243200 296 2014 407 3162
1375236000 333 2076 798 2523
1375228800 391 2671 2775 11767
1375221600 2864 12132 4418 71470
1375214400 5483 102747 21890 206773
1375207200 3788 28300 5856 149755
1375200000 4231 60840 10917 247516
1375192800 5103 114623 6792 204687
1375185600 6422 186714 6639 195614
1375178400 6104 167861 6285 177080
1375171200 5821 148913 6221 158919
1375164000 5470 130072 5668 139480
1375156800 5142 110901 5361 120546
1375149600 4811 91604 5005 101500
1375142400 4795 70614 5679 114519
1375135200 3367 22122 3959 67376
1375128000 3758 29871 10231 225194
1375120800 3566 55419 12329 521059
1375113600 3445 42805 12329 521059
1375106400 1695 7681 4071 103526
1375099200 1437 1767 1905 2166
1375092000 1399 1708 1436 1835
1375084800 1400 1825 1453 4038
1375077600 1394 1706 1428 1795
1375070400 1400 1737 1439 1869
1375063200 1396 1728 1429 1865
1375056000 1398 1722 1437 1834
1375048800 1397 1725 1436 1834
1375041600 1401 1732 1482 1905
1375034400 1402 1742 1445 1988
1375027200 1399 1745 1439 1827
1375020000 1420 1757 1902 2535
1375012800 1399 1734 1424 2111
1375005600 1400 1738 1488 1900
1374998400 1530 1862 1747 2120
1374991200 1684 1994 1746 2106
1374984000 1684 1995 1749 2093
1374976800 1684 2006 1757 2153
1374969600 1685 2124 1789 5005
1374962400 1694 2046 1940 2603
1374955200 1689 2019 1817 2144
1374948000 1686 2042 1749 2276
1374940800 1707 2030 2191 2156
1374933600 1685 2043 1753 2958
1374926400 1683 2016 1738 2356
1374919200 1682 1998 1739 2121
1374912000 1683 2000 1740 2131
1374904800 1683 2005 1742 2210
1374897600 1684 2087 1745 3887
1374890400 1686 2035 1762 2156
1374883200 1686 2240 1733 2581
1374876000 1710 2417 2256 2978
1374868800 1695 2495 1791 3349
1374861600 1685 2405 1754 2629
1374854400 1690 2537 1762 5566
1374847200 1685 2258 1743 2883
1374840000 1686 2104 1761 3181
1374832800 1684 2032 1761 2110
1374825600 1682 2031 1732 2151
1374818400 1685 2052 1732 2149
1374811200 1686 2148 1732 3723
1374804000 1683 2068 1735 2150
1374796800 1731 2368 2206 3319
1374789600 1692 2577 1775 3315
1374782400 1694 2737 1791 3315
1374775200 1694 2699 1803 3096
1374768000 1700 2845 1783 5407
1374760800 1694 2382 1740 2945
1374753600 1692 2067 1747 2407
1374746400 1692 2067 1738 2180
1374739200 1693 2130 1739 3801
1374732000 1692 2055 1722 2141
1374724800 1693 2079 1729 2208
1374717600 1714 2091 2204 2328
1374710400 1688 2399 1751 4684
1374703200 1694 2693 1743 3116
1374696000 1700 2780 1783 3324
1374688800 1698 2762 1747 3481
1374681600 1679 2825 1790 5125
1374674400 1694 2522 1790 3479
1374667200 1689 2237 1739 4378
1374660000 1686 2346 1755 2515
1374652800 1685 2341 1741 2648
1374645600 1736 2289 2898 3921
1374638400 1713 2240 1972 2758
1374631200 1728 2253 1929 2508
1374624000 1727 2464 1817 4139
1374616800 1721 2540 1815 2879
1374609600 1743 2593 1993 3025
1374602400 1734 2612 1879 3025
1374595200 1736 2716 1860 4358
1374588000 1731 2316 1864 3059
1374580800 1746 2115 2195 2503
1374573600 1722 2115 1846 2312
1374566400 1728 2206 1870 3790
1374559200 1720 2101 1833 2196
1374552000 1745 2263 1860 2529
1374544800 1755 2334 1899 2529
1374537600 1756 2493 1836 3539
1374530400 1777 3011 1888 3952
1374523200 1780 2828 2078 3228
1374516000 1791 2906 2305 3300
1374508800 1774 2853 1882 4565
1374501600 1745 2404 1998 3155
1374494400 1759 2256 1867 2387
1374487200 1756 2242 1847 2380
1374480000 1774 2397 1896 3225
1374472800 1732 2117 1841 2219
1374465600 1743 2144 1829 2301
1374458400 1743 2131 1851 2301
1374451200 1765 2203 2326 3701
1374444000 1717 2121 1845 2249
1374436800 1758 2160 2042 2660
1374429600 1743 2175 1852 2396
1374422400 1743 2138 1862 2321
1374415200 1744 2179 1946 3167
1374408000 1735 2138 1807 2343
1374400800 1741 2131 1845 2343
1374393600 1750 2154 1879 2338
1374386400 1765 2157 2314 2274
1374379200 1740 2159 1816 2402
1374372000 1744 2156 1896 2402
1374364800 1743 2262 1809 4699
1374357600 1739 2150 1799 2264
1374350400 1757 2217 2034 2634
1374343200 1843 2785 2017 3106
1374336000 1839 2781 1940 2877
1374328800 1842 2849 1938 3606
1374321600 1817 2649 1910 2890
1374314400 1855 2741 2312 2897
1374307200 1841 2767 1964 3006
1374300000 1835 2783 1908 2858
1374292800 1837 2853 1943 4258
1374285600 1844 2775 2019 2980
1374278400 1834 2970 1948 5786
1374271200 1842 3092 1965 3336
1374264000 1832 3165 2106 3589
1374256800 1822 3059 1940 3401
1374249600 1839 3241 2324 4461
1374242400 1843 3029 1936 3687
1374235200 1854 2977 1976 3687
1374228000 1855 2985 1948 3118
1374220800 1869 3080 2048 4607
1374213600 1856 2985 1972 3096
1374206400 1860 3223 2000 6400
1374199200 1860 3002 2007 3153
1374192000 1880 3238 2022 4339
1374184800 2039 4706 2763 14251
1374177600 2209 5256 5019 19252
1374170400 2029 4263 2821 8251
1374163200 2459 16080 13437 180754
1374156000 3079 11660 3353 13812
1374148800 2607 9954 2729 10744
1374141600 2616 10034 2705 10524
1374134400 2641 10232 2936 11966
1374127200 2652 10204 2802 14867
1374120000 2777 14985 2938 17437
1374112800 2793 14912 2947 15255
1374105600 2840 15049 3374 17158
1374098400 2313 13420 3005 17679
1374091200 989 7780 1910 25571
1374084000 3453 42497 14441 412972
1374076800 3148 21488 10433 231555
1374069600 2871 4280 3616 8634
1374062400 2868 3517 2974 3970
1374055200 2910 3844 3008 4061
1374048000 2908 3894 3016 4164
1374040800 2919 3841 3090 4391
1374033600 2929 3892 3485 4271
1374026400 2911 3919 3017 4330
1374019200 2916 4033 3094 5219
1374012000 3296 6847 4501 18450
1374004800 3708 25812 12023 247716
1373997600 3198 7110 4013 13836
1373990400 3923 34378 10726 316705
1373983200 3107 17984 11101 179314
1373976000 2581 3092 2792 4334
1373968800 2561 3031 2620 3116
1373961600 2566 3125 2632 4786
1373954400 2592 3059 3045 3247
1373947200 2572 3095 2686 3855
1373940000 2583 3128 2693 3524
1373932800 2791 8473 5319 67752
1373925600 3782 26693 5319 67752
1373918400 2804 8938 4582 58843
1373911200 2479 4329 3614 21309
1373904000 3248 13834 23536 184188
1373896800 1876 5912 5304 28001
1373889600 1579 2185 2073 3023
1373882400 1552 2133 1647 2289
1373875200 1544 2178 1655 3988
1373868000 1552 2100 1710 2239
1373860800 1547 2104 1656 2347
1373853600 1550 2111 1663 2279
1373846400 1567 2221 1712 4450
1373839200 1550 2119 1635 2389
1373832000 1556 2135 1668 2274
1373824800 1554 2140 1671 2263
1373817600 1572 2154 2015 2603
1373810400 1548 2102 1668 2450
1373803200 1552 2148 1767 2968
1373796000 1541 2070 1651 2214
1373788800 1543 2108 1615 2242
1373781600 1558 2072 1668 2259
1373774400 1583 2105 1872 2256
1373767200 1555 2090 1661 2181
1373760000 1557 2155 1681 3794
1373752800 1551 2033 1681 2155
1373745600 1554 2053 1691 2254
1373738400 1580 2135 2037 2338
1373731200 1545 2120 1600 2668
1373724000 1555 2105 1694 2267
1373716800 1583 2168 2441 3271
1373709600 1550 2093 1639 2623
1373702400 1562 2203 1676 2623
1373695200 1668 2272 2550 3044
1373688000 1601 2292 2507 2834
1373680800 1583 2211 2126 2831
1373673600 1810 2835 2045 4093
1373666400 1672 4506 2131 14460
1373659200 7047 9679 82785 22082
1373652000 2396 14523 4547 35923
1373644800 2089 20410 6970 219192
1373637600 2473 5249 6837 31401
1373630400 1908 2380 2109 3941
1373623200 1897 2261 2066 2831
1373616000 1894 2268 2061 2457
1373608800 1937 2313 2696 3103
1373601600 1953 2356 2563 3481
1373594400 1906 2308 2079 2555
1373587200 1970 3339 2660 12455
1373580000 15709 21568 125283 139398
1373572800 6460 7697 65141 17602
1373565600 6214 70465 30787 234392
1373558400 29147 32806 644742 660803
1373551200 1875 65282 12071 454801
1373544000 27 399 48 455
1373536800 27 435 583 776
1373529600 2476 8423 3079 11689
1373522400 2958 10974 3346 11535
1373515200 2938 10942 3849 12434
1373508000 2955 10814 3849 15298
1373500800 3058 14047 4319 86406
1373493600 2802 14452 7322 22767
1373486400 3212 21011 7037 44881
1373479200 4342 102782 11424 415970
1373472000 3356 16515 5862 164315
1373464800 3635 29116 10480 440809
1373457600 3003 25338 10339 478600
1373450400 2643 5594 2736 7536
1373443200 2658 5675 2833 7565
1373436000 2654 5596 2796 7478
1373428800 2663 5687 2942 7376
1373421600 2666 5644 2827 7330
1373414400 3055 44079 5261 223241
1373407200 2513 48706 6560 290816
1373400000 10898 16854 147408 91131
1373392800 5394 11180 6793 42738
1373385600 4693 25899 10574 233546
1373378400 3556 8320 3863 15558
1373371200 3452 9132 3594 9828
1373364000 3445 9056 3523 9660
1373356800 3490 9211 4283 11620
1373349600 3460 9116 3533 10382
1373342400 3467 9102 3550 10305
1373335200 3462 9154 3601 10656
1373328000 3458 9150 3884 24811
1373320800 4256 35477 7230 66188
1373313600 2611 26838 7437 229237
1373306400 24063 33581 536700 485169
1373299200 1260 2813 2556 6182
1373292000 2468 39531 16742 875280
1373284800 1504 1967 2473 2895
1373277600 1464 1907 1592 1980
1373270400 1459 1920 1558 2167
1373263200 1461 1936 1558 2607
1373256000 1499 1951 1986 2187
1373248800 1464 1915 1556 2047
1373241600 1461 2091 1558 6100
1373234400 1467 1924 1565 2030
1373227200 1464 1921 1565 2024
1373220000 1459 1955 1545 2200
1373212800 1488 1961 1813 2401
1373205600 1459 1918 1567 2051
1373198400 1467 1940 1561 2272
1373191200 1463 1915 1582 2029
1373184000 1488 1936 1948 2398
1373176800 1461 1943 1549 2520
1373169600 1463 1924 1603 2070
1373162400 1460 1916 1557 1996
1373155200 1466 1925 1557 2037
1373148000 1465 1916 1585 2025
1373140800 1468 2031 1582 4409
1373133600 1460 1913 1560 1999
1373126400 1525 2014 2354 3025
1373119200 1458 1928 2024 2034
1373112000 1482 1944 2024 2259
1373104800 1468 1923 1592 2040
1373097600 1463 2046 1555 4565
1373090400 1463 1951 1591 2563
1373083200 1466 1929 1623 2097
1373076000 1467 2010 1543 3240
1373068800 1471 2033 1588 4223
1373061600 1512 1980 2297 2727
1373054400 1471 1937 1546 2035
1373047200 1491 1937 1948 2002
1373040000 1482 2017 1608 3606
1373032800 1479 1970 1590 2345
1373025600 1471 1962 1568 2325
1373018400 1470 1928 1559 2014
1373011200 1474 2027 1566 3620
1373004000 1472 1961 1570 2640
1372996800 1487 1978 1697 2546
1372989600 1474 2011 1546 3244
1372982400 1500 2029 1995 4355
1372975200 1477 1934 1588 2014
1372968000 1473 1931 1566 2062
1372960800 1475 1931 1584 2121
1372953600 1486 2067 1705 3702
1372946400 1486 2019 1561 2655
1372939200 1490 2116 1582 3091
1372932000 1492 2043 1578 2660
1372924800 1493 2067 1608 2998
1372917600 1514 2036 1965 2480
1372910400 1502 2055 1692 2419
1372903200 1489 2015 1556 2215
1372896000 1487 2082 1579 3247
1372888800 2194 4125 6092 18622
1372881600 3765 7505 11096 34863
1372874400 2951 7786 4673 46074
1372867200 3307 28314 9301 72270
1372860000 2868 15853 6374 204555
1372852800 2909 7610 2964 8324
1372845600 2951 7799 3083 7968
1372838400 2948 7812 3532 9301
1372831200 2933 7720 3066 8132
1372824000 2961 8030 3264 14080
1372816800 3111 7991 3332 13818
1372809600 3337 9993 4168 48112
1372802400 2990 10417 4335 64614
1372795200 4804 10143 57488 61578
1372788000 2581 41855 4412 121114
1372780800 1906 11843 3092 43153
1372773600 1585 10210 3598 56432
1372766400 2158 7030 2342 17134
1372759200 2156 6277 2246 7036
1372752000 2157 6811 2362 11731
1372744800 2158 6331 2295 6912
1372737600 2200 6830 2425 11347
1372730400 2144 6179 2244 7065
1372723200 535117 551858 5487056 5622436
1372716000 2181 22122 5006 194729
1372708800 24447 58289 536321 490136
1372701600 5371 119415 13358 570116
1372694400 21819 31924 434750 445534
1372687200 5422 103609 11787 475778
1372680000 3575 42248 19388 892492
1372672800 2822 3748 2927 3883
1372665600 2826 3770 2955 3953
1372658400 2827 3791 2937 4288
1372651200 2847 3811 3215 4209
1372644000 2829 3790 2937 3895
1372636800 2828 3794 2977 3951
1372629600 2852 3792 3357 3915
1372622400 2824 3835 2914 5231
1372615200 2825 3772 2899 4114
1372608000 2833 3778 2944 3935
1372600800 2820 3765 2907 3857
1372593600 2819 3804 2905 4563
1372586400 2829 3790 2995 4008
1372579200 2823 3787 2872 3898
1372572000 2820 3772 2932 3851
1372564800 2888 3820 3755 4642
1372557600 2857 3810 3652 4643
1372550400 2822 3822 2978 5496
1372543200 2827 3763 3051 4006
1372536000 2824 3773 2893 3875
1372528800 2824 3786 2933 4084
1372521600 2833 3789 2966 3974
1372514400 2824 3752 2921 3871
1372507200 2820 3799 2919 4500
1372500000 2824 3734 2936 3875
1372492800 2820 3835 2923 5103
1372485600 2832 3774 3365 3972
1372478400 2832 3784 2996 3984
1372471200 2822 3777 2922 3879
1372464000 2845 4050 2940 5357
1372456800 3109 16507 5106 132595
1372449600 3289 32642 8521 339036
1372442400 2693 5152 2973 10246
1372435200 7898 12389 130089 134917
1372428000 2390 6487 2736 15175
1372420800 2518 8322 2593 8771
1372413600 2563 8345 3021 8540
1372406400 2564 8512 2727 9514
1372399200 2556 8366 2738 8655
1372392000 2567 8455 2700 8596
1372384800 2589 8468 2734 8633
1372377600 2597 8593 2736 9826
1372370400 2633 24687 6019 175404
1372363200 1970 7312 2701 25749
1372356000 1640 4351 13687 15787
1372348800 1340 4902 7796 9967
1372341600 1742 11594 4521 173458
1372334400 1743 4692 1803 5349
1372327200 1750 4635 1844 4780
1372320000 1750 4759 2163 6125
1372312800 1776 4727 2163 5705
1372305600 1757 4745 1958 5797
1372298400 1749 4659 1841 4834
1372291200 1759 4800 1890 5294
1372284000 2210 5140 8734 8633
1372276800 1661 6368 1916 19380
1372269600 1687 5906 2142 10633
1372262400 1837 6748 2976 40027
1372255200 1695 12635 5330 186867
1372248000 1643 4550 1775 5319
1372240800 1645 4469 1795 4541
1372233600 1643 4571 1695 5645
1372226400 1644 4547 1775 4670
1372219200 1655 4568 1874 4891
1372204800 1721 8838 6466 308546
1372118400 2948 8941 9340 335579
1372032000 3491 6422 4000 8522
1371945600 3506 6918 4003 8847
1371859200 4424 20081 28585 992819
1371772800 6678 89889 613351 1021866
1371686400 2198 6824 6253 102629
1371600000 2687 39130 75073 4712808
1371513600 1121 2879 43895 171407
1371427200 30 371 550 2824
1371340800 466 816 1905 4059
1371254400 1259 3594 5249 171771
1371168000 2434 7580 13513 172947
1371081600 2400 6922 198406 204293
1370995200 3448 25835 17444 827228
1370908800 2785 20150 53475 1350618
1370822400 1383 2167 1873 4169
1370736000 1401 2517 1863 4787
1370649600 2055 12644 40823 1092945
1370563200 1749 23970 12172 333641
1370476800 1630 8124 6815 218895
1370390400 2066 14907 197391 167146
1370304000 3999 10672 8640 233065
1370217600 4582 6059 5179 29651
1370131200 4587 6078 5151 29368
1370044800 11000 396987 49945 1742102
1369958400 4760 18431 108806 183998
1369872000 19125 9705 1969796 170750
1369785600 29294 7591 2718768 180457
1369699200 1170 4646 1616 12588
1369612800 1176 4578 1656 6280
1369526400 1180 4623 1742 6934
1369440000 17114 5988 2676585 173627
1369353600 30041 48132 2556214 4721488
1369267200 33947 16015 2771787 346822
1369180800 5709 11739 407370 390875
1369094400 2076 18496 63657 931175
1369008000 726 4428 1795 8299
1368921600 834 6307 1795 12191
1368835200 4953 9721 584249 534118
1368748800 3589 6763 172577 169681
1368662400 43252 39459 2148496 4222288
1368576000 19372 23185 2785671 1756334
1368489600 52053 31226 1757818 3856332
1368403200 4525 13501 5089 16670
1368316800 4930 15708 5403 17735
1368230400 4257 16383 18638 393158
1368144000 7668 22240 91406 280851
1368057600 4338 15550 23104 109478
1367971200 5387 29361 48544 680991
1367884800 4865 22522 32783 263786
1367798400 4093 22983 4792 25998
1367712000 4047 22765 4781 25480
1367625600 2839 20976 12045 247183
1367539200 3888 24966 11912 383478
1367452800 4112 17417 30477 1064044
1367366400 4019 12129 4714 14149
1367280000 4487 17010 39733 259729
1367193600 3966 12589 5575 14313
1367107200 3948 12552 4497 14607
1367020800 5046 66468 30808 148319
1366934400 2417 11423 36315 226148
1366848000 1347 7479 2881 35139
1366761600 2072 10732 10273 232218
1366675200 3667 61557 10578 101674
1366588800 4170 86362 8618 97331
1366502400 3941 86052 4502 88194
1366416000 6242 42589 608942 1669946
1366329600 5058 142054 16727 788758
1366243200 2433 30887 9054 413226
1366156800 2456 23170 21933 967740
1366070400 68033 311901 2682491 3410986
1365984000 4603 10963 6106 12681
1365897600 4579 10841 5172 12559
1365811200 5073 11833 29606 165017
1365724800 4989 44296 540843 553869
1365638400 5663 37153 538521 575791
1365552000 7006 7650 612664 560934
1365465600 2639 17903 55717 1389386
1365379200 2008 5415 2547 24491
1365292800 2015 5476 2521 14574
1365206400 1807 7341 76484 271115
1365120000 1193 5999 1690 8608
1365033600 1733 4002 83565 91613
1364947200 1188 2711 18661 217667
1364860800 2859 6477 104058 52617
1364774400 1797 5207 19683 13288
1364688000 1293 6255 1848 21718
1364601600 1245 7457 10409 224063
1364515200 1182 4817 20701 138740
1364428800 4927 7453 733606 667423
1364342400 1107 6150 6254 93286
1364256000 6566 7355 692989 608765
1364169600 2686 5866 28578 218821
1364083200 1592 3285 2181 5851
1363996800 2041 6060 5355 42242
1363910400 2496 7201 8144 217026
1363824000 2528 9181 9533 226415
1363737600 1783 13723 20520 745761
1363651200 17281 976601 79851 1753132
1363564800 25482 1495928 29693 1510600
1363478400 25065 1490754 38029 1504252
1363392000 7171 266706 36698 1500119
1363305600 2196 5821 43293 254647
1363219200 1224 8322 22568 883394
1363132800 1074 4893 3357 217829
1363046400 1464 5527 49696 42617
1362960000 970 4715 1744 5938
1362873600 1024 7091 10043 528756
1362787200 1795 10897 29610 457946
1362700800 2892 7690 21929 119824
1362614400 3199 8927 11571 216631
1362528000 2549 4986 8213 220622
1362441600 2698 6141 7704 52175
1362355200 2539 5452 3083 7456
1362268800 2586 5796 3492 13244
1362182400 2601 7662 17340 824301
1362096000 1085 3493 78005 216691
1362009600 859 3783 8479 223434
1361923200 1542 2210 2357 43322
1361836800 672 2714 21641 215077
1361750400 139 487 634 2826
1361664000 143 509 596 2956
1361577600 156 682 768 3541
1361491200 157 759 776 6548
1361404800 157 759 611 6361
1361318400 167 875 667 8408
1361232000 145 506 709 2645
1361145600 142 492 799 2144
1361059200 154 539 1024 3515
1360972800 171 745 2565 2242
1360886400 1710 6693 28528 76983
1360800000 1982 33466 12395 215398
1360713600 2494 12356 37428 255565
1360627200 2008 10212 10269 26412
1360540800 2198 10337 2664 11283
1360454400 2224 10772 3062 67372
1360368000 2614 7001 55900 19902
1360281600 2216 11020 46693 243819
1360195200 1797 8884 35382 46554
1360108800 5986 7571 879105 215326
1360022400 3072 6799 4912 87170
1359936000 2926 4256 3601 5470
1359849600 2935 4299 3716 5975
1359763200 4767 125680 40455 213499
1359676800 1955 31192 9659 213626
1359590400 1459 36409 103443 3141318
1359504000 515 4805 6237 52011
1359417600 4263 10654 432903 397716
1359331200 353 4224 819 5435
1359244800 396 4277 1555 6774
1359158400 2493 7988 40211 387696
1359072000 3131 15779 34694 537157
1358985600 7749 14966 763831 694653
1358899200 2852 12075 32305 191435
1358812800 2463 10780 3002 12108
1358726400 2466 10808 2956 11774
1358640000 2467 10853 3451 21678
1358553600 6416 139579 174550 251248
1358467200 2948 6665 128269 118835
1358380800 2493 16778 10093 205965
1358294400 2898 12761 96088 838712
1358208000 4536 64227 586871 926014
1358121600 545 925 996 2167
1358035200 569 1614 2372 51471
1357948800 937 6197 5315 52315
1357862400 1684 4224 86378 147736
1357776000 1284 5548 14116 73864
1357689600 1583 7898 10325 23832
1357603200 3242 26043 598978 2973948
1357516800 164 470 713 1642
1357430400 173 486 900 2288
1357344000 874 2881 4080 73963
1357257600 1465 6769 9775 296333
1357171200 1790 31251 12453 327622
1357084800 1018 1559 1555 3478
1356998400 1070 1945 1585 8344
1356912000 1069 1846 1688 3604
1356825600 1067 1847 1663 3078
1356739200 1073 1971 1633 4113
1356652800 1076 1977 1615 4656
1356566400 1071 1910 1544 8396
1356480000 1069 1846 1538 3293
1356393600 1069 1835 1503 3550
1356307200 1065 1816 1533 4464
1356220800 1068 1842 1523 4224
1356134400 1536 4044 11642 164803
1356048000 2828 6995 4831 131128
1355961600 3126 9900 4721 38875
1355875200 2818 11696 3999 42634
1355788800 2125 6493 412455 521318
1355702400 97 403 657 3582
1355616000 101 428 583 2516
1355529600 489 1256 11488 13231
1355443200 1920 7366 5994 57793
1355356800 3916 88639 363723 396166
1355270400 6257 236751 9405 402375
1355184000 4873 111936 21719 1141307
1355097600 3799 21961 4317 24014
1355011200 4304 23314 5466 32467
1354924800 8336 146641 488720 391346
1354838400 5309 54343 397897 369088
1354752000 3990 8139 501012 451622
1354665600 1488 6042 13949 216512
1354579200 5967 19181 513724 2286688
1354492800 1425 4436 1900 18228
1354406400 1434 4459 1886 18296
1354320000 2327 8815 49341 698754
1354233600 1503 5156 11159 164356
1354147200 1831 15208 197502 2521604
1354060800 631 3450 5400 16380
1353974400 1020 3772 27794 26794
1353888000 902 2922 1385 5652
1353801600 899 2930 1341 6978
1353715200 900 2934 1327 5462
1353628800 901 2985 1366 20270
1353542400 844 6489 16060 620499
1353456000 1645 3480 3632 50494
1353369600 1186 19951 80745 5143089
1353283200 387 631 1097 3126
1353196800 388 645 892 3483
1353110400 1847 3709 4765 109539
1353024000 1439 5444 7742 288199
1352937600 1510 16522 10625 335480
1352851200 1078 1879 49365 55858
1352764800 1917 3568 15886 17262
1352678400 2069 3528 3176 17205
1352592000 2064 3534 2524 17336
1352505600 2356 7961 5351 85636
1352419200 7108 10570 1063144 960250
1352332800 1583 4888 5391 163108
1352246400 1512 9957 37962 781400
1352160000 943 4898 43717 556529
1352073600 404 643 834 1225
1351987200 407 650 1246 2388
1351900800 417 744 2863 4161
1351814400 7974 11234 623010 562838
1351728000 637 20286 50265 1883383
1351641600 179 533 1238 3326
1351555200 468 701 24595 29227
1351468800 460 400 35825 3857
1351382400 96 370 620 2974
1351296000 2108 28322 103096 6157213
1351209600 1320 6264 6074 190195
1351123200 1659 8004 49901 402108
1351036800 2300 23750 11042 474287
1350950400 1906 9328 14060 251274
1350864000 1413 5722 1844 8918
1350777600 1418 5758 1846 7510
1350691200 1019 6625 13061 146273
1350604800 888 16445 48055 2963875
1350518400 1471 2827 18422 69910
1350432000 5614 8058 705389 646863
1350345600 1495 42191 162449 10292256
1350259200 361 551 16355 2952
1350172800 146 424 719 1562
1350086400 633 16040 48878 2118675
1350000000 924 4733 13619 94365
1349913600 940 4030 25679 153437
1349827200 1820 6697 18705 101489
1349740800 1144 5648 21158 794338
1349654400 920 1154 1354 3989
1349568000 924 1172 1683 3881
1349481600 1506 3248 16849 77064
1349395200 2119 8855 30459 129345
1349308800 1503 3419 3971 20811
1349222400 1688 7765 20144 517327
1349136000 835 3090 5024 104840
1349049600 792 1037 10297 24390
1348963200 475 758 908 3234
1348876800 1619 6923 5902 40547
1348790400 1474 6087 8708 154616
1348704000 630 5853 7898 180247
1348617600 711 1693 6994 19508
1348531200 840 4469 5381 92887
1348444800 461 689 17001 10882
1348358400 896 1386 19215 98953
1348272000 1698 4828 15955 87762
1348185600 1718 11079 4758 99072
1348099200 1582 5743 4135 64910
1348012800 1978 22279 78007 4872465
1347926400 3465 7455 587371 534476
1347840000 1109 1438 1797 6654
1347753600 1102 1437 1543 3985
1347667200 1588 4479 10474 61209
1347580800 1079 2494 8198 40705
1347494400 3289 100880 161395 7923022
1347408000 1222 7865 12908 65527
1347321600 6000 11340 779925 705624
1347235200 672 2069 1123 4468
1347148800 671 2075 1179 4816
1347062400 711 2249 9297 27194
1346976000 1072 21414 7628 104893
1346889600 2306 41554 27803 293080
1346803200 3765 117385 224375 12248221
1346716800 1380 2001 1842 4881
1346630400 1637 2491 2094 4865
1346544000 1634 2504 2039 5180
1346457600 2187 12103 32753 161745
1346371200 5574 176260 58298 440312
1346284800 2835 56627 36905 1773916
1346198400 958 15058 9630 147940
1346112000 377 6506 53985 133905
1346025600 74 406 558 1783
1345939200 76 431 824 5714
1345852800 124 1698 1113 15958
1345766400 923 24277 30376 1607958
1345680000 224 801 1009 5081
1345593600 219 4511 3482 74070
1345507200 467 4286 4824 119606
1345420800 75 317 559 1664
1345334400 77 338 599 2904
1345248000 128 1188 1189 37203
1345161600 1301 12548 13089 538426
1345075200 3493 17738 158034 209977
1344988800 2641 24255 139022 1298371
1344902400 1767 16392 186319 1211405
1344816000 696 4666 1164 6771
1344729600 699 4682 1144 6209
1344643200 2090 10297 22809 149427
1344556800 2533 16319 15462 396911
1344470400 2223 9931 12903 83820
1344384000 2502 12377 92931 110934
1344297600 2428 11448 14457 206913
1344211200 2091 7193 2646 8732
1344124800 2093 7222 2564 9760
1344038400 2184 14129 9488 48933
1343952000 2349 9831 8552 87659
1343865600 2258 10977 4790 77755
1343779200 2369 14609 9391 241706
1343692800 1346 7321 6154 138472
1343606400 457 1199 943 6544
1343520000 539 1946 1523 7040
1343433600 2151 51939 186013 7890366
1343347200 2883 18909 8538 328555
1343260800 3618 19094 15535 220008
1343174400 2694 9484 6871 145506
1343088000 2662 8361 7970 214016
1343001600 2557 5275 2983 8500
1342915200 2565 5569 4290 95135
1342828800 1861 7882 4911 83388
1342742400 24945 35101 3435626 3099630
1342656000 2003 9267 19352 213305
1342569600 1837 15230 8456 337211
1342483200 564 6676 15177 338853
1342396800 117 418 573 2305
1342310400 118 429 589 2630
1342224000 1957 15188 6132 278640
1342137600 1965 10263 6279 144049
1342051200 1536 12986 40297 143685
1341964800 1689 17664 26296 163691
1341878400 810 10248 9622 418070
1341792000 160 492 576 872
1341705600 3922 8632 16690 88323
1341619200 5428 12531 115804 219104
1341532800 4084 10258 8730 216686
1341446400 3790 5040 4537 9424
1341360000 3854 13003 297726 271094
1341273600 2195 6015 248071 237553
1341187200 486 877 1029 1799
1341100800 489 925 882 2024
1341014400 1565 4201 23007 214993
1340928000 2073 7345 98949 124878
1340841600 1828 13656 5629 116185
1340755200 2615 10612 6419 112244
1340668800 3131 13262 33756 44217
1340582400 2436 15519 2867 17676
1340496000 1931 9762 2820 40313
1340409600 2440 14340 13818 252364
1340323200 2809 5528 37017 121950
1340236800 2818 10844 8058 214484
1340150400 2515 11179 231113 223194
1340064000 1305 13888 8549 253231
1339977600 835 1142 1240 3271
1339891200 864 1576 2246 90214
1339804800 1165 7139 7165 105413
1339718400 1669 7641 11345 206685
1339632000 3104 10396 58150 154875
1339545600 1033 5733 5381 136633
1339459200 1364 9313 7758 101606
1339372800 1352 3949 1812 6732
1339286400 1362 4027 1787 5798
1339200000 2209 8506 65080 556729
1339113600 2992 13886 9112 74007
1339027200 2459 11117 8677 31919
1338940800 3193 9271 9969 185665
1338854400 3038 10201 66716 170425
1338768000 6494 7675 32290 12400
1338681600 7157 8589 46526 23002
1338595200 5838 10402 7961 40066
1338508800 8907 58057 35621 1511847
1338422400 6373 15074 23185 749384
1338336000 3041 5457 88981 83174
1338249600 2206 4175 2616 7310
1338163200 3185 4249 20756 7029
1338076800 2131 3846 2589 5953
1337990400 2656 5370 50415 55382
1337904000 5950 7520 409619 372503
1337817600 1568 2917 6955 23017
1337731200 5729 176749 31041 1380189
1337644800 991 4227 6834 268131
1337558400 226 849 783 6933
1337472000 462 1418 14010 26463
1337385600 5227 52713 23303 1177999
1337299200 2769 12181 15873 43209
1337212800 1485 6937 4729 41366
1337126400 3180 24718 49800 2578126
1337040000 3893 7038 42838 214793
1336953600 4634 5500 7054 7806
1336867200 5053 6040 19103 43531
1336780800 4022 6303 122237 295987
1336694400 1719 31765 81059 5016180
1336608000 1460 9215 7732 368230
1336521600 2575 28553 100977 382741
1336435200 2016 38202 55972 3494195
1336348800 1318 5453 2317 10596
1336262400 1317 5709 1887 36395
1336176000 2293 12063 94426 391104
1336089600 3363 23458 63283 571959
1336003200 2781 5579 17049 51327
1335916800 2645 4615 109795 59777
1335830400 3449 8690 296592 274505
1335744000 1740 2123 2273 4653
1335657600 1741 2147 2153 3780
1335571200 4638 11978 17281 543707
1335484800 3715 13688 23533 1248049
1335398400 2761 4680 7254 49122
1335312000 2843 3838 73594 96051
1335225600 2525 2937 2959 4701
1335139200 2523 2781 3054 5074
1335052800 2522 2782 2939 4490
1334966400 38630 27978 4373916 3959312
1334880000 2141 3113 8746 43670
1334793600 1994 2788 234344 215055
1334707200 609 1468 14141 19317
1334620800 759 2278 3075 17148
1334534400 773 2102 1189 3999
1334448000 780 2412 1311 32796
1334361600 338 2065 2548 90027
1334275200 2769 4854 190935 137350
1334188800 2974 39617 96024 6016171
1334102400 1804 4380 12104 93819
1334016000 4630 9259 366125 621189
1333929600 1260 2813 1721 5806
1333843200 1264 2843 1702 5767
1333756800 1539 7137 73731 417625
1333670400 8041 5198 587087 376340
1333584000 3168 9368 7694 24414
1333497600 8781 13933 1372468 1245464
1333411200 3283 8577 16000 28540
1333324800 3192 8119 3820 15003
1333238400 3163 8070 3979 14777
1333152000 1914 6368 9132 93892
1333065600 2604 29978 142953 5752904
1332979200 723 2585 5946 66427
1332892800 1255 23369 83728 5281403
1332806400 884 2318 6850 74615
1332720000 754 1205 1209 4135
1332633600 744 1203 1197 4975
1332547200 799 1513 1190 7523
1332460800 1544 4577 14658 116379
1332374400 4059 6046 545263 496885
1332288000 1654 12807 14376 809660
1332201600 1483 7463 12998 204176
1332115200 1102 1605 1670 4375
1332028800 1266 2045 2671 5219
1331942400 2228 4587 427018 390331
1331856000 550 3718 8826 165618
1331769600 1422 3487 19820 29391
1331683200 1733 8248 6089 271434
1331596800 1902 7201 19203 23027
1331510400 2060 7674 14541 12001
1331424000 2697 8207 63178 17581
1331337600 1986 8037 7676 11910
1331251200 4424 15632 33555 372637
1331164800 2269 9210 24765 97944
1331078400 24201 10057 5568341 390794
1330992000 3506 39643 114219 7154597
1330905600 2438 10187 2840 13420
1330819200 2726 13068 3205 16493
1330732800 13968 11052 755328 224991
1330646400 11313 3903 667505 36960
1330560000 949 2581 1405 9924
1330473600 4360 5319 887684 803931
1330387200 3627 23703 351501 5257229
1330300800 1839 4853 2262 6671
1330214400 1836 4877 2257 7604
1330128000 6243 44080 427267 5230330
1330041600 1079 37922 6840 3663681
1329955200 1417 9282 56776 664904
1329868800 6827 3879 1606059 222935
1329782400 1049 1455 1597 4915
1329696000 1050 1441 1510 3588
1329609600 1048 1468 1553 3425
1329523200 5737 12728 13872 22487
1329436800 5717 29523 804991 6243798
1329350400 2377 7077 49355 302451
1329264000 4699 13180 473132 434594
1329177600 2010 9053 10878 28960
1329091200 1449 6383 1903 7596
1329004800 1457 6421 1864 8308
1328918400 21506 13454 520955 322709
1328832000 12140 14141 282377 108395
1328745600 5851 11998 682161 707247
1328659200 3062 7706 210823 303659
1328572800 498 4582 4213 74478
1328486400 114 2835 539 5333
1328400000 119 2851 629 5620
1328313600 26103 9408 852551 311093
1328227200 42199 15451 1387379 1008833
1328140800 13586 10795 864630 328921
1328054400 5838 11201 707616 728025
1327968000 21831 7774 883075 298289
1327881600 2583 3239 3071 10674
1327795200 2584 3253 3002 10058
1327708800 1302 4026 9565 297742
1327622400 12845 9008 1101494 301479
1327536000 1268 9773 7073 310777
1327449600 23327 12693 1033841 304597
1327363200 9531 12499 499265 309640
1327276800 974 10086 1500 15221
1327190400 990 10217 1510 15565
1327104000 1097 11812 34110 311996
1327017600 1633 10098 103809 303257
1326931200 2384 10576 61581 305475
1326844800 3360 9469 52241 20369
1326758400 3978 10903 4398 14610
1326672000 3979 10886 4371 13090
1326585600 3979 10892 4375 13360
1326499200 2710 10308 10354 306912
1326412800 1366 6512 7452 350323
1326326400 1651 7372 7002 299904
1326240000 1205 6202 6853 297709
1326153600 1808 9271 26244 295569
1326067200 1334 4309 1781 6556
1325980800 1347 4347 1789 6651
1325894400 940 5603 6933 300491
1325808000 5461 223094 9351 338296
1325721600 7190 313372 9058 330300
1325635200 3056 42172 8774 336411
1325548800 2668 5304 3089 7572
1325462400 2666 5317 3080 9900
1325376000 2663 5305 3098 10081
1325289600 2678 5421 3127 10379
1325203200 2693 5520 3181 7720
1325116800 2692 5575 3129 10305
1325030400 2768 6061 3147 11738
1324944000 2835 6471 3239 11194
1324857600 2836 6425 3295 8634
1324771200 2838 6447 3271 8958
1324684800 2840 6547 3315 26181
1324598400 2835 6610 3311 9532
1324512000 3114 8689 399832 375997
1324425600 1484 49728 98720 6295586
1324339200 2586 10878 504490 462911
1324252800 459 3768 855 10499
1324166400 475 3835 900 10545
1324080000 2439 8052 508844 750397
1323993600 5774 10751 507106 460946
1323907200 7526 11536 553493 473766
1323820800 438 4779 6209 303962
1323734400 2294 16299 4275 58299
1323648000 2332 7108 2793 13983
1323561600 2485 11894 3924 50337
1323475200 23682 28249 3831805 3460762
1323388800 2253 12241 9780 301268
1323302400 1951 9872 7089 310666
1323216000 1311 10929 18700 599489
1323129600 2677 12973 7003 311141
1323043200 2624 7817 3038 8656
1322956800 2624 7827 3099 8804
1322870400 1786 7606 4653 15242
1322784000 1862 10692 13458 451151
1322697600 3595 12118 14276 454832
1322611200 2059 11249 6173 297211
1322524800 17591 28047 3758523 3396868
1322438400 882 9792 1302 11342
1322352000 874 9798 1329 11027
1322265600 1000 10564 1551 14362
1322179200 1087 10684 2397 14713
1322092800 3451 16461 8239 42272
1322006400 2495 28948 13966 606419
1321920000 2897 17352 30907 304599
1321833600 3183 15655 3854 26108
1321747200 3369 17483 4072 27148
1321660800 3129 18216 4056 30625
1321574400 2446 19268 7596 304441
1321488000 2767 15003 6935 301300
1321401600 3307 13411 25960 45754
1321315200 3040 13109 173784 166026
1321228800 1940 9916 2384 13864
1321142400 1941 9996 2580 13920
1321056000 32966 39579 2585977 2341682
1320969600 4891 20491 239592 319120
1320883200 9948 39340 23594 81934
1320796800 3377 17444 15173 485361
1320710400 2569 8558 31214 307444
1320624000 2169 5505 3683 88091
1320537600 2164 5393 2570 6442
1320451200 1653 7568 6765 312871
1320364800 1797 5960 35730 298216
1320278400 1713 28412 100196 6340393
1320192000 1372 6953 6614 298255
1320105600 1612 7743 5838 45893
1320019200 1437 7150 1860 8686
1319932800 1638 8356 2160 11399
1319846400 2160 13650 6525 303923
1319760000 2458 12823 8380 347012
1319673600 1642 7010 4060 193838
1319587200 2598 15599 7237 298924
1319500800 2019 10328 7413 298060
1319414400 1917 6682 2301 10530
1319328000 1926 6701 2357 8419
1319241600 2017 10701 33721 801790
1319155200 2429 11411 9118 303537
1319068800 1823 6355 34342 297813
1318982400 72975 169727 102612 232177
1318896000 1158 41206 160699 10259272
1318809600 135 699 566 3638
1318723200 145 748 643 2926
1318636800 426 8238 5545 6074332
1318550400 1092 5362 40013 204953
1318464000 53415 46503 3046571 2634361
1318377600 2368 6976 82172 293238
1318291200 3714 6509 406870 421196
1318204800 2186 2954 2580 4732
1318118400 2185 2983 2553 5417
1318032000 42825 48016 2988097 2695816
1317945600 5588 7197 369301 338393
1317859200 1263 7079 5649 32840
1317772800 2373 14060 21218 312123
1317686400 2236 12449 5781 221541
1317600000 1899 10823 2309 14677
1317513600 1931 10854 2436 14742
1317427200 2904 10330 56294 91969
1317340800 21470 10346 645099 528645
1317254400 8714 7983 418570 537648
1317168000 3174 5639 133894 225485
1317081600 1825 24199 100654 6376955
1316995200 1176 1634 1560 3699
1316908800 1179 1701 1876 18579
1316822400 1328 8391 20367 293308
1316736000 1925 7698 195156 205393
1316649600 3796 5494 211338 300611
1316563200 4931 10074 728816 739028
1316476800 874 2528 4515 18864
1316390400 1067 4674 4359 15852
1316304000 3378 14756 7281 250983
1316217600 3888 8599 169031 295506
1316131200 2204 12527 41526 132736
1316044800 1845 11499 12312 294825
1315958400 1815 8912 6938 300691
1315872000 1986 8303 4812 31221
1315785600 1999 8115 2600 11851
1315699200 2452 11047 2879 13446
1315612800 2223 9996 3865 35762
1315526400 2304 13133 12975 34770
1315440000 1910 9115 9956 73608
1315353600 1880 5355 46305 378238
1315267200 1206 2555 1540 10075
1315180800 1197 2493 1557 4583
1315094400 1200 2518 1572 4460
1315008000 1662 4136 5516 50702
1314921600 2581 8336 14631 516700
1314835200 7238 36270 31595 184518
1314748800 4750 17348 22327 91671
1314662400 2370 78813 19678 1144260
1314576000 0 0 0 0
1314489600 0 0 0 0
1314403200 1381 5716 2310 10823
1314316800 1995 8782 2490 12546
1314230400 2231 9855 2815 14242
1314144000 2345 10278 2983 16099
1314057600 3327 13838 13175 56166
1313971200 8223 35283 19630 85343
1313884800 26459 115593 40246 172847
1313798400 6958 28271 139998 225875
1313712000 2646 10327 7814 180305
1313625600 2569 9968 3344 19841
1313539200 2415 10468 3625 17205
1313452800 2994 13344 14813 183514
1313366400 2296 9778 2741 12832
1313280000 2298 9809 2657 12335
1313193600 2325 10003 2808 19873
1313107200 5054 21926 16581 73278
1313020800 2139 9862 16542 167569
1312934400 2237 7145 4399 13115
1312848000 2443 9215 11080 184826
1312761600 2407 7737 2775 10227
1312675200 2435 7862 2815 10643
1312588800 2140 7050 7794 31552
1312502400 2267 8954 10007 468693
1312416000 2628 8548 78569 177615
1312329600 2121 6298 104231 177426
1312243200 2466 6543 89120 170430
1312156800 1523 5199 2025 28384
1312070400 1520 5144 1846 7291
1311984000 1802 5790 11607 65742
1311897600 1769 20495 65220 4042357
1311811200 172 2323 2277 36683
1311724800 1272 23298 68406 3826227
1311638400 417 1397 1364 23804
1311552000 127 699 516 3506
1311465600 134 748 692 3357
1311379200 709 3825 2157 108279
1311292800 1088 5439 6459 316335
1311206400 903 3076 5519 84625
1311120000 2029 4327 368050 333782
1311033600 1125 2755 5560 13613
1310947200 968 2718 1875 4209
1310860800 1015 2772 1774 4452
1310774400 1271 2867 6867 16248
1310688000 989 4846 8479 213653
1310601600 1201 4422 3090 36343
1310515200 7532 10084 893765 810717
1310428800 2698 73011 223537 5208616
1310342400 636 1123 1086 2174
1310256000 625 1168 1006 4123
1310169600 1062 5891 37365 113214
1310083200 29033 66227 4732189 4502353
1309996800 262 988 10155 15033
1309910400 342 3657 3331 140365
1309824000 138 661 526 1612
1309737600 132 657 552 1462
1309651200 132 671 516 1803
1309564800 3562 19107 570502 1128351
1309478400 5813 171630 359247 5587291
1309392000 2369 128820 147363 9309528
1309305600 2022 3669 286731 114298
1309219200 1996 3102 351377 321804
1309132800 320 943 686 2435
1309046400 323 958 769 1982
