1377805801 63217958 1915836131
1377805801 0 955 0 955
1377805502 0 876 0 876
1377805500 0 876 0 996
1377805200 0 994 0 996
1377804900 0 721 0 988
1377804600 0 987 0 988
1377804300 0 763 0 1038
1377804000 0 1037 0 1038
1377803700 0 894 0 907
1377803400 0 907 0 1026
1377803100 0 1025 0 1026
1377802800 0 990 0 992
1377802500 0 708 0 988
1377802200 0 987 0 988
1377801900 0 908 0 921
1377801600 0 920 0 921
1377801300 0 781 0 1100
1377801000 0 1097 0 1100
1377800700 0 714 0 978
1377800400 0 976 0 978
1377800100 0 689 0 844
1377799800 0 844 0 1004
1377799500 0 1003 0 1004
1377799200 0 840 0 842
1377798900 0 625 0 853
1377798600 0 852 0 853
1377798300 0 712 0 805
1377798000 0 803 0 805
1377797700 0 633 0 829
1377797400 0 829 0 834
1377797100 0 834 0 983
1377796800 0 982 0 983
1377796500 0 910 0 911
1377796200 0 858 0 860
1377795900 0 619 0 1258
1377795600 0 1256 0 1258
1377795300 0 946 0 947
1377795000 0 813 0 815
1377794700 0 653 0 1471
1377794400 0 1466 0 1471
1377794100 0 740 0 789
1377793800 0 788 0 789
1377793500 0 736 0 885
1377793200 0 884 0 885
1377792900 0 708 0 885
1377792600 0 885 0 977
1377792300 0 977 0 994
1377792000 0 992 0 994
1377791700 0 815 0 1084
1377791400 0 1083 0 1084
1377791100 0 853 0 976
1377790800 0 975 0 976
1377790500 0 829 0 1407
1377790200 0 1403 0 1407
1377789900 0 876 0 1061
1377789600 0 1060 0 1061
1377789300 0 1002 0 1003
1377789000 0 984 0 985
1377788700 0 809 0 1013
1377788400 0 1011 0 1013
1377788100 0 723 0 1154
1377787800 0 1151 0 1154
1377787500 0 802 0 959
1377787200 0 957 0 959
1377786900 0 782 0 987
1377786600 0 986 0 987
1377786300 0 819 0 992
1377786000 0 991 0 992
1377785700 0 864 0 1000
1377785400 0 999 0 1000
1377785100 0 772 0 1384
1377784800 0 1381 0 1384
1377784500 0 1025 0 1463
1377784200 0 1463 0 1562
1377783900 0 1557 0 1562
1377783600 0 875 0 876
1377783300 0 635 0 1371
1377783000 0 1369 0 1371
1377782700 0 1065 0 1067
1377782400 0 894 0 896
1377782100 0 582 0 1387
1377781800 0 1383 0 1387
1377781500 0 838 0 1036
1377781200 0 1032 0 1036
1377780900 0 577 0 682
1377780600 0 681 0 682
1377780300 0 541 0 658
1377780000 0 657 0 658
1377779700 0 540 0 687
1377779400 0 686 0 687
1377779100 0 552 0 668
1377778800 0 667 0 668
1377778500 0 493 0 712
1377778200 0 711 0 712
1377777900 0 536 0 650
1377777600 0 648 0 650
1377777300 0 481 0 697
1377777000 0 695 0 697
1377776700 0 476 0 710
1377776400 0 709 0 710
1377776100 0 459 0 684
1377775800 0 682 0 684
1377775500 0 464 0 662
1377775200 0 661 0 662
1377774900 0 531 0 688
1377774600 0 687 0 688
1377774300 0 466 0 710
1377774000 0 708 0 710
1377773700 0 470 0 721
1377773400 0 720 0 721
1377773100 0 482 0 666
1377772800 0 664 0 666
1377772500 0 477 0 674
1377772200 0 673 0 674
1377771900 0 511 0 688
1377771600 0 686 0 688
1377771300 0 473 0 677
1377771000 0 675 0 677
1377770700 0 496 0 662
1377770400 0 661 0 662
1377770100 0 515 0 683
1377769800 0 681 0 683
1377769500 0 453 0 655
1377769200 0 654 0 655
1377768900 0 550 0 710
1377768600 0 709 0 710
1377768300 0 506 0 669
1377768000 0 667 0 669
1377767700 0 500 0 660
1377767400 0 659 0 660
1377767100 0 626 0 749
1377766800 0 747 0 749
1377766500 0 520 0 680
1377766200 0 679 0 680
1377765900 0 595 0 744
1377765600 0 743 0 744
1377765300 0 576 0 676
1377765000 0 674 0 676
1377764700 0 490 0 662
1377764400 0 661 0 662
1377764100 0 549 0 763
1377763800 0 762 0 763
1377763500 0 518 0 698
1377763200 0 696 0 698
1377762900 0 460 0 746
1377762600 0 744 0 746
1377762300 0 583 0 676
1377762000 0 675 0 676
1377761700 0 505 0 681
1377761400 0 680 0 681
1377761100 0 495 0 660
1377760800 0 659 0 660
1377760500 0 520 0 624
1377760200 0 624 0 706
1377759900 0 706 0 740
1377759600 0 738 0 740
1377759300 0 472 0 700
1377759000 0 699 0 700
1377758700 0 556 0 659
1377758400 0 657 0 659
1377758100 0 478 0 661
1377757800 0 660 0 661
1377757500 0 548 0 613
1377757200 0 612 0 613
1377756900 0 506 0 684
1377756600 0 682 0 684
1377756300 0 492 0 664
1377756000 0 663 0 664
1377755700 0 522 0 682
1377755400 0 681 0 682
1377755100 0 467 0 661
1377754800 0 660 0 661
1377754500 0 527 0 705
1377754200 0 704 0 705
1377753900 0 487 0 662
1377753600 0 660 0 662
1377753300 0 494 0 683
1377753000 0 681 0 683
1377752700 0 530 0 661
1377752400 0 659 0 661
1377752100 0 499 0 675
1377751800 0 673 0 675
1377751500 0 487 0 646
1377751200 0 646 0 777
1377750900 0 776 0 777
1377750600 0 700 0 702
1377750300 0 492 0 639
1377750000 0 638 0 639
1377749700 0 547 0 695
1377749400 0 694 0 695
1377749100 0 481 0 700
1377748800 0 698 0 700
1377748500 0 476 0 649
1377748200 0 648 0 649
1377747900 0 537 0 678
1377747600 0 677 0 678
1377747300 0 477 0 631
1377747000 0 630 0 631
1377746700 0 512 0 660
1377746400 0 659 0 660
1377746100 0 520 0 667
1377745800 0 666 0 667
1377745500 0 524 0 698
1377745200 0 697 0 698
1377744900 0 484 0 725
1377744600 0 724 0 725
1377744300 0 469 0 813
1377744000 0 813 0 958
1377743700 0 956 0 958
1377743400 0 705 0 706
1377743100 0 564 0 678
1377742800 0 677 0 678
1377742500 0 507 0 690
1377742200 0 689 0 690
1377741900 0 607 0 725
1377741600 0 724 0 725
1377741300 0 542 0 656
1377741000 0 655 0 656
1377740700 0 586 0 587
1377740400 0 570 0 592
1377740100 0 591 0 592
1377739800 0 578 0 658
1377739500 0 657 0 658
1377739200 0 557 0 652
1377738900 0 651 0 652
1377738600 0 572 0 683
1377738300 0 681 0 683
1377738000 0 521 0 631
1377737700 0 630 0 631
1377737400 0 528 0 666
1377737100 0 665 0 666
1377736800 0 585 0 653
1377736500 0 652 0 653
1377736200 0 622 0 655
1377735900 0 654 0 655
1377735600 0 571 0 624
1377735300 0 623 0 624
1377735000 0 620 0 676
1377734700 0 675 0 676
1377734400 0 554 0 629
1377734100 0 628 0 629
1377733800 0 578 0 714
1377733500 0 713 0 714
1377733200 0 689 0 826
1377732900 0 825 0 826
1377732600 0 683 0 684
1377732300 0 647 0 648
1377732000 0 579 0 715
1377731700 0 714 0 715
1377731400 0 620 0 737
1377731100 0 736 0 737
1377730800 0 591 0 772
1377730500 0 771 0 772
1377730200 0 677 0 757
1377729900 0 756 0 757
1377729600 0 675 0 776
1377729300 0 775 0 776
1377729000 0 648 0 968
1377728700 0 966 0 968
1377728400 0 620 0 786
1377728100 0 785 0 786
1377727800 0 592 0 836
1377727500 0 836 0 848
1377727200 0 848 0 897
1377726900 0 896 0 897
1377726600 0 836 0 837
1377726300 0 796 0 1133
1377726000 0 1131 0 1133
1377725700 0 837 0 838
1377725400 0 773 0 1024
1377725100 0 1022 0 1024
1377724800 0 797 0 1035
1377724500 0 1033 0 1035
1377724200 0 816 0 1165
1377723900 0 1162 0 1165
1377723600 0 754 0 981
1377723300 0 980 0 981
1377723000 0 833 0 968
1377722700 0 967 0 968
1377722400 0 888 0 928
1377722100 0 927 0 928
1377721800 0 886 0 905
1377721500 0 904 0 905
1377721200 0 772 0 1259
1377720900 0 1256 0 1259
1377720600 0 831 0 1013
1377720300 0 1012 0 1013
1377720000 0 742 0 1278
1377719700 0 1276 0 1278
1377719400 0 965 0 1164
1377719100 0 1163 0 1164
1377718800 0 1025 0 1026
1377718500 0 1011 0 1013
1377718200 0 809 0 1116
1377717900 0 1115 0 1116
1377717600 0 1020 0 1021
1377717300 0 1014 0 1015
1377717000 0 780 0 1266
1377716700 0 1264 0 1266
1377716400 0 969 0 1214
1377716100 0 1212 0 1214
1377715800 0 716 0 968
1377715500 0 967 0 968
1377715200 0 815 0 896
1377714900 0 897 0 1126
1377714600 0 1125 0 1126
1377714300 0 1062 0 1063
1377714000 0 815 0 1219
1377713700 0 1216 0 1219
1377713400 0 909 0 1003
1377713100 0 1002 0 1003
1377712800 0 966 0 1059
1377712500 0 1057 0 1059
1377712200 0 724 0 883
1377711900 0 883 0 923
1377711600 0 922 0 923
1377711300 0 843 0 874
1377711000 0 874 0 943
1377710700 0 942 0 943
1377710400 0 811 0 911
1377710100 0 910 0 911
1377709800 0 894 0 957
1377709500 0 956 0 957
1377709200 0 744 0 894
1377708900 0 893 0 894
1377708600 0 776 0 922
1377708300 0 922 0 931
1377708000 0 931 0 1029
1377707700 0 1027 0 1029
1377707400 0 788 0 934
1377707100 0 941 0 2048
1377706800 0 2043 0 2048
1377706500 0 1433 0 1434
1377706200 0 1431 0 1434
1377705900 0 1105 0 1106
1377705600 0 1080 0 1195
1377705300 0 1193 0 1195
1377705000 0 966 0 967
1377704700 0 961 0 1110
1377704400 0 1109 0 1110
1377704100 0 1094 0 1095
1377703800 0 1048 0 1049
1377703500 0 870 0 871
1377703200 0 703 0 891
1377702900 0 891 0 898
1377702600 0 898 0 914
1377702300 0 913 0 914
1377702000 0 760 0 977
1377701700 0 976 0 977
1377701400 0 807 0 872
1377701100 0 872 0 928
1377700800 0 929 0 1086
1377700500 0 1084 0 1086
1377700200 0 660 0 1032
1377699900 0 1031 0 1032
1377699600 0 821 0 822
1377699300 0 779 0 832
1377699000 0 832 0 1026
1377698700 0 1025 0 1026
1377698400 0 974 0 975
1377698100 0 888 0 923
1377697800 0 928 0 1676
1377697500 0 1669 0 1676
1377697200 0 697 0 1232
1377696900 0 1230 0 1232
1377696600 0 743 0 933
1377696300 0 934 0 1228
1377696000 0 1225 0 1228
1377695700 0 870 0 2354
1377695400 0 2343 0 2354
1377695100 0 845 0 846
1377694800 0 710 0 711
1377694500 0 655 0 656
1377694200 0 549 0 688
1377693900 0 687 0 688
1377693600 0 535 0 717
1377693300 0 715 0 717
1377693000 0 456 0 671
1377692700 0 670 0 671
1377692400 0 518 0 711
1377692100 0 710 0 711
1377691800 0 473 0 669
1377691500 0 668 0 669
1377691200 0 496 0 678
1377690900 0 677 0 678
1377690600 0 540 0 685
1377690300 0 683 0 685
1377690000 0 488 0 653
1377689700 0 652 0 653
1377689400 0 478 0 679
1377689100 0 678 0 679
1377688800 0 507 0 676
1377688500 0 674 0 676
1377688200 0 498 0 667
1377687900 0 666 0 667
1377687600 0 471 0 724
1377687300 0 722 0 724
1377687000 0 475 0 664
1377686700 0 663 0 664
1377686400 0 493 0 686
1377686100 0 684 0 686
1377685800 0 507 0 668
1377685500 0 666 0 668
1377685200 0 471 0 653
1377684900 0 651 0 653
1377684600 0 492 0 715
1377684300 0 713 0 715
1377684000 0 488 0 652
1377683700 0 651 0 652
1377683400 0 513 0 671
1377683100 0 669 0 671
1377682800 0 462 0 721
1377682500 0 720 0 721
1377682200 0 478 0 647
1377681900 0 645 0 647
1377681600 0 476 0 693
1377681300 0 691 0 693
1377681000 0 514 0 693
1377680700 0 691 0 693
1377680400 0 533 0 835
1377680100 0 832 0 835
1377679800 0 523 0 676
1377679500 0 675 0 676
1377679200 0 525 0 674
1377678900 0 673 0 674
1377678600 0 528 0 748
1377678300 0 747 0 748
1377678000 0 475 0 691
1377677700 0 690 0 691
1377677400 0 480 0 831
1377677100 0 830 0 831
1377676800 0 555 0 680
1377676500 0 679 0 680
1377676200 0 521 0 695
1377675900 0 694 0 695
1377675600 0 465 0 701
1377675300 0 699 0 701
1377675000 0 492 0 676
1377674700 0 675 0 676
1377674400 0 527 0 675
1377674100 0 674 0 675
1377673800 0 525 0 757
1377673500 0 755 0 757
1377673200 0 498 0 796
1377672900 0 794 0 796
1377672600 0 466 0 670
1377672300 0 668 0 670
1377672000 0 479 0 701
1377671700 0 700 0 701
1377671400 0 508 0 683
1377671100 0 682 0 683
1377670800 0 449 0 680
1377670500 0 679 0 680
1377670200 0 463 0 694
1377669900 0 692 0 694
1377669600 0 509 0 693
1377669300 0 691 0 693
1377669000 0 493 0 659
1377668700 0 658 0 659
1377668400 0 479 0 766
1377668100 0 764 0 766
1377667800 0 442 0 667
1377667500 0 665 0 667
1377667200 0 467 0 684
1377666900 0 682 0 684
1377666600 0 501 0 701
1377666300 0 700 0 701
1377666000 0 477 0 649
1377665700 0 648 0 649
1377665400 0 491 0 684
1377665100 0 683 0 684
1377664800 0 493 0 696
1377664500 0 695 0 696
1377664200 0 473 0 673
1377663900 0 671 0 673
1377663600 0 447 0 720
1377663300 0 718 0 720
1377663000 0 486 0 685
1377662700 0 684 0 685
1377662400 0 467 0 683
1377662100 0 681 0 683
1377661800 0 515 0 654
1377661500 0 652 0 654
1377661200 0 494 0 682
1377660900 0 681 0 682
1377660600 0 441 0 734
1377660300 0 733 0 734
1377660000 0 481 0 637
1377659700 0 636 0 637
1377659400 0 528 0 713
1377659100 0 711 0 713
1377658800 0 471 0 687
1377658500 0 686 0 687
1377658200 0 475 0 685
1377657900 0 684 0 685
1377657600 0 465 0 693
1377657300 0 692 0 693
1377657000 0 528 0 677
1377656700 0 676 0 677
1377656400 0 437 0 670
1377656100 0 669 0 670
1377655800 0 499 0 722
1377655500 0 721 0 722
1377655200 0 474 0 683
1377654900 0 681 0 683
1377654600 0 459 0 664
1377654300 0 662 0 664
1377654000 0 509 0 725
1377653700 0 724 0 725
1377653400 0 473 0 696
1377653100 0 695 0 696
1377652800 0 484 0 679
1377652500 0 678 0 679
1377652200 0 546 0 739
1377651900 0 736 0 739
1377651600 0 438 0 683
1377651300 0 682 0 683
1377651000 0 498 0 735
1377650700 0 734 0 735
1377650400 0 504 0 714
1377650100 0 712 0 714
1377649800 0 505 0 691
1377649500 0 689 0 691
1377649200 0 489 0 801
1377648900 0 799 0 801
1377648600 0 468 0 794
1377648300 0 791 0 794
1377648000 0 486 0 734
1377647700 0 733 0 734
1377647400 0 573 0 720
1377647100 0 718 0 720
1377646800 0 533 0 771
1377646500 0 770 0 771
1377646200 0 479 0 918
1377645900 0 917 0 918
1377645600 0 753 0 1001
1377645300 0 999 0 1001
1377645000 0 615 0 970
1377644700 0 969 0 970
1377644400 0 762 0 929
1377644100 0 927 0 929
1377643800 0 734 0 1043
1377643500 0 1041 0 1043
1377643200 0 794 0 1462
1377642900 0 1456 0 1462
1377642600 0 679 0 946
1377642300 0 944 0 946
1377642000 0 776 0 835
1377641700 0 834 0 835
1377641400 0 746 0 1184
1377641100 0 1182 0 1184
1377640800 0 626 0 942
1377640500 0 941 0 942
1377640200 0 824 0 825
1377639900 0 819 0 820
1377639600 0 807 0 930
1377639300 0 928 0 930
1377639000 0 663 0 961
1377638700 0 958 0 961
1377638400 0 642 0 844
1377638100 0 843 0 844
1377637800 0 676 0 1003
1377637500 0 1001 0 1003
1377637200 0 707 0 971
1377636900 0 970 0 971
1377636600 0 960 0 961
1377636300 0 863 0 864
1377636000 0 721 0 1176
1377635700 0 1174 0 1176
1377635400 0 699 0 874
1377635100 0 873 0 874
1377634800 0 782 0 1084
1377634500 0 1082 0 1084
1377634200 0 808 0 1026
1377633900 0 1024 0 1026
1377633600 0 821 0 1160
1377633300 0 1159 0 1160
1377633000 0 919 0 1343
1377632700 0 1342 0 1343
1377632400 0 1213 0 1214
1377632100 0 1054 0 1056
1377631800 0 678 0 1147
1377631500 0 1145 0 1147
1377631200 0 813 0 1277
1377630900 0 1275 0 1277
1377630600 0 720 0 921
1377630300 0 920 0 921
1377630000 0 790 0 939
1377629700 0 937 0 939
1377629400 0 680 0 889
1377629100 0 888 0 889
1377628800 0 870 0 871
1377628500 0 859 0 1121
1377628200 0 1118 0 1121
1377627900 0 780 0 781
1377627600 0 604 0 823
1377627300 0 822 0 823
1377627000 0 714 0 948
1377626700 0 947 0 948
1377626400 0 722 0 960
1377626100 0 958 0 960
1377625800 0 839 0 959
1377624600 0 785 0 1041
1377622800 0 836 0 1003
1377621000 0 887 0 1061
1377619200 0 1723 0 2683
1377617400 0 921 0 1271
1377615600 0 848 0 1099
1377613800 0 929 0 1100
1377612000 0 1024 0 1313
1377610200 0 883 0 1263
1377608400 0 682 0 800
1377606600 0 612 0 718
1377604800 0 639 0 764
1377603000 0 615 0 752
1377601200 0 610 0 745
1377599400 0 597 0 736
1377597600 0 619 0 735
1377595800 0 599 0 751
1377594000 0 650 0 895
1377592200 0 626 0 781
1377590400 0 626 0 825
1377588600 0 628 0 809
1377586800 0 601 0 732
1377585000 0 624 0 849
1377583200 0 602 0 718
1377581400 0 605 0 743
1377579600 0 598 0 711
1377577800 0 601 0 717
1377576000 0 597 0 749
1377574200 0 625 0 823
1377572400 0 605 0 725
1377570600 0 611 0 715
1377568800 0 598 0 703
1377567000 0 618 0 772
1377565200 0 644 0 884
1377563400 0 681 0 920
1377561600 0 855 0 1148
1377559800 0 968 0 1161
1377558000 0 871 0 1174
1377556200 0 1075 0 1758
1377554400 0 1491 0 2013
1377552600 0 1496 0 1652
1377550800 0 1718 0 2185
1377549000 0 1595 0 2034
1377547200 0 1456 0 2034
1377545400 0 1537 0 2095
1377543600 0 1879 0 2314
1377541800 0 1711 0 2512
1377540000 0 1903 0 2275
1377538200 0 1920 0 2797
1377536400 0 1603 0 1783
1377534600 0 1506 0 2034
1377532800 0 1171 0 1523
1377531000 0 1491 0 2039
1377529200 0 1544 0 1884
1377527400 0 1638 0 2078
1377525600 0 1053 0 2078
1377523800 0 998 0 1366
1377522000 0 553 0 774
1377520200 0 431 0 453
1377518400 0 423 0 457
1377516600 0 425 0 461
1377514800 0 431 0 455
1377513000 0 423 0 443
1377511200 0 423 0 480
1377509400 0 428 0 473
1377507600 0 456 0 568
1377505800 0 466 0 523
1377504000 0 459 0 552
1377502200 0 440 0 504
1377500400 0 420 0 466
1377498600 0 427 0 438
1377496800 0 428 0 454
1377495000 0 424 0 462
1377493200 0 418 0 449
1377491400 0 425 0 471
1377489600 0 419 0 444
1377487800 0 445 0 485
1377486000 0 420 0 445
1377484200 0 421 0 455
1377482400 0 417 0 476
1377480600 0 433 0 456
1377478800 0 423 0 448
1377477000 0 422 0 454
1377475200 0 422 0 445
1377473400 0 425 0 474
1377471600 0 425 0 485
1377469800 0 424 0 451
1377468000 0 423 0 444
1377466200 0 423 0 444
1377464400 0 428 0 457
1377462600 0 422 0 487
1377460800 0 430 0 458
1377459000 0 437 0 489
1377457200 0 421 0 459
1377455400 0 423 0 486
1377453600 0 432 0 472
1377451800 0 422 0 456
1377450000 0 421 0 467
1377448200 0 425 0 459
1377446400 0 435 0 459
1377444600 0 427 0 500
1377442800 0 424 0 464
1377441000 0 426 0 499
1377439200 0 430 0 459
1377437400 0 427 0 452
1377435600 0 423 0 455
1377433800 0 420 0 459
1377432000 0 432 0 459
1377430200 0 423 0 453
1377428400 0 429 0 467
1377426600 0 423 0 475
1377424800 0 426 0 466
1377423000 0 427 0 476
1377421200 0 477 0 583
1377419400 0 451 0 519
1377417600 0 458 0 519
1377415800 0 428 0 451
1377414000 0 428 0 466
1377412200 0 427 0 482
1377410400 0 431 0 459
1377408600 0 420 0 459
1377406800 0 426 0 462
1377405000 0 428 0 479
1377403200 0 429 0 467
1377401400 0 424 0 450
1377399600 0 431 0 484
1377397800 0 429 0 485
1377396000 0 426 0 465
1377394200 0 428 0 483
1377392400 0 426 0 457
1377390600 0 427 0 506
1377388800 0 431 0 462
1377387000 0 425 0 454
1377385200 0 428 0 460
1377383400 0 429 0 483
1377381600 0 427 0 460
1377379800 0 427 0 469
1377378000 0 434 0 467
1377376200 0 435 0 506
1377374400 0 439 0 454
1377372600 0 428 0 457
1377370800 0 429 0 479
1377369000 0 431 0 468
1377367200 0 432 0 471
1377365400 0 426 0 477
1377363600 0 428 0 465
1377361800 0 434 0 500
1377360000 0 434 0 487
1377358200 0 432 0 470
1377356400 0 427 0 472
1377354600 0 428 0 458
1377352800 0 431 0 446
1377351000 0 431 0 480
1377349200 0 435 0 469
1377347400 0 426 0 499
1377345600 0 429 0 488
1377343800 0 428 0 489
1377342000 0 433 0 451
1377340200 0 430 0 464
1377338400 0 435 0 468
1377336600 0 425 0 489
1377334800 0 485 0 557
1377333000 0 452 0 512
1377331200 0 491 0 560
1377329400 0 463 0 528
1377327600 0 433 0 462
1377325800 0 424 0 468
1377324000 0 430 0 470
1377322200 0 424 0 456
1377320400 0 438 0 484
1377318600 0 424 0 445
1377316800 0 431 0 477
1377315000 0 430 0 485
1377313200 0 425 0 442
1377311400 0 426 0 445
1377309600 0 426 0 462
1377307800 0 427 0 468
1377306000 0 467 0 523
1377304200 0 478 0 621
1377302400 0 563 0 641
1377300600 0 488 0 552
1377298800 0 601 0 707
1377297000 0 666 0 979
1377295200 0 872 0 1192
1377293400 0 981 0 1192
1377291600 0 997 0 1181
1377289800 0 1026 0 1193
1377288000 0 1020 0 1193
1377286200 0 1110 0 1254
1377284400 0 1003 0 1088
1377282600 0 1002 0 1117
1377280800 0 1051 0 1241
1377279000 0 1167 0 1595
1377277200 0 974 0 1153
1377275400 0 995 0 1438
1377273600 0 3929 0 16421
1377271800 0 1528 0 2434
1377270000 0 1688 0 2753
1377268200 0 1222 0 1953
1377266400 0 1274 0 2321
1377264600 0 1314 0 1881
1377262800 0 616 0 732
1377261000 0 587 0 635
1377259200 0 528 0 595
1377257400 0 530 0 566
1377255600 0 529 0 570
1377253800 0 534 0 575
1377252000 0 532 0 578
1377250200 0 538 0 702
1377248400 0 657 0 1003
1377246600 0 577 0 652
1377244800 0 551 0 620
1377243000 0 618 0 794
1377241200 0 525 0 573
1377239400 0 529 0 593
1377237600 0 543 0 577
1377235800 0 585 0 773
1377234000 0 517 0 544
1377232200 0 536 0 586
1377230400 0 530 0 589
1377228600 0 534 0 565
1377226800 0 528 0 576
1377225000 0 536 0 590
1377223200 0 545 0 590
1377221400 0 544 0 594
1377219600 0 557 0 588
1377217800 0 595 0 1222
1377216000 0 1151 0 1430
1377214200 0 1222 0 1635
1377212400 0 1167 0 1635
1377210600 0 798 0 1244
1377208800 0 1049 0 1636
1377207000 0 1228 0 1636
1377205200 0 943 0 1347
1377203400 0 1385 0 2247
1377201600 0 1651 0 2247
1377199800 0 1773 0 2655
1377198000 0 1570 0 2429
1377196200 0 1114 0 1358
1377194400 0 1139 0 1849
1377192600 0 1247 0 2017
1377190800 0 1968 0 3378
1377189000 0 2688 0 3450
1377187200 0 2438 0 4491
1377185400 0 3118 0 4293
1377183600 0 3262 0 4466
1377181800 0 2970 0 3375
1377180000 0 2882 0 4863
1377178200 0 2167 0 2968
1377176400 0 1480 0 2968
1377174600 0 573 0 638
1377172800 0 546 0 558
1377171000 0 539 0 592
1377169200 0 537 0 601
1377167400 0 541 0 570
1377165600 0 545 0 606
1377163800 0 568 0 747
1377162000 0 593 0 761
1377160200 0 632 0 846
1377158400 0 591 0 758
1377156600 0 860 0 1287
1377154800 0 557 0 631
1377153000 0 542 0 583
1377151200 0 683 0 1114
1377149400 0 536 0 576
1377147600 0 560 0 628
1377145800 0 625 0 1003
1377144000 0 536 0 567
1377142200 0 538 0 599
1377140400 0 534 0 571
1377138600 0 554 0 621
1377136800 0 545 0 589
1377135000 0 595 0 872
1377133200 0 556 0 605
1377131400 0 736 0 1246
1377129600 0 1109 0 1595
1377127800 0 946 0 1472
1377126000 0 1021 0 1511
1377124200 0 1318 0 1883
1377122400 0 1737 0 2660
1377120600 0 1457 0 2122
1377118800 0 1506 0 2818
1377117000 0 1833 0 2729
1377115200 0 1112 0 1532
1377113400 0 843 0 907
1377111600 0 1087 0 1870
1377109800 0 924 0 1034
1377108000 0 1035 0 1129
1377106200 0 1247 0 1892
1377104400 0 1542 0 2348
1377102600 0 1874 0 3234
1377100800 0 2014 0 3039
1377099000 0 1355 0 2259
1377097200 0 1772 0 2317
1377095400 0 1091 0 1262
1377093600 0 1191 0 1488
1377091800 0 1188 0 1838
1377090000 0 1031 0 1905
1377088200 0 797 0 1411
1377086400 0 510 0 552
1377084600 0 511 0 549
1377082800 0 557 0 780
1377081000 0 554 0 748
1377079200 0 516 0 541
1377077400 0 501 0 548
1377075600 0 566 0 610
1377073800 0 533 0 605
1377072000 0 548 0 599
1377070200 0 522 0 562
1377068400 0 510 0 576
1377066600 0 506 0 548
1377064800 0 512 0 552
1377063000 0 500 0 549
1377061200 0 508 0 561
1377059400 0 503 0 536
1377057600 0 509 0 588
1377055800 0 698 0 1039
1377054000 0 1074 0 1438
1377052200 0 1171 0 1534
1377050400 0 1067 0 1301
1377048600 0 1266 0 1579
1377046800 0 1314 0 1604
1377045000 0 1435 0 1746
1377043200 0 1346 0 1744
1377041400 0 1188 0 1717
1377039600 0 1950 0 2756
1377037800 0 1949 0 3008
1377036000 0 1579 0 2544
1377034200 0 1668 0 2203
1377032400 0 1771 0 2888
1377030600 0 1355 0 1770
1377028800 0 1308 0 2066
1377027000 0 1188 0 2348
1377025200 0 1438 0 2279
1377023400 0 1299 0 1831
1377021600 0 1744 0 2384
1377019800 0 1099 0 1920
1377018000 0 1506 0 2165
1377016200 0 1199 0 2045
1377014400 0 1386 0 2190
1377012600 0 1620 0 2366
1377010800 0 1777 0 2549
1377009000 0 1841 0 3037
1377007200 0 1851 0 3165
1377005400 0 1154 0 2036
1377003600 0 955 0 1226
1377001800 0 691 0 876
1377000000 0 676 0 875
1376998200 0 754 0 981
1376996400 0 792 0 1213
1376994600 0 644 0 812
1376992800 0 680 0 907
1376991000 0 656 0 806
1376989200 0 737 0 1078
1376987400 0 720 0 999
1376985600 0 873 0 1709
1376983800 0 1377 0 2545
1376982000 0 619 0 818
1376980200 0 655 0 805
1376978400 0 845 0 1606
1376976600 0 645 0 813
1376974800 0 750 0 1359
1376973000 0 707 0 914
1376971200 0 670 0 931
1376969400 0 770 0 1228
1376967600 0 649 0 809
1376965800 0 755 0 1687
1376964000 0 879 0 1687
1376962200 0 705 0 1027
1376960400 0 730 0 1027
1376958600 0 719 0 858
1376956800 0 1057 0 2004
1376955000 0 721 0 845
1376953200 0 1139 0 2131
1376951400 0 5154 0 24785
1376949600 0 1698 0 2354
1376947800 0 1864 0 2493
1376946000 0 1483 0 1971
1376944200 0 2007 0 2939
1376942400 0 1400 0 1745
1376940600 0 1198 0 1574
1376938800 0 1150 0 1513
1376937000 0 1179 0 1901
1376935200 0 1003 0 1247
1376933400 0 913 0 1200
1376931600 0 848 0 1167
1376929800 0 943 0 1357
1376928000 0 912 0 1096
1376926200 0 1077 0 1605
1376924400 0 1028 0 1471
1376922600 0 1052 0 1583
1376920800 0 969 0 1209
1376919000 0 936 0 1291
1376917200 0 728 0 1092
1376915400 0 443 0 592
1376913600 0 422 0 547
1376911800 0 438 0 572
1376910000 0 419 0 597
1376908200 0 445 0 561
1376906400 0 414 0 545
1376904600 0 484 0 721
1376902800 0 455 0 566
1376901000 0 474 0 682
1376899200 0 440 0 565
1376897400 0 456 0 576
1376895600 0 411 0 539
1376893800 0 447 0 577
1376892000 0 425 0 588
1376890200 0 443 0 555
1376888400 0 449 0 622
1376886600 0 449 0 588
1376884800 0 417 0 578
1376883000 0 449 0 592
1376881200 0 413 0 568
1376879400 0 445 0 582
1376877600 0 416 0 562
1376875800 0 448 0 568
1376874000 0 431 0 598
1376872200 0 444 0 601
1376870400 0 418 0 569
1376868600 0 445 0 602
1376866800 0 415 0 551
1376865000 0 472 0 726
1376863200 0 417 0 563
1376861400 0 453 0 616
1376859600 0 422 0 582
1376857800 0 451 0 585
1376856000 0 417 0 607
1376854200 0 472 0 602
1376852400 0 420 0 591
1376850600 0 451 0 607
1376848800 0 420 0 573
1376847000 0 451 0 625
1376845200 0 431 0 571
1376843400 0 455 0 621
1376841600 0 425 0 618
1376839800 0 441 0 548
1376838000 0 415 0 578
1376836200 0 451 0 610
1376834400 0 436 0 574
1376832600 0 460 0 629
1376830800 0 422 0 582
1376829000 0 451 0 594
1376827200 0 441 0 677
1376825400 0 448 0 558
1376823600 0 420 0 583
1376821800 0 449 0 625
1376820000 0 419 0 531
1376818200 0 462 0 601
1376816400 0 482 0 661
1376814600 0 474 0 586
1376812800 0 459 0 681
1376811000 0 451 0 570
1376809200 0 420 0 592
1376807400 0 445 0 611
1376805600 0 424 0 579
1376803800 0 455 0 645
1376802000 0 413 0 561
1376800200 0 469 0 562
1376798400 0 410 0 636
1376796600 0 452 0 586
1376794800 0 411 0 542
1376793000 0 444 0 590
1376791200 0 424 0 572
1376789400 0 447 0 587
1376787600 0 413 0 574
1376785800 0 435 0 580
1376784000 0 413 0 575
1376782200 0 449 0 582
1376780400 0 419 0 552
1376778600 0 452 0 582
1376776800 0 426 0 564
1376775000 0 446 0 568
1376773200 0 422 0 567
1376771400 0 482 0 675
1376769600 0 422 0 549
1376767800 0 447 0 582
1376766000 0 411 0 445
1376764200 0 473 0 626
1376762400 0 439 0 617
1376760600 0 447 0 573
1376758800 0 422 0 610
1376757000 0 459 0 626
1376755200 0 413 0 437
1376753400 0 465 0 617
1376751600 0 414 0 471
1376749800 0 471 0 688
1376748000 0 425 0 550
1376746200 0 452 0 581
1376744400 0 452 0 752
1376742600 0 449 0 565
1376740800 0 421 0 573
1376739000 0 454 0 637
1376737200 0 420 0 547
1376735400 0 458 0 654
1376733600 0 416 0 563
1376731800 0 454 0 592
1376730000 0 467 0 643
1376728200 0 524 0 716
1376726400 0 452 0 624
1376724600 0 501 0 717
1376722800 0 424 0 563
1376721000 0 479 0 625
1376719200 0 423 0 542
1376717400 0 432 0 545
1376715600 0 432 0 607
1376713800 0 457 0 624
1376712000 0 426 0 566
1376710200 0 473 0 596
1376708400 0 477 0 551
1376706600 0 504 0 703
1376704800 0 439 0 567
1376703000 0 453 0 634
1376701200 0 445 0 651
1376699400 0 541 0 658
1376697600 0 533 0 721
1376695800 0 627 0 806
1376694000 0 678 0 767
1376692200 0 649 0 754
1376690400 0 846 0 1062
1376688600 0 911 0 1062
1376686800 0 882 0 1191
1376685000 0 906 0 1292
1376683200 0 785 0 1006
1376681400 0 747 0 913
1376679600 0 803 0 947
1376677800 0 772 0 974
1376676000 0 767 0 917
1376674200 0 921 0 1340
1376672400 0 772 0 999
1376670600 0 809 0 1077
1376668800 0 819 0 1093
1376667000 0 909 0 1385
1376665200 0 711 0 1157
1376663400 0 900 0 1269
1376661600 0 877 0 1269
1376659800 0 740 0 972
1376658000 0 666 0 972
1376656200 0 596 0 887
1376654400 0 440 0 560
1376652600 0 477 0 635
1376650800 0 485 0 671
1376649000 0 461 0 548
1376647200 0 440 0 617
1376645400 0 477 0 623
1376643600 0 464 0 577
1376641800 0 480 0 626
1376640000 0 451 0 577
1376638200 0 514 0 650
1376636400 0 446 0 504
1376634600 0 480 0 625
1376632800 0 443 0 646
1376631000 0 471 0 626
1376629200 0 440 0 580
1376627400 0 486 0 613
1376625600 0 449 0 614
1376623800 0 511 0 696
1376622000 0 462 0 594
1376620200 0 523 0 768
1376618400 0 466 0 635
1376616600 0 500 0 650
1376614800 0 484 0 641
1376613000 0 508 0 687
1376611200 0 472 0 614
1376609400 0 577 0 879
1376607600 0 634 0 784
1376605800 0 796 0 1013
1376604000 0 767 0 958
1376602200 0 814 0 1215
1376600400 0 835 0 1203
1376598600 0 728 0 856
1376596800 0 849 0 1111
1376595000 0 858 0 1348
1376593200 0 802 0 905
1376591400 0 839 0 1221
1376589600 0 758 0 926
1376587800 0 743 0 1140
1376586000 0 733 0 1109
1376584200 0 904 0 1472
1376582400 0 902 0 1673
1376580600 0 1115 0 1673
1376578800 0 661 0 826
1376577000 0 1140 0 1674
1376575200 0 738 0 964
1376573400 0 693 0 1109
1376571600 0 527 0 703
1376569800 0 438 0 518
1376568000 0 448 0 539
1376566200 0 859 0 3067
1376564400 0 411 0 471
1376562600 0 428 0 468
1376560800 0 414 0 474
1376559000 0 430 0 462
1376557200 0 430 0 502
1376555400 0 439 0 490
1376553600 0 585 0 1205
1376551800 0 681 0 985
1376550000 0 439 0 533
1376548200 0 475 0 586
1376546400 0 457 0 628
1376544600 0 468 0 628
1376539200 0 474 0 634
1376532000 0 472 0 632
1376524800 0 633 0 1020
1376517600 0 1003 0 3860
1376510400 0 811 0 1248
1376503200 0 853 0 1378
1376496000 0 882 0 1148
1376488800 0 653 0 1369
1376481600 0 430 0 578
1376474400 0 439 0 624
1376467200 0 519 0 853
1376460000 0 521 0 723
1376452800 0 515 0 668
1376445600 0 574 0 874
1376438400 0 666 0 943
1376431200 0 2923 0 47937
1376424000 0 1094 0 5963
1376416800 0 944 0 1661
1376409600 0 966 0 1438
1376402400 0 630 0 1278
1376395200 0 479 0 615
1376388000 0 487 0 683
1376380800 0 530 0 726
1376373600 0 509 0 654
1376366400 0 525 0 708
1376359200 0 552 0 706
1376352000 0 758 0 1269
1376344800 0 991 0 1527
1376337600 0 1111 0 4015
1376330400 0 945 0 1605
1376323200 0 1026 0 2349
1376316000 0 608 0 1217
1376308800 0 401 0 510
1376301600 0 405 0 583
1376294400 0 417 0 547
1376287200 0 392 0 490
1376280000 0 402 0 495
1376272800 0 393 0 494
1376265600 0 407 0 513
1376258400 0 398 0 565
1376251200 0 395 0 532
1376244000 0 402 0 551
1376236800 0 405 0 542
1376229600 0 400 0 548
1376222400 0 395 0 520
1376215200 0 409 0 582
1376208000 0 410 0 527
1376200800 0 396 0 554
1376193600 0 405 0 520
1376186400 0 397 0 493
1376179200 0 399 0 520
1376172000 0 398 0 497
1376164800 0 398 0 522
1376157600 0 405 0 532
1376150400 0 406 0 624
1376143200 0 408 0 562
1376136000 0 414 0 588
1376128800 0 421 0 583
1376121600 0 426 0 574
1376114400 0 410 0 544
1376107200 0 422 0 587
1376100000 0 443 0 591
1376092800 0 607 0 833
1376085600 0 796 0 1032
1376078400 0 790 0 1214
1376071200 0 733 0 1034
1376064000 0 741 0 936
1376056800 0 677 0 1339
1376049600 0 508 0 626
1376042400 0 530 0 691
1376035200 0 524 0 658
1376028000 0 512 0 621
1376020800 0 518 0 673
1376013600 0 545 0 699
1376006400 0 616 0 941
1375999200 0 780 0 1269
1375992000 0 778 0 1126
1375984800 0 827 0 1317
1375977600 0 770 0 1928
1375970400 0 622 0 930
1375963200 0 483 0 589
1375956000 0 489 0 762
1375948800 0 507 0 628
1375941600 0 488 0 542
1375934400 0 488 0 555
1375927200 0 508 0 587
1375920000 0 565 0 814
1375912800 0 701 0 1124
1375905600 0 625 0 858
1375898400 0 886 0 3760
1375891200 0 659 0 860
1375884000 0 671 0 1148
1375876800 0 504 0 584
1375869600 0 520 0 635
1375862400 0 546 0 711
1375855200 0 538 0 671
1375848000 0 543 0 702
1375840800 0 566 0 749
1375833600 0 665 0 1049
1375826400 0 926 0 1882
1375819200 0 868 0 1304
1375812000 0 905 0 3768
1375804800 0 1002 0 3905
1375797600 0 826 0 1415
1375790400 0 513 0 617
1375783200 0 524 0 702
1375776000 0 532 0 674
1375768800 0 508 0 670
1375761600 0 511 0 612
1375754400 0 537 0 693
1375747200 0 624 0 1132
1375740000 0 886 0 2530
1375732800 0 1738 0 22290
1375725600 0 751 0 1043
1375718400 0 838 0 5702
1375711200 0 777 0 5702
1375704000 0 429 0 639
1375696800 0 441 0 601
1375689600 0 436 0 728
1375682400 0 423 0 586
1375675200 0 424 0 578
1375668000 0 425 0 585
1375660800 0 421 0 570
1375653600 0 422 0 563
1375646400 0 419 0 527
1375639200 0 424 0 555
1375632000 0 428 0 569
1375624800 0 427 0 562
1375617600 0 452 0 599
1375610400 0 479 0 657
1375603200 0 484 0 728
1375596000 0 466 0 593
1375588800 0 468 0 622
1375581600 0 465 0 605
1375574400 0 467 0 597
1375567200 0 471 0 596
1375560000 0 473 0 623
1375552800 0 470 0 636
1375545600 0 479 0 636
1375538400 0 475 0 602
1375531200 0 479 0 610
1375524000 0 492 0 606
1375516800 0 487 0 665
1375509600 0 470 0 610
1375502400 0 478 0 640
1375495200 0 501 0 704
1375488000 0 605 0 872
1375480800 0 787 0 1164
1375473600 0 732 0 976
1375466400 0 793 0 1345
1375459200 0 1041 0 7382
1375452000 0 745 0 1975
1375444800 0 448 0 722
1375437600 0 423 0 530
1375430400 0 449 0 587
1375423200 0 453 0 568
1375416000 0 469 0 570
1375408800 0 488 0 616
1375401600 0 612 0 1380
1375394400 0 688 0 1024
1375387200 0 707 0 1090
1375380000 0 743 0 1143
1375372800 0 846 0 2347
1375365600 0 684 0 1200
1375358400 0 439 0 592
1375351200 0 437 0 585
1375344000 0 437 0 599
1375336800 0 476 0 612
1375329600 0 495 0 624
1375322400 0 497 0 609
1375315200 0 625 0 902
1375308000 0 734 0 1142
1375300800 0 722 0 1534
1375293600 0 806 0 2098
1375286400 0 931 0 4718
1375279200 0 600 0 1221
1375272000 0 448 0 584
1375264800 0 468 0 650
1375257600 0 469 0 686
1375250400 0 463 0 587
1375243200 0 490 0 638
1375236000 0 508 0 687
1375228800 0 614 0 1096
1375221600 0 833 0 1254
1375214400 0 929 0 2250
1375207200 0 1221 0 2072
1375200000 0 1159 0 14144
1375192800 0 2878 0 31719
1375185600 0 555 0 907
1375178400 0 573 0 1122
1375171200 0 553 0 753
1375164000 0 570 0 1177
1375156800 0 578 0 871
1375149600 0 619 0 788
1375142400 0 741 0 1182
1375135200 0 1123 0 1684
1375128000 0 1240 0 1809
1375120800 0 1090 0 1975
1375113600 0 875 0 1417
1375106400 0 599 0 1108
1375099200 0 386 0 549
1375092000 0 384 0 529
1375084800 0 389 0 529
1375077600 0 372 0 432
1375070400 0 375 0 408
1375063200 0 379 0 432
1375056000 0 374 0 412
1375048800 0 376 0 430
1375041600 0 374 0 441
1375034400 0 371 0 473
1375027200 0 373 0 415
1375020000 0 376 0 441
1375012800 0 373 0 432
1375005600 0 384 0 574
1374998400 0 386 0 505
1374991200 0 376 0 453
1374984000 0 373 0 423
1374976800 0 374 0 421
1374969600 0 370 0 412
1374962400 0 388 0 498
1374955200 0 375 0 418
1374948000 0 376 0 420
1374940800 0 377 0 421
1374933600 0 379 0 428
1374926400 0 381 0 423
1374919200 0 401 0 525
1374912000 0 392 0 509
1374904800 0 388 0 471
1374897600 0 401 0 492
1374890400 0 418 0 531
1374883200 0 599 0 1037
1374876000 0 876 0 1241
1374868800 0 1071 0 1557
1374861600 0 781 0 1222
1374854400 0 756 0 1114
1374847200 0 682 0 1280
1374840000 0 475 0 749
1374832800 0 473 0 691
1374825600 0 490 0 641
1374818400 0 487 0 795
1374811200 0 472 0 519
1374804000 0 489 0 585
1374796800 0 620 0 955
1374789600 0 650 0 896
1374782400 0 2374 0 42474
1374775200 0 678 0 1316
1374768000 0 695 0 1099
1374760800 0 671 0 1245
1374753600 0 460 0 527
1374746400 0 469 0 663
1374739200 0 505 0 631
1374732000 0 473 0 521
1374724800 0 488 0 554
1374717600 0 488 0 543
1374710400 0 609 0 1298
1374703200 0 690 0 1111
1374696000 0 724 0 1178
1374688800 0 907 0 1877
1374681600 0 683 0 1435
1374674400 0 612 0 1127
1374667200 0 462 0 495
1374660000 0 485 0 722
1374652800 0 492 0 667
1374645600 0 475 0 528
1374638400 0 479 0 543
1374631200 0 488 0 534
1374624000 0 606 0 1255
1374616800 0 687 0 1030
1374609600 0 698 0 935
1374602400 0 658 0 900
1374595200 0 701 0 934
1374588000 0 706 0 1156
1374580800 0 516 0 564
1374573600 0 519 0 603
1374566400 0 528 0 608
1374559200 0 534 0 611
1374552000 0 529 0 579
1374544800 0 609 0 1202
1374537600 0 661 0 883
1374530400 0 1619 0 15630
1374523200 0 1115 0 2224
1374516000 0 876 0 1110
1374508800 0 899 0 1556
1374501600 0 660 0 1289
1374494400 0 369 0 433
1374487200 0 380 0 603
1374480000 0 389 0 533
1374472800 0 374 0 428
1374465600 0 371 0 431
1374458400 0 372 0 411
1374451200 0 370 0 429
1374444000 0 370 0 421
1374436800 0 370 0 429
1374429600 0 372 0 411
1374422400 0 370 0 421
1374415200 0 372 0 417
1374408000 0 371 0 421
1374400800 0 385 0 579
1374393600 0 384 0 536
1374386400 0 369 0 437
1374379200 0 372 0 444
1374372000 0 371 0 409
1374364800 0 375 0 432
1374357600 0 374 0 411
1374350400 0 376 0 426
1374343200 0 377 0 447
1374336000 0 392 0 507
1374328800 0 396 0 665
1374321600 0 374 0 417
1374314400 0 385 0 688
1374307200 0 397 0 538
1374300000 0 374 0 466
1374292800 0 385 0 441
1374285600 0 421 0 525
1374278400 0 520 0 813
1374271200 0 728 0 979
1374264000 0 711 0 939
1374256800 0 719 0 892
1374249600 0 828 0 1630
1374242400 0 578 0 1014
1374235200 0 474 0 548
1374228000 0 485 0 737
1374220800 0 552 0 1118
1374213600 0 472 0 511
1374206400 0 476 0 525
1374199200 0 482 0 519
1374192000 0 627 0 814
1374184800 0 739 0 1026
1374177600 0 923 0 3800
1374170400 0 923 0 4249
1374163200 0 903 0 1467
1374156000 0 805 0 1836
1374148800 0 579 0 637
1374141600 0 725 0 2495
1374134400 0 605 0 949
1374127200 0 573 0 649
1374120000 0 573 0 643
1374112800 0 606 0 785
1374105600 0 761 0 1293
1374098400 0 848 0 1044
1374091200 0 1422 0 7678
1374084000 0 796 0 1250
1374076800 0 787 0 1218
1374069600 0 713 0 1214
1374062400 0 499 0 583
1374055200 0 494 0 738
1374048000 0 508 0 698
1374040800 0 495 0 543
1374033600 0 491 0 578
1374026400 0 502 0 592
1374019200 0 610 0 773
1374012000 0 782 0 1305
1374004800 0 766 0 1051
1373997600 0 783 0 975
1373990400 0 864 0 1269
1373983200 0 681 0 1294
1373976000 0 454 0 498
1373968800 0 465 0 701
1373961600 0 475 0 589
1373954400 0 459 0 525
1373947200 0 476 0 536
1373940000 0 497 0 618
1373932800 0 721 0 1860
1373925600 0 1759 0 22406
1373918400 0 781 0 1084
1373911200 0 728 0 914
1373904000 0 863 0 1302
1373896800 0 680 0 1293
1373889600 0 431 0 496
1373882400 0 425 0 488
1373875200 0 430 0 505
1373868000 0 430 0 531
1373860800 0 433 0 496
1373853600 0 427 0 523
1373846400 0 428 0 500
1373839200 0 428 0 491
1373832000 0 434 0 586
1373824800 0 427 0 496
1373817600 0 430 0 497
1373810400 0 425 0 493
1373803200 0 429 0 508
1373796000 0 428 0 497
1373788800 0 432 0 511
1373781600 0 428 0 487
1373774400 0 633 0 3768
1373767200 0 432 0 498
1373760000 0 432 0 537
1373752800 0 444 0 659
1373745600 0 370 0 452
1373738400 0 373 0 458
1373731200 0 376 0 415
1373724000 0 373 0 420
1373716800 0 373 0 427
1373709600 0 379 0 433
1373702400 0 392 0 545
1373695200 0 376 0 432
1373688000 0 373 0 437
1373680800 0 418 0 566
1373673600 0 463 0 761
1373666400 0 654 0 995
1373659200 0 674 0 831
1373652000 0 642 0 909
1373644800 0 651 0 1037
1373637600 0 565 0 898
1373630400 0 414 0 592
1373623200 0 429 0 1038
1373616000 0 411 0 589
1373608800 0 403 0 451
1373601600 0 401 0 460
1373594400 0 524 0 716
1373587200 0 716 0 1078
1373580000 0 708 0 1190
1373572800 0 644 0 1024
1373565600 0 674 0 1033
1373558400 0 745 0 1317
1373551200 0 548 0 1789
1373544000 0 376 0 415
1373536800 0 380 0 436
1373529600 0 423 0 656
1373522400 0 398 0 442
1373515200 0 399 0 461
1373508000 0 484 0 1126
1373500800 0 565 0 1782
1373493600 0 1360 0 4167
1373486400 0 3518 0 61177
1373479200 0 698 0 1064
1373472000 0 644 0 1352
1373464800 0 609 0 1404
1373457600 0 439 0 463
1373450400 0 458 0 532
1373443200 0 484 0 662
1373436000 0 467 0 527
1373428800 0 469 0 522
1373421600 0 472 0 520
1373414400 0 542 0 789
1373407200 0 704 0 1151
1373400000 0 846 0 1349
1373392800 0 885 0 1322
1373385600 0 777 0 1041
1373378400 0 694 0 1358
1373371200 0 504 0 585
1373364000 0 499 0 554
1373356800 0 505 0 638
1373349600 0 504 0 583
1373342400 0 521 0 692
1373335200 0 508 0 560
1373328000 0 604 0 860
1373320800 0 837 0 1613
1373313600 0 811 0 1487
1373306400 0 741 0 1045
1373299200 0 812 0 1132
1373292000 0 613 0 1400
1373284800 0 389 0 449
1373277600 0 392 0 455
1373270400 0 391 0 440
1373263200 0 392 0 438
1373256000 0 398 0 447
1373248800 0 399 0 454
1373241600 0 396 0 449
1373234400 0 397 0 449
1373227200 0 396 0 451
1373220000 0 398 0 450
1373212800 0 395 0 440
1373205600 0 398 0 451
1373198400 0 397 0 463
1373191200 0 402 0 457
1373184000 0 400 0 457
1373176800 0 399 0 470
1373169600 0 400 0 443
1373162400 0 400 0 460
1373155200 0 403 0 464
1373148000 0 403 0 456
1373140800 0 404 0 475
1373133600 0 400 0 445
1373126400 0 414 0 586
1373119200 0 405 0 452
1373112000 0 411 0 477
1373104800 0 408 0 460
1373097600 0 413 0 454
1373090400 0 411 0 451
1373083200 0 412 0 473
1373076000 0 411 0 467
1373068800 0 415 0 548
1373061600 0 412 0 519
1373054400 0 409 0 465
1373047200 0 409 0 460
1373040000 0 407 0 471
1373032800 0 406 0 468
1373025600 0 407 0 449
1373018400 0 403 0 466
1373011200 0 406 0 456
1373004000 0 402 0 466
1372996800 0 407 0 475
1372989600 0 406 0 439
1372982400 0 409 0 457
1372975200 0 405 0 457
1372968000 0 409 0 502
1372960800 0 407 0 491
1372953600 0 407 0 461
1372946400 0 411 0 462
1372939200 0 410 0 463
1372932000 0 408 0 476
1372924800 0 421 0 603
1372917600 0 412 0 462
1372910400 0 412 0 465
1372903200 0 421 0 492
1372896000 0 429 0 482
1372888800 0 554 0 874
1372881600 0 746 0 1053
1372874400 0 865 0 3044
1372867200 0 670 0 854
1372860000 0 723 0 1463
1372852800 0 417 0 526
1372845600 0 411 0 467
1372838400 0 444 0 816
1372831200 0 416 0 478
1372824000 0 416 0 483
1372816800 0 425 0 481
1372809600 0 478 0 1039
1372802400 0 674 0 971
1372795200 0 702 0 889
1372788000 0 717 0 1238
1372780800 0 686 0 1092
1372773600 0 608 0 1499
1372766400 0 351 0 398
1372759200 0 367 0 574
1372752000 0 370 0 644
1372744800 0 347 0 407
1372737600 0 355 0 408
1372730400 0 417 0 468
1372723200 0 513 0 773
1372716000 0 1011 0 1744
1372708800 0 872 0 1537
1372701600 0 675 0 916
1372694400 0 775 0 1190
1372687200 0 673 0 1326
1372680000 0 353 0 400
1372672800 0 370 0 562
1372665600 0 362 0 548
1372658400 0 351 0 394
1372651200 0 352 0 394
1372644000 0 350 0 389
1372636800 0 355 0 418
1372629600 0 351 0 406
1372622400 0 358 0 409
1372615200 0 353 0 407
1372608000 0 354 0 407
1372600800 0 349 0 403
1372593600 0 354 0 403
1372586400 0 363 0 578
1372579200 0 373 0 586
1372572000 0 353 0 401
1372564800 0 354 0 404
1372557600 0 354 0 407
1372550400 0 355 0 403
1372543200 0 361 0 406
1372536000 0 360 0 423
1372528800 0 364 0 455
1372521600 0 356 0 398
1372514400 0 368 0 461
1372507200 0 353 0 397
1372500000 0 367 0 542
1372492800 0 383 0 655
1372485600 0 359 0 433
1372478400 0 358 0 433
1372471200 0 385 0 522
1372464000 0 480 0 724
1372456800 0 671 0 927
1372449600 0 697 0 905
1372442400 0 767 0 1141
1372435200 0 671 0 1157
1372428000 0 605 0 1038
1372420800 0 470 0 528
1372413600 0 485 0 706
1372406400 0 515 0 882
1372399200 0 470 0 524
1372392000 0 470 0 567
1372384800 0 491 0 811
1372377600 0 595 0 917
1372370400 0 606 0 876
1372363200 0 769 0 1525
1372356000 0 740 0 1081
1372348800 0 679 0 1084
1372341600 0 666 0 1639
1372334400 0 481 0 523
1372327200 0 500 0 702
1372320000 0 522 0 774
1372312800 0 480 0 545
1372305600 0 618 0 1815
1372298400 0 601 0 1628
1372291200 0 602 0 996
1372284000 0 768 0 1785
1372276800 0 713 0 1042
1372269600 0 706 0 981
1372262400 0 715 0 1226
1372255200 0 602 0 1011
1372248000 0 439 0 506
1372240800 0 448 0 707
1372233600 0 477 0 765
1372226400 0 437 0 513
1372219200 0 472 0 798
1372204800 0 613 0 2091
1372118400 0 588 0 2403
1372032000 0 320 0 594
1371945600 0 333 0 589
1371859200 0 528 0 1439
1371772800 0 464 0 2534
1371686400 0 506 0 2317
1371600000 0 576 0 3631
1371513600 0 566 0 20853
1371427200 0 331 0 643
1371340800 0 343 0 560
1371254400 0 522 0 1382
1371168000 0 648 0 21239
1371081600 0 494 0 1533
1370995200 0 473 0 1090
1370908800 0 492 0 1938
1370822400 0 334 0 558
1370736000 0 330 0 578
1370649600 0 471 0 1025
1370563200 0 477 0 1238
1370476800 0 513 0 1294
1370390400 0 532 0 1436
1370304000 0 509 0 1691
1370217600 0 327 0 532
1370131200 0 331 0 537
1370044800 0 491 0 1482
1369958400 0 563 0 22661
1369872000 0 516 0 19537
1369785600 0 451 0 1092
1369699200 0 312 0 377
1369612800 0 312 0 380
1369526400 0 316 0 381
1369440000 0 405 0 1644
1369353600 0 440 0 1477
1369267200 0 467 0 1183
1369180800 0 476 0 2169
1369094400 0 440 0 1661
1369008000 0 255 0 317
1368921600 0 266 0 442
1368835200 0 488 0 1370
1368748800 0 544 0 1425
1368662400 0 593 0 1653
1368576000 0 586 0 1209
1368489600 0 562 0 1640
1368403200 0 393 0 590
1368316800 0 399 0 679
1368230400 0 567 0 6895
1368144000 0 527 0 1287
1368057600 0 516 0 1375
1367971200 0 562 0 1145
1367884800 0 489 0 2062
1367798400 0 316 0 532
1367712000 0 347 0 581
1367625600 0 509 0 2182
1367539200 0 628 0 2914
1367452800 0 599 0 2008
1367366400 0 611 0 2135
1367280000 0 591 0 2167
1367193600 0 379 0 607
1367107200 0 429 0 654
1367020800 0 563 0 1246
1366934400 0 574 0 1733
1366848000 0 533 0 1288
1366761600 0 591 0 1886
1366675200 0 496 0 1391
1366588800 0 264 0 458
1366502400 0 272 0 570
1366416000 0 545 0 1360
1366329600 0 2627 0 496722
1366243200 0 729 0 2030
1366156800 0 787 0 2141
1366070400 0 668 0 6026
1365984000 0 374 0 619
1365897600 0 385 0 841
1365811200 0 749 0 3550
1365724800 0 672 0 1737
1365638400 0 726 0 2048
1365552000 0 684 0 2709
1365465600 0 588 0 1727
1365379200 0 340 0 606
1365292800 0 359 0 646
1365206400 0 711 0 2202
1365120000 0 676 0 1936
1365033600 0 661 0 2409
1364947200 0 878 0 1921
1364860800 0 767 0 2132
1364774400 0 476 0 961
1364688000 0 501 0 871
1364601600 0 817 0 2478
1364515200 0 922 0 1917
1364428800 0 804 0 1809
1364342400 0 806 0 1799
1364256000 0 715 0 2281
1364169600 0 468 0 722
1364083200 0 473 0 892
1363996800 0 744 0 2747
1363910400 0 658 0 1707
1363824000 0 786 0 2305
1363737600 0 761 0 2403
1363651200 0 702 0 1844
1363564800 0 424 0 718
1363478400 0 412 0 837
1363392000 0 725 0 6863
1363305600 0 845 0 8046
1363219200 0 1102 0 49400
1363132800 0 1715 0 98479
1363046400 0 1029 0 26380
1362960000 0 419 0 1738
1362873600 0 460 0 6389
1362787200 0 774 0 2296
1362700800 0 893 0 13355
1362614400 0 817 0 6772
1362528000 0 1013 0 8123
1362441600 0 798 0 7801
1362355200 0 464 0 1756
1362268800 0 509 0 10535
1362182400 0 786 0 10747
1362096000 0 958 0 19148
1362009600 0 690 0 2166
1361923200 0 734 0 5874
1361836800 0 796 0 23163
1361750400 0 430 0 1793
1361664000 0 556 0 15171
1361577600 0 776 0 12385
1361491200 0 1009 0 19784
1361404800 0 1111 0 12669
1361318400 0 1056 0 12953
1361232000 0 914 0 24747
1361145600 0 722 0 1630
1361059200 0 720 0 1406
1360972800 0 937 0 2496
1360886400 0 1253 0 40340
1360800000 0 1274 0 22106
1360713600 0 1041 0 12139
1360627200 0 1128 0 23294
1360540800 0 682 0 1088
1360454400 0 691 0 2029
1360368000 0 917 0 16157
1360281600 0 1042 0 7309
1360195200 0 1075 0 9230
1360108800 0 1237 0 25934
1360022400 0 1122 0 21668
1359936000 0 695 0 1011
1359849600 0 794 0 14135
1359763200 0 1133 0 12411
1359676800 0 1215 0 13070
1359590400 0 1037 0 5023
1359504000 0 1033 0 10458
1359417600 0 1056 0 16886
1359331200 0 723 0 2020
1359244800 0 729 0 1991
1359158400 0 1186 0 13795
1359072000 0 1488 0 51962
1358985600 0 1069 0 18839
1358899200 0 1099 0 25586
1358812800 0 831 0 7276
1358726400 0 811 0 2211
1358640000 0 821 0 1733
1358553600 0 1163 0 11577
1358467200 0 2007 0 84815
1358380800 0 1323 0 41998
1358294400 0 1161 0 26592
1358208000 0 1004 0 7383
1358121600 0 665 0 886
1358035200 0 678 0 896
1357948800 0 937 0 2235
1357862400 0 949 0 2014
1357776000 0 999 0 2209
1357689600 0 954 0 1867
1357603200 0 931 0 2499
1357516800 0 656 0 906
1357430400 0 668 0 849
1357344000 0 827 0 1919
1357257600 0 913 0 1865
1357171200 0 806 0 3366
1357084800 0 609 0 763
1356998400 0 771 0 1443
1356912000 0 689 0 798
1356825600 0 696 0 925
1356739200 0 872 0 1670
1356652800 0 873 0 1570
1356566400 0 765 0 1624
1356480000 0 584 0 660
1356393600 0 584 0 666
1356307200 0 584 0 654
1356220800 0 591 0 778
1356134400 0 788 0 1337
1356048000 0 861 0 1577
1355961600 0 811 0 1770
1355875200 0 806 0 1335
1355788800 0 795 0 1316
1355702400 0 677 0 949
1355616000 0 696 0 1163
1355529600 0 906 0 1788
1355443200 0 3268 0 507917
1355356800 0 958 0 2066
1355270400 0 1045 0 48615
1355184000 0 891 0 1618
1355097600 0 759 0 948
1355011200 0 784 0 1141
1354924800 0 1021 0 2738
1354838400 0 984 0 2022
1354752000 0 960 0 1466
1354665600 0 1008 0 2137
1354579200 0 854 0 1954
1354492800 0 635 0 701
1354406400 0 651 0 979
1354320000 0 822 0 1442
1354233600 0 805 0 1303
1354147200 0 930 0 1684
1354060800 0 990 0 10558
1353974400 0 572 0 1512
1353888000 0 315 0 749
1353801600 0 311 0 387
1353715200 0 314 0 386
1353628800 0 315 0 451
1353542400 0 496 0 1382
1353456000 0 643 0 9397
1353369600 0 520 0 1627
1353283200 0 322 0 509
1353196800 0 335 0 530
1353110400 0 577 0 1139
1353024000 0 603 0 1090
1352937600 0 654 0 1670
1352851200 0 618 0 1748
1352764800 0 507 0 1299
1352678400 0 365 0 538
1352592000 0 379 0 570
1352505600 0 599 0 1737
1352419200 0 579 0 1035
1352332800 0 613 0 1165
1352246400 0 567 0 1585
1352160000 0 434 0 1197
1352073600 0 288 0 370
1351987200 0 335 0 543
1351900800 0 520 0 1015
1351814400 0 526 0 1123
1351728000 0 523 0 1397
1351641600 0 431 0 549
1351555200 0 445 0 927
1351468800 0 457 0 769
1351382400 0 458 0 785
1351296000 0 662 0 1543
1351209600 0 806 0 1695
1351123200 0 778 0 1633
1351036800 0 773 0 1491
1350950400 0 702 0 1741
1350864000 0 490 0 2421
1350777600 0 493 0 1596
1350691200 0 704 0 2584
1350604800 0 902 0 18864
1350518400 0 751 0 7195
1350432000 0 682 0 1439
1350345600 0 653 0 1633
1350259200 0 475 0 951
1350172800 0 486 0 959
1350086400 0 711 0 1533
1350000000 0 698 0 2068
1349913600 0 683 0 1331
1349827200 0 687 0 1302
1349740800 0 621 0 1206
1349654400 0 521 0 669
1349568000 0 526 0 757
1349481600 0 674 0 1317
1349395200 0 697 0 1506
1349308800 0 787 0 1543
1349222400 0 730 0 1719
1349136000 0 614 0 2759
1349049600 0 412 0 801
1348963200 0 415 0 702
1348876800 0 616 0 1464
1348790400 0 660 0 1674
1348704000 0 798 0 14325
1348617600 0 727 0 4663
1348531200 0 659 0 8581
1348444800 0 441 0 701
1348358400 0 458 0 857
1348272000 0 667 0 1886
1348185600 0 711 0 1830
1348099200 0 779 0 2318
1348012800 0 831 0 2076
1347926400 0 644 0 1725
1347840000 0 450 0 600
1347753600 0 454 0 593
1347667200 0 546 0 1129
1347580800 0 605 0 1900
1347494400 0 655 0 3581
1347408000 0 606 0 1397
1347321600 0 562 0 1251
1347235200 0 426 0 556
1347148800 0 439 0 678
1347062400 0 653 0 1568
1346976000 0 702 0 5023
1346889600 0 696 0 7050
1346803200 0 710 0 5327
1346716800 0 479 0 788
1346630400 0 476 0 798
1346544000 0 472 0 788
1346457600 0 644 0 1323
1346371200 0 762 0 2280
1346284800 0 725 0 1368
1346198400 0 715 0 1755
1346112000 0 710 0 1786
1346025600 0 551 0 797
1345939200 0 560 0 868
1345852800 0 694 0 1484
1345766400 0 734 0 1544
1345680000 210 9532 43695 1846799
1345593600 0 741 0 1612
1345507200 0 643 0 1530
1345420800 0 471 0 685
1345334400 0 481 0 751
1345248000 0 693 0 1672
1345161600 0 745 0 1934
1345075200 0 719 0 1443
1344988800 0 739 0 1392
1344902400 0 625 0 1176
1344816000 0 478 0 555
1344729600 0 504 0 745
1344643200 0 710 0 1336
1344556800 0 707 0 1347
1344470400 0 660 0 1235
1344384000 0 731 0 1462
1344297600 0 695 0 2311
1344211200 0 465 0 541
1344124800 0 472 0 665
1344038400 0 709 0 1933
1343952000 0 675 0 1859
1343865600 0 739 0 1960
1343779200 0 722 0 2067
1343692800 0 662 0 1903
1343606400 0 462 0 541
1343520000 0 482 0 964
1343433600 0 738 0 2157
1343347200 0 748 0 1754
1343260800 0 751 0 2147
1343174400 0 795 0 1542
1343088000 0 676 0 1652
1343001600 0 511 0 708
1342915200 0 540 0 1005
1342828800 0 691 0 1142
1342742400 0 765 0 1588
1342656000 0 813 0 3005
1342569600 0 657 0 1294
1342483200 0 689 0 1754
1342396800 0 486 0 570
1342310400 0 500 0 726
1342224000 0 733 0 1401
1342137600 0 696 0 1346
1342051200 0 671 0 1343
1341964800 0 661 0 1425
1341878400 0 636 0 1394
1341792000 0 495 0 611
1341705600 0 502 0 587
1341619200 0 589 0 1144
1341532800 0 610 0 1231
1341446400 0 494 0 593
1341360000 0 616 0 1116
1341273600 0 627 0 1338
1341187200 0 488 0 650
1341100800 0 492 0 717
1341014400 0 686 0 1191
1340928000 0 712 0 1401
1340841600 0 763 0 1904
1340755200 0 942 0 2982
1340668800 0 1328 0 4870
1340582400 0 497 0 585
1340496000 0 507 0 968
1340409600 0 1004 0 3388
1340323200 0 1148 0 3883
1340236800 0 797 0 2213
1340150400 0 789 0 3913
1340064000 0 773 0 15428
1339977600 0 541 0 773
1339891200 0 543 0 782
1339804800 0 1035 0 2441
1339718400 0 730 0 1452
1339632000 0 811 0 1712
1339545600 0 759 0 1593
1339459200 0 747 0 2304
1339372800 0 514 0 604
1339286400 0 516 0 690
1339200000 0 713 0 1692
1339113600 0 1048 0 2588
1339027200 0 719 0 1818
1338940800 0 1143 0 3514
1338854400 0 861 0 2239
1338768000 0 540 0 763
1338681600 0 545 0 753
1338595200 0 958 0 2786
1338508800 0 1041 0 5753
1338422400 0 674 0 2986
1338336000 0 697 0 1994
1338249600 0 521 0 624
1338163200 0 525 0 626
1338076800 0 500 0 685
1337990400 0 679 0 1635
1337904000 0 687 0 1221
1337817600 0 778 0 9690
1337731200 4 812 1655 6623
1337644800 0 3793 0 836920
1337558400 0 318 0 397
1337472000 0 330 0 1720
1337385600 0 817 0 2602
1337299200 0 846 0 2557
1337212800 0 803 0 2290
1337126400 0 579 0 1332
1337040000 0 521 0 1761
1336953600 0 386 0 489
1336867200 0 428 0 703
1336780800 0 993 0 4684
1336694400 0 791 0 2577
1336608000 0 645 0 2274
1336521600 0 612 0 1844
1336435200 0 966 0 3253
1336348800 0 433 0 8062
1336262400 0 384 0 522
1336176000 0 486 0 1342
1336089600 0 763 0 7070
1336003200 0 1326 0 164347
1335916800 0 851 0 4985
1335830400 0 649 0 23151
1335744000 0 424 0 521
1335657600 0 440 0 588
1335571200 0 557 0 1114
1335484800 0 571 0 1326
1335398400 0 578 0 2408
1335312000 0 540 0 1512
1335225600 0 781 0 2779
1335139200 0 306 0 390
1335052800 0 313 0 609
1334966400 0 746 0 2030
1334880000 0 841 0 2037
1334793600 0 823 0 11004
1334707200 0 832 0 3072
1334620800 0 707 0 2384
1334534400 0 328 0 435
1334448000 0 353 0 781
1334361600 0 507 0 1083
1334275200 0 831 0 2619
1334188800 0 924 0 5507
1334102400 0 934 0 2828
1334016000 0 611 9 1829
1333929600 0 290 4 377
1333843200 0 298 9 567
1333756800 0 865 4 3576
1333670400 0 846 10 4074
1333584000 0 918 4 2256
1333497600 0 512 9 1093
1333411200 0 1017 4 11126
1333324800 0 350 9 473
1333238400 0 314 4 577
1333152000 0 764 9 2020
1333065600 0 915 4 2709
1332979200 0 945 9 2696
1332892800 0 612 4 1342
1332806400 0 865 9 5638
1332720000 0 403 4 467
1332633600 0 415 9 684
1332547200 0 880 4 2528
1332460800 0 647 9 1224
1332374400 0 692 4 1288
1332288000 0 567 10 1660
1332201600 0 508 4 1203
1332115200 0 374 11 464
1332028800 0 382 4 731
1331942400 0 867 9 2229
1331856000 0 919 4 2659
1331769600 0 886 10 2912
1331683200 0 566 4 1643
1331596800 0 493 9 1218
1331510400 0 389 4 523
1331424000 0 400 9 693
1331337600 0 430 4 1262
1331251200 0 428 9 904
1331164800 0 442 4 1130
1331078400 0 518 10 1411
1330992000 0 557 9 1200
1330905600 0 476 9 600
1330819200 0 457 4 626
1330732800 0 498 10 823
1330646400 0 510 4 926
1330560000 0 506 9 1229
1330473600 0 530 4 1325
1330387200 0 485 10 1048
1330300800 0 351 4 600
1330214400 0 339 9 594
1330128000 0 506 4 907
1330041600 0 462 9 1170
1329955200 0 493 4 1038
1329868800 0 441 10 1103
1329782400 0 339 4 492
1329696000 0 343 9 413
1329609600 0 357 4 568
1329523200 0 444 9 1178
1329436800 0 451 4 1183
1329350400 0 450 9 1143
1329264000 0 503 4 1253
1329177600 0 564 9 1733
1329091200 0 409 4 528
1329004800 0 420 9 722
1328918400 0 514 4 5260
1328832000 0 452 9 777
1328745600 0 492 4 1265
1328659200 0 524 9 1627
1328572800 0 461 4 1298
1328486400 0 322 9 391
1328400000 0 334 4 592
1328313600 0 503 10 1184
1328227200 0 497 4 882
1328140800 0 498 9 993
1328054400 0 570 4 1283
1327968000 0 477 9 1398
1327881600 0 314 4 393
1327795200 0 341 9 743
1327708800 0 577 4 1126
1327622400 0 582 9 1431
1327536000 0 529 4 1522
1327449600 0 557 9 1516
1327363200 0 434 4 1206
1327276800 0 325 9 390
1327190400 0 316 4 553
1327104000 0 461 10 1164
1327017600 0 439 5 1016
1326931200 0 446 9 2544
1326844800 0 463 4 1629
1326758400 0 357 9 827
1326672000 0 316 4 383
1326585600 0 332 13 663
1326499200 0 535 4 1283
1326412800 0 548 9 1075
1326326400 0 560 4 3461
1326240000 406 15384 17108 666243
1326153600 0 516 0 2158
1326067200 0 269 0 341
1325980800 0 317 0 597
1325894400 0 461 0 1300
1325808000 0 507 0 948
1325721600 0 706 0 1217
1325635200 0 612 0 1432
1325548800 0 494 0 578
1325462400 0 497 0 572
1325376000 0 456 0 602
1325289600 0 501 0 1125
1325203200 0 540 0 1072
1325116800 0 617 0 1217
1325030400 0 576 0 1266
1324944000 0 428 0 467
1324857600 0 429 0 471
1324771200 0 429 0 477
1324684800 0 445 0 903
1324598400 0 550 0 1032
1324512000 0 543 0 964
1324425600 0 639 0 1452
1324339200 0 573 0 1262
1324252800 0 458 0 555
1324166400 0 476 0 756
1324080000 0 693 0 1329
1323993600 0 662 0 1245
1323907200 0 680 0 1659
1323820800 0 628 0 1307
1323734400 0 607 0 1327
1323648000 0 446 0 497
1323561600 0 454 0 666
1323475200 0 575 0 896
1323388800 0 579 2 1084
1323302400 0 578 2 1620
1323216000 0 619 1 1590
1323129600 0 617 1 1546
1323043200 0 444 2 500
1322956800 0 457 2 760
1322870400 0 704 2 1306
1322784000 0 677 2 1155
1322697600 0 644 2 1369
1322611200 0 640 2 1441
1322524800 0 629 2 1727
1322438400 0 438 2 501
1322352000 0 439 3 516
1322265600 0 472 2 568
1322179200 0 484 2 819
1322092800 0 622 2 1076
1322006400 0 595 2 1401
1321920000 0 546 2 1075
1321833600 0 439 2 505
1321747200 0 442 2 607
1321660800 0 650 2 1469
1321574400 0 591 7 1621
1321488000 0 574 5 1313
1321401600 0 543 4 1082
1321315200 0 538 5 1384
1321228800 0 438 4 491
1321142400 0 443 5 610
1321056000 0 529 4 1182
1320969600 0 574 5 2060
1320883200 0 628 5 1826
1320796800 0 618 6 1116
1320710400 0 621 5 1356
1320624000 0 464 4 572
1320537600 0 475 4 616
1320451200 0 639 5 1289
1320364800 0 675 8 1925
1320278400 0 629 5 1209
1320192000 0 627 5 1316
1320105600 0 666 8 2011
1320019200 0 496 6 592
1319932800 0 500 6 834
1319846400 0 543 11 896
1319760000 0 625 11 1317
1319673600 0 702 217 15879
1319587200 26 1691 3977 151224
1319500800 21 1180 3915 149701
1319414400 0 473 0 558
1319328000 0 475 0 870
1319241600 0 612 0 1188
1319155200 0 634 0 1546
1319068800 0 593 0 1128
1318982400 0 634 0 1231
1318896000 0 582 0 1176
1318809600 0 468 0 517
1318723200 0 471 0 726
1318636800 0 571 0 3562
1318550400 0 592 0 1795
1318464000 0 627 0 1542
1318377600 0 803 0 1989
1318291200 0 661 0 1727
1318204800 0 457 0 510
1318118400 0 464 0 1164
1318032000 0 614 0 1063
1317945600 0 651 0 1163
1317859200 0 630 0 1003
1317772800 0 706 0 1272
1317686400 0 699 0 1378
1317600000 0 530 0 617
1317513600 0 530 0 694
1317427200 0 703 0 1495
1317340800 0 720 0 1446
1317254400 0 687 0 1600
1317168000 0 661 0 1022
1317081600 0 662 0 1693
1316995200 0 476 0 523
1316908800 0 489 0 684
1316822400 0 639 0 1378
1316736000 0 663 0 1319
1316649600 0 688 0 1654
1316563200 0 676 0 1330
1316476800 0 750 0 3185
1316390400 0 511 0 580
1316304000 0 508 0 628
1316217600 0 663 0 1929
1316131200 0 775 0 2760
1316044800 0 639 0 1176
1315958400 0 745 0 2219
1315872000 0 669 0 1711
1315785600 0 503 0 696
1315699200 0 502 0 676
1315612800 0 718 0 1790
1315526400 0 665 0 1304
1315440000 0 759 0 2309
1315353600 0 761 0 2109
1315267200 0 502 0 563
1315180800 0 491 0 741
1315094400 0 491 0 555
1315008000 0 630 0 1375
1314921600 0 837 0 2015
1314835200 0 736 0 1557
1314748800 0 765 0 1654
1314662400 0 709 0 2569
1314576000 0 313 0 360
1314489600 0 325 0 573
1314403200 0 541 0 1379
1314316800 0 741 0 2389
1314230400 0 768 0 1935
1314144000 0 815 0 2540
1314057600 0 820 0 3317
1313971200 0 521 0 4710
1313884800 0 512 0 665
1313798400 0 731 0 2428
1313712000 0 775 0 2619
1313625600 0 756 0 1959
1313539200 0 825 0 1892
1313452800 0 779 0 2535
1313366400 0 514 0 558
1313280000 0 531 0 665
1313193600 0 837 0 2327
1313107200 0 781 0 2329
1313020800 0 791 0 2758
1312934400 0 877 0 2594
1312848000 0 828 0 2631
1312761600 0 523 0 591
1312675200 0 531 0 605
1312588800 0 739 0 2025
1312502400 0 807 0 3326
1312416000 0 760 0 2073
1312329600 0 784 0 1930
1312243200 0 723 0 1760
1312156800 0 498 0 717
1312070400 0 557 0 796
1311984000 0 681 0 1163
1311897600 0 742 0 1345
1311811200 0 706 0 1484
1311724800 0 787 0 1556
1311638400 0 721 0 1306
1311552000 0 571 0 672
1311465600 0 559 0 742
1311379200 0 678 0 1267
1311292800 0 688 0 1287
1311206400 0 655 0 1281
1311120000 0 633 0 1283
1311033600 0 618 0 2145
1310947200 0 518 0 582
1310860800 0 525 0 644
1310774400 0 645 0 1749
1310688000 0 640 0 1003
1310601600 0 713 0 2128
1310515200 0 683 0 1961
1310428800 0 646 0 1549
1310342400 0 477 0 522
1310256000 0 488 0 659
1310169600 0 624 0 1741
1310083200 0 685 0 1477
1309996800 0 654 0 1448
1309910400 0 634 0 2034
1309824000 0 479 0 524
1309737600 0 480 0 556
1309651200 0 492 0 586
1309564800 0 612 0 1462
1309478400 0 714 0 2473
1309392000 0 662 0 1893
1309305600 0 675 0 1743
1309219200 0 613 0 1738
1309132800 0 483 0 591
1309046400 0 487 0 610
