1377805801 25970798 568456858
1377805801 742 3130 742 3130
1377805502 619 2703 619 2703
1377805500 618 2703 619 2907
1377805200 604 2905 618 2907
1377804900 618 2642 662 3162
1377804600 662 3160 680 3162
1377804300 679 2595 680 2848
1377804000 569 2848 614 2857
1377803700 614 2859 763 3213
1377803400 762 3210 763 3213
1377803100 619 2853 620 3030
1377802800 599 3027 728 3030
1377802500 727 2691 728 2925
1377802200 655 2926 715 3200
1377801900 714 3201 715 3483
1377801600 702 3480 703 3483
1377801300 591 2662 717 3393
1377801000 716 3388 717 3393
1377800700 704 2669 705 2990
1377800400 631 3004 1580 5149
1377800100 1577 5137 1580 5149
1377799800 1220 3383 1354 4108
1377799500 1353 4104 1354 4108
1377799200 1211 2947 1789 3145
1377798900 1787 3144 1789 3145
1377798600 1478 3073 2265 7507
1377798300 2262 7495 2265 7507
1377798000 1501 3977 1503 3985
1377797700 1252 2923 1264 3168
1377797400 1263 3166 1264 3168
1377797100 1222 2972 2316 13062
1377796800 2311 13029 2316 13062
1377796500 965 3395 967 3399
1377796200 784 2911 925 3109
1377795900 926 3124 1104 5437
1377795600 1205 10389 31635 1491123
1377795300 31556 1487209 31635 1491123
1377795000 19915 904076 19915 904076
1377794700 19853 901074 19915 904076
1377794400 1455 3996 2104 47858
1377794100 2099 47567 2104 47858
1377793800 1441 4265 1592 5072
1377793500 1593 5085 1866 7120
1377793200 1864 7112 1866 7120
1377792900 1498 4843 1503 4856
1377792600 818 2931 820 2934
1377792300 576 2533 641 3145
1377792000 644 3142 1223 3145
1377791700 1222 2837 1223 7455
1377791400 1187 7440 1257 7455
1377791100 1257 3008 1351 3009
1377790800 1351 2913 1533 3038
1377790500 1532 3040 1533 3911
1377790200 1386 3914 2370 4397
1377789900 2397 4439 10688 17213
1377789600 10663 17191 10688 17213
1377789300 3363 10779 3381 10828
1377789000 688 3507 731 4059
1377788700 731 4056 841 4059
1377788400 839 3358 841 3363
1377788100 619 2681 751 4595
1377787800 751 4584 752 4595
1377787500 751 3039 752 3041
1377787200 643 2870 654 3094
1377786900 655 3131 922 8699
1377786600 925 8697 1886 8699
1377786300 1884 8380 1886 8383
1377786000 1584 7943 1588 7961
1377785700 666 2632 667 2652
1377785400 606 2652 652 2769
1377785100 651 2770 652 3023
1377784800 577 3020 607 3023
1377784500 606 2665 607 2964
1377784200 533 2965 757 3495
1377783900 755 3487 757 3495
1377783600 568 2392 667 2580
1377783300 666 2582 667 2910
1377783000 602 2908 669 2910
1377782700 668 2563 669 2712
1377782400 645 2709 646 2712
1377782100 603 2044 708 3232
1377781800 706 3226 708 3232
1377781500 542 2398 633 2845
1377781200 632 2839 633 2845
1377780900 587 2051 614 2469
1377780600 613 2466 614 2469
1377780300 595 2021 666 2443
1377780000 666 2442 669 2443
1377779700 668 2427 669 2429
1377779400 522 2132 663 2355
1377779100 662 2355 663 2444
1377778800 622 2442 623 2444
1377778500 622 2107 661 2505
1377778200 660 2504 661 2505
1377777900 644 2338 645 2447
1377777600 622 2443 623 2447
1377777300 552 1899 749 2581
1377777000 748 2580 749 2581
1377776700 718 2337 719 2504
1377776400 654 2502 655 2504
1377776100 538 1986 635 2477
1377775800 635 2475 643 2477
1377775500 642 2242 643 2458
1377775200 571 2454 650 2458
1377774900 650 1979 675 2481
1377774600 674 2480 675 2481
1377774300 634 2282 635 2500
1377774000 624 2496 625 2500
1377773700 563 1911 619 2499
1377773400 618 2498 619 2499
1377773100 605 2251 792 2610
1377772800 790 2605 792 2610
1377772500 530 1950 628 2466
1377772200 628 2465 648 2466
1377771900 647 2289 648 2480
1377771600 632 2476 633 2480
1377771300 523 1904 754 2504
1377771000 753 2502 754 2504
1377770700 627 2293 665 2465
1377770400 664 2463 665 2465
1377770100 516 1930 626 2461
1377769800 626 2459 681 2461
1377769500 681 2260 711 2732
1377769200 709 2726 711 2732
1377768900 523 1938 631 2504
1377768600 631 2503 638 2504
1377768300 638 2273 718 2509
1377768000 716 2505 718 2509
1377767700 567 1967 613 2402
1377767400 613 2402 640 2408
1377767100 640 2408 705 2540
1377766800 710 2536 1528 2540
1377766500 1522 2019 1528 2501
1377766200 702 2500 703 2501
1377765900 652 2379 653 2552
1377765600 641 2550 642 2552
1377765300 548 2119 680 2451
1377765000 679 2449 680 2451
1377764700 610 2263 633 2465
1377764400 632 2461 633 2465
1377764100 622 2002 626 2532
1377763800 626 2531 644 2532
1377763500 644 2357 666 2501
1377763200 665 2496 666 2501
1377762900 517 1871 620 2523
1377762600 620 2522 731 2523
1377762300 730 2406 731 2490
1377762000 640 2488 641 2490
1377761700 554 2102 650 2728
1377761400 650 2726 702 2728
1377761100 701 2327 702 2437
1377760800 628 2435 629 2437
1377760500 558 1958 729 2428
1377760200 728 2440 729 6080
1377759900 698 6056 780 6080
1377759600 778 2513 780 2518
1377759300 509 1882 620 2472
1377759000 620 2471 654 2472
1377758700 653 2285 654 2498
1377758400 641 2494 642 2498
1377758100 589 1944 692 2472
1377757800 691 2470 692 2472
1377757500 604 2307 631 2409
1377757200 630 2408 631 2409
1377756900 594 2264 595 2268
1377756600 447 1158 448 1162
1377756300 349 683 666 2453
1377756000 665 2452 666 2453
1377755700 614 2279 623 2464
1377755400 623 2462 669 2464
1377755100 669 1971 713 2485
1377754800 712 2484 713 2485
1377754500 648 2373 1119 2740
1377754200 1117 2737 1119 2740
1377753900 519 1934 634 2463
1377753600 634 2463 686 2517
1377753300 685 2516 686 2517
1377753000 620 2450 623 2452
1377752700 623 2077 687 2477
1377752400 686 2475 687 2477
1377752100 605 2246 638 2608
1377751800 637 2603 638 2608
1377751500 554 1929 629 2445
1377751200 629 2445 717 2655
1377750900 716 2654 717 2655
1377750600 677 2538 679 2543
1377750300 515 1938 646 2460
1377750000 646 2459 676 2460
1377749700 675 2344 676 2582
1377749400 673 2580 674 2582
1377749100 638 2180 798 6694
1377748800 796 6664 798 6694
1377748500 620 2263 621 2415
1377748200 548 2413 607 2415
1377747900 607 1971 709 2510
1377747600 708 2509 709 2510
1377747300 628 2285 670 2447
1377747000 668 2443 670 2447
1377746700 518 1949 702 5029
1377746400 702 5019 733 5029
1377746100 732 2320 733 2452
1377745800 631 2449 632 2452
1377745500 529 2066 691 2517
1377745200 690 2516 691 2517
1377744900 610 2235 611 2236
1377744600 526 2154 660 2260
1377744300 660 2262 713 2665
1377744000 712 2665 713 2830
1377743700 636 2826 637 2830
1377743400 607 2283 608 2295
1377743100 592 2295 639 2464
1377742800 639 2463 657 2464
1377742500 656 2298 657 2299
1377742200 619 2223 644 2408
1377741900 644 2408 685 2498
1377741600 684 2497 685 2498
1377741300 602 2304 603 2305
1377741000 551 2080 647 2366
1377740700 647 2366 733 2632
1377740400 731 2628 733 2632
1377740100 544 2074 672 2410
1377739800 671 2410 672 2445
1377739500 602 2444 640 2445
1377739200 639 2411 640 2414
1377738900 551 2103 709 2435
1377738600 708 2435 709 2535
1377738300 639 2534 702 2535
1377738000 701 2426 702 2428
1377737700 522 2105 627 2345
1377737400 627 2345 730 2513
1377737100 729 2512 730 2513
1377736800 642 2435 643 2437
1377736500 533 2152 711 2494
1377736200 710 2493 711 2494
1377735900 604 2449 605 2451
1377735600 545 2085 728 2492
1377735300 727 2491 728 2492
1377735000 632 2454 632 2495
1377734700 631 2492 632 2495
1377734400 616 2170 647 2737
1377734100 647 2736 671 2737
1377733800 672 2730 939 3089
1377733500 936 3084 939 3089
1377733200 571 2478 670 2905
1377732900 670 2904 740 2905
1377732600 739 2828 740 2829
1377732300 635 2676 649 2679
1377732000 649 2367 695 2875
1377731700 694 2874 695 2875
1377731400 675 2790 676 2942
1377731100 650 2938 707 2942
1377730800 706 2471 707 2849
1377730500 658 2848 743 2849
1377730200 742 2829 743 2830
1377729900 600 2557 679 2818
1377729600 681 2825 1341 5006
1377729300 1340 4992 1341 5006
1377729000 1278 2966 1279 2967
1377728700 1113 2888 1252 2946
1377728400 1252 2947 1363 3286
1377728100 1362 3283 1363 3286
1377727800 1160 2675 2610 8892
1377727500 2597 8857 2610 8892
1377727200 790 3695 791 4236
1377726900 769 4230 770 4236
1377726600 708 2729 709 2992
1377726300 701 2993 702 3300
1377726000 698 3296 699 3300
1377725700 590 2725 773 3035
1377725400 771 3035 773 3178
1377725100 585 3186 782 4407
1377724800 781 4403 782 4407
1377724500 767 3411 769 3416
1377724200 607 2699 728 4223
1377723900 727 4217 728 4223
1377723600 676 3425 699 3426
1377723300 699 3312 702 3314
1377723000 701 2826 702 3691
1377722700 665 3686 728 3691
1377722400 728 3092 859 6042
1377722100 861 6062 1593 12283
1377721800 1596 12270 2046 12283
1377721500 2039 10355 2046 10406
1377721200 1144 2808 1292 3399
1377720900 1291 3397 1292 3399
1377720600 1215 3241 1218 3242
1377720300 1219 3180 1811 9855
1377720000 1807 9833 1811 9855
1377719700 729 3474 780 3475
1377719400 779 3289 780 3291
1377719100 670 3019 671 3021
1377718800 604 2854 690 3360
1377718500 690 3356 691 3360
1377718200 690 2846 691 2846
1377717900 573 2845 639 2846
1377717600 639 2768 688 3206
1377717300 687 3204 688 3206
1377717000 672 2635 706 3269
1377716700 705 3265 706 3269
1377716400 601 2779 635 3384
1377716100 635 3381 705 3384
1377715800 704 2684 705 2734
1377715500 623 2733 624 2734
1377715200 628 2731 1260 4853
1377714900 1260 4855 1319 5190
1377714600 1319 5192 1434 6017
1377714300 1433 5999 1434 6017
1377714000 1425 3406 1426 4329
1377713700 1413 4321 1415 4329
1377713400 1225 3278 2793 11368
1377713100 2778 11316 2793 11368
1377712800 693 3630 1013 3652
1377712500 1012 3667 1013 8405
1377712200 886 8394 1832 8405
1377711900 1828 6855 1832 6867
1377711600 884 3534 886 3540
1377711300 3349 5469 396902 405169
1377711000 395580 403828 396902 405169
1377710700 587 2875 763 3082
1377710400 765 3099 1441 8424
1377710100 1453 8489 3314 18176
1377709800 3297 18077 3314 18176
1377709500 764 3356 765 3359
1377709200 615 2541 697 3077
1377708900 697 3074 736 3077
1377708600 736 2658 857 2856
1377708300 857 2879 998 6427
1377708000 1001 6580 1561 29414
1377707700 1555 29259 1561 29414
1377707400 757 6186 1610 7751
1377707100 1604 7741 1610 7751
1377706800 852 6281 1213 6294
1377706500 1211 4355 1213 4356
1377706200 637 4286 830 4717
1377705900 830 4716 837 4717
1377705600 836 4677 837 4681
1377705300 646 3804 1397 11390
1377705000 1392 11345 1397 11390
1377704700 733 4729 1112 13548
1377704400 1110 13478 1112 13548
1377704100 858 3069 1007 3890
1377703800 1007 3886 1121 3890
1377703500 1121 2949 1283 3143
1377703200 1287 3173 2672 12393
1377702900 2665 12366 2672 12393
1377702600 642 4503 804 4514
1377702300 803 2909 804 2986
1377702000 688 2985 689 2986
1377701700 631 2915 644 2916
1377701400 643 2773 644 2964
1377701100 596 2968 853 3660
1377700800 854 3665 1069 4416
1377700500 1067 4410 1069 4416
1377700200 712 2910 4377 20927
1377699900 4351 20802 4377 20927
1377699600 589 2297 590 2348
1377699300 567 2349 742 2822
1377699000 741 2820 742 2822
1377698700 616 2512 627 2824
1377698400 626 2821 627 2824
1377698100 607 2407 630 2454
1377697800 629 2459 630 3235
1377697500 544 3231 686 3235
1377697200 686 2780 758 2798
1377696900 757 2797 758 2798
1377696600 607 2577 608 2578
1377696300 599 2376 1648 2879
1377696000 1641 2877 1648 2879
1377695700 646 2709 647 3984
1377695400 644 3973 653 3984
1377695100 653 2462 690 2590
1377694800 689 2588 690 2590
1377694500 540 2098 694 2358
1377694200 693 2359 694 2520
1377693900 640 2518 641 2520
1377693600 582 2142 769 2539
1377693300 768 2537 769 2539
1377693000 663 2276 664 2278
1377692700 514 2092 690 2345
1377692400 689 2346 690 2836
1377692100 678 2833 679 2836
1377691800 616 1961 677 2456
1377691500 676 2455 677 2456
1377691200 668 2322 669 2440
1377690900 565 2437 668 2440
1377690600 668 2033 773 2655
1377690300 773 2653 781 2655
1377690000 780 2371 781 2440
1377689700 633 2438 634 2440
1377689400 570 1967 682 2450
1377689100 681 2449 682 2450
1377688800 645 2320 731 4455
1377688500 730 4441 731 4455
1377688200 711 2380 712 2381
1377687900 615 2140 664 2298
1377687600 663 2297 664 2298
1377687300 587 2164 655 2278
1377687000 654 2278 655 2526
1377686700 634 2525 783 2526
1377686400 782 2376 783 2377
1377686100 534 2114 669 2347
1377685800 668 2347 669 2439
1377685500 637 2437 674 2439
1377685200 673 2271 674 2500
1377684900 659 2498 660 2500
1377684600 618 1985 699 2584
1377684300 698 2582 699 2584
1377684000 669 2312 670 2416
1377683700 625 2415 630 2416
1377683400 629 2325 630 2326
1377683100 602 2198 743 2489
1377682800 742 2489 743 2529
1377682500 676 2527 677 2529
1377682200 657 2286 658 2287
1377681900 529 2089 695 2280
1377681600 694 2281 695 2606
1377681300 662 2604 716 2606
1377681000 715 2332 716 2491
1377680700 676 2487 677 2491
1377680400 564 2007 632 2603
1377680100 632 2601 694 2603
1377679800 693 2325 694 2548
1377679500 633 2547 670 2548
1377679200 669 2375 670 2377
1377678900 649 2133 650 2323
1377678600 635 2323 636 2541
1377678300 629 2540 692 2541
1377678000 691 2333 692 2408
1377677700 559 2407 725 2408
1377677400 724 2128 725 2736
1377677100 687 2734 688 2736
1377676800 674 2382 675 2443
1377676500 626 2442 627 2443
1377676200 604 2186 615 2314
1377675900 615 2314 737 2324
1377675600 736 2324 737 2463
1377675300 664 2461 665 2463
1377675000 661 2302 662 2303
1377674700 522 2110 709 2434
1377674400 708 2434 709 2489
1377674100 654 2487 655 2489
1377673800 639 2315 777 2562
1377673500 775 2559 777 2562
1377673200 584 2222 656 2601
1377672900 656 2600 720 2601
1377672600 719 2344 720 2460
1377672300 622 2456 623 2460
1377672000 562 1948 747 2520
1377671700 746 2519 747 2520
1377671400 656 2328 657 2452
1377671100 620 2451 623 2452
1377670800 622 2257 623 2258
1377670500 619 2195 644 2266
1377670200 644 2267 752 2521
1377669900 751 2519 752 2521
1377669600 657 2317 658 2319
1377669300 551 2119 729 2417
1377669000 729 2417 746 2507
1377668700 745 2506 746 2507
1377668400 743 2331 744 2540
1377668100 609 2537 631 2540
1377667800 630 1929 631 2444
1377667500 619 2442 681 2444
1377667200 681 2262 756 2813
1377666900 754 2807 756 2813
1377666600 540 1953 674 2485
1377666300 673 2484 674 2485
1377666000 666 2294 667 2419
1377665700 627 2417 628 2419
1377665400 624 1997 625 2461
1377665100 621 2460 739 2461
1377664800 738 2347 739 2634
1377664500 678 2631 679 2634
1377664200 595 2278 596 2279
1377663900 582 2107 698 2368
1377663600 697 2368 698 2516
1377663300 648 2514 651 2516
1377663000 651 2320 670 2321
1377662700 669 2230 670 2280
1377662400 650 2281 651 2466
1377662100 651 2465 726 2466
1377661800 724 2379 726 2381
1377661500 527 2095 668 2306
1377661200 668 2306 669 2452
1377660900 669 2451 743 2452
1377660600 742 2285 743 2525
1377660300 575 2523 674 2525
1377660000 673 2056 674 2444
1377659700 669 2443 670 2444
1377659400 649 2339 768 2552
1377659100 766 2547 768 2552
1377658800 558 1950 653 2461
1377658500 653 2465 761 3936
1377658200 760 3926 761 3936
1377657900 671 2529 672 2531
1377657600 617 2010 771 2509
1377657300 770 2508 771 2509
1377657000 656 2331 657 2433
1377656700 615 2431 616 2433
1377656400 602 1964 644 2446
1377656100 644 2445 717 2446
1377655800 716 2340 717 2613
1377655500 709 2612 710 2613
1377655200 581 2313 623 2315
1377654900 623 2158 703 2359
1377654600 702 2359 703 2490
1377654300 617 2490 691 2567
1377654000 690 2564 691 2567
1377653700 661 2199 664 2367
1377653400 663 2367 664 2511
1377653100 625 2510 717 2511
1377652800 715 2404 717 2406
1377652500 542 2140 746 2450
1377652200 745 2452 746 2803
1377651900 707 2801 708 2803
1377651600 694 2573 695 2752
1377651300 624 2750 724 2752
1377651000 723 2366 724 2796
1377650700 663 2795 695 2796
1377650400 695 2600 815 2835
1377650100 813 2831 815 2835
1377649800 606 2278 660 2738
1377649500 660 2736 735 2738
1377649200 734 2582 735 2935
1377648900 694 2933 695 2935
1377648600 619 2548 759 2581
1377648300 758 2581 759 2583
1377648000 689 2583 703 2764
1377647700 703 2763 774 2764
1377647400 773 2703 774 2704
1377647100 705 2567 797 2660
1377646800 796 2660 797 2821
1377646500 734 2820 735 2821
1377646200 700 2653 724 3056
1377645900 723 3053 724 3056
1377645600 650 2619 743 3128
1377645300 743 3126 790 3128
1377645000 791 2646 1290 8262
1377644700 1287 8243 1290 8262
1377644400 659 2686 703 2826
1377644100 702 2823 703 2826
1377643800 644 2400 686 2984
1377643500 685 2982 686 2984
1377643200 678 2714 836 3642
1377642900 835 3633 836 3642
1377642600 739 2433 740 2842
1377642300 686 2842 741 2862
1377642000 740 2860 741 2862
1377641700 595 2415 657 2628
1377641400 657 2629 753 3117
1377641100 752 3114 753 3117
1377640800 656 2309 903 3079
1377640500 902 3078 903 3079
1377640200 863 2900 1050 7082
1377639900 1047 7053 1050 7082
1377639600 720 2834 721 3238
1377639300 719 3231 720 3238
1377639000 639 2349 2015 5178
1377638700 2025 5171 3607 5178
1377638400 3598 4192 3607 7502
1377638100 2368 7512 2721 9083
1377637800 2709 9055 2721 9083
1377637500 965 4924 967 4933
1377637200 975 3643 2190 4654
1377636900 2186 4650 2190 4654
1377636600 1181 3662 1182 4511
1377636300 1068 4526 1157 6806
1377636000 1166 6803 3929 6806
1377635700 3942 6121 8021 10967
1377635400 7975 10924 8021 10967
1377635100 1145 4604 1148 4613
1377634800 847 3539 8115 34283
1377634500 8140 34159 11932 34283
1377634200 11863 15663 11932 15707
1377633900 1697 9164 1704 9206
1377633600 732 2942 733 3535
1377633300 691 3541 2164 5559
1377633000 2173 5602 5094 18603
1377632700 6266 18839 181012 54066
1377632400 180544 54100 181012 64271
1377632100 40731 64114 40859 64271
1377631800 2476 17241 2688 17249
1377631500 2687 15077 2688 34523
1377631200 2452 34467 2454 34523
1377630900 1991 17979 3037 26337
1377630600 3034 26268 3037 26337
1377630300 2305 5884 2311 5895
1377630000 655 2613 656 3096
1377629700 564 3092 633 3096
1377629400 632 2616 633 2740
1377629100 600 2739 601 2740
1377628800 510 2717 589 2718
1377628500 589 2684 681 3351
1377628200 679 3346 681 3351
1377627900 503 2672 504 2673
1377627600 490 2392 680 3116
1377627300 679 3114 680 3116
1377627000 532 2568 874 3791
1377626700 873 3788 874 3791
1377626400 741 3449 1662 6300
1377626100 1659 6280 1662 6300
1377625800 1408 3242 1468 3376
1377624600 1338 5022 2798 9570
1377622800 2080 10024 5262 37651
1377621000 778 3510 1243 5263
1377619200 710 5184 762 7632
1377617400 630 2928 687 3184
1377615600 658 2992 811 3667
1377613800 1124 4194 2561 8194
1377612000 246 1439 884 2548
1377610200 136 1011 242 1364
1377608400 127 793 242 949
1377606600 135 715 174 836
1377604800 148 764 236 958
1377603000 123 736 176 877
1377601200 126 719 219 899
1377599400 131 856 204 1478
1377597600 133 778 187 903
1377595800 122 748 198 1066
1377594000 129 762 176 1017
1377592200 120 738 205 1038
1377590400 123 715 182 944
1377588600 115 717 181 885
1377586800 126 700 219 828
1377585000 187 764 592 2316
1377583200 598 2313 711 2614
1377581400 586 2356 695 2505
1377579600 569 2287 642 2449
1377577800 593 2368 714 2508
1377576000 578 2305 615 2539
1377574200 569 2310 678 2586
1377572400 594 2376 675 2533
1377570600 613 3350 795 8494
1377568800 594 2350 716 2550
1377567000 583 2353 662 2529
1377565200 611 2501 674 2764
1377563400 1149 3853 2623 7927
1377561600 1614 5833 1880 7927
1377559800 1893 6466 3979 12848
1377558000 2240 8786 3979 12848
1377556200 2645 11181 5236 133849
1377554400 3937 70279 5343 133849
1377552600 3341 43977 7047 219369
1377550800 2145 7531 3115 10825
1377549000 2041 7206 2965 10019
1377547200 2359 15256 3601 56499
1377545400 2228 7679 3269 9026
1377543600 4259 10600 13115 64725
1377541800 7027 29276 23509 66911
1377540000 3148 11707 7381 23414
1377538200 2327 9131 4717 13096
1377536400 59265 242810 344288 1392547
1377534600 2871 49419 5631 245021
1377532800 2304 8786 4863 16103
1377531000 758 4195 830 6496
1377529200 1944 9425 5267 26481
1377527400 1676 6480 4473 13399
1377525600 525 2643 605 3537
1377523800 561 2613 619 3075
1377522000 539 2232 654 2453
1377520200 534 2093 612 2258
1377518400 558 2111 716 2421
1377516600 546 2145 605 2283
1377514800 535 2085 615 2241
1377513000 547 2144 612 2335
1377511200 559 2230 671 2696
1377509400 542 2133 637 2226
1377507600 538 2119 615 2355
1377505800 545 2185 576 2268
1377504000 535 2125 681 2334
1377502200 546 2144 569 2324
1377500400 537 2134 622 2362
1377498600 551 2150 576 2188
1377496800 563 2100 692 2283
1377495000 717 2146 1555 2281
1377493200 535 2115 612 2211
1377491400 553 2129 584 2272
1377489600 540 2142 620 2282
1377487800 541 2087 629 2240
1377486000 553 2146 627 2267
1377484200 532 2081 610 2262
1377482400 559 2178 673 2494
1377480600 530 2086 625 2306
1377478800 554 2146 657 2238
1377477000 533 2093 654 2319
1377475200 583 2175 686 2330
1377473400 539 2096 651 2294
1377471600 556 2150 642 2306
1377469800 538 2093 633 2270
1377468000 571 2518 646 4247
1377466200 536 2083 623 2277
1377464400 555 2153 654 2282
1377462600 542 2097 654 2237
1377460800 553 2145 612 2241
1377459000 535 2097 588 2278
1377457200 553 2143 637 2309
1377455400 561 2149 649 2297
1377453600 601 2220 734 2538
1377451800 567 2165 629 2282
1377450000 523 2088 636 2264
1377448200 639 2172 1094 2305
1377446400 541 2111 632 2279
1377444600 563 2169 632 2299
1377442800 530 2099 669 2261
1377441000 560 2152 669 2257
1377439200 536 2088 593 2336
1377437400 542 2170 611 2336
1377435600 539 2132 611 2263
1377433800 551 2150 652 2262
1377432000 562 2160 687 2424
1377430200 546 2113 654 2271
1377428400 719 2155 1544 2310
1377426600 532 2076 634 2294
1377424800 556 2173 578 2391
1377423000 532 2091 622 2293
1377421200 553 2195 581 2309
1377419400 528 2098 611 2266
1377417600 554 2177 621 2301
1377415800 528 2077 624 2268
1377414000 554 2147 613 2254
1377412200 470 1708 623 2338
1377410400 578 2192 698 2342
1377408600 545 2086 611 2250
1377406800 556 2188 686 2380
1377405000 540 2109 686 2284
1377403200 550 2143 620 2261
1377401400 544 2075 620 2241
1377399600 538 2143 668 2290
1377397800 544 2092 668 2313
1377396000 556 2166 636 2379
1377394200 552 2146 625 2333
1377392400 536 2079 635 2225
1377390600 542 2147 657 2268
1377388800 576 2131 728 2437
1377387000 548 2162 604 2237
1377385200 550 2106 684 2310
1377383400 554 2179 617 2261
1377381600 545 2091 655 3601
1377379800 567 2429 650 3601
1377378000 541 2098 665 2304
1377376200 547 2143 654 2229
1377374400 531 2083 586 2206
1377372600 554 2146 666 2259
1377370800 536 2084 600 2263
1377369000 558 2156 679 2259
1377367200 604 2226 859 2648
1377365400 557 2164 619 2261
1377363600 540 2104 608 2259
1377361800 633 2180 1103 2311
1377360000 552 2124 618 2296
1377358200 691 2115 1479 2274
1377356400 569 2188 613 2241
1377354600 527 2096 621 2303
1377352800 538 2101 651 2300
1377351000 564 2146 651 2226
1377349200 531 2097 606 2245
1377347400 554 2185 620 2401
1377345600 559 2127 686 2418
1377343800 550 2151 611 2228
1377342000 540 2162 675 2313
1377340200 547 2095 631 2311
1377338400 553 2173 707 2473
1377336600 623 2101 1062 2261
1377334800 555 2223 644 2452
1377333000 534 2107 614 2307
1377331200 548 2204 623 2318
1377329400 522 2110 600 2255
1377327600 551 2164 600 2273
1377325800 467 1692 598 2191
1377324000 569 2157 644 2260
1377322200 543 2149 644 2296
1377320400 543 2095 650 2259
1377318600 558 2160 650 2274
1377316800 547 2104 597 2404
1377315000 548 2137 597 2404
1377313200 557 2142 668 2224
1377311400 558 2113 595 2443
1377309600 618 2458 686 2656
1377307800 630 2628 683 3714
1377306000 627 2523 748 4901
1377304200 681 3212 1007 4901
1377302400 678 3414 871 6240
1377300600 635 2780 732 3577
1377298800 666 3161 732 5008
1377297000 722 3824 1804 9210
1377295200 1862 8870 3165 14260
1377293400 1542 9483 2228 26883
1377291600 4070 11634 14331 24768
1377289800 3001 70465 7734 249083
1377288000 49528 84454 144281 162931
1377286200 1695 6856 4592 11862
1377284400 695 3924 799 6472
1377282600 1245 5487 1883 8356
1377280800 2030 10239 2982 19889
1377279000 31071 28113 93877 99300
1377277200 1698 9040 2295 18331
1377275400 2118 20662 2778 72983
1377273600 1828 12224 2169 25138
1377271800 1361 6258 1945 9044
1377270000 1633 8139 1945 10145
1377268200 1358 6310 1607 9039
1377266400 1327 5400 1646 7042
1377264600 2022 7868 4565 14275
1377262800 548 2316 640 2486
1377261000 557 2264 640 2436
1377259200 595 2324 711 2452
1377257400 569 2214 644 2337
1377255600 553 2252 654 2366
1377253800 577 2268 654 3878
1377252000 576 2569 681 3878
1377250200 577 2310 616 2342
1377248400 587 2358 684 2679
1377246600 572 2314 650 2463
1377244800 629 2357 849 2688
1377243000 571 2340 646 2559
1377241200 555 2196 646 2378
1377239400 570 2262 637 2411
1377237600 588 2270 752 2398
1377235800 559 2215 596 2377
1377234000 569 2250 658 2355
1377232200 578 2275 673 2420
1377230400 569 2254 640 2349
1377228600 555 2206 672 2418
1377226800 574 2286 692 2410
1377225000 587 2341 640 2675
1377223200 798 2664 1653 2834
1377221400 627 2461 725 2665
1377219600 658 2828 752 3709
1377217800 712 3452 1529 9178
1377216000 908 4928 1529 9178
1377214200 985 3707 488080 24959
1377212400 81601 9610 488080 60531
1377210600 3079 48328 6773 191781
1377208800 1698 13616 3017 49371
1377207000 70264 131413 409808 730306
1377205200 1542 21775 85565 92211
1377203400 15174 19928 85565 92211
1377201600 1630 19358 246381 256717
1377199800 41734 46325 246381 256717
1377198000 264 2780 455 4200
1377196200 646 6434 1345 15319
1377194400 2369 29219 6604 103172
1377192600 3175 77680 5719 223958
1377190800 4193 9576 20175 20810
1377189000 3738 10660 10347 22095
1377187200 2641 16873 6808 51252
1377185400 1106 7921 2046 18778
1377183600 1052 7343 1234 11175
1377181800 1124 6458 1818 9986
1377180000 332 3453 731 4709
1377178200 697 4281 4253 19412
1377176400 842 4585 4253 19412
1377174600 165 1433 214 3735
1377172800 144 948 221 1056
1377171000 142 935 232 1054
1377169200 147 925 213 1035
1377167400 147 931 234 990
1377165600 150 972 226 1216
1377163800 142 950 233 1161
1377162000 175 992 248 1171
1377160200 143 987 190 1194
1377158400 321 986 1302 1135
1377156600 150 1260 246 1733
1377154800 142 949 210 1102
1377153000 142 914 177 968
1377151200 131 1062 188 1475
1377149400 144 921 187 996
1377147600 153 983 209 1091
1377145800 163 1113 210 1435
1377144000 148 926 210 963
1377142200 145 930 211 1343
1377140400 171 994 306 1343
1377138600 144 952 189 1010
1377136800 158 946 217 1023
1377135000 144 981 181 1252
1377133200 149 935 229 1052
1377131400 284 2384 617 5364
1377129600 1502 60008 7146 324372
1377127800 233 3676 595 14970
1377126000 79274 82613 470233 326464
1377124200 1390 4817 654454 30909
1377122400 361375 129519 1496879 334615
1377120600 1277 7042 2283 61503
1377118800 1919 18843 4536 61503
1377117000 24375 35958 71314 116679
1377115200 665 3036 1286 10418
1377113400 1130 14542 2443 64229
1377111600 757 3501 1816 4970
1377109800 1176 4125 1816 9813
1377108000 1084 4165 1773 9813
1377106200 1301 3454 3626 4722
1377104400 2562 4292 10661 7262
1377102600 16530 27539 76963 94262
1377100800 12566 65051 57746 310826
1377099000 1960 6552 2480 7877
1377097200 1740 8002 2030 11023
1377095400 1849 8534 2700 11800
1377093600 2346 9075 2926 14172
1377091800 2802 19689 6017 70962
1377090000 602 2674 696 3337
1377088200 582 2408 641 3194
1377086400 606 2232 685 2425
1377084600 616 2251 692 2351
1377082800 604 2246 723 2546
1377081000 619 2297 743 2489
1377079200 746 2340 1455 3039
1377077400 617 2280 680 2511
1377075600 591 2247 687 2463
1377073800 618 2274 687 2575
1377072000 616 2343 754 2575
1377070200 614 2255 734 2374
1377068400 604 2195 692 2361
1377066600 621 2291 1143 29925
1377064800 770 6833 1143 29925
1377063000 615 2242 716 2322
1377061200 601 2192 706 2412
1377059400 626 2285 701 2405
1377057600 773 3643 1391 10093
1377055800 611 2434 716 2811
1377054000 607 2767 698 3301
1377052200 615 2906 648 3322
1377050400 619 2854 759 3170
1377048600 606 2935 640 3405
1377046800 617 3066 764 3254
1377045000 624 3163 685 3587
1377043200 701 3151 1082 3253
1377041400 595 2854 678 3305
1377039600 1064 5027 1417 6927
1377037800 1689 6485 2211 9445
1377036000 2147 8401 2392 10531
1377034200 1777 7958 2151 9666
1377032400 2375 10328 3620 17787
1377030600 584 2959 658 3370
1377028800 757 3596 2081 6551
1377027000 2056 7437 3734 14011
1377025200 1716 6050 2473 7065
1377023400 2055 6630 2541 10682
1377021600 2172 7463 2370 10682
1377019800 2431 6856 4019 10458
1377018000 2022 6757 2386 19116
1377016200 3312 16682 4758 29312
1377014400 1865 8177 3601 15913
1377012600 1620 6880 2036 9854
1377010800 2232 7949 3297 15894
1377009000 3653 48753 6912 244783
1377007200 2580 6746 3816 8586
1377005400 2891 11263 5574 18226
1377003600 595 2606 675 3006
1377001800 593 2381 725 2636
1377000000 618 2372 699 2551
1376998200 594 2439 1196 2570
1376996400 710 2555 1196 2895
1376994600 617 2367 673 2656
1376992800 646 2436 762 2584
1376991000 610 2379 670 2630
1376989200 630 2506 700 2945
1376987400 596 2396 705 2749
1376985600 628 2630 770 3461
1376983800 617 3174 661 4310
1376982000 608 2359 682 2577
1376980200 549 1956 682 2555
1376978400 611 2604 673 3394
1376976600 614 2359 673 2615
1376974800 606 2442 700 3138
1376973000 627 2539 700 2904
1376971200 649 2404 802 2684
1376969400 618 2507 675 2992
1376967600 608 2332 678 2610
1376965800 619 2490 688 3455
1376964000 615 2566 658 3455
1376962200 626 2449 731 2735
1376960400 607 2405 748 2735
1376958600 793 2478 1771 2666
1376956800 615 2767 759 3999
1376955000 655 3497 758 8762
1376953200 617 2859 698 3610
1376951400 329085 865172 1873565 4310119
1376949600 217890 347342 1275178 1235363
1376947800 82103 182589 469845 982269
1376946000 2170 8190 4248 13885
1376944200 1547 6378 2040 8740
1376942400 1917 7611 2201 9639
1376940600 2484 18385 2992 29156
1376938800 2228 9124 2603 14147
1376937000 2157 12121 3114 37385
1376935200 2898 29034 3209 42314
1376933400 2395 14106 3001 24029
1376931600 42208 899936 112368 3926782
1376929800 3031 10178 5075 18375
1376928000 3240 13046 3815 18029
1376926200 2745 10739 4749 153716
1376924400 3002 32150 4749 153716
1376922600 2691 10079 3636 19623
1376920800 4096 17366 6719 26094
1376919000 3242 16727 5289 28832
1376917200 645 2715 744 3064
1376915400 645 2487 689 2731
1376913600 647 2442 716 2702
1376911800 661 2546 725 2697
1376910000 648 2448 792 2758
1376908200 687 2493 762 2700
1376906400 647 2449 775 2654
1376904600 663 2563 754 2824
1376902800 647 2484 763 2715
1376901000 664 2594 702 2791
1376899200 644 2471 725 2719
1376897400 679 2575 767 2857
1376895600 664 2649 773 3417
1376893800 670 2570 701 2737
1376892000 646 2498 764 2786
1376890200 655 2477 697 2668
1376888400 840 2545 1817 2934
1376886600 676 2523 795 2708
1376884800 666 2492 721 2709
1376883000 644 2481 783 2669
1376881200 667 2495 721 2539
1376879400 660 2509 781 2677
1376877600 659 2420 689 2536
1376875800 660 2555 782 2726
1376874000 654 2489 704 2777
1376872200 673 2574 763 2844
1376870400 649 2423 738 2741
1376868600 669 2566 745 2868
1376866800 661 2511 709 2837
1376865000 703 2613 800 2840
1376863200 660 2452 786 2724
1376861400 674 2551 779 2732
1376859600 649 2493 765 2691
1376857800 667 2507 704 2874
1376856000 656 2491 766 2737
1376854200 660 2487 811 2748
1376852400 669 2521 765 2743
1376850600 636 2469 694 2714
1376848800 666 2493 725 2563
1376847000 654 2508 691 2861
1376845200 676 2683 818 3160
1376843400 771 2677 1252 2959
1376841600 751 2491 1194 2733
1376839800 660 2513 768 2709
1376838000 645 2773 760 3493
1376836200 668 2644 760 3344
1376834400 648 2474 756 3312
1376832600 670 2706 756 3312
1376830800 646 2422 684 2663
1376829000 666 2509 741 2754
1376827200 649 2472 690 2763
1376825400 659 2498 760 2651
1376823600 681 2525 741 2858
1376821800 676 2461 775 2696
1376820000 662 2415 715 2608
1376818200 641 2452 705 2712
1376816400 672 2535 834 2750
1376814600 646 2518 691 2810
1376812800 835 2528 1675 2702
1376811000 635 2430 723 2506
1376809200 673 2491 737 2618
1376807400 571 2050 689 2779
1376805600 655 2429 753 2757
1376803800 682 2547 783 2871
1376802000 648 2412 726 2674
1376800200 691 2560 809 2709
1376798400 659 2420 702 2729
1376796600 669 2508 799 2717
1376794800 647 2450 777 2530
1376793000 661 2488 777 2631
1376791200 680 2464 794 2798
1376789400 652 2450 732 2681
1376787600 706 2549 807 2708
1376785800 668 2521 736 2705
1376784000 656 2429 724 2691
1376782200 667 2531 737 2704
1376780400 681 2703 778 3337
1376778600 702 2538 918 2823
1376776800 671 2474 735 2705
1376775000 668 2533 713 2676
1376773200 668 2459 783 2643
1376771400 664 2475 815 2777
1376769600 668 2470 744 2654
1376767800 679 2517 733 2689
1376766000 667 2459 757 2549
1376764200 659 2478 729 2661
1376762400 672 2486 725 2575
1376760600 670 2500 728 2843
1376758800 661 2425 719 2719
1376757000 797 2634 1262 2753
1376755200 749 2477 1140 2596
1376753400 652 2457 778 2732
1376751600 656 2488 748 2639
1376749800 842 2531 1656 2726
1376748000 669 2488 727 2558
1376746200 663 2513 721 2684
1376744400 661 2452 727 2862
1376742600 664 2493 727 2661
1376740800 671 2485 688 2681
1376739000 658 2434 807 2775
1376737200 671 2446 719 2627
1376735400 703 2513 726 2741
1376733600 665 2439 726 2631
1376731800 661 2438 724 2579
1376730000 666 2465 722 2839
1376728200 693 2581 798 2802
1376726400 682 2517 747 2734
1376724600 748 2794 928 4312
1376722800 644 2289 714 2681
1376721000 591 2033 705 2574
1376719200 653 2395 778 2694
1376717400 667 2468 760 2639
1376715600 674 2458 738 2716
1376713800 702 2503 819 2648
1376712000 672 2448 749 2668
1376710200 664 2502 689 2659
1376708400 659 2452 789 2626
1376706600 684 2799 785 4205
1376704800 670 2497 779 2701
1376703000 672 2448 776 2575
1376701200 685 2481 784 2529
1376699400 1383 4935 2277 8474
1376697600 1382 5772 2035 8353
1376695800 1174 4224 1378 5043
1376694000 1644 6953 4214 17014
1376692200 2460 10128 4214 17014
1376690400 1969 7613 3844 16422
1376688600 3425 68693 10841 356802
1376686800 1949 10474 3903 18537
1376685000 1331 7037 2029 17186
1376683200 1651 6505 2248 10037
1376681400 2366 14750 3230 26936
1376679600 1794 7651 2064 11353
1376677800 2306 8398 3969 23197
1376676000 5479 177661 20061 1001899
1376674200 137780 220886 763412 585693
1376672400 2481 24613 4598 71427
1376670600 2542 20872 3928 85597
1376668800 1886 9427 4315 18399
1376667000 1236 5448 4315 18399
1376665200 914 4667 1266 12070
1376663400 685 3024 817 4464
1376661600 843 3740 1353 6220
1376659800 639 2632 693 3063
1376658000 647 2616 754 3063
1376656200 652 2563 703 2955
1376654400 650 2405 768 2635
1376652600 669 2501 709 2696
1376650800 649 2458 709 2669
1376649000 675 2448 862 2897
1376647200 679 2550 715 2897
1376645400 650 2389 712 2615
1376643600 674 2511 740 2698
1376641800 655 2505 744 2833
1376640000 666 2439 733 2625
1376638200 669 2542 792 2757
1376636400 649 2445 695 2894
1376634600 666 2497 728 2707
1376632800 653 2416 769 2752
1376631000 669 2491 737 2671
1376629200 648 2416 711 2641
1376627400 685 2537 951 2795
1376625600 666 2449 769 2718
1376623800 678 2549 785 2778
1376622000 655 2432 750 2694
1376620200 692 2571 761 2917
1376618400 673 2586 799 3119
1376616600 666 2464 798 2722
1376614800 721 2619 1280 4367
1376613000 1473 5389 1720 7057
1376611200 1584 5388 2276 7986
1376609400 1913 9639 2389 25432
1376607600 1794 7415 15033 558150
1376605800 121513 714933 979949 1600555
1376604000 164474 177362 979949 1014376
1376602200 3912 17441 6254 27630
1376600400 2451 9217 4757 17307
1376598600 1441 7143 5243 39354
1376596800 3832 26704 7956 59754
1376595000 3761 29309 11877 76892
1376593200 7172 57297 17985 123426
1376591400 261409 32831 1491953 71802
1376589600 2946 11774 4176 19445
1376587800 1835 7826 2775 13660
1376586000 1902 8220 2968 14954
1376584200 2036 7768 2467 10939
1376582400 2671 38575 6649 185999
1376580600 1741 8689 6433 30899
1376578800 687 4183 853 9355
1376577000 843 5202 1290 9355
1376575200 661 2779 741 3389
1376573400 647 2726 762 3030
1376571600 663 2587 726 2941
1376569800 659 2472 753 2594
1376568000 667 2529 747 2602
1376566200 649 2423 816 2683
1376564400 688 2508 816 2683
1376562600 691 2472 803 2530
1376560800 672 2471 763 3607
1376559000 676 2633 764 3607
1376557200 655 2382 763 2663
1376555400 671 2452 724 2659
1376553600 669 2579 706 3268
1376551800 674 2664 740 3042
1376550000 664 2429 734 2554
1376548200 587 2023 710 2676
1376546400 681 2497 746 2676
1376544600 678 2454 790 2687
1376539200 708 2449 1728 2668
1376532000 766 3811 2816 32854
1376524800 26018 33919 385176 489776
1376517600 745 3160 1038 5198
1376510400 713 3669 1058 16785
1376503200 789 3431 1724 7498
1376496000 657 2715 790 3936
1376488800 625 2375 758 4217
1376481600 652 2233 1005 4022
1376474400 631 2188 762 2572
1376467200 623 2242 729 2648
1376460000 702 2270 2154 2603
1376452800 653 2444 750 2765
1376445600 4835 7482 100190 114155
1376438400 48710 74341 741209 756497
1376431200 792 3148 1577 5211
1376424000 5823 8844 123483 137277
1376416800 10232 10888 119458 108924
1376409600 59287 125355 1377356 1381419
1376402400 58540 62431 1377356 1381419
1376395200 599 2198 1553 2385
1376388000 555 2253 721 3440
1376380800 534 2135 636 2481
1376373600 555 2224 758 2664
1376366400 566 2283 709 2884
1376359200 665 3264 1081 8745
1376352000 44335 50526 757300 767991
1376344800 1796 10140 3599 58737
1376337600 36759 46369 239212 250494
1376330400 1897 7974 5371 15925
1376323200 2398 9703 30757 62007
1376316000 1214 5479 6045 31788
1376308800 0 401 0 514
1376301600 0 405 0 583
1376294400 0 415 0 546
1376287200 0 393 0 490
1376280000 0 400 0 496
1376272800 0 393 0 495
1376265600 0 406 0 514
1376258400 0 396 0 536
1376251200 0 396 0 531
1376244000 0 401 0 550
1376236800 0 405 0 539
1376229600 0 400 0 547
1376222400 0 395 0 511
1376215200 0 409 0 584
1376208000 0 410 0 530
1376200800 0 396 0 550
1376193600 0 405 0 519
1376186400 0 397 0 491
1376179200 0 399 0 518
1376172000 0 398 0 498
1376164800 0 398 0 523
1376157600 0 405 0 532
1376150400 0 406 0 625
1376143200 0 406 0 562
1376136000 0 412 0 587
1376128800 0 422 0 585
1376121600 0 426 0 574
1376114400 0 410 0 546
1376107200 0 423 0 589
1376100000 0 444 0 589
1376092800 150 931 2394 7824
1376085600 4650 16218 41326 77955
1376078400 1987 7776 4619 40616
1376071200 1909 6973 5492 15935
1376064000 3927 8879 40418 64584
1376056800 20479 27633 446154 250680
1376049600 555 2248 692 2513
1376042400 552 2240 667 2477
1376035200 562 2282 673 2885
1376028000 600 2250 1581 2690
1376020800 567 2310 696 3341
1376013600 552 2258 660 2604
1376006400 901 3958 2079 12452
1375999200 2038 12416 8805 96606
1375992000 43919 124975 943510 849828
1375984800 32772 329251 227003 6741144
1375977600 321915 423046 5611262 4329652
1375970400 1911 5809 8352 25568
1375963200 158 852 286 1006
1375956000 197 871 1178 1163
1375948800 153 911 320 2142
1375941600 158 847 300 1003
1375934400 159 950 277 3174
1375927200 157 888 264 1076
1375920000 454 2366 1370 7978
1375912800 202518 247470 1890401 1922834
1375905600 1789 8270 4922 17596
1375898400 1395 7511 3220 24469
1375891200 2613 13690 6177 62905
1375884000 1903 44037 9525 607391
1375876800 543 2197 692 2417
1375869600 550 2257 788 2558
1375862400 542 2231 664 2495
1375855200 559 2336 699 4178
1375848000 565 2390 704 4585
1375840800 832 4792 3050 39863
1375833600 1006 6136 2158 19926
1375826400 4888 14197 75415 81870
1375819200 2274 12735 28126 95890
1375812000 1927 9423 6748 47885
1375804800 1902 8227 4560 15041
1375797600 1662 6548 5868 21146
1375790400 662 2519 762 2733
1375783200 671 2548 813 2859
1375776000 646 2448 829 2812
1375768800 662 2523 824 2776
1375761600 669 2516 822 2728
1375754400 895 4074 2991 20398
1375747200 21807 24326 379705 384614
1375740000 8114 20559 130212 203284
1375732800 1393 5666 3904 22041
1375725600 67915 188677 860160 2268713
1375718400 39312 99352 662401 1135867
1375711200 2345 46827 19092 936769
1375704000 619 2464 669 2841
1375696800 621 2465 671 2720
1375689600 620 2427 664 2861
1375682400 622 2462 681 3243
1375675200 642 2427 1178 2759
1375668000 618 2409 681 2667
1375660800 619 2407 668 2558
1375653600 621 2422 666 2583
1375646400 623 2416 692 2525
1375639200 622 2432 669 2597
1375632000 620 2427 682 2707
1375624800 620 2422 677 2670
1375617600 617 2454 675 2650
1375610400 621 2479 678 2679
1375603200 633 2407 1144 2722
1375596000 633 2473 745 2759
1375588800 636 2490 698 2744
1375581600 640 2523 714 3209
1375574400 663 2507 850 2811
1375567200 667 2510 767 2717
1375560000 664 2517 771 2798
1375552800 676 2547 786 2793
1375545600 661 2525 743 2818
1375538400 662 2511 756 2775
1375531200 699 2541 1152 3115
1375524000 666 2521 789 2753
1375516800 638 2344 745 2771
1375509600 639 2429 807 2829
1375502400 654 2475 784 2783
1375495200 701 3080 3500 127081
1375488000 1200 23759 5603 250147
1375480800 30708 36387 698042 360199
1375473600 5942 5430 125171 29033
1375466400 6167 10243 123648 128686
1375459200 3846 8102 67833 93441
1375452000 610 2393 772 3615
1375444800 627 2188 817 2827
1375437600 618 2143 702 2361
1375430400 615 2158 736 2368
1375423200 629 2209 809 2598
1375416000 644 2229 792 2859
1375408800 664 2414 808 2871
1375401600 729 2773 1499 3672
1375394400 756 3097 2027 9309
1375387200 659 3060 791 5161
1375380000 30835 22324 238498 240929
1375372800 1157 14902 6118 180899
1375365600 653 2652 759 3180
1375358400 710 2544 1577 3225
1375351200 686 2492 1136 2727
1375344000 641 2353 749 2611
1375336800 667 2511 803 2807
1375329600 665 2538 757 2873
1375322400 665 2534 744 2747
1375315200 100892 55579 1650104 764173
1375308000 59822 204945 1213038 835899
1375300800 31718 51214 258833 389072
1375293600 61822 64808 1458794 1442213
1375286400 833 5265 1775 14280
1375279200 646 2754 786 5325
1375272000 682 2576 886 3138
1375264800 664 2556 780 2940
1375257600 667 2565 766 2940
1375250400 670 2554 778 2771
1375243200 692 2622 1121 3256
1375236000 1003 4537 107103 4842649
1375228800 15726 219974 227019 4842649
1375221600 6599 23428 93408 103217
1375214400 1428 6362 4053 12617
1375207200 12085 23640 129065 362500
1375200000 1380 6108 4519 16983
1375192800 640 2940 756 3782
1375185600 684 2606 868 3575
1375178400 659 2527 1239 3197
1375171200 667 2413 1239 2790
1375164000 668 2545 811 3196
1375156800 665 2568 753 3077
1375149600 750 2970 1743 7736
1375142400 2162 12160 5265 89262
1375135200 7227 22120 136292 226489
1375128000 8375 21024 119564 132289
1375120800 15504 41269 207506 259842
1375113600 5047 10677 68752 83282
1375106400 196 734 694 1337
1375099200 195 596 1040 2100
1375092000 159 487 351 720
1375084800 153 485 247 720
1375077600 154 560 258 2386
1375070400 163 482 292 624
1375063200 155 482 254 647
1375056000 160 488 223 627
1375048800 174 512 551 1171
1375041600 153 471 678 559
1375034400 178 474 678 601
1375027200 167 499 276 661
1375020000 162 501 281 638
1375012800 154 468 275 543
1375005600 162 486 329 719
1374998400 152 481 225 583
1374991200 157 483 259 669
1374984000 168 484 313 698
1374976800 186 495 748 801
1374969600 162 561 281 2421
1374962400 210 564 1241 2144
1374955200 162 478 265 572
1374948000 166 484 260 601
1374940800 184 523 372 1067
1374933600 160 472 243 572
1374926400 165 480 265 572
1374919200 183 506 637 732
1374912000 175 497 557 2258
1374904800 612 1990 1106 2354
1374897600 589 2006 721 2546
1374890400 908 4308 5316 34091
1374883200 1327 5641 6560 48733
1374876000 2155 8783 6961 25845
1374868800 1599 7303 5483 20486
1374861600 3534 18735 9711 97120
1374854400 361209 320258 3771854 3830772
1374847200 2097 6450 10163 29586
1374840000 671 2433 1176 2607
1374832800 659 2431 742 2746
1374825600 656 2446 779 2746
1374818400 651 2461 826 3208
1374811200 662 2445 906 2730
1374804000 674 2559 868 3798
1374796800 1386 4984 5358 21213
1374789600 48909 65721 1131443 1416504
1374782400 4028 7995 65721 72366
1374775200 2577 8276 21160 32062
1374768000 14333 73176 244042 911814
1374760800 1458 8634 6829 68697
1374753600 651 2483 744 2706
1374746400 661 2553 922 3327
1374739200 638 2441 760 2851
1374732000 648 2484 760 2658
1374724800 667 2525 863 2754
1374717600 769 3576 2354 10693
1374710400 1192 4944 5217 23082
1374703200 1860 7405 5224 16904
1374696000 3103 64595 12186 434201
1374688800 61478 73629 720743 731557
1374681600 3423 29100 28494 361277
1374674400 1407 6362 6537 46102
1374667200 578 2140 640 2360
1374660000 582 2171 626 2546
1374652800 581 2177 626 2444
1374645600 579 2153 636 2364
1374638400 609 2198 772 2521
1374631200 618 2258 758 3096
1374624000 985 3362 4793 12302
1374616800 2036 7212 5111 15502
1374609600 1456 11827 6361 172002
1374602400 389110 49632 3756454 239403
1374595200 405845 449633 3557377 5829240
1374588000 1171 5495 4268 26947
1374580800 652 2508 803 2828
1374573600 657 2489 782 2800
1374566400 643 2419 769 3186
1374559200 650 2495 748 2694
1374552000 661 2497 783 2859
1374544800 660 2586 785 3183
1374537600 855 3329 2105 9763
1374530400 20451 45076 150061 218364
1374523200 1934 9037 6239 25647
1374516000 29416 61926 661734 668739
1374508800 2012 9563 5052 33448
1374501600 2391 43625 25955 869078
1374494400 619 2103 736 2421
1374487200 624 2109 724 2435
1374480000 636 2098 1126 2353
1374472800 618 2098 743 2297
1374465600 619 2086 818 2348
1374458400 614 2094 692 2355
1374451200 625 2115 732 2659
1374444000 620 2088 718 2245
1374436800 617 2079 753 2280
1374429600 626 2110 781 2546
1374422400 622 2101 757 2336
1374415200 620 2097 795 2560
1374408000 609 2080 761 2236
1374400800 646 2109 1202 2367
1374393600 594 1992 716 2313
1374386400 617 2087 693 2259
1374379200 627 2093 773 2357
1374372000 608 2088 707 2387
1374364800 623 2184 731 4394
1374357600 623 2096 793 2333
1374350400 611 2094 703 2271
1374343200 631 2111 843 2650
1374336000 640 2107 1037 2359
1374328800 617 2124 722 2346
1374321600 612 2089 691 2229
1374314400 616 2101 731 2476
1374307200 604 2015 745 2368
1374300000 611 2092 724 2315
1374292800 632 2117 789 2612
1374285600 631 2158 790 2467
1374278400 723 2752 1136 8437
1374271200 873 3837 2300 15483
1374264000 1020 4125 5118 15638
1374256800 636 2599 783 3275
1374249600 682 2894 881 4069
1374242400 954 3594 3802 12316
1374235200 669 2564 750 3257
1374228000 676 2558 843 2921
1374220800 668 2573 748 2924
1374213600 668 2537 800 2786
1374206400 673 2573 822 2948
1374199200 753 3300 1953 10123
1374192000 1165 7517 2674 29003
1374184800 671 2529 1178 2949
1374177600 29402 33996 636400 253607
1374170400 6824 5035 141460 17682
1374163200 683 3018 2116 11966
1374156000 609 2502 718 3804
1374148800 605 2277 722 2441
1374141600 625 2481 780 3734
1374134400 606 2227 834 2497
1374127200 614 2296 729 2617
1374120000 675 2511 1256 2933
1374112800 4061 7770 247175 256048
1374105600 163173 164142 3023813 3085919
1374098400 2675 10204 22752 32414
1374091200 1891 10078 6181 43247
1374084000 2515 34449 16401 596903
1374076800 3353 35084 15004 362615
1374069600 1442 8999 4249 96025
1374062400 715 2518 836 2693
1374055200 720 2526 869 2845
1374048000 747 2545 1214 2812
1374040800 721 2505 856 2700
1374033600 726 2523 819 2803
1374026400 742 2836 855 4554
1374019200 1382 17307 4553 161009
1374012000 1889 9524 3053 47437
1374004800 2401 10552 6833 27216
1373997600 5179 15184 80614 91385
1373990400 2209 31450 8101 143082
1373983200 2026 29085 7078 250293
1373976000 176 872 667 1068
1373968800 175 939 308 1643
1373961600 167 911 268 1246
1373954400 167 901 459 1196
1373947200 153 902 239 1073
1373940000 186 1131 534 5792
1373932800 4927 7277 105257 110900
1373925600 18419 37849 405467 410546
1373918400 40118 53058 430924 403847
1373911200 2263 29600 6065 243660
1373904000 101012 168219 1681580 1695087
1373896800 1185 4077 6021 14500
1373889600 36 478 55 559
1373882400 42 536 97 1942
1373875200 37 480 64 577
1373868000 58 477 550 568
1373860800 37 485 56 614
1373853600 38 536 75 1782
1373846400 36 477 50 562
1373839200 36 477 62 577
1373832000 36 484 69 670
1373824800 40 478 79 553
1373817600 36 476 71 648
1373810400 37 478 83 713
1373803200 37 481 71 630
1373796000 57 479 522 566
1373788800 38 482 64 659
1373781600 39 478 82 537
1373774400 37 597 85 1843
1373767200 36 480 78 566
1373760000 38 518 74 1253
1373752800 37 492 67 781
1373745600 34 405 67 511
1373738400 38 414 82 478
1373731200 36 411 71 516
1373724000 34 409 67 467
1373716800 57 415 534 500
1373709600 34 414 54 486
1373702400 35 428 62 571
1373695200 34 410 55 510
1373688000 36 413 67 490
1373680800 410 2218 3715 14493
1373673600 1041 5888 3973 15490
1373666400 12197 31598 231447 253021
1373659200 7453 28304 126384 220745
1373652000 1497 8212 5832 35289
1373644800 395 1933 3789 12354
1373637600 39 612 96 1063
1373630400 38 480 70 1045
1373623200 34 466 67 1095
1373616000 34 449 67 608
1373608800 35 441 71 497
1373601600 34 437 75 588
1373594400 392 1832 2061 8784
1373587200 5623 23955 96753 216024
1373580000 4183 5456 41554 47281
1373572800 1304 15245 3178 114701
1373565600 1073 6365 3000 24483
1373558400 502 2262 3990 14110
1373551200 37 595 71 1841
1373544000 73 571 183 853
1373536800 132 796 175 889
1373529600 147 941 317 2353
1373522400 422 1936 627 2631
1373515200 598 3554 1099 27800
1373508000 13849 16840 315318 331720
1373500800 26538 51449 387401 399033
1373493600 1916 8526 5221 27648
1373486400 1877 26015 5665 321890
1373479200 1931 8470 3967 19946
1373472000 3032 4536 49888 19314
1373464800 705 3056 3834 16590
1373457600 543 2148 824 2515
1373450400 535 2160 641 2334
1373443200 530 2165 628 2420
1373436000 537 2156 755 2401
1373428800 660 2288 1457 3231
1373421600 648 2668 1474 7783
1373414400 794 3996 2860 51290
1373407200 1683 8488 3058 51290
1373400000 2909 10386 38246 81852
1373392800 1523 7917 4334 20264
1373385600 2819 19739 11597 102626
1373378400 1298 6062 5260 17610
1373371200 527 2189 688 2446
1373364000 549 2280 1072 4393
1373356800 503 2089 634 2375
1373349600 533 2199 803 2514
1373342400 542 2234 726 2698
1373335200 836 4318 4790 43447
1373328000 982 4107 3064 10201
1373320800 1961 9432 4564 48890
1373313600 14349 24462 190501 285002
1373306400 585132 751639 2749221 2853297
1373299200 1266 7686 4331 48058
1373292000 1384 44232 9545 884494
1373284800 152 480 271 581
1373277600 159 485 257 607
1373270400 153 485 207 560
1373263200 158 491 267 580
1373256000 163 500 273 618
1373248800 157 493 236 584
1373241600 155 487 225 580
1373234400 164 623 306 3624
1373227200 159 492 251 628
1373220000 176 495 621 596
1373212800 172 514 490 1062
1373205600 156 491 255 590
1373198400 154 487 262 620
1373191200 168 505 274 601
1373184000 155 490 264 598
1373176800 179 506 762 797
1373169600 160 500 290 670
1373162400 173 502 626 719
1373155200 162 506 295 639
1373148000 185 564 666 1957
1373140800 154 495 239 584
1373133600 157 494 239 597
1373126400 203 564 1236 1742
1373119200 161 501 226 599
1373112000 153 499 219 608
1373104800 168 711 272 3304
1373097600 158 513 243 655
1373090400 154 506 261 594
1373083200 161 509 275 613
1373076000 163 564 709 1942
1373068800 180 513 709 638
1373061600 202 554 1123 1580
1373054400 155 494 212 620
1373047200 157 527 271 1270
1373040000 175 527 489 1023
1373032800 157 499 229 628
1373025600 158 501 233 644
1373018400 165 528 298 1304
1373011200 521 1777 748 2284
1373004000 621 2130 731 2331
1372996800 644 2138 1133 2414
1372989600 623 2215 756 4106
1372982400 618 2132 759 2336
1372975200 620 2134 793 2298
1372968000 616 2130 721 2250
1372960800 613 2121 696 2284
1372953600 640 2226 1026 3454
1372946400 617 2137 735 2303
1372939200 619 2137 730 2283
1372932000 647 2138 1114 2291
1372924800 602 2064 754 2387
1372917600 613 2126 757 2325
1372910400 662 2311 918 4122
1372903200 625 2134 734 2297
1372896000 628 2214 769 2582
1372888800 958 4372 2333 19027
1372881600 1842 11049 4107 104605
1372874400 112972 95084 811168 749134
1372867200 9224 233355 129624 4047124
1372860000 1401 5145 6336 20019
1372852800 631 2130 1017 2331
1372845600 643 2271 802 2596
1372838400 710 2528 1222 3697
1372831200 672 2462 803 2625
1372824000 689 2463 941 2734
1372816800 685 2511 761 2680
1372809600 1042 4303 5057 26266
1372802400 1508 9220 4257 56489
1372795200 1375 8784 4576 21207
1372788000 51523 224049 1150007 1611071
1372780800 2989 25147 10566 258673
1372773600 1224 4229 8225 27629
1372766400 625 2318 738 2435
1372759200 627 2305 774 2597
1372752000 607 2236 882 2649
1372744800 644 2330 788 2547
1372737600 637 2359 881 2695
1372730400 620 2452 713 2726
1372723200 1383 5895 9162 25041
1372716000 30806 264967 284655 3071775
1372708800 1645 6352 4366 17367
1372701600 9759 7101 176207 14023
1372694400 2246 16682 9723 182731
1372687200 1883 77083 22420 1421220
1372680000 0 353 0 400
1372672800 0 369 0 562
1372665600 0 363 0 543
1372658400 0 351 0 395
1372651200 0 353 0 409
1372644000 0 351 0 391
1372636800 0 356 0 418
1372629600 0 352 0 406
1372622400 0 358 0 410
1372615200 0 354 0 404
1372608000 0 355 0 407
1372600800 0 350 0 403
1372593600 0 353 0 403
1372586400 0 362 0 578
1372579200 0 373 0 587
1372572000 0 353 0 403
1372564800 0 355 0 405
1372557600 0 356 0 406
1372550400 0 355 0 405
1372543200 0 360 0 406
1372536000 0 360 0 423
1372528800 0 359 0 427
1372521600 0 359 0 397
1372514400 0 368 0 462
1372507200 0 355 0 419
1372500000 0 367 0 542
1372492800 0 383 0 655
1372485600 0 358 0 416
1372478400 0 359 0 432
1372471200 525 1376 5535 7804
1372464000 132716 140538 3070397 3096395
1372456800 63847 41282 869687 624634
1372449600 18790 21640 232051 234714
1372442400 670 2779 2120 6965
1372435200 780 3440 6699 25350
1372428000 510 2143 678 2622
1372420800 574 2334 909 4259
1372413600 537 2201 652 2492
1372406400 570 2310 702 2673
1372399200 648 2477 879 2708
1372392000 638 2477 761 2673
1372384800 695 2774 1390 8318
1372377600 1228 4709 4146 11426
1372370400 691 4035 1065 23908
1372363200 7405 15579 155935 199560
1372356000 8703 12234 188167 192443
1372348800 614 2465 1817 7175
1372341600 566 2212 666 3132
1372334400 619 2203 800 2350
1372327200 621 2240 746 2725
1372320000 625 2149 1415 2570
1372312800 623 2214 868 2501
1372305600 637 2388 777 2601
1372298400 797 3578 188042 204272
1372291200 16850 21267 188042 204272
1372284000 872 3611 3361 8384
1372276800 1205 17784 5848 263318
1372269600 16207 18842 372306 263901
1372262400 2102 4669 31015 31067
1372255200 517 2176 1067 2540
1372248000 547 2190 664 2795
1372240800 653 2676 868 3257
1372233600 641 2671 751 3034
1372226400 633 2667 815 2918
1372219200 920 5920 2553 33437
1372204800 43594 35089 4453356 5178720
1372118400 42184 100906 3134264 3649225
1372032000 1008 2424 105834 108459
1371945600 1084 2520 118201 122967
1371859200 35665 48298 3325245 3344788
1371772800 40737 79988 5578110 5590247
1371686400 40346 60156 3303554 3165332
1371600000 18429 21844 1688253 1695447
1371513600 17034 37665 1950547 1967305
1371427200 0 329 0 644
1371340800 0 341 0 558
1371254400 5847 117511 452005 4302354
1371168000 552 10055 15620 1594846
1371081600 889 6809 98019 653470
1370995200 1087 6942 7493 90087
1370908800 1940 6054 116583 145444
1370822400 651 2458 1104 4055
1370736000 655 2478 1122 4845
1370649600 2509 8726 187657 253649
1370563200 6602 14416 269047 259107
1370476800 4566 8358 755923 297759
1370390400 21168 63830 1748339 3859266
1370304000 9231 13312 1570804 584799
1370217600 70 486 150 4332
1370131200 86 534 2439 5877
1370044800 10632 22345 702723 1195928
1369958400 5952 10387 418756 513696
1369872000 5828 12544 991333 851541
1369785600 4234 8535 645552 451650
1369699200 61 469 160 4290
1369612800 60 462 146 4311
1369526400 60 472 146 4312
1369440000 867 2913 32856 39364
1369353600 3797 5844 794826 821606
1369267200 2079 5927 85528 91423
1369180800 6163 12768 495542 957016
1369094400 1347 4538 88436 196750
1369008000 61 412 189 4333
1368921600 77 565 2208 28955
1368835200 2290 4941 396777 402698
1368748800 7418 10668 1502040 341735
1368662400 2022 7970 196932 187567
1368576000 14488 21492 3268087 1581274
1368489600 1181 3643 103748 183337
1368403200 59 543 179 4471
1368316800 60 550 180 4513
1368230400 62 696 200 4720
1368144000 1940 3164 321366 80099
1368057600 12704 8891 1780711 246548
1367971200 1856 7352 219078 514248
1367884800 4855 14352 299489 607673
1367798400 865 2428 73924 76273
1367712000 914 2567 81603 84016
1367625600 25353 12576 2976527 334401
1367539200 5186 11125 456684 712690
1367452800 36760 32736 1368226 2684970
1367366400 12159 19811 1434260 1019637
1367280000 4371 8813 236667 239075
1367193600 629 2419 3366 3670
1367107200 632 2494 3156 4248
1367020800 9872 30047 542256 1447699
1366934400 20522 41358 3360208 2485244
1366848000 4223 24992 617267 669159
1366761600 11447 14968 1466203 1481814
1366675200 2863 10995 184378 522345
1366588800 641 2265 4536 3579
1366502400 637 2284 2183 4099
1366416000 3642 8524 489313 493509
1366329600 1063 6296 4418 113697
1366243200 1858 29845 23474 1334313
1366156800 3359 10846 346772 359171
1366070400 2733 12416 185477 856964
1365984000 744 2590 3338 7391
1365897600 2717 4888 488936 499338
1365811200 995 2976 118004 126161
1365724800 1077 4661 169924 496081
1365638400 808 4205 4989 37913
1365552000 1844 5624 247555 394587
1365465600 2076 7278 152590 162328
1365379200 158 698 2933 3249
1365292800 163 742 3217 3618
1365206400 868 8826 33227 840603
1365120000 998 9962 21187 840100
1365033600 2352 18329 154283 836497
1364947200 1425 14785 22980 849646
1364860800 5552 23405 423422 899348
1364774400 653 2221 3410 4278
1364688000 661 2265 3556 3779
1364601600 3979 8935 195417 583403
1364515200 6170 24087 511600 1148034
1364428800 7144 27419 1109077 1423432
1364342400 9748 23497 710834 2856175
1364256000 3642 10192 327068 433128
1364169600 705 2373 3741 6341
1364083200 715 2399 2800 9644
1363996800 3426 7851 347390 378683
1363910400 2242 4570 249659 303044
1363824000 720 3486 5115 108320
1363737600 1128 9036 28220 1277849
1363651200 3009 13413 247654 843491
1363564800 252 703 2735 4629
1363478400 379 1137 3521 35708
1363392000 2483 7024 200649 254916
1363305600 3080 6025 678875 688469
1363219200 8682 15223 1179642 1136581
1363132800 2332 16472 109694 1017304
1363046400 2111 8681 219880 247651
1362960000 27 447 141 4365
1362873600 74 624 4434 7429
1362787200 5591 11367 963605 332476
1362700800 1535 5472 19255 39807
1362614400 4046 11934 453664 570710
1362528000 4573 8892 764084 357740
1362441600 11964 33530 777215 1253968
1362355200 376 1325 3251 6102
1362268800 782 3041 820597 830362
1362182400 9794 21410 820597 1985194
1362096000 5510 15351 369752 557639
1362009600 5063 16913 278606 1422263
1361923200 2793 7680 36539 255536
1361836800 2096 6763 16307 558111
1361750400 1302 799 2366 4713
1361664000 1323 832 1924 5251
1361577600 10863 12264 2602332 2604742
1361491200 1908 6174 185471 256374
1361404800 2303 3727 91772 16599
1361318400 8886 16717 325646 295241
1361232000 14842 5618 387907 222419
1361145600 4061 1547 27657 5839
1361059200 13125 13408 1268799 1184529
1360972800 4386 8099 509779 342114
1360886400 17105 52031 1494178 3112524
1360800000 45639 19297 5132460 1211577
1360713600 36627 65698 3527452 2839672
1360627200 14905 23096 523397 555492
1360540800 2881 4746 4980 12811
1360454400 2709 3333 3558 7358
1360368000 3436 3856 4606 13055
1360281600 1123 4447 66526 85629
1360195200 1514 6798 116238 262479
1360108800 4433 8831 367599 376659
1360022400 5217 9439 399504 287571
1359936000 1925 2530 2917 3697
1359849600 655 2536 2280 23177
1359763200 1479 5131 125713 132714
1359676800 10312 4240 899157 27717
1359590400 770 3412 7545 32689
1359504000 2492 6681 185986 274371
1359417600 2324 10510 79009 242125
1359331200 701 2697 1639 5086
1359244800 707 2754 1672 9314
1359158400 4929 11035 734409 745864
1359072000 3161 9382 320515 578656
1358985600 6689 12509 349417 556157
1358899200 4671 12141 578897 832939
1358812800 345 1456 1270 5602
1358726400 355 1367 2114 5344
1358640000 941 1896 121814 11934
1358553600 12316 16818 869549 885128
1358467200 11544 22497 1955910 2309616
1358380800 1779 5663 219704 199097
1358294400 804 3492 4585 44065
1358208000 10632 22430 923754 1185057
1358121600 794 2646 3423 6520
1358035200 798 2716 4722 22207
1357948800 1395 5573 140109 284027
1357862400 1645 5672 155871 388795
1357776000 1606 6544 119006 175698
1357689600 6255 9254 416010 245054
1357603200 2924 6164 344135 206789
1357516800 25 734 111 4553
1357430400 81 912 2740 8792
1357344000 6852 14477 454889 463768
1357257600 3551 7444 385398 215124
1357171200 1622 5471 106812 109780
1357084800 715 2350 1191 6320
1356998400 806 2758 5273 14032
1356912000 719 2435 1240 6388
1356825600 4268 7809 999449 1007168
1356739200 6994 11182 695178 366069
1356652800 5734 11668 196458 205631
1356566400 2535 6170 419905 602581
1356480000 118 721 1054 4533
1356393600 116 729 1109 4585
1356307200 114 717 1046 4674
1356220800 191 884 2925 7422
1356134400 856 3410 8611 29412
1356048000 2756 7175 259817 268650
1355961600 2310 6904 175193 209899
1355875200 3788 7712 374820 389910
1355788800 2492 4372 162280 142496
1355702400 331 1201 1247 5029
1355616000 667 1931 85318 88312
1355529600 6181 12153 551110 640979
1355443200 1336 8545 87173 894443
1355356800 2259 6135 81667 299806
1355270400 40581 8148 4545112 237438
1355184000 15426 23062 2335288 2402219
1355097600 98 887 638 4771
1355011200 143 1063 2338 8031
1354924800 1751 4405 187218 95837
1354838400 1491 4472 127933 71515
1354752000 853 4310 3847 116577
1354665600 8090 15105 717337 658860
1354579200 3931 11620 424744 548110
1354492800 758 2743 2112 7592
1354406400 783 3023 3805 55524
1354320000 6560 24191 640667 668512
1354233600 9224 14757 1222335 343503
1354147200 3607 10708 194418 334118
1354060800 5977 66545 336922 4449090
1353974400 3909 11524 156033 821496
1353888000 1744 711 3026 4666
1353801600 1711 694 2453 6753
1353715200 1705 702 2448 4651
1353628800 1765 1033 5760 34595
1353542400 2434 3243 73689 56418
1353456000 2160 3704 7966 170249
1353369600 2004 3580 6655 167089
1353283200 1729 644 2500 3824
1353196800 1732 667 2467 4539
1353110400 2665 3553 110437 116061
1353024000 2880 8503 41387 559984
1352937600 2909 10330 32930 1252780
1352851200 5203 9149 365554 505040
1352764800 7034 10960 434934 666298
1352678400 2370 2699 3516 5889
1352592000 2352 2713 3413 3781
1352505600 5739 9524 253875 504080
1352419200 3014 12134 206435 772716
1352332800 3820 10356 315268 617054
1352246400 6787 12861 1380855 1387030
1352160000 710 2536 1673 3935
1352073600 722 2367 1287 2832
1351987200 729 2451 1286 3924
1351900800 834 5452 19718 775083
1351814400 721 2594 1085 3241
1351728000 4025 8703 656679 743410
1351641600 0 431 0 548
1351555200 0 446 0 900
1351468800 0 458 0 769
1351382400 1342 1656 371208 230392
1351296000 2395 8838 169140 283375
1351209600 3671 9362 314060 368775
1351123200 2652 7468 287715 299249
1351036800 9443 26350 802571 1216821
1350950400 1884 7032 135118 181733
1350864000 759 2696 1932 4502
1350777600 754 2704 1250 4685
1350691200 2385 7956 208839 638762
1350604800 3289 4797 404833 286851
1350518400 2365 7898 188523 331626
1350432000 7235 14507 1407240 1430556
1350345600 7378 7424 525977 650126
1350259200 392 758 863 4730
1350172800 395 792 1026 4804
1350086400 9510 9041 1186262 997076
1350000000 4772 8010 1054148 1033249
1349913600 3848 9185 353717 255464
1349827200 9465 13276 1437793 1698594
1349740800 5494 11515 301925 328999
1349654400 1218 3147 115029 113218
1349568000 806 2759 1941 6699
1349481600 965 3098 46360 32090
1349395200 4290 39962 115108 5295914
1349308800 12124 12612 2033332 622649
1349222400 4584 113701 176580 7909055
1349136000 3003 7436 418970 373418
1349049600 739 2417 1251 6312
1348963200 741 2427 1090 6384
1348876800 5748 9943 346154 370030
1348790400 2346 13600 158271 1269532
1348704000 4502 14305 333362 351509
1348617600 6484 14559 619440 1921430
1348531200 13186 16969 950449 953798
1348444800 56 531 512 4382
1348358400 597 1993 3526 49787
1348272000 7316 18046 515611 606986
1348185600 7988 8147 720662 397292
1348099200 8198 8970 860494 439259
1348012800 12323 20347 1436427 1492419
1347926400 22497 33909 1042857 1410001
1347840000 740 2672 1184 10455
1347753600 738 2647 1391 6584
1347667200 2009 9107 81200 478907
1347580800 12648 11267 1387215 1316439
1347494400 749 5786 6818 357894
1347408000 1575 6577 48700 143754
1347321600 11219 17213 824388 839436
1347235200 240 639 2044 4685
1347148800 230 671 703 4720
1347062400 1819 5756 116574 232383
1346976000 10646 17271 444081 801486
1346889600 3340 8063 206449 282585
1346803200 3919 6538 126650 164899
1346716800 12645 15637 1299459 1322545
1346630400 836 2564 1622 6920
1346544000 1509 3938 105382 195885
1346457600 8874 9052 690310 176623
1346371200 3082 8521 154308 268128
1346284800 30686 21215 4375632 866355
1346198400 17373 20112 1274548 946192
1346112000 3573 8799 140231 231164
1346025600 790 2783 1233 8080
1345939200 793 2794 1500 12699
1345852800 1761 4646 33911 55337
1345766400 9855 8417 579705 307609
1345680000 2548 7017 147009 238500
1345593600 5034 8743 347802 193025
1345507200 4622 11205 427111 299227
1345420800 1623 4308 149909 170926
1345334400 5645 8593 530560 534651
1345248000 2850 11166 206777 657187
1345161600 5447 14216 456222 567307
1345075200 6312 10932 686532 700540
1344988800 4495 7822 375789 210892
1344902400 3931 7926 182912 208756
1344816000 1446 3332 2393 5899
1344729600 1545 3443 2485 5451
1344643200 26727 34411 1753833 1132191
1344556800 3608 7520 228943 192378
1344470400 8693 13950 726711 736602
1344384000 2881 5493 111411 199852
1344297600 3475 7901 197641 265121
1344211200 1301 3146 2467 5590
1344124800 1288 3140 2479 5458
1344038400 10339 8821 2044899 187483
1343952000 3199 6047 205906 211793
1343865600 2146 7859 43264 353662
1343779200 8757 7905 240198 223074
1343692800 8188 12372 787313 799398
1343606400 73 527 497 2774
1343520000 81 549 1080 1944
1343433600 4330 17998 320669 362746
1343347200 836 2705 4098 47133
1343260800 9355 5207 2030439 227423
1343174400 3824 9864 409396 697725
1343088000 26186 9022 2240878 712116
1343001600 19172 7974 1741622 703992
1342915200 49102 37969 2878613 5345663
1342828800 68839 10310 1736127 378343
1342742400 13113 3165 1587643 111889
1342656000 76682 15236 2036919 749645
1342569600 43081 11469 2148921 390816
1342483200 13279 5254 1565629 167495
1342396800 10951 1414 1558917 44734
1342310400 9551 1832 1803578 69219
1342224000 60099 11092 3226841 333022
1342137600 22406 11184 2318528 1067216
1342051200 71353 19317 3560683 1250324
1341964800 35907 6476 2681846 362825
1341878400 18075 6912 2380498 214196
1341792000 414 878 924 1272
1341705600 34437 1871 2761410 79767
1341619200 8387 5870 1312586 168768
1341532800 25184 8516 3274187 203458
1341446400 45809 2636 3250067 93439
1341360000 35498 6034 2247067 187697
1341273600 17354 6659 2903084 350472
1341187200 13566 1313 3602189 103220
1341100800 11123 1422 1866694 78140
1341014400 26599 13512 2715324 1860767
1340928000 25856 5432 2356786 144433
1340841600 556029 16699 6345316 367308
1340755200 11260 6146 1083416 162318
1340668800 1497 6480 148497 203869
1340582400 461 848 6905 3140
1340496000 431 993 946 12272
1340409600 5539 9796 322735 369725
1340323200 6248 10231 436027 296489
1340236800 13825 9045 1605940 420591
1340150400 3683 6674 453063 469838
1340064000 12629 18054 577414 588878
1339977600 455 1392 909 2959
1339891200 477 1421 1535 4473
1339804800 1898 14536 185149 694833
1339718400 4489 6632 740349 275785
1339632000 1306 5618 63142 199994
1339545600 378 2029 33132 28614
1339459200 504 2732 8984 80156
1339372800 53 572 491 4638
1339286400 53 571 486 2283
1339200000 436 2656 23348 63178
1339113600 6489 7210 638819 475990
1339027200 307 2378 6297 63188
1338940800 64 1266 511 6968
1338854400 172 1369 2996 24358
1338768000 54 590 486 1572
1338681600 52 597 494 1303
1338595200 342 2953 6998 104170
1338508800 281 5249 14773 973286
1338422400 371 6043 14260 595320
1338336000 341 1598 16835 34616
1338249600 54 627 461 9937
1338163200 53 576 466 1843
1338076800 53 562 476 4144
1337990400 60 815 513 11836
1337904000 62 788 489 3720
1337817600 75 868 1588 19030
1337731200 281 5140 17644 1035110
1337644800 5726 36611 658656 3662933
1337558400 10 326 40 514
1337472000 10 332 67 1321
1337385600 1450 5835 116914 248540
1337299200 2306 7715 225974 260278
1337212800 2854 10321 383055 720620
1337126400 7911 22821 1281135 1691199
1337040000 1524 15014 148037 1115578
1336953600 284 1278 743 4262
1336867200 761 2351 91793 134277
1336780800 2297 8013 220643 373443
1336694400 3106 53789 330200 3070559
1336608000 20435 67522 4414505 5451491
1336521600 37528 44746 5509880 5584253
1336435200 2792 9802 240943 224712
1336348800 10 391 46 1407
1336262400 10 396 83 1703
1336176000 2935 5560 297858 186893
1336089600 1630 10610 193702 101710
1336003200 227 1880 30623 29214
1335916800 3217 7992 236276 259578
1335830400 275 4789 12504 677284
1335744000 10 436 48 2205
1335657600 10 464 87 3479
1335571200 218 3356 4395 169588
1335484800 490 2469 15172 133668
1335398400 2883 4882 379343 389995
1335312000 4248 10116 379343 487485
1335225600 2119 5916 535371 288217
1335139200 0 306 0 388
1335052800 1 351 269 5087
1334966400 3705 4674 243778 259743
1334880000 3618 6053 331000 631848
1334793600 5687 40866 400745 3370597
1334707200 84 1339 2474 31438
1334620800 2287 4928 334449 342886
1334534400 0 328 0 434
1334448000 516 1201 133686 116246
1334361600 2077 5086 140995 143936
1334275200 1814 92340 70006 5833551
1334188800 1340 3987 159246 248222
1334102400 629 2541 74744 86929
1334016000 549 2019 104954 110647
1333929600 0 289 0 377
1333843200 22 337 4558 8825
1333756800 9697 11435 826734 858601
1333670400 956 3190 110836 126543
1333584000 1338 4386 111445 178651
1333497600 2559 5264 529605 539134
1333411200 3581 6509 485414 491889
1333324800 0 350 0 476
1333238400 0 314 0 571
1333152000 0 760 0 1871
1333065600 39 1174 1606 50645
1332979200 1591 4032 397604 402885
1332892800 97 1080 7983 16763
1332806400 3690 6338 492961 224630
1332720000 0 404 0 469
1332633600 0 415 0 683
1332547200 298 1812 46963 104368
1332460800 25052 32510 2756909 2836976
1332374400 1388 6790 164237 279893
1332288000 1103 15688 191826 273633
1332201600 6209 15657 686838 698081
1332115200 0 374 0 465
1332028800 0 381 0 731
1331942400 2402 2322 435441 276837
1331856000 520 2612 111668 121567
1331769600 1798 3389 484032 498005
1331683200 158 2013 12335 233943
1331596800 2143 4689 210537 594914
1331510400 0 388 0 523
1331424000 13 463 2012 17512
1331337600 2783 4690 248355 255479
1331251200 870 1961 203980 210149
1331164800 1344 2036 166422 174672
1331078400 71 819 2597 21258
1330992000 1298 5492 179497 643334
1330905600 0 476 0 595
1330819200 0 457 0 625
1330732800 0 498 0 824
1330646400 0 509 0 925
1330560000 33 651 1868 14544
1330473600 1525 3594 164143 136469
1330387200 1736 4213 222286 276365
1330300800 0 351 0 602
1330214400 6 426 299 4830
1330128000 5831 13136 646790 332139
1330041600 481 1512 107242 115230
1329955200 5225 7593 740372 312458
1329868800 1162 8665 136170 141244
1329782400 0 338 0 492
1329696000 0 343 0 414
1329609600 462 5339 90983 784317
1329523200 8772 12507 813640 822452
1329436800 1752 5848 93977 220034
1329350400 872 2048 83596 79640
1329264000 195 1316 9118 23965
1329177600 2416 5223 427092 310673
1329091200 0 409 0 507
1329004800 1 427 1161 2734
1328918400 951 2515 140701 63804
1328832000 4448 9782 499439 521944
1328745600 6469 8784 554184 441283
1328659200 425 5870 34960 1045421
1328572800 166 5760 11565 886873
1328486400 0 322 0 389
1328400000 19 511 596 5723
1328313600 252 2091 3170 154282
1328227200 6248 13266 430165 690210
1328140800 983 2764 160742 178811
1328054400 6042 8897 379560 497273
1327968000 346 4264 37280 626025
1327881600 0 315 0 392
1327795200 0 340 0 747
1327708800 5949 13152 547507 1591334
1327622400 274 1346 38530 23099
1327536000 3060 5814 298764 607991
1327449600 0 560 0 1734
1327363200 0 435 0 1205
1327276800 0 325 0 391
1327190400 0 316 0 551
1327104000 0 460 0 1165
1327017600 0 439 0 1019
1326931200 0 439 0 1080
1326844800 12593 2750 2209822 197227
1326758400 31813 4725 2796343 213023
1326672000 0 316 0 382
1326585600 115 404 25839 13758
1326499200 61923 9167 3150057 166815
1326412800 2 561 907 2255
1326326400 44184 3819 3063886 123712
1326240000 17981 1864 3559281 101812
1326153600 80505 3479 3095499 96257
1326067200 0 269 0 342
1325980800 10116 5374 1900231 889400
1325894400 14757 5266 2663450 401539
1325808000 55692 7208 3989336 264107
1325721600 220625 22763 7974617 1701913
1325635200 1198 5936 131494 592288
1325548800 0 493 0 578
1325462400 0 498 0 572
1325376000 0 456 0 613
1325289600 0 500 0 1125
1325203200 0 539 0 1069
1325116800 0 618 0 1218
1325030400 0 576 0 1264
1324944000 0 428 0 466
1324857600 0 428 0 471
1324771200 0 429 0 477
1324684800 202 1603 26893 100551
1324598400 788 1945 133601 95874
1324512000 7077 4440 714988 221827
1324425600 1526 5071 60136 79545
1324339200 1482 3083 183670 45610
1324252800 0 458 0 555
1324166400 59 938 5411 64962
1324080000 1420 3551 168139 170643
1323993600 144 770 36093 12689
1323907200 665 3016 58875 138409
1323820800 1596 62333 101799 5884477
1323734400 1761 2093 151788 109157
1323648000 0 446 0 497
1323561600 11 537 888 9599
1323475200 2745 5046 261229 335460
1323388800 149 1855 2676 40079
1323302400 1948 4721 177871 182748
1323216000 7 628 2805 107707
1323129600 10329 12473 1597752 1844225
1323043200 0 444 0 500
1322956800 0 457 0 760
1322870400 0 703 0 1304
1322784000 918 2105 102777 125694
1322697600 580 6203 64925 1082587
1322611200 362 1874 24955 137589
1322524800 1754 5649 242177 571215
1322438400 0 438 0 502
1322352000 0 439 0 548
1322265600 0 471 0 555
1322179200 0 483 0 819
1322092800 229 1768 37696 91457
1322006400 564 1519 8966 84913
1321920000 441 662 1967 2461
1321833600 428 517 1522 1636
1321747200 450 552 1985 1610
1321660800 346 1050 2710 11977
1321574400 1194 4253 141716 543868
1321488000 2099 11893 213305 901562
1321401600 206 1346 6102 16249
1321315200 1009 3803 128469 239133
1321228800 0 437 0 491
1321142400 0 467 207 5217
1321056000 856 5301 158204 705421
1320969600 2778 4490 335729 203041
1320883200 1159 2616 197541 147804
1320796800 18902 13421 1840985 333022
1320710400 4473 5223 542731 402833
1320624000 0 465 0 572
1320537600 0 475 0 616
1320451200 480 2431 51615 50148
1320364800 0 674 0 1923
1320278400 0 630 455 2096
1320192000 1919 6824 269476 469533
1320105600 1664 3340 283349 149529
1320019200 0 495 0 592
1319932800 0 499 0 833
1319846400 424 1512 68397 50992
1319760000 3359 4750 384861 392197
1319673600 105 1678 4526 166090
1319587200 1937 3571 220222 197106
1319500800 109 2903 11361 558084
1319414400 0 474 0 558
1319328000 0 475 0 871
1319241600 0 610 0 1193
1319155200 0 632 0 1538
1319068800 0 592 857 3236
1318982400 3791 6232 414050 426996
1318896000 671 1988 35604 87781
1318809600 0 468 0 736
1318723200 0 471 0 728
1318636800 112 1174 3215 25175
1318550400 1684 4512 172845 350793
1318464000 67 953 3722 26360
1318377600 2620 4264 219355 227072
1318291200 700 2257 114662 121623
1318204800 0 458 0 520
1318118400 1575 2197 447523 313061
1318032000 1060 8891 122102 763596
1317945600 913 4485 108900 602296
1317859200 1026 34359 59636 4518136
1317772800 2339 3008 281729 207952
1317686400 2607 2289 615016 129669
1317600000 0 528 0 602
1317513600 5 566 856 3875
1317427200 6049 6332 970204 977848
1317340800 1059 1740 211393 211921
1317254400 0 685 0 1598
1317168000 0 660 0 1019
1317081600 0 660 0 1698
1316995200 0 476 0 521
1316908800 0 488 0 682
1316822400 0 639 0 1377
1316736000 0 659 0 1319
1316649600 0 687 0 1636
1316563200 0 676 0 1321
1316476800 0 749 0 3188
1316390400 0 511 0 581
1316304000 0 508 0 583
1316217600 0 663 0 1935
1316131200 0 776 0 2762
1316044800 0 635 0 1176
1315958400 0 743 0 2218
1315872000 0 669 0 1706
1315785600 0 503 0 696
1315699200 0 501 0 676
1315612800 0 716 0 1787
1315526400 0 662 0 1303
1315440000 0 759 0 2305
1315353600 0 760 0 2110
1315267200 0 502 0 564
1315180800 0 492 0 741
1315094400 0 490 0 556
1315008000 47 736 3105 18581
1314921600 219 3067 13378 509349
1314835200 0 734 0 1557
1314748800 0 446 0 1651
1314662400 0 0 0 0
1314576000 0 0 0 0
1314489600 0 0 0 0
1314403200 0 455 0 1383
1314316800 1237 1621 277965 40459
1314230400 3491 24880 285824 3009951
1314144000 3938 4369 485620 401176
1314057600 436 2203 9358 120430
1313971200 0 506 0 558
1313884800 0 512 0 664
1313798400 0 730 0 2420
1313712000 609 3706 28321 201152
1313625600 539 2800 3664 36551
1313539200 572 2477 5675 72829
1313452800 488 2627 9897 60817
1313366400 0 514 0 558
1313280000 0 531 64 687
1313193600 189 1638 3990 26932
1313107200 477 3046 19560 145659
1313020800 289 2305 3030 109076
1312934400 213 1931 2354 27769
1312848000 452 2169 15188 52847
1312761600 0 521 0 592
1312675200 0 530 0 604
1312588800 323 1720 3084 21051
1312502400 0 812 0 3328
1312416000 408 2226 5097 103149
1312329600 480 4917 9841 168936
1312243200 410 2315 8107 32866
1312156800 62 539 465 2628
1312070400 62 607 452 2666
1311984000 463 2387 10189 90979
1311897600 616 3389 15241 151355
1311811200 305 2393 4843 181535
1311724800 0 785 0 1553
1311638400 0 721 0 1308
1311552000 0 570 0 659
1311465600 5 592 706 4390
1311379200 434 3230 13883 260369
1311292800 411 4572 19650 485744
1311206400 326 1766 3044 12550
1311120000 76 1157 470 2531
1311033600 437 2777 6386 108839
1310947200 71 924 498 2300
1310860800 73 1060 566 21083
1310774400 322 1725 4735 28737
1310688000 438 2256 7695 64272
1310601600 2278 2327 491789 31358
1310515200 4392 6639 815714 612687
1310428800 351 1749 4308 29310
1310342400 0 478 0 525
1310256000 0 488 0 660
1310169600 2256 4675 535869 134852
1310083200 0 685 0 1473
1309996800 402 3425 15731 456382
1309910400 0 634 0 2036
1309824000 0 479 0 523
1309737600 0 482 0 555
1309651200 0 493 0 585
1309564800 206 1415 4304 27786
1309478400 548 1902 69089 69652
1309392000 22 816 693 9141
1309305600 417 3512 8552 330186
1309219200 256 2084 7193 142539
1309132800 0 483 0 592
1309046400 0 487 0 610
