1377805802 466727856 3849880869
1377805802 2 243 2 243
1377805502 4 329 4 329
1377805500 3 328 4 329
1377805200 2 191 4 226
1377804900 3 225 4 226
1377804600 2 215 7 693
1377804300 6 690 7 693
1377804000 3 297 3 298
1377803700 3 213 3 251
1377803400 3 250 4 251
1377803100 3 224 4 229
1377802800 3 228 3 229
1377802500 3 209 3 232
1377802200 3 231 4 232
1377801900 3 207 4 274
1377801600 2 274 4 318
1377801300 3 318 4 450
1377801000 3 448 3 450
1377800700 3 269 6 410
1377800400 5 408 6 410
1377800100 3 230 4 247
1377799800 3 247 4 301
1377799500 3 301 4 345
1377799200 3 344 3 345
1377798900 3 309 3 364
1377798600 3 362 4 364
1377798300 3 200 4 205
1377798000 3 204 3 205
1377797700 3 212 11 1999
1377797400 10 1987 11 1999
1377797100 3 239 4 328
1377796800 2 327 4 328
1377796500 3 259 4 325
1377796200 2 324 4 325
1377795900 3 195 4 344
1377795600 2 351 17 2621
1377795300 16 2605 17 2621
1377795000 3 252 4 253
1377794700 3 192 4 220
1377794400 2 219 4 220
1377794100 4 194 7 742
1377793800 7 739 8 742
1377793500 7 421 8 423
1377793200 3 254 3 255
1377792900 3 234 3 274
1377792600 3 273 4 274
1377792300 3 262 4 521
1377792000 3 518 4 521
1377791700 3 194 4 243
1377791400 2 242 4 243
1377791100 4 325 70 13222
1377790800 69 13135 70 13222
1377790500 3 214 4 263
1377790200 2 262 4 263
1377789900 3 252 4 253
1377789600 2 242 4 243
1377789300 3 234 4 298
1377789000 2 297 4 298
1377788700 3 269 4 270
1377788400 2 232 4 274
1377788100 4 278 6 914
1377787800 5 909 6 914
1377787500 4 251 5 356
1377787200 2 368 12 2219
1377786900 11 2205 12 2219
1377786600 3 257 4 371
1377786300 4 371 5 470
1377786000 5 468 5 470
1377785700 4 229 5 230
1377785400 3 209 4 251
1377785100 3 251 4 332
1377784800 2 332 4 333
1377784500 3 333 4 452
1377784200 3 451 4 452
1377783900 3 287 4 290
1377783600 3 290 3 425
1377783300 3 427 5 791
1377783000 5 792 10 1137
1377782700 9 1131 10 1137
1377782400 2 340 4 341
1377782100 3 291 4 642
1377781800 2 639 4 642
1377781500 3 252 4 253
1377781200 2 127 4 129
1377780900 3 128 4 129
1377780600 2 126 4 141
1377780300 3 141 4 146
1377780000 3 145 4 146
1377779700 4 141 6 193
1377779400 5 192 6 193
1377779100 3 136 4 137
1377778800 2 121 4 122
1377778500 3 119 4 122
1377778200 2 122 4 126
1377777900 3 125 4 126
1377777600 2 122 4 123
1377777300 3 123 4 128
1377777000 2 128 4 128
1377776700 3 127 4 128
1377776400 2 123 4 124
1377776100 3 120 4 121
1377775800 2 117 4 131
1377775500 3 130 4 131
1377775200 2 124 11 964
1377774900 10 961 11 964
1377774600 2 119 4 129
1377774300 3 128 4 129
1377774000 2 121 4 123
1377773700 3 122 4 123
1377773400 2 117 4 135
1377773100 3 134 4 135
1377772800 2 117 4 127
1377772500 3 126 4 127
1377772200 2 118 4 136
1377771900 3 135 4 136
1377771600 2 117 4 122
1377771300 3 121 4 122
1377771000 2 118 4 130
1377770700 3 129 4 130
1377770400 2 117 4 122
1377770100 3 121 4 122
1377769800 2 121 4 130
1377769500 3 129 4 130
1377769200 2 115 4 119
1377768900 3 119 4 119
1377768600 2 119 4 128
1377768300 3 127 4 128
1377768000 2 119 4 119
1377767700 3 119 4 120
1377767400 2 120 4 126
1377767100 3 125 4 126
1377766800 2 119 4 120
1377766500 3 118 4 119
1377766200 2 117 4 126
1377765900 3 125 4 126
1377765600 2 119 4 124
1377765300 3 123 4 124
1377765000 2 122 4 131
1377764700 3 130 4 131
1377764400 2 119 4 120
1377764100 3 119 4 120
1377763800 2 118 4 130
1377763500 3 129 4 130
1377763200 2 117 4 119
1377762900 3 119 4 125
1377762600 2 125 4 130
1377762300 3 129 4 130
1377762000 2 116 4 121
1377761700 3 120 4 121
1377761400 2 118 4 133
1377761100 3 132 4 133
1377760800 2 117 4 122
1377760500 3 121 4 122
1377760200 2 119 4 131
1377759900 3 130 4 131
1377759600 2 119 4 119
1377759300 3 118 4 119
1377759000 2 118 4 130
1377758700 3 129 4 130
1377758400 2 117 4 127
1377758100 3 126 4 127
1377757800 2 119 4 133
1377757500 3 132 4 133
1377757200 2 117 4 121
1377756900 3 120 4 121
1377756600 2 117 4 125
1377756300 3 124 4 125
1377756000 2 119 4 120
1377755700 3 119 4 125
1377755400 2 125 4 129
1377755100 3 128 4 129
1377754800 2 118 4 118
1377754500 3 118 4 120
1377754200 2 120 4 128
1377753900 3 127 4 128
1377753600 2 118 4 119
1377753300 3 118 4 120
1377753000 2 120 4 126
1377752700 3 125 4 126
1377752400 2 121 4 122
1377752100 3 118 4 119
1377751800 2 119 4 124
1377751500 3 123 4 124
1377751200 2 119 4 121
1377750900 3 121 4 122
1377750600 2 122 4 128
1377750300 3 127 4 128
1377750000 2 121 4 122
1377749700 3 119 4 122
1377749400 2 122 4 126
1377749100 3 125 4 126
1377748800 2 118 4 121
1377748500 3 121 4 126
1377748200 2 126 4 128
1377747900 3 127 4 128
1377747600 2 120 4 122
1377747300 3 121 4 122
1377747000 2 119 4 130
1377746700 3 129 4 130
1377746400 2 120 4 124
1377746100 3 123 4 124
1377745800 2 117 4 130
1377745500 3 129 4 130
1377745200 2 117 4 121
1377744900 3 120 4 121
1377744600 2 115 4 131
1377744300 3 130 4 131
1377744000 2 117 4 123
1377743700 3 123 4 125
1377743400 2 125 4 129
1377743100 3 128 4 129
1377742800 2 117 4 119
1377742500 3 119 4 121
1377742200 2 121 4 126
1377741900 3 125 4 126
1377741600 2 119 4 120
1377741300 3 119 4 126
1377741000 2 126 4 129
1377740700 3 128 4 129
1377740400 2 118 4 123
1377740100 3 122 4 123
1377739800 2 120 4 129
1377739500 3 128 4 129
1377739200 2 121 4 121
1377738900 3 120 4 121
1377738600 2 119 4 129
1377738300 3 128 4 129
1377738000 2 119 4 120
1377737700 3 119 4 120
1377737400 2 115 4 131
1377737100 3 130 4 131
1377736800 2 115 4 128
1377736500 3 127 4 128
1377736200 2 119 4 134
1377735900 3 133 4 134
1377735600 2 115 4 124
1377735300 3 123 4 124
1377735000 2 119 4 132
1377734700 3 131 4 132
1377734400 2 119 4 123
1377734100 3 122 4 123
1377733800 2 120 4 137
1377733500 3 136 4 137
1377733200 2 117 4 121
1377732900 3 120 4 121
1377732600 2 118 4 132
1377732300 3 131 4 132
1377732000 2 117 4 129
1377731700 3 128 4 129
1377731400 2 120 4 132
1377731100 3 131 4 132
1377730800 2 122 4 123
1377730500 3 122 4 123
1377730200 2 123 4 131
1377729900 3 130 4 131
1377729600 2 125 4 126
1377729300 3 122 4 127
1377729000 2 127 4 132
1377728700 3 131 4 132
1377728400 2 129 4 137
1377728100 3 137 4 204
1377727800 2 204 4 220
1377727500 3 219 4 220
1377727200 2 183 4 184
1377726900 3 170 4 246
1377726600 3 245 4 246
1377726300 3 174 4 379
1377726000 2 377 4 379
1377725700 3 169 4 226
1377725400 2 226 4 308
1377725100 3 307 4 308
1377724800 2 293 4 294
1377724500 3 253 4 254
1377724200 2 218 16 2938
1377723900 15 2920 16 2938
1377723600 2 252 4 253
1377723300 3 198 4 223
1377723000 2 222 4 223
1377722700 3 205 4 330
1377722400 2 329 4 330
1377722100 3 185 4 263
1377721800 2 263 4 304
1377721500 3 304 4 309
1377721200 2 308 4 309
1377720900 3 276 4 277
1377720600 2 260 4 463
1377720300 3 462 4 463
1377720000 2 363 9 1034
1377719700 8 1029 9 1034
1377719400 2 307 4 308
1377719100 4 235 5 279
1377718800 4 278 5 279
1377718500 3 190 4 314
1377718200 2 317 7 859
1377717900 6 856 7 859
1377717600 3 196 4 197
1377717300 3 179 4 180
1377717000 2 177 4 239
1377716700 3 239 4 322
1377716400 3 320 4 322
1377716100 3 158 4 163
1377715800 2 163 4 260
1377715500 5 508 200 37571
1377715200 198 37321 200 37571
1377714900 3 150 4 151
1377714600 3 149 3 183
1377714300 3 182 3 183
1377714000 3 177 4 178
1377713700 3 160 4 166
1377713400 3 167 3 413
1377713100 3 411 3 413
1377712800 3 232 4 233
1377712500 3 196 4 197
1377712200 2 182 4 203
1377711900 3 203 4 283
1377711600 3 282 4 283
1377711300 3 211 4 244
1377711000 2 243 4 244
1377710700 3 205 4 206
1377710400 3 178 4 189
1377710100 4 197 12 1535
1377709800 11 1525 12 1535
1377709500 3 174 4 208
1377709200 3 207 4 208
1377708900 3 186 4 275
1377708600 2 274 4 275
1377708300 3 241 4 279
1377708000 2 278 4 279
1377707700 3 183 4 202
1377707400 2 201 4 202
1377707100 3 192 4 214
1377706800 2 213 4 214
1377706500 3 206 4 224
1377706200 2 223 4 224
1377705900 3 207 4 208
1377705600 2 206 4 207
1377705300 3 207 4 216
1377705000 2 216 4 241
1377704700 3 241 4 339
1377704400 2 338 4 339
1377704100 3 198 4 328
1377703800 2 327 4 328
1377703500 4 209 5 652
1377703200 5 650 5 652
1377702900 4 223 5 224
1377702600 1 187 7 476
1377702300 10 1191 528 107797
1377702000 524 107079 528 107797
1377701700 3 190 4 190
1377701400 1 198 11 1396
1377701100 10 1388 11 1396
1377700800 1 310 5 311
1377700500 4 213 5 225
1377700200 1 224 5 225
1377699900 4 211 5 281
1377699600 1 302 21 3487
1377699300 20 3487 21 3514
1377699000 16 3492 17 3514
1377698700 4 214 5 449
1377698400 5 447 5 449
1377698100 4 227 5 318
1377697800 1 317 4 318
1377697500 3 217 4 218
1377697200 1 187 8 585
1377696900 8 587 8 1406
1377696600 7 1399 8 1406
1377696300 3 398 4 611
1377696000 1 609 5 611
1377695700 4 314 5 315
1377695400 1 167 4 281
1377695100 3 280 4 281
1377694800 1 137 5 151
1377694500 4 150 5 151
1377694200 1 130 5 143
1377693900 4 143 5 147
1377693600 1 146 5 147
1377693300 4 129 5 135
1377693000 1 135 4 147
1377692700 4 147 4 148
1377692400 4 148 9 234
1377692100 8 233 9 234
1377691800 2 140 5 141
1377691500 4 126 5 127
1377691200 1 124 5 125
1377690900 4 120 5 127
1377690600 1 127 4 131
1377690300 3 130 4 131
1377690000 1 117 5 122
1377689700 4 121 5 122
1377689400 1 116 5 130
1377689100 4 129 5 130
1377688800 1 117 5 123
1377688500 4 122 5 123
1377688200 1 119 5 129
1377687900 4 128 5 129
1377687600 1 119 4 124
1377687300 3 123 4 124
1377687000 3 563 318 66765
1377686700 315 66320 318 66765
1377686400 1 119 5 132
1377686100 4 131 5 132
1377685800 1 122 5 139
1377685500 4 138 5 139
1377685200 1 116 5 126
1377684900 4 125 5 126
1377684600 1 117 5 131
1377684300 4 130 5 131
1377684000 1 116 5 121
1377683700 4 121 5 127
1377683400 1 127 5 128
1377683100 4 127 5 128
1377682800 1 119 5 121
1377682500 4 120 5 121
1377682200 1 118 5 129
1377681900 4 128 5 129
1377681600 1 119 5 120
1377681300 4 120 5 121
1377681000 1 121 5 127
1377680700 4 126 5 127
1377680400 1 119 5 120
1377680100 4 120 5 121
1377679800 1 121 5 126
1377679500 4 125 5 126
1377679200 1 119 5 127
1377678900 4 126 5 127
1377678600 1 121 5 129
1377678300 4 128 5 129
1377678000 1 119 5 119
1377677700 4 118 5 119
1377677400 1 116 5 127
1377677100 4 126 5 127
1377676800 1 120 5 122
1377676500 4 122 5 129
1377676200 1 129 5 130
1377675900 4 129 5 130
1377675600 1 120 5 121
1377675300 4 118 5 122
1377675000 1 122 5 129
1377674700 4 128 5 129
1377674400 1 119 5 122
1377674100 4 121 5 122
1377673800 1 117 5 128
1377673500 4 127 5 128
1377673200 1 117 5 120
1377672900 4 120 5 120
1377672600 1 120 5 128
1377672300 4 127 5 128
1377672000 1 116 5 128
1377671700 4 127 5 128
1377671400 1 116 5 137
1377671100 4 136 5 137
1377670800 1 114 5 123
1377670500 4 122 5 123
1377670200 1 115 5 126
1377669900 4 125 5 126
1377669600 1 117 5 121
1377669300 4 121 5 126
1377669000 1 126 5 130
1377668700 4 129 5 130
1377668400 1 120 5 121
1377668100 4 119 5 120
1377667800 1 119 5 131
1377667500 4 130 5 131
1377667200 1 120 5 121
1377666900 4 119 5 120
1377666600 1 119 5 127
1377666300 4 126 5 127
1377666000 1 117 5 120
1377665700 4 119 5 120
1377665400 1 117 5 128
1377665100 4 127 5 128
1377664800 1 119 5 125
1377664500 4 124 5 125
1377664200 1 119 5 131
1377663900 4 130 5 131
1377663600 1 118 5 122
1377663300 4 121 5 122
1377663000 1 118 5 128
1377662700 4 127 5 128
1377662400 1 117 5 120
1377662100 4 120 5 125
1377661800 1 125 5 130
1377661500 4 129 5 130
1377661200 1 114 5 123
1377660900 4 122 5 123
1377660600 1 117 5 131
1377660300 4 130 5 131
1377660000 1 114 5 123
1377659700 4 122 5 123
1377659400 1 116 5 129
1377659100 4 128 5 129
1377658800 1 115 5 124
1377658500 4 123 5 124
1377658200 1 117 5 130
1377657900 4 129 5 130
1377657600 1 119 5 127
1377657300 4 126 5 127
1377657000 1 120 5 131
1377656700 4 130 5 131
1377656400 1 117 5 122
1377656100 4 121 5 122
1377655800 1 119 5 129
1377655500 4 128 5 129
1377655200 1 120 5 121
1377654900 4 120 5 127
1377654600 1 127 5 128
1377654300 4 127 5 128
1377654000 1 120 5 123
1377653700 4 122 5 123
1377653400 1 117 5 128
1377653100 4 127 5 128
1377652800 1 123 5 123
1377652500 4 122 5 123
1377652200 1 116 5 130
1377651900 4 129 5 130
1377651600 1 119 5 127
1377651300 4 126 5 127
1377651000 1 117 5 136
1377650700 4 135 5 136
1377650400 1 116 5 127
1377650100 4 126 5 127
1377649800 1 119 5 135
1377649500 4 134 5 135
1377649200 1 119 5 120
1377648900 4 117 5 118
1377648600 1 118 5 131
1377648300 4 130 5 131
1377648000 1 121 5 124
1377647700 4 124 5 132
1377647400 1 131 5 132
1377647100 4 127 5 128
1377646800 1 123 5 124
1377646500 4 121 5 121
1377646200 1 121 5 136
1377645900 4 135 5 136
1377645600 1 120 5 124
1377645300 4 124 5 133
1377645000 1 133 5 176
1377644700 4 175 5 176
1377644400 1 133 5 161
1377644100 4 160 5 161
1377643800 1 141 5 159
1377643500 4 158 5 159
1377643200 1 147 5 155
1377642900 4 154 5 155
1377642600 1 140 5 169
1377642300 4 168 5 169
1377642000 1 129 5 224
1377641700 4 223 5 224
1377641400 1 184 5 231
1377641100 4 230 5 231
1377640800 1 167 5 196
1377640500 4 195 5 196
1377640200 1 194 5 224
1377639900 4 224 5 278
1377639600 1 277 5 278
1377639300 4 179 5 180
1377639000 1 162 5 305
1377638700 4 304 5 305
1377638400 1 201 5 202
1377638100 4 195 5 259
1377637800 1 259 5 271
1377637500 4 270 5 271
1377637200 1 197 5 200
1377636900 4 199 5 200
1377636600 1 199 5 211
1377636300 4 210 5 211
1377636000 1 195 5 210
1377635700 4 209 5 210
1377635400 1 184 5 217
1377635100 4 216 5 217
1377634800 1 186 5 220
1377634500 4 220 5 278
1377634200 1 277 5 278
1377633900 4 203 5 204
1377633600 1 192 5 230
1377633300 4 229 5 230
1377633000 1 205 5 231
1377632700 4 231 5 262
1377632400 1 261 5 262
1377632100 4 201 5 202
1377631800 1 182 21 1280
1377631500 20 1272 21 1280
1377631200 1 208 5 209
1377630900 4 208 5 257
1377630600 1 257 5 279
1377630300 4 278 5 279
1377630000 1 213 5 214
1377629700 4 201 5 245
1377629400 1 244 5 245
1377629100 4 197 5 220
1377628800 1 220 5 331
1377628500 4 330 5 331
1377628200 1 302 5 303
1377627900 4 182 5 220
1377627600 1 219 5 220
1377627300 4 198 5 245
1377627000 1 245 5 329
1377626700 4 328 5 329
1377626400 1 204 5 205
1377626100 4 186 5 248
1377625800 3 419 11 1049
1377624600 3 342 9 938
1377622800 11 2094 59 11505
1377621000 2 235 8 414
1377619200 2 266 8 437
1377617400 2 230 4 304
1377615600 12 2348 67 13023
1377613800 5 601 16 1539
1377612000 2 221 7 483
1377610200 3 374 7 580
1377608400 2 236 9 495
1377606600 1 119 5 125
1377604800 63 11953 380 71126
1377603000 201 39586 1197 236135
1377601200 1 118 5 126
1377599400 1 118 5 130
1377597600 1 117 5 123
1377595800 1 117 5 124
1377594000 1 116 5 124
1377592200 1 118 5 126
1377590400 1 118 5 123
1377588600 1 117 5 125
1377586800 1 117 5 125
1377585000 1 118 5 125
1377583200 1 118 5 125
1377581400 1 117 5 125
1377579600 1 116 5 125
1377577800 1 117 5 126
1377576000 1 118 5 125
1377574200 1 116 5 125
1377572400 1 116 5 125
1377570600 1 117 5 126
1377568800 1 118 5 124
1377567000 1 117 5 125
1377565200 1 116 5 125
1377563400 1 118 5 126
1377561600 1 119 5 130
1377559800 1 153 7 335
1377558000 2 120 4 128
1377556200 2 126 4 152
1377554400 2 157 4 194
1377552600 2 160 6 614
1377550800 3 400 9 1095
1377549000 3 395 9 1084
1377547200 7 1221 22 4847
1377545400 3 616 18 2701
1377543600 6 1120 31 5565
1377541800 2 196 10 1928
1377540000 4 699 10 1928
1377538200 2 257 6 685
1377536400 1 310 5 685
1377534600 1 210 5 344
1377532800 1 192 5 215
1377531000 3 522 8 1573
1377529200 3 613 12 1555
1377527400 2 212 5 395
1377525600 1 209 7 321
1377523800 5 1138 30 5366
1377522000 1 118 5 127
1377520200 2 324 11 1364
1377518400 2 118 4 123
1377516600 2 116 4 122
1377514800 2 117 4 122
1377513000 2 119 4 128
1377511200 2 118 4 126
1377509400 2 116 4 124
1377507600 2 116 4 124
1377505800 2 117 4 124
1377504000 2 117 4 125
1377502200 2 117 4 124
1377500400 2 117 4 123
1377498600 2 117 4 122
1377496800 2 119 4 125
1377495000 2 117 4 122
1377493200 2 117 4 122
1377491400 2 117 4 122
1377489600 2 119 4 126
1377487800 2 117 4 124
1377486000 2 116 4 122
1377484200 2 117 4 124
1377482400 2 118 4 126
1377480600 2 116 4 123
1377478800 2 116 4 122
1377477000 2 118 4 126
1377475200 2 118 4 124
1377473400 2 117 4 122
1377471600 2 117 4 123
1377469800 2 117 4 126
1377468000 2 118 4 128
1377466200 2 116 4 121
1377464400 2 118 4 126
1377462600 2 118 4 128
1377460800 2 117 4 125
1377459000 2 116 4 122
1377457200 2 117 4 122
1377455400 2 119 4 126
1377453600 2 118 4 128
1377451800 2 116 4 122
1377450000 2 117 4 122
1377448200 2 117 4 126
1377446400 2 118 4 126
1377444600 2 116 4 122
1377442800 2 116 4 122
1377441000 2 118 5 126
1377439200 2 117 4 125
1377437400 2 116 4 122
1377435600 2 118 4 124
1377433800 2 118 4 124
1377432000 2 117 4 125
1377430200 2 116 4 124
1377428400 2 116 4 124
1377426600 2 118 4 127
1377424800 2 119 4 125
1377423000 2 115 4 122
1377421200 2 117 4 122
1377419400 2 117 4 122
1377417600 2 118 4 126
1377415800 2 117 4 122
1377414000 2 117 4 124
1377412200 2 118 4 124
1377410400 2 118 4 123
1377408600 2 116 4 122
1377406800 2 117 4 124
1377405000 2 118 4 124
1377403200 2 118 4 124
1377401400 2 116 4 122
1377399600 2 117 4 122
1377397800 2 116 5 122
1377396000 2 118 5 123
1377394200 2 117 4 123
1377392400 2 117 4 122
1377390600 2 119 5 126
1377388800 2 119 4 125
1377387000 2 116 4 121
1377385200 2 117 4 123
1377383400 2 117 4 124
1377381600 2 118 4 123
1377379800 2 116 4 123
1377378000 2 117 4 125
1377376200 2 117 4 124
1377374400 2 118 4 123
1377372600 2 117 4 125
1377370800 2 117 4 124
1377369000 2 117 4 125
1377367200 2 118 4 124
1377365400 2 116 4 126
1377363600 2 117 4 122
1377361800 2 118 4 124
1377360000 2 117 4 124
1377358200 2 116 4 124
1377356400 2 117 4 122
1377354600 2 117 5 125
1377352800 2 117 4 123
1377351000 2 116 4 122
1377349200 2 117 4 122
1377347400 2 117 4 122
1377345600 2 117 4 124
1377343800 2 116 4 124
1377342000 2 116 4 123
1377340200 2 118 4 127
1377338400 2 117 4 124
1377336600 2 116 4 122
1377334800 2 116 4 122
1377333000 2 117 4 124
1377331200 2 117 4 124
1377329400 2 117 4 122
1377327600 2 116 4 122
1377325800 2 118 4 123
1377324000 2 118 4 123
1377322200 2 117 4 122
1377320400 2 116 4 122
1377318600 2 117 4 123
1377316800 2 117 4 123
1377315000 2 116 4 123
1377313200 2 116 4 122
1377311400 2 117 4 125
1377309600 2 117 4 124
1377307800 2 116 4 122
1377306000 2 116 4 123
1377304200 2 117 4 123
1377302400 2 117 4 124
1377300600 2 118 4 126
1377298800 2 120 4 126
1377297000 2 122 4 131
1377295200 2 167 4 200
1377293400 37 7133 200 40453
1377291600 13 2175 64 11810
1377289800 3 298 7 967
1377288000 3 299 11 973
1377286200 2 234 5 548
1377284400 2 164 4 178
1377282600 2 183 4 231
1377280800 2 178 4 242
1377279000 4 687 18 3342
1377277200 12 2270 70 12849
1377275400 2 188 10 1399
1377273600 6 914 37 7589
1377271800 7 1408 37 7589
1377270000 1 180 5 422
1377268200 4 911 16 2813
1377266400 2 204 4 273
1377264600 2 231 4 383
1377262800 2 149 7 306
1377261000 2 117 4 122
1377259200 2 117 4 124
1377257400 2 116 4 122
1377255600 2 116 4 122
1377253800 2 118 4 127
1377252000 2 118 4 130
1377250200 2 116 4 122
1377248400 2 116 4 122
1377246600 2 117 4 122
1377244800 2 118 4 125
1377243000 2 116 4 123
1377241200 2 117 4 122
1377239400 2 117 4 123
1377237600 2 117 4 123
1377235800 2 116 4 122
1377234000 2 116 4 122
1377232200 2 117 4 124
1377230400 2 119 4 124
1377228600 2 116 4 122
1377226800 2 116 4 122
1377225000 2 118 4 123
1377223200 2 117 5 124
1377221400 2 117 5 122
1377219600 2 117 5 125
1377217800 2 116 5 125
1377216000 2 119 5 128
1377214200 2 117 4 124
1377212400 2 118 5 124
1377210600 2 124 5 157
1377208800 2 146 5 163
1377207000 2 255 6 781
1377205200 2 160 5 224
1377203400 2 149 5 163
1377201600 2 152 5 163
1377199800 2 149 5 158
1377198000 2 245 6 650
1377196200 1 178 6 245
1377194400 1 169 6 257
1377192600 2 165 5 178
1377190800 2 163 5 179
1377189000 2 164 5 177
1377187200 4 653 16 1905
1377185400 2 175 4 203
1377183600 3 383 8 1480
1377181800 2 158 5 172
1377180000 3 180 5 490
1377178200 2 254 5 490
1377176400 2 124 5 130
1377174600 2 119 7 128
1377172800 2 120 5 126
1377171000 1 118 5 126
1377169200 1 118 5 126
1377167400 1 120 5 130
1377165600 1 119 5 125
1377163800 1 117 5 123
1377162000 1 118 5 123
1377160200 1 118 5 128
1377158400 1 120 5 126
1377156600 1 118 5 127
1377154800 1 118 5 126
1377153000 1 119 5 128
1377151200 1 119 5 125
1377149400 1 118 5 123
1377147600 1 118 5 125
1377145800 1 119 5 126
1377144000 1 119 5 126
1377142200 1 118 5 125
1377140400 1 118 5 124
1377138600 1 118 5 129
1377136800 1 120 5 128
1377135000 1 119 6 129
1377133200 1 118 5 124
1377131400 1 120 5 126
1377129600 1 120 5 127
1377127800 1 120 5 130
1377126000 1 119 5 129
1377124200 1 124 5 133
1377122400 1 126 5 130
1377120600 2 254 10 878
1377118800 1 130 5 144
1377117000 3 356 18 3255
1377115200 5 701 18 3255
1377113400 10 1712 25 4573
1377111600 2 267 5 890
1377109800 2 163 5 212
1377108000 2 168 5 180
1377106200 3 287 8 1050
1377104400 10 1986 49 9044
1377102600 2 239 9 534
1377100800 3 392 14 1540
1377099000 10 1175 28 4464
1377097200 3 412 24 4331
1377095400 5 854 24 4331
1377093600 2 207 27 5209
1377091800 6 1165 27 5209
1377090000 2 134 4 192
1377088200 2 118 4 126
1377086400 2 117 4 121
1377084600 2 116 4 124
1377082800 2 116 4 120
1377081000 2 117 4 123
1377079200 2 117 4 122
1377077400 2 116 4 122
1377075600 2 115 4 122
1377073800 2 117 4 120
1377072000 2 117 4 120
1377070200 2 116 4 119
1377068400 2 116 4 122
1377066600 2 117 4 120
1377064800 2 117 4 120
1377063000 2 117 4 120
1377061200 2 116 4 124
1377059400 2 117 4 123
1377057600 2 117 4 123
1377055800 2 117 4 123
1377054000 2 117 4 122
1377052200 2 117 4 125
1377050400 2 116 4 122
1377048600 2 117 4 119
1377046800 2 117 4 125
1377045000 2 118 4 127
1377043200 2 119 4 128
1377041400 2 119 4 124
1377039600 2 119 4 131
1377037800 2 133 4 177
1377036000 2 145 5 172
1377034200 2 165 5 189
1377032400 127 29700 756 177298
1377030600 2 164 5 180
1377028800 2 163 5 175
1377027000 3 242 6 579
1377025200 1 152 6 164
1377023400 1 169 6 192
1377021600 2 289 8 608
1377019800 7 978 34 3785
1377018000 2 170 5 196
1377016200 2 209 7 389
1377014400 2 182 6 948
1377012600 7 1216 22 3884
1377010800 6 961 18 2555
1377009000 2 341 7 971
1377007200 2 207 4 279
1377005400 2 224 4 355
1377003600 2 144 4 190
1377001800 2 114 7 120
1377000000 2 115 4 119
1376998200 2 115 4 120
1376996400 2 116 4 119
1376994600 2 115 4 120
1376992800 2 115 4 119
1376991000 2 115 4 120
1376989200 2 115 4 119
1376987400 2 115 4 120
1376985600 2 115 4 120
1376983800 2 115 4 120
1376982000 2 115 4 119
1376980200 2 115 4 120
1376978400 2 115 4 119
1376976600 2 115 4 119
1376974800 2 115 4 120
1376973000 2 116 4 119
1376971200 2 115 4 119
1376969400 2 116 4 120
1376967600 2 116 4 120
1376965800 3 115 4 120
1376964000 2 115 4 119
1376962200 3 116 4 120
1376960400 2 115 4 119
1376958600 2 116 4 123
1376956800 2 117 4 121
1376955000 2 116 4 121
1376953200 3 116 4 120
1376951400 2 128 4 168
1376949600 2 146 4 176
1376947800 3 196 4 299
1376946000 3 210 8 551
1376944200 26 4229 102 20528
1376942400 2 197 5 370
1376940600 3 166 4 190
1376938800 3 182 4 249
1376937000 2 209 4 249
1376935200 4 740 21 3636
1376933400 3 167 4 191
1376931600 5 738 19 3223
1376929800 10 1647 53 8355
1376928000 2 216 19 3352
1376926200 9 1444 23 3524
1376924400 3 363 8 1097
1376922600 15 2835 74 14799
1376920800 3 434 11 1680
1376919000 3 234 4 312
1376917200 3 143 4 179
1376915400 2 117 5 122
1376913600 2 117 4 121
1376911800 2 117 4 121
1376910000 2 117 4 120
1376908200 2 117 4 125
1376906400 3 117 4 122
1376904600 3 116 4 119
1376902800 3 117 4 119
1376901000 2 115 4 120
1376899200 2 117 4 123
1376897400 2 116 4 120
1376895600 2 116 4 119
1376893800 3 116 4 121
1376892000 2 116 4 123
1376890200 3 116 4 120
1376888400 2 117 4 119
1376886600 3 116 4 120
1376884800 2 116 4 119
1376883000 2 116 4 120
1376881200 2 117 4 119
1376879400 2 116 4 120
1376877600 3 117 4 121
1376875800 2 116 4 119
1376874000 3 116 4 121
1376872200 3 116 4 119
1376870400 3 116 4 121
1376868600 2 116 4 121
1376866800 3 116 4 120
1376865000 2 115 4 119
1376863200 3 117 4 121
1376861400 2 116 4 120
1376859600 3 116 4 120
1376857800 2 116 4 120
1376856000 3 117 4 121
1376854200 2 116 4 120
1376852400 2 116 4 120
1376850600 2 117 4 122
1376848800 3 117 4 121
1376847000 3 115 4 120
1376845200 2 116 4 122
1376843400 3 116 4 119
1376841600 2 116 4 122
1376839800 2 116 4 119
1376838000 2 117 4 121
1376836200 2 117 4 122
1376834400 2 116 4 122
1376832600 2 116 4 120
1376830800 2 116 4 122
1376829000 3 115 4 120
1376827200 2 116 4 123
1376825400 2 116 4 120
1376823600 2 116 4 123
1376821800 2 117 4 126
1376820000 2 116 4 121
1376818200 3 116 4 120
1376816400 3 116 4 124
1376814600 2 116 4 120
1376812800 2 117 4 122
1376811000 2 115 4 120
1376809200 3 116 4 123
1376807400 2 116 4 120
1376805600 2 116 4 119
1376803800 3 116 4 120
1376802000 2 116 4 121
1376800200 3 116 4 120
1376798400 2 117 4 121
1376796600 3 116 4 121
1376794800 3 116 4 123
1376793000 2 116 4 121
1376791200 2 116 4 119
1376789400 2 116 4 120
1376787600 2 116 4 121
1376785800 2 116 4 120
1376784000 2 117 4 123
1376782200 2 116 4 120
1376780400 3 116 4 123
1376778600 3 116 4 122
1376776800 2 117 4 121
1376775000 2 116 4 119
1376773200 3 116 4 119
1376771400 2 116 4 121
1376769600 3 117 4 122
1376767800 2 116 4 120
1376766000 3 116 4 121
1376764200 2 116 4 121
1376762400 2 117 4 122
1376760600 3 116 4 120
1376758800 3 116 4 122
1376757000 2 117 4 123
1376755200 2 117 4 120
1376753400 2 118 4 122
1376751600 3 117 4 124
1376749800 2 115 4 120
1376748000 2 116 4 123
1376746200 3 116 4 120
1376744400 2 115 4 120
1376742600 3 116 4 121
1376740800 2 116 4 124
1376739000 2 115 4 120
1376737200 3 116 4 123
1376735400 2 118 4 124
1376733600 2 116 4 119
1376731800 2 116 4 120
1376730000 3 116 4 123
1376728200 2 117 4 123
1376726400 2 116 4 121
1376724600 3 116 4 120
1376722800 3 116 4 121
1376721000 2 116 4 123
1376719200 2 116 4 123
1376717400 2 115 4 120
1376715600 2 115 4 122
1376713800 3 116 4 122
1376712000 3 116 4 121
1376710200 2 115 4 120
1376708400 2 116 4 119
1376706600 2 116 4 123
1376704800 3 117 4 120
1376703000 2 116 4 120
1376701200 2 116 4 120
1376699400 3 117 4 124
1376697600 3 118 4 121
1376695800 2 119 4 122
1376694000 2 116 4 119
1376692200 2 121 4 138
1376690400 3 166 4 225
1376688600 4 660 16 2953
1376686800 2 262 9 1538
1376685000 9 1835 39 7300
1376683200 2 204 4 286
1376681400 25 5149 111 23711
1376679600 2 203 6 780
1376677800 4 536 12 1542
1376676000 2 245 5 355
1376674200 3 310 11 1067
1376672400 3 168 4 285
1376670600 3 361 10 1441
1376668800 2 396 8 1441
1376667000 1 423 10 1185
1376665200 3 345 13 734
1376663400 4 480 9 1102
1376661600 2 363 7 1039
1376659800 2 353 5 740
1376658000 2 125 6 131
1376656200 2 120 4 126
1376654400 2 119 4 124
1376652600 2 120 4 126
1376650800 2 184 5 502
1376649000 1 120 5 130
1376647200 1 117 5 129
1376645400 1 117 5 121
1376643600 1 115 5 120
1376641800 1 117 5 122
1376640000 1 117 5 123
1376638200 1 117 5 121
1376636400 1 116 5 120
1376634600 1 117 5 120
1376632800 1 116 5 121
1376631000 1 116 5 120
1376629200 1 116 5 121
1376627400 1 117 5 123
1376625600 1 116 5 123
1376623800 1 116 5 121
1376622000 1 115 5 120
1376620200 1 117 5 122
1376618400 1 116 5 120
1376616600 1 116 5 121
1376614800 1 116 5 120
1376613000 1 118 5 122
1376611200 1 118 5 124
1376609400 1 121 5 132
1376607600 1 120 5 125
1376605800 1 132 5 163
1376604000 2 198 53 9394
1376602200 11 1760 53 9394
1376600400 3 180 4 282
1376598600 2 246 4 385
1376596800 2 190 4 231
1376595000 2 225 5 628
1376593200 6 1118 29 5409
1376591400 7 1103 29 5735
1376589600 3 219 4 383
1376587800 3 189 4 329
1376586000 3 248 5 633
1376584200 6 430 24 1449
1376582400 6 258 29 594
1376580600 3 278 20 3143
1376578800 8 1253 20 3143
1376577000 2 257 4 530
1376575200 3 255 5 454
1376573400 2 432 11 1131
1376571600 2 123 8 133
1376569800 1 121 5 133
1376568000 1 119 5 129
1376566200 1 120 5 128
1376564400 1 118 5 125
1376562600 1 120 5 127
1376560800 1 120 5 127
1376559000 1 120 5 127
1376557200 1 119 5 122
1376555400 1 119 5 131
1376553600 1 116 5 122
1376551800 1 116 5 120
1376550000 1 116 5 120
1376548200 1 116 5 122
1376546400 1 117 5 121
1376544600 1 116 5 121
1376539200 1 116 5 121
1376532000 1 116 5 128
1376524800 1 130 5 207
1376517600 2 279 13 1027
1376510400 2 236 7 468
1376503200 7 1379 75 15718
1376496000 2 461 12 1889
1376488800 2 212 9 1154
1376481600 1 118 5 126
1376474400 1 116 5 122
1376467200 1 115 5 122
1376460000 1 116 5 123
1376452800 1 116 5 126
1376445600 2 179 14 1621
1376438400 2 124 4 172
1376431200 3 558 28 4829
1376424000 5 755 44 6732
1376416800 2 445 13 2823
1376409600 5 957 48 9133
1376402400 2 321 12 1117
1376395200 2 118 4 127
1376388000 2 117 4 128
1376380800 2 116 4 125
1376373600 2 117 4 124
1376366400 2 116 4 124
1376359200 2 118 4 130
1376352000 2 132 4 204
1376344800 1 225 6 699
1376337600 2 349 11 1164
1376330400 4 852 52 10261
1376323200 14 2660 273 53389
1376316000 2 286 17 1368
1376308800 2 116 4 128
1376301600 2 116 4 128
1376294400 2 116 4 123
1376287200 2 115 4 126
1376280000 2 116 4 129
1376272800 2 116 4 124
1376265600 2 116 4 126
1376258400 2 116 4 125
1376251200 2 117 4 124
1376244000 2 116 4 124
1376236800 2 117 5 129
1376229600 2 117 4 131
1376222400 2 116 4 131
1376215200 2 116 4 126
1376208000 2 117 4 130
1376200800 2 117 4 126
1376193600 2 116 4 127
1376186400 2 116 4 126
1376179200 2 117 4 124
1376172000 2 130 7 440
1376164800 6 892 89 18740
1376157600 2 143 9 772
1376150400 2 222 12 1741
1376143200 2 116 4 126
1376136000 2 116 4 127
1376128800 2 117 4 126
1376121600 2 116 4 126
1376114400 2 117 4 125
1376107200 2 116 4 123
1376100000 2 116 4 124
1376092800 2 120 4 167
1376085600 2 321 11 1434
1376078400 67 13273 1494 301640
1376071200 38 6462 449 67290
1376064000 10 1124 79 8437
1376056800 7 1282 101 15758
1376049600 2 117 4 129
1376042400 2 116 4 126
1376035200 2 116 4 124
1376028000 2 116 4 124
1376020800 2 117 4 124
1376013600 2 223 19 1722
1376006400 1 176 6 367
1375999200 1 293 11 1325
1375992000 1 263 9 1083
1375984800 2 413 81 10935
1375977600 6 1017 81 10935
1375970400 17 3217 360 70140
1375963200 6 123 14 138
1375956000 12 127 14 140
1375948800 12 127 14 138
1375941600 12 128 14 140
1375934400 14 129 19 143
1375927200 14 130 19 142
1375920000 12 130 14 148
1375912800 11 400 32 5215
1375905600 2 285 13 1946
1375898400 5 765 44 8759
1375891200 7 1470 77 15743
1375884000 4 659 39 7246
1375876800 2 116 4 128
1375869600 2 115 4 128
1375862400 2 116 4 126
1375855200 2 116 4 125
1375848000 2 116 4 126
1375840800 2 117 4 130
1375833600 2 169 4 312
1375826400 10 780 74 7519
1375819200 11 1148 256 49187
1375812000 22 2685 256 49187
1375804800 46 6823 626 158017
1375797600 2 201 8 508
1375790400 49 8949 855 170137
1375783200 2 115 4 122
1375776000 2 116 4 123
1375768800 2 115 4 122
1375761600 2 115 4 123
1375754400 2 115 4 128
1375747200 2 302 24 4435
1375740000 6 1109 55 10254
1375732800 4 634 33 5900
1375725600 8 1465 137 27689
1375718400 5 838 52 8363
1375711200 2 252 8 933
1375704000 2 115 4 123
1375696800 2 115 4 122
1375689600 2 116 4 122
1375682400 2 116 4 122
1375675200 2 115 4 122
1375668000 2 116 4 122
1375660800 2 116 4 123
1375653600 2 116 4 123
1375646400 2 116 4 120
1375639200 2 115 4 125
1375632000 2 115 4 122
1375624800 2 115 4 122
1375617600 2 116 4 122
1375610400 2 115 4 122
1375603200 2 115 4 122
1375596000 2 116 4 122
1375588800 2 116 4 123
1375581600 2 116 4 122
1375574400 2 370 38 5801
1375567200 2 138 6 398
1375560000 2 116 4 122
1375552800 2 116 4 123
1375545600 2 116 4 121
1375538400 2 115 4 121
1375531200 2 116 4 122
1375524000 2 115 4 119
1375516800 2 115 4 119
1375509600 2 116 4 122
1375502400 2 115 4 121
1375495200 2 116 4 125
1375488000 2 222 20 2488
1375480800 2 248 13 896
1375473600 2 562 29 5204
1375466400 2 431 17 3092
1375459200 7 1309 58 10966
1375452000 8 1791 67 16769
1375444800 2 115 4 124
1375437600 2 115 4 123
1375430400 2 115 4 123
1375423200 2 115 4 120
1375416000 2 116 4 122
1375408800 2 117 6 131
1375401600 2 137 6 201
1375394400 6 802 37 6424
1375387200 11 2322 168 34695
1375380000 9 1684 158 31535
1375372800 57 11086 1131 220155
1375365600 8 1430 87 18190
1375358400 9 1754 133 26471
1375351200 1 115 5 121
1375344000 1 115 5 123
1375336800 1 115 5 121
1375329600 1 115 5 121
1375322400 1 115 5 120
1375315200 1 119 6 143
1375308000 3 359 20 2097
1375300800 3 365 15 2071
1375293600 3 379 22 3827
1375286400 3 529 27 5017
1375279200 4 372 25 4112
1375272000 38 7413 884 175290
1375264800 2 115 4 119
1375257600 2 115 4 121
1375250400 3 115 4 120
1375243200 3 116 4 121
1375236000 3 116 4 124
1375228800 3 118 4 132
1375221600 3 409 111 22942
1375214400 8 1378 111 22942
1375207200 5 594 43 8253
1375200000 3 431 17 2187
1375192800 12 2399 237 49494
1375185600 6 1160 123 25072
1375178400 2 116 4 123
1375171200 2 116 4 126
1375164000 2 116 4 122
1375156800 2 117 4 122
1375149600 2 116 4 124
1375142400 2 144 4 244
1375135200 2 316 16 2110
1375128000 3 378 17 3435
1375120800 4 492 24 4553
1375113600 3 493 24 5094
1375106400 2 202 7 494
1375099200 2 116 4 120
1375092000 2 116 4 122
1375084800 2 116 4 120
1375077600 2 115 4 122
1375070400 2 116 4 123
1375063200 2 116 4 121
1375056000 3 116 4 122
1375048800 3 116 4 121
1375041600 2 116 4 122
1375034400 2 115 4 123
1375027200 2 115 4 120
1375020000 2 116 4 121
1375012800 2 116 4 124
1375005600 2 115 4 123
1374998400 2 115 4 121
1374991200 2 115 4 121
1374984000 2 116 4 122
1374976800 2 116 4 121
1374969600 2 115 4 121
1374962400 2 116 4 122
1374955200 2 115 4 121
1374948000 2 116 4 121
1374940800 2 115 4 122
1374933600 2 115 4 122
1374926400 2 116 4 121
1374919200 2 115 4 120
1374912000 2 115 4 120
1374904800 2 116 4 122
1374897600 2 115 4 119
1374890400 2 115 4 121
1374883200 3 116 4 127
1374876000 3 316 10 1098
1374868800 16 2749 145 28654
1374861600 3 352 12 1201
1374854400 3 400 23 4449
1374847200 2 396 17 2597
1374840000 2 136 4 385
1374832800 2 118 4 127
1374825600 2 119 4 131
1374818400 2 117 4 129
1374811200 2 118 4 128
1374804000 2 118 4 129
1374796800 2 137 4 190
1374789600 2 353 11 1720
1374782400 39 4515 364 37255
1374775200 18 2532 383 47656
1374768000 8 991 67 7493
1374760800 2 210 5 693
1374753600 2 119 4 126
1374746400 2 117 4 126
1374739200 2 117 4 128
1374732000 2 117 4 126
1374724800 2 117 4 125
1374717600 2 118 4 126
1374710400 2 137 6 370
1374703200 3 584 22 3942
1374696000 35 6812 402 80941
1374688800 5 803 39 8673
1374681600 3 281 9 663
1374674400 8 1230 44 6887
1374667200 6 184 14 1303
1374660000 12 127 14 138
1374652800 12 127 14 137
1374645600 12 127 14 138
1374638400 12 127 14 136
1374631200 12 129 19 142
1374624000 13 196 29 971
1374616800 18 1526 86 15376
1374609600 16 547 44 4943
1374602400 62 7030 947 162062
1374595200 30 799 71 3926
1374588000 20 353 96 2499
1374580800 15 1045 121 22234
1374573600 12 127 14 135
1374566400 12 126 14 138
1374559200 12 126 14 134
1374552000 12 126 14 132
1374544800 12 127 14 138
1374537600 12 315 43 581
1374530400 66 7889 643 120818
1374523200 28 733 122 12408
1374516000 27 1285 108 20308
1374508800 22 532 136 3888
1374501600 8 323 87 2939
1374494400 41 7925 665 126436
1374487200 2 116 4 119
1374480000 2 115 4 122
1374472800 2 115 4 120
1374465600 2 115 4 119
1374458400 2 115 4 119
1374451200 2 115 4 119
1374444000 2 115 4 119
1374436800 2 116 4 120
1374429600 2 115 4 120
1374422400 2 115 4 120
1374415200 2 115 4 120
1374408000 2 115 4 120
1374400800 2 115 4 120
1374393600 2 116 4 119
1374386400 2 115 4 119
1374379200 2 115 4 118
1374372000 2 115 4 120
1374364800 2 116 4 123
1374357600 2 115 4 123
1374350400 2 116 4 123
1374343200 2 116 4 121
1374336000 2 116 4 121
1374328800 2 116 4 121
1374321600 2 116 4 121
1374314400 2 117 4 123
1374307200 2 115 4 120
1374300000 2 116 4 121
1374292800 2 116 4 122
1374285600 2 116 4 121
1374278400 2 118 4 130
1374271200 12 2225 176 43144
1374264000 11 425 49 2658
1374256800 17 1108 124 18678
1374249600 25 2605 311 50470
1374242400 10 209 113 885
1374235200 2 117 4 124
1374228000 2 117 4 127
1374220800 2 116 4 126
1374213600 2 117 4 124
1374206400 2 117 4 125
1374199200 2 120 4 126
1374192000 4 130 34 176
1374184800 8 260 43 629
1374177600 16 1053 99 10687
1374170400 13 578 62 10461
1374163200 20 1123 86 10461
1374156000 11 310 94 2505
1374148800 13 2432 263 50618
1374141600 2 119 4 129
1374134400 2 120 4 126
1374127200 4 121 34 147
1374120000 5 121 86 186
1374112800 2 120 4 131
1374105600 8 190 72 1005
1374098400 17 807 47 4225
1374091200 24 926 108 8571
1374084000 12 611 96 8566
1374076800 11 364 68 1215
1374069600 13 450 170 5281
1374062400 1 119 5 132
1374055200 1 117 5 124
1374048000 1 117 5 126
1374040800 1 117 5 127
1374033600 1 118 5 127
1374026400 1 120 6 127
1374019200 7 134 107 229
1374012000 2296 389748 6809 1311417
1374004800 362 59896 2193 382908
1373997600 544 95940 4825 887846
1373990400 108 18851 2272 437479
1373983200 8 440 110 5130
1373976000 2 120 4 129
1373968800 2 119 4 128
1373961600 2 120 4 129
1373954400 2 119 4 128
1373947200 2 119 4 128
1373940000 2 119 4 131
1373932800 2 132 33 250
1373925600 44 6441 814 146188
1373918400 16 896 82 11889
1373911200 21 1354 115 10694
1373904000 19 1303 119 13936
1373896800 14 1056 84 9167
1373889600 2 117 4 124
1373882400 2 116 4 123
1373875200 2 116 4 124
1373868000 2 116 4 124
1373860800 2 116 4 125
1373853600 2 116 4 123
1373846400 2 116 4 124
1373839200 2 117 4 124
1373832000 2 116 4 125
1373824800 2 116 4 123
1373817600 2 117 4 124
1373810400 2 117 4 125
1373803200 2 116 4 125
1373796000 2 116 4 123
1373788800 2 117 4 124
1373781600 2 116 4 125
1373774400 2 116 4 125
1373767200 2 116 4 125
1373760000 2 116 4 123
1373752800 2 116 4 124
1373745600 2 116 4 125
1373738400 2 117 4 125
1373731200 2 117 4 127
1373724000 2 116 4 124
1373716800 2 116 4 123
1373709600 2 116 4 123
1373702400 2 116 4 124
1373695200 2 116 4 123
1373688000 2 117 4 129
1373680800 2 120 4 129
1373673600 2 123 4 152
1373666400 10 288 58 965
1373659200 8 239 45 843
1373652000 9 213 89 979
1373644800 22 469 244 3601
1373637600 18 3709 404 83181
1373630400 2 219 14 2543
1373623200 2 117 4 124
1373616000 2 117 4 126
1373608800 2 117 4 126
1373601600 2 118 4 128
1373594400 2 119 4 130
1373587200 2 162 35 325
1373580000 8 286 36 1017
1373572800 35 4443 449 83308
1373565600 19 1237 75 7521
1373558400 16 858 106 7000
1373551200 11 271 87 718
1373544000 2 142 7 410
1373536800 2 116 5 126
1373529600 1 117 6 127
1373522400 1 116 6 127
1373515200 1 117 5 127
1373508000 1 118 6 135
1373500800 2 167 31 434
1373493600 8 285 49 999
1373486400 15 494 63 1734
1373479200 14 667 87 6186
1373472000 799 1728 2600 8191
1373464800 596 1109 1428 3783
1373457600 1562 4947 5663 34795
1373450400 1 121 5 137
1373443200 1 121 5 137
1373436000 1 120 5 133
1373428800 1 121 5 133
1373421600 1 123 5 144
1373414400 1 160 9 605
1373407200 15 1288 108 20630
1373400000 943 2291 8203 18247
1373392800 281150 19627 538458 54947
1373385600 1004 19984 3370 427699
1373378400 4338 10431 79729 116984
1373371200 39829 408695 296120 2434452
1373364000 2 117 4 126
1373356800 2 118 4 124
1373349600 2 118 4 126
1373342400 2 119 4 128
1373335200 2 119 4 133
1373328000 12 862 217 17514
1373320800 9 269 47 1225
1373313600 9 260 51 1436
1373306400 22 1472 136 24158
1373299200 10 277 73 943
1373292000 6 200 84 611
1373284800 2 115 4 120
1373277600 2 115 4 120
1373270400 2 115 4 120
1373263200 2 115 4 119
1373256000 2 115 4 120
1373248800 2 115 4 120
1373241600 2 115 4 120
1373234400 2 115 4 119
1373227200 2 115 4 120
1373220000 2 115 4 120
1373212800 2 115 4 120
1373205600 2 114 4 120
1373198400 2 115 4 120
1373191200 2 115 4 120
1373184000 2 115 4 120
1373176800 2 115 4 120
1373169600 2 115 4 119
1373162400 2 115 4 120
1373155200 2 115 4 120
1373148000 2 115 4 120
1373140800 2 115 4 122
1373133600 2 115 4 120
1373126400 2 115 4 120
1373119200 2 115 4 120
1373112000 2 115 4 120
1373104800 2 115 4 121
1373097600 2 115 4 121
1373090400 2 115 4 122
1373083200 2 115 4 120
1373076000 2 115 4 121
1373068800 2 115 4 121
1373061600 2 115 4 120
1373054400 2 115 4 120
1373047200 2 115 4 120
1373040000 2 115 4 120
1373032800 2 114 4 119
1373025600 2 115 4 120
1373018400 2 115 4 120
1373011200 2 115 4 120
1373004000 2 115 4 120
1372996800 2 115 4 122
1372989600 2 115 4 120
1372982400 2 115 4 121
1372975200 2 115 4 120
1372968000 2 115 4 120
1372960800 2 115 4 120
1372953600 2 115 4 121
1372946400 2 115 4 119
1372939200 2 115 4 120
1372932000 2 115 4 119
1372924800 2 115 4 120
1372917600 2 115 4 120
1372910400 2 115 4 119
1372903200 2 115 4 120
1372896000 2 115 4 122
1372888800 2 115 4 122
1372881600 2 216 6 676
1372874400 3 565 30 5937
1372867200 2 270 9 921
1372860000 4 703 38 5079
1372852800 2 116 5 123
1372845600 2 115 5 123
1372838400 1 116 5 124
1372831200 2 116 4 124
1372824000 2 117 4 124
1372816800 3 116 4 123
1372809600 2 131 4 215
1372802400 3 287 28 975
1372795200 3 485 24 3588
1372788000 8 1078 90 7774
1372780800 3 210 9 917
1372773600 17 3386 253 53508
1372766400 2 118 4 126
1372759200 2 119 4 130
1372752000 2 119 4 129
1372744800 2 118 4 126
1372737600 3 118 4 126
1372730400 3 119 4 130
1372723200 1014 2834 3744 47849
1372716000 3562 8086 22440 65611
1372708800 855 2747 2346 24943
1372701600 1025 8082 3214 70600
1372694400 1325 7114 11487 88294
1372687200 991 2781 2619 15574
1372680000 1477 7735 5139 49013
1372672800 2 123 4 137
1372665600 2 122 4 138
1372658400 2 121 4 133
1372651200 2 122 4 140
1372644000 2 123 4 133
1372636800 2 121 4 132
1372629600 2 124 4 141
1372622400 2 124 4 140
1372615200 2 124 4 210
1372608000 2 120 4 210
1372600800 2 117 4 124
1372593600 2 118 4 125
1372586400 2 118 4 124
1372579200 2 118 4 123
1372572000 2 117 4 124
1372564800 2 117 4 123
1372557600 2 117 4 123
1372550400 2 117 4 123
1372543200 2 117 4 123
1372536000 2 117 4 125
1372528800 2 118 4 125
1372521600 2 118 4 127
1372514400 2 118 4 125
1372507200 2 118 4 123
1372500000 2 118 4 126
1372492800 2 118 4 124
1372485600 2 117 4 125
1372478400 2 118 4 124
1372471200 2 118 4 128
1372464000 175 502 1207 2658
1372456800 862 16784 2449 286698
1372449600 1219 4504 3713 26107
1372442400 3074 4559 47723 49858
1372435200 3563 5783 58924 60916
1372428000 1873 3235 15813 15927
1372420800 11616 30768 239620 269327
1372413600 2 121 4 129
1372406400 2 121 4 130
1372399200 2 121 4 130
1372392000 2 120 4 129
1372384800 2 122 4 137
1372377600 42783 7437 474269 60780
1372370400 401664 28044 474269 49065
1372363200 423666 25105 517695 41554
1372356000 151182 79490 501093 573430
1372348800 7469 239344 20975 611514
1372341600 14817 443249 35564 627079
1372334400 4413 85983 36293 626956
1372327200 2 119 4 128
1372320000 2 118 4 126
1372312800 2 118 4 126
1372305600 2 119 4 128
1372298400 2 120 4 135
1372291200 335 1188 1350 13613
1372284000 886 2265 3746 8645
1372276800 544 2219 2455 13501
1372269600 988 4269 4329 50099
1372262400 714 2831 2389 19269
1372255200 761 3781 1768 33734
1372248000 1238 8530 7381 86882
1372240800 2 121 4 131
1372233600 2 119 4 130
1372226400 2 123 4 134
1372219200 2 124 4 140
1372204800 3 240 190 12472
1372118400 1 178 30 5043
1372032000 496 9014 11246 360571
1371945600 1 116 5 130
1371859200 562 4141 12867 274667
1371772800 345 2252 6286 211049
1371686400 536 2593 18109 143661
1371600000 2548 9631 86784 211122
1371513600 344 3424 7520 321428
1371427200 2 116 5 122
1371340800 2 116 4 126
1371254400 752 2670 18603 124149
1371168000 2625 12884 129290 879014
1371081600 2 284 103 8384
1370995200 4 606 108 23744
1370908800 2 283 127 14364
1370822400 2 117 5 134
1370736000 2 240 128 15352
1370649600 566 2800 16772 187534
1370563200 1324 4492 63128 157977
1370476800 330 1194 7969 17892
1370390400 1360 3600 272720 276559
1370304000 451 2043 6435 68024
1370217600 12 147 41 6783
1370131200 12 125 14 132
1370044800 477 2173 21417 77714
1369958400 489 3590 16416 282808
1369872000 627 6196 22146 558880
1369785600 1261 4713 51361 278645
1369699200 2 115 5 172
1369612800 2 115 4 122
1369526400 2 115 4 122
1369440000 2 474 293 59990
1369353600 354 3583 36562 256035
1369267200 507 1554 9606 44137
1369180800 528 2765 15036 223158
1369094400 1677 6664 135838 356567
1369008000 2 114 4 118
1368921600 2 114 4 118
1368835200 673 1973 11386 62509
1368748800 541 1975 11725 98724
1368662400 6 651 806 113987
1368576000 500 1857 21037 162753
1368489600 1899 8239 102338 520912
1368403200 2 115 4 120
1368316800 2 115 4 124
1368230400 370 972 12433 36424
1368144000 772 1968 13342 60257
1368057600 77 4158 5669 339577
1367971200 9 1630 1576 308293
1367884800 559 1243 59315 94437
1367798400 2 116 4 128
1367712000 2 117 5 132
1367625600 2 392 217 35455
1367539200 2 597 405 84236
1367452800 342 1318 42151 130223
1367366400 1250 2090 44398 45149
1367280000 768 3659 17598 144461
1367193600 2 115 4 123
1367107200 2 115 4 123
1367020800 314 1883 6645 124874
1366934400 30 5609 5246 1033604
1366848000 4 420 222 23376
1366761600 4 562 349 71220
1366675200 746 2861 15021 222072
1366588800 300 1794 12377 144375
1366502400 1 114 5 123
1366416000 798 11643 38059 141517
1366329600 324 1221 7567 42443
1366243200 337 3150 5041 383429
1366156800 1837 3716 165157 139365
1366070400 1351 2720 37080 106011
1365984000 54 249 4464 8629
1365897600 2 116 5 127
1365811200 16 3381 3217 655731
1365724800 5 703 637 125974
1365638400 2 340 72 13915
1365552000 20 3939 2583 520282
1365465600 6 609 216 44007
1365379200 2 116 5 125
1365292800 2 115 4 127
1365206400 868 2778 13801 76273
1365120000 527 2515 14587 180647
1365033600 25 702 9096 87889
1364947200 968 3542 13748 127254
1364860800 1175 3650 24505 95551
1364774400 2 116 5 123
1364688000 2 115 4 126
1364601600 237 1579 14056 85301
1364515200 12 327 81 13844
1364428800 15 736 612 117629
1364342400 13 528 178 32035
1364256000 13 603 504 88715
1364169600 12 125 15 133
1364083200 11 125 17 137
1363996800 15 2960 2307 457400
1363910400 606 1624 11708 38952
1363824000 1280 7099 19413 106293
1363737600 731 1336 10872 32867
1363651200 825 1617 23923 37546
1363564800 3 115 4 122
1363478400 2047 17455 17323 281517
1363392000 333 1202 12251 64648
1363305600 2500 3213 529439 252408
1363219200 144 3179 16753 438731
1363132800 10 1487 1390 271857
1363046400 324 2172 13879 180493
1362960000 3 115 4 120
1362873600 3 116 730 2192
1362787200 437 1965 9080 53205
1362700800 1086 1308 108098 61339
1362614400 783 2633 23402 195014
1362528000 234 1004 11507 32575
1362441600 766 2505 15322 142998
1362355200 2 115 6 349
1362268800 1 115 5 125
1362182400 622 2352 32608 132627
1362096000 19 1014 1005 186550
1362009600 2 233 94 4435
1361923200 1 328 87 13873
1361836800 4 972 595 114263
1361750400 2 115 5 121
1361664000 23 137 1998 1936
1361577600 1325 2649 62467 130438
1361491200 2606 6931 187077 469063
1361404800 3536 16016 111820 694432
1361318400 2 279 86 6921
1361232000 2 115 5 124
1361145600 2 115 5 124
1361059200 2 115 291 355
1360972800 649 4171 23273 250786
1360886400 913 3890 84414 240982
1360800000 684 3964 16527 54394
1360713600 475 1808 33270 112130
1360627200 1516 2986 144625 140281
1360540800 2 115 5 126
1360454400 2 115 5 123
1360368000 640 1554 15335 103780
1360281600 3 801 324 63407
1360195200 2 317 87 15410
1360108800 6 885 452 84227
1360022400 3 579 222 35331
1359936000 2 115 5 124
1359849600 70 249 10299 20774
1359763200 1791 10280 38305 221722
1359676800 1327 14007 15638 226263
1359590400 366 2267 11234 175811
1359504000 15 1449 826 155077
1359417600 5 616 160 25227
1359331200 3 745 365 60369
1359244800 1 114 85 182
1359158400 4 312 115 12729
1359072000 4 376 134 7778
1358985600 11 1899 2060 411624
1358899200 4 349 149 8156
1358812800 2 116 4 126
1358726400 2 116 4 126
1358640000 2 116 4 134
1358553600 7 1307 1196 240166
1358467200 17 625 626 97252
1358380800 1 323 95 19614
1358294400 8 1312 552 106885
1358208000 8 699 492 72720
1358121600 2 115 4 127
1358035200 2 115 4 126
1357948800 2 133 146 3778
1357862400 2 460 232 35441
1357776000 9 1917 738 181231
1357689600 3 441 90 14952
1357603200 5 383 75 15132
1357516800 5 116 19 219
1357430400 5 128 28 3905
1357344000 4 514 295 46460
1357257600 4 371 166 33781
1357171200 5 558 113 21082
1357084800 4 117 12 124
1356998400 19 224 4648 4655
1356912000 4 117 17 126
1356825600 4 117 16 133
1356739200 4 311 271 51856
1356652800 5 169 62 8239
1356566400 5 136 12 1019
1356480000 5 116 20 128
1356393600 5 116 12 125
1356307200 5 116 20 128
1356220800 5 118 17 1266
1356134400 761 3747 20761 50197
1356048000 667 4055 12683 110619
1355961600 827 4915 26715 80768
1355875200 735 5041 14331 67361
1355788800 809 3751 10003 40056
1355702400 4 116 16 125
1355616000 4 119 16 1472
1355529600 664 4172 15517 74691
1355443200 646 5910 10128 209453
1355356800 486 5066 12300 236967
1355270400 809 5080 8456 148755
1355184000 830 5251 11127 115959
1355097600 4 116 16 124
1355011200 4 172 63 11223
1354924800 712 5248 11028 277190
1354838400 789 5899 9840 128191
1354752000 888 7707 8929 220622
1354665600 753 5753 15240 72695
1354579200 816 7130 8213 98647
1354492800 5 116 19 125
1354406400 5 170 65 13407
1354320000 1202 4340 109486 440300
1354233600 717 8114 9224 188480
1354147200 554 15052 12689 1510214
1354060800 532 4017 5513 59368
1353974400 837 10378 17258 794122
1353888000 4 116 20 124
1353801600 5 116 17 124
1353715200 4 116 19 127
1353628800 5 116 18 128
1353542400 1121 5714 14875 420653
1353456000 1039 7495 33446 156424
1353369600 580 4574 6584 76059
1353283200 14 126 21 132
1353196800 14 127 27 139
1353110400 663 7283 9520 71706
1353024000 561 7089 7669 539292
1352937600 713 8832 15127 501239
1352851200 586 5191 10745 310416
1352764800 721 4305 7926 66695
1352678400 5 116 17 124
1352592000 5 129 23 3489
1352505600 762 69708 14418 2849848
1352419200 4 370 119 23088
1352332800 7 336 748 17927
1352246400 7 1064 515 106529
1352160000 755 6525 8082 192468
1352073600 5 116 17 127
1351987200 5 116 17 129
1351900800 430 5004 5690 78832
1351814400 418 3628 13411 201335
1351728000 740 8169 11968 227686
1351641600 4 116 12 122
1351555200 4 117 17 123
1351468800 4 117 17 124
1351382400 4 117 17 126
1351296000 766 6690 7964 135103
1351209600 593 4613 5540 47431
1351123200 595 4924 7114 106997
1351036800 689 5292 13215 103337
1350950400 567 5316 7693 119506
1350864000 5 128 22 2692
1350777600 5 116 18 127
1350691200 559 3984 11419 96819
1350604800 535 4280 8831 52164
1350518400 530 4691 8051 57120
1350432000 631 5228 19700 297322
1350345600 563 5259 6786 71690
1350259200 5 116 19 126
1350172800 5 116 12 126
1350086400 452 4502 7085 90144
1350000000 540 5773 9622 260306
1349913600 739 5656 9192 180735
1349827200 689 6649 12491 157577
1349740800 580 4466 12233 50898
1349654400 5 116 19 127
1349568000 5 116 12 125
1349481600 744 6560 10780 137014
1349395200 439 3160 4483 40279
1349308800 593 3176 28904 53789
1349222400 610 4806 6148 87211
1349136000 669 5760 6788 146288
1349049600 4 117 17 126
1348963200 4 181 97 17800
1348876800 655 6103 8542 172622
1348790400 560 4941 4869 58705
1348704000 989 10485 46850 770188
1348617600 648 11197 16418 817695
1348531200 526 4553 8762 200989
1348444800 14 126 29 136
1348358400 15 127 29 137
1348272000 6 444 253 45913
1348185600 644 5427 12773 199228
1348099200 656 5394 10929 185283
1348012800 728 6743 10799 259515
1347926400 429 2777 4620 31989
1347840000 15 128 21 136
1347753600 14 127 29 143
1347667200 542 3967 9081 36300
1347580800 550 4607 6307 91291
1347494400 603 8464 7009 467419
1347408000 455 3174 29593 92725
1347321600 545 4094 6087 45736
1347235200 15 127 29 139
1347148800 15 128 29 144
1347062400 396 3188 7765 196013
1346976000 519 3760 7403 95551
1346889600 634 4482 28285 218627
1346803200 719 5253 11212 71334
1346716800 15 127 21 136
1346630400 15 128 29 139
1346544000 15 127 29 140
1346457600 410 6031 14640 650530
1346371200 15 386 228 39948
1346284800 20 1531 1968 397208
1346198400 15 159 30 2538
1346112000 15 349 218 38803
1346025600 15 127 29 141
1345939200 15 127 29 138
1345852800 950 4731 105585 149752
1345766400 620 4940 45613 66018
1345680000 640 5494 5803 129424
1345593600 886 8874 33023 649574
1345507200 620 5381 11722 77412
1345420800 5 117 12 126
1345334400 5 117 19 128
1345248000 311 2054 11835 43723
1345161600 371 3092 6130 82724
1345075200 7 849 1009 145445
1344988800 11 1728 987 199362
1344902400 306 3909 8147 137683
1344816000 4 120 19 133
1344729600 5 120 19 132
1344643200 487 7550 6362 981077
1344556800 597 5933 9853 122782
1344470400 511 4456 7218 96350
1344384000 488 5170 5239 102647
1344297600 490 2862 8761 102347
1344211200 4 117 19 128
1344124800 4 118 12 129
1344038400 416 4454 5887 328549
1343952000 3543 5554 352060 117659
1343865600 670 6458 17446 713620
1343779200 560 3636 6428 111623
1343692800 377 2252 6643 49627
1343606400 4 121 17 132
1343520000 4 121 23 136
1343433600 5 289 72 11330
1343347200 948 3068 52917 100136
1343260800 547 4846 17860 287781
1343174400 571 3179 9226 86891
1343088000 535 3312 6703 87035
1343001600 5 121 19 132
1342915200 5 121 19 137
1342828800 485 4100 7937 102247
1342742400 737 6907 9283 398636
1342656000 713 5263 15538 109657
1342569600 564 3561 8203 48733
1342483200 626 6932 11879 345582
1342396800 5 118 39 196
1342310400 5 118 19 129
1342224000 506 4405 9179 217402
1342137600 564 4543 15623 79247
1342051200 521 4821 8625 191988
1341964800 115 830 4654 30217
1341878400 23 708 4719 88510
1341792000 5 118 19 131
1341705600 5 118 20 135
1341619200 435 3426 7828 81891
1341532800 1019 4851 72390 238350
1341446400 5 118 12 129
1341360000 1196 4122 210574 215238
1341273600 554 3868 8243 76449
1341187200 5 117 16 127
1341100800 5 118 16 134
1341014400 860 5425 32047 68936
1340928000 673 10536 14875 785251
1340841600 665 4517 10037 128291
1340755200 579 5097 6274 90261
1340668800 770 4233 55353 91614
1340582400 5 120 17 130
1340496000 5 120 17 130
1340409600 528 4270 15075 255800
1340323200 933 6300 20090 251666
1340236800 976 7318 15165 203608
1340150400 599 3927 8678 146059
1340064000 491 3468 8694 218317
1339977600 4 120 17 128
1339891200 4 119 17 129
1339804800 532 3636 8160 124739
1339718400 814 6265 10814 185445
1339632000 511 2857 8874 120810
1339545600 556 3361 7807 63195
1339459200 587 3895 10224 160876
1339372800 5 119 19 130
1339286400 5 119 19 129
1339200000 876 6880 13611 290944
1339113600 507 2683 9373 80349
1339027200 963 4180 26279 165525
1338940800 721 3711 9479 96992
1338854400 1210 6596 55678 694413
1338768000 3 118 5 128
1338681600 3 118 4 129
1338595200 2 257 57 11126
1338508800 2 446 177 32316
1338422400 6 889 1181 133770
1338336000 2 768 271 57581
1338249600 2 118 5 126
1338163200 2 118 5 128
1338076800 2 117 5 128
1337990400 2 228 92 18794
1337904000 13 1444 1110 218888
1337817600 16 1113 1236 252015
1337731200 12 260 126 5864
1337644800 18 1679 1078 212989
1337558400 12 129 15 139
1337472000 12 129 15 139
1337385600 12 258 95 14665
1337299200 1182 6028 80015 105774
1337212800 738 4504 17826 165685
1337126400 791 4148 12879 99659
1337040000 490 2427 8999 62913
1336953600 12 127 15 135
1336867200 12 128 15 136
1336780800 543 5297 12080 396429
1336694400 564 5002 10352 240276
1336608000 610 5284 12662 310072
1336521600 1251 5331 14290 78474
1336435200 770 5156 9667 169092
1336348800 12 130 16 139
1336262400 11 130 16 141
1336176000 82 949 6330 79789
1336089600 12 222 32 3725
1336003200 672 4261 11447 168578
1335916800 619 5349 14360 122049
1335830400 654 3335 10108 54253
1335744000 11 130 15 144
1335657600 12 131 16 146
1335571200 12 552 236 45523
1335484800 977 3773 77465 91363
1335398400 1196 6243 18582 302066
1335312000 859 4881 11747 143107
1335225600 1328 5942 21415 263204
1335139200 2 149 6 162
1335052800 2 150 6 164
1334966400 609 3641 7795 88855
1334880000 779 5908 13162 87856
1334793600 632 3139 8201 63026
1334707200 710 7655 10822 322560
1334620800 486 4141 9123 426161
1334534400 2 146 6 156
1334448000 2 147 6 162
1334361600 640 2074 33908 41540
1334275200 519 4747 13015 184758
1334188800 792 6945 10464 257915
1334102400 866 5752 16681 228231
1334016000 879 4735 25926 243933
1333929600 7 152 36 184
1333843200 7 153 36 183
1333756800 304 2680 6808 101253
1333670400 506 3018 10976 148046
1333584000 507 4343 7602 101164
1333497600 347 1281 7647 89709
1333411200 466 3175 8187 110802
1333324800 7 154 36 189
1333238400 7 155 36 194
1333152000 468 3681 11071 94545
1333065600 376 3285 5890 45852
1332979200 427 1635 6860 87097
1332892800 293 2059 4732 39806
1332806400 402 2536 4251 54142
1332720000 6 154 37 188
1332633600 6 153 37 185
1332547200 416 2788 28172 200894
1332460800 302 1336 3883 52762
1332374400 370 2398 5744 104958
1332288000 574 4093 11634 195906
1332201600 418 3163 4690 322393
1332115200 7 153 76 211
1332028800 7 155 36 187
1331942400 375 2656 8791 72383
1331856000 395 2353 8364 46509
1331769600 332 2837 8392 110492
1331683200 352 1359 4042 45229
1331596800 506 3108 9736 99304
1331510400 7 153 34 185
1331424000 7 153 34 183
1331337600 1208 4149 81406 112296
1331251200 524 1138 10588 24684
1331164800 8 384 125 19491
1331078400 8 480 235 18527
1330992000 476 2206 7046 123459
1330905600 6 154 34 184
1330819200 6 154 34 185
1330732800 903 6460 35278 595677
1330646400 1288 4176 250980 258129
1330560000 760 5244 28092 263805
1330473600 1070 4899 61388 347061
1330387200 426 8707 6990 694343
1330300800 6 155 34 185
1330214400 6 154 34 188
1330128000 472 2292 7532 57319
1330041600 387 2308 4237 239334
1329955200 673 3063 13654 49306
1329868800 482 3203 6748 95398
1329782400 7 155 36 189
1329696000 7 156 41 191
1329609600 6 158 40 323
1329523200 423 1506 15353 40137
1329436800 840 3744 25024 143594
1329350400 502 4566 5567 151589
1329264000 468 3172 8348 231736
1329177600 1305 4602 67195 353903
1329091200 7 153 36 187
1329004800 7 153 36 186
1328918400 7 229 115 13156
1328832000 7 175 52 1234
1328745600 7 230 126 16876
1328659200 7 231 102 10967
1328572800 461 4574 6940 168860
1328486400 7 154 36 191
1328400000 7 158 36 193
1328313600 1024 4764 141013 164661
1328227200 539 4005 7728 80557
1328140800 380 1434 17464 39923
1328054400 256 1548 4888 139592
1327968000 526 2896 81765 140663
1327881600 7 154 36 188
1327795200 7 153 36 194
1327708800 233 2928 6197 118407
1327622400 144 918 3782 71401
1327536000 926 1978 12083 216623
1327449600 572 3333 33043 320152
1327363200 373 2179 9034 92787
1327276800 7 154 34 183
1327190400 7 154 34 186
1327104000 263 1718 13358 64600
1327017600 212 641 4908 8251
1326931200 124 985 3455 144994
1326844800 472 1844 32831 285344
1326758400 7 122 36 154
1326672000 7 124 36 154
1326585600 7 124 36 154
1326499200 348 4445 20210 176983
1326412800 317 2759 17286 148439
1326326400 331 2194 7555 85123
1326240000 152 1246 3192 86731
1326153600 222 886 13946 41739
1326067200 7 122 34 150
1325980800 7 122 34 156
1325894400 281 909 12084 21647
1325808000 238 1202 5499 72464
1325721600 328 930 5321 28414
1325635200 177 621 4249 26354
1325548800 6 123 36 152
1325462400 7 123 36 154
1325376000 7 122 36 152
1325289600 302 2317 21167 45683
1325203200 275 867 6200 39829
1325116800 326 3064 4723 26366
1325030400 256 3396 12637 583715
1324944000 7 123 36 152
1324857600 7 122 36 152
1324771200 7 122 36 153
1324684800 7 122 36 155
1324598400 386 1089 18549 34179
1324512000 261 834 3586 10275
1324425600 313 934 11495 31337
1324339200 386 1746 11617 100998
1324252800 7 123 36 152
1324166400 7 123 36 161
1324080000 155 622 3428 64505
1323993600 302 987 15621 58048
1323907200 353 2380 9852 264800
1323820800 491 897 20845 28821
1323734400 364 944 8833 44243
1323648000 6 121 36 151
1323561600 6 121 36 152
1323475200 419 1548 7118 34005
1323388800 321 2005 4672 112826
1323302400 295 1723 7214 139799
1323216000 689 12771 20998 555177
1323129600 308 1275 4604 40193
1323043200 8 123 36 152
1322956800 8 123 36 152
1322870400 443 946 66008 68484
1322784000 263 1147 5677 46140
1322697600 525 1045 12502 35399
1322611200 0 242 51 12139
1322524800 250 592 17170 15268
1322438400 1 117 4 126
1322352000 1 117 4 127
1322265600 1 117 4 127
1322179200 1 117 4 125
1322092800 327 843 15803 39416
1322006400 158 519 5845 11117
1321920000 498 958 39607 22951
1321833600 0 116 5 125
1321747200 0 116 5 128
1321660800 321 929 9999 16203
1321574400 389 914 19133 23135
1321488000 188 757 3741 13314
1321401600 407 1155 28085 34610
1321315200 240 995 6868 63783
1321228800 0 114 5 121
1321142400 0 114 5 126
1321056000 271 741 8174 16962
1320969600 307 695 8826 15897
1320883200 469 1864 9311 287708
1320796800 535 1393 23106 29172
1320710400 236 2474 7315 238391
1320624000 0 115 4 125
1320537600 1 116 4 126
1320451200 351 816 4709 21435
1320364800 192 838 4444 43522
1320278400 245 1512 5015 124066
1320192000 194 922 3839 45281
1320105600 0 267 38 10652
1320019200 1 115 4 122
1319932800 1 115 4 124
1319846400 159 600 2919 10633
1319760000 52 375 2825 18497
1319673600 87 740 3810 43813
1319587200 366 998 12322 20987
1319500800 736 981 116036 27673
1319414400 0 116 5 125
1319328000 0 116 5 123
1319241600 278 831 5404 40792
1319155200 412 1178 23450 34886
1319068800 343 763 20593 23115
1318982400 223 700 4915 15696
1318896000 193 1074 4523 64391
1318809600 0 117 4 131
1318723200 0 119 10 991
1318636800 508 1832 21063 63541
1318550400 301 1018 22699 26709
1318464000 218 909 5921 40870
1318377600 0 375 61 12855
1318291200 319 1047 11709 52322
1318204800 0 116 4 129
1318118400 0 115 4 125
1318032000 227 758 3938 18999
1317945600 307 1546 5080 88427
1317859200 2135 1111 489960 26924
1317772800 517 7514 16812 614649
1317686400 388 1178 10683 27717
1317600000 0 115 4 126
1317513600 0 115 7 276
1317427200 470 2782 7682 74123
1317340800 343 1269 7235 93148
1317254400 437 1194 22490 53294
1317168000 422 1108 29666 30924
1317081600 520 953 14627 16598
1316995200 0 115 4 126
1316908800 1 114 4 123
1316822400 480 1689 16063 73398
1316736000 441 894 13154 23720
1316649600 304 605 18393 14551
1316563200 318 789 7717 11619
1316476800 480 1107 7263 26933
1316390400 6 121 10 130
1316304000 6 121 10 135
1316217600 339 721 17797 32944
1316131200 284 1102 4394 41697
1316044800 244 2094 8132 247227
1315958400 322 799 8127 11963
1315872000 447 704 18084 20433
1315785600 6 121 10 128
1315699200 6 121 10 131
1315612800 306 887 6933 17749
1315526400 236 730 4910 17024
1315440000 665 2942 82905 545273
1315353600 0 303 34 7060
1315267200 0 116 4 123
1315180800 0 116 4 123
1315094400 0 114 4 123
1315008000 0 436 197 46717
1314921600 0 174 7 1720
1314835200 0 288 31 8071
1314748800 0 209 25 3701
1314662400 0 219 27 4004
1314576000 0 115 74 754
1314489600 0 113 0 135
1314403200 308 1072 15592 47631
1314316800 380 939 16597 22149
1314230400 282 760 9425 27780
1314144000 508 2224 33256 88214
1314057600 1 647 209 58248
1313971200 0 115 5 123
1313884800 0 115 4 124
1313798400 326 934 3486 22595
1313712000 464 1188 51978 75283
1313625600 278 1041 9153 37052
1313539200 283 1398 4422 45734
1313452800 0 410 102 29005
1313366400 1 115 4 124
1313280000 1 116 4 126
1313193600 906 1005 26584 30438
1313107200 326 1468 17205 35867
1313020800 328 1316 9621 28451
1312934400 304 1608 8976 69453
1312848000 467 1518 21373 53981
1312761600 1 116 4 123
1312675200 1 116 4 124
1312588800 406 854 8342 56987
1312502400 318 1187 7304 20547
1312416000 271 1225 5193 64265
1312329600 296 1791 5888 231309
1312243200 4 1581 436 107606
1312156800 0 116 5 146
1312070400 0 117 5 125
1311984000 418 916 12115 28298
1311897600 355 959 12486 27131
1311811200 256 853 22407 45693
1311724800 305 759 9291 21898
1311638400 224 1117 5040 26247
1311552000 0 115 4 121
1311465600 0 115 4 124
1311379200 244 851 7367 31665
1311292800 243 857 13893 41636
1311206400 309 943 4994 17823
1311120000 396 2096 16681 24299
1311033600 106 1664 3365 26288
1310947200 1 696 4 913
1310860800 1 705 4 938
1310774400 198 1912 7407 52452
1310688000 335 3325 13585 463126
1310601600 354 3225 11374 480055
1310515200 326 2011 5828 32995
1310428800 248 1881 3858 25481
1310342400 1 660 4 851
1310256000 1 672 4 794
1310169600 417 1760 7658 20718
1310083200 294 2136 10191 31283
1309996800 295 1389 8222 8700
1309910400 451 4722 11357 457831
1309824000 0 593 5 778
1309737600 1 594 5 725
1309651200 1 589 5 724
1309564800 75 1505 3095 81127
1309478400 524 1834 27802 24289
1309392000 417 1836 14425 42795
1309305600 230 1571 11286 19997
1309219200 379 1885 7025 33790
1309132800 1 654 5 765
1309046400 1 656 5 798
