1377805801 351959018 3854156553
1377805801 1550 8240 1550 8240
1377805502 599 3519 599 3519
1377805500 598 3508 599 3519
1377805200 388 492 438 493
1377804900 437 478 438 642
1377804600 427 641 428 642
1377804300 403 524 404 525
1377804000 389 441 404 566
1377803700 403 566 404 648
1377803400 393 647 394 648
1377803100 378 408 400 561
1377802800 399 560 400 561
1377802500 382 463 400 488
1377802200 400 488 400 566
1377801900 399 565 400 566
1377801600 379 475 386 476
1377801300 386 431 484 647
1377801000 483 645 484 647
1377800700 378 485 391 486
1377800400 391 415 399 536
1377800100 398 536 399 542
1377799800 388 541 389 542
1377799500 383 421 404 556
1377799200 403 555 404 556
1377798900 379 474 398 475
1377798600 398 472 404 565
1377798300 404 566 529 967
1377798000 531 998 922 5668
1377797700 919 5634 922 5668
1377797400 473 638 474 640
1377797100 405 486 406 487
1377796800 377 418 410 560
1377796500 409 559 410 560
1377796200 394 534 539 1240
1377795900 538 1241 539 1490
1377795600 531 1486 532 1490
1377795300 381 472 404 525
1377795000 403 525 404 672
1377794700 398 671 399 672
1377794400 382 482 382 483
1377794100 382 474 414 531
1377793800 414 530 437 531
1377793500 436 512 437 513
1377793200 386 494 416 784
1377792900 415 782 416 784
1377792600 389 519 390 520
1377792300 379 500 407 501
1377792000 406 495 407 496
1377791700 376 463 402 547
1377791400 402 546 417 547
1377791100 417 515 460 3158
1377790800 459 3149 460 3158
1377790500 445 509 463 576
1377790200 462 575 463 576
1377789900 403 523 441 524
1377789600 440 499 441 500
1377789300 406 490 407 530
1377789000 393 529 394 530
1377788700 378 513 412 521
1377788400 411 520 412 521
1377788100 381 501 408 617
1377787800 407 616 408 617
1377787500 402 536 403 537
1377787200 385 511 386 537
1377786900 382 537 411 580
1377786600 410 579 411 580
1377786300 377 514 385 516
1377786000 385 516 459 525
1377785700 458 525 459 555
1377785400 392 555 393 622
1377785100 391 621 411 622
1377784800 410 565 411 566
1377784500 380 432 390 433
1377784200 390 430 405 526
1377783900 404 525 405 526
1377783600 376 498 382 499
1377783300 382 401 411 469
1377783000 410 468 411 469
1377782700 392 428 393 429
1377782400 388 425 433 527
1377782100 433 526 436 527
1377781800 435 435 436 453
1377781500 380 453 408 484
1377781200 407 483 408 484
1377780900 381 397 388 397
1377780600 388 397 403 488
1377780300 402 487 403 488
1377780000 380 403 381 404
1377779700 381 397 403 458
1377779400 402 457 403 458
1377779100 382 407 387 408
1377778800 387 402 400 461
1377778500 400 460 426 461
1377778200 425 414 426 431
1377777900 408 431 409 477
1377777600 403 476 404 477
1377777300 380 391 392 411
1377777000 392 411 404 478
1377776700 403 477 404 478
1377776400 380 386 381 390
1377776100 375 390 419 471
1377775800 418 470 419 471
1377775500 405 412 406 413
1377775200 388 409 411 493
1377774900 410 492 411 493
1377774600 382 381 444 424
1377774300 443 424 444 484
1377774000 407 483 408 484
1377773700 379 388 387 397
1377773400 387 397 406 478
1377773100 405 477 406 478
1377772800 374 387 377 388
1377772500 377 383 411 474
1377772200 410 473 411 474
1377771900 386 412 387 413
1377771600 385 394 402 470
1377771300 401 469 402 470
1377771000 380 388 393 425
1377770700 393 425 462 487
1377770400 461 486 462 487
1377770100 381 394 394 406
1377769800 394 406 400 468
1377769500 399 467 400 468
1377769200 385 390 386 391
1377768900 381 388 401 463
1377768600 401 462 408 463
1377768300 407 417 408 418
1377768000 394 417 939 688
1377767700 935 686 939 688
1377767400 376 389 390 421
1377767100 390 421 419 478
1377766800 419 477 444 478
1377766500 443 430 444 431
1377766200 378 386 409 480
1377765900 408 479 409 480
1377765600 378 388 380 392
1377765300 380 392 406 467
1377765000 405 466 406 467
1377764700 385 396 386 401
1377764400 385 401 403 472
1377764100 402 471 403 472
1377763800 379 391 390 406
1377763500 390 406 406 469
1377763200 405 468 406 469
1377762900 376 387 448 435
1377762600 447 435 448 469
1377762300 406 468 407 469
1377762000 381 396 382 397
1377761700 381 385 420 731
1377761400 420 730 438 731
1377761100 437 447 438 448
1377760800 413 445 414 509
1377760500 410 508 411 509
1377760200 379 414 391 515
1377759900 391 514 404 515
1377759600 403 471 404 472
1377759300 372 371 407 409
1377759000 407 409 454 499
1377758700 453 498 454 499
1377758400 381 406 382 407
1377758100 381 394 404 461
1377757800 403 460 404 461
1377757500 384 403 387 404
1377757200 387 391 402 471
1377756900 401 470 402 471
1377756600 383 383 384 404
1377756300 384 404 398 461
1377756000 397 460 398 461
1377755700 381 384 382 400
1377755400 379 400 458 498
1377755100 457 497 458 498
1377754800 397 397 398 398
1377754500 379 385 409 477
1377754200 409 476 410 477
1377753900 409 435 410 436
1377753600 390 390 401 471
1377753300 400 470 401 471
1377753000 381 392 382 392
1377752700 382 392 400 465
1377752400 399 464 400 465
1377752100 381 398 394 409
1377751800 394 409 410 472
1377751500 410 471 444 472
1377751200 443 416 444 417
1377750900 382 396 408 461
1377750600 407 460 408 461
1377750300 382 403 394 417
1377750000 394 417 403 468
1377749700 402 467 403 468
1377749400 369 379 391 408
1377749100 391 408 402 465
1377748800 401 464 402 465
1377748500 381 382 381 405
1377748200 381 405 414 476
1377747900 413 475 414 476
1377747600 380 403 439 404
1377747300 438 402 439 765
1377747000 419 762 420 765
1377746700 417 435 469 3949
1377746400 468 3937 469 3949
1377746100 438 506 439 507
1377745800 393 424 394 425
1377745500 389 395 404 470
1377745200 403 469 404 470
1377744900 382 392 385 400
1377744600 385 400 410 474
1377744300 409 473 410 474
1377744000 379 393 380 394
1377743700 376 390 466 488
1377743400 465 487 466 488
1377743100 387 400 392 426
1377742800 392 426 403 464
1377742500 402 463 403 464
1377742200 376 384 390 416
1377741900 390 416 401 491
1377741600 400 490 401 491
1377741300 377 382 385 406
1377741000 385 406 410 470
1377740700 409 469 410 470
1377740400 373 386 381 387
1377740100 381 387 413 472
1377739800 413 471 470 472
1377739500 469 455 470 456
1377739200 385 405 405 472
1377738900 404 471 405 472
1377738600 382 385 386 405
1377738300 386 405 402 464
1377738000 401 463 402 464
1377737700 381 385 382 398
1377737400 380 398 403 470
1377737100 402 469 403 470
1377736800 384 424 385 425
1377736500 381 383 404 458
1377736200 404 457 413 458
1377735900 413 416 425 417
1377735600 424 409 425 466
1377735300 397 465 398 466
1377735000 381 390 389 402
1377734700 389 402 401 470
1377734400 400 469 401 470
1377734100 383 416 387 427
1377733800 387 427 410 466
1377733500 409 465 410 466
1377733200 387 446 388 450
1377732900 381 450 411 516
1377732600 410 515 411 516
1377732300 404 459 434 476
1377732000 433 476 434 556
1377731700 420 555 421 556
1377731400 382 519 410 642
1377731100 409 641 410 642
1377730800 382 493 383 527
1377730500 374 527 381 544
1377730200 381 544 417 619
1377729900 416 618 417 619
1377729600 380 552 385 553
1377729300 385 551 401 552
1377729000 400 547 401 624
1377728700 394 623 395 624
1377728400 390 540 471 605
1377728100 470 604 471 605
1377727800 381 530 394 594
1377727500 394 593 394 594
1377727200 393 524 394 525
1377726900 380 522 385 550
1377726600 385 550 415 596
1377726300 414 595 415 596
1377726000 380 518 448 604
1377725700 447 603 448 604
1377725400 418 532 419 605
1377725100 410 604 411 605
1377724800 401 574 421 705
1377724500 421 703 442 705
1377724200 441 537 442 619
1377723900 428 618 429 619
1377723600 423 548 424 549
1377723300 378 519 382 524
1377723000 382 524 418 663
1377722700 417 661 418 663
1377722400 380 460 381 510
1377722100 377 510 404 600
1377721800 403 599 404 600
1377721500 392 533 393 534
1377721200 388 533 409 605
1377720900 408 603 409 605
1377720600 374 451 459 632
1377720300 458 631 459 632
1377720000 397 627 398 628
1377719700 382 477 385 557
1377719400 385 557 417 671
1377719100 416 669 417 671
1377718800 380 480 380 534
1377718500 380 534 400 612
1377718200 400 611 408 612
1377717900 407 539 408 581
1377717600 394 581 406 636
1377717300 405 635 406 636
1377717000 376 469 405 598
1377716700 405 598 459 650
1377716400 458 649 459 650
1377716100 379 511 393 539
1377715800 393 539 417 650
1377715500 416 649 417 650
1377715200 385 465 386 507
1377714900 380 507 399 586
1377714600 399 585 400 586
1377714300 399 532 400 555
1377714000 385 555 403 595
1377713700 402 594 403 595
1377713400 379 445 395 580
1377713100 395 580 432 631
1377712800 431 630 432 631
1377712500 410 469 411 550
1377712200 385 550 416 678
1377711900 415 677 416 678
1377711600 381 560 382 561
1377711300 378 474 405 621
1377711000 405 621 418 622
1377710700 417 621 418 622
1377710400 388 497 405 613
1377710100 404 612 405 613
1377709800 380 540 395 541
1377709500 395 541 404 624
1377709200 404 623 428 624
1377708900 427 563 428 564
1377708600 395 512 416 670
1377708300 415 669 416 670
1377708000 370 545 382 546
1377707700 382 495 406 620
1377707400 405 619 406 620
1377707100 396 609 397 610
1377706800 390 515 401 618
1377706500 400 617 401 618
1377706200 383 538 392 539
1377705900 392 536 401 626
1377705600 400 625 401 626
1377705300 383 537 441 538
1377705000 440 500 441 744
1377704700 409 743 410 744
1377704400 384 653 385 655
1377704100 379 493 413 728
1377703800 412 727 413 728
1377703500 410 641 411 642
1377703200 389 554 416 609
1377702900 415 608 416 609
1377702600 395 554 462 2170
1377702300 462 2164 469 2170
1377702000 468 612 469 638
1377701700 395 637 396 638
1377701400 384 566 474 642
1377701100 473 641 474 642
1377700800 380 586 381 587
1377700500 380 542 407 555
1377700200 406 555 407 648
1377699900 386 647 387 648
1377699600 381 563 413 642
1377699300 412 641 413 642
1377699000 380 480 399 638
1377698700 399 639 410 963
1377698400 409 959 410 963
1377698100 380 451 391 467
1377697800 391 467 410 538
1377697500 410 538 447 557
1377697200 446 556 447 557
1377696900 376 419 417 509
1377696600 416 508 417 509
1377696300 397 476 398 477
1377696000 385 470 409 542
1377695700 408 541 409 542
1377695400 382 480 950 904
1377695100 948 902 950 904
1377694800 399 528 400 529
1377694500 381 451 387 453
1377694200 387 453 406 513
1377693900 405 512 406 513
1377693600 393 468 431 469
1377693300 430 461 431 509
1377693000 394 508 395 509
1377692700 390 468 391 474
1377692400 387 474 403 520
1377692100 402 519 403 520
1377691800 379 430 388 474
1377691500 388 474 407 529
1377691200 406 528 407 529
1377690900 379 447 383 454
1377690600 383 454 412 537
1377690300 411 536 412 537
1377690000 378 449 410 462
1377689700 410 462 436 539
1377689400 435 538 436 539
1377689100 403 461 404 462
1377688800 385 458 412 534
1377688500 411 533 412 534
1377688200 380 445 391 451
1377687900 391 451 413 544
1377687600 412 543 413 544
1377687300 385 451 385 452
1377687000 385 451 407 514
1377686700 406 513 407 514
1377686400 374 448 386 463
1377686100 386 463 456 546
1377685800 455 545 456 546
1377685500 393 462 394 463
1377685200 386 462 405 525
1377684900 404 524 405 525
1377684600 380 433 390 459
1377684300 390 459 401 529
1377684000 400 528 401 529
1377683700 377 440 384 458
1377683400 384 458 410 521
1377683100 409 520 410 521
1377682800 377 452 382 453
1377682500 382 441 408 546
1377682200 408 545 467 546
1377681900 466 489 467 490
1377681600 387 461 418 689
1377681300 417 687 418 689
1377681000 378 439 386 444
1377680700 386 444 420 546
1377680400 419 545 420 546
1377680100 381 443 382 444
1377679800 382 443 410 527
1377679500 409 526 410 527
1377679200 387 473 388 474
1377678900 379 443 406 513
1377678600 405 512 406 513
1377678300 393 479 448 484
1377678000 447 484 448 515
1377677700 397 514 398 515
1377677400 381 448 390 457
1377677100 390 457 404 523
1377676800 403 522 404 523
1377676500 373 434 384 461
1377676200 384 461 409 520
1377675900 408 519 409 520
1377675600 380 448 383 453
1377675300 383 453 415 548
1377675000 414 547 415 548
1377674700 397 466 398 467
1377674400 389 462 471 565
1377674100 470 564 471 565
1377673800 378 447 388 448
1377673500 388 439 398 521
1377673200 398 522 401 706
1377672900 401 705 428 706
1377672600 427 498 428 522
1377672300 415 521 416 522
1377672000 378 454 379 455
1377671700 377 444 405 520
1377671400 404 519 405 520
1377671100 388 449 391 482
1377670800 391 482 430 575
1377670500 429 574 430 575
1377670200 426 455 427 460
1377669900 390 460 393 514
1377669600 392 513 393 514
1377669300 380 451 385 452
1377669000 385 442 419 622
1377668700 418 621 419 622
1377668400 381 458 381 459
1377668100 381 434 408 549
1377667800 408 548 408 549
1377667500 407 465 408 466
1377667200 387 463 409 524
1377666900 409 523 413 524
1377666600 412 457 413 458
1377666300 405 457 407 522
1377666000 406 521 407 522
1377665700 377 445 385 458
1377665400 385 458 415 527
1377665100 414 526 415 527
1377664800 379 454 381 455
1377664500 381 438 407 544
1377664200 406 543 407 544
1377663900 388 442 389 460
1377663600 384 460 402 530
1377663300 401 529 402 530
1377663000 375 436 444 476
1377662700 443 476 444 536
1377662400 408 535 409 536
1377662100 381 450 392 458
1377661800 392 458 410 520
1377661500 409 519 410 520
1377661200 384 472 385 473
1377660900 382 444 406 521
1377660600 405 520 406 521
1377660300 402 471 403 490
1377660000 394 490 396 512
1377659700 395 511 396 512
1377659400 378 435 391 472
1377659100 391 472 467 540
1377658800 466 539 467 540
1377658500 377 450 436 2066
1377658200 436 2055 445 2066
1377657900 444 563 445 564
1377657600 424 487 425 488
1377657300 382 454 406 530
1377657000 405 529 406 530
1377656700 388 466 388 467
1377656400 388 456 402 525
1377656100 401 524 402 525
1377655800 381 450 385 451
1377655500 385 451 404 533
1377655200 404 532 441 533
1377654900 440 472 441 473
1377654600 374 446 409 526
1377654300 408 525 409 526
1377654000 380 460 381 461
1377653700 377 446 426 524
1377653400 425 523 426 524
1377653100 392 463 393 486
1377652800 393 486 402 521
1377652500 401 520 402 521
1377652200 380 445 391 464
1377651900 391 464 399 523
1377651600 398 522 399 523
1377651300 373 435 447 487
1377651000 446 487 447 529
1377650700 406 528 407 529
1377650400 380 441 381 456
1377650100 381 456 412 542
1377649800 411 541 412 542
1377649500 385 447 388 460
1377649200 388 460 405 529
1377648900 404 528 405 529
1377648600 377 449 389 453
1377648300 389 453 396 523
1377648000 395 522 396 523
1377647700 381 437 402 471
1377647400 402 471 453 541
1377647100 452 540 453 541
1377646800 383 471 384 472
1377646500 378 446 418 533
1377646200 417 532 418 533
1377645900 405 490 406 491
1377645600 384 491 405 574
1377645300 404 573 405 574
1377645000 379 493 381 493
1377644700 381 493 398 625
1377644400 397 624 398 625
1377644100 382 493 396 520
1377643800 396 520 451 568
1377643500 450 567 451 568
1377643200 408 499 409 500
1377642900 393 490 545 652
1377642600 543 650 545 652
1377642300 385 462 389 509
1377642000 389 509 408 554
1377641700 407 553 408 554
1377641400 369 460 394 494
1377641100 394 494 405 566
1377640800 404 565 405 566
1377640500 378 458 383 487
1377640200 383 487 411 568
1377639900 411 567 440 568
1377639600 439 512 440 513
1377639300 384 501 429 602
1377639000 430 652 586 8113
1377638700 585 8111 586 8113
1377638400 551 7793 552 7840
1377638100 426 789 427 790
1377637800 378 515 387 516
1377637500 387 516 433 768
1377637200 432 766 433 768
1377636900 380 494 383 495
1377636600 383 488 414 861
1377636300 413 858 414 861
1377636000 379 488 440 517
1377635700 439 517 440 655
1377635400 389 654 390 655
1377635100 386 489 386 494
1377634800 386 495 398 746
1377634500 397 744 398 746
1377634200 377 454 389 525
1377633900 389 526 402 742
1377633600 401 740 402 742
1377633300 375 457 400 949
1377633000 401 962 768 4912
1377632700 766 4897 768 4912
1377632400 377 466 385 467
1377632100 385 470 592 6042
1377631800 591 6023 592 6042
1377631500 403 484 404 485
1377631200 395 490 545 6439
1377630900 544 6419 545 6439
1377630600 379 487 383 488
1377630300 383 482 401 939
1377630000 400 937 401 939
1377629700 379 552 380 575
1377629400 377 575 408 752
1377629100 407 750 408 752
1377628800 376 575 377 576
1377628500 371 564 407 813
1377628200 407 811 461 813
1377627900 460 645 461 646
1377627600 387 593 387 705
1377627300 386 704 387 705
1377627000 379 564 398 669
1377626700 397 669 398 803
1377626400 396 802 397 803
1377626100 382 581 390 582
1377625800 386 628 406 792
1377624600 403 667 437 834
1377622800 475 714 897 1123
1377621000 401 662 438 854
1377619200 384 653 410 908
1377617400 403 678 463 917
1377615600 393 892 432 1776
1377613800 411 645 440 858
1377612000 388 568 415 793
1377610200 486 1419 965 6083
1377608400 349 390 359 408
1377606600 350 389 402 404
1377604800 356 387 402 404
1377603000 353 387 377 403
1377601200 357 389 378 402
1377599400 362 538 385 1282
1377597600 357 385 401 396
1377595800 355 413 371 536
1377594000 359 388 415 411
1377592200 348 384 359 422
1377590400 359 390 416 416
1377588600 353 391 374 408
1377586800 358 389 410 413
1377585000 351 389 357 398
1377583200 357 387 396 399
1377581400 352 386 363 405
1377579600 354 386 379 405
1377577800 352 387 368 398
1377576000 347 384 405 410
1377574200 361 390 405 409
1377572400 351 386 358 400
1377570600 395 1381 513 6294
1377568800 351 387 369 398
1377567000 361 393 419 421
1377565200 349 387 361 413
1377563400 357 386 409 403
1377561600 349 376 359 415
1377559800 363 468 392 612
1377558000 349 512 359 589
1377556200 363 493 425 2769
1377554400 364 868 503 2769
1377552600 391 1443 918 5726
1377550800 17 238 86 270
1377549000 3 247 4 314
1377547200 4 228 4 277
1377545400 4 226 4 265
1377543600 3 252 4 336
1377541800 4 221 4 263
1377540000 4 223 4 267
1377538200 4 225 4 260
1377536400 3 232 4 264
1377534600 4 253 4 356
1377532800 4 233 4 269
1377531000 3 229 4 251
1377529200 4 239 4 268
1377527400 4 247 4 356
1377525600 3 256 4 393
1377523800 4 156 4 174
1377522000 4 154 4 165
1377520200 4 151 4 157
1377518400 3 155 4 164
1377516600 4 150 4 165
1377514800 4 152 4 158
1377513000 3 150 4 164
1377511200 4 150 4 163
1377509400 4 149 4 162
1377507600 4 151 4 157
1377505800 3 151 4 168
1377504000 4 151 4 158
1377502200 4 151 4 161
1377500400 3 153 4 160
1377498600 4 151 4 161
1377496800 4 152 4 158
1377495000 3 152 4 157
1377493200 3 153 4 163
1377491400 4 150 4 163
1377489600 4 152 4 163
1377487800 3 151 4 159
1377486000 4 153 4 164
1377484200 4 150 4 163
1377482400 3 151 4 160
1377480600 4 151 4 157
1377478800 4 152 4 161
1377477000 4 148 4 161
1377475200 3 151 4 159
1377473400 4 151 4 161
1377471600 4 151 4 162
1377469800 3 152 4 164
1377468000 4 153 4 159
1377466200 4 149 4 160
1377464400 4 153 4 161
1377462600 3 148 4 164
1377460800 4 153 4 162
1377459000 4 149 4 162
1377457200 3 150 4 162
1377455400 4 150 4 162
1377453600 4 152 4 158
1377451800 3 149 4 162
1377450000 3 151 4 162
1377448200 4 153 4 167
1377446400 4 152 4 161
1377444600 3 149 4 158
1377442800 4 150 4 159
1377441000 4 150 4 159
1377439200 3 151 4 162
1377437400 4 149 4 157
1377435600 4 153 4 162
1377433800 4 151 4 170
1377432000 3 152 4 163
1377430200 4 150 4 157
1377428400 4 153 4 167
1377426600 3 147 4 162
1377424800 4 152 4 162
1377423000 4 149 4 157
1377421200 4 154 4 168
1377419400 3 148 4 161
1377417600 4 151 4 161
1377415800 4 151 4 164
1377414000 3 151 4 161
1377412200 4 149 4 162
1377410400 4 152 4 160
1377408600 3 152 4 160
1377406800 3 151 4 160
1377405000 4 151 4 158
1377403200 4 152 4 157
1377401400 3 149 4 159
1377399600 4 152 4 161
1377397800 4 152 4 159
1377396000 3 153 4 160
1377394200 3 149 4 158
1377392400 4 152 4 158
1377390600 4 151 4 163
1377388800 3 153 4 165
1377387000 4 150 4 163
1377385200 4 152 4 163
1377383400 3 151 4 158
1377381600 4 150 4 157
1377379800 4 149 4 164
1377378000 4 151 4 162
1377376200 3 150 4 160
1377374400 4 151 4 162
1377372600 4 149 4 162
1377370800 3 152 4 158
1377369000 4 148 4 158
1377367200 4 152 4 162
1377365400 3 149 4 158
1377363600 3 151 4 164
1377361800 4 152 4 168
1377360000 4 152 4 159
1377358200 3 152 4 162
1377356400 4 151 4 163
1377354600 4 151 4 163
1377352800 3 152 4 159
1377351000 4 150 4 168
1377349200 4 151 4 171
1377347400 4 149 4 165
1377345600 3 153 4 161
1377343800 4 151 4 158
1377342000 4 153 4 168
1377340200 3 151 4 160
1377338400 4 154 4 164
1377336600 4 150 4 162
1377334800 4 150 4 170
1377333000 3 151 4 159
1377331200 4 150 4 158
1377329400 4 152 4 170
1377327600 3 152 4 161
1377325800 4 149 4 156
1377324000 4 150 4 161
1377322200 3 151 4 160
1377320400 3 151 4 161
1377318600 4 153 4 164
1377316800 4 152 4 162
1377315000 3 152 4 160
1377313200 4 151 4 160
1377311400 4 154 4 161
1377309600 3 149 4 159
1377307800 3 152 4 161
1377306000 4 150 4 169
1377304200 4 152 4 167
1377302400 3 150 4 164
1377300600 4 153 4 159
1377298800 4 166 4 194
1377297000 51 244 377 525
1377295200 382 521 402 563
1377293400 381 520 437 578
1377291600 388 509 437 573
1377289800 477 536 957 654
1377288000 394 533 414 559
1377286200 385 533 413 620
1377284400 388 520 421 548
1377282600 381 529 395 601
1377280800 391 529 436 569
1377279000 385 576 418 2609
1377277200 407 883 446 2609
1377275400 393 529 441 588
1377273600 405 548 467 727
1377271800 381 509 395 568
1377270000 392 523 440 580
1377268200 377 485 387 580
1377266400 387 500 412 592
1377264600 383 437 412 470
1377262800 381 432 426 468
1377261000 389 428 426 449
1377259200 381 425 399 441
1377257400 387 427 441 456
1377255600 377 419 383 431
1377253800 390 430 436 449
1377252000 382 425 401 438
1377250200 389 429 438 447
1377248400 383 464 394 689
1377246600 390 427 431 449
1377244800 381 427 401 439
1377243000 387 447 414 542
1377241200 377 427 386 464
1377239400 386 424 439 447
1377237600 382 432 400 459
1377235800 377 421 434 439
1377234000 392 436 434 477
1377232200 377 424 389 440
1377230400 394 455 439 578
1377228600 380 425 389 440
1377226800 388 428 439 447
1377225000 378 429 389 443
1377223200 391 434 432 450
1377221400 466 437 905 502
1377219600 396 660 433 1813
1377217800 381 432 409 488
1377216000 392 430 459 459
1377214200 378 427 384 444
1377212400 388 468 446 569
1377210600 384 533 401 591
1377208800 397 539 446 596
1377207000 405 540 446 596
1377205200 550 1344 1208 5097
1377203400 406 633 487 856
1377201600 387 592 417 758
1377199800 394 590 438 803
1377198000 384 595 392 790
1377196200 394 626 447 909
1377194400 390 625 413 883
1377192600 715 3777 1128 13635
1377190800 1785 55383 8475 322281
1377189000 414 623 472 753
1377187200 404 757 438 1377
1377185400 397 588 438 764
1377183600 387 568 404 749
1377181800 613 1007 1494 1962
1377180000 523 2266 871 10333
1377178200 487 1698 921 5350
1377176400 352 391 371 403
1377174600 370 854 464 3160
1377172800 362 383 418 397
1377171000 348 377 354 408
1377169200 357 378 407 398
1377167400 348 379 357 407
1377165600 360 384 409 407
1377163800 347 378 355 398
1377162000 359 382 407 397
1377160200 350 383 356 397
1377158400 362 391 414 418
1377156600 346 388 355 396
1377154800 358 393 398 428
1377153000 346 385 353 398
1377151200 362 394 413 428
1377149400 346 389 355 404
1377147600 349 386 409 408
1377145800 359 394 409 408
1377144000 443 431 868 542
1377142200 358 391 411 405
1377140400 348 386 356 404
1377138600 356 391 411 400
1377136800 352 392 375 408
1377135000 357 385 383 411
1377133200 346 378 352 388
1377131400 358 385 400 413
1377129600 351 378 370 391
1377127800 360 482 406 775
1377126000 351 487 368 528
1377124200 360 498 416 584
1377122400 353 505 383 572
1377120600 348 529 421 624
1377118800 366 558 421 624
1377117000 376 610 417 689
1377115200 402 618 427 693
1377113400 386 624 413 733
1377111600 401 627 413 725
1377109800 386 631 417 725
1377108000 676 11273 2012 64455
1377106200 386 606 417 648
1377104400 399 615 464 648
1377102600 412 629 510 1942
1377100800 428 862 486 1942
1377099000 388 606 517 825
1377097200 674 924 1670 6991
1377095400 639 2070 1670 6991
1377093600 396 656 451 792
1377091800 393 523 451 599
1377090000 502 5101 1059 28009
1377088200 395 520 425 581
1377086400 392 515 418 581
1377084600 396 519 434 581
1377082800 387 508 410 560
1377081000 395 518 445 566
1377079200 389 509 414 563
1377077400 397 520 464 606
1377075600 386 507 931 632
1377073800 484 531 931 632
1377072000 406 626 426 1124
1377070200 397 533 426 609
1377068400 387 489 408 541
1377066600 392 495 423 563
1377064800 394 495 423 543
1377063000 387 511 471 658
1377061200 397 491 471 557
1377059400 384 495 410 554
1377057600 440 1830 562 8284
1377055800 387 496 420 569
1377054000 468 2655 793 13361
1377052200 386 493 405 562
1377050400 401 497 458 559
1377048600 385 492 415 549
1377046800 399 499 433 595
1377045000 386 495 414 553
1377043200 400 499 445 553
1377041400 386 507 411 565
1377039600 396 526 442 633
1377037800 400 554 452 635
1377036000 401 554 482 635
1377034200 396 572 482 712
1377032400 388 614 417 712
1377030600 397 620 435 723
1377028800 392 638 417 723
1377027000 397 613 450 661
1377025200 390 622 409 695
1377023400 397 603 441 659
1377021600 396 606 420 662
1377019800 396 578 540 709
1377018000 432 1194 540 4071
1377016200 396 597 439 750
1377014400 414 848 445 1592
1377012600 403 608 440 716
1377010800 388 601 414 716
1377009000 386 623 478 743
1377007200 402 584 478 743
1377005400 385 513 420 590
1377003600 481 529 892 590
1377001800 385 515 400 561
1377000000 402 509 412 635
1376998200 387 520 412 635
1376996400 396 504 428 568
1376994600 388 507 411 568
1376992800 399 508 457 554
1376991000 386 503 412 576
1376989200 397 506 437 564
1376987400 385 504 414 547
1376985600 399 505 449 568
1376983800 402 628 419 1158
1376982000 392 501 449 573
1376980200 393 504 449 573
1376978400 391 500 431 578
1376976600 395 507 431 578
1376974800 385 498 404 693
1376973000 393 552 427 693
1376971200 387 569 409 830
1376969400 395 558 435 740
1376967600 384 537 391 674
1376965800 394 568 474 831
1376964000 389 564 403 704
1376962200 394 578 451 769
1376960400 385 567 403 798
1376958600 396 578 428 798
1376956800 387 543 399 741
1376955000 418 1631 548 6994
1376953200 391 660 424 832
1376951400 387 641 461 820
1376949600 408 639 461 778
1376947800 387 648 416 777
1376946000 516 1148 790 2740
1376944200 356 533 390 592
1376942400 364 540 410 592
1376940600 349 553 365 666
1376938800 359 522 408 596
1376937000 347 516 361 575
1376935200 366 538 415 597
1376933400 346 525 357 588
1376931600 363 531 396 581
1376929800 384 560 485 689
1376928000 532 1336 1179 3733
1376926200 12 278 62 318
1376924400 4 268 4 399
1376922600 4 356 4 440
1376920800 3 283 4 429
1376919000 4 153 4 165
1376917200 4 150 4 156
1376915400 4 150 4 160
1376913600 3 151 4 163
1376911800 4 152 4 158
1376910000 4 151 4 155
1376908200 3 148 4 154
1376906400 4 150 4 161
1376904600 4 151 4 162
1376902800 4 152 4 163
1376901000 3 152 4 166
1376899200 4 153 4 167
1376897400 4 153 4 167
1376895600 3 152 4 159
1376893800 4 152 4 161
1376892000 4 151 4 156
1376890200 3 153 4 158
1376888400 3 151 4 162
1376886600 4 154 4 163
1376884800 4 151 4 164
1376883000 3 152 4 163
1376881200 4 153 4 164
1376879400 4 153 4 163
1376877600 3 157 4 163
1376875800 4 152 4 161
1376874000 4 152 4 161
1376872200 4 153 4 163
1376870400 3 150 4 161
1376868600 4 152 4 164
1376866800 4 151 4 163
1376865000 3 152 4 157
1376863200 4 150 4 163
1376861400 4 151 4 158
1376859600 4 153 4 158
1376857800 3 152 4 160
1376856000 4 149 4 161
1376854200 4 152 4 161
1376852400 3 151 4 156
1376850600 4 153 4 162
1376848800 4 152 4 159
1376847000 3 152 4 158
1376845200 3 153 4 159
1376843400 4 153 4 166
1376841600 4 152 4 163
1376839800 3 152 4 162
1376838000 4 147 4 159
1376836200 4 152 4 164
1376834400 3 151 4 159
1376832600 4 149 4 155
1376830800 4 148 4 159
1376829000 4 150 4 164
1376827200 3 151 4 157
1376825400 4 150 4 160
1376823600 4 151 4 166
1376821800 3 151 4 160
1376820000 4 151 4 159
1376818200 4 149 4 156
1376816400 4 150 4 159
1376814600 3 152 4 160
1376812800 4 150 4 156
1376811000 4 150 4 160
1376809200 3 149 4 160
1376807400 4 150 4 162
1376805600 4 151 4 162
1376803800 3 152 4 167
1376802000 3 150 4 162
1376800200 4 154 4 162
1376798400 4 149 4 165
1376796600 3 148 4 157
1376794800 4 147 4 153
1376793000 4 152 4 158
1376791200 3 150 4 157
1376789400 4 150 4 154
1376787600 4 148 4 158
1376785800 4 151 4 164
1376784000 3 149 4 160
1376782200 4 150 4 156
1376780400 4 149 4 169
1376778600 3 151 4 162
1376776800 4 148 4 155
1376775000 4 150 4 158
1376773200 3 151 4 167
1376771400 3 150 4 163
1376769600 4 149 4 157
1376767800 4 152 4 161
1376766000 3 153 4 170
1376764200 4 152 4 164
1376762400 4 152 4 159
1376760600 3 151 4 157
1376758800 4 152 4 165
1376757000 4 153 4 161
1376755200 4 152 4 164
1376753400 3 151 4 166
1376751600 4 151 4 166
1376749800 4 151 4 160
1376748000 3 150 4 163
1376746200 4 150 4 159
1376744400 4 151 4 161
1376742600 4 151 4 159
1376740800 3 150 4 162
1376739000 4 152 4 167
1376737200 4 150 4 168
1376735400 3 150 4 164
1376733600 4 150 4 157
1376731800 4 150 4 157
1376730000 4 150 4 163
1376728200 3 150 4 161
1376726400 4 151 4 155
1376724600 4 150 4 157
1376722800 3 148 4 160
1376721000 4 149 4 158
1376719200 4 150 4 158
1376717400 3 151 4 158
1376715600 3 149 4 160
1376713800 4 151 4 161
1376712000 4 149 4 168
1376710200 3 149 4 156
1376708400 4 151 4 163
1376706600 4 151 4 160
1376704800 3 149 4 162
1376703000 4 149 4 159
1376701200 4 151 4 160
1376699400 4 154 4 161
1376697600 3 152 4 170
1376695800 4 153 4 161
1376694000 4 172 4 184
1376692200 3 194 4 242
1376690400 4 208 4 227
1376688600 4 285 4 373
1376686800 94 338 441 566
1376685000 405 586 446 698
1376683200 394 753 411 1498
1376681400 397 547 435 604
1376679600 396 562 431 616
1376677800 427 663 598 1202
1376676000 389 548 411 600
1376674200 401 559 440 630
1376672400 487 598 889 751
1376670600 387 559 440 599
1376668800 397 572 440 647
1376667000 388 531 415 607
1376665200 442 672 622 1136
1376663400 441 2660 634 10426
1376661600 419 2325 637 8684
1376659800 352 470 367 520
1376658000 370 475 418 537
1376656200 357 471 377 518
1376654400 365 467 398 526
1376652600 358 469 383 553
1376650800 368 469 438 542
1376649000 357 463 378 517
1376647200 384 554 409 979
1376645400 356 460 376 587
1376643600 366 491 401 587
1376641800 364 469 401 524
1376640000 356 461 396 527
1376638200 366 466 396 516
1376636400 359 465 388 532
1376634600 366 469 434 542
1376632800 359 471 373 509
1376631000 367 468 415 519
1376629200 360 464 396 534
1376627400 369 478 407 566
1376625600 354 459 376 519
1376623800 370 477 448 586
1376622000 358 467 391 528
1376620200 367 469 399 522
1376618400 364 558 407 1067
1376616600 366 486 395 645
1376614800 361 471 388 513
1376613000 357 465 408 529
1376611200 367 474 408 540
1376609400 359 478 394 527
1376607600 374 512 449 576
1376605800 359 538 388 579
1376604000 379 693 444 1039
1376602200 536 1816 1399 7595
1376600400 433 729 589 982
1376598600 1376 3653 5520 17961
1376596800 370 712 390 951
1376595000 383 717 463 868
1376593200 373 682 420 794
1376591400 381 676 425 824
1376589600 363 681 388 875
1376587800 385 730 505 1014
1376586000 369 751 400 1046
1376584200 358 727 412 977
1376582400 371 711 412 1043
1376580600 378 642 422 915
1376578800 378 965 6352 274383
1376577000 6686 287845 32211 1446960
1376575200 336 1032 832 3351
1376573400 12 266 16 305
1376571600 22 239 76 298
1376569800 11 218 15 231
1376568000 23 229 78 250
1376566200 11 218 16 235
1376564400 23 223 77 263
1376562600 11 219 15 233
1376560800 24 224 66 1639
1376559000 24 459 65 1639
1376557200 21 223 62 246
1376555400 16 221 45 237
1376553600 26 249 193 387
1376551800 379 576 602 1030
1376550000 381 497 406 573
1376548200 384 497 418 541
1376546400 375 488 397 550
1376544600 381 493 457 593
1376539200 407 523 901 666
1376532000 384 549 439 1957
1376524800 393 562 589 1023
1376517600 389 664 438 816
1376510400 394 669 468 1082
1376503200 438 898 696 3378
1376496000 414 769 683 2873
1376488800 369 548 437 1795
1376481600 364 468 439 529
1376474400 386 548 509 1763
1376467200 656 10752 6196 244483
1376460000 384 490 435 631
1376452800 401 573 644 1224
1376445600 394 617 479 2567
1376438400 374 563 447 817
1376431200 411 905 1133 5999
1376424000 5171 165049 53397 2065406
1376416800 422 872 1088 4588
1376409600 362 551 447 740
1376402400 358 454 389 590
1376395200 375 440 861 502
1376388000 357 478 410 1501
1376380800 354 432 431 474
1376373600 355 434 417 463
1376366400 354 433 410 456
1376359200 359 529 453 2567
1376352000 354 462 407 592
1376344800 386 842 509 5974
1376337600 395 641 454 913
1376330400 398 728 456 2053
1376323200 412 1253 638 11374
1376316000 165 659 1220 5922
1376308800 3 148 4 169
1376301600 3 148 4 171
1376294400 3 149 4 171
1376287200 3 148 4 168
1376280000 3 148 4 167
1376272800 3 149 4 166
1376265600 3 148 4 170
1376258400 3 149 4 172
1376251200 3 149 4 170
1376244000 3 151 4 169
1376236800 3 152 4 169
1376229600 3 151 4 165
1376222400 3 152 4 169
1376215200 3 151 4 167
1376208000 3 151 4 166
1376200800 3 153 4 167
1376193600 3 152 4 169
1376186400 3 151 4 166
1376179200 3 150 4 163
1376172000 3 151 4 163
1376164800 3 151 4 173
1376157600 3 152 4 176
1376150400 3 151 4 167
1376143200 3 151 4 168
1376136000 3 151 4 171
1376128800 3 151 4 168
1376121600 3 151 4 172
1376114400 3 153 4 169
1376107200 3 152 4 168
1376100000 3 150 4 168
1376092800 3 160 4 184
1376085600 3 186 4 217
1376078400 3 188 4 217
1376071200 240 398 440 1276
1376064000 398 534 474 1623
1376056800 419 571 901 2334
1376049600 391 456 494 579
1376042400 393 455 456 526
1376035200 396 491 455 1350
1376028000 391 454 441 523
1376020800 398 515 461 1829
1376013600 393 466 429 577
1376006400 393 486 451 597
1375999200 396 589 475 782
1375992000 414 719 591 2732
1375984800 395 541 455 623
1375977600 414 510 846 676
1375970400 396 485 441 676
1375963200 394 452 451 515
1375956000 392 451 469 550
1375948800 399 503 451 1578
1375941600 390 450 471 527
1375934400 398 552 498 2879
1375927200 393 458 460 594
1375920000 414 489 891 625
1375912800 393 541 462 687
1375905600 394 547 440 630
1375898400 391 546 458 693
1375891200 397 672 529 2926
1375884000 397 495 475 700
1375876800 393 451 429 550
1375869600 392 450 473 515
1375862400 393 453 444 521
1375855200 394 461 444 556
1375848000 414 456 961 519
1375840800 398 510 459 1588
1375833600 391 484 443 577
1375826400 390 535 480 630
1375819200 395 595 439 697
1375812000 472 1951 1989 30589
1375804800 397 556 439 747
1375797600 396 482 469 739
1375790400 393 455 435 550
1375783200 416 469 900 636
1375776000 390 452 475 534
1375768800 394 456 475 522
1375761600 391 468 427 667
1375754400 394 556 469 1651
1375747200 390 521 444 803
1375740000 394 663 443 1230
1375732800 253 766 1093 8019
1375725600 26 341 151 1792
1375718400 16 301 69 498
1375711200 60 262 828 1972
1375704000 3 151 4 172
1375696800 3 151 4 170
1375689600 3 151 4 168
1375682400 3 152 4 168
1375675200 3 152 4 172
1375668000 3 152 4 166
1375660800 3 152 4 171
1375653600 3 151 4 174
1375646400 3 151 4 167
1375639200 3 151 4 168
1375632000 3 151 4 166
1375624800 3 152 4 177
1375617600 3 151 4 172
1375610400 3 152 4 173
1375603200 3 151 4 168
1375596000 3 152 4 175
1375588800 3 151 4 174
1375581600 3 151 4 165
1375574400 3 151 4 166
1375567200 3 149 4 168
1375560000 3 148 4 162
1375552800 3 150 4 171
1375545600 3 151 4 171
1375538400 3 150 4 167
1375531200 3 147 4 170
1375524000 3 148 4 171
1375516800 3 148 4 169
1375509600 3 149 4 173
1375502400 3 149 4 166
1375495200 3 149 4 174
1375488000 3 160 4 194
1375480800 359 471 443 594
1375473600 395 526 464 609
1375466400 25815 25994 612486 613723
1375459200 393 529 450 631
1375452000 503 691 2989 4518
1375444800 394 504 476 607
1375437600 392 501 427 581
1375430400 391 500 469 602
1375423200 395 538 455 875
1375416000 416 506 905 577
1375408800 390 500 482 572
1375401600 393 531 480 685
1375394400 395 617 443 882
1375387200 416 774 733 3742
1375380000 404 802 463 3499
1375372800 410 672 627 1535
1375365600 394 568 466 738
1375358400 394 558 453 694
1375351200 394 565 451 678
1375344000 394 559 456 676
1375336800 417 583 922 792
1375329600 399 595 461 1153
1375322400 393 557 468 672
1375315200 395 594 454 899
1375308000 386 820 496 3490
1375300800 367 779 453 3312
1375293600 367 643 476 1112
1375286400 410 849 1042 4848
1375279200 355 510 399 651
1375272000 355 492 422 542
1375264800 379 499 866 573
1375257600 356 494 420 557
1375250400 358 501 409 650
1375243200 355 508 431 841
1375236000 355 498 413 575
1375228800 357 501 415 599
1375221600 356 571 425 891
1375214400 360 600 416 731
1375207200 700 3166 4174 37090
1375200000 361 647 427 1959
1375192800 381 544 873 885
1375185600 358 550 435 1752
1375178400 356 497 427 574
1375171200 356 498 408 586
1375164000 356 506 417 668
1375156800 359 523 420 1008
1375149600 356 484 389 553
1375142400 356 505 421 881
1375135200 357 601 408 917
1375128000 386 744 717 3275
1375120800 1230 38147 21114 888502
1375113600 3 275 4 357
1375106400 3 145 4 257
1375099200 3 135 4 147
1375092000 3 134 4 151
1375084800 3 133 4 160
1375077600 3 133 4 151
1375070400 3 133 4 147
1375063200 3 133 4 156
1375056000 3 132 4 155
1375048800 3 133 4 153
1375041600 3 133 4 149
1375034400 3 133 4 165
1375027200 3 132 4 152
1375020000 3 133 4 152
1375012800 3 132 4 153
1375005600 3 132 4 147
1374998400 3 133 4 150
1374991200 3 133 4 151
1374984000 3 133 4 144
1374976800 3 132 4 144
1374969600 3 133 4 145
1374962400 3 136 4 151
1374955200 3 133 4 149
1374948000 3 134 4 147
1374940800 3 134 4 152
1374933600 3 133 4 150
1374926400 3 133 4 146
1374919200 3 133 4 147
1374912000 3 135 4 151
1374904800 3 133 4 149
1374897600 3 133 4 145
1374890400 3 133 4 152
1374883200 3 142 4 197
1374876000 3 304 4 511
1374868800 3 383 4 544
1374861600 3 280 4 451
1374854400 3 255 4 397
1374847200 3 243 4 650
1374840000 3 202 4 650
1374832800 3 183 4 197
1374825600 3 181 4 199
1374818400 3 182 4 201
1374811200 3 182 4 199
1374804000 3 183 4 197
1374796800 3 196 4 328
1374789600 3 222 4 267
1374782400 3 221 4 241
1374775200 3 228 4 267
1374768000 3 227 4 357
1374760800 3 194 4 418
1374753600 3 181 4 197
1374746400 3 180 4 206
1374739200 3 181 4 197
1374732000 3 182 4 199
1374724800 3 182 4 202
1374717600 3 184 4 201
1374710400 3 190 4 215
1374703200 3 222 4 270
1374696000 3 224 4 262
1374688800 3 230 4 309
1374681600 3 230 4 259
1374674400 3 214 4 614
1374667200 3 185 4 201
1374660000 3 186 4 202
1374652800 3 185 4 197
1374645600 3 186 4 200
1374638400 3 185 4 197
1374631200 3 183 4 197
1374624000 39 217 356 452
1374616800 359 484 422 604
1374609600 363 531 405 718
1374602400 359 475 485 660
1374595200 373 509 453 1258
1374588000 357 440 407 594
1374580800 374 423 817 480
1374573600 356 419 414 460
1374566400 358 449 407 1103
1374559200 356 419 423 457
1374552000 359 444 422 716
1374544800 356 427 404 574
1374537600 356 445 417 521
1374530400 364 584 443 1505
1374523200 800 685 10586 1490
1374516000 403 1162 1286 13865
1374508800 395 643 760 1882
1374501600 206 3561 2194 69202
1374494400 3 182 4 217
1374487200 3 182 4 219
1374480000 3 181 4 216
1374472800 3 185 4 222
1374465600 3 182 4 220
1374458400 3 182 4 214
1374451200 3 181 4 214
1374444000 3 181 4 217
1374436800 3 185 4 218
1374429600 3 183 4 219
1374422400 3 182 4 229
1374415200 3 183 4 220
1374408000 3 182 4 221
1374400800 3 184 4 230
1374393600 3 182 4 226
1374386400 3 182 4 229
1374379200 3 182 4 223
1374372000 3 185 4 221
1374364800 3 182 4 221
1374357600 3 183 4 223
1374350400 3 183 4 221
1374343200 3 182 4 226
1374336000 3 185 4 267
1374328800 3 182 4 230
1374321600 3 185 4 230
1374314400 3 182 4 227
1374307200 3 182 4 231
1374300000 3 183 4 227
1374292800 3 184 4 227
1374285600 3 184 4 231
1374278400 3 196 4 247
1374271200 3 264 4 320
1374264000 128 367 381 593
1374256800 384 547 834 729
1374249600 361 541 468 617
1374242400 358 499 418 594
1374235200 358 512 433 1130
1374228000 355 483 395 562
1374220800 355 485 408 553
1374213600 357 491 421 641
1374206400 355 484 404 1054
1374199200 359 510 411 1054
1374192000 377 514 856 614
1374184800 385 573 430 719
1374177600 857 1159 10591 11204
1374170400 400 635 473 1034
1374163200 396 605 471 755
1374156000 403 635 468 2016
1374148800 394 544 465 645
1374141600 399 587 477 1514
1374134400 395 547 469 650
1374127200 417 559 860 672
1374120000 394 540 480 666
1374112800 401 664 469 3470
1374105600 396 548 468 611
1374098400 395 555 452 667
1374091200 396 567 466 679
1374084000 404 580 508 719
1374076800 409 631 532 783
1374069600 394 491 431 651
1374062400 393 477 466 551
1374055200 392 476 440 542
1374048000 414 481 873 549
1374040800 395 488 444 611
1374033600 394 479 461 554
1374026400 396 497 441 856
1374019200 394 498 480 573
1374012000 397 532 460 658
1374004800 400 552 457 649
1373997600 408 640 501 1925
1373990400 414 607 486 867
1373983200 415 456 895 620
1373976000 393 434 443 506
1373968800 396 466 474 1165
1373961600 395 438 436 510
1373954400 396 450 465 602
1373947200 392 435 446 501
1373940000 397 476 465 1030
1373932800 396 521 442 782
1373925600 420 641 500 973
1373918400 403 617 476 868
1373911200 445 2438 1293 15872
1373904000 3 207 4 453
1373896800 3 154 4 453
1373889600 3 132 4 153
1373882400 3 132 4 150
1373875200 3 133 4 151
1373868000 3 134 4 166
1373860800 3 132 4 150
1373853600 3 132 4 152
1373846400 3 133 4 159
1373839200 3 133 4 152
1373832000 3 132 4 144
1373824800 3 133 4 148
1373817600 3 133 4 151
1373810400 3 132 4 145
1373803200 3 132 4 146
1373796000 3 133 4 147
1373788800 3 131 4 147
1373781600 3 133 4 147
1373774400 3 132 4 147
1373767200 3 133 4 146
1373760000 3 133 4 151
1373752800 3 133 4 146
1373745600 3 132 4 146
1373738400 3 132 4 143
1373731200 3 133 4 144
1373724000 3 133 4 147
1373716800 3 133 4 149
1373709600 3 134 4 152
1373702400 3 134 4 152
1373695200 3 134 4 147
1373688000 3 134 4 151
1373680800 3 134 4 151
1373673600 3 146 4 201
1373666400 251 369 852 602
1373659200 948 1824 10758 14756
1373652000 406 768 535 5031
1373644800 424 639 580 1626
1373637600 394 454 462 574
1373630400 396 460 434 1074
1373623200 480 3795 2458 81337
1373616000 393 439 464 552
1373608800 394 436 464 523
1373601600 394 450 442 627
1373594400 391 475 456 628
1373587200 415 573 886 2147
1373580000 397 622 473 1037
1373572800 396 970 1794 7793
1373565600 19 268 63 346
1373558400 29 371 232 2893
1373551200 17 157 76 267
1373544000 16 145 78 176
1373536800 16 144 81 173
1373529600 286 389 599 1747
1373522400 350 370 408 394
1373515200 377 438 850 1862
1373508000 354 371 409 413
1373500800 359 390 447 521
1373493600 3730 8667 5817 43875
1373486400 3354 13101 5817 43875
1373479200 1185 5928 5985 26932
1373472000 1351 7924 5985 26932
1373464800 1071 5783 1145 6325
1373457600 1062 5628 1146 6007
1373450400 1064 5692 1157 6287
1373443200 1537 23215 11650 425326
1373436000 1065 5736 1148 6532
1373428800 1060 5679 1164 6948
1373421600 1058 5613 1112 6117
1373414400 1059 5642 1120 6188
1373407200 1067 5788 1192 6632
1373400000 1089 5964 1210 7139
1373392800 682 2108 3917 10842
1373385600 418 572 497 776
1373378400 394 453 462 632
1373371200 413 437 895 541
1373364000 395 443 456 655
1373356800 392 432 475 505
1373349600 391 432 427 498
1373342400 392 437 430 627
1373335200 397 449 459 884
1373328000 393 454 447 634
1373320800 449 1427 933 5584
1373313600 411 1085 735 4907
1373306400 358 565 455 3778
1373299200 1780 48183 24833 953953
1373292000 6 156 66 393
1373284800 3 133 4 150
1373277600 3 132 4 150
1373270400 3 133 4 157
1373263200 3 134 4 150
1373256000 3 134 4 152
1373248800 3 134 4 150
1373241600 3 135 4 154
1373234400 3 133 4 151
1373227200 3 134 4 153
1373220000 3 136 4 150
1373212800 3 135 4 155
1373205600 3 134 4 153
1373198400 3 134 4 148
1373191200 3 134 4 157
1373184000 3 134 4 155
1373176800 3 134 4 149
1373169600 3 135 4 147
1373162400 3 135 4 156
1373155200 3 136 4 152
1373148000 3 136 4 154
1373140800 3 137 4 155
1373133600 3 136 4 154
1373126400 3 138 4 167
1373119200 3 137 4 161
1373112000 3 135 4 150
1373104800 3 135 4 153
1373097600 3 135 4 157
1373090400 3 135 4 152
1373083200 3 136 4 155
1373076000 3 201 4 254
1373068800 3 176 4 241
1373061600 3 177 4 230
1373054400 3 152 4 234
1373047200 3 136 4 149
1373040000 3 137 4 146
1373032800 3 139 4 162
1373025600 3 140 4 170
1373018400 3 137 4 148
1373011200 3 137 4 149
1373004000 3 135 4 151
1372996800 3 135 4 149
1372989600 3 136 4 148
1372982400 3 136 4 160
1372975200 3 136 4 149
1372968000 3 136 4 149
1372960800 3 134 4 147
1372953600 3 136 4 146
1372946400 3 136 4 153
1372939200 3 136 4 149
1372932000 3 136 4 153
1372924800 3 135 4 147
1372917600 3 137 4 157
1372910400 3 135 4 150
1372903200 3 135 4 148
1372896000 3 136 4 155
1372888800 3 159 4 173
1372881600 337 424 465 550
1372874400 418 488 479 541
1372867200 434 620 492 1870
1372860000 422 476 483 574
1372852800 416 448 493 476
1372845600 414 447 470 485
1372838400 421 473 462 962
1372831200 435 452 885 509
1372824000 417 464 478 851
1372816800 417 448 462 476
1372809600 417 468 470 528
1372802400 431 533 541 729
1372795200 460 1352 814 11009
1372788000 402 580 500 703
1372780800 399 626 500 1815
1372773600 389 451 427 665
1372766400 406 418 874 478
1372759200 393 535 486 3237
1372752000 390 432 433 682
1372744800 384 414 457 443
1372737600 389 429 441 714
1372730400 382 412 423 433
1372723200 385 449 441 649
1372716000 392 554 439 649
1372708800 394 548 468 869
1372701600 399 538 479 634
1372694400 407 703 722 4632
1372687200 518 1381 2984 9853
1372680000 3 135 4 146
1372672800 3 134 4 145
1372665600 3 134 4 153
1372658400 3 135 4 148
1372651200 3 135 4 149
1372644000 3 135 4 149
1372636800 3 135 4 146
1372629600 3 135 4 147
1372622400 3 134 4 148
1372615200 3 135 4 149
1372608000 3 134 4 159
1372600800 3 135 4 148
1372593600 3 135 4 150
1372586400 3 134 4 144
1372579200 3 135 4 157
1372572000 3 135 4 150
1372564800 3 135 4 150
1372557600 3 135 4 147
1372550400 3 134 4 150
1372543200 3 136 4 149
1372536000 3 136 4 149
1372528800 3 138 4 155
1372521600 3 138 4 161
1372514400 3 137 4 154
1372507200 3 136 4 155
1372500000 3 136 4 148
1372492800 3 136 4 155
1372485600 3 137 4 151
1372478400 3 136 4 151
1372471200 3 136 4 149
1372464000 3 165 4 277
1372456800 3 267 4 355
1372449600 3 284 4 399
1372442400 3 261 4 362
1372435200 3 323 4 539
1372428000 3 183 4 315
1372420800 3 154 4 179
1372413600 3 155 4 173
1372406400 3 153 4 172
1372399200 3 154 4 184
1372392000 3 155 4 177
1372384800 3 152 4 169
1372377600 3 172 4 256
1372370400 3 253 4 304
1372363200 268 433 853 676
1372356000 384 479 853 807
1372348800 811 980 10293 12919
1372341600 354 404 409 543
1372334400 352 386 416 407
1372327200 356 407 413 872
1372320000 354 385 412 420
1372312800 354 386 416 426
1372305600 351 385 408 414
1372298400 355 403 412 672
1372291200 386 422 1063 672
1372284000 364 464 484 662
1372276800 355 427 417 550
1372269600 372 604 507 2276
1372262400 373 528 464 1069
1372255200 354 409 414 575
1372248000 351 381 403 418
1372240800 354 394 409 626
1372233600 355 386 411 437
1372226400 353 386 393 507
1372219200 364 391 848 507
1372204800 353 409 621 1931
1372118400 172 446 3185 21298
1372032000 3 134 4 154
1371945600 3 134 4 155
1371859200 529 1978 15871 133655
1371772800 397 516 7955 8860
1371686400 357 459 1178 10296
1371600000 387 485 908 2917
1371513600 166 366 1735 10989
1371427200 3 133 4 156
1371340800 3 134 4 155
1371254400 385 733 2607 36067
1371168000 510 5807 11963 412473
1371081600 391 1462 5336 189279
1370995200 9703 184464 115908 2421960
1370908800 183 1045 5357 200393
1370822400 3 158 4 237
1370736000 3 133 4 156
1370649600 409 646 7767 7743
1370563200 509 865 7752 12837
1370476800 396 763 844 14198
1370390400 379 648 851 7316
1370304000 430 631 6939 6952
1370217600 359 529 803 3436
1370131200 361 535 810 3475
1370044800 361 556 817 3447
1369958400 379 603 4967 4987
1369872000 382 651 4694 10890
1369785600 359 547 992 3424
1369699200 360 533 813 3265
1369612800 358 528 817 3363
1369526400 358 541 805 3364
1369440000 362 608 836 13605
1369353600 3870 131742 292620 12323463
1369267200 2778 61425 126642 5227972
1369180800 350 409 919 2474
1369094400 209 4849 23701 994149
1369008000 3 130 4 146
1368921600 3 130 4 148
1368835200 3 168 4 492
1368748800 3 208 4 579
1368662400 3 186 4 411
1368576000 3 185 4 535
1368489600 3 154 4 393
1368403200 3 126 4 157
1368316800 3 126 4 145
1368230400 3 171 4 417
1368144000 3 173 4 476
1368057600 3 159 4 342
1367971200 3 186 4 417
1367884800 3 153 4 562
1367798400 3 132 4 158
1367712000 3 135 4 161
1367625600 3 176 4 474
1367539200 3 178 4 449
1367452800 3 196 4 498
1367366400 3 144 4 314
1367280000 3 153 4 535
1367193600 3 133 4 154
1367107200 3 134 4 153
1367020800 293 416 887 3125
1366934400 4027 879 154738 39015
1366848000 367 537 1278 17564
1366761600 352 439 890 5603
1366675200 114 289 600 8176
1366588800 3 132 4 149
1366502400 3 134 4 159
1366416000 3 205 4 460
1366329600 343 497 927 2212
1366243200 369 524 923 2126
1366156800 400 665 1011 2169
1366070400 50 259 1584 6831
1365984000 3 131 4 159
1365897600 3 131 4 196
1365811200 325 417 931 1337
1365724800 361 624 2215 43227
1365638400 381 1405 7040 253954
1365552000 132 273 1551 6823
1365465600 3 161 4 539
1365379200 3 131 4 161
1365292800 3 132 4 156
1365206400 330 398 926 1138
1365120000 736 926 8028 19193
1365033600 362 659 2430 69792
1364947200 363 437 3192 5591
1364860800 135 1374 5861 176745
1364774400 3 159 4 998
1364688000 3 158 4 184
1364601600 3 148 4 455
1364515200 305 460 919 2217
1364428800 481 2966 33403 712748
1364342400 382 556 1142 5149
1364256000 72 305 1142 23150
1364169600 3 121 4 142
1364083200 3 122 4 139
1363996800 322 378 902 1295
1363910400 284 5316 19995 853553
1363824000 3 165 4 515
1363737600 3 139 4 411
1363651200 3 129 4 251
1363564800 3 122 4 145
1363478400 3 122 4 141
1363392000 3 151 4 265
1363305600 3 178 4 896
1363219200 3 163 4 524
1363132800 3 179 4 806
1363046400 3 179 4 583
1362960000 3 125 4 144
1362873600 3 127 4 441
1362787200 3 140 4 407
1362700800 3 161 4 570
1362614400 3 150 4 343
1362528000 3 197 4 423
1362441600 3 161 4 467
1362355200 3 126 4 148
1362268800 3 127 4 150
1362182400 764 458 1375 2143
1362096000 392 7727 16137 821081
1362009600 56 1084 3190 107798
1361923200 2380 2493 4060 29942
1361836800 2348 2236 2864 3511
1361750400 2348 1604 2841 2704
1361664000 2358 1648 2932 3213
1361577600 2360 2126 2927 3894
1361491200 2350 2254 2622 3802
1361404800 2362 2411 2803 5425
1361318400 2365 2359 2916 3569
1361232000 2355 2221 2870 3368
1361145600 2308 1806 2900 2207
1361059200 2352 1773 2864 4423
1360972800 2341 1768 2820 4100
1360886400 2390 1875 3666 23776
1360800000 977 1774 4238 132385
1360713600 388 572 1013 16952
1360627200 175 1450 2977 100169
1360540800 3 178 4 222
1360454400 3 186 4 1970
1360368000 107 3277 10225 432486
1360281600 3 180 4 492
1360195200 3 152 4 516
1360108800 87 296 4705 6933
1360022400 3 160 4 1350
1359936000 3 131 4 641
1359849600 3 131 4 276
1359763200 3 204 4 1718
1359676800 3 180 4 635
1359590400 3 180 4 1738
1359504000 3 165 4 847
1359417600 3 153 4 510
1359331200 3 127 4 147
1359244800 3 127 4 156
1359158400 3 165 4 421
1359072000 3 148 4 372
1358985600 3 149 4 835
1358899200 3 148 4 412
1358812800 3 127 4 207
1358726400 3 126 4 146
1358640000 3 129 4 236
1358553600 3 154 4 468
1358467200 310 374 881 2146
1358380800 373 490 1242 7523
1358294400 373 511 890 1735
1358208000 177 2272 5182 206202
1358121600 3 224 4 300
1358035200 3 223 4 303
1357948800 1981 47951 70402 2452439
1357862400 363 400 927 2370
1357776000 86 666 2549 104196
1357689600 525 10575 34662 1482038
1357603200 149 2994 18846 808874
1357516800 3 122 4 139
1357430400 3 123 4 175
1357344000 3 171 4 437
1357257600 3 160 4 286
1357171200 3 151 4 373
1357084800 3 120 4 133
1356998400 3 127 4 202
1356912000 3 120 4 135
1356825600 3 122 4 149
1356739200 3 145 4 341
1356652800 3 142 4 292
1356566400 3 163 4 430
1356480000 3 149 4 170
1356393600 3 149 4 163
1356307200 3 149 4 164
1356220800 3 139 4 207
1356134400 175 4771 19664 859620
1356048000 3 144 4 295
1355961600 3 144 4 373
1355875200 3 138 4 278
1355788800 3 149 4 336
1355702400 3 124 4 142
1355616000 3 127 4 210
1355529600 3 179 4 431
1355443200 3 253 4 1084
1355356800 3 247 4 427
1355270400 3 241 4 345
1355184000 3 247 4 430
1355097600 3 221 4 275
1355011200 3 221 4 294
1354924800 3 251 4 379
1354838400 3 267 4 489
1354752000 3 190 4 446
1354665600 3 140 4 278
1354579200 3 141 4 389
1354492800 3 123 4 138
1354406400 3 131 4 155
1354320000 386 728 2673 23160
1354233600 446 3265 12957 547246
1354147200 364 453 1283 6580
1354060800 364 430 1089 3687
1353974400 148 2949 18229 783533
1353888000 3 138 4 299
1353801600 3 130 4 150
1353715200 3 131 4 150
1353628800 3 130 4 156
1353542400 316 362 866 1549
1353456000 364 384 871 1227
1353369600 147 1017 6860 144913
1353283200 3 144 4 234
1353196800 3 145 4 170
1353110400 311 375 848 5200
1353024000 370 449 1311 8536
1352937600 163 2531 17746 654649
1352851200 29 164 716 1387
1352764800 14 159 570 1294
1352678400 3 131 4 152
1352592000 3 132 4 157
1352505600 46 618 3247 110240
1352419200 56 996 5622 204018
1352332800 52 187 977 928
1352246400 31 171 706 740
1352160000 30 179 491 1596
1352073600 30 143 520 546
1351987200 28 145 507 1032
1351900800 31 163 513 1384
1351814400 83 307 14952 31882
1351728000 30 170 509 1652
1351641600 29 154 510 2218
1351555200 224 287 863 4030
1351468800 378 385 840 4906
1351382400 384 393 893 4660
1351296000 379 415 872 3764
1351209600 383 412 869 4352
1351123200 469 3351 12478 491072
1351036800 366 383 930 2596
1350950400 381 431 871 3477
1350864000 382 372 812 793
1350777600 382 383 857 2390
1350691200 390 407 847 2922
1350604800 1097 31194 39923 1744120
1350518400 379 387 823 1339
1350432000 1580 9163 63304 1153122
1350345600 428 9015 17161 757855
1350259200 3 125 4 145
1350172800 3 125 4 146
1350086400 416 3043 14751 601079
1350000000 396 487 624 8660
1349913600 193 1456 7594 236226
1349827200 3 164 4 646
1349740800 3 153 4 716
1349654400 3 124 4 140
1349568000 3 124 4 144
1349481600 361 393 471 1899
1349395200 436 3111 10745 458253
1349308800 225 3551 13975 616473
1349222400 3 139 4 343
1349136000 3 152 4 568
1349049600 3 124 4 146
1348963200 3 125 4 145
1348876800 3 137 4 204
1348790400 3 138 4 223
1348704000 3 137 4 236
1348617600 3 147 4 232
1348531200 3 135 4 245
1348444800 3 124 4 233
1348358400 3 125 4 144
1348272000 3 136 4 214
1348185600 3 137 4 256
1348099200 3 135 4 294
1348012800 3 134 4 281
1347926400 3 131 4 239
1347840000 3 125 4 148
1347753600 3 124 4 145
1347667200 3 133 4 211
1347580800 3 149 4 318
1347494400 3 159 4 363
1347408000 3 175 4 369
1347321600 3 153 4 414
1347235200 3 140 4 166
1347148800 3 139 4 184
1347062400 329 379 432 1642
1346976000 362 415 491 3342
1346889600 370 459 821 5410
1346803200 184 544 1915 50982
1346716800 3 137 4 157
1346630400 3 136 4 163
1346544000 3 136 4 170
1346457600 311 379 465 2200
1346371200 387 510 1650 10635
1346284800 363 391 476 2338
1346198400 419 2936 17027 726862
1346112000 363 427 626 10258
1346025600 362 381 409 1205
1345939200 363 392 506 5372
1345852800 364 387 447 1239
1345766400 387 806 3507 69802
1345680000 364 458 4584 10983
1345593600 203 623 2227 53529
1345507200 78 2999 16980 726633
1345420800 3 139 4 169
1345334400 3 138 4 166
1345248000 3 175 4 423
1345161600 3 194 4 1257
1345075200 3 196 4 612
1344988800 3 185 4 597
1344902400 3 167 4 409
1344816000 3 137 4 173
1344729600 3 137 4 170
1344643200 327 429 581 8677
1344556800 346 439 479 5800
1344470400 346 409 402 1240
1344384000 356 451 1561 5459
1344297600 218 3236 18288 772755
1344211200 3 135 4 161
1344124800 3 138 4 167
1344038400 3 156 4 304
1343952000 3 168 4 279
1343865600 3 169 4 255
1343779200 3 171 4 283
1343692800 3 160 4 283
1343606400 3 139 4 162
1343520000 3 140 4 185
1343433600 3 159 4 411
1343347200 3 174 4 938
1343260800 3 166 4 494
1343174400 3 177 4 342
1343088000 3 162 4 391
1343001600 3 139 4 169
1342915200 3 140 4 174
1342828800 3 153 4 243
1342742400 3 155 4 228
1342656000 3 153 4 241
1342569600 3 153 4 254
1342483200 3 152 4 237
1342396800 3 148 4 184
1342310400 3 148 4 177
1342224000 280 360 462 3276
1342137600 275 727 17313 39264
1342051200 3 159 4 288
1341964800 3 165 4 334
1341878400 3 147 4 246
1341792000 3 134 4 162
1341705600 3 135 4 165
1341619200 336 410 485 2951
1341532800 180 390 2221 12776
1341446400 3 123 4 142
1341360000 494 7419 12422 487287
1341273600 2767 106202 13126 539873
1341187200 3 122 4 137
1341100800 3 123 4 143
1341014400 402 2877 14587 694741
1340928000 382 409 1270 4534
1340841600 434 1362 4082 107466
1340755200 565 5568 23335 1211853
1340668800 1130 26931 9318 338412
1340582400 362 366 748 1547
1340496000 1538 35041 20033 566061
1340409600 2997 75911 19230 547530
1340323200 405 2161 9441 341848
1340236800 529 6202 16228 680417
1340150400 816 16555 14730 688091
1340064000 115 265 721 6707
1339977600 3 136 4 157
1339891200 3 137 4 175
1339804800 168 2450 4623 100659
1339718400 345 478 445 1811
1339632000 770 13768 5988 225683
1339545600 380 531 595 5572
1339459200 159 323 792 8180
1339372800 3 138 4 167
1339286400 3 138 4 173
1339200000 420 526 4474 8362
1339113600 430 622 1186 28071
1339027200 429 559 913 2736
1338940800 426 560 882 4735
1338854400 427 525 959 3627
1338768000 423 475 882 1050
1338681600 439 1096 2311 80406
1338595200 543 4727 12786 401583
1338508800 469 4143 10462 360968
1338422400 356 566 2017 29570
1338336000 142 308 631 12438
1338249600 3 137 4 164
1338163200 3 137 4 164
1338076800 3 137 4 161
1337990400 278 386 435 1849
1337904000 146 302 1099 8724
1337817600 15 174 82 637
1337731200 237 368 511 1451
1337644800 219 3068 8867 388172
1337558400 3 135 4 161
1337472000 3 134 4 181
1337385600 3 170 4 275
1337299200 3 175 4 300
1337212800 3 180 4 385
1337126400 3 181 4 372
1337040000 3 171 4 339
1336953600 3 134 4 158
1336867200 3 136 4 163
1336780800 3 188 4 3316
1336694400 3 196 4 334
1336608000 3 218 4 657
1336521600 3 202 4 564
1336435200 3 190 4 546
1336348800 3 131 4 182
1336262400 3 138 4 199
1336176000 3 171 4 403
1336089600 3 176 4 473
1336003200 3 162 4 316
1335916800 3 155 4 397
1335830400 3 155 4 294
1335744000 3 132 4 159
1335657600 3 133 4 167
1335571200 336 469 844 4770
1335484800 382 500 832 3162
1335398400 385 512 860 1637
1335312000 386 542 1188 3142
1335225600 150 355 866 9675
1335139200 3 135 4 157
1335052800 3 135 4 173
1334966400 354 424 808 3015
1334880000 385 496 1014 4190
1334793600 372 537 4013 11098
1334707200 374 673 2305 46881
1334620800 394 8424 22977 762186
1334534400 3 134 4 157
1334448000 3 134 4 155
1334361600 3 162 4 259
1334275200 3 170 4 341
1334188800 3 163 4 250
1334102400 3 164 4 267
1334016000 3 164 4 296
1333929600 3 138 4 161
1333843200 3 137 4 167
1333756800 3 167 4 249
1333670400 330 399 817 5640
1333584000 347 416 797 3002
1333497600 356 594 1763 49482
1333411200 147 278 742 4779
1333324800 3 136 4 156
1333238400 3 139 4 163
1333152000 287 369 766 4134
1333065600 348 456 763 2469
1332979200 348 435 786 4691
1332892800 351 416 972 5624
1332806400 347 414 760 7169
1332720000 347 370 756 1779
1332633600 347 377 751 3635
1332547200 347 393 812 1961
1332460800 349 423 768 3028
1332374400 348 410 767 2719
1332288000 351 469 839 14906
1332201600 214 3842 14942 624724
1332115200 3 140 4 162
1332028800 3 141 4 168
1331942400 3 160 4 392
1331856000 3 161 4 268
1331769600 3 172 4 379
1331683200 3 169 4 418
1331596800 3 169 4 337
1331510400 3 141 4 173
1331424000 3 141 4 178
1331337600 3 191 4 404
1331251200 3 215 4 395
1331164800 3 188 4 371
1331078400 3 183 4 310
1330992000 3 179 4 347
1330905600 3 142 4 174
1330819200 3 143 4 169
1330732800 3 168 4 278
1330646400 3 171 4 353
1330560000 3 171 4 313
1330473600 3 173 4 536
1330387200 118 358 1072 30803
1330300800 3 142 4 167
1330214400 3 143 4 187
1330128000 333 462 848 8958
1330041600 348 468 760 8638
1329955200 57 280 625 11571
1329868800 57 444 1596 34560
1329782400 3 142 4 161
1329696000 3 142 4 169
1329609600 3 143 4 177
1329523200 706 12199 31054 538212
1329436800 134 555 1041 17764
1329350400 283 1151 1868 48174
1329264000 157 683 2914 23423
1329177600 120 2639 14723 627256
1329091200 3 135 4 161
1329004800 3 136 4 164
1328918400 3 150 4 218
1328832000 3 150 4 249
1328745600 3 143 4 338
1328659200 3 154 4 294
1328572800 47 444 1146 26802
1328486400 3 134 4 169
1328400000 3 134 4 180
1328313600 32 272 613 24367
1328227200 114 696 3389 25292
1328140800 82 393 1736 11195
1328054400 75 330 2051 7344
1327968000 32 318 1396 11319
1327881600 3 144 4 182
1327795200 3 144 4 182
1327708800 68 353 651 25459
1327622400 69 320 471 6984
1327536000 416 948 47726 57579
1327449600 3828 29767 655772 680061
1327363200 1061 4584 78864 655815
1327276800 3 164 4 201
1327190400 3 163 4 186
1327104000 3 167 4 222
1327017600 3 170 4 270
1326931200 3 185 4 407
1326844800 3 203 4 355
1326758400 3 180 4 1271
1326672000 3 170 4 219
1326585600 3 170 4 215
1326499200 3 187 4 381
1326412800 3 170 4 328
1326326400 3 167 4 361
1326240000 3 165 4 357
1326153600 3 157 4 375
1326067200 3 128 4 147
1325980800 3 130 4 166
1325894400 3 191 4 336
1325808000 3 190 4 443
1325721600 3 180 4 289
1325635200 3 156 4 346
1325548800 3 130 4 153
1325462400 3 129 4 157
1325376000 3 129 4 151
1325289600 3 155 4 276
1325203200 220 4014 8536 267719
1325116800 3 166 4 235
1325030400 73 2269 13972 583710
1324944000 3 129 4 147
1324857600 3 129 4 150
1324771200 3 129 4 154
1324684800 3 129 4 147
1324598400 124 482 3251 12906
1324512000 178 3703 11905 427485
1324425600 46 320 419 9738
1324339200 93 2100 5437 182088
1324252800 3 135 4 156
1324166400 3 136 4 155
1324080000 52 263 544 5105
1323993600 95 1129 1764 48776
1323907200 68 389 703 20903
1323820800 63 324 1650 10540
1323734400 9 186 684 8092
1323648000 3 140 4 162
1323561600 3 139 4 169
1323475200 52 290 454 4423
1323388800 66 319 821 7099
1323302400 66 423 776 18570
1323216000 42 290 1250 5024
1323129600 354 1653 30949 212820
1323043200 3 129 4 153
1322956800 3 130 4 156
1322870400 59 237 479 6872
1322784000 61 232 461 4312
1322697600 174 4441 14677 519671
1322611200 621 18735 20223 598233
1322524800 76 458 1532 13517
1322438400 32 146 441 931
1322352000 33 149 421 1346
1322265600 33 175 463 6245
1322179200 35 179 617 8172
1322092800 36 271 647 6078
1322006400 35 303 441 8648
1321920000 77 2702 8388 309897
1321833600 3 211 4 496
1321747200 3 214 4 262
1321660800 371 5987 12697 194555
1321574400 472 6818 27246 410659
1321488000 3 214 4 414
1321401600 3 163 4 393
1321315200 3 140 4 350
1321228800 3 133 4 152
1321142400 3 132 4 173
1321056000 3 158 4 577
1320969600 3 164 4 260
1320883200 3 164 4 263
1320796800 3 167 4 357
1320710400 3 152 4 288
1320624000 3 131 4 160
1320537600 3 131 4 155
1320451200 137 1607 11666 317571
1320364800 66 336 484 10626
1320278400 74 449 1303 14223
1320192000 45 544 2786 26197
1320105600 3 205 4 707
1320019200 3 127 4 146
1319932800 3 127 4 151
1319846400 56 276 466 12054
1319760000 68 276 479 8146
1319673600 76 319 2768 16924
1319587200 138 995 3776 29251
1319500800 3 148 4 297
1319414400 3 129 4 145
1319328000 3 130 4 149
1319241600 56 279 514 19744
1319155200 68 257 878 10430
1319068800 85 662 5587 62082
1318982400 3 166 4 398
1318896000 3 161 4 331
1318809600 3 140 4 169
1318723200 3 140 4 160
1318636800 48 222 491 1994
1318550400 86 1238 4296 150178
1318464000 22 372 1221 31864
1318377600 3 157 4 288
1318291200 3 156 4 430
1318204800 3 131 4 155
1318118400 3 132 4 157
1318032000 80 345 677 18671
1317945600 145 1640 4432 88699
1317859200 64 2198 13789 572452
1317772800 4 170 326 329
1317686400 9 355 1911 57962
1317600000 3 134 4 154
1317513600 3 136 4 162
1317427200 3 156 4 268
1317340800 36 241 789 10352
1317254400 49 290 701 4909
1317168000 56 297 476 8472
1317081600 144 3542 21713 783788
1316995200 3 149 4 176
1316908800 3 149 4 170
1316822400 3 180 4 312
1316736000 3 194 4 339
1316649600 3 193 4 368
1316563200 3 175 4 356
1316476800 3 182 4 445
1316390400 3 170 4 220
1316304000 3 161 4 197
1316217600 3 179 4 324
1316131200 3 174 4 376
1316044800 3 185 4 366
1315958400 3 182 4 330
1315872000 3 184 4 367
1315785600 3 170 4 193
1315699200 3 164 4 216
1315612800 260 5971 14647 570651
1315526400 62 324 3335 8109
1315440000 76 403 2091 14513
1315353600 81 2434 13267 547619
1315267200 3 151 4 186
1315180800 3 150 4 174
1315094400 3 150 4 171
1315008000 3 182 4 337
1314921600 3 183 4 307
1314835200 3 177 4 369
1314748800 3 175 4 273
1314662400 3 155 4 493
1314576000 3 130 4 139
1314489600 3 130 4 139
1314403200 47 314 2459 14695
1314316800 112 321 609 21460
1314230400 112 334 1810 9360
1314144000 95 291 1148 11633
1314057600 102 370 1137 24199
1313971200 88 244 653 20325
1313884800 85 188 497 3540
1313798400 86 1229 1464 39658
1313712000 122 1787 6755 230341
1313625600 65 333 640 24129
1313539200 197 504 9103 19862
1313452800 897 7234 66513 495301
1313366400 3 147 4 168
1313280000 3 149 4 190
1313193600 3 174 4 302
1313107200 3 175 4 319
1313020800 3 191 4 431
1312934400 3 178 4 283
1312848000 3 162 4 330
1312761600 3 149 4 167
1312675200 3 149 4 179
1312588800 199 2965 10630 330577
1312502400 130 248 677 4445
1312416000 135 263 647 5092
1312329600 121 328 938 9679
1312243200 101 219 509 3929
1312156800 97 188 510 2900
1312070400 99 231 781 10542
1311984000 899 14913 120255 799328
1311897600 77 345 1017 11763
1311811200 61 265 570 3104
1311724800 46 236 443 1766
1311638400 76 2026 11792 485303
1311552000 3 131 4 154
1311465600 3 132 4 170
1311379200 3 167 4 410
1311292800 3 165 4 337
1311206400 438 322 77217 13350
1311120000 3 170 4 403
1311033600 3 161 4 504
1310947200 3 134 4 162
1310860800 3 133 4 163
1310774400 3 168 4 325
1310688000 3 190 4 456
1310601600 3 214 4 918
1310515200 3 178 4 543
1310428800 3 192 4 572
1310342400 3 132 4 152
1310256000 3 133 4 158
1310169600 56 243 585 5821
1310083200 65 290 475 3040
1309996800 65 247 605 1872
1309910400 45 464 1679 26853
1309824000 3 145 4 172
1309737600 3 145 4 166
1309651200 3 145 4 176
1309564800 76 1243 3340 121644
1309478400 43 326 538 5572
1309392000 88 642 4795 64225
1309305600 99 576 2049 9003
1309219200 24 222 496 3974
1309132800 3 140 4 168
1309046400 3 140 4 163
