1377805802 1968192558 548320115
1377805802 4331 8902 4331 8902
1377805502 4577 9263 4577 9263
1377805500 4581 9382 5818 44994
1377805200 5803 45363 5818 100369
1377804900 3613 99922 3626 100369
1377804600 1745 33300 1967 33383
1377804300 1978 9463 3625 123710
1377804000 3623 123531 3625 123710
1377803700 3070 69973 3076 70238
1377803400 2241 30563 2245 33552
1377803100 1769 33564 2275 37160
1377802800 2278 37375 2852 69433
1377802500 2853 69159 3002 69433
1377802200 3023 28659 6292 74173
1377801900 6277 74431 6292 112938
1377801600 4099 112855 7155 112938
1377801300 7136 87804 7155 88076
1377801000 1590 6742 4635 13225
1377800700 4640 13334 5464 29645
1377800400 5440 29623 5464 29645
1377800100 1934 26473 2172 42907
1377799800 2170 42842 2172 42907
1377799500 1981 33447 3393 71690
1377799200 3391 71627 3393 71690
1377798900 3189 62192 3191 62244
1377798600 2818 46701 2821 47176
1377798300 2492 47130 2494 47176
1377798000 2227 40415 2229 40422
1377797700 2053 39438 5632 42891
1377797400 5609 42866 5632 42891
1377797100 2306 39257 2309 39273
1377796800 1864 36964 2072 36969
1377796500 2095 36354 5552 47212
1377796200 5551 47186 5552 47212
1377795900 5425 43336 6286 43344
1377795600 6272 42226 6286 42242
1377795300 2216 37540 2217 37564
1377795000 2186 34090 2294 35533
1377794700 2294 35538 2501 37179
1377794400 2499 37162 2501 37179
1377794100 2326 34624 2716 34631
1377793800 2713 33618 2716 33618
1377793500 2278 33612 2526 33618
1377793200 2526 32730 2813 32735
1377792900 2830 31337 5452 33173
1377792600 5429 33150 5452 33173
1377792300 2145 29840 2226 29852
1377792000 2246 28190 5361 32006
1377791700 5363 32046 5999 44198
1377791400 5975 44152 5999 44198
1377791100 2546 37187 5133 37340
1377790800 5111 14487 5133 14522
1377790500 1935 9343 1938 9363
1377790200 1233 3631 1372 9368
1377789900 1370 9342 1372 9368
1377789600 771 1772 772 1775
1377789300 678 1389 753 1683
1377789000 752 1681 753 1683
1377788700 750 1525 755 1526
1377788400 756 1504 1044 11578
1377788100 1067 11707 4565 31028
1377787800 4544 31029 4565 31234
1377787500 1430 31209 2532 31234
1377787200 2547 27610 4857 30314
1377786900 4843 30345 4857 35040
1377786600 2897 35123 5467 47503
1377786300 5437 47253 5467 47503
1377786000 1028 10081 1029 10102
1377785700 990 7028 1288 7061
1377785400 1287 7056 1288 7061
1377785100 1102 5601 1778 10528
1377784800 1772 10473 1778 10528
1377784500 987 2459 2444 9494
1377784200 2452 9542 5136 23990
1377783900 5111 23881 5136 23990
1377783600 1555 7912 8496 46930
1377783300 8444 46629 8496 46930
1377783000 814 1807 816 1810
1377782700 474 1019 3613 5534
1377782400 3615 5535 3984 5729
1377782100 3985 5729 4378 5842
1377781800 4352 5812 4378 5842
1377781500 572 1392 573 1395
1377781200 456 966 456 967
1377780900 456 958 467 976
1377780600 467 976 495 1088
1377780300 494 1087 495 1088
1377780000 458 1023 483 1098
1377779700 483 1097 522 1098
1377779400 522 1007 616 2210
1377779100 636 2234 3722 5884
1377778800 3711 5867 3722 5884
1377778500 458 1072 458 1073
1377778200 479 851 3620 5476
1377777900 3619 5475 3620 5476
1377777600 3544 5350 4327 5418
1377777300 4314 5402 4327 5418
1377777000 479 866 533 1073
1377776700 532 1072 533 1073
1377776400 459 883 473 884
1377776100 473 865 590 4470
1377775800 589 4445 590 4470
1377775500 485 850 486 851
1377775200 454 810 455 942
1377774900 450 941 464 942
1377774600 474 883 3697 5322
1377774300 3686 5306 3697 5322
1377774000 472 791 473 813
1377773700 462 843 3616 5323
1377773400 3615 5323 3616 5379
1377773100 3576 5378 4319 5379
1377772800 4293 5306 4319 5336
1377772500 470 884 471 885
1377772200 461 799 462 800
1377771900 451 799 482 828
1377771600 484 828 898 954
1377771300 895 953 898 954
1377771000 471 810 472 862
1377770700 461 861 475 862
1377770400 474 791 475 801
1377770100 457 816 3727 5329
1377769800 3705 5298 3727 5329
1377769500 445 823 456 824
1377769200 477 822 3631 5459
1377768900 3630 5457 3631 5459
1377768600 3535 5301 4332 5351
1377768300 4306 5321 4332 5351
1377768000 489 867 490 1013
1377767700 448 1011 453 1013
1377767400 453 807 477 929
1377767100 478 928 714 929
1377766800 712 849 714 850
1377766500 469 824 469 856
1377766200 468 855 469 856
1377765900 450 775 475 834
1377765600 496 865 3717 5602
1377765300 3695 5570 3717 5602
1377765000 489 857 490 858
1377764700 471 862 3622 5410
1377764400 3621 5409 3622 5410
1377764100 3513 5389 4336 5390
1377763800 4323 5290 4336 5305
1377763500 465 810 503 871
1377763200 502 870 503 871
1377762900 441 768 499 897
1377762600 498 896 499 897
1377762300 464 801 465 829
1377762000 461 853 575 4507
1377761700 574 4486 575 4507
1377761400 557 1417 634 1456
1377761100 654 1482 3738 5425
1377760800 3727 5410 3738 5425
1377760500 465 933 476 934
1377760200 486 853 3632 5537
1377759900 3631 5535 3632 5537
1377759600 3552 5310 4338 5318
1377759300 4312 5288 4338 5318
1377759000 485 886 486 887
1377758700 432 780 452 822
1377758400 452 822 455 874
1377758100 455 874 475 878
1377757800 474 877 475 878
1377757500 464 876 482 914
1377757200 481 913 482 914
1377756900 438 901 475 902
1377756600 496 873 3699 5463
1377756300 3677 5431 3699 5463
1377756000 457 783 458 784
1377755700 448 792 3626 5340
1377755400 3626 5340 3665 5474
1377755100 3670 5474 4460 5506
1377754800 4433 5476 4460 5506
1377754500 548 1028 659 1099
1377754200 658 1098 659 1099
1377753900 465 809 488 933
1377753600 488 933 535 981
1377753300 535 981 561 1045
1377753000 561 1045 627 1178
1377752700 627 1177 642 1178
1377752400 642 1157 655 1158
1377752100 666 1143 3994 5802
1377751800 3974 5776 3994 5802
1377751500 1051 1951 1052 2047
1377751200 942 2068 3604 5329
1377750900 3603 5329 3604 5366
1377750600 3559 5365 4317 5366
1377750300 4291 5237 4317 5266
1377750000 500 943 864 4269
1377749700 861 4246 864 4269
1377749400 509 910 889 938
1377749100 886 937 889 938
1377748800 510 924 511 925
1377748500 466 803 475 838
1377748200 475 838 517 950
1377747900 517 949 524 950
1377747600 534 936 3746 5337
1377747300 3725 5309 3746 5337
1377747000 686 1166 688 1169
1377746700 540 973 3887 18584
1377746400 3886 18540 3887 18584
1377746100 3663 5528 4389 5529
1377745800 4362 5399 4389 5430
1377745500 470 836 496 1007
1377745200 495 1005 496 1007
1377744900 466 797 482 817
1377744600 481 817 482 959
1377744300 464 959 493 1008
1377744000 492 1006 493 1008
1377743700 443 757 490 929
1377743400 489 928 490 929
1377743100 478 855 3713 5339
1377742800 3702 5324 3713 5339
1377742500 499 971 500 972
1377742200 504 865 3612 5319
1377741900 3611 5320 3612 5497
1377741600 3595 5495 4338 5497
1377741300 4312 5250 4338 5280
1377741000 509 854 515 967
1377740700 514 966 515 967
1377740400 471 792 489 852
1377740100 489 852 508 920
1377739800 507 919 508 920
1377739500 487 884 543 961
1377739200 542 961 543 1050
1377738900 542 3456 8720 361954
1377738600 8686 359576 8720 361954
1377738300 3675 5364 3697 5395
1377738000 499 863 500 864
1377737700 483 852 3650 5339
1377737400 3649 5339 3650 5427
1377737100 3580 5426 4347 5427
1377736800 4321 5281 4347 5311
1377736500 485 833 496 861
1377736200 496 861 498 893
1377735900 497 892 498 893
1377735600 487 857 488 1004
1377735300 482 1002 483 1004
1377735000 471 810 486 869
1377734700 485 868 486 869
1377734400 477 838 478 839
1377734100 449 817 3715 5370
1377733800 3693 5340 3715 5370
1377733500 494 890 495 896
1377733200 504 925 3601 5273
1377732900 3580 5244 3601 5273
1377732600 509 955 3589 5376
1377732300 3594 5376 4368 5391
1377732000 4329 5347 4368 5391
1377731700 487 1048 503 1049
1377731400 502 1029 503 1031
1377731100 473 973 1335 21937
1377730800 1351 21984 3739 29080
1377730500 3730 28917 3739 29080
1377730200 2424 4757 2429 5282
1377729900 1101 5745 2344 74764
1377729600 2340 74498 2344 74764
1377729300 1852 34894 5317 36767
1377729000 5304 36662 5317 36767
1377728700 1465 5459 2124 49962
1377728400 2137 49671 4168 49962
1377728100 4174 6669 6144 110329
1377727800 6117 109902 6144 110329
1377727500 2135 46524 7254 67280
1377727200 7236 67124 7254 67280
1377726900 2130 20430 2138 20549
1377726600 989 2937 1528 16593
1377726300 1528 16670 1606 28168
1377726000 1606 28171 1736 28644
1377725700 1741 28660 2583 31045
1377725400 2579 31205 2583 55066
1377725100 2027 55049 2028 55066
1377724800 1994 52537 1996 52628
1377724500 1504 25969 6235 92879
1377724200 6202 92299 6235 92879
1377723900 1431 6554 2937 92442
1377723600 2952 91989 5220 92442
1377723300 5211 24723 5220 37568
1377723000 3977 37560 5563 37568
1377722700 5537 35158 5563 35222
1377722400 1718 25722 1719 26134
1377722100 1690 26127 1930 26134
1377721800 1933 25368 2464 47525
1377721500 2473 47566 3885 53776
1377721200 3877 53617 3885 53776
1377720900 2767 29935 2768 29946
1377720600 2658 28224 2792 28351
1377720300 2794 9471 3438 33680
1377720000 3445 33750 5681 54970
1377719700 5669 54841 5681 54970
1377719400 2302 16515 2303 48102
1377719100 2180 48093 5206 48102
1377718800 5204 46795 5206 46866
1377718500 4998 36300 5018 36344
1377718200 2129 29906 5983 46473
1377717900 5972 46518 5983 59973
1377717600 2896 59944 3307 59973
1377717300 3306 51476 3307 57287
1377717000 3179 57354 3180 77536
1377716700 2987 77861 4589 126426
1377716400 4570 125743 4589 126426
1377716100 1740 24030 1842 24113
1377715800 1857 12306 4162 86622
1377715500 4155 86435 4162 86622
1377715200 3218 58630 6607 64427
1377714900 6577 64072 6607 64427
1377714600 2217 11239 2219 11256
1377714300 1737 6257 3950 10691
1377714000 3951 10681 4165 10691
1377713700 4171 9319 5213 11877
1377713400 5185 11834 5213 11877
1377713100 1046 5540 1174 5542
1377712800 1173 5317 1174 7077
1377712500 1092 7066 1157 7077
1377712200 1156 3926 1157 6456
1377711900 1120 6460 1256 7183
1377711600 1255 7181 1256 7183
1377711300 1220 7026 1487 7486
1377711000 1483 7478 1487 7486
1377710700 1036 6376 4309 10336
1377710400 4298 10323 4309 10336
1377710100 1150 6676 1383 7674
1377709800 1404 7683 4661 9087
1377709500 4662 9248 5251 57522
1377709200 5248 57642 5251 93539
1377708900 4415 93499 7967 93539
1377708600 7931 87185 7967 87575
1377708300 2712 29548 5791 80676
1377708000 5763 80275 5791 80676
1377707700 1743 20731 2950 37820
1377707400 2949 37882 2950 47213
1377707100 2834 47336 2836 65756
1377706800 2646 65612 4625 65756
1377706500 4617 44325 4625 51191
1377706200 2426 50998 2432 51191
1377705900 1573 22580 5627 65085
1377705600 5603 64978 5627 65085
1377705300 2132 48986 2579 49040
1377705000 2597 41059 5359 48107
1377704700 5355 47996 5359 48107
1377704400 4863 31620 5809 42877
1377704100 5788 43060 5809 70439
1377703800 2805 70211 2807 70439
1377703500 2579 36189 2580 36287
1377703200 2547 22052 5999 139660
1377702900 5975 138806 5999 139660
1377702600 2454 11679 3377 22763
1377702300 3366 22665 3377 22763
1377702000 1854 8230 2624 11776
1377701700 2615 11745 2624 11776
1377701400 1428 7267 4633 11799
1377701100 4614 11781 4633 11799
1377700800 1863 9129 1865 9145
1377700500 1606 6826 5491 16665
1377700200 5489 16646 5491 16665
1377699900 5258 13825 5259 13848
1377699600 5179 13835 5190 13848
1377699300 2077 10014 2334 10020
1377699000 2338 9441 3052 45276
1377698700 3060 45309 5579 55463
1377698400 5558 55392 5579 55463
1377698100 2578 44879 2943 45165
1377697800 2945 45185 3281 48312
1377697500 3276 48288 3281 48312
1377697200 2643 44847 2660 45049
1377696900 2660 45049 2688 45093
1377696600 2709 45120 5925 49276
1377696300 5903 49248 5925 49276
1377696000 2781 45121 5348 48782
1377695700 5335 48763 5348 48782
1377695400 3499 46044 5356 48674
1377695100 5361 48677 7001 49618
1377694800 6972 49585 7001 49618
1377694500 2683 44810 2684 44811
1377694200 2660 44796 2661 44798
1377693900 2635 44569 2649 44841
1377693600 2648 44839 2649 44841
1377693300 2647 44664 2678 44730
1377693000 2677 44729 2678 44730
1377692700 2633 44634 2736 45211
1377692400 2735 45206 2736 45211
1377692100 2649 44535 6044 50267
1377691800 6023 50233 6044 50267
1377691500 2898 45248 2899 45253
1377691200 2763 44591 6009 49447
1377690900 6007 49446 6009 49447
1377690600 5819 49300 6536 49303
1377690300 6613 48925 18151 48947
1377690000 18047 45777 18151 45785
1377689700 2636 44715 2659 44717
1377689400 2658 44558 2659 44715
1377689100 2644 44715 2658 44737
1377688800 2657 44737 2658 44871
1377688500 2649 44868 2650 44871
1377688200 2633 44499 2662 44855
1377687900 2662 44878 2777 48320
1377687600 2797 48325 5893 49155
1377687300 5871 49125 5893 49155
1377687000 2674 44692 2675 44693
1377686700 2656 44707 5798 49148
1377686400 5797 49148 5798 49253
1377686100 5745 49252 6549 49253
1377685800 6523 49172 6549 49202
1377685500 2657 44752 2691 44753
1377685200 2690 44722 2691 44723
1377684900 2614 44679 2655 44725
1377684600 2655 44725 2660 44786
1377684300 2659 44784 2660 44786
1377684000 2625 44557 2626 44816
1377683700 2620 44814 2625 44816
1377683400 2625 44586 2636 44811
1377683100 2657 44839 5826 49027
1377682800 5815 49013 5826 49027
1377682500 2676 45008 2677 45011
1377682200 2655 44694 5738 49154
1377681900 5737 49154 5738 49163
1377681600 5721 49163 6506 49191
1377681300 6480 49161 6506 49191
1377681000 2654 44711 2739 45240
1377680700 2738 45235 2739 45240
1377680400 2669 44601 2670 44822
1377680100 2643 44820 2644 44822
1377679800 2630 44533 2644 44729
1377679500 2644 44729 2675 45002
1377679200 2675 45001 2696 45002
1377678900 2695 44916 2696 44918
1377678600 2650 44669 5919 49427
1377678300 5897 49395 5919 49427
1377678000 2676 44724 2677 44738
1377677700 2666 44768 5828 49315
1377677400 5827 49315 5828 49375
1377677100 5779 49374 6510 49375
1377676800 6484 49235 6510 49265
1377676500 2643 44787 2651 44788
1377676200 2651 44782 2679 44811
1377675900 2679 44811 2706 45054
1377675600 2705 45053 2706 45054
1377675300 2695 44966 2743 44967
1377675000 2742 44863 2743 44864
1377674700 2668 44774 2696 44775
1377674400 2695 44762 2696 44763
1377674100 2702 44784 6144 49744
1377673800 6123 49737 6144 49744
1377673500 3025 48667 3028 48694
1377673200 2711 44826 5813 50089
1377672900 5813 50087 5941 50089
1377672600 5944 49622 6507 49626
1377672300 6481 49061 6507 49090
1377672000 2682 44863 2683 44892
1377671700 2652 44892 2725 44894
1377671400 2724 44892 2725 44894
1377671100 2663 44690 2733 44959
1377670800 2732 44957 2733 44959
1377670500 2648 44783 2733 45116
1377670200 2732 45114 2733 45116
1377669900 2673 44865 2674 44952
1377669600 2688 44980 5883 49200
1377669300 5861 49171 5883 49200
1377669000 2664 44886 2666 44889
1377668700 2676 44589 5847 49604
1377668400 5846 49602 5847 49604
1377668100 5828 49363 9588 50661
1377667800 9568 50656 9588 50661
1377667500 6648 50368 8887 107938
1377667200 8877 107731 8887 107938
1377666900 6134 45940 6146 50778
1377666600 4380 50738 4392 50778
1377666300 2657 44804 2658 44806
1377666000 2627 44508 2629 44792
1377665700 2629 44793 2667 45042
1377665400 2666 45038 2667 45042
1377665100 2639 44560 5911 49520
1377664800 5900 49504 5911 49520
1377664500 2674 44859 2701 44861
1377664200 2711 44707 5798 49281
1377663900 5797 49280 5798 49281
1377663600 5779 49215 6671 49443
1377663300 6644 49412 6671 49443
1377663000 2715 44867 2716 44868
1377662700 2671 44771 2672 44772
1377662400 2671 44705 2672 44772
1377662100 2683 44771 4795 44772
1377661800 4782 44749 4795 44751
1377661500 2856 44593 2857 44729
1377661200 2710 44726 2711 44729
1377660900 2578 44406 2617 44407
1377660600 2627 44347 5844 48894
1377660300 5833 48879 5844 48894
1377660000 2626 44530 2627 44532
1377659700 2566 44366 5689 48732
1377659400 5688 48733 5689 49070
1377659100 5691 49067 6471 49070
1377658800 6444 48650 6471 48679
1377658500 2567 44467 2707 47582
1377658200 2707 47581 2770 47582
1377657900 2769 47556 2770 47566
1377657600 2732 44681 2734 44683
1377657300 2581 44420 2620 44445
1377657000 2619 44442 2620 44445
1377656700 2532 44126 2599 44579
1377656400 2599 44578 2605 44579
1377656100 2626 44512 5838 48901
1377655800 5816 48869 5838 48901
1377655500 2582 44251 2663 44613
1377655200 2683 44642 5810 48985
1377654900 5809 48984 5810 48985
1377654600 5810 48893 6544 49132
1377654300 6517 49099 6544 49132
1377654000 2605 44264 2646 44309
1377653700 2645 44309 2646 44388
1377653400 2617 44389 2855 44737
1377653100 2854 44737 2855 44855
1377652800 2806 44855 2843 44860
1377652500 2842 44858 2843 44860
1377652200 2703 44667 2704 44668
1377651900 2686 44518 2687 44520
1377651600 2610 44366 5799 48642
1377651300 5788 48628 5799 48642
1377651000 2702 44691 2703 44694
1377650700 2599 44389 5718 48894
1377650400 5717 48893 5718 48894
1377650100 5676 48806 6471 48872
1377649800 6446 48845 6471 48872
1377649500 2779 44870 2780 44871
1377649200 2743 44736 2745 44739
1377648900 2584 44355 2585 44356
1377648600 2571 44298 2583 44383
1377648300 2582 44382 2583 44383
1377648000 2545 44233 2546 44234
1377647700 2534 44147 2647 44560
1377647400 2648 44561 2802 44841
1377647100 2820 44865 5597 48488
1377646800 5587 48476 5597 48488
1377646500 2857 44917 2858 44919
1377646200 2661 44618 5710 48804
1377645900 5709 48804 5710 48853
1377645600 5674 49453 7934 138981
1377645300 7909 138591 7934 138981
1377645000 4252 80629 4253 89846
1377644700 4090 89750 4093 89846
1377644400 3476 61291 3612 71448
1377644100 3727 71506 20885 80150
1377643800 20831 80150 20885 80150
1377643500 4993 82652 14061 455564
1377643200 14073 456873 15898 651945
1377642900 15821 648043 15898 651945
1377642600 4396 66975 6631 101101
1377642300 6628 101045 6631 101101
1377642000 6305 92786 6313 92846
1377641700 4033 75264 7782 100955
1377641400 7779 100858 7782 100955
1377641100 6958 72054 7505 90327
1377640800 7487 90237 7505 90327
1377640500 4844 77176 6672 163017
1377640200 6669 162879 6672 163017
1377639900 5918 121487 5927 121751
1377639600 4574 82079 4580 82211
1377639300 3705 62841 5352 106136
1377639000 5338 105803 5352 106136
1377638700 3267 56386 3897 65757
1377638400 3896 65788 3897 70441
1377638100 3772 70351 4700 70441
1377637800 4707 57092 5839 60792
1377637500 5826 60995 5839 91369
1377637200 4063 91584 10662 123645
1377636900 10684 124227 17440 298247
1377636600 17368 296661 17440 298247
1377636300 6767 60514 6776 76670
1377636000 5432 76456 5451 76670
1377635700 2706 44528 2709 44616
1377635400 2076 18565 2261 29973
1377635100 2261 29922 2280 29973
1377634800 2687 43909 63414 3252615
1377634500 64339 3231641 202309 3252615
1377634200 200990 106521 202309 106521
1377633900 4532 106359 4766 106521
1377633600 5093 96624 53907 2238208
1377633300 54058 2244737 99362 4197042
1377633000 98728 4169528 99362 4197042
1377632700 4288 69890 6365 70009
1377632400 6368 52292 7481 54084
1377632100 7473 54084 7481 54129
1377631800 5264 54148 7099 59934
1377631500 7090 59944 7099 62941
1377631200 4695 62934 4696 62941
1377630900 4425 60789 4450 60863
1377630600 4454 49944 5179 57130
1377630300 5174 57163 5179 62093
1377630000 4565 62061 4570 62093
1377629700 3843 57454 5077 70879
1377629400 5076 70811 5077 70879
1377629100 5022 60643 5036 60754
1377628800 3047 44288 6452 50691
1377628500 6434 50738 6452 57836
1377628200 3874 57810 5675 57836
1377627900 5685 54075 8939 58497
1377627600 8910 58499 8939 58881
1377627300 4670 58842 7046 58881
1377627000 7033 53093 7046 57583
1377626700 5110 57534 5116 57583
1377626400 4242 50257 4247 50274
1377626100 2953 45201 3006 45202
1377625800 3018 45068 3095 45328
1377624600 4695 47791 7993 53576
1377622800 4092 53970 56801 2336405
1377621000 50367 455594 225689 2336405
1377619200 7800 109465 12986 198307
1377617400 4327 87248 6464 137927
1377615600 6322 103867 9426 157944
1377613800 3378 45584 141444 100242
1377612000 48363 1048413 141444 6247636
1377610200 2575 4754 6558 10496
1377608400 642 1116 667 1245
1377606600 2108 3210 6179 9200
1377604800 1406 2049 4516 5710
1377603000 1290 1941 3919 5805
1377601200 2341 3446 5821 8647
1377599400 715 2383 778 4832
1377597600 2014 3105 5541 8244
1377595800 1524 2241 4501 5616
1377594000 1180 1960 3878 5750
1377592200 2335 3434 5332 7919
1377590400 656 1147 677 1224
1377588600 1928 2939 5112 7557
1377586800 1581 2316 4505 5615
1377585000 1211 2516 3856 5609
1377583200 2335 3372 4928 7244
1377581400 642 1125 696 1206
1377579600 1923 2952 4857 7179
1377577800 1714 2476 4526 5577
1377576000 1313 2046 3890 5533
1377574200 2404 3509 4546 31147
1377572400 756 6101 1275 31147
1377570600 1911 7282 4136 18816
1377568800 1824 2632 4542 5751
1377567000 1213 1915 3930 5802
1377565200 2396 3384 4517 5646
1377563400 660 1167 698 1376
1377561600 1200 1916 3863 5569
1377559800 2391 3560 3772 5604
1377558000 26462 1720164 211511 10198590
1377556200 73839 3436883 211511 10198590
1377554400 5418 79701 11900 234932
1377552600 3587 43888 6206 144427
1377550800 6190 15894 21779 675738
1377549000 6567 164302 21779 675738
1377547200 2811 34654 5538 95309
1377545400 3645 13178 5790 17423
1377543600 1981909 2093794 5901474 5933480
1377541800 3258831 2563826 5839437 5436218
1377540000 5881 19210 14592 137765
1377538200 3989 58517 9317 137765
1377536400 19339 647784 32255 1393275
1377534600 7851 104177 33968 1346310
1377532800 10135 270781 33968 1346310
1377531000 5592 71649 8349 82872
1377529200 7105 42256 48645 61447
1377527400 13460 42528 48645 57848
1377525600 2585 6401 7567 17205
1377523800 2526 4307 5846 8841
1377522000 2147 3093 4859 6044
1377520200 1553 2443 4291 6602
1377518400 2666 3686 4849 5885
1377516600 1004 1472 1018 1551
1377514800 2559 3705 6046 8760
1377513000 1661 2253 4947 6104
1377511200 1598 3188 4928 7190
1377509400 2673 3705 4928 7190
1377507600 986 1515 4204 5991
1377505800 3213 4467 4877 5991
1377504000 997 1500 1016 1652
1377502200 2568 3750 5214 7822
1377500400 1636 2235 4273 5224
1377498600 1529 2277 4247 6167
1377496800 2741 4359 5878 9569
1377495000 1021 1536 1196 2136
1377493200 3291 4964 4920 7860
1377491400 1999 2558 6746 29649
1377489600 3215 18099 8240 29649
1377487800 5448 6851 11119 12860
1377486000 1008 1592 4198 5953
1377484200 3225 4558 6741 9685
1377482400 1099 2124 1444 5056
1377480600 2568 3783 4872 6015
1377478800 1710 2249 4872 5909
1377477000 2003 2607 4234 6006
1377475200 2673 3736 4140 6127
1377473400 992 1530 1884 2673
1377471600 3220 4523 7233 10618
1377469800 998 1511 1020 1686
1377468000 2108 4273 4287 7998
1377466200 2835 4496 4894 10120
1377464400 1567 2293 4286 6255
1377462600 4358 6614 8596 10808
1377460800 993 1490 1020 1677
1377459000 2583 3788 7175 10379
1377457200 1631 2259 4842 5898
1377455400 1569 2497 4427 7271
1377453600 2677 3752 4831 6161
1377451800 1000 1538 4170 5873
1377450000 3217 4483 4876 6169
1377448200 1109 1592 1400 1934
1377446400 2832 4164 6748 9793
1377444600 1744 2463 5141 6525
1377442800 5294 4999 15090 16979
1377441000 3798 3955 7843 6895
1377439200 963 1435 1114 5131
1377437400 3239 5103 4845 6150
1377435600 967 1451 986 1519
1377433800 1817 2703 5371 7818
1377432000 2337 3242 5371 7818
1377430200 985 1502 4206 5964
1377428400 3188 4424 5672 8232
1377426600 971 1459 1027 1638
1377424800 2554 3687 5118 6011
1377423000 1662 2215 5118 6011
1377421200 1500 2179 4189 5955
1377419400 2655 3737 4334 6329
1377417600 978 1455 994 1537
1377415800 3188 4481 6709 9676
1377414000 1030 1448 1389 1561
1377412200 2035 2966 4153 6130
1377410400 2134 2923 4888 5988
1377408600 1632 2981 4226 6112
1377406800 2676 3776 4093 5993
1377405000 1091 1523 1476 1807
1377403200 2699 3718 7207 10423
1377401400 1613 2238 4846 5984
1377399600 1503 2184 4173 5923
1377397800 2653 3732 4846 6045
1377396000 974 1434 4211 5942
1377394200 3179 4467 4639 6054
1377392400 962 1459 983 1639
1377390600 2547 3718 6876 10075
1377388800 1617 2209 4798 5821
1377387000 1505 2261 4204 6181
1377385200 2654 3712 4886 6048
1377383400 970 1496 1003 1726
1377381600 3200 4487 4873 6248
1377379800 1027 2482 1123 5813
1377378000 1570 2294 2760 9905
1377376200 1628 3637 4865 9905
1377374400 978 1445 4199 5947
1377372600 3189 4510 4877 6235
1377370800 971 1445 1060 3613
1377369000 2687 4973 4894 11108
1377367200 1674 2278 4894 6015
1377365400 1530 2281 3603 5270
1377363600 2646 3696 5945 8546
1377361800 1014 1587 1249 2171
1377360000 3241 4535 5128 7336
1377358200 1095 1738 1273 2128
1377356400 2048 3000 4223 6169
1377354600 2142 3017 4839 6169
1377352800 1520 2197 4213 6032
1377351000 2655 3725 5189 7594
1377349200 1022 1532 1264 1629
1377347400 2561 3793 5783 8399
1377345600 1616 2209 4850 5928
1377343800 1523 2266 4222 6016
1377342000 2649 3681 4859 6113
1377340200 1001 1591 4225 5997
1377338400 3196 4453 4355 6379
1377336600 1051 1507 1389 1763
1377334800 2516 3549 6605 9542
1377333000 1725 2357 4874 5910
1377331200 1509 2226 4207 6043
1377329400 2661 3823 4825 6103
1377327600 1046 1877 1191 3371
1377325800 2949 4295 4192 6001
1377324000 1211 1753 2431 3190
1377322200 1518 2294 7200 10424
1377320400 2649 3731 7200 10424
1377318600 1037 1904 4313 6363
1377316800 3222 4531 4827 6363
1377315000 991 1534 1033 1854
1377313200 2570 4247 4223 6139
1377311400 1631 2507 4036 5270
1377309600 2180 5118 4601 10819
1377307800 3168 6565 7957 13840
1377306000 1920 5932 2421 7886
1377304200 2650 4453 6284 12328
1377302400 3051 8568 6284 12328
1377300600 2779 21690 5278 37911
1377298800 7247 21581 16277 49221
1377297000 4496 14757 12227 59627
1377295200 5435 56420 6899 90074
1377293400 246810 64399 623415 114641
1377291600 8040 197251 21061 711358
1377289800 16365 508087 22577 880717
1377288000 8650 249565 123848 524000
1377286200 256276 265908 847926 765855
1377284400 15790 110704 48441 373510
1377282600 9049 269600 10723 373510
1377280800 3568 10804 6638 25647
1377279000 1888 3640 4249 14347
1377277200 3154 6654 6942 50064
1377275400 4403 74074 5774 89391
1377273600 6091 38346 7298 70411
1377271800 5302 71586 8818 182254
1377270000 2988 9821 5160 25644
1377268200 3095 6460 4614 50254
1377266400 2323 12585 4614 50254
1377264600 3219 4809 6575 9754
1377262800 973 1695 1016 1880
1377261000 2546 3955 4816 6211
1377259200 1618 2429 4816 6210
1377257400 1574 2431 4170 6208
1377255600 2650 3873 4117 6208
1377253800 956 1681 1057 1941
1377252000 3182 4623 6851 10198
1377250200 988 1752 1029 1989
1377248400 2082 3947 4335 6469
1377246600 2172 3256 4881 6321
1377244800 1683 5621 4477 10639
1377243000 2921 8032 4449 11430
1377241200 1227 5689 1276 6826
1377239400 2801 7987 7422 14800
1377237600 1886 6807 5048 9434
1377235800 1776 6515 4436 10174
1377234000 2954 8815 5174 12241
1377232200 1219 5651 4541 11574
1377230400 3500 9957 4541 11574
1377228600 2656 4338 6962 7334
1377226800 2645 4071 7295 10856
1377225000 1831 2676 4940 6440
1377223200 1589 2478 4249 6048
1377221400 2862 5013 23171 324794
1377219600 8322 57765 23171 324794
1377217800 2624 4051 4951 6516
1377216000 1697 2456 4951 6251
1377214200 1589 2764 4246 6135
1377212400 2739 4126 4202 6824
1377210600 1135 2818 1822 11988
1377208800 3350 8109 5797 34345
1377207000 3210 11084 6622 34345
1377205200 2002 4467 4811 10062
1377203400 3221 7689 5105 16644
1377201600 1746 4173 2058 7309
1377199800 2729 4963 5563 17531
1377198000 2226 6899 5563 17531
1377196200 2536 6873 5123 10558
1377194400 2652 5466 4868 7893
1377192600 983 3135 1149 4153
1377190800 3259 6549 5075 8786
1377189000 1534 4859 5963 7579
1377187200 11560 11959 20882 16087
1377185400 2700 5918 5226 10814
1377183600 1212 4048 4598 8015
1377181800 4150 10826 6038 16605
1377180000 2220 4608 4779 5443
1377178200 5887 5835 12931 14548
1377176400 2548 5923 4956 14548
1377174600 2297 6554 4909 11399
1377172800 2709 4903 4642 7132
1377171000 1030 2671 1097 3030
1377169200 2612 4924 6899 11112
1377167400 1667 3403 4884 7102
1377165600 1573 3443 4250 7115
1377163800 2706 4890 4906 7143
1377162000 1042 2737 4237 7102
1377160200 3279 6252 4929 10750
1377158400 1042 2728 1069 3021
1377156600 2606 4917 6370 10424
1377154800 1673 3456 4913 7276
1377153000 1807 3575 4252 7220
1377151200 2782 4921 5038 7842
1377149400 1225 2753 1434 3332
1377147600 4485 6231 7357 8893
1377145800 2104 4306 3874 7866
1377144000 4328 4865 7675 11875
1377142200 5008 5956 7675 11875
1377140400 3525 4198 6255 7484
1377138600 3444 6181 5229 8853
1377136800 1102 2891 1126 3159
1377135000 4045 65136 12497 367734
1377133200 1766 3574 4944 7494
1377131400 1618 3563 4289 7312
1377129600 2760 5072 4930 7257
1377127800 1092 2889 1124 3095
1377126000 3140 10838 5907 35750
1377124200 3542 9306 5350 40945
1377122400 3837 14408 6927 40945
1377120600 4299 9823 6637 12512
1377118800 3093 20002 3918 50366
1377117000 4235 14293 6524 25130
1377115200 27936 1021531 92306 4072259
1377113400 4317 21773 6130 43775
1377111600 4819 14314 6428 25991
1377109800 5826 15018 9632 22620
1377108000 3203 5412 5747 9185
1377106200 3730 6534 6183 9185
1377104400 4034 10719 7512 15882
1377102600 4975 22661 8957 73129
1377100800 4332 21324 9491 69823
1377099000 8247 52903 9498 103673
1377097200 7417 32469 9717 37429
1377095400 5560 31752 7520 57104
1377093600 6260 30888 8477 40952
1377091800 4105 23328 8477 28319
1377090000 4383 26027 6118 36468
1377088200 4845 23033 7098 25856
1377086400 3652 24231 5079 33814
1377084600 4377 20386 6602 23001
1377082800 4701 36738 6602 93613
1377081000 3546 20356 4723 27219
1377079200 4806 31374 8248 90056
1377077400 3008 19621 3363 21196
1377075600 5627 29226 8179 38715
1377073800 3904 21399 5784 24895
1377072000 3836 22678 5102 25180
1377070200 5551 30482 7569 65221
1377068400 5069 30622 5902 36954
1377066600 5240 23701 6794 27385
1377064800 4398 22879 6089 27385
1377063000 4810 26161 6739 34884
1377061200 5182 24003 6778 33202
1377059400 3713 24628 4920 36894
1377057600 5281 29872 7260 45103
1377055800 4085 21940 6389 24332
1377054000 4723 27870 6444 36235
1377052200 5388 25824 7685 32979
1377050400 3315 19626 3716 23850
1377048600 4710 21421 7269 24806
1377046800 3600 18738 6431 22333
1377045000 3385 18360 6169 22348
1377043200 5561 27167 8739 40710
1377041400 3200 19309 3460 20960
1377039600 5412 28153 9057 40135
1377037800 5467 25475 8343 35290
1377036000 5122 26916 9390 44785
1377034200 8016 41235 10652 43842
1377032400 5979 34637 7002 44679
1377030600 3710 14638 9159 73546
1377028800 10073 36740 40299 82458
1377027000 4193 22459 7542 79623
1377025200 6838 58046 13070 171826
1377023400 271119 38491 1388472 91501
1377021600 6311 148795 15287 877024
1377019800 3493 6645 4765 7745
1377018000 26336 1013398 90963 3784668
1377016200 337924 16725 2009297 52403
1377014400 197315 216136 4028908 1180632
1377012600 1072993 185082 4028908 702163
1377010800 4077 9569 6489 22275
1377009000 2369 7300 4229 11660
1377007200 3244 7759 6369 16355
1377005400 1712 3507 5323 12500
1377003600 1499 2305 4180 6074
1377001800 2632 3764 6289 9228
1377000000 1034 1544 1404 1834
1376998200 2535 3844 6591 9670
1376996400 1701 2321 4856 6144
1376994600 1510 2380 4169 6065
1376992800 2646 3888 6936 10237
1376991000 1005 1613 1206 1708
1376989200 2534 3848 7165 10500
1376987400 1598 2318 4829 6185
1376985600 1517 2309 4232 6069
1376983800 2693 4259 7326 13178
1376982000 965 1555 986 1750
1376980200 2524 3847 6957 10189
1376978400 1610 2359 4842 6249
1376976600 1952 2647 4340 6128
1376974800 2675 3835 6638 9645
1376973000 1320 1948 2287 2903
1376971200 4289 4370 13947 9412
1376969400 1680 2556 5017 7022
1376967600 2801 3187 5919 6256
1376965800 2771 3983 6293 9338
1376964000 956 1637 1036 1764
1376962200 2526 3896 5851 8686
1376960400 1577 2351 4770 6060
1376958600 1474 2376 4168 6082
1376956800 2616 3869 4778 6089
1376955000 1108 6328 1760 20303
1376953200 4286 38332 9013 169589
1376951400 3641 15973 7189 22665
1376949600 2113 12854 5548 17363
1376947800 10636 274482 30999 1043828
1376946000 13272 474009 91015 3742742
1376944200 18037 628351 91015 3742742
1376942400 4050 23019 6630 65432
1376940600 20161 479386 61471 2725155
1376938800 4227 37210 6647 50598
1376937000 2237 8832 6647 35649
1376935200 1752 2918 4105 6076
1376933400 3064 4510 5223 6792
1376931600 1511 4467 2276 11743
1376929800 3293 8476 5767 12731
1376928000 25390 74242 1370988 1484645
1376926200 1378650 1920434 3082799 3145725
1376924400 42461 55607 232261 150465
1376922600 3384 48964 3885 72177
1376920800 3313 21743 4800 50496
1376919000 1894 18692 4772 49831
1376917200 1688 20043 5021 42027
1376915400 2771 17779 5021 44447
1376913600 1240 20396 4095 41664
1376911800 3306 18475 4727 44367
1376910000 1197 20840 1523 39936
1376908200 2632 16971 5230 39434
1376906400 1721 15308 4759 34833
1376904600 1684 15497 4543 40429
1376902800 2840 21942 6083 43752
1376901000 1076 14482 1497 40113
1376899200 3364 21695 5294 41020
1376897400 1050 11904 3428 46154
1376895600 2480 22686 4968 46154
1376893800 2375 14852 4968 35793
1376892000 1121 17234 4115 33778
1376890200 3336 16096 5876 35608
1376888400 1138 17947 1478 33916
1376886600 2689 15130 4998 33429
1376884800 1888 18435 4998 33146
1376883000 1620 13236 4137 32174
1376881200 2871 19224 7851 41801
1376879400 1049 12132 1390 31664
1376877600 2690 18550 6766 35162
1376875800 1654 11986 4731 30069
1376874000 1690 15758 4080 29398
1376872200 2695 13173 6952 37070
1376870400 1108 15302 1358 29043
1376868600 2647 11749 5928 28367
1376866800 2190 23241 4746 45334
1376865000 1670 14704 4076 27269
1376863200 2731 14683 5818 32904
1376861400 1045 9891 1276 25653
1376859600 2715 15120 5233 26434
1376857800 1733 14633 4945 25271
1376856000 1560 11133 4159 19493
1376854200 2752 12470 5538 24138
1376852400 915 4797 1087 15548
1376850600 2518 7304 4848 22477
1376848800 1547 3383 4783 7467
1376847000 1793 5824 4387 17687
1376845200 4667 6940 7474 13355
1376843400 6886 9745 10139 13664
1376841600 3670 8684 6690 13714
1376839800 1951 7288 4980 10634
1376838000 1856 7654 4440 11241
1376836200 2938 9511 5146 15378
1376834400 1239 6130 1480 9558
1376832600 2717 7418 4969 11110
1376830800 1799 6471 4969 8398
1376829000 1697 6278 4305 9236
1376827200 2842 7248 5051 12836
1376825400 1210 4885 1510 8089
1376823600 2822 7712 5019 12305
1376821800 1796 5697 5019 8332
1376820000 1695 6292 4327 7984
1376818200 2831 7621 5088 13081
1376816400 1138 5035 1213 7558
1376814600 2734 7654 5305 12174
1376812800 1861 6120 5305 7825
1376811000 1690 6061 4346 8220
1376809200 2845 7765 5072 12204
1376807400 1177 4858 1276 7215
1376805600 2721 6775 4983 11427
1376803800 1847 5542 4983 7648
1376802000 1727 5735 4420 7747
1376800200 2992 7245 5200 11325
1376798400 1443 7520 1714 13932
1376796600 2922 9153 5120 15150
1376794800 2029 7660 5120 10747
1376793000 1979 8300 4517 11878
1376791200 3035 9916 5304 16816
1376789400 1332 6907 1433 12193
1376787600 2922 9082 5204 15964
1376785800 2022 8421 5204 12738
1376784000 1920 7703 3972 12922
1376782200 3159 9740 5623 16141
1376780400 1748 13253 3842 50179
1376778600 2989 9738 5427 15858
1376776800 2522 8756 5427 13150
1376775000 2104 7808 3224 13228
1376773200 3296 9357 4953 15347
1376771400 1226 8494 1305 12274
1376769600 2785 9371 4471 15115
1376767800 1849 7593 4471 11177
1376766000 1817 7545 3157 12700
1376764200 2993 10862 4430 22885
1376762400 1179 5331 1260 8218
1376760600 2998 9761 4647 15996
1376758800 2126 8941 3804 14010
1376757000 2090 8146 4215 12595
1376755200 3515 9525 5271 13945
1376753400 1643 10705 2083 20395
1376751600 3133 9625 4730 15111
1376749800 2350 11218 3843 21289
1376748000 2086 8691 4788 15430
1376746200 3167 9869 4793 15165
1376744400 1471 7291 1547 10141
1376742600 3093 9752 5254 17875
1376740800 2116 7448 4284 13595
1376739000 2000 7228 4777 15557
1376737200 3162 9358 5324 13110
1376735400 1491 7596 1550 10553
1376733600 3036 8816 5630 14978
1376731800 2165 8158 4704 13780
1376730000 2005 7409 4748 14162
1376728200 3180 9768 5828 11577
1376726400 1576 7510 2026 10524
1376724600 3047 9261 6105 16877
1376722800 2219 7367 5233 13491
1376721000 2022 8033 4701 12373
1376719200 3161 8647 6137 12829
1376717400 1587 6716 1892 10857
1376715600 3026 9290 6511 17202
1376713800 2140 7075 5424 12639
1376712000 2103 6965 4712 11758
1376710200 3154 8842 6612 12316
1376708400 1466 5908 1525 7706
1376706600 3531 16998 7118 54337
1376704800 2114 7420 5389 13964
1376703000 2074 7110 4726 11461
1376701200 3166 9342 7267 14957
1376699400 1445 6180 1483 8039
1376697600 2620 7683 5254 13394
1376695800 2537 7795 5389 11999
1376694000 3390 16189 112173 60835
1376692200 54962 1437450 112173 2983873
1376690400 15708 582225 30671 1206775
1376688600 2704 4706 5125 8858
1376686800 119566 8737 700951 23444
1376685000 746839 122953 3808543 377534
1376683200 6238 144228 14956 712173
1376681400 2689 9585 4250 27646
1376679600 3460 18075 6218 27646
1376677800 3893 12792 5803 15505
1376676000 2461 7832 5153 17188
1376674200 3935 20294 6127 24971
1376672400 2578 19380 3677 24971
1376670600 4379 25043 7579 39564
1376668800 3833 19538 7747 66591
1376667000 3974 13889 5427 21235
1376665200 4068 9368 6041 12748
1376663400 4421 16928 13067 62041
1376661600 4943 33794 9868 105057
1376659800 1581 5795 4620 11188
1376658000 1140 4254 3839 7946
1376656200 2283 5769 4569 9234
1376654400 598 3493 630 3658
1376652600 2817 6506 4502 8071
1376650800 600 3504 623 3569
1376649000 1145 4280 5680 14786
1376647200 2354 6677 5680 14786
1376645400 643 3547 3827 8046
1376643600 2818 6490 3827 8046
1376641800 596 3576 630 3723
1376640000 2135 5813 6331 11932
1376638200 1409 4612 4629 8195
1376636400 1211 4498 3923 8308
1376634600 2358 6021 4531 8567
1376632800 710 4396 780 7258
1376631000 2635 6462 3926 8585
1376629200 1199 4490 2253 5486
1376627400 1334 4660 6898 12689
1376625600 2682 6568 6898 12689
1376623800 848 3971 3895 8178
1376622000 3035 7017 4553 9372
1376620200 886 4069 1387 4783
1376618400 2323 6363 3923 8886
1376616600 1332 4475 3221 6730
1376614800 1305 4487 3380 7417
1376613000 2380 5969 6930 12895
1376611200 705 3794 762 4479
1376609400 2512 6692 6177 23998
1376607600 3096 10278 6177 23998
1376605800 4694 39551 9696 169253
1376604000 5955 28777 7917 61629
1376602200 3301 21880 5090 33311
1376600400 4375 56063 7779 121851
1376598600 5237 45511 7115 83771
1376596800 3643 25055 5199 84889
1376595000 4252 44415 7348 84889
1376593200 2861 18703 7348 54022
1376591400 2882 19610 5157 48411
1376589600 3485 11882 6291 16739
1376587800 1371 7534 1394 7647
1376586000 2542 8541 4966 16103
1376584200 4747 17177 8542 25397
1376582400 3639 30678 9108 94304
1376580600 5885 64918 7441 172064
1376578800 1368 4590 1987 10830
1376577000 4306 40442 11416 173127
1376575200 1565 3039 5458 8414
1376573400 951 1824 3613 5545
1376571600 2083 3183 4250 5487
1376569800 400 931 431 1152
1376568000 1978 3061 4254 5433
1376566200 1032 1558 4254 5253
1376564400 932 1544 3598 5355
1376562600 2079 3053 4265 5413
1376560800 433 1651 2658 8051
1376559000 2661 4585 5846 8586
1376557200 401 821 437 1008
1376555400 1539 2426 4003 6125
1376553600 1479 2222 4245 5207
1376551800 933 1635 3649 5456
1376550000 2068 3062 4226 5356
1376548200 401 862 448 1062
1376546400 1975 3132 5132 8856
1376544600 1393 2384 4729 8856
1376539200 1366 2163 4323 6708
1376532000 1502 17055 8710 361200
1376524800 2669 15621 9965 101957
1376517600 4594 47073 9910 189544
1376510400 3753 18384 7246 118713
1376503200 2848 6917 5949 14041
1376496000 285536 25472 3169865 152599
1376488800 1757 4343 4464 8028
1376481600 1104 2819 6510 10609
1376474400 1766 9608 4485 140825
1376467200 1913 12214 4783 199953
1376460000 1555 13474 6429 160716
1376452800 1651 3802 4785 8226
1376445600 1782 7965 4977 75107
1376438400 2287 16738 9657 148480
1376431200 4817 31209 11978 82364
1376424000 3714 59676 8925 168722
1376416800 4630 53817 14261 151520
1376409600 5154 58096 9157 189803
1376402400 3161 8818 6031 14101
1376395200 3238 8392 5691 11962
1376388000 2715 7900 5337 11863
1376380800 3233 8433 6540 13789
1376373600 2901 8055 7406 14093
1376366400 3233 8328 8269 15305
1376359200 3326 9475 8738 22927
1376352000 3801 33972 7546 77295
1376344800 4953 73964 13692 295172
1376337600 4452 23106 34771 81050
1376330400 5984 17608 73935 222025
1376323200 73882 219109 1258739 4343516
1376316000 1587404 985205 2922486 5278741
1376308800 1415049 1603992 3133227 5660915
1376301600 1498673 1175244 2759278 5063442
1376294400 1382672 1327643 2875682 5203192
1376287200 1528414 1197836 3069789 3724238
1376280000 1433457 1610204 2653075 5436657
1376272800 2098381 1578987 3773658 5480207
1376265600 2387471 1967920 3402037 4956103
1376258400 2327349 1945806 3503213 3789132
1376251200 2511142 2253984 3274866 3791033
1376244000 2351636 2165348 3257837 3791033
1376236800 2356044 2069040 3243097 3775818
1376229600 2463202 2283459 3228645 3801670
1376222400 2411740 2158985 3228645 3798350
1376215200 2527794 2098652 3098449 3772726
1376208000 2371326 2069361 3208927 3799610
1376200800 2448487 1939278 3266381 3798068
1376193600 2506307 2005137 3071678 3808468
1376186400 2274703 2049435 3043626 3790735
1376179200 2300664 1769716 3310636 3805524
1376172000 2134455 1965533 3247364 3785092
1376164800 2345917 2300311 3001830 3793650
1376157600 2175348 1904861 3310598 3784657
1376150400 2061965 1728399 3567847 3804264
1376143200 2082890 1832313 3391029 4273128
1376136000 2213687 1528012 3319376 5664207
1376128800 2053064 1962054 3270488 6311425
1376121600 2100765 1343940 3174300 4867055
1376114400 2157100 1181679 3401452 6983150
1376107200 2004982 1284066 3369881 6531874
1376100000 1820059 1509043 2401722 6019840
1376092800 1626463 980465 3489295 6406572
1376085600 4246 42185 8492 171682
1376078400 42789 1423381 234513 8443606
1376071200 3105 13867 7829 47192
1376064000 3672 16497 7829 55212
1376056800 4265 7421 13832 36578
1376049600 2021 3476 5172 10201
1376042400 2116 3687 7164 10364
1376035200 2485 6689 5252 11471
1376028000 2925 4952 9164 11370
1376020800 2781 4492 6143 12399
1376013600 2351 4302 6581 28041
1376006400 13064 58350 103628 169222
1375999200 5561 22161 34403 62715
1375992000 3212 28285 6492 59599
1375984800 3336 23233 8022 94588
1375977600 3567 29674 6271 216163
1375970400 1920 4094 5086 17726
1375963200 1962 3117 5682 9595
1375956000 2044 3123 4807 7035
1375948800 1717 3002 5966 8868
1375941600 2272 3383 5077 7533
1375934400 2320 3956 6103 10736
1375927200 2180 17896 12645 368183
1375920000 4153 47956 14738 648302
1375912800 16452 536847 79107 4451195
1375905600 12842 340506 131312 5797415
1375898400 7351 49832 34691 176451
1375891200 7404 52913 36659 182362
1375884000 2760 4907 7296 15404
1375876800 2225 3284 6475 9537
1375869600 1668 2526 4347 6381
1375862400 2296 3378 6824 9941
1375855200 2372 3630 7284 10619
1375848000 1951 3010 5107 6762
1375840800 2308 3803 7202 11836
1375833600 2254 3771 6293 14145
1375826400 3725 7153 10229 14145
1375819200 16711 28183 164473 67171
1375812000 3633 15638 90626 85516
1375804800 7348 26328 90626 226525
1375797600 2334 13490 5438 18600
1375790400 2636 13195 5326 16499
1375783200 2602 16306 5562 21923
1375776000 2437 15544 5562 20396
1375768800 3439 14167 8192 22017
1375761600 3396 13498 11524 46398
1375754400 2648 18595 6294 84137
1375747200 4299 35061 7702 60073
1375740000 4799 34224 16531 94983
1375732800 4975 32410 21382 73244
1375725600 7607 51472 20369 192441
1375718400 10437 64959 48581 232702
1375711200 2994 17008 7062 22963
1375704000 3225 25019 7418 56900
1375696800 4573 46870 9521 59776
1375689600 3188 16722 6343 22199
1375682400 3403 17046 7931 23731
1375675200 12251 36183 159272 319847
1375668000 6065 32858 56347 264865
1375660800 2598 14391 6819 20526
1375653600 2585 14537 5821 18183
1375646400 2822 14719 7154 21237
1375639200 2808 14717 5555 18829
1375632000 2624 14551 7511 21821
1375624800 2840 14881 5582 21465
1375617600 2612 14362 7491 21467
1375610400 2820 14607 5581 19112
1375603200 4271 16206 11621 24031
1375596000 3096 15230 8322 22523
1375588800 2686 18952 5790 23216
1375581600 3082 20244 5872 24559
1375574400 3018 20165 6307 24128
1375567200 3172 20676 6544 25352
1375560000 3254 20687 5984 24793
1375552800 2917 20088 5465 24084
1375545600 2836 19904 5891 23484
1375538400 3079 20270 7566 26795
1375531200 2932 19995 7913 26560
1375524000 2723 19798 5866 23290
1375516800 3218 20332 7428 26622
1375509600 3680 20958 6712 24263
1375502400 3169 20204 7903 27082
1375495200 3340 21058 6090 49298
1375488000 5063 56180 7635 100848
1375480800 4938 55840 7454 189727
1375473600 4815 38109 8035 54526
1375466400 31550 93596 646735 1256912
1375459200 31642 75622 634479 677905
1375452000 16092 60832 282138 258930
1375444800 4240 51538 9142 62414
1375437600 4520 50878 7306 58161
1375430400 4936 50220 9614 58987
1375423200 5221 50818 8348 58452
1375416000 4586 47340 9534 56410
1375408800 4161 44438 6694 49898
1375401600 994197 121663 5026149 310869
1375394400 4124 31535 6813 63483
1375387200 462259 776955 816593 7987238
1375380000 662197 157269 978442 390672
1375372800 195212 61661 958607 199703
1375365600 3678 25246 10254 179113
1375358400 4117 15916 26084 28827
1375351200 2770 16523 5798 24998
1375344000 3077 17130 8082 26649
1375336800 3402 17285 8438 28827
1375329600 3061 17179 6608 42626
1375322400 3488 34271 10177 374535
1375315200 3610 23827 7078 46016
1375308000 8453 49349 39928 95901
1375300800 6412 67756 11200 135455
1375293600 5664 30814 10962 58949
1375286400 7353 45466 16197 184782
1375279200 4187 25028 9788 60213
1375272000 4377 22045 9125 27039
1375264800 4208 21847 7036 34872
1375257600 3966 21709 9201 32238
1375250400 4893 22610 7432 30156
1375243200 4395 21424 9225 31340
1375236000 3987 20719 9837 26328
1375228800 7059 54786 12425 121695
1375221600 21937 59877 202062 147054
1375214400 32882 49661 376067 419786
1375207200 9580 21682 106428 82227
1375200000 31355 235872 91221 691778
1375192800 90176 684314 98745 704897
1375185600 87208 684264 94096 715559
1375178400 88126 685224 93913 714765
1375171200 90955 680541 100266 724813
1375164000 89406 683462 97116 710200
1375156800 91386 693020 101773 734704
1375149600 94578 696984 101992 733380
1375142400 82993 618951 99331 713467
1375135200 9110 57629 14283 132392
1375128000 10842 127783 43844 1621122
1375120800 9601 90573 26752 626517
1375113600 28070 127846 329798 593630
1375106400 4526 46548 8416 91875
1375099200 4614 47028 9216 101746
1375092000 4375 46145 8470 96726
1375084800 4573 47865 7674 100589
1375077600 5548 44006 9590 110980
1375070400 4124 47542 7120 92349
1375063200 3819 43834 7770 98419
1375056000 4053 43389 7652 99813
1375048800 4308 45901 8044 103953
1375041600 3615 43890 6807 98557
1375034400 4196 45119 8871 123448
1375027200 4229 43839 8826 91987
1375020000 3794 44497 7352 119885
1375012800 3909 43776 8642 110710
1375005600 4191 44157 7000 109229
1374998400 4356 44771 9749 117516
1374991200 5256 43485 17223 107565
1374984000 4623 44007 8305 117025
1374976800 4086 56229 8269 188180
1374969600 4272 44455 8617 105530
1374962400 5129 72365 9186 219157
1374955200 3903 40653 7196 95498
1374948000 5466 59957 12080 202842
1374940800 4746 57133 9895 167535
1374933600 3896 39404 8073 95362
1374926400 4207 40823 6886 101114
1374919200 4692 43500 9206 91250
1374912000 4826 40276 9582 102297
1374904800 5173 46486 9582 114226
1374897600 4661 47900 10212 107667
1374890400 3993 44953 9936 131034
1374883200 8489 58806 23057 140517
1374876000 5969 72705 15884 144920
1374868800 4006 29111 7913 94697
1374861600 3549 13689 110534 66997
1374854400 1219527 377040 10647105 7354122
1374847200 3577 24009 6828 35192
1374840000 4088 25693 9400 38312
1374832800 4273 25727 7309 36688
1374825600 4715 25318 10711 42386
1374818400 5163 25751 7726 33812
1374811200 4284 23835 9178 30039
1374804000 3661 22745 6583 32640
1374796800 309851 73908 1998193 424256
1374789600 34266 106054 350273 395585
1374782400 4754 31848 7865 82683
1374775200 4549 31110 10697 91688
1374768000 5018 87491 16082 616199
1374760800 2381 11813 6091 19332
1374753600 1839 9947 6327 17179
1374746400 2055 6717 4967 14823
1374739200 2192 6514 5919 11986
1374732000 1835 6174 6411 12586
1374724800 2141 6472 6411 12586
1374717600 2555 22800 9522 364193
1374710400 3378 32309 17344 270326
1374703200 734848 96160 8603129 356551
1374696000 5592 31170 9609 79082
1374688800 255207 81243 5025781 468612
1374681600 230967 49370 3599774 424487
1374674400 4198 18951 8537 27903
1374667200 3485 16790 7933 25058
1374660000 3612 17434 7933 25058
1374652800 3846 17313 6613 21186
1374645600 5343 11753 12240 19902
1374638400 3567 9835 12174 40587
1374631200 2320 4530 5614 8254
1374624000 548472 47760 8366034 344351
1374616800 4287 16198 9843 80968
1374609600 4626 28317 1018177 386921
1374602400 8400260 2993086 9490941 3790315
1374595200 1267967 940477 9476345 4238234
1374588000 2666 9715 8021 44890
1374580800 2303 6156 6887 13294
1374573600 1885 5465 7132 12355
1374566400 2499 6505 7132 12355
1374559200 2568 6453 7204 14190
1374552000 2134 6460 5219 18526
1374544800 2770 13290 5855 17873
1374537600 3811 21149 11879 173660
1374530400 2333983 118314 11685834 797068
1374523200 1790313 1158301 5250932 7817364
1374516000 2987 38873 7199 182458
1374508800 3864 34543 12480 122648
1374501600 7977 36368 14977 116268
1374494400 6832 28218 10666 38194
1374487200 9709 40119 13261 47157
1374480000 9654 41091 14704 49470
1374472800 10794 45191 14704 49470
1374465600 10759 44546 14830 52288
1374458400 10555 44934 13691 51402
1374451200 10929 46570 15759 54661
1374444000 5487 21971 13122 48065
1374436800 8417 35175 13862 46844
1374429600 8807 35216 13155 48396
1374422400 4021 14156 8975 21749
1374415200 3862 13865 9122 21610
1374408000 3640 13685 6953 17798
1374400800 4187 14856 9227 21931
1374393600 4036 14880 7119 19118
1374386400 3781 14291 9074 22255
1374379200 4158 14853 6830 18520
1374372000 3958 15197 8883 22543
1374364800 3755 15314 6943 25863
1374357600 4110 15385 8057 21047
1374350400 3962 15143 7833 20911
1374343200 3718 14805 6939 19229
1374336000 4294 16054 7380 20574
1374328800 4095 15793 7855 21333
1374321600 3880 15587 7043 19939
1374314400 4269 15963 8237 21925
1374307200 4305 16270 7090 19667
1374300000 3735 15318 9398 23325
1374292800 4324 16301 7137 21753
1374285600 4114 20303 9374 60380
1374278400 2708 15462 7299 60380
1374271200 3953 39052 7785 128653
1374264000 3484 33321 7769 64184
1374256800 4016 54146 10152 347419
1374249600 4127 73503 22496 1344668
1374242400 1972 7326 6945 22343
1374235200 2221 7194 6981 13904
1374228000 2029 6776 6977 13691
1374220800 1804 6395 4985 10086
1374213600 2372 7217 6677 13574
1374206400 2226 6987 5212 10653
1374199200 1684 6518 7096 14069
1374192000 2748 11625 6317 73719
1374184800 3925 32677 16172 276609
1374177600 4178 31230 6777 82803
1374170400 34899 312308 556461 5921770
1374163200 3569 31225 6580 137250
1374156000 2763 10208 5384 63461
1374148800 2240 5316 5898 10919
1374141600 2484 5330 5993 14611
1374134400 2279 4651 5865 8676
1374127200 2357 4788 6110 10625
1374120000 2605 5130 5689 10020
1374112800 2675 20416 13464 366816
1374105600 2184 6463 6081 18076
1374098400 1940 9477 5253 44095
1374091200 2182 9968 9186 46451
1374084000 1648 5050 4400 9965
1374076800 1685 5044 5340 17665
1374069600 1799 3771 6478 10003
1374062400 1599 3378 6641 11208
1374055200 1413 3220 4548 7125
1374048000 2318 5426 7431 33475
1374040800 2206 4084 5119 7805
1374033600 1959 3680 7627 12469
1374026400 2229586 2161946 3871616 3871535
1374019200 3467231 3268177 3853799 3874146
1374012000 3004867 2582545 3876081 4382798
1374004800 2612899 2116192 4084048 4578342
1373997600 2865918 2755693 3844184 4194451
1373990400 995360 140560 6300537 1928053
1373983200 1883 4042 4941 11145
1373976000 2069 3582 7294 11225
1373968800 2219 3921 4929 7892
1373961600 1780 3109 6962 10713
1373954400 2143 3660 5053 7643
1373947200 2276 3797 6539 9946
1373940000 1840 3477 4988 6999
1373932800 2778 9981 7205 117081
1373925600 3440 38869 6850 117081
1373918400 358293 247603 4176353 3899670
1373911200 1944579 1440034 4952963 3942442
1373904000 2074280 116853 12163555 651901
1373896800 2889 15625 5904 181220
1373889600 2152 6663 6356 13358
1373882400 2430 7424 7662 15250
1373875200 2594 7237 7498 15051
1373868000 5282 12267 11186 52405
1373860800 2337 6991 5651 11366
1373853600 2579 7392 5326 11144
1373846400 2583 7476 5347 11079
1373839200 2168 6750 5315 11028
1373832000 2440 7128 5552 11323
1373824800 2604 7462 5774 11457
1373817600 2207 6828 7465 14025
1373810400 2411 7108 7663 14145
1373803200 2558 7432 7259 13597
1373796000 2554 7376 5622 11162
1373788800 2193 6893 5344 10879
1373781600 2560 7233 5277 10894
1373774400 2580 7226 7670 15189
1373767200 2316 6921 5526 11073
1373760000 2490 7254 7282 15868
1373752800 2592 7231 5337 11964
1373745600 2238 6979 7061 14251
1373738400 2464 7290 5329 11010
1373731200 3121 7279 10708 14352
1373724000 1954 5162 5113 9104
1373716800 2113 5606 6248 12208
1373709600 2245 5642 5021 9272
1373702400 1961 5323 7329 12426
1373695200 2180 5542 5240 9387
1373688000 2298 6407 6072 11827
1373680800 1939 5825 7409 18791
1373673600 33184 22937 734752 202663
1373666400 5232 44835 11328 108157
1373659200 3136 27754 8863 85819
1373652000 3097 18868 9851 156132
1373644800 3211 8294 8789 32224
1373637600 1989 4588 5013 38721
1373630400 2041 3298 6299 9136
1373623200 1926 2892 7103 10522
1373616000 3573 11281 14765 116920
1373608800 2724 3867 10748 9376
1373601600 1943 3013 5963 8916
1373594400 1727 2804 4779 6262
1373587200 2431 11601 5943 85822
1373580000 4113 9230 54179 59872
1373572800 2492 8529 5243 12439
1373565600 4670 11519 51988 61328
1373558400 2739 10277 6246 31030
1373551200 2720 8222 7402 14764
1373544000 2393 7376 7453 14762
1373536800 2777 8041 5585 11715
1373529600 2751 16965 6557 222777
1373522400 2557 7510 5634 11552
1373515200 2992 8364 7147 17776
1373508000 3125 22955 10216 366368
1373500800 2993 10336 6883 23029
1373493600 4189 26529 8338 187455
1373486400 3697 28381 9525 187073
1373479200 5492 90519 40052 1627703
1373472000 4066 47498 9708 306072
1373464800 2832 4942 5668 16784
1373457600 2095 3517 5266 7452
1373450400 2374 3680 5370 6949
1373443200 2383 3878 5408 10265
1373436000 2616 18791 6603 328938
1373428800 2938 21101 8190 294175
1373421600 2251 3573 5395 7530
1373414400 9082 91673 96039 1598159
1373407200 3965 28367 9457 82628
1373400000 3020 21908 7542 106592
1373392800 2702 12941 6100 51741
1373385600 4813 13864 58637 69760
1373378400 2170 5122 5025 10619
1373371200 2065 5238 5101 9746
1373364000 2120 5223 5130 9707
1373356800 2369 5396 5119 8334
1373349600 1963 4973 5097 9697
1373342400 2244 5253 5179 8338
1373335200 2199 5392 5106 9160
1373328000 4296 20362 9265 71931
1373320800 3895 15608 10780 81733
1373313600 4007 39331 15871 280978
1373306400 3083 10426 6050 50799
1373299200 3383 15686 6752 90191
1373292000 2603 7150 5249 17478
1373284800 2050 5672 5253 9507
1373277600 2377 6248 5308 9655
1373270400 2517 6082 6138 10188
1373263200 2329 6251 5662 10133
1373256000 3555 6743 21472 14143
1373248800 2235 6000 5718 10017
1373241600 2617 6561 4936 10258
1373234400 2483 6934 7242 15495
1373227200 2532 6444 7242 13352
1373220000 2701 6725 5600 10415
1373212800 2222 6047 5603 10051
1373205600 2705 6659 5594 10038
1373198400 2299 6124 5388 9877
1373191200 2554 6585 4728 9877
1373184000 2719 6758 6290 12028
1373176800 2887 6886 9490 12664
1373169600 2704 6682 7803 14275
1373162400 2271 6102 6920 12643
1373155200 2643 11072 7346 120462
1373148000 2540 6846 5710 10548
1373140800 2302 6266 5710 10201
1373133600 2752 6869 5681 10818
1373126400 2419 7909 5665 40604
1373119200 2570 6748 4809 12957
1373112000 2536 6560 5851 11908
1373104800 2353 6639 7212 14474
1373097600 2741 6839 7785 14433
1373090400 2309 6547 6635 14694
1373083200 2559 6608 5583 10841
1373076000 2418 6649 5594 10769
1373068800 2440 6437 5553 10603
1373061600 2747 6991 5629 10816
1373054400 2238 6261 5398 9865
1373047200 2672 6970 5335 13871
1373040000 2292 6271 7755 13798
1373032800 2592 6771 7755 13798
1373025600 2721 6774 6592 12443
1373018400 2153 6316 5592 10121
1373011200 2777 6985 5617 10077
1373004000 2323 6596 5597 11156
1372996800 2679 6852 6022 10906
1372989600 2720 7674 5517 14544
1372982400 2275 6917 4815 10759
1372975200 2785 7616 6505 12361
1372968000 2381 6985 7449 14521
1372960800 2663 7368 7861 14149
1372953600 2625 7722 6772 13670
1372946400 2375 6970 5724 11822
1372939200 2783 7690 5709 13072
1372932000 2380 6967 5691 11194
1372924800 3394 7961 12613 11788
1372917600 2613 6922 5680 10557
1372910400 2410 6511 5680 10557
1372903200 3131 21893 10108 365957
1372896000 2940 7167 8773 13805
1372888800 2754 7077 6724 13483
1372881600 3294 11203 7653 23494
1372874400 2879 8774 6311 14027
1372867200 4202 35112 9713 138498
1372860000 2934 20903 7368 44733
1372852800 2726 9760 7368 21996
1372845600 2824 7304 7680 14599
1372838400 2435 6999 7889 15299
1372831200 2961 7754 5761 11578
1372824000 3028 7947 6651 13146
1372816800 2132 4406 6619 10723
1372809600 2406 5192 5228 9434
1372802400 2971 6462 15848 13598
1372795200 7967 8820 53455 23649
1372788000 3313 11061 11227 52521
1372780800 6692 22635 44203 107857
1372773600 5291 7118 15713 24882
1372766400 1585 3777 4969 7486
1372759200 1988 4239 6979 11781
1372752000 2069 4430 7150 11743
1372744800 1671 3719 4975 7329
1372737600 2120 4616 7112 11810
1372730400 1977 4411 5016 8232
1372723200 2006 8944 4464 43997
1372716000 4689 38583 11735 223163
1372708800 4129 27524 8590 77990
1372701600 3664 26581 8523 167003
1372694400 443244 360143 3661556 1965661
1372687200 122312 15379 1443485 86218
1372680000 2296 5463 5218 10375
1372672800 1875 4855 6136 11367
1372665600 2146 5357 5515 9387
1372658400 3911 6078 15117 10830
1372651200 2005 4879 6380 13080
1372644000 2089 5158 5184 9811
1372636800 2225 5465 7046 12616
1372629600 1801 5130 4418 10666
1372622400 2081 5377 6959 11905
1372615200 2226 5956 6203 11385
1372608000 1817 5380 5106 11302
1372600800 2092 5321 5376 10861
1372593600 2220 5780 6291 11530
1372586400 1789 5168 5092 9396
1372579200 2095 5429 7219 13523
1372572000 2240 5970 5145 9955
1372564800 1818 5082 7329 11758
1372557600 2098 5658 5128 9258
1372550400 2212 5608 6790 14194
1372543200 1810 5600 5813 11514
1372536000 2125 5739 5813 11514
1372528800 2251 5913 5779 12811
1372521600 1848 5376 6525 10648
1372514400 2065 5381 6525 10648
1372507200 2224 5561 7333 13731
1372500000 1955 5760 5116 11839
1372492800 1961 5916 7081 12631
1372485600 2243 5935 5173 11870
1372478400 2129 13585 5693 40422
1372471200 2426 30653 6874 38577
1372464000 809618 51784 4025936 146030
1372456800 3458 46327 7299 96075
1372449600 5922 40389 18833 112352
1372442400 2526 14242 6315 26173
1372435200 3305 18798 8013 65171
1372428000 2432 10474 5050 56374
1372420800 2004 4705 4897 8398
1372413600 2154 5405 5030 8381
1372406400 1736 6058 4985 33122
1372399200 2094 5180 5163 9167
1372392000 2931 34406 11828 50277
1372384800 4050 40093 15107 47250
1372377600 3470 27298 5951 45527
1372370400 605715 619935 669491 676929
1372363200 435408 440641 865588 890898
1372356000 96930 117661 266695 328013
1372348800 605070 853958 913337 5882392
1372341600 844800 858146 886449 948063
1372334400 853488 864569 880578 909564
1372327200 854960 864466 886403 896995
1372320000 856178 864536 911934 920475
1372312800 853321 863050 894734 910566
1372305600 851965 862925 903211 915753
1372298400 860688 885972 889837 1217089
1372291200 915397 811684 1795974 911861
1372284000 506014 35086 5854471 254269
1372276800 3647 15589 6379 33153
1372269600 3051 8211 5871 18722
1372262400 9595 20451 148359 158610
1372255200 5578 12398 18932 28421
1372248000 2447 6041 5595 10916
1372240800 2612 6620 6067 10401
1372233600 2792 6659 5621 10118
1372226400 2439 7264 6153 12818
1372219200 2888 7376 6080 12573
1372204800 3485 12350 22426 96675
1372118400 17750 13228 3823909 252607
1372032000 4947 11170 15311 31428
1371945600 2787 7031 19653 168235
1371859200 4556 8000 21969 178809
1371772800 4183 32028 138937 5637342
1371686400 2513 18760 28109 284826
1371600000 3633 15347 149983 224627
1371513600 3097 9299 13213 106960
1371427200 2612 6497 6554 41115
1371340800 3468 22982 8887 129972
1371254400 31891 37738 2080032 5591952
1371168000 3743 10035 29144 366759
1371081600 2175 8482 7183 158996
1370995200 2666 7687 20314 175829
1370908800 3080 12019 12374 221798
1370822400 2437 3761 12651 10315
1370736000 2140 3049 5464 12197
1370649600 3164 24987 83052 3623843
1370563200 4592 11729 238728 241572
1370476800 3684 31734 154190 6632800
1370390400 3092 9252 27601 217340
1370304000 5131 44066 53721 3266516
1370217600 5659 25687 11022 44388
1370131200 5912 27642 10505 44603
1370044800 3228 17334 11196 248318
1369958400 3097 19139 21888 375928
1369872000 3602 17098 106960 148870
1369785600 22944 81959 2523735 4746019
1369699200 2728 8758 8056 16644
1369612800 2685 8522 7921 16096
1369526400 2752 9052 7917 52280
1369440000 1938 5286 8152 45249
1369353600 2176 6317 16089 292171
1369267200 3288 14878 24018 846869
1369180800 2402 6808 13244 211521
1369094400 2695 6806 21621 195888
1369008000 2149 3094 7459 11200
1368921600 2136 3090 7438 10975
1368835200 2720 4293 46616 54196
1368748800 2099 5539 19874 285574
1368662400 2839 8924 14388 350943
1368576000 2384 6624 12308 207161
1368489600 3125 11581 16381 331733
1368403200 2283 3289 7721 11175
1368316800 2301 3351 7788 11099
1368230400 4062 9676 379744 381651
1368144000 3702 10113 13243 182787
1368057600 3714 13368 19693 282705
1367971200 3556 54051 78139 3667982
1367884800 2616 13495 25222 857803
1367798400 2396 3960 24060 209103
1367712000 2381 4616 28690 195267
1367625600 2407 7987 9094 208887
1367539200 3253 28097 64522 4182179
1367452800 3955 8054 21811 92969
1367366400 3886 5550 37883 251458
1367280000 5106 5555 22479 17898
1367193600 19593 5632 3788898 116756
1367107200 5002 5451 10339 50262
1367020800 5107 12664 27784 188533
1366934400 5629 69279 109210 5996648
1366848000 68802 21376 4654674 476407
1366761600 89386 16203 3827403 465248
1366675200 20635 32449 3818670 3039552
1366588800 7077 6877 12361 15236
1366502400 7034 6860 12223 15600
1366416000 5628 9831 17271 218024
1366329600 7028 17666 13788 369645
1366243200 4386 9507 10576 90524
1366156800 3715 8093 56301 208445
1366070400 6719 16211 32461 241065
1365984000 6202 8525 11518 16476
1365897600 6229 9402 11437 39134
1365811200 7305 15933 19527 375181
1365724800 5199 11314 17282 279309
1365638400 10931 12035 636598 152299
1365552000 11945 4981 660314 65163
1365465600 17703 17943 607824 643348
1365379200 1864 2771 7161 12265
1365292800 2080 2830 29079 10742
1365206400 2892 11134 43196 228123
1365120000 23069 18887 648190 250557
1365033600 4828 15115 11746 120297
1364947200 5536 10439 13575 59103
1364860800 5091 15710 10068 103458
1364774400 4974 5411 10260 16253
1364688000 5102 5907 10713 48610
1364601600 30268 13698 1045750 339947
1364515200 25063 23385 704095 314099
1364428800 5909 26841 70002 1508059
1364342400 5235 8135 21416 67159
1364256000 5142 8611 16723 201111
1364169600 3949 4223 13230 13083
1364083200 3861 4169 12745 11895
1363996800 5145 7645 44134 33846
1363910400 10515 9946 1157697 261653
1363824000 4489 10632 13626 178165
1363737600 5839 12990 123171 345495
1363651200 5811 11493 20454 200329
1363564800 4592 4437 9336 9722
1363478400 4605 4435 9348 9725
1363392000 3022 5703 9699 215421
1363305600 4893 9349 31481 254171
1363219200 5205 8862 10736 204033
1363132800 4872 12388 14207 323559
1363046400 5957 11312 150178 257500
1362960000 6203 5843 10917 108046
1362873600 6236 6273 11240 30393
1362787200 4812 10353 16838 50311
1362700800 6180 10295 15017 295852
1362614400 5635 24178 140831 2493113
1362528000 6695 8223 39648 47716
1362441600 10625 83198 948814 6248832
1362355200 1513 1966 4679 5861
1362268800 3506 3561 12842 23179
1362182400 7984 9274 19041 215243
1362096000 6632 8474 12833 289913
1362009600 7737 43750 182304 8303662
1361923200 9829 13398 30555 244844
1361836800 7506 11027 18716 194623
1361750400 5634 5809 9144 108123
1361664000 5677 5606 11312 35590
1361577600 9797 11326 20562 173126
1361491200 6521 8657 19791 283743
1361404800 5950 43183 186826 9994674
1361318400 4269 57639 116756 5048401
1361232000 1013 1344 4191 5376
1361145600 1021 1333 6025 5836
1361059200 1025 1383 4478 6480
1360972800 2648 8209 25364 671738
1360886400 4651 6938 13547 363126
1360800000 3860 6447 24373 157714
1360713600 3141 7327 17601 43501
1360627200 3223 5696 19510 169432
1360540800 1073 2233 4347 6640
1360454400 2346 2961 6427 8656
1360368000 4428 7255 14622 83196
1360281600 5519 27371 86751 5037919
1360195200 6005 24549 50130 2975591
1360108800 4581 6502 11247 168618
1360022400 3150 6332 11912 174206
1359936000 1131 2430 4440 18295
1359849600 1228 2636 4803 22474
1359763200 3739 37766 93746 5477347
1359676800 3284 20060 13604 414216
1359590400 4222 23918 118839 4902417
1359504000 4122 17498 11226 73142
1359417600 3369 11936 79448 209446
1359331200 1941 2926 5546 8086
1359244800 1967 2967 5254 7292
1359158400 3451 8239 15930 199237
1359072000 3016 13977 13617 189199
1358985600 2982 10769 11929 191564
1358899200 6201 19477 548242 212392
1358812800 3504 3707 6893 7552
1358726400 3535 3684 6969 7952
1358640000 3172 3408 7129 15873
1358553600 5087 8076 12312 60375
1358467200 6203 6626 13620 62432
1358380800 5497 9196 17753 52297
1358294400 4942 10102 11988 68274
1358208000 3671 7739 25537 142664
1358121600 4572 5635 7941 24061
1358035200 4758 14423 8591 52723
1357948800 5744 15017 14888 96977
1357862400 5773 16018 78985 235974
1357776000 4114 9193 14433 174265
1357689600 3396 9689 32943 1275672
1357603200 2752 10028 10107 79610
1357516800 1684 3571 4923 7328
1357430400 1677 3579 4981 7724
1357344000 3391 8640 8044 55688
1357257600 2851 11801 13319 371265
1357171200 3166 5028 10704 29328
1357084800 1801 3922 6463 16039
1356998400 3127 9531 13693 166901
1356912000 1683 3916 6353 16100
1356825600 1695 3897 6305 16081
1356739200 3400 10299 14628 180439
1356652800 4353 9439 12789 62261
1356566400 2418 23671 13039 564608
1356480000 1698 2728 7080 10606
1356393600 1932 3057 7101 12506
1356307200 1879 2912 7145 13179
1356220800 1900 3065 7145 17049
1356134400 4321 20054 60393 291649
1356048000 2448 11066 12735 370204
1355961600 2374 10310 7554 215627
1355875200 2947 6452 9049 38958
1355788800 3025 21716 9585 273337
1355702400 2185 3000 5743 7021
1355616000 2205 3043 7105 13322
1355529600 1704 7439 19592 135746
1355443200 7440 30860 693438 750126
1355356800 6773 42020 700953 826079
1355270400 1746 15950 8419 235557
1355184000 1794 9543 14241 222775
1355097600 1088 1565 4680 5733
1355011200 1087 1577 5017 5705
1354924800 2064 8197 7537 66068
1354838400 2202 5742 39981 291687
1354752000 1836 15344 8751 114435
1354665600 3060 18368 291902 3755934
1354579200 2046 7942 8779 213012
1354492800 1544 2960 6532 40206
1354406400 1327 2128 4475 10454
1354320000 1870 7270 15642 157751
1354233600 2589 10728 202742 375849
1354147200 1673 5514 16353 377695
1354060800 1812 12917 25945 1014283
1353974400 1864 9224 13830 221553
1353888000 1322 2456 4377 7047
1353801600 1313 2468 4445 8346
1353715200 1321 2495 4659 6914
1353628800 1318 2478 4331 6980
1353542400 1786 5781 96765 119364
1353456000 1586 4762 13670 224482
1353369600 1964 21443 26851 203035
1353283200 1050 1692 4065 6107
1353196800 1069 1751 4134 6118
1353110400 1663 18981 8052 110139
1353024000 2754 21053 14846 249336
1352937600 2437 38420 15303 645598
1352851200 2738 19155 15962 218165
1352764800 1534 7302 40418 186735
1352678400 336 966 3654 12755
1352592000 331 1006 3313 12884
1352505600 2161 8676 41147 195016
1352419200 2153 5210 16101 106153
1352332800 1719 9446 14765 72159
1352246400 1597 8936 15292 202890
1352160000 1525 2667 34426 11293
1352073600 1071 1641 7864 9344
1351987200 993 1562 4087 6023
1351900800 1261 5404 15028 168281
1351814400 1288 2486 8172 35255
1351728000 1409 13404 16019 276586
1351641600 0 254 1 490
1351555200 0 293 1 470
1351468800 0 322 1 378
1351382400 0 330 1043 2689
1351296000 2681 14686 85422 874237
1351209600 2114 7168 33806 62157
1351123200 3533 8669 142966 88187
1351036800 2748 34554 16390 1072501
1350950400 3064 15425 30044 161661
1350864000 2737 11750 5745 109853
1350777600 2795 11486 6886 24390
1350691200 2411 9287 23994 50625
1350604800 1914 10259 10780 172846
1350518400 1478 4512 13435 100690
1350432000 1163 5756 5724 210619
1350345600 2325 15497 79214 173118
1350259200 869 1653 4104 9521
1350172800 886 1797 3890 7003
1350086400 1547 9518 43390 662684
1350000000 1286 7725 18740 757174
1349913600 1309 6721 10191 172219
1349827200 596 1792 4267 10847
1349740800 863 3830 12820 219157
1349654400 672 2337 3617 6828
1349568000 650 2320 3633 7059
1349481600 1487 9470 17483 817123
1349395200 1510 6932 12817 517544
1349308800 1904 8596 25372 412775
1349222400 1529 9654 7433 419505
1349136000 2175 8983 119968 184252
1349049600 1173 2697 7620 7179
1348963200 1113 2588 4100 7100
1348876800 1944 16577 43554 2569607
1348790400 2189 14751 11188 610651
1348704000 1584 9178 6680 85877
1348617600 1847 10291 11957 175197
1348531200 1750 10068 33963 1502964
1348444800 933 1610 4239 5843
1348358400 948 2163 4931 99868
1348272000 1473 5569 15012 221231
1348185600 1424 8724 7428 140997
1348099200 1675 4805 11011 175360
1348012800 2091 3943 14765 44666
1347926400 2148 6319 8832 172406
1347840000 1466 2603 4452 10209
1347753600 1469 2579 4439 6812
1347667200 907 3504 13374 173416
1347580800 1111 4323 12711 215836
1347494400 1338 9450 16294 647346
1347408000 1270 3886 11367 72742
1347321600 1774 4981 11882 178074
1347235200 1607 2423 4661 100459
1347148800 1632 2531 4625 6950
1347062400 2075 11519 37221 750941
1346976000 1851 4993 16390 237289
1346889600 1585 5473 21994 171092
1346803200 1027 3315 6081 33279
1346716800 689 1648 3648 5897
1346630400 644 1549 3643 7232
1346544000 650 1570 3606 6984
1346457600 1331 5296 7480 51973
1346371200 1468 2771 16270 19067
1346284800 1118 8078 7221 470701
1346198400 1337 13186 28992 2328081
1346112000 986 4868 11996 179717
1346025600 524 1662 3483 5941
1345939200 515 1697 3532 11433
1345852800 958 3031 6853 63470
1345766400 1066 5991 11971 217341
1345680000 1045 8374 31434 1424493
1345593600 998 4973 12134 102840
1345507200 762 4021 9333 105986
1345420800 240 992 852 5687
1345334400 242 1034 1244 6377
1345248000 1063 6101 19838 153191
1345161600 1536 8487 16253 287402
1345075200 1678 18563 27873 1084274
1344988800 1522 10016 10136 200228
1344902400 1424 6861 12499 173998
1344816000 754 1204 1248 3607
1344729600 755 1213 1154 3364
1344643200 1331 7248 5508 58546
1344556800 1538 12092 17165 646198
1344470400 1367 11038 16937 744571
1344384000 1204 6136 7027 148451
1344297600 1456 29723 13060 358733
1344211200 759 1519 1157 3231
1344124800 756 1530 1180 2578
1344038400 1573 8030 12787 218824
1343952000 1267 11900 15248 699015
1343865600 1680 12426 16588 177005
1343779200 1073 4602 7053 112886
1343692800 1434 9279 10255 161438
1343606400 468 804 1109 7427
1343520000 580 1042 1531 5217
1343433600 1472 6812 13415 233580
1343347200 1372 7771 7181 126783
1343260800 1463 6273 8955 84092
1343174400 1249 5784 6503 111030
1343088000 1289 8263 8916 171576
1343001600 657 1581 1056 4856
1342915200 675 1621 1140 3976
1342828800 1158 4345 12231 93878
1342742400 1213 6148 11035 184722
1342656000 1090 4678 6014 44438
1342569600 1177 5375 16994 98893
1342483200 1058 7792 12017 246631
1342396800 313 751 3647 5383
1342310400 342 910 4666 34079
1342224000 974 5651 8338 67986
1342137600 992 5980 13871 97973
1342051200 1208 8159 26371 179585
1341964800 982 5142 10456 35387
1341878400 1181 6059 9662 184168
1341792000 742 1326 3727 5744
1341705600 767 1635 3872 6421
1341619200 1146 4322 7806 92441
1341532800 5754 9878 1306884 1186443
1341446400 517 1093 3517 5653
1341360000 775 10914 9292 418585
1341273600 1089 11134 15702 842611
1341187200 430 895 3475 5434
1341100800 568 1115 14195 15621
1341014400 1366 2802 32730 43694
1340928000 1497 5682 11663 175955
1340841600 1339 4540 16738 341311
1340755200 1733 4874 38145 171292
1340668800 1471 5512 11353 177650
1340582400 914 1589 16008 28911
1340496000 863 1566 4262 7406
1340409600 2088 8664 42860 408923
1340323200 1838 12477 28334 794078
1340236800 1637 15842 18766 979496
1340150400 2363 25524 14719 351927
1340064000 3547 23633 29477 817159
1339977600 882 1757 3875 13250
1339891200 886 1753 3899 7583
1339804800 2070 5998 8340 75055
1339718400 2253 13081 157269 312648
1339632000 1087 4410 6314 81710
1339545600 1160 4972 7925 174790
1339459200 15351 18263 2647014 972060
1339372800 335 1170 3290 7404
1339286400 339 1182 3316 5509
1339200000 808 3173 6137 57367
1339113600 609 4357 5110 93978
1339027200 737 3207 31590 48793
1338940800 820 5391 4813 52529
1338854400 733 5333 7348 168820
1338768000 469 1427 3419 5676
1338681600 461 1429 3431 5957
1338595200 700 2920 4866 18628
1338508800 3605 8395 430303 434849
1338422400 1175 5051 16597 171304
1338336000 1139 12321 5574 342829
1338249600 713 1611 3828 10639
1338163200 718 1567 3874 5873
1338076800 700 1551 3748 5926
1337990400 841 1911 5712 8343
1337904000 960 5094 8600 169621
1337817600 988 3637 31829 36309
1337731200 468 1848 4149 32017
1337644800 924 3779 26180 168528
1337558400 594 1078 2138 2531
1337472000 591 1077 2253 3701
1337385600 861 2773 12738 169566
1337299200 1204 2825 19903 35063
1337212800 913 3423 3602 31451
1337126400 996 2220 12937 15140
1337040000 887 5493 19096 218342
1336953600 652 1304 2009 4074
1336867200 689 2268 2247 5262
1336780800 1169 5770 17756 246829
1336694400 1427 3125 16891 73597
1336608000 1123 14423 11873 531231
1336521600 1150 5970 13138 205564
1336435200 1603 15315 39222 536926
1336348800 977 1432 5862 6957
1336262400 853 1511 3719 5796
1336176000 1145 4076 7781 69070
1336089600 1623 6663 8013 174918
1336003200 1657 6708 7900 48947
1335916800 1656 6344 36417 94256
1335830400 1346 4344 15765 46134
1335744000 1480 1967 24564 19706
1335657600 1030 1896 5044 18262
1335571200 1416 3490 14048 203548
1335484800 1567 7946 21168 793589
1335398400 1499 3916 5523 68797
1335312000 1438 3178 20615 36612
1335225600 994 2032 5190 21076
1335139200 802 1332 3834 5466
1335052800 792 1313 5088 6978
1334966400 991 2087 6766 15142
1334880000 1298 4025 6157 68659
1334793600 1202 4504 6323 190350
1334707200 1065 2924 15297 219920
1334620800 1102 2011 14431 35784
1334534400 816 1303 3714 5546
1334448000 818 1331 4325 6161
1334361600 992 2284 5655 31388
1334275200 1590 5297 18801 256510
1334188800 1424 3851 8906 77418
1334102400 1663 3846 10008 93399
1334016000 1852 3835 19894 86311
1333929600 1195 2106 5426 7645
1333843200 1220 2097 7024 6793
1333756800 1345 4619 4525 370485
1333670400 1495 3796 15560 84186
1333584000 2840 2806 35805 14244
1333497600 1412 3161 8660 48430
1333411200 1454 2859 10173 40285
1333324800 1522 2336 10687 9906
1333238400 1396 2659 5823 53979
1333152000 1454 2972 5458 49046
1333065600 2655 4194 27533 167200
1332979200 1489 3662 5474 28032
1332892800 2812 4253 323011 325174
1332806400 2503 5115 134862 142584
1332720000 1125 1885 5392 7587
1332633600 1130 1925 5457 7884
1332547200 1426 2784 13583 85707
1332460800 1539 7639 8556 175736
1332374400 1229 5919 9645 360861
1332288000 2735 9237 305692 1080305
1332201600 804 2886 8004 52874
1332115200 385 1221 780 5051
1332028800 405 1483 1159 63026
1331942400 646 1986 9165 10715
1331856000 690 3646 6875 93146
1331769600 971 3632 5239 88707
1331683200 792 3788 8159 166570
1331596800 576 2289 7769 166157
1331510400 183 882 600 1765
1331424000 183 911 665 4827
1331337600 1124 2149 46180 21126
1331251200 776 3828 10522 88873
1331164800 983 9273 48676 1384295
1331078400 751 6149 16516 377303
1330992000 526 3118 2766 9257
1330905600 290 2344 715 5480
1330819200 281 2334 765 5526
1330732800 450 1971 3531 23705
1330646400 621 2380 3247 12660
1330560000 742 3999 5691 74190
1330473600 613 2593 5108 41385
1330387200 481 2229 3431 86643
1330300800 354 860 3370 2368
1330214400 414 1070 13899 29958
1330128000 2014 10981 20624 235570
1330041600 1252 39159 9235 3841379
1329955200 3256 25084 26086 497840
1329868800 2465 17057 33014 437055
1329782400 658 1324 1014 14623
1329696000 654 1210 1006 2618
1329609600 673 1271 2527 7228
1329523200 917 2221 2527 55251
1329436800 4332 35332 42500 498914
1329350400 790 3449 6652 96091
1329264000 4639 38647 88697 955091
1329177600 687 3077 2369 25425
1329091200 415 2255 765 3045
1329004800 428 2287 1441 4640
1328918400 3778 25282 44555 394945
1328832000 1026 6584 8050 38608
1328745600 4401 27719 49161 454417
1328659200 1324 9772 21101 603426
1328572800 4164 31808 44460 380272
1328486400 405 2957 778 4651
1328400000 438 3110 2419 12347
1328313600 4412 23803 116071 326131
1328227200 3998 24509 34410 341508
1328140800 4032 24976 44665 350412
1328054400 607 3967 13914 220543
1327968000 392 2524 7719 168157
1327881600 87 1022 485 3672
1327795200 140 1175 11250 12993
1327708800 2789 27342 42681 975031
1327622400 5622 29684 69038 377853
1327536000 4762 23954 53838 252689
1327449600 4210 20018 88408 261262
1327363200 4659 25693 46173 383335
1327276800 453 3169 832 4372
1327190400 461 3193 815 4999
1327104000 1067 9344 19951 499279
1327017600 6373 35284 360515 1243606
1326931200 1033 10581 14362 582289
1326844800 4159 50957 71361 2657646
1326758400 18 2790 396 27701
1326672000 17 2689 381 3199
1326585600 46 2739 552 3681
1326499200 1946 13249 49991 463161
1326412800 5301 28048 49227 357655
1326326400 4212 25947 64791 395536
1326240000 448 6869 10759 487315
1326153600 20 2911 402 8553
1326067200 18 2685 384 3940
1325980800 17 2707 420 3654
1325894400 18 2886 392 8868
1325808000 18 2866 375 8154
1325721600 20 2820 385 6304
1325635200 19 2749 382 6776
1325548800 17 2614 380 4335
1325462400 17 2611 386 4253
1325376000 17 2608 387 3118
1325289600 18 2681 403 7121
1325203200 17 2783 400 9873
1325116800 19 2821 386 7899
1325030400 19 2754 392 6939
1324944000 16 2684 378 8290
1324857600 16 2652 378 3116
1324771200 17 2661 381 3757
1324684800 17 2706 387 9945
1324598400 17 2823 387 13201
1324512000 133 2884 694 9714
1324425600 342 3214 706 12655
1324339200 347 3303 700 12597
1324252800 344 3092 701 3764
1324166400 345 3119 714 4414
1324080000 364 3447 715 7612
1323993600 1049 6423 47818 336421
1323907200 1131 6998 91269 137422
1323820800 490 5085 9325 35476
1323734400 465 5434 4372 53884
1323648000 183 3153 567 3911
1323561600 637 4293 43411 217940
1323475200 866 4599 10298 49757
1323388800 711 5116 3461 25832
1323302400 1091 5205 31516 63809
1323216000 799 5762 15179 25001
1323129600 741 6047 2729 43126
1323043200 426 3165 912 4716
1322956800 855 4719 35201 74271
1322870400 439 3632 11137 23845
1322784000 1890 3931 42258 29602
1322697600 911 5200 28396 29632
1322611200 650 2643 5551 30276
1322524800 923 3937 13444 174895
1322438400 490 974 11121 1953
1322352000 374 914 722 2040
1322265600 373 939 744 7038
1322179200 375 956 743 9103
1322092800 575 1732 4184 19959
1322006400 1014 4219 11914 81053
1321920000 861 6247 13433 177323
1321833600 494 3359 3991 4922
1321747200 508 3501 4490 4351
1321660800 459 3895 1955 27775
1321574400 1140 8692 20894 95195
1321488000 695 4191 7208 22050
1321401600 660 4944 3323 23429
1321315200 498 4981 22044 34510
1321228800 378 3387 798 4215
1321142400 388 3511 900 9264
1321056000 891 4173 19311 29857
1320969600 1160 26023 25409 1089974
1320883200 768 7136 28273 186495
1320796800 679 13338 13451 1113561
1320710400 222 3636 963 6665
1320624000 351 3544 822 4347
1320537600 375 3586 782 4490
1320451200 549 5141 5769 33609
1320364800 460 6658 18822 596113
1320278400 335 5984 4006 93819
1320192000 367 5376 2318 26126
1320105600 497 4978 13318 53547
1320019200 178 3151 583 3906
1319932800 177 3146 613 4078
1319846400 430 5842 6044 171389
1319760000 394 5528 2487 44738
1319673600 907 6219 43828 43980
1319587200 967 6227 4551 94573
1319500800 968 5593 7184 78596
1319414400 789 3805 1448 4581
1319328000 825 3848 5694 5852
1319241600 910 6331 3671 44186
1319155200 889 4308 15014 25102
1319068800 2718 8185 115694 260782
1318982400 573 1833 3614 17036
1318896000 522 1485 7347 26962
1318809600 528 1230 10635 8564
1318723200 1034 8707 16777 1305447
1318636800 405 1939 7834 92726
1318550400 510 2219 6747 120786
1318464000 273 1930 3336 28213
1318377600 197 1696 947 70113
1318291200 163 1486 1014 25854
1318204800 88 1137 549 2198
1318118400 88 1158 501 3298
1318032000 269 2671 2496 88816
1317945600 218 1691 2660 39774
1317859200 278 1695 2161 24489
1317772800 290 1589 3234 16991
1317686400 388 2198 7812 127165
1317600000 66 700 466 2395
1317513600 66 701 479 2270
1317427200 2013 4640 354640 136800
1317340800 878 4140 5578 69526
1317254400 644 3341 3442 124482
1317168000 568 2365 2592 27417
1317081600 616 3915 6934 60235
1316995200 345 1080 699 2552
1316908800 347 1090 851 2433
1316822400 663 3049 2966 47109
1316736000 1706 1696 96384 30627
1316649600 597 2845 3193 61598
1316563200 623 1671 13265 18387
1316476800 521 1890 1840 21000
1316390400 350 1094 709 18739
1316304000 351 1040 1409 2773
1316217600 595 4001 4845 389338
1316131200 594 3216 4785 193229
1316044800 398 2793 4375 197996
1315958400 578 5424 3815 34219
1315872000 862 6747 24175 55533
1315785600 324 2727 648 3548
1315699200 322 2741 654 4188
1315612800 550 6080 2283 52075
1315526400 568 5054 2985 66461
1315440000 448 4592 2084 31916
1315353600 243 3330 2636 110000
1315267200 111 2548 441 22510
1315180800 110 2453 449 4317
1315094400 111 2526 677 18147
1315008000 568 7956 42448 554360
1314921600 742 2872 40224 48146
1314835200 634 2842 9589 34835
1314748800 645 3186 4415 78027
1314662400 383 2570 2741 62445
1314576000 0 174 0 266
1314489600 0 188 0 260
1314403200 296 4915 2451 38517
1314316800 719 19061 4124 136857
1314230400 898 20020 17000 148432
1314144000 518 10381 4541 132063
1314057600 534 7967 11282 152791
1313971200 152 4795 2354 15473
1313884800 130 4701 691 7843
1313798400 835 5651 52676 25284
1313712000 833 6094 6674 28489
1313625600 757 9288 4721 122335
1313539200 905 7332 25806 168062
1313452800 634 5698 3054 27588
1313366400 408 4796 899 5990
1313280000 408 4816 771 5772
1313193600 901 8473 25607 395045
1313107200 817 7793 26137 546557
1313020800 761 4918 4051 78347
1312934400 754 4111 5089 14997
1312848000 349 3827 2477 22261
1312761600 19 2827 693 4664
1312675200 74 3887 704 27309
1312588800 619 7033 9480 187293
1312502400 393 5360 2818 28673
1312416000 378 5512 2348 18556
1312329600 587 6185 35292 23595
1312243200 483 6456 5940 193651
1312156800 176 3089 618 5836
1312070400 180 3131 784 5992
1311984000 470 8771 7162 894807
1311897600 665 6050 25752 214433
1311811200 501 4292 5704 140769
1311724800 385 3227 11960 365622
1311638400 4050 6033 608339 425641
1311552000 0 536 0 626
1311465600 0 559 0 678
1311379200 658 10645 25705 1152644
1311292800 426 5114 15294 637232
1311206400 268 3807 5441 459792
1311120000 1364 9432 76602 746887
1311033600 1521 3706 20560 38947
1310947200 1183 2329 15558 6714
1310860800 1207 4723 16060 21471
1310774400 1948 29044 43942 1219607
1310688000 2245 18230 45207 449973
1310601600 2061 28400 12404 358969
1310515200 1098 3002 12421 111809
1310428800 1091 3053 5662 29197
1310342400 911 1589 13639 6451
1310256000 1074 1917 16002 11312
1310169600 1154 2576 8372 14643
1310083200 1225 2602 15877 16160
1309996800 1326 10931 6615 124642
1309910400 1387 10023 13668 119496
1309824000 832 1530 4029 6115
1309737600 881 1637 8504 11952
1309651200 1248 1685 72656 9879
1309564800 1490 5130 12442 94091
1309478400 520 2547 4510 164263
1309392000 1014 2610 6563 23576
1309305600 1220 3333 5439 100925
1309219200 1332 15144 40380 1881566
1309132800 862 1635 4668 6934
1309046400 849 1626 5764 8595
