1377805801 1524496085 845331642
1377805801 1704 12461 1704 12461
1377805502 1530 12564 1530 12564
1377805500 1529 12558 1530 12564
1377805200 1398 10775 1653 10848
1377804900 1652 10845 1653 10848
1377804600 1506 10402 1507 10403
1377804300 1369 10164 2283 13937
1377804000 2279 13922 2283 13937
1377803700 1366 9645 16439 27597
1377803400 16339 27491 16439 27597
1377803100 1601 11910 23242 36246
1377802800 23225 36188 23242 36246
1377802500 20652 27574 20716 27632
1377802200 1524 10365 1669 12126
1377801900 1667 12110 1669 12126
1377801600 1483 9871 1484 9954
1377801300 1477 9959 1821 11565
1377801000 5728 15546 587970 608821
1377800700 584134 604956 587970 608821
1377800400 12617 28957 12693 29090
1377800100 1311 9233 2387 18648
1377799800 2384 18623 2387 18648
1377799500 1493 11293 1494 11307
1377799200 1392 9251 2363 11542
1377798900 2359 11533 2363 11542
1377798600 1239 8998 1240 9000
1377798300 1194 8766 1195 8767
1377798000 1187 8670 1191 8706
1377797700 1193 8717 1535 10443
1377797400 1533 10431 1535 10443
1377797100 1332 8811 1702 12256
1377796800 1705 12451 2826 70871
1377796500 2819 70474 2826 70871
1377796200 1898 11425 2724 14473
1377795900 2716 14447 2724 14473
1377795600 1549 10655 1550 10661
1377795300 1370 9014 1838 10712
1377795000 1836 10710 1838 10712
1377794700 1649 10482 4142 11334
1377794400 4328 11860 32044 90382
1377794100 32134 90495 45667 107443
1377793800 45703 108214 56622 339028
1377793500 56280 336989 56622 339028
1377793200 5369 33351 5376 72151
1377792900 3361 71732 3374 72151
1377792600 1550 9775 18031 59460
1377792300 18138 59662 34092 89835
1377792000 34119 90030 38267 119164
1377791700 38238 119118 38267 119164
1377791400 29609 105140 29702 105450
1377791100 2115 12877 5934 36864
1377790800 5919 36773 5934 36864
1377790500 1517 9716 2728 15814
1377790200 2736 15851 3937 21380
1377789900 3940 21415 4997 32134
1377789600 4987 32011 4997 32134
1377789300 3578 13696 3587 15501
1377789000 2250 15510 2308 16963
1377788700 2306 16951 2308 16963
1377788400 1949 13488 1952 13492
1377788100 1659 13424 5038 85163
1377787800 5058 84701 8126 85163
1377787500 8090 15884 8126 15906
1377787200 2738 12637 3147 12848
1377786900 3132 12802 3147 12848
1377786600 961 6004 1749 10014
1377786300 1744 9991 1749 10014
1377786000 1095 6626 4127 9925
1377785700 4105 9898 4127 9925
1377785400 904 5921 1143 7481
1377785100 1142 7482 1143 7675
1377784800 1082 7663 1084 7675
1377784500 906 6026 1104 7216
1377784200 1103 7215 1104 7216
1377783900 1057 7023 1059 7031
1377783600 895 5859 909 5910
1377783300 909 5912 926 6312
1377783000 926 6311 927 6312
1377782700 926 6297 927 6302
1377782400 890 5631 1057 6672
1377782100 1056 6669 1057 6672
1377781800 911 5797 959 6108
1377781500 958 6104 959 6108
1377781200 923 5582 924 5583
1377780900 900 5565 919 5604
1377780600 918 5603 919 5604
1377780300 896 5524 896 5638
1377780000 896 5637 910 5638
1377779700 909 5591 910 5592
1377779400 900 5512 903 5550
1377779100 902 5549 903 5550
1377778800 874 5484 892 5528
1377778500 892 5528 902 5539
1377778200 903 5544 1095 6290
1377777900 1094 6287 1095 6290
1377777600 911 5568 1232 6972
1377777300 1230 6965 1232 6972
1377777000 736 5165 897 5630
1377776700 897 5629 900 5630
1377776400 900 5515 911 5600
1377776100 910 5599 911 5600
1377775800 903 5486 1052 6209
1377775500 1050 6204 1052 6209
1377775200 881 5474 1044 6191
1377774900 1043 6188 1044 6191
1377774600 902 5499 1235 6947
1377774300 1234 6944 1235 6947
1377774000 1051 6218 1052 6223
1377773700 906 5576 907 5577
1377773400 890 5468 906 5536
1377773100 905 5535 906 5536
1377772800 888 5465 904 5543
1377772500 903 5542 904 5543
1377772200 885 5434 1050 6231
1377771900 1049 6231 1050 6231
1377771600 1038 6230 1039 6231
1377771300 1033 6173 1034 6178
1377771000 917 5499 1092 6249
1377770700 1090 6244 1092 6249
1377770400 927 5549 928 5550
1377770100 901 5532 911 5547
1377769800 910 5546 911 5547
1377769500 899 5499 900 5500
1377769200 899 5492 909 5558
1377768900 908 5557 909 5558
1377768600 903 5495 904 5528
1377768300 904 5532 1038 6169
1377768000 1037 6164 1038 6169
1377767700 889 5484 904 5498
1377767400 905 5503 1100 6290
1377767100 1098 6285 1100 6290
1377766800 907 5574 1037 6190
1377766500 1036 6185 1037 6190
1377766200 904 5556 1043 6171
1377765900 1041 6166 1043 6171
1377765600 890 5521 919 5587
1377765300 919 5589 1062 6190
1377765000 1060 6185 1062 6190
1377764700 902 5517 1036 6202
1377764400 1035 6197 1036 6202
1377764100 891 5479 912 5520
1377763800 912 5522 1104 6328
1377763500 1103 6327 1104 6328
1377763200 1059 6219 1061 6225
1377762900 888 5470 922 5587
1377762600 921 5586 922 5587
1377762300 908 5512 1042 6188
1377762000 1041 6185 1042 6188
1377761700 913 5555 919 5556
1377761400 919 5497 938 5819
1377761100 938 5821 1056 6178
1377760800 1055 6175 1056 6178
1377760500 900 5540 904 5541
1377760200 904 5480 950 5633
1377759900 949 5632 950 5633
1377759600 913 5544 914 5545
1377759300 887 5494 1080 6269
1377759000 1079 6266 1080 6269
1377758700 906 5513 907 5514
1377758400 893 5488 1075 6248
1377758100 1074 6247 1075 6248
1377757800 1054 6168 1062 6225
1377757500 1060 6219 1062 6225
1377757200 883 5441 889 5442
1377756900 889 5436 904 5497
1377756600 904 5497 956 5580
1377756300 956 5584 1066 6212
1377756000 1065 6211 1066 6212
1377755700 1035 6160 1037 6165
1377755400 883 5471 1074 6252
1377755100 1072 6246 1074 6252
1377754800 888 5455 889 5477
1377754500 883 5481 1215 6975
1377754200 1214 6972 1215 6975
1377753900 1061 6203 1062 6206
1377753600 1036 6205 1037 6206
1377753300 1033 6175 1051 6176
1377753000 1050 6162 1051 6167
1377752700 922 5512 939 5609
1377752400 939 5612 1041 6149
1377752100 1040 6149 1041 6179
1377751800 1039 6176 1040 6179
1377751500 922 5765 923 5766
1377751200 900 5664 901 5665
1377750900 894 5503 1064 6228
1377750600 1062 6223 1064 6228
1377750300 907 5509 1044 6166
1377750000 1042 6161 1044 6166
1377749700 889 5496 1195 6869
1377749400 1194 6864 1195 6869
1377749100 922 5526 1081 6261
1377748800 1079 6255 1081 6261
1377748500 890 5495 894 5496
1377748200 894 5482 947 5625
1377747900 946 5623 947 5625
1377747600 896 5466 897 5532
1377747300 894 5531 918 5532
1377747000 918 5528 921 5529
1377746700 921 5490 953 9079
1377746400 952 9067 953 9079
1377746100 934 5545 935 5546
1377745800 926 5550 1069 6211
1377745500 1069 6211 1081 6279
1377745200 1080 6276 1081 6279
1377744900 909 5537 910 5538
1377744600 896 5485 912 5555
1377744300 912 5559 1034 6158
1377744000 1033 6156 1034 6158
1377743700 915 5586 932 5587
1377743400 933 5588 1209 6870
1377743100 1207 6865 1209 6870
1377742800 892 5489 1046 6208
1377742500 1047 6212 1213 6903
1377742200 1210 6893 1213 6903
1377741900 912 5527 947 5639
1377741600 946 5637 947 5639
1377741300 885 5476 886 5477
1377741000 885 5455 911 5491
1377740700 912 5491 1407 5644
1377740400 1403 5643 1407 5644
1377740100 924 5557 925 5558
1377739800 902 5489 903 5491
1377739500 900 5491 901 5507
1377739200 890 5506 896 5507
1377738900 896 5480 906 5544
1377738600 906 5544 942 5613
1377738300 941 5612 942 5613
1377738000 917 5518 918 5519
1377737700 884 5468 913 5495
1377737400 913 5497 1072 6258
1377737100 1071 6257 1072 6258
1377736800 1063 6243 1065 6248
1377736500 909 5499 910 5506
1377736200 895 5508 1061 6205
1377735900 1060 6204 1061 6205
1377735600 1032 6178 1033 6183
1377735300 907 5538 1060 6211
1377735000 1059 6206 1060 6211
1377734700 961 5577 962 5578
1377734400 910 5540 911 5541
1377734100 898 5501 919 5824
1377733800 919 5826 1051 6184
1377733500 1051 6184 1064 6240
1377733200 1062 6235 1064 6240
1377732900 913 5578 1058 6152
1377732600 1057 6150 1058 6152
1377732300 916 5565 1060 6213
1377732000 1129 6329 11410 23725
1377731700 11380 23676 11410 23725
1377731400 2543 9430 17373 49103
1377731100 17269 48823 17373 49103
1377730800 1795 7217 1797 7218
1377730500 1640 7057 1643 7070
1377730200 1225 5136 1401 6852
1377729900 1400 6843 1401 6852
1377729600 1263 5533 1619 6683
1377729300 2687 9435 161879 419560
1377729000 162238 419519 269588 419560
1377728700 269972 407359 384797 416641
1377728400 383520 415272 384797 416641
1377728100 1717 6204 5527 19300
1377727800 5500 19216 5527 19300
1377727500 1603 6899 2543 14895
1377727200 2538 14865 2543 14895
1377726900 1323 6020 1324 6021
1377726600 1322 6035 2535 14474
1377726300 2531 14451 2535 14474
1377726000 1378 7852 1667 11236
1377725700 1667 11229 1726 11236
1377725400 2332 13940 92682 558810
1377725100 92183 555663 92682 558810
1377724800 17803 86563 17858 86827
1377724500 1500 8018 17703 23499
1377724200 17594 23398 17703 23499
1377723900 1412 8378 1414 8392
1377723600 1121 6373 1122 6449
1377723300 1132 6501 2929 14355
1377723000 2922 14329 2929 14355
1377722700 1056 6599 2648 10911
1377722400 2639 10886 2648 10911
1377722100 1321 7186 1322 7991
1377721800 1325 8066 3169 19334
1377721500 3159 19285 3169 19334
1377721200 1708 12044 2414 18267
1377720900 2404 18186 2414 18267
1377720600 1009 6132 1149 6394
1377720300 1152 6409 2299 11186
1377720000 2300 11191 2705 12855
1377719700 2694 12812 2705 12855
1377719400 1085 6536 2149 12059
1377719100 2145 12039 2149 12059
1377718800 1691 9217 5754 13840
1377718500 5723 13804 5754 13840
1377718200 1158 8528 1651 9425
1377717900 1649 9421 1651 9425
1377717600 1287 8370 1288 8374
1377717300 1052 7195 1253 7196
1377717000 1255 7079 2059 11329
1377716700 2083 11365 5770 16875
1377716400 5761 16859 5770 16875
1377716100 3359 12312 12193 27942
1377715800 12192 27918 12193 27942
1377715500 11988 24362 12063 24485
1377715200 938 6045 995 6999
1377714900 994 6991 995 6999
1377714600 932 5821 1770 9960
1377714300 1765 9938 1770 9960
1377714000 1056 6714 1065 6716
1377713700 1064 6549 1065 6552
1377713400 960 6178 1778 10024
1377713100 1773 10007 1778 10024
1377712800 1074 7469 1075 7474
1377712500 930 6064 931 6065
1377712200 928 6030 957 6195
1377711900 956 6195 957 6215
1377711600 930 6219 1161 6827
1377711300 1160 6825 1161 6827
1377711000 1089 6616 1090 6618
1377710700 983 6351 984 6353
1377710400 910 5930 934 5959
1377710100 933 5960 934 6195
1377709800 921 6195 989 6330
1377709500 988 6328 989 6330
1377709200 935 5839 940 6262
1377708900 939 6262 940 6403
1377708600 939 6407 1102 7017
1377708300 1101 7015 1102 7017
1377708000 1081 6854 1082 6870
1377707700 1024 6863 1025 6870
1377707400 942 5954 972 6279
1377707100 971 6277 972 6279
1377706800 1035 6207 15580 26536
1377706500 15598 26635 21234 56257
1377706200 21100 55926 21234 56257
1377705900 1166 6697 1721 9087
1377705600 1724 9107 2212 12139
1377705300 2203 12098 2212 12139
1377705000 903 6015 1615 9791
1377704700 1657 9822 8059 14500
1377704400 8012 14451 8059 14500
1377704100 1156 7183 1157 7189
1377703800 1018 6415 1651 9206
1377703500 1649 9204 1651 9206
1377703200 1266 8703 1345 8704
1377702900 1396 8730 9076 14945
1377702600 9043 15025 9076 27009
1377702300 4232 26876 4252 27009
1377702000 1441 7230 7401 17797
1377701700 7493 17971 21210 43933
1377701400 21103 43738 21210 43933
1377701100 5247 14801 10319 15419
1377700800 10261 15364 10319 15419
1377700500 1766 7281 5032 15559
1377700200 5015 15591 5032 20407
1377699900 2549 20335 2559 20407
1377699600 1101 9712 1326 9713
1377699300 1337 9481 3039 17283
1377699000 3026 17226 3039 17283
1377698700 1213 8852 1214 8857
1377698400 1023 7490 1024 7492
1377698100 1020 7342 1201 8492
1377697800 1200 8488 1201 8492
1377697500 1058 7947 1195 8259
1377697200 1193 8253 1195 8259
1377696900 1025 7362 1034 7535
1377696600 1034 7538 1225 8529
1377696300 1224 8529 1225 8533
1377696000 1201 8524 1203 8533
1377695700 1025 7334 1040 7822
1377695400 1039 7818 1040 7822
1377695100 1033 7283 1034 7284
1377694800 1018 7051 1026 7074
1377694500 1026 7074 1041 7142
1377694200 1040 7141 1041 7142
1377693900 1034 7111 1035 7144
1377693600 1022 7150 1178 8052
1377693300 1176 8045 1178 8052
1377693000 1015 7042 1060 7098
1377692700 1060 7101 1163 8144
1377692400 1162 8140 1163 8144
1377692100 1025 7089 1034 7090
1377691800 1033 7030 1034 7031
1377691500 1024 6987 1025 7004
1377691200 1006 7004 1029 7125
1377690900 1029 7126 1031 7345
1377690600 1032 7349 1211 8025
1377690300 1209 8018 1211 8025
1377690000 1000 6986 1005 7007
1377689700 1006 7013 1181 7965
1377689400 1181 7965 1202 8058
1377689100 1201 8054 1202 8058
1377688800 1019 6983 1063 7098
1377688500 1063 7104 1194 8016
1377688200 1195 8022 1364 8970
1377687900 1367 8986 1859 11422
1377687600 1853 11392 1859 11422
1377687300 1017 6979 1017 6996
1377687000 1017 6996 1052 7075
1377686700 1052 7081 1200 7985
1377686400 1199 7984 1200 7985
1377686100 1180 7956 1182 7963
1377685800 1008 6976 1074 7081
1377685500 1074 7086 1218 7966
1377685200 1218 7966 1228 8077
1377684900 1226 8069 1228 8077
1377684600 1048 7003 1536 9927
1377684300 1533 9913 1536 9927
1377684000 1166 7953 1167 7957
1377683700 1031 7000 1226 8085
1377683400 1225 8081 1226 8085
1377683100 1042 7006 1200 7965
1377682800 1200 7965 1200 7997
1377682500 1198 7990 1200 7997
1377682200 1014 6978 1060 7130
1377681900 1060 7135 1188 7975
1377681600 1188 7975 1200 8070
1377681300 1198 8062 1200 8070
1377681000 1015 6972 1029 7020
1377680700 1028 7020 1029 7044
1377680400 1030 7056 1351 8970
1377680100 1349 8963 1351 8970
1377679800 1166 7942 1167 7945
1377679500 1054 7059 1177 7994
1377679200 1176 7993 1177 7994
1377678900 1169 7958 1170 7965
1377678600 1029 7021 1034 7116
1377678300 1034 7122 1183 8050
1377678000 1181 8043 1183 8050
1377677700 1026 7012 1027 7013
1377677400 1021 7006 1046 7059
1377677100 1045 7058 1046 7059
1377676800 1031 7018 1173 7960
1377676500 1172 7956 1173 7960
1377676200 1013 6987 1034 6988
1377675900 1034 6991 1190 8032
1377675600 1189 8031 1190 8032
1377675300 1169 7976 1171 7983
1377675000 1004 6968 1021 7009
1377674700 1022 7015 1206 8055
1377674400 1204 8048 1206 8055
1377674100 1047 7048 1048 7049
1377673800 1041 7001 1219 8022
1377673500 1217 8015 1219 8022
1377673200 1029 6992 1030 7197
1377672900 1020 7196 1081 7197
1377672600 1085 7070 1762 8486
1377672300 1758 8482 1762 8486
1377672000 1175 7960 1176 7961
1377671700 1172 7948 1360 8970
1377671400 1357 8956 1360 8970
1377671100 1028 6947 1212 8091
1377670800 1212 8090 1212 8091
1377670500 1212 8001 1213 8002
1377670200 1212 7994 1213 7995
1377669900 1195 7954 1196 8001
1377669600 1190 7994 1192 8001
1377669300 1015 6979 1016 6980
1377669000 1012 6957 1037 7032
1377668700 1037 7035 1180 7969
1377668400 1179 7965 1180 7969
1377668100 1003 6960 1022 7009
1377667800 1023 7015 1194 8004
1377667500 1193 8004 1194 8022
1377667200 1184 8022 1205 8034
1377666900 1204 8033 1205 8034
1377666600 1199 7981 1201 7988
1377666300 1037 6976 1038 6988
1377666000 1018 6988 1027 6990
1377665700 1028 6996 1185 7940
1377665400 1185 7940 1225 7990
1377665100 1224 7989 1225 7990
1377664800 1181 7969 1182 7973
1377664500 1045 7051 1187 7930
1377664200 1186 7926 1187 7930
1377663900 1022 6993 1023 7019
1377663600 1019 7019 1054 7100
1377663300 1054 7106 1196 8025
1377663000 1197 8031 1366 8961
1377662700 1363 8947 1366 8961
1377662400 1017 6992 1018 6993
1377662100 1006 6951 1031 7024
1377661800 1033 7037 1383 9038
1377661500 1382 9037 1383 9038
1377661200 1354 8968 1356 8975
1377660900 1184 7945 1358 8950
1377660600 1358 8949 1366 8950
1377660300 1364 8940 1366 8947
1377660000 1015 6989 1075 7181
1377659700 1075 7186 1175 7947
1377659400 1174 7943 1175 7947
1377659100 1040 6999 1041 7000
1377658800 1019 6999 1178 7932
1377658500 1177 7926 1178 7932
1377658200 1048 7045 1089 8616
1377657900 1088 8610 1089 8616
1377657600 1064 7032 1065 7046
1377657300 1064 7045 1065 7046
1377657000 1021 6989 1203 7991
1377656700 1202 7987 1203 7991
1377656400 1019 7005 1230 8113
1377656100 1228 8105 1230 8113
1377655800 1011 6985 1036 6986
1377655500 1035 6979 1036 7027
1377655200 1021 7026 1022 7027
1377654900 1019 6999 1213 8017
1377654600 1211 8010 1213 8017
1377654300 1050 7048 1189 7987
1377654000 1187 7980 1189 7987
1377653700 1003 6971 1183 8000
1377653400 1182 7996 1183 8000
1377653100 1051 7013 1052 7058
1377652800 1029 7065 1240 8124
1377652500 1239 8123 1240 8124
1377652200 1195 8034 1197 8041
1377651900 1037 7035 1038 7036
1377651600 1012 7019 1013 7020
1377651300 994 6953 1028 7021
1377651000 1027 7020 1028 7021
1377650700 1026 6980 1053 7114
1377650400 1052 7113 1053 7114
1377650100 1020 7005 1192 7986
1377649800 1191 7985 1192 7986
1377649500 1170 7964 1172 7971
1377649200 1000 6983 1019 6984
1377648900 1019 6977 1079 7170
1377648600 1078 7168 1079 7170
1377648300 1015 6982 1201 8007
1377648000 1199 7999 1201 8007
1377647700 994 6938 1023 7038
1377647400 1023 7037 1029 7038
1377647100 1030 7043 1184 7981
1377646800 1183 7977 1184 7981
1377646500 1014 7010 1020 7014
1377646200 1020 7014 1028 7055
1377645900 1027 7054 1028 7055
1377645600 1008 7031 1008 7032
1377645300 1008 6944 1050 7098
1377645000 1050 7101 1307 8091
1377644700 1308 8099 1846 10715
1377644400 1841 10691 1846 10715
1377644100 1108 7236 2452 11451
1377643800 2453 11458 2960 13763
1377643500 2958 13757 2960 13763
1377643200 2736 12942 5193 16671
1377642900 5165 16615 5193 16671
1377642600 1114 8383 2187 13200
1377642300 2180 13166 2187 13200
1377642000 1149 8101 1223 8689
1377641700 1223 8690 1310 8935
1377641400 1324 8966 5768 18513
1377641100 5997 18691 74523 72175
1377640800 74088 71835 74523 72175
1377640500 9293 21154 9320 21193
1377640200 1440 9838 5486 24173
1377639900 5531 24377 12345 54829
1377639600 12303 54613 12345 54829
1377639300 6034 22389 6052 22437
1377639000 3355 15228 3363 15251
1377638700 2298 11913 5787 24513
1377638400 5774 24427 5787 24513
1377638100 3844 11678 3854 19480
1377637800 2451 19549 7082 29955
1377637500 7375 30103 51107 52197
1377637200 50781 51946 51107 52197
1377636900 2334 14620 2336 14626
1377636600 1949 13048 1953 13062
1377636300 1479 11547 4273 80111
1377636000 4268 80128 4273 82683
1377635700 3565 83142 9008 220465
1377635400 8961 219055 9008 220465
1377635100 2022 9018 3182 14125
1377634800 3192 14124 4708 14125
1377634500 4694 14096 4708 14103
1377634200 3082 14074 60343 162534
1377633900 61564 165631 243599 627150
1377633600 243146 624332 243599 627150
1377633300 174565 203281 175719 204551
1377633000 2770 14224 4820 21708
1377632700 4813 21699 4820 21708
1377632400 2810 19165 4084 26845
1377632100 4077 26795 4084 26845
1377631800 2502 12111 68011 80525
1377631500 67793 80300 68011 80525
1377631200 2851 13169 2853 13179
1377630900 2465 10383 2467 10389
1377630600 2078 8823 2079 10188
1377630300 2014 10170 2017 10188
1377630000 1658 7591 1791 7897
1377629700 1792 7903 1973 8927
1377629400 1972 8924 1973 8927
1377629100 1851 8146 1852 8637
1377628800 1818 8627 1820 8637
1377628500 1650 7218 1914 7589
1377628200 1915 7604 2094 9887
1377627900 2093 9882 2094 9887
1377627600 1991 8531 7492 18491
1377627300 7454 18420 7492 18491
1377627000 1912 7960 2595 11367
1377626700 2588 11339 2595 11367
1377626400 1661 7192 1834 7974
1377626100 1833 7971 1834 7974
1377625800 3265 14725 5106 23593
1377624600 2987 14823 5921 33935
1377622800 2815 11314 7029 23783
1377621000 5140 13188 15044 27669
1377619200 3232 9833 10789 20690
1377617400 3562 26507 8370 103761
1377615600 2047 23811 3532 92160
1377613800 767 8121 1772 12659
1377612000 460 6790 499 7396
1377610200 449 6439 521 7400
1377608400 473 6782 580 8015
1377606600 453 6405 479 6814
1377604800 434 6047 473 6608
1377603000 444 6200 464 6517
1377601200 455 6224 521 6964
1377599400 564 6198 1188 6701
1377597600 463 6482 541 7769
1377595800 438 6093 532 7769
1377594000 466 6462 530 7483
1377592200 457 6369 568 7812
1377590400 466 6399 547 7167
1377588600 450 6290 488 6793
1377586800 423 5894 452 6297
1377585000 425 5864 448 6172
1377583200 446 6238 512 6985
1377581400 424 5936 476 6667
1377579600 418 5922 447 6154
1377577800 451 6227 487 6785
1377576000 426 5963 437 6285
1377574200 421 5760 480 6505
1377572400 441 6060 507 6980
1377570600 506 7505 597 12342
1377568800 437 6139 503 7024
1377567000 463 6386 503 7024
1377565200 443 6183 513 7216
1377563400 468 6533 520 7216
1377561600 475 6731 535 7307
1377559800 473 6612 517 7354
1377558000 511 6576 955 9158
1377556200 530 7154 890 10337
1377554400 755 10150 805 10807
1377552600 731 9929 1006 11589
1377550800 2438 16052 10595 44493
1377549000 1959 11913 8467 72063
1377547200 4719 32617 14872 79647
1377545400 3157 17970 9348 47805
1377543600 1646 11912 4177 23419
1377541800 2721 9281 6546 13772
1377540000 725 7845 1781 10610
1377538200 1517 9249 3347 33401
1377536400 1770 21266 5128 33401
1377534600 1516 5848 5128 10898
1377532800 30779 185837 91616 557685
1377531000 6588 49651 17153 143285
1377529200 3288 9120 17153 27987
1377527400 271 2386 1027 6908
1377525600 0 855 0 1281
1377523800 0 645 0 838
1377522000 0 521 0 783
1377520200 0 453 0 638
1377518400 0 487 0 638
1377516600 0 446 0 479
1377514800 0 442 0 485
1377513000 0 438 0 482
1377511200 0 439 0 481
1377509400 0 433 0 450
1377507600 0 424 0 483
1377505800 0 421 0 453
1377504000 0 430 0 476
1377502200 0 440 0 465
1377500400 0 444 0 497
1377498600 0 436 0 480
1377496800 0 443 0 475
1377495000 0 438 0 488
1377493200 0 429 0 455
1377491400 0 440 0 492
1377489600 0 443 0 479
1377487800 0 436 0 498
1377486000 0 435 0 474
1377484200 0 433 0 481
1377482400 0 435 0 477
1377480600 0 431 0 480
1377478800 0 431 0 469
1377477000 0 432 0 492
1377475200 0 436 0 471
1377473400 0 426 0 470
1377471600 0 434 0 488
1377469800 0 427 0 457
1377468000 0 428 0 474
1377466200 0 430 0 468
1377464400 0 443 0 482
1377462600 0 432 0 493
1377460800 0 443 0 470
1377459000 0 439 0 496
1377457200 0 437 0 470
1377455400 0 431 0 482
1377453600 0 431 0 454
1377451800 0 430 0 485
1377450000 0 437 0 482
1377448200 0 431 0 489
1377446400 0 436 0 478
1377444600 0 430 0 480
1377442800 0 446 0 470
1377441000 0 441 0 475
1377439200 0 436 0 487
1377437400 0 436 0 462
1377435600 0 435 0 468
1377433800 0 438 0 471
1377432000 0 435 0 490
1377430200 0 434 0 470
1377428400 0 436 0 484
1377426600 0 434 0 484
1377424800 0 430 0 484
1377423000 0 435 0 475
1377421200 0 434 0 475
1377419400 0 433 0 486
1377417600 0 429 0 470
1377415800 0 437 0 470
1377414000 0 442 0 484
1377412200 0 433 0 476
1377410400 0 439 0 476
1377408600 0 453 0 482
1377406800 0 435 0 481
1377405000 0 444 0 478
1377403200 0 432 0 472
1377401400 0 434 0 468
1377399600 0 437 0 475
1377397800 0 443 0 485
1377396000 0 437 0 471
1377394200 0 444 0 490
1377392400 0 423 0 479
1377390600 0 433 0 485
1377388800 0 433 0 484
1377387000 0 433 0 475
1377385200 0 417 0 469
1377383400 0 418 0 469
1377381600 0 419 0 453
1377379800 0 422 0 458
1377378000 0 418 0 454
1377376200 0 439 0 493
1377374400 0 449 0 486
1377372600 0 443 0 470
1377370800 0 443 0 485
1377369000 0 436 0 471
1377367200 0 432 0 472
1377365400 0 435 0 460
1377363600 0 432 0 478
1377361800 0 433 0 475
1377360000 0 431 0 465
1377358200 0 441 0 490
1377356400 0 436 0 466
1377354600 0 442 0 484
1377352800 0 441 0 461
1377351000 0 434 0 493
1377349200 0 438 0 464
1377347400 0 439 0 489
1377345600 0 434 0 465
1377343800 0 440 0 496
1377342000 0 440 0 465
1377340200 0 431 0 465
1377338400 0 443 0 475
1377336600 0 431 0 462
1377334800 0 434 0 467
1377333000 0 430 0 457
1377331200 0 434 0 473
1377329400 0 443 0 487
1377327600 0 446 0 480
1377325800 0 440 0 490
1377324000 0 444 0 485
1377322200 0 440 0 485
1377320400 0 444 0 489
1377318600 0 440 0 481
1377316800 0 433 0 465
1377315000 0 432 0 474
1377313200 0 433 0 470
1377311400 0 428 0 470
1377309600 0 434 0 462
1377307800 0 442 0 460
1377306000 0 429 0 463
1377304200 0 438 0 467
1377302400 0 456 0 488
1377300600 1609 8709 17959 141762
1377298800 5089 30746 17959 141762
1377297000 2527 11015 11559 70687
1377295200 8178 285408 18729 834146
1377293400 1249 11260 1876 18162
1377291600 3087 16278 214798 2554033
1377289800 98618 851896 214798 2554033
1377288000 13884 96054 29874 218491
1377286200 4399 27294 98442 292561
1377284400 19284 56732 98442 292561
1377282600 2057 7408 5744 12271
1377280800 1121 7684 2560 86064
1377279000 3353 23339 9213 86064
1377277200 10727 30206 29451 82407
1377275400 1027 9584 1235 24457
1377273600 1008 5863 2782 9805
1377271800 2010 7710 4194 10252
1377270000 2856 9131 7596 24236
1377268200 3825 13326 8353 24236
1377266400 939 6174 975 6920
1377264600 940 5589 957 5924
1377262800 926 5215 947 5405
1377261000 928 5234 943 5405
1377259200 935 5218 961 5445
1377257400 923 5122 963 5265
1377255600 926 5159 951 5301
1377253800 930 5177 951 5247
1377252000 922 5156 957 5285
1377250200 929 5182 946 5424
1377248400 932 5165 961 5381
1377246600 935 5186 971 5305
1377244800 925 5173 965 5429
1377243000 931 5180 965 5429
1377241200 923 5224 947 5506
1377239400 929 5141 955 5466
1377237600 926 5179 955 5466
1377235800 923 5190 969 5551
1377234000 925 5176 969 5751
1377232200 923 5308 952 5751
1377230400 932 5230 952 5520
1377228600 916 5105 939 5253
1377226800 926 5177 961 5445
1377225000 922 5157 969 5451
1377223200 928 5201 980 5610
1377221400 925 5159 938 5243
1377219600 936 5413 962 6551
1377217800 926 5206 957 5555
1377216000 3270 17484 21432 163893
1377214200 8962 49711 21432 163893
1377212400 3392 13897 6699 17786
1377210600 1629 8005 4216 9731
1377208800 1036 6915 1293 9322
1377207000 1039 6257 1432 6793
1377205200 990 6305 1294 8221
1377203400 960 6380 1029 7212
1377201600 3880 9530 12395 15917
1377199800 6788 14536 23838 41365
1377198000 2910 13890 7684 36566
1377196200 2515 8441 13557 21210
1377194400 5547 16826 14389 41540
1377192600 3511 13400 8923 29094
1377190800 2432 11304 8923 29094
1377189000 1521 9063 3079 13285
1377187200 2411 10616 4843 16583
1377185400 25210 170835 72233 480444
1377183600 5658 23547 12347 45551
1377181800 1141 10052 1668 14845
1377180000 930 8750 973 9153
1377178200 938 8426 966 8776
1377176400 928 8097 973 8391
1377174600 950 8488 1021 10763
1377172800 964 8189 1081 8927
1377171000 932 7985 952 8284
1377169200 930 7986 976 8569
1377167400 927 7980 953 8073
1377165600 929 7989 943 8042
1377163800 927 7980 967 8296
1377162000 937 8014 957 8087
1377160200 925 7934 948 8021
1377158400 935 8007 978 8387
1377156600 929 7985 959 8039
1377154800 928 7993 995 8425
1377153000 929 8027 952 8309
1377151200 928 7929 955 8087
1377149400 925 7985 943 8218
1377147600 937 8078 968 8663
1377145800 929 7993 938 8062
1377144000 926 7985 969 8113
1377142200 933 8002 969 8113
1377140400 930 7991 960 8074
1377138600 931 7982 963 8104
1377136800 1010 8035 1439 8170
1377135000 931 7989 970 8083
1377133200 921 7982 998 8357
1377131400 992 8389 1051 9154
1377129600 1030 8385 1230 9187
1377127800 1132 8680 1306 9283
1377126000 1798 22263 3541 90659
1377124200 460 5334 541 5419
1377122400 470 5630 583 6206
1377120600 566 6861 2941 17439
1377118800 1792 8165 6136 17439
1377117000 457 5147 618 6051
1377115200 415 5028 445 5409
1377113400 2363 25870 12037 130755
1377111600 1506 6543 6430 12002
1377109800 1829 9967 3010 25289
1377108000 1466 7847 2922 11747
1377106200 463 4931 582 5048
1377104400 615 14898 1475 64316
1377102600 455 5110 513 6149
1377100800 1364 6402 3082 11014
1377099000 894 5450 2867 7626
1377097200 1049 6826 2872 12386
1377095400 1045 7195 2872 11228
1377093600 456 4849 484 5182
1377091800 447 4282 491 4693
1377090000 445 4071 483 4154
1377088200 437 4073 475 4191
1377086400 436 4030 458 4145
1377084600 442 4004 462 4060
1377082800 428 3937 463 4285
1377081000 440 4012 471 4367
1377079200 435 3987 472 4331
1377077400 442 4005 503 4424
1377075600 433 3981 458 4302
1377073800 446 4029 506 4540
1377072000 480 4270 633 4930
1377070200 444 4019 473 4120
1377068400 438 4000 485 4354
1377066600 447 4009 506 4392
1377064800 435 3982 459 4036
1377063000 441 3992 469 4298
1377061200 531 4103 978 4751
1377059400 441 3944 473 4063
1377057600 467 5298 549 11446
1377055800 442 4011 479 4162
1377054000 444 4038 481 4387
1377052200 436 3931 467 4350
1377050400 441 3964 471 4309
1377048600 447 4036 509 4687
1377046800 450 4086 509 4687
1377045000 438 3998 463 4113
1377043200 451 4075 511 4399
1377041400 1783 9336 8451 35908
1377039600 15376 24009 66969 65598
1377037800 4380 9613 18476 22529
1377036000 2194 8681 5487 21088
1377034200 3115 11890 5864 21088
1377032400 1664 7262 4124 36050
1377030600 7699 19246 23027 36050
1377028800 675 6593 1469 14527
1377027000 1084 6604 2520 11230
1377025200 1733 6673 4249 10799
1377023400 1071 6401 2563 10799
1377021600 2235 7199 4525 10538
1377019800 800 5304 2091 8008
1377018000 13043 81181 45918 252740
1377016200 687 6259 832 6980
1377014400 1561 9957 4774 16945
1377012600 2626 13299 9475 40059
1377010800 5734 29126 10924 87456
1377009000 1520 8967 1643 11522
1377007200 1413 8164 1531 9626
1377005400 1345 7311 1403 8289
1377003600 1354 7064 1383 7305
1377001800 1349 7060 1380 7362
1377000000 1319 6660 1380 7306
1376998200 1345 6928 1380 7306
1376996400 1425 6922 1808 7386
1376994600 1332 6811 1387 7490
1376992800 1327 6747 1342 7133
1376991000 1335 6904 1381 7502
1376989200 1349 6894 1395 7679
1376987400 1314 6571 1361 7113
1376985600 1358 7045 1380 7351
1376983800 1361 7039 1412 8300
1376982000 1353 6940 1396 7428
1376980200 1340 6892 1442 7897
1376978400 1366 7112 1397 7200
1376976600 1344 6904 1387 7199
1376974800 1352 6932 1374 7258
1376973000 1347 6977 1373 7334
1376971200 1356 7059 1407 7735
1376969400 1344 7034 1406 7575
1376967600 1364 7071 1438 7773
1376965800 1373 7224 1430 7818
1376964000 1367 7156 1430 7674
1376962200 1353 7020 1383 7252
1376960400 1340 6801 1443 7790
1376958600 1348 6907 1443 7790
1376956800 1352 6923 1401 7439
1376955000 2808 15090 8888 53937
1376953200 1300 3148 2161 6126
1376951400 1045 2605 1172 3032
1376949600 4672 128736 11507 379417
1376947800 3222 45800 5719 92466
1376946000 1853 3986 9010 21932
1376944200 3030 6457 9010 21932
1376942400 112030 183740 343312 400477
1376940600 1345 4446 3595 16258
1376938800 901 2055 944 2318
1376937000 901 2032 948 2310
1376935200 1154 12455 1863 27432
1376933400 2590 68273 7099 292543
1376931600 494 2431 1003 6928
1376929800 336 1223 355 1362
1376928000 331 1246 373 1560
1376926200 392 3283 509 7193
1376924400 1261 23158 2313 88573
1376922600 2023 45023 6759 245819
1376920800 0 1172 0 1627
1376919000 0 697 0 882
1376917200 0 507 0 690
1376915400 0 546 0 809
1376913600 0 477 0 582
1376911800 0 445 0 471
1376910000 0 443 0 478
1376908200 0 440 0 489
1376906400 0 442 0 491
1376904600 0 439 0 484
1376902800 0 443 0 482
1376901000 0 430 0 474
1376899200 0 438 0 465
1376897400 0 444 0 467
1376895600 0 441 0 476
1376893800 0 444 0 493
1376892000 0 432 0 458
1376890200 0 443 0 476
1376888400 0 434 0 473
1376886600 0 430 0 467
1376884800 0 438 0 475
1376883000 0 438 0 486
1376881200 0 437 0 475
1376879400 0 434 0 461
1376877600 0 442 0 473
1376875800 0 443 0 485
1376874000 0 439 0 485
1376872200 0 431 0 471
1376870400 0 445 0 471
1376868600 0 446 0 486
1376866800 0 430 0 477
1376865000 0 443 0 470
1376863200 0 442 0 463
1376861400 0 437 0 477
1376859600 0 442 0 479
1376857800 0 448 0 482
1376856000 0 443 0 470
1376854200 0 446 0 488
1376852400 0 424 0 478
1376850600 0 443 0 491
1376848800 0 442 0 486
1376847000 0 442 0 468
1376845200 0 437 0 479
1376843400 0 483 0 666
1376841600 0 437 0 467
1376839800 0 444 0 477
1376838000 0 445 0 487
1376836200 0 437 0 477
1376834400 0 442 0 479
1376832600 0 444 0 474
1376830800 0 447 0 478
1376829000 0 440 0 477
1376827200 0 437 0 473
1376825400 0 439 0 470
1376823600 0 432 0 470
1376821800 0 440 0 481
1376820000 0 437 0 480
1376818200 0 431 0 473
1376816400 0 435 0 473
1376814600 0 433 0 467
1376812800 0 437 0 462
1376811000 0 445 0 483
1376809200 0 434 0 477
1376807400 0 433 0 469
1376805600 0 434 0 474
1376803800 0 442 0 492
1376802000 0 434 0 466
1376800200 0 432 0 466
1376798400 0 445 0 486
1376796600 0 437 0 468
1376794800 0 441 0 483
1376793000 0 438 0 471
1376791200 0 442 0 474
1376789400 0 442 0 479
1376787600 0 441 0 474
1376785800 0 448 0 496
1376784000 0 434 0 477
1376782200 0 442 0 480
1376780400 0 432 0 461
1376778600 0 436 0 473
1376776800 0 440 0 480
1376775000 0 438 0 482
1376773200 0 434 0 473
1376771400 0 436 0 481
1376769600 0 433 0 476
1376767800 0 439 0 496
1376766000 0 443 0 480
1376764200 0 446 0 475
1376762400 0 436 0 468
1376760600 0 437 0 485
1376758800 0 441 0 481
1376757000 0 435 0 472
1376755200 0 440 0 470
1376753400 0 443 0 485
1376751600 0 443 0 480
1376749800 0 440 0 468
1376748000 0 442 0 491
1376746200 0 441 0 476
1376744400 0 440 0 482
1376742600 0 437 0 482
1376740800 0 440 0 482
1376739000 0 444 0 498
1376737200 0 448 0 485
1376735400 0 442 0 485
1376733600 0 444 0 483
1376731800 0 442 0 483
1376730000 0 437 0 450
1376728200 0 431 0 469
1376726400 0 425 0 469
1376724600 0 457 0 515
1376722800 0 429 0 461
1376721000 0 443 0 478
1376719200 0 445 0 473
1376717400 0 446 0 487
1376715600 0 427 0 473
1376713800 0 431 0 476
1376712000 0 445 0 482
1376710200 0 446 0 482
1376708400 0 445 0 479
1376706600 0 442 0 482
1376704800 0 450 0 482
1376703000 0 445 0 475
1376701200 0 440 0 495
1376699400 0 454 0 497
1376697600 0 466 0 512
1376695800 1513 5048 7333 22889
1376694000 7552 23092 9196 28412
1376692200 3656 8509 12151 16928
1376690400 2435 7943 11806 19800
1376688600 126330 132422 741530 752212
1376686800 7706 16668 24762 35907
1376685000 743 7053 2534 33146
1376683200 460 2226 2170 3756
1376681400 1169 11900 4160 51172
1376679600 4869 106838 17792 543110
1376677800 2742 7070 11983 14909
1376676000 1089 5058 1401 7278
1376674200 539 1659 641 3079
1376672400 792 17581 2278 83806
1376670600 4283 10361 12151 17241
1376668800 1676 6060 4713 11227
1376667000 1000 3071 1210 4557
1376665200 1856 32229 3696 106186
1376663400 1672 13146 3696 65314
1376661600 862 1944 879 2154
1376659800 854 1613 863 1710
1376658000 854 1481 893 1585
1376656200 850 1506 871 1844
1376654400 858 1394 883 1451
1376652600 849 1384 866 1440
1376650800 854 1394 901 1519
1376649000 852 1383 868 1441
1376647200 867 1476 912 1758
1376645400 850 1389 873 1467
1376643600 856 1391 899 1467
1376641800 849 1397 870 1549
1376640000 858 1410 898 1549
1376638200 850 1407 866 1471
1376636400 854 1393 888 1470
1376634600 852 1393 872 1443
1376632800 856 1413 918 1547
1376631000 860 1420 918 1547
1376629200 855 1398 884 1478
1376627400 851 1436 872 1689
1376625600 850 1386 883 1450
1376623800 855 1408 864 1460
1376622000 853 1392 882 1476
1376620200 857 1402 885 1472
1376618400 861 1481 876 1978
1376616600 853 1398 885 1480
1376614800 858 1402 876 1436
1376613000 858 1462 916 1762
1376611200 854 1421 875 1476
1376609400 854 1426 885 1507
1376607600 860 1543 1660 5792
1376605800 5186 11897 18961 22239
1376604000 2038 7625 4818 11536
1376602200 1403 7840 1698 11397
1376600400 2484 8715 4858 10926
1376598600 4805 11365 19447 25078
1376596800 2321 11271 4599 16098
1376595000 1601 8736 1821 14714
1376593200 1814 18309 2541 42617
1376591400 1880 16773 2541 42617
1376589600 1412 6117 1654 7616
1376587800 1263 5335 1353 6032
1376586000 1535 7409 2071 12309
1376584200 19767 151926 107019 794650
1376582400 1540 16416 2459 27507
1376580600 2570 27120 3192 28348
1376578800 2502 25462 2779 28624
1376577000 1438 6756 1653 11448
1376575200 1367 5652 1529 7133
1376573400 1398 5488 1529 7133
1376571600 1390 4990 1409 5226
1376569800 1381 4893 1417 5179
1376568000 1369 4896 1398 5169
1376566200 1369 4897 1394 4987
1376564400 1383 4903 1456 5213
1376562600 1406 5032 1472 5342
1376560800 1381 4906 1452 6312
1376559000 1405 5145 1452 6312
1376557200 1379 4897 1408 4947
1376555400 1375 4895 1409 5161
1376553600 1332 4539 1409 5161
1376551800 1364 4862 1433 5349
1376550000 1374 4906 1400 4986
1376548200 1380 4910 1851 5107
1376546400 1866 5125 1907 5171
1376544600 1871 5145 1915 5640
1376539200 1953 5182 2161 5497
1376532000 2036 5352 2400 6782
1376524800 2422 10328 4556 41375
1376517600 2963 28795 9999 64184
1376510400 1760 8720 15558 190000
1376503200 3073 20601 15746 190000
1376496000 37618 40408 335486 275479
1376488800 37 665 97 1826
1376481600 28 423 47 468
1376474400 32 431 57 678
1376467200 2141 6792 3076 9847
1376460000 2902 9102 3069 12837
1376452800 3170 22264 9236 320435
1376445600 3256 9468 3576 11677
1376438400 3808 16756 4494 25613
1376431200 3725 15887 4124 26200
1376424000 3693 14574 6118 57410
1376416800 3539 10968 5434 27070
1376409600 2084 10628 4018 91398
1376402400 1104 1961 1165 2710
1376395200 1099 1761 1163 1936
1376388000 1117 1813 1594 2810
1376380800 1095 1759 1187 1882
1376373600 1089 1769 1143 2209
1376366400 1084 1753 1132 1860
1376359200 1434 2157 1660 4374
1376352000 1730 3430 3351 12888
1376344800 1045 3029 1559 8183
1376337600 908 6069 6737 79550
1376330400 1043 3537 6183 27009
1376323200 578 3183 6719 12109
1376316000 0 728 0 1360
1376308800 0 506 0 566
1376301600 0 497 0 550
1376294400 0 508 0 554
1376287200 0 508 0 571
1376280000 0 506 0 551
1376272800 0 503 0 594
1376265600 0 496 0 547
1376258400 0 497 0 544
1376251200 0 507 0 556
1376244000 0 511 0 594
1376236800 0 504 0 560
1376229600 0 503 0 606
1376222400 0 494 0 543
1376215200 0 499 0 552
1376208000 0 497 0 550
1376200800 0 501 0 551
1376193600 0 504 0 565
1376186400 0 500 0 550
1376179200 0 497 0 542
1376172000 0 496 0 560
1376164800 0 483 0 534
1376157600 0 494 0 562
1376150400 0 490 0 541
1376143200 0 497 0 564
1376136000 0 487 0 541
1376128800 0 492 0 552
1376121600 0 501 0 552
1376114400 0 499 0 562
1376107200 0 493 0 561
1376100000 0 513 0 637
1376092800 463 4030 5558 37244
1376085600 4041 73186 13881 115987
1376078400 3266 51573 12680 114211
1376071200 1400 14887 5726 106042
1376064000 1513 10979 4550 90678
1376056800 986 5188 1071 6361
1376049600 999 4984 1189 5675
1376042400 988 4949 1052 5260
1376035200 1030 5021 1809 6400
1376028000 989 4950 1027 5255
1376020800 1001 5024 1071 6234
1376013600 1016 4972 1483 5285
1376006400 1942 7312 12331 17643
1375999200 2495 12597 11840 70694
1375992000 4806 19752 15939 59432
1375984800 3178 9754 24422 30421
1375977600 2127 11051 13661 84664
1375970400 651 2358 1191 6598
1375963200 552 1698 615 1862
1375956000 548 1742 603 3349
1375948800 555 1743 613 2892
1375941600 545 1677 573 1806
1375934400 572 1775 1069 4122
1375927200 989 6670 4548 84608
1375920000 9007 31460 53538 103323
1375912800 1280 3034 10421 11661
1375905600 3500 10731 12472 47903
1375898400 2716 8895 9216 34591
1375891200 3364 14128 10983 81257
1375884000 2114 16204 2209 18400
1375876800 2109 15939 2166 17805
1375869600 2107 15917 2166 18164
1375862400 2143 15939 2611 18107
1375855200 2119 15949 2163 18154
1375848000 2123 15920 2176 18137
1375840800 2121 16014 2174 18202
1375833600 2281 8981 5344 20193
1375826400 2443 5919 10260 29391
1375819200 3141 8186 12753 65702
1375812000 2439 9251 10869 41012
1375804800 2791 8369 4774 17719
1375797600 2423 5866 2886 7694
1375790400 2408 5558 2899 6350
1375783200 2378 5532 2466 5927
1375776000 2380 5532 2470 5973
1375768800 2381 5522 2455 5897
1375761600 2379 5501 2445 5923
1375754400 2386 5567 2437 6380
1375747200 2935 7378 7988 16510
1375740000 2523 8269 3390 16713
1375732800 1312 12445 3465 162180
1375725600 4006 155922 6767 162180
1375718400 38930 55581 307832 280239
1375711200 0 691 0 1381
1375704000 0 439 0 573
1375696800 0 423 0 465
1375689600 0 428 0 474
1375682400 0 423 0 462
1375675200 0 422 0 466
1375668000 0 424 0 465
1375660800 0 430 0 476
1375653600 0 431 0 464
1375646400 0 430 0 473
1375639200 0 422 0 469
1375632000 0 423 0 475
1375624800 0 430 0 480
1375617600 0 419 0 477
1375610400 0 422 0 476
1375603200 0 427 0 473
1375596000 0 419 0 471
1375588800 0 420 0 477
1375581600 0 429 0 479
1375574400 0 428 0 483
1375567200 0 433 0 474
1375560000 0 422 0 464
1375552800 0 638 0 909
1375545600 0 626 0 913
1375538400 0 428 0 491
1375531200 0 418 0 462
1375524000 0 425 0 471
1375516800 0 427 0 482
1375509600 0 437 0 682
1375502400 0 422 0 472
1375495200 0 422 0 474
1375488000 2061 6430 13052 18455
1375480800 2653 12400 14995 86608
1375473600 7131 52878 107138 784573
1375466400 1881 33867 2256 34654
1375459200 1869 33936 2164 40238
1375452000 1874 33496 2307 34329
1375444800 1820 32640 1978 34592
1375437600 1837 33022 1896 33688
1375430400 1845 33138 1951 33929
1375423200 1847 33196 1952 33953
1375416000 1843 33083 1951 34015
1375408800 1824 33046 1922 33924
1375401600 2482 28720 11588 83863
1375394400 3407 11236 54951 47129
1375387200 3896 7687 54951 16383
1375380000 1858 11811 9847 61209
1375372800 2191 20921 3996 57433
1375365600 1439 6056 1521 6881
1375358400 1439 5755 1490 6085
1375351200 1433 5851 1547 8808
1375344000 1441 5783 1563 6346
1375336800 1435 5753 1505 6146
1375329600 1445 5771 1536 6173
1375322400 1445 5859 1503 6402
1375315200 2173 18687 112960 850438
1375308000 7526 60479 112960 850438
1375300800 2120 11384 8651 36200
1375293600 2641 11439 11556 27406
1375286400 2824 15891 11467 85952
1375279200 1881 5925 1949 7141
1375272000 1883 5638 1981 6272
1375264800 1876 5599 1980 6261
1375257600 1875 5590 1975 6247
1375250400 1881 5625 1947 6018
1375243200 1883 5636 1935 6001
1375236000 2254 5957 2939 6818
1375228800 4050 13949 20233 84893
1375221600 2208 10598 4840 61228
1375214400 2020 10936 6638 17829
1375207200 2523 62987 25765 1246765
1375200000 39143 52251 342051 324252
1375192800 1551 8333 1835 9586
1375185600 1557 8116 1817 9545
1375178400 1575 8418 1787 10988
1375171200 1698 10666 1888 12615
1375164000 1715 10673 2369 13811
1375156800 1701 10663 1953 14133
1375149600 1870 10847 2109 12844
1375142400 3275 31052 12582 58932
1375135200 4258 21621 12525 55116
1375128000 3202 15869 14318 31379
1375120800 2310 14871 4014 26387
1375113600 2320 16730 6984 85799
1375106400 1312 6694 1416 7611
1375099200 1352 6578 1664 8258
1375092000 1312 6223 1833 7005
1375084800 1297 6226 1466 7631
1375077600 1340 6635 1422 7686
1375070400 1331 6536 1433 7618
1375063200 1328 6542 1429 7616
1375056000 1324 6531 1508 9377
1375048800 1314 6445 1391 7390
1375041600 1317 6444 1452 7528
1375034400 1330 6514 1505 7471
1375027200 1326 6641 1619 11570
1375020000 1330 6475 1792 7438
1375012800 1305 6366 1381 7422
1375005600 1304 6276 1465 7484
1374998400 1309 6383 1421 7247
1374991200 1296 6218 1371 6960
1374984000 1305 6605 1400 8308
1374976800 1321 7498 1417 8462
1374969600 1335 7543 1442 8510
1374962400 1446 10924 3049 88177
1374955200 1367 7386 1451 7850
1374948000 1393 7616 1613 8503
1374940800 1437 7803 1958 9469
1374933600 1393 7735 1515 8910
1374926400 1380 7549 1553 8815
1374919200 1380 7436 1477 8150
1374912000 1427 7836 1543 8550
1374904800 1427 7911 1550 8971
1374897600 1419 7840 1623 9711
1374890400 1584 7940 1737 9204
1374883200 1920 13096 2260 17918
1374876000 8081 49525 93382 647619
1374868800 6302 41219 109158 770925
1374861600 870 4638 1989 7709
1374854400 1428 7585 5255 17181
1374847200 1458 8353 3228 17532
1374840000 1411 7664 2492 10622
1374832800 1442 7861 2736 10492
1374825600 1431 7776 2721 10646
1374818400 1474 7962 2940 11943
1374811200 1437 7801 2737 10922
1374804000 1608 7672 3006 11449
1374796800 2556 11704 9896 58592
1374789600 3374 15827 26214 157848
1374782400 4029 13536 17668 40078
1374775200 2212 10518 5823 22225
1374768000 1861 11800 7592 85314
1374760800 933 2534 2203 7568
1374753600 890 1885 1914 4049
1374746400 883 1942 2063 4552
1374739200 899 1900 1847 3938
1374732000 887 1960 2112 4883
1374724800 889 2013 1920 5337
1374717600 925 2293 2432 11289
1374710400 4616 14618 24489 102539
1374703200 3092 18379 11912 47711
1374696000 816 2516 1787 7441
1374688800 709 3108 9414 31461
1374681600 3802 16892 20525 83274
1374674400 691 1883 737 2877
1374667200 774 1734 2904 5810
1374660000 681 1558 721 1653
1374652800 682 1571 729 1786
1374645600 683 1587 742 1954
1374638400 775 2342 1119 5102
1374631200 1247 5126 1375 5928
1374624000 3236 14333 13647 55616
1374616800 4626 18863 17502 41986
1374609600 4765 23054 27116 172777
1374602400 2441 16855 10548 87286
1374595200 3098 14991 8348 40629
1374588000 1594 11429 2099 12327
1374580800 1592 11188 1659 11942
1374573600 1596 11198 1658 11706
1374566400 1613 11409 1730 12337
1374559200 1593 11301 1743 12597
1374552000 1524 8325 1655 11892
1374544800 1866 8553 2214 14376
1374537600 4204 17962 17978 68030
1374530400 1906 8990 4332 13180
1374523200 4060 18856 28500 159375
1374516000 3692 12852 26194 36708
1374508800 37284 42094 315013 304092
1374501600 0 653 0 1530
1374494400 0 397 0 434
1374487200 0 399 0 438
1374480000 0 385 0 408
1374472800 0 384 0 406
1374465600 0 394 0 422
1374458400 0 397 0 425
1374451200 0 398 0 423
1374444000 0 394 0 415
1374436800 0 395 0 418
1374429600 0 398 0 422
1374422400 0 395 0 415
1374415200 0 396 0 432
1374408000 0 398 0 423
1374400800 0 400 0 425
1374393600 0 397 0 428
1374386400 0 395 0 423
1374379200 0 389 0 419
1374372000 0 399 0 424
1374364800 0 391 0 421
1374357600 0 400 0 434
1374350400 0 393 0 424
1374343200 0 401 0 439
1374336000 0 382 0 414
1374328800 0 368 0 406
1374321600 0 371 0 412
1374314400 0 379 0 407
1374307200 0 379 0 402
1374300000 0 370 0 406
1374292800 0 355 0 390
1374285600 0 331 0 366
1374278400 5859 19171 21773 98927
1374271200 16751 54102 186539 414732
1374264000 3237 13031 12430 28510
1374256800 5972 29738 15372 95413
1374249600 28798 335498 227746 2129850
1374242400 1515 8115 1993 10450
1374235200 1494 7813 1559 9314
1374228000 1493 7977 1550 10208
1374220800 1522 8612 1566 9881
1374213600 1520 8612 1577 9968
1374206400 1348 4323 1551 9529
1374199200 1521 4318 1828 7952
1374192000 1933 14426 2211 25601
1374184800 3744 14832 14973 61470
1374177600 5434 19008 22534 87049
1374170400 2929 8627 11981 23157
1374163200 2084 17359 7041 79926
1374156000 3695 21724 4761 23826
1374148800 3703 21514 5072 23886
1374141600 3685 21616 4749 27213
1374134400 3697 21486 4900 24577
1374127200 3686 21478 4780 24804
1374120000 3787 21588 6870 25909
1374112800 4239 22066 5730 25471
1374105600 4788 23506 6335 32375
1374098400 4930 25019 13663 40450
1374091200 5498 29860 11723 58412
1374084000 3995 24351 8827 41991
1374076800 3511 16476 11685 83307
1374069600 751 5500 790 6268
1374062400 746 5245 788 5405
1374055200 744 5222 787 5439
1374048000 739 5188 769 5412
1374040800 759 5195 1194 5395
1374033600 743 5181 786 5389
1374026400 751 5209 779 5455
1374019200 9440 20240 283569 277034
1374012000 33640 40536 287604 277034
1374004800 3709 12522 8957 23337
1373997600 2862 17485 13717 124805
1373990400 2116 13736 13525 89383
1373983200 750 5517 816 6152
1373976000 773 5318 1237 6104
1373968800 749 5320 829 5695
1373961600 744 5284 778 5608
1373954400 987 5431 1267 5680
1373947200 1212 5551 1255 5675
1373940000 1221 5618 1290 6581
1373932800 1892 8043 14392 52509
1373925600 5094 26068 29050 172376
1373918400 1550 7301 14546 30628
1373911200 3810 12668 26731 41387
1373904000 1365 11498 9379 95836
1373896800 0 576 0 1005
1373889600 0 408 0 581
1373882400 0 393 0 449
1373875200 0 400 0 462
1373868000 0 396 0 445
1373860800 0 400 0 450
1373853600 0 398 0 468
1373846400 0 395 0 461
1373839200 0 399 0 466
1373832000 0 402 0 482
1373824800 0 402 0 487
1373817600 0 406 0 461
1373810400 0 397 0 475
1373803200 0 401 0 482
1373796000 0 401 0 458
1373788800 0 403 0 477
1373781600 0 398 0 470
1373774400 0 396 0 472
1373767200 0 392 0 450
1373760000 0 399 0 469
1373752800 0 404 0 496
1373745600 0 400 0 462
1373738400 0 401 0 482
1373731200 0 401 0 524
1373724000 0 399 0 464
1373716800 0 403 0 479
1373709600 0 403 0 454
1373702400 0 400 0 485
1373695200 0 401 0 482
1373688000 0 407 0 482
1373680800 0 409 0 489
1373673600 3691 14067 21123 56616
1373666400 5865 23338 24754 149350
1373659200 5024 16549 30673 82931
1373652000 1420 9500 11628 78343
1373644800 47964 114416 342544 1148281
1373637600 27 584 46 1108
1373630400 31 432 80 1032
1373623200 29 409 49 441
1373616000 2090 7939 3697 13281
1373608800 2423 14936 2589 147047
1373601600 2428 9281 2501 11942
1373594400 2416 9162 2681 10306
1373587200 5621 22228 12010 40750
1373580000 4364 16365 16158 36804
1373572800 4657 16501 16158 29729
1373565600 3345 15562 8706 41486
1373558400 9191 49846 107281 751822
1373551200 2470 11353 2501 11957
1373544000 2471 11103 2509 11286
1373536800 2934 31451 7977 264101
1373529600 2552 11075 3872 13464
1373522400 2615 11304 3754 13065
1373515200 2665 11488 3596 12790
1373508000 3122 12542 7159 24833
1373500800 4640 16033 13050 38542
1373493600 9383 31881 43663 88563
1373486400 5753 22042 22184 79785
1373479200 12585 62935 111619 756369
1373472000 14242 57821 61824 217039
1373464800 4087 17712 5457 19752
1373457600 4010 17332 5441 19433
1373450400 4068 17440 5459 19632
1373443200 4072 17465 5340 19319
1373436000 4083 17445 4875 18731
1373428800 4085 17457 4804 18696
1373421600 4239 17643 5054 19099
1373414400 4645 19596 6440 40841
1373407200 4663 17714 7485 54581
1373400000 4894 16787 16371 31590
1373392800 3678 13051 9239 27686
1373385600 3852 19715 6588 90823
1373378400 3710 13258 5638 30062
1373371200 3515 11866 4797 13634
1373364000 3615 12099 5053 14952
1373356800 3599 12149 5016 14390
1373349600 3541 12048 5115 14829
1373342400 3553 11929 5018 14396
1373335200 4181 12636 5944 15357
1373328000 4653 13983 6214 18454
1373320800 8181 21288 46302 58367
1373313600 4138 16403 6577 40495
1373306400 5092 18412 12856 37762
1373299200 4427 19164 23590 877342
1373292000 817 37106 18744 877342
1373284800 0 405 0 891
1373277600 0 388 0 421
1373270400 0 387 0 414
1373263200 0 390 0 424
1373256000 0 396 0 433
1373248800 0 396 0 438
1373241600 0 401 0 457
1373234400 0 401 0 450
1373227200 0 396 0 418
1373220000 0 395 0 438
1373212800 0 399 0 495
1373205600 0 395 0 427
1373198400 0 401 0 439
1373191200 0 399 0 447
1373184000 0 397 0 427
1373176800 0 398 0 435
1373169600 0 404 0 473
1373162400 0 406 0 440
1373155200 0 402 0 445
1373148000 0 457 0 538
1373140800 0 468 0 529
1373133600 0 468 0 534
1373126400 0 487 0 601
1373119200 0 476 0 542
1373112000 0 469 0 539
1373104800 0 475 0 520
1373097600 0 480 0 527
1373090400 0 480 0 543
1373083200 0 478 0 537
1373076000 0 477 0 544
1373068800 0 469 0 547
1373061600 0 473 0 547
1373054400 0 477 0 549
1373047200 0 475 0 536
1373040000 0 477 0 604
1373032800 0 467 0 538
1373025600 0 483 0 555
1373018400 0 467 0 537
1373011200 0 470 0 525
1373004000 0 476 0 545
1372996800 0 469 0 521
1372989600 0 470 0 515
1372982400 0 467 0 536
1372975200 0 477 0 533
1372968000 0 474 0 554
1372960800 0 473 0 516
1372953600 0 489 0 612
1372946400 0 477 0 527
1372939200 0 474 0 524
1372932000 0 481 0 547
1372924800 0 477 0 531
1372917600 0 478 0 553
1372910400 0 472 0 524
1372903200 0 478 0 521
1372896000 0 492 0 573
1372888800 1629 10786 7396 33439
1372881600 4820 21748 15800 85903
1372874400 3939 19039 26517 146612
1372867200 2032 11925 13362 23025
1372860000 1180 8199 4394 14271
1372852800 1000 7416 2444 10140
1372845600 1000 7405 2405 10063
1372838400 946 7455 2387 9906
1372831200 1010 7370 2355 9449
1372824000 991 7387 2349 9802
1372816800 933 7314 2340 9431
1372809600 2063 10882 10636 17794
1372802400 2359 13081 12797 38231
1372795200 2103 12630 8047 24423
1372788000 2041 11105 16589 27631
1372780800 1695 8863 6473 15776
1372773600 1064 6072 2027 7321
1372766400 1012 5673 2275 7838
1372759200 1055 5776 2408 7747
1372752000 1065 5821 2482 8700
1372744800 1003 5781 2416 7973
1372737600 1073 5943 2458 8401
1372730400 1026 5458 2413 7921
1372723200 1081 6064 3331 10639
1372716000 6638 49935 70947 495022
1372708800 606 4866 2028 7272
1372701600 899 4920 3825 8415
1372694400 38747 44450 342226 436883
1372687200 0 602 0 1064
1372680000 0 426 0 674
1372672800 0 394 0 427
1372665600 0 393 0 432
1372658400 0 382 0 423
1372651200 0 393 0 449
1372644000 0 390 0 440
1372636800 0 384 0 410
1372629600 0 386 0 428
1372622400 0 392 0 425
1372615200 0 391 0 429
1372608000 0 396 0 481
1372600800 0 389 0 419
1372593600 0 395 0 433
1372586400 0 398 0 429
1372579200 0 401 0 456
1372572000 0 395 0 431
1372564800 0 382 0 407
1372557600 0 395 0 451
1372550400 0 398 0 446
1372543200 0 456 0 521
1372536000 0 462 0 520
1372528800 0 460 0 507
1372521600 0 473 0 615
1372514400 0 465 0 516
1372507200 0 471 0 545
1372500000 0 467 0 528
1372492800 0 461 0 515
1372485600 0 466 0 516
1372478400 0 468 0 514
1372471200 0 465 0 514
1372464000 1284 7333 4121 17196
1372456800 3351 17811 13257 93401
1372449600 4099 15367 16349 38844
1372442400 3539 22880 12178 127251
1372435200 3568 19993 25005 80657
1372428000 1094 10301 2568 13493
1372420800 1080 10009 2432 12050
1372413600 1017 9916 2490 12158
1372406400 1080 9980 2468 12178
1372399200 1081 9990 2459 12329
1372392000 2140 29865 4428 47419
1372384800 3053 44953 4434 47237
1372377600 8452 56752 47015 146826
1372370400 3077 21573 6685 48078
1372363200 3089 8439 7263 10565
1372356000 2076 8697 4719 16951
1372348800 3367 21524 12134 129626
1372341600 1418 8307 2884 10830
1372334400 1474 8083 2814 10236
1372327200 1493 8227 2869 10656
1372320000 1455 8116 2898 10655
1372312800 1470 7963 2858 10695
1372305600 1472 7881 2819 10270
1372298400 3800 16481 24166 60623
1372291200 8603 40006 16328 98347
1372284000 4069 16058 12893 43749
1372276800 4073 19513 9006 38584
1372269600 3769 18122 10563 36123
1372262400 2090 16335 4194 100141
1372255200 2115 7605 3492 10053
1372248000 2133 7340 3479 9424
1372240800 2046 7249 3458 9393
1372233600 2111 7313 3480 9408
1372226400 2045 7235 3498 9515
1372219200 2110 7339 3528 9431
1372204800 5427 11744 289150 369603
1372118400 2837 12939 29689 280552
1372032000 1150 8364 2564 10599
1371945600 1254 10649 2903 17057
1371859200 2122 8746 26473 80300
1371772800 2184 9596 22297 399186
1371686400 2900 22006 15365 125647
1371600000 2996 23767 28684 136227
1371513600 2420 15593 16460 250876
1371427200 1955 14570 3429 17485
1371340800 1980 14900 3832 19215
1371254400 2242 11639 29681 117511
1371168000 5666 11186 328288 290549
1371081600 3726 16316 195345 1334465
1370995200 3697 22368 113376 940675
1370908800 2015 6699 15063 82302
1370822400 1462 5033 1954 7890
1370736000 1522 6486 1979 8133
1370649600 2976 10077 31463 96910
1370563200 7776 17084 319480 652645
1370476800 1858 8698 18012 94977
1370390400 1806 11975 14469 255008
1370304000 2668 7567 185154 279796
1370217600 937 2582 1417 5040
1370131200 957 2609 1389 3369
1370044800 2454 8725 29279 100813
1369958400 2400 12904 31440 221321
1369872000 1584 7496 30919 80347
1369785600 1770 5311 29701 188413
1369699200 0 486 0 622
1369612800 0 487 0 631
1369526400 0 494 0 668
1369440000 1692 5548 13382 85283
1369353600 1384 4683 16298 122056
1369267200 1360 4531 16076 78275
1369180800 2961 9399 37481 116843
1369094400 1620 27197 23856 303734
1369008000 200 742 1597 2856
1368921600 436 1124 2529 4209
1368835200 1461 4648 148304 168233
1368748800 0 696 0 23449
1368662400 7536 29007 272619 1302311
1368576000 3196 11811 42277 231059
1368489600 3974 18463 123132 820956
1368403200 0 491 0 594
1368316800 0 492 0 591
1368230400 1979 6685 20718 87444
1368144000 3038 9025 42336 113374
1368057600 3446 17794 43861 850040
1367971200 7060 16718 210290 499419
1367884800 3288 6511 91479 166849
1367798400 272 835 1893 9146
1367712000 277 816 2194 3395
1367625600 3439 7890 42746 90325
1367539200 4466 9725 51157 108837
1367452800 3844 7974 49951 167465
1367366400 3179 8332 65871 176667
1367280000 3581 7258 78819 115749
1367193600 0 470 0 620
1367107200 0 470 0 576
1367020800 22636 27483 300802 348809
1366934400 2638 9026 82946 171665
1366848000 0 639 0 1481
1366761600 3604 7387 58119 83639
1366675200 3334 7309 80678 175028
1366588800 0 441 0 877
1366502400 0 417 0 580
1366416000 5517 14659 79904 212635
1366329600 6491 14621 69239 158507
1366243200 6104 14568 235427 583984
1366156800 6153 13926 189087 467824
1366070400 5229 11173 73510 114914
1365984000 1477 3413 3059 6559
1365897600 1512 3474 3837 6778
1365811200 4598 10389 58762 143550
1365724800 2677 6586 53057 213275
1365638400 20113 28265 231925 254422
1365552000 5457 13915 104638 221869
1365465600 2983 6182 59509 91627
1365379200 0 629 0 831
1365292800 0 653 0 831
1365206400 20586 29146 291895 284802
1365120000 4533 9728 58964 81194
1365033600 4582 12431 53523 245700
1364947200 5669 12036 60637 116125
1364860800 2517 5716 62737 186533
1364774400 1119 2535 10537 22444
1364688000 2959 6062 65308 193460
1364601600 31335 40080 295129 378940
1364515200 5639 12166 77854 124069
1364428800 11051 22080 82893 163448
1364342400 24917 32809 318682 397097
1364256000 3529 7386 68221 119118
1364169600 0 576 0 715
1364083200 0 585 0 1059
1363996800 4173 9399 88876 152810
1363910400 4143 10137 83718 118728
1363824000 6758 19000 118713 257434
1363737600 9916 22150 205955 473238
1363651200 4274 8551 109126 109730
1363564800 0 536 0 723
1363478400 0 542 0 815
1363392000 2717 6404 40537 80343
1363305600 25565 30920 324741 396230
1363219200 6443 14334 61731 161991
1363132800 3819 7816 136170 158099
1363046400 4223 9611 210286 551769
1362960000 223 1296 2463 108045
1362873600 966 2313 54619 68921
1362787200 25987 33869 416183 416597
1362700800 7613 11167 106252 116005
1362614400 10465 18574 204386 501126
1362528000 7480 11979 109490 177123
1362441600 8543 12321 226995 233016
1362355200 0 577 0 700
1362268800 0 581 20 712
1362182400 14469 22963 292354 296948
1362096000 13065 19529 220742 323063
1362009600 9419 16435 282898 306078
1361923200 6150 10721 87876 305468
1361836800 5712 8891 165813 175013
1361750400 168 792 1576 3020
1361664000 530 1281 37592 39265
1361577600 7920 14157 151441 170635
1361491200 6985 13002 120055 352535
1361404800 4477 9533 98075 99183
1361318400 24114 31560 337194 572146
1361232000 0 503 0 618
1361145600 0 499 0 607
1361059200 58 565 26052 33309
1360972800 6755 13451 87795 107551
1360886400 25107 29160 345174 357454
1360800000 4288 8553 114232 308320
1360713600 7061 11001 118730 129714
1360627200 7572 11970 171508 172064
1360540800 0 490 0 679
1360454400 0 502 0 637
1360368000 5152 9384 105369 203909
1360281600 7908 14278 94611 210048
1360195200 12373 22787 328108 679141
1360108800 5638 12638 135854 930962
1360022400 6955 13168 201107 512355
1359936000 239 815 2074 3305
1359849600 1600 2793 83698 125703
1359763200 6818 10675 230961 257392
1359676800 9237 14766 94992 141066
1359590400 7016 13805 142201 374315
1359504000 9580 18675 110361 248569
1359417600 8309 12930 197669 237043
1359331200 0 467 0 639
1359244800 307 1052 29379 57467
1359158400 11976 18158 214283 454015
1359072000 11621 19288 191208 223167
1358985600 6628 12016 124089 211152
1358899200 4850 7914 138229 190736
1358812800 0 471 0 618
1358726400 0 468 0 586
1358640000 2131 3693 218640 315951
1358553600 16886 23651 320044 452363
1358467200 4836 8600 131138 233187
1358380800 5375 8453 66042 77213
1358294400 5295 8670 64464 107044
1358208000 28030 29628 373580 400404
1358121600 881 2717 2239 4692
1358035200 927 2925 13580 40190
1357948800 7123 15279 85839 227713
1357862400 5487 13467 80713 200287
1357776000 23717 29118 283027 559668
1357689600 4793 10634 217376 484524
1357603200 1845 3515 48333 59841
1357516800 235 1007 1524 3052
1357430400 253 1077 8304 15688
1357344000 2460 5633 75973 80731
1357257600 4525 7321 150791 160611
1357171200 1796 6434 46988 182935
1357084800 0 482 0 591
1356998400 0 547 0 1892
1356912000 0 475 0 564
1356825600 0 489 0 661
1356739200 0 559 0 1353
1356652800 0 533 0 1193
1356566400 0 543 0 1330
1356480000 0 437 0 533
1356393600 0 440 0 544
1356307200 0 446 0 608
1356220800 41 558 55693 71600
1356134400 23246 28021 280717 406055
1356048000 6700 13638 85012 149533
1355961600 6364 12417 83688 150343
1355875200 5362 9549 58716 126470
1355788800 4988 9757 97082 303594
1355702400 0 515 0 615
1355616000 809 2358 90366 249612
1355529600 7013 15982 64944 197503
1355443200 5377 10955 99431 158403
1355356800 23728 29308 290002 300058
1355270400 4918 9246 84902 249257
1355184000 2304 5250 109144 189575
1355097600 0 473 0 591
1355011200 58 579 59276 62425
1354924800 22973 35522 359042 587306
1354838400 10117 26445 359042 353589
1354752000 5167 12229 239304 493238
1354665600 6036 12027 138636 155019
1354579200 4009 9122 90532 192889
1354492800 0 468 0 547
1354406400 18 498 7755 7128
1354320000 3000 17244 105925 194625
1354233600 5716 12510 112516 341087
1354147200 25565 28283 280755 290929
1354060800 12435 16138 286846 377511
1353974400 18409 20472 285256 411729
1353888000 0 425 0 528
1353801600 0 424 0 522
1353715200 0 423 0 519
1353628800 0 427 0 551
1353542400 11247 16922 458288 516112
1353456000 8492 18629 272499 1409218
1353369600 2677 5973 40275 79502
1353283200 183 1761 3526 140492
1353196800 224 1479 2817 4733
1353110400 3385 7976 35434 80692
1353024000 5011 11788 220979 512126
1352937600 37085 41574 691652 607365
1352851200 3017 5835 42013 69802
1352764800 1556 5216 45822 170371
1352678400 0 497 0 657
1352592000 318 1039 48193 71010
1352505600 2041 5056 46042 80777
1352419200 20155 27287 393391 626479
1352332800 2706 7494 51942 95924
1352246400 4842 11301 54756 112706
1352160000 4321 8622 223694 585774
1352073600 0 484 0 970
1351987200 0 477 0 1049
1351900800 28778 39407 511292 1071414
1351814400 0 707 0 1460
1351728000 0 611 0 1580
1351641600 0 443 0 1004
1351555200 0 482 0 708
1351468800 0 498 0 614
1351382400 0 500 0 654
1351296000 3536 7150 98173 228560
1351209600 12288 28005 452146 943931
1351123200 6101 15561 94943 214265
1351036800 5632 13879 132742 162624
1350950400 4067 12180 59338 151449
1350864000 232 1504 1538 4191
1350777600 231 1500 1516 3070
1350691200 8257 17834 164515 202119
1350604800 6111 12864 59792 96101
1350518400 3694 8337 49620 107308
1350432000 3657 8019 53030 70171
1350345600 20882 23506 281722 271735
1350259200 206 861 1919 2426
1350172800 205 862 1508 2398
1350086400 1723 9219 51580 1175448
1350000000 25282 28528 292137 345595
1349913600 6989 9947 432647 359791
1349827200 2919 6982 39753 89789
1349740800 3369 10108 86318 171495
1349654400 209 1284 1519 2778
1349568000 213 1293 1497 2784
1349481600 2315 7738 38717 80303
1349395200 3026 9664 66062 188709
1349308800 3621 10309 43605 160485
1349222400 4223 8598 377385 507287
1349136000 34441 42332 415088 559256
1349049600 538 3585 3937 10129
1348963200 543 3593 3870 8293
1348876800 7773 11764 408127 360370
1348790400 7146 31004 254115 2051121
1348704000 1498 5159 22855 86595
1348617600 2546 9165 27721 94392
1348531200 6121 7408 442049 352110
1348444800 139 726 2872 3901
1348358400 515 1430 3373 6970
1348272000 940 3363 8729 100078
1348185600 3353 6640 261563 252087
1348099200 1956 6825 34358 143986
1348012800 1787 5270 21998 102610
1347926400 866 2169 6983 15758
1347840000 482 1460 2036 5187
1347753600 486 1483 1808 4077
1347667200 4103 6204 250993 244341
1347580800 1628 4903 230270 388062
1347494400 8052 108523 389972 5140696
1347408000 2394 15995 110852 744297
1347321600 1002 5621 93207 178619
1347235200 0 620 0 715
1347148800 0 626 0 809
1347062400 0 825 0 1692
1346976000 0 818 0 1957
1346889600 0 791 0 2312
1346803200 0 858 0 1800
1346716800 0 625 0 1075
1346630400 0 601 0 737
1346544000 0 611 0 739
1346457600 7592 10069 1458971 1461092
1346371200 13658 25172 2133687 2148626
1346284800 6597 19471 67032 206293
1346198400 5007 13036 231161 208784
1346112000 8680 13300 255051 427259
1346025600 379 1114 2917 3912
1345939200 380 1120 2529 3485
1345852800 3292 6520 77126 155891
1345766400 3503 6349 47934 175808
1345680000 1898 3843 42094 49189
1345593600 609 1902 5084 40765
1345507200 1226 4140 75590 293057
1345420800 166 804 1478 2419
1345334400 167 822 1478 2473
1345248000 348 1777 5981 37134
1345161600 789 3369 12438 69520
1345075200 20533 25248 385419 396305
1344988800 4559 7904 221269 204235
1344902400 816 2482 57399 69350
1344816000 0 641 0 786
1344729600 0 644 0 767
1344643200 1546 4950 22737 128517
1344556800 1625 5374 43549 120493
1344470400 29291 37737 478780 507964
1344384000 13417 19496 338951 448702
1344297600 2285 5541 128419 200930
1344211200 659 1912 3244 5163
1344124800 656 1981 4129 6016
1344038400 9612 17316 456396 405307
1343952000 3635 13686 82814 1127880
1343865600 3000 12620 159728 748003
1343779200 1788 5926 22128 101355
1343692800 2311 6139 40793 108333
1343606400 384 1012 2951 3920
1343520000 384 1084 2883 3937
1343433600 3373 10775 76781 460282
1343347200 4194 10463 53820 106919
1343260800 6232 15577 214126 516514
1343174400 4000 10599 55727 173045
1343088000 5884 12262 227275 315025
1343001600 1386 4827 2863 7086
1342915200 1393 4842 2947 7404
1342828800 1514 4857 24211 132034
1342742400 9737 15256 470099 483159
1342656000 7839 12996 434279 375246
1342569600 2678 8991 37311 143977
1342483200 1133 3699 22193 87243
1342396800 532 2122 1832 4499
1342310400 532 2121 1831 3767
1342224000 2546 11469 98952 622305
1342137600 2003 8136 111667 641355
1342051200 7391 25093 441298 450648
1341964800 1824 15176 35768 338007
1341878400 2206 8946 39023 210729
1341792000 262 2478 1563 5080
1341705600 264 2494 1915 4078
1341619200 1635 7175 29958 139524
1341532800 2146 10727 46614 247182
1341446400 261 2426 1578 4114
1341360000 2988 12405 185075 1098755
1341273600 1298 5270 31365 79873
1341187200 244 1807 1699 17216
1341100800 244 1750 1596 3398
1341014400 2125 8571 20955 69190
1340928000 2330 10780 23803 96687
1340841600 2567 11574 23347 92582
1340755200 2079 11899 42602 402474
1340668800 3299 17272 191848 1013335
1340582400 930 3792 2260 7244
1340496000 931 3920 2286 24656
1340409600 1523 5353 24316 56656
1340323200 1333 8353 51539 316383
1340236800 1834 7020 28839 234806
1340150400 6600 9505 426412 424494
1340064000 1872 6757 23739 64450
1339977600 1247 1933 3819 4977
1339891200 1244 2027 3785 5293
1339804800 15492 10849 2841017 648620
1339718400 1864 6671 29015 130429
1339632000 1260 5002 24303 92928
1339545600 1494 5791 22038 166663
1339459200 1497 12368 20527 164924
1339372800 1249 12861 4881 110610
1339286400 1247 12701 3764 48121
1339200000 2341 9970 25591 382130
1339113600 2677 7568 24909 82146
1339027200 2745 23750 22464 58304
1338940800 2831 15724 27936 92285
1338854400 7391 46264 1089331 1108585
1338768000 2561 40818 4873 43569
1338681600 2550 40788 4897 43723
1338595200 2396 10624 32741 129115
1338508800 4178 10573 627391 634786
1338422400 2306 6267 24971 57304
1338336000 1621 14299 21616 201535
1338249600 196 1435 1503 3097
1338163200 201 1442 1518 3072
1338076800 196 1434 1517 3299
1337990400 10669 36622 469215 1410670
1337904000 3714 23488 33398 210722
1337817600 2969 14029 29406 89836
1337731200 5277 7323 415740 346939
1337644800 1876 15504 30404 349478
1337558400 9 659 16 796
1337472000 13 659 17 798
1337385600 15682 23919 2723554 2761545
1337299200 13 867 32 1603
1337212800 11435 15718 1473027 1506831
1337126400 1240 5333 15372 112654
1337040000 5672 7356 454500 418133
1336953600 376 1230 4734 7784
1336867200 491 1511 5116 25299
1336780800 2393 9068 21053 162596
1336694400 1996 7779 26807 79040
1336608000 2181 10722 33277 86208
1336521600 2408 22714 22525 61223
1336435200 1736 6638 26094 97440
1336348800 985 1740 5334 8171
1336262400 976 2190 6194 40411
1336176000 2669 9689 33202 111959
1336089600 2156 6004 71624 204513
1336003200 931 1956 5361 9227
1335916800 2059 7105 30932 141783
1335830400 2060 10400 33303 97028
1335744000 961 6709 5345 13259
1335657600 934 6802 5329 20865
1335571200 2050 7907 25088 72348
1335484800 5760 10987 663413 699086
1335398400 11528 15178 476491 402872
1335312000 2443 8043 28144 90837
1335225600 10017 11610 2656740 2656130
1335139200 400 1230 5107 8113
1335052800 410 1262 4764 7832
1334966400 1862 5557 22458 69420
1334880000 1972 6551 23512 99884
1334793600 6411 8464 451236 368952
1334707200 1522 3574 11617 35255
1334620800 828 3007 9964 95325
1334534400 9 728 13 870
1334448000 9 728 12 885
1334361600 1436 4356 30689 47684
1334275200 7771 13086 434522 386273
1334188800 1667 5000 28754 147014
1334102400 752 2866 8366 70192
1334016000 3552 6237 813152 820038
1333929600 9 709 13 870
1333843200 9 713 13 865
1333756800 2544 8506 206238 284705
1333670400 2940 5342 210314 202409
1333584000 3419 8973 159265 156135
1333497600 2327 5401 73952 80777
1333411200 778 2282 23456 46481
1333324800 9 698 14 848
1333238400 9 710 13 853
1333152000 3501 10151 50636 136552
1333065600 1669 4128 29965 60066
1332979200 2456 7451 28145 86072
1332892800 2285 6118 43097 102888
1332806400 1088 3289 21019 47970
1332720000 9 668 13 814
1332633600 9 685 14 1312
1332547200 2951 15161 26461 300047
1332460800 2567 7963 74079 82930
1332374400 2446 8869 22493 131450
1332288000 4172 7751 279245 257774
1332201600 5797 8467 446337 345069
1332115200 2759 10840 11810 28321
1332028800 4205 16959 8791 23522
1331942400 4246 12288 108684 91078
1331856000 6076 7538 521435 416894
1331769600 6691 8971 468544 364627
1331683200 2477 24616 32151 233903
1331596800 7398 15358 436053 427920
1331510400 688 1914 6079 9289
1331424000 755 2237 10087 15622
1331337600 2052 11669 21596 426334
1331251200 1973 5105 25282 36459
1331164800 4901 8000 461252 420045
1331078400 9660 13956 430229 371312
1330992000 871 2802 19248 25714
1330905600 9 854 13 1014
1330819200 9 870 13 1028
1330732800 5445 7791 351040 341674
1330646400 3201 7065 162082 241426
1330560000 1501 4054 24524 99722
1330473600 1428 3227 23454 35929
1330387200 2115 6845 43071 131089
1330300800 9 770 14 889
1330214400 9 778 750 3905
1330128000 6841 10341 424572 420052
1330041600 2378 6115 26862 93988
1329955200 1629 5550 38992 141297
1329868800 2954 10559 290030 492632
1329782400 9 766 14 943
1329696000 9 766 13 905
1329609600 9 773 13 934
1329523200 1333 3845 10772 91305
1329436800 8181 15352 423032 372684
1329350400 6205 22355 19749 150693
1329264000 7757 21249 272574 307403
1329177600 2229 8335 24904 103784
1329091200 101 847 114 1080
1329004800 101 850 116 1229
1328918400 1960 5677 36371 101022
1328832000 1573 4998 15287 77241
1328745600 698 2216 6697 20851
1328659200 693 2678 33644 121395
1328572800 663 2750 46800 150588
1328486400 100 800 116 943
1328400000 100 802 115 1173
1328313600 880 6705 22823 268057
1328227200 1595 4404 138089 140740
1328140800 2046 6117 194320 200759
1328054400 14220 5882 962679 257617
1327968000 3309 6014 509871 510451
1327881600 100 977 118 1105
1327795200 100 989 118 1173
1327708800 1698 4237 26267 82455
1327622400 4131 7210 277266 247352
1327536000 1471 3990 44172 91622
1327449600 3090 5850 271215 250047
1327363200 1152 4535 32513 91363
1327276800 101 984 116 1125
1327190400 102 999 115 1326
1327104000 2139 5344 23314 34805
1327017600 2329 7069 11388 72726
1326931200 1883 6082 23485 55624
1326844800 1556 5467 17733 198908
1326758400 839 2792 6467 10490
1326672000 855 2812 5136 9298
1326585600 838 2800 5125 9265
1326499200 1673 4371 17041 43577
1326412800 7577 11696 281176 250667
1326326400 7070 11436 468864 394524
1326240000 7405 12466 415197 352947
1326153600 6836 12278 443073 406370
1326067200 1097 4277 6300 11683
1325980800 1094 4407 7282 19108
1325894400 1976 6678 18985 50067
1325808000 1955 6575 22240 62882
1325721600 1258 6138 25004 164799
1325635200 839 4136 16509 193812
1325548800 1 922 5 1147
1325462400 1 919 5 1171
1325376000 1 924 6 1067
1325289600 1 1051 5 1297
1325203200 1 1211 6 2091
1325116800 1 1057 6 1812
1325030400 1 992 6 1426
1324944000 1 916 5 1042
1324857600 1 914 5 1044
1324771200 1 914 5 1030
1324684800 1 927 4 1196
1324598400 1 1011 5 1617
1324512000 1 1039 5 1878
1324425600 1 1070 6 2070
1324339200 1 1039 5 1881
1324252800 1 898 5 1047
1324166400 202 1289 41324 76951
1324080000 8415 16274 251150 258210
1323993600 5719 7959 411993 332285
1323907200 1261 6063 19605 254968
1323820800 1807 5897 32295 116692
1323734400 5763 10786 411480 352056
1323648000 767 2683 6640 10351
1323561600 774 2731 6375 10852
1323475200 1224 4384 11078 75707
1323388800 1599 5739 14061 36963
1323302400 3267 12314 54132 460834
1323216000 2527 17164 36750 1133363
1323129600 4419 11359 195082 297606
1323043200 739 2273 5695 9683
1322956800 737 2277 7120 11207
1322870400 711 2385 6276 10133
1322784000 2126 9409 34942 960320
1322697600 1985 5965 26402 83250
1322611200 5116 8376 404211 378633
1322524800 881 4405 19314 133746
1322438400 1 993 5 1226
1322352000 1 983 5 1161
1322265600 1 987 5 1146
1322179200 1 991 6 1170
1322092800 825 4115 7700 72798
1322006400 1535 6725 24118 89284
1321920000 1588 5799 23905 68122
1321833600 728 3321 6262 10978
1321747200 744 3345 6275 10997
1321660800 1495 4986 13074 78239
1321574400 1416 5942 19541 121238
1321488000 1351 5661 15681 116101
1321401600 1984 10576 26534 255875
1321315200 1732 5755 19730 140006
1321228800 1136 3191 6698 10769
1321142400 1188 3421 6723 13224
1321056000 1448 5800 34149 86270
1320969600 6306 10210 431425 390898
1320883200 2330 8198 36819 114346
1320796800 1989 5774 29785 71847
1320710400 3409 8740 314514 388842
1320624000 747 2686 6269 10098
1320537600 747 2652 6345 10754
1320451200 1296 4155 23264 45631
1320364800 1483 4673 22335 65265
1320278400 1846 5782 22074 157277
1320192000 1937 5247 34288 138812
1320105600 4665 9404 661412 667268
1320019200 880 2336 5552 9189
1319932800 888 2342 8585 13685
1319846400 1751 5337 26090 227627
1319760000 5236 10105 267787 260078
1319673600 1722 4607 19960 91765
1319587200 1872 5718 34710 85767
1319500800 3102 8716 194063 452970
1319414400 882 2912 6149 10081
1319328000 882 2915 9413 15510
1319241600 844 3029 6149 10149
1319155200 871 3085 8666 14378
1319068800 1196 4158 14147 88671
1318982400 2792 8177 30473 91161
1318896000 2192 6425 23569 88267
1318809600 966 2743 7389 11609
1318723200 954 2727 8626 13865
1318636800 2827 7100 33971 76010
1318550400 5609 8920 410683 387504
1318464000 2640 19908 36604 510697
1318377600 2603 8574 73711 526541
1318291200 2087 6544 37892 254565
1318204800 1083 3044 8801 14532
1318118400 1084 3033 6563 11225
1318032000 1969 5410 25543 214838
1317945600 510700 17937 10924754 501679
1317859200 1636 7349 29651 267853
1317772800 977 4161 18195 80362
1317686400 2916 7233 289967 295752
1317600000 862 2170 6093 9546
1317513600 885 2211 6962 11189
1317427200 8396 11945 442670 437238
1317340800 2962 7740 43061 261679
1317254400 8804 13399 445044 495587
1317168000 1051 3246 32267 36585
1317081600 2242 7933 25260 173447
1316995200 584 2056 5387 8787
1316908800 569 2039 5353 8656
1316822400 1715 4506 19666 122466
1316736000 2676 6555 57552 88313
1316649600 1935 4042 31410 71006
1316563200 2339 5855 29121 101454
1316476800 7846 10606 1840509 1841398
1316390400 823 1836 8534 13282
1316304000 855 2726 8872 250359
1316217600 1945 6788 21704 269556
1316131200 5840 11532 433641 512738
1316044800 1587 6946 22877 304011
1315958400 1372 5133 24164 72764
1315872000 1381 4806 18888 89055
1315785600 346 1673 3044 7117
1315699200 382 1770 3793 10712
1315612800 1946 5205 183391 167461
1315526400 1454 4934 28234 254509
1315440000 1071 3510 19143 86465
1315353600 1429 3531 19006 36204
1315267200 769 1680 8665 13244
1315180800 767 1678 5552 8677
1315094400 769 1681 8729 13382
1315008000 1055 3788 17711 51384
1314921600 631 2381 7136 62808
1314835200 4810 6561 445185 390053
1314748800 563 2713 8249 107511
1314662400 0 485 0 1710
1314576000 0 284 0 364
1314489600 0 297 0 358
1314403200 32 903 5555 10893
1314316800 1757 5664 24402 50592
1314230400 5239 7082 26333 28200
1314144000 852 5661 9858 211641
1314057600 1530 6302 12054 88033
1313971200 965 2722 6448 10029
1313884800 955 2717 6198 10041
1313798400 2964 10258 36798 188587
1313712000 2730 10658 45697 349585
1313625600 1794 6140 17092 43436
1313539200 1780 5944 9964 34969
1313452800 1548 5525 9699 32713
1313366400 977 3298 8634 14640
1313280000 949 3291 6148 10500
1313193600 1632 4924 20535 105831
1313107200 1724 4160 28435 74822
1313020800 5244 8613 498377 421573
1312934400 1302 5503 7879 74169
1312848000 8003 15376 443111 394212
1312761600 1794 6534 3321 9398
1312675200 1834 6663 9978 32602
1312588800 8194 14459 470799 700281
1312502400 1638 15975 17051 539287
1312416000 776 3531 9442 20310
1312329600 814 3879 8815 31681
1312243200 1477 4935 9805 104865
1312156800 980 3018 6400 10273
1312070400 949 2978 6734 11132
1311984000 1401 10835 9729 22448
1311897600 1616 8372 26114 117238
1311811200 2644 11302 192691 753240
1311724800 7652 15346 509574 765683
1311638400 2856 6238 219630 302666
1311552000 1004 2929 6162 10058
1311465600 1000 2943 6070 10012
1311379200 1779 5022 21009 46950
1311292800 1460 4807 11221 100019
1311206400 2434 6610 197392 214526
1311120000 1738 6227 28687 270376
1311033600 1492 4043 15045 55124
1310947200 939 2329 8925 13050
1310860800 917 2307 7568 11170
1310774400 1671 5774 45247 610969
1310688000 1428 3916 14091 42360
1310601600 4497 7179 470510 449135
1310515200 4172 6692 378209 341660
1310428800 772 2842 6917 19972
1310342400 366 1326 2059 4664
1310256000 365 1335 3492 7577
1310169600 1031 4927 28103 419180
1310083200 805 2416 47324 15930
1309996800 734 2406 8660 26218
1309910400 2549 5033 510655 511027
1309824000 0 591 0 771
1309737600 0 592 0 721
1309651200 0 587 0 721
1309564800 980 2289 6908 12508
1309478400 2063 4265 175973 155362
1309392000 1220 4773 11282 65140
1309305600 1254 6786 48638 686933
1309219200 1337 3416 19243 29261
1309132800 951 1916 6283 9098
1309046400 925 1886 10310 15411
