1377805801 184711872 3312391785
1377805801 1 827 1 827
1377805502 51 784 51 784
1377805500 50 784 51 876
1377805200 3 875 44 876
1377804900 43 829 44 830
1377804600 12 696 12 937
1377804300 12 960 33 4397
1377804000 33 4384 35 4397
1377803700 34 785 35 899
1377803400 1 898 34 899
1377803100 33 870 34 871
1377802800 1 705 4 971
1377802500 3 970 4 971
1377802200 1 818 35 819
1377801900 34 735 35 893
1377801600 18 892 61 893
1377801300 60 864 61 865
1377801000 1 798 30 821
1377800700 29 820 30 821
1377800400 1 791 35 866
1377800100 34 865 35 866
1377799800 1 735 122 1529
1377799500 121 1526 122 1529
1377799200 1 801 3 802
1377798900 2 673 3 756
1377798600 1 756 34 800
1377798300 33 799 34 800
1377798000 1 652 3 675
1377797700 2 675 3 747
1377797400 1 746 3 747
1377797100 2 669 3 729
1377796800 1 728 35 729
1377796500 34 684 35 685
1377796200 1 675 3 747
1377795900 2 746 3 747
1377795600 1 645 9 697
1377795300 9 753 50 9173
1377795000 49 9121 50 9173
1377794700 47 1468 48 4480
1377794400 15 4454 16 4480
1377794100 11 755 63 5102
1377793800 62 5073 63 5102
1377793500 3 754 33 766
1377793200 33 765 35 766
1377792900 34 730 35 731
1377792600 1 705 4 941
1377792300 3 939 4 941
1377792000 1 745 34 797
1377791700 33 796 34 797
1377791400 1 719 35 851
1377791100 34 851 35 885
1377790800 31 884 32 885
1377790500 3 793 43 794
1377790200 42 780 43 943
1377789900 33 941 34 943
1377789600 1 619 35 818
1377789300 35 818 43 857
1377789000 42 856 43 857
1377788700 2 753 3 842
1377788400 2 844 52 1264
1377788100 51 1259 52 1264
1377787800 41 650 42 770
1377787500 34 770 35 797
1377787200 31 795 32 797
1377786900 19 614 20 723
1377786600 1 723 35 860
1377786300 34 858 35 860
1377786000 1 591 35 838
1377785700 34 837 35 838
1377785400 1 754 21 1036
1377785100 20 1037 21 1206
1377784800 1 1204 125 1206
1377784500 124 921 125 964
1377784200 1 964 111 1129
1377783900 110 1126 111 1129
1377783600 1 726 3 731
1377783300 4 1013 204 43132
1377783000 203 42991 204 43132
1377782700 88 958 89 962
1377782400 1 503 3 569
1377782100 2 569 3 569
1377781800 1 570 3 767
1377781500 2 764 3 767
1377781200 1 379 3 389
1377780900 2 389 3 402
1377780600 1 401 3 402
1377780300 2 386 3 487
1377780000 1 486 3 487
1377779700 2 401 3 402
1377779400 1 373 3 390
1377779100 2 389 3 390
1377778800 1 374 3 400
1377778500 2 399 3 400
1377778200 1 381 3 382
1377777900 2 353 3 379
1377777600 1 379 3 382
1377777300 2 383 3 714
1377777000 1 712 3 714
1377776700 2 505 3 506
1377776400 1 352 3 371
1377776100 2 370 3 371
1377775800 1 340 3 376
1377775500 2 375 3 376
1377775200 1 358 3 359
1377774900 2 345 3 357
1377774600 1 357 3 366
1377774300 2 365 3 366
1377774000 1 354 3 382
1377773700 2 381 3 382
1377773400 1 360 3 361
1377773100 2 351 3 352
1377772800 1 339 3 381
1377772500 2 380 3 381
1377772200 1 325 3 350
1377771900 2 350 3 373
1377771600 1 372 3 373
1377771300 2 362 3 363
1377771000 1 342 3 355
1377770700 2 355 3 388
1377770400 1 387 3 388
1377770100 2 369 3 370
1377769800 1 342 3 362
1377769500 2 361 3 362
1377769200 1 350 3 353
1377768900 2 352 3 353
1377768600 1 345 3 377
1377768300 2 376 3 377
1377768000 1 354 3 355
1377767700 2 350 3 362
1377767400 1 361 3 362
1377767100 2 359 3 368
1377766800 1 368 3 379
1377766500 2 378 3 379
1377766200 1 356 3 357
1377765900 2 349 3 372
1377765600 1 371 3 372
1377765300 2 362 3 363
1377765000 1 335 3 365
1377764700 2 365 3 389
1377764400 1 388 3 389
1377764100 3 349 4 358
1377763800 4 358 4 358
1377763500 3 358 4 372
1377763200 1 371 3 372
1377762900 2 342 3 374
1377762600 1 373 3 374
1377762300 2 362 3 363
1377762000 1 357 3 365
1377761700 2 364 3 365
1377761400 1 361 3 378
1377761100 2 377 3 378
1377760800 1 359 3 359
1377760500 2 358 3 359
1377760200 1 357 3 358
1377759900 2 356 3 359
1377759600 1 359 3 370
1377759300 2 369 3 370
1377759000 1 350 3 360
1377758700 2 359 3 360
1377758400 1 354 3 365
1377758100 2 364 3 365
1377757800 1 321 3 346
1377757500 2 345 3 346
1377757200 1 340 3 341
1377756900 2 316 3 335
1377756600 1 335 3 343
1377756300 2 342 3 343
1377756000 1 339 3 343
1377755700 2 343 3 359
1377755400 1 358 3 359
1377755100 2 334 3 335
1377754800 1 331 3 371
1377754500 2 370 3 371
1377754200 1 353 3 361
1377753900 2 360 3 361
1377753600 1 358 3 361
1377753300 2 360 3 361
1377753000 1 330 3 331
1377752700 2 331 3 363
1377752400 1 362 3 363
1377752100 2 358 3 359
1377751800 1 335 54 502
1377751500 54 503 166 671
1377751200 164 668 166 671
1377750900 2 353 3 354
1377750600 1 321 3 364
1377750300 2 363 3 364
1377750000 1 338 3 339
1377749700 3 331 4 363
1377749400 4 362 4 363
1377749100 3 340 4 344
1377748800 1 344 3 365
1377748500 2 365 3 367
1377748200 1 366 3 367
1377747900 2 356 3 357
1377747600 1 349 3 384
1377747300 2 383 3 384
1377747000 1 346 3 347
1377746700 2 334 3 391
1377746400 1 390 3 391
1377746100 2 369 3 370
1377745800 1 359 3 360
1377745500 2 347 3 367
1377745200 1 366 3 367
1377744900 2 352 3 357
1377744600 1 357 3 359
1377744300 2 358 3 359
1377744000 1 356 3 357
1377743700 2 351 3 364
1377743400 1 363 3 364
1377743100 2 362 3 363
1377742800 1 362 3 363
1377742500 2 356 3 361
1377742200 1 361 3 363
1377741900 2 362 3 363
1377741600 1 358 3 359
1377741300 2 358 3 359
1377741000 1 350 3 350
1377740700 2 350 3 364
1377740400 1 363 3 364
1377740100 2 350 3 350
1377739800 1 349 3 350
1377739500 2 348 3 385
1377739200 1 384 3 385
1377738900 2 347 3 355
1377738600 1 355 3 379
1377738300 2 378 3 379
1377738000 1 344 3 345
1377737700 2 338 3 355
1377737400 1 355 3 365
1377737100 2 364 3 365
1377736800 1 354 3 355
1377736500 2 345 3 372
1377736200 1 371 3 372
1377735900 2 339 3 366
1377735600 1 365 3 366
1377735300 2 364 3 366
1377735000 1 365 3 366
1377734700 2 339 3 359
1377734400 1 359 3 364
1377734100 2 363 3 364
1377733800 1 351 3 360
1377733500 2 359 3 360
1377733200 1 343 3 365
1377732900 2 364 3 365
1377732600 1 321 3 370
1377732300 2 369 3 370
1377732000 1 365 3 366
1377731700 2 354 3 355
1377731400 1 346 3 379
1377731100 2 378 3 379
1377730800 1 339 33 446
1377730500 32 446 33 458
1377730200 1 458 35 533
1377729900 35 534 62 812
1377729600 61 810 62 812
1377729300 2 549 3 663
1377729000 1 663 3 713
1377728700 2 712 3 713
1377728400 1 552 103 817
1377728100 102 816 103 817
1377727800 73 791 74 792
1377727500 3 655 76 1672
1377727200 75 1668 76 1672
1377726900 3 763 4 764
1377726600 0 662 35 901
1377726300 34 900 35 901
1377726000 31 788 32 789
1377725700 3 686 4 810
1377725400 0 809 4 810
1377725100 4 797 27 798
1377724800 27 729 77 1088
1377724500 76 1086 77 1088
1377724200 32 792 46 826
1377723900 45 826 46 829
1377723600 0 828 45 829
1377723300 45 760 157 815
1377723000 156 815 157 970
1377722700 35 969 58 970
1377722400 57 834 58 927
1377722100 30 926 74 927
1377721800 74 885 104 1194
1377721500 103 1190 104 1194
1377721200 1 609 35 867
1377720900 34 866 35 867
1377720600 31 808 32 809
1377720300 3 677 32 838
1377720000 32 838 35 871
1377719700 34 870 35 871
1377719400 1 692 79 856
1377719100 78 856 79 861
1377718800 31 860 32 861
1377718500 2 711 3 712
1377718200 1 683 20 945
1377717900 19 944 20 945
1377717600 1 748 34 980
1377717300 33 979 34 980
1377717000 32 856 95 1292
1377716700 94 1288 95 1292
1377716400 17 731 18 849
1377716100 2 849 3 987
1377715800 1 985 35 987
1377715500 34 713 35 850
1377715200 31 849 32 850
1377714900 2 771 3 773
1377714600 1 606 3 863
1377714300 2 862 3 863
1377714000 1 805 35 806
1377713700 34 679 35 858
1377713400 31 858 32 867
1377713100 3 902 116 6175
1377712800 115 6157 116 6175
1377712500 2 846 3 847
1377712200 1 794 35 795
1377711900 35 773 50 1028
1377711600 49 1026 50 1028
1377711300 29 844 30 846
1377711000 1 647 3 887
1377710700 2 886 3 887
1377710400 1 729 35 730
1377710100 34 713 35 1025
1377709800 31 1023 32 1025
1377709500 3 858 78 1826
1377709200 77 1823 78 1826
1377708900 2 1000 3 1157
1377708600 1 1155 35 1157
1377708300 34 938 35 961
1377708000 32 961 45 1100
1377707700 44 1097 45 1100
1377707400 1 666 30 811
1377707100 29 811 30 843
1377706800 1 842 34 843
1377706500 33 786 34 787
1377706200 32 688 33 1029
1377705900 2 1027 3 1029
1377705600 1 748 3 749
1377705300 3 685 27 862
1377705000 27 862 35 876
1377704700 34 874 35 876
1377704400 31 642 32 1004
1377704100 3 1004 44 1121
1377703800 43 1122 44 1428
1377703500 29 1426 30 1428
1377703200 0 906 35 907
1377702900 34 839 35 1014
1377702600 32 1014 36 1042
1377702300 35 1042 36 1086
1377702000 13 1102 26 3553
1377701700 25 3535 26 3553
1377701400 10 906 35 908
1377701100 35 716 40 717
1377700800 39 663 40 1125
1377700500 6 1123 10 1125
1377700200 10 679 11 775
1377699900 11 781 13 1679
1377699600 13 1762 109 14160
1377699300 108 14070 109 14160
1377699000 32 801 33 1060
1377698700 2 1059 19 1060
1377698400 18 847 19 849
1377698100 1 695 2 847
1377697800 1 848 83 1139
1377697500 83 1175 103 6677
1377697200 102 6637 103 6677
1377696900 2 724 3 847
1377696600 1 846 3 847
1377696300 3 645 3 709
1377696000 3 708 3 709
1377695700 3 697 101 1110
1377695400 100 1106 101 1110
1377695100 2 581 3 582
1377694800 1 390 3 391
1377694500 2 387 3 388
1377694200 1 381 3 475
1377693900 2 475 3 484
1377693600 1 483 3 484
1377693300 2 424 3 425
1377693000 1 366 3 385
1377692700 2 385 3 532
1377692400 1 531 3 532
1377692100 2 388 3 389
1377691800 1 377 3 378
1377691500 2 360 3 361
1377691200 1 357 3 484
1377690900 2 485 3 698
1377690600 1 695 3 698
1377690300 2 340 3 370
1377690000 1 369 3 370
1377689700 2 353 3 354
1377689400 1 347 3 376
1377689100 2 375 3 376
1377688800 1 360 3 365
1377688500 2 364 3 365
1377688200 1 335 3 350
1377687900 2 350 3 364
1377687600 1 363 3 364
1377687300 2 345 3 366
1377687000 1 365 3 366
1377686700 2 357 3 358
1377686400 1 355 3 356
1377686100 2 346 3 355
1377685800 1 355 3 355
1377685500 2 354 3 355
1377685200 1 344 3 362
1377684900 2 361 3 362
1377684600 1 341 3 342
1377684300 2 333 3 349
1377684000 1 349 3 370
1377683700 2 369 3 370
1377683400 1 351 3 352
1377683100 2 338 3 368
1377682800 1 367 3 368
1377682500 2 343 3 344
1377682200 1 342 3 361
1377681900 2 360 3 361
1377681600 1 344 3 361
1377681300 2 360 3 361
1377681000 1 340 3 363
1377680700 2 362 3 363
1377680400 1 361 3 362
1377680100 2 344 3 352
1377679800 1 351 3 352
1377679500 2 346 3 353
1377679200 1 352 3 353
1377678900 2 350 3 351
1377678600 1 347 3 356
1377678300 2 356 3 367
1377678000 1 367 3 370
1377677700 2 369 3 370
1377677400 1 347 7 365
1377677100 6 365 7 369
1377676800 1 368 3 369
1377676500 2 349 3 350
1377676200 1 346 3 371
1377675900 2 371 3 371
1377675600 1 371 3 371
1377675300 2 370 3 371
1377675000 1 338 3 380
1377674700 2 379 3 380
1377674400 1 354 3 355
1377674100 2 343 3 343
1377673800 1 343 3 361
1377673500 2 360 3 361
1377673200 1 341 3 343
1377672900 2 343 3 343
1377672600 1 343 3 349
1377672300 2 348 3 349
1377672000 1 336 3 350
1377671700 2 349 3 350
1377671400 1 323 3 335
1377671100 2 335 3 352
1377670800 1 351 3 352
1377670500 2 346 3 347
1377670200 1 332 3 333
1377669900 2 331 3 376
1377669600 1 375 3 376
1377669300 2 335 3 336
1377669000 1 329 3 341
1377668700 2 341 3 349
1377668400 1 348 3 349
1377668100 2 338 3 339
1377667800 1 329 3 353
1377667500 2 352 3 353
1377667200 1 342 3 343
1377666900 2 339 3 351
1377666600 1 350 3 351
1377666300 2 321 3 341
1377666000 1 341 3 350
1377665700 2 349 3 350
1377665400 1 344 3 345
1377665100 2 325 3 351
1377664800 1 351 3 354
1377664500 2 353 3 354
1377664200 1 332 3 338
1377663900 2 338 3 366
1377663600 1 365 3 366
1377663300 3 344 4 350
1377663000 4 350 4 350
1377662700 3 349 4 350
1377662400 1 344 3 345
1377662100 2 333 3 351
1377661800 1 350 3 351
1377661500 2 345 3 346
1377661200 1 325 3 338
1377660900 2 337 3 338
1377660600 1 332 3 348
1377660300 2 347 3 348
1377660000 1 342 3 364
1377659700 2 363 3 364
1377659400 1 344 3 345
1377659100 2 337 3 352
1377658800 1 351 3 352
1377658500 2 332 3 342
1377658200 1 342 3 350
1377657900 2 350 3 363
1377657600 1 362 3 363
1377657300 2 350 3 351
1377657000 1 338 3 372
1377656700 2 371 3 372
1377656400 1 353 3 354
1377656100 2 333 3 349
1377655800 1 349 3 365
1377655500 2 364 3 365
1377655200 1 361 3 362
1377654900 2 341 3 364
1377654600 1 363 3 364
1377654300 2 350 3 370
1377654000 1 369 3 370
1377653700 2 365 3 366
1377653400 1 352 3 355
1377653100 2 355 3 373
1377652800 1 372 3 373
1377652500 2 366 3 371
1377652200 1 370 3 371
1377651900 2 348 3 392
1377651600 1 391 3 392
1377651300 2 365 3 366
1377651000 1 348 3 364
1377650700 2 364 3 365
1377650400 1 365 3 366
1377650100 2 365 3 366
1377649800 1 338 3 361
1377649500 2 361 3 370
1377649200 1 369 3 370
1377648900 2 355 3 372
1377648600 1 371 3 372
1377648300 2 368 3 369
1377648000 1 365 3 366
1377647700 2 350 3 376
1377647400 1 375 3 376
1377647100 2 362 3 363
1377646800 1 360 3 390
1377646500 2 389 3 390
1377646200 1 359 3 360
1377645900 2 344 3 378
1377645600 1 377 3 378
1377645300 2 342 3 346
1377645000 1 346 64 491
1377644700 63 491 64 497
1377644400 1 496 3 497
1377644100 2 482 3 483
1377643800 1 445 3 457
1377643500 2 457 3 457
1377643200 1 457 35 553
1377642900 34 552 35 553
1377642600 1 539 3 540
1377642300 2 531 3 532
1377642000 1 486 4 587
1377641700 3 587 4 602
1377641400 1 602 52 673
1377641100 51 672 52 673
1377640800 1 688 55 6773
1377640500 54 6753 55 6773
1377640200 1 864 18 977
1377639900 17 978 18 1163
1377639600 17 1162 49 1163
1377639300 48 1095 49 1098
1377639000 1 739 2 740
1377638700 2 715 58 1291
1377638400 57 1287 58 1291
1377638100 2 834 19 835
1377637800 19 809 34 833
1377637500 33 832 34 833
1377637200 19 820 20 957
1377636900 19 956 20 957
1377636600 1 867 2 868
1377636300 2 736 92 1455
1377636000 91 1452 92 1455
1377635700 33 1055 34 1056
1377635400 32 860 33 861
1377635100 1 782 2 821
1377634800 1 820 2 821
1377634500 2 728 19 979
1377634200 19 979 34 1004
1377633900 34 1048 45 7716
1377633600 45 7783 120 17821
1377633300 120 17856 211 28482
1377633000 210 28389 211 28482
1377632700 1 643 2 726
1377632400 1 726 51 889
1377632100 50 888 51 889
1377631800 28 690 34 701
1377631500 33 701 34 800
1377631200 1 799 2 800
1377630900 2 771 59 9658
1377630600 58 9599 59 9658
1377630300 33 847 34 984
1377630000 1 982 2 984
1377629700 2 620 33 2535
1377629400 33 2542 65 3629
1377629100 64 3608 65 3629
1377628800 1 583 34 696
1377628500 33 695 34 696
1377628200 1 617 86 620
1377627900 85 620 86 703
1377627600 1 702 34 703
1377627300 33 687 34 698
1377627000 1 698 34 742
1377626700 33 741 34 742
1377626400 1 668 2 673
1377626100 1 674 2 903
1377625800 16 936 66 1229
1377624600 10 1012 61 1958
1377622800 15 947 51 1546
1377621000 6 669 34 846
1377619200 17 814 35 1139
1377617400 8 711 34 1040
1377615600 17 582 43 990
1377613800 21 2019 83 7858
1377612000 20 818 84 1082
1377610200 1 683 8 1477
1377608400 1 440 3 607
1377606600 1 464 3 822
1377604800 1 435 3 822
1377603000 1 365 3 392
1377601200 1 364 3 402
1377599400 1 355 3 384
1377597600 1 354 3 361
1377595800 1 359 3 372
1377594000 1 355 3 372
1377592200 1 359 7 376
1377590400 1 353 3 375
1377588600 1 347 3 370
1377586800 1 353 3 369
1377585000 1 363 3 394
1377583200 1 356 3 385
1377581400 1 361 3 390
1377579600 1 352 3 365
1377577800 1 359 7 387
1377576000 1 354 3 377
1377574200 1 364 3 389
1377572400 1 365 3 384
1377570600 1 357 3 378
1377568800 1 367 3 378
1377567000 1 367 3 387
1377565200 1 364 3 394
1377563400 1 370 3 401
1377561600 14 442 50 539
1377559800 6 464 32 503
1377558000 11 539 33 808
1377556200 13 666 34 877
1377554400 22 837 70 1057
1377552600 15 823 34 905
1377550800 13 836 50 925
1377549000 30 988 97 1779
1377547200 11 945 35 1113
1377545400 50 4691 193 39463
1377543600 91 8471 193 39463
1377541800 11 834 35 943
1377540000 25 1088 75 1911
1377538200 23 818 81 1396
1377536400 17 700 58 793
1377534600 28 1319 58 3693
1377532800 27 1338 69 4417
1377531000 26 863 45 1068
1377529200 15 885 42 1507
1377527400 18 858 64 1098
1377525600 25 853 72 1265
1377523800 1 646 5 836
1377522000 1 522 3 786
1377520200 1 455 3 635
1377518400 1 488 3 635
1377516600 1 448 3 479
1377514800 1 443 3 488
1377513000 1 440 3 486
1377511200 1 441 3 486
1377509400 1 434 3 453
1377507600 1 427 3 486
1377505800 1 424 7 457
1377504000 1 431 3 478
1377502200 1 441 3 467
1377500400 1 446 3 498
1377498600 1 438 3 482
1377496800 1 445 3 478
1377495000 1 440 3 491
1377493200 1 429 3 455
1377491400 1 442 4 490
1377489600 1 444 3 483
1377487800 1 438 3 500
1377486000 1 436 3 477
1377484200 1 434 3 484
1377482400 1 437 3 480
1377480600 1 432 3 485
1377478800 1 433 3 471
1377477000 1 432 3 494
1377475200 1 438 3 472
1377473400 1 427 3 471
1377471600 1 435 3 489
1377469800 1 429 3 459
1377468000 1 431 3 478
1377466200 1 431 3 469
1377464400 1 444 3 485
1377462600 1 434 3 495
1377460800 1 443 3 471
1377459000 1 440 3 496
1377457200 1 440 3 472
1377455400 1 432 3 486
1377453600 1 432 3 456
1377451800 1 431 3 487
1377450000 1 439 3 485
1377448200 1 433 3 492
1377446400 1 438 3 480
1377444600 1 432 3 481
1377442800 1 447 3 474
1377441000 1 443 3 479
1377439200 1 438 3 489
1377437400 1 437 3 463
1377435600 1 437 3 471
1377433800 1 440 3 470
1377432000 1 437 3 493
1377430200 1 435 3 473
1377428400 1 436 3 483
1377426600 1 436 3 488
1377424800 1 433 3 487
1377423000 1 436 3 477
1377421200 1 435 3 474
1377419400 1 435 3 488
1377417600 1 431 3 474
1377415800 1 439 3 470
1377414000 1 443 3 486
1377412200 1 435 3 477
1377410400 1 440 3 477
1377408600 1 455 3 483
1377406800 1 438 3 485
1377405000 1 445 3 480
1377403200 1 434 3 472
1377401400 1 436 3 469
1377399600 1 438 3 477
1377397800 1 445 4 486
1377396000 1 438 3 472
1377394200 1 446 3 492
1377392400 1 425 3 478
1377390600 1 434 3 489
1377388800 1 435 3 485
1377387000 1 435 3 477
1377385200 1 420 3 473
1377383400 1 419 3 471
1377381600 1 420 3 455
1377379800 1 425 3 461
1377378000 1 419 3 454
1377376200 1 441 3 494
1377374400 1 451 3 489
1377372600 1 444 3 472
1377370800 1 446 3 495
1377369000 1 438 3 472
1377367200 1 433 3 472
1377365400 1 436 3 461
1377363600 1 433 3 479
1377361800 1 434 3 480
1377360000 1 433 3 466
1377358200 1 442 3 494
1377356400 1 438 3 468
1377354600 1 444 3 487
1377352800 1 442 3 464
1377351000 1 435 3 496
1377349200 1 440 3 465
1377347400 1 441 3 494
1377345600 1 435 3 466
1377343800 1 441 3 500
1377342000 1 442 3 465
1377340200 1 433 3 464
1377338400 1 444 3 478
1377336600 1 433 3 466
1377334800 1 435 3 470
1377333000 1 432 3 460
1377331200 1 435 3 474
1377329400 1 445 3 487
1377327600 1 448 3 481
1377325800 1 442 3 494
1377324000 1 445 3 489
1377322200 1 441 3 488
1377320400 1 445 3 489
1377318600 1 441 3 483
1377316800 1 434 3 465
1377315000 1 435 3 475
1377313200 1 435 3 470
1377311400 1 429 3 470
1377309600 1 435 3 462
1377307800 1 444 3 460
1377306000 1 430 3 466
1377304200 1 439 3 470
1377302400 1 457 3 489
1377300600 3 497 32 550
1377298800 8 542 63 1006
1377297000 16 839 63 1006
1377295200 11 959 50 1132
1377293400 48 4529 169 19524
1377291600 23 1058 59 1264
1377289800 40 1199 109 1456
1377288000 25 2357 84 8992
1377286200 19 1807 42 5125
1377284400 18 1486 45 2725
1377282600 44 1235 174 1897
1377280800 33 927 132 1074
1377279000 28 917 132 1075
1377277200 20 1209 43 1928
1377275400 19 1018 42 1579
1377273600 13 963 99 1350
1377271800 31 1371 99 1604
1377270000 28 1164 67 1433
1377268200 46 1412 188 1836
1377266400 47 2506 149 7528
1377264600 18 989 99 1494
1377262800 1 503 3 699
1377261000 1 524 3 699
1377259200 1 463 3 510
1377257400 1 466 3 514
1377255600 1 462 3 511
1377253800 1 462 3 503
1377252000 1 459 3 502
1377250200 1 474 3 499
1377248400 1 468 3 520
1377246600 1 465 7 512
1377244800 1 473 3 519
1377243000 1 472 3 512
1377241200 1 482 3 507
1377239400 1 480 3 510
1377237600 1 479 3 510
1377235800 1 483 3 523
1377234000 1 468 216 1116
1377232200 36 581 216 1116
1377230400 1 474 31 501
1377228600 10 472 32 515
1377226800 8 474 50 525
1377225000 5 466 32 524
1377223200 8 469 32 508
1377221400 14 476 82 551
1377219600 1 477 12 2620
1377217800 2 846 12 2620
1377216000 1 482 32 550
1377214200 6 556 32 605
1377212400 8 742 62 1341
1377210600 21 1240 64 3368
1377208800 29 1772 77 3368
1377207000 11 1390 35 1594
1377205200 17 1266 85 4271
1377203400 29 1887 86 4271
1377201600 41 1823 135 2683
1377199800 11 1458 35 1633
1377198000 33 1814 81 2545
1377196200 11 1405 35 1709
1377194400 11 1247 35 1484
1377192600 22 978 62 1113
1377190800 33 1294 77 2809
1377189000 41 6308 358 71390
1377187200 165 33082 590 123984
1377185400 44 1349 130 1861
1377183600 34 1143 69 1671
1377181800 18 1099 59 1453
1377180000 26 1295 108 1593
1377178200 22 908 108 1413
1377176400 1 576 2 717
1377174600 1 533 2 618
1377172800 2 971 11 2246
1377171000 1 475 3 510
1377169200 1 472 3 507
1377167400 1 472 3 512
1377165600 1 479 3 500
1377163800 1 473 3 515
1377162000 1 483 3 528
1377160200 1 484 6 517
1377158400 1 484 3 518
1377156600 1 472 3 511
1377154800 1 475 3 509
1377153000 1 470 3 509
1377151200 1 469 3 528
1377149400 1 481 3 528
1377147600 6 544 34 918
1377145800 1 492 7 537
1377144000 1 484 3 519
1377142200 11 496 65 523
1377140400 6 484 34 519
1377138600 8 483 34 556
1377136800 14 520 85 631
1377135000 1 477 3 513
1377133200 1 480 3 513
1377131400 1 487 3 525
1377129600 1 482 3 523
1377127800 36 7439 917 166371
1377126000 186 30052 917 166371
1377124200 34 1118 139 1414
1377122400 23 1009 66 1497
1377120600 15 1571 92 1979
1377118800 33 1779 93 3093
1377117000 49 1758 89 2625
1377115200 39 3089 95 6277
1377113400 72 1708 179 4108
1377111600 48 1991 140 4108
1377109800 53 2443 205 3729
1377108000 16 1384 65 2186
1377106200 35 2579 112 7013
1377104400 58 2538 165 6274
1377102600 44 2159 165 6274
1377100800 22 1395 66 1470
1377099000 76 6276 139 17294
1377097200 25 1091 84 1239
1377095400 66 1377 255 3999
1377093600 38 1708 168 3999
1377091800 5 710 30 837
1377090000 2 821 11 2684
1377088200 2 913 10 2684
1377086400 1 546 3 764
1377084600 1 482 3 513
1377082800 1 482 3 532
1377081000 1 480 3 511
1377079200 1 475 3 507
1377077400 1 477 3 509
1377075600 1 471 3 524
1377073800 1 472 4 524
1377072000 1 479 3 513
1377070200 1 487 3 518
1377068400 1 478 3 548
1377066600 1 486 3 548
1377064800 1 474 3 503
1377063000 1 466 3 515
1377061200 18 523 106 833
1377059400 1 473 4 506
1377057600 1 469 31 489
1377055800 19 493 85 581
1377054000 1 469 3 510
1377052200 1 473 3 537
1377050400 1 479 3 537
1377048600 1 467 3 512
1377046800 1 498 3 580
1377045000 1 485 3 532
1377043200 1 484 3 519
1377041400 1 498 3 590
1377039600 5 597 32 815
1377037800 11 823 49 1210
1377036000 23 973 43 1076
1377034200 8 1039 35 1371
1377032400 10 1145 34 1523
1377030600 13 1162 50 1902
1377028800 38 4358 127 21250
1377027000 10 991 35 1161
1377025200 6 989 54 1192
1377023400 32 1086 54 1284
1377021600 18 1731 50 3779
1377019800 11 1147 92 14920
1377018000 51 6842 96 14920
1377016200 8 1042 49 2426
1377014400 42 3714 107 11295
1377012600 65 5959 153 21985
1377010800 16 1029 38 1316
1377009000 46 1285 169 1766
1377007200 16 1104 60 1519
1377005400 21 1314 97 3534
1377003600 1 559 3 705
1377001800 1 476 3 548
1377000000 1 498 3 664
1376998200 1 489 3 525
1376996400 1 485 3 539
1376994600 1 480 3 526
1376992800 1 478 3 533
1376991000 1 476 3 510
1376989200 1 484 3 523
1376987400 1 483 7 528
1376985600 1 476 3 519
1376983800 1 484 3 521
1376982000 1 475 3 521
1376980200 1 471 3 517
1376978400 1 477 3 517
1376976600 1 475 3 530
1376974800 1 476 3 530
1376973000 32 532 188 881
1376971200 1 477 3 507
1376969400 1 471 3 503
1376967600 1 471 3 503
1376965800 1 483 3 507
1376964000 1 478 3 502
1376962200 1 477 3 532
1376960400 1 488 3 532
1376958600 5 485 33 659
1376956800 28 619 121 819
1376955000 10 554 32 624
1376953200 5 583 32 615
1376951400 27 789 76 1028
1376949600 36 1085 108 1782
1376947800 29 1093 96 1796
1376946000 15 901 34 1530
1376944200 43 2349 110 9090
1376942400 37 1015 134 1581
1376940600 31 929 102 968
1376938800 22 872 73 988
1376937000 38 1408 73 3587
1376935200 11 793 35 876
1376933400 11 780 35 904
1376931600 17 986 46 1414
1376929800 11 920 34 1024
1376928000 26 996 89 17753
1376926200 40 5089 89 17753
1376924400 30 937 41 1105
1376922600 15 1077 39 1522
1376920800 48 1199 99 1636
1376919000 5 780 24 1095
1376917200 0 508 4 691
1376915400 0 547 4 810
1376913600 0 477 4 585
1376911800 0 446 4 474
1376910000 0 445 4 481
1376908200 0 441 4 491
1376906400 0 442 4 492
1376904600 0 439 4 485
1376902800 0 444 4 484
1376901000 1 431 7 475
1376899200 0 439 4 464
1376897400 0 446 4 467
1376895600 0 441 4 476
1376893800 0 444 4 494
1376892000 0 434 4 460
1376890200 0 444 4 476
1376888400 0 434 4 475
1376886600 1 432 4 467
1376884800 0 440 4 477
1376883000 0 439 4 486
1376881200 0 437 4 478
1376879400 0 434 4 461
1376877600 0 443 4 476
1376875800 0 444 4 486
1376874000 0 439 4 486
1376872200 0 431 4 474
1376870400 0 446 4 474
1376868600 0 447 4 487
1376866800 0 430 4 476
1376865000 0 444 4 467
1376863200 0 442 4 464
1376861400 0 438 4 479
1376859600 0 443 4 482
1376857800 0 449 4 481
1376856000 0 444 4 473
1376854200 0 447 4 488
1376852400 0 425 4 479
1376850600 0 443 4 491
1376848800 0 443 4 488
1376847000 0 447 4 479
1376845200 0 438 4 478
1376843400 0 483 4 668
1376841600 0 438 4 470
1376839800 0 445 4 478
1376838000 0 446 4 491
1376836200 0 437 4 479
1376834400 0 441 4 474
1376832600 0 444 4 475
1376830800 0 448 4 479
1376829000 0 442 4 477
1376827200 0 437 4 474
1376825400 0 440 4 470
1376823600 0 433 4 471
1376821800 0 441 4 481
1376820000 0 439 4 483
1376818200 0 433 4 473
1376816400 0 436 4 473
1376814600 0 435 4 467
1376812800 0 438 4 464
1376811000 0 445 4 483
1376809200 0 435 4 480
1376807400 0 433 4 468
1376805600 0 436 4 475
1376803800 0 443 4 491
1376802000 0 435 4 470
1376800200 0 434 4 469
1376798400 0 446 4 485
1376796600 0 439 4 468
1376794800 0 442 4 485
1376793000 0 439 4 474
1376791200 0 442 4 476
1376789400 0 443 4 478
1376787600 0 442 4 477
1376785800 0 448 4 496
1376784000 0 434 4 478
1376782200 0 442 4 481
1376780400 0 433 4 463
1376778600 0 438 4 474
1376776800 0 442 4 483
1376775000 0 443 4 484
1376773200 0 435 4 475
1376771400 0 437 4 484
1376769600 0 435 4 479
1376767800 0 440 4 502
1376766000 0 443 4 481
1376764200 0 447 4 477
1376762400 0 437 4 470
1376760600 0 438 4 488
1376758800 0 443 4 482
1376757000 0 436 4 474
1376755200 0 440 4 472
1376753400 0 445 4 486
1376751600 0 445 4 483
1376749800 0 441 4 475
1376748000 0 446 4 493
1376746200 0 442 4 476
1376744400 0 441 4 482
1376742600 0 439 4 483
1376740800 0 442 4 485
1376739000 0 446 4 499
1376737200 0 449 4 485
1376735400 0 443 4 485
1376733600 0 446 4 481
1376731800 0 442 4 481
1376730000 0 438 4 450
1376728200 0 431 4 469
1376726400 0 426 4 470
1376724600 0 459 4 518
1376722800 0 431 4 462
1376721000 0 444 4 478
1376719200 0 447 4 475
1376717400 0 447 4 488
1376715600 0 429 4 475
1376713800 0 433 4 476
1376712000 0 446 4 482
1376710200 0 446 4 482
1376708400 0 447 4 480
1376706600 0 444 4 481
1376704800 0 452 4 484
1376703000 0 446 4 474
1376701200 0 440 4 495
1376699400 0 455 4 497
1376697600 0 467 30 512
1376695800 10 582 35 826
1376694000 10 536 65 691
1376692200 39 4750 203 25124
1376690400 20 1284 62 2937
1376688600 32 1857 105 6290
1376686800 35 1177 63 2761
1376685000 55 6828 177 27840
1376683200 20 992 35 1606
1376681400 16 780 35 1017
1376679600 32 872 91 977
1376677800 20 1238 35 2596
1376676000 31 1204 107 2826
1376674200 15 888 35 964
1376672400 16 866 35 943
1376670600 13 930 35 1095
1376668800 15 2779 61 9181
1376667000 47 3131 116 9133
1376665200 58 944 109 1089
1376663400 58 1147 174 1795
1376661600 65 5802 237 29197
1376659800 2 873 8 1786
1376658000 1 564 2 698
1376656200 1 601 2 894
1376654400 1 486 2 515
1376652600 1 480 2 536
1376650800 1 483 2 526
1376649000 1 483 2 513
1376647200 1 483 2 533
1376645400 1 478 2 557
1376643600 1 483 2 557
1376641800 1 506 6 546
1376640000 1 483 2 518
1376638200 1 510 2 607
1376636400 1 484 2 541
1376634600 1 499 2 541
1376632800 1 496 2 529
1376631000 1 498 2 540
1376629200 1 489 2 519
1376627400 18 557 110 818
1376625600 1 482 2 510
1376623800 1 501 2 536
1376622000 1 483 2 534
1376620200 1 496 2 521
1376618400 1 482 2 517
1376616600 1 487 2 540
1376614800 1 489 2 529
1376613000 1 512 2 675
1376611200 1 512 2 577
1376609400 5 522 33 598
1376607600 5 595 33 727
1376605800 33 1161 85 2209
1376604000 47 1105 93 1341
1376602200 48 2517 115 9912
1376600400 21 1011 35 1413
1376598600 37 1010 86 1244
1376596800 18 965 60 1107
1376595000 36 1110 77 1730
1376593200 24 1021 77 1368
1376591400 26 957 72 1095
1376589600 34 1802 77 5453
1376587800 32 1987 88 5906
1376586000 26 1059 76 2308
1376584200 23 1295 56 2308
1376582400 39 1224 75 1795
1376580600 16 997 37 2341
1376578800 24 1488 52 2844
1376577000 18 1053 35 1345
1376575200 46 1192 119 1301
1376573400 1 748 3 906
1376571600 1 570 3 790
1376569800 1 500 3 559
1376568000 1 494 3 540
1376566200 1 534 3 764
1376564400 1 505 3 537
1376562600 1 492 3 538
1376560800 1 502 3 531
1376559000 1 503 3 547
1376557200 1 495 3 539
1376555400 1 493 3 532
1376553600 1 530 3 653
1376551800 1 520 3 555
1376550000 1 506 3 557
1376548200 1 511 3 553
1376546400 1 504 3 545
1376544600 8 530 145 1015
1376539200 1 507 3 559
1376532000 1 512 3 561
1376524800 10 632 106 1277
1376517600 26 1750 180 13519
1376510400 14 940 59 1655
1376503200 20 1269 116 6003
1376496000 41 1856 159 6821
1376488800 9 682 84 1436
1376481600 0 435 4 478
1376474400 0 429 7 458
1376467200 0 443 4 488
1376460000 4 457 47 693
1376452800 2 445 54 516
1376445600 1 452 3 487
1376438400 13 1251 150 6347
1376431200 28 1374 111 8708
1376424000 42 3443 164 21714
1376416800 22 1025 112 18686
1376409600 29 1716 140 18686
1376402400 10 645 163 1427
1376395200 0 465 4 509
1376388000 0 464 4 510
1376380800 0 461 4 505
1376373600 7 473 189 876
1376366400 0 454 4 475
1376359200 0 461 4 495
1376352000 9 583 41 1302
1376344800 656 132687 11429 2411815
1376337600 34 1000 98 2043
1376330400 30 1780 178 20082
1376323200 24 1187 176 3660
1376316000 10 890 84 4265
1376308800 1 507 3 568
1376301600 1 499 3 552
1376294400 1 509 3 556
1376287200 1 509 3 575
1376280000 1 507 3 554
1376272800 1 503 3 597
1376265600 1 498 3 550
1376258400 1 498 3 544
1376251200 1 509 3 558
1376244000 1 511 3 600
1376236800 1 506 3 561
1376229600 1 504 3 608
1376222400 1 495 3 545
1376215200 1 500 3 554
1376208000 1 498 3 552
1376200800 1 502 3 553
1376193600 1 506 3 565
1376186400 1 501 3 553
1376179200 1 498 3 545
1376172000 1 497 3 560
1376164800 1 485 3 534
1376157600 1 495 3 567
1376150400 1 491 3 542
1376143200 1 499 4 566
1376136000 1 489 3 538
1376128800 1 494 3 550
1376121600 1 503 3 550
1376114400 1 501 3 562
1376107200 1 495 3 566
1376100000 3 515 35 638
1376092800 8 537 71 999
1376085600 32 2127 228 27558
1376078400 17 845 80 1498
1376071200 21 867 104 1344
1376064000 25 1024 111 2549
1376056800 21 1609 127 8463
1376049600 1 581 4 1285
1376042400 1 532 3 592
1376035200 1 528 3 572
1376028000 7 555 104 926
1376020800 9 537 82 627
1376013600 0 541 4 692
1376006400 7 821 55 4930
1375999200 25 1017 104 1235
1375992000 32 2012 229 8881
1375984800 26 1611 122 9874
1375977600 109 20778 2201 471146
1375970400 11 817 115 1374
1375963200 0 651 18 3063
1375956000 0 533 4 585
1375948800 0 544 4 943
1375941600 0 531 4 588
1375934400 0 530 4 574
1375927200 0 618 27 754
1375920000 7 795 49 2371
1375912800 28 1132 153 5128
1375905600 23 1512 176 18351
1375898400 20 2013 90 15711
1375891200 26 970 107 3361
1375884000 25 2702 173 20593
1375876800 7 2010 181 39350
1375869600 0 389 4 424
1375862400 0 390 4 421
1375855200 0 416 4 835
1375848000 0 395 4 429
1375840800 5 401 99 575
1375833600 6 497 70 894
1375826400 16 1060 70 5752
1375819200 18 828 61 1018
1375812000 8 1948 84 24581
1375804800 7 1415 45 11901
1375797600 7 745 43 4047
1375790400 1 420 3 515
1375783200 1 422 3 490
1375776000 1 441 27 554
1375768800 1 428 3 758
1375761600 1 422 3 590
1375754400 1 415 25 438
1375747200 8 546 204 25114
1375740000 28 1998 204 25114
1375732800 19 976 101 1433
1375725600 19 1439 105 11102
1375718400 24 1372 91 4040
1375711200 24 5308 445 101024
1375704000 1 440 3 575
1375696800 1 425 3 465
1375689600 1 430 3 476
1375682400 1 424 3 458
1375675200 1 424 3 468
1375668000 1 424 3 464
1375660800 1 431 3 477
1375653600 1 432 3 464
1375646400 1 432 3 476
1375639200 1 423 3 474
1375632000 1 424 3 480
1375624800 1 431 4 482
1375617600 1 421 3 480
1375610400 1 423 3 479
1375603200 1 430 3 476
1375596000 1 420 3 475
1375588800 1 421 3 481
1375581600 1 430 3 480
1375574400 1 429 3 485
1375567200 1 435 3 474
1375560000 1 423 3 469
1375552800 1 640 3 910
1375545600 1 627 3 916
1375538400 1 429 3 491
1375531200 1 419 4 464
1375524000 1 426 3 472
1375516800 1 428 3 483
1375509600 1 439 3 681
1375502400 1 424 3 475
1375495200 1 424 3 477
1375488000 11 900 110 8783
1375480800 12 1151 51 27405
1375473600 13 2034 76 27405
1375466400 13 1196 67 3566
1375459200 18 2404 158 22852
1375452000 8 721 74 1453
1375444800 0 466 4 514
1375437600 0 467 7 520
1375430400 0 455 4 511
1375423200 0 477 7 791
1375416000 2 461 35 528
1375408800 7 630 44 4183
1375401600 11 746 64 2653
1375394400 16 2361 107 11812
1375387200 13 2425 213 37108
1375380000 18 2671 221 39535
1375372800 19 1501 91 6880
1375365600 3 743 87 1544
1375358400 0 438 4 486
1375351200 0 448 7 512
1375344000 0 451 4 726
1375336800 0 441 4 486
1375329600 0 441 4 494
1375322400 0 525 4 641
1375315200 10 920 111 8070
1375308000 27 1773 133 9309
1375300800 28 1120 90 3621
1375293600 25 2408 129 13443
1375286400 34 5497 535 105511
1375279200 11 1006 73 4532
1375272000 1 469 2 525
1375264800 1 468 2 515
1375257600 1 479 2 522
1375250400 1 484 6 705
1375243200 1 484 2 544
1375236000 1 478 2 530
1375228800 1 578 4 1327
1375221600 8 1270 94 4536
1375214400 16 1141 122 4831
1375207200 15 1025 74 2768
1375200000 18 1893 138 22772
1375192800 6 725 82 1363
1375185600 1 463 2 504
1375178400 1 459 2 503
1375171200 1 457 2 504
1375164000 1 462 4 497
1375156800 1 457 2 496
1375149600 1 454 31 500
1375142400 6 545 33 751
1375135200 14 1528 89 17107
1375128000 14 882 43 1592
1375120800 17 1495 104 8103
1375113600 11 911 37 2266
1375106400 7 723 70 1369
1375099200 0 491 4 591
1375092000 0 481 4 541
1375084800 0 476 4 542
1375077600 0 482 4 562
1375070400 0 478 4 535
1375063200 0 477 4 534
1375056000 0 477 4 537
1375048800 0 475 4 543
1375041600 0 485 4 552
1375034400 0 479 4 534
1375027200 0 479 4 548
1375020000 0 477 4 545
1375012800 0 479 4 546
1375005600 0 480 4 532
1374998400 0 481 4 549
1374991200 0 483 4 530
1374984000 0 478 4 530
1374976800 0 472 4 532
1374969600 0 472 4 534
1374962400 0 478 4 544
1374955200 0 475 4 531
1374948000 0 470 4 525
1374940800 0 473 4 517
1374933600 0 474 4 520
1374926400 0 470 4 522
1374919200 0 477 4 542
1374912000 0 475 4 513
1374904800 0 481 4 519
1374897600 0 488 4 537
1374890400 0 489 4 540
1374883200 4 530 32 729
1374876000 15 818 118 18960
1374868800 16 1549 118 18960
1374861600 304 61093 5254 1054916
1374854400 150 27310 2655 509809
1374847200 30 5278 516 103304
1374840000 1 543 3 612
1374832800 1 538 6 615
1374825600 1 548 3 615
1374818400 1 545 3 631
1374811200 1 543 3 628
1374804000 1 540 3 612
1374796800 7 717 35 2465
1374789600 11 1063 76 2770
1374782400 13 1259 65 6673
1374775200 16 985 135 3452
1374768000 22 1108 91 2874
1374760800 15 1493 81 11337
1374753600 0 490 4 638
1374746400 0 481 4 534
1374739200 0 480 4 559
1374732000 0 498 4 894
1374724800 0 475 4 546
1374717600 30 5380 752 117833
1374710400 4 612 43 1051
1374703200 18 1145 132 17907
1374696000 28 3573 175 23591
1374688800 16 1309 105 5652
1374681600 17 1031 72 2079
1374674400 11 750 91 1315
1374667200 1 475 3 559
1374660000 1 467 3 520
1374652800 1 468 8 529
1374645600 1 490 3 836
1374638400 1 471 3 539
1374631200 5 482 72 529
1374624000 8 615 42 1373
1374616800 19 2383 129 22379
1374609600 18 1459 120 5284
1374602400 70 12867 592 127111
1374595200 20 1153 111 4279
1374588000 6 834 76 1948
1374580800 1 516 19 1038
1374573600 1 482 3 540
1374566400 1 493 3 552
1374559200 1 506 3 762
1374552000 1 492 3 549
1374544800 7 509 153 759
1374537600 9 599 84 1164
1374530400 30 2884 217 30253
1374523200 35 3308 139 26223
1374516000 9 874 57 1159
1374508800 229 40881 2586 483433
1374501600 11 689 81 1792
1374494400 1 398 3 437
1374487200 1 400 3 441
1374480000 1 386 3 409
1374472800 1 386 3 406
1374465600 1 395 3 422
1374458400 1 398 3 427
1374451200 1 399 3 426
1374444000 1 396 3 420
1374436800 1 397 3 422
1374429600 1 400 3 423
1374422400 1 397 3 417
1374415200 1 397 3 433
1374408000 1 400 3 424
1374400800 1 401 3 425
1374393600 1 399 3 432
1374386400 1 398 3 426
1374379200 1 391 3 422
1374372000 1 401 3 427
1374364800 1 393 3 424
1374357600 1 401 3 437
1374350400 1 394 3 428
1374343200 1 402 3 443
1374336000 1 384 3 416
1374328800 1 370 3 409
1374321600 1 373 3 417
1374314400 1 380 3 411
1374307200 1 380 3 405
1374300000 1 372 3 408
1374292800 1 356 3 392
1374285600 1 333 3 369
1374278400 6 729 74 8178
1374271200 8 855 41 1222
1374264000 15 1593 116 15253
1374256800 9 915 46 2588
1374249600 15 1237 67 3580
1374242400 12 878 82 4832
1374235200 1 385 3 529
1374228000 1 378 3 433
1374220800 1 390 3 442
1374213600 1 396 3 635
1374206400 1 371 3 411
1374199200 1 379 3 461
1374192000 2 1014 54 12100
1374184800 13 2870 89 18531
1374177600 6 1883 38 8807
1374170400 9 806 40 1230
1374163200 16 1094 101 11242
1374156000 15 1987 88 14342
1374148800 1 434 3 528
1374141600 1 435 3 526
1374134400 1 435 3 544
1374127200 1 438 3 635
1374120000 1 428 3 512
1374112800 1 440 3 508
1374105600 30 3712 218 33037
1374098400 25 1629 150 6829
1374091200 9 3851 58 28620
1374084000 9 1249 47 4656
1374076800 17 1367 70 7502
1374069600 4 780 101 2401
1374062400 0 606 19 2401
1374055200 0 500 4 588
1374048000 0 475 4 566
1374040800 0 476 4 563
1374033600 0 468 4 558
1374026400 0 474 4 574
1374019200 14 604 96 2223
1374012000 14 1047 106 2750
1374004800 22 1506 87 10593
1373997600 27 3644 324 59791
1373990400 78 14658 1361 280140
1373983200 19 1595 171 9730
1373976000 2 387 45 443
1373968800 1 381 3 420
1373961600 1 378 3 445
1373954400 1 380 3 424
1373947200 1 389 3 475
1373940000 1 389 3 440
1373932800 50 3322 637 46158
1373925600 20 2401 156 29071
1373918400 21 1616 176 13799
1373911200 10 788 43 1588
1373904000 18 1208 83 7068
1373896800 15 1263 140 12687
1373889600 1 410 3 581
1373882400 1 394 3 453
1373875200 1 401 20 447
1373868000 1 399 19 472
1373860800 1 402 19 451
1373853600 1 399 3 472
1373846400 1 396 3 463
1373839200 1 400 3 467
1373832000 1 402 3 483
1373824800 1 402 3 486
1373817600 1 406 3 463
1373810400 1 398 3 479
1373803200 1 402 3 481
1373796000 1 401 3 459
1373788800 1 405 33 477
1373781600 6 405 33 497
1373774400 6 409 38 539
1373767200 6 396 33 452
1373760000 7 405 83 466
1373752800 1 404 3 494
1373745600 1 401 3 462
1373738400 1 400 3 482
1373731200 1 402 3 519
1373724000 1 399 3 463
1373716800 1 404 3 476
1373709600 1 403 3 453
1373702400 1 400 3 486
1373695200 1 403 3 486
1373688000 1 408 3 486
1373680800 1 411 3 494
1373673600 11 544 52 1711
1373666400 23 882 76 2013
1373659200 21 885 109 1607
1373652000 16 824 76 1045
1373644800 38 1977 222 25134
1373637600 14 690 134 1777
1373630400 1 416 3 443
1373623200 1 423 3 480
1373616000 1 416 5 452
1373608800 1 6162 3 138299
1373601600 4 391 32 417
1373594400 4 394 89 446
1373587200 20 1598 123 20466
1373580000 27 1362 146 11309
1373572800 19 926 108 2616
1373565600 34 3367 312 44594
1373558400 26 1312 111 4642
1373551200 37 4371 389 89181
1373544000 11 516 20 2296
1373536800 11 423 13 567
1373529600 10 459 15 567
1373522400 10 444 14 496
1373515200 10 442 13 481
1373508000 11 457 14 549
1373500800 19 668 44 1780
1373493600 33 983 143 1336
1373486400 67 8106 527 86077
1373479200 34 1100 98 3374
1373472000 29 1268 131 9179
1373464800 25 692 227 1466
1373457600 11 455 14 719
1373450400 11 445 14 498
1373443200 11 443 13 486
1373436000 13 447 74 496
1373428800 14 452 95 511
1373421600 13 455 74 564
1373414400 26 557 102 775
1373407200 31 943 81 2337
1373400000 22 840 74 1009
1373392800 35 1384 113 5418
1373385600 31 933 160 1398
1373378400 20 730 102 2155
1373371200 10 433 13 463
1373364000 11 439 13 478
1373356800 11 444 15 493
1373349600 11 439 13 493
1373342400 11 438 13 464
1373335200 11 442 13 478
1373328000 24 584 117 841
1373320800 32 1132 117 4287
1373313600 39 2777 272 46444
1373306400 30 851 108 1869
1373299200 36 1852 91 16780
1373292000 25 991 116 5897
1373284800 10 415 13 904
1373277600 10 397 14 432
1373270400 11 397 14 424
1373263200 11 399 14 432
1373256000 15 410 95 464
1373248800 11 407 14 445
1373241600 11 410 13 468
1373234400 11 410 13 460
1373227200 11 405 14 428
1373220000 11 405 13 447
1373212800 11 408 13 503
1373205600 11 404 13 436
1373198400 11 410 13 448
1373191200 11 408 13 456
1373184000 11 406 14 439
1373176800 11 407 13 443
1373169600 11 414 14 483
1373162400 11 415 14 450
1373155200 11 411 14 454
1373148000 11 466 14 552
1373140800 10 477 13 541
1373133600 11 478 14 544
1373126400 11 497 14 610
1373119200 11 487 32 554
1373112000 11 479 13 548
1373104800 11 484 14 529
1373097600 11 490 14 536
1373090400 11 490 14 555
1373083200 11 487 14 552
1373076000 11 487 14 554
1373068800 11 478 13 559
1373061600 11 482 14 559
1373054400 11 487 14 556
1373047200 11 484 13 546
1373040000 11 487 14 614
1373032800 11 476 13 546
1373025600 11 492 13 578
1373018400 11 476 13 547
1373011200 11 481 13 536
1373004000 11 486 14 554
1372996800 11 478 13 531
1372989600 11 480 14 526
1372982400 11 477 13 549
1372975200 11 487 13 541
1372968000 11 485 13 556
1372960800 11 483 13 526
1372953600 11 499 13 621
1372946400 11 486 13 535
1372939200 11 485 14 535
1372932000 11 491 13 568
1372924800 10 1231 15 18301
1372917600 11 488 14 562
1372910400 11 482 13 530
1372903200 11 486 14 536
1372896000 11 502 14 582
1372888800 15 607 42 752
1372881600 33 817 124 1330
1372874400 34 1214 138 9188
1372867200 35 969 138 3260
1372860000 27 1991 152 31333
1372852800 11 429 13 467
1372845600 11 432 13 468
1372838400 11 433 15 465
1372831200 11 428 14 468
1372824000 11 427 14 468
1372816800 11 438 13 477
1372809600 20 492 128 738
1372802400 30 1973 106 16666
1372795200 28 795 177 1493
1372788000 13 723 68 907
1372780800 39 6378 585 121865
1372773600 32 2793 236 49369
1372766400 15 443 81 645
1372759200 11 428 14 457
1372752000 11 421 14 451
1372744800 11 415 14 452
1372737600 11 424 14 459
1372730400 11 429 13 475
1372723200 19 512 83 773
1372716000 31 807 155 1407
1372708800 78 1182 173 1672
1372701600 16 1740 98 20446
1372694400 30 876 102 1940
1372687200 13 1050 49 8471
1372680000 11 439 13 699
1372672800 11 404 13 436
1372665600 11 402 13 441
1372658400 11 391 13 433
1372651200 11 407 14 485
1372644000 11 399 34 455
1372636800 11 392 13 420
1372629600 11 395 14 437
1372622400 11 403 14 435
1372615200 11 402 14 452
1372608000 11 406 14 492
1372600800 10 399 14 425
1372593600 11 406 13 445
1372586400 11 406 14 439
1372579200 11 410 13 462
1372572000 11 405 14 443
1372564800 11 391 13 418
1372557600 11 405 13 457
1372550400 11 408 14 455
1372543200 11 466 14 532
1372536000 11 472 14 530
1372528800 11 470 13 518
1372521600 11 482 13 617
1372514400 10 475 13 528
1372507200 10 481 14 554
1372500000 10 476 14 537
1372492800 10 470 14 525
1372485600 10 475 13 525
1372478400 10 477 13 525
1372471200 11 475 13 523
1372464000 13 587 73 1354
1372456800 33 1616 131 13995
1372449600 28 1342 100 8012
1372442400 28 1764 97 10550
1372435200 25 1048 99 3245
1372428000 18 946 180 5278
1372420800 11 441 14 795
1372413600 11 433 14 482
1372406400 11 429 13 495
1372399200 11 436 13 466
1372392000 11 439 13 509
1372384800 11 443 13 481
1372377600 14 638 64 1874
1372370400 38 3929 339 54710
1372363200 28 1222 149 5041
1372356000 50 1011 852 1580
1372348800 33 1068 133 1580
1372341600 40 3189 254 54813
1372334400 11 516 13 570
1372327200 11 521 13 654
1372320000 11 724 15 5518
1372312800 11 512 13 607
1372305600 11 515 14 601
1372298400 11 506 14 599
1372291200 12 628 45 1017
1372284000 28 1021 95 2171
1372276800 32 1110 137 4729
1372269600 26 1033 86 2582
1372262400 22 1112 51 3441
1372255200 19 822 183 1749
1372248000 11 522 14 580
1372240800 11 519 14 585
1372233600 11 517 15 566
1372226400 11 524 14 577
1372219200 11 530 13 592
1372204800 15 1265 335 56421
1372118400 14 944 115 21692
1372032000 11 523 14 674
1371945600 11 532 14 630
1371859200 15 884 254 46626
1371772800 13 1001 232 48354
1371686400 13 846 119 11390
1371600000 22 2039 1704 335895
1371513600 26 929 2375 43232
1371427200 11 507 15 675
1371340800 10 516 15 654
1371254400 18 1535 533 99852
1371168000 16 833 143 9078
1371081600 16 1353 157 78084
1370995200 19 970 297 26169
1370908800 16 771 199 14533
1370822400 11 489 44 640
1370736000 11 488 39 592
1370649600 16 991 167 35253
1370563200 16 1048 238 36460
1370476800 31 4672 2305 615418
1370390400 22 1075 275 25993
1370304000 19 842 315 15304
1370217600 10 482 15 620
1370131200 10 486 15 657
1370044800 18 910 261 24206
1369958400 15 707 152 2305
1369872000 16 808 138 8767
1369785600 19 1142 458 68250
1369699200 11 494 15 630
1369612800 11 497 17 636
1369526400 10 503 15 676
1369440000 20 2161 753 148388
1369353600 21 1548 634 124851
1369267200 16 2102 1087 220749
1369180800 10 2329 1609 332700
1369094400 5 830 104 5393
1369008000 1 553 40 8120
1368921600 1 513 5 697
1368835200 11 845 253 34043
1368748800 15 1255 280 45878
1368662400 11 1171 315 56011
1368576000 17 1645 770 159178
1368489600 9 998 247 46833
1368403200 0 493 47 598
1368316800 0 494 6 593
1368230400 11 2314 657 139917
1368144000 25 4303 2425 511928
1368057600 6 854 264 23981
1367971200 5 851 216 8518
1367884800 7 929 426 29394
1367798400 1 510 5 659
1367712000 1 511 4 654
1367625600 20 2850 2590 537530
1367539200 10 1654 706 164341
1367452800 12 1536 678 118031
1367366400 14 1893 1126 221188
1367280000 9 1125 330 39560
1367193600 0 472 5 622
1367107200 0 473 5 574
1367020800 8 1104 450 86776
1366934400 11 1438 555 113767
1366848000 13 1349 240 52188
1366761600 15 1136 320 60506
1366675200 20 3794 915 186954
1366588800 1 444 86 879
1366502400 1 419 4 579
1366416000 10 1230 304 49482
1366329600 9 761 150 9433
1366243200 10 969 160 32035
1366156800 11 1346 385 79463
1366070400 20 2094 508 97050
1365984000 1 536 4 682
1365897600 1 537 4 701
1365811200 7 1436 382 81302
1365724800 6 1226 480 100246
1365638400 10 1637 372 88617
1365552000 30 6011 6230 1346637
1365465600 10 1697 629 128859
1365379200 1 630 4 829
1365292800 1 747 78 17708
1365206400 13 1455 763 150842
1365120000 8 910 197 4633
1365033600 12 1825 1121 205339
1364947200 7 1044 124 13705
1364860800 7 1850 792 177369
1364774400 0 583 156 867
1364688000 0 590 5 746
1364601600 3 958 432 19315
1364515200 0 898 112 16591
1364428800 6 1097 191 23435
1364342400 5 1167 448 78134
1364256000 18 4185 4334 933165
1364169600 1 579 4 729
1364083200 1 881 82 18697
1363996800 4 1057 94 19335
1363910400 3 1170 121 21255
1363824000 2 1013 106 13037
1363737600 5 1491 329 77116
1363651200 7 1029 1096 13885
1363564800 0 538 5 727
1363478400 0 543 5 816
1363392000 5 1954 383 86542
1363305600 1 1250 114 29765
1363219200 11 3061 1185 264073
1363132800 4 1770 846 187126
1363046400 3 1596 604 131989
1362960000 0 640 32 1416
1362873600 0 648 42 1611
1362787200 3 1825 861 187639
1362700800 7 1880 571 107979
1362614400 4 2352 275 280061
1362528000 2 1502 476 110985
1362441600 4 1473 282 62150
1362355200 1 603 4 771
1362268800 1 614 4 1099
1362182400 9 2527 887 188680
1362096000 1 1051 169 20940
1362009600 10 2857 929 212978
1361923200 2 1434 207 44291
1361836800 10 2619 1820 398074
1361750400 1 612 4 4020
1361664000 1 618 66 1233
1361577600 2 1534 406 91308
1361491200 19 4880 2785 614645
1361404800 7 2195 956 214757
1361318400 7 2147 1204 254801
1361232000 1 534 30 701
1361145600 1 543 4 692
1361059200 1 547 4 718
1360972800 1 960 92 19870
1360886400 4 1387 333 49197
1360800000 63 14657 10062 2223526
1360713600 6 2074 874 173141
1360627200 6 2054 547 118712
1360540800 1 503 6 1078
1360454400 1 544 5 3689
1360368000 1 1306 210 40819
1360281600 8 2400 1040 228450
1360195200 2 1093 270 58712
1360108800 7 2379 650 154038
1360022400 16 4542 3298 799722
1359936000 0 546 6 1545
1359849600 0 544 10 1361
1359763200 1 835 70 5312
1359676800 2 1620 183 99652
1359590400 10 1549 674 134081
1359504000 12 2730 1716 371216
1359417600 6 1537 479 106919
1359331200 1 521 4 1544
1359244800 1 543 34 840
1359158400 10 2872 875 244375
1359072000 20 4412 2292 477363
1358985600 2 1058 167 29572
1358899200 5 1059 167 38026
1358812800 1 523 5 1626
1358726400 1 519 5 1488
1358640000 1 534 60 1578
1358553600 3 1195 175 41419
1358467200 5 1510 364 73687
1358380800 6 1984 410 87708
1358294400 63 13961 1388 297776
1358208000 4 1239 356 91741
1358121600 0 565 4 789
1358035200 0 565 30 732
1357948800 3 763 148 2574
1357862400 1 765 116 2689
1357776000 8 1816 556 111616
1357689600 12 3159 1952 402394
1357603200 11 3011 1399 293794
1357516800 0 490 5 596
1357430400 0 500 5 674
1357344000 6 1066 219 25426
1357257600 3 874 126 17281
1357171200 17 3035 891 184622
1357084800 1 484 4 595
1356998400 1 941 245 51054
1356912000 1 477 4 578
1356825600 1 490 4 664
1356739200 1 1162 395 79079
1356652800 1 652 134 18815
1356566400 3 774 147 28547
1356480000 1 438 4 533
1356393600 1 442 4 544
1356307200 1 448 4 611
1356220800 0 453 4 789
1356134400 8 2357 1205 258365
1356048000 17 4388 2401 503396
1355961600 1 817 77 8772
1355875200 5 2008 526 113809
1355788800 1 865 61 6617
1355702400 1 517 3 616
1355616000 1 527 3 677
1355529600 3 870 155 19663
1355443200 10 3019 1289 280433
1355356800 6 1084 156 34192
1355270400 0 916 161 34430
1355184000 4 1324 245 54913
1355097600 1 475 4 590
1355011200 1 477 4 587
1354924800 2 1038 126 27898
1354838400 3 1421 256 57428
1354752000 9 1623 560 107253
1354665600 17 3059 2235 473068
1354579200 2 1387 341 76463
1354492800 1 469 4 550
1354406400 1 472 4 764
1354320000 7 1331 282 53121
1354233600 11 2346 914 170268
1354147200 40 8145 2641 557759
1354060800 4 944 154 18117
1353974400 4 1406 426 93439
1353888000 1 469 52 5127
1353801600 1 426 4 530
1353715200 1 425 5 518
1353628800 1 429 6 553
1353542400 8 1503 914 196284
1353456000 17 3460 1510 295082
1353369600 4 971 190 23957
1353283200 1 510 6 619
1353196800 1 528 5 721
1353110400 4 1233 494 100989
1353024000 12 2593 1791 366441
1352937600 6 1305 422 91011
1352851200 2 843 89 7361
1352764800 1 761 73 8513
1352678400 1 499 46 659
1352592000 1 515 61 634
1352505600 9 1023 172 34515
1352419200 8 836 121 11105
1352332800 20 3021 2006 393754
1352246400 7 1610 1057 221810
1352160000 17 1025 190 20700
1352073600 16 497 46 976
1351987200 16 490 71 1055
1351900800 14 843 132 10321
1351814400 13 983 161 19747
1351728000 12 894 256 52015
1351641600 10 456 32 1376
1351555200 10 490 16 721
1351468800 11 508 15 623
1351382400 11 510 15 663
1351296000 26 2524 1675 323714
1351209600 22 2149 1365 290433
1351123200 12 1115 166 36034
1351036800 17 1865 537 104220
1350950400 31 4944 3209 693487
1350864000 11 651 15 763
1350777600 11 649 15 769
1350691200 13 1033 218 35348
1350604800 33 3999 1266 191694
1350518400 10 1566 426 86188
1350432000 7 1637 254 58450
1350345600 9 2052 395 87697
1350259200 1 621 6 740
1350172800 1 624 5 760
1350086400 9 1558 463 93622
1350000000 9 1918 360 56074
1349913600 3 1670 344 79280
1349827200 21 1816 2868 31877
1349740800 9 1701 651 130698
1349654400 1 634 5 748
1349568000 1 634 5 809
1349481600 10 2583 1102 237898
1349395200 5 1302 479 82294
1349308800 6 1211 152 23330
1349222400 8 1114 145 21799
1349136000 11 1552 129 24671
1349049600 6 638 34 798
1348963200 6 643 34 755
1348876800 6 1674 835 176338
1348790400 11 1743 789 149521
1348704000 5 1162 241 40108
1348617600 8 2383 1739 365944
1348531200 5 1311 193 26224
1348444800 1 626 5 848
1348358400 1 644 7 810
1348272000 4 1161 316 43972
1348185600 9 1290 148 16761
1348099200 9 1131 179 17648
1348012800 4 1603 420 91917
1347926400 9 2169 328 69695
1347840000 1 632 6 806
1347753600 1 637 6 762
1347667200 6 2111 679 138408
1347580800 16 3097 1445 302462
1347494400 27 6858 3212 665485
1347408000 17 4273 1598 336911
1347321600 5 1266 1308 35700
1347235200 0 621 6 716
1347148800 0 628 6 811
1347062400 3 1474 140 30950
1346976000 5 1047 125 22057
1346889600 19 3579 2130 430879
1346803200 12 1405 263 42031
1346716800 1 627 5 1078
1346630400 1 602 5 738
1346544000 1 612 5 742
1346457600 8 1363 547 106636
1346371200 11 1783 735 142185
1346284800 7 993 112 18291
1346198400 8 1604 509 106483
1346112000 8 1067 259 46792
1346025600 6 682 35 791
1345939200 6 685 36 818
1345852800 9 996 200 20273
1345766400 9 1471 788 108713
1345680000 3 1073 132 28354
1345593600 3 1195 311 33092
1345507200 5 1532 631 133663
1345420800 2 600 6 715
1345334400 2 617 6 735
1345248000 2 963 103 14847
1345161600 1 901 68 8528
1345075200 2 1046 161 35366
1344988800 3 1386 468 98827
1344902400 2 1161 167 37222
1344816000 1 641 6 785
1344729600 1 644 7 767
1344643200 3 1156 283 62943
1344556800 1 839 69 3820
1344470400 5 1587 498 94661
1344384000 1 940 64 9226
1344297600 5 1549 762 170636
1344211200 1 606 5 1166
1344124800 1 666 5 817
1344038400 1 906 130 5678
1343952000 9 1400 230 34246
1343865600 7 975 183 32133
1343779200 3 1098 201 31640
1343692800 15 1358 366 37397
1343606400 10 579 15 683
1343520000 9 642 15 804
1343433600 16 1305 179 26878
1343347200 14 1248 193 39539
1343260800 13 1397 215 46108
1343174400 12 1096 101 9567
1343088000 27 3572 891 186359
1343001600 11 720 15 920
1342915200 11 720 15 851
1342828800 11 1036 156 19953
1342742400 5 1113 123 27209
1342656000 3 1219 178 22082
1342569600 5 1772 506 87035
1342483200 10 2634 682 135495
1342396800 0 733 5 889
1342310400 0 740 5 899
1342224000 5 1537 302 37800
1342137600 7 1631 346 62746
1342051200 6 1119 192 35757
1341964800 6 1827 304 48708
1341878400 7 1800 411 86903
1341792000 0 659 4 775
1341705600 0 674 22 1147
1341619200 5 1175 226 21799
1341532800 9 1455 1165 74144
1341446400 0 713 5 849
1341360000 1 1058 121 22127
1341273600 7 1230 233 39219
1341187200 1 711 4 863
1341100800 1 711 25 865
1341014400 7 1352 215 33402
1340928000 13 3119 559 103704
1340841600 4 1714 292 65772
1340755200 17 3131 2011 162288
1340668800 9 2148 368 66758
1340582400 1 722 4 901
1340496000 1 725 4 953
1340409600 5 1157 225 18760
1340323200 8 2354 661 135732
1340236800 11 3060 1537 326352
1340150400 20 4426 2281 497453
1340064000 3 1289 181 32808
1339977600 1 650 3 3726
1339891200 1 722 3 900
1339804800 8 1362 316 63132
1339718400 9 1319 295 44848
1339632000 5 1144 174 24316
1339545600 13 3748 1540 327363
1339459200 5 1927 625 128073
1339372800 0 772 35 1053
1339286400 0 770 5 924
1339200000 1 1134 100 16828
1339113600 6 1267 272 45554
1339027200 9 1211 117 11753
1338940800 5 1330 222 30340
1338854400 5 1750 467 101923
1338768000 0 722 5 856
1338681600 0 729 5 902
1338595200 3 1715 247 55613
1338508800 2 1461 405 90945
1338422400 2 1881 714 202596
1338336000 15 4481 4402 949274
1338249600 0 707 4 838
1338163200 0 706 30 841
1338076800 0 705 5 833
1337990400 3 1107 121 18949
1337904000 13 2439 644 118559
1337817600 14 2670 923 196325
1337731200 6 1423 351 62878
1337644800 7 1298 253 39894
1337558400 1 672 4 814
1337472000 1 674 4 812
1337385600 5 1689 381 63523
1337299200 3 1391 332 67926
1337212800 11 1110 94 20991
1337126400 19 1991 736 151909
1337040000 12 1160 226 29427
1336953600 10 732 55 1032
1336867200 11 728 14 1098
1336780800 11 1629 526 84987
1336694400 8 2113 727 142634
1336608000 10 2207 391 84808
1336521600 4 1426 377 88372
1336435200 8 1424 287 55300
1336348800 0 665 4 896
1336262400 0 745 22 4951
1336176000 3 1449 291 61592
1336089600 7 1950 424 67975
1336003200 12 3399 788 240568
1335916800 6 2476 365 84501
1335830400 3 1566 283 78683
1335744000 1 760 4 942
1335657600 1 843 6 993
1335571200 3 1730 396 80486
1335484800 2 1568 245 57273
1335398400 5 1984 872 188925
1335312000 23 5050 2096 453456
1335225600 9 2423 1240 223709
1335139200 1 642 6 763
1335052800 1 663 6 876
1334966400 3 1257 222 37677
1334880000 7 1859 623 137963
1334793600 6 1897 432 91757
1334707200 362 3611 51141 608879
1334620800 24 4818 4240 903596
1334534400 6 742 39 883
1334448000 6 743 34 888
1334361600 9 1241 158 22823
1334275200 4 1528 267 60741
1334188800 7 2251 319 53838
1334102400 10 2118 289 65877
1334016000 12 1508 266 22311
1333929600 6 723 36 883
1333843200 6 727 36 902
1333756800 6 1370 395 33215
1333670400 9 1181 216 17443
1333584000 10 1189 237 18230
1333497600 26 3823 2905 617053
1333411200 13 1857 597 127316
1333324800 6 713 37 858
1333238400 6 728 37 1921
1333152000 17 3588 1164 249285
1333065600 7 1883 382 90095
1332979200 12 2559 649 148624
1332892800 11 3082 785 187550
1332806400 9 2315 672 162294
1332720000 1 677 6 826
1332633600 1 695 58 1328
1332547200 4 1315 152 26964
1332460800 5 1883 509 102765
1332374400 8 2332 899 194629
1332288000 17 2339 518 101780
1332201600 19 1652 220 47907
1332115200 11 718 55 977
1332028800 10 743 52 1350
1331942400 21 2085 520 111848
1331856000 32 4761 2239 483553
1331769600 39 4865 2277 502029
1331683200 46 4106 1293 277459
1331596800 27 1966 699 156676
1331510400 17 836 30 1008
1331424000 17 881 44 4764
1331337600 26 2941 981 285231
1331251200 24 1991 727 146443
1331164800 24 2242 266 57867
1331078400 23 1796 194 35574
1330992000 27 2757 483 105785
1330905600 17 846 67 993
1330819200 18 926 79 10964
1330732800 22 1363 233 44849
1330646400 31 3230 1073 218194
1330560000 26 1975 514 77729
1330473600 26 1882 832 231292
1330387200 20 1211 133 26860
1330300800 18 761 33 876
1330214400 17 799 52 4390
1330128000 23 1838 1013 216190
1330041600 31 3186 2447 558820
1329955200 20 1079 94 11532
1329868800 25 1107 561 11406
1329782400 17 758 32 941
1329696000 18 757 31 895
1329609600 18 764 34 932
1329523200 20 1083 119 7840
1329436800 22 1876 344 58522
1329350400 22 1359 264 38442
1329264000 24 1273 141 11136
1329177600 20 1289 163 18444
1329091200 18 931 31 1164
1329004800 18 935 32 1318
1328918400 20 1207 124 15821
1328832000 21 1554 437 94327
1328745600 24 1207 165 11375
1328659200 20 1181 125 11622
1328572800 26 2065 615 182999
1328486400 18 898 31 1579
1328400000 18 891 31 1318
1328313600 23 1391 163 14884
1328227200 37 1945 338 56903
1328140800 30 2091 344 62350
1328054400 32 2324 311 60197
1327968000 26 1635 215 17361
1327881600 18 1147 80 7345
1327795200 413 1236 90119 18908
1327708800 28 1815 236 29592
1327622400 34 2625 20886 124711
1327536000 391 2735 68770 156511
1327449600 33 1925 388 71173
1327363200 38 2142 548 103264
1327276800 29 1077 42 1228
1327190400 28 1095 77 1531
1327104000 32 1448 95 10985
1327017600 37 2224 1294 167279
1326931200 42 2493 1027 112267
1326844800 34 2551 1244 137847
1326758400 19 1305 190 23854
1326672000 18 1084 28 1210
1326585600 18 1081 27 1257
1326499200 22 1561 233 15424
1326412800 20 1621 201 41327
1326326400 27 1513 218 8798
1326240000 46 5356 992 294990
1326153600 37 1613 244 48650
1326067200 25 1078 132 33355
1325980800 6947 2269 436600 33354
1325894400 32 1405 200 21148
1325808000 37 1761 356 60486
1325721600 35 1662 268 36586
1325635200 37 2068 565 92843
1325548800 25 915 41 1138
1325462400 26 912 44 1163
1325376000 25 917 43 1057
1325289600 26 1051 105 1977
1325203200 34 2698 1030 184660
1325116800 115 21631 1591 333835
1325030400 21 2931 1250 359213
1324944000 14 902 28 1016
1324857600 14 900 27 1032
1324771200 14 900 30 1014
1324684800 14 912 56 1157
1324598400 19 1110 127 6590
1324512000 138 2907 13342 160262
1324425600 706 2233 84601 112896
1324339200 16 1304 148 19694
1324252800 14 884 32 1035
1324166400 15 892 64 1509
1324080000 20 1261 174 7662
1323993600 21 1457 259 36308
1323907200 16 1219 89 6132
1323820800 17 1560 325 69202
1323734400 24 2325 974 187682
1323648000 14 985 37 1172
1323561600 15 980 37 1200
1323475200 16 1285 98 12075
1323388800 33 2773 1434 117710
1323302400 27 2226 315 56685
1323216000 28 3573 1143 247200
1323129600 35 5148 404 84413
1323043200 15 994 36 1154
1322956800 16 1341 427 95936
1322870400 17 1315 133 17231
1322784000 33 2978 543 116187
1322697600 19 1839 293 58677
1322611200 24 2016 660 130860
1322524800 23 1587 288 38400
1322438400 15 978 35 1194
1322352000 16 969 35 1139
1322265600 16 973 36 1119
1322179200 16 976 36 1159
1322092800 23 1310 613 18996
1322006400 46 3482 5352 438875
1321920000 29 1602 514 40450
1321833600 28 949 47 1169
1321747200 28 950 58 1180
1321660800 34 1623 305 51976
1321574400 36 1952 302 45655
1321488000 37 2477 699 141477
1321401600 34 1661 427 76782
1321315200 31 1567 121 21877
1321228800 28 941 51 1104
1321142400 28 1026 103 21243
1321056000 33 1562 140 27811
1320969600 33 1757 150 28242
1320883200 32 1637 135 21798
1320796800 37 2843 871 180854
1320710400 32 1490 268 49294
1320624000 27 864 50 1084
1320537600 28 864 53 1002
1320451200 41 3455 1151 249530
1320364800 32 1720 350 63890
1320278400 36 2760 705 150635
1320192000 33 2047 265 53110
1320105600 31 1668 183 37625
1320019200 28 848 51 963
1319932800 28 848 47 996
1319846400 40 3218 1225 264005
1319760000 32 1296 175 18565
1319673600 37 2124 723 139959
1319587200 32 1724 259 43460
1319500800 67 1375 202 17808
1319414400 65 758 83 889
1319328000 65 758 94 886
1319241600 79 1745 719 82929
1319155200 74 1138 144 15432
1319068800 76 1446 309 48509
1318982400 88 3256 2688 555832
1318896000 76 1254 346 50157
1318809600 63 733 83 886
1318723200 65 733 83 849
1318636800 79 1568 344 18746
1318550400 79 1537 263 34258
1318464000 45 1486 305 38629
1318377600 32 1392 181 25332
1318291200 28 1702 488 53784
1318204800 10 705 22 817
1318118400 11 695 23 838
1318032000 12 1223 93 19345
1317945600 12 1493 286 61204
1317859200 12 1502 145 25807
1317772800 11 1223 77 20370
1317686400 11 1224 103 16444
1317600000 10 707 17 915
1317513600 10 711 22 865
1317427200 13 1419 137 35951
1317340800 13 1398 224 54293
1317254400 12 1336 145 38288
1317168000 12 1440 134 36126
1317081600 12 1545 239 45933
1316995200 11 666 24 792
1316908800 11 670 24 825
1316822400 12 1521 336 78023
1316736000 18 2247 349 51125
1316649600 10 1228 41 7408
1316563200 15 2170 254 59114
1316476800 11 1197 69 18084
1316390400 10 686 18 883
1316304000 10 696 21 924
1316217600 12 1587 214 52240
1316131200 11 1277 78 15255
1316044800 11 1297 122 33553
1315958400 11 1229 125 30956
1315872000 3 1238 113 20996
1315785600 2 617 7 794
1315699200 2 620 7 815
1315612800 2 1325 209 61116
1315526400 2 1099 57 14528
1315440000 2 1415 257 66586
1315353600 22 1148 116 28637
1315267200 37 557 44 1113
1315180800 37 554 43 756
1315094400 37 552 46 688
1315008000 34 803 62 5810
1314921600 15 855 75 11270
1314835200 13 916 78 20013
1314748800 2 1098 169 19862
1314662400 1 1160 112 30932
1314576000 0 12 74 366
1314489600 0 0 0 0
1314403200 8 945 72 12982
1314316800 11 1252 75 13419
1314230400 11 1311 126 30222
1314144000 13 1833 316 44851
1314057600 11 1490 118 23855
1313971200 10 708 20 873
1313884800 10 716 20 929
1313798400 11 1312 92 21570
1313712000 12 1603 104 27546
1313625600 12 1596 326 71244
1313539200 12 1432 151 20796
1313452800 7 1692 458 95017
1313366400 1 617 7 820
1313280000 1 638 23 4821
1313193600 2 1190 115 21538
1313107200 1 1121 62 15130
1313020800 21 1171 600 9514
1312934400 2 1250 125 19498
1312848000 3 1447 175 38714
1312761600 2 676 6 1375
1312675200 2 677 6 914
1312588800 2 1116 22 5977
1312502400 1 1179 85 10629
1312416000 2 1636 162 34740
1312329600 2 1366 96 18174
1312243200 2 1197 111 32905
1312156800 1 641 7 896
1312070400 1 647 8 796
1311984000 2 1231 66 21195
1311897600 2 1283 115 32479
1311811200 3 1743 231 67468
1311724800 2 1136 48 9689
1311638400 2 1056 144 17698
1311552000 1 649 7 786
1311465600 1 675 6 806
1311379200 4 1439 310 35266
1311292800 4 1867 279 62202
1311206400 2 1481 167 47117
1311120000 21 1830 187 51570
1311033600 35 1339 134 27382
1310947200 29 720 37 936
1310860800 29 729 38 955
1310774400 20 2435 512 135814
1310688000 19 1522 125 30437
1310601600 3 1416 112 29643
1310515200 4 1596 223 51293
1310428800 2 1194 49 11035
1310342400 2 661 6 855
1310256000 2 672 5 796
1310169600 6 1332 123 19048
1310083200 3 1725 421 100738
1309996800 2 1234 137 31444
1309910400 2 1251 95 25162
1309824000 0 594 8 779
1309737600 2 597 5 1539
1309651200 2 589 6 731
1309564800 2 997 56 14476
1309478400 3 1511 162 40023
1309392000 3 1413 112 14945
1309305600 2 1133 77 17928
1309219200 2 1367 170 44483
1309132800 2 655 6 765
1309046400 2 658 6 811
