1377805801 1292847520 234767380
1377805801 1897 77528 1897 77528
1377805502 1326 59053 1326 59053
1377805500 1329 59026 2360 59053
1377805200 2347 50721 2360 51052
1377804900 445 1477 1498 12290
1377804600 1495 12254 1498 12290
1377804300 618 1516 1069 5145
1377804000 1066 5132 1069 5145
1377803700 304 1301 535 1612
1377803400 540 1665 1306 9595
1377803100 1306 9576 1424 9595
1377802800 1415 3899 1424 3919
1377802500 209 965 296 966
1377802200 295 955 296 956
1377801900 197 924 198 984
1377801600 193 983 194 984
1377801300 153 795 295 919
1377801000 294 919 295 1038
1377800700 251 1037 252 1038
1377800400 182 829 217 991
1377800100 217 990 240 991
1377799800 240 964 301 1649
1377799500 300 1646 301 1649
1377799200 210 788 211 789
1377798900 100 734 243 795
1377798600 243 796 276 951
1377798300 275 950 276 951
1377798000 179 767 195 768
1377797700 195 694 283 851
1377797400 284 856 467 1711
1377797100 467 1736 608 5521
1377796800 607 5520 608 5521
1377796500 436 5289 438 5319
1377796200 233 945 234 947
1377795900 232 747 267 1097
1377795600 266 1097 267 1282
1377795300 151 1308 465 5277
1377795000 463 5246 465 5277
1377794700 239 737 240 937
1377794400 241 978 790 7169
1377794100 786 7126 790 7169
1377793800 272 727 273 1547
1377793500 234 1571 577 5183
1377793200 581 5386 1782 66230
1377792900 1787 66581 2612 119008
1377792600 2617 119165 3436 142694
1377792300 3425 142223 3436 142694
1377792000 207 1623 208 1629
1377791700 105 819 696 4683
1377791400 694 4670 696 4683
1377791100 313 916 314 1219
1377790800 293 1220 508 1656
1377790500 509 1666 1060 4849
1377790200 1058 4844 1060 4849
1377789900 821 4178 824 4190
1377789600 131 777 493 4390
1377789300 494 4400 706 5987
1377789000 705 5981 706 5987
1377788700 666 4235 954 6614
1377788400 955 6622 1130 7837
1377788100 1127 7804 1130 7837
1377787800 744 2950 1368 9599
1377787500 1364 9604 1368 10435
1377787200 889 10467 891 15288
1377786900 729 15201 731 15288
1377786600 501 2289 2184 9998
1377786300 2175 9998 2184 9998
1377786000 860 10012 1618 14351
1377785700 1617 14436 1618 39922
1377785400 1419 39945 2226 47089
1377785100 2217 46791 2226 47089
1377784800 949 2492 952 2498
1377784500 640 1747 643 2407
1377784200 298 2432 3042 10032
1377783900 3044 10057 3351 13846
1377783600 3338 13796 3351 13846
1377783300 1427 7180 2431 112630
1377783000 2429 112301 2431 112630
1377782700 2059 14102 2068 14183
1377782400 834 2131 1157 9422
1377782100 1158 9507 1537 35080
1377781800 1526 34851 1537 35080
1377781500 0 762 0 765
1377781200 0 380 0 387
1377780900 0 387 0 403
1377780600 0 402 0 403
1377780300 0 385 0 489
1377780000 0 488 0 489
1377779700 0 395 0 396
1377779400 0 371 0 389
1377779100 0 388 0 389
1377778800 0 374 0 396
1377778500 0 395 0 396
1377778200 0 384 0 385
1377777900 0 351 0 377
1377777600 0 377 0 380
1377777300 0 381 0 711
1377777000 0 710 0 711
1377776700 0 504 0 505
1377776400 0 351 0 370
1377776100 0 369 0 370
1377775800 0 340 0 373
1377775500 0 372 0 373
1377775200 0 357 0 358
1377774900 0 343 0 357
1377774600 0 357 0 362
1377774300 0 361 0 362
1377774000 0 354 0 378
1377773700 0 377 0 378
1377773400 0 360 0 361
1377773100 0 347 0 348
1377772800 0 339 0 376
1377772500 0 375 0 376
1377772200 0 325 0 348
1377771900 0 348 0 375
1377771600 0 374 0 375
1377771300 0 359 0 360
1377771000 0 343 0 352
1377770700 0 352 0 387
1377770400 0 386 0 387
1377770100 0 366 0 367
1377769800 0 342 0 361
1377769500 0 360 0 361
1377769200 0 349 0 351
1377768900 0 350 0 351
1377768600 0 343 0 377
1377768300 0 376 0 377
1377768000 0 353 0 354
1377767700 0 348 0 360
1377767400 0 360 0 360
1377767100 0 360 0 371
1377766800 0 371 0 377
1377766500 0 376 0 377
1377766200 0 352 0 353
1377765900 0 348 0 371
1377765600 0 370 0 371
1377765300 0 360 0 361
1377765000 0 334 0 364
1377764700 0 364 0 390
1377764400 0 389 0 390
1377764100 0 346 0 357
1377763800 0 356 0 357
1377763500 0 354 0 373
1377763200 0 372 0 373
1377762900 0 341 0 375
1377762600 0 374 0 375
1377762300 0 356 0 357
1377762000 0 357 0 363
1377761700 0 363 0 363
1377761400 0 363 0 374
1377761100 0 373 0 374
1377760800 0 356 0 357
1377760500 0 357 0 358
1377760200 0 357 0 358
1377759900 0 354 0 358
1377759600 0 358 0 369
1377759300 0 368 0 369
1377759000 0 351 0 356
1377758700 0 355 0 356
1377758400 0 353 0 363
1377758100 0 362 0 363
1377757800 0 319 0 344
1377757500 0 343 0 344
1377757200 0 336 0 337
1377756900 0 313 0 335
1377756600 0 335 0 341
1377756300 0 340 0 341
1377756000 0 338 0 338
1377755700 0 338 0 360
1377755400 0 359 0 360
1377755100 0 334 0 335
1377754800 0 330 0 368
1377754500 0 367 0 368
1377754200 0 355 0 358
1377753900 0 357 0 358
1377753600 0 352 0 359
1377753300 0 358 0 359
1377753000 0 329 0 329
1377752700 0 329 0 363
1377752400 0 362 0 363
1377752100 0 354 0 355
1377751800 0 334 0 515
1377751500 0 514 0 515
1377751200 0 510 0 511
1377750900 0 349 0 350
1377750600 0 323 0 363
1377750300 0 362 0 363
1377750000 0 336 0 337
1377749700 0 328 0 362
1377749400 0 361 0 362
1377749100 0 334 0 345
1377748800 0 345 0 362
1377748500 0 362 0 368
1377748200 0 367 0 368
1377747900 0 351 0 352
1377747600 0 351 0 382
1377747300 0 381 0 382
1377747000 0 342 0 343
1377746700 0 332 0 391
1377746400 0 390 0 391
1377746100 0 367 0 368
1377745800 0 359 0 360
1377745500 0 345 0 366
1377745200 0 365 0 366
1377744900 0 350 0 357
1377744600 0 357 0 357
1377744300 0 357 0 357
1377744000 0 356 0 357
1377743700 0 349 0 366
1377743400 0 365 0 366
1377743100 0 360 0 362
1377742800 0 361 0 362
1377742500 0 353 0 361
1377742200 0 360 0 361
1377741900 0 355 0 358
1377741600 0 358 0 358
1377741300 0 357 0 358
1377741000 0 348 0 349
1377740700 0 348 0 364
1377740400 0 363 0 364
1377740100 0 346 0 351
1377739800 0 350 0 351
1377739500 0 347 0 385
1377739200 0 384 0 385
1377738900 0 344 0 356
1377738600 0 356 0 377
1377738300 0 376 0 377
1377738000 0 341 0 342
1377737700 0 334 0 356
1377737400 0 356 0 362
1377737100 0 361 0 362
1377736800 0 352 0 353
1377736500 0 345 0 372
1377736200 0 371 0 372
1377735900 0 336 0 364
1377735600 0 363 0 364
1377735300 0 362 0 366
1377735000 0 365 0 366
1377734700 0 333 0 370
1377734400 0 369 0 370
1377734100 0 359 0 360
1377733800 0 347 0 357
1377733500 0 356 0 357
1377733200 0 348 0 360
1377732900 0 359 0 360
1377732600 0 321 0 368
1377732300 0 367 0 368
1377732000 0 365 0 366
1377731700 0 352 0 353
1377731400 0 341 0 380
1377731100 0 379 0 380
1377730800 0 340 0 419
1377730500 0 419 0 459
1377730200 0 459 0 505
1377729900 0 506 0 763
1377729600 0 761 49 763
1377729300 49 548 192 679
1377729000 192 679 275 765
1377728700 274 765 275 794
1377728400 166 794 246 806
1377728100 246 809 365 1800
1377727800 366 1805 644 2572
1377727500 642 2574 644 2897
1377727200 387 2899 388 3594
1377726900 383 3588 384 3594
1377726600 301 1865 302 1869
1377726300 289 907 418 1279
1377726000 418 1282 495 1866
1377725700 504 1905 1926 7860
1377725400 1930 7949 2608 21297
1377725100 2605 21295 2608 21297
1377724800 2233 21149 2760 30056
1377724500 2745 29934 2760 30056
1377724200 596 11733 598 11805
1377723900 365 1050 741 2574
1377723600 739 2571 741 2574
1377723300 581 2166 885 5420
1377723000 885 5417 977 5420
1377722700 977 4646 1070 7063
1377722400 1067 7046 1070 7063
1377722100 639 4608 1166 7697
1377721800 1161 7653 1166 7697
1377721500 485 1101 486 1254
1377721200 374 1269 630 3625
1377720900 632 3639 984 5779
1377720600 984 5782 1093 6337
1377720300 1091 6329 1093 6337
1377720000 745 4183 747 4194
1377719700 251 1031 252 1032
1377719400 135 816 901 4373
1377719100 898 4371 901 4373
1377718800 532 4091 535 4113
1377718500 143 859 1042 3931
1377718200 1039 3920 1042 3931
1377717900 268 916 269 967
1377717600 192 967 193 989
1377717300 126 989 230 1021
1377717000 230 1020 280 1021
1377716700 278 863 280 929
1377716400 125 928 178 929
1377716100 178 846 217 1048
1377715800 216 1045 217 1048
1377715500 205 745 212 987
1377715200 211 986 212 987
1377714900 194 894 195 896
1377714600 97 649 284 874
1377714300 283 873 284 874
1377714000 198 851 199 852
1377713700 123 836 241 1056
1377713400 241 1055 294 1056
1377713100 295 916 539 2986
1377712800 538 2990 539 4208
1377712500 532 4262 741 20518
1377712200 745 20483 1382 20518
1377711900 1378 15307 1382 15353
1377711600 430 1729 431 1731
1377711300 340 1538 341 1559
1377711000 210 1554 291 1559
1377710700 290 901 291 902
1377710400 192 771 193 948
1377710100 193 1017 938 11370
1377709800 934 11305 938 11370
1377709500 461 1755 463 1759
1377709200 125 692 904 6107
1377708900 904 6150 1035 12675
1377708600 1029 12597 1035 12675
1377708300 252 1077 1290 7533
1377708000 1287 7525 1290 7533
1377707700 929 6678 931 38553
1377707400 728 38826 3561 120458
1377707100 3546 119722 3561 120458
1377706800 1324 10064 1328 10098
1377706500 727 5087 729 5101
1377706200 192 926 476 3196
1377705900 487 3474 2147 44987
1377705600 2133 44692 2147 44987
1377705300 122 878 199 879
1377705000 201 868 555 1583
1377704700 553 1579 555 1583
1377704400 310 1118 311 1129
1377704100 197 1128 198 1129
1377703800 189 1121 397 3505
1377703500 403 3935 2427 132700
1377703200 2430 132804 3586 164043
1377702900 3573 163418 3586 164043
1377702600 1741 70200 1744 70309
1377702300 1442 54089 1623 91953
1377702000 1621 91757 1623 91953
1377701700 1406 62620 1566 71807
1377701400 1570 71727 2208 71807
1377701100 2208 59948 2243 60762
1377700800 2235 60394 2243 60762
1377700500 1151 5596 1243 11758
1377700200 1240 11708 1243 11758
1377699900 794 4396 795 6645
1377699600 728 6627 730 6645
1377699300 304 1493 817 15277
1377699000 820 15260 1353 15277
1377698700 1355 12787 2246 30885
1377698400 2241 30786 2246 30885
1377698100 1493 16137 1496 16176
1377697800 995 10459 17602 899138
1377697500 17517 893328 17602 899138
1377697200 4836 27534 4864 27708
1377696900 746 1675 1113 3138
1377696600 1113 3152 1276 7339
1377696300 1273 7300 1276 7339
1377696000 942 1497 949 1503
1377695700 0 694 0 1053
1377695400 0 1049 0 1053
1377695100 0 579 0 580
1377694800 0 388 0 389
1377694500 0 387 0 388
1377694200 0 380 0 470
1377693900 0 470 0 486
1377693600 0 485 0 486
1377693300 0 420 0 421
1377693000 0 366 0 391
1377692700 0 391 0 533
1377692400 0 532 0 533
1377692100 0 385 0 386
1377691800 0 374 0 375
1377691500 0 359 0 360
1377691200 0 357 0 481
1377690900 0 482 0 698
1377690600 0 695 0 698
1377690300 0 336 0 370
1377690000 0 369 0 370
1377689700 0 351 0 352
1377689400 0 346 0 373
1377689100 0 372 0 373
1377688800 0 359 0 364
1377688500 0 363 0 364
1377688200 0 335 0 348
1377687900 0 348 0 360
1377687600 0 359 0 360
1377687300 0 344 0 362
1377687000 0 361 0 362
1377686700 0 355 0 356
1377686400 0 354 0 355
1377686100 0 343 0 354
1377685800 0 354 0 354
1377685500 0 353 0 354
1377685200 0 343 0 359
1377684900 0 358 0 359
1377684600 0 344 0 345
1377684300 0 328 0 350
1377684000 0 350 0 368
1377683700 0 367 0 368
1377683400 0 345 0 346
1377683100 0 338 0 367
1377682800 0 366 0 367
1377682500 0 341 0 342
1377682200 0 341 0 358
1377681900 0 357 0 358
1377681600 0 344 0 359
1377681300 0 358 0 359
1377681000 0 340 0 360
1377680700 0 360 0 361
1377680400 0 360 0 361
1377680100 0 342 0 349
1377679800 0 348 0 349
1377679500 0 343 0 352
1377679200 0 351 0 352
1377678900 0 348 0 351
1377678600 0 350 0 351
1377678300 0 350 0 368
1377678000 0 367 0 368
1377677700 0 366 0 367
1377677400 0 345 0 363
1377677100 0 363 0 370
1377676800 0 369 0 370
1377676500 0 348 0 348
1377676200 0 348 0 369
1377675900 0 369 0 371
1377675600 0 370 0 371
1377675300 0 367 0 368
1377675000 0 336 0 378
1377674700 0 377 0 378
1377674400 0 354 0 355
1377674100 0 341 0 345
1377673800 0 345 0 359
1377673500 0 358 0 359
1377673200 0 340 0 341
1377672900 0 341 0 344
1377672600 0 343 0 344
1377672300 0 342 0 343
1377672000 0 337 0 346
1377671700 0 345 0 346
1377671400 0 322 0 334
1377671100 0 334 0 350
1377670800 0 349 0 350
1377670500 0 344 0 345
1377670200 0 332 0 333
1377669900 0 328 0 375
1377669600 0 374 0 375
1377669300 0 334 0 335
1377669000 0 327 0 341
1377668700 0 341 0 349
1377668400 0 348 0 349
1377668100 0 333 0 334
1377667800 0 330 0 351
1377667500 0 350 0 351
1377667200 0 342 0 343
1377666900 0 338 0 352
1377666600 0 351 0 352
1377666300 0 320 0 339
1377666000 0 339 0 347
1377665700 0 346 0 347
1377665400 0 343 0 344
1377665100 0 324 0 351
1377664800 0 351 0 353
1377664500 0 352 0 353
1377664200 0 331 0 336
1377663900 0 336 0 365
1377663600 0 364 0 365
1377663300 0 342 0 348
1377663000 0 348 0 349
1377662700 0 348 0 349
1377662400 0 344 0 345
1377662100 0 332 0 349
1377661800 0 348 0 349
1377661500 0 343 0 344
1377661200 0 325 0 335
1377660900 0 334 0 335
1377660600 0 334 0 346
1377660300 0 345 0 346
1377660000 0 340 0 364
1377659700 0 363 0 364
1377659400 0 342 0 343
1377659100 0 333 0 348
1377658800 0 347 0 348
1377658500 0 330 0 341
1377658200 0 341 0 341
1377657900 0 341 0 365
1377657600 0 364 0 365
1377657300 0 347 0 348
1377657000 0 340 0 370
1377656700 0 369 0 370
1377656400 0 353 0 354
1377656100 0 330 0 348
1377655800 0 348 0 360
1377655500 0 360 0 363
1377655200 0 362 0 363
1377654900 0 339 0 363
1377654600 0 362 0 363
1377654300 0 347 0 370
1377654000 0 369 0 370
1377653700 0 363 0 364
1377653400 0 351 0 352
1377653100 0 351 0 374
1377652800 0 373 0 374
1377652500 0 364 0 370
1377652200 0 369 0 370
1377651900 0 345 0 391
1377651600 0 390 0 391
1377651300 0 361 0 362
1377651000 0 348 0 363
1377650700 0 363 0 364
1377650400 0 364 0 364
1377650100 0 363 0 364
1377649800 0 335 0 359
1377649500 0 359 0 368
1377649200 0 367 0 368
1377648900 0 352 0 370
1377648600 0 369 0 370
1377648300 0 366 0 367
1377648000 0 365 0 366
1377647700 0 346 0 375
1377647400 0 374 0 375
1377647100 0 361 0 362
1377646800 0 358 0 386
1377646500 0 385 0 386
1377646200 0 360 0 361
1377645900 0 342 0 376
1377645600 0 375 0 376
1377645300 0 342 0 343
1377645000 0 342 0 439
1377644700 0 439 0 495
1377644400 0 494 0 495
1377644100 0 478 0 479
1377643800 0 446 0 455
1377643500 0 455 0 459
1377643200 0 459 91 476
1377642900 91 476 108 516
1377642600 108 515 166 516
1377642300 165 500 166 531
1377642000 121 531 228 592
1377641700 228 611 371 3493
1377641400 372 3494 689 4091
1377641100 689 4104 973 8103
1377640800 972 8073 973 8103
1377640500 912 3627 914 3635
1377640200 330 1317 568 1318
1377639900 570 1263 1004 8098
1377639600 999 8051 1004 8098
1377639300 333 1131 344 1730
1377639000 345 1740 592 3358
1377638700 590 3358 592 3394
1377638400 425 3430 1577 8887
1377638100 1579 8973 1900 21926
1377637800 1888 21786 1900 21926
1377637500 146 1022 1288 14744
1377637200 1281 14653 1288 14744
1377636900 303 1218 304 1219
1377636600 280 1138 1177 13711
1377636300 1172 13629 1177 13711
1377636000 517 1532 1219 5751
1377635700 1215 5735 1219 5751
1377635400 274 1035 275 1037
1377635100 200 862 1062 9787
1377634800 1056 9727 1062 9787
1377634500 308 922 1171 3171
1377634200 1179 3201 2408 7767
1377633900 2395 7733 2408 7767
1377633600 491 2814 736 3773
1377633300 742 3994 2568 70142
1377633000 2563 70107 2568 70142
1377632700 1235 59742 1590 65317
1377632400 1590 65327 1858 68542
1377632100 1853 68323 1858 68542
1377631800 614 3101 630 3106
1377631500 630 1860 822 5514
1377631200 820 5498 822 5514
1377630900 305 902 703 2335
1377630600 704 2551 1161 67252
1377630300 1166 67141 1916 67252
1377630000 1911 50445 1916 50608
1377629700 682 1710 686 1716
1377629400 179 957 180 958
1377629100 101 776 222 781
1377628800 222 780 255 781
1377628500 253 748 255 749
1377628200 100 658 287 1075
1377627900 286 1073 287 1075
1377627600 186 750 192 783
1377627300 192 783 229 866
1377627000 228 865 229 866
1377626700 201 787 202 813
1377626400 143 812 230 813
1377626100 229 689 230 916
1377625800 205 1025 280 1281
1377624600 451 4421 1294 18838
1377622800 824 24601 1556 71649
1377621000 52583 56101 241823 254526
1377619200 1060 3333 2728 5995
1377617400 815 19469 1554 83480
1377615600 352 1129 541 1582
1377613800 1139 10896 2708 46681
1377612000 726 8866 2708 46681
1377610200 0 527 0 643
1377608400 0 437 0 608
1377606600 0 463 0 820
1377604800 0 432 0 820
1377603000 0 364 0 391
1377601200 0 362 0 395
1377599400 0 355 0 382
1377597600 0 353 0 359
1377595800 0 357 0 373
1377594000 0 354 0 373
1377592200 0 357 0 371
1377590400 0 352 0 372
1377588600 0 346 0 370
1377586800 0 350 0 371
1377585000 0 361 0 391
1377583200 0 355 0 383
1377581400 0 359 0 386
1377579600 0 350 0 366
1377577800 0 357 0 382
1377576000 0 352 0 377
1377574200 0 362 0 387
1377572400 0 363 0 381
1377570600 0 355 0 374
1377568800 0 364 0 374
1377567000 0 365 0 384
1377565200 0 362 0 389
1377563400 0 369 0 398
1377561600 0 431 0 507
1377559800 0 458 0 475
1377558000 14 521 130 731
1377556200 345 994 651 1327
1377554400 468 5760 904 17935
1377552600 1250 10731 1646 17041
1377550800 594 4918 1682 21999
1377549000 484 1510 2036 17204
1377547200 1760 53855 2940 141498
1377545400 279 1128 588 2012
1377543600 225 1043 309 1564
1377541800 254 1035 306 1408
1377540000 909 6684 2838 27408
1377538200 441 2091 806 5669
1377536400 768 3614 1714 7775
1377534600 592 4179 2161 150575
1377532800 1358 41764 3068 150575
1377531000 1087 13144 2958 38607
1377529200 1758 9080 3395 38607
1377527400 2004 40883 3395 114379
1377525600 1029 17966 1922 64486
1377523800 155 989 941 2841
1377522000 0 521 0 783
1377520200 0 452 0 638
1377518400 0 488 0 638
1377516600 0 446 0 479
1377514800 0 442 0 485
1377513000 0 438 0 482
1377511200 0 439 0 478
1377509400 0 433 0 450
1377507600 0 424 0 481
1377505800 0 421 0 456
1377504000 0 429 0 477
1377502200 0 439 0 465
1377500400 0 444 0 494
1377498600 0 437 0 478
1377496800 0 442 0 473
1377495000 0 438 0 491
1377493200 0 428 0 454
1377491400 0 440 0 491
1377489600 0 443 0 479
1377487800 0 436 0 494
1377486000 0 435 0 473
1377484200 0 432 0 481
1377482400 0 435 0 478
1377480600 0 430 0 480
1377478800 0 431 0 469
1377477000 0 431 0 492
1377475200 0 435 0 469
1377473400 0 426 0 468
1377471600 0 433 0 489
1377469800 0 428 0 458
1377468000 0 428 0 474
1377466200 0 431 0 468
1377464400 0 442 0 481
1377462600 0 432 0 495
1377460800 0 442 0 473
1377459000 0 438 0 496
1377457200 0 438 0 470
1377455400 0 431 0 480
1377453600 0 431 0 454
1377451800 0 430 0 484
1377450000 0 437 0 480
1377448200 0 430 0 490
1377446400 0 436 0 478
1377444600 0 431 0 480
1377442800 0 446 0 471
1377441000 0 442 0 476
1377439200 0 435 0 484
1377437400 0 436 0 460
1377435600 0 436 0 467
1377433800 0 439 0 469
1377432000 0 435 0 491
1377430200 0 434 0 470
1377428400 0 435 0 480
1377426600 0 435 0 486
1377424800 0 430 0 481
1377423000 0 435 0 474
1377421200 0 434 0 472
1377419400 0 432 0 484
1377417600 0 429 0 470
1377415800 0 436 0 470
1377414000 0 441 0 483
1377412200 0 433 0 477
1377410400 0 438 0 477
1377408600 0 454 0 483
1377406800 0 435 0 481
1377405000 0 443 0 480
1377403200 0 432 0 474
1377401400 0 434 0 469
1377399600 0 438 0 475
1377397800 0 443 0 485
1377396000 0 436 0 472
1377394200 0 444 0 491
1377392400 0 424 0 479
1377390600 0 432 0 486
1377388800 0 433 0 482
1377387000 0 433 0 472
1377385200 0 417 0 468
1377383400 0 419 0 467
1377381600 0 418 0 456
1377379800 0 422 0 464
1377378000 0 417 0 451
1377376200 0 438 0 492
1377374400 0 449 0 488
1377372600 0 443 0 472
1377370800 0 443 0 483
1377369000 0 436 0 469
1377367200 0 433 0 473
1377365400 0 435 0 462
1377363600 0 433 0 479
1377361800 0 432 0 475
1377360000 0 431 0 465
1377358200 0 439 0 486
1377356400 0 436 0 467
1377354600 0 442 0 482
1377352800 0 441 0 463
1377351000 0 432 0 487
1377349200 0 439 0 467
1377347400 0 438 0 482
1377345600 0 434 0 465
1377343800 0 438 0 491
1377342000 0 441 0 463
1377340200 0 432 0 466
1377338400 0 443 0 477
1377336600 0 431 0 461
1377334800 0 433 0 468
1377333000 0 431 0 458
1377331200 0 433 0 469
1377329400 0 443 0 486
1377327600 0 445 0 482
1377325800 0 441 0 491
1377324000 0 442 0 484
1377322200 0 441 0 481
1377320400 0 444 0 489
1377318600 0 440 0 481
1377316800 0 431 0 462
1377315000 0 432 0 473
1377313200 0 433 0 468
1377311400 0 428 0 468
1377309600 0 434 0 463
1377307800 0 441 0 457
1377306000 0 428 0 463
1377304200 0 437 0 464
1377302400 0 456 0 490
1377300600 0 495 0 546
1377298800 13 527 310 958
1377297000 52997 56717 313127 328638
1377295200 32465 48302 190398 218280
1377293400 22684 118252 273682 288003
1377291600 45887 62679 273682 288003
1377289800 1070 17199 64979 67897
1377288000 12138 48089 64979 207016
1377286200 470 2649 855 6380
1377284400 275 1035 527 1282
1377282600 238 1080 333 1229
1377280800 531 10278 1294 69811
1377279000 1707 74270 2774 130552
1377277200 858 3607 2526 7767
1377275400 1686 72879 2738 139225
1377273600 1403 40191 2223 113000
1377271800 687 5208 1361 13902
1377270000 1317 21386 1972 68740
1377268200 1163 21818 3357 94267
1377266400 1197 6811 3357 23141
1377264600 0 851 0 1207
1377262800 0 502 0 697
1377261000 0 522 0 697
1377259200 0 461 0 507
1377257400 0 463 0 515
1377255600 0 461 0 508
1377253800 0 459 0 498
1377252000 0 460 0 496
1377250200 0 470 0 486
1377248400 0 467 0 518
1377246600 0 463 0 509
1377244800 0 471 0 517
1377243000 0 469 0 507
1377241200 0 480 0 508
1377239400 0 478 0 510
1377237600 0 477 0 507
1377235800 0 676 0 1664
1377234000 0 466 0 970
1377232200 0 555 0 970
1377230400 0 472 0 501
1377228600 0 462 0 495
1377226800 0 465 0 495
1377225000 0 460 0 497
1377223200 0 461 0 494
1377221400 0 463 0 518
1377219600 0 475 0 521
1377217800 0 496 0 555
1377216000 0 480 0 547
1377214200 0 550 0 595
1377212400 0 735 0 1288
1377210600 0 1222 0 1384
1377208800 0 1376 0 1566
1377207000 0 1379 0 1566
1377205200 0 1250 0 1449
1377203400 0 1394 0 1500
1377201600 0 1340 0 1514
1377199800 0 1448 0 1638
1377198000 0 1433 0 1587
1377196200 0 1395 0 1703
1377194400 0 1236 0 1484
1377192600 0 964 0 1114
1377190800 0 939 0 1065
1377189000 0 991 0 1198
1377187200 0 1026 0 1198
1377185400 0 1154 0 1508
1377183600 0 1022 0 1435
1377181800 0 1087 0 1534
1377180000 0 1273 0 1536
1377178200 0 883 0 1276
1377176400 0 574 0 715
1377174600 0 530 0 619
1377172800 0 490 0 619
1377171000 0 473 0 511
1377169200 0 470 0 507
1377167400 0 471 0 510
1377165600 0 476 0 500
1377163800 0 471 0 515
1377162000 0 481 0 526
1377160200 0 481 0 519
1377158400 0 483 0 515
1377156600 0 471 0 508
1377154800 0 474 0 508
1377153000 0 468 0 508
1377151200 0 465 0 528
1377149400 0 480 0 528
1377147600 0 541 0 907
1377145800 0 491 0 534
1377144000 0 482 0 522
1377142200 0 486 0 524
1377140400 0 478 0 520
1377138600 0 476 0 557
1377136800 0 509 0 631
1377135000 0 475 0 510
1377133200 0 478 0 514
1377131400 0 485 0 526
1377129600 0 480 0 523
1377127800 0 508 0 577
1377126000 15 673 230 1123
1377124200 249 1362 1355 9245
1377122400 1279 11911 4101 30987
1377120600 1332 6886 4101 12186
1377118800 690 3819 931 5820
1377117000 1357 47317 2223 108096
1377115200 758 5763 1741 17369
1377113400 982 28649 2373 112523
1377111600 1200 31853 2373 98959
1377109800 798 4674 2516 15301
1377108000 359 1903 496 2554
1377106200 289 1605 649 2164
1377104400 499 12403 1655 66840
1377102600 256 1534 356 1683
1377100800 508 11732 1323 61080
1377099000 928 11712 1618 32253
1377097200 791 15384 1793 55167
1377095400 1113 24998 1755 99136
1377093600 996 14749 1676 40416
1377091800 428 1390 1023 2303
1377090000 0 537 0 599
1377088200 0 548 0 686
1377086400 0 546 0 766
1377084600 0 481 0 512
1377082800 0 480 0 529
1377081000 0 479 0 510
1377079200 0 474 0 506
1377077400 0 476 0 504
1377075600 0 468 0 520
1377073800 0 470 0 520
1377072000 0 477 0 510
1377070200 0 486 0 519
1377068400 0 475 0 545
1377066600 0 484 0 545
1377064800 0 474 0 504
1377063000 0 465 0 513
1377061200 0 512 0 766
1377059400 0 472 0 504
1377057600 0 468 0 489
1377055800 0 477 0 516
1377054000 0 469 0 505
1377052200 0 471 0 535
1377050400 0 477 0 535
1377048600 0 464 0 512
1377046800 0 496 0 576
1377045000 0 483 0 530
1377043200 0 482 0 520
1377041400 0 496 0 587
1377039600 336 1001 944 2339
1377037800 437 2664 857 7994
1377036000 535 3647 3061 126980
1377034200 2602 148117 5664 410808
1377032400 696 3163 1354 8334
1377030600 697 9732 1305 47570
1377028800 524 1921 789 3471
1377027000 250 1320 418 1929
1377025200 281 1166 421 1494
1377023400 340 5738 628 28583
1377021600 283 1399 713 3798
1377019800 1171 46782 2670 186280
1377018000 1540 11419 2646 23926
1377016200 1534 4233 4794 13019
1377014400 2357 7999 5531 15434
1377012600 1202 3903 3121 8570
1377010800 54758 60675 324992 343304
1377009000 1196 39310 3074 181065
1377007200 1346 35044 3074 181065
1377005400 269 1058 925 1713
1377003600 0 557 0 703
1377001800 0 475 0 547
1377000000 0 496 0 665
1376998200 0 488 0 524
1376996400 0 484 0 535
1376994600 0 478 0 526
1376992800 0 476 0 534
1376991000 0 475 0 505
1376989200 0 482 0 521
1376987400 0 482 0 526
1376985600 0 476 0 519
1376983800 0 483 0 521
1376982000 0 474 0 521
1376980200 0 468 0 518
1376978400 0 476 0 518
1376976600 0 474 0 530
1376974800 0 474 0 530
1376973000 0 507 0 740
1376971200 0 475 0 504
1376969400 0 470 0 501
1376967600 0 470 0 505
1376965800 0 481 0 505
1376964000 0 476 0 501
1376962200 0 476 0 530
1376960400 0 487 0 532
1376958600 0 480 0 651
1376956800 0 597 0 725
1376955000 0 549 0 611
1376953200 0 576 0 612
1376951400 0 714 0 981
1376949600 0 908 0 1049
1376947800 0 948 0 1176
1376946000 0 890 0 1037
1376944200 0 879 0 992
1376942400 0 897 0 950
1376940600 0 916 0 970
1376938800 0 860 0 962
1376937000 0 856 0 1048
1376935200 0 782 0 882
1376933400 0 772 0 899
1376931600 41 824 2308 5177
1376929800 1003 3204 2308 7450
1376928000 321 1107 484 1351
1376926200 348 4695 768 7106
1376924400 946 9714 1677 19049
1376922600 464 1738 1521 4808
1376920800 0 1173 0 1633
1376919000 0 696 0 878
1376917200 0 502 0 686
1376915400 0 547 0 807
1376913600 0 475 0 582
1376911800 0 445 0 472
1376910000 0 443 0 478
1376908200 0 440 0 488
1376906400 0 441 0 487
1376904600 0 438 0 484
1376902800 0 442 0 483
1376901000 0 430 0 472
1376899200 0 439 0 465
1376897400 0 443 0 467
1376895600 0 440 0 476
1376893800 0 445 0 493
1376892000 0 433 0 458
1376890200 0 443 0 476
1376888400 0 434 0 472
1376886600 0 431 0 467
1376884800 0 438 0 474
1376883000 0 438 0 484
1376881200 0 436 0 480
1376879400 0 433 0 463
1376877600 0 442 0 474
1376875800 0 443 0 484
1376874000 0 438 0 484
1376872200 0 430 0 473
1376870400 0 445 0 471
1376868600 0 445 0 484
1376866800 0 430 0 478
1376865000 0 443 0 464
1376863200 0 441 0 462
1376861400 0 436 0 475
1376859600 0 442 0 480
1376857800 0 448 0 483
1376856000 0 443 0 469
1376854200 0 446 0 488
1376852400 0 424 0 478
1376850600 0 443 0 491
1376848800 0 441 0 485
1376847000 0 441 0 470
1376845200 0 436 0 477
1376843400 0 483 0 667
1376841600 0 437 0 469
1376839800 0 444 0 477
1376838000 0 445 0 485
1376836200 0 437 0 475
1376834400 0 441 0 476
1376832600 0 443 0 475
1376830800 0 447 0 475
1376829000 0 440 0 479
1376827200 0 436 0 468
1376825400 0 439 0 470
1376823600 0 432 0 465
1376821800 0 439 0 481
1376820000 0 438 0 476
1376818200 0 431 0 474
1376816400 0 435 0 474
1376814600 0 434 0 466
1376812800 0 436 0 460
1376811000 0 444 0 479
1376809200 0 433 0 477
1376807400 0 433 0 469
1376805600 0 435 0 474
1376803800 0 442 0 489
1376802000 0 433 0 468
1376800200 0 433 0 464
1376798400 0 447 0 482
1376796600 0 436 0 465
1376794800 0 441 0 481
1376793000 0 439 0 472
1376791200 0 442 0 474
1376789400 0 441 0 476
1376787600 0 440 0 472
1376785800 0 447 0 493
1376784000 0 433 0 474
1376782200 0 438 0 473
1376780400 0 433 0 465
1376778600 0 436 0 473
1376776800 0 440 0 480
1376775000 0 438 0 479
1376773200 0 433 0 473
1376771400 0 436 0 480
1376769600 0 433 0 476
1376767800 0 438 0 493
1376766000 0 442 0 479
1376764200 0 446 0 477
1376762400 0 436 0 468
1376760600 0 437 0 485
1376758800 0 442 0 478
1376757000 0 434 0 469
1376755200 0 439 0 468
1376753400 0 442 0 480
1376751600 0 444 0 481
1376749800 0 440 0 469
1376748000 0 442 0 492
1376746200 0 441 0 476
1376744400 0 441 0 483
1376742600 0 437 0 478
1376740800 0 441 0 482
1376739000 0 445 0 498
1376737200 0 447 0 485
1376735400 0 441 0 489
1376733600 0 444 0 483
1376731800 0 442 0 483
1376730000 0 435 0 450
1376728200 0 432 0 466
1376726400 0 425 0 471
1376724600 0 456 0 515
1376722800 0 428 0 458
1376721000 0 442 0 479
1376719200 0 445 0 475
1376717400 0 446 0 487
1376715600 0 427 0 475
1376713800 0 432 0 476
1376712000 0 455 0 483
1376710200 0 446 0 483
1376708400 0 445 0 481
1376706600 0 442 0 483
1376704800 0 449 0 483
1376703000 0 445 0 474
1376701200 0 439 0 496
1376699400 0 455 0 498
1376697600 0 462 0 498
1376695800 0 573 0 825
1376694000 0 527 0 661
1376692200 0 671 0 823
1376690400 0 871 0 995
1376688600 0 1014 0 1368
1376686800 0 795 0 970
1376685000 0 784 0 970
1376683200 0 1047 0 1904
1376681400 0 772 0 1206
1376679600 0 934 0 1206
1376677800 0 1240 0 2682
1376676000 0 907 0 1028
1376674200 0 886 0 953
1376672400 0 856 0 933
1376670600 0 920 0 1095
1376668800 0 3416 0 10129
1376667000 0 858 0 1019
1376665200 0 925 0 1047
1376663400 0 1035 0 1221
1376661600 0 980 0 1180
1376659800 0 690 0 784
1376658000 0 564 0 696
1376656200 0 599 0 893
1376654400 0 483 0 515
1376652600 0 478 0 537
1376650800 0 482 0 528
1376649000 0 482 0 511
1376647200 0 483 0 533
1376645400 0 478 0 556
1376643600 0 482 0 556
1376641800 0 512 0 583
1376640000 0 481 0 517
1376638200 0 509 0 608
1376636400 0 483 0 542
1376634600 0 497 0 542
1376632800 0 495 0 527
1376631000 0 493 0 543
1376629200 0 488 0 519
1376627400 0 569 0 846
1376625600 0 480 0 509
1376623800 0 500 0 533
1376622000 0 484 0 530
1376620200 0 495 0 520
1376618400 0 481 0 516
1376616600 0 486 0 539
1376614800 0 488 0 529
1376613000 0 511 0 677
1376611200 0 511 0 573
1376609400 0 517 0 600
1376607600 15 584 259 796
1376605800 598 2960 1684 11623
1376604000 634 2539 1209 5339
1376602200 823 7034 1445 17839
1376600400 1031 9642 3040 70598
1376598600 2021 63362 3040 126304
1376596800 1850 57574 3696 192456
1376595000 683 5398 1066 18447
1376593200 578 3642 1536 11457
1376591400 254 1104 334 1377
1376589600 399 2086 541 2934
1376587800 929 7882 2788 75537
1376586000 1378 30170 2055 75537
1376584200 742 6408 1044 10456
1376582400 686 3818 1256 8530
1376580600 1469 16311 2990 57921
1376578800 923 5339 2181 17583
1376577000 883 2916 2181 6539
1376575200 1467 11269 2282 32056
1376573400 175 882 1059 1644
1376571600 0 569 0 785
1376569800 0 499 0 553
1376568000 0 493 0 545
1376566200 0 549 0 865
1376564400 0 504 0 533
1376562600 0 492 0 534
1376560800 0 500 0 526
1376559000 0 501 0 545
1376557200 0 493 0 535
1376555400 0 491 0 526
1376553600 0 529 0 610
1376551800 0 518 0 553
1376550000 0 505 0 553
1376548200 0 510 0 549
1376546400 0 503 0 541
1376544600 0 524 0 929
1376539200 0 506 0 556
1376532000 0 510 0 559
1376524800 364 1492 7610 22014
1376517600 852 31433 4498 287519
1376510400 783 17923 2841 134705
1376503200 368 1190 1793 2842
1376496000 964 5695 2788 19450
1376488800 104 1500 1518 7353
1376481600 0 434 0 475
1376474400 0 428 0 457
1376467200 0 441 0 490
1376460000 0 453 0 667
1376452800 0 443 0 510
1376445600 0 450 0 485
1376438400 55 594 334 1622
1376431200 784 12999 2564 103525
1376424000 611 6775 2264 37448
1376416800 1592 46590 5582 165564
1376409600 1233 32347 3354 389937
1376402400 78 871 993 5126
1376395200 0 463 0 506
1376388000 0 462 0 506
1376380800 0 459 0 501
1376373600 0 466 0 735
1376366400 0 453 0 477
1376359200 0 459 0 493
1376352000 70 589 349 1030
1376344800 244 1389 418 8333
1376337600 263 1064 441 1359
1376330400 707 3877 2176 17550
1376323200 1055 7938 2859 86121
1376316000 439 7785 4324 114363
1376308800 0 505 0 566
1376301600 0 497 0 553
1376294400 0 508 0 552
1376287200 0 508 0 571
1376280000 0 506 0 550
1376272800 0 502 0 595
1376265600 0 496 0 544
1376258400 0 496 0 543
1376251200 0 508 0 557
1376244000 0 510 0 594
1376236800 0 504 0 560
1376229600 0 503 0 607
1376222400 0 494 0 543
1376215200 0 499 0 551
1376208000 0 496 0 549
1376200800 0 501 0 550
1376193600 0 504 0 565
1376186400 0 501 0 552
1376179200 0 497 0 545
1376172000 0 496 0 557
1376164800 0 483 0 532
1376157600 0 493 0 567
1376150400 0 490 0 542
1376143200 0 497 0 565
1376136000 0 487 0 537
1376128800 0 493 0 551
1376121600 0 501 0 550
1376114400 0 499 0 561
1376107200 0 493 0 563
1376100000 0 512 0 635
1376092800 0 485 0 676
1376085600 0 803 0 1165
1376078400 0 803 0 1016
1376071200 0 1230 0 11192
1376064000 0 870 0 1145
1376056800 0 775 0 1408
1376049600 0 552 0 776
1376042400 0 531 0 590
1376035200 0 526 0 567
1376028000 0 550 0 837
1376020800 0 528 0 589
1376013600 0 533 0 599
1376006400 231 1418 1957 8597
1375999200 859 20367 2909 144471
1375992000 521 1627 998 4052
1375984800 853 9371 2826 87742
1375977600 1380 38196 4583 258494
1375970400 525 3905 2293 16138
1375963200 0 544 0 642
1375956000 0 533 0 586
1375948800 0 543 0 945
1375941600 0 530 0 588
1375934400 0 529 0 572
1375927200 0 617 0 755
1375920000 48 723 1435 35963
1375912800 2340 15836 12929 92040
1375905600 1232 27074 6197 142314
1375898400 1700 13098 5767 84407
1375891200 2577 46059 8606 118346
1375884000 814 9605 7227 81577
1375876800 0 391 0 415
1375869600 0 389 0 421
1375862400 0 389 0 418
1375855200 0 415 0 835
1375848000 0 393 0 427
1375840800 0 396 0 499
1375833600 52 508 3388 16943
1375826400 2487 41632 5475 114331
1375819200 1314 17444 4888 145996
1375812000 1764 7070 6299 87017
1375804800 1971 23110 4264 115077
1375797600 1716 7445 6698 46479
1375790400 0 419 0 513
1375783200 0 420 0 491
1375776000 0 440 0 553
1375768800 0 427 0 755
1375761600 0 420 0 588
1375754400 0 414 0 435
1375747200 378 6296 3737 100903
1375740000 1390 4814 10647 42158
1375732800 884 2464 6541 10353
1375725600 2144 58788 4824 168957
1375718400 2666 29132 8933 152908
1375711200 273 1682 2881 9046
1375704000 0 439 0 574
1375696800 0 423 0 465
1375689600 0 428 0 473
1375682400 0 423 0 456
1375675200 0 422 0 465
1375668000 0 424 0 464
1375660800 0 430 0 476
1375653600 0 431 0 464
1375646400 0 431 0 474
1375639200 0 422 0 472
1375632000 0 423 0 476
1375624800 0 430 0 480
1375617600 0 419 0 477
1375610400 0 422 0 477
1375603200 0 428 0 469
1375596000 0 418 0 473
1375588800 0 420 0 478
1375581600 0 429 0 479
1375574400 0 427 0 485
1375567200 0 433 0 474
1375560000 0 422 0 466
1375552800 0 639 0 908
1375545600 0 626 0 913
1375538400 0 428 0 489
1375531200 0 417 0 463
1375524000 0 425 0 470
1375516800 0 427 0 481
1375509600 0 438 0 682
1375502400 0 423 0 473
1375495200 0 422 0 474
1375488000 57 560 476 1402
1375480800 1289 12625 3881 108295
1375473600 857 3157 9235 27655
1375466400 1281 3010 8759 11780
1375459200 2579 20795 9677 205297
1375452000 1377 7732 8035 83751
1375444800 0 465 0 511
1375437600 0 469 0 521
1375430400 0 454 0 509
1375423200 0 477 0 791
1375416000 0 458 0 528
1375408800 0 471 0 682
1375401600 325 1155 6499 23754
1375394400 1885 8642 6051 29566
1375387200 649 3931 6051 47648
1375380000 1940 14296 5398 161158
1375372800 1420 35284 5601 88739
1375365600 506 2618 5601 20006
1375358400 0 437 0 483
1375351200 0 447 0 511
1375344000 0 451 0 725
1375336800 0 440 0 485
1375329600 0 443 0 543
1375322400 0 524 0 642
1375315200 67 637 1090 2501
1375308000 1075 11581 5469 136865
1375300800 787 3254 7765 23925
1375293600 15673 43490 222061 227840
1375286400 2307 26153 7974 128087
1375279200 403 4901 2588 43797
1375272000 0 467 0 524
1375264800 0 466 0 514
1375257600 0 477 0 521
1375250400 0 482 0 703
1375243200 0 483 0 542
1375236000 0 477 0 527
1375228800 73 660 559 2222
1375221600 1106 6267 6410 20659
1375214400 781 3369 6410 20659
1375207200 1923 31183 4742 103958
1375200000 1870 21549 5011 105548
1375192800 1014 9772 6496 78733
1375185600 0 462 0 511
1375178400 0 458 0 500
1375171200 0 456 0 501
1375164000 0 463 0 520
1375156800 0 456 0 495
1375149600 0 453 0 499
1375142400 0 537 0 749
1375135200 0 812 0 1194
1375128000 0 829 0 1067
1375120800 0 810 0 1008
1375113600 0 806 0 1003
1375106400 0 718 0 1370
1375099200 0 490 0 591
1375092000 0 480 0 538
1375084800 0 474 0 539
1375077600 0 481 0 560
1375070400 0 477 0 530
1375063200 0 476 0 530
1375056000 0 476 0 537
1375048800 0 473 0 537
1375041600 0 483 0 549
1375034400 0 478 0 530
1375027200 0 478 0 546
1375020000 0 476 0 541
1375012800 0 478 0 545
1375005600 0 478 0 529
1374998400 0 480 0 546
1374991200 0 486 0 579
1374984000 0 476 0 528
1374976800 0 471 0 531
1374969600 0 471 0 530
1374962400 0 477 0 545
1374955200 0 473 0 526
1374948000 0 469 0 523
1374940800 0 471 0 515
1374933600 0 472 0 520
1374926400 0 468 0 520
1374919200 0 476 0 540
1374912000 0 473 0 511
1374904800 0 480 0 519
1374897600 0 485 0 534
1374890400 0 488 0 539
1374883200 57 539 361 833
1374876000 1929 24492 9653 187687
1374868800 262 912 1716 3790
1374861600 1900 5579 9556 18959
1374854400 2765 45023 5576 129148
1374847200 500 2712 4806 30379
1374840000 0 541 0 610
1374832800 0 537 0 614
1374825600 0 546 0 613
1374818400 0 544 0 632
1374811200 0 543 0 628
1374804000 0 540 0 609
1374796800 430 1988 4517 18970
1374789600 2415 44542 6950 192322
1374782400 762 4194 4754 31409
1374775200 1697 14488 7855 102604
1374768000 2258 16722 16559 91392
1374760800 1361 5437 7529 21955
1374753600 0 490 0 639
1374746400 0 479 0 533
1374739200 0 481 0 558
1374732000 0 498 0 892
1374724800 0 475 0 544
1374717600 0 490 0 532
1374710400 58 609 904 5120
1374703200 2110 21296 6081 116620
1374696000 1347 12452 7933 99487
1374688800 1831 39488 5230 159259
1374681600 1526 18001 7295 114983
1374674400 604 4913 5942 63691
1374667200 0 473 0 564
1374660000 0 464 0 519
1374652800 0 467 0 524
1374645600 0 488 0 834
1374638400 0 469 0 538
1374631200 0 476 0 530
1374624000 8959 10653 213330 240383
1374616800 3764 13255 67321 102469
1374609600 1559 17333 3946 90236
1374602400 1502 26341 4013 104072
1374595200 2092 34980 5331 171046
1374588000 1095 14605 8127 221558
1374580800 0 493 0 546
1374573600 0 480 0 537
1374566400 0 491 0 550
1374559200 0 504 0 761
1374552000 0 490 0 546
1374544800 0 505 0 708
1374537600 0 593 0 1152
1374530400 0 931 0 1207
1374523200 0 1030 0 2499
1374516000 0 868 0 1151
1374508800 0 906 0 1147
1374501600 0 654 0 1534
1374494400 0 396 0 434
1374487200 0 398 0 437
1374480000 0 384 0 408
1374472800 0 383 0 403
1374465600 0 393 0 419
1374458400 0 396 0 427
1374451200 0 397 0 422
1374444000 0 394 0 417
1374436800 0 396 0 417
1374429600 0 398 0 421
1374422400 0 394 0 416
1374415200 0 396 0 428
1374408000 0 398 0 424
1374400800 0 399 0 426
1374393600 0 397 0 428
1374386400 0 395 0 422
1374379200 0 389 0 420
1374372000 0 399 0 424
1374364800 0 391 0 420
1374357600 0 399 0 435
1374350400 0 392 0 425
1374343200 0 401 0 439
1374336000 0 382 0 416
1374328800 0 368 0 405
1374321600 0 371 0 413
1374314400 0 379 0 404
1374307200 0 379 0 402
1374300000 0 370 0 406
1374292800 0 355 0 389
1374285600 0 332 0 368
1374278400 342 15327 4000 178222
1374271200 1701 23249 6662 154583
1374264000 1305 8355 9246 92339
1374256800 1055 8747 2976 87960
1374249600 2249 19792 8227 78510
1374242400 765 2782 7730 17666
1374235200 0 383 0 525
1374228000 0 376 0 431
1374220800 0 388 0 440
1374213600 0 394 0 634
1374206400 0 370 0 407
1374199200 0 378 0 454
1374192000 51 537 2539 3051
1374184800 1573 7913 4854 22141
1374177600 1536 43843 5945 283948
1374170400 1877 12612 7442 81010
1374163200 1883 24010 6755 166570
1374156000 886 4986 3505 32301
1374148800 0 432 0 524
1374141600 0 438 0 554
1374134400 0 433 0 541
1374127200 0 437 0 633
1374120000 0 428 0 512
1374112800 0 439 0 505
1374105600 0 510 0 877
1374098400 0 932 0 1423
1374091200 0 4667 0 30343
1374084000 0 892 0 1255
1374076800 0 917 0 1126
1374069600 0 800 0 1511
1374062400 0 527 0 579
1374055200 0 499 0 589
1374048000 0 474 0 564
1374040800 0 474 0 561
1374033600 0 467 0 553
1374026400 0 472 0 573
1374019200 54 560 321 1085
1374012000 2063 34737 6422 122711
1374004800 563 2777 4721 36988
1373997600 1888 14149 9932 99182
1373990400 2323 14452 8442 68200
1373983200 1992 4891 12845 25095
1373976000 0 385 0 441
1373968800 0 379 0 421
1373961600 0 377 0 446
1373954400 0 379 0 422
1373947200 0 391 0 536
1373940000 0 388 0 441
1373932800 0 447 0 888
1373925600 0 1020 0 3878
1373918400 0 689 0 1148
1373911200 0 688 0 1148
1373904000 0 711 0 921
1373896800 0 575 0 1006
1373889600 0 409 0 582
1373882400 0 392 0 453
1373875200 0 399 0 462
1373868000 0 400 0 540
1373860800 0 399 0 449
1373853600 0 398 0 470
1373846400 0 395 0 462
1373839200 0 400 0 464
1373832000 0 401 0 482
1373824800 0 401 0 487
1373817600 0 406 0 460
1373810400 0 396 0 476
1373803200 0 400 0 482
1373796000 0 400 0 459
1373788800 0 402 0 477
1373781600 0 398 0 472
1373774400 0 410 0 562
1373767200 0 391 0 449
1373760000 0 400 0 466
1373752800 0 403 0 494
1373745600 0 399 0 464
1373738400 0 400 0 481
1373731200 0 401 0 524
1373724000 0 398 0 462
1373716800 0 402 0 480
1373709600 0 402 0 453
1373702400 0 399 0 487
1373695200 0 401 0 482
1373688000 0 407 0 482
1373680800 0 409 0 493
1373673600 273 1540 5751 24108
1373666400 1801 45887 6980 164128
1373659200 943 8295 4607 89198
1373652000 1435 5631 5852 19269
1373644800 2487 15628 9857 89228
1373637600 383 3316 2197 31090
1373630400 0 415 0 441
1373623200 0 465 0 1479
1373616000 0 414 0 445
1373608800 0 6161 0 138299
1373601600 0 386 0 414
1373594400 0 391 0 430
1373587200 27252 30626 325526 345539
1373580000 1326 15530 4750 192841
1373572800 1829 21552 5622 85464
1373565600 279 1682 968 11375
1373558400 2373 50689 6191 137583
1373551200 1179 8244 10944 96701
1373544000 0 429 0 618
1373536800 0 413 0 556
1373529600 0 450 0 556
1373522400 0 434 0 472
1373515200 0 432 0 474
1373508000 0 665 0 5426
1373500800 138 968 1658 6512
1373493600 2230 10657 6136 55325
1373486400 1692 8041 4887 53086
1373479200 1904 16522 6226 202227
1373472000 2903 28293 11092 152417
1373464800 445 2616 2188 12087
1373457600 0 445 0 707
1373450400 0 437 0 516
1373443200 0 434 0 476
1373436000 0 434 0 478
1373428800 0 440 0 470
1373421600 0 444 0 508
1373414400 112 646 1587 2873
1373407200 11842 14375 199838 216390
1373400000 27834 30646 653524 683876
1373392800 829 3945 2595 23600
1373385600 3370 28517 9324 157451
1373378400 1342 43893 15523 869608
1373371200 0 423 0 457
1373364000 0 430 0 462
1373356800 0 435 0 497
1373349600 0 430 0 483
1373342400 0 428 0 456
1373335200 0 431 0 469
1373328000 0 568 0 841
1373320800 0 803 0 1230
1373313600 0 810 0 1136
1373306400 0 762 0 936
1373299200 0 815 0 1063
1373292000 0 684 0 1375
1373284800 0 406 0 895
1373277600 0 388 0 421
1373270400 0 387 0 416
1373263200 0 390 0 424
1373256000 0 396 0 432
1373248800 0 396 0 438
1373241600 0 400 0 457
1373234400 0 401 0 449
1373227200 0 396 0 419
1373220000 0 396 0 436
1373212800 0 399 0 491
1373205600 0 395 0 427
1373198400 0 401 0 442
1373191200 0 398 0 445
1373184000 0 396 0 430
1373176800 0 398 0 434
1373169600 0 404 0 472
1373162400 0 406 0 440
1373155200 0 401 0 446
1373148000 0 456 0 541
1373140800 0 468 0 527
1373133600 0 467 0 534
1373126400 0 486 0 601
1373119200 0 476 0 542
1373112000 0 469 0 538
1373104800 0 475 0 520
1373097600 0 480 0 525
1373090400 0 480 0 542
1373083200 0 477 0 534
1373076000 0 476 0 543
1373068800 0 469 0 548
1373061600 0 472 0 548
1373054400 0 477 0 546
1373047200 0 474 0 536
1373040000 0 478 0 603
1373032800 0 466 0 536
1373025600 0 482 0 553
1373018400 0 466 0 536
1373011200 0 470 0 524
1373004000 0 476 0 545
1372996800 0 469 0 520
1372989600 0 470 0 516
1372982400 0 467 0 536
1372975200 0 477 0 532
1372968000 0 474 0 554
1372960800 0 473 0 515
1372953600 0 489 0 611
1372946400 0 476 0 527
1372939200 0 475 0 524
1372932000 0 481 0 547
1372924800 0 1356 0 21517
1372917600 0 478 0 554
1372910400 0 472 0 524
1372903200 0 477 0 520
1372896000 98 587 1672 2871
1372888800 308 809 1817 2896
1372881600 1510 3867 9297 23303
1372874400 1702 12798 9504 55325
1372867200 2483 27721 10301 235840
1372860000 1643 24340 6313 353743
1372852800 0 420 0 458
1372845600 0 421 0 459
1372838400 0 423 0 454
1372831200 0 417 0 458
1372824000 0 416 0 459
1372816800 0 428 0 466
1372809600 165 721 1693 2818
1372802400 2135 25954 6120 123223
1372795200 1579 4884 6726 26045
1372788000 2102 7571 8250 73434
1372780800 2437 13782 6672 62410
1372773600 1093 10450 5917 93057
1372766400 0 431 0 633
1372759200 0 418 0 446
1372752000 0 410 0 439
1372744800 0 406 0 439
1372737600 0 414 0 452
1372730400 0 419 0 468
1372723200 0 500 0 754
1372716000 0 795 0 1388
1372708800 0 1161 0 1648
1372701600 0 693 0 1114
1372694400 0 763 0 1268
1372687200 0 602 0 1064
1372680000 0 426 0 676
1372672800 0 395 0 427
1372665600 0 393 0 432
1372658400 0 381 0 423
1372651200 0 395 0 469
1372644000 0 389 0 440
1372636800 0 382 0 411
1372629600 0 385 0 429
1372622400 0 393 0 427
1372615200 0 391 0 428
1372608000 0 396 0 480
1372600800 0 390 0 414
1372593600 0 396 0 435
1372586400 0 396 0 432
1372579200 0 401 0 452
1372572000 0 395 0 432
1372564800 0 381 0 407
1372557600 0 394 0 449
1372550400 0 398 0 447
1372543200 0 457 0 521
1372536000 0 462 0 510
1372528800 0 460 0 503
1372521600 0 473 0 615
1372514400 0 466 0 517
1372507200 0 472 0 545
1372500000 0 465 0 507
1372492800 0 461 0 515
1372485600 0 466 0 515
1372478400 0 468 0 514
1372471200 0 465 0 515
1372464000 131 784 6188 170238
1372456800 2577 59028 9013 228116
1372449600 888 3846 3773 43561
1372442400 1956 12217 11987 84681
1372435200 3112 46681 8706 308110
1372428000 457 4070 4094 57912
1372420800 0 432 0 785
1372413600 0 423 0 473
1372406400 0 420 0 487
1372399200 0 427 0 455
1372392000 0 429 0 500
1372384800 0 432 0 472
1372377600 56 548 2113 6166
1372370400 2159 38143 5571 183535
1372363200 2451 18012 9197 110247
1372356000 1455 5850 13571 59040
1372348800 2442 28081 5724 115564
1372341600 802 9370 6856 111162
1372334400 0 509 0 561
1372327200 0 722 0 3405
1372320000 0 648 0 3793
1372312800 0 503 0 587
1372305600 0 851 0 6409
1372298400 0 498 0 643
1372291200 121 729 1741 7625
1372284000 1923 10951 5159 56655
1372276800 1070 7330 4703 72294
1372269600 3813 37339 13303 142736
1372262400 2772 35693 7262 145687
1372255200 1567 13109 9064 118114
1372248000 0 513 0 571
1372240800 0 509 0 572
1372233600 0 506 0 554
1372226400 0 514 0 568
1372219200 0 520 0 582
1372204800 2940 10525 328942 404757
1372118400 0 751 0 6788
1372032000 0 514 0 716
1371945600 0 523 0 621
1371859200 656 9625 7482 315930
1371772800 844 7741 11277 130071
1371686400 783 8840 8096 114063
1371600000 2542 7919 329183 344828
1371513600 0 719 0 5702
1371427200 0 535 0 11493
1371340800 0 506 0 644
1371254400 809563 868428 12225164 10986702
1371168000 1054 10272 16758 852081
1371081600 837 7523 8403 152097
1370995200 978 9094 9908 303721
1370908800 0 770 0 14484
1370822400 0 481 0 631
1370736000 0 478 0 584
1370649600 2764 9947 570829 600938
1370563200 1002 7561 9149 315910
1370476800 906 5122 22434 138262
1370390400 784 6564 7773 310307
1370304000 0 664 0 1622
1370217600 0 471 0 608
1370131200 0 475 0 645
1370044800 681 3157 7579 74814
1369958400 699 4944 9348 452030
1369872000 794 7389 7160 180699
1369785600 641 7332 8295 378741
1369699200 0 485 0 621
1369612800 0 488 0 628
1369526400 0 494 0 666
1369440000 8392 3895 1465466 116221
1369353600 767 8799 13162 222834
1369267200 1890 9381 272711 330700
1369180800 900 8662 11075 320981
1369094400 714 5097 6928 132670
1369008000 0 13751 0 3784088
1368921600 0 509 0 696
1368835200 982 8214 10185 103426
1368748800 662 7122 9727 198170
1368662400 631 7442 10781 120001
1368576000 555 4521 7158 93617
1368489600 447 4332 5038 173776
1368403200 0 490 0 593
1368316800 0 492 0 589
1368230400 569 13713 7390 1019838
1368144000 7238 12341 1313200 336309
1368057600 16958 4665 1128609 96240
1367971200 16414 7844 1966094 228950
1367884800 31354 4729 1293498 102179
1367798400 0 509 0 659
1367712000 0 508 0 649
1367625600 0 674 0 8463
1367539200 16188 7558 1382928 169519
1367452800 0 663 0 2943
1367366400 15575 8417 1482027 138056
1367280000 16147 12199 1577060 316803
1367193600 0 469 0 619
1367107200 0 470 0 574
1367020800 16940 7796 1680057 286730
1366934400 15459 6818 1444866 149402
1366848000 15910 2946 1553045 86840
1366761600 16088 4019 1720682 141446
1366675200 15368 3575 1496286 243158
1366588800 0 534 0 20399
1366502400 0 418 0 589
1366416000 15864 3894 1940464 229004
1366329600 25442 4609 1904067 162392
1366243200 1034 2547 72883 87193
1366156800 560 3259 6197 66041
1366070400 481 3406 13925 169172
1365984000 0 535 0 679
1365897600 0 537 0 696
1365811200 513 7802 11199 507923
1365724800 543 8403 8557 221521
1365638400 1362 5599 233816 238193
1365552000 477 4845 7560 101559
1365465600 179 3461 6624 170374
1365379200 0 629 0 829
1365292800 0 652 0 828
1365206400 701 10270 34960 252508
1365120000 1461 5508 150845 177954
1365033600 541 8813 6257 300284
1364947200 544 10494 9437 486753
1364860800 5194 9948 647914 680375
1364774400 0 592 0 4195
1364688000 0 587 0 746
1364601600 526 5617 6530 132950
1364515200 330 2057 6213 41757
1364428800 409 5639 5996 150458
1364342400 2425 9521 288090 482958
1364256000 473 4983 8156 265228
1364169600 0 576 0 715
1364083200 0 585 0 954
1363996800 3356 9145 270141 465055
1363910400 551 5471 9688 153252
1363824000 719 4117 9194 82150
1363737600 262 1735 4987 68490
1363651200 787 7517 10550 161792
1363564800 0 536 0 725
1363478400 0 542 0 815
1363392000 469 6465 9426 372229
1363305600 783 4552 14326 119592
1363219200 838 11750 12801 254673
1363132800 812 9340 11645 163608
1363046400 649 6239 10289 374689
1362960000 0 1021 0 11701
1362873600 0 1106 0 14265
1362787200 375 5944 8701 142296
1362700800 481 5543 5474 204208
1362614400 529 5600 7724 111323
1362528000 624 8867 14941 324099
1362441600 0 1243 0 20707
1362355200 0 780 0 10362
1362268800 0 846 0 12453
1362182400 429 4925 7881 175345
1362096000 494 7549 7764 141888
1362009600 653 7008 15675 132973
1361923200 2170 7776 413589 205563
1361836800 699 7757 15998 220155
1361750400 0 1020 0 14861
1361664000 0 1226 0 20544
1361577600 2263 15966 233890 1985829
1361491200 1858 10620 328138 208505
1361404800 3730 10721 330221 352020
1361318400 734 11712 19024 840384
1361232000 0 770 0 14636
1361145600 0 789 0 13404
1361059200 0 1425 0 127224
1360972800 0 1685 0 78264
1360886400 0 1692 0 25008
1360800000 2121 10626 201534 232203
1360713600 705 6712 9525 293300
1360627200 548 4000 22087 140990
1360540800 0 506 0 746
1360454400 0 840 0 12705
1360368000 274 2813 7454 167373
1360281600 669 6124 8669 219898
1360195200 627 7901 7123 106062
1360108800 631 12668 9541 766090
1360022400 620 9139 6923 179337
1359936000 0 598 0 2007
1359849600 0 658 0 4532
1359763200 576 6586 9375 163412
1359676800 808 10738 14152 395137
1359590400 540 5621 9232 133736
1359504000 735 8320 10226 159259
1359417600 0 1066 0 14011
1359331200 0 911 0 85845
1359244800 0 951 0 14687
1359158400 1496 8740 268535 294372
1359072000 687 8561 11466 182859
1358985600 722 9882 11035 402333
1358899200 612 6004 7361 210459
1358812800 0 588 0 1833
1358726400 0 592 0 1856
1358640000 0 760 0 10752
1358553600 638 7913 12943 145871
1358467200 639 7263 8457 160713
1358380800 7409 13372 651492 698959
1358294400 602 5377 13093 226403
1358208000 759 5900 14794 135688
1358121600 0 573 0 2999
1358035200 0 564 0 729
1357948800 1789 8855 325954 343640
1357862400 786 6413 11830 125627
1357776000 688 12137 11593 387945
1357689600 725 11614 8849 200772
1357603200 698 9236 9650 140131
1357516800 0 488 0 596
1357430400 0 540 0 7529
1357344000 0 2501 0 311939
1357257600 356 6830 10817 492934
1357171200 0 680 0 1503
1357084800 0 482 0 590
1356998400 0 559 0 3291
1356912000 0 474 0 564
1356825600 0 489 0 662
1356739200 0 559 0 1350
1356652800 0 533 0 1217
1356566400 0 544 0 1326
1356480000 0 437 0 533
1356393600 0 441 0 544
1356307200 0 447 0 608
1356220800 0 541 0 25317
1356134400 1640 10832 268598 319478
1356048000 1712 13609 290223 260894
1355961600 552 10287 20151 811801
1355875200 596 3120 9415 106239
1355788800 702 6112 10563 153336
1355702400 0 515 0 614
1355616000 0 526 0 704
1355529600 576 6297 7878 365108
1355443200 47818 8722 1602694 194593
1355356800 669 5294 7105 145536
1355270400 603 5219 8338 120296
1355184000 0 648 0 1402
1355097600 0 473 0 589
1355011200 0 475 0 586
1354924800 661 6490 10939 218560
1354838400 593 5378 7844 170499
1354752000 699 4675 9061 113959
1354665600 597 6955 8827 260858
1354579200 585 5732 13150 182962
1354492800 0 468 0 547
1354406400 0 471 0 961
1354320000 564 12473 8838 396450
1354233600 454 4527 5664 161689
1354147200 2581 6562 326670 342573
1354060800 528 5584 8988 195435
1353974400 625 8422 14602 777495
1353888000 0 425 0 527
1353801600 0 424 0 521
1353715200 0 424 0 518
1353628800 0 428 0 553
1353542400 2130 5259 142115 159588
1353456000 480 5747 6764 205986
1353369600 407 8365 5985 180653
1353283200 0 509 0 613
1353196800 0 526 0 719
1353110400 465 4341 7732 117707
1353024000 479 3765 12019 157994
1352937600 1084 11331 55757 645572
1352851200 5020 7862 653038 684607
1352764800 0 664 0 1900
1352678400 0 498 0 659
1352592000 0 512 0 630
1352505600 503 3927 7254 112194
1352419200 1642 8013 305586 366812
1352332800 1491 6164 306405 317097
1352246400 619 5551 10300 172142
1352160000 538 6115 15187 152395
1352073600 0 485 0 968
1351987200 0 477 0 1048
1351900800 0 716 0 1508
1351814400 3377 11240 610986 641201
1351728000 647 2243 37962 77683
1351641600 0 443 0 1005
1351555200 0 481 0 727
1351468800 0 498 0 615
1351382400 0 500 0 654
1351296000 654 9832 11696 216764
1351209600 540 6246 8164 155507
1351123200 724 5403 13498 139618
1351036800 667 9409 11654 488653
1350950400 0 934 0 9001
1350864000 0 765 0 3833
1350777600 0 772 0 5844
1350691200 528 5128 9975 155611
1350604800 651 7055 9520 177836
1350518400 398 5374 7821 342269
1350432000 637 6763 10314 172394
1350345600 565 6612 9901 258557
1350259200 0 619 0 736
1350172800 0 623 0 760
1350086400 666 4679 12352 108318
1350000000 611 5246 8244 151225
1349913600 428 3924 6242 101124
1349827200 483 4992 7435 379014
1349740800 608 7726 8852 429975
1349654400 0 632 0 748
1349568000 0 632 0 808
1349481600 0 836 0 1835
1349395200 0 840 0 3905
1349308800 542 11408 6908 200323
1349222400 2907 8470 328956 348399
1349136000 441 4258 11264 107132
1349049600 0 631 0 800
1348963200 0 637 0 753
1348876800 2813 5676 329662 348375
1348790400 667 5578 9114 108425
1348704000 636 5858 19498 627066
1348617600 609 13191 7911 506126
1348531200 531 6971 12906 590907
1348444800 0 625 0 845
1348358400 0 642 0 831
1348272000 0 828 0 2712
1348185600 2590 8333 323950 344723
1348099200 575 4295 6239 210381
1348012800 553 6643 6237 244237
1347926400 507 2332 5453 32338
1347840000 0 629 0 807
1347753600 0 636 0 761
1347667200 611 5715 11920 271113
1347580800 713 8045 6288 292699
1347494400 647 5060 7676 292249
1347408000 500 4383 7641 449946
1347321600 3926 6693 977674 1024377
1347235200 0 620 0 716
1347148800 0 626 0 810
1347062400 612 7789 6452 306185
1346976000 616 7769 13933 735478
1346889600 2655 10512 335968 343922
1346803200 511 6241 14071 688681
1346716800 0 625 0 1074
1346630400 0 601 0 736
1346544000 0 610 0 739
1346457600 0 733 0 1627
1346371200 0 770 0 1568
1346284800 9127 12535 884025 944926
1346198400 500 4058 6039 136932
1346112000 1715 7788 269390 300046
1346025600 0 677 0 792
1345939200 0 681 0 813
1345852800 448 4957 6242 140220
1345766400 523 6213 12892 207978
1345680000 996 10922 10697 525513
1345593600 606 2733 6241 90245
1345507200 603 3368 5976 68160
1345420800 0 600 0 706
1345334400 0 616 0 736
1345248000 2229 5022 280140 295982
1345161600 754 12529 13869 285979
1345075200 3894 6851 651240 686095
1344988800 4822 6369 573872 346159
1344902400 520 5157 6122 301145
1344816000 0 640 0 784
1344729600 0 644 0 769
1344643200 1314 4392 270428 285638
1344556800 495 7303 5478 183832
1344470400 1441 4666 278536 290055
1344384000 3467 5215 470648 523890
1344297600 458 6760 17100 761401
1344211200 0 605 0 1160
1344124800 0 664 0 817
1344038400 0 804 0 1743
1343952000 0 830 0 3357
1343865600 0 715 0 1533
1343779200 0 751 0 1841
1343692800 0 718 0 1533
1343606400 0 570 0 675
1343520000 0 633 0 820
1343433600 5864 8407 559122 579181
1343347200 380 3018 5549 123081
1343260800 3648 11995 541069 582331
1343174400 1609 5542 330583 387787
1343088000 350 2101 6411 50655
1343001600 0 0 0 0
1342915200 0 0 0 0
1342828800 0 0 0 0
1342742400 516 4235 8792 114458
1342656000 597 7241 7134 134139
1342569600 540 4058 8617 163533
1342483200 571 6157 10919 157802
1342396800 0 731 0 880
1342310400 0 739 0 894
1342224000 1456 6703 246432 469438
1342137600 1397 5000 278722 294561
1342051200 410 4721 5414 172164
1341964800 393 3894 5384 129986
1341878400 1680 6825 330967 374730
1341792000 0 657 0 772
1341705600 0 672 0 1144
1341619200 2632 5719 329479 346398
1341532800 1386 4237 279311 298138
1341446400 0 711 0 847
1341360000 369 1990 6429 37969
1341273600 1446 3914 278426 292761
1341187200 0 709 0 858
1341100800 0 710 0 848
1341014400 518 2804 10367 42193
1340928000 0 931 0 3615
1340841600 6422 10714 612773 664003
1340755200 1479 6178 288263 296857
1340668800 2604 5622 335552 352059
1340582400 0 720 0 890
1340496000 0 725 0 952
1340409600 3641 5680 396979 414911
1340323200 645 3720 6397 64513
1340236800 2863 7121 314710 339519
1340150400 5851 6058 900117 234978
1340064000 0 1457 0 173166
1339977600 0 654 0 4218
1339891200 0 720 0 898
1339804800 5083 8104 652795 695538
1339718400 591 3326 5756 59664
1339632000 728 3659 8442 57765
1339545600 1769 5479 281305 311970
1339459200 0 932 0 2080
1339372800 0 770 0 1053
1339286400 0 768 0 921
1339200000 576 3839 6908 76322
1339113600 1815 5123 292712 326258
1339027200 4034 6964 329730 348669
1338940800 1960 7343 332797 363219
1338854400 1820 6596 277399 306051
1338768000 0 720 0 855
1338681600 0 729 0 900
1338595200 590 5271 9158 114103
1338508800 736 3770 8121 91543
1338422400 604 3627 8078 100022
1338336000 665 4470 7159 115214
1338249600 0 705 0 835
1338163200 0 704 0 840
1338076800 0 703 0 830
1337990400 1502 3309 327417 349644
1337904000 1572 3998 291491 307832
1337817600 2743 6479 537704 544598
1337731200 651 5340 9114 225991
1337644800 3880 9399 531256 538386
1337558400 0 671 0 813
1337472000 0 673 0 811
1337385600 648 5066 6776 159328
1337299200 830 3407 9326 22307
1337212800 619 3334 17320 53938
1337126400 732 3181 8726 34280
1337040000 561 3551 8871 73672
1336953600 0 722 0 1022
1336867200 0 717 0 851
1336780800 3076 7575 650318 682374
1336694400 629 3184 15109 67968
1336608000 683 3784 7719 53959
1336521600 640 2615 7886 29982
1336435200 512 2516 6933 37792
1336348800 0 671 0 2400
1336262400 0 729 0 884
1336176000 616 2858 7283 24539
1336089600 5653 9767 501077 509993
1336003200 652 5808 7425 225473
1335916800 3724 7085 317098 336286
1335830400 1723 4208 326581 344161
1335744000 0 758 0 937
1335657600 0 841 0 988
1335571200 3234 7034 404245 664550
1335484800 735 4412 8708 132121
1335398400 2925 5194 330170 346645
1335312000 692 3272 7224 65200
1335225600 599 2591 7238 21391
1335139200 0 641 0 764
1335052800 0 660 0 875
1334966400 1479 3291 278832 300776
1334880000 519 2909 6365 104652
1334793600 1604 4510 213077 227127
1334707200 583 5754 9461 189781
1334620800 5825 7858 1321005 1359210
1334534400 0 736 0 900
1334448000 0 737 0 876
1334361600 1615 4790 273163 297015
1334275200 572 6411 10593 319649
1334188800 1413 2851 280154 295545
1334102400 0 0 0 0
1334016000 524 2543 7345 34720
1333929600 0 717 0 879
1333843200 0 719 0 875
1333756800 1544 5941 278544 293134
1333670400 1776 4274 329922 342647
1333584000 1707 3625 241974 256010
1333497600 1667 3392 223840 201604
1333411200 544 2526 14014 101301
1333324800 0 705 0 858
1333238400 0 717 0 858
1333152000 547 2153 6784 24120
1333065600 665 3739 6759 89375
1332979200 671 3405 8754 328295
1332892800 2784 5628 334658 356981
1332806400 595 2696 9505 163399
1332720000 0 675 0 820
1332633600 0 693 0 1321
1332547200 1628 3986 217028 456496
1332460800 854 4077 65495 295378
1332374400 3683 5424 289827 310172
1332288000 4999 6153 647658 677643
1332201600 0 0 0 0
1332115200 0 0 0 0
1332028800 0 0 0 0
1331942400 539 2943 9097 129636
1331856000 537 2221 11258 29960
1331769600 551 2247 8466 24494
1331683200 1691 3785 269964 285732
1331596800 393 3408 9113 449713
1331510400 0 852 0 1028
1331424000 0 867 0 1200
1331337600 635 2480 8917 32230
1331251200 1767 3530 321096 341464
1331164800 573 2346 6738 29876
1331078400 1585 4572 278888 298910
1330992000 2687 2848 311501 301051
1330905600 0 0 0 0
1330819200 0 0 0 0
1330732800 578 7064 14510 469373
1330646400 511 2880 6316 51871
1330560000 615 5551 9638 381900
1330473600 550 2873 7707 47485
1330387200 345 3888 7213 100461
1330300800 0 777 0 891
1330214400 0 780 0 940
1330128000 514 2484 7867 62265
1330041600 429 2554 8139 105956
1329955200 426 2918 5437 96394
1329868800 436 3996 8933 95188
1329782400 0 773 0 928
1329696000 0 772 0 911
1329609600 0 778 0 941
1329523200 0 990 0 1643
1329436800 633 4595 8225 199232
1329350400 608 3904 10851 119549
1329264000 403 2420 6309 99024
1329177600 1379 4116 269634 287203
1329091200 0 947 0 1080
1329004800 0 951 0 1115
1328918400 533 4957 14476 199362
1328832000 466 3586 7401 141956
1328745600 471 4104 8577 169544
1328659200 2406 6491 329331 356439
1328572800 5715 11286 809469 1244762
1328486400 0 902 0 1052
1328400000 0 904 0 1281
1328313600 261 3523 4518 134142
1328227200 360 5104 18803 637971
1328140800 485 2996 43792 79309
1328054400 496 4398 8175 235543
1327968000 27011 4673 509685 104419
1327881600 0 1077 0 1197
1327795200 0 1090 0 1278
1327708800 0 1267 0 2131
1327622400 0 1256 0 3827
1327536000 1390 3823 321776 339398
1327449600 284 2900 5514 110632
1327363200 449 3686 7862 145605
1327276800 0 1085 0 1235
1327190400 0 1101 0 1421
1327104000 0 1290 0 1993
1327017600 0 1264 0 2005
1326931200 374 3123 7304 105455
1326844800 1376 5253 269110 314632
1326758400 0 1100 0 1247
1326672000 0 1099 0 1224
1326585600 0 1097 0 1259
1326499200 427 3312 10685 85533
1326412800 366 3433 5900 130584
1326326400 492 4076 6474 100608
1326240000 1250 4126 268162 285688
1326153600 194 2677 5251 47176
1326067200 0 970 0 1289
1325980800 0 922 0 1155
1325894400 462 3653 6666 95161
1325808000 508 3027 5197 75730
1325721600 1434 3951 268586 283953
1325635200 1162 4841 200474 377753
1325548800 0 919 0 1134
1325462400 0 917 0 1171
1325376000 0 921 0 1066
1325289600 0 1047 0 1296
1325203200 0 1208 0 2094
1325116800 0 1054 0 1813
1325030400 0 991 0 1418
1324944000 0 916 0 1030
1324857600 0 913 0 1037
1324771200 0 914 0 1027
1324684800 0 926 0 1174
1324598400 231 5256 3813 140264
1324512000 1528 6027 325862 138922
1324425600 683 4654 33339 143215
1324339200 1459 4690 311926 329528
1324252800 14 903 292 1143
1324166400 13 907 326 1081
1324080000 1251 4160 9147 161340
1323993600 1754 5233 9281 136988
1323907200 1282 2083 8566 7190
1323820800 1384 2157 9923 8893
1323734400 1788 3575 11395 54838
1323648000 1190 1870 7714 6501
1323561600 1266 1899 7578 6575
1323475200 1645 3421 12366 55340
1323388800 1727 3334 12203 57167
1323302400 1782 4730 12067 156688
1323216000 5433 8656 689672 693550
1323129600 1777 5475 10105 108521
1323043200 1169 1867 6457 5318
1322956800 1167 1869 7458 6241
1322870400 3373 5067 269046 283400
1322784000 1751 4027 13128 77769
1322697600 1792 3461 10613 46499
1322611200 1792 3327 11399 33252
1322524800 2004 5751 12587 571364
1322438400 1268 1889 7960 6762
1322352000 1256 1873 6929 6211
1322265600 1247 1876 7269 6419
1322179200 1265 1884 6635 6188
1322092800 1884 8572 16118 684009
1322006400 1478 2258 9051 7921
1321920000 1509 2282 9864 8388
1321833600 1386 1952 7748 6775
1321747200 1388 1961 7851 6687
1321660800 2033 5338 41514 79884
1321574400 2192 4893 12704 104191
1321488000 2203 4562 12818 58998
1321401600 3114 8258 313044 915736
1321315200 2011 4694 11503 141085
1321228800 1357 1932 8165 7241
1321142400 1390 1965 7928 6751
1321056000 1990 3568 12039 37193
1320969600 1569 2347 10057 8612
1320883200 2122 4935 12884 74544
1320796800 1746 4635 10797 145209
1320710400 1728 3578 14191 80300
1320624000 1224 1764 7794 6613
1320537600 1226 1763 7740 6655
1320451200 1823 3525 9543 48926
1320364800 2148 4732 14207 79564
1320278400 2180 3736 15571 31117
1320192000 2280 3748 15339 55162
1320105600 2407 9562 19678 556968
1320019200 1654 2209 11480 11750
1319932800 1631 2197 11220 11492
1319846400 1822 2557 11181 11272
1319760000 1763 2487 11296 11459
1319673600 1837 2614 12741 12215
1319587200 1860 2592 11538 11699
1319500800 1903 2498 12376 11469
1319414400 1625 2071 12025 11131
1319328000 1677 2115 12119 11297
1319241600 1772 2340 11203 10326
1319155200 2235 3553 12889 38545
1319068800 2294 5661 16118 252948
1318982400 2396 6228 14171 180211
1318896000 2289 4794 13304 97346
1318809600 1555 2080 10266 7832
1318723200 1638 2100 13437 12743
1318636800 2445 4586 18707 114526
1318550400 2524 6814 15838 181846
1318464000 2449 5991 13168 145393
1318377600 3553 6743 321644 342157
1318291200 3228 5044 278162 292365
1318204800 1617 2067 10722 10739
1318118400 1586 2030 10423 10394
1318032000 2274 4321 13096 67278
1317945600 2202 3636 14810 84391
1317859200 2348 5316 12069 97829
1317772800 2231 4339 11780 145157
1317686400 2211 4016 11902 75362
1317600000 1574 2029 9901 10248
1317513600 1622 2077 11118 11111
1317427200 2161 6570 12651 156698
1317340800 1753 2377 11452 13668
1317254400 2311 5049 13187 135872
1317168000 2260 4120 15883 60788
1317081600 3136 5390 276213 290233
1316995200 1508 1957 10132 10437
1316908800 1501 1957 11141 10833
1316822400 2230 4513 14496 129108
1316736000 2192 4150 14098 43480
1316649600 2182 5490 13868 132915
1316563200 2163 7249 16136 523265
1316476800 1728 2292 11408 11281
1316390400 1582 1983 10360 9820
1316304000 1573 1986 11107 10583
1316217600 1701 2217 12194 12484
1316131200 2200 3919 14921 39552
1316044800 2797 17164 42642 2159860
1315958400 3102 4408 222910 238600
1315872000 2332 7851 13742 269848
1315785600 1434 1843 9195 10502
1315699200 1420 1822 8801 10425
1315612800 2045 3555 11100 67611
1315526400 2209 5371 14821 515283
1315440000 2114 4938 15392 512699
1315353600 1981 2988 12118 32894
1315267200 1472 1744 10681 10612
1315180800 1448 1726 11488 11470
1315094400 1469 1750 10090 10905
1315008000 1819 4197 13190 190010
1314921600 1906 5637 11808 169975
1314835200 3097 6076 271279 284374
1314748800 1661 6497 10890 522901
1314662400 758 953 6688 4988
1314576000 503 607 4282 2983
1314489600 559 646 4906 3399
1314403200 1647 2675 12158 31342
1314316800 15415 5407 3501859 256528
1314230400 2149 4225 12448 126628
1314144000 2213 3979 12741 43093
1314057600 2150 3871 10713 108665
1313971200 1511 2008 8207 9098
1313884800 1552 2054 8447 8458
1313798400 2176 4372 11480 66194
1313712000 2327 4346 23485 141288
1313625600 2391 6770 20406 318925
1313539200 1806 2360 9402 10089
1313452800 1683 2170 10346 10926
1313366400 1676 2031 8483 9005
1313280000 1681 2044 10449 11008
1313193600 3334 4847 321430 342089
1313107200 2406 4971 15153 177595
1313020800 3548 5137 316463 318351
1312934400 2314 4403 14890 130077
1312848000 3607 7425 317711 468565
1312761600 1733 2152 9709 10475
1312675200 1700 2098 9372 10121
1312588800 2298 3497 11873 43509
1312502400 3524 4933 324427 351062
1312416000 2018 2638 9855 12705
1312329600 2320 3585 13818 32444
1312243200 3248 4705 276037 291929
1312156800 1707 2075 8255 8788
1312070400 1717 2095 9357 10276
1311984000 2323 3467 13825 24212
1311897600 2359 4166 12029 67772
1311811200 2453 7946 24976 732611
1311724800 6035 7754 531475 540022
1311638400 2606 5300 42489 481899
1311552000 1627 2046 10328 10881
1311465600 1625 2057 10878 11314
1311379200 1936 2524 12954 13321
1311292800 2019 2478 11163 11050
1311206400 3637 5610 325050 340958
1311120000 2432 3867 11206 60852
1311033600 2505 5288 12872 115200
1310947200 1789 2229 14095 14983
1310860800 1747 2215 8735 8407
1310774400 3555 6208 331076 359197
1310688000 2203 3281 12576 23691
1310601600 2336 3789 10317 30431
1310515200 2108 3845 12358 69035
1310428800 2274 5810 12529 121605
1310342400 1563 2048 10132 10952
1310256000 1554 2042 11008 11923
1310169600 2049 4051 10155 89927
1310083200 1991 3275 11288 62066
1309996800 2063 3640 9754 58288
1309910400 1656 2208 9705 10663
1309824000 1506 1938 9266 10156
1309737600 1517 1956 10520 11522
1309651200 1527 1958 9731 10433
1309564800 1760 2253 8634 9967
1309478400 1799 2407 10411 11023
1309392000 1926 2560 10839 11494
1309305600 1899 2521 10294 11255
1309219200 1837 2378 10759 12043
1309132800 1618 2076 8721 9271
1309046400 1619 2079 10403 11013
