1377805801 2263328353 2147638674
1377805801 469 1362 469 1362
1377805502 6836 248654 6836 248654
1377805500 6842 248820 8820 298461
1377805200 8799 297580 8820 298461
1377804900 5689 165780 5695 166318
1377804600 4862 85502 4871 85752
1377804300 2284 10953 2294 10955
1377804000 898 10880 2880 37902
1377803700 2874 37723 2880 37902
1377803400 2048 11219 3167 30883
1377803100 3160 30856 3167 30883
1377802800 1147 22883 1149 22909
1377802500 880 19071 900 19091
1377802200 897 16156 900 16206
1377801900 579 8810 1556 22787
1377801600 1554 22724 1556 22787
1377801300 1080 3995 1268 4002
1377801000 1268 2106 1362 2113
1377800700 1363 1194 1605 2189
1377800400 1598 2181 1605 2189
1377800100 625 1284 10361 25648
1377799800 10321 26060 10361 87474
1377799500 4398 87234 4408 87474
1377799200 1617 15513 1625 15596
1377798900 1628 3207 2702 4189
1377798600 2683 4161 2702 4189
1377798300 0 0 0 0
1377798000 0 0 0 0
1377797700 0 0 0 0
1377797400 0 0 0 0
1377797100 0 0 0 0
1377796800 0 0 0 0
1377796500 0 0 0 0
1377796200 0 0 0 0
1377795900 0 0 0 0
1377795600 0 0 0 0
1377795300 0 0 0 0
1377795000 0 0 0 0
1377794700 0 0 0 0
1377794400 0 0 0 0
1377794100 0 0 0 0
1377793800 0 0 0 0
1377793500 3 5 557 811
1377793200 555 809 557 811
1377792900 234 401 331 996
1377792600 329 992 331 996
1377792300 157 407 248 700
1377792000 248 701 317 923
1377791700 316 921 317 923
1377791400 165 526 183 527
1377791100 186 412 655 3843
1377790800 653 3831 655 3843
1377790500 230 408 231 409
1377790200 149 388 483 1290
1377789900 482 1287 483 1290
1377789600 288 633 289 635
1377789300 156 353 388 1155
1377789000 388 1154 532 1155
1377788700 531 892 532 893
1377788400 379 613 860 1759
1377788100 877 1766 3446 2881
1377787800 3425 2865 3446 2881
1377787500 340 540 2552 7820
1377787200 2552 7888 2605 18150
1377786900 2594 18156 2605 19104
1377786600 1094 19070 1095 19104
1377786300 945 8978 1044 9005
1377786000 1042 5016 1044 5030
1377785700 655 1672 3074 178095
1377785400 3067 177524 3074 178095
1377785100 970 6858 976 6900
1377784800 220 646 297 1067
1377784500 296 1064 297 1067
1377784200 251 753 452 899
1377783900 452 902 556 1491
1377783600 554 1488 556 1491
1377783300 175 632 410 1381
1377783000 427 1435 5585 17634
1377782700 5558 17550 5585 17634
1377782400 1657 5027 1661 5043
1377782100 644 480 3511 10044
1377781800 3487 9977 3511 10044
1377781500 0 0 0 0
1377781200 0 0 0 0
1377780900 0 0 0 0
1377780600 0 0 0 0
1377780300 0 0 0 0
1377780000 0 0 0 0
1377779700 0 0 0 0
1377779400 0 0 0 0
1377779100 0 0 0 0
1377778800 0 0 0 0
1377778500 0 0 0 0
1377778200 0 0 0 0
1377777900 0 0 0 0
1377777600 0 0 0 0
1377777300 0 0 0 0
1377777000 0 0 0 0
1377776700 0 0 0 0
1377776400 0 0 0 0
1377776100 0 0 0 0
1377775800 0 0 0 0
1377775500 0 0 0 0
1377775200 0 0 0 0
1377774900 0 0 0 0
1377774600 0 0 0 0
1377774300 0 0 0 0
1377774000 0 0 0 0
1377773700 0 0 0 0
1377773400 0 0 0 0
1377773100 0 0 0 0
1377772800 0 0 0 0
1377772500 0 0 0 0
1377772200 0 0 0 0
1377771900 0 0 0 0
1377771600 0 0 0 0
1377771300 0 0 0 0
1377771000 0 0 0 0
1377770700 0 0 0 0
1377770400 0 0 0 0
1377770100 0 0 0 0
1377769800 0 0 0 0
1377769500 0 0 0 0
1377769200 0 0 0 0
1377768900 0 0 0 0
1377768600 0 0 0 0
1377768300 0 0 0 0
1377768000 0 0 0 0
1377767700 0 0 0 0
1377767400 0 0 0 0
1377767100 0 0 0 0
1377766800 0 0 0 0
1377766500 0 0 0 0
1377766200 0 0 0 0
1377765900 0 0 0 0
1377765600 0 0 0 0
1377765300 0 0 0 0
1377765000 0 0 0 0
1377764700 0 0 0 0
1377764400 0 0 0 0
1377764100 0 0 0 0
1377763800 0 0 0 0
1377763500 0 0 0 0
1377763200 0 0 0 0
1377762900 0 0 0 0
1377762600 0 0 0 0
1377762300 0 0 0 0
1377762000 0 0 0 0
1377761700 0 0 0 0
1377761400 0 0 0 0
1377761100 0 0 0 0
1377760800 0 0 0 0
1377760500 0 0 0 0
1377760200 0 0 0 0
1377759900 0 0 0 0
1377759600 0 0 0 0
1377759300 0 0 0 0
1377759000 0 0 0 0
1377758700 0 0 0 0
1377758400 0 0 0 0
1377758100 0 0 0 0
1377757800 0 0 0 0
1377757500 0 0 0 0
1377757200 0 0 0 0
1377756900 0 0 0 0
1377756600 0 0 0 0
1377756300 0 0 0 0
1377756000 0 0 0 0
1377755700 0 0 0 0
1377755400 0 0 0 0
1377755100 0 0 0 0
1377754800 0 0 0 0
1377754500 0 0 0 0
1377754200 0 0 0 0
1377753900 0 0 0 0
1377753600 0 0 0 0
1377753300 0 0 0 0
1377753000 0 0 0 0
1377752700 0 0 0 0
1377752400 0 0 0 0
1377752100 0 0 0 0
1377751800 0 0 0 0
1377751500 0 0 0 0
1377751200 0 0 0 0
1377750900 0 0 0 0
1377750600 0 0 0 0
1377750300 0 0 0 0
1377750000 0 0 0 0
1377749700 0 0 0 0
1377749400 0 0 0 0
1377749100 0 0 0 0
1377748800 0 0 0 0
1377748500 0 0 0 0
1377748200 0 0 0 0
1377747900 0 0 0 0
1377747600 0 0 0 0
1377747300 0 0 0 0
1377747000 0 0 0 0
1377746700 0 0 0 0
1377746400 0 0 0 0
1377746100 0 0 0 0
1377745800 0 0 0 0
1377745500 0 0 0 0
1377745200 0 0 0 0
1377744900 0 0 0 0
1377744600 0 0 0 0
1377744300 0 0 0 0
1377744000 0 0 0 0
1377743700 0 0 0 0
1377743400 0 0 0 0
1377743100 0 0 0 0
1377742800 0 0 0 0
1377742500 0 0 0 0
1377742200 0 0 0 0
1377741900 0 0 0 0
1377741600 0 0 0 0
1377741300 0 0 0 0
1377741000 0 0 0 0
1377740700 0 0 0 0
1377740400 0 0 0 0
1377740100 0 0 0 0
1377739800 0 0 0 0
1377739500 0 0 0 0
1377739200 0 0 0 0
1377738900 0 0 0 0
1377738600 0 0 0 0
1377738300 0 0 0 0
1377738000 0 0 0 0
1377737700 0 0 0 0
1377737400 0 0 0 0
1377737100 0 0 0 0
1377736800 0 0 0 0
1377736500 0 0 0 0
1377736200 0 0 0 0
1377735900 0 0 0 0
1377735600 0 0 0 0
1377735300 0 0 0 0
1377735000 0 0 0 0
1377734700 0 0 0 0
1377734400 0 0 0 0
1377734100 0 0 0 0
1377733800 0 0 0 0
1377733500 0 0 0 0
1377733200 0 0 0 0
1377732900 0 0 0 0
1377732600 0 0 0 0
1377732300 0 0 0 0
1377732000 0 0 0 0
1377731700 0 0 0 0
1377731400 0 0 0 0
1377731100 0 0 0 0
1377730800 0 0 0 0
1377730500 0 0 0 0
1377730200 0 0 0 0
1377729900 0 0 0 0
1377729600 0 0 0 0
1377729300 0 0 0 0
1377729000 0 0 0 0
1377728700 0 0 0 0
1377728400 0 0 0 0
1377728100 0 0 0 0
1377727800 0 0 0 0
1377727500 0 0 0 0
1377727200 0 0 0 0
1377726900 0 0 0 0
1377726600 0 0 0 0
1377726300 0 0 0 0
1377726000 0 0 0 0
1377725700 0 0 0 0
1377725400 0 0 0 0
1377725100 0 0 0 0
1377724800 0 0 0 0
1377724500 0 0 0 0
1377724200 0 0 0 0
1377723900 0 0 0 0
1377723600 0 0 0 0
1377723300 0 0 0 0
1377723000 0 0 0 0
1377722700 0 0 0 0
1377722400 0 0 0 0
1377722100 0 0 0 0
1377721800 0 0 0 0
1377721500 0 0 0 0
1377721200 0 0 0 0
1377720900 0 0 0 0
1377720600 0 0 0 0
1377720300 0 0 0 0
1377720000 0 0 0 0
1377719700 0 0 0 0
1377719400 0 0 0 0
1377719100 0 0 0 0
1377718800 0 0 0 0
1377718500 0 0 0 0
1377718200 0 0 0 0
1377717900 0 0 0 0
1377717600 0 0 0 0
1377717300 0 0 0 0
1377717000 0 0 0 0
1377716700 0 0 0 0
1377716400 0 0 0 0
1377716100 0 0 0 0
1377715800 0 0 0 0
1377715500 0 0 0 0
1377715200 0 0 0 0
1377714900 0 0 0 0
1377714600 0 0 0 0
1377714300 0 0 0 0
1377714000 0 0 0 0
1377713700 0 0 0 0
1377713400 0 0 0 0
1377713100 0 0 0 0
1377712800 0 0 0 0
1377712500 0 0 0 0
1377712200 0 0 0 0
1377711900 0 0 0 0
1377711600 0 0 0 0
1377711300 0 0 0 0
1377711000 0 0 0 0
1377710700 0 0 0 0
1377710400 0 0 0 0
1377710100 0 0 0 0
1377709800 0 0 0 0
1377709500 0 0 0 0
1377709200 0 0 0 0
1377708900 0 0 0 0
1377708600 0 0 0 0
1377708300 0 0 0 0
1377708000 0 0 0 0
1377707700 0 0 0 0
1377707400 0 0 0 0
1377707100 0 0 0 0
1377706800 0 0 43 64
1377706500 48 93 1553 9024
1377706200 1551 9053 1553 13511
1377705900 1361 13487 2332 13511
1377705600 2327 9913 2332 9930
1377705300 1003 5138 2689 12128
1377705000 2695 12120 3697 12128
1377704700 3679 10990 3697 11032
1377704400 1067 4819 1078 6038
1377704100 1082 6035 1796 6038
1377703800 1794 5658 1796 5660
1377703500 1232 5352 1562 7924
1377703200 1560 7914 1562 7924
1377702900 1259 5273 3517 43031
1377702600 3513 42935 3517 43031
1377702300 2945 28943 6230 89553
1377702000 6211 89188 6230 89553
1377701700 3426 34690 3435 34834
1377701400 2126 13363 3325 30403
1377701100 3320 30359 3325 30403
1377700800 2695 23899 3205 31324
1377700500 3198 31291 3205 31324
1377700200 1228 21580 1234 21716
1377699900 443 1468 3186 7109
1377699600 3175 7086 3186 7109
1377699300 186 439 581 1287
1377699000 584 1295 1035 2600
1377698700 1033 2595 1035 2600
1377698400 565 1404 2409 5814
1377698100 2418 5907 5372 33729
1377697800 5342 33531 5372 33729
1377697500 924 4062 927 4084
1377697200 566 885 569 889
1377696900 127 330 910 1141
1377696600 911 1152 1429 4616
1377696300 1429 4609 1477 4616
1377696000 1467 3633 1477 3658
1377695700 0 0 0 0
1377695400 0 0 0 0
1377695100 0 0 0 0
1377694800 0 0 0 0
1377694500 0 0 0 0
1377694200 0 0 0 0
1377693900 0 0 0 0
1377693600 0 0 0 0
1377693300 0 0 0 0
1377693000 0 0 0 0
1377692700 0 0 0 0
1377692400 0 0 0 0
1377692100 0 0 0 0
1377691800 0 0 0 0
1377691500 0 0 0 0
1377691200 0 0 0 0
1377690900 0 0 0 0
1377690600 0 0 0 0
1377690300 0 0 0 0
1377690000 0 0 0 0
1377689700 0 0 0 0
1377689400 0 0 0 0
1377689100 0 0 0 0
1377688800 0 0 0 0
1377688500 0 0 0 0
1377688200 0 0 0 0
1377687900 0 0 0 0
1377687600 0 0 0 0
1377687300 0 0 0 0
1377687000 0 0 0 0
1377686700 0 0 0 0
1377686400 0 0 0 0
1377686100 0 0 0 0
1377685800 0 0 0 0
1377685500 0 0 0 0
1377685200 0 0 0 0
1377684900 0 0 0 0
1377684600 0 0 0 0
1377684300 0 0 0 0
1377684000 0 0 0 0
1377683700 0 0 0 0
1377683400 0 0 0 0
1377683100 0 0 0 0
1377682800 0 0 0 0
1377682500 0 0 0 0
1377682200 0 0 0 0
1377681900 0 0 0 0
1377681600 0 0 0 0
1377681300 0 0 0 0
1377681000 0 0 0 0
1377680700 0 0 0 0
1377680400 0 0 0 0
1377680100 0 0 0 0
1377679800 0 0 0 0
1377679500 0 0 0 0
1377679200 0 0 0 0
1377678900 0 0 0 0
1377678600 0 0 0 0
1377678300 0 0 0 0
1377678000 0 0 0 0
1377677700 0 0 0 0
1377677400 0 0 0 0
1377677100 0 0 0 0
1377676800 0 0 0 0
1377676500 0 0 0 0
1377676200 0 0 0 0
1377675900 0 0 0 0
1377675600 0 0 0 0
1377675300 0 0 0 0
1377675000 0 0 0 0
1377674700 0 0 0 0
1377674400 0 0 0 0
1377674100 0 0 0 0
1377673800 0 0 0 0
1377673500 0 0 0 0
1377673200 0 0 0 0
1377672900 0 0 0 0
1377672600 0 0 0 0
1377672300 0 0 0 0
1377672000 0 0 0 0
1377671700 0 0 0 0
1377671400 0 0 0 0
1377671100 0 0 0 0
1377670800 0 0 0 0
1377670500 0 0 0 0
1377670200 0 0 0 0
1377669900 0 0 0 0
1377669600 0 0 0 0
1377669300 0 0 0 0
1377669000 0 0 0 0
1377668700 0 0 0 0
1377668400 0 0 0 0
1377668100 0 0 0 0
1377667800 0 0 0 0
1377667500 0 0 0 0
1377667200 0 0 0 0
1377666900 0 0 0 0
1377666600 0 0 0 0
1377666300 0 0 0 0
1377666000 0 0 0 0
1377665700 0 0 0 0
1377665400 0 0 0 0
1377665100 0 0 0 0
1377664800 0 0 0 0
1377664500 0 0 0 0
1377664200 0 0 0 0
1377663900 0 0 0 0
1377663600 0 0 0 0
1377663300 0 0 0 0
1377663000 0 0 0 0
1377662700 0 0 0 0
1377662400 0 0 0 0
1377662100 0 0 0 0
1377661800 0 0 0 0
1377661500 0 0 0 0
1377661200 0 0 0 0
1377660900 0 0 0 0
1377660600 0 0 0 0
1377660300 0 0 0 0
1377660000 0 0 0 0
1377659700 0 0 0 0
1377659400 0 0 0 0
1377659100 0 0 0 0
1377658800 0 0 0 0
1377658500 0 0 0 0
1377658200 0 0 0 0
1377657900 0 0 0 0
1377657600 0 0 0 0
1377657300 0 0 0 0
1377657000 0 0 0 0
1377656700 0 0 0 0
1377656400 0 0 0 0
1377656100 0 0 0 0
1377655800 0 0 0 0
1377655500 0 0 0 0
1377655200 0 0 0 0
1377654900 0 0 0 0
1377654600 0 0 0 0
1377654300 0 0 0 0
1377654000 0 0 0 0
1377653700 0 0 0 0
1377653400 0 0 0 0
1377653100 0 0 0 0
1377652800 0 0 0 0
1377652500 0 0 0 0
1377652200 0 0 0 0
1377651900 0 0 0 0
1377651600 0 0 0 0
1377651300 0 0 0 0
1377651000 0 0 0 0
1377650700 0 0 0 0
1377650400 0 0 0 0
1377650100 0 0 0 0
1377649800 0 0 0 0
1377649500 0 0 0 0
1377649200 0 0 0 0
1377648900 0 0 0 0
1377648600 0 0 0 0
1377648300 0 0 0 0
1377648000 0 0 0 0
1377647700 0 0 0 0
1377647400 0 0 0 0
1377647100 0 0 0 0
1377646800 0 0 0 0
1377646500 0 0 0 0
1377646200 0 0 0 0
1377645900 0 0 0 0
1377645600 0 0 0 0
1377645300 0 0 0 0
1377645000 0 0 0 0
1377644700 0 0 0 0
1377644400 0 0 0 0
1377644100 0 0 0 0
1377643800 0 0 0 0
1377643500 0 0 0 0
1377643200 0 0 0 0
1377642900 0 0 0 0
1377642600 0 0 0 0
1377642300 0 0 0 0
1377642000 0 0 0 0
1377641700 0 0 0 0
1377641400 0 0 0 0
1377641100 0 0 0 0
1377640800 0 0 0 0
1377640500 0 0 0 0
1377640200 0 0 0 0
1377639900 0 0 0 0
1377639600 0 0 0 0
1377639300 0 0 0 0
1377639000 0 0 0 0
1377638700 0 0 0 0
1377638400 0 0 0 0
1377638100 3 3 541 560
1377637800 538 560 541 707
1377637500 136 704 137 707
1377637200 137 319 2635 9528
1377636900 2630 9506 2635 9528
1377636600 1253 3073 1256 3082
1377636300 563 562 565 582
1377636000 343 580 344 582
1377635700 104 276 284 1312
1377635400 283 1306 284 1312
1377635100 264 485 265 486
1377634800 205 767 4579 47851
1377634500 4570 47653 4579 47851
1377634200 3271 18096 3282 18157
1377633900 0 0 0 0
1377633600 2 7 448 1133
1377633300 453 1163 2023 10203
1377633000 2020 10195 2023 10203
1377632700 1211 7804 1213 7807
1377632400 667 7015 2133 32364
1377632100 2236 32309 33105 32364
1377631800 33003 15963 33105 16005
1377631500 2614 3649 4251 20034
1377631200 4238 19971 4251 20034
1377630900 501 1288 502 1398
1377630600 363 1395 603 1398
1377630300 601 581 603 582
1377630000 399 535 2971 17092
1377629700 2973 17168 3302 28519
1377629400 3294 28430 3302 28519
1377629100 1019 1857 1025 1867
1377628800 266 461 426 1376
1377628500 434 1466 1763 15001
1377628200 1766 14938 2329 15001
1377627900 2323 5545 2329 5558
1377627600 674 1901 675 1906
1377627300 521 502 824 925
1377627000 832 947 2074 4373
1377626700 2060 4343 2074 4373
1377626400 0 0 0 0
1377626100 0 0 0 0
1377625800 0 0 0 0
1377624600 0 0 0 0
1377622800 0 0 0 0
1377621000 0 0 230 1413
1377619200 987 3759 2565 13528
1377617400 380 770 662 1368
1377615600 341 961 595 1869
1377613800 631 3264 2861 14957
1377612000 502 1062 2861 5300
1377610200 248 1755 1362 9626
1377608400 0 0 0 0
1377606600 0 0 0 0
1377604800 0 0 0 0
1377603000 0 0 0 0
1377601200 0 0 0 0
1377599400 0 0 0 0
1377597600 0 0 0 0
1377595800 0 0 0 0
1377594000 0 0 0 0
1377592200 0 0 0 0
1377590400 0 0 0 0
1377588600 0 0 0 0
1377586800 0 0 0 0
1377585000 0 0 0 0
1377583200 0 0 0 0
1377581400 0 0 0 0
1377579600 0 0 0 0
1377577800 0 0 0 0
1377576000 0 0 0 0
1377574200 0 0 0 0
1377572400 0 0 0 0
1377570600 0 0 0 0
1377568800 0 0 0 0
1377567000 0 0 0 0
1377565200 0 0 0 0
1377563400 0 0 0 0
1377561600 0 0 0 0
1377559800 0 0 0 0
1377558000 0 0 0 0
1377556200 0 0 0 0
1377554400 0 0 0 0
1377552600 0 0 0 0
1377550800 90 155 234 349
1377549000 169 362 358 611
1377547200 2128 5017 10009 24141
1377545400 1589 3563 6877 13073
1377543600 9054 3812 48895 13015
1377541800 1110 14344 2285 27975
1377540000 644 1653 1867 4849
1377538200 274 406 2726 78786
1377536400 1409 29284 3142 85955
1377534600 1021 9891 3159 53837
1377532800 3426 8124 7226 29795
1377531000 2187 3291 7226 8091
1377529200 0 0 0 0
1377527400 0 0 0 0
1377525600 0 0 0 0
1377523800 0 0 0 0
1377522000 0 0 0 0
1377520200 0 0 0 0
1377518400 0 0 0 0
1377516600 0 0 0 0
1377514800 0 0 0 0
1377513000 0 0 0 0
1377511200 0 0 0 0
1377509400 0 0 0 0
1377507600 0 0 0 0
1377505800 0 0 0 0
1377504000 0 0 0 0
1377502200 0 0 0 0
1377500400 0 0 0 0
1377498600 0 0 0 0
1377496800 0 0 0 0
1377495000 0 0 0 0
1377493200 0 0 0 0
1377491400 0 0 0 0
1377489600 0 0 0 0
1377487800 0 0 0 0
1377486000 0 0 0 0
1377484200 0 0 0 0
1377482400 0 0 0 0
1377480600 0 0 0 0
1377478800 0 0 0 0
1377477000 0 0 0 0
1377475200 0 0 0 0
1377473400 0 0 0 0
1377471600 0 0 0 0
1377469800 0 0 0 0
1377468000 0 0 0 0
1377466200 0 0 0 0
1377464400 0 0 0 0
1377462600 0 0 0 0
1377460800 0 0 0 0
1377459000 0 0 0 0
1377457200 0 0 0 0
1377455400 0 0 0 0
1377453600 0 0 0 0
1377451800 0 0 0 0
1377450000 0 0 0 0
1377448200 0 0 0 0
1377446400 0 0 0 0
1377444600 0 0 0 0
1377442800 0 0 0 0
1377441000 0 0 0 0
1377439200 0 0 0 0
1377437400 0 0 0 0
1377435600 0 0 0 0
1377433800 0 0 0 0
1377432000 0 0 0 0
1377430200 0 0 0 0
1377428400 0 0 0 0
1377426600 0 0 0 0
1377424800 0 0 0 0
1377423000 0 0 0 0
1377421200 0 0 0 0
1377419400 0 0 0 0
1377417600 0 0 0 0
1377415800 0 0 0 0
1377414000 0 0 0 0
1377412200 0 0 0 0
1377410400 0 0 0 0
1377408600 0 0 0 0
1377406800 0 0 0 0
1377405000 0 0 0 0
1377403200 0 0 0 0
1377401400 0 0 0 0
1377399600 0 0 0 0
1377397800 0 0 0 0
1377396000 0 0 0 0
1377394200 0 0 0 0
1377392400 0 0 0 0
1377390600 0 0 0 0
1377388800 0 0 0 0
1377387000 0 0 0 0
1377385200 0 0 0 0
1377383400 0 0 0 0
1377381600 0 0 0 0
1377379800 0 0 0 0
1377378000 0 0 0 0
1377376200 0 0 0 0
1377374400 0 0 0 0
1377372600 0 0 0 0
1377370800 0 0 0 0
1377369000 0 0 0 0
1377367200 0 0 0 0
1377365400 0 0 0 0
1377363600 0 0 0 0
1377361800 0 0 0 0
1377360000 0 0 0 0
1377358200 0 0 0 0
1377356400 0 0 0 0
1377354600 0 0 0 0
1377352800 0 0 0 0
1377351000 0 0 0 0
1377349200 0 0 0 0
1377347400 0 0 0 0
1377345600 0 0 0 0
1377343800 0 0 0 0
1377342000 0 0 0 0
1377340200 0 0 0 0
1377338400 0 0 0 0
1377336600 0 0 0 0
1377334800 0 0 0 0
1377333000 0 0 0 0
1377331200 0 0 0 0
1377329400 0 0 0 0
1377327600 0 0 0 0
1377325800 0 0 0 0
1377324000 0 0 0 0
1377322200 0 0 0 0
1377320400 0 0 0 0
1377318600 0 0 0 0
1377316800 0 0 0 0
1377315000 0 0 0 0
1377313200 0 0 0 0
1377311400 0 0 0 0
1377309600 0 0 0 0
1377307800 0 0 0 0
1377306000 0 0 0 0
1377304200 0 0 0 0
1377302400 0 0 0 0
1377300600 0 0 0 0
1377298800 0 0 0 0
1377297000 0 0 0 0
1377295200 0 0 0 0
1377293400 0 0 0 0
1377291600 0 0 0 0
1377289800 0 0 0 0
1377288000 0 0 0 0
1377286200 0 0 0 0
1377284400 0 0 0 0
1377282600 0 0 0 0
1377280800 0 0 0 0
1377279000 0 0 0 0
1377277200 0 0 0 0
1377275400 0 0 0 0
1377273600 0 0 0 0
1377271800 0 0 0 0
1377270000 0 0 0 0
1377268200 0 0 0 0
1377266400 0 0 0 0
1377264600 0 0 0 0
1377262800 0 0 0 0
1377261000 0 0 0 0
1377259200 0 0 0 0
1377257400 0 0 0 0
1377255600 0 0 0 0
1377253800 0 0 0 0
1377252000 0 0 0 0
1377250200 0 0 0 0
1377248400 0 0 0 0
1377246600 0 0 0 0
1377244800 0 0 0 0
1377243000 0 0 0 0
1377241200 0 0 0 0
1377239400 0 0 0 0
1377237600 0 0 0 0
1377235800 0 0 0 0
1377234000 0 0 0 0
1377232200 0 0 0 0
1377230400 0 0 0 0
1377228600 0 0 0 0
1377226800 0 0 0 0
1377225000 0 0 0 0
1377223200 0 0 0 0
1377221400 0 0 0 0
1377219600 0 0 0 0
1377217800 0 0 0 0
1377216000 0 0 0 0
1377214200 0 0 0 0
1377212400 0 0 0 0
1377210600 0 0 0 0
1377208800 0 0 0 0
1377207000 0 0 0 0
1377205200 0 0 0 0
1377203400 0 0 0 0
1377201600 0 0 0 0
1377199800 0 0 0 0
1377198000 0 0 0 0
1377196200 0 0 0 0
1377194400 0 0 0 0
1377192600 0 0 0 0
1377190800 0 0 0 0
1377189000 0 0 0 0
1377187200 0 0 0 0
1377185400 0 0 0 0
1377183600 0 0 0 0
1377181800 0 0 0 0
1377180000 0 0 0 0
1377178200 0 0 0 0
1377176400 0 0 0 0
1377174600 0 0 0 0
1377172800 0 0 0 0
1377171000 0 0 0 0
1377169200 0 0 0 0
1377167400 0 0 0 0
1377165600 0 0 0 0
1377163800 0 0 0 0
1377162000 0 0 0 0
1377160200 0 0 0 0
1377158400 0 0 0 0
1377156600 0 0 0 0
1377154800 0 0 0 0
1377153000 0 0 0 0
1377151200 0 0 0 0
1377149400 0 0 0 0
1377147600 0 0 0 0
1377145800 0 0 0 0
1377144000 0 0 0 0
1377142200 0 0 0 0
1377140400 0 0 0 0
1377138600 0 0 0 0
1377136800 0 0 0 0
1377135000 0 0 0 0
1377133200 0 0 0 0
1377131400 0 0 0 0
1377129600 0 0 0 0
1377127800 0 0 0 0
1377126000 0 0 0 0
1377124200 0 0 0 0
1377122400 0 0 0 0
1377120600 0 0 0 0
1377118800 0 0 0 0
1377117000 0 0 0 0
1377115200 0 0 0 0
1377113400 0 0 0 0
1377111600 0 0 0 0
1377109800 0 0 0 0
1377108000 0 0 0 0
1377106200 0 0 0 0
1377104400 0 0 0 0
1377102600 0 0 0 0
1377100800 0 0 0 0
1377099000 0 0 0 0
1377097200 0 0 0 0
1377095400 0 0 0 0
1377093600 0 0 0 0
1377091800 0 0 0 0
1377090000 0 0 0 0
1377088200 0 0 0 0
1377086400 0 0 0 0
1377084600 0 0 0 0
1377082800 0 0 0 0
1377081000 0 0 0 0
1377079200 0 0 0 0
1377077400 0 0 0 0
1377075600 0 0 0 0
1377073800 0 0 0 0
1377072000 0 0 0 0
1377070200 0 0 0 0
1377068400 0 0 0 0
1377066600 0 0 0 0
1377064800 0 0 0 0
1377063000 0 0 0 0
1377061200 0 0 0 0
1377059400 0 0 0 0
1377057600 0 0 0 0
1377055800 0 0 0 0
1377054000 0 0 0 0
1377052200 0 0 0 0
1377050400 0 0 0 0
1377048600 0 0 0 0
1377046800 0 0 0 0
1377045000 0 0 0 0
1377043200 0 0 0 0
1377041400 0 0 0 0
1377039600 0 0 0 0
1377037800 0 0 0 0
1377036000 0 0 0 0
1377034200 0 0 0 0
1377032400 0 0 0 0
1377030600 0 0 0 0
1377028800 0 0 0 0
1377027000 0 0 0 0
1377025200 0 0 0 0
1377023400 0 0 0 0
1377021600 0 0 0 0
1377019800 0 0 0 0
1377018000 0 0 0 0
1377016200 0 0 0 0
1377014400 0 0 0 0
1377012600 0 0 0 0
1377010800 0 0 0 0
1377009000 0 0 0 0
1377007200 0 0 0 0
1377005400 0 0 0 0
1377003600 0 0 0 0
1377001800 0 0 0 0
1377000000 0 0 0 0
1376998200 0 0 0 0
1376996400 0 0 0 0
1376994600 0 0 0 0
1376992800 0 0 0 0
1376991000 0 0 0 0
1376989200 0 0 0 0
1376987400 0 0 0 0
1376985600 0 0 0 0
1376983800 0 0 0 0
1376982000 0 0 0 0
1376980200 0 0 0 0
1376978400 0 0 0 0
1376976600 0 0 0 0
1376974800 0 0 0 0
1376973000 0 0 0 0
1376971200 0 0 0 0
1376969400 0 0 0 0
1376967600 0 0 0 0
1376965800 0 0 0 0
1376964000 0 0 0 0
1376962200 0 0 0 0
1376960400 0 0 0 0
1376958600 0 0 0 0
1376956800 0 0 0 0
1376955000 0 0 0 0
1376953200 0 0 0 0
1376951400 0 0 0 0
1376949600 0 0 0 0
1376947800 0 0 0 0
1376946000 0 0 0 0
1376944200 0 0 0 0
1376942400 0 0 0 0
1376940600 0 0 0 0
1376938800 0 0 0 0
1376937000 0 0 0 0
1376935200 0 0 0 0
1376933400 0 0 0 0
1376931600 0 0 0 0
1376929800 0 0 0 0
1376928000 0 0 0 0
1376926200 0 0 0 0
1376924400 0 0 0 0
1376922600 0 0 0 0
1376920800 0 0 0 0
1376919000 0 0 0 0
1376917200 0 0 0 0
1376915400 0 0 0 0
1376913600 0 0 0 0
1376911800 0 0 0 0
1376910000 0 0 0 0
1376908200 0 0 0 0
1376906400 0 0 0 0
1376904600 0 0 0 0
1376902800 0 0 0 0
1376901000 0 0 0 0
1376899200 0 0 0 0
1376897400 0 0 0 0
1376895600 0 0 0 0
1376893800 0 0 0 0
1376892000 0 0 0 0
1376890200 0 0 0 0
1376888400 0 0 0 0
1376886600 0 0 0 0
1376884800 0 0 0 0
1376883000 0 0 0 0
1376881200 0 0 0 0
1376879400 0 0 0 0
1376877600 0 0 0 0
1376875800 0 0 0 0
1376874000 0 0 0 0
1376872200 0 0 0 0
1376870400 0 0 0 0
1376868600 0 0 0 0
1376866800 0 0 0 0
1376865000 0 0 0 0
1376863200 0 0 0 0
1376861400 0 0 0 0
1376859600 0 0 0 0
1376857800 0 0 0 0
1376856000 0 0 0 0
1376854200 0 0 0 0
1376852400 0 0 0 0
1376850600 0 0 0 0
1376848800 0 0 0 0
1376847000 0 0 0 0
1376845200 0 0 0 0
1376843400 0 0 0 0
1376841600 0 0 0 0
1376839800 0 0 0 0
1376838000 0 0 0 0
1376836200 0 0 0 0
1376834400 0 0 0 0
1376832600 0 0 0 0
1376830800 0 0 0 0
1376829000 0 0 0 0
1376827200 0 0 0 0
1376825400 0 0 0 0
1376823600 0 0 0 0
1376821800 0 0 0 0
1376820000 0 0 0 0
1376818200 0 0 0 0
1376816400 0 0 0 0
1376814600 0 0 0 0
1376812800 0 0 0 0
1376811000 0 0 0 0
1376809200 0 0 0 0
1376807400 0 0 0 0
1376805600 0 0 0 0
1376803800 0 0 0 0
1376802000 0 0 0 0
1376800200 0 0 0 0
1376798400 0 0 0 0
1376796600 0 0 0 0
1376794800 0 0 0 0
1376793000 0 0 0 0
1376791200 0 0 0 0
1376789400 0 0 0 0
1376787600 0 0 0 0
1376785800 0 0 0 0
1376784000 0 0 0 0
1376782200 0 0 0 0
1376780400 0 0 0 0
1376778600 0 0 0 0
1376776800 0 0 0 0
1376775000 0 0 0 0
1376773200 0 0 0 0
1376771400 0 0 0 0
1376769600 0 0 0 0
1376767800 0 0 0 0
1376766000 0 0 0 0
1376764200 0 0 0 0
1376762400 0 0 0 0
1376760600 0 0 0 0
1376758800 0 0 0 0
1376757000 0 0 0 0
1376755200 0 0 0 0
1376753400 0 0 0 0
1376751600 0 0 0 0
1376749800 0 0 0 0
1376748000 0 0 0 0
1376746200 0 0 0 0
1376744400 0 0 0 0
1376742600 0 0 0 0
1376740800 0 0 0 0
1376739000 0 0 0 0
1376737200 0 0 0 0
1376735400 0 0 0 0
1376733600 0 0 0 0
1376731800 0 0 0 0
1376730000 0 0 0 0
1376728200 0 0 0 0
1376726400 0 0 0 0
1376724600 0 0 0 0
1376722800 0 0 0 0
1376721000 0 0 0 0
1376719200 0 0 0 0
1376717400 0 0 0 0
1376715600 0 0 0 0
1376713800 0 0 0 0
1376712000 0 0 0 0
1376710200 0 0 0 0
1376708400 0 0 0 0
1376706600 0 0 0 0
1376704800 0 0 0 0
1376703000 0 0 0 0
1376701200 0 0 0 0
1376699400 0 0 0 0
1376697600 0 0 0 0
1376695800 0 0 0 0
1376694000 0 0 0 0
1376692200 0 0 0 0
1376690400 0 0 0 0
1376688600 331 1242 1093 9669
1376686800 675 2928 4648 9669
1376685000 1927 9283 4648 30808
1376683200 447 2123 5452 39588
1376681400 1967 9642 5452 39588
1376679600 1568 2656 7787 9644
1376677800 915 1286 2890 2702
1376676000 1399 1522 5120 6196
1376674200 0 0 0 0
1376672400 1 2 1915 2903
1376670600 840 1358 1915 2903
1376668800 1276 3691 3133 9651
1376667000 323 1603 1945 9651
1376665200 101 273 343 1043
1376663400 936 1569 4798 108361
1376661600 2318 34886 4798 108361
1376659800 1099 1883 3519 6332
1376658000 0 0 0 0
1376656200 0 0 0 0
1376654400 0 0 0 0
1376652600 0 0 0 0
1376650800 0 0 0 0
1376649000 0 0 0 0
1376647200 0 0 0 0
1376645400 0 0 0 0
1376643600 0 0 0 0
1376641800 0 0 0 0
1376640000 0 0 0 0
1376638200 0 0 0 0
1376636400 0 0 0 0
1376634600 0 0 0 0
1376632800 0 0 0 0
1376631000 0 0 0 0
1376629200 0 0 0 0
1376627400 0 0 0 0
1376625600 0 0 0 0
1376623800 0 0 0 0
1376622000 0 0 0 0
1376620200 0 0 0 0
1376618400 0 0 0 0
1376616600 0 0 0 0
1376614800 0 0 0 0
1376613000 0 0 0 0
1376611200 0 0 0 0
1376609400 0 0 0 0
1376607600 0 0 0 0
1376605800 0 0 0 0
1376604000 0 0 0 0
1376602200 0 0 0 0
1376600400 0 0 0 0
1376598600 0 0 0 0
1376596800 0 0 0 0
1376595000 0 0 0 0
1376593200 0 0 0 0
1376591400 0 0 0 0
1376589600 0 0 0 0
1376587800 0 0 0 0
1376586000 0 0 0 0
1376584200 0 0 0 0
1376582400 0 0 0 0
1376580600 0 0 0 0
1376578800 0 0 0 0
1376577000 0 0 0 0
1376575200 0 0 0 0
1376573400 0 0 0 0
1376571600 0 0 0 0
1376569800 0 0 0 0
1376568000 0 0 0 0
1376566200 0 0 0 0
1376564400 0 0 0 0
1376562600 0 0 0 0
1376560800 0 0 0 0
1376559000 0 0 0 0
1376557200 0 0 0 0
1376555400 0 0 0 0
1376553600 0 0 0 0
1376551800 0 0 0 0
1376550000 0 0 0 0
1376548200 0 0 0 0
1376546400 0 0 0 0
1376544600 0 0 0 0
1376539200 0 0 0 0
1376532000 0 0 0 0
1376524800 0 0 0 0
1376517600 255 754 2018 8556
1376510400 570 2021 9847 11347
1376503200 2502 4079 19927 26883
1376496000 1527 3996 4193 17816
1376488800 646 9829 7726 200153
1376481600 0 0 0 0
1376474400 0 0 0 0
1376467200 0 0 0 0
1376460000 0 0 0 0
1376452800 0 0 0 0
1376445600 0 0 0 0
1376438400 0 0 0 0
1376431200 1325 1542 9166 11875
1376424000 1552 5044 7244 24791
1376416800 1266 6895 3835 28984
1376409600 588 1989 2254 13660
1376402400 1174 3053 6003 19698
1376395200 0 0 0 0
1376388000 0 0 0 0
1376380800 0 0 0 0
1376373600 0 0 0 0
1376366400 0 0 0 0
1376359200 0 0 0 0
1376352000 0 0 0 0
1376344800 516 3293 3633 51485
1376337600 3235 5606 13120 28952
1376330400 1032 2418 5150 13407
1376323200 1001 10503 9170 105686
1376316000 678 6357 3401 89738
1376308800 0 0 0 0
1376301600 0 0 0 0
1376294400 0 0 0 0
1376287200 0 0 0 0
1376280000 0 0 0 0
1376272800 0 0 0 0
1376265600 0 0 0 0
1376258400 0 0 0 0
1376251200 0 0 0 0
1376244000 0 0 0 0
1376236800 0 0 0 0
1376229600 0 0 0 0
1376222400 0 0 0 0
1376215200 0 0 0 0
1376208000 0 0 0 0
1376200800 0 0 0 0
1376193600 0 0 0 0
1376186400 0 0 0 0
1376179200 0 0 0 0
1376172000 0 0 0 0
1376164800 0 0 0 0
1376157600 0 0 0 0
1376150400 0 0 0 0
1376143200 0 0 0 0
1376136000 0 0 0 0
1376128800 0 0 0 0
1376121600 0 0 0 0
1376114400 0 0 0 0
1376107200 0 0 0 0
1376100000 0 0 0 0
1376092800 0 0 0 0
1376085600 573 2084 3542 17358
1376078400 379 723 2489 3113
1376071200 30 64 318 952
1376064000 12 36 299 899
1376056800 321 1833 2487 19350
1376049600 0 0 0 0
1376042400 0 0 0 0
1376035200 0 0 0 0
1376028000 0 0 0 0
1376020800 0 0 0 0
1376013600 0 0 0 0
1376006400 0 0 0 0
1375999200 487 6208 3391 34771
1375992000 644 8683 5233 158800
1375984800 1323 4477 8381 44737
1375977600 637 2389 2829 21658
1375970400 525 1502 4002 13703
1375963200 0 0 0 0
1375956000 0 0 0 0
1375948800 0 0 0 0
1375941600 0 0 0 0
1375934400 0 0 0 0
1375927200 0 0 0 0
1375920000 0 0 0 0
1375912800 47 45 608 687
1375905600 0 0 0 0
1375898400 0 0 0 0
1375891200 0 0 0 0
1375884000 0 0 0 0
1375876800 0 0 0 0
1375869600 0 0 0 0
1375862400 0 0 0 0
1375855200 0 0 0 0
1375848000 0 0 0 0
1375840800 0 0 0 0
1375833600 0 0 0 0
1375826400 0 0 0 0
1375819200 0 0 0 0
1375812000 0 0 0 0
1375804800 0 0 0 0
1375797600 32 78 295 753
1375790400 0 0 0 0
1375783200 0 0 0 0
1375776000 0 0 0 0
1375768800 0 0 0 0
1375761600 0 0 0 0
1375754400 0 0 0 0
1375747200 0 0 0 0
1375740000 102 191 439 820
1375732800 323 2145 2079 18662
1375725600 619 3468 4741 54435
1375718400 326 994 663 3442
1375711200 475 4734 4332 78893
1375704000 0 0 0 0
1375696800 0 0 0 0
1375689600 0 0 0 0
1375682400 0 0 0 0
1375675200 0 0 0 0
1375668000 0 0 0 0
1375660800 0 0 0 0
1375653600 0 0 0 0
1375646400 0 0 0 0
1375639200 0 0 0 0
1375632000 0 0 0 0
1375624800 0 0 0 0
1375617600 0 0 0 0
1375610400 0 0 0 0
1375603200 0 0 0 0
1375596000 0 0 0 0
1375588800 0 0 0 0
1375581600 0 0 0 0
1375574400 0 0 0 0
1375567200 0 0 0 0
1375560000 0 0 0 0
1375552800 0 0 0 0
1375545600 0 0 0 0
1375538400 0 0 0 0
1375531200 0 0 0 0
1375524000 0 0 0 0
1375516800 0 0 0 0
1375509600 0 0 0 0
1375502400 0 0 0 0
1375495200 0 0 0 0
1375488000 0 0 0 0
1375480800 233 1321 1211 8490
1375473600 727 3433 4096 26747
1375466400 125 250 1661 3181
1375459200 43 180 4190 27277
1375452000 670 2708 4190 27277
1375444800 0 0 0 0
1375437600 0 0 0 0
1375430400 0 0 0 0
1375423200 0 0 0 0
1375416000 0 0 0 0
1375408800 0 0 0 0
1375401600 0 0 0 0
1375394400 1066 17826 8362 258218
1375387200 2585 7518 40144 79142
1375380000 3080 90387 35545 606734
1375372800 2205 12222 35545 142474
1375365600 0 0 0 0
1375358400 0 0 0 0
1375351200 0 0 0 0
1375344000 0 0 0 0
1375336800 0 0 0 0
1375329600 0 0 0 0
1375322400 0 0 0 0
1375315200 0 0 0 0
1375308000 0 0 0 0
1375300800 0 0 0 0
1375293600 0 0 0 0
1375286400 0 0 0 0
1375279200 0 0 0 0
1375272000 0 0 0 0
1375264800 0 0 0 0
1375257600 0 0 0 0
1375250400 0 0 0 0
1375243200 0 0 0 0
1375236000 0 0 0 0
1375228800 0 0 0 0
1375221600 0 0 0 0
1375214400 0 0 0 0
1375207200 0 0 0 0
1375200000 0 0 0 0
1375192800 0 0 0 0
1375185600 0 0 0 0
1375178400 0 0 0 0
1375171200 0 0 0 0
1375164000 0 0 0 0
1375156800 0 0 0 0
1375149600 0 0 0 0
1375142400 0 0 0 0
1375135200 0 0 0 0
1375128000 0 0 0 0
1375120800 0 0 0 0
1375113600 0 0 0 0
1375106400 0 0 0 0
1375099200 0 0 0 0
1375092000 0 0 0 0
1375084800 0 0 0 0
1375077600 0 0 0 0
1375070400 0 0 0 0
1375063200 0 0 0 0
1375056000 0 0 0 0
1375048800 0 0 0 0
1375041600 0 0 0 0
1375034400 0 0 0 0
1375027200 0 0 0 0
1375020000 0 0 0 0
1375012800 0 0 0 0
1375005600 0 0 0 0
1374998400 0 0 0 0
1374991200 0 0 0 0
1374984000 0 0 0 0
1374976800 0 0 0 0
1374969600 0 0 0 0
1374962400 0 0 0 0
1374955200 0 0 0 0
1374948000 0 0 0 0
1374940800 0 0 0 0
1374933600 0 0 0 0
1374926400 0 0 0 0
1374919200 0 0 0 0
1374912000 0 0 0 0
1374904800 0 0 0 0
1374897600 0 0 0 0
1374890400 0 0 0 0
1374883200 0 0 0 0
1374876000 0 0 0 0
1374868800 0 0 0 0
1374861600 0 0 0 0
1374854400 0 0 0 0
1374847200 0 0 0 0
1374840000 0 0 0 0
1374832800 0 0 0 0
1374825600 0 0 0 0
1374818400 0 0 0 0
1374811200 0 0 0 0
1374804000 0 0 0 0
1374796800 0 0 0 0
1374789600 0 0 0 0
1374782400 0 0 0 0
1374775200 0 0 0 0
1374768000 0 0 0 0
1374760800 0 0 0 0
1374753600 0 0 0 0
1374746400 0 0 0 0
1374739200 0 0 0 0
1374732000 0 0 0 0
1374724800 0 0 0 0
1374717600 0 0 0 0
1374710400 0 0 0 0
1374703200 0 0 0 0
1374696000 0 0 0 0
1374688800 0 0 0 0
1374681600 0 0 0 0
1374674400 0 0 0 0
1374667200 0 0 0 0
1374660000 0 0 0 0
1374652800 0 0 0 0
1374645600 0 0 0 0
1374638400 0 0 0 0
1374631200 0 0 0 0
1374624000 0 0 0 0
1374616800 0 0 0 0
1374609600 0 0 0 0
1374602400 0 0 0 0
1374595200 0 0 0 0
1374588000 0 0 0 0
1374580800 0 0 0 0
1374573600 0 0 0 0
1374566400 0 0 0 0
1374559200 0 0 0 0
1374552000 0 0 0 0
1374544800 0 0 0 0
1374537600 0 0 0 0
1374530400 0 0 0 0
1374523200 0 0 0 0
1374516000 0 0 0 0
1374508800 0 0 0 0
1374501600 0 0 0 0
1374494400 0 0 0 0
1374487200 0 0 0 0
1374480000 0 0 0 0
1374472800 0 0 0 0
1374465600 0 0 0 0
1374458400 0 0 0 0
1374451200 0 0 0 0
1374444000 0 0 0 0
1374436800 0 0 0 0
1374429600 0 0 0 0
1374422400 0 0 0 0
1374415200 0 0 0 0
1374408000 0 0 0 0
1374400800 0 0 0 0
1374393600 0 0 0 0
1374386400 0 0 0 0
1374379200 0 0 0 0
1374372000 0 0 0 0
1374364800 0 0 0 0
1374357600 0 0 0 0
1374350400 0 0 0 0
1374343200 0 0 0 0
1374336000 0 0 0 0
1374328800 0 0 0 0
1374321600 0 0 0 0
1374314400 0 0 0 0
1374307200 0 0 0 0
1374300000 0 0 0 0
1374292800 0 0 0 0
1374285600 0 0 0 0
1374278400 0 0 0 0
1374271200 0 0 0 0
1374264000 0 0 0 0
1374256800 0 0 0 0
1374249600 0 0 0 0
1374242400 0 0 0 0
1374235200 0 0 0 0
1374228000 0 0 0 0
1374220800 0 0 0 0
1374213600 0 0 0 0
1374206400 0 0 0 0
1374199200 0 0 0 0
1374192000 0 0 0 0
1374184800 0 0 0 0
1374177600 0 0 0 0
1374170400 0 0 0 0
1374163200 0 0 0 0
1374156000 0 0 0 0
1374148800 0 0 0 0
1374141600 0 0 0 0
1374134400 0 0 0 0
1374127200 0 0 0 0
1374120000 0 0 0 0
1374112800 0 0 0 0
1374105600 0 0 0 0
1374098400 0 0 0 0
1374091200 0 0 0 0
1374084000 0 0 0 0
1374076800 0 0 0 0
1374069600 0 0 0 0
1374062400 0 0 0 0
1374055200 0 0 0 0
1374048000 0 0 0 0
1374040800 0 0 0 0
1374033600 0 0 0 0
1374026400 0 0 0 0
1374019200 0 0 0 0
1374012000 0 0 0 0
1374004800 0 0 0 0
1373997600 0 0 0 0
1373990400 0 0 0 0
1373983200 0 0 0 0
1373976000 0 0 0 0
1373968800 0 0 0 0
1373961600 0 0 0 0
1373954400 0 0 0 0
1373947200 0 0 0 0
1373940000 0 0 0 0
1373932800 0 0 0 0
1373925600 0 0 0 0
1373918400 0 0 0 0
1373911200 0 0 0 0
1373904000 0 0 0 0
1373896800 0 0 0 0
1373889600 0 0 0 0
1373882400 0 0 0 0
1373875200 0 0 0 0
1373868000 0 0 0 0
1373860800 0 0 0 0
1373853600 0 0 0 0
1373846400 0 0 0 0
1373839200 0 0 0 0
1373832000 0 0 0 0
1373824800 0 0 0 0
1373817600 0 0 0 0
1373810400 0 0 0 0
1373803200 0 0 0 0
1373796000 0 0 0 0
1373788800 0 0 0 0
1373781600 0 0 0 0
1373774400 0 0 0 0
1373767200 0 0 0 0
1373760000 0 0 0 0
1373752800 0 0 0 0
1373745600 0 0 0 0
1373738400 0 0 0 0
1373731200 0 0 0 0
1373724000 0 0 0 0
1373716800 0 0 0 0
1373709600 0 0 0 0
1373702400 0 0 0 0
1373695200 0 0 0 0
1373688000 0 0 0 0
1373680800 0 0 0 0
1373673600 0 0 0 0
1373666400 0 0 0 0
1373659200 0 0 0 0
1373652000 0 0 0 0
1373644800 0 0 0 0
1373637600 0 0 0 0
1373630400 0 0 0 0
1373623200 0 0 0 0
1373616000 0 0 0 0
1373608800 0 0 0 0
1373601600 0 0 0 0
1373594400 0 0 0 0
1373587200 0 0 0 0
1373580000 0 0 0 0
1373572800 0 0 0 0
1373565600 0 0 0 0
1373558400 0 0 0 0
1373551200 0 0 0 0
1373544000 0 0 0 0
1373536800 0 0 0 0
1373529600 0 0 0 0
1373522400 0 0 0 0
1373515200 0 0 0 0
1373508000 0 0 0 0
1373500800 0 0 0 0
1373493600 0 0 0 0
1373486400 0 0 0 0
1373479200 0 0 0 0
1373472000 0 0 0 0
1373464800 0 0 0 0
1373457600 0 0 0 0
1373450400 0 0 0 0
1373443200 0 0 0 0
1373436000 0 0 0 0
1373428800 0 0 0 0
1373421600 0 0 0 0
1373414400 0 0 0 0
1373407200 0 0 0 0
1373400000 0 0 0 0
1373392800 0 0 0 0
1373385600 0 0 0 0
1373378400 0 0 0 0
1373371200 0 0 0 0
1373364000 0 0 0 0
1373356800 0 0 0 0
1373349600 0 0 0 0
1373342400 0 0 0 0
1373335200 0 0 0 0
1373328000 0 0 0 0
1373320800 0 0 0 0
1373313600 0 0 0 0
1373306400 0 0 0 0
1373299200 0 0 0 0
1373292000 0 0 0 0
1373284800 0 0 0 0
1373277600 0 0 0 0
1373270400 0 0 0 0
1373263200 0 0 0 0
1373256000 0 0 0 0
1373248800 0 0 0 0
1373241600 0 0 0 0
1373234400 0 0 0 0
1373227200 0 0 0 0
1373220000 0 0 0 0
1373212800 0 0 0 0
1373205600 0 0 0 0
1373198400 0 0 0 0
1373191200 0 0 0 0
1373184000 0 0 0 0
1373176800 0 0 0 0
1373169600 0 0 0 0
1373162400 0 0 0 0
1373155200 0 0 0 0
1373148000 0 0 0 0
1373140800 0 0 0 0
1373133600 0 0 0 0
1373126400 0 0 0 0
1373119200 0 0 0 0
1373112000 0 0 0 0
1373104800 0 0 0 0
1373097600 0 0 0 0
1373090400 0 0 0 0
1373083200 0 0 0 0
1373076000 0 0 0 0
1373068800 0 0 0 0
1373061600 0 0 0 0
1373054400 0 0 0 0
1373047200 0 0 0 0
1373040000 0 0 0 0
1373032800 0 0 0 0
1373025600 0 0 0 0
1373018400 0 0 0 0
1373011200 0 0 0 0
1373004000 0 0 0 0
1372996800 0 0 0 0
1372989600 0 0 0 0
1372982400 0 0 0 0
1372975200 0 0 0 0
1372968000 0 0 0 0
1372960800 0 0 0 0
1372953600 0 0 0 0
1372946400 0 0 0 0
1372939200 0 0 0 0
1372932000 0 0 0 0
1372924800 0 0 0 0
1372917600 0 0 0 0
1372910400 0 0 0 0
1372903200 0 0 0 0
1372896000 0 0 0 0
1372888800 0 0 0 0
1372881600 0 0 0 0
1372874400 0 0 0 0
1372867200 0 0 0 0
1372860000 0 0 0 0
1372852800 0 0 0 0
1372845600 0 0 0 0
1372838400 0 0 0 0
1372831200 0 0 0 0
1372824000 0 0 0 0
1372816800 0 0 0 0
1372809600 0 0 0 0
1372802400 0 0 0 0
1372795200 0 0 0 0
1372788000 0 0 0 0
1372780800 0 0 0 0
1372773600 0 0 0 0
1372766400 0 0 0 0
1372759200 0 0 0 0
1372752000 0 0 0 0
1372744800 0 0 0 0
1372737600 0 0 0 0
1372730400 0 0 0 0
1372723200 0 0 0 0
1372716000 0 0 0 0
1372708800 0 0 0 0
1372701600 406 2441 3594 44268
1372694400 3147 6749 9052 13802
1372687200 2318 8340 10590 38300
1372680000 593 2815 4067 24030
1372672800 0 0 0 0
1372665600 0 0 0 0
1372658400 0 0 0 0
1372651200 0 0 0 0
1372644000 0 0 0 0
1372636800 0 0 0 0
1372629600 0 0 0 0
1372622400 0 0 0 0
1372615200 0 0 0 0
1372608000 0 0 0 0
1372600800 0 0 0 0
1372593600 0 0 0 0
1372586400 0 0 0 0
1372579200 0 0 0 0
1372572000 0 0 0 0
1372564800 0 0 0 0
1372557600 0 0 0 0
1372550400 0 0 0 0
1372543200 0 0 0 0
1372536000 0 0 0 0
1372528800 0 0 0 0
1372521600 0 0 0 0
1372514400 0 0 0 0
1372507200 0 0 0 0
1372500000 0 0 0 0
1372492800 0 0 0 0
1372485600 0 0 0 0
1372478400 0 0 0 0
1372471200 0 0 0 0
1372464000 0 0 0 0
1372456800 3133 34611 7415 130118
1372449600 3955 101615 9723 218772
1372442400 5538 117551 11606 403780
1372435200 1736 2821 11486 10451
1372428000 3708 14807 10804 107278
1372420800 0 0 0 0
1372413600 0 0 0 0
1372406400 0 0 0 0
1372399200 0 0 0 0
1372392000 0 0 0 0
1372384800 0 0 0 0
1372377600 0 0 0 0
1372370400 0 0 0 0
1372363200 0 0 2430 4779
1372356000 7733 25043 18392 94234
1372348800 3235 11390 10851 56862
1372341600 2352 5878 23738 35716
1372334400 0 0 0 0
1372327200 0 0 0 0
1372320000 0 0 0 0
1372312800 0 0 0 0
1372305600 0 0 0 0
1372298400 0 0 0 0
1372291200 0 0 0 0
1372284000 2935 44170 8079 192770
1372276800 3479 41030 7582 145840
1372269600 4918 43369 12657 144860
1372262400 4462 55459 12343 177000
1372255200 2160 3848 6468 30399
1372248000 233 1258 5633 30399
1372240800 0 0 0 0
1372233600 0 0 0 0
1372226400 0 0 0 0
1372219200 0 0 0 0
1372204800 596 3886 6369 127872
1372118400 1481 16209 27351 471129
1372032000 0 0 0 0
1371945600 0 0 0 0
1371859200 974 7999 14013 360011
1371772800 1551 29789 14505 503934
1371686400 844 3008 10127 119917
1371600000 1028 3081 11192 65188
1371513600 1134 3550 34820 72942
1371427200 0 0 0 0
1371340800 0 0 0 0
1371254400 428 1521 7608 66797
1371168000 2460 74817 17658 432452
1371081600 1547 4436 100805 121920
1370995200 0 0 0 0
1370908800 900 4483 15752 218906
1370822400 0 0 0 0
1370736000 0 0 0 0
1370649600 895 5238 32198 353276
1370563200 902 3548 10711 112833
1370476800 1888 28254 28171 358175
1370390400 660 1801 10569 39790
1370304000 570 4136 17855 492305
1370217600 0 0 0 0
1370131200 0 0 0 0
1370044800 2959 4325 441209 129947
1369958400 0 0 0 0
1369872000 3619 104851 24815 616485
1369785600 0 0 0 0
1369699200 0 0 0 0
1369612800 0 0 0 0
1369526400 0 0 0 0
1369440000 0 0 0 0
1369353600 1066 6046 15079 204321
1369267200 1415 13986 18616 206142
1369180800 52 891 3455 95338
1369094400 655 2134 26278 169913
1369008000 0 0 0 0
1368921600 0 0 0 0
1368835200 2138 19196 101811 434941
1368748800 1149 11516 14661 151494
1368662400 1329 5372 128611 284474
1368576000 674 2000 9418 95535
1368489600 1257 4653 27587 121520
1368403200 0 0 0 0
1368316800 0 0 0 0
1368230400 730 4814 15337 167597
1368144000 816 2451 13231 99887
1368057600 0 0 0 0
1367971200 0 0 0 0
1367884800 782 4210 8964 234169
1367798400 0 0 0 0
1367712000 0 0 0 0
1367625600 0 0 0 0
1367539200 0 0 0 0
1367452800 0 0 0 0
1367366400 776 3925 13384 159943
1367280000 839 2612 10674 94727
1367193600 0 0 0 0
1367107200 0 0 0 0
1367020800 951 2830 8097 109620
1366934400 493 1526 8158 35369
1366848000 1082 7387 24635 160115
1366761600 849 2789 11542 72500
1366675200 793 6056 13506 215262
1366588800 0 0 0 0
1366502400 0 0 0 0
1366416000 675 5975 7871 147961
1366329600 863 7216 10317 120276
1366243200 593 1730 6199 30711
1366156800 507 2618 7530 141157
1366070400 677 8428 13899 507329
1365984000 0 0 0 0
1365897600 0 0 0 0
1365811200 3112 97152 17149 567047
1365724800 2004 73957 17067 533567
1365638400 2102 62218 17252 545227
1365552000 714 4419 15046 139223
1365465600 1095 8138 51402 141846
1365379200 0 0 0 0
1365292800 0 0 0 0
1365206400 583 4214 9005 244836
1365120000 0 0 0 0
1365033600 0 0 0 0
1364947200 0 0 0 0
1364860800 219 616 5370 18212
1364774400 0 0 0 0
1364688000 0 0 0 0
1364601600 428 1065 10072 19098
1364515200 862 8519 19507 283069
1364428800 528 948 11087 18314
1364342400 693 1682 12133 52404
1364256000 1034 14167 12353 378924
1364169600 0 0 0 0
1364083200 0 0 0 0
1363996800 494 1716 7917 65873
1363910400 786 3128 18043 153252
1363824000 744 2678 8806 57527
1363737600 440 843 7106 20418
1363651200 674 4939 7063 116886
1363564800 0 0 0 0
1363478400 0 0 0 0
1363392000 521 1077 15432 17631
1363305600 595 1891 10149 108589
1363219200 845 4472 9076 196492
1363132800 779 5176 13506 241409
1363046400 846 4636 10054 269096
1362960000 0 0 0 0
1362873600 0 0 0 0
1362787200 722 1453 11671 25830
1362700800 420 1150 7329 22532
1362614400 612 1649 9016 42357
1362528000 876 1488 13300 46303
1362441600 467 1090 5434 42245
1362355200 0 0 0 0
1362268800 0 0 0 0
1362182400 0 0 0 0
1362096000 0 0 0 0
1362009600 0 0 0 0
1361923200 540 2250 11579 139242
1361836800 697 8808 8053 172261
1361750400 0 0 0 0
1361664000 0 0 0 0
1361577600 859 5486 9622 155810
1361491200 914 2224 41304 86696
1361404800 1043 5516 21073 831491
1361318400 0 0 0 0
1361232000 0 0 0 0
1361145600 0 0 0 0
1361059200 0 0 0 0
1360972800 773 7810 10379 315020
1360886400 1175 2845 104273 58776
1360800000 786 2504 10140 183367
1360713600 1324 2252 116961 127255
1360627200 1038 3218 24647 160695
1360540800 0 0 0 0
1360454400 0 0 0 0
1360368000 518 4042 13682 187193
1360281600 0 0 0 0
1360195200 0 0 0 0
1360108800 0 0 0 0
1360022400 0 0 0 0
1359936000 0 0 0 0
1359849600 0 0 0 0
1359763200 416 839 8949 14103
1359676800 197 483 6530 19753
1359590400 0 0 0 0
1359504000 796 2495 21497 109617
1359417600 574 1762 8709 48543
1359331200 0 0 0 0
1359244800 0 0 0 0
1359158400 770 3712 31574 360078
1359072000 719 2588 17069 103659
1358985600 608 2535 11539 356750
1358899200 688 10217 18627 614745
1358812800 0 0 0 0
1358726400 0 0 0 0
1358640000 0 0 0 0
1358553600 541 3077 10835 296119
1358467200 409 1175 5697 51265
1358380800 699 1151 18747 42128
1358294400 941 3565 101262 409082
1358208000 544 4806 22777 978132
1358121600 0 0 0 0
1358035200 0 0 0 0
1357948800 0 0 0 0
1357862400 0 0 0 0
1357776000 551 2872 11137 85885
1357689600 549 2074 13997 54773
1357603200 380 646 14471 35767
1357516800 0 0 0 0
1357430400 0 0 0 0
1357344000 0 0 0 0
1357257600 0 0 0 0
1357171200 0 0 0 0
1357084800 0 0 0 0
1356998400 0 0 0 0
1356912000 0 0 0 0
1356825600 0 0 0 0
1356739200 0 0 0 0
1356652800 0 0 0 0
1356566400 0 0 0 0
1356480000 0 0 0 0
1356393600 0 0 0 0
1356307200 0 0 0 0
1356220800 0 0 0 0
1356134400 0 0 0 0
1356048000 0 0 0 0
1355961600 0 0 0 0
1355875200 0 0 0 0
1355788800 0 0 0 0
1355702400 0 0 0 0
1355616000 0 0 0 0
1355529600 0 0 0 0
1355443200 0 0 0 0
1355356800 0 0 0 0
1355270400 0 0 0 0
1355184000 0 0 0 0
1355097600 0 0 0 0
1355011200 0 0 0 0
1354924800 0 0 0 0
1354838400 0 0 0 0
1354752000 0 0 0 0
1354665600 0 0 0 0
1354579200 0 0 0 0
1354492800 0 0 0 0
1354406400 0 0 0 0
1354320000 0 0 0 0
1354233600 0 0 0 0
1354147200 0 0 0 0
1354060800 0 0 0 0
1353974400 0 0 0 0
1353888000 0 0 0 0
1353801600 0 0 0 0
1353715200 0 0 0 0
1353628800 0 0 0 0
1353542400 0 0 0 0
1353456000 0 0 0 0
1353369600 0 0 0 0
1353283200 0 0 0 0
1353196800 0 0 0 0
1353110400 0 0 0 0
1353024000 0 0 0 0
1352937600 0 0 0 0
1352851200 0 0 0 0
1352764800 0 0 0 0
1352678400 0 0 0 0
1352592000 0 0 0 0
1352505600 0 0 0 0
1352419200 0 0 0 0
1352332800 0 0 0 0
1352246400 0 0 0 0
1352160000 0 0 0 0
1352073600 0 0 0 0
1351987200 0 0 0 0
1351900800 0 0 0 0
1351814400 0 0 0 0
1351728000 0 0 0 0
1351641600 0 0 0 0
1351555200 0 0 0 0
1351468800 0 0 0 0
1351382400 0 0 0 0
1351296000 0 0 0 0
1351209600 0 0 0 0
1351123200 0 0 0 0
1351036800 0 0 0 0
1350950400 0 0 0 0
1350864000 0 0 0 0
1350777600 0 0 0 0
1350691200 0 0 0 0
1350604800 0 0 0 0
1350518400 0 0 0 0
1350432000 0 0 0 0
1350345600 0 0 0 0
1350259200 0 0 0 0
1350172800 0 0 0 0
1350086400 0 0 0 0
1350000000 0 0 0 0
1349913600 0 0 0 0
1349827200 0 0 0 0
1349740800 0 0 0 0
1349654400 0 0 0 0
1349568000 0 0 0 0
1349481600 0 0 0 0
1349395200 0 0 0 0
1349308800 0 0 0 0
1349222400 0 0 0 0
1349136000 0 0 0 0
1349049600 0 0 0 0
1348963200 0 0 0 0
1348876800 0 0 0 0
1348790400 0 0 0 0
1348704000 0 0 0 0
1348617600 0 0 0 0
1348531200 0 0 0 0
1348444800 0 0 0 0
1348358400 0 0 0 0
1348272000 0 0 0 0
1348185600 0 0 0 0
1348099200 0 0 0 0
1348012800 0 0 0 0
1347926400 0 0 0 0
1347840000 0 0 0 0
1347753600 0 0 0 0
1347667200 0 0 0 0
1347580800 0 0 0 0
1347494400 0 0 0 0
1347408000 0 0 0 0
1347321600 0 0 0 0
1347235200 0 0 0 0
1347148800 0 0 0 0
1347062400 0 0 0 0
1346976000 0 0 0 0
1346889600 0 0 0 0
1346803200 0 0 0 0
1346716800 0 0 0 0
1346630400 0 0 0 0
1346544000 0 0 0 0
1346457600 0 0 0 0
1346371200 0 0 0 0
1346284800 0 0 0 0
1346198400 0 0 0 0
1346112000 0 0 0 0
1346025600 0 0 0 0
1345939200 0 0 0 0
1345852800 0 0 0 0
1345766400 0 0 0 0
1345680000 0 0 0 0
1345593600 0 0 0 0
1345507200 0 0 0 0
1345420800 0 0 0 0
1345334400 0 0 0 0
1345248000 0 0 0 0
1345161600 0 0 0 0
1345075200 0 0 0 0
1344988800 0 0 0 0
1344902400 1243 1873 36318 197652
1344816000 0 0 0 0
1344729600 0 0 0 0
1344643200 0 0 0 0
1344556800 1429 1810 21832 38278
1344470400 2028 4827 52269 249417
1344384000 0 0 0 0
1344297600 3064 7011 38319 148974
1344211200 0 0 0 0
1344124800 0 0 0 0
1344038400 0 0 0 0
1343952000 1400 3062 30948 80744
1343865600 1156 6318 24916 467433
1343779200 1902 6437 37140 113280
1343692800 2124 2045 224775 78685
1343606400 0 0 0 0
1343520000 0 0 0 0
1343433600 547 921 29323 43162
1343347200 1100 3563 19067 263652
1343260800 3645 63575 121292 2500651
1343174400 2468 4619 224382 219563
1343088000 6037 15238 1242223 2351739
1343001600 0 0 0 0
1342915200 0 0 0 0
1342828800 0 0 0 0
1342742400 2067 4393 31522 238755
1342656000 0 0 0 0
1342569600 1026 1094 31538 57026
1342483200 4673 7086 108648 440656
1342396800 0 0 0 0
1342310400 0 0 0 0
1342224000 0 0 0 0
1342137600 4388 18753 170703 314578
1342051200 568 1676 68241 187702
1341964800 1195 4393 43395 134418
1341878400 1282 18096 80156 4066813
1341792000 0 0 0 0
1341705600 0 0 0 0
1341619200 0 0 0 0
1341532800 0 0 0 0
1341446400 0 0 0 0
1341360000 1994 2662 405773 432429
1341273600 1149 1848 42901 136885
1341187200 0 0 0 0
1341100800 0 0 0 0
1341014400 9226 3460 839778 102441
1340928000 0 0 0 0
1340841600 2067 3095 335413 353296
1340755200 1154 6644 47505 249115
1340668800 817 2091 37788 102388
1340582400 0 0 0 0
1340496000 0 0 0 0
1340409600 704 832 66467 48773
1340323200 550 1987 13976 158628
1340236800 0 0 0 0
1340150400 2522 3878 256662 229418
1340064000 695 892 34171 33969
1339977600 0 0 0 0
1339891200 0 0 0 0
1339804800 352 707 7662 32640
1339718400 1236 3325 57502 291643
1339632000 1060 2885 59479 86282
1339545600 1031 3566 46228 131456
1339459200 990 2823 36000 59497
1339372800 0 0 0 0
1339286400 0 0 0 0
1339200000 3142 9751 24807 124453
1339113600 3077 9083 58931 132950
1339027200 2284 6169 97864 131153
1338940800 7028 11763 532108 452897
1338854400 0 0 0 0
1338768000 0 0 0 0
1338681600 0 0 0 0
1338595200 0 0 0 0
1338508800 0 0 0 0
1338422400 0 0 0 0
1338336000 0 0 0 0
1338249600 0 0 0 0
1338163200 0 0 0 0
1338076800 0 0 0 0
1337990400 0 0 0 0
1337904000 0 0 0 0
1337817600 0 0 0 0
1337731200 0 0 0 0
1337644800 6420 8236 713228 833200
1337558400 0 0 0 0
1337472000 0 0 0 0
1337385600 1826 2664 70149 74565
1337299200 1620 6979 40684 715147
1337212800 159 348 9239 17159
1337126400 1544 3265 39728 47679
1337040000 38145 20781 4245918 2349607
1336953600 0 0 0 0
1336867200 0 0 0 0
1336780800 514 786 52217 42223
1336694400 388 999 9885 64422
1336608000 388 1043 7283 38652
1336521600 1066 3599 37176 110868
1336435200 1247 6788 33051 656731
1336348800 0 0 0 0
1336262400 0 0 0 0
1336176000 38272 16258 381864 441126
1336089600 1594 4279 41335 285134
1336003200 1802 12291 84092 1524733
1335916800 31956 8816 538336 158167
1335830400 1346 3251 32792 60536
1335744000 0 0 0 0
1335657600 0 0 0 0
1335571200 2156 40960 126220 2393704
1335484800 469 18059 30851 1743951
1335398400 259 885 12493 21031
1335312000 245 1852 7618 66792
1335225600 0 0 0 0
1335139200 0 0 0 0
1335052800 0 0 0 0
1334966400 0 0 0 0
1334880000 0 0 0 0
1334793600 0 0 0 0
1334707200 0 0 0 0
1334620800 0 0 0 0
1334534400 0 0 0 0
1334448000 0 0 0 0
1334361600 0 0 0 0
1334275200 0 0 0 0
1334188800 0 0 0 0
1334102400 0 0 0 0
1334016000 0 0 0 0
1333929600 0 0 0 0
1333843200 0 0 0 0
1333756800 518 2403 9608 181605
1333670400 820 1331 60259 52350
1333584000 325 1831 5487 146404
1333497600 847 2002 68849 76643
1333411200 584 1135 20989 32090
1333324800 0 0 0 0
1333238400 0 0 0 0
1333152000 545 1556 18862 162979
1333065600 408 713 16517 24643
1332979200 239 547 3370 12452
1332892800 491 5896 25268 1407005
1332806400 576 3184 15273 315764
1332720000 0 0 0 0
1332633600 0 0 0 0
1332547200 250 974 5073 81488
1332460800 121 235 2264 6336
1332374400 407 842 18647 32608
1332288000 362 714 16762 17311
1332201600 807 1475 67910 65331
1332115200 0 0 0 0
1332028800 0 0 0 0
1331942400 401 833 16475 28596
1331856000 295 980 10620 87788
1331769600 172 675 3323 36483
1331683200 552 705 75444 20427
1331596800 283 2197 13921 323635
1331510400 0 0 0 0
1331424000 0 0 0 0
1331337600 562 959 59214 83877
1331251200 25 51 2534 7221
1331164800 94 316 4670 33673
1331078400 4732 659 1278474 34532
1330992000 160 471 4246 24451
1330905600 0 0 0 0
1330819200 0 0 0 0
1330732800 394 377 17006 12498
1330646400 88 179 2733 16397
1330560000 393 4301 25187 1096820
1330473600 173 831 8311 60802
1330387200 0 0 0 0
1330300800 0 0 0 0
1330214400 0 0 0 0
1330128000 0 0 0 0
1330041600 0 0 0 0
1329955200 11 42 1409 6304
1329868800 6447 1126 1302362 60150
1329782400 0 0 0 0
1329696000 0 0 0 0
1329609600 0 0 0 0
1329523200 0 0 0 0
1329436800 0 0 0 0
1329350400 0 0 0 0
1329264000 0 0 0 0
1329177600 0 0 0 0
1329091200 0 0 0 0
1329004800 0 0 0 0
1328918400 0 0 0 0
1328832000 0 0 0 0
1328745600 0 0 0 0
1328659200 0 0 0 0
1328572800 0 0 0 0
1328486400 0 0 0 0
1328400000 0 0 0 0
1328313600 0 0 366 560
1328227200 402 1045 7751 60843
1328140800 592 1317 22699 33599
1328054400 944 1293 51107 61005
1327968000 707 1318 22017 24842
1327881600 0 0 0 0
1327795200 16 25 1312 1207
1327708800 57048 3002 5608647 127391
1327622400 657 2259 23429 80836
1327536000 543 2667 13995 130585
1327449600 569 2088 15767 86247
1327363200 1005 7930 55043 576479
1327276800 0 0 0 0
1327190400 0 0 0 0
1327104000 366 900 14531 73919
1327017600 410 874 17118 15600
1326931200 383 1037 13570 92949
1326844800 485 1408 16908 48384
1326758400 0 0 0 0
1326672000 0 0 0 0
1326585600 0 0 0 0
1326499200 866 6141 68519 945820
1326412800 381 1720 5526 36504
1326326400 591 10019 18772 1036841
1326240000 1691 39742 55852 2286203
1326153600 466 2272 24273 40340
1326067200 0 0 0 0
1325980800 0 0 0 0
1325894400 589 758 99355 20927
1325808000 0 0 0 0
1325721600 0 0 0 0
1325635200 183 1448 4685 42718
1325548800 0 0 0 0
1325462400 0 0 0 0
1325376000 0 0 0 0
1325289600 0 0 0 0
1325203200 180 1089 6370 23735
1325116800 269 1560 5829 54915
1325030400 427 1539 14256 32601
1324944000 0 0 0 0
1324857600 0 0 0 0
1324771200 0 0 0 0
1324684800 0 0 0 0
1324598400 0 0 0 0
1324512000 0 0 0 0
1324425600 0 0 0 0
1324339200 0 0 0 0
1324252800 0 0 0 0
1324166400 0 0 0 0
1324080000 381 1894 39330 228210
1323993600 506 961 62170 53938
1323907200 130 481 1980 24034
1323820800 144 858 2308 46123
1323734400 320 1155 30584 28520
1323648000 0 0 0 0
1323561600 0 0 0 0
1323475200 309 2594 21798 142789
1323388800 110 863 8258 51512
1323302400 0 0 0 0
1323216000 2294 7739 397865 558802
1323129600 1399 6926 96620 571018
1323043200 0 0 0 0
1322956800 0 0 0 0
1322870400 0 0 0 0
1322784000 0 0 0 0
1322697600 0 0 0 0
1322611200 759 2233 60374 69345
1322524800 215 2675 18934 558375
1322438400 0 0 0 0
1322352000 0 0 0 0
1322265600 0 0 0 0
1322179200 0 0 0 0
1322092800 0 0 0 0
1322006400 0 0 0 0
1321920000 0 0 0 0
1321833600 0 0 0 0
1321747200 0 0 186 393
1321660800 236 1566 5684 72083
1321574400 171 329 6392 7420
1321488000 541 1376 23309 52991
1321401600 444 1647 18040 208194
1321315200 514 2931 31537 100239
1321228800 0 0 0 0
1321142400 0 0 0 0
1321056000 285 2828 10253 553108
1320969600 351 1120 6438 23969
1320883200 437 1926 14810 200881
1320796800 155 633 2902 27481
1320710400 608 2361 70842 69383
1320624000 0 0 0 0
1320537600 0 0 0 0
1320451200 391 5373 6094 555738
1320364800 672 2343 52963 91628
1320278400 417 2060 13658 107646
1320192000 640 2021 76897 57487
1320105600 411 1837 16791 29498
1320019200 0 0 0 0
1319932800 0 0 0 0
1319846400 378 2087 6690 114509
1319760000 1066 31278 44495 2276024
1319673600 3109 103014 78643 1062206
1319587200 305 2556 4961 96402
1319500800 0 0 0 0
1319414400 0 0 0 0
1319328000 0 0 0 0
1319241600 0 0 0 0
1319155200 0 0 0 0
1319068800 0 0 0 0
1318982400 364 2088 30123 95303
1318896000 241 1923 3693 41003
1318809600 0 0 0 0
1318723200 0 0 0 0
1318636800 304 1393 17333 33497
1318550400 228 1901 3826 145687
1318464000 608 3936 12809 75230
1318377600 300 1524 3373 26150
1318291200 397 1703 11321 31327
1318204800 0 0 0 0
1318118400 0 0 0 0
1318032000 373 4146 5865 248269
1317945600 514 2244 21069 40545
1317859200 389 3104 13863 91128
1317772800 796 2491 60818 94840
1317686400 244 1596 5334 79786
1317600000 0 0 0 0
1317513600 0 0 0 0
1317427200 0 0 0 0
1317340800 0 0 0 0
1317254400 472 5344 5055 127833
1317168000 671 8316 11575 130109
1317081600 382 3284 4028 75208
1316995200 0 0 0 0
1316908800 0 0 0 0
1316822400 631 4753 17139 172655
1316736000 1574 2212 79045 50540
1316649600 916 3991 64355 57697
1316563200 1834 2426 178941 48948
1316476800 436 2892 6829 166103
1316390400 0 0 0 0
1316304000 0 0 0 0
1316217600 0 0 0 0
1316131200 0 0 0 0
1316044800 0 0 0 0
1315958400 0 0 0 0
1315872000 0 0 0 0
1315785600 0 0 0 0
1315699200 0 0 0 0
1315612800 0 0 0 0
1315526400 661 3307 11813 67458
1315440000 757 2411 29562 71966
1315353600 572 2046 13907 82581
1315267200 0 0 0 0
1315180800 0 0 0 0
1315094400 0 0 0 0
1315008000 222 1760 12663 77592
1314921600 531 4865 12085 110537
1314835200 300 2774 3332 58542
1314748800 416 3543 6399 85298
1314662400 420 3876 4129 34717
1314576000 0 0 0 0
1314489600 0 0 0 0
1314403200 221 1405 4734 95140
1314316800 277 1532 6179 23570
1314230400 574 4025 29337 41961
1314144000 327 1698 4750 37868
1314057600 374 2967 3574 79597
1313971200 0 0 0 0
1313884800 0 0 0 0
1313798400 37426 11598 3388709 1922238
1313712000 540 3512 14909 587910
1313625600 403 2717 11814 307850
1313539200 452 3781 7547 33109
1313452800 471 3740 14817 54234
1313366400 0 0 0 0
1313280000 0 0 0 0
1313193600 605 4620 18385 177823
1313107200 411 2299 23637 74151
1313020800 456 2087 15857 103823
1312934400 359 1458 6077 45872
1312848000 1042 1417 81383 45575
1312761600 0 0 0 0
1312675200 0 0 0 0
1312588800 1734 2815 59926 79724
1312502400 293 2968 3809 22707
1312416000 427 3845 16405 50139
1312329600 328 1689 3908 42636
1312243200 473 2673 14305 98078
1312156800 0 0 0 0
1312070400 0 0 0 0
1311984000 511 2350 38461 116968
1311897600 248 1944 3701 52131
1311811200 357 2078 5930 53284
1311724800 322 1896 5757 40017
1311638400 532 1966 31051 120830
1311552000 0 0 0 0
1311465600 0 0 0 0
1311379200 340 3190 8095 180698
1311292800 3068 2364 192510 32882
1311206400 301 730 30272 34189
1311120000 146 1018 2856 109458
1311033600 266 1210 8604 48968
1310947200 0 0 0 0
1310860800 0 0 0 0
1310774400 1088 2388 169617 170933
1310688000 0 0 0 0
1310601600 1617 5981 140571 318675
1310515200 311 2257 15174 155760
1310428800 301 2034 10861 25314
1310342400 0 0 0 0
1310256000 0 0 0 0
1310169600 406 1751 14295 61424
1310083200 447 4175 11415 501959
1309996800 0 0 0 0
1309910400 0 0 0 0
1309824000 0 0 0 0
1309737600 0 0 0 0
1309651200 0 0 0 0
1309564800 0 0 0 0
1309478400 541 5190 16364 147343
1309392000 3122 2617 78995 79329
1309305600 223 1073 10326 46181
1309219200 649 2728 10784 30872
1309132800 0 0 0 0
1309046400 0 0 0 0
