1377805801 1239809390 962841228
1377805801 1948 6601 1948 6601
1377805502 829 7316 829 7316
1377805500 829 7308 1045 7316
1377805200 1041 5099 1045 5221
1377804900 599 5230 2325 6644
1377804600 2320 6645 2325 7056
1377804300 1098 7052 16854 7056
1377804000 16800 6458 16854 6463
1377803700 822 5176 1983 30111
1377803400 1981 30047 1983 30111
1377803100 1510 11192 1511 11209
1377802800 1491 6259 1809 7908
1377802500 1807 7905 1809 7908
1377802200 1514 7195 3726 9540
1377801900 3710 9516 3726 9540
1377801600 1357 6006 1360 6007
1377801300 654 5729 12368 8247
1377801000 12289 8224 12368 8247
1377800700 531 4837 982 5060
1377800400 981 5054 982 5060
1377800100 974 4199 975 4533
1377799800 896 4535 1719 5408
1377799500 1717 5405 1719 5408
1377799200 1247 4675 1254 4686
1377798900 298 3041 320 3316
1377798600 320 3316 339 3405
1377798300 339 3404 420 3405
1377798000 419 3141 420 3175
1377797700 360 3190 3568 7747
1377797400 3548 7719 3568 7747
1377797100 651 3548 654 3550
1377796800 346 3279 347 3280
1377796500 334 3272 456 3596
1377796200 454 3591 456 3596
1377795900 291 2989 387 3404
1377795600 387 3405 581 3727
1377795300 579 3724 581 3727
1377795000 384 3423 524 3847
1377794700 524 3849 756 4578
1377794400 755 4576 756 4578
1377794100 632 4395 1394 12625
1377793800 1395 12656 1727 22046
1377793500 1718 21923 1727 22046
1377793200 445 3669 966 14057
1377792900 978 14010 2876 14057
1377792600 2873 7010 2876 7012
1377792300 2138 6581 2142 6588
1377792000 1063 4681 1066 4685
1377791700 359 3632 732 5597
1377791400 731 5590 732 5597
1377791100 472 3624 1638 8167
1377790800 1638 8159 1864 8167
1377790500 1864 5957 2021 7632
1377790200 2015 7616 2021 7632
1377789900 1235 5340 1236 6581
1377789600 1094 6570 1097 6581
1377789300 416 3538 4011 12710
1377789000 4004 12698 4011 12710
1377788700 1926 9124 1931 9141
1377788400 462 4285 463 4999
1377788100 389 5008 3562 7899
1377787800 3540 7868 3562 7899
1377787500 344 3305 489 3386
1377787200 488 3387 489 3635
1377786900 399 3686 3236 11376
1377786600 3230 11359 3236 11376
1377786300 1488 6294 1497 6315
1377786000 284 3269 602 3746
1377785700 601 3746 602 3826
1377785400 388 3825 389 3826
1377785100 246 3557 247 3560
1377784800 236 3235 569 3665
1377784500 566 3662 569 3665
1377784200 257 3250 564 3251
1377783900 562 3165 564 3375
1377783600 396 3389 3361 7767
1377783300 3340 7735 3361 7767
1377783000 251 3032 289 3033
1377782700 288 2985 289 2986
1377782400 246 2913 247 3255
1377782100 234 3255 433 3526
1377781800 432 3523 433 3526
1377781500 331 3156 332 3158
1377781200 246 2933 274 2934
1377780900 273 2855 274 3060
1377780600 245 3063 814 3653
1377780300 812 3651 814 3653
1377780000 372 3171 373 3173
1377779700 201 2589 324 3070
1377779400 323 3071 324 3525
1377779100 252 3537 1720 5365
1377778800 1720 5364 1807 5365
1377778500 1802 5100 1807 5107
1377778200 364 3033 365 3034
1377777900 225 2767 234 2867
1377777600 234 2868 243 3028
1377777300 242 3026 243 3028
1377777000 230 2646 554 3217
1377776700 553 3215 554 3217
1377776400 292 2852 293 2853
1377776100 253 2726 254 2843
1377775800 243 2842 254 2843
1377775500 253 2711 254 2769
1377775200 245 2768 246 2769
1377774900 231 2718 328 2904
1377774600 332 2910 1634 4755
1377774300 1634 4756 1857 5201
1377774000 1846 5184 1857 5201
1377773700 214 2695 241 2789
1377773400 240 2788 241 2789
1377773100 227 2701 399 3251
1377772800 397 3247 399 3251
1377772500 232 2656 233 2817
1377772200 232 2816 233 2817
1377771900 224 2702 261 2987
1377771600 262 2987 490 3037
1377771300 489 3036 490 3037
1377771000 369 2971 387 2999
1377770700 386 2998 387 2999
1377770400 247 2749 248 2750
1377770100 238 2717 1593 4739
1377769800 1595 4742 1947 5230
1377769500 1936 5214 1947 5230
1377769200 302 2844 303 2846
1377768900 228 2658 229 2820
1377768600 227 2819 239 2820
1377768300 239 2746 252 2789
1377768000 251 2787 252 2789
1377767700 236 2533 354 3253
1377767400 353 3249 354 3253
1377767100 224 2686 225 2837
1377766800 221 2837 287 2852
1377766500 286 2851 287 2852
1377766200 241 2800 242 2801
1377765900 235 2695 290 2843
1377765600 294 2848 1543 4601
1377765300 1544 4604 2067 5526
1377765000 2054 5505 2067 5526
1377764700 214 2493 244 2986
1377764400 243 2983 244 2986
1377764100 218 2668 324 2918
1377763800 323 2917 324 2918
1377763500 231 2668 295 3115
1377763200 294 3114 295 3115
1377762900 244 2918 245 2919
1377762600 235 2779 254 2781
1377762300 254 2525 277 2627
1377762000 276 2627 277 2873
1377761700 232 2872 253 2873
1377761400 253 2818 299 3079
1377761100 302 3083 1339 4412
1377760800 1341 4416 2226 5662
1377760500 2213 5643 2226 5662
1377760200 297 2816 298 2817
1377759900 227 2689 237 2783
1377759600 237 2782 243 2783
1377759300 242 2714 243 2755
1377759000 232 2754 245 2755
1377758700 245 2748 294 2807
1377758400 293 2805 294 2807
1377758100 234 2646 235 2875
1377757800 228 2874 252 2875
1377757500 251 2759 252 2760
1377757200 232 2743 263 2744
1377756900 263 2735 306 2864
1377756600 311 2872 1204 4137
1377756300 1211 4148 2309 5820
1377756000 2302 5809 2309 5820
1377755700 243 2702 244 2717
1377755400 219 2718 466 3316
1377755100 464 3312 466 3316
1377754800 288 2774 289 2775
1377754500 229 2673 241 2805
1377754200 241 2804 266 2805
1377753900 265 2728 266 2762
1377753600 213 2761 254 2762
1377753300 255 2723 416 2992
1377753000 415 2991 416 2992
1377752700 234 2739 260 2850
1377752400 259 2848 260 2850
1377752100 234 2671 1030 3910
1377751800 1039 3924 2494 6071
1377751500 2486 6060 2494 6071
1377751200 331 2922 332 2923
1377750900 234 2661 235 2802
1377750600 229 2801 252 2802
1377750300 252 2675 255 2842
1377750000 254 2840 255 2842
1377749700 239 2526 290 2786
1377749400 289 2786 290 2962
1377749100 274 2964 532 3378
1377748800 529 3372 532 3378
1377748500 225 2487 266 3196
1377748200 265 3194 266 3196
1377747900 258 2794 354 3149
1377747600 355 3149 682 3156
1377747300 696 3177 2792 6366
1377747000 2775 6341 2792 6366
1377746700 253 2756 339 6601
1377746400 338 6588 339 6601
1377746100 285 2750 304 2877
1377745800 303 2875 304 2877
1377745500 218 2675 248 2823
1377745200 247 2822 248 2823
1377744900 241 2703 242 2729
1377744600 226 2729 241 2748
1377744300 242 2749 487 3006
1377744000 487 3005 505 3006
1377743700 503 2877 505 2878
1377743400 246 2802 257 2803
1377743100 257 2714 410 3111
1377742800 420 3125 3426 7358
1377742500 3415 7343 3426 7358
1377742200 309 3023 310 3025
1377741900 266 2668 267 2868
1377741600 247 2868 521 3008
1377741300 519 3006 521 3008
1377741000 229 2735 574 3018
1377740700 573 3017 574 3018
1377740400 315 2821 689 3130
1377740100 686 3128 689 3130
1377739800 278 2849 660 3107
1377739500 658 3106 660 3107
1377739200 275 2865 276 2866
1377738900 262 2779 373 3015
1377738600 374 3016 632 3257
1377738300 649 3283 3202 7160
1377738000 3192 7145 3202 7160
1377737700 227 2731 278 2824
1377737400 277 2823 278 2824
1377737100 209 2676 302 2812
1377736800 303 2814 571 3182
1377736500 569 3180 571 3182
1377736200 222 2787 249 2788
1377735900 249 2736 304 2883
1377735600 303 2882 304 2883
1377735300 266 2811 331 2849
1377735000 330 2848 331 2849
1377734700 251 2704 252 2807
1377734400 237 2806 271 2807
1377734100 270 2758 271 2843
1377733800 271 2872 3276 7196
1377733500 3256 7167 3276 7196
1377733200 337 2934 338 2936
1377732900 237 2683 239 2840
1377732600 238 2839 239 2840
1377732300 237 2721 269 2899
1377732000 269 2898 278 2899
1377731700 278 2808 405 3219
1377731400 403 3215 405 3219
1377731100 249 2705 250 2853
1377730800 248 2853 250 2982
1377730500 250 2982 277 3060
1377730200 276 3058 277 3060
1377729900 237 2671 414 3489
1377729600 413 3487 414 3489
1377729300 258 3190 2685 6781
1377729000 2680 6781 2685 6831
1377728700 1455 6825 1456 6831
1377728400 1274 5065 1275 5069
1377728100 1050 4169 6742 21901
1377727800 6723 21924 6742 25431
1377727500 3913 25309 3931 25431
1377727200 1242 7240 1244 7252
1377726900 862 3691 863 3850
1377726600 642 3860 1794 7021
1377726300 1790 7010 1794 7021
1377726000 789 3808 791 3811
1377725700 313 2966 11894 4080
1377725400 11856 4099 11894 7053
1377725100 6285 7061 6314 8253
1377724800 2009 8261 2010 10666
1377724500 1910 10650 5832 10666
1377724200 5815 8330 5832 8332
1377723900 741 7784 743 7799
1377723600 544 5547 577 5560
1377723300 577 3652 697 4636
1377723000 696 4633 697 4636
1377722700 496 3759 553 3946
1377722400 552 3955 553 5390
1377722100 511 5382 512 5390
1377721800 307 3141 348 3142
1377721500 354 3043 1284 3864
1377721200 1391 3882 17342 6693
1377720900 17248 6701 17342 7942
1377720600 3238 7931 3244 7942
1377720300 1694 4848 1697 5247
1377720000 835 5258 4060 8613
1377719700 4047 8595 4060 8613
1377719400 452 3328 1413 5132
1377719100 1408 5125 1413 5132
1377718800 710 4131 713 4140
1377718500 353 2863 489 4535
1377718200 489 4533 595 4535
1377717900 594 3940 595 3941
1377717600 546 3703 2005 8773
1377717300 2000 8758 2005 8773
1377717000 771 4393 773 4397
1377716700 409 3233 438 3735
1377716400 438 3734 494 3735
1377716100 494 3462 496 4218
1377715800 499 4228 959 5787
1377715500 969 5800 4029 9797
1377715200 4041 9816 5890 12759
1377714900 5873 12730 5890 12759
1377714600 910 4193 911 4196
1377714300 619 3306 622 3308
1377714000 316 3083 468 3627
1377713700 467 3625 468 3627
1377713400 417 3374 918 3974
1377713100 914 3968 918 3974
1377712800 318 3160 319 3208
1377712500 290 3208 303 3304
1377712200 303 3305 346 3465
1377711900 345 3463 346 3465
1377711600 313 3060 340 3124
1377711300 339 3124 340 3289
1377711000 309 3287 310 3289
1377710700 291 2942 759 3808
1377710400 766 3818 2947 6970
1377710100 2929 6944 2947 6970
1377709800 311 3148 633 3510
1377709500 631 3508 633 3510
1377709200 313 3131 596 3282
1377708900 594 3280 596 3282
1377708600 314 3075 340 3246
1377708300 339 3245 340 3246
1377708000 310 3151 471 3394
1377707700 470 3395 471 3681
1377707400 379 3681 977 3866
1377707100 975 3869 977 4436
1377706800 684 4451 1167 6816
1377706500 1164 6805 1167 6816
1377706200 549 3789 861 4787
1377705900 881 4813 3934 8743
1377705600 3923 8727 3934 8743
1377705300 725 3975 1347 4693
1377705000 1354 4751 2526 13474
1377704700 2511 13398 2526 13474
1377704400 1182 2185 132175 2186
1377704100 131299 2068 132175 2068
1377703800 844 2087 846 7791
1377703500 482 7807 1481 12732
1377703200 1477 12701 1481 12732
1377702900 304 3654 873 6412
1377702600 878 6408 1673 6412
1377702300 1669 5855 1673 5860
1377702000 673 4481 868 5595
1377701700 866 5587 868 5595
1377701400 276 3387 2693 9184
1377701100 2691 9183 2693 9184
1377700800 2106 9342 3484 73547
1377700500 3482 73333 3484 73547
1377700200 3124 9371 3133 9391
1377699900 494 3506 495 3507
1377699600 247 3212 272 3213
1377699300 273 2936 631 3518
1377699000 630 3516 631 3518
1377698700 341 3112 342 3226
1377698400 294 3224 295 3226
1377698100 239 2962 260 3055
1377697800 259 3054 260 3055
1377697500 248 3032 249 3033
1377697200 243 2932 347 3370
1377696900 347 3369 437 3370
1377696600 446 3277 3304 7421
1377696300 3283 7392 3304 7421
1377696000 299 3126 300 3128
1377695700 262 2955 266 3025
1377695400 266 3025 351 3202
1377695100 350 3200 351 3202
1377694800 255 2879 256 2880
1377694500 248 2590 265 3018
1377694200 264 3017 265 3018
1377693900 249 2974 285 3001
1377693600 285 3000 323 3001
1377693300 322 2901 323 2915
1377693000 261 2916 320 3081
1377692700 319 3081 320 3207
1377692400 288 3205 289 3207
1377692100 240 2839 3352 8116
1377691800 3331 8079 3352 8116
1377691500 330 2627 331 3192
1377691200 309 3190 310 3192
1377690900 292 2866 293 2867
1377690600 257 2800 258 2802
1377690300 216 2642 261 2780
1377690000 261 2780 329 2822
1377689700 328 2821 329 2822
1377689400 251 2541 254 2916
1377689100 254 2915 268 2916
1377688800 267 2750 268 2751
1377688500 226 2685 298 2854
1377688200 298 2853 368 2854
1377687900 367 2801 368 2802
1377687600 301 2793 3253 7120
1377687300 3242 7105 3253 7120
1377687000 244 2748 245 2749
1377686700 215 2473 291 2957
1377686400 291 2956 328 2957
1377686100 327 2841 328 2842
1377685800 266 2801 267 2802
1377685500 239 2726 247 2750
1377685200 247 2749 251 2750
1377684900 251 2732 282 2807
1377684600 282 2807 318 2834
1377684300 317 2833 318 2834
1377684000 246 2757 247 2758
1377683700 224 2640 241 2802
1377683400 240 2801 241 2802
1377683100 248 2715 3085 6893
1377682800 3076 6880 3085 6893
1377682500 580 3245 582 3247
1377682200 265 2753 266 2754
1377681900 236 2706 264 2717
1377681600 263 2716 264 2717
1377681300 241 2692 292 2896
1377681000 292 2895 364 2896
1377680700 364 2876 426 3238
1377680400 424 3234 426 3238
1377680100 238 2656 239 2709
1377679800 239 2708 247 2709
1377679500 247 2707 282 2881
1377679200 282 2880 325 2881
1377678900 324 2868 325 2869
1377678600 267 2842 2768 6218
1377678300 2761 6211 2768 6218
1377678000 938 4219 941 4224
1377677700 265 2748 291 2886
1377677400 290 2884 291 2886
1377677100 271 2722 334 3251
1377676800 333 3247 334 3251
1377676500 219 2669 261 2832
1377676200 260 2831 261 2832
1377675900 246 2809 285 2810
1377675600 285 2805 292 2806
1377675300 295 2782 770 3086
1377675000 768 3084 770 3086
1377674700 243 2728 254 2869
1377674400 253 2867 254 2869
1377674100 247 2701 2148 5453
1377673800 2145 5450 2148 5453
1377673500 1489 4612 1497 4623
1377673200 299 3079 300 3081
1377672900 236 2744 295 2877
1377672600 294 2876 295 2877
1377672300 239 2642 592 3285
1377672000 590 3283 592 3285
1377671700 277 2824 278 2870
1377671400 270 2869 271 2870
1377671100 251 2842 263 2843
1377670800 263 2775 264 2776
1377670500 264 2740 329 3029
1377670200 328 3027 329 3029
1377669900 291 2805 292 2937
1377669600 282 2947 1535 4544
1377669300 1536 4547 2015 5479
1377669000 2009 5469 2015 5479
1377668700 255 2641 272 2915
1377668400 272 2915 318 2999
1377668100 317 2998 318 2999
1377667800 265 2980 266 2983
1377667500 238 2681 259 2750
1377667200 258 2749 259 2750
1377666900 228 2646 290 2816
1377666600 289 2815 290 2816
1377666300 280 2731 281 2768
1377666000 256 2767 257 2768
1377665700 227 2665 250 2909
1377665400 250 2908 265 2909
1377665100 268 2680 1221 4235
1377664800 1225 4240 2475 6006
1377664500 2467 5995 2475 6006
1377664200 262 2860 263 2861
1377663900 236 2648 245 2697
1377663600 245 2697 280 2759
1377663300 279 2759 280 2779
1377663000 258 2778 318 2779
1377662700 319 2747 707 3558
1377662400 703 3551 707 3558
1377662100 249 2640 250 2695
1377661800 237 2695 273 2730
1377661500 272 2729 273 2730
1377661200 252 2719 284 2720
1377660900 283 2717 284 2882
1377660600 260 2884 841 3596
1377660300 847 3604 2666 6113
1377660000 2658 6102 2666 6113
1377659700 281 2967 282 2969
1377659400 260 2799 300 2800
1377659100 299 2606 300 2802
1377658800 267 2802 268 2923
1377658500 247 2922 279 2923
1377658200 279 2851 323 4354
1377657900 324 4350 626 4354
1377657600 624 3233 626 3235
1377657300 283 2757 284 2899
1377657000 263 2896 264 2899
1377656700 234 2475 603 3218
1377656400 601 3216 603 3218
1377656100 280 2765 528 3223
1377655800 545 3248 3207 7112
1377655500 3198 7098 3207 7112
1377655200 583 3042 586 3044
1377654900 243 2860 580 3190
1377654600 577 3186 580 3190
1377654300 232 2658 239 2660
1377654000 239 2487 360 2788
1377653700 359 2788 360 3043
1377653400 284 3041 285 3043
1377653100 241 2654 535 3055
1377652800 534 3053 535 3055
1377652500 258 2701 800 6890
1377652200 796 6862 800 6890
1377651900 311 2771 350 2936
1377651600 349 2935 350 2936
1377651300 307 2817 3334 7308
1377651000 3313 7277 3334 7308
1377650700 266 2728 267 2739
1377650400 267 2740 487 3006
1377650100 491 3029 1188 6479
1377649800 1182 6455 1188 6479
1377649500 414 3049 2472 22959
1377649200 2469 22990 2472 32549
1377648900 2420 49707 235011 5179962
1377648600 234603 5179962 235011 5179962
1377648300 113517 5163578 218081 5179962
1377648000 217552 2722490 218081 2722490
1377647700 59810 2730647 116079 5169595
1377647400 115312 5135158 116079 5169595
1377647100 1125 4114 1127 6535
1377646800 1277 33499 139129 8095943
1377646500 139269 8095943 181339 8095943
1377646200 180576 8061873 181339 8095943
1377645900 66678 2975597 66898 2985537
1377645600 991 3731 994 3975
1377645300 558 3972 559 3975
1377645000 398 3297 640 4046
1377644700 642 4057 1376 7398
1377644400 1369 7371 1376 7398
1377644100 1303 3451 133377 4708
1377643800 132933 4708 133377 4708
1377643500 322 4701 323 4708
1377643200 278 2816 279 2868
1377642900 1173 44927 136643 6311748
1377642600 135737 6269694 136643 6311748
1377642300 830 3724 3320 7421
1377642000 3310 7406 3320 7421
1377641700 458 3079 459 3080
1377641400 309 3013 310 3014
1377641100 362 6187 21133 960532
1377640800 21837 995533 126743 6210705
1377640500 126807 6210705 145965 6210705
1377640200 145479 6190012 145965 6210705
1377639900 276 2966 401 3084
1377639600 400 3083 401 3084
1377639300 882 25741 74351 3412016
1377639000 74104 3400653 74351 3412016
1377638700 341 3312 1338 9639
1377638400 1340 9628 2021 9639
1377638100 2009 6596 2021 6634
1377637800 241 1032 3253 5506
1377637500 3236 5484 3253 5506
1377637200 780 2276 2808 5605
1377636900 2802 5602 2808 5605
1377636600 1145 4969 1147 4982
1377636300 746 1328 1070 1488
1377636000 1066 1485 1070 1488
1377635700 102 744 551 3337
1377635400 553 3324 869 3337
1377635100 968 1472 15849 2519
1377634800 15746 2520 15849 2733
1377634500 510 2760 3380 6800
1377634200 3372 6785 3380 6800
1377633900 1155 2440 1418 2908
1377633600 1410 2897 1418 2908
1377633300 312 1349 3645 5960
1377633000 3802 19038 50757 3929653
1377632700 50867 3929653 83771 3929653
1377632400 83686 3925605 83771 3929653
1377632100 58159 2708780 58303 2715545
1377631800 15199 683762 15250 686047
1377631500 122 767 917 2628
1377631200 920 2629 1869 3068
1377630900 1864 3061 1869 3068
1377630600 624 1266 626 1747
1377630300 286 1749 1053 2525
1377630000 1051 2522 1053 2525
1377629700 548 1738 551 1744
1377629400 204 878 1145 3267
1377629100 1142 3263 1145 3267
1377628800 755 2799 3552 6499
1377628500 3531 6465 3552 6499
1377628200 527 1530 1066 2843
1377627900 1063 2841 1066 2843
1377627600 342 2478 637 2481
1377627300 636 1830 637 1832
1377627000 447 1451 448 1600
1377626700 337 1599 579 1600
1377626400 581 1400 1229 3076
1377626100 1230 3069 1477 3076
1377625800 705 1351 1477 2199
1377624600 1104 2721 3292 5622
1377622800 808 1790 1510 10048
1377621000 1359 6641 87484 4084719
1377619200 23495 680944 87484 4084719
1377617400 687 2005 2141 3595
1377615600 988 3510 3455 7884
1377613800 689 9160 133367 6201510
1377612000 23509 1040990 133367 6201510
1377610200 163 884 301 1642
1377608400 130 578 162 658
1377606600 633 1347 3189 5047
1377604800 148 641 316 848
1377603000 636 1369 3175 5185
1377601200 130 632 238 789
1377599400 157 816 238 1498
1377597600 640 1394 3194 5159
1377595800 125 607 223 738
1377594000 645 1444 3172 5198
1377592200 128 626 247 811
1377590400 145 645 247 811
1377588600 634 1355 3184 5085
1377586800 143 630 232 815
1377585000 637 1364 3169 5113
1377583200 132 588 212 658
1377581400 125 587 414 737
1377579600 703 1408 3172 5083
1377577800 132 594 1488 1642
1377576000 929 1594 3163 5038
1377574200 189 684 451 1038
1377572400 122 583 155 699
1377570600 683 2344 3176 6695
1377568800 126 584 151 634
1377567000 624 1295 3031 4877
1377565200 176 632 350 791
1377563400 145 640 212 748
1377561600 645 1372 3147 5031
1377559800 1461 3197 44539 44805
1377558000 10908 12104 44539 44805
1377556200 1288 4926 4048 13005
1377554400 558 1887 2240 10284
1377552600 1076 3480 3331 10284
1377550800 484 2292 1424 6803
1377549000 675 7147 2318 35398
1377547200 3104 4083 9579 6675
1377545400 1599 4508 4959 7072
1377543600 866 3031 2193 9862
1377541800 716 2365 2059 4069
1377540000 611 2217 1448 5558
1377538200 1042 2761 3809 6382
1377536400 204 1309 964 3014
1377534600 351 1772 964 3014
1377532800 1877 3354 4541 7008
1377531000 554 2302 866 3312
1377529200 1109 2717 4260 6625
1377527400 475 1558 1645 3190
1377525600 229 1087 351 1352
1377523800 750 1750 3231 5432
1377522000 206 777 247 837
1377520200 725 1589 3235 5508
1377518400 215 700 299 814
1377516600 239 750 302 869
1377514800 743 1462 3290 5180
1377513000 219 703 300 794
1377511200 727 1519 3259 5167
1377509400 200 666 229 733
1377507600 227 785 3236 5203
1377505800 715 1445 3236 5203
1377504000 206 713 247 838
1377502200 723 1493 3196 5126
1377500400 204 694 228 755
1377498600 705 1467 3230 5182
1377496800 216 749 242 810
1377495000 202 711 226 907
1377493200 713 1528 3238 5236
1377491400 224 707 386 883
1377489600 747 1480 2254 3687
1377487800 238 716 381 801
1377486000 224 772 3231 5168
1377484200 724 1500 3231 5168
1377482400 210 689 402 850
1377480600 767 1492 3241 5116
1377478800 250 699 434 810
1377477000 727 1458 2115 3495
1377475200 241 705 501 943
1377473400 261 716 501 943
1377471600 708 1421 3228 5139
1377469800 238 697 421 884
1377468000 720 1722 3344 5236
1377466200 222 713 380 936
1377464400 588 1229 2429 3888
1377462600 370 909 1217 2186
1377460800 197 642 446 971
1377459000 764 1483 3247 5128
1377457200 218 709 342 891
1377455400 775 2249 3351 5513
1377453600 206 669 242 792
1377451800 226 703 3250 5195
1377450000 714 1421 3250 5195
1377448200 233 779 305 1085
1377446400 730 1431 3389 5259
1377444600 205 668 247 795
1377442800 725 1429 3224 5058
1377441000 250 739 397 849
1377439200 197 655 232 710
1377437400 724 1461 3267 5264
1377435600 211 686 269 758
1377433800 755 1476 3509 5529
1377432000 229 721 425 1090
1377430200 206 673 3270 5191
1377428400 715 1455 3270 5191
1377426600 215 697 384 983
1377424800 750 1469 3252 5173
1377423000 200 668 257 763
1377421200 711 1402 2369 3775
1377419400 220 710 275 833
1377417600 216 696 280 833
1377415800 716 1441 3241 5178
1377414000 196 656 263 757
1377412200 746 1456 3245 5074
1377410400 200 648 270 681
1377408600 515 1149 1983 3250
1377406800 399 965 1428 2499
1377405000 211 697 451 903
1377403200 756 1464 3256 5186
1377401400 200 671 274 781
1377399600 708 1402 3308 5182
1377397800 214 695 326 924
1377396000 195 652 2832 4530
1377394200 719 1452 2832 4530
1377392400 204 654 254 745
1377390600 718 1456 3253 5187
1377388800 208 694 253 876
1377387000 721 1475 3340 5372
1377385200 200 678 252 739
1377383400 220 721 330 903
1377381600 714 1427 3251 5179
1377379800 269 1013 450 2152
1377378000 759 1485 3548 5535
1377376200 277 744 450 882
1377374400 202 670 3248 5186
1377372600 709 1436 3248 5186
1377370800 202 664 249 709
1377369000 754 1552 3240 5171
1377367200 203 671 240 768
1377365400 716 1461 3287 5138
1377363600 236 693 392 1083
1377361800 228 785 259 1083
1377360000 722 1456 3225 5145
1377358200 204 725 261 796
1377356400 768 1514 3249 5193
1377354600 214 701 271 792
1377352800 204 668 3202 5108
1377351000 734 1508 3202 5108
1377349200 207 725 233 817
1377347400 713 1466 3256 5150
1377345600 202 671 224 757
1377343800 723 1462 3278 5267
1377342000 195 660 274 792
1377340200 219 735 1153 2041
1377338400 715 1431 2362 3858
1377336600 233 793 444 1369
1377334800 714 1429 3223 5121
1377333000 206 662 398 1100
1377331200 799 1713 3264 5121
1377329400 205 767 279 883
1377327600 203 726 279 858
1377325800 715 1464 1795 3088
1377324000 202 714 262 850
1377322200 716 1495 3271 5316
1377320400 263 1012 418 2161
1377318600 241 726 3609 5641
1377316800 778 1514 3609 5641
1377315000 234 737 320 918
1377313200 784 1598 2643 4394
1377311400 246 808 362 993
1377309600 746 1457 3263 5161
1377307800 250 918 289 1936
1377306000 232 704 288 869
1377304200 734 1471 3257 5164
1377302400 303 911 529 1267
1377300600 744 1485 3291 5190
1377298800 585 1597 1147 2672
1377297000 769 2648 1655 7240
1377295200 1087 2757 3187 6622
1377293400 889 6656 2672 25436
1377291600 1478 5404 3869 15106
1377289800 74865 70161 438288 395999
1377288000 1273 2270 3653 8773
1377286200 786 2271 3653 8773
1377284400 662 1843 1513 3511
1377282600 1358 2832 2911 4994
1377280800 338 1097 572 1343
1377279000 803 1808 3387 5595
1377277200 316 1549 439 3760
1377275400 269 1174 378 1623
1377273600 1428 2798 3401 5679
1377271800 944 3042 1774 7033
1377270000 1458 4383 2087 13843
1377268200 957 4755 2706 13843
1377266400 621 2148 3251 5423
1377264600 2278 10050 3585 20667
1377262800 311 941 839 2132
1377261000 730 1495 3239 5197
1377259200 248 827 324 1142
1377257400 733 1496 1872 3137
1377255600 215 674 339 897
1377253800 236 718 339 897
1377252000 767 1793 3242 5130
1377250200 243 774 342 934
1377248400 747 1503 3270 5192
1377246600 226 703 343 947
1377244800 528 1175 1885 3137
1377243000 457 1052 1665 2794
1377241200 243 702 359 877
1377239400 740 1471 3265 5170
1377237600 219 684 304 867
1377235800 743 1497 3300 5246
1377234000 237 722 320 882
1377232200 238 714 2320 3720
1377230400 773 1490 2320 3720
1377228600 245 735 320 2476
1377226800 743 1784 3278 5225
1377225000 240 749 329 882
1377223200 757 1479 3263 5118
1377221400 246 752 299 826
1377219600 246 927 280 2097
1377217800 753 1512 2191 3592
1377216000 225 717 299 816
1377214200 300 1634 597 5513
1377212400 3465 2924 19310 11449
1377210600 1060 3552 2304 7611
1377208800 25851 762248 105016 2283700
1377207000 663 2859 1720 5167
1377205200 1268 5393 3705 10822
1377203400 1881 6220 3475 17146
1377201600 2555 3151 5147 5500
1377199800 1218 3800 2728 7667
1377198000 834 3178 1167 4625
1377196200 1270 6801 4847 25033
1377194400 309 2744 478 3127
1377192600 331 2541 619 2959
1377190800 872 3667 3345 6987
1377189000 30703 5565 180845 10225
1377187200 1853 11815 5253 53595
1377185400 3884 46675 5253 159900
1377183600 848 3406 3784 18477
1377181800 867 4724 3784 18477
1377180000 172 919 260 1189
1377178200 676 1632 3195 5475
1377176400 203 900 419 1415
1377174600 672 2042 2822 4565
1377172800 224 757 525 1194
1377171000 158 663 191 748
1377169200 659 1377 3239 5132
1377167400 157 663 183 709
1377165600 665 1385 3205 5149
1377163800 190 701 347 917
1377162000 170 707 3201 5125
1377160200 661 1386 3201 5125
1377158400 165 675 207 753
1377156600 655 1383 3186 5119
1377154800 152 644 187 656
1377153000 661 1405 3191 5155
1377151200 185 1290 334 4538
1377149400 193 710 401 990
1377147600 659 1387 3197 5130
1377145800 203 751 379 1172
1377144000 700 1479 3176 5087
1377142200 155 648 174 741
1377140400 189 781 3200 5217
1377138600 749 1616 3200 5217
1377136800 198 746 452 1150
1377135000 660 1410 3206 5112
1377133200 225 864 390 1432
1377131400 704 1499 3091 5008
1377129600 157 650 206 713
1377127800 227 835 457 1190
1377126000 687 1887 3184 5298
1377124200 528 1801 1057 2807
1377122400 1080 3030 3492 6204
1377120600 1671 9507 3819 17098
1377118800 219120 12192 922157 40391
1377117000 2331 5968 5284 10236
1377115200 690 4257 903 13414
1377113400 23423 1054030 136199 6311287
1377111600 556 1955 2336 4787
1377109800 113 1102 355 1522
1377108000 699 1957 3205 5769
1377106200 290 2094 389 4727
1377104400 35569 6647 208983 197982
1377102600 1904 36339 8757 197982
1377100800 226 1347 847 2416
1377099000 1509 3528 3522 6109
1377097200 291 1256 464 1600
1377095400 305 1311 447 1592
1377093600 791 2034 3280 5562
1377091800 246 1245 376 2113
1377090000 740 1697 3262 5419
1377088200 244 1008 391 1249
1377086400 233 870 322 954
1377084600 768 1585 3239 5244
1377082800 238 828 368 1066
1377081000 740 1644 3400 5639
1377079200 220 839 262 975
1377077400 243 914 348 1225
1377075600 730 1605 3235 5270
1377073800 216 817 288 960
1377072000 737 1665 3262 5222
1377070200 212 828 244 962
1377068400 266 879 418 1092
1377066600 721 1666 3240 5464
1377064800 210 820 242 945
1377063000 722 1558 3272 5258
1377061200 248 838 405 961
1377059400 253 949 386 1578
1377057600 786 2943 3452 13175
1377055800 242 831 307 927
1377054000 730 1544 3263 5253
1377052200 252 871 306 1016
1377050400 214 794 251 857
1377048600 730 1575 3260 5271
1377046800 257 837 422 1057
1377045000 737 1564 3277 5307
1377043200 226 840 262 916
1377041400 231 862 344 1016
1377039600 1056 2554 3305 5380
1377037800 994 1609 2082 5242
1377036000 1935 8141 4113 12315
1377034200 1483 5025 4113 11510
1377032400 1389 3770 1722 6799
1377030600 2030 4848 436438 395999
1377028800 74154 71026 436438 395999
1377027000 2325 5702 6805 11727
1377025200 2842 5373 6805 11727
1377023400 859 5686 1891 18261
1377021600 721 1988 3276 5651
1377019800 255 1136 490 1763
1377018000 544 3040 5331 10259
1377016200 2576 5087 5331 7585
1377014400 735 15142 2196 81495
1377012600 1229 3245 3180 6015
1377010800 414 1483 1102 3195
1377009000 167 1039 330 1507
1377007200 713 1734 3285 5395
1377005400 149 944 206 1707
1377003600 649 1359 3172 5124
1377001800 145 606 235 765
1377000000 155 639 224 752
1376998200 661 1391 3175 5169
1376996400 154 640 247 825
1376994600 691 1440 3179 5161
1376992800 182 753 285 886
1376991000 178 711 282 968
1376989200 659 1412 3183 5121
1376987400 150 651 234 777
1376985600 664 1387 3167 5056
1376983800 155 719 196 1216
1376982000 136 601 196 737
1376980200 688 1503 3367 5561
1376978400 192 802 467 1307
1376976600 657 1348 3166 5011
1376974800 159 634 271 950
1376973000 190 671 408 1312
1376971200 701 1467 3201 5065
1376969400 140 605 185 668
1376967600 683 1380 3200 5072
1376965800 174 651 233 812
1376964000 141 590 199 678
1376962200 665 1370 3252 5193
1376960400 145 573 223 715
1376958600 655 1350 3154 5011
1376956800 189 637 307 774
1376955000 193 1669 304 6804
1376953200 851 2014 3174 5109
1376951400 442951 21437 1827796 395807
1376949600 73050 67419 437843 395807
1376947800 1569 3355 3122 5823
1376946000 928 2244 2468 3803
1376944200 875 2373 3260 5847
1376942400 576 2474 1145 3760
1376940600 604 2644 943 5123
1376938800 760 2067 2953 5031
1376937000 418 5520 891 25956
1376935200 691 1757 3197 5463
1376933400 169 946 260 1089
1376931600 551 3437 1457 10503
1376929800 792 2282 3286 5786
1376928000 402 5539 1028 29232
1376926200 928 7221 3311 29232
1376924400 468 1802 1078 8536
1376922600 977 4801 4052 15403
1376920800 696 1795 3166 5415
1376919000 193 953 366 1389
1376917200 708 2590 3213 7365
1376915400 149 783 429 5835
1376913600 181 1424 3294 5835
1376911800 700 1392 3294 5184
1376910000 137 545 185 594
1376908200 645 1287 3192 5071
1376906400 163 620 260 710
1376904600 656 1322 3178 5053
1376902800 134 544 231 664
1376901000 160 613 295 852
1376899200 664 1348 3158 4985
1376897400 133 533 142 595
1376895600 652 1497 2812 4491
1376893800 125 544 158 629
1376892000 133 535 3161 4993
1376890200 635 1276 3161 4993
1376888400 125 561 145 593
1376886600 637 1342 3153 4978
1376884800 190 635 404 926
1376883000 674 1378 2402 3946
1376881200 190 658 345 798
1376879400 149 628 197 736
1376877600 651 1316 3164 5006
1376875800 142 570 182 647
1376874000 661 1355 3198 5076
1376872200 143 561 234 709
1376870400 158 593 269 771
1376868600 642 1302 3197 5073
1376866800 186 694 300 1096
1376865000 632 1284 3181 5026
1376863200 135 568 179 645
1376861400 136 555 198 600
1376859600 667 1337 3186 5065
1376857800 153 559 270 662
1376856000 687 1400 3195 5054
1376854200 135 544 206 653
1376852400 173 625 349 873
1376850600 637 1286 3180 5015
1376848800 135 554 179 592
1376847000 634 1305 3178 4974
1376845200 138 596 168 662
1376843400 184 655 296 965
1376841600 637 1294 3181 5017
1376839800 136 539 172 606
1376838000 640 1283 3168 4995
1376836200 196 673 454 996
1376834400 134 562 160 635
1376832600 640 1289 2987 4736
1376830800 139 546 159 599
1376829000 659 1339 2658 4270
1376827200 136 540 171 591
1376825400 135 540 169 633
1376823600 636 1289 2329 3799
1376821800 131 537 200 645
1376820000 641 1293 2003 3334
1376818200 138 560 196 699
1376816400 133 548 190 620
1376814600 645 1312 1701 2838
1376812800 143 571 209 690
1376811000 640 1284 1957 3250
1376809200 135 556 165 635
1376807400 128 536 163 640
1376805600 640 1330 2195 3616
1376803800 133 546 168 639
1376802000 645 1304 2539 4091
1376800200 136 553 366 1101
1376798400 176 649 366 1101
1376796600 672 1322 2850 4572
1376794800 137 567 158 595
1376793000 641 1293 3171 5047
1376791200 136 554 170 665
1376789400 129 548 176 778
1376787600 638 1341 3153 4963
1376785800 165 599 316 800
1376784000 641 1294 3159 5040
1376782200 129 538 173 562
1376780400 231 1479 432 5227
1376778600 639 1294 3152 4986
1376776800 126 544 156 581
1376775000 640 1281 3182 5076
1376773200 180 697 373 1322
1376771400 133 547 178 598
1376769600 659 1371 3151 5021
1376767800 129 538 161 587
1376766000 638 1303 3179 5098
1376764200 127 535 155 573
1376762400 223 650 657 1150
1376760600 651 1338 3212 5175
1376758800 141 543 187 610
1376757000 642 1290 3177 5055
1376755200 148 586 249 739
1376753400 130 565 160 626
1376751600 674 1390 3377 5479
1376749800 135 559 171 694
1376748000 653 1351 3193 5116
1376746200 168 642 389 1006
1376744400 177 692 342 1049
1376742600 652 1362 3280 5182
1376740800 150 581 209 675
1376739000 650 1319 3179 5076
1376737200 156 652 285 1079
1376735400 137 563 175 619
1376733600 667 1354 3253 5117
1376731800 216 804 548 1901
1376730000 661 1370 3161 5028
1376728200 141 598 230 704
1376726400 152 661 248 813
1376724600 644 1370 3238 5215
1376722800 133 584 301 939
1376721000 672 1391 3167 5060
1376719200 142 588 235 753
1376717400 144 603 168 758
1376715600 642 1362 3243 5141
1376713800 138 637 345 848
1376712000 681 1346 3172 5025
1376710200 142 570 177 651
1376708400 148 651 210 751
1376706600 691 1661 3255 6642
1376704800 140 573 214 719
1376703000 645 1309 3177 5084
1376701200 151 598 190 642
1376699400 132 596 166 634
1376697600 651 1347 3211 5155
1376695800 149 643 238 782
1376694000 928 2348 3554 6937
1376692200 631 2697 1106 4808
1376690400 1078 5237 1522 8623
1376688600 1113 3284 3594 7364
1376686800 106579 103604 531812 484359
1376685000 1730 4211 5415 10656
1376683200 1026 1945 2955 3432
1376681400 1223 6735 3529 21878
1376679600 1613 5760 2453 10212
1376677800 2152 3332 10827 12386
1376676000 1025 4136 2605 12687
1376674200 1402 5021 2605 10534
1376672400 799 4301 1635 9411
1376670600 1846 11168 3640 25048
1376668800 1069 3894 2818 5732
1376667000 1147 3217 4257 6868
1376665200 1339 3020 4257 8325
1376663400 1449 6266 3484 12947
1376661600 1528 3113 3567 8424
1376659800 425 1079 499 1318
1376658000 961 1630 3460 5267
1376656200 423 804 502 986
1376654400 408 745 459 863
1376652600 942 1554 3464 5306
1376650800 416 760 492 865
1376649000 918 1503 3450 5241
1376647200 426 844 499 1249
1376645400 467 936 3457 5248
1376643600 916 1506 3457 5248
1376641800 418 828 463 962
1376640000 917 1632 3446 5374
1376638200 414 892 491 979
1376636400 950 1606 3466 5348
1376634600 410 829 451 906
1376632800 410 830 470 975
1376631000 918 1591 2087 3456
1376629200 416 768 504 870
1376627400 946 1574 3506 5282
1376625600 466 826 754 1067
1376623800 428 780 3469 5177
1376622000 935 1572 3469 5177
1376620200 435 857 549 1030
1376618400 926 1598 2360 3640
1376616600 429 790 541 940
1376614800 975 1630 3468 5266
1376613000 428 817 471 906
1376611200 423 793 641 1205
1376609400 969 1680 3446 5326
1376607600 1057 3386 1477 6536
1376605800 1267 3773 4704 13215
1376604000 1332 5799 3182 21562
1376602200 737 2242 1048 4622
1376600400 1293 3239 3829 7152
1376598600 822 2590 1388 4633
1376596800 1297 3549 3386 6612
1376595000 1548 4750 5054 13865
1376593200 768 3357 978 4322
1376591400 1664 6722 3891 12674
1376589600 575 1868 2427 4147
1376587800 843 2046 2427 4147
1376586000 1719 4575 4284 8393
1376584200 587 1942 822 2627
1376582400 1399 3734 3590 8896
1376580600 949 2130 1981 3916
1376578800 604 2858 2866 10378
1376577000 2280 7632 4231 16456
1376575200 451 1216 719 1672
1376573400 896 1670 3488 5506
1376571600 384 829 461 887
1376569800 413 874 524 1092
1376568000 910 1521 3463 5301
1376566200 384 733 490 907
1376564400 884 1443 3431 5165
1376562600 383 719 483 894
1376560800 428 794 612 2091
1376559000 904 1728 3405 5195
1376557200 418 862 716 1659
1376555400 884 1457 3429 5259
1376553600 410 827 549 1164
1376551800 887 1528 3483 5310
1376550000 369 719 422 792
1376548200 369 726 417 867
1376546400 876 1509 3401 5197
1376544600 561 1051 3404 5347
1376539200 662 1167 3402 5291
1376532000 580 1171 3542 5409
1376524800 992 2265 5592 10161
1376517600 14598 3403 328688 16714
1376510400 1201 2533 7009 11370
1376503200 2409 5092 17298 31024
1376496000 1516 4738 4645 19827
1376488800 392 1237 3159 5327
1376481600 252 784 3249 5178
1376474400 382 988 3249 5178
1376467200 376 997 3122 5006
1376460000 385 976 3410 5350
1376452800 258 817 3138 5037
1376445600 382 1059 3200 5233
1376438400 544 1531 3148 5085
1376431200 992 2609 3868 7610
1376424000 1166 2797 6918 8330
1376416800 822 3512 3681 24517
1376409600 19379 20897 436226 395431
1376402400 404 1506 3284 5664
1376395200 499 1570 3363 5849
1376388000 390 1487 3332 5817
1376380800 501 1607 3332 5817
1376373600 501 1558 3329 5736
1376366400 421 1469 3460 5981
1376359200 514 1683 3272 5589
1376352000 514 2992 3263 24627
1376344800 12174 267042 138330 5579356
1376337600 1105 4132 4008 16573
1376330400 703 3191 3597 7623
1376323200 19061 19030 434884 394230
1376316000 358 1073 3210 5286
1376308800 452 1036 3217 5081
1376301600 447 1023 3219 5082
1376294400 310 891 3207 5128
1376287200 443 1039 3212 5097
1376280000 455 1046 3252 5071
1376272800 318 811 1720 2856
1376265600 436 1041 3268 6430
1376258400 443 1008 3318 5304
1376251200 305 799 3208 5072
1376244000 435 994 3243 5125
1376236800 450 1024 3215 5065
1376229600 308 815 3225 5109
1376222400 435 997 3228 5128
1376215200 430 984 3286 5186
1376208000 301 791 2558 4104
1376200800 431 980 3205 5109
1376193600 446 1013 3193 5061
1376186400 297 782 3207 5076
1376179200 458 1080 3219 5103
1376172000 438 1007 3270 5161
1376164800 306 822 3340 5376
1376157600 436 1028 3214 5037
1376150400 441 1067 3294 5268
1376143200 292 825 2433 3951
1376136000 381 940 3190 5055
1376128800 368 912 3133 4963
1376121600 243 727 3134 4947
1376114400 383 939 3162 5010
1376107200 404 994 3157 5130
1376100000 249 782 3166 5093
1376092800 706 2322 3553 11616
1376085600 985 5070 4242 19752
1376078400 744 4112 3489 38964
1376071200 537 1646 3263 5582
1376064000 6749 274027 84267 3934808
1376056800 626 1835 3290 15230
1376049600 490 1099 3430 5552
1376042400 350 889 3241 5135
1376035200 493 1159 3233 5143
1376028000 469 1052 3287 5196
1376020800 364 1020 2187 3537
1376013600 488 1117 3287 5334
1376006400 786 2227 5411 19044
1375999200 2715 41723 23285 840292
1375992000 1345 5409 4563 11371
1375984800 348 1434 1743 3304
1375977600 7943 152551 132667 1795386
1375970400 462 1444 3200 5426
1375963200 293 890 3184 5131
1375956000 398 1040 3164 5071
1375948800 403 1098 3295 5483
1375941600 277 878 2634 4305
1375934400 429 1229 3283 5311
1375927200 436 1344 3229 5386
1375920000 325 1324 3186 5364
1375912800 43305 33192 662074 604570
1375905600 6290 268153 131277 6193860
1375898400 681 2994 3352 26580
1375891200 357106 20866 2309937 110732
1375884000 758 2550 5199 14243
1375876800 401 1070 3190 5186
1375869600 282 926 3294 5444
1375862400 415 1094 3294 5444
1375855200 408 1100 3188 5167
1375848000 363 1056 3187 5315
1375840800 354 1039 3170 5138
1375833600 477 1981 3380 11689
1375826400 885 6225 5157 30965
1375819200 1271 5993 4915 28847
1375812000 687 2777 3288 14192
1375804800 774 2435 2828 5207
1375797600 464 1537 3359 5935
1375790400 603 1471 3359 5551
1375783200 572 1454 3362 5475
1375776000 434 1162 1923 3700
1375768800 568 1213 3437 5458
1375761600 580 1266 3429 5452
1375754400 454 1134 3357 5331
1375747200 793 2834 4078 13701
1375740000 1009 4149 3553 11257
1375732800 877 4611 3561 11179
1375725600 906 3465 3470 11811
1375718400 17954 6186 407543 32255
1375711200 808 1887 3711 7266
1375704000 672 1377 3474 5437
1375696800 545 1239 3450 5396
1375689600 677 1366 3541 5756
1375682400 715 1503 3455 5435
1375675200 569 1198 2536 4055
1375668000 665 1315 3465 5489
1375660800 673 1310 3490 5420
1375653600 565 1204 3445 5384
1375646400 668 1318 3422 5358
1375639200 674 1349 3432 5375
1375632000 553 1165 3417 5380
1375624800 683 1351 3440 5425
1375617600 659 1313 3443 5410
1375610400 530 1117 2087 3367
1375603200 659 1308 3433 5397
1375596000 663 1312 3473 5460
1375588800 546 1148 3674 5657
1375581600 666 1345 3439 5388
1375574400 751 1587 3466 5620
1375567200 571 1472 3011 5166
1375560000 701 1573 3697 6085
1375552800 704 1579 3536 5727
1375545600 547 1295 3489 5556
1375538400 682 1360 3495 5608
1375531200 662 1320 3458 5529
1375524000 552 1206 3465 5484
1375516800 682 1380 3443 5465
1375509600 676 1335 3503 5481
1375502400 563 1193 3446 5502
1375495200 859 2306 3474 12679
1375488000 1445 6024 5820 14100
1375480800 1110 7790 5808 25741
1375473600 1570 22322 4543 29637
1375466400 1482 22194 4102 28601
1375459200 1276 7414 7683 34332
1375452000 692 1857 3500 6012
1375444800 514 1495 3412 5779
1375437600 657 1722 3427 5836
1375430400 659 1951 3469 6206
1375423200 544 1949 3440 6149
1375416000 692 2172 3526 6268
1375408800 698 2173 3488 6312
1375401600 928 4249 3381 18834
1375394400 2124 10200 1227129 117160
1375387200 58319 62296 1227129 1160076
1375380000 1238 5411 4272 14562
1375372800 1048 4056 7188 15883
1375365600 876 2472 3697 6611
1375358400 821 2098 3656 6232
1375351200 725 1964 2202 4115
1375344000 820 2132 3602 6307
1375336800 875 2139 3703 6233
1375329600 841 2117 3719 6333
1375322400 965 2245 3846 6504
1375315200 1205 2890 5264 13796
1375308000 1671 7309 5156 29267
1375300800 21981 7489 303323 92968
1375293600 19097 19311 439521 397028
1375286400 18615 22420 409756 419244
1375279200 556 1760 2347 4368
1375272000 621 1661 3494 5880
1375264800 616 1684 3389 5699
1375257600 468 1500 3442 5911
1375250400 679 1841 3397 5832
1375243200 661 1779 3606 6233
1375236000 617 1650 2145 3915
1375228800 1078 2909 3824 10414
1375221600 2778 8088 33384 36993
1375214400 14925 5607 331689 17473
1375207200 846 3053 3487 10944
1375200000 19780 30074 438256 399453
1375192800 838 2619 3672 6876
1375185600 720 2407 3761 6832
1375178400 868 2581 3712 6739
1375171200 725 2365 3747 6793
1375164000 882 2621 3747 6793
1375156800 942 2737 3051 5664
1375149600 828 2493 2968 5725
1375142400 1033 3314 3509 14198
1375135200 10259 13313 216692 195999
1375128000 1119 4094 3671 7748
1375120800 780 5046 3581 35248
1375113600 1177 4068 4569 12973
1375106400 384 1143 2659 4715
1375099200 521 1201 3396 5429
1375092000 463 1055 3241 5164
1375084800 337 865 3231 5091
1375077600 461 1041 3229 5088
1375070400 509 1118 3253 5154
1375063200 378 927 3264 5184
1375056000 469 1059 3264 5184
1375048800 463 1059 3251 5154
1375041600 344 900 3239 5179
1375034400 475 1092 3362 5371
1375027200 465 1077 3231 5134
1375020000 397 964 3305 5226
1375012800 423 1051 3263 5234
1375005600 461 1069 3235 5165
1374998400 455 1044 3313 5249
1374991200 328 846 2424 3934
1374984000 462 1057 3231 5192
1374976800 460 1058 3214 5101
1374969600 338 877 3237 5198
1374962400 521 1242 3252 5160
1374955200 466 1088 3252 5184
1374948000 386 982 3250 5263
1374940800 490 1124 3253 5194
1374933600 499 1127 3349 5319
1374926400 343 883 2354 3817
1374919200 483 1093 3269 5152
1374912000 478 1081 3252 5090
1374904800 404 947 3390 5252
1374897600 498 1158 3470 5473
1374890400 549 1310 3246 5151
1374883200 1000 5449 4564 26001
1374876000 1267 4629 4240 11377
1374868800 15739 852931 213613 10009615
1374861600 554 1714 3625 6012
1374854400 1110 3776 5187 14808
1374847200 640 1967 3459 6051
1374840000 595 1728 3384 5838
1374832800 660 1797 3373 5814
1374825600 673 2111 3503 6438
1374818400 676 2331 3037 6053
1374811200 784 2476 3680 6677
1374804000 779 2486 3508 6331
1374796800 808 2862 4500 7537
1374789600 20053 30819 365483 547881
1374782400 1457 5818 6374 23703
1374775200 1231 3986 3979 17731
1374768000 1006 4444 4522 27631
1374760800 581 1479 3382 5740
1374753600 487 1080 3236 5086
1374746400 372 954 2563 4759
1374739200 490 1066 3397 5268
1374732000 501 1066 3243 5143
1374724800 487 1101 3274 5235
1374717600 670 1621 3708 8157
1374710400 796 2793 3623 13044
1374703200 1577 5731 4012 14170
1374696000 929 3630 3827 19211
1374688800 1236 4966 4106 12928
1374681600 1273 21833 3682 394712
1374674400 619 1818 3461 6028
1374667200 503 1305 3406 5561
1374660000 378 1349 3304 5870
1374652800 512 1530 3673 6129
1374645600 507 1402 3337 5902
1374638400 435 1410 3308 5475
1374631200 723 2325 3466 6290
1374624000 1050 5933 4216 33673
1374616800 1126 4547 3747 24753
1374609600 19326 19770 439901 398670
1374602400 801 2170 3681 6425
1374595200 20110 32289 411094 381145
1374588000 486 1306 2138 3652
1374580800 595 1329 3356 5353
1374573600 561 1269 3363 5408
1374566400 432 1138 3345 5386
1374559200 576 1289 3400 5366
1374552000 619 1393 3442 5466
1374544800 547 1202 3562 5663
1374537600 770 1844 3157 5254
1374530400 1204 3787 40954 37925
1374523200 12363 249838 100599 2904296
1374516000 867 2878 3489 6145
1374508800 1258 4696 3983 15098
1374501600 700 2089 3459 6050
1374494400 638 1903 3544 6089
1374487200 744 2041 3596 6249
1374480000 733 2004 3536 6220
1374472800 576 1801 3465 6013
1374465600 758 2045 3515 6146
1374458400 736 2003 3577 6208
1374451200 550 1806 3425 5977
1374444000 729 1993 3495 6054
1374436800 666 1916 3434 6034
1374429600 545 1739 3323 5800
1374422400 676 1954 3540 6125
1374415200 688 1954 3594 6630
1374408000 541 1739 3466 6073
1374400800 669 1947 3509 6050
1374393600 670 1921 3430 5989
1374386400 533 1727 3453 6000
1374379200 674 1935 3462 6033
1374372000 656 1910 3439 6067
1374364800 542 1872 2209 4154
1374357600 675 1961 3494 6107
1374350400 684 1959 3442 6019
1374343200 578 1803 3408 5954
1374336000 660 1957 3480 6118
1374328800 669 1969 3480 6144
1374321600 530 1757 3556 6155
1374314400 668 1967 3556 6155
1374307200 703 2009 3454 6036
1374300000 551 1817 4009 6578
1374292800 694 2032 4009 6578
1374285600 671 1945 3500 6089
1374278400 737 2747 2150 11300
1374271200 19693 20547 438251 397020
1374264000 6271 11649 119873 196484
1374256800 1322 6220 4412 29223
1374249600 1121 4777 5245 29223
1374242400 425 1250 2961 4997
1374235200 594 1354 3387 5429
1374228000 609 1365 3380 5503
1374220800 438 1126 3349 5455
1374213600 585 1309 3349 5455
1374206400 603 1375 3366 5401
1374199200 526 1252 3559 5616
1374192000 862 2564 3444 11290
1374184800 6503 14905 68674 122228
1374177600 2110 14390 6684 200239
1374170400 1346 5357 3917 18982
1374163200 10776 406511 118582 5516043
1374156000 521 1528 3490 5716
1374148800 319 974 3266 5346
1374141600 452 1237 3261 5413
1374134400 444 1186 3238 5349
1374127200 345 1004 3213 5262
1374120000 566 1373 3491 5625
1374112800 682 1585 3750 6380
1374105600 756 2310 3077 10568
1374098400 1607 5265 4536 13907
1374091200 6535 238146 58607 2717118
1374084000 1316 4259 5603 16790
1374076800 6108 235117 34315 1573598
1374069600 613 1495 3377 5641
1374062400 503 1227 3526 6049
1374055200 399 1123 3264 5269
1374048000 488 1255 3247 5344
1374040800 497 1192 3264 5237
1374033600 372 1098 3332 5495
1374026400 571 1375 3283 5357
1374019200 923 4819 4870 32852
1374012000 1190 3577 4209 12962
1374004800 1216 4218 3663 12794
1373997600 32104 620955 491478 3636314
1373990400 891 3182 3724 7519
1373983200 482 1412 3245 5680
1373976000 350 1061 3237 5338
1373968800 475 1266 3231 5271
1373961600 472 1254 3254 5377
1373954400 344 1061 3306 5378
1373947200 481 1263 3246 5322
1373940000 520 1380 3264 5502
1373932800 18585 643475 124357 5211289
1373925600 1148 4781 3556 16843
1373918400 1227 6554 4285 17192
1373911200 1048 3504 3543 6858
1373904000 6172 238424 75793 3499482
1373896800 490 1301 3104 4900
1373889600 478 1082 3234 5172
1373882400 333 958 3313 5215
1373875200 445 1028 3222 5112
1373868000 491 1110 3244 5176
1373860800 357 915 3232 5106
1373853600 467 1124 3244 5178
1373846400 462 1060 3233 5160
1373839200 442 1046 3233 5130
1373832000 361 920 1909 3230
1373824800 490 1115 3218 5129
1373817600 480 1103 3254 5194
1373810400 338 900 3223 5115
1373803200 480 1103 3240 5190
1373796000 449 1039 3243 5177
1373788800 325 863 3233 5164
1373781600 452 1011 3223 5130
1373774400 543 1112 3306 5179
1373767200 397 909 3360 5207
1373760000 499 1085 3286 5137
1373752800 582 1140 3301 5153
1373745600 536 1092 3321 5166
1373738400 336 901 2316 3815
1373731200 485 1137 3392 5358
1373724000 461 1093 3240 5121
1373716800 326 846 3242 5074
1373709600 470 1062 3290 5370
1373702400 457 1023 3229 5122
1373695200 345 858 3240 5115
1373688000 487 1086 3317 5223
1373680800 464 1037 3236 5109
1373673600 740 3775 3955 17437
1373666400 19941 32252 318742 319930
1373659200 944 3880 3702 19773
1373652000 628 1990 3536 6453
1373644800 550 1906 3431 6122
1373637600 384 1381 3188 6011
1373630400 504 1465 3283 5554
1373623200 503 1411 3262 5508
1373616000 371 1232 3271 5541
1373608800 489 1416 3283 5520
1373601600 583 1527 3413 5764
1373594400 460 1377 1817 3481
1373587200 1600 23214 10738 392489
1373580000 4792 6031 89645 38340
1373572800 2004 26900 7370 200041
1373565600 1408 5352 6850 20838
1373558400 1033 4461 3859 16402
1373551200 497 1286 3416 5415
1373544000 367 904 2318 3712
1373536800 495 1130 3323 5255
1373529600 476 1140 3297 5209
1373522400 365 893 3257 5143
1373515200 515 1166 3256 5138
1373508000 562 1173 3259 5120
1373500800 656 2609 3269 16603
1373493600 14555 5005 180745 164543
1373486400 1578 23452 8083 320558
1373479200 1518 4095 5847 15917
1373472000 1470 6131 5829 63061
1373464800 518 1259 3283 5365
1373457600 495 1107 3254 5163
1373450400 378 933 3230 5117
1373443200 539 1162 3346 5247
1373436000 366 891 3259 5180
1373428800 499 1152 3509 5666
1373421600 512 1173 3295 5591
1373414400 735 4670 3691 20113
1373407200 19635 29433 440105 594854
1373400000 5777 236113 118306 5450417
1373392800 839 2415 3534 6157
1373385600 497 1519 2149 3694
1373378400 510 1275 2149 3694
1373371200 510 1126 2228 3728
1373364000 376 932 2499 4004
1373356800 496 1083 2529 4027
1373349600 410 958 2534 4134
1373342400 491 1101 2884 4539
1373335200 528 1151 3444 5358
1373328000 580 3788 3267 44444
1373320800 818 2643 5540 7637
1373313600 1861 13927 6716 204327
1373306400 963 3918 4611 17783
1373299200 1365 8119 3849 29925
1373292000 685 1340 2308 3648
1373284800 591 1008 2446 3737
1373277600 626 1060 2596 3953
1373270400 672 1127 2677 4057
1373263200 534 930 3064 4618
1373256000 673 1147 3424 5183
1373248800 548 955 3460 5237
1373241600 673 1146 3460 5253
1373234400 674 1263 3479 5276
1373227200 547 948 3460 5250
1373220000 677 1198 3362 5095
1373212800 552 970 2287 3508
1373205600 667 1133 3456 5236
1373198400 669 1138 3452 5253
1373191200 542 949 3425 5213
1373184000 671 1132 3451 5242
1373176800 542 950 3470 5290
1373169600 674 1142 3448 5262
1373162400 677 1146 3452 5294
1373155200 549 961 3458 5271
1373148000 689 1239 3454 5210
1373140800 551 974 1960 3061
1373133600 722 1318 3441 5249
1373126400 727 1244 3500 5406
1373119200 548 982 3479 5385
1373112000 674 1157 3444 5256
1373104800 550 1048 3473 5254
1373097600 672 1152 3454 5281
1373090400 667 1134 3455 5215
1373083200 544 956 3522 5286
1373076000 675 1221 3261 4976
1373068800 550 984 2263 3457
1373061600 706 1230 3460 5233
1373054400 549 979 3445 5253
1373047200 685 1229 3534 5316
1373040000 688 1201 3588 5508
1373032800 553 997 3441 5229
1373025600 678 1162 3597 5432
1373018400 554 998 3572 5411
1373011200 675 1162 3197 4862
1373004000 677 1156 3035 4620
1372996800 549 965 3456 5257
1372989600 682 1243 3516 5394
1372982400 553 972 3543 5368
1372975200 677 1164 3572 5447
1372968000 680 1162 3598 5420
1372960800 545 972 3466 5258
1372953600 707 1283 3571 5393
1372946400 572 1125 3615 5490
1372939200 688 1189 3474 5238
1372932000 697 1182 2487 3846
1372924800 556 984 2874 4370
1372917600 694 1176 3578 5369
1372910400 602 1047 3572 5330
1372903200 788 1322 3703 5574
1372896000 779 1354 3635 5548
1372888800 1141 6434 5131 31811
1372881600 1463 4841 4175 11480
1372874400 74522 31938 1250582 600421
1372867200 6218 243368 61899 2872210
1372860000 778 1804 3541 5808
1372852800 667 1508 3586 5739
1372845600 794 1718 3854 6205
1372838400 775 1739 3540 5781
1372831200 697 3232 2706 6641
1372824000 803 1936 3559 5844
1372816800 775 1700 3530 5823
1372809600 948 7133 6166 115897
1372802400 6124 234351 79686 3724055
1372795200 1126 3951 3125 12602
1372788000 1003 4946 2950 11233
1372780800 1080 10998 5732 87677
1372773600 875 11017 3929 85446
1372766400 336 849 3190 5024
1372759200 411 966 3297 5235
1372752000 430 1002 3199 5057
1372744800 353 885 3207 5101
1372737600 366 929 3377 5334
1372730400 437 1096 3225 5215
1372723200 1035 10891 8903 175571
1372716000 29430 868934 189654 4648481
1372708800 10855 608698 156007 7281302
1372701600 925 3687 3668 27486
1372694400 18942 19799 433297 392429
1372687200 843 3772 3227 28380
1372680000 485 1071 3264 5143
1372672800 472 1029 3360 5224
1372665600 337 830 3265 5182
1372658400 465 1011 3246 5102
1372651200 484 1051 3357 5279
1372644000 361 868 3261 5135
1372636800 465 1011 3349 5249
1372629600 477 1052 3250 5157
1372622400 343 832 3228 5097
1372615200 466 1022 3231 5066
1372608000 499 1094 3247 5104
1372600800 335 827 3223 5054
1372593600 460 1003 3242 5102
1372586400 480 1046 3421 5549
1372579200 337 822 3244 5076
1372572000 458 991 3233 5041
1372564800 486 1023 3241 5108
1372557600 336 814 1911 3105
1372550400 466 1004 3298 5144
1372543200 484 1066 3246 5146
1372536000 339 840 3233 5041
1372528800 466 1028 3304 5198
1372521600 492 1103 3380 5639
1372514400 338 825 3309 5128
1372507200 477 1052 3251 5157
1372500000 470 1031 3224 5087
1372492800 357 961 3336 5266
1372485600 485 1079 3518 5653
1372478400 502 1094 3273 5191
1372471200 350 887 3263 5118
1372464000 6236 4970 198361 21812
1372456800 9662 14317 198361 222106
1372449600 6008 169156 78039 1995168
1372442400 394 1494 3548 6583
1372435200 1370 5370 3995 19227
1372428000 451 1180 3300 5824
1372420800 301 845 3213 5054
1372413600 409 999 3212 5187
1372406400 408 1007 3194 5111
1372399200 298 822 3253 5058
1372392000 427 1017 3188 5129
1372384800 283 804 3167 5012
1372377600 614 1855 4074 7694
1372370400 6292 240646 119665 5586836
1372363200 882 3335 4167 8714
1372356000 576 1754 3898 7595
1372348800 1700 35132 13066 392816
1372341600 502 1239 3260 5503
1372334400 357 943 1930 3251
1372327200 477 6276 3258 124780
1372320000 480 1113 3333 5243
1372312800 345 911 3243 5136
1372305600 514 1154 3277 5206
1372298400 489 1098 3308 5203
1372291200 462 1949 3245 16323
1372284000 931 3252 4080 7280
1372276800 854 2829 3505 6919
1372269600 842 2599 5236 9549
1372262400 5888 148330 82049 1742236
1372255200 504 1214 3235 5071
1372248000 475 1053 3369 5251
1372240800 366 940 3245 5137
1372233600 498 1124 3260 5157
1372226400 379 972 3459 5470
1372219200 500 1108 3509 5489
1372204800 760 5528 7835 263061
1372118400 1088 22261 45274 2109085
1372032000 446 1010 3414 5379
1371945600 610 3541 3792 13308
1371859200 763 6680 20588 680060
1371772800 3675 22829 443656 5546557
1371686400 1070 22283 71404 3180737
1371600000 2262 6145 439447 396681
1371513600 2537 3143 332787 102793
1371427200 428 938 3517 5747
1371340800 435 991 3400 5416
1371254400 2196 21879 303114 3083765
1371168000 2007 2537 329001 28149
1371081600 1729 32649 69842 3233173
1370995200 5140 6157 561657 511014
1370908800 2457 68469 70695 2608153
1370822400 0 362 0 518
1370736000 0 382 0 528
1370649600 820 24624 77191 3591761
1370563200 3079 22180 630448 4118043
1370476800 0 618 0 1360
1370390400 2498 2756 329618 242947
1370304000 1644 2129 331797 34503
1370217600 0 420 0 529
1370131200 0 436 0 577
1370044800 2965 22333 631085 5514304
1369958400 874 22271 99160 4617258
1369872000 1864 3432 254980 167736
1369785600 832 22751 83125 3864178
1369699200 0 393 0 536
1369612800 0 386 0 532
1369526400 0 408 0 515
1369440000 4251 4773 436703 396904
1369353600 288 1452 4922 22586
1369267200 2520 3512 632601 485930
1369180800 532 3181 52016 88513
1369094400 12600 55909 1188234 3117162
1369008000 409 1145 3390 10334
1368921600 409 1005 3277 14981
1368835200 814 1782 87148 19416
1368748800 1806 5577 409984 371005
1368662400 1873 3770 415882 376307
1368576000 2455 5423 560241 518773
1368489600 3373 5156 425499 591355
1368403200 0 404 0 506
1368316800 0 412 0 531
1368230400 443 2140 5186 96122
1368144000 789 14955 17489 459145
1368057600 11492 43193 254511 6198485
1367971200 14024 14312 429028 625253
1367884800 8298 8792 16070 16532
1367798400 8177 8480 17141 16033
1367712000 7145 8097 30769 21897
1367625600 7471 48406 421303 5640964
1367539200 2781 5121 414309 375399
1367452800 876 1559 4077 6289
1367366400 2921 11479 417218 455810
1367280000 15075 21468 806443 885387
1367193600 879 1313 10864 31267
1367107200 1597 1755 21252 20998
1367020800 3525 4979 398631 363548
1366934400 3522 23346 105026 4631347
1366848000 3232 4561 7218 39941
1366761600 4755 6973 406995 527486
1366675200 4254 7650 239270 313498
1366588800 2682 5500 5872 9759
1366502400 2621 5531 5825 11012
1366416000 3031 5410 7153 29318
1366329600 3164 4908 6883 23213
1366243200 4391 6033 400999 363208
1366156800 4655 6905 412657 532455
1366070400 4099 5956 403099 369863
1365984000 2596 2838 5731 7152
1365897600 2579 2902 5707 8731
1365811200 3234 23038 88312 3983749
1365724800 4394 6036 430718 433994
1365638400 5651 28530 400006 3659953
1365552000 2994 5471 17569 49394
1365465600 3365 27191 119467 5495660
1365379200 2684 4065 5855 8557
1365292800 2687 4080 5897 8504
1365206400 2878 5242 7139 45646
1365120000 2903 5169 12021 47072
1365033600 4368 7258 409815 531285
1364947200 2945 4921 10127 25913
1364860800 3797 4432 355712 57000
1364774400 2740 2903 5887 7208
1364688000 2777 2969 5924 7190
1364601600 4514 6559 270387 247099
1364515200 3545 5009 7443 38750
1364428800 1790 4057 12466 86207
1364342400 7966 62276 513350 5044487
1364256000 7993 14045 1107917 865128
1364169600 3281 9515 6477 14872
1364083200 3280 9398 6476 13737
1363996800 1759 6261 8478 49310
1363910400 1330 3347 5794 71936
1363824000 7689 9139 14416 56158
1363737600 3631 4780 252845 386819
1363651200 1438 2999 6962 47417
1363564800 864 1245 3862 4393
1363478400 862 1265 3916 4496
1363392000 18182 38433 4645297 9346614
1363305600 2428 20004 88377 1188782
1363219200 1401 2613 9121 24760
1363132800 4830 30901 400097 816260
1363046400 1257 1889 4452 5220
1362960000 1232 1694 4478 6722
1362873600 1254 1634 4320 6006
1362787200 1984 4308 162231 174241
1362700800 53769 62076 6084917 5793345
1362614400 3072 5984 7683 53001
1362528000 1437 4103 6665 56327
1362441600 1289 3792 4770 46614
1362355200 1112 1508 4011 4432
1362268800 1134 1847 4337 51397
1362182400 1304 3760 9135 168184
1362096000 5115 4757 712426 50458
1362009600 4018 33658 468514 8574142
1361923200 2103 3970 407230 372189
1361836800 1889 2896 404058 367207
1361750400 297 726 3111 3663
1361664000 336 822 3186 3938
1361577600 1331 2118 110002 31509
1361491200 843 2548 11147 174329
1361404800 3133 21593 401309 4740967
1361318400 4808 28468 247835 6110573
1361232000 1017 3443 3816 6388
1361145600 989 3408 3814 6371
1361059200 998 3436 3984 6579
1360972800 1467 3224 6402 79345
1360886400 1224 2500 5662 22106
1360800000 7379 3671 1557305 188492
1360713600 8387 38926 25871 698316
1360627200 1432 2658 14229 27535
1360540800 864 1286 3959 5543
1360454400 843 1292 4022 5522
1360368000 873 1428 3991 5769
1360281600 2868 3778 42468 39611
1360195200 2651 3679 42809 41205
1360108800 4348 6708 115585 159846
1360022400 8939 9956 126438 115421
1359936000 11811 12083 15057 16474
1359849600 11779 12067 14978 16320
1359763200 92096 5229 8515247 205450
1359676800 1200 2653 49832 46335
1359590400 916 2625 9856 163862
1359504000 1123 3166 5271 148380
1359417600 16469 17981 3594261 3539966
1359331200 851 1369 4017 5624
1359244800 901 1439 4017 5765
1359158400 4623 3257 1032649 143467
1359072000 1046 2476 5073 25058
1358985600 10197 11400 290736 286554
1358899200 5750 4925 672593 193737
1358812800 704 1239 3856 5600
1358726400 717 1207 3871 5578
1358640000 779 1293 3900 6140
1358553600 1092 4447 8843 225745
1358467200 948 2320 5749 44580
1358380800 6661 7722 1249205 1121890
1358294400 1142 2709 42605 143886
1358208000 2644 4608 211791 167608
1358121600 1631 2067 5035 7296
1358035200 1667 2218 5223 9462
1357948800 2918 8336 256120 389630
1357862400 1855 3706 41332 126143
1357776000 1834 3471 7317 28921
1357689600 1757 2973 19794 22556
1357603200 3057 4672 333970 353693
1357516800 1479 1908 4622 6330
1357430400 1540 1989 4808 6588
1357344000 14401 15240 667129 368089
1357257600 5521 7076 19800 133956
1357171200 1866 2984 11403 43705
1357084800 1637 2076 4824 8486
1356998400 1638 2139 4782 8149
1356912000 1628 2041 4730 6317
1356825600 1495 1914 4904 6403
1356739200 2120 3287 45458 45493
1356652800 2913 3949 257394 234437
1356566400 1597 2620 77208 70827
1356480000 1331 1706 5388 6664
1356393600 1617 1972 4783 6232
1356307200 1576 1915 5023 6229
1356220800 1568 1929 4800 6186
1356134400 2066 3049 23085 30491
1356048000 2114 3573 79954 122341
1355961600 1738 2228 5427 7151
1355875200 1350 1827 4879 6659
1355788800 5230 6175 433088 392329
1355702400 1299 1765 4647 6300
1355616000 1291 1782 4399 5958
1355529600 1298 2069 4731 38278
1355443200 1525 2080 22071 12301
1355356800 2035 5975 15232 314220
1355270400 2441 8715 21219 481238
1355184000 1883 3305 7310 30358
1355097600 1742 2041 5165 6488
1355011200 1812 2116 5029 6402
1354924800 1858 2310 5081 7198
1354838400 2860 7400 13119 14337
1354752000 2112 5282 13004 42180
1354665600 2148 3584 17217 148517
1354579200 978 2790 6293 44703
1354492800 0 305 0 363
1354406400 753 1118 4023 5556
1354320000 977 1461 5043 6992
1354233600 1140 1629 4439 15608
1354147200 1383 1806 15970 6357
1354060800 2501 7259 12317 46732
1353974400 2903 4273 16919 50459
1353888000 1238 1491 4573 6034
1353801600 1241 1492 4587 8703
1353715200 1314 1590 7888 9568
1353628800 1190 1555 4361 18453
1353542400 1134 2427 4995 59571
1353456000 1465 1973 4772 6901
1353369600 1534 4468 14642 39006
1353283200 1325 3952 4500 8442
1353196800 1335 3979 4921 10153
1353110400 3066 7125 261171 265540
1353024000 2435 8313 16275 292754
1352937600 2129 5645 6013 57655
1352851200 2055 3207 18706 28603
1352764800 1751 2878 14081 25611
1352678400 1563 1942 4673 6184
1352592000 1875 2426 5810 8150
1352505600 2379 14922 19955 841420
1352419200 3475 14370 7465 47928
1352332800 2087 5205 10226 219517
1352246400 3031 5141 20763 36256
1352160000 1456 2122 4743 36847
1352073600 1386 1824 4653 6174
1351987200 1387 1831 4515 6116
1351900800 1705 2192 4982 6533
1351814400 1873 2298 4955 6664
1351728000 2214 1895 383631 30129
1351641600 0 254 0 491
1351555200 572 907 4151 5525
1351468800 1032 1304 4986 6513
1351382400 1067 1447 4346 6607
1351296000 12529 9701 1578961 960633
1351209600 2308 3729 13079 33879
1351123200 17201 25200 2839005 815655
1351036800 1869 3340 10229 27354
1350950400 3209 4078 207665 217186
1350864000 1569 1982 4848 6395
1350777600 1361 1808 4547 6130
1350691200 1960 2949 65851 22762
1350604800 1644 2959 6821 64088
1350518400 1547 2810 9007 66439
1350432000 15959 17099 4037889 803131
1350345600 1678 7763 8436 260536
1350259200 1277 1625 4398 5904
1350172800 1251 1642 4460 9171
1350086400 1656 6749 7323 45636
1350000000 1454 2339 12273 26475
1349913600 1488 3349 8225 179335
1349827200 1457 2502 5139 27800
1349740800 1465 2377 5065 30996
1349654400 1246 1653 4403 15159
1349568000 1113 1489 4608 24924
1349481600 1890 5113 18623 30867
1349395200 3779 7289 19967 41978
1349308800 1886 2918 5863 19818
1349222400 2027 3001 6022 13797
1349136000 1608 2581 5766 22117
1349049600 1295 1745 4701 6219
1348963200 1562 2016 4838 7313
1348876800 1850 2750 5774 17661
1348790400 2147 6005 7808 67592
1348704000 2310 8050 6958 33652
1348617600 2929 3614 185506 169362
1348531200 1780 2858 6586 27264
1348444800 1877 2269 6774 8417
1348358400 3670 4253 6938 8833
1348272000 3945 7732 20592 742953
1348185600 4018 5642 18825 75486
1348099200 4026 5337 8279 17959
1348012800 3968 5192 13993 26071
1347926400 12822 14651 57745 106138
1347840000 16358 16933 19972 21632
1347753600 16380 17002 19923 22066
1347667200 3020 4836 26167 99900
1347580800 1523 4224 82476 99943
1347494400 1215 2817 4882 84424
1347408000 3888 5711 373728 339895
1347321600 18073 7786 2500035 629040
1347235200 928 1533 4081 46970
1347148800 1072 4580 20184 736036
1347062400 41819 11907 2935496 2036156
1346976000 1894 8661 44295 911895
1346889600 14642 15587 1515019 1582471
1346803200 31442 13298 1935848 681747
1346716800 1609 2535 4763 6850
1346630400 1592 2424 4814 6713
1346544000 1541 2380 4710 6769
1346457600 21172 3614 2504068 101581
1346371200 12584 4211 1825978 117181
1346284800 2950 7629 220220 428105
1346198400 8115 9401 1408993 1270540
1346112000 7316 7928 786420 704932
1346025600 1915 2350 5059 6647
1345939200 1967 2557 5258 37456
1345852800 7861 9491 742576 670194
1345766400 11136 12580 22229 39744
1345680000 4092 13164 20569 90804
1345593600 16706 12630 1907717 1265933
1345507200 18163 5219 1732793 396845
1345420800 4070 4263 14160 14446
1345334400 13746 13847 14880 16140
1345248000 43644 38039 2414754 1600784
1345161600 32019 37790 2332333 5692657
1345075200 4380 18555 374039 1562514
1344988800 35112 8869 2694222 337776
1344902400 4753 62069 332863 9248251
1344816000 2079 2353 5049 5804
1344729600 4661 5216 5821 9465
1344643200 4524 5239 5637 8583
1344556800 5309 37798 159168 877014
1344470400 14527 63367 380066 841527
1344384000 6364 61887 68765 2816828
1344297600 5172 50144 12219 200736
1344211200 4938 46783 6480 53709
1344124800 4975 46831 6938 56660
1344038400 5020 47063 12280 216457
1343952000 4966 48831 14647 142236
1343865600 4837 48213 9935 113883
1343779200 2532 9128 64274 75931
1343692800 1520 3385 10899 75999
1343606400 1105 1473 1508 3696
1343520000 1062 1456 1618 3202
1343433600 2705 7596 264277 239862
1343347200 1505 4987 5020 29396
1343260800 1380 4437 5627 32981
1343174400 2032 4061 171776 162472
1343088000 1252 4623 5101 72967
1343001600 1157 2963 1519 5612
1342915200 1181 3090 1928 10043
1342828800 1645 5825 5587 44456
1342742400 1820 7039 10112 44786
1342656000 1724 6502 5703 72898
1342569600 1619 5427 5639 31405
1342483200 4963 3751 957325 139045
1342396800 1057 1405 4284 5746
1342310400 1158 1770 4596 50400
1342224000 1474 3429 9989 63903
1342137600 1597 8890 9703 57588
1342051200 1796 11655 6238 84635
1341964800 1413 3161 5658 207454
1341878400 1511 3032 7131 28178
1341792000 1300 2068 5168 8622
1341705600 1397 2338 4887 8985
1341619200 9129 12179 116887 180503
1341532800 13626 14976 17040 23007
1341446400 13671 15013 16875 19324
1341360000 3846 5032 19513 33263
1341273600 1805 3493 12487 107892
1341187200 1764 2041 4887 6354
1341100800 1769 2070 4965 6484
1341014400 21460 3443 2552401 92681
1340928000 3349 28118 180644 7041463
1340841600 4375 4069 734669 54231
1340755200 25488 68156 2675232 7169294
1340668800 2071 4875 7238 91298
1340582400 1827 2564 4991 6955
1340496000 1831 2613 5026 7069
1340409600 43397 43174 5793932 6492606
1340323200 36750 21961 2932484 1397952
1340236800 2202 5734 8152 31358
1340150400 2499 7830 20563 514828
1340064000 1600 3576 11893 115269
1339977600 1287 1775 4705 6641
1339891200 1579 2509 5212 8321
1339804800 1940 5972 13550 34504
1339718400 2167 29016 77355 3526225
1339632000 2212 6660 169183 143233
1339545600 5452 4411 617071 175530
1339459200 29407 9001 4010232 534660
1339372800 923 1373 4139 7581
1339286400 1140 1998 4402 25744
1339200000 7526 6152 1693611 168468
1339113600 4549 78624 281856 1312611
1339027200 2584 4481 117656 106968
1338940800 1779 4169 5679 168174
1338854400 8748 30138 850714 1717652
1338768000 1147 3535 6029 226316
1338681600 1017 1424 4267 5831
1338595200 20711 14993 2570379 1604887
1338508800 5239 5463 814287 70987
1338422400 20158 15883 2325211 1244733
1338336000 2453 5200 103081 152246
1338249600 1862 2641 31706 29970
1338163200 1803 2567 28534 8025
1338076800 27924 3608 2441594 89385
1337990400 21515 20901 2148693 4555327
1337904000 38724 4415 2513787 87584
1337817600 134703 8251 9455902 233931
1337731200 1431 7605 21651 325092
1337644800 1336 8410 16879 536520
1337558400 735 1015 1963 2635
1337472000 724 1192 1952 23673
1337385600 11717 50439 1348930 2142966
1337299200 19175 13565 2519272 777573
1337212800 19301 4336 2512654 94972
1337126400 19180 4733 2230552 106081
1337040000 1383 4588 34761 391733
1336953600 738 1163 2071 2776
1336867200 818 1328 2018 3770
1336780800 885 5502 9045 725937
1336694400 28765 16084 2130186 1084978
1336608000 10051 4133 2146541 65008
1336521600 29865 39136 2335517 2561476
1336435200 1790 3204 26490 19315
1336348800 929 1544 4031 6087
1336262400 938 1582 4869 7108
1336176000 6254 28213 587925 1714064
1336089600 5680 11937 635350 1327752
1336003200 32128 5501 2609135 1570454
1335916800 4133 9410 80351 1570454
1335830400 30990 26846 2555221 1511972
1335744000 865 1407 4668 6722
1335657600 944 1500 8574 6927
1335571200 5793 33801 80109 1567541
1335484800 5173 2278 831958 107357
1335398400 23438 5026 2427461 212108
1335312000 48095 3611 6713033 193764
1335225600 62700 85977 2875708 1129395
1335139200 2377 3285 6281 8679
1335052800 2414 3341 6238 8699
1334966400 80795 55260 2819080 931437
1334880000 20290 14433 2282446 1585495
1334793600 8128 11534 830850 1080317
1334707200 1581 2994 5425 60264
1334620800 1871 3908 131862 121290
1334534400 821 1354 4631 6754
1334448000 998 1581 4037 6178
1334361600 1089 1814 4915 8719
1334275200 1356 2827 10184 66146
1334188800 1686 3059 22979 79137
1334102400 4462 3932 823073 36721
1334016000 6560 21794 827144 59535
1333929600 4420 31105 7817 35965
1333843200 4518 32582 8333 61948
1333756800 3435 12527 117501 102779
1333670400 20732 11648 2561153 337542
1333584000 23355 23798 1811642 598989
1333497600 1990 3650 297949 268562
1333411200 3885 2633 818585 57617
1333324800 710 1407 4196 6331
1333238400 1189 2173 4983 7502
1333152000 4272 3279 664149 29738
1333065600 4407 4826 823165 136383
1332979200 7375 6393 832585 74558
1332892800 1302 6058 11477 61303
1332806400 2842 6169 214757 135747
1332720000 1459 2370 7765 9863
1332633600 2357 3239 21469 20696
1332547200 1677 6011 10620 48107
1332460800 1373 3076 7466 17500
1332374400 1329 2826 12647 20765
1332288000 4889 3779 833020 122323
1332201600 1115 3161 27865 48149
1332115200 668 1566 5020 7945
1332028800 1177 2714 5127 21023
1331942400 1393 6227 6505 149519
1331856000 1442 3320 15193 114877
1331769600 1675 3159 68906 64846
1331683200 3302 20141 175088 1256730
1331596800 2436 3803 154333 68389
1331510400 1001 1489 3632 5504
1331424000 1093 1596 4867 6967
1331337600 41421 7638 2622793 388032
1331251200 2584 4026 14665 20412
1331164800 21562 4482 1937484 123106
1331078400 19522 4365 2361632 239760
1330992000 4559 3930 825901 103445
1330905600 1168 2068 5011 7415
1330819200 1281 2069 17994 6364
1330732800 16057 6559 1634718 401434
1330646400 5302 5775 813901 142241
1330560000 5151 73200 45834 947467
1330473600 1435 3559 6500 104109
1330387200 3264 4491 357951 323454
1330300800 853 1356 3694 5811
1330214400 1571 26009 11122 367782
1330128000 2472 39738 25330 834070
1330041600 38898 27121 2515471 3850021
1329955200 2146 3206 137047 34674
1329868800 2415 3116 80602 50233
1329782400 593 1229 4442 14387
1329696000 833 1476 4443 6640
1329609600 1446 2284 5343 7736
1329523200 14966 56946 1731169 977163
1329436800 1533 3417 5329 53921
1329350400 1514 4890 8788 164374
1329264000 1850 5597 18326 88480
1329177600 1434 3805 5470 160167
1329091200 1176 1740 5047 7126
1329004800 1196 1788 4550 6635
1328918400 4578 5751 734114 78130
1328832000 1781 6385 9006 55954
1328745600 4541 6911 819723 92879
1328659200 4269 5356 823469 82105
1328572800 3804 5379 824100 58257
1328486400 487 3184 4290 8582
1328400000 643 3376 4146 8422
1328313600 1365 5261 5090 28250
1328227200 10015 8424 830211 320101
1328140800 3893 7495 350912 319538
1328054400 6514 9226 358304 327632
1327968000 1579 3578 8019 22512
1327881600 1327 2267 5173 7633
1327795200 1372 3242 5159 28907
1327708800 1696 7055 70393 64820
1327622400 1345 7162 8051 52095
1327536000 6841 8149 832691 353879
1327449600 1032 3761 19251 9056
1327363200 1175 4771 6389 22100
1327276800 1081 4255 3760 8412
1327190400 1078 4316 4811 9858
1327104000 1102 5612 9502 210886
1327017600 984 3953 20447 13010
1326931200 5717 5899 828772 368820
1326844800 928 5385 8380 244662
1326758400 627 3598 4511 28319
1326672000 901 4685 7688 154528
1326585600 1256 4608 5075 9963
1326499200 2615 46651 274848 9212468
1326412800 1656 3848 7461 91442
1326326400 1588 5233 5860 32341
1326240000 1562 5757 7968 99297
1326153600 1387 4976 5151 22018
1326067200 1086 3764 4827 9089
1325980800 1066 3783 3974 8030
1325894400 2007 6331 151239 142283
1325808000 8122 5483 833859 69595
1325721600 2359 4637 363838 92325
1325635200 1230 4806 6451 56621
1325548800 1052 3739 3726 8135
1325462400 987 3641 4253 8449
1325376000 971 3641 4741 8923
1325289600 1231 4788 8808 54461
1325203200 4001 4746 750828 120086
1325116800 1332 5029 7448 32146
1325030400 1258 5993 7993 192514
1324944000 1149 4147 5219 10054
1324857600 1226 4284 5030 9588
1324771200 1262 4332 5063 9614
1324684800 1328 4416 22512 11597
1324598400 1158 4532 6345 34664
1324512000 2172 4498 51456 15839
1324425600 1629 15983 34996 1458322
1324339200 3195 8578 362764 344057
1324252800 884 3762 3685 7934
1324166400 3151 79168 177296 5873452
1324080000 9423 67208 707204 6186937
1323993600 2358 6134 359862 326186
1323907200 1161 5340 8144 32287
1323820800 4233 20410 360714 2707560
1323734400 9553 8918 697932 125416
1323648000 1214 5438 5640 11648
1323561600 1256 5445 13102 11508
1323475200 6454 7776 676348 611954
1323388800 1704 6109 123881 185007
1323302400 12504 9393 707765 236074
1323216000 1214 6050 8870 78812
1323129600 1683 7644 9252 131602
1323043200 1190 4315 3965 8381
1322956800 1170 4286 5175 11363
1322870400 4549 12945 506344 1036767
1322784000 1713 6737 13328 140726
1322697600 1593 4573 8374 142753
1322611200 1512 3362 5442 45476
1322524800 5575 6065 706969 139011
1322438400 3825 4795 6410 8987
1322352000 3819 4785 6693 9421
1322265600 3898 4909 7832 11092
1322179200 4045 5060 7095 17002
1322092800 62961 131879 5371996 9777784
1322006400 16551 7238 1499802 470872
1321920000 9696 8896 834626 254294
1321833600 415 3347 1810 5603
1321747200 654 3588 12488 27156
1321660800 59946 68906 6711925 8538242
1321574400 4076 5194 742990 86434
1321488000 7373 6511 701929 127309
1321401600 1294 4884 8673 17229
1321315200 2862 6573 157057 146945
1321228800 732 3905 4552 9693
1321142400 1161 4644 4154 9952
1321056000 2503 6145 358870 327682
1320969600 4229 5878 703854 121806
1320883200 46078 66534 3006124 1989804
1320796800 4922 12531 362566 486624
1320710400 1639 5622 115488 109147
1320624000 849 3952 4824 10024
1320537600 854 3972 4839 10036
1320451200 4160 5474 813642 131317
1320364800 1004 7998 65386 637191
1320278400 0 3093 0 4407
1320192000 0 3087 0 3875
1320105600 0 3002 0 3837
1320019200 0 2729 0 2885
1319932800 0 2725 0 2868
1319846400 0 3006 0 3566
1319760000 0 3086 0 3793
1319673600 0 3102 0 4115
1319587200 0 3122 0 3868
1319500800 0 3106 0 4135
1319414400 0 2845 0 2992
1319328000 0 2855 0 3057
1319241600 0 3039 0 3742
1319155200 0 3057 0 3966
1319068800 6295 18410 727948 3033046
1318982400 5313 34489 655796 2155489
1318896000 3932 3058 838953 146507
1318809600 694 1399 4715 7497
1318723200 787 1518 4744 7595
1318636800 1356 5666 14886 62801
1318550400 1189 4963 10459 320491
1318464000 1245 5782 4767 93325
1318377600 1161 5611 5067 30151
1318291200 4523 4844 707899 65167
1318204800 1214 2282 4492 6902
1318118400 2862 4279 43653 31543
1318032000 15624 7471 1734757 252909
1317945600 11101 3835 2158114 77498
1317859200 4283 3525 837630 154005
1317772800 978 2226 30350 28856
1317686400 1072 3222 10341 95812
1317600000 730 1327 2366 3920
1317513600 758 1387 3818 6212
1317427200 1025 2528 16860 51535
1317340800 7688 4839 824419 137932
1317254400 24924 12818 2225314 507710
1317168000 1822 7886 20413 404473
1317081600 23489 4184 1958569 140404
1316995200 547 1281 3750 6335
1316908800 887 2057 4514 7217
1316822400 55525 31289 2586338 2085675
1316736000 10460 4462 824247 135935
1316649600 15872 16258 137522 2695187
1316563200 12055 6788 820292 185112
1316476800 1874 3292 8763 45707
1316390400 1210 1793 4396 6472
1316304000 1076 1591 4334 6251
1316217600 7086 3660 714966 76152
1316131200 9123 4731 702458 210220
1316044800 1376 2583 6306 28595
1315958400 4263 2866 705580 122317
1315872000 3900 2685 711113 93816
1315785600 528 1085 4307 6238
1315699200 890 1320 4481 7012
1315612800 12810 4233 706027 113641
1315526400 4198 2685 706928 108951
1315440000 10379 3548 808276 120128
1315353600 7222 3947 706581 109799
1315267200 1217 2197 5420 21705
1315180800 1297 2140 16232 6719
1315094400 1179 2129 5426 8205
1315008000 3992 3274 473270 234686
1314921600 1138 2226 4717 39531
1314835200 5272 4066 829274 174782
1314748800 4031 2887 826697 135171
1314662400 7043 3800 803502 119426
1314576000 0 174 0 266
1314489600 0 188 0 261
1314403200 4279 4053 610071 108667
1314316800 1272 6872 13045 508927
1314230400 4268 5695 591497 117868
1314144000 988 4043 10968 16728
1314057600 4052 6368 706421 204304
1313971200 884 3739 4393 8250
1313884800 873 3739 6419 11132
1313798400 11755 8826 705416 112507
1313712000 7032 9162 707287 99652
1313625600 5141 9668 20817 34910
1313539200 4430 6198 823767 136461
1313452800 4475 6074 486060 114549
1313366400 891 3682 5526 9427
1313280000 1421 4195 5027 8842
1313193600 4134 7502 371383 335412
1313107200 4369 7198 705872 270636
1313020800 4861 7170 704171 132078
1312934400 4290 4859 824437 139942
1312848000 1775 5573 9640 49555
1312761600 1734 4909 5323 9698
1312675200 1813 5337 10568 108944
1312588800 4667 10067 703811 202182
1312502400 3260 59819 11299 249321
1312416000 1891 10463 20745 139840
1312329600 5197 34882 706460 1744422
1312243200 5333 5005 708299 113217
1312156800 808 3623 9115 8839
1312070400 676 3559 4178 7680
1311984000 1321 7749 21387 699112
1311897600 1409 4919 11727 66659
1311811200 929 3189 8424 35577
1311724800 3512 6633 19658 58734
1311638400 1668 4494 28580 209390
1311552000 837 1399 22746 8040
1311465600 744 1446 4175 7016
1311379200 7336 9216 811129 587328
1311292800 5034 8734 709438 118917
1311206400 4535 7368 603857 125239
1311120000 1301 9072 9091 167813
1311033600 13276 13617 1252463 1125569
1310947200 825 2172 4278 92359
1310860800 1550 4006 5787 50997
1310774400 13496 5874 1023265 142446
1310688000 2508 9461 120048 111652
1310601600 3040 4055 121375 60632
1310515200 1613 5088 49401 96967
1310428800 4151 3046 705067 112383
1310342400 1145 1918 4842 7399
1310256000 1208 2036 5711 9075
1310169600 4411 3462 843452 151919
1310083200 7382 3840 1397140 174120
1309996800 7288 3847 743345 109531
1309910400 4046 3055 824112 133975
1309824000 646 1327 4350 6521
1309737600 926 1610 5662 7933
1309651200 1896 2628 5448 7664
1309564800 1752 5227 19744 214207
1309478400 13279 5898 1261779 336801
1309392000 4127 2985 593936 126694
1309305600 6338 62823 830460 288724
1309219200 8438 33807 828378 220498
1309132800 1434 2494 5137 7550
1309046400 1372 2304 6251 9356
