1377805802 772811271 3077221858
1377805802 15360 534771 15360 534771
1377805502 4438 124913 4438 124913
1377805500 4444 125300 6258 241104
1377805200 6240 240115 6258 241104
1377804900 3703 93262 4433 152919
1377804600 4432 152823 4433 152919
1377804300 4267 124334 4365 135729
1377804000 4406 137769 16693 747828
1377803700 16647 745680 16693 747828
1377803400 9949 425893 11521 450286
1377803100 11517 450214 11521 450286
1377802800 10419 427506 10447 428759
1377802500 6382 240695 6388 240944
1377802200 4895 169150 14390 571469
1377801900 14315 568076 14390 571469
1377801600 3285 63098 6177 193730
1377801300 6191 194391 10380 392283
1377801000 10348 390630 10380 392283
1377800700 5619 144450 5662 147621
1377800400 5681 148352 8561 257412
1377800100 8534 256491 8561 257412
1377799800 4548 119464 4549 155950
1377799500 4492 155858 6978 155950
1377799200 6997 128657 9832 150022
1377798900 9827 150500 9832 293491
1377798600 8496 296723 17770 778420
1377798300 17749 777076 17770 778420
1377798000 11551 376179 12181 476805
1377797700 12172 475764 12181 476805
1377797400 10840 319315 10888 320701
1377797100 3856 114402 8890 348665
1377796800 8901 348808 10615 370135
1377796500 10582 368921 10615 370135
1377796200 5703 189406 10855 386016
1377795900 10822 384563 10855 386016
1377795600 5919 168084 6049 171971
1377795300 6053 172169 6735 201765
1377795000 6742 201765 7920 201765
1377794700 7918 201504 7920 201765
1377794400 7487 123877 7495 184055
1377794100 6378 183785 7221 184055
1377793800 7210 143929 7221 182563
1377793500 5724 187422 19192 911431
1377793200 19152 909319 19192 911431
1377792900 7364 280214 14354 631318
1377792600 14322 629503 14354 631318
1377792300 9539 357483 9578 359087
1377792000 3904 120118 8414 345312
1377791700 8420 345442 10351 384449
1377791400 10338 383698 10351 384449
1377791100 6763 160582 9401 369250
1377790800 9393 368462 9401 369250
1377790500 8280 250743 8291 251072
1377790200 5094 152388 5097 152559
1377789900 4731 127679 6227 241278
1377789600 6218 240364 6227 241278
1377789300 4964 104566 11974 152006
1377789000 11923 151785 11974 152006
1377788700 4396 119039 4982 157606
1377788400 5048 161041 14932 672892
1377788100 14895 671139 14932 672892
1377787800 9523 410686 12338 508828
1377787500 12326 508382 12338 508828
1377787200 10654 440807 10680 441939
1377786900 6770 271541 6782 272262
1377786600 5075 165585 13412 573412
1377786300 13362 570606 13412 573412
1377786000 5941 152808 6784 201381
1377785700 6804 202618 9794 386979
1377785400 9776 386177 9794 386979
1377785100 4630 146657 5336 169933
1377784800 5340 170488 6036 253301
1377784500 6031 252608 6036 253301
1377784200 5341 149420 5346 149441
1377783900 3898 142971 4112 143214
1377783600 4125 107610 6202 222301
1377783300 6254 223883 14070 459738
1377783000 14073 460404 15053 659541
1377782700 15015 657595 15053 659541
1377782400 9404 367983 11362 464142
1377782100 11367 463705 13132 464142
1377781800 13068 331313 13132 333294
1377781500 3578 36000 3602 36235
1377781200 125 1105 177 1108
1377780900 176 724 177 725
1377780600 26 702 27 704
1377780300 22 538 71 683
1377780000 70 682 71 683
1377779700 17 552 18 692
1377779400 12 691 102 692
1377779100 102 617 105 714
1377778800 104 713 105 714
1377778500 22 508 57 726
1377778200 56 724 57 726
1377777900 39 548 40 664
1377777600 13 662 65 664
1377777300 65 507 116 749
1377777000 115 747 116 749
1377776700 32 498 60 722
1377776400 59 721 60 722
1377776100 24 471 25 695
1377775800 18 693 66 695
1377775500 66 477 107 707
1377775200 106 705 107 707
1377774900 35 552 78 842
1377774600 77 841 78 842
1377774300 52 670 53 713
1377774000 17 711 143 713
1377773700 142 537 143 859
1377773400 46 857 82 859
1377773100 81 508 82 677
1377772800 17 675 18 677
1377772500 16 491 64 694
1377772200 63 693 64 694
1377771900 32 523 106 793
1377771600 105 791 106 793
1377771300 71 501 72 692
1377771000 20 690 30 692
1377770700 29 510 30 673
1377770400 19 672 69 673
1377770100 69 543 103 727
1377769800 102 725 103 727
1377769500 37 481 72 683
1377769200 71 682 72 683
1377768900 23 562 24 723
1377768600 15 722 153 723
1377768300 152 533 153 699
1377768000 24 697 27 699
1377767700 27 522 55 668
1377767400 54 667 55 668
1377767100 34 642 35 908
1377766800 27 905 65 908
1377766500 65 550 117 717
1377766200 116 716 117 717
1377765900 28 596 85 795
1377765600 84 793 85 795
1377765300 37 597 38 677
1377765000 14 675 74 677
1377764700 73 507 74 683
1377764400 20 682 122 683
1377764100 121 590 122 795
1377763800 74 794 75 795
1377763500 31 536 32 701
1377763200 15 700 150 701
1377762900 149 552 150 781
1377762600 45 779 129 781
1377762300 128 621 129 711
1377762000 57 710 58 711
1377761700 31 526 32 694
1377761400 16 693 74 694
1377761100 74 515 100 692
1377760800 99 691 100 692
1377760500 23 544 206 774
1377760200 205 773 206 774
1377759900 35 722 36 760
1377759600 30 758 144 760
1377759300 143 506 144 718
1377759000 23 716 32 718
1377758700 32 563 56 694
1377758400 55 692 56 694
1377758100 23 489 30 687
1377757800 30 686 152 687
1377757500 151 666 152 667
1377757200 20 632 21 633
1377756900 19 510 61 709
1377756600 60 707 61 709
1377756300 33 509 34 671
1377756000 16 670 157 671
1377755700 156 585 157 707
1377755400 24 706 26 707
1377755100 26 471 60 683
1377754800 59 682 60 683
1377754500 23 539 24 709
1377754200 11 708 189 709
1377753900 188 595 189 675
1377753600 19 673 20 675
1377753300 18 508 58 695
1377753000 57 694 58 695
1377752700 36 545 37 674
1377752400 15 672 69 674
1377752100 69 523 121 782
1377751800 120 780 121 782
1377751500 32 499 61 660
1377751200 61 660 71 820
1377750900 70 819 71 820
1377750600 25 730 161 731
1377750300 160 595 161 676
1377750000 32 675 33 676
1377749700 30 568 60 716
1377749400 59 715 60 716
1377749100 32 497 33 702
1377748800 18 701 159 702
1377748500 158 561 159 659
1377748200 18 658 36 659
1377747900 36 552 73 707
1377747600 72 706 73 707
1377747300 17 492 19 638
1377747000 19 637 168 638
1377746700 167 626 168 676
1377746400 19 675 42 676
1377746100 42 569 62 686
1377745800 61 686 62 723
1377745500 46 722 47 723
1377745200 18 717 141 719
1377744900 140 524 141 727
1377744600 18 726 32 727
1377744300 32 484 92 843
1377744000 92 843 123 1035
1377743700 122 1032 123 1035
1377743400 15 721 72 722
1377743100 72 573 103 735
1377742800 102 734 103 735
1377742500 32 542 75 708
1377742200 74 707 75 708
1377741900 33 626 34 692
1377741600 21 691 136 692
1377741300 135 631 136 632
1377741000 36 628 37 631
1377740700 32 630 58 631
1377740400 57 592 58 609
1377740100 25 608 26 609
1377739800 26 598 157 700
1377739500 156 699 157 700
1377739200 20 579 21 659
1377738900 18 659 198 671
1377738600 196 671 198 704
1377738300 30 702 96 704
1377738000 95 530 96 818
1377737700 74 816 75 818
1377737400 13 530 35 696
1377737100 35 695 68 696
1377736800 67 608 68 660
1377736500 17 660 115 663
1377736200 114 663 115 755
1377735900 77 753 78 755
1377735600 20 586 21 645
1377735300 18 645 69 661
1377735000 68 661 69 705
1377734700 42 704 98 705
1377734400 97 597 98 650
1377734100 64 649 65 650
1377733800 32 606 45 748
1377733500 45 747 56 748
1377733200 55 702 56 839
1377732900 21 838 116 839
1377732600 115 719 116 720
1377732300 66 662 67 663
1377732000 24 597 25 724
1377731700 17 723 66 724
1377731400 66 663 66 810
1377731100 65 808 66 810
1377730800 26 612 153 827
1377730500 152 826 153 827
1377730200 17 691 44 837
1377729900 44 836 70 837
1377729600 69 708 70 797
1377729300 18 796 94 797
1377729000 94 669 143 1135
1377728700 142 1133 143 1135
1377728400 19 631 20 801
1377728100 16 800 79 801
1377727800 78 718 79 1096
1377727500 77 1097 142 1358
1377727200 142 1357 406 1358
1377726900 405 1341 406 1342
1377726600 343 1219 817 1553
1377726300 834 1661 3467 17895
1377726000 3454 18047 3467 40807
1377725700 1559 40797 1561 40807
1377725400 1317 39473 2160 42039
1377725100 2162 42060 2514 45307
1377724800 2512 45297 2514 45307
1377724500 2072 42778 2073 69663
1377724200 2030 69602 2033 69663
1377723900 1703 60768 4559 89474
1377723600 4540 89273 4559 89474
1377723300 1829 59427 2216 62516
1377723000 2215 62509 2216 62516
1377722700 2180 60663 4809 83013
1377722400 4797 82893 4809 83013
1377722100 3143 65080 3149 65097
1377721800 1543 60275 4065 80515
1377721500 4050 80381 4065 80515
1377721200 1955 60503 1957 62950
1377720900 1736 62932 1737 62950
1377720600 1677 60328 1678 60328
1377720300 1585 60371 3257 73232
1377720000 3253 73201 3257 73232
1377719700 2162 64736 6547 232107
1377719400 6518 230938 6547 232107
1377719100 2216 56755 2221 56770
1377718800 1541 54585 1542 55268
1377718500 1473 55262 1483 55268
1377718200 1483 54472 1600 57866
1377717900 1600 57855 1744 57866
1377717600 1743 54758 1744 56730
1377717300 1500 56722 1783 56730
1377717000 1783 54464 1849 55771
1377716700 1845 55761 1849 55771
1377716400 1387 54307 1551 54538
1377716100 1550 54537 1551 54538
1377715800 1409 54436 1466 56260
1377715500 1466 56251 1554 56260
1377715200 1555 53681 1747 56828
1377714900 1748 56819 2036 56828
1377714600 2037 55524 2593 61133
1377714300 2594 61188 2954 77700
1377714000 2949 77627 2954 77700
1377713700 1566 56070 5152 84976
1377713400 5141 84894 5152 84976
1377713100 2135 60681 4219 71439
1377712800 4210 71390 4219 71439
1377712500 1769 56853 1771 56865
1377712200 1443 53504 2587 65324
1377711900 2583 65277 2587 65324
1377711600 1537 51365 1663 51408
1377711300 1666 45132 2773 53280
1377711000 2812 54774 14521 501615
1377710700 14488 500480 14521 501615
1377710400 4799 160873 4808 161205
1377710100 2231 61819 2295 62655
1377709800 2293 62645 2295 62655
1377709500 1725 59945 1949 67512
1377709200 1948 67491 1949 67512
1377708900 1857 61464 1860 61503
1377708600 1559 55755 2317 60259
1377708300 2323 60385 3282 79247
1377708000 3282 79216 3363 79247
1377707700 3360 74841 3363 100249
1377707400 2916 100169 2919 100249
1377707100 2246 76840 4678 164910
1377706800 4699 165678 7876 280199
1377706500 7879 280359 8897 328365
1377706200 8925 329101 13197 438835
1377705900 13133 436713 13197 438835
1377705600 3617 120764 5208 189213
1377705300 5185 188405 5208 189213
1377705000 1896 68212 2509 97993
1377704700 2517 97985 3758 97993
1377704400 3748 96585 3758 96925
1377704100 2398 46830 6280 164220
1377703800 6284 164420 7507 224410
1377703500 7498 223956 7507 224410
1377703200 5696 88228 184189 88362
1377702900 183583 48506 184189 70303
1377702600 2620 70345 2623 76728
1377702300 2199 76726 5064 76728
1377702000 5058 76090 5064 76537
1377701700 4166 9607 4322 12023
1377701400 4328 12145 5305 30356
1377701100 5339 30785 10475 94753
1377700800 10410 94143 10475 94753
1377700500 729 3355 731 3356
1377700200 424 3335 959 4420
1377699900 958 4411 959 4420
1377699600 862 3071 997 3076
1377699300 994 1686 997 2781
1377699000 592 2775 594 2781
1377698700 429 2008 733 4644
1377698400 740 4747 1813 20220
1377698100 1808 20158 1813 20220
1377697800 429 1670 670 2584
1377697500 670 2577 737 2584
1377697200 738 1561 939 3402
1377696900 939 3397 986 3402
1377696600 984 1969 986 1971
1377696300 657 1617 1077 2294
1377696000 1073 2288 1077 2294
1377695700 637 1522 3698 6344
1377695400 3674 6307 3698 6344
1377695100 118 892 119 893
1377694800 55 814 112 887
1377694500 111 885 112 887
1377694200 41 722 42 723
1377693900 20 696 115 697
1377693600 114 674 115 745
1377693300 99 743 100 745
1377693000 19 471 70 778
1377692700 69 777 70 778
1377692400 32 552 33 737
1377692100 29 736 68 737
1377691800 68 504 112 702
1377691500 111 700 112 702
1377691200 24 507 56 698
1377690900 55 697 56 698
1377690600 26 550 27 683
1377690300 19 681 76 683
1377690000 76 518 98 691
1377689700 97 690 98 691
1377689400 20 483 79 760
1377689100 78 759 79 760
1377688800 19 519 37 718
1377688500 37 716 72 718
1377688200 71 526 72 878
1377687900 42 875 101 878
1377687600 100 491 101 746
1377687300 64 744 65 746
1377687000 19 481 22 675
1377686700 22 673 76 675
1377686400 75 523 76 692
1377686100 20 690 20 692
1377685800 20 522 150 705
1377685500 149 703 150 705
1377685200 21 480 22 665
1377684900 12 664 92 665
1377684600 91 550 92 730
1377684300 28 728 107 730
1377684000 106 527 107 678
1377683700 57 676 58 678
1377683400 24 524 25 675
1377683100 23 673 59 675
1377682800 58 478 59 744
1377682500 24 742 103 744
1377682200 102 507 103 659
1377681900 66 657 67 659
1377681600 25 491 26 694
1377681300 11 692 72 694
1377681000 71 542 72 730
1377680700 40 728 41 730
1377680400 19 537 156 881
1377680100 155 878 156 881
1377679800 45 537 46 677
1377679500 19 676 37 677
1377679200 37 553 64 705
1377678900 64 704 115 705
1377678600 114 564 115 763
1377678300 44 761 63 763
1377678000 62 488 63 706
1377677700 12 704 30 706
1377677400 30 498 87 877
1377677100 86 875 87 877
1377676800 45 593 190 783
1377676500 189 782 190 783
1377676200 66 541 67 701
1377675900 20 700 21 701
1377675600 21 477 65 715
1377675300 64 713 65 715
1377675000 20 509 102 693
1377674700 101 692 102 693
1377674400 64 548 65 685
1377674100 20 684 176 685
1377673800 175 675 176 807
1377673500 79 805 80 807
1377673200 35 527 36 968
1377672900 31 966 140 968
1377672600 139 500 140 672
1377672300 21 670 24 672
1377672000 24 493 67 724
1377671700 66 723 67 724
1377671400 16 518 156 797
1377671100 155 795 156 797
1377670800 19 466 20 684
1377670500 13 683 70 684
1377670200 69 492 70 706
1377669900 33 704 34 706
1377669600 27 536 145 732
1377669300 144 730 145 732
1377669000 29 524 30 666
1377668700 22 665 82 666
1377668400 81 539 82 779
1377668100 29 777 30 779
1377667800 17 457 65 676
1377667500 65 674 109 676
1377667200 108 503 109 694
1377666900 20 692 66 694
1377666600 65 529 66 716
1377666300 32 714 33 716
1377666000 25 500 79 701
1377665700 79 699 116 701
1377665400 115 539 116 680
1377665100 21 679 88 680
1377664800 87 594 88 713
1377664500 26 711 27 713
1377664200 19 482 73 694
1377663900 73 692 115 694
1377663600 114 541 115 722
1377663300 14 720 71 722
1377663000 70 517 71 703
1377662700 30 701 31 703
1377662400 25 526 66 709
1377662100 66 707 99 709
1377661800 98 553 99 677
1377661500 36 675 68 677
1377661200 67 518 68 695
1377660900 25 693 26 695
1377660600 16 460 89 784
1377660300 89 783 98 784
1377660000 97 506 98 660
1377659700 19 659 73 660
1377659400 72 562 73 929
1377659100 51 926 52 929
1377658800 23 495 24 701
1377658500 21 700 63 701
1377658200 63 496 107 723
1377657900 106 722 107 723
1377657600 73 509 74 701
1377657300 27 700 28 701
1377657000 21 546 64 686
1377656700 63 685 64 686
1377656400 15 452 100 697
1377656100 99 695 100 697
1377655800 66 523 67 750
1377655500 37 749 38 750
1377655200 12 477 69 704
1377654900 68 702 69 704
1377654600 13 473 108 688
1377654300 107 686 108 688
1377654000 59 531 60 763
1377653700 35 762 36 763
1377653400 31 499 81 722
1377653100 81 721 97 722
1377652800 96 512 97 704
1377652500 21 703 194 704
1377652200 192 644 194 749
1377651900 34 747 35 749
1377651600 14 455 65 704
1377651300 65 703 97 704
1377651000 96 520 97 747
1377650700 28 746 59 747
1377650400 58 539 59 720
1377650100 22 718 34 720
1377649800 34 538 71 795
1377649500 71 793 98 795
1377649200 97 521 98 824
1377648900 24 821 77 824
1377648600 76 512 77 811
1377648300 36 808 37 811
1377648000 17 501 66 748
1377647700 66 747 114 748
1377647400 113 608 114 728
1377647100 30 726 63 728
1377646800 62 565 63 792
1377646500 37 791 38 792
1377646200 25 497 108 966
1377645900 108 964 112 966
1377645600 111 792 112 1011
1377645300 21 1009 75 1011
1377645000 74 661 75 1141
1377644700 45 1140 46 1141
1377644400 43 922 489 1260
1377644100 486 1256 489 1260
1377643800 102 769 103 1055
1377643500 26 1053 118 1055
1377643200 117 907 118 1493
1377642900 85 1487 86 1493
1377642600 39 706 156 1066
1377642300 155 1064 156 1066
1377642000 96 803 97 869
1377641700 28 868 68 869
1377641400 67 791 68 1351
1377641100 55 1349 73 1351
1377640800 74 1030 242 5446
1377640500 241 5430 242 5446
1377640200 137 860 138 895
1377639900 41 894 78 895
1377639600 77 837 78 968
1377639300 50 966 51 968
1377639000 29 696 163 1084
1377638700 162 1081 163 1084
1377638400 106 703 107 864
1377638100 22 863 73 864
1377637800 72 716 73 1148
1377637500 56 1145 57 1148
1377637200 17 720 152 1015
1377636900 151 1014 152 1015
1377636600 64 994 65 995
1377636300 50 958 64 960
1377636000 64 750 77 1207
1377635700 76 1205 77 1207
1377635400 35 716 183 1061
1377635100 182 1059 183 1061
1377634800 45 870 107 1191
1377634500 107 1189 128 1191
1377634200 127 918 128 1103
1377633900 58 1101 59 1103
1377633600 42 856 161 1244
1377633300 160 1242 161 1244
1377633000 17 933 135 1536
1377632700 134 1535 135 1536
1377632400 59 1353 64 1354
1377632100 64 1085 110 1087
1377631800 109 706 110 1280
1377631500 80 1278 81 1280
1377631200 18 836 145 1361
1377630900 145 1358 193 1361
1377630600 193 931 314 1532
1377630300 312 1527 314 1532
1377630000 139 830 140 964
1377629700 27 962 28 964
1377629400 19 781 85 968
1377629100 84 967 85 968
1377628800 52 963 104 964
1377628500 104 906 183 1246
1377628200 182 1243 183 1246
1377627900 43 936 44 938
1377627600 11 611 64 851
1377627300 63 850 64 851
1377627000 38 732 127 990
1377626700 126 988 127 990
1377626400 73 745 74 1115
1377626100 64 1113 65 1115
1377625800 61 927 107 1100
1377624600 59 828 109 1071
1377622800 58 876 98 1082
1377621000 61 933 153 1120
1377619200 219 1877 387 2892
1377617400 71 969 134 1345
1377615600 58 906 114 1117
1377613800 62 994 115 1185
1377612000 92 1148 157 1636
1377610200 105 946 160 1343
1377608400 64 731 113 938
1377606600 52 654 136 872
1377604800 51 660 95 784
1377603000 55 665 146 970
1377601200 49 634 161 770
1377599400 49 612 146 772
1377597600 47 640 161 756
1377595800 52 620 147 802
1377594000 54 668 124 917
1377592200 56 648 118 804
1377590400 70 663 122 911
1377588600 79 696 171 844
1377586800 49 619 108 751
1377585000 55 670 115 863
1377583200 39 628 158 777
1377581400 52 635 158 782
1377579600 47 616 160 726
1377577800 61 652 160 862
1377576000 46 617 142 762
1377574200 55 683 97 1057
1377572400 47 623 96 740
1377570600 54 638 122 769
1377568800 152 633 642 750
1377567000 71 645 161 801
1377565200 58 690 161 901
1377563400 60 727 117 965
1377561600 66 897 143 1166
1377559800 69 995 117 1181
1377558000 65 911 118 1223
1377556200 97 1165 457 4091
1377554400 337 2172 484 4091
1377552600 287 1768 379 2030
1377550800 347 2018 426 2408
1377549000 361 1904 522 2361
1377547200 318 1734 555 2361
1377545400 644 2264 1340 3227
1377543600 377 2181 502 2585
1377541800 373 2336 531 3839
1377540000 357 2241 465 2599
1377538200 369 2252 611 3632
1377536400 1636 13027 5263 48377
1377534600 430 2420 599 5471
1377532800 370 1759 562 2828
1377531000 557 2399 1138 4556
1377529200 531 2213 779 3403
1377527400 930 4409 1645 12447
1377525600 516 1670 2342 11237
1377523800 944 5048 2342 13965
1377522000 59 597 106 839
1377520200 45 466 99 558
1377518400 57 488 98 749
1377516600 55 503 111 682
1377514800 50 452 111 498
1377513000 50 439 101 460
1377511200 51 446 101 483
1377509400 49 443 156 487
1377507600 52 477 104 607
1377505800 58 491 162 550
1377504000 85 497 148 596
1377502200 61 491 218 576
1377500400 50 444 91 479
1377498600 123 463 497 552
1377496800 65 462 107 513
1377495000 38 441 93 493
1377493200 48 437 119 489
1377491400 56 458 119 514
1377489600 55 477 119 598
1377487800 55 497 104 713
1377486000 50 447 98 476
1377484200 67 450 136 499
1377482400 35 435 96 489
1377480600 75 484 189 549
1377478800 62 443 112 466
1377477000 54 449 126 488
1377475200 46 437 107 452
1377473400 51 463 100 505
1377471600 47 443 100 502
1377469800 53 459 153 549
1377468000 48 451 144 493
1377466200 68 472 115 600
1377464400 36 443 109 459
1377462600 56 453 109 549
1377460800 54 464 136 530
1377459000 117 576 291 1008
1377457200 63 444 164 482
1377455400 44 455 117 504
1377453600 51 456 117 489
1377451800 49 445 106 483
1377450000 51 445 107 481
1377448200 48 442 114 494
1377446400 51 459 114 494
1377444600 49 443 104 520
1377442800 53 454 142 519
1377441000 47 441 145 508
1377439200 50 452 104 498
1377437400 74 478 161 558
1377435600 53 477 149 569
1377433800 50 437 109 481
1377432000 50 464 154 543
1377430200 54 475 109 653
1377428400 49 447 93 482
1377426600 52 445 145 500
1377424800 48 444 111 487
1377423000 50 449 117 523
1377421200 125 507 436 654
1377419400 68 475 152 538
1377417600 70 492 155 560
1377415800 75 488 182 615
1377414000 49 447 144 478
1377412200 56 459 121 496
1377410400 53 458 100 511
1377408600 52 444 173 515
1377406800 49 467 145 637
1377405000 54 457 186 596
1377403200 40 458 95 505
1377401400 51 473 99 671
1377399600 53 455 99 485
1377397800 61 453 154 505
1377396000 52 452 153 513
1377394200 57 467 144 572
1377392400 50 448 110 476
1377390600 43 444 152 520
1377388800 74 467 152 521
1377387000 58 457 160 523
1377385200 41 459 111 604
1377383400 65 473 164 604
1377381600 31 452 136 480
1377379800 62 453 136 498
1377378000 42 456 142 514
1377376200 71 463 158 549
1377374400 44 472 110 544
1377372600 119 573 362 997
1377370800 50 452 119 495
1377369000 52 470 108 551
1377367200 48 448 98 488
1377365400 52 454 98 508
1377363600 50 451 101 483
1377361800 52 456 101 524
1377360000 49 455 98 520
1377358200 53 465 103 520
1377356400 50 449 98 496
1377354600 52 476 115 618
1377352800 53 459 95 485
1377351000 70 474 158 564
1377349200 50 457 106 507
1377347400 117 455 514 523
1377345600 55 462 103 525
1377343800 51 477 139 653
1377342000 51 457 157 483
1377340200 50 453 108 473
1377338400 50 458 103 487
1377336600 49 441 97 518
1377334800 59 510 161 573
1377333000 54 474 108 535
1377331200 68 527 117 589
1377329400 75 543 167 697
1377327600 56 463 100 493
1377325800 51 451 101 507
1377324000 48 451 103 489
1377322200 52 445 97 489
1377320400 49 458 106 502
1377318600 54 456 114 531
1377316800 56 471 102 577
1377315000 53 485 94 657
1377313200 48 442 152 476
1377311400 53 451 109 489
1377309600 49 445 104 479
1377307800 75 479 160 529
1377306000 52 515 113 654
1377304200 50 501 99 702
1377302400 68 631 106 767
1377300600 52 521 100 590
1377298800 64 632 161 792
1377297000 60 733 158 1013
1377295200 59 918 133 1367
1377293400 72 1094 138 1367
1377291600 70 1123 138 1311
1377289800 77 1151 161 1305
1377288000 220 1273 482 1488
1377286200 648 2002 1674 3276
1377284400 316 1439 944 28947
1377282600 493 5996 4054 28947
1377280800 4372 61156 5832 166341
1377279000 615 2732 1852 7479
1377277200 675 13528 2094 66933
1377275400 2735 47943 6840 99455
1377273600 119 4018 199 16387
1377271800 177 1733 293 2730
1377270000 248 1823 424 2979
1377268200 113 1370 192 2049
1377266400 128 1382 270 2627
1377264600 181 1476 337 2080
1377262800 71 672 171 825
1377261000 55 623 109 695
1377259200 47 545 96 619
1377257400 58 599 103 756
1377255600 48 549 110 595
1377253800 51 552 155 627
1377252000 45 546 146 617
1377250200 54 565 147 736
1377248400 55 705 111 1025
1377246600 59 608 145 699
1377244800 65 582 128 719
1377243000 92 694 216 976
1377241200 52 552 108 592
1377239400 52 549 99 612
1377237600 49 562 144 587
1377235800 50 603 145 777
1377234000 48 540 111 583
1377232200 54 568 114 604
1377230400 47 551 107 608
1377228600 57 596 149 743
1377226800 52 553 160 630
1377225000 51 558 144 616
1377223200 47 563 109 607
1377221400 76 595 153 679
1377219600 49 579 105 615
1377217800 61 625 183 1344
1377216000 193 1284 341 1555
1377214200 196 1366 269 1747
1377212400 149 1282 221 1747
1377210600 73 888 352 1728
1377208800 863 3633 2877 13712
1377207000 4899 48134 9111 86695
1377205200 3140 37659 5801 74331
1377203400 1916 54293 2104 60015
1377201600 4695 78644 18570 311445
1377199800 35975 136114 147036 311445
1377198000 610 7698 12223 117796
1377196200 2713 26402 12223 117796
1377194400 68329 134558 393395 486902
1377192600 4562 121682 10411 337964
1377190800 19804 833103 39225 1746567
1377189000 9427 336698 36737 1465256
1377187200 1197 6200 1479 9540
1377185400 233687 1084613 648346 1430276
1377183600 13182 236133 44628 1409220
1377181800 407 3555 609 4030
1377180000 312 3495 342 5361
1377178200 311 2771 578 3834
1377176400 219 1828 578 3776
1377174600 48 590 117 650
1377172800 51 571 103 592
1377171000 44 599 98 760
1377169200 47 557 119 710
1377167400 54 594 119 710
1377165600 51 569 94 665
1377163800 58 616 155 976
1377162000 53 615 150 807
1377160200 69 698 160 1127
1377158400 64 624 232 908
1377156600 152 1208 363 2120
1377154800 48 575 96 670
1377153000 50 562 96 596
1377151200 78 818 136 1616
1377149400 54 562 151 609
1377147600 50 588 100 647
1377145800 81 772 186 1595
1377144000 45 551 99 600
1377142200 59 606 182 748
1377140400 48 554 106 582
1377138600 56 599 113 781
1377136800 146 5172 640 28178
1377135000 83 678 229 1250
1377133200 114 579 441 665
1377131400 90 888 179 1720
1377129600 144 1509 242 2300
1377127800 120 1264 248 2144
1377126000 102 1229 197 1974
1377124200 125 1633 1188 16245
1377122400 1777 14230 4053 28659
1377120600 132153 69436 1813520 382052
1377118800 1775887 758015 4032391 1216062
1377117000 880077 1135199 2593657 1196693
1377115200 3433103 356847 5483968 1111896
1377113400 5388459 164998 5491544 172964
1377111600 5435612 155583 5491544 157481
1377109800 5221828 155941 5632774 165504
1377108000 5398876 172619 5616818 205762
1377106200 5337428 157490 5688667 166074
1377104400 5561991 161124 5584438 177498
1377102600 5554868 156770 5701291 159616
1377100800 5281669 148515 5666715 159361
1377099000 895533 38363 3994602 113202
1377097200 224 1968 377 2683
1377095400 2695 4391 9368 9967
1377093600 161 1377 339 1697
1377091800 339 1793 1055 4206
1377090000 133 1381 290 2950
1377088200 107 1032 178 1980
1377086400 48 529 107 561
1377084600 60 579 118 760
1377082800 64 625 159 1025
1377081000 63 621 131 1025
1377079200 47 534 145 562
1377077400 54 524 135 577
1377075600 41 585 151 625
1377073800 57 557 161 639
1377072000 70 588 161 654
1377070200 84 588 210 801
1377068400 65 540 141 609
1377066600 52 526 120 567
1377064800 51 541 97 588
1377063000 123 536 446 709
1377061200 55 574 117 709
1377059400 39 522 115 579
1377057600 54 540 151 635
1377055800 97 924 199 1566
1377054000 165 1560 205 2100
1377052200 188 1755 242 2363
1377050400 164 1552 233 1956
1377048600 220 1880 308 2424
1377046800 188 1871 315 2383
1377045000 232 2121 333 2734
1377043200 227 2075 346 2843
1377041400 174 1714 346 2789
1377039600 282 2560 359 3447
1377037800 247 2432 399 4015
1377036000 166 1698 314 2695
1377034200 240 1928 330 2597
1377032400 221 2182 358 3867
1377030600 498 3753 17176 816440
1377028800 13447 628232 26515 1203101
1377027000 142980 336872 1837747 824898
1377025200 2267441 85477 2548079 166185
1377023400 906154 528557 2517335 3005866
1377021600 6597 100492 16720 509071
1377019800 12438 456113 24720 1108547
1377018000 2913 46076 5481 149375
1377016200 4994 137370 12116 443534
1377014400 9470 321333 17019 632320
1377012600 4298 81281 6864 182567
1377010800 9043 261325 18509 642524
1377009000 14090 385291 29334 1011315
1377007200 4413 105714 8308 291130
1377005400 1847 13699 3353 55449
1377003600 840 10836 2769 55449
1377001800 133 816 412 1231
1377000000 64 741 393 1171
1376998200 132 885 412 1163
1376996400 65 857 398 1229
1376994600 132 773 414 1158
1376992800 82 757 483 1363
1376991000 132 785 409 1195
1376989200 63 804 387 1188
1376987400 82 789 401 1217
1376985600 179 1281 520 2506
1376983800 327 1793 1568 4307
1376982000 66 681 405 1177
1376980200 136 787 419 1186
1376978400 63 909 387 1986
1376976600 132 773 405 1179
1376974800 63 813 387 1357
1376973000 130 841 401 1210
1376971200 63 733 389 1164
1376969400 134 913 415 1664
1376967600 63 714 386 1189
1376965800 130 880 442 2353
1376964000 137 1050 442 2353
1376962200 130 833 397 1257
1376960400 67 800 411 1303
1376958600 158 905 517 1548
1376956800 74 1120 450 2017
1376955000 132 856 414 1230
1376953200 73 1232 443 2130
1376951400 168 5574 11816 348469
1376949600 10847 307696 15981 459402
1376947800 6283 127796 8554 164436
1376946000 9159 193337 17379 303900
1376944200 7985 132074 17331 214819
1376942400 2340 24471 6140 117379
1376940600 738 3335 3347 12649
1376938800 515 2544 1857 5308
1376937000 1837 10364 3186 34499
1376935200 1545 19513 2718 34590
1376933400 3483 24786 8850 55340
1376931600 1680 4780 2448 6715
1376929800 16330 5539 91950 19674
1376928000 788 8329 1605 21423
1376926200 80286 82238 376421 380021
1376924400 80 1154 489 1837
1376922600 166 1290 524 1800
1376920800 82 1068 495 1788
1376919000 142 1087 432 1734
1376917200 55 777 341 1088
1376915400 118 558 365 979
1376913600 65 488 394 917
1376911800 120 565 371 932
1376910000 60 485 366 972
1376908200 141 628 443 1089
1376906400 82 498 453 1004
1376904600 131 647 437 1165
1376902800 62 518 380 927
1376901000 127 607 399 1044
1376899200 60 510 371 968
1376897400 131 618 438 1121
1376895600 48 474 296 907
1376893800 120 579 370 942
1376892000 73 518 444 1125
1376890200 118 577 359 943
1376888400 66 517 406 1014
1376886600 117 540 364 860
1376884800 65 487 393 982
1376883000 120 533 365 833
1376881200 58 459 353 827
1376879400 116 541 363 865
1376877600 56 461 341 818
1376875800 115 540 355 830
1376874000 57 475 353 846
1376872200 112 561 415 1030
1376870400 58 462 354 818
1376868600 127 556 421 990
1376866800 55 461 336 804
1376865000 142 635 441 1119
1376863200 69 509 420 1095
1376861400 123 588 381 994
1376859600 69 515 422 1124
1376857800 134 611 436 1117
1376856000 60 484 363 986
1376854200 127 628 414 1126
1376852400 64 488 390 977
1376850600 122 584 378 972
1376848800 60 484 368 939
1376847000 126 588 387 996
1376845200 55 491 340 919
1376843400 127 599 404 1004
1376841600 58 493 354 1001
1376839800 106 578 359 933
1376838000 61 481 377 957
1376836200 123 585 383 998
1376834400 60 502 370 951
1376832600 132 621 428 1108
1376830800 63 490 383 971
1376829000 121 581 369 968
1376827200 61 508 375 1058
1376825400 123 581 378 949
1376823600 63 482 384 941
1376821800 122 578 381 978
1376820000 83 504 459 995
1376818200 121 593 384 975
1376816400 70 576 424 1202
1376814600 124 606 395 970
1376812800 63 522 385 1045
1376811000 123 583 380 956
1376809200 66 508 410 1092
1376807400 126 578 381 968
1376805600 65 489 393 949
1376803800 133 615 448 1203
1376802000 60 477 370 933
1376800200 129 628 422 1092
1376798400 65 477 395 1018
1376796600 127 570 419 1006
1376794800 52 452 319 773
1376793000 116 536 359 858
1376791200 58 468 359 819
1376789400 117 533 364 837
1376787600 57 462 353 842
1376785800 102 523 348 839
1376784000 59 456 359 821
1376782200 115 535 354 814
1376780400 56 465 345 818
1376778600 124 568 416 979
1376776800 56 472 343 828
1376775000 112 542 346 833
1376773200 55 467 339 820
1376771400 131 623 423 1083
1376769600 62 491 379 939
1376767800 131 608 430 1120
1376766000 166 552 256 633
1376764200 317 832 1349 2159
1376762400 83 533 508 1162
1376760600 123 582 385 948
1376758800 59 489 362 994
1376757000 122 594 379 1025
1376755200 171 572 289 648
1376753400 310 834 1318 2255
1376751600 221 565 601 666
1376749800 352 881 1482 2454
1376748000 59 494 361 940
1376746200 119 591 362 973
1376744400 85 550 517 1314
1376742600 122 583 370 946
1376740800 72 513 439 1099
1376739000 132 614 436 1175
1376737200 70 518 432 1107
1376735400 140 638 448 1188
1376733600 60 481 371 937
1376731800 143 608 443 1001
1376730000 60 533 363 1030
1376728200 126 653 389 1096
1376726400 63 519 387 1016
1376724600 135 648 425 1163
1376722800 56 468 348 821
1376721000 119 573 366 911
1376719200 57 470 351 805
1376717400 104 527 349 813
1376715600 60 480 362 885
1376713800 129 552 436 882
1376712000 57 473 352 830
1376710200 170 607 353 869
1376708400 325 824 1315 2003
1376706600 137 627 447 1060
1376704800 92 514 382 874
1376703000 403 882 1439 2317
1376701200 67 525 411 1093
1376699400 145 707 442 1159
1376697600 75 619 462 1220
1376695800 152 829 474 1386
1376694000 73 783 445 1377
1376692200 184 854 395 988
1376690400 8496 284604 12397 472724
1376688600 6346 159920 20904 779830
1376686800 2753 14106 6076 21550
1376685000 4240 16324 11241 29021
1376683200 0 786 0 1003
1376681400 639 981 1864 1492
1376679600 2797 1009 16733 2169
1376677800 10705 1322 32227 2607
1376676000 4825 1037 29051 2509
1376674200 10829 1491 33176 2944
1376672400 5295 1052 31775 2545
1376670600 10427 1378 33026 2846
1376668800 5333 1104 32111 2690
1376667000 22762 1850 106906 4860
1376665200 75 802 457 1438
1376663400 148 1049 491 1705
1376661600 1292 1031 8331 1721
1376659800 109515 4274 552445 15288
1376658000 5603 917 33738 2198
1376656200 10383 1060 32238 2314
1376654400 5210 670 31161 1931
1376652600 10766 966 33510 2066
1376650800 5312 717 31878 2058
1376649000 10875 955 34341 2103
1376647200 5571 691 33433 2113
1376645400 11049 976 34545 2105
1376643600 5315 697 31899 1968
1376641800 10326 954 31600 2067
1376640000 4431 675 26684 1911
1376638200 11882 1041 39240 2390
1376636400 5648 699 33897 2003
1376634600 10675 961 33213 2054
1376632800 5270 680 31628 2060
1376631000 14661 1072 53219 2617
1376629200 5815 696 34780 2102
1376627400 44317 4495 190044 19448
1376625600 23916 3504 143504 18945
1376623800 27275 6621 129330 20287
1376622000 56 509 345 861
1376620200 112 606 350 998
1376618400 55 508 335 887
1376616600 111 589 344 898
1376614800 65 552 400 1044
1376613000 123 630 412 1137
1376611200 60 518 364 880
1376609400 132 710 430 1381
1376607600 64 702 391 1186
1376605800 137 937 321 1379
1376604000 295 1637 1607 5665
1376602200 0 814 0 1215
1376600400 0 836 0 1205
1376598600 0 728 0 856
1376596800 1659 14508 8011 70247
1376595000 11720 3336 36341 8953
1376593200 6843 1730 31963 229027
1376591400 101886 339710 375459 1528947
1376589600 151347 419914 695771 1528947
1376587800 1714 16304 4023 44194
1376586000 3167 46092 9559 249364
1376584200 235 1454 765 3376
1376582400 30751 4946 135419 8390
1376580600 23412 7045 39307 13412
1376578800 5673 1364 12503 3038
1376577000 947470 586994 4548612 3324540
1376575200 2851578 121600 4554969 132851
1376573400 720384 72284 1962393 173611
1376571600 0 527 0 703
1376569800 0 437 0 516
1376568000 0 448 0 539
1376566200 0 858 0 3067
1376564400 0 411 0 471
1376562600 6 431 44 469
1376560800 6 417 44 481
1376559000 103 463 519 540
1376557200 6 432 45 501
1376555400 13 443 46 497
1376553600 10 599 282 1248
1376551800 991 6947 4896 38093
1376550000 35 474 212 730
1376548200 87 543 316 785
1376546400 75 524 455 1023
1376544600 73 527 312 850
1376539200 151 2025 2415 36772
1376532000 270 11044 5246 253246
1376524800 65 706 380 1306
1376517600 5395 70104 57479 317539
1376510400 542 2619 2430 8711
1376503200 518 3331 46817 2196778
1376496000 12061 105770 183206 2196778
1376488800 63 718 455 1685
1376481600 77 522 489 1256
1376474400 58 500 309 977
1376467200 206652 374857 3044497 3873870
1376460000 60 578 315 1037
1376452800 46 566 258 892
1376445600 57 627 356 1125
1376438400 463 4893 9879 100758
1376431200 1978 21168 6212 84056
1376424000 382 2569 2354 7652
1376416800 578 8349 2454 91333
1376409600 4255 77050 40379 1374246
1376402400 35181 1907 559052 15501
1376395200 7219 826 31015 2081
1376388000 115398 3447 2306413 52529
1376380800 7681 888 31768 2188
1376373600 7887 878 32804 2160
1376366400 8108 912 41452 2496
1376359200 7253 904 33550 2175
1376352000 7894 1174 34138 3157
1376344800 10068 37746 44996 481581
1376337600 9805 45227 36676 1018302
1376330400 15957 30028 94392 199771
1376323200 97780 5278 1164245 27347
1376316000 5948 1016 25960 5223
1376308800 6386 664 25938 1655
1376301600 6915 673 32826 1729
1376294400 6632 823 27519 5108
1376287200 17791 961 293525 8890
1376280000 5933 642 26627 1543
1376272800 6354 646 25767 1562
1376265600 6300 654 25726 1490
1376258400 6525 658 29235 1611
1376251200 6376 646 25960 1523
1376244000 5968 648 26858 1644
1376236800 6370 663 26002 1635
1376229600 6295 665 32867 1716
1376222400 6889 657 25964 1645
1376215200 6742 674 31044 1640
1376208000 6489 668 27667 1576
1376200800 6566 677 25412 1550
1376193600 6466 661 28303 1578
1376186400 6294 645 25582 1533
1376179200 6326 650 26230 1552
1376172000 6308 649 25857 1518
1376164800 6310 651 25906 1552
1376157600 5860 651 26028 1580
1376150400 6026 710 27076 2360
1376143200 8050 711 31905 1570
1376136000 6589 670 26925 1594
1376128800 7028 697 33606 1744
1376121600 12283 1178 165581 10079
1376114400 7439 691 49815 2155
1376107200 5495 679 28275 1655
1376100000 6848 717 28244 1797
1376092800 5192 848 27512 1953
1376085600 18633 213761 56055 1677824
1376078400 15391 9293 110625 138373
1376071200 6471 5100 33496 27321
1376064000 37939 74231 527157 1557445
1376056800 6438 5246 27525 48268
1376049600 5789 761 25179 1733
1376042400 7633 847 32584 1928
1376035200 5850 800 26153 1929
1376028000 7317 825 46845 2272
1376020800 6349 794 26286 1834
1376013600 6669 839 27624 2015
1376006400 6902 912 40587 2027
1375999200 14273 1960 107213 12781
1375992000 10899 1501 35420 5132
1375984800 313659 147591 4142855 3344327
1375977600 118330 97455 769505 1674743
1375970400 0 622 0 933
1375963200 0 484 0 589
1375956000 0 489 38 764
1375948800 141 619 1277 1807
1375941600 2511 656 58063 2634
1375934400 759 610 15961 1404
1375927200 831 642 17424 1410
1375920000 1006 696 22009 1686
1375912800 433950 235442 6519547 3485596
1375905600 2799536 92484 6188377 222882
1375898400 1752888 243050 7211990 2147321
1375891200 582 28066 13745 658521
1375884000 8 667 60 1154
1375876800 8 499 43 582
1375869600 11 517 124 635
1375862400 97 1980 698 33332
1375855200 80 641 342 1079
1375848000 84 653 375 1229
1375840800 98 694 421 1361
1375833600 151 851 1580 3214
1375826400 165 1185 1371 2923
1375819200 83 1007 454 1814
1375812000 148 1360 43889 8825
1375804800 1536033 48409 5824298 185146
1375797600 2689 104795 51962 2262844
1375790400 72 577 329 871
1375783200 76 589 371 913
1375776000 115 640 1117 1668
1375768800 68 571 443 1135
1375761600 77 572 363 859
1375754400 76 599 372 922
1375747200 70 692 520 2702
1375740000 1204 12928 13577 259990
1375732800 3997 161779 34734 1604587
1375725600 19673 55872 360093 449676
1375718400 30739 47067 369446 391560
1375711200 124 899 1357 5688
1375704000 62 479 269 820
1375696800 61 492 288 802
1375689600 61 486 265 913
1375682400 61 474 269 781
1375675200 62 476 311 773
1375668000 61 477 263 790
1375660800 57 475 254 775
1375653600 56 476 260 765
1375646400 56 481 297 892
1375639200 60 478 251 743
1375632000 59 477 306 756
1375624800 58 478 260 775
1375617600 119 572 1325 2398
1375610400 61 542 263 929
1375603200 59 540 259 940
1375596000 59 522 260 803
1375588800 62 534 365 996
1375581600 61 523 299 822
1375574400 59 525 259 827
1375567200 60 529 263 831
1375560000 61 530 258 833
1375552800 59 527 263 848
1375545600 63 533 303 864
1375538400 62 530 275 816
1375531200 64 535 308 827
1375524000 59 551 254 815
1375516800 59 542 264 879
1375509600 56 528 265 829
1375502400 67 542 311 959
1375495200 61 560 259 937
1375488000 79 697 390 1406
1375480800 95 934 502 1996
1375473600 141 986 1334 2891
1375466400 611 5542 5507 65969
1375459200 3160 34294 10275 133911
1375452000 634 3279 3381 23610
1375444800 42 497 194 795
1375437600 41 465 198 701
1375430400 42 496 200 775
1375423200 42 502 195 772
1375416000 45 524 227 904
1375408800 42 539 200 831
1375401600 60 705 1683 64845
1375394400 2750 90878 10909 489270
1375387200 855 13579 3393 68502
1375380000 1328 16881 5331 192297
1375372800 965 3910 7552 28574
1375365600 52 767 278 1412
1375358400 42 485 189 758
1375351200 42 485 190 760
1375344000 44 483 199 778
1375336800 40 509 180 770
1375329600 36 510 173 637
1375322400 43 550 192 849
1375315200 57 724 339 1470
1375308000 77 850 358 1643
1375300800 6947 13697 164009 305802
1375293600 92 946 403 2660
1375286400 87 1080 358 4602
1375279200 58 666 291 1378
1375272000 53 506 225 804
1375264800 57 526 264 855
1375257600 52 529 235 919
1375250400 53 527 252 836
1375243200 61 556 279 867
1375236000 112 628 1342 2343
1375228800 84 715 481 1552
1375221600 96 1005 471 1834
1375214400 81 1086 365 2253
1375207200 96 1416 404 2718
1375200000 150 1478 1356 14144
1375192800 65 2990 322 31723
1375185600 55 640 244 1404
1375178400 52 650 234 1126
1375171200 61 641 338 1255
1375164000 57 651 261 1278
1375156800 57 656 254 1037
1375149600 59 715 315 1337
1375142400 102 890 1205 2234
1375135200 685 3489 5962 24547
1375128000 347 2311 2356 17208
1375120800 768 2916 2356 17208
1375113600 2 875 67 1416
1375106400 0 599 0 1106
1375099200 0 385 0 549
1375092000 0 383 0 531
1375084800 0 389 0 531
1375077600 0 371 0 431
1375070400 0 376 0 411
1375063200 0 379 0 432
1375056000 0 374 0 412
1375048800 0 375 0 431
1375041600 0 374 0 441
1375034400 0 371 0 473
1375027200 0 373 0 415
1375020000 0 376 0 442
1375012800 0 372 0 432
1375005600 0 384 0 575
1374998400 0 385 0 505
1374991200 0 376 0 454
1374984000 0 373 0 424
1374976800 0 374 0 422
1374969600 0 369 0 413
1374962400 0 388 0 498
1374955200 0 375 0 418
1374948000 0 377 0 420
1374940800 0 377 0 421
1374933600 0 379 0 428
1374926400 0 382 0 422
1374919200 0 401 0 523
1374912000 0 390 0 509
1374904800 0 387 0 471
1374897600 0 401 0 491
1374890400 0 418 0 531
1374883200 0 600 0 1041
1374876000 0 877 0 1241
1374868800 0 1071 0 1557
1374861600 0 782 0 1222
1374854400 0 756 0 1130
1374847200 0 681 0 1280
1374840000 0 475 0 753
1374832800 0 472 0 691
1374825600 0 490 0 642
1374818400 0 487 0 794
1374811200 0 472 0 520
1374804000 0 489 0 585
1374796800 0 620 0 951
1374789600 16 652 350 894
1374782400 0 2375 0 42473
1374775200 0 678 0 1316
1374768000 0 695 0 1097
1374760800 1 672 51 1247
1374753600 0 460 0 527
1374746400 0 470 0 663
1374739200 0 505 0 629
1374732000 0 473 0 521
1374724800 0 488 0 552
1374717600 0 489 0 543
1374710400 0 609 0 1298
1374703200 0 690 0 1111
1374696000 0 724 0 1177
1374688800 0 908 0 1877
1374681600 0 683 0 1436
1374674400 0 612 0 1127
1374667200 24 539 557 2292
1374660000 0 485 0 720
1374652800 0 491 0 666
1374645600 0 476 0 528
1374638400 0 479 0 545
1374631200 0 488 0 534
1374624000 2 607 68 1255
1374616800 0 687 0 1030
1374609600 0 698 0 938
1374602400 0 659 0 894
1374595200 0 701 0 934
1374588000 0 706 0 1156
1374580800 0 516 0 564
1374573600 0 519 0 603
1374566400 0 528 0 608
1374559200 0 534 0 612
1374552000 0 529 0 578
1374544800 0 609 0 1203
1374537600 11879 9614 284155 214650
1374530400 2178 16792 14250 147574
1374523200 715 5108 3269 25817
1374516000 0 875 0 1111
1374508800 0 899 0 1556
1374501600 0 661 0 1291
1374494400 0 369 0 432
1374487200 0 380 0 601
1374480000 0 389 0 533
1374472800 0 374 0 429
1374465600 0 371 0 431
1374458400 0 371 0 411
1374451200 0 370 0 429
1374444000 0 370 0 423
1374436800 0 371 0 429
1374429600 0 372 0 412
1374422400 0 370 0 421
1374415200 0 372 0 418
1374408000 0 372 0 423
1374400800 0 385 0 580
1374393600 0 384 0 537
1374386400 0 370 0 437
1374379200 0 372 0 444
1374372000 0 371 0 409
1374364800 0 376 0 434
1374357600 0 375 0 411
1374350400 0 376 0 426
1374343200 0 377 0 449
1374336000 0 392 0 505
1374328800 0 396 0 663
1374321600 0 374 0 417
1374314400 0 385 0 688
1374307200 13 407 244 754
1374300000 0 375 0 466
1374292800 0 385 0 442
1374285600 0 421 0 525
1374278400 0 520 0 813
1374271200 0 728 0 976
1374264000 0 711 0 940
1374256800 0 718 0 892
1374249600 15 841 189 1633
1374242400 182 1846 2152 23722
1374235200 0 474 0 549
1374228000 0 486 0 737
1374220800 120 6681 2861 147267
1374213600 0 472 0 511
1374206400 0 476 0 528
1374199200 0 482 0 519
1374192000 1 627 27 859
1374184800 398 19269 9483 445416
1374177600 0 923 0 3787
1374170400 0 922 23 4237
1374163200 386 15651 6888 337632
1374156000 6 801 111 1836
1374148800 0 579 0 641
1374141600 0 725 0 2506
1374134400 16 618 395 1253
1374127200 0 573 0 649
1374120000 0 573 0 640
1374112800 0 607 0 785
1374105600 1 761 30 1286
1374098400 385 15440 5314 210484
1374091200 0 1421 0 7674
1374084000 0 796 0 1248
1374076800 0 787 0 1214
1374069600 0 714 0 1215
1374062400 0 499 0 583
1374055200 0 494 0 739
1374048000 135 7242 2996 161903
1374040800 0 495 0 544
1374033600 0 492 0 578
1374026400 0 501 0 597
1374019200 480 17548 5775 259607
1374012000 952 34383 7358 251260
1374004800 0 767 0 1051
1373997600 0 783 0 975
1373990400 0 864 0 1265
1373983200 0 682 0 1294
1373976000 0 455 0 499
1373968800 0 465 0 701
1373961600 0 475 0 591
1373954400 0 459 0 527
1373947200 0 477 0 538
1373940000 0 497 0 618
1373932800 4 721 47 1871
1373925600 2000 90813 14680 636148
1373918400 29 778 685 1031
1373911200 15 846 165 3509
1373904000 124 5931 2326 118445
1373896800 0 680 0 1289
1373889600 0 431 0 496
1373882400 0 425 0 488
1373875200 0 430 0 503
1373868000 0 430 0 531
1373860800 0 434 0 494
1373853600 0 428 0 521
1373846400 0 427 0 500
1373839200 0 428 0 490
1373832000 0 434 0 586
1373824800 0 428 0 497
1373817600 0 430 0 497
1373810400 0 424 0 493
1373803200 0 429 0 508
1373796000 0 428 0 497
1373788800 0 432 0 511
1373781600 0 428 0 483
1373774400 0 632 0 3767
1373767200 0 432 0 497
1373760000 0 432 0 537
1373752800 0 444 0 657
1373745600 0 370 0 450
1373738400 0 373 0 459
1373731200 0 376 0 414
1373724000 0 373 0 419
1373716800 0 373 0 426
1373709600 0 379 0 435
1373702400 0 391 0 545
1373695200 0 377 0 431
1373688000 0 373 0 438
1373680800 0 418 0 566
1373673600 0 463 0 761
1373666400 0 653 0 995
1373659200 57 2442 1150 43998
1373652000 5 641 26 906
1373644800 11 653 58 1043
1373637600 8 565 41 902
1373630400 4 413 19 593
1373623200 5 430 19 1039
1373616000 6 412 21 586
1373608800 20 405 395 448
1373601600 4 400 19 466
1373594400 4 524 21 714
1373587200 7 716 45 1075
1373580000 6 709 28 1195
1373572800 6 645 27 1024
1373565600 5 673 23 1030
1373558400 17 747 149 1345
1373551200 6 548 26 1786
1373544000 5 377 20 415
1373536800 21 386 412 481
1373529600 5 423 24 653
1373522400 4 397 16 443
1373515200 4 399 27 477
1373508000 4 483 22 1124
1373500800 6 567 31 1779
1373493600 8 1360 41 4164
1373486400 14 3519 87 61192
1373479200 11 699 109 1077
1373472000 22 647 415 1340
1373464800 17 611 194 1436
1373457600 4 438 19 473
1373450400 4 457 20 530
1373443200 12 487 137 665
1373436000 4 466 21 523
1373428800 3 468 26 522
1373421600 4 472 26 518
1373414400 4 542 16 786
1373407200 355 16685 8181 384425
1373400000 11 848 104 1351
1373392800 13 886 104 1323
1373385600 7 775 37 1037
1373378400 8 693 49 1363
1373371200 5 505 24 584
1373364000 4 498 19 550
1373356800 4 505 19 653
1373349600 5 504 19 579
1373342400 4 521 20 694
1373335200 21 510 399 558
1373328000 9 605 38 865
1373320800 16 839 102 1635
1373313600 19 814 83 1507
1373306400 16 743 64 1053
1373299200 10 813 38 1145
1373292000 8 612 26 1400
1373284800 4 388 17 448
1373277600 5 392 19 453
1373270400 5 392 19 449
1373263200 5 391 23 434
1373256000 21 400 411 473
1373248800 5 398 19 451
1373241600 5 394 20 445
1373234400 5 395 17 445
1373227200 5 395 19 451
1373220000 5 396 20 447
1373212800 6 395 18 439
1373205600 5 396 20 452
1373198400 5 395 28 459
1373191200 5 401 26 452
1373184000 22 401 406 458
1373176800 5 398 20 468
1373169600 5 399 20 440
1373162400 5 399 17 459
1373155200 5 402 19 479
1373148000 5 401 20 455
1373140800 4 403 25 473
1373133600 5 399 16 445
1373126400 6 413 20 587
1373119200 21 406 397 488
1373112000 5 410 20 480
1373104800 5 408 20 461
1373097600 5 413 23 472
1373090400 5 410 18 449
1373083200 4 410 28 476
1373076000 5 409 25 465
1373068800 6 414 32 550
1373061600 5 411 15 517
1373054400 4 408 16 464
1373047200 5 408 19 458
1373040000 22 409 414 474
1373032800 5 405 27 465
1373025600 5 406 18 440
1373018400 5 402 17 465
1373011200 5 405 26 470
1373004000 5 402 17 463
1372996800 4 406 20 472
1372989600 6 406 23 444
1372982400 4 407 20 457
1372975200 22 408 409 465
1372968000 4 407 16 500
1372960800 6 406 20 482
1372953600 5 406 22 457
1372946400 5 410 21 459
1372939200 5 408 16 459
1372932000 5 407 28 472
1372924800 6 422 23 601
1372917600 5 411 25 454
1372910400 5 412 20 463
1372903200 21 422 404 483
1372896000 5 430 28 477
1372888800 8 553 44 871
1372881600 10 747 86 1069
1372874400 30 870 472 3132
1372867200 9 671 44 868
1372860000 17 726 94 1478
1372852800 4 416 17 526
1372845600 4 411 20 466
1372838400 5 443 23 813
1372831200 4 416 406 489
1372824000 20 418 406 489
1372816800 4 424 26 483
1372809600 8 478 94 1053
1372802400 7 674 32 971
1372795200 11 702 45 888
1372788000 16 719 77 1248
1372780800 13 688 59 1117
1372773600 11 610 51 1502
1372766400 5 351 16 417
1372759200 21 370 401 572
1372752000 6 371 23 642
1372744800 3 346 20 409
1372737600 4 355 19 422
1372730400 4 416 16 463
1372723200 7 513 41 770
1372716000 16 1014 60 1762
1372708800 15 874 60 1544
1372701600 9 677 55 920
1372694400 14 776 48 1184
1372687200 30 677 423 1329
1372680000 5 354 17 398
1372672800 4 369 20 557
1372665600 5 362 35 543
1372658400 5 351 19 405
1372651200 4 350 19 391
1372644000 4 350 16 387
1372636800 5 356 20 416
1372629600 5 351 20 409
1372622400 5 358 20 407
1372615200 5 352 20 406
1372608000 21 355 401 409
1372600800 3 348 19 401
1372593600 5 354 20 400
1372586400 4 363 19 576
1372579200 5 373 31 582
1372572000 4 352 19 398
1372564800 4 353 15 402
1372557600 4 353 20 420
1372550400 4 354 17 403
1372543200 21 362 408 418
1372536000 4 360 23 421
1372528800 4 363 19 454
1372521600 5 356 20 395
1372514400 4 366 16 459
1372507200 4 352 19 399
1372500000 4 366 17 559
1372492800 5 383 35 658
1372485600 4 358 17 432
1372478400 5 358 20 446
1372471200 24 388 400 526
1372464000 8 480 26 724
1372456800 9 673 43 936
1372449600 12 698 42 908
1372442400 13 769 50 1136
1372435200 11 673 60 1163
1372428000 6 605 30 1039
1372420800 5 469 19 531
1372413600 4 484 19 702
1372406400 23 518 402 882
1372399200 5 470 19 520
1372392000 4 468 19 567
1372384800 4 491 25 808
1372377600 15 598 51 919
1372370400 8 607 44 875
1372363200 10 770 42 1527
1372356000 9 742 42 1082
1372348800 4 678 25 1080
1372341600 4 665 25 1637
1372334400 4 481 20 535
1372327200 28 507 587 736
1372320000 4 522 24 770
1372312800 4 479 19 542
1372305600 4 618 16 1811
1372298400 5 600 21 1621
1372291200 8 602 42 993
1372284000 11 771 47 1783
1372276800 14 715 56 1054
1372269600 10 707 59 981
1372262400 34 720 447 1226
1372255200 5 602 27 1009
1372248000 4 438 16 508
1372240800 5 449 24 726
1372233600 4 478 23 762
1372226400 4 436 16 531
1372219200 4 472 33 796
1372204800 6 613 402 2103
1372118400 8 589 406 2465
1372032000 3 320 405 592
1371945600 4 333 398 606
1371859200 7 529 403 1433
1371772800 6 465 401 2540
1371686400 8 507 582 2332
1371600000 6 577 401 3641
1371513600 7 568 402 20929
1371427200 4 331 398 594
1371340800 11 732 2229 111910
1371254400 9 523 402 1384
1371168000 9 649 405 21258
1371081600 23 1313 3831 166257
1370995200 8 474 417 1103
1370908800 7 492 419 1945
1370822400 4 334 402 553
1370736000 4 330 398 578
1370649600 6 472 390 1027
1370563200 9 480 401 1244
1370476800 8 513 395 1338
1370390400 11 532 420 1443
1370304000 8 510 402 1708
1370217600 4 327 399 530
1370131200 3 330 399 534
1370044800 26 1005 2753 146893
1369958400 31 1443 5290 253517
1369872000 6 518 403 19535
1369785600 10 451 560 1133
1369699200 4 310 392 389
1369612800 5 311 393 379
1369526400 4 315 390 393
1369440000 5 406 398 1660
1369353600 8 441 391 1484
1369267200 11 468 394 1188
1369180800 6 477 400 2172
1369094400 8 440 391 1664
1369008000 2 254 392 332
1368921600 3 265 390 439
1368835200 7 489 427 1375
1368748800 9 544 394 1420
1368662400 18 1261 3804 186948
1368576000 14 1003 1039 62009
1368489600 7 563 394 1638
1368403200 3 393 392 585
1368316800 4 398 402 677
1368230400 6 567 399 6897
1368144000 6 528 392 1305
1368057600 8 518 398 1412
1367971200 7 562 391 1154
1367884800 8 490 391 2059
1367798400 4 316 390 530
1367712000 4 347 393 579
1367625600 8 510 408 2200
1367539200 10 629 392 2920
1367452800 12 600 396 2012
1367366400 165 1009 3260 9934
1367280000 8 593 392 2180
1367193600 5 379 392 607
1367107200 3 429 400 657
1367020800 8 566 396 1246
1366934400 601 15798 10027 372845
1366848000 2212 14333 134227 780951
1366761600 284 5553 6258 277620
1366675200 468 10424 11303 424768
1366588800 9 265 414 456
1366502400 10 275 392 650
1366416000 575 13625 8021 297380
1366329600 581 15306 43168 845338
1366243200 1095 23536 17852 305264
1366156800 937 16965 20158 273910
1366070400 805 9998 18090 669898
1365984000 6 381 398 903
1365897600 10 394 402 820
1365811200 7136 22653 1392566 1368719
1365724800 1265 20566 121092 389605
1365638400 137 1347 7455 127399
1365552000 1169 10426 105469 297491
1365465600 843 15637 16171 391157
1365379200 23 365 402 628
1365292800 17 380 402 1124
1365206400 1283 18023 40645 438272
1365120000 426 7158 7099 251787
1365033600 723 16876 8512 353901
1364947200 4513 16228 664292 766786
1364860800 581 15372 11780 365001
1364774400 29 535 419 1029
1364688000 36 576 809 4422
1364601600 633 11105 11378 425346
1364515200 5342 21398 57481 750353
1364428800 499 8375 6566 279883
1364342400 739 16909 15779 296308
1364256000 926 17658 10027 372755
1364169600 81 501 480 892
1364083200 117 566 10186 11199
1363996800 767 17094 7835 367334
1363910400 93 760 482 6488
1363824000 807 9742 9321 198569
1363737600 423 9436 5053 285284
1363651200 731 13061 8304 332984
1363564800 8 428 402 726
1363478400 8 416 404 860
1363392000 14 732 445 6892
1363305600 606 7625 9846 228792
1363219200 872 14752 19093 621173
1363132800 673 15927 10330 441379
1363046400 554 11453 13793 480360
1362960000 60 493 423 1797
1362873600 305 3067 15630 124392
1362787200 1039 13051 29572 276443
1362700800 1069 18580 16691 260540
1362614400 4282 19786 709860 638731
1362528000 708 11395 5959 305351
1362441600 616 6324 6618 222499
1362355200 7 468 391 1758
1362268800 7 514 388 10536
1362182400 711 12451 5774 211558
1362096000 825 20845 9220 396903
1362009600 519 10169 7587 309162
1361923200 866 23184 7490 337007
1361836800 13 801 387 23153
1361750400 10 435 396 1804
1361664000 12 561 392 15123
1361577600 12 782 391 12349
1361491200 13 1017 393 19792
1361404800 1678 18998 249055 579049
1361318400 16 1062 389 12955
1361232000 12 920 399 24753
1361145600 11 727 392 1636
1361059200 11 724 392 1413
1360972800 11 942 394 2507
1360886400 765 20227 11703 438614
1360800000 1055 10658 146123 266084
1360713600 527 7738 6474 268826
1360627200 663 10802 9230 327991
1360540800 103 928 445 3059
1360454400 110 1333 1010 57729
1360368000 320 9106 12861 684756
1360281600 6240 11599 1562148 293358
1360195200 764 13444 9517 350103
1360108800 1862 10472 130476 253778
1360022400 769 13891 6172 245896
1359936000 104 951 701 3541
1359849600 105 1063 688 14213
1359763200 132 1479 732 12573
1359676800 140 1590 500 15360
1359590400 1031 21206 34779 379459
1359504000 153 1404 530 10761
1359417600 14240 30499 2092539 2168842
1359331200 12 726 391 2016
1359244800 12 734 383 1993
1359158400 6903 29041 1189217 2055378
1359072000 143 1871 4470 51791
1358985600 630 12706 15111 416663
1358899200 626 13735 10296 452406
1358812800 14 846 383 7323
1358726400 14 827 386 2216
1358640000 150 4712 7833 480545
1358553600 1522 14923 266758 431884
1358467200 1373 13542 259763 457582
1358380800 618 18089 8705 457362
1358294400 610 13452 7255 324077
1358208000 11647 23445 2623344 3256018
1358121600 11 670 382 903
1358035200 79 1546 4150 119621
1357948800 429 11977 6581 324776
1357862400 666 16162 9059 386991
1357776000 27 1699 1127 63070
1357689600 22 974 1385 4431
1357603200 1191 13469 61432 403477
1357516800 12 662 393 908
1357430400 11 672 521 854
1357344000 437 6853 6041 219069
1357257600 61 1070 2628 12643
1357171200 419 6806 19134 321055
1357084800 11 615 387 772
1356998400 510 10858 36268 1283999
1356912000 11 694 385 803
1356825600 11 701 387 929
1356739200 96454 8639 5570469 222712
1356652800 641 7738 5087 118766
1356566400 469 10375 8910 317188
1356480000 12 590 388 721
1356393600 12 590 392 767
1356307200 12 590 387 724
1356220800 11 597 392 785
1356134400 15 800 471 2712
1356048000 1450 24089 225690 389668
1355961600 690 11054 55901 264204
1355875200 466 11202 7425 333523
1355788800 16 801 410 1324
1355702400 11 683 394 964
1355616000 11 701 391 1181
1355529600 793 9416 76236 264303
1355443200 1113 11226 139863 525158
1355356800 34375 13689 4704832 1018846
1355270400 16 1051 528 48627
1355184000 15 896 385 1620
1355097600 11 764 383 952
1355011200 10 789 385 1148
1354924800 15 1027 386 2833
1354838400 436 11130 11024 319273
1354752000 510 15535 7163 253528
1354665600 563 15503 9410 372857
1354579200 1538 24499 110672 681077
1354492800 11 640 386 724
1354406400 11 656 383 986
1354320000 13 829 387 1445
1354233600 125 3075 3812 116008
1354147200 704 15441 15858 404249
1354060800 832 19168 39393 699283
1353974400 4476 17079 1001539 416686
1353888000 13 319 384 762
1353801600 13 315 387 406
1353715200 12 317 380 609
1353628800 12 318 392 460
1353542400 683 18002 7713 313041
1353456000 606 16812 9752 344134
1353369600 1002 14985 114030 357944
1353283200 13 325 391 512
1353196800 18 348 389 715
1353110400 3597 25281 857204 1969362
1353024000 1242 20093 152134 322014
1352937600 3342 29217 452950 1876993
1352851200 806 21189 34193 514552
1352764800 6275 27515 758003 1369539
1352678400 13 376 305 569
1352592000 97 2619 9185 285489
1352505600 3173 19905 331482 561663
1352419200 416 7145 9567 117443
1352332800 971 24288 37304 1346612
1352246400 707 16934 15508 831244
1352160000 660 17329 6455 301839
1352073600 18 286 310 407
1351987200 19 335 310 559
1351900800 1149 10526 170637 521361
1351814400 833 16557 11286 316637
1351728000 836 7593 35011 254003
1351641600 109 544 403 960
1351555200 121 606 392 1093
1351468800 117 613 408 918
1351382400 118 614 412 933
1351296000 149 975 753 30774
1351209600 151 1035 438 1989
1351123200 154 1003 436 1986
1351036800 102 1202 6252 81049
1350950400 843 15847 15431 235162
1350864000 43 520 326 2452
1350777600 43 524 333 1627
1350691200 65 944 3610 128049
1350604800 1874 30702 188305 419803
1350518400 25044 38537 6489416 3525017
1350432000 3196 22178 453730 884080
1350345600 1642 23043 207586 2150364
1350259200 132 7009 34539 1874970
1350172800 12 491 308 962
1350086400 1888 33631 143087 1192779
1350000000 10124 26353 1171474 730457
1349913600 15 806 540 27793
1349827200 10028 15559 2491952 416356
1349740800 5542 18330 1381657 1327747
1349654400 10 524 295 672
1349568000 40 781 2748 22757
1349481600 1028 19700 29378 352759
1349395200 1063 14510 91500 249885
1349308800 868 17586 11183 305915
1349222400 1788 18652 169960 514307
1349136000 7119 26477 1199536 2026826
1349049600 10 415 292 810
1348963200 46 1486 4335 113949
1348876800 2891 20242 595897 1163540
1348790400 12183 25112 2705774 2246744
1348704000 667 16363 6022 276841
1348617600 919 19503 19347 306268
1348531200 1316 12385 217515 239158
1348444800 11 444 293 704
1348358400 17 804 1907 98410
1348272000 13 674 296 1892
1348185600 922 20998 12556 471951
1348099200 3301 20133 712167 924221
1348012800 927 21881 12679 609560
1347926400 757 13798 12185 484162
1347840000 10 455 291 615
1347753600 10 459 298 597
1347667200 2149 18509 409059 853319
1347580800 3205 14379 711849 762282
1347494400 3463 20151 824773 1055352
1347408000 2438 17497 192386 842964
1347321600 1554 15993 231372 449039
1347235200 81 527 391 741
1347148800 94 604 1220 8839
1347062400 1263 17144 142821 342526
1346976000 714 12940 11540 600088
1346889600 1181 11183 100232 205279
1346803200 714 4755 28043 97419
1346716800 82 579 345 927
1346630400 81 574 368 924
1346544000 81 570 350 921
1346457600 88 766 376 1410
1346371200 91 986 416 2360
1346284800 65 940 589 13459
1346198400 56 803 343 1966
1346112000 57 793 318 2104
1346025600 49 620 333 905
1345939200 48 629 323 998
1345852800 176 4049 2010 68413
1345766400 198 4802 3056 157280
1345680000 187 4248 571 7001
1345593600 188 4331 507 14100
1345507200 208 4232 1254 7665
1345420800 181 4020 512 13644
1345334400 181 4003 463 5246
1345248000 187 4266 477 12911
1345161600 1350 18619 109757 358384
1345075200 2230 21011 260475 409574
1344988800 747 12913 14822 575334
1344902400 2310 25587 258427 813677
1344816000 178 4246 463 5664
1344729600 209 5622 5316 218429
1344643200 1357 17025 106375 307635
1344556800 5739 27474 1082170 1392876
1344470400 755 6910 75651 288431
1344384000 692 9724 10932 363990
1344297600 891 19543 12393 341764
1344211200 48 544 327 9052
1344124800 47 526 306 1359
1344038400 57 828 486 9217
1343952000 558 13372 8390 342835
1343865600 685 16222 15722 708272
1343779200 644 17212 10673 393881
1343692800 827 11065 50579 269619
1343606400 48 515 319 787
1343520000 898 1253 120749 66395
1343433600 3607 13236 106127 352461
1343347200 4933 18801 342825 507986
1343260800 24721 11677 2450482 482356
1343174400 10214 15806 1181467 320960
1343088000 4021 16461 120081 425236
1343001600 10714 912 1981342 57508
1342915200 3638 1549 135514 170205
1342828800 4835 12656 362811 298871
1342742400 5638 17541 395280 383492
1342656000 25791 18500 3804354 394411
1342569600 6117 13308 436844 410768
1342483200 26149 20692 2097339 1289230
1342396800 8776 762 2364804 68618
1342310400 666 542 37084 2190
1342224000 2620 24994 264262 555150
1342137600 21807 18340 1987378 1449163
1342051200 42133 2040 3803244 105784
1341964800 52979 20194 4661562 1341606
1341878400 679 17704 8969 365042
1341792000 0 495 0 611
1341705600 0 502 0 587
1341619200 0 590 0 1144
1341532800 11722 26377 2236054 416183
1341446400 0 493 0 593
1341360000 105362 91321 3297573 7819599
1341273600 4189 26324 661856 423659
1341187200 67 2044 2475 63818
1341100800 9 559 1115 9286
1341014400 723 5161 14952 172721
1340928000 1399 22511 175509 393454
1340841600 634 17265 15278 573300
1340755200 1519 8845 287771 362081
1340668800 17110 13168 1764044 235849
1340582400 0 497 0 585
1340496000 0 508 0 968
1340409600 36176 39844 3952737 2787073
1340323200 25450 18823 3516352 1401146
1340236800 77079 33419 3900435 2000803
1340150400 290197 64711 8185831 1299328
1340064000 158193 29933 7849542 741430
1339977600 0 541 0 774
1339891200 0 543 0 782
1339804800 209 1543 53197 41357
1339718400 1070 13745 67632 473632
1339632000 1763 11724 190196 289747
1339545600 3626 8525 477401 489062
1339459200 1253 19959 169166 454361
1339372800 0 513 0 604
1339286400 11 1081 3232 140595
1339200000 480 14542 7268 293544
1339113600 3823 20365 391865 466087
1339027200 2756 14669 267480 319984
1338940800 0 1143 0 3514
1338854400 0 861 0 2241
1338768000 0 540 0 763
1338681600 0 545 0 753
1338595200 7754 19651 533019 675679
1338508800 2825 12777 255439 425553
1338422400 1734 17424 144001 439429
1338336000 6287 22957 420151 413760
1338249600 0 521 0 624
1338163200 0 526 0 624
1338076800 0 499 0 683
1337990400 146 4631 8902 361951
1337904000 1782 10555 160307 313182
1337817600 545 10275 8768 220075
1337731200 478 12608 8064 287307
1337644800 637 12976 7949 340958
1337558400 33 381 504 2015
1337472000 37 413 850 3987
1337385600 469 8930 9375 310994
1337299200 530 9479 36637 176040
1337212800 725 12899 15601 338965
1337126400 715 20740 11464 312124
1337040000 449 5438 10513 159217
1336953600 19 428 489 8391
1336867200 20 441 487 731
1336780800 18 1011 489 4817
1336694400 855 15227 66719 873755
1336608000 720 21970 12421 745009
1336521600 607 12427 5596 208393
1336435200 1004 31580 18379 445580
1336348800 20 466 482 8077
1336262400 19 400 476 585
1336176000 832 25705 7922 404042
1336089600 1038 19744 46437 1055796
1336003200 4444 35233 859099 1632394
1335916800 707 22958 8991 382859
1335830400 781 17554 11742 431544
1335744000 3166 1004 168744 43561
1335657600 79 739 3053 63672
1335571200 5754 21893 803235 1570140
1335484800 6956 32251 1588659 1633770
1335398400 1695 16449 173512 519222
1335312000 1335 16163 78740 391693
1335225600 829 16983 13224 610812
1335139200 67 400 527 4995
1335052800 67 409 549 4972
1334966400 192 1391 15141 51055
1334880000 4021 23352 479936 582061
1334793600 1220 19690 53739 867219
1334707200 708 16344 24153 1280180
1334620800 6676 19288 1702785 479425
1334534400 45 413 1313 5151
1334448000 115 2282 7239 308176
1334361600 1178 18223 97280 947558
1334275200 780 15113 21010 588175
1334188800 1168 16046 85669 468977
1334102400 1617 32766 148671 1944339
1334016000 1427 40681 33787 997612
1333929600 73 357 536 1674
1333843200 78 401 631 5333
1333756800 951 17549 85676 341336
1333670400 1217 21946 111805 326230
1333584000 1036 18817 50271 364255
1333497600 779 24279 18966 879892
1333411200 735 18391 9616 430843
1333324800 99 514 1674 5798
1333238400 122 540 584 1004
1333152000 1205 2260 299655 287762
1333065600 6155 14992 941754 908813
1332979200 1763 25056 254423 560029
1332892800 1144 35051 15367 638693
1332806400 543 11096 8580 407806
1332720000 184 1614 3827 15164
1332633600 3741 3238 69264 69845
1332547200 707 13312 14225 619226
1332460800 2181 11684 450682 598479
1332374400 2334 29554 229272 522629
1332288000 596 10982 8762 376908
1332201600 1223 6290 199783 184047
1332115200 17 401 483 4222
1332028800 15 390 473 734
1331942400 43 1073 2689 8820
1331856000 16 948 476 6426
1331769600 251 3707 26838 335649
1331683200 102 1587 4536 33670
1331596800 30 584 999 9109
1331510400 21 405 478 1744
1331424000 21 411 477 3500
1331337600 26 464 785 3836
1331251200 42 634 473 10525
1331164800 39 550 1129 4062
1331078400 22 547 483 4062
1330992000 145 1044 32944 122059
1330905600 19 496 481 662
1330819200 19 475 467 3783
1330732800 20 528 476 4265
1330646400 21 541 482 4265
1330560000 20 536 473 3830
1330473600 29 701 695 19476
1330387200 50 1078 6379 151898
1330300800 36 421 1233 4568
1330214400 52 394 500 3939
1330128000 109 1083 3375 21984
1330041600 93 1023 7167 53765
1329955200 22721 38388 639962 764644
1329868800 1182 22521 68631 506282
1329782400 20 368 467 4871
1329696000 20 368 480 3908
1329609600 51 664 2074 64552
1329523200 9439 19946 2292627 2320498
1329436800 480 7896 6333 242390
1329350400 718 10942 50723 315873
1329264000 3680 11028 619136 528065
1329177600 677 5824 50606 305615
1329091200 54 474 502 3332
1329004800 54 475 505 3684
1328918400 54 579 501 5319
1328832000 56 525 509 5095
1328745600 55 561 514 4299
1328659200 576 9870 27287 297819
1328572800 1061 17092 125671 283890
1328486400 55 396 505 5925
1328400000 62 394 1914 5112
1328313600 1593 7287 227053 387839
1328227200 981 9433 127682 213717
1328140800 1691 7476 392686 380884
1328054400 600 12903 12898 588851
1327968000 439 6773 6396 240565
1327881600 54 375 495 5212
1327795200 54 376 504 2885
1327708800 594 14261 6658 260535
1327622400 602 6444 58484 320925
1327536000 361 4102 9140 226099
1327449600 57 627 503 6505
1327363200 56 499 510 6505
1327276800 84 431 1491 3964
1327190400 88 388 555 6419
1327104000 87 555 560 6419
1327017600 88 578 540 15298
1326931200 3075 12316 225783 328875
1326844800 717 14349 19600 356947
1326758400 89 1467 1841 46747
1326672000 88 443 1545 4077
1326585600 91 427 557 3478
1326499200 499 5269 5265 179261
1326412800 2211 22078 376706 2241038
1326326400 5773 16130 962046 541381
1326240000 499 5772 60236 170128
1326153600 575 3286 63334 290915
1326067200 18 289 477 3723
1325980800 17 325 468 2002
1325894400 16 476 472 2002
1325808000 17 522 476 2280
1325721600 17 722 486 2919
1325635200 2496 871 330539 38025
1325548800 23 524 486 2925
1325462400 54 589 1324 3404
1325376000 71 530 539 2098
1325289600 69 580 728 2714
1325203200 70 621 521 2714
1325116800 633 13988 8162 283644
1325030400 1332 12491 155265 482045
1324944000 639 575 100846 31549
1324857600 292 1058 1547 3934
1324771200 68 503 521 3182
1324684800 67 527 521 4202
1324598400 103 1261 3038 64117
1324512000 587 5145 44685 216151
1324425600 395 6006 6844 280433
1324339200 118 2122 6131 146959
1324252800 16 481 476 2978
1324166400 16 485 473 3698
1324080000 16 730 466 3698
1323993600 83 1370 2660 104118
1323907200 74 730 559 7181
1323820800 81 667 529 3388
1323734400 100 650 544 1904
1323648000 83 483 538 2562
1323561600 81 496 536 3264
1323475200 95 625 520 3264
1323388800 52 666 5590 10513
1323302400 151 714 18507 15004
1323216000 76 718 2587 5186
1323129600 895 18935 54465 620054
1323043200 229 857 1609 4080
1322956800 91 553 555 2948
1322870400 92 809 558 2948
1322784000 1778 15535 2666014 809610
1322697600 15755 12726 2666014 809610
1322611200 1494 9464 37019 376528
1322524800 742 14289 70193 345428
1322438400 2111 6145 204663 44351
1322352000 61 474 513 2756
1322265600 60 516 514 2756
1322179200 60 527 517 2243
1322092800 76233 80702 2957542 2917917
1322006400 88 1534 2316 65077
1321920000 353 4829 4779 114477
1321833600 88 547 987 3646
1321747200 91 522 553 3542
1321660800 91 735 565 3542
1321574400 93 683 545 3400
1321488000 95 662 543 3400
1321401600 9509 29677 1107234 1210020
1321315200 500 7354 8319 338999
1321228800 164 948 1139 2893
1321142400 264 1353 2333 15934
1321056000 811 3883 105085 117622
1320969600 55320 22524 4646082 1015981
1320883200 102 1171 1422 16398
1320796800 98 1063 549 3554
1320710400 97 1059 554 3153
1320624000 95 887 558 2337
1320537600 98 907 578 1174
1320451200 98 1084 563 4791
1320364800 1092 12704 193300 2286400
1320278400 164 1141 614 3205
1320192000 614 14760 6328 280038
1320105600 598 11130 11447 481760
1320019200 187 965 642 4267
1319932800 187 957 674 1361
1319846400 4981 20133 586922 994313
1319760000 1406 13930 171558 307773
1319673600 1706 11638 194796 450241
1319587200 170 1653 3142 29786
1319500800 820 5202 6767 124984
1319414400 527 1465 1105 3215
1319328000 65 542 518 926
1319241600 101 747 562 7833
1319155200 107 750 1042 2337
1319068800 105 807 845 27889
1318982400 675 9278 8731 362165
1318896000 9217 10773 1195632 485842
1318809600 551 1483 1114 5364
1318723200 103 585 848 4435
1318636800 1400 14648 204166 1090739
1318550400 162 1798 3143 48335
1318464000 94 1813 7509 312372
1318377600 2508 10008 98899 312372
1318291200 808 20411 94978 3606254
1318204800 16 476 460 3290
1318118400 517 1514 1223 3708
1318032000 63 696 716 1239
1317945600 313 1618 8083 15500
1317859200 153 796 1009 8479
1317772800 3590 15364 456444 459469
1317686400 19650 25216 2251436 2600865
1317600000 25 555 542 3597
1317513600 96 2218 2691 74433
1317427200 44732 49301 3565740 2996771
1317340800 3380 10211 358909 397305
1317254400 1212 10239 138726 478936
1317168000 620 5069 57471 145502
1317081600 1180 6855 227412 267698
1316995200 14 491 448 2211
1316908800 17 531 459 3108
1316822400 10697 12266 2205709 2755722
1316736000 296 3004 4374 53868
1316649600 377 4024 829 7315
1316563200 945 11992 60092 137477
1316476800 671 6102 9985 436436
1316390400 322 958 758 5587
1316304000 332 1198 2398 72660
1316217600 751 5927 26089 208403
1316131200 1750 17658 164718 2605124
1316044800 504 8946 28174 1293938
1315958400 51 842 966 2327
1315872000 38 716 486 1740
1315785600 15417 17612 4225612 4146606
1315699200 101 593 552 3762
1315612800 100 811 543 4234
1315526400 102 756 548 2844
1315440000 103 874 557 3188
1315353600 2476 13586 364221 517781
1315267200 960 2415 1396 3929
1315180800 729 1923 1395 3711
1315094400 103 609 543 4145
1315008000 1660 4841 339710 178431
1314921600 455 4829 6562 215851
1314835200 150 967 589 3739
1314748800 151 1053 838 10679
1314662400 13033 37528 2027681 2052271
1314576000 529 1114 1176 2346
1314489600 157 489 584 3724
1314403200 155 729 593 4120
1314316800 531 4677 7766 193729
1314230400 4516 17609 517184 841515
1314144000 5052 23153 791759 1896003
1314057600 1109 8884 23829 271023
1313971200 702 1669 1379 8398
1313884800 108 615 544 5239
1313798400 1849 10120 134592 363064
1313712000 511 7762 7405 314197
1313625600 777 6471 82739 243940
1313539200 37855 39805 3079116 3434139
1313452800 1147 6218 85291 261197
1313366400 703 1658 1317 3381
1313280000 101 622 744 3754
1313193600 447 5598 7288 311099
1313107200 1847 6228 138600 171231
1313020800 507 5377 7403 252755
1312934400 1505 6240 279556 356150
1312848000 650 8051 10843 261252
1312761600 69 569 734 2692
1312675200 70 576 705 2861
1312588800 1111 9084 140231 226867
1312502400 36042 28852 5082287 3909137
1312416000 941 4828 130586 270204
1312329600 525 4629 7600 296222
1312243200 703 7051 10308 205041
1312156800 699 1668 1361 4475
1312070400 87 653 523 3816
1311984000 87 778 529 4055
1311897600 2817 12160 669317 786614
1311811200 1254 5240 12451 427838
1311724800 2687 11179 251345 531880
1311638400 12663 23920 2809167 2398630
1311552000 83 733 6201 29420
1311465600 82 1535 5144 211590
1311379200 383 5060 8022 335758
1311292800 59 755 496 7748
1311206400 70 705 493 3803
1311120000 77 686 527 2815
1311033600 74 664 497 2256
1310947200 73 564 698 1909
1310860800 73 574 512 3307
1310774400 1444 8413 229159 288475
1310688000 779 11343 5833 185135
1310601600 49709 45336 6848962 5017903
1310515200 1060 3781 142198 144361
1310428800 1354 10191 156907 333778
1310342400 24 494 463 1446
1310256000 23 519 454 5158
1310169600 355 925 14006 7439
1310083200 1650 13228 126032 278838
1309996800 536 4992 12658 335578
1309910400 707 7983 57825 233114
1309824000 55 539 475 1992
1309737600 257 831 1047 2024
1309651200 103 598 569 2055
1309564800 197 2038 5789 231380
1309478400 590 6522 7745 156549
1309392000 4536 18734 410274 911054
1309305600 566 7877 9043 184753
1309219200 401 1401 87878 163446
1309132800 358 1017 1100 2527
1309046400 68 564 702 2257
