1377805802 2462457344 1174733179
1377805802 373 1008 373 1008
1377805502 447 750 447 750
1377805500 446 750 447 965
1377805200 343 963 344 965
1377804900 226 720 260 829
1377804600 259 828 260 829
1377804300 225 789 268 948
1377804000 267 945 268 948
1377803700 182 580 316 998
1377803400 315 996 316 998
1377803100 312 848 1266 2663
1377802800 1259 2650 1266 2663
1377802500 325 854 460 1138
1377802200 458 1135 460 1138
1377801900 288 698 390 1060
1377801600 389 1058 390 1060
1377801300 255 872 256 985
1377801000 234 983 260 985
1377800700 259 760 260 952
1377800400 237 951 292 952
1377800100 294 947 630 1194
1377799800 628 1193 630 1194
1377799500 367 1166 774 2117
1377799200 770 2106 774 2117
1377798900 270 517 379 1067
1377798600 379 1066 515 1067
1377798300 513 1030 515 1033
1377798000 244 670 245 741
1377797700 234 744 324 1279
1377797400 323 1274 324 1279
1377797100 236 556 316 1188
1377796800 315 1186 316 1188
1377796500 234 918 328 920
1377796200 327 754 328 856
1377795900 297 865 902 2296
1377795600 900 2290 902 2296
1377795300 351 622 473 1103
1377795000 472 1101 473 1103
1377794700 344 826 345 827
1377794400 310 791 311 815
1377794100 254 816 359 1011
1377793800 358 1008 359 1011
1377793500 323 641 324 1069
1377793200 320 1067 321 1069
1377792900 272 774 372 840
1377792600 371 842 372 1143
1377792300 341 1148 837 2034
1377792000 833 2025 837 2034
1377791700 378 830 443 1121
1377791400 443 1139 466 3860
1377791100 465 3857 466 3860
1377790800 410 3409 411 3427
1377790500 406 804 407 990
1377790200 356 987 357 990
1377789900 244 627 337 820
1377789600 336 819 337 820
1377789300 310 817 322 953
1377789000 324 951 761 953
1377788700 763 728 1534 2952
1377788400 1533 2939 1534 2952
1377788100 1461 1092 1462 1093
1377787800 1322 1061 1323 1877
1377787500 1255 1870 1261 1877
1377787200 479 966 529 968
1377786900 528 686 529 1157
1377786600 436 1154 461 1157
1377786300 461 774 495 878
1377786000 498 881 1013 1396
1377785700 1009 1392 1013 1396
1377785400 514 883 572 884
1377785100 576 742 1202 2753
1377784800 1197 2740 1202 2753
1377784500 537 874 600 1064
1377784200 600 1064 694 1251
1377783900 693 1249 694 1251
1377783600 547 962 548 963
1377783300 492 871 1058 1992
1377783000 1055 1987 1058 1992
1377782700 431 780 454 799
1377782400 453 800 454 949
1377782100 428 949 429 967
1377781800 395 966 582 967
1377781500 587 921 1403 2309
1377781200 1395 2297 1403 2309
1377780900 301 623 883 921
1377780600 884 925 1131 1657
1377780300 1125 1649 1131 1657
1377780000 285 556 286 557
1377779700 232 410 233 570
1377779400 219 569 220 570
1377779100 200 344 220 600
1377778800 219 599 220 600
1377778500 199 405 244 528
1377778200 243 527 244 528
1377777900 237 417 697 1855
1377777600 693 1845 697 1855
1377777300 237 384 293 647
1377777000 292 645 293 647
1377776700 265 450 266 520
1377776400 210 519 230 520
1377776100 230 418 230 575
1377775800 229 573 230 575
1377775500 194 347 220 587
1377775200 219 585 220 587
1377774900 209 426 232 495
1377774600 231 494 232 495
1377774300 216 416 723 1869
1377774000 719 1859 723 1869
1377773700 252 395 283 640
1377773400 282 638 283 640
1377773100 233 455 234 533
1377772800 206 532 227 533
1377772500 226 416 227 597
1377772200 219 595 220 597
1377771900 193 368 210 615
1377771600 209 613 210 615
1377771300 185 403 228 564
1377771000 227 562 228 564
1377770700 220 373 722 1861
1377770400 720 1856 722 1861
1377770100 247 452 288 570
1377769800 287 569 288 570
1377769500 243 451 244 581
1377769200 204 579 250 581
1377768900 249 366 250 565
1377768600 208 564 209 565
1377768300 188 409 219 515
1377768000 218 514 219 515
1377767700 188 420 229 570
1377767400 228 568 229 570
1377767100 221 362 717 1640
1377766800 713 1632 717 1640
1377766500 244 442 270 563
1377766200 269 562 270 563
1377765900 236 449 237 598
1377765600 218 596 219 598
1377765300 185 338 232 572
1377765000 231 570 232 572
1377764700 198 405 221 535
1377764400 220 534 221 535
1377764100 191 418 235 572
1377763800 234 571 235 572
1377763500 232 345 714 1871
1377763200 712 1861 714 1871
1377762900 479 448 481 569
1377762600 272 568 273 569
1377762300 230 442 231 591
1377762000 219 589 220 591
1377761700 210 335 332 601
1377761400 331 601 332 708
1377761100 294 707 295 708
1377760800 262 568 263 569
1377760500 185 393 247 571
1377760200 246 570 247 571
1377759900 220 386 701 1833
1377759600 697 1823 701 1833
1377759300 212 428 288 642
1377759000 287 640 288 642
1377758700 242 394 243 586
1377758400 239 584 240 586
1377758100 185 409 244 507
1377757800 243 506 244 507
1377757500 203 410 207 586
1377757200 206 585 207 586
1377756900 201 342 243 583
1377756600 242 581 243 583
1377756300 225 415 701 1796
1377756000 697 1786 701 1796
1377755700 212 429 295 637
1377755400 294 635 295 637
1377755100 268 399 269 589
1377754800 211 587 217 589
1377754500 216 409 217 495
1377754200 206 494 258 495
1377753900 257 428 258 570
1377753600 205 568 212 570
1377753300 212 352 224 566
1377753000 224 565 253 566
1377752700 255 446 696 1778
1377752400 692 1769 696 1778
1377752100 229 441 305 642
1377751800 304 640 305 642
1377751500 249 388 250 581
1377751200 216 579 243 581
1377750900 242 424 243 502
1377750600 222 501 223 502
1377750300 200 398 259 597
1377750000 258 595 259 597
1377749700 215 357 231 557
1377749400 230 556 231 557
1377749100 209 406 718 1589
1377748800 714 1581 718 1589
1377748500 243 428 299 629
1377748200 298 628 299 629
1377747900 235 455 240 526
1377747600 239 525 240 526
1377747300 231 421 232 570
1377747000 222 568 223 570
1377746700 224 372 380 4164
1377746400 380 4151 548 4164
1377746100 546 472 548 511
1377745800 240 510 241 511
1377745500 216 418 745 1883
1377745200 741 1872 745 1883
1377744900 226 375 293 638
1377744600 292 637 293 638
1377744300 238 441 239 529
1377744000 203 528 211 529
1377743700 211 413 211 559
1377743400 210 557 211 559
1377743100 184 349 273 610
1377742800 272 608 273 610
1377742500 177 405 255 505
1377742200 254 504 255 505
1377741900 219 430 757 1889
1377741600 753 1878 757 1889
1377741300 212 383 306 637
1377741000 305 635 306 637
1377740700 234 456 235 529
1377740400 227 528 228 529
1377740100 203 418 204 550
1377739800 201 548 202 550
1377739500 194 356 234 594
1377739200 233 592 234 594
1377738900 210 426 251 526
1377738600 250 525 251 526
1377738300 239 445 731 1883
1377738000 729 1878 731 1883
1377737700 217 410 294 616
1377737400 293 614 294 616
1377737100 237 456 238 603
1377736800 221 601 222 603
1377736500 208 353 226 579
1377736200 225 578 226 579
1377735900 207 431 234 544
1377735600 233 543 234 544
1377735300 208 409 326 643
1377735000 325 641 326 643
1377734700 264 424 756 1896
1377734400 754 1891 756 1896
1377734100 224 451 357 682
1377733800 356 680 357 682
1377733500 274 508 461 650
1377733200 459 648 461 650
1377732900 268 391 538 1299
1377732600 537 1296 538 1299
1377732300 264 505 316 730
1377732000 411 782 14589 8659
1377731700 14542 8635 14589 8659
1377731400 570 1529 1025 1530
1377731100 1023 1439 1025 1988
1377730800 767 1980 770 1988
1377730500 341 796 372 806
1377730200 371 805 372 806
1377729900 299 643 300 891
1377729600 289 889 290 891
1377729300 2564 1093 346055 72372
1377729000 345963 72712 346055 174559
1377728700 319053 175862 397511 370049
1377728400 394863 367586 397511 370049
1377728100 420 679 13383 5175
1377727800 13294 5145 13383 5175
1377727500 135 739 615 2513
1377727200 613 2508 615 2513
1377726900 146 1050 266 1275
1377726600 265 1274 266 1275
1377726300 139 1143 140 1290
1377726000 115 1295 634 2150
1377725700 632 2149 634 2150
1377725400 428 2088 430 2090
1377725100 174 1912 210 1917
1377724800 210 1177 225 1377
1377724500 224 1375 225 1377
1377724200 145 1180 467 2854
1377723900 469 2850 783 2854
1377723600 779 2335 783 2343
1377723300 328 1186 649 1309
1377723000 647 1309 649 1436
1377722700 325 1436 326 1460
1377722400 223 1456 354 1460
1377722100 368 996 2495 1441
1377721800 2485 1440 2495 1441
1377721500 1042 1361 6293 2260
1377721200 6308 2256 8685 2260
1377720900 8628 1765 8685 1769
1377720600 252 1303 355 1306
1377720300 356 876 702 2673
1377720000 700 2670 702 2673
1377719700 370 1907 468 1909
1377719400 466 1390 468 1391
1377719100 216 1382 228 1388
1377718800 227 1384 228 1388
1377718500 99 929 219 4172
1377718200 221 4166 542 4172
1377717900 547 3417 2185 6438
1377717600 2174 6418 2185 6438
1377717300 599 3510 1801 5039
1377717000 1797 5033 1801 5039
1377716700 1322 4174 1812 5497
1377716400 1812 5503 1881 6407
1377716100 1873 6400 1881 6407
1377715800 812 5453 815 5473
1377715500 412 2517 414 2524
1377715200 236 1617 260 2629
1377714900 259 2622 260 2629
1377714600 232 1664 233 1667
1377714300 103 993 114 2962
1377714000 113 2955 114 2962
1377713700 85 1998 137 2003
1377713400 136 1321 137 1322
1377713100 99 1215 616 4410
1377712800 612 4399 616 4410
1377712500 120 2775 190 2778
1377712200 189 2057 190 2064
1377711900 159 1129 187 2130
1377711600 186 2127 187 2130
1377711300 88 1771 125 2557
1377711000 124 2551 125 2557
1377710700 99 1729 373 1731
1377710400 371 1233 373 1661
1377710100 94 1664 128 2246
1377709800 128 2245 144 2246
1377709500 145 2246 604 3978
1377709200 602 3968 604 3978
1377708900 125 1049 208 3329
1377708600 207 3315 208 3329
1377708300 130 1289 140 1984
1377708000 139 1979 140 1984
1377707700 111 1323 127 1324
1377707400 127 1227 131 1229
1377707100 132 948 364 1479
1377706800 363 1476 364 1479
1377706500 223 1106 224 1114
1377706200 152 1111 153 1114
1377705900 131 812 601 2257
1377705600 597 2249 601 2257
1377705300 142 1116 203 1117
1377705000 207 1057 938 1341
1377704700 943 1364 1787 4791
1377704400 1781 4779 1787 4791
1377704100 962 3024 1028 4348
1377703800 1023 4335 1028 4348
1377703500 354 2481 401 3293
1377703200 404 3312 1323 9262
1377702900 1317 9225 1323 9262
1377702600 813 9152 42486 810340
1377702300 42208 804955 42486 810340
1377702000 797 2595 802 2605
1377701700 141 1187 168 1820
1377701400 167 1815 168 1820
1377701100 143 1195 144 1196
1377700800 86 1078 129 1079
1377700500 128 1029 129 2609
1377700200 119 2605 120 2609
1377699900 75 2097 91 2192
1377699600 90 2190 91 2192
1377699300 59 1895 120 1898
1377699000 119 1559 120 1566
1377698700 72 657 597 2322
1377698400 593 2312 597 2322
1377698100 102 844 152 845
1377697800 151 831 152 847
1377697500 130 847 131 955
1377697200 92 952 93 955
1377696900 69 564 85 1326
1377696600 85 1325 85 1326
1377696300 85 1290 95 1292
1377696000 94 1005 95 1008
1377695700 72 699 112 826
1377695400 111 827 112 1015
1377695100 87 1018 587 2093
1377694800 583 2083 587 2093
1377694500 107 724 147 1138
1377694200 146 1139 147 1296
1377693900 125 1293 126 1296
1377693600 90 583 91 584
1377693300 76 444 77 541
1377693000 76 540 346 541
1377692700 345 420 346 689
1377692400 96 687 97 689
1377692100 72 418 109 503
1377691800 108 502 109 503
1377691500 63 477 593 1945
1377691200 591 1939 593 1945
1377690900 103 363 154 649
1377690600 153 648 154 649
1377690300 115 523 116 595
1377690000 94 593 95 595
1377689700 72 407 91 577
1377689400 90 575 91 577
1377689100 64 414 91 660
1377688800 90 659 91 660
1377688500 73 408 119 522
1377688200 118 521 119 522
1377687900 71 472 580 1921
1377687600 576 1910 580 1921
1377687300 106 391 171 652
1377687000 170 651 171 652
1377686700 117 524 118 645
1377686400 80 643 81 645
1377686100 79 374 91 560
1377685800 90 559 91 560
1377685500 72 477 83 612
1377685200 82 610 83 612
1377684900 75 403 114 577
1377684600 113 575 114 577
1377684300 66 405 574 1926
1377684000 572 1921 574 1926
1377683700 106 431 165 580
1377683400 164 579 165 580
1377683100 125 538 126 673
1377682800 78 671 79 673
1377682500 74 362 93 585
1377682200 92 584 93 585
1377681900 80 462 86 600
1377681600 85 598 86 600
1377681300 62 399 113 576
1377681000 112 575 113 576
1377680700 69 426 587 1937
1377680400 583 1926 587 1937
1377680100 96 425 166 573
1377679800 165 572 166 573
1377679500 122 544 123 661
1377679200 90 658 91 661
1377678900 64 338 99 579
1377678600 98 578 99 579
1377678300 74 475 114 617
1377678000 113 615 114 617
1377677700 62 391 106 575
1377677400 105 573 106 575
1377677100 79 412 593 1952
1377676800 589 1941 593 1952
1377676500 94 424 155 573
1377676200 154 572 155 573
1377675900 130 523 131 668
1377675600 89 666 90 668
1377675300 71 393 83 546
1377675000 84 545 350 546
1377674700 348 479 350 676
1377674400 91 673 92 676
1377674100 63 328 104 578
1377673800 103 577 104 578
1377673500 85 482 597 1659
1377673200 593 1652 597 1659
1377672900 106 686 194 690
1377672600 193 689 194 690
1377672300 122 455 123 656
1377672000 93 654 94 656
1377671700 75 407 76 525
1377671400 72 524 78 525
1377671100 78 490 99 655
1377670800 98 652 99 655
1377670500 69 338 112 598
1377670200 111 597 112 598
1377669900 65 461 588 1884
1377669600 584 1874 588 1884
1377669300 111 441 154 637
1377669000 153 635 154 637
1377668700 115 466 116 651
1377668400 88 649 89 651
1377668100 77 411 92 517
1377667800 91 516 92 517
1377667500 58 492 98 655
1377667200 97 653 98 655
1377666900 75 350 115 575
1377666600 114 574 115 575
1377666300 67 473 576 1869
1377666000 574 1864 576 1869
1377665700 107 427 162 646
1377665400 161 644 162 646
1377665100 120 458 121 621
1377664800 80 619 81 621
1377664500 75 430 94 543
1377664200 93 542 94 543
1377663900 71 454 81 643
1377663600 80 641 81 643
1377663300 74 412 116 531
1377663000 115 530 116 531
1377662700 79 468 561 1909
1377662400 558 1898 561 1909
1377662100 111 383 163 634
1377661800 162 633 163 634
1377661500 127 513 128 601
1377661200 88 599 89 601
1377660900 64 398 100 573
1377660600 99 572 100 573
1377660300 75 436 87 681
1377660000 86 679 87 681
1377659700 60 393 114 522
1377659400 113 521 114 522
1377659100 76 499 595 1919
1377658800 591 1908 595 1919
1377658500 92 380 216 2322
1377658200 215 2310 216 2322
1377657900 158 599 332 669
1377657600 330 667 332 669
1377657300 71 426 87 575
1377657000 86 573 87 575
1377656700 78 400 93 658
1377656400 92 656 93 658
1377656100 70 420 108 520
1377655800 107 519 108 520
1377655500 74 489 591 1940
1377655200 587 1929 591 1940
1377654900 98 369 150 674
1377654600 149 673 150 674
1377654300 126 533 127 591
1377654000 101 589 102 591
1377653700 72 417 80 587
1377653400 79 586 80 587
1377653100 77 437 95 637
1377652800 94 635 95 637
1377652500 74 426 109 606
1377652200 108 604 109 606
1377651900 67 403 584 1923
1377651600 580 1913 584 1923
1377651300 106 459 159 644
1377651000 158 643 159 644
1377650700 115 560 116 718
1377650400 92 715 93 718
1377650100 73 381 92 604
1377649800 91 603 92 604
1377649500 62 460 95 613
1377649200 94 611 95 613
1377648900 72 441 113 599
1377648600 112 597 113 599
1377648300 53 413 589 1933
1377648000 585 1923 589 1933
1377647700 110 447 156 573
1377647400 155 572 156 573
1377647100 130 571 131 652
1377646800 81 650 82 652
1377646500 76 373 85 551
1377646200 84 550 85 551
1377645900 79 534 80 535
1377645600 76 517 77 581
1377645300 75 581 102 683
1377645000 101 682 102 683
1377644700 78 554 567 1938
1377644400 564 1929 567 1938
1377644100 119 731 157 969
1377643800 156 969 157 980
1377643500 135 981 136 1205
1377643200 76 1204 88 1205
1377642900 88 1158 102 1161
1377642600 102 741 127 1262
1377642300 126 1261 127 1262
1377642000 118 1247 119 1249
1377641700 82 774 105 1375
1377641400 104 1374 105 1375
1377641100 85 1106 577 1928
1377640800 573 1926 577 1928
1377640500 111 1721 423 1724
1377640200 422 1106 423 1695
1377639900 138 1693 139 1695
1377639600 73 1518 74 1521
1377639300 73 1124 83 1128
1377639000 83 592 90 1173
1377638700 89 1172 90 1173
1377638400 74 1027 75 1029
1377638100 74 807 95 1064
1377637800 94 1064 95 1091
1377637500 97 1095 574 1740
1377637200 570 1737 574 1740
1377636900 117 1310 142 1311
1377636600 142 1037 144 1039
1377636300 143 834 144 1115
1377636000 78 1115 87 1140
1377635700 86 1138 87 1140
1377635400 63 783 89 950
1377635100 88 953 89 1414
1377634800 77 1411 88 1414
1377634500 87 1061 88 1139
1377634200 85 1139 97 1186
1377633900 100 1193 581 2315
1377633600 577 2311 581 2315
1377633300 139 1728 4667 1990
1377633000 4637 1987 4667 1990
1377632700 217 1626 218 1669
1377632400 138 1666 155 1669
1377632100 154 1047 155 1110
1377631800 148 1110 2556 1403
1377631500 2549 1401 2556 1403
1377631200 742 988 744 1332
1377630900 219 1330 220 1332
1377630600 209 1059 1990 1092
1377630300 1980 1099 1990 2290
1377630000 599 2282 603 2290
1377629700 150 1150 164 1153
1377629400 163 842 164 1197
1377629100 155 1195 156 1197
1377628800 91 944 108 945
1377628500 110 924 478 1233
1377628200 475 1231 478 1233
1377627900 165 1037 241 1038
1377627600 240 855 241 1248
1377627300 187 1247 321 1248
1377627000 353 1123 5249 4253
1377626700 5222 4268 5249 6547
1377626400 1297 6529 1300 6547
1377626100 547 1338 548 1340
1377625800 624 1557 1007 1946
1377624600 12717 195346 70598 1164572
1377622800 230 1177 568 2144
1377621000 83 887 569 1722
1377619200 192 1125 569 1722
1377617400 210 1045 861 2231
1377615600 195 1791 610 2231
1377613800 97 1086 565 2195
1377612000 191 1831 565 2195
1377610200 79 943 563 1680
1377608400 185 1135 563 1736
1377606600 79 491 555 1605
1377604800 229 730 555 1605
1377603000 79 491 551 1362
1377601200 182 695 551 1362
1377599400 93 658 567 1703
1377597600 184 732 567 1703
1377595800 78 503 564 1451
1377594000 185 702 564 1451
1377592200 83 502 568 1690
1377590400 186 742 568 1690
1377588600 79 502 561 1686
1377586800 224 743 561 1686
1377585000 80 583 557 1907
1377583200 184 957 557 1907
1377581400 79 702 563 1904
1377579600 185 917 563 1904
1377577800 79 703 578 1634
1377576000 188 904 578 1634
1377574200 78 664 569 1760
1377572400 187 901 569 1760
1377570600 145 1640 565 6445
1377568800 187 876 565 1555
1377567000 77 718 564 1934
1377565200 185 944 564 1934
1377563400 80 715 552 1826
1377561600 184 960 552 1826
1377559800 80 782 561 1687
1377558000 183 1140 561 1687
1377556200 90 1735 579 3593
1377554400 189 2163 579 3644
1377552600 79 1459 831 3138
1377550800 231 1912 831 3138
1377549000 80 1543 571 3205
1377547200 188 1499 571 3205
1377545400 77 1461 551 2437
1377543600 183 1834 551 2136
1377541800 123 1487 823 2991
1377540000 437 1636 1030 2450
1377538200 327 1449 1030 2226
1377536400 288 1392 955 2226
1377534600 783 2502 3417 6218
1377532800 188 1514 566 2154
1377531000 78 1403 569 2515
1377529200 237 1452 569 2515
1377527400 80 1106 550 2259
1377525600 193 1625 550 2259
1377523800 79 1228 559 2172
1377522000 189 1295 559 2172
1377520200 79 734 566 1963
1377518400 187 974 566 1963
1377516600 80 729 572 1961
1377514800 189 973 572 1961
1377513000 78 738 568 1980
1377511200 246 1074 568 1980
1377509400 76 734 571 1942
1377507600 189 974 571 1942
1377505800 82 737 552 1931
1377504000 187 971 552 1931
1377502200 78 733 568 1968
1377500400 186 978 568 1968
1377498600 79 732 570 1932
1377496800 192 974 570 1932
1377495000 77 733 573 1890
1377493200 222 976 573 1890
1377491400 78 729 571 1887
1377489600 188 963 571 1887
1377487800 77 740 568 1911
1377486000 187 968 568 1911
1377484200 80 743 551 1877
1377482400 189 968 551 1877
1377480600 80 737 566 1938
1377478800 187 975 566 1938
1377477000 78 739 569 1924
1377475200 231 975 569 1924
1377473400 76 732 569 1928
1377471600 189 976 569 1928
1377469800 76 740 571 1929
1377468000 203 1291 571 2564
1377466200 81 746 551 1843
1377464400 186 971 551 1843
1377462600 81 736 561 1849
1377460800 186 975 561 1849
1377459000 79 740 803 1889
1377457200 226 979 803 1889
1377455400 77 740 567 1924
1377453600 188 966 567 1924
1377451800 76 740 569 1943
1377450000 190 977 569 1943
1377448200 78 734 557 1909
1377446400 188 967 557 1909
1377444600 80 743 552 1923
1377442800 185 965 552 1923
1377441000 81 731 571 1976
1377439200 234 981 571 1976
1377437400 83 736 568 1919
1377435600 187 968 568 1919
1377433800 78 734 572 1954
1377432000 189 983 572 1954
1377430200 78 738 564 1887
1377428400 187 976 564 1887
1377426600 80 736 550 1855
1377424800 186 966 550 1855
1377423000 79 735 565 885
1377421200 234 793 565 946
1377419400 83 741 569 1751
1377417600 187 938 569 1751
1377415800 76 736 571 1989
1377414000 189 973 571 1989
1377412200 77 730 569 1947
1377410400 191 964 569 1947
1377408600 80 745 554 1706
1377406800 184 933 554 1706
1377405000 80 736 564 2004
1377403200 223 973 564 2004
1377401400 80 741 570 1946
1377399600 186 984 570 1946
1377397800 78 736 564 1865
1377396000 187 969 564 1865
1377394200 79 743 570 1717
1377392400 189 723 570 1717
1377390600 78 462 559 1599
1377388800 187 695 559 1599
1377387000 80 467 563 1673
1377385200 187 697 563 1673
1377383400 124 463 571 1668
1377381600 188 700 571 1668
1377379800 92 716 565 1879
1377378000 189 699 565 1679
1377376200 77 463 572 1669
1377374400 187 695 572 1669
1377372600 78 466 570 1678
1377370800 188 694 570 1678
1377369000 79 467 556 1659
1377367200 230 697 556 1659
1377365400 80 480 570 1611
1377363600 186 695 570 1611
1377361800 80 467 565 1386
1377360000 186 661 565 1386
1377358200 78 471 564 1593
1377356400 187 699 564 1593
1377354600 78 461 570 1699
1377352800 189 706 570 1699
1377351000 83 472 561 1663
1377349200 232 706 561 1663
1377347400 79 472 553 1678
1377345600 188 705 553 1678
1377343800 79 469 572 1677
1377342000 188 700 572 1677
1377340200 77 464 574 1675
1377338400 188 696 574 1675
1377336600 78 468 567 1664
1377334800 189 700 567 1664
1377333000 81 477 570 1611
1377331200 228 701 570 1611
1377329400 79 467 558 1589
1377327600 186 698 558 1589
1377325800 80 467 568 1593
1377324000 184 695 568 1593
1377322200 80 463 564 1647
1377320400 186 697 564 1647
1377318600 78 467 565 1432
1377316800 188 666 565 1432
1377315000 76 468 570 1674
1377313200 233 705 570 1674
1377311400 79 474 555 1669
1377309600 187 716 555 1669
1377307800 101 702 565 1671
1377306000 184 718 565 1671
1377304200 82 519 566 1775
1377302400 186 800 566 1775
1377300600 1640 648 9415 1777
1377298800 189 890 566 1777
1377297000 80 916 568 2116
1377295200 233 1180 568 2116
1377293400 79 984 597 2207
1377291600 194 1400 597 2207
1377289800 83 1165 552 2057
1377288000 188 1917 552 2498
1377286200 84 1589 560 2920
1377284400 188 1602 560 2920
1377282600 85 1631 562 3810
1377280800 189 2413 562 3810
1377279000 89 1969 714 5381
1377277200 285 2536 714 5381
1377275400 278 1973 2698 2693
1377273600 1069 2132 2698 2693
1377271800 126 1016 642 2219
1377270000 217 1161 642 2219
1377268200 86 1074 563 2061
1377266400 187 1113 563 2061
1377264600 115 853 579 1720
1377262800 195 1017 579 1720
1377261000 85 606 575 1617
1377259200 227 761 575 1617
1377257400 83 521 582 1605
1377255600 193 785 582 1605
1377253800 81 551 574 1641
1377252000 191 755 574 1641
1377250200 83 553 578 1664
1377248400 203 820 578 1664
1377246600 90 554 573 1418
1377244800 189 733 573 1418
1377243000 128 529 581 1639
1377241200 190 746 581 1639
1377239400 82 541 582 1655
1377237600 192 778 582 1655
1377235800 82 551 574 1639
1377234000 194 758 574 1639
1377232200 85 526 562 1374
1377230400 189 760 562 1374
1377228600 87 554 573 1589
1377226800 189 783 573 1589
1377225000 86 518 577 1617
1377223200 236 759 577 1617
1377221400 83 541 579 1645
1377219600 204 1018 579 1671
1377217800 80 604 586 1719
1377216000 194 854 586 1719
1377214200 82 709 568 1753
1377212400 194 1064 715 28330
1377210600 190 5584 715 28330
1377208800 189 1293 562 2560
1377207000 126 985 580 2409
1377205200 195 1251 580 2409
1377203400 97 1016 569 2006
1377201600 194 1307 569 2006
1377199800 89 939 588 1994
1377198000 194 1433 588 2246
1377196200 82 1301 587 2281
1377194400 195 1287 587 2281
1377192600 90 1165 583 2953
1377190800 192 1880 583 2953
1377189000 124 2021 586 2801
1377187200 192 1868 586 2801
1377185400 87 1469 593 2135
1377183600 192 1726 593 2398
1377181800 110 1734 597 2839
1377180000 193 1854 597 2839
1377178200 90 1173 593 2809
1377176400 193 1267 593 2809
1377174600 103 1371 600 3542
1377172800 196 980 600 2082
1377171000 130 745 583 2140
1377169200 193 980 583 2140
1377167400 85 765 597 2139
1377165600 192 994 597 2139
1377163800 85 756 606 2052
1377162000 196 989 606 2052
1377160200 90 744 599 2109
1377158400 194 1001 599 2109
1377156600 85 781 603 2031
1377154800 194 968 603 2031
1377153000 130 730 585 2098
1377151200 191 979 585 2098
1377149400 86 746 574 2134
1377147600 191 978 574 2134
1377145800 87 764 590 1880
1377144000 193 939 590 1880
1377142200 85 760 602 2111
1377140400 195 982 602 2111
1377138600 84 775 602 2114
1377136800 196 979 602 2114
1377135000 121 751 586 1892
1377133200 192 961 586 1892
1377131400 85 819 584 1945
1377129600 239 891 584 1945
1377127800 113 680 619 2115
1377126000 374 1854 1140 5280
1377124200 93 1141 603 2841
1377122400 196 1470 603 2841
1377120600 29468 670565 176631 4030377
1377118800 430 2250 1072 3153
1377117000 135 1356 655 2810
1377115200 214 1513 655 2810
1377113400 139 1368 599 2722
1377111600 207 2146 599 3495
1377109800 152 1852 715 3427
1377108000 2065 30908 9650 176376
1377106200 149 1055 656 2144
1377104400 287 1513 656 2482
1377102600 253 1848 1164 13420
1377100800 668 3991 1164 13420
1377099000 469 2915 919 10295
1377097200 289 1791 919 4229
1377095400 127 1141 642 3287
1377093600 237 1900 642 3287
1377091800 131 789 624 1954
1377090000 233 1062 624 1954
1377088200 126 497 638 1859
1377086400 237 738 638 1859
1377084600 128 494 636 1867
1377082800 232 734 636 1867
1377081000 171 489 645 1873
1377079200 236 728 645 1873
1377077400 125 487 634 1648
1377075600 235 705 634 1648
1377073800 128 494 653 1863
1377072000 248 844 653 1863
1377070200 129 495 625 1875
1377068400 233 726 625 1875
1377066600 129 506 629 1858
1377064800 230 731 629 1858
1377063000 170 495 637 1587
1377061200 234 690 637 1587
1377059400 125 500 644 1806
1377057600 271 2043 644 8482
1377055800 124 656 645 2166
1377054000 236 1089 645 2166
1377052200 127 811 627 2325
1377050400 233 1083 627 2325
1377048600 130 859 640 2265
1377046800 266 1120 640 2265
1377045000 128 873 643 2304
1377043200 235 1092 643 2304
1377041400 125 779 646 2467
1377039600 235 1120 646 2467
1377037800 125 974 639 2194
1377036000 235 1124 639 2194
1377034200 129 1041 629 2260
1377032400 233 1561 629 2779
1377030600 131 1027 629 2140
1377028800 232 1176 629 2140
1377027000 174 1006 640 2554
1377025200 884 1468 2899 2554
1377023400 251 1129 10779 3001
1377021600 1912 1452 10779 3001
1377019800 133 1346 641 2506
1377018000 413 1712 702 2506
1377016200 695 1824 2134 2678
1377014400 296 1742 812 4427
1377012600 340 2580 35657 11077
1377010800 89943 1779857 329404 3760569
1377009000 121 866 559 2172
1377007200 177 898 559 2172
1377005400 75 631 574 1820
1377003600 180 882 574 1820
1377001800 67 332 564 1539
1377000000 181 502 564 1539
1376998200 69 307 567 1341
1376996400 179 480 567 1341
1376994600 71 267 553 1536
1376992800 178 499 553 1536
1376991000 112 268 565 1538
1376989200 178 503 565 1538
1376987400 74 270 567 1323
1376985600 182 472 567 1323
1376983800 78 421 572 1550
1376982000 180 504 572 1550
1376980200 68 288 565 1297
1376978400 180 460 565 1297
1376976600 71 268 557 1535
1376974800 211 502 557 1535
1376973000 70 278 565 1565
1376971200 179 513 565 1565
1376969400 73 284 560 1542
1376967600 178 515 560 1542
1376965800 69 295 573 1583
1376964000 179 527 573 1583
1376962200 70 294 569 1536
1376960400 183 581 569 1536
1376958600 123 617 586 1687
1376956800 258 791 586 1687
1376955000 31767 715866 105684 2610721
1376953200 292 878 585 1507
1376951400 103 805 581 2066
1376949600 213 1347 581 2066
1376947800 101 1506 601 3114
1376946000 212 1603 601 3114
1376944200 109 1018 595 2195
1376942400 328 1570 813 2402
1376940600 95 1111 570 1989
1376938800 222 1269 570 2169
1376937000 78 1841 550 2477
1376935200 185 2012 550 2924
1376933400 86 1058 569 1877
1376931600 192 1127 569 1877
1376929800 91 972 572 2029
1376928000 468 8719 1729 47021
1376926200 259 1600 1087 4891
1376924400 535 1643 781 2995
1376922600 106 688 573 1951
1376920800 180 873 573 1951
1376919000 70 531 570 1930
1376917200 177 667 570 1930
1376915400 68 324 555 1297
1376913600 174 453 555 1297
1376911800 70 262 573 1535
1376910000 176 495 573 1535
1376908200 69 265 569 1549
1376906400 175 497 569 1549
1376904600 68 260 831 1536
1376902800 219 494 831 1536
1376901000 71 259 561 1321
1376899200 175 459 561 1321
1376897400 71 267 568 1524
1376895600 188 708 568 1561
1376893800 70 260 562 1527
1376892000 173 488 562 1527
1376890200 71 258 568 1532
1376888400 173 488 568 1532
1376886600 120 263 570 1521
1376884800 176 492 570 1521
1376883000 67 260 569 1528
1376881200 177 493 569 1528
1376879400 66 257 567 1317
1376877600 177 459 567 1317
1376875800 70 261 557 1537
1376874000 175 496 557 1537
1376872200 68 261 565 1528
1376870400 175 497 565 1528
1376868600 114 262 561 1305
1376866800 184 507 561 1305
1376865000 67 259 569 1536
1376863200 177 500 569 1536
1376861400 66 257 569 1531
1376859600 177 492 569 1531
1376857800 68 257 573 1545
1376856000 176 496 573 1545
1376854200 69 262 559 1517
1376852400 175 492 559 1517
1376850600 115 263 562 1553
1376848800 173 496 562 1553
1376847000 69 261 575 1539
1376845200 176 495 575 1539
1376843400 68 261 562 1538
1376841600 175 495 562 1538
1376839800 66 259 569 1527
1376838000 180 499 569 1527
1376836200 68 263 560 1520
1376834400 176 493 560 1520
1376832600 125 270 551 1297
1376830800 173 460 551 1297
1376829000 67 261 566 1519
1376827200 176 495 566 1519
1376825400 67 258 568 1539
1376823600 177 496 568 1539
1376821800 69 260 570 1529
1376820000 176 493 570 1529
1376818200 68 257 567 1535
1376816400 176 494 567 1535
1376814600 107 266 551 1285
1376812800 173 452 551 1285
1376811000 70 263 551 1510
1376809200 174 490 551 1510
1376807400 71 261 560 1297
1376805600 174 455 560 1297
1376803800 67 256 572 1540
1376802000 177 493 572 1540
1376800200 66 256 564 1315
1376798400 176 454 564 1315
1376796600 110 259 567 1528
1376794800 176 498 567 1528
1376793000 69 260 554 1534
1376791200 174 495 554 1534
1376789400 71 267 567 1537
1376787600 173 493 567 1537
1376785800 69 260 566 1539
1376784000 172 493 566 1539
1376782200 70 265 572 1552
1376780400 176 497 572 1552
1376778600 119 355 565 1307
1376776800 177 459 565 1307
1376775000 67 261 566 1542
1376773200 176 495 566 1542
1376771400 69 262 550 1518
1376769600 174 497 550 1518
1376767800 69 268 562 1539
1376766000 173 496 562 1539
1376764200 69 268 563 1314
1376762400 174 465 563 1314
1376760600 115 265 571 1550
1376758800 177 500 571 1550
1376757000 65 265 570 1537
1376755200 178 504 570 1537
1376753400 68 268 552 1301
1376751600 175 465 552 1301
1376749800 69 269 558 1542
1376748000 174 498 558 1542
1376746200 74 275 561 1296
1376744400 173 461 561 1296
1376742600 70 269 827 1560
1376740800 217 501 827 1560
1376739000 67 269 572 1539
1376737200 175 502 572 1539
1376735400 70 269 563 1534
1376733600 176 500 563 1534
1376731800 67 263 553 1306
1376730000 174 463 553 1306
1376728200 72 272 567 1545
1376726400 177 506 567 1545
1376724600 70 284 562 1287
1376722800 219 463 562 1287
1376721000 70 282 573 1521
1376719200 177 501 573 1521
1376717400 66 276 563 1290
1376715600 175 464 563 1290
1376713800 66 297 572 1514
1376712000 176 510 572 1514
1376710200 70 311 556 1510
1376708400 174 497 556 1510
1376706600 131 549 569 1771
1376704800 173 492 569 1516
1376703000 71 281 569 1529
1376701200 175 497 569 1529
1376699400 67 292 557 1351
1376697600 174 554 557 1351
1376695800 65 348 567 1581
1376694000 177 637 567 1581
1376692200 70 532 551 1599
1376690400 181 1073 551 1599
1376688600 117 963 572 2126
1376686800 185 1286 572 2126
1376685000 79 1037 587 2437
1376683200 185 1196 587 2437
1376681400 77 948 584 1938
1376679600 228 1240 584 1938
1376677800 120 1053 588 2379
1376676000 229 1180 588 2379
1376674200 76 887 582 2372
1376672400 277 1203 3226 6302
1376670600 629 1907 3226 6302
1376668800 185 1222 573 2135
1376667000 80 1344 574 2389
1376665200 187 1269 574 2389
1376663400 80 993 574 2293
1376661600 188 1323 574 2293
1376659800 82 875 563 1797
1376658000 180 955 563 1797
1376656200 64 375 566 1573
1376654400 174 525 566 1573
1376652600 109 294 567 1565
1376650800 175 526 567 1565
1376649000 69 290 566 1568
1376647200 188 605 566 1568
1376645400 66 290 561 1329
1376643600 172 485 561 1329
1376641800 72 294 563 1568
1376640000 174 534 563 1568
1376638200 65 361 566 1535
1376636400 218 498 566 1535
1376634600 66 259 567 1310
1376632800 179 466 567 1310
1376631000 63 254 569 1537
1376629200 175 490 569 1537
1376627400 67 261 558 1547
1376625600 173 492 558 1547
1376623800 68 257 556 1322
1376622000 172 459 556 1322
1376620200 68 263 563 1536
1376618400 179 583 563 1536
1376616600 117 264 560 1328
1376614800 175 476 560 1328
1376613000 64 278 569 1567
1376611200 175 524 569 1567
1376609400 63 364 561 1490
1376607600 175 701 561 1490
1376605800 66 864 557 2290
1376604000 175 1117 557 2290
1376602200 79 1052 570 2318
1376600400 182 1196 570 2318
1376598600 113 948 567 2227
1376596800 182 1221 567 2227
1376595000 78 1086 571 2316
1376593200 184 1248 571 2316
1376591400 77 932 567 2124
1376589600 185 1213 567 2124
1376587800 77 968 565 2131
1376586000 186 1187 565 2131
1376584200 75 1272 580 2059
1376582400 185 1251 580 1971
1376580600 125 862 578 2145
1376578800 184 1144 578 2145
1376577000 78 1202 582 1853
1376575200 185 1326 582 1853
1376573400 83 766 587 2467
1376571600 180 861 587 2467
1376569800 65 253 565 1574
1376568000 174 497 565 1574
1376566200 65 252 562 1536
1376564400 174 494 562 1536
1376562600 104 264 569 1526
1376560800 177 492 569 1661
1376559000 74 486 550 1661
1376557200 172 451 550 1303
1376555400 71 260 554 1606
1376553600 172 548 554 1606
1376551800 78 529 567 1616
1376550000 182 699 567 1616
1376548200 77 464 563 1455
1376546400 183 666 563 1455
1376544600 128 548 565 1688
1376539200 130 589 566 1688
1376532000 145 673 565 1847
1376524800 129 768 571 1860
1376517600 130 1066 569 1907
1376510400 153 1067 558 2056
1376503200 142 1100 564 2263
1376496000 154 1029 572 2049
1376488800 154 901 577 2005
1376481600 138 623 566 1667
1376474400 133 651 583 1955
1376467200 129 622 569 1670
1376460000 142 640 569 1670
1376452800 130 637 569 1685
1376445600 144 774 580 2620
1376438400 235 1071 692 4982
1376431200 243 1550 720 4936
1376424000 664 1167 11795 3461
1376416800 168 1181 601 2242
1376409600 219 1280 993 4302
1376402400 127 757 570 2384
1376395200 121 386 563 1543
1376388000 133 431 563 1543
1376380800 119 397 570 1529
1376373600 131 386 576 1561
1376366400 121 399 576 1561
1376359200 123 498 574 2503
1376352000 136 681 578 2259
1376344800 130 1080 590 2259
1376337600 140 1104 594 2244
1376330400 133 1186 621 2452
1376323200 131 1087 621 2532
1376316000 134 645 587 2164
1376308800 120 336 572 1491
1376301600 130 350 600 2463
1376294400 122 392 600 2463
1376287200 120 350 568 1516
1376280000 131 336 568 1500
1376272800 119 335 568 1500
1376265600 133 402 821 1615
1376258400 119 336 565 1482
1376251200 119 336 566 1498
1376244000 132 347 570 1509
1376236800 119 334 560 1498
1376229600 128 346 569 1498
1376222400 119 345 565 1501
1376215200 120 334 567 1501
1376208000 129 345 569 1501
1376200800 119 333 570 1499
1376193600 132 334 570 1500
1376186400 119 342 569 1504
1376179200 123 396 781 1653
1376172000 129 351 781 1517
1376164800 119 349 564 1492
1376157600 130 339 566 1485
1376150400 126 352 566 1478
1376143200 121 349 567 1499
1376136000 132 361 567 1499
1376128800 120 339 566 1481
1376121600 130 356 559 1487
1376114400 119 349 565 1493
1376107200 121 344 568 1494
1376100000 131 344 565 1494
1376092800 124 487 569 2248
1376085600 140 734 569 2248
1376078400 131 739 562 1839
1376071200 129 764 572 1832
1376064000 145 807 568 2083
1376056800 127 608 567 1839
1376049600 131 358 567 1489
1376042400 121 343 569 1495
1376035200 123 388 607 2311
1376028000 131 349 562 1484
1376020800 157 414 577 1615
1376013600 508 838 3214 5440
1376006400 342 745 2955 5903
1375999200 229 898 645 1999
1375992000 176 881 1229 2737
1375984800 385 1119 3419 5654
1375977600 127 780 592 1951
1375970400 113 547 590 1835
1375963200 107 342 570 1488
1375956000 119 342 563 1489
1375948800 111 380 568 1493
1375941600 114 345 565 1491
1375934400 112 449 569 2591
1375927200 128 390 631 1522
1375920000 191 621 643 2070
1375912800 197 888 725 2070
1375905600 214 859 725 2097
1375898400 327 1528 1070 8060
1375891200 159 1167 756 5330
1375884000 127 608 619 1817
1375876800 108 375 559 1530
1375869600 119 375 569 1558
1375862400 123 376 571 1542
1375855200 120 369 569 1530
1375848000 131 367 566 1541
1375840800 125 495 575 1720
1375833600 128 844 575 2277
1375826400 119 1090 586 2333
1375819200 816 1110 16410 2325
1375812000 149 1193 594 3067
1375804800 131 1061 586 2369
1375797600 138 777 586 1977
1375790400 108 379 570 1534
1375783200 113 410 841 1535
1375776000 119 390 841 1535
1375768800 108 386 570 1549
1375761600 118 400 574 1549
1375754400 112 510 574 1603
1375747200 120 616 573 2115
1375740000 200 1189 1963 2938
1375732800 1287 1238 20556 2938
1375725600 701 2721 9983 37718
1375718400 125 1086 569 2072
1375711200 145 724 627 1994
1375704000 121 361 570 1526
1375696800 122 349 564 1521
1375689600 126 359 569 1521
1375682400 112 389 581 1510
1375675200 117 348 560 1519
1375668000 109 347 567 1519
1375660800 116 359 569 1519
1375653600 108 347 564 1512
1375646400 108 356 572 1528
1375639200 118 355 572 1528
1375632000 108 348 569 1526
1375624800 107 358 569 1534
1375617600 118 354 569 1543
1375610400 110 360 566 1543
1375603200 120 360 564 1543
1375596000 108 344 570 1538
1375588800 109 362 570 1541
1375581600 119 389 567 1539
1375574400 108 353 570 1526
1375567200 117 352 563 1532
1375560000 109 353 569 1533
1375552800 108 352 570 1541
1375545600 119 364 570 1541
1375538400 111 368 560 1542
1375531200 116 356 570 1538
1375524000 111 367 567 1538
1375516800 108 356 560 1551
1375509600 120 360 569 1551
1375502400 108 368 565 1536
1375495200 123 465 565 1615
1375488000 109 733 571 2087
1375480800 108 922 571 2263
1375473600 148 902 571 2173
1375466400 109 883 565 2234
1375459200 120 652 568 2060
1375452000 113 450 567 1663
1375444800 108 362 573 1547
1375437600 116 372 573 1547
1375430400 109 356 568 1508
1375423200 120 353 620 1935
1375416000 117 499 620 3009
1375408800 119 472 570 1843
1375401600 113 882 572 2296
1375394400 118 1108 572 2296
1375387200 3549 1510 38529 7443
1375380000 686 1944 3462 6440
1375372800 815 16855 12524 380546
1375365600 109 413 568 1701
1375358400 112 339 566 1521
1375351200 119 346 570 1521
1375344000 109 334 569 1516
1375336800 119 344 563 1516
1375329600 111 356 571 1530
1375322400 136 441 613 1820
1375315200 187 930 626 2159
1375308000 258 1538 711 7263
1375300800 601 1842 4845 9927
1375293600 900 1515 16515 4486
1375286400 180 1052 1530 3951
1375279200 124 551 586 2129
1375272000 107 316 563 1496
1375264800 117 326 563 1498
1375257600 106 317 564 1504
1375250400 107 326 564 1505
1375243200 118 350 566 1511
1375236000 131 438 825 2002
1375228800 781 1684 8350 6741
1375221600 139 1078 609 2242
1375214400 191 1244 1604 2839
1375207200 138 1795 578 3100
1375200000 305 1431 3493 6493
1375192800 114 603 587 2130
1375185600 121 445 566 1561
1375178400 108 399 560 1590
1375171200 117 385 567 1564
1375164000 106 393 567 1564
1375156800 122 421 561 1576
1375149600 109 451 569 1765
1375142400 1288 1743 27011 23918
1375135200 127 1161 582 2474
1375128000 134 1528 582 2509
1375120800 295 1608 3690 6099
1375113600 112 869 564 2372
1375106400 110 519 564 1721
1375099200 122 426 568 1565
1375092000 109 371 565 1539
1375084800 119 362 573 1539
1375077600 108 370 573 1539
1375070400 108 375 569 1540
1375063200 118 356 571 1536
1375056000 109 358 571 1536
1375048800 120 349 571 1527
1375041600 107 355 571 1527
1375034400 108 357 565 1512
1375027200 120 349 568 1526
1375020000 110 359 568 1526
1375012800 121 356 568 1526
1375005600 108 346 568 1522
1374998400 108 346 565 1528
1374991200 119 348 818 1530
1374984000 109 361 570 1530
1374976800 108 361 835 1537
1374969600 119 350 835 1537
1374962400 112 445 570 2243
1374955200 120 352 568 1540
1374948000 107 363 572 1540
1374940800 119 363 572 1530
1374933600 106 350 577 1535
1374926400 106 360 577 1535
1374919200 120 352 572 1525
1374912000 106 359 565 1530
1374904800 107 360 827 1530
1374897600 118 362 827 1528
1374890400 110 428 566 1677
1374883200 183 588 1586 1771
1374876000 109 840 571 1771
1374868800 452 1200 6115 8009
1374861600 112 920 604 2649
1374854400 871 1499 8168 6538
1374847200 163 872 1242 6621
1374840000 108 361 579 1559
1374832800 122 362 564 1528
1374825600 109 360 568 1541
1374818400 113 380 569 1527
1374811200 118 348 563 1532
1374804000 128 370 794 1589
1374796800 415 998 3603 6070
1374789600 305 1022 4782 2074
1374782400 328 2722 3723 42428
1374775200 112 1086 579 2548
1374768000 125 1008 593 2324
1374760800 116 706 598 2153
1374753600 109 347 566 1539
1374746400 124 390 576 1530
1374739200 108 344 569 1524
1374732000 120 346 564 1515
1374724800 108 348 572 1543
1374717600 128 719 596 7625
1374710400 163 745 665 2675
1374703200 172 1352 665 5208
1374696000 431 1685 3268 5718
1374688800 231 1716 1148 4230
1374681600 247 1803 1148 9789
1374674400 129 741 590 2092
1374667200 108 385 564 1551
1374660000 121 385 570 1564
1374652800 109 388 570 1564
1374645600 119 377 570 1552
1374638400 108 386 569 1554
1374631200 111 433 600 1653
1374624000 123 678 600 2166
1374616800 117 999 578 2197
1374609600 706 1044 13978 2060
1374602400 119 1026 600 2545
1374595200 121 1045 600 2283
1374588000 127 662 593 2003
1374580800 109 365 571 1541
1374573600 120 363 564 1546
1374566400 111 405 570 1549
1374559200 108 374 573 1579
1374552000 121 392 573 1579
1374544800 108 400 570 1584
1374537600 121 657 570 2199
1374530400 117 1079 566 2803
1374523200 116 992 593 2068
1374516000 129 1007 593 2246
1374508800 123 1049 589 2377
1374501600 124 699 600 2164
1374494400 111 331 564 1514
1374487200 108 324 572 1516
1374480000 120 333 577 1528
1374472800 108 320 561 1497
1374465600 120 321 570 1502
1374458400 110 332 570 1506
1374451200 111 355 576 2043
1374444000 117 332 567 1512
1374436800 109 331 568 1524
1374429600 118 322 568 1524
1374422400 108 331 572 1498
1374415200 110 331 572 1500
1374408000 119 321 569 1491
1374400800 108 331 573 1505
1374393600 119 321 566 1507
1374386400 107 321 569 1507
1374379200 109 332 571 1502
1374372000 120 321 568 1494
1374364800 112 415 568 2413
1374357600 119 330 567 1495
1374350400 108 328 566 1494
1374343200 107 322 571 1508
1374336000 117 322 568 1503
1374328800 109 321 572 1491
1374321600 120 333 572 1491
1374314400 109 331 568 1492
1374307200 108 319 572 1500
1374300000 117 330 572 1505
1374292800 113 355 567 1509
1374285600 116 329 574 1531
1374278400 117 672 574 3571
1374271200 247 1027 1639 2316
1374264000 129 978 593 2517
1374256800 119 1018 590 2517
1374249600 129 967 588 2562
1374242400 114 694 594 2562
1374235200 120 365 564 1520
1374228000 106 343 565 1507
1374220800 105 335 579 1507
1374213600 118 347 579 1507
1374206400 105 333 579 2065
1374199200 116 383 579 2065
1374192000 106 594 581 2396
1374184800 117 939 592 2396
1374177600 127 1020 589 2494
1374170400 115 1042 577 2494
1374163200 124 954 584 2691
1374156000 601 999 5956 6659
1374148800 107 342 560 1512
1374141600 119 397 570 1519
1374134400 106 348 566 1519
1374127200 119 341 562 1523
1374120000 115 351 572 1529
1374112800 327 818 3317 5580
1374105600 196 885 1406 5049
1374098400 135 836 861 2679
1374091200 193 1107 682 1974
1374084000 139 806 590 1858
1374076800 278 1212 1254 3392
1374069600 143 663 639 2188
1374062400 137 361 616 1548
1374055200 151 361 616 1548
1374048000 155 370 616 1548
1374040800 150 362 609 1544
1374033600 136 357 608 1556
1374026400 173 419 936 1878
1374019200 361 976 3543 7278
1374012000 706 1798 5980 8125
1374004800 151 1006 609 2176
1373997600 333 1197 1327 3290
1373990400 1535 1401 19061 8895
1373983200 151 698 593 2137
1373976000 162 375 597 1821
1373968800 151 427 595 1544
1373961600 142 352 605 1569
1373954400 146 366 605 1569
1373947200 142 353 593 1535
1373940000 149 424 593 1555
1373932800 190 598 815 2260
1373925600 469 1306 2154 5396
1373918400 523 1373 1140 3292
1373911200 2071 1517 38673 4393
1373904000 796 1909 3247 14848
1373896800 156 718 615 2179
1373889600 148 316 585 1491
1373882400 151 448 606 3163
1373875200 144 318 606 1491
1373868000 150 318 610 1493
1373860800 143 326 614 1506
1373853600 149 316 716 4183
1373846400 166 428 716 4183
1373839200 143 323 614 1499
1373832000 148 323 614 1498
1373824800 143 315 614 1506
1373817600 149 325 620 1510
1373810400 144 316 612 1500
1373803200 143 316 614 1499
1373796000 152 329 742 1509
1373788800 144 326 623 1509
1373781600 143 324 601 1512
1373774400 168 331 603 1512
1373767200 145 317 588 1499
1373760000 154 396 592 1808
1373752800 144 319 594 1519
1373745600 143 328 590 1510
1373738400 150 330 596 1506
1373731200 143 329 588 1501
1373724000 151 322 592 1495
1373716800 146 324 597 1518
1373709600 145 332 591 1520
1373702400 168 335 595 1505
1373695200 143 329 595 1508
1373688000 151 324 601 1528
1373680800 167 737 601 7299
1373673600 152 581 604 2988
1373666400 434 1001 1036 4886
1373659200 2092 982 37434 3447
1373652000 157 686 639 2018
1373644800 1156 17106 13600 366452
1373637600 150 565 644 1963
1373630400 173 410 617 1544
1373623200 145 366 614 1544
1373616000 167 405 609 1681
1373608800 143 333 619 1511
1373601600 142 321 610 1508
1373594400 128 277 619 1514
1373587200 243 703 2326 5574
1373580000 347 1012 1637 5574
1373572800 494 962 1637 2677
1373565600 415 834 1583 2070
1373558400 195 945 642 5626
1373551200 180 476 628 1742
1373544000 188 330 772 1537
1373536800 182 323 630 1577
1373529600 191 500 630 2934
1373522400 181 331 630 1507
1373515200 186 443 639 2866
1373508000 204 553 671 3134
1373500800 237 1080 671 5449
1373493600 187 808 643 2029
1373486400 331 872 2241 2757
1373479200 444 2754 2207 34950
1373472000 334 1892 1298 6705
1373464800 171 574 623 1834
1373457600 193 346 626 1487
1373450400 467 17298 6895 406526
1373443200 2713 2835 60840 60663
1373436000 187 328 662 1547
1373428800 186 457 690 2292
1373421600 186 411 690 1995
1373414400 198 860 836 2075
1373407200 171 867 648 2161
1373400000 2896 40589 36518 602354
1373392800 192 1129 647 5155
1373385600 741 16491 12613 379134
1373378400 186 410 663 1594
1373371200 183 369 648 1542
1373364000 194 380 650 1537
1373356800 183 367 658 1542
1373349600 206 362 638 1559
1373342400 183 367 638 1559
1373335200 189 421 636 1673
1373328000 182 602 636 1687
1373320800 160 1037 594 2056
1373313600 167 1084 599 2056
1373306400 349 1377 1359 8176
1373299200 160 987 626 2224
1373292000 181 702 630 2140
1373284800 183 337 630 1512
1373277600 208 351 633 1530
1373270400 183 346 634 1518
1373263200 184 346 626 1510
1373256000 188 337 630 1509
1373248800 184 347 631 1523
1373241600 189 349 636 1528
1373234400 191 614 636 6443
1373227200 183 345 652 1538
1373220000 188 346 661 1538
1373212800 182 346 661 1535
1373205600 188 346 662 1525
1373198400 202 352 670 1544
1373191200 183 339 673 1535
1373184000 188 347 655 1539
1373176800 185 341 670 1535
1373169600 187 347 650 1531
1373162400 182 345 652 1524
1373155200 183 345 656 1524
1373148000 193 462 676 3232
1373140800 182 355 653 1534
1373133600 207 353 653 1534
1373126400 184 351 643 1521
1373119200 185 349 634 1536
1373112000 189 353 641 1536
1373104800 191 533 630 4495
1373097600 186 349 623 1513
1373090400 184 342 630 1531
1373083200 183 359 626 1539
1373076000 197 471 626 2999
1373068800 183 363 628 1530
1373061600 189 356 628 1543
1373054400 202 359 625 1543
1373047200 187 413 634 1645
1373040000 187 353 631 1533
1373032800 189 368 626 1547
1373025600 189 357 630 1530
1373018400 190 417 645 1703
1373011200 183 368 740 1555
1373004000 187 369 740 1559
1372996800 183 360 666 1556
1372989600 209 452 750 3454
1372982400 278 4642 2302 100578
1372975200 189 361 672 1572
1372968000 183 368 672 1568
1372960800 182 368 669 1557
1372953600 195 476 669 2820
1372946400 185 364 658 1592
1372939200 282 4576 2337 101443
1372932000 183 371 657 1569
1372924800 186 391 646 1578
1372917600 188 362 633 1546
1372910400 203 367 633 1574
1372903200 190 376 630 1574
1372896000 187 390 627 1546
1372888800 379 846 3011 5538
1372881600 181 746 631 1931
1372874400 164 831 640 2058
1372867200 181 912 640 2721
1372860000 175 584 638 1859
1372852800 180 393 625 1837
1372845600 194 369 1066 1638
1372838400 206 422 1066 1638
1372831200 3142 3165 71175 67185
1372824000 191 413 666 2406
1372816800 176 372 621 1542
1372809600 480 5766 3311 112915
1372802400 164 823 612 2046
1372795200 1803 13615 35371 666193
1372788000 2011 30135 32211 666193
1372780800 462 2145 1616 7394
1372773600 181 600 649 1948
1372766400 177 372 655 1561
1372759200 194 370 655 1561
1372752000 184 405 641 1559
1372744800 176 369 664 1631
1372737600 202 420 664 1631
1372730400 176 483 648 1613
1372723200 465 4749 4480 92608
1372716000 194 1216 725 2444
1372708800 511 1605 3326 6734
1372701600 180 1120 639 2488
1372694400 176 1032 625 2488
1372687200 193 523 637 1766
1372680000 179 329 641 1521
1372672800 184 329 641 1521
1372665600 189 320 622 1487
1372658400 176 323 620 1485
1372651200 193 317 620 1494
1372644000 195 328 630 1494
1372636800 184 343 630 1834
1372629600 190 345 625 1834
1372622400 196 321 627 1491
1372615200 364 553 3446 5476
1372608000 208 346 655 1524
1372600800 211 355 669 1536
1372593600 208 348 668 1530
1372586400 208 346 666 1525
1372579200 213 347 683 1541
1372572000 210 356 683 1533
1372564800 230 356 673 1522
1372557600 206 351 690 1516
1372550400 208 345 690 1532
1372543200 218 418 674 1912
1372536000 209 355 684 1527
1372528800 214 353 677 1527
1372521600 207 354 672 1525
1372514400 195 518 690 1905
1372507200 198 602 690 1932
1372500000 199 637 678 1915
1372492800 200 605 670 1915
1372485600 216 594 666 1849
1372478400 191 601 652 1906
1372471200 193 666 647 2029
1372464000 173 730 647 2071
1372456800 162 705 620 1917
1372449600 167 735 621 2140
1372442400 169 787 621 2140
1372435200 166 736 834 2195
1372428000 192 616 834 1818
1372420800 169 552 619 1812
1372413600 181 571 627 1820
1372406400 157 546 621 1820
1372399200 158 539 862 1820
1372392000 164 535 862 1825
1372384800 195 708 630 3669
1372377600 477 1066 3238 5820
1372370400 182 696 826 2012
1372363200 357 953 3480 6023
1372356000 187 789 638 1979
1372348800 179 725 640 2345
1372341600 169 644 643 1881
1372334400 156 578 742 1847
1372327200 175 616 742 1900
1372320000 153 586 641 1923
1372312800 194 629 631 1680
1372305600 156 569 634 1793
1372298400 226 757 1433 3045
1372291200 208 769 754 1913
1372284000 189 837 615 2104
1372276800 686 1067 8973 6003
1372269600 392 1269 2683 6319
1372262400 277 998 986 2875
1372255200 166 686 586 2425
1372248000 154 560 586 1685
1372240800 176 580 667 1748
1372233600 161 559 667 1748
1372226400 28584 28851 684443 681517
1372219200 180 572 704 1861
1372204800 334 4230 28356 737251
1372118400 183 678 782 3010
1372032000 192 352 904 2357
1371945600 196 369 894 2329
1371859200 1562 1095 379809 119001
1371772800 1544 985 242070 55039
1371686400 3349 1768 358076 139519
1371600000 233 717 3086 19406
1371513600 1746 3373 373609 399472
1371427200 192 329 1173 5337
1371340800 192 340 1125 4904
1371254400 910 3413 12937 378209
1371168000 378 547 15218 6708
1371081600 1959 22958 379284 3609305
1370995200 220 968 3304 27456
1370908800 171 624 1913 24749
1370822400 138 240 546 3319
1370736000 143 253 582 3550
1370649600 144 582 896 19233
1370563200 180 877 2416 23852
1370476800 177 620 1050 10457
1370390400 257 431 10848 20136
1370304000 2952 3063 777402 377839
1370217600 135 234 544 2169
1370131200 137 244 558 972
1370044800 287 2939 20191 377983
1369958400 221 1432 5071 293730
1369872000 237 521 1621 7918
1369785600 266 414 16847 1696
1369699200 208 390 612 4048
1369612800 207 376 638 1348
1369526400 208 384 660 1912
1369440000 210 460 930 4125
1369353600 211 417 668 3095
1369267200 272 648 1938 14480
1369180800 219 514 2166 13010
1369094400 256 516 1980 5413
1369008000 208 300 659 627
1368921600 207 312 662 1914
1368835200 221 478 1937 5523
1368748800 254 592 1613 5259
1368662400 229 1647 6295 330006
1368576000 243 517 10176 2625
1368489600 211 512 659 3573
1368403200 207 310 650 2914
1368316800 207 312 641 2701
1368230400 294 623 12037 16003
1368144000 207 668 644 4268
1368057600 1150 1657 19691 206831
1367971200 997 530 4527 21410
1367884800 973 533 3909 8592
1367798400 937 338 1777 440
1367712000 1044 420 16699 5961
1367625600 1069 671 19820 6982
1367539200 1184 1231 38301 109099
1367452800 1020 1542 5786 164073
1367366400 1009 614 10795 2086
1367280000 967 794 3484 2658
1367193600 935 574 1821 691
1367107200 962 605 4369 3883
1367020800 1028 815 4377 6931
1366934400 1103 1132 4257 5358
1366848000 1102 747 4463 5656
1366761600 1113 707 11277 10918
1366675200 1086 621 4711 2975
1366588800 1032 415 1963 480
1366502400 1071 443 3915 3984
1366416000 1157 606 6110 10933
1366329600 1115 686 4942 12584
1366243200 1158 1330 16275 209606
1366156800 1150 962 17852 4444
1366070400 1128 1200 4505 43809
1365984000 1053 462 4221 1809
1365897600 1064 474 4248 3489
1365811200 1081 696 4358 2562
1365724800 1119 888 4471 20680
1365638400 1061 1412 5418 216390
1365552000 1080 689 4344 9830
1365465600 1057 614 4399 4129
1365379200 1038 427 2166 1713
1365292800 1080 445 4365 3373
1365206400 1078 519 3968 2037
1365120000 1070 596 4595 3873
1365033600 1094 811 4456 5066
1364947200 1146 760 17445 6352
1364860800 1061 624 3966 4411
1364774400 1036 418 2694 2556
1364688000 1046 434 3226 2556
1364601600 1073 538 4509 3127
1364515200 1109 655 4559 5376
1364428800 1097 734 4467 6676
1364342400 1086 697 4820 5068
1364256000 1133 1891 15021 345554
1364169600 1041 440 3980 4688
1364083200 1068 452 4332 3423
1363996800 1069 674 4457 9433
1363910400 1178 891 23612 56163
1363824000 1137 777 4002 8507
1363737600 1119 620 11077 3768
1363651200 1075 603 4221 2105
1363564800 1041 430 2734 2261
1363478400 1061 441 3990 1879
1363392000 1470 609 44656 8340
1363305600 1468 994 44549 35110
1363219200 1262 2731 47309 337598
1363132800 848 1248 2946 40200
1363046400 1086 918 4329 4459
1362960000 1044 576 1999 726
1362873600 1069 626 4120 3985
1362787200 1138 1044 4300 15476
1362700800 1089 952 4274 8058
1362614400 1110 1029 4094 24878
1362528000 1141 833 17597 8416
1362441600 10229 225221 296744 10930140
1362355200 1072 507 2956 3474
1362268800 1107 512 4176 3788
1362182400 1280 815 14364 5095
1362096000 1139 766 4384 4113
1362009600 1352 3800 24258 451089
1361923200 1260 795 17782 3133
1361836800 2132 22974 10286 227827
1361750400 1163 568 2063 3057
1361664000 1198 583 4080 3526
1361577600 1156 731 7414 27860
1361491200 1085 632 4569 4388
1361404800 1124 765 4419 6400
1361318400 1108 582 10799 3456
1361232000 1042 405 3050 2032
1361145600 1041 392 3539 1288
1361059200 1058 438 4279 5829
1360972800 818 3797 33050 687171
1360886400 320 657 772 5958
1360800000 381 1925 5817 288284
1360713600 334 670 1395 4551
1360627200 3251 10061 264254 1388227
1360540800 35 233 455 1043
1360454400 35 233 460 915
1360368000 557 507 17326 9137
1360281600 3722 732 908864 36377
1360195200 7004 6140 907906 1429187
1360108800 570 2173 8608 205066
1360022400 4149 33841 329661 3743136
1359936000 567 349 8631 1972
1359849600 571 357 8603 1967
1359763200 8915 1725 2310682 180845
1359676800 1676 788 56111 7444
1359590400 7455 42069 1277088 4172766
1359504000 75 516 513 2892
1359417600 112 4448 2317 1109923
1359331200 105 516 537 31002
1359244800 106 1995 549 75525
1359158400 105 556 526 11165
1359072000 108 683 829 52530
1358985600 174 1329 3866 128102
1358899200 106 407 549 2672
1358812800 105 395 548 44734
1358726400 106 230 534 681
1358640000 105 233 562 621
1358553600 121 1214 2440 91247
1358467200 106 450 527 3643
1358380800 150 620 1969 7464
1358294400 106 457 552 1435
1358208000 105 475 528 1984
1358121600 104 272 531 1319
1358035200 106 272 528 1853
1357948800 114 386 2303 1345
1357862400 113 380 1842 3559
1357776000 207 1628 2279 127990
1357689600 105 398 719 3690
1357603200 105 395 522 2465
1357516800 105 202 524 453
1357430400 106 224 703 1964
1357344000 106 372 550 3306
1357257600 83 390 493 1517
1357171200 117 488 1019 8333
1357084800 75 219 494 1291
1356998400 75 337 516 2355
1356912000 75 216 514 1396
1356825600 75 215 508 648
1356739200 75 321 500 1363
1356652800 75 325 516 844
1356566400 75 428 518 3943
1356480000 75 208 515 1193
1356393600 75 212 516 2275
1356307200 75 207 522 2239
1356220800 74 225 480 1923
1356134400 76 426 580 3968
1356048000 79 450 1177 12342
1355961600 154 1581 9097 315002
1355875200 75 444 498 2834
1355788800 76 360 490 2999
1355702400 75 250 507 1352
1355616000 76 270 492 1040
1355529600 110 635 1508 12585
1355443200 99 363 2242 12599
1355356800 175 2105 7091 404828
1355270400 75 341 696 830
1355184000 76 314 487 2214
1355097600 75 206 510 644
1355011200 75 215 493 586
1354924800 82 367 2566 12663
1354838400 74 327 514 2472
1354752000 118 497 1621 16846
1354665600 76 316 512 1770
1354579200 75 318 487 4308
1354492800 75 208 496 2542
1354406400 80 423 1873 60527
1354320000 126 3094 3427 183750
1354233600 79 349 981 2429
1354147200 139 544 1271 10393
1354060800 75 368 501 3756
1353974400 75 418 668 3076
1353888000 76 215 495 1959
1353801600 74 221 480 3332
1353715200 75 225 538 2289
1353628800 74 232 488 834
1353542400 429 1016 4767 166480
1353456000 1124 500 18064 2410
1353369600 1038 520 4301 3778
1353283200 1005 346 3516 3657
1353196800 1034 369 4585 4314
1353110400 1031 563 4125 5251
1353024000 1055 2496 6543 333089
1352937600 1129 796 4317 14431
1352851200 1132 615 13404 3434
1352764800 1053 559 3983 3368
1352678400 1026 370 1905 459
1352592000 1084 385 4491 1415
1352505600 1084 561 4365 2623
1352419200 505 536 4261 19089
1352332800 546 600 2739 9774
1352246400 337 780 2195 46353
1352160000 329 529 766 3450
1352073600 327 435 758 857
1351987200 327 443 768 2218
1351900800 327 458 736 2283
1351814400 196 3053 17652 765849
1351728000 37 273 449 1894
1351641600 37 169 466 2353
1351555200 40 180 456 2344
1351468800 38 176 466 2485
1351382400 37 191 444 2300
1351296000 1018 1027 4938 119079
1351209600 1072 607 4330 3666
1351123200 1114 743 4453 9531
1351036800 1123 593 17999 1778
1350950400 1048 630 4382 5294
1350864000 1016 423 3482 4152
1350777600 1040 447 4494 5038
1350691200 1103 3288 16664 758785
1350604800 1028 822 4207 50076
1350518400 1071 1319 5032 175018
1350432000 1141 597 18231 2184
1350345600 1053 567 4365 4215
1350259200 1078 514 12419 40618
1350172800 1042 376 4633 1186
1350086400 1126 1458 14507 281192
1350000000 1080 1346 4377 147784
1349913600 1468 19155 51160 2481291
1349827200 1099 1162 11327 160974
1349740800 1055 589 4696 6795
1349654400 1017 375 4716 4745
1349568000 1047 374 4312 1875
1349481600 1151 3314 14342 539533
1349395200 1069 635 4295 2579
1349308800 1202 2727 12145 581739
1349222400 1075 692 4051 10638
1349136000 7583 7648 1884705 2018630
1349049600 1032 483 3912 2988
1348963200 1035 491 4037 4232
1348876800 1083 999 7856 24935
1348790400 1119 3317 12087 494898
1348704000 1115 774 4134 6749
1348617600 1002 826 5931 8705
1348531200 32682 53548 5366515 7126489
1348444800 1028 466 1946 1003
1348358400 1079 829 4223 98839
1348272000 1083 778 4404 8148
1348185600 1091 943 4335 15866
1348099200 1172 929 5876 8885
1348012800 1140 975 20328 8362
1347926400 1078 743 4325 2754
1347840000 1044 586 3770 8662
1347753600 1075 578 4348 2641
1347667200 1089 725 4145 4794
1347580800 1095 757 4409 4111
1347494400 1216 3779 11546 420509
1347408000 1099 844 3972 8109
1347321600 1101 968 4069 13200
1347235200 1050 580 3883 2015
1347148800 1045 597 3892 4868
1347062400 1110 720 4190 3444
1346976000 1176 3316 12165 388427
1346889600 365 3374 15613 562065
1346803200 86 579 497 2893
1346716800 84 423 517 3412
1346630400 84 401 498 1923
1346544000 83 406 570 1992
1346457600 86 568 520 6275
1346371200 87 527 558 2351
1346284800 139 641 6454 4640
1346198400 87 663 542 8706
1346112000 15643 15031 746918 751055
1346025600 84 404 491 1808
1345939200 84 422 621 5271
1345852800 1373 842 363686 48843
1345766400 160 2139 9771 362639
1345680000 82 593 534 5162
1345593600 80 605 475 4995
1345507200 81 603 483 4638
1345420800 81 400 469 1833
1345334400 82 420 532 2062
1345248000 81 540 489 3111
1345161600 93 1352 3785 223107
1345075200 84 587 1077 3637
1344988800 82 587 682 2421
1344902400 81 564 512 3593
1344816000 81 390 490 2039
1344729600 81 397 490 1931
1344643200 83 669 481 2962
1344556800 85 608 499 5707
1344470400 82 503 484 2139
1344384000 131 662 13077 13898
1344297600 79 457 507 2585
1344211200 77 254 506 1138
1344124800 77 268 516 1258
1344038400 79 450 476 3290
1343952000 78 499 469 2584
1343865600 82 683 969 50454
1343779200 80 536 471 1834
1343692800 78 487 492 3723
1343606400 77 324 515 2578
1343520000 766 432 4257 2056
1343433600 767 590 4634 2928
1343347200 104 1491 6818 308395
1343260800 225 568 29412 5962
1343174400 78 430 484 2638
1343088000 121 471 5724 8320
1343001600 77 267 474 3004
1342915200 77 271 472 1444
1342828800 78 445 507 1899
1342742400 80 431 662 1899
1342656000 102 581 885 6202
1342569600 80 439 641 1145
1342483200 78 437 481 2872
1342396800 77 385 504 1699
1342310400 77 507 468 1890
1342224000 76 638 486 3552
1342137600 78 624 465 4385
1342051200 90 1176 4405 214815
1341964800 205 3761 14525 759861
1341878400 65 458 457 4426
1341792000 65 258 462 414
1341705600 63 270 461 2120
1341619200 66 405 459 2693
1341532800 65 406 467 991
1341446400 64 261 465 676
1341360000 67 343 464 1571
1341273600 252 1363 25602 95323
1341187200 63 261 472 662
1341100800 63 312 461 14927
1341014400 67 407 465 1217
1340928000 1356 2964 37542 345335
1340841600 118 613 1040 4551
1340755200 30 565 736 3775
1340668800 76 2345 10944 517903
1340582400 28 238 649 12900
1340496000 27 196 420 853
1340409600 29 422 425 2402
1340323200 30 396 425 4632
1340236800 122 811 3569 85184
1340150400 66 410 465 1786
1340064000 65 357 451 3061
1339977600 63 235 453 1420
1339891200 63 244 477 3315
1339804800 64 400 473 2029
1339718400 106 1237 2268 195652
1339632000 199 7831 32973 1943819
1339545600 63 399 610 5391
1339459200 66 426 613 4839
1339372800 63 235 462 2291
1339286400 62 235 462 1105
1339200000 65 352 460 8218
1339113600 69 403 731 3926
1339027200 125 548 1281 5584
1338940800 67 450 456 4681
1338854400 65 519 508 3672
1338768000 62 225 451 800
1338681600 62 239 462 1055
1338595200 65 440 451 2286
1338508800 252 2943 9905 470248
1338422400 100 544 751 4922
1338336000 28 370 422 4009
1338249600 26 231 425 4922
1338163200 26 198 425 804
1338076800 27 204 428 2030
1337990400 29 358 418 2005
1337904000 74 416 11646 11110
1337817600 803 792 21633 25259
1337731200 98509 22490 361063 981200
1337644800 149512 30108 10776189 2155307
1337558400 198 269 593 521
1337472000 444 361 973 1871
1337385600 730 811 3132 9528
1337299200 1010 12195 162190 6806943
1337212800 1298 25063 162190 6806943
1337126400 634 629 3774 4980
1337040000 646 1392 7679 208403
1336953600 617 466 1014 3276
1336867200 647 2041 8070 448472
1336780800 631 610 1381 4916
1336694400 659 721 4933 12124
1336608000 820 1133 15460 16247
1336521600 624 608 1389 7673
1336435200 639 1189 4128 155520
1336348800 618 504 1008 3352
1336262400 618 514 1005 3354
1336176000 620 565 1033 3279
1336089600 650 610 5425 3300
1336003200 849 4947 15524 764789
1335916800 626 850 1415 7072
1335830400 633 704 4493 3322
1335744000 618 532 1013 3309
1335657600 646 601 4529 16959
1335571200 824 1410 11663 81440
1335484800 9881 9789 43835 44521
1335398400 681 794 4510 5175
1335312000 12112 66163 231912 92129
1335225600 3695 74208 9693 80117
1335139200 3688 73809 9602 80652
1335052800 3693 73961 9598 78226
1334966400 3711 75199 11616 347927
1334880000 3699 74087 9752 81250
1334793600 3742 74004 9794 85647
1334707200 3773 73673 11714 81824
1334620800 3718 73973 11858 84610
1334534400 3678 73594 9740 78951
1334448000 3676 73635 9653 80132
1334361600 5193 74132 377613 129340
1334275200 3612 72929 9680 82186
1334188800 3641 73579 9653 79651
1334102400 3916 74924 35544 312818
1334016000 3628 73294 9628 79101
1333929600 3649 73657 9559 79370
1333843200 3652 73771 9502 80077
1333756800 3637 73465 9600 81977
1333670400 3664 73257 9567 83388
1333584000 23429 40744 3396815 2827838
1333497600 512 772 2118 23480
1333411200 504 730 904 4586
1333324800 506 533 904 2028
1333238400 508 707 1314 47265
1333152000 506 702 944 6330
1333065600 552 916 5822 64573
1332979200 548 711 6504 12427
1332892800 512 629 1473 6372
1332806400 504 664 1429 11971
1332720000 502 454 904 1878
1332633600 506 461 1549 3681
1332547200 513 691 1542 3160
1332460800 556 703 8847 8960
1332374400 516 642 2203 2956
1332288000 507 645 1546 4694
1332201600 503 611 892 2871
1332115200 501 462 888 2400
1332028800 508 480 1536 2219
1331942400 422 2772 20154 53307
1331856000 315 557 33006 14297
1331769600 82100 18876 233677 193569
1331683200 229952 49591 237847 164821
1331596800 229779 48649 235757 53837
1331510400 229891 48463 233609 50057
1331424000 229921 48530 236424 52425
1331337600 230225 50411 239710 462359
1331251200 230020 48713 234015 51082
1331164800 230114 48901 246089 60226
1331078400 229889 48728 234555 63104
1330992000 229921 48705 235639 53272
1330905600 229922 48537 235747 54324
1330819200 229884 48521 234546 50585
1330732800 349807 69439 9474688 1475486
1330646400 200043 43915 257309 179396
1330560000 230307 49755 243180 141993
1330473600 229767 48671 238365 56025
1330387200 229895 48948 237781 109653
1330300800 229866 48512 237348 50191
1330214400 229868 48529 237318 50990
1330128000 229895 48678 235471 65625
1330041600 229958 48740 236428 64738
1329955200 230017 48806 236559 82490
1329868800 230058 48807 238286 67962
1329782400 229819 48607 240074 75528
1329696000 229969 48507 236381 51639
1329609600 229920 48544 235343 51509
1329523200 229974 48860 238330 75506
1329436800 230058 49517 238737 164139
1329350400 230210 49529 244666 145631
1329264000 229978 48707 238251 65898
1329177600 106196 18451 5419301 1032930
1329091200 1738 629 2927 2077
1329004800 1782 1493 12386 234251
1328918400 245363 58995 1677967 1145437
1328832000 230013 49079 239051 78329
1328745600 229886 48779 239470 99202
1328659200 229959 48639 235680 60890
1328572800 229821 48774 241878 99680
1328486400 229907 48307 242776 51255
1328400000 229275 48282 244133 63196
1328313600 368094 54552 12043443 1124231
1328227200 232413 35877 963792 107967
1328140800 229955 35622 234863 59391
1328054400 229870 35421 233927 42488
1327968000 431692 50002 11620638 992361
1327881600 229844 35112 235464 40345
1327795200 229829 35112 236753 37559
1327708800 229878 35504 236710 86160
1327622400 229994 35397 236860 48615
1327536000 229875 35499 233977 81708
1327449600 229929 35227 236145 36930
1327363200 229923 35432 235400 52993
1327276800 229906 35153 235882 36828
1327190400 229846 35174 240548 40064
1327104000 229966 35369 236188 47479
1327017600 230036 36023 235112 239917
1326931200 198183 34017 350775 544208
1326844800 230119 35357 235299 49833
1326758400 229953 35391 234033 60329
1326672000 230023 35159 235792 36563
1326585600 230020 35171 234732 36517
1326499200 229990 35472 236037 49711
1326412800 230212 35776 237363 58311
1326326400 229390 36087 235374 99967
1326240000 229729 35442 236843 47101
1326153600 229979 35370 235644 41175
1326067200 229949 35148 233978 36849
1325980800 229977 35165 238049 37134
1325894400 230086 35681 236326 51376
1325808000 229959 35410 234962 40945
1325721600 230141 35562 246344 46414
1325635200 229986 35385 240685 51852
1325548800 229890 35149 236110 36846
1325462400 230011 35158 234063 36996
1325376000 229956 35149 234635 36579
1325289600 230087 35270 261659 43091
1325203200 229966 35306 236896 49280
1325116800 229997 35415 236099 45426
1325030400 230022 35415 234098 53560
1324944000 230084 35482 236281 94474
1324857600 230085 35197 237020 36778
1324771200 229874 35193 236014 37439
1324684800 230014 35279 236742 51239
1324598400 229996 35414 234750 55761
1324512000 230209 35466 242471 42321
1324425600 230229 35526 236241 52980
1324339200 230257 35525 235014 45197
1324252800 230249 35342 235009 36395
1324166400 230290 35371 238690 38679
1324080000 230257 35549 237390 54779
1323993600 230145 35515 234603 48020
1323907200 230433 37575 234957 287248
1323820800 230516 36193 235483 84779
1323734400 230485 36000 247898 85734
1323648000 230342 35536 234380 37083
1323561600 230273 35567 237939 38706
1323475200 230597 35745 239133 43711
1323388800 230441 35762 236441 49650
1323302400 230543 35794 241869 43975
1323216000 247479 36883 1863470 209531
1323129600 346567 175389 9501862 12183239
1323043200 210777 33436 224007 35088
1322956800 235939 34098 2459212 89827
1322870400 310708 17095 2493579 410210
1322784000 4689 24770 108490 3235176
1322697600 1240 3440 14019 606817
1322611200 1125 1167 9045 93391
1322524800 1041 1221 6025 180463
1322438400 1007 470 1872 2035
1322352000 1020 474 3463 1651
1322265600 1037 526 4254 6680
1322179200 1038 529 3841 16608
1322092800 1094 574 14120 12185
1322006400 1074 725 5510 17666
1321920000 1033 635 4068 13527
1321833600 1014 511 2320 2600
1321747200 1025 510 3506 1113
1321660800 1036 707 3337 12123
1321574400 1072 738 3475 11980
1321488000 1508 1271 50228 110950
1321401600 1080 684 4527 16045
1321315200 1064 681 4366 7262
1321228800 1047 499 2006 1162
1321142400 1044 559 1958 11761
1321056000 1063 699 2921 7693
1320969600 1094 837 4171 14210
1320883200 1271 2756 8926 183490
1320796800 1088 889 4288 15014
1320710400 1164 1118 8261 65737
1320624000 1013 488 3466 1202
1320537600 1027 488 2818 1319
1320451200 1039 760 4471 15421
1320364800 1075 751 6720 12680
1320278400 1152 1450 10942 120995
1320192000 1051 690 4255 14311
1320105600 1043 877 5976 39454
1320019200 1015 498 2701 1449
1319932800 1029 507 4155 2142
1319846400 1030 729 4551 13146
1319760000 1038 661 3598 17810
1319673600 3874 7484 739269 1093342
1319587200 1220 4336 15845 746936
1319500800 1003 603 1881 25608
1319414400 1000 413 1921 2841
1319328000 1020 441 4105 3996
1319241600 1039 809 3795 60992
1319155200 1035 567 3574 10535
1319068800 1091 744 6080 11726
1318982400 1015 819 3023 62521
1318896000 1034 799 3154 29795
1318809600 3013 500 572202 13219
1318723200 1785 2761 65226 233376
1318636800 1086 966 5107 62580
1318550400 1050 2093 6498 316502
1318464000 1157 1042 5935 51365
1318377600 1047 758 4434 25349
1318291200 1005 662 2135 18565
1318204800 1003 457 2503 2371
1318118400 1015 474 3190 3357
1318032000 1033 900 3502 61759
1317945600 1030 647 4097 19676
1317859200 1065 1002 4060 51927
1317772800 1145 1074 11889 61597
1317686400 1069 2975 10494 533128
1317600000 985 463 2626 1839
1317513600 993 455 2282 2119
1317427200 979 660 2906 23536
1317340800 974 621 4190 7378
1317254400 1168 932 8398 15701
1317168000 1035 619 5372 8967
1317081600 994 597 4135 8264
1316995200 1194 2758 12076 235130
1316908800 988 418 3900 3209
1316822400 1079 850 14590 59967
1316736000 1154 681 20333 26192
1316649600 1142 852 6304 9615
1316563200 999 826 4352 62215
1316476800 1037 1462 6037 230123
1316390400 3589 3997 572034 236096
1316304000 985 700 2991 61820
1316217600 1000 765 3034 6643
1316131200 1008 645 5164 7914
1316044800 1219 3221 14678 317078
1315958400 1011 850 4461 62944
1315872000 970 614 3071 20226
1315785600 1093 467 22460 3617
1315699200 980 483 3786 2345
1315612800 1177 1266 27856 106000
1315526400 947 629 9769 6978
1315440000 1014 647 4392 12526
1315353600 1017 771 10724 61470
1315267200 1064 642 11188 20379
1315180800 963 453 2869 4729
1315094400 966 466 3670 2414
1315008000 983 775 4090 60940
1314921600 985 499 4338 8772
1314835200 1069 883 4013 40555
1314748800 1134 944 7615 60985
1314662400 510 2358 10150 511388
1314576000 0 0 0 0
1314489600 0 0 0 0
1314403200 1247 569 79625 12920
1314316800 1058 738 3534 22001
1314230400 1612 2540 49141 332138
1314144000 1364 547 7144 12000
1314057600 1479 1408 11494 233596
1313971200 1335 385 4465 4612
1313884800 1345 414 4655 7262
1313798400 1737 1717 31769 64775
1313712000 1575 1013 5007 59131
1313625600 3069 5320 127854 390260
1313539200 2363 1812 21699 63853
1313452800 2003 3145 14804 501602
1313366400 2282 2138 5772 15787
1313280000 2505 2740 6919 64197
1313193600 2523 2790 7062 24130
1313107200 2522 3360 6860 169197
1313020800 2658 3052 19446 33525
1312934400 2598 4795 14764 314189
1312848000 2514 2706 5824 16383
1312761600 2492 2540 9311 8651
1312675200 2510 2549 8129 8891
1312588800 2559 2906 7061 65566
1312502400 2521 2728 9289 14396
1312416000 2679 2899 31290 29806
1312329600 4302 42301 214527 2547436
1312243200 2528 2647 8038 10177
1312156800 2507 2661 7015 34731
1312070400 2537 2558 8906 9281
1311984000 35736 21176 5441361 2122318
1311897600 2540 2460 11535 22889
1311811200 2408 2273 7652 21655
1311724800 24207 7453 4599699 493985
1311638400 13516 3312 1792799 232378
1311552000 977 1903 3702 6725
1311465600 983 1912 3748 6724
1311379200 5668 3870 469486 178538
1311292800 1429 2501 12446 318710
1311206400 1979 1232 91207 16628
1311120000 2056 3308 67508 294117
1311033600 1084 2337 15933 161915
1310947200 206 341 532 1786
1310860800 217 514 1608 21005
1310774400 5495 2282 631528 316302
1310688000 29947 2295 1959161 89072
1310601600 7594 2628 457718 142571
1310515200 12337 8446 2028651 758958
1310428800 17010 22632 976152 958976
1310342400 350 432 1817 1337
1310256000 336 516 1869 12107
1310169600 939 949 18277 18833
1310083200 866 1138 13104 88627
1309996800 2148 4582 63137 446608
1309910400 4428 2514 259924 130077
1309824000 648 597 4041 3846
1309737600 722 624 2230 16042
1309651200 725 593 2962 2147
1309564800 1144 1084 39595 39407
1309478400 1084 1098 14008 24122
1309392000 1152 1525 12321 40447
1309305600 1604 2980 23034 231366
1309219200 846 3145 46030 646179
1309132800 231 539 1724 9435
1309046400 220 433 1824 3095
