1377805802 2426073915 134318208
1377805802 0 0 0 0
1377805502 0 0 0 0
1377805500 0 0 0 0
1377805200 0 0 0 0
1377804900 0 0 0 0
1377804600 0 0 0 0
1377804300 0 0 0 0
1377804000 0 0 0 0
1377803700 0 0 0 0
1377803400 0 0 0 0
1377803100 0 0 0 0
1377802800 0 0 0 0
1377802500 0 0 0 0
1377802200 0 0 0 0
1377801900 0 0 0 0
1377801600 0 0 0 0
1377801300 0 0 0 0
1377801000 0 0 0 0
1377800700 0 0 0 0
1377800400 0 0 0 0
1377800100 0 0 0 0
1377799800 0 0 0 0
1377799500 0 0 0 0
1377799200 0 0 0 0
1377798900 0 0 0 0
1377798600 0 0 0 0
1377798300 0 0 0 0
1377798000 0 0 0 0
1377797700 0 0 0 0
1377797400 0 0 0 0
1377797100 0 0 0 0
1377796800 0 0 0 0
1377796500 0 0 0 0
1377796200 0 0 0 0
1377795900 0 0 0 0
1377795600 0 0 0 0
1377795300 0 0 0 0
1377795000 0 0 0 0
1377794700 0 0 0 0
1377794400 0 0 0 0
1377794100 0 0 0 0
1377793800 0 0 0 0
1377793500 0 0 0 0
1377793200 0 0 0 0
1377792900 0 0 0 0
1377792600 0 0 0 0
1377792300 0 0 0 0
1377792000 0 0 0 0
1377791700 0 0 0 0
1377791400 0 0 0 0
1377791100 0 0 0 0
1377790800 0 0 0 0
1377790500 0 0 0 0
1377790200 0 0 0 0
1377789900 0 0 0 0
1377789600 0 0 0 0
1377789300 0 0 0 0
1377789000 0 0 0 0
1377788700 0 0 0 0
1377788400 0 0 0 0
1377788100 0 0 0 0
1377787800 0 0 0 0
1377787500 0 0 0 0
1377787200 0 0 0 0
1377786900 0 0 0 0
1377786600 0 0 0 0
1377786300 0 0 0 0
1377786000 0 0 0 0
1377785700 0 0 0 0
1377785400 0 0 0 0
1377785100 0 0 0 0
1377784800 0 0 0 0
1377784500 0 0 0 0
1377784200 0 0 0 0
1377783900 0 0 0 0
1377783600 0 0 0 0
1377783300 0 0 0 0
1377783000 0 0 0 0
1377782700 0 0 0 0
1377782400 0 0 0 0
1377782100 0 0 0 0
1377781800 0 0 0 0
1377781500 0 0 0 0
1377781200 0 0 0 0
1377780900 0 0 0 0
1377780600 0 0 0 0
1377780300 0 0 0 0
1377780000 0 0 0 0
1377779700 0 0 0 0
1377779400 0 0 0 0
1377779100 0 0 0 0
1377778800 0 0 0 0
1377778500 0 0 0 0
1377778200 0 0 0 0
1377777900 0 0 0 0
1377777600 0 0 0 0
1377777300 0 0 0 0
1377777000 0 0 0 0
1377776700 0 0 0 0
1377776400 0 0 0 0
1377776100 0 0 0 0
1377775800 0 0 0 0
1377775500 0 0 0 0
1377775200 0 0 0 0
1377774900 0 0 0 0
1377774600 0 0 0 0
1377774300 0 0 0 0
1377774000 0 0 0 0
1377773700 0 0 0 0
1377773400 0 0 0 0
1377773100 0 0 0 0
1377772800 0 0 0 0
1377772500 0 0 0 0
1377772200 0 0 0 0
1377771900 0 0 0 0
1377771600 0 0 0 0
1377771300 0 0 0 0
1377771000 0 0 0 0
1377770700 0 0 0 0
1377770400 0 0 0 0
1377770100 0 0 0 0
1377769800 0 0 0 0
1377769500 0 0 0 0
1377769200 0 0 0 0
1377768900 0 0 0 0
1377768600 0 0 0 0
1377768300 0 0 0 0
1377768000 0 0 0 0
1377767700 0 0 0 0
1377767400 0 0 0 0
1377767100 0 0 0 0
1377766800 0 0 0 0
1377766500 0 0 0 0
1377766200 0 0 0 0
1377765900 0 0 0 0
1377765600 0 0 0 0
1377765300 0 0 0 0
1377765000 0 0 0 0
1377764700 0 0 0 0
1377764400 0 0 0 0
1377764100 0 0 0 0
1377763800 0 0 0 0
1377763500 0 0 0 0
1377763200 0 0 0 0
1377762900 0 0 0 0
1377762600 0 0 0 0
1377762300 0 0 0 0
1377762000 0 0 0 0
1377761700 0 0 0 0
1377761400 0 0 0 0
1377761100 0 0 0 0
1377760800 0 0 0 0
1377760500 0 0 0 0
1377760200 0 0 0 0
1377759900 0 0 0 0
1377759600 0 0 0 0
1377759300 0 0 0 0
1377759000 0 0 0 0
1377758700 0 0 0 0
1377758400 0 0 0 0
1377758100 0 0 0 0
1377757800 0 0 0 0
1377757500 0 0 0 0
1377757200 0 0 0 0
1377756900 0 0 0 0
1377756600 0 0 0 0
1377756300 0 0 0 0
1377756000 0 0 0 0
1377755700 0 0 0 0
1377755400 0 0 0 0
1377755100 0 0 0 0
1377754800 0 0 0 0
1377754500 0 0 0 0
1377754200 0 0 0 0
1377753900 0 0 0 0
1377753600 0 0 0 0
1377753300 0 0 0 0
1377753000 0 0 0 0
1377752700 0 0 0 0
1377752400 0 0 0 0
1377752100 0 0 0 0
1377751800 0 0 0 0
1377751500 0 0 0 0
1377751200 0 0 0 0
1377750900 0 0 0 0
1377750600 0 0 0 0
1377750300 0 0 0 0
1377750000 0 0 0 0
1377749700 0 0 0 0
1377749400 0 0 0 0
1377749100 0 0 0 0
1377748800 0 0 0 0
1377748500 0 0 0 0
1377748200 0 0 0 0
1377747900 0 0 0 0
1377747600 0 0 0 0
1377747300 0 0 0 0
1377747000 0 0 0 0
1377746700 0 0 0 0
1377746400 0 0 0 0
1377746100 0 0 0 0
1377745800 0 0 0 0
1377745500 0 0 0 0
1377745200 0 0 0 0
1377744900 0 0 0 0
1377744600 0 0 0 0
1377744300 0 0 0 0
1377744000 0 0 0 0
1377743700 0 0 0 0
1377743400 0 0 0 0
1377743100 0 0 0 0
1377742800 0 0 0 0
1377742500 0 0 0 0
1377742200 0 0 0 0
1377741900 0 0 0 0
1377741600 0 0 0 0
1377741300 0 0 0 0
1377741000 0 0 0 0
1377740700 0 0 0 0
1377740400 0 0 0 0
1377740100 0 0 0 0
1377739800 0 0 0 0
1377739500 0 0 0 0
1377739200 0 0 0 0
1377738900 0 0 0 0
1377738600 0 0 0 0
1377738300 0 0 0 0
1377738000 0 0 0 0
1377737700 0 0 0 0
1377737400 0 0 0 0
1377737100 0 0 0 0
1377736800 0 0 0 0
1377736500 0 0 0 0
1377736200 0 0 0 0
1377735900 0 0 0 0
1377735600 0 0 0 0
1377735300 0 0 0 0
1377735000 0 0 0 0
1377734700 0 0 0 0
1377734400 0 0 0 0
1377734100 0 0 0 0
1377733800 0 0 0 0
1377733500 0 0 0 0
1377733200 0 0 0 0
1377732900 0 0 0 0
1377732600 0 0 0 0
1377732300 0 0 0 0
1377732000 0 0 0 0
1377731700 0 0 0 0
1377731400 0 0 0 0
1377731100 0 0 0 0
1377730800 0 0 0 0
1377730500 0 0 0 0
1377730200 0 0 0 0
1377729900 0 0 0 0
1377729600 0 0 0 0
1377729300 0 0 0 0
1377729000 0 0 0 0
1377728700 0 0 0 0
1377728400 0 0 0 0
1377728100 0 0 0 0
1377727800 0 0 0 0
1377727500 0 0 0 0
1377727200 0 0 0 0
1377726900 0 0 0 0
1377726600 0 0 0 0
1377726300 0 0 0 0
1377726000 0 1 112 211
1377725700 111 212 112 379
1377725400 84 379 148 471
1377725100 147 470 148 471
1377724800 109 418 3750 15688
1377724500 3725 15586 3750 15688
1377724200 149 525 853 1861
1377723900 847 1851 853 1861
1377723600 66 375 183 528
1377723300 183 527 216 528
1377723000 216 428 371 527
1377722700 373 535 805 1757
1377722400 802 1749 805 1757
1377722100 409 578 504 698
1377721800 533 761 4887 10164
1377721500 4859 10156 4887 10164
1377721200 826 8929 832 8989
1377720900 0 0 0 0
1377720600 0 0 0 0
1377720300 0 0 0 0
1377720000 0 0 0 0
1377719700 0 0 0 0
1377719400 0 0 0 0
1377719100 0 0 0 0
1377718800 0 0 0 0
1377718500 0 0 0 0
1377718200 0 0 0 0
1377717900 0 0 0 0
1377717600 0 0 0 0
1377717300 0 0 0 0
1377717000 0 0 0 0
1377716700 0 0 0 0
1377716400 0 0 0 0
1377716100 0 0 0 0
1377715800 0 0 0 0
1377715500 0 0 0 0
1377715200 0 0 0 0
1377714900 0 0 0 0
1377714600 0 0 0 0
1377714300 0 0 0 0
1377714000 0 0 0 0
1377713700 0 0 0 0
1377713400 0 0 0 0
1377713100 0 0 0 0
1377712800 0 0 0 0
1377712500 0 0 0 0
1377712200 0 0 0 0
1377711900 0 0 0 0
1377711600 0 0 0 0
1377711300 0 0 0 0
1377711000 0 0 0 0
1377710700 0 0 0 0
1377710400 0 0 0 0
1377710100 0 0 0 0
1377709800 0 0 0 0
1377709500 0 0 0 0
1377709200 0 0 0 0
1377708900 0 0 0 0
1377708600 0 0 0 0
1377708300 0 0 0 0
1377708000 0 0 0 0
1377707700 0 0 0 0
1377707400 0 0 0 0
1377707100 0 0 0 0
1377706800 0 0 0 0
1377706500 0 0 0 0
1377706200 0 0 0 0
1377705900 0 0 0 0
1377705600 0 0 0 0
1377705300 0 0 0 0
1377705000 0 0 0 0
1377704700 0 0 0 0
1377704400 0 0 0 0
1377704100 0 0 0 0
1377703800 0 0 0 0
1377703500 0 0 0 0
1377703200 0 0 0 0
1377702900 0 0 0 0
1377702600 0 0 0 0
1377702300 0 0 0 0
1377702000 0 0 0 0
1377701700 0 0 0 0
1377701400 0 0 0 0
1377701100 0 0 0 0
1377700800 0 0 0 0
1377700500 0 0 0 0
1377700200 0 0 0 0
1377699900 0 0 0 0
1377699600 0 0 0 0
1377699300 0 0 0 0
1377699000 0 0 0 0
1377698700 0 0 0 0
1377698400 0 0 0 0
1377698100 0 0 0 0
1377697800 0 0 0 0
1377697500 0 0 0 0
1377697200 0 0 0 0
1377696900 0 0 0 0
1377696600 0 0 0 0
1377696300 0 0 0 0
1377696000 0 0 0 0
1377695700 0 0 0 0
1377695400 0 0 0 0
1377695100 0 0 0 0
1377694800 0 0 0 0
1377694500 0 0 0 0
1377694200 0 0 0 0
1377693900 0 0 0 0
1377693600 0 0 0 0
1377693300 0 0 0 0
1377693000 0 0 0 0
1377692700 0 0 0 0
1377692400 0 0 0 0
1377692100 0 0 0 0
1377691800 0 0 0 0
1377691500 0 0 0 0
1377691200 0 0 0 0
1377690900 0 0 0 0
1377690600 0 0 0 0
1377690300 0 0 0 0
1377690000 0 0 0 0
1377689700 0 0 0 0
1377689400 0 0 0 0
1377689100 0 0 0 0
1377688800 0 0 0 0
1377688500 0 0 0 0
1377688200 0 0 0 0
1377687900 0 0 0 0
1377687600 0 0 0 0
1377687300 0 0 0 0
1377687000 0 0 0 0
1377686700 0 0 0 0
1377686400 0 0 0 0
1377686100 0 0 0 0
1377685800 0 0 0 0
1377685500 0 0 0 0
1377685200 0 0 0 0
1377684900 0 0 0 0
1377684600 0 0 0 0
1377684300 0 0 0 0
1377684000 0 0 0 0
1377683700 0 0 0 0
1377683400 0 0 0 0
1377683100 0 0 0 0
1377682800 0 0 0 0
1377682500 0 0 0 0
1377682200 0 0 0 0
1377681900 0 0 0 0
1377681600 0 0 0 0
1377681300 0 0 0 0
1377681000 0 0 0 0
1377680700 0 0 0 0
1377680400 0 0 0 0
1377680100 0 0 0 0
1377679800 0 0 0 0
1377679500 0 0 0 0
1377679200 0 0 0 0
1377678900 0 0 0 0
1377678600 0 0 0 0
1377678300 0 0 0 0
1377678000 0 0 0 0
1377677700 0 0 0 0
1377677400 0 0 0 0
1377677100 0 0 0 0
1377676800 0 0 0 0
1377676500 0 0 0 0
1377676200 0 0 0 0
1377675900 0 0 0 0
1377675600 0 0 0 0
1377675300 0 0 0 0
1377675000 0 0 0 0
1377674700 0 0 0 0
1377674400 0 0 0 0
1377674100 0 0 0 0
1377673800 0 0 0 0
1377673500 0 0 0 0
1377673200 0 0 0 0
1377672900 0 0 0 0
1377672600 0 0 0 0
1377672300 0 0 0 0
1377672000 0 0 0 0
1377671700 0 0 0 0
1377671400 0 0 0 0
1377671100 0 0 0 0
1377670800 0 0 0 0
1377670500 0 0 0 0
1377670200 0 0 0 0
1377669900 0 0 0 0
1377669600 0 0 0 0
1377669300 0 0 0 0
1377669000 0 0 0 0
1377668700 0 0 0 0
1377668400 0 0 0 0
1377668100 0 0 0 0
1377667800 0 0 0 0
1377667500 0 0 0 0
1377667200 0 0 0 0
1377666900 0 0 0 0
1377666600 0 0 0 0
1377666300 0 0 0 0
1377666000 0 0 0 0
1377665700 0 0 0 0
1377665400 0 0 0 0
1377665100 0 0 0 0
1377664800 0 0 0 0
1377664500 0 0 0 0
1377664200 0 0 0 0
1377663900 0 0 0 0
1377663600 0 0 0 0
1377663300 0 0 0 0
1377663000 0 0 0 0
1377662700 0 0 0 0
1377662400 0 0 0 0
1377662100 0 0 0 0
1377661800 0 0 0 0
1377661500 0 0 0 0
1377661200 0 0 0 0
1377660900 0 0 0 0
1377660600 0 0 0 0
1377660300 0 0 0 0
1377660000 0 0 0 0
1377659700 0 0 0 0
1377659400 0 0 0 0
1377659100 0 0 0 0
1377658800 0 0 0 0
1377658500 0 0 0 0
1377658200 0 0 0 0
1377657900 0 0 0 0
1377657600 0 0 0 0
1377657300 0 0 0 0
1377657000 0 0 0 0
1377656700 0 0 0 0
1377656400 0 0 0 0
1377656100 0 0 0 0
1377655800 0 0 0 0
1377655500 0 0 0 0
1377655200 0 0 0 0
1377654900 0 0 0 0
1377654600 0 0 0 0
1377654300 0 0 0 0
1377654000 0 0 0 0
1377653700 0 0 0 0
1377653400 0 0 0 0
1377653100 0 0 0 0
1377652800 0 0 0 0
1377652500 0 0 0 0
1377652200 0 0 0 0
1377651900 0 0 0 0
1377651600 0 0 0 0
1377651300 0 0 0 0
1377651000 0 0 0 0
1377650700 0 0 0 0
1377650400 0 0 0 0
1377650100 0 0 0 0
1377649800 0 0 0 0
1377649500 0 0 0 0
1377649200 0 0 0 0
1377648900 0 0 0 0
1377648600 0 0 0 0
1377648300 0 0 0 0
1377648000 0 0 0 0
1377647700 0 0 0 0
1377647400 0 0 0 0
1377647100 0 0 0 0
1377646800 0 0 0 0
1377646500 0 0 0 0
1377646200 0 0 0 0
1377645900 0 0 0 0
1377645600 0 0 0 0
1377645300 0 0 0 0
1377645000 0 0 0 0
1377644700 0 0 0 0
1377644400 0 0 0 0
1377644100 0 0 0 0
1377643800 0 0 0 0
1377643500 0 0 0 0
1377643200 0 0 0 0
1377642900 0 0 0 0
1377642600 0 0 0 0
1377642300 0 0 0 0
1377642000 0 0 0 0
1377641700 0 0 0 0
1377641400 0 0 0 0
1377641100 0 0 0 0
1377640800 0 0 0 0
1377640500 0 0 0 0
1377640200 0 0 0 0
1377639900 0 0 0 0
1377639600 0 0 0 0
1377639300 0 0 0 0
1377639000 0 0 0 0
1377638700 0 0 0 0
1377638400 0 0 0 0
1377638100 0 0 0 0
1377637800 0 0 0 0
1377637500 0 0 0 0
1377637200 0 0 0 0
1377636900 0 0 0 0
1377636600 0 0 0 0
1377636300 0 0 0 0
1377636000 0 0 0 0
1377635700 0 0 0 0
1377635400 0 0 0 0
1377635100 0 0 0 0
1377634800 0 0 0 0
1377634500 0 0 0 0
1377634200 0 0 0 0
1377633900 0 0 0 0
1377633600 0 0 0 0
1377633300 0 0 0 0
1377633000 0 0 0 0
1377632700 0 0 0 0
1377632400 0 0 0 0
1377632100 0 0 0 0
1377631800 0 0 0 0
1377631500 0 0 0 0
1377631200 0 0 0 0
1377630900 0 0 0 0
1377630600 0 0 0 0
1377630300 0 0 0 0
1377630000 0 0 0 0
1377629700 0 0 0 0
1377629400 0 0 0 0
1377629100 0 0 0 0
1377628800 0 0 0 0
1377628500 0 0 0 0
1377628200 0 0 0 0
1377627900 0 0 0 0
1377627600 0 0 0 0
1377627300 0 0 0 0
1377627000 0 0 0 0
1377626700 0 0 0 0
1377626400 0 0 0 0
1377626100 0 0 0 0
1377625800 0 0 0 0
1377624600 0 0 0 0
1377622800 0 0 0 0
1377621000 0 0 0 0
1377619200 0 0 0 0
1377617400 0 0 0 0
1377615600 0 0 0 0
1377613800 0 0 0 0
1377612000 0 0 0 0
1377610200 0 0 0 0
1377608400 0 0 0 0
1377606600 0 0 0 0
1377604800 0 0 0 0
1377603000 0 0 0 0
1377601200 0 0 0 0
1377599400 0 0 0 0
1377597600 0 0 0 0
1377595800 0 0 0 0
1377594000 0 0 0 0
1377592200 0 0 0 0
1377590400 0 0 0 0
1377588600 0 0 0 0
1377586800 0 0 0 0
1377585000 0 0 0 0
1377583200 0 0 0 0
1377581400 0 0 0 0
1377579600 0 0 0 0
1377577800 0 0 0 0
1377576000 0 0 0 0
1377574200 0 0 0 0
1377572400 0 0 0 0
1377570600 0 0 0 0
1377568800 0 0 0 0
1377567000 0 0 0 0
1377565200 0 0 0 0
1377563400 0 0 0 0
1377561600 0 0 0 0
1377559800 0 0 0 0
1377558000 0 0 0 0
1377556200 0 0 0 0
1377554400 0 0 0 0
1377552600 0 0 0 0
1377550800 0 0 0 0
1377549000 0 0 0 0
1377547200 0 0 0 0
1377545400 1 3 2605 4180
1377543600 3248 8164 8435 23407
1377541800 1753 12688 6788 62946
1377540000 0 0 0 0
1377538200 0 0 0 0
1377536400 830 6571 3834 35317
1377534600 0 0 0 0
1377532800 0 0 0 0
1377531000 0 0 0 0
1377529200 0 0 0 0
1377527400 0 0 0 0
1377525600 0 0 0 0
1377523800 0 0 0 0
1377522000 0 0 0 0
1377520200 0 0 0 0
1377518400 0 0 0 0
1377516600 0 0 0 0
1377514800 0 0 0 0
1377513000 0 0 0 0
1377511200 0 0 0 0
1377509400 0 0 0 0
1377507600 0 0 0 0
1377505800 0 0 0 0
1377504000 0 0 0 0
1377502200 0 0 0 0
1377500400 0 0 0 0
1377498600 0 0 0 0
1377496800 0 0 0 0
1377495000 0 0 0 0
1377493200 0 0 0 0
1377491400 0 0 0 0
1377489600 0 0 0 0
1377487800 0 0 0 0
1377486000 0 0 0 0
1377484200 0 0 0 0
1377482400 0 0 0 0
1377480600 0 0 0 0
1377478800 0 0 0 0
1377477000 0 0 0 0
1377475200 0 0 0 0
1377473400 0 0 0 0
1377471600 0 0 0 0
1377469800 0 0 0 0
1377468000 0 0 0 0
1377466200 0 0 0 0
1377464400 0 0 0 0
1377462600 0 0 0 0
1377460800 0 0 0 0
1377459000 0 0 0 0
1377457200 0 0 0 0
1377455400 0 0 0 0
1377453600 0 0 0 0
1377451800 0 0 0 0
1377450000 0 0 0 0
1377448200 0 0 0 0
1377446400 0 0 0 0
1377444600 0 0 0 0
1377442800 0 0 0 0
1377441000 0 0 0 0
1377439200 0 0 0 0
1377437400 0 0 0 0
1377435600 0 0 0 0
1377433800 0 0 0 0
1377432000 0 0 0 0
1377430200 0 0 0 0
1377428400 0 0 0 0
1377426600 0 0 0 0
1377424800 0 0 0 0
1377423000 0 0 0 0
1377421200 0 0 0 0
1377419400 0 0 0 0
1377417600 0 0 0 0
1377415800 0 0 0 0
1377414000 0 0 0 0
1377412200 0 0 0 0
1377410400 0 0 0 0
1377408600 0 0 0 0
1377406800 0 0 0 0
1377405000 0 0 0 0
1377403200 0 0 0 0
1377401400 0 0 0 0
1377399600 0 0 0 0
1377397800 0 0 0 0
1377396000 0 0 0 0
1377394200 0 0 0 0
1377392400 0 0 0 0
1377390600 0 0 0 0
1377388800 0 0 0 0
1377387000 0 0 0 0
1377385200 0 0 0 0
1377383400 0 0 0 0
1377381600 0 0 0 0
1377379800 0 0 0 0
1377378000 0 0 0 0
1377376200 0 0 0 0
1377374400 0 0 0 0
1377372600 0 0 0 0
1377370800 0 0 0 0
1377369000 0 0 0 0
1377367200 0 0 0 0
1377365400 0 0 0 0
1377363600 0 0 0 0
1377361800 0 0 0 0
1377360000 0 0 0 0
1377358200 0 0 0 0
1377356400 0 0 0 0
1377354600 0 0 0 0
1377352800 0 0 0 0
1377351000 0 0 0 0
1377349200 0 0 0 0
1377347400 0 0 0 0
1377345600 0 0 0 0
1377343800 0 0 0 0
1377342000 0 0 0 0
1377340200 0 0 0 0
1377338400 0 0 0 0
1377336600 0 0 0 0
1377334800 0 0 0 0
1377333000 0 0 0 0
1377331200 0 0 0 0
1377329400 0 0 0 0
1377327600 0 0 0 0
1377325800 0 0 0 0
1377324000 0 0 0 0
1377322200 0 0 0 0
1377320400 0 0 0 0
1377318600 0 0 0 0
1377316800 0 0 0 0
1377315000 0 0 0 0
1377313200 0 0 0 0
1377311400 0 0 0 0
1377309600 0 0 0 0
1377307800 0 0 0 0
1377306000 0 0 0 0
1377304200 0 0 0 0
1377302400 0 0 0 0
1377300600 0 0 0 0
1377298800 0 0 0 0
1377297000 0 0 0 0
1377295200 0 0 0 0
1377293400 0 0 0 0
1377291600 0 0 0 0
1377289800 0 0 0 0
1377288000 0 0 0 0
1377286200 0 0 0 0
1377284400 0 0 0 0
1377282600 0 0 0 0
1377280800 0 0 0 0
1377279000 0 0 0 0
1377277200 0 0 0 0
1377275400 0 0 0 0
1377273600 0 0 0 0
1377271800 0 0 0 0
1377270000 0 0 0 0
1377268200 0 0 0 0
1377266400 0 0 0 0
1377264600 0 0 0 0
1377262800 0 0 0 0
1377261000 0 0 0 0
1377259200 0 0 0 0
1377257400 0 0 0 0
1377255600 0 0 0 0
1377253800 0 0 0 0
1377252000 0 0 0 0
1377250200 0 0 0 0
1377248400 0 0 0 0
1377246600 0 0 0 0
1377244800 0 0 0 0
1377243000 0 0 0 0
1377241200 0 0 0 0
1377239400 0 0 0 0
1377237600 0 0 0 0
1377235800 0 0 0 0
1377234000 0 0 0 0
1377232200 0 0 0 0
1377230400 0 0 0 0
1377228600 0 0 0 0
1377226800 0 0 0 0
1377225000 0 0 0 0
1377223200 0 0 0 0
1377221400 0 0 0 0
1377219600 0 0 0 0
1377217800 0 0 0 0
1377216000 0 0 0 0
1377214200 0 0 0 0
1377212400 0 0 0 0
1377210600 0 0 0 0
1377208800 0 0 0 0
1377207000 0 0 0 0
1377205200 0 0 0 0
1377203400 0 0 0 0
1377201600 0 0 0 0
1377199800 0 0 0 0
1377198000 0 0 0 0
1377196200 0 0 0 0
1377194400 0 0 0 0
1377192600 0 0 0 0
1377190800 0 0 0 0
1377189000 0 0 0 0
1377187200 0 0 0 0
1377185400 0 0 0 0
1377183600 0 0 0 0
1377181800 0 0 0 0
1377180000 0 0 0 0
1377178200 0 0 0 0
1377176400 0 0 0 0
1377174600 0 0 0 0
1377172800 0 0 0 0
1377171000 0 0 0 0
1377169200 0 0 0 0
1377167400 0 0 0 0
1377165600 0 0 0 0
1377163800 0 0 0 0
1377162000 0 0 0 0
1377160200 0 0 0 0
1377158400 0 0 0 0
1377156600 0 0 0 0
1377154800 0 0 0 0
1377153000 0 0 0 0
1377151200 0 0 0 0
1377149400 0 0 0 0
1377147600 0 0 0 0
1377145800 0 0 0 0
1377144000 0 0 0 0
1377142200 0 0 0 0
1377140400 0 0 0 0
1377138600 0 0 0 0
1377136800 0 0 0 0
1377135000 0 0 0 0
1377133200 0 0 0 0
1377131400 0 0 0 0
1377129600 0 0 0 0
1377127800 0 0 0 0
1377126000 0 0 0 0
1377124200 0 0 0 0
1377122400 0 0 0 0
1377120600 0 0 0 0
1377118800 0 0 0 0
1377117000 0 0 0 0
1377115200 0 0 0 0
1377113400 0 0 0 0
1377111600 1530 48796 11382 290573
1377109800 5754 117985 14160 290573
1377108000 128 376 154 658
1377106200 149 441 255 794
1377104400 7142 89887 16570 200987
1377102600 0 0 0 0
1377100800 0 0 0 0
1377099000 0 0 0 0
1377097200 0 0 0 0
1377095400 0 0 0 0
1377093600 0 0 0 0
1377091800 0 0 0 0
1377090000 0 0 0 0
1377088200 0 0 0 0
1377086400 0 0 0 0
1377084600 0 0 0 0
1377082800 0 0 0 0
1377081000 0 0 0 0
1377079200 0 0 0 0
1377077400 0 0 0 0
1377075600 0 0 0 0
1377073800 0 0 0 0
1377072000 0 0 0 0
1377070200 0 0 0 0
1377068400 0 0 0 0
1377066600 0 0 0 0
1377064800 0 0 0 0
1377063000 0 0 0 0
1377061200 0 0 0 0
1377059400 0 0 0 0
1377057600 0 0 0 0
1377055800 0 0 0 0
1377054000 0 0 0 0
1377052200 0 0 0 0
1377050400 0 0 0 0
1377048600 0 0 0 0
1377046800 0 0 0 0
1377045000 0 0 0 0
1377043200 0 0 0 0
1377041400 0 0 0 0
1377039600 0 0 0 0
1377037800 0 0 0 0
1377036000 0 0 0 0
1377034200 0 0 0 0
1377032400 0 0 0 0
1377030600 0 0 0 0
1377028800 0 0 0 0
1377027000 0 0 0 0
1377025200 0 0 0 0
1377023400 0 0 0 0
1377021600 0 0 0 0
1377019800 0 0 0 0
1377018000 0 0 0 0
1377016200 0 0 0 0
1377014400 0 0 0 0
1377012600 0 0 0 0
1377010800 0 0 0 0
1377009000 0 0 0 0
1377007200 0 0 0 0
1377005400 0 0 0 0
1377003600 0 0 0 0
1377001800 0 0 0 0
1377000000 0 0 0 0
1376998200 0 0 0 0
1376996400 0 0 0 0
1376994600 0 0 0 0
1376992800 0 0 0 0
1376991000 0 0 0 0
1376989200 0 0 0 0
1376987400 0 0 0 0
1376985600 0 0 0 0
1376983800 0 0 0 0
1376982000 0 0 0 0
1376980200 0 0 0 0
1376978400 0 0 0 0
1376976600 0 0 0 0
1376974800 0 0 0 0
1376973000 0 0 0 0
1376971200 0 0 0 0
1376969400 0 0 0 0
1376967600 0 0 0 0
1376965800 0 0 0 0
1376964000 0 0 0 0
1376962200 0 0 0 0
1376960400 0 0 0 0
1376958600 0 0 0 0
1376956800 0 0 0 0
1376955000 0 0 0 0
1376953200 0 0 0 0
1376951400 0 0 0 0
1376949600 0 0 0 0
1376947800 0 0 0 0
1376946000 0 0 0 0
1376944200 0 0 0 0
1376942400 0 0 0 0
1376940600 0 0 0 0
1376938800 0 0 0 0
1376937000 0 0 0 0
1376935200 0 0 0 0
1376933400 0 0 0 0
1376931600 0 0 0 0
1376929800 0 0 0 0
1376928000 0 0 0 0
1376926200 0 0 0 0
1376924400 0 0 0 0
1376922600 0 0 0 0
1376920800 0 0 0 0
1376919000 0 0 0 0
1376917200 0 0 0 0
1376915400 0 0 0 0
1376913600 0 0 0 0
1376911800 0 0 0 0
1376910000 0 0 0 0
1376908200 0 0 0 0
1376906400 0 0 0 0
1376904600 0 0 0 0
1376902800 0 0 0 0
1376901000 0 0 0 0
1376899200 0 0 0 0
1376897400 0 0 0 0
1376895600 0 0 0 0
1376893800 0 0 0 0
1376892000 0 0 0 0
1376890200 0 0 0 0
1376888400 0 0 0 0
1376886600 0 0 0 0
1376884800 0 0 0 0
1376883000 0 0 0 0
1376881200 0 0 0 0
1376879400 0 0 0 0
1376877600 0 0 0 0
1376875800 0 0 0 0
1376874000 0 0 0 0
1376872200 0 0 0 0
1376870400 0 0 0 0
1376868600 0 0 0 0
1376866800 0 0 0 0
1376865000 0 0 0 0
1376863200 0 0 0 0
1376861400 0 0 0 0
1376859600 0 0 0 0
1376857800 0 0 0 0
1376856000 0 0 0 0
1376854200 0 0 0 0
1376852400 0 0 0 0
1376850600 0 0 0 0
1376848800 0 0 0 0
1376847000 0 0 0 0
1376845200 0 0 0 0
1376843400 0 0 0 0
1376841600 0 0 0 0
1376839800 0 0 0 0
1376838000 0 0 0 0
1376836200 0 0 0 0
1376834400 0 0 0 0
1376832600 0 0 0 0
1376830800 0 0 0 0
1376829000 0 0 0 0
1376827200 0 0 0 0
1376825400 0 0 0 0
1376823600 0 0 0 0
1376821800 0 0 0 0
1376820000 0 0 0 0
1376818200 0 0 0 0
1376816400 0 0 0 0
1376814600 0 0 0 0
1376812800 0 0 0 0
1376811000 0 0 0 0
1376809200 0 0 0 0
1376807400 0 0 0 0
1376805600 0 0 0 0
1376803800 0 0 0 0
1376802000 0 0 0 0
1376800200 0 0 0 0
1376798400 0 0 0 0
1376796600 0 0 0 0
1376794800 0 0 0 0
1376793000 0 0 0 0
1376791200 0 0 0 0
1376789400 0 0 0 0
1376787600 0 0 0 0
1376785800 0 0 0 0
1376784000 0 0 0 0
1376782200 0 0 0 0
1376780400 0 0 0 0
1376778600 0 0 0 0
1376776800 0 0 0 0
1376775000 0 0 0 0
1376773200 0 0 0 0
1376771400 0 0 0 0
1376769600 0 0 0 0
1376767800 0 0 0 0
1376766000 0 0 0 0
1376764200 0 0 0 0
1376762400 0 0 0 0
1376760600 0 0 0 0
1376758800 0 0 0 0
1376757000 0 0 0 0
1376755200 0 0 0 0
1376753400 0 0 0 0
1376751600 0 0 0 0
1376749800 0 0 0 0
1376748000 0 0 0 0
1376746200 0 0 0 0
1376744400 0 0 0 0
1376742600 0 0 0 0
1376740800 0 0 0 0
1376739000 0 0 0 0
1376737200 0 0 0 0
1376735400 0 0 0 0
1376733600 0 0 0 0
1376731800 0 0 0 0
1376730000 0 0 0 0
1376728200 0 0 0 0
1376726400 0 0 0 0
1376724600 0 0 0 0
1376722800 0 0 0 0
1376721000 0 0 0 0
1376719200 0 0 0 0
1376717400 0 0 0 0
1376715600 0 0 0 0
1376713800 0 0 0 0
1376712000 0 0 0 0
1376710200 0 0 0 0
1376708400 0 0 0 0
1376706600 0 0 0 0
1376704800 0 0 0 0
1376703000 0 0 0 0
1376701200 0 0 0 0
1376699400 0 0 0 0
1376697600 0 0 0 0
1376695800 0 0 0 0
1376694000 0 0 0 0
1376692200 0 0 0 0
1376690400 0 0 0 0
1376688600 2475 4665 8786 16366
1376686800 6089 14350 9314 29336
1376685000 502 1282 2257 5898
1376683200 0 0 0 0
1376681400 0 0 0 0
1376679600 0 0 0 0
1376677800 0 0 0 0
1376676000 0 0 0 0
1376674200 0 0 0 0
1376672400 0 0 0 0
1376670600 0 0 0 0
1376668800 137 214 7566 10736
1376667000 5467 29005 7587 79521
1376665200 0 0 0 0
1376663400 0 0 0 0
1376661600 0 0 0 0
1376659800 0 0 0 0
1376658000 0 0 0 0
1376656200 0 0 0 0
1376654400 0 0 0 0
1376652600 0 0 0 0
1376650800 0 0 0 0
1376649000 0 0 0 0
1376647200 0 0 0 0
1376645400 0 0 0 0
1376643600 0 0 0 0
1376641800 0 0 0 0
1376640000 0 0 0 0
1376638200 0 0 0 0
1376636400 0 0 0 0
1376634600 0 0 0 0
1376632800 0 0 0 0
1376631000 0 0 0 0
1376629200 0 0 0 0
1376627400 0 0 0 0
1376625600 0 0 0 0
1376623800 0 0 0 0
1376622000 0 0 0 0
1376620200 0 0 0 0
1376618400 0 0 0 0
1376616600 0 0 0 0
1376614800 0 0 0 0
1376613000 0 0 0 0
1376611200 0 0 0 0
1376609400 0 0 0 0
1376607600 0 0 0 0
1376605800 0 0 195 278
1376604000 2522 9994 7036 23717
1376602200 3680 6937 7036 16940
1376600400 1135 2540 5893 14546
1376598600 0 0 0 0
1376596800 0 0 0 0
1376595000 0 0 0 0
1376593200 0 0 0 0
1376591400 0 0 0 0
1376589600 0 0 0 0
1376587800 0 0 0 0
1376586000 0 0 0 0
1376584200 0 0 0 0
1376582400 0 0 0 0
1376580600 0 0 0 0
1376578800 0 0 0 0
1376577000 0 0 0 0
1376575200 0 0 0 0
1376573400 0 0 0 0
1376571600 0 0 0 0
1376569800 0 0 0 0
1376568000 0 0 0 0
1376566200 0 0 0 0
1376564400 0 0 0 0
1376562600 0 0 0 0
1376560800 0 0 0 0
1376559000 0 0 0 0
1376557200 0 0 0 0
1376555400 0 0 0 0
1376553600 0 0 0 0
1376551800 0 0 0 0
1376550000 0 0 0 0
1376548200 0 0 0 0
1376546400 0 0 0 0
1376544600 0 0 0 0
1376539200 0 0 0 0
1376532000 0 0 0 0
1376524800 0 0 0 0
1376517600 1302 10508 6711 124049
1376510400 0 0 0 0
1376503200 0 0 0 0
1376496000 0 0 0 0
1376488800 0 0 0 0
1376481600 0 0 0 0
1376474400 0 0 0 0
1376467200 0 0 0 0
1376460000 0 0 0 0
1376452800 0 0 0 0
1376445600 0 0 0 0
1376438400 0 0 0 0
1376431200 0 0 0 0
1376424000 0 0 0 0
1376416800 738 12981 9748 170931
1376409600 2089 34892 14308 200837
1376402400 0 0 0 0
1376395200 0 0 0 0
1376388000 0 0 0 0
1376380800 0 0 0 0
1376373600 0 0 0 0
1376366400 0 0 0 0
1376359200 0 0 0 0
1376352000 0 0 0 0
1376344800 0 0 0 0
1376337600 0 0 0 0
1376330400 0 0 0 0
1376323200 0 0 0 0
1376316000 0 0 0 0
1376308800 0 0 0 0
1376301600 0 0 0 0
1376294400 0 0 0 0
1376287200 0 0 0 0
1376280000 0 0 0 0
1376272800 0 0 0 0
1376265600 0 0 0 0
1376258400 0 0 0 0
1376251200 0 0 0 0
1376244000 0 0 0 0
1376236800 0 0 0 0
1376229600 0 0 0 0
1376222400 0 0 0 0
1376215200 0 0 0 0
1376208000 0 0 0 0
1376200800 0 0 0 0
1376193600 0 0 0 0
1376186400 0 0 0 0
1376179200 0 0 0 0
1376172000 0 0 0 0
1376164800 0 0 0 0
1376157600 0 0 0 0
1376150400 0 0 0 0
1376143200 0 0 0 0
1376136000 0 0 0 0
1376128800 0 0 0 0
1376121600 0 0 0 0
1376114400 0 0 0 0
1376107200 0 0 0 0
1376100000 0 0 0 0
1376092800 0 0 0 0
1376085600 0 0 0 0
1376078400 0 0 0 0
1376071200 0 0 0 0
1376064000 0 0 0 0
1376056800 0 0 0 0
1376049600 0 0 0 0
1376042400 0 0 0 0
1376035200 0 0 0 0
1376028000 0 0 0 0
1376020800 0 0 0 0
1376013600 0 0 0 0
1376006400 0 0 0 0
1375999200 0 0 0 0
1375992000 0 0 0 0
1375984800 0 0 0 0
1375977600 0 0 0 0
1375970400 0 0 0 0
1375963200 0 0 0 0
1375956000 0 0 0 0
1375948800 0 0 0 0
1375941600 0 0 0 0
1375934400 0 0 0 0
1375927200 0 0 0 0
1375920000 0 0 0 0
1375912800 484 3139 2886 30272
1375905600 1884 11312 9597 150519
1375898400 1411 16005 15980 98005
1375891200 0 0 0 0
1375884000 0 0 0 0
1375876800 0 0 0 0
1375869600 0 0 0 0
1375862400 0 0 0 0
1375855200 0 0 0 0
1375848000 0 0 0 0
1375840800 0 0 0 0
1375833600 0 0 0 0
1375826400 0 0 0 0
1375819200 0 0 0 0
1375812000 0 0 0 0
1375804800 0 0 0 0
1375797600 0 0 0 0
1375790400 0 0 0 0
1375783200 0 0 0 0
1375776000 0 0 0 0
1375768800 0 0 0 0
1375761600 0 0 0 0
1375754400 0 0 0 0
1375747200 0 0 0 0
1375740000 0 0 0 0
1375732800 0 0 0 0
1375725600 0 0 0 0
1375718400 0 0 0 0
1375711200 0 0 0 0
1375704000 0 0 0 0
1375696800 0 0 0 0
1375689600 0 0 0 0
1375682400 0 0 0 0
1375675200 0 0 0 0
1375668000 0 0 0 0
1375660800 0 0 0 0
1375653600 0 0 0 0
1375646400 0 0 0 0
1375639200 0 0 0 0
1375632000 0 0 0 0
1375624800 0 0 0 0
1375617600 0 0 0 0
1375610400 0 0 0 0
1375603200 0 0 0 0
1375596000 0 0 0 0
1375588800 0 0 0 0
1375581600 0 0 0 0
1375574400 0 0 0 0
1375567200 0 0 0 0
1375560000 0 0 0 0
1375552800 0 0 0 0
1375545600 0 0 0 0
1375538400 0 0 0 0
1375531200 0 0 0 0
1375524000 0 0 0 0
1375516800 0 0 0 0
1375509600 0 0 0 0
1375502400 0 0 0 0
1375495200 0 0 0 0
1375488000 0 0 0 0
1375480800 0 0 0 0
1375473600 0 0 0 0
1375466400 0 0 0 0
1375459200 0 0 0 0
1375452000 0 0 0 0
1375444800 0 0 0 0
1375437600 0 0 0 0
1375430400 0 0 0 0
1375423200 0 0 0 0
1375416000 0 0 0 0
1375408800 0 0 0 0
1375401600 0 0 0 0
1375394400 0 0 0 0
1375387200 0 0 0 0
1375380000 0 0 0 0
1375372800 0 0 0 0
1375365600 0 0 0 0
1375358400 0 0 0 0
1375351200 0 0 0 0
1375344000 0 0 0 0
1375336800 0 0 0 0
1375329600 0 0 0 0
1375322400 0 0 0 0
1375315200 0 0 0 0
1375308000 0 0 0 0
1375300800 0 0 0 0
1375293600 0 0 0 0
1375286400 0 0 0 0
1375279200 0 0 0 0
1375272000 0 0 0 0
1375264800 0 0 0 0
1375257600 0 0 0 0
1375250400 0 0 0 0
1375243200 0 0 0 0
1375236000 0 0 0 0
1375228800 0 0 0 0
1375221600 0 0 0 0
1375214400 0 0 0 0
1375207200 0 0 0 0
1375200000 0 0 0 0
1375192800 0 0 0 0
1375185600 0 0 0 0
1375178400 0 0 0 0
1375171200 0 0 0 0
1375164000 0 0 0 0
1375156800 0 0 0 0
1375149600 0 0 0 0
1375142400 0 0 0 0
1375135200 0 0 0 0
1375128000 0 0 0 0
1375120800 0 0 0 0
1375113600 0 0 0 0
1375106400 0 0 0 0
1375099200 0 0 0 0
1375092000 0 0 0 0
1375084800 0 0 0 0
1375077600 0 0 0 0
1375070400 0 0 0 0
1375063200 0 0 0 0
1375056000 0 0 0 0
1375048800 0 0 0 0
1375041600 0 0 0 0
1375034400 0 0 0 0
1375027200 0 0 0 0
1375020000 0 0 0 0
1375012800 0 0 0 0
1375005600 0 0 0 0
1374998400 0 0 0 0
1374991200 0 0 0 0
1374984000 0 0 0 0
1374976800 0 0 0 0
1374969600 0 0 0 0
1374962400 0 0 0 0
1374955200 0 0 0 0
1374948000 0 0 0 0
1374940800 0 0 0 0
1374933600 0 0 0 0
1374926400 0 0 0 0
1374919200 0 0 0 0
1374912000 0 0 0 0
1374904800 0 0 0 0
1374897600 0 0 0 0
1374890400 0 0 0 0
1374883200 0 0 0 0
1374876000 0 0 0 0
1374868800 0 0 0 0
1374861600 0 0 0 0
1374854400 0 0 0 0
1374847200 0 0 0 0
1374840000 0 0 0 0
1374832800 0 0 0 0
1374825600 0 0 0 0
1374818400 0 0 0 0
1374811200 0 0 0 0
1374804000 0 0 0 0
1374796800 0 0 0 0
1374789600 0 0 0 0
1374782400 0 0 0 0
1374775200 0 0 0 0
1374768000 1597 3644 4252 11930
1374760800 0 0 0 0
1374753600 0 0 0 0
1374746400 0 0 0 0
1374739200 0 0 0 0
1374732000 0 0 0 0
1374724800 0 0 0 0
1374717600 0 0 0 0
1374710400 0 0 0 0
1374703200 0 0 0 0
1374696000 0 0 0 0
1374688800 0 0 0 0
1374681600 0 0 0 0
1374674400 0 0 0 0
1374667200 0 0 0 0
1374660000 0 0 0 0
1374652800 0 0 0 0
1374645600 0 0 0 0
1374638400 0 0 0 0
1374631200 0 0 0 0
1374624000 0 0 0 0
1374616800 0 0 0 0
1374609600 0 0 0 0
1374602400 0 0 0 0
1374595200 0 0 0 0
1374588000 0 0 0 0
1374580800 0 0 0 0
1374573600 0 0 0 0
1374566400 0 0 0 0
1374559200 0 0 0 0
1374552000 0 0 0 0
1374544800 0 0 0 0
1374537600 385 874 6029 12114
1374530400 417 826 6364 11188
1374523200 0 0 0 0
1374516000 0 0 0 0
1374508800 0 0 0 0
1374501600 0 0 0 0
1374494400 0 0 0 0
1374487200 0 0 0 0
1374480000 0 0 0 0
1374472800 0 0 0 0
1374465600 0 0 0 0
1374458400 0 0 0 0
1374451200 0 0 0 0
1374444000 0 0 0 0
1374436800 0 0 0 0
1374429600 0 0 0 0
1374422400 0 0 0 0
1374415200 0 0 0 0
1374408000 0 0 0 0
1374400800 0 0 0 0
1374393600 0 0 0 0
1374386400 0 0 0 0
1374379200 0 0 0 0
1374372000 0 0 0 0
1374364800 0 0 0 0
1374357600 0 0 0 0
1374350400 0 0 0 0
1374343200 0 0 0 0
1374336000 0 0 0 0
1374328800 0 0 0 0
1374321600 0 0 0 0
1374314400 0 0 0 0
1374307200 0 0 0 0
1374300000 0 0 0 0
1374292800 0 0 0 0
1374285600 0 0 0 0
1374278400 0 0 0 0
1374271200 0 0 0 0
1374264000 0 0 0 0
1374256800 0 0 0 0
1374249600 0 0 0 0
1374242400 0 0 0 0
1374235200 0 0 0 0
1374228000 0 0 0 0
1374220800 0 0 0 0
1374213600 0 0 0 0
1374206400 0 0 0 0
1374199200 0 0 0 0
1374192000 0 0 0 0
1374184800 1713 4474 11765 54754
1374177600 4686 25957 15636 183948
1374170400 0 0 0 0
1374163200 0 0 0 0
1374156000 0 0 0 0
1374148800 0 0 0 0
1374141600 0 0 0 0
1374134400 0 0 0 0
1374127200 0 0 0 0
1374120000 0 0 0 0
1374112800 0 0 0 0
1374105600 0 0 0 0
1374098400 0 0 0 0
1374091200 0 0 0 0
1374084000 0 0 0 0
1374076800 0 0 0 0
1374069600 0 0 0 0
1374062400 0 0 0 0
1374055200 0 0 0 0
1374048000 0 0 0 0
1374040800 0 0 0 0
1374033600 0 0 0 0
1374026400 0 0 0 0
1374019200 0 0 0 0
1374012000 0 0 0 0
1374004800 0 0 0 0
1373997600 0 0 0 0
1373990400 0 0 0 0
1373983200 0 0 0 0
1373976000 0 0 0 0
1373968800 0 0 0 0
1373961600 0 0 0 0
1373954400 0 0 0 0
1373947200 0 0 0 0
1373940000 0 0 0 0
1373932800 0 0 0 0
1373925600 0 0 0 0
1373918400 0 0 0 0
1373911200 0 0 0 0
1373904000 0 0 0 0
1373896800 0 0 0 0
1373889600 0 0 0 0
1373882400 0 0 0 0
1373875200 0 0 0 0
1373868000 0 0 0 0
1373860800 0 0 0 0
1373853600 0 0 0 0
1373846400 0 0 0 0
1373839200 0 0 0 0
1373832000 0 0 0 0
1373824800 0 0 0 0
1373817600 0 0 0 0
1373810400 0 0 0 0
1373803200 0 0 0 0
1373796000 0 0 0 0
1373788800 0 0 0 0
1373781600 0 0 0 0
1373774400 0 0 0 0
1373767200 0 0 0 0
1373760000 0 0 0 0
1373752800 0 0 0 0
1373745600 0 0 0 0
1373738400 0 0 0 0
1373731200 0 0 0 0
1373724000 0 0 0 0
1373716800 0 0 0 0
1373709600 0 0 0 0
1373702400 0 0 0 0
1373695200 0 0 0 0
1373688000 0 0 0 0
1373680800 0 0 0 0
1373673600 0 0 0 0
1373666400 0 0 0 0
1373659200 0 0 0 0
1373652000 0 0 0 0
1373644800 0 0 0 0
1373637600 0 0 0 0
1373630400 0 0 0 0
1373623200 0 0 0 0
1373616000 0 0 0 0
1373608800 0 0 0 0
1373601600 0 0 0 0
1373594400 0 0 0 0
1373587200 0 0 0 0
1373580000 0 0 0 0
1373572800 0 0 0 0
1373565600 0 0 0 0
1373558400 0 0 0 0
1373551200 0 0 0 0
1373544000 0 0 0 0
1373536800 0 0 0 0
1373529600 0 0 0 0
1373522400 0 0 0 0
1373515200 0 0 0 0
1373508000 0 0 0 0
1373500800 0 0 0 0
1373493600 299 619 7517 14195
1373486400 2592 17801 12558 107288
1373479200 2426 29808 10047 111155
1373472000 545 6419 7272 111155
1373464800 0 0 0 0
1373457600 0 0 0 0
1373450400 0 0 0 0
1373443200 0 0 0 0
1373436000 0 0 0 0
1373428800 0 0 0 0
1373421600 0 0 0 0
1373414400 0 0 0 0
1373407200 1650 7051 8664 64251
1373400000 510 1129 3457 7826
1373392800 0 0 0 0
1373385600 0 0 0 0
1373378400 0 0 0 0
1373371200 0 0 0 0
1373364000 0 0 0 0
1373356800 0 0 0 0
1373349600 0 0 0 0
1373342400 0 0 0 0
1373335200 0 0 0 0
1373328000 0 0 0 0
1373320800 0 0 0 0
1373313600 0 0 0 0
1373306400 0 0 0 0
1373299200 0 0 0 0
1373292000 0 0 0 0
1373284800 0 0 0 0
1373277600 0 0 0 0
1373270400 0 0 0 0
1373263200 0 0 0 0
1373256000 0 0 0 0
1373248800 0 0 0 0
1373241600 0 0 0 0
1373234400 0 0 0 0
1373227200 0 0 0 0
1373220000 0 0 0 0
1373212800 0 0 0 0
1373205600 0 0 0 0
1373198400 0 0 0 0
1373191200 0 0 0 0
1373184000 0 0 0 0
1373176800 0 0 0 0
1373169600 0 0 0 0
1373162400 0 0 0 0
1373155200 0 0 0 0
1373148000 0 0 0 0
1373140800 0 0 0 0
1373133600 0 0 0 0
1373126400 0 0 0 0
1373119200 0 0 0 0
1373112000 0 0 0 0
1373104800 0 0 0 0
1373097600 0 0 0 0
1373090400 0 0 0 0
1373083200 0 0 0 0
1373076000 0 0 0 0
1373068800 0 0 0 0
1373061600 0 0 0 0
1373054400 0 0 0 0
1373047200 0 0 0 0
1373040000 0 0 0 0
1373032800 0 0 0 0
1373025600 0 0 0 0
1373018400 0 0 0 0
1373011200 0 0 0 0
1373004000 0 0 0 0
1372996800 0 0 0 0
1372989600 0 0 0 0
1372982400 0 0 0 0
1372975200 0 0 0 0
1372968000 0 0 0 0
1372960800 0 0 0 0
1372953600 0 0 0 0
1372946400 0 0 0 0
1372939200 0 0 0 0
1372932000 0 0 0 0
1372924800 0 0 0 0
1372917600 0 0 0 0
1372910400 0 0 0 0
1372903200 0 0 0 0
1372896000 0 0 0 0
1372888800 0 0 0 0
1372881600 0 0 0 0
1372874400 0 0 0 0
1372867200 0 0 0 0
1372860000 0 0 0 0
1372852800 0 0 0 0
1372845600 0 0 0 0
1372838400 0 0 0 0
1372831200 0 0 0 0
1372824000 0 0 0 0
1372816800 0 0 0 0
1372809600 0 0 0 0
1372802400 0 0 0 0
1372795200 0 0 0 0
1372788000 0 0 0 0
1372780800 0 0 0 0
1372773600 0 0 0 0
1372766400 0 0 0 0
1372759200 0 0 0 0
1372752000 0 0 0 0
1372744800 0 0 0 0
1372737600 0 0 0 0
1372730400 0 0 0 0
1372723200 0 0 0 0
1372716000 0 0 0 0
1372708800 0 0 0 0
1372701600 0 0 0 0
1372694400 0 0 0 0
1372687200 0 0 0 0
1372680000 0 0 0 0
1372672800 0 0 0 0
1372665600 0 0 0 0
1372658400 0 0 0 0
1372651200 0 0 0 0
1372644000 0 0 0 0
1372636800 0 0 0 0
1372629600 0 0 0 0
1372622400 0 0 0 0
1372615200 0 0 0 0
1372608000 0 0 0 0
1372600800 0 0 0 0
1372593600 0 0 0 0
1372586400 0 0 0 0
1372579200 0 0 0 0
1372572000 0 0 0 0
1372564800 0 0 0 0
1372557600 0 0 0 0
1372550400 0 0 0 0
1372543200 0 0 0 0
1372536000 0 0 0 0
1372528800 0 0 0 0
1372521600 0 0 0 0
1372514400 0 0 0 0
1372507200 0 0 0 0
1372500000 0 0 0 0
1372492800 0 0 0 0
1372485600 0 0 0 0
1372478400 0 0 0 0
1372471200 0 0 0 0
1372464000 0 0 0 0
1372456800 0 0 0 0
1372449600 0 0 0 0
1372442400 0 0 0 0
1372435200 0 0 0 0
1372428000 0 0 0 0
1372420800 0 0 0 0
1372413600 0 0 0 0
1372406400 0 0 0 0
1372399200 0 0 0 0
1372392000 0 0 0 0
1372384800 0 0 0 0
1372377600 0 0 0 0
1372370400 0 0 0 0
1372363200 0 0 0 0
1372356000 0 0 0 0
1372348800 0 0 0 0
1372341600 0 0 0 0
1372334400 0 0 0 0
1372327200 0 0 0 0
1372320000 0 0 0 0
1372312800 0 0 0 0
1372305600 0 0 0 0
1372298400 0 0 0 0
1372291200 0 0 0 0
1372284000 141 254 3412 6117
1372276800 0 0 0 0
1372269600 0 0 0 0
1372262400 0 0 0 0
1372255200 0 0 0 0
1372248000 0 0 0 0
1372240800 0 0 0 0
1372233600 0 0 0 0
1372226400 0 0 0 0
1372219200 0 0 0 0
1372204800 47 99 3693 9411
1372118400 184 688 12415 117366
1372032000 0 0 0 0
1371945600 0 0 0 0
1371859200 0 0 0 0
1371772800 0 0 0 0
1371686400 0 0 0 0
1371600000 0 0 0 0
1371513600 0 0 0 0
1371427200 0 0 0 0
1371340800 0 0 0 0
1371254400 0 0 0 0
1371168000 35 62 2187 4395
1371081600 0 0 0 0
1370995200 1047 5748 26300 213699
1370908800 1405 14997 25423 527047
1370822400 0 0 0 0
1370736000 0 0 0 0
1370649600 642 11154 17334 577767
1370563200 0 0 0 0
1370476800 0 0 0 0
1370390400 198 552 11766 39733
1370304000 0 0 0 0
1370217600 0 0 0 0
1370131200 0 0 0 0
1370044800 0 0 0 0
1369958400 0 0 0 0
1369872000 0 0 0 0
1369785600 527 2003 7921 156882
1369699200 0 0 0 0
1369612800 0 0 0 0
1369526400 0 0 0 0
1369440000 0 0 0 0
1369353600 0 0 0 0
1369267200 533 2574 7670 124557
1369180800 0 0 0 0
1369094400 25 91 3209 16599
1369008000 0 0 0 0
1368921600 0 0 0 0
1368835200 0 0 0 0
1368748800 0 0 0 0
1368662400 0 0 0 0
1368576000 0 0 0 0
1368489600 0 0 0 0
1368403200 0 0 0 0
1368316800 0 0 0 0
1368230400 0 0 0 0
1368144000 0 0 0 0
1368057600 0 0 0 0
1367971200 0 0 0 0
1367884800 1115 30076 19515 620890
1367798400 0 0 0 0
1367712000 0 0 0 0
1367625600 0 0 0 0
1367539200 1261 2532 90062 132622
1367452800 0 0 0 0
1367366400 0 0 0 0
1367280000 0 0 0 0
1367193600 0 0 0 0
1367107200 0 0 0 0
1367020800 0 0 0 0
1366934400 525 1086 97336 83365
1366848000 0 0 0 0
1366761600 0 0 0 0
1366675200 135 302 6954 20946
1366588800 0 0 0 0
1366502400 0 0 0 0
1366416000 0 0 0 0
1366329600 0 0 0 0
1366243200 0 0 0 0
1366156800 111 328 8766 20680
1366070400 0 0 0 0
1365984000 0 0 0 0
1365897600 0 0 0 0
1365811200 0 0 0 0
1365724800 0 0 0 0
1365638400 0 0 0 0
1365552000 0 0 0 0
1365465600 0 0 0 0
1365379200 0 0 0 0
1365292800 0 0 0 0
1365206400 715 7152 17459 532353
1365120000 0 0 0 0
1365033600 0 0 0 0
1364947200 0 0 0 0
1364860800 0 0 0 0
1364774400 0 0 0 0
1364688000 0 0 0 0
1364601600 0 0 0 0
1364515200 0 0 0 0
1364428800 0 0 0 0
1364342400 0 0 0 0
1364256000 0 0 0 0
1364169600 0 0 0 0
1364083200 0 0 0 0
1363996800 0 0 0 0
1363910400 0 0 0 0
1363824000 87 1557 5818 93475
1363737600 127 55 20286 3170
1363651200 368 5894 19555 498606
1363564800 0 0 0 0
1363478400 0 0 0 0
1363392000 0 0 0 0
1363305600 399 2981 8287 218287
1363219200 634 6108 10709 236359
1363132800 214 4127 7037 204229
1363046400 236 759 8018 58284
1362960000 0 0 0 0
1362873600 0 0 0 0
1362787200 257 366 55904 38986
1362700800 0 0 0 0
1362614400 0 0 0 0
1362528000 450 8420 13410 315191
1362441600 1177 39237 20468 616695
1362355200 0 0 0 0
1362268800 0 0 0 0
1362182400 0 0 0 0
1362096000 0 0 0 0
1362009600 0 0 0 0
1361923200 0 0 0 0
1361836800 269 1030 10130 79897
1361750400 0 0 0 0
1361664000 0 0 0 0
1361577600 197 2649 6071 172051
1361491200 0 0 0 0
1361404800 0 0 0 0
1361318400 239 3330 11205 145119
1361232000 0 0 0 0
1361145600 0 0 0 0
1361059200 0 0 0 0
1360972800 0 0 0 0
1360886400 44 134 5985 19702
1360800000 0 0 0 0
1360713600 0 0 0 0
1360627200 0 0 0 0
1360540800 0 0 0 0
1360454400 0 0 0 0
1360368000 0 0 0 0
1360281600 0 0 0 0
1360195200 0 0 0 0
1360108800 0 0 0 0
1360022400 1226 37202 18820 612377
1359936000 0 0 0 0
1359849600 0 0 0 0
1359763200 653 9264 15819 383054
1359676800 245 5306 14392 486901
1359590400 0 0 0 0
1359504000 344 7415 13189 525945
1359417600 33 154 4219 22533
1359331200 0 0 0 0
1359244800 0 0 0 0
1359158400 0 0 0 0
1359072000 173 1565 11696 138327
1358985600 692 8832 13352 356779
1358899200 2072 47566 22575 618874
1358812800 0 0 0 0
1358726400 0 0 0 0
1358640000 0 0 0 0
1358553600 899 5936 18780 210313
1358467200 704 8876 13318 161044
1358380800 1040 16613 24550 608844
1358294400 978 7793 23447 209722
1358208000 1961 53153 19648 601827
1358121600 0 0 0 0
1358035200 0 0 0 0
1357948800 0 0 0 0
1357862400 0 0 0 0
1357776000 580 7671 8891 252819
1357689600 583 4508 7155 281154
1357603200 351 2222 7413 143464
1357516800 0 0 0 0
1357430400 0 0 0 0
1357344000 0 0 0 0
1357257600 0 0 0 0
1357171200 0 0 0 0
1357084800 0 0 0 0
1356998400 0 0 0 0
1356912000 0 0 0 0
1356825600 0 0 0 0
1356739200 0 0 0 0
1356652800 0 0 0 0
1356566400 0 0 0 0
1356480000 0 0 0 0
1356393600 0 0 0 0
1356307200 0 0 0 0
1356220800 0 0 0 0
1356134400 0 0 0 0
1356048000 0 0 0 0
1355961600 0 0 0 0
1355875200 0 0 0 0
1355788800 0 0 0 0
1355702400 0 0 0 0
1355616000 0 0 0 0
1355529600 266 2873 4154 92358
1355443200 14 1146 1388 5785
1355356800 467 8469 26132 1035284
1355270400 21 1116 1331 4260
1355184000 48 1547 2592 28548
1355097600 3 734 4 1071
1355011200 3 766 4 2970
1354924800 1711 6945 312129 461364
1354838400 1614 2322 231773 118919
1354752000 1735 3010 158392 207601
1354665600 211 2767 4910 111692
1354579200 3 976 4 1741
1354492800 3 717 4 1050
1354406400 3 756 4 1237
1354320000 2223 12747 338076 676007
1354233600 1461 4378 171071 398934
1354147200 483 2850 62575 141727
1354060800 536 7805 44268 786410
1353974400 3 923 4 2604
1353888000 3 623 4 966
1353801600 3 614 4 741
1353715200 3 615 4 746
1353628800 3 618 4 903
1353542400 196 2347 7610 144234
1353456000 29168 5904 3970881 199534
1353369600 2188 55684 183155 7558448
1353283200 3 594 4 687
1353196800 3 604 4 929
1353110400 936 3507 110094 403847
1353024000 879 2401 161857 227253
1352937600 1041 13533 174116 782606
1352851200 241 2319 8204 67269
1352764800 1954 2378 397716 66916
1352678400 3 697 4 862
1352592000 3 674 4 995
1352505600 148 1447 5110 40244
1352419200 20448 4932 4983119 304534
1352332800 38 1155 574 2332
1352246400 16987 4662 4486563 212427
1352160000 3563 3279 322848 125151
1352073600 53 846 428 2070
1351987200 55 857 426 1738
1351900800 714 3814 75005 206323
1351814400 928 4463 208281 777973
1351728000 400 4289 49334 237678
1351641600 3 797 4 1119
1351555200 3 731 4 1038
1351468800 3 736 4 1070
1351382400 3 759 4 1309
1351296000 98 1166 10014 24528
1351209600 78 3729 16237 688916
1351123200 3 1038 4 2382
1351036800 3 1012 4 1983
1350950400 3 998 4 1977
1350864000 3 739 4 1285
1350777600 3 743 4 832
1350691200 352 3451 28424 313821
1350604800 60888 89828 4416264 11085376
1350518400 39 1156 410 4715
1350432000 1155 2704 225692 103377
1350345600 69298 7399 9898714 254553
1350259200 3 609 4 775
1350172800 3 625 4 913
1350086400 22014 21369 2218281 2431549
1350000000 7338 11070 448248 472351
1349913600 3 909 4 1676
1349827200 30660 4513 5766187 135456
1349740800 249 3128 3711 64729
1349654400 3 619 4 696
1349568000 3 622 4 911
1349481600 117948 6937 9600450 304914
1349395200 299 3136 4164 47383
1349308800 67715 4801 9703532 261657
1349222400 30818 26959 2193095 1874755
1349136000 832 9814 65457 780076
1349049600 34 846 477 14778
1348963200 34 972 398 3103
1348876800 781 8261 68641 715934
1348790400 543 5401 65724 374108
1348704000 1319 3475 107717 87552
1348617600 108 1229 14541 7481
1348531200 23439 14417 4731176 1111294
1348444800 3 721 4 868
1348358400 3 799 4 925
1348272000 1386 1996 242485 136931
1348185600 382 1773 41225 101171
1348099200 210 1329 14315 11224
1348012800 146 1469 4288 31689
1347926400 1098 1866 94838 32679
1347840000 3 768 4 851
1347753600 3 772 4 839
1347667200 88214 111569 6628932 6312941
1347580800 1338 4706 117389 464246
1347494400 510 1343 117430 30852
1347408000 1380 1956 74044 113255
1347321600 924 3397 117779 181308
1347235200 3 727 4 903
1347148800 3 730 4 972
1347062400 156753 70602 12025878 7930590
1346976000 389 7721 27359 1216489
1346889600 200 2344 4189 65912
1346803200 363 3227 4831 215938
1346716800 3 695 4 880
1346630400 3 693 4 826
1346544000 3 691 4 791
1346457600 3009 16077 331757 602032
1346371200 684 14442 32587 875734
1346284800 17036 4966 4804052 730230
1346198400 110 1155 3856 11928
1346112000 295 2047 6331 65674
1346025600 56 650 411 1475
1345939200 121 871 4747 16760
1345852800 37954 22382 3085798 459881
1345766400 342 6090 14825 753335
1345680000 472 2138 22136 76238
1345593600 161 1904 2893 19109
1345507200 3 925 4 5241
1345420800 3 705 4 880
1345334400 3 707 4 888
1345248000 3 881 4 1762
1345161600 92 1061 2559 8940
1345075200 192 3077 7854 176162
1344988800 3 994 4 1777
1344902400 1312 6969 309605 1129581
1344816000 3 615 4 719
1344729600 3 615 4 767
1344643200 16544 2598 4705185 124611
1344556800 148 1146 15137 18690
1344470400 3 938 4 1908
1344384000 95 1157 2985 24466
1344297600 266 1881 19885 71947
1344211200 3 715 4 794
1344124800 3 715 4 1077
1344038400 358 17608 92488 4620244
1343952000 281 1687 40823 51215
1343865600 184 1664 5054 32879
1343779200 144 1552 5777 45588
1343692800 406 3227 20188 234503
1343606400 3 670 4 809
1343520000 3 629 4 1474
1343433600 28090 5314 4565597 725212
1343347200 298 1273 31646 14766
1343260800 76 1349 4245 63904
1343174400 135 1853 4880 48774
1343088000 222 4708 17095 737710
1343001600 3 734 4 828
1342915200 3 758 4 971
1342828800 3 1234 4 2128
1342742400 3 1304 4 2370
1342656000 3 1202 4 2363
1342569600 3 1147 4 2124
1342483200 3 1122 4 2223
1342396800 3 743 4 814
1342310400 3 780 4 1586
1342224000 14768 1867 4207026 115334
1342137600 19158 3367 2674979 148474
1342051200 257 3965 11105 379800
1341964800 483 11815 34257 657873
1341878400 669 4084 76360 126615
1341792000 3 713 4 824
1341705600 3 730 4 819
1341619200 294 3674 6786 110446
1341532800 141 1234 5598 17489
1341446400 3 738 4 1039
1341360000 337 1699 52888 101283
1341273600 1059 8726 136660 1296897
1341187200 3 732 4 838
1341100800 3 778 4 1377
1341014400 1397 2338 167623 72630
1340928000 135 1622 4291 21798
1340841600 276 1929 27565 38578
1340755200 83 1870 3848 135270
1340668800 770 1985 76916 60006
1340582400 3 735 4 1045
1340496000 3 757 4 965
1340409600 220 1898 4413 36543
1340323200 199 1459 22923 37136
1340236800 46 1040 2473 23703
1340150400 734 1900 116246 30546
1340064000 176 3184 5256 156143
1339977600 3 816 4 7406
1339891200 3 790 4 914
1339804800 250 1694 22746 54683
1339718400 190 2265 3551 212751
1339632000 227 4964 13873 699246
1339545600 3 1038 4 2687
1339459200 3 1043 4 2286
1339372800 3 730 4 845
1339286400 3 753 4 978
1339200000 3 996 4 9182
1339113600 744 9224 73560 2185442
1339027200 21922 2769 3170017 233726
1338940800 16374 11871 4620387 2844335
1338854400 131 1660 4027 32720
1338768000 3 3358 4 92170
1338681600 3 678 4 768
1338595200 137 1186 10321 16990
1338508800 104 3085 6314 356773
1338422400 141 1482 3193 17957
1338336000 1809 1518 159964 34237
1338249600 3 671 4 769
1338163200 3 670 4 803
1338076800 3 669 4 767
1337990400 228 1977 7183 64722
1337904000 908 4425 172279 287982
1337817600 501 2626 75159 53686
1337731200 177 2821 3303 92380
1337644800 361 8955 14050 686217
1337558400 3 785 4 872
1337472000 3 787 4 942
1337385600 3 987 4 2063
1337299200 153 1493 4573 43824
1337212800 248 3399 7868 279395
1337126400 242 1998 4351 59766
1337040000 3 1001 4 1926
1336953600 3 791 4 884
1336867200 3 793 4 876
1336780800 157 2727 7603 226013
1336694400 91 935 3067 15018
1336608000 48 782 2760 12402
1336521600 123 1222 3608 76334
1336435200 560 3689 93289 679129
1336348800 3 482 4 14447
1336262400 3 391 4 679
1336176000 209 2027 9608 219119
1336089600 6615 4964 509146 47003
1336003200 147 5276 4332 46734
1335916800 3 1582 4 43125
1335830400 124 1183 2368 24443
1335744000 3 698 4 828
1335657600 3 711 4 780
1335571200 1059 2893 74496 266112
1335484800 146 1632 4723 56195
1335398400 428 1397 62297 15041
1335312000 456 4368 20621 669739
1335225600 3 898 4 2263
1335139200 3 706 4 772
1335052800 3 706 4 781
1334966400 205 2099 3172 96888
1334880000 572 4541 74622 786006
1334793600 169 3425 5916 294642
1334707200 3186 1807 362671 186880
1334620800 151 1013 2143 7230
1334534400 31 533 375 1974
1334448000 30 530 420 1153
1334361600 115 1020 2517 49263
1334275200 31 1704 4085 212120
1334188800 3 713 4 1395
1334102400 185 1671 3895 59708
1334016000 466 4294 13148 49329
1333929600 25 540 376 1408
1333843200 25 1385 361 42380
1333756800 253 1764 5386 69664
1333670400 377 1353 60561 62974
1333584000 32 978 375 17236
1333497600 33 921 405 6000
1333411200 33 904 372 4895
1333324800 29 711 362 2384
1333238400 47 735 3780 1936
1333152000 405 4108 35823 201877
1333065600 13 812 701 7771
1332979200 272 10736 17236 724293
1332892800 940 22388 22957 1187651
1332806400 552 7371 33295 485009
1332720000 3 538 4 697
1332633600 3 535 4 609
1332547200 222 3325 25159 178541
1332460800 1696 59156 125423 5616182
1332374400 323 821 39345 26691
1332288000 155 977 2940 49339
1332201600 194 2114 4581 147339
1332115200 0 0 0 0
1332028800 0 0 0 0
1331942400 718 1123 34744 36794
1331856000 374 585 68258 19079
1331769600 242 1642 5527 64549
1331683200 180 944 3148 86257
1331596800 0 0 0 0
1331510400 0 0 0 0
1331424000 0 0 0 0
1331337600 191 1615 4160 65858
1331251200 222 1412 3392 96715
1331164800 224 2255 4964 260480
1331078400 232 910 14034 24046
1330992000 45 179 2657 11824
1330905600 0 0 0 0
1330819200 0 0 0 0
1330732800 146 623 3978 22760
1330646400 217 1181 13135 45792
1330560000 103 593 4774 40183
1330473600 0 0 0 0
1330387200 0 0 0 0
1330300800 0 0 0 0
1330214400 0 0 0 0
1330128000 64 219 2852 19751
1330041600 26 145 1365 4101
1329955200 173 473 6587 26880
1329868800 136 537 4838 36306
1329782400 0 0 0 0
1329696000 0 0 0 0
1329609600 0 0 0 0
1329523200 129 449 9647 33047
1329436800 179 1759 4163 151716
1329350400 126 715 3052 54635
1329264000 134 835 2661 41543
1329177600 70 516 2184 23938
1329091200 0 0 0 0
1329004800 0 0 0 0
1328918400 189 1014 10119 43835
1328832000 19 116 1405 3341
1328745600 323 2268 5663 85760
1328659200 40 244 2454 14595
1328572800 0 0 0 0
1328486400 0 0 0 0
1328400000 0 0 0 0
1328313600 0 0 0 0
1328227200 70 415 2430 26977
1328140800 0 0 0 0
1328054400 0 0 0 0
1327968000 0 0 0 0
1327881600 0 0 0 0
1327795200 0 0 0 0
1327708800 0 0 0 0
1327622400 0 0 0 0
1327536000 0 0 0 0
1327449600 0 0 0 0
1327363200 0 0 0 0
1327276800 0 0 0 0
1327190400 0 0 0 0
1327104000 0 0 0 0
1327017600 0 0 0 0
1326931200 0 0 0 0
1326844800 0 0 0 0
1326758400 0 0 0 0
1326672000 0 0 0 0
1326585600 0 0 0 0
1326499200 0 0 0 0
1326412800 0 0 0 0
1326326400 0 0 0 0
1326240000 0 0 0 0
1326153600 0 0 0 0
1326067200 0 0 0 0
1325980800 0 0 0 0
1325894400 0 0 0 0
1325808000 0 0 0 0
1325721600 0 0 0 0
1325635200 0 0 0 0
1325548800 0 0 0 0
1325462400 0 0 0 0
1325376000 0 0 0 0
1325289600 0 0 0 0
1325203200 0 0 0 0
1325116800 0 0 0 0
1325030400 0 0 0 0
1324944000 0 0 0 0
1324857600 0 0 0 0
1324771200 0 0 0 0
1324684800 0 0 0 0
1324598400 0 0 0 0
1324512000 0 0 0 0
1324425600 0 0 0 0
1324339200 0 0 0 0
1324252800 0 0 0 0
1324166400 0 0 0 0
1324080000 0 0 0 0
1323993600 0 0 0 0
1323907200 0 0 0 0
1323820800 0 0 0 0
1323734400 0 0 0 0
1323648000 0 0 0 0
1323561600 0 0 0 0
1323475200 0 0 0 0
1323388800 0 0 0 0
1323302400 0 0 0 0
1323216000 0 0 0 0
1323129600 0 0 0 0
1323043200 0 0 0 0
1322956800 0 0 0 0
1322870400 0 0 0 0
1322784000 0 0 0 0
1322697600 0 0 0 0
1322611200 0 0 0 0
1322524800 0 0 0 0
1322438400 0 0 0 0
1322352000 0 0 0 0
1322265600 0 0 0 0
1322179200 0 0 0 0
1322092800 0 0 0 0
1322006400 0 0 0 0
1321920000 0 0 0 0
1321833600 0 0 0 0
1321747200 0 0 0 0
1321660800 0 0 0 0
1321574400 0 0 0 0
1321488000 7236 1239 55156 31301
1321401600 3038 787 51250 13898
1321315200 0 0 0 0
1321228800 0 0 0 0
1321142400 0 0 0 0
1321056000 0 0 0 0
1320969600 0 0 0 0
1320883200 2564 1288 205983 74652
1320796800 4134 2832 80882 26447
1320710400 4991 2673 210208 63349
1320624000 0 0 0 0
1320537600 0 0 0 0
1320451200 7386 3721 377136 112553
1320364800 4403 2909 210447 92653
1320278400 3766 2965 172638 176283
1320192000 3976 2782 144705 89240
1320105600 6961 3441 195117 100523
1320019200 0 0 0 0
1319932800 0 0 0 0
1319846400 5946 3184 394718 114266
1319760000 6251 4013 140551 119445
1319673600 7960 5501 205435 187753
1319587200 7523 6395 259688 264587
1319500800 4587 2586 354812 102020
1319414400 0 0 0 0
1319328000 0 0 0 0
1319241600 3598 2259 275161 76307
1319155200 3943 2413 189126 53836
1319068800 3983 2755 176305 59808
1318982400 3666 3088 148565 90043
1318896000 5325 4156 249685 105676
1318809600 0 0 0 0
1318723200 0 0 0 0
1318636800 3772 2700 229721 66611
1318550400 6411 3928 217840 55242
1318464000 5612 3473 158964 122475
1318377600 0 0 0 0
1318291200 0 0 0 0
1318204800 0 0 0 0
1318118400 0 0 0 0
1318032000 1325 1298 36546 29794
1317945600 7224 4078 234125 91190
1317859200 7533 6086 441698 435408
1317772800 6218 3776 262915 92979
1317686400 5579 3648 109025 51800
1317600000 0 0 0 0
1317513600 599 358 24443 12831
1317427200 5110 3636 121260 68009
1317340800 3186 2913 26750 65880
1317254400 3502 2871 64774 35636
1317168000 5082 3537 251301 94560
1317081600 0 0 0 0
1316995200 0 0 0 0
1316908800 0 0 0 0
1316822400 3279 1581 187263 46043
1316736000 7920 3796 328995 87522
1316649600 4626 3726 291692 128115
1316563200 4475 2691 222574 89056
1316476800 4455 4075 108280 93168
1316390400 0 0 0 0
1316304000 0 0 0 0
1316217600 6184 4213 281226 139005
1316131200 6632 4343 170554 89344
1316044800 4394 4055 277140 350596
1315958400 5463 3151 222244 98557
1315872000 2970 3213 148446 143090
1315785600 0 0 0 0
1315699200 0 0 0 0
1315612800 7289 3177 780947 87503
1315526400 2902 2537 136412 39449
1315440000 6055 3417 270590 87633
1315353600 9043 4116 314596 90069
1315267200 0 0 0 0
1315180800 0 0 0 0
1315094400 0 0 0 0
1315008000 3439 2010 190215 51662
1314921600 4333 3004 207632 183447
1314835200 4807 2564 164109 87174
1314748800 5020 2467 150620 93576
1314662400 2454 1074 267197 55433
1314576000 0 0 0 0
1314489600 0 0 0 0
1314403200 4026 2552 90216 92200
1314316800 4684 3167 140683 124062
1314230400 3147 2291 57482 28825
1314144000 2984 1976 65251 25219
1314057600 3142 2169 198829 50097
1313971200 0 0 0 0
1313884800 0 0 0 0
1313798400 3157 1944 227287 58386
1313712000 3271 1806 198525 53856
1313625600 3303 2215 179741 47502
1313539200 3452 2246 127008 36920
1313452800 2437 1854 57922 32644
1313366400 0 0 0 0
1313280000 0 0 0 0
1313193600 3154 2219 145576 48498
1313107200 2104 1716 45323 23526
1313020800 2957 2103 126321 71350
1312934400 4885 2414 232584 53862
1312848000 3020 1543 278436 55273
1312761600 0 0 0 0
1312675200 0 0 0 0
1312588800 2549 1818 146286 36780
1312502400 3662 2672 172410 115672
1312416000 2529 2236 81091 83289
1312329600 2770 1924 116266 39171
1312243200 4399 2834 304442 215762
1312156800 0 0 0 0
1312070400 0 0 0 0
1311984000 3362 2082 144409 38311
1311897600 3085 1942 101426 31608
1311811200 2972 1892 108728 34645
1311724800 3611 1859 191086 43378
1311638400 3172 2428 111370 72550
1311552000 0 0 0 0
1311465600 0 0 0 0
1311379200 3526 2069 213284 53175
1311292800 4500 2404 201703 47269
1311206400 4307 2325 185678 43951
1311120000 3266 1863 219965 55615
1311033600 3605 2415 68418 28591
1310947200 0 0 0 0
1310860800 0 0 0 0
1310774400 3981 2128 208376 52655
1310688000 3893 2164 155337 37746
1310601600 2393 1789 164347 47043
1310515200 3992 2476 143019 91673
1310428800 3232 2189 94672 26340
1310342400 0 0 0 0
1310256000 0 0 0 0
1310169600 3193 2156 148173 35437
1310083200 9917 3408 207164 59115
1309996800 3079 2248 49199 27529
1309910400 3348 2421 57915 55321
1309824000 0 0 0 0
1309737600 0 0 0 0
1309651200 0 0 0 0
1309564800 2651 1767 55813 23326
1309478400 4744 4377 115417 184805
1309392000 2316 2040 30347 23817
1309305600 2880 2608 41845 94419
1309219200 6160 2902 182921 45325
1309132800 0 0 0 0
1309046400 0 0 0 0
