1377805802 3481065308 1462628864
1377805802 347 566 347 566
1377805502 295 935 295 935
1377805500 295 934 312 935
1377805200 318 728 1296 1013
1377804900 1289 1010 1296 1013
1377804600 349 612 1061 2793
1377804300 1055 2778 1061 2793
1377804000 229 648 352 672
1377803700 350 670 352 672
1377803400 176 504 641 1570
1377803100 642 1568 1212 1570
1377802800 1206 1094 1212 3888
1377802500 446 3957 1478 14300
1377802200 1478 14216 1551 14300
1377801900 1545 1786 1551 1948
1377801600 723 1939 724 1948
1377801300 695 737 697 943
1377801000 424 939 427 943
1377800700 104 389 228 565
1377800400 227 565 228 697
1377800100 193 696 252 697
1377799800 252 687 297 714
1377799500 297 714 353 831
1377799200 351 828 353 831
1377798900 140 464 1132 2124
1377798600 1125 2112 1132 2124
1377798300 159 367 1948 6395
1377798000 1945 6380 1948 6395
1377797700 1588 4289 1593 4293
1377797400 988 3765 1596 10481
1377797100 1598 10506 1985 14363
1377796800 1982 14362 1985 14363
1377796500 1219 14245 3483 17472
1377796200 3465 17426 3483 17472
1377795900 874 10581 878 10640
1377795600 341 1880 1235 1881
1377795300 1231 1834 1235 2840
1377795000 648 2905 856 12607
1377794700 856 12632 1003 20289
1377794400 1001 20212 1003 20289
1377794100 741 8909 742 13958
1377793800 631 13936 695 13958
1377793500 695 10757 739 10760
1377793200 744 10428 1523 10452
1377792900 1516 6857 1523 7658
1377792600 588 7660 886 8054
1377792300 885 8111 886 16627
1377792000 816 16594 818 16627
1377791700 520 11721 894 20262
1377791400 904 20253 2396 20262
1377791100 2495 18946 17342 18963
1377790800 17247 16571 17342 18012
1377790500 3090 17996 3098 18012
1377790200 857 13444 1590 13453
1377789900 1597 12220 2712 12230
1377789600 2710 10903 2712 16515
1377789300 2467 16471 2934 16515
1377789000 2922 10081 2934 12711
1377788700 1277 12705 1952 12711
1377788400 1951 11008 1952 13355
1377788100 1874 13295 1882 13355
1377787800 780 4409 1745 4411
1377787500 1741 4219 1745 4229
1377787200 1232 2838 1237 2846
1377786900 511 1783 514 1791
1377786600 184 662 185 698
1377786300 165 703 500 1566
1377786000 502 1578 853 3508
1377785700 861 3515 2077 4702
1377785400 2086 4718 4885 9507
1377785100 4879 9493 4885 9507
1377784800 4000 7536 4921 8130
1377784500 4891 8080 4921 8130
1377784200 488 717 2015 5478
1377783900 2006 5482 2015 6224
1377783600 812 6204 1168 6224
1377783300 1168 3400 1314 7520
1377783000 1312 7498 1314 7520
1377782700 1087 4373 2283 9477
1377782400 2284 9441 2547 9477
1377782100 2530 4087 2547 4115
1377781800 0 0 0 0
1377781500 0 0 0 0
1377781200 0 0 0 0
1377780900 0 0 0 0
1377780600 0 0 0 0
1377780300 0 0 0 0
1377780000 0 0 0 0
1377779700 0 0 0 0
1377779400 0 0 0 0
1377779100 0 0 0 0
1377778800 0 0 0 0
1377778500 0 0 0 0
1377778200 0 0 0 0
1377777900 0 0 0 0
1377777600 0 0 0 0
1377777300 0 0 0 0
1377777000 0 0 0 0
1377776700 0 0 0 0
1377776400 0 0 0 0
1377776100 0 0 0 0
1377775800 0 0 0 0
1377775500 0 0 0 0
1377775200 0 0 0 0
1377774900 0 0 0 0
1377774600 0 0 0 0
1377774300 0 0 0 0
1377774000 0 0 0 0
1377773700 0 0 0 0
1377773400 0 0 0 0
1377773100 0 0 0 0
1377772800 0 0 0 0
1377772500 0 0 0 0
1377772200 0 0 0 0
1377771900 0 0 0 0
1377771600 0 0 0 0
1377771300 0 0 0 0
1377771000 0 0 0 0
1377770700 0 0 0 0
1377770400 0 0 0 0
1377770100 0 0 0 0
1377769800 0 0 0 0
1377769500 0 0 0 0
1377769200 0 0 0 0
1377768900 0 0 0 0
1377768600 0 0 0 0
1377768300 0 0 0 0
1377768000 0 0 0 0
1377767700 0 0 0 0
1377767400 0 0 0 0
1377767100 0 0 0 0
1377766800 0 0 0 0
1377766500 0 0 0 0
1377766200 0 0 0 0
1377765900 0 0 0 0
1377765600 0 0 0 0
1377765300 0 0 0 0
1377765000 0 0 0 0
1377764700 0 0 0 0
1377764400 0 0 0 0
1377764100 0 0 0 0
1377763800 0 0 0 0
1377763500 0 0 0 0
1377763200 0 0 0 0
1377762900 0 0 0 0
1377762600 0 0 0 0
1377762300 0 0 0 0
1377762000 0 0 0 0
1377761700 0 0 0 0
1377761400 0 0 0 0
1377761100 0 0 0 0
1377760800 0 0 0 0
1377760500 0 0 0 0
1377760200 0 0 0 0
1377759900 0 0 0 0
1377759600 0 0 0 0
1377759300 0 0 0 0
1377759000 0 0 0 0
1377758700 0 0 0 0
1377758400 0 0 0 0
1377758100 0 0 0 0
1377757800 0 0 0 0
1377757500 0 0 0 0
1377757200 0 0 0 0
1377756900 0 0 0 0
1377756600 0 0 0 0
1377756300 0 0 0 0
1377756000 0 0 0 0
1377755700 0 0 0 0
1377755400 0 0 0 0
1377755100 0 0 0 0
1377754800 0 0 0 0
1377754500 0 0 0 0
1377754200 0 0 0 0
1377753900 0 0 0 0
1377753600 0 0 0 0
1377753300 0 0 0 0
1377753000 0 0 0 0
1377752700 0 0 0 0
1377752400 0 0 0 0
1377752100 0 0 0 0
1377751800 0 0 0 0
1377751500 0 0 0 0
1377751200 0 0 0 0
1377750900 0 0 0 0
1377750600 0 0 0 0
1377750300 0 0 0 0
1377750000 0 0 0 0
1377749700 0 0 0 0
1377749400 0 0 0 0
1377749100 0 0 0 0
1377748800 0 0 0 0
1377748500 0 0 0 0
1377748200 0 0 0 0
1377747900 0 0 0 0
1377747600 0 0 0 0
1377747300 0 0 0 0
1377747000 0 0 0 0
1377746700 0 0 0 0
1377746400 0 0 0 0
1377746100 0 0 0 0
1377745800 0 0 0 0
1377745500 0 0 0 0
1377745200 0 0 0 0
1377744900 0 0 0 0
1377744600 0 0 0 0
1377744300 0 0 0 0
1377744000 0 0 0 0
1377743700 0 0 0 0
1377743400 0 0 0 0
1377743100 0 0 0 0
1377742800 0 0 0 0
1377742500 0 0 0 0
1377742200 0 0 0 0
1377741900 0 0 0 0
1377741600 0 0 0 0
1377741300 0 0 0 0
1377741000 0 0 0 0
1377740700 0 0 0 0
1377740400 0 0 0 0
1377740100 0 0 0 0
1377739800 0 0 0 0
1377739500 0 0 0 0
1377739200 0 0 0 0
1377738900 0 0 0 0
1377738600 0 0 0 0
1377738300 0 0 0 0
1377738000 0 0 0 0
1377737700 0 0 0 0
1377737400 0 0 0 0
1377737100 0 0 0 0
1377736800 0 0 0 0
1377736500 0 0 0 0
1377736200 0 0 0 0
1377735900 0 0 0 0
1377735600 0 0 0 0
1377735300 0 0 0 0
1377735000 0 0 0 0
1377734700 0 0 0 0
1377734400 0 0 0 0
1377734100 0 0 0 0
1377733800 0 0 0 0
1377733500 0 0 0 0
1377733200 0 0 0 0
1377732900 0 0 0 0
1377732600 0 0 0 0
1377732300 0 0 0 0
1377732000 0 0 0 0
1377731700 0 0 0 0
1377731400 0 0 0 0
1377731100 0 0 0 0
1377730800 0 0 0 0
1377730500 0 0 0 0
1377730200 0 0 0 0
1377729900 0 0 0 0
1377729600 0 0 0 0
1377729300 0 0 0 0
1377729000 0 0 0 0
1377728700 0 0 0 0
1377728400 0 0 0 0
1377728100 0 0 0 0
1377727800 0 0 0 0
1377727500 0 0 0 0
1377727200 0 0 0 0
1377726900 0 0 0 0
1377726600 2 7 442 1183
1377726300 450 1199 1713 3677
1377726000 1703 3656 1713 3677
1377725700 217 591 218 745
1377725400 203 745 229 767
1377725100 233 776 961 2222
1377724800 961 2217 1099 2222
1377724500 1097 1016 1099 1193
1377724200 981 1203 9860 2707
1377723900 9798 2701 9860 2707
1377723600 609 1916 1112 1922
1377723300 1109 1095 1112 1269
1377723000 734 1269 1266 1396
1377722700 1263 1393 1266 1396
1377722400 887 1070 1011 2134
1377722100 1006 2137 1011 2658
1377721800 357 2816 1388 26412
1377721500 1402 26293 3521 26412
1377721200 3507 8594 3521 8629
1377720900 1494 3481 2241 3484
1377720600 2229 3059 2241 3073
1377720300 586 1006 1058 1136
1377720000 1054 1132 1058 1136
1377719700 538 622 539 1036
1377719400 382 1033 383 1036
1377719100 321 694 1719 2771
1377718800 1738 2799 4598 6976
1377718500 4575 6943 4598 6976
1377718200 1170 2027 1176 2038
1377717900 422 514 455 676
1377717600 455 687 581 2359
1377717300 580 2352 581 2359
1377717000 431 1377 432 1380
1377716700 365 654 1011 1248
1377716400 1007 1245 1011 1248
1377716100 469 910 574 998
1377715800 576 1031 1016 5974
1377715500 1279 5992 40613 8678
1377715200 40346 8628 40613 8678
1377714900 647 1273 648 2934
1377714600 598 2927 711 2934
1377714300 719 1397 1992 47257
1377714000 1981 46947 1992 47257
1377713700 373 777 529 1352
1377713400 530 1351 786 1352
1377713100 790 1251 1436 4629
1377712800 1452 4644 3953 6962
1377712500 3930 6930 3953 6962
1377712200 648 2157 649 2162
1377711900 521 1494 714 3051
1377711600 710 3034 714 3051
1377711300 160 641 264 790
1377711000 263 787 264 790
1377710700 182 468 183 469
1377710400 52 277 269 550
1377710100 268 551 269 782
1377709800 231 780 232 782
1377709500 135 563 471 1107
1377709200 476 1258 2055 46619
1377708900 2045 46332 2055 46619
1377708600 584 3581 886 3596
1377708300 890 1482 1495 1760
1377708000 1485 1748 1495 1760
1377707700 0 0 0 0
1377707400 0 0 0 0
1377707100 0 0 0 0
1377706800 0 0 0 0
1377706500 0 0 0 0
1377706200 0 0 0 0
1377705900 0 0 0 0
1377705600 0 0 0 0
1377705300 0 0 0 0
1377705000 0 0 0 0
1377704700 0 0 0 0
1377704400 0 0 0 0
1377704100 0 0 0 0
1377703800 5 8 823 1321
1377703500 846 1336 4382 3611
1377703200 4371 3603 4382 3611
1377702900 1171 1376 1176 1380
1377702600 561 864 562 875
1377702300 1241 896 111018 4109
1377702000 110289 4097 111018 4109
1377701700 1825 2354 3605 7865
1377701400 3588 7826 3605 7865
1377701100 1153 2154 1155 2162
1377700800 970 1001 1073 2281
1377700500 1083 2388 2578 18348
1377700200 2562 18237 2578 18348
1377699900 299 1723 1405 2836
1377699600 1446 2861 7597 6614
1377699300 7583 6600 7597 6614
1377699000 5593 4541 5623 4552
1377698700 1269 2895 1270 2902
1377698400 1239 963 1246 967
1377698100 203 414 678 1424
1377697800 681 1435 1200 3118
1377697500 1203 3108 1721 3118
1377697200 1712 1743 1721 1750
1377696900 452 763 4451 5460
1377696600 4423 5427 4451 5460
1377696300 337 655 1878 3215
1377696000 1923 3338 8693 21712
1377695700 8635 21567 8693 21712
1377695400 0 6 0 7
1377695100 0 0 0 0
1377694800 0 0 0 0
1377694500 0 0 0 0
1377694200 0 0 0 0
1377693900 0 0 0 0
1377693600 0 0 0 0
1377693300 0 0 0 0
1377693000 0 0 0 0
1377692700 0 0 0 0
1377692400 0 0 0 0
1377692100 0 0 0 0
1377691800 0 0 0 0
1377691500 0 0 0 0
1377691200 0 0 0 0
1377690900 0 0 0 0
1377690600 0 0 0 0
1377690300 0 0 0 0
1377690000 0 0 0 0
1377689700 0 0 0 0
1377689400 0 0 0 0
1377689100 0 0 0 0
1377688800 0 0 0 0
1377688500 0 0 0 0
1377688200 0 0 0 0
1377687900 0 0 0 0
1377687600 0 0 0 0
1377687300 0 0 0 0
1377687000 0 0 0 0
1377686700 0 0 0 0
1377686400 0 0 0 0
1377686100 0 0 0 0
1377685800 0 0 0 0
1377685500 0 0 0 0
1377685200 0 0 0 0
1377684900 0 0 0 0
1377684600 0 0 0 0
1377684300 0 0 0 0
1377684000 0 0 0 0
1377683700 0 0 0 0
1377683400 0 0 0 0
1377683100 0 0 0 0
1377682800 0 0 0 0
1377682500 0 0 0 0
1377682200 0 0 0 0
1377681900 0 0 0 0
1377681600 0 0 0 0
1377681300 0 0 0 0
1377681000 0 0 0 0
1377680700 0 0 0 0
1377680400 0 0 0 0
1377680100 0 0 0 0
1377679800 0 0 0 0
1377679500 0 0 0 0
1377679200 0 0 0 0
1377678900 0 0 0 0
1377678600 0 0 0 0
1377678300 0 0 0 0
1377678000 0 0 0 0
1377677700 0 0 0 0
1377677400 0 0 0 0
1377677100 0 0 0 0
1377676800 0 0 0 0
1377676500 0 0 0 0
1377676200 0 0 0 0
1377675900 0 0 0 0
1377675600 0 0 0 0
1377675300 0 0 0 0
1377675000 0 0 0 0
1377674700 0 0 0 0
1377674400 0 0 0 0
1377674100 0 0 0 0
1377673800 0 0 0 0
1377673500 0 0 0 0
1377673200 0 0 0 0
1377672900 0 0 0 0
1377672600 0 0 0 0
1377672300 0 0 0 0
1377672000 0 0 0 0
1377671700 0 0 0 0
1377671400 0 0 0 0
1377671100 0 0 0 0
1377670800 0 0 0 0
1377670500 0 0 0 0
1377670200 0 0 0 0
1377669900 0 0 0 0
1377669600 0 0 0 0
1377669300 0 0 0 0
1377669000 0 0 0 0
1377668700 0 0 0 0
1377668400 0 0 0 0
1377668100 0 0 0 0
1377667800 0 0 0 0
1377667500 0 0 0 0
1377667200 0 0 0 0
1377666900 0 0 0 0
1377666600 0 0 0 0
1377666300 0 0 0 0
1377666000 0 0 0 0
1377665700 0 0 0 0
1377665400 0 0 0 0
1377665100 0 0 0 0
1377664800 0 0 0 0
1377664500 0 0 0 0
1377664200 0 0 0 0
1377663900 0 0 0 0
1377663600 0 0 0 0
1377663300 0 0 0 0
1377663000 0 0 0 0
1377662700 0 0 0 0
1377662400 0 0 0 0
1377662100 0 0 0 0
1377661800 0 0 0 0
1377661500 0 0 0 0
1377661200 0 0 0 0
1377660900 0 0 0 0
1377660600 0 0 0 0
1377660300 0 0 0 0
1377660000 0 0 0 0
1377659700 0 0 0 0
1377659400 0 0 0 0
1377659100 0 0 0 0
1377658800 0 0 0 0
1377658500 0 0 0 0
1377658200 0 0 0 0
1377657900 0 0 0 0
1377657600 0 0 0 0
1377657300 0 0 0 0
1377657000 0 0 0 0
1377656700 0 0 0 0
1377656400 0 0 0 0
1377656100 0 0 0 0
1377655800 0 0 0 0
1377655500 0 0 0 0
1377655200 0 0 0 0
1377654900 0 0 0 0
1377654600 0 0 0 0
1377654300 0 0 0 0
1377654000 0 0 0 0
1377653700 0 0 0 0
1377653400 0 0 0 0
1377653100 0 0 0 0
1377652800 0 0 0 0
1377652500 0 0 0 0
1377652200 0 0 0 0
1377651900 0 0 0 0
1377651600 0 0 0 0
1377651300 0 0 0 0
1377651000 0 0 0 0
1377650700 0 0 0 0
1377650400 0 0 0 0
1377650100 0 0 0 0
1377649800 0 0 0 0
1377649500 0 0 0 0
1377649200 0 0 0 0
1377648900 0 0 0 0
1377648600 0 0 0 0
1377648300 0 0 0 0
1377648000 0 0 0 0
1377647700 0 0 0 0
1377647400 0 0 0 0
1377647100 0 0 0 0
1377646800 0 0 0 0
1377646500 0 0 0 0
1377646200 0 0 0 0
1377645900 0 0 0 0
1377645600 0 0 0 0
1377645300 0 0 0 0
1377645000 0 0 0 0
1377644700 0 0 0 0
1377644400 0 0 0 0
1377644100 0 0 0 0
1377643800 0 0 0 0
1377643500 0 0 0 0
1377643200 0 0 0 0
1377642900 0 0 0 0
1377642600 0 0 0 0
1377642300 0 0 0 0
1377642000 6 4 965 621
1377641700 962 622 965 917
1377641400 590 919 717 1527
1377641100 737 1593 3757 11464
1377640800 3750 11418 3757 11464
1377640500 2800 4690 2809 4705
1377640200 398 504 779 786
1377639900 778 785 779 786
1377639600 700 753 704 755
1377639300 230 545 231 546
1377639000 149 461 2186 3506
1377638700 2172 3485 2186 3506
1377638400 164 405 251 454
1377638100 250 454 251 495
1377637800 163 495 225 623
1377637500 225 621 236 623
1377637200 237 368 506 925
1377636900 505 923 506 925
1377636600 286 494 287 495
1377636300 220 423 254 489
1377636000 262 556 1600 10608
1377635700 1596 10575 1600 10608
1377635400 466 738 714 2971
1377635100 710 2953 714 2971
1377634800 201 415 358 579
1377634500 358 581 388 934
1377634200 425 948 6030 3047
1377633900 5991 3030 6030 3047
1377633600 247 606 576 1098
1377633300 574 1094 576 1098
1377633000 365 563 366 899
1377632700 306 896 308 899
1377632400 147 581 243 582
1377632100 242 519 243 636
1377631800 160 635 169 636
1377631500 173 575 1486 5317
1377631200 1489 5315 2436 5317
1377630900 2423 4968 2436 4993
1377630600 492 1274 813 2196
1377630300 810 2194 813 2196
1377630000 468 1974 604 2062
1377629700 601 2067 604 2946
1377629400 202 2944 528 2946
1377629100 531 2718 1006 13523
1377628800 1001 13437 1006 13523
1377628500 279 763 280 764
1377628200 160 836 1472 23278
1377627900 1467 23202 1472 23278
1377627600 162 571 691 4517
1377627300 691 4521 771 5122
1377627000 772 5117 1059 5122
1377626700 1065 4474 1980 18872
1377626400 1976 18852 1980 18872
1377626100 967 13032 972 13112
1377625800 675 2010 1335 3651
1377624600 1183 2390 3210 4857
1377622800 3568 1791 19915 7957
1377621000 753 1011 1384 3857
1377619200 1102 4831 2107 9081
1377617400 413 716 1061 1815
1377615600 3873 2363 18619 6485
1377613800 2527 5266 3572 7241
1377612000 895 1398 2182 8557
1377610200 1431 5149 7687 22401
1377608400 0 0 0 0
1377606600 0 0 0 0
1377604800 0 0 0 0
1377603000 0 0 0 0
1377601200 0 0 0 0
1377599400 0 0 0 0
1377597600 0 0 0 0
1377595800 0 0 0 0
1377594000 0 0 0 0
1377592200 0 0 0 0
1377590400 0 0 0 0
1377588600 0 0 0 0
1377586800 0 0 0 0
1377585000 0 0 0 0
1377583200 0 0 0 0
1377581400 0 0 0 0
1377579600 0 0 0 0
1377577800 0 0 0 0
1377576000 0 0 0 0
1377574200 0 0 0 0
1377572400 0 0 0 0
1377570600 0 0 0 0
1377568800 0 0 0 0
1377567000 0 0 0 0
1377565200 0 0 0 0
1377563400 0 0 0 0
1377561600 0 0 0 0
1377559800 0 0 0 0
1377558000 0 0 0 0
1377556200 0 0 0 0
1377554400 707 755 1904 2751
1377552600 1288 1925 3041 3552
1377550800 1158 1434 3046 4569
1377549000 647 1156 3046 4569
1377547200 1357 1363 6039 2538
1377545400 298 1235 462 4194
1377543600 275 694 1256 2840
1377541800 510 1186 1256 2840
1377540000 965 4945 1994 8791
1377538200 521 1251 1343 2501
1377536400 1398 2365 3772 4915
1377534600 990 2188 2556 5085
1377532800 1223 2981 2762 11120
1377531000 1715 2002 3808 5112
1377529200 686 3598 2434 15173
1377527400 581 2609 2711 7656
1377525600 846 2312 2711 5286
1377523800 637 4668 2061 21146
1377522000 0 0 0 0
1377520200 0 0 0 0
1377518400 0 0 0 0
1377516600 0 0 0 0
1377514800 0 0 0 0
1377513000 0 0 0 0
1377511200 0 0 0 0
1377509400 0 0 0 0
1377507600 0 0 0 0
1377505800 0 0 0 0
1377504000 0 0 0 0
1377502200 0 0 0 0
1377500400 0 0 0 0
1377498600 0 0 0 0
1377496800 0 0 0 0
1377495000 0 0 0 0
1377493200 0 0 0 0
1377491400 0 0 0 0
1377489600 0 0 0 0
1377487800 0 0 0 0
1377486000 0 0 0 0
1377484200 0 0 0 0
1377482400 0 0 0 0
1377480600 0 0 0 0
1377478800 0 0 0 0
1377477000 0 0 0 0
1377475200 0 0 0 0
1377473400 0 0 0 0
1377471600 0 0 0 0
1377469800 0 0 0 0
1377468000 0 0 0 0
1377466200 0 0 0 0
1377464400 0 0 0 0
1377462600 0 0 0 0
1377460800 0 0 0 0
1377459000 0 0 0 0
1377457200 0 0 0 0
1377455400 0 0 0 0
1377453600 0 0 0 0
1377451800 0 0 0 0
1377450000 0 0 0 0
1377448200 0 0 0 0
1377446400 0 0 0 0
1377444600 0 0 0 0
1377442800 0 0 0 0
1377441000 0 0 0 0
1377439200 0 0 0 0
1377437400 0 0 0 0
1377435600 0 0 0 0
1377433800 0 0 0 0
1377432000 0 0 0 0
1377430200 0 0 0 0
1377428400 0 0 0 0
1377426600 0 0 0 0
1377424800 0 0 0 0
1377423000 0 0 0 0
1377421200 0 0 0 0
1377419400 0 0 0 0
1377417600 0 0 0 0
1377415800 0 0 0 0
1377414000 0 0 0 0
1377412200 0 0 0 0
1377410400 0 0 0 0
1377408600 0 0 0 0
1377406800 0 0 0 0
1377405000 0 0 0 0
1377403200 0 0 0 0
1377401400 0 0 0 0
1377399600 0 0 0 0
1377397800 0 0 0 0
1377396000 0 0 0 0
1377394200 0 0 0 0
1377392400 0 0 0 0
1377390600 0 0 0 0
1377388800 0 0 0 0
1377387000 0 0 0 0
1377385200 0 0 0 0
1377383400 0 0 0 0
1377381600 0 0 0 0
1377379800 0 0 0 0
1377378000 0 0 0 0
1377376200 0 0 0 0
1377374400 0 0 0 0
1377372600 0 0 0 0
1377370800 0 0 0 0
1377369000 0 0 0 0
1377367200 0 0 0 0
1377365400 0 0 0 0
1377363600 0 0 0 0
1377361800 0 0 0 0
1377360000 0 0 0 0
1377358200 0 0 0 0
1377356400 0 0 0 0
1377354600 0 0 0 0
1377352800 0 0 0 0
1377351000 0 0 0 0
1377349200 0 0 0 0
1377347400 0 0 0 0
1377345600 0 0 0 0
1377343800 0 0 0 0
1377342000 0 0 0 0
1377340200 0 0 0 0
1377338400 0 0 0 0
1377336600 0 0 0 0
1377334800 0 0 0 0
1377333000 0 0 0 0
1377331200 0 0 0 0
1377329400 0 0 0 0
1377327600 0 0 0 0
1377325800 0 0 0 0
1377324000 0 0 0 0
1377322200 0 0 0 0
1377320400 0 0 0 0
1377318600 0 0 0 0
1377316800 0 0 0 0
1377315000 0 0 0 0
1377313200 0 0 0 0
1377311400 0 0 0 0
1377309600 0 0 0 0
1377307800 0 0 0 0
1377306000 0 0 0 0
1377304200 0 0 0 0
1377302400 0 0 0 0
1377300600 0 0 0 0
1377298800 0 0 0 0
1377297000 0 0 0 0
1377295200 0 0 0 0
1377293400 0 0 0 0
1377291600 0 0 0 0
1377289800 0 0 0 0
1377288000 0 0 0 0
1377286200 0 0 0 0
1377284400 0 0 0 0
1377282600 0 0 0 0
1377280800 0 0 0 0
1377279000 0 0 0 0
1377277200 0 0 0 0
1377275400 0 0 0 0
1377273600 0 0 0 0
1377271800 0 0 0 0
1377270000 0 0 0 0
1377268200 0 0 0 0
1377266400 0 0 0 0
1377264600 0 0 0 0
1377262800 0 0 0 0
1377261000 0 0 0 0
1377259200 0 0 0 0
1377257400 0 0 0 0
1377255600 0 0 0 0
1377253800 0 0 0 0
1377252000 0 0 0 0
1377250200 0 0 0 0
1377248400 0 0 0 0
1377246600 0 0 0 0
1377244800 0 0 0 0
1377243000 0 0 0 0
1377241200 0 0 0 0
1377239400 0 0 0 0
1377237600 0 0 0 0
1377235800 0 0 0 0
1377234000 0 0 0 0
1377232200 0 0 0 0
1377230400 0 0 0 0
1377228600 0 0 0 0
1377226800 0 0 0 0
1377225000 0 0 0 0
1377223200 0 0 0 0
1377221400 0 0 0 0
1377219600 0 0 0 0
1377217800 0 0 0 0
1377216000 0 0 0 0
1377214200 0 0 0 0
1377212400 0 0 0 0
1377210600 0 0 0 0
1377208800 0 0 0 0
1377207000 0 0 0 0
1377205200 0 0 0 0
1377203400 0 0 0 0
1377201600 0 0 0 0
1377199800 0 0 0 0
1377198000 0 0 0 0
1377196200 0 0 0 0
1377194400 0 0 0 0
1377192600 0 0 0 0
1377190800 0 0 0 0
1377189000 0 0 0 0
1377187200 0 0 0 0
1377185400 0 0 0 0
1377183600 0 0 0 0
1377181800 0 0 0 0
1377180000 0 0 0 0
1377178200 0 0 0 0
1377176400 0 0 0 0
1377174600 0 0 0 0
1377172800 0 0 0 0
1377171000 0 0 0 0
1377169200 0 0 0 0
1377167400 0 0 0 0
1377165600 0 0 0 0
1377163800 0 0 0 0
1377162000 0 0 0 0
1377160200 0 0 0 0
1377158400 0 0 0 0
1377156600 0 0 0 0
1377154800 0 0 0 0
1377153000 0 0 0 0
1377151200 0 0 0 0
1377149400 0 0 0 0
1377147600 0 0 0 0
1377145800 0 0 0 0
1377144000 0 0 0 0
1377142200 0 0 0 0
1377140400 0 0 0 0
1377138600 0 0 0 0
1377136800 0 0 0 0
1377135000 0 0 0 0
1377133200 0 0 0 0
1377131400 0 0 0 0
1377129600 0 0 0 0
1377127800 0 0 0 0
1377126000 0 0 0 0
1377124200 0 0 0 0
1377122400 0 0 0 0
1377120600 0 0 0 0
1377118800 0 0 0 0
1377117000 0 0 0 0
1377115200 0 0 0 0
1377113400 0 0 0 0
1377111600 0 0 0 0
1377109800 0 0 0 0
1377108000 0 0 0 0
1377106200 0 0 0 0
1377104400 0 0 0 0
1377102600 0 0 0 0
1377100800 0 0 0 0
1377099000 0 0 0 0
1377097200 0 0 0 0
1377095400 0 0 0 0
1377093600 0 0 0 0
1377091800 0 0 0 0
1377090000 0 0 0 0
1377088200 0 0 0 0
1377086400 0 0 0 0
1377084600 0 0 0 0
1377082800 0 0 0 0
1377081000 0 0 0 0
1377079200 0 0 0 0
1377077400 0 0 0 0
1377075600 0 0 0 0
1377073800 0 0 0 0
1377072000 0 0 0 0
1377070200 0 0 0 0
1377068400 0 0 0 0
1377066600 0 0 0 0
1377064800 0 0 0 0
1377063000 0 0 0 0
1377061200 0 0 0 0
1377059400 0 0 0 0
1377057600 0 0 0 0
1377055800 0 0 0 0
1377054000 0 0 0 0
1377052200 0 0 0 0
1377050400 0 0 0 0
1377048600 0 0 0 0
1377046800 0 0 0 0
1377045000 0 0 0 0
1377043200 0 0 0 0
1377041400 0 0 0 0
1377039600 0 0 0 0
1377037800 0 0 0 0
1377036000 0 0 0 0
1377034200 0 0 0 0
1377032400 0 0 0 0
1377030600 0 0 0 0
1377028800 0 0 0 0
1377027000 0 0 0 0
1377025200 0 0 0 0
1377023400 0 0 0 0
1377021600 0 0 0 0
1377019800 0 0 0 0
1377018000 0 0 0 0
1377016200 0 0 0 0
1377014400 0 0 0 0
1377012600 0 0 0 0
1377010800 0 0 0 0
1377009000 0 0 0 0
1377007200 0 0 0 0
1377005400 0 0 0 0
1377003600 0 0 0 0
1377001800 0 0 0 0
1377000000 0 0 0 0
1376998200 0 0 0 0
1376996400 0 0 0 0
1376994600 0 0 0 0
1376992800 0 0 0 0
1376991000 0 0 0 0
1376989200 0 0 0 0
1376987400 0 0 0 0
1376985600 0 0 0 0
1376983800 0 0 0 0
1376982000 0 0 0 0
1376980200 0 0 0 0
1376978400 0 0 0 0
1376976600 0 0 0 0
1376974800 0 0 0 0
1376973000 0 0 0 0
1376971200 0 0 0 0
1376969400 0 0 0 0
1376967600 0 0 0 0
1376965800 0 0 0 0
1376964000 0 0 0 0
1376962200 0 0 0 0
1376960400 0 0 0 0
1376958600 0 0 0 0
1376956800 0 0 0 0
1376955000 0 0 0 0
1376953200 0 0 0 0
1376951400 0 0 0 0
1376949600 0 0 0 0
1376947800 0 0 0 0
1376946000 0 0 0 0
1376944200 0 0 0 0
1376942400 0 0 0 0
1376940600 0 0 0 0
1376938800 0 0 0 0
1376937000 0 0 0 0
1376935200 0 0 0 0
1376933400 0 0 0 0
1376931600 0 0 0 0
1376929800 0 0 0 0
1376928000 0 0 0 0
1376926200 0 0 0 0
1376924400 0 0 0 0
1376922600 0 0 0 0
1376920800 0 0 0 0
1376919000 0 0 0 0
1376917200 0 0 0 0
1376915400 0 0 0 0
1376913600 0 0 0 0
1376911800 0 0 0 0
1376910000 0 0 0 0
1376908200 0 0 0 0
1376906400 0 0 0 0
1376904600 0 0 0 0
1376902800 0 0 0 0
1376901000 0 0 0 0
1376899200 0 0 0 0
1376897400 0 0 0 0
1376895600 0 0 0 0
1376893800 0 0 0 0
1376892000 0 0 0 0
1376890200 0 0 0 0
1376888400 0 0 0 0
1376886600 0 0 0 0
1376884800 0 0 0 0
1376883000 0 0 0 0
1376881200 0 0 0 0
1376879400 0 0 0 0
1376877600 0 0 0 0
1376875800 0 0 0 0
1376874000 0 0 0 0
1376872200 0 0 0 0
1376870400 0 0 0 0
1376868600 0 0 0 0
1376866800 0 0 0 0
1376865000 0 0 0 0
1376863200 0 0 0 0
1376861400 0 0 0 0
1376859600 0 0 0 0
1376857800 0 0 0 0
1376856000 0 0 0 0
1376854200 0 0 0 0
1376852400 0 0 0 0
1376850600 0 0 0 0
1376848800 0 0 0 0
1376847000 0 0 0 0
1376845200 0 0 0 0
1376843400 0 0 0 0
1376841600 0 0 0 0
1376839800 0 0 0 0
1376838000 0 0 0 0
1376836200 0 0 0 0
1376834400 0 0 0 0
1376832600 0 0 0 0
1376830800 0 0 0 0
1376829000 0 0 0 0
1376827200 0 0 0 0
1376825400 0 0 0 0
1376823600 0 0 0 0
1376821800 0 0 0 0
1376820000 0 0 0 0
1376818200 0 0 0 0
1376816400 0 0 0 0
1376814600 0 0 0 0
1376812800 0 0 0 0
1376811000 0 0 0 0
1376809200 0 0 0 0
1376807400 0 0 0 0
1376805600 0 0 0 0
1376803800 0 0 0 0
1376802000 0 0 0 0
1376800200 0 0 0 0
1376798400 0 0 0 0
1376796600 0 0 0 0
1376794800 0 0 0 0
1376793000 0 0 0 0
1376791200 0 0 0 0
1376789400 0 0 0 0
1376787600 0 0 0 0
1376785800 0 0 0 0
1376784000 0 0 0 0
1376782200 0 0 0 0
1376780400 0 0 0 0
1376778600 0 0 0 0
1376776800 0 0 0 0
1376775000 0 0 0 0
1376773200 0 0 0 0
1376771400 0 0 0 0
1376769600 0 0 0 0
1376767800 0 0 0 0
1376766000 0 0 0 0
1376764200 0 0 0 0
1376762400 0 0 0 0
1376760600 0 0 0 0
1376758800 0 0 0 0
1376757000 0 0 0 0
1376755200 0 0 0 0
1376753400 0 0 0 0
1376751600 0 0 0 0
1376749800 0 0 0 0
1376748000 0 0 0 0
1376746200 0 0 0 0
1376744400 0 0 0 0
1376742600 0 0 0 0
1376740800 0 0 0 0
1376739000 0 0 0 0
1376737200 0 0 0 0
1376735400 0 0 0 0
1376733600 0 0 0 0
1376731800 0 0 0 0
1376730000 0 0 0 0
1376728200 0 0 0 0
1376726400 0 0 0 0
1376724600 0 0 0 0
1376722800 0 0 0 0
1376721000 0 0 0 0
1376719200 0 0 0 0
1376717400 0 0 0 0
1376715600 0 0 0 0
1376713800 0 0 0 0
1376712000 0 0 0 0
1376710200 0 0 0 0
1376708400 0 0 0 0
1376706600 0 0 0 0
1376704800 0 0 0 0
1376703000 0 0 0 0
1376701200 0 0 0 0
1376699400 0 0 0 0
1376697600 0 0 0 0
1376695800 0 0 0 0
1376694000 0 0 0 0
1376692200 0 0 0 0
1376690400 1210 1710 2963 3747
1376688600 924 2217 2788 6551
1376686800 2003 5075 3767 15238
1376685000 2030 6607 4307 28326
1376683200 550 979 2244 3652
1376681400 144 405 243 563
1376679600 909 3371 3752 17108
1376677800 2233 3152 3665 5745
1376676000 1901 3385 5717 7309
1376674200 90 245 204 402
1376672400 184 485 456 1864
1376670600 448 1919 3393 5564
1376668800 1933 4701 3393 12688
1376667000 704 1045 2394 2535
1376665200 542 674 1101 1153
1376663400 261 821 421 1411
1376661600 2315 4658 6326 11590
1376659800 1102 2438 4112 9810
1376658000 0 0 0 0
1376656200 0 0 0 0
1376654400 0 0 0 0
1376652600 0 0 0 0
1376650800 0 0 0 0
1376649000 0 0 0 0
1376647200 0 0 0 0
1376645400 0 0 0 0
1376643600 0 0 0 0
1376641800 0 0 0 0
1376640000 0 0 0 0
1376638200 0 0 0 0
1376636400 0 0 0 0
1376634600 0 0 0 0
1376632800 0 0 0 0
1376631000 0 0 0 0
1376629200 0 0 0 0
1376627400 0 0 0 0
1376625600 0 0 0 0
1376623800 0 0 0 0
1376622000 0 0 0 0
1376620200 0 0 0 0
1376618400 0 0 0 0
1376616600 0 0 0 0
1376614800 0 0 0 0
1376613000 0 0 0 0
1376611200 0 0 0 0
1376609400 0 0 0 0
1376607600 0 0 0 0
1376605800 120 319 1146 1768
1376604000 4330 1838 19283 4226
1376602200 1028 3010 2286 5084
1376600400 548 1000 1103 3345
1376598600 741 979 1959 2104
1376596800 935 2435 3875 4419
1376595000 2162 40427 5010 185495
1376593200 304 3442 840 18395
1376591400 1938 1949 9131 5601
1376589600 1017 1722 3244 4938
1376587800 394 499 2380 3019
1376586000 0 0 0 0
1376584200 455 697 1292 2514
1376582400 1311 3966 2688 10305
1376580600 1376 4703 2688 13172
1376578800 1646 4442 5840 20018
1376577000 1302 3808 2833 7758
1376575200 312 1169 619 3559
1376573400 2458 58249 8921 330969
1376571600 0 0 0 0
1376569800 0 0 0 0
1376568000 0 0 0 0
1376566200 0 0 0 0
1376564400 0 0 0 0
1376562600 0 0 0 0
1376560800 0 0 0 0
1376559000 0 0 0 0
1376557200 0 0 0 0
1376555400 0 0 0 0
1376553600 0 0 0 0
1376551800 0 0 0 0
1376550000 0 0 0 0
1376548200 0 0 0 0
1376546400 0 0 0 0
1376544600 0 0 0 0
1376539200 0 0 0 0
1376532000 0 0 0 0
1376524800 0 0 0 0
1376517600 0 0 0 0
1376510400 0 0 0 0
1376503200 0 0 0 0
1376496000 0 0 0 0
1376488800 0 0 0 0
1376481600 0 0 0 0
1376474400 0 0 0 0
1376467200 0 0 0 0
1376460000 0 0 0 0
1376452800 0 0 0 0
1376445600 0 0 0 0
1376438400 0 0 0 0
1376431200 0 0 0 0
1376424000 576 861 3362 4787
1376416800 866 1335 3362 3617
1376409600 794 1490 2467 11952
1376402400 618 1230 3503 7379
1376395200 0 0 0 0
1376388000 0 0 0 0
1376380800 0 0 0 0
1376373600 0 0 0 0
1376366400 0 0 0 0
1376359200 0 0 0 0
1376352000 234 421 2877 6258
1376344800 708 4926 3115 83887
1376337600 1485 3534 4538 17497
1376330400 898 3242 3623 14152
1376323200 1073 2823 4664 9783
1376316000 252 477 2450 4184
1376308800 0 0 0 0
1376301600 0 0 0 0
1376294400 0 0 0 0
1376287200 0 0 0 0
1376280000 0 0 0 0
1376272800 0 0 0 0
1376265600 0 0 0 0
1376258400 0 0 0 0
1376251200 0 0 0 0
1376244000 0 0 0 0
1376236800 0 0 0 0
1376229600 0 0 0 0
1376222400 0 0 0 0
1376215200 0 0 0 0
1376208000 0 0 0 0
1376200800 0 0 0 0
1376193600 0 0 0 0
1376186400 0 0 0 0
1376179200 0 0 0 0
1376172000 0 0 0 0
1376164800 0 0 0 0
1376157600 0 0 0 0
1376150400 0 0 0 0
1376143200 0 0 0 0
1376136000 0 0 0 0
1376128800 0 0 0 0
1376121600 0 0 0 0
1376114400 0 0 0 0
1376107200 0 0 0 0
1376100000 0 0 0 0
1376092800 0 0 185 131
1376085600 1178 3997 8556 20299
1376078400 14276 2319 325263 16768
1376071200 1094 1510 6112 4906
1376064000 555 1106 2942 6455
1376056800 1099 1055 18230 9163
1376049600 0 0 0 0
1376042400 0 0 0 0
1376035200 0 0 0 0
1376028000 0 0 0 0
1376020800 0 0 0 0
1376013600 0 0 0 0
1376006400 0 0 297 438
1375999200 1454 1304 3212 4159
1375992000 716 2801 3694 14320
1375984800 1092 1116 3119 4348
1375977600 944 2307 7812 19883
1375970400 3445 1851 71125 14527
1375963200 0 0 0 0
1375956000 0 0 0 0
1375948800 0 0 0 0
1375941600 0 0 0 0
1375934400 0 0 0 0
1375927200 0 0 0 0
1375920000 0 0 0 0
1375912800 1158 1320 10002 6567
1375905600 1019 3141 2903 9996
1375898400 1419 2341 8190 20093
1375891200 1805 3545 8539 29648
1375884000 900 1227 8239 8934
1375876800 0 0 0 0
1375869600 0 0 0 0
1375862400 0 0 0 0
1375855200 0 0 0 0
1375848000 0 0 0 0
1375840800 0 0 0 0
1375833600 108 127 1512 1937
1375826400 2050 3265 8606 13083
1375819200 518 999 1473 2578
1375812000 686 1014 6709 3925
1375804800 582 1533 2415 15481
1375797600 640 1044 4032 6641
1375790400 0 0 0 0
1375783200 0 0 0 0
1375776000 0 0 0 0
1375768800 0 0 0 0
1375761600 0 0 0 0
1375754400 0 0 0 0
1375747200 305 1524 2716 25892
1375740000 1228 6568 4212 29731
1375732800 991 2914 3764 25020
1375725600 559 1184 4153 4766
1375718400 481 1034 4153 4766
1375711200 356 1621 4676 24407
1375704000 0 0 0 0
1375696800 0 0 0 0
1375689600 0 0 0 0
1375682400 0 0 0 0
1375675200 0 0 0 0
1375668000 0 0 0 0
1375660800 0 0 0 0
1375653600 0 0 0 0
1375646400 0 0 0 0
1375639200 0 0 0 0
1375632000 0 0 0 0
1375624800 0 0 0 0
1375617600 0 0 0 0
1375610400 0 0 0 0
1375603200 0 0 0 0
1375596000 0 0 0 0
1375588800 0 0 0 0
1375581600 0 0 0 0
1375574400 0 0 0 0
1375567200 0 0 0 0
1375560000 0 0 0 0
1375552800 0 0 0 0
1375545600 0 0 0 0
1375538400 0 0 0 0
1375531200 0 0 0 0
1375524000 0 0 0 0
1375516800 0 0 0 0
1375509600 0 0 0 0
1375502400 0 0 0 0
1375495200 0 0 0 0
1375488000 19 15 668 2395
1375480800 1017 2205 2043 7836
1375473600 1220 3485 4088 38034
1375466400 517 835 4054 5481
1375459200 674 978 3775 4022
1375452000 1055 1564 8084 10034
1375444800 0 0 0 0
1375437600 0 0 0 0
1375430400 0 0 0 0
1375423200 0 0 0 0
1375416000 0 0 0 0
1375408800 0 0 0 0
1375401600 235 501 1883 7566
1375394400 1067 1916 3757 6939
1375387200 848 3378 4504 20758
1375380000 669 2931 4321 16847
1375372800 497 857 25196 3708
1375365600 2360 7327 25196 128795
1375358400 0 0 0 0
1375351200 0 0 0 0
1375344000 0 0 0 0
1375336800 0 0 0 0
1375329600 0 0 0 0
1375322400 0 0 0 0
1375315200 0 0 0 0
1375308000 1245 2705 8333 14531
1375300800 963 1929 4010 15420
1375293600 813 2148 2521 13394
1375286400 1184 1258 15051 6298
1375279200 421 1624 3563 19972
1375272000 0 0 0 0
1375264800 0 0 0 0
1375257600 0 0 0 0
1375250400 0 0 0 0
1375243200 0 0 0 0
1375236000 0 0 0 0
1375228800 0 0 0 0
1375221600 0 0 0 0
1375214400 363 519 2094 3458
1375207200 873 3992 3007 31147
1375200000 1309 2258 14640 32886
1375192800 943 2665 4629 22253
1375185600 0 0 0 0
1375178400 0 0 0 0
1375171200 0 0 0 0
1375164000 0 0 0 0
1375156800 0 0 0 0
1375149600 0 0 0 0
1375142400 102 102 2541 1434
1375135200 766 1862 2961 7940
1375128000 210 365 2732 3389
1375120800 379 867 1279 3007
1375113600 863 1282 7415 5305
1375106400 386 727 4114 7252
1375099200 0 0 0 0
1375092000 0 0 0 0
1375084800 0 0 0 0
1375077600 0 0 0 0
1375070400 0 0 0 0
1375063200 0 0 0 0
1375056000 0 0 0 0
1375048800 0 0 0 0
1375041600 0 0 0 0
1375034400 0 0 0 0
1375027200 0 0 0 0
1375020000 0 0 0 0
1375012800 0 0 0 0
1375005600 0 0 0 0
1374998400 0 0 0 0
1374991200 0 0 0 0
1374984000 0 0 0 0
1374976800 0 0 0 0
1374969600 0 0 0 0
1374962400 0 0 0 0
1374955200 0 0 0 0
1374948000 0 0 0 0
1374940800 0 0 0 0
1374933600 0 0 0 0
1374926400 0 0 0 0
1374919200 0 0 0 0
1374912000 0 0 0 0
1374904800 0 0 0 0
1374897600 0 0 0 0
1374890400 0 0 0 0
1374883200 0 0 0 0
1374876000 804 7213 4572 68755
1374868800 504 2474 3109 22451
1374861600 940 2255 3413 8714
1374854400 1000 4547 6446 22049
1374847200 877 2232 3806 22619
1374840000 0 0 0 0
1374832800 0 0 0 0
1374825600 0 0 0 0
1374818400 0 0 0 0
1374811200 0 0 0 0
1374804000 0 0 0 0
1374796800 0 0 0 0
1374789600 691 1412 3651 6490
1374782400 670 2616 2181 8021
1374775200 594 1639 2202 9728
1374768000 1557 3975 8905 20267
1374760800 1152 6813 5507 80777
1374753600 0 0 0 0
1374746400 0 0 0 0
1374739200 0 0 0 0
1374732000 0 0 0 0
1374724800 0 0 0 0
1374717600 0 0 0 0
1374710400 302 750 2038 6078
1374703200 1059 1606 6075 5239
1374696000 1323 4226 11643 12864
1374688800 1281 4377 11016 19816
1374681600 731 1527 2250 4546
1374674400 1359 1830 10085 15601
1374667200 0 0 0 0
1374660000 0 0 0 0
1374652800 0 0 0 0
1374645600 0 0 0 0
1374638400 0 0 0 0
1374631200 0 0 0 0
1374624000 543 2673 3227 23847
1374616800 1218 1810 8527 16734
1374609600 1277 2495 6227 9213
1374602400 558 1747 1893 19169
1374595200 985 2224 5912 13112
1374588000 1013 3704 10508 44675
1374580800 0 0 0 0
1374573600 0 0 0 0
1374566400 0 0 0 0
1374559200 0 0 0 0
1374552000 0 0 0 0
1374544800 0 0 0 0
1374537600 1353 3490 11331 23262
1374530400 1473 3823 7079 24733
1374523200 1566 1548 14722 3806
1374516000 959 1255 11129 6733
1374508800 722 1132 3733 4562
1374501600 487 2705 2659 23549
1374494400 0 0 0 0
1374487200 0 0 0 0
1374480000 0 0 0 0
1374472800 0 0 0 0
1374465600 0 0 0 0
1374458400 0 0 0 0
1374451200 0 0 0 0
1374444000 0 0 0 0
1374436800 0 0 0 0
1374429600 0 0 0 0
1374422400 0 0 0 0
1374415200 0 0 0 0
1374408000 0 0 0 0
1374400800 0 0 0 0
1374393600 0 0 0 0
1374386400 0 0 0 0
1374379200 0 0 0 0
1374372000 0 0 0 0
1374364800 0 0 0 0
1374357600 0 0 0 0
1374350400 0 0 0 0
1374343200 0 0 0 0
1374336000 0 0 0 0
1374328800 0 0 0 0
1374321600 0 0 0 0
1374314400 0 0 0 0
1374307200 0 0 0 0
1374300000 0 0 0 0
1374292800 0 0 0 0
1374285600 0 0 0 0
1374278400 0 0 0 0
1374271200 0 0 0 0
1374264000 0 0 0 0
1374256800 0 0 0 0
1374249600 0 0 0 0
1374242400 0 0 0 0
1374235200 0 0 0 0
1374228000 0 0 0 0
1374220800 0 0 0 0
1374213600 0 0 0 0
1374206400 0 0 0 0
1374199200 0 0 0 0
1374192000 0 0 0 0
1374184800 0 0 0 0
1374177600 0 0 0 0
1374170400 0 0 0 0
1374163200 0 0 0 0
1374156000 0 0 15 18
1374148800 0 0 0 0
1374141600 0 0 0 0
1374134400 0 0 0 0
1374127200 0 0 0 0
1374120000 0 0 0 0
1374112800 0 0 0 0
1374105600 0 0 0 0
1374098400 1582 1684 9486 6212
1374091200 400 1094 2489 5069
1374084000 1040 1959 4076 5737
1374076800 348 1379 1964 20921
1374069600 437 1075 2594 8070
1374062400 0 0 0 0
1374055200 0 0 0 0
1374048000 0 0 0 0
1374040800 0 0 0 0
1374033600 0 0 0 0
1374026400 0 0 0 0
1374019200 54 39 1312 3492
1374012000 718 2522 3529 15252
1374004800 1689 3948 9315 42043
1373997600 1204 2139 6334 10791
1373990400 1245 4673 5422 28570
1373983200 727 3044 3970 18666
1373976000 0 0 0 0
1373968800 0 0 0 0
1373961600 0 0 0 0
1373954400 0 0 0 0
1373947200 0 0 0 0
1373940000 0 0 0 0
1373932800 0 0 0 0
1373925600 321 1439 1202 9546
1373918400 216 471 1151 2713
1373911200 805 1479 3402 8388
1373904000 1622 2629 20276 15575
1373896800 1060 2540 10931 13903
1373889600 0 0 0 0
1373882400 0 0 0 0
1373875200 0 0 0 0
1373868000 0 0 0 0
1373860800 0 0 0 0
1373853600 0 0 0 0
1373846400 0 0 0 0
1373839200 0 0 0 0
1373832000 0 0 0 0
1373824800 0 0 0 0
1373817600 0 0 0 0
1373810400 0 0 0 0
1373803200 0 0 0 0
1373796000 0 0 0 0
1373788800 0 0 0 0
1373781600 0 0 0 0
1373774400 0 0 0 0
1373767200 0 0 0 0
1373760000 0 0 0 0
1373752800 0 0 0 0
1373745600 0 0 0 0
1373738400 0 0 0 0
1373731200 0 0 0 0
1373724000 0 0 0 0
1373716800 0 0 0 0
1373709600 0 0 0 0
1373702400 0 0 0 0
1373695200 0 0 0 0
1373688000 0 0 0 0
1373680800 0 0 0 0
1373673600 0 0 0 0
1373666400 627 1381 1818 3531
1373659200 871 1859 5149 8153
1373652000 1311 2826 4203 10962
1373644800 549 1225 2075 7688
1373637600 625 1408 4411 6016
1373630400 0 119 0 133
1373623200 0 117 0 124
1373616000 0 117 0 125
1373608800 0 117 0 125
1373601600 0 117 0 128
1373594400 0 118 0 129
1373587200 228 730 1461 7759
1373580000 1099 1558 2623 6654
1373572800 854 1456 5162 5137
1373565600 1432 15547 10991 345392
1373558400 1042 8430 4967 161827
1373551200 699 3044 5199 25857
1373544000 0 0 0 0
1373536800 0 0 0 0
1373529600 0 0 0 0
1373522400 0 0 0 0
1373515200 0 0 0 0
1373508000 0 0 0 0
1373500800 74 94 1071 1114
1373493600 997 1556 5032 5543
1373486400 1406 4740 3886 22781
1373479200 584 1054 2659 3859
1373472000 1516 1601 13596 4643
1373464800 673 1547 4806 13422
1373457600 0 0 0 0
1373450400 0 0 0 0
1373443200 0 0 0 0
1373436000 0 0 0 0
1373428800 0 0 0 0
1373421600 0 0 0 0
1373414400 222 162 1986 1672
1373407200 1609 1152 23991 3654
1373400000 869 1549 4537 8549
1373392800 643 4129 2299 55049
1373385600 1645 2338 6642 11880
1373378400 1620 3277 5894 13660
1373371200 0 0 0 0
1373364000 0 0 0 0
1373356800 0 0 0 0
1373349600 0 0 0 0
1373342400 0 0 0 0
1373335200 0 0 0 0
1373328000 0 0 0 0
1373320800 0 0 0 0
1373313600 0 0 0 0
1373306400 0 0 0 0
1373299200 0 0 0 0
1373292000 0 0 0 0
1373284800 0 0 0 0
1373277600 0 0 0 0
1373270400 0 0 0 0
1373263200 0 0 0 0
1373256000 0 0 0 0
1373248800 0 0 0 0
1373241600 0 0 0 0
1373234400 0 0 0 0
1373227200 0 0 0 0
1373220000 0 0 0 0
1373212800 0 0 0 0
1373205600 0 0 0 0
1373198400 0 0 0 0
1373191200 0 0 0 0
1373184000 0 0 0 0
1373176800 0 0 0 0
1373169600 0 0 0 0
1373162400 0 0 0 0
1373155200 0 0 0 0
1373148000 0 0 0 0
1373140800 0 0 0 0
1373133600 0 0 0 0
1373126400 0 0 0 0
1373119200 0 0 0 0
1373112000 0 0 0 0
1373104800 0 0 0 0
1373097600 0 0 0 0
1373090400 0 0 0 0
1373083200 0 0 0 0
1373076000 0 0 0 0
1373068800 0 0 0 0
1373061600 0 0 0 0
1373054400 0 0 0 0
1373047200 0 0 0 0
1373040000 0 0 0 0
1373032800 0 0 0 0
1373025600 0 0 0 0
1373018400 0 0 0 0
1373011200 0 0 0 0
1373004000 0 0 0 0
1372996800 0 0 0 0
1372989600 0 0 0 0
1372982400 0 0 0 0
1372975200 0 0 0 0
1372968000 0 0 0 0
1372960800 0 0 0 0
1372953600 0 0 0 0
1372946400 0 0 0 0
1372939200 0 0 0 0
1372932000 0 0 0 0
1372924800 0 0 0 0
1372917600 0 0 0 0
1372910400 0 0 0 0
1372903200 0 0 0 0
1372896000 0 0 0 0
1372888800 0 0 0 0
1372881600 0 0 0 0
1372874400 0 0 0 0
1372867200 0 0 0 0
1372860000 0 0 0 0
1372852800 0 0 0 0
1372845600 0 0 0 0
1372838400 0 0 0 0
1372831200 0 0 0 0
1372824000 0 0 0 0
1372816800 0 0 0 0
1372809600 111 72 3797 3646
1372802400 1036 1793 3797 6587
1372795200 1198 2798 8186 14990
1372788000 1620 3663 8186 15680
1372780800 869 2394 6205 9927
1372773600 3126 1421 56247 7532
1372766400 0 0 0 0
1372759200 0 0 0 0
1372752000 0 0 0 0
1372744800 0 0 0 0
1372737600 0 0 0 0
1372730400 0 0 0 0
1372723200 378 604 5827 9128
1372716000 790 1102 2109 3519
1372708800 505 1065 2314 6903
1372701600 233 538 2314 2995
1372694400 1714 2655 15292 32054
1372687200 1017 1645 8378 9067
1372680000 0 0 0 0
1372672800 0 0 0 0
1372665600 0 0 0 0
1372658400 0 0 0 0
1372651200 0 0 0 0
1372644000 0 0 0 0
1372636800 0 0 0 0
1372629600 0 0 0 0
1372622400 0 0 0 0
1372615200 0 0 0 0
1372608000 0 0 0 0
1372600800 0 0 0 0
1372593600 0 0 0 0
1372586400 0 0 0 0
1372579200 0 0 0 0
1372572000 0 0 0 0
1372564800 0 0 0 0
1372557600 0 0 0 0
1372550400 0 0 0 0
1372543200 0 0 0 0
1372536000 0 0 0 0
1372528800 0 0 0 0
1372521600 0 0 0 0
1372514400 0 0 0 0
1372507200 0 0 0 0
1372500000 0 0 0 0
1372492800 0 0 0 0
1372485600 0 0 0 0
1372478400 0 0 0 0
1372471200 0 0 0 0
1372464000 0 0 0 0
1372456800 5 10 272 639
1372449600 953 6798 4181 41564
1372442400 485 1383 1891 10168
1372435200 859 2181 3072 10516
1372428000 525 1101 2937 6572
1372420800 0 0 0 0
1372413600 0 0 0 0
1372406400 0 0 0 0
1372399200 0 0 0 0
1372392000 0 0 0 0
1372384800 0 0 0 0
1372377600 0 0 401 1365
1372370400 953 2028 8566 9261
1372363200 907 2329 2457 16174
1372356000 1055 4342 3415 17484
1372348800 1324 5803 5111 23759
1372341600 1033 8600 6944 106354
1372334400 0 0 0 0
1372327200 0 0 0 0
1372320000 0 0 0 0
1372312800 0 0 0 0
1372305600 0 0 0 0
1372298400 0 0 0 0
1372291200 9 13 304 574
1372284000 967 1962 6234 11797
1372276800 1381 9118 4925 54263
1372269600 1028 2454 4680 9154
1372262400 810 1941 2659 7622
1372255200 605 4253 2783 24450
1372248000 0 0 0 0
1372240800 0 0 0 0
1372233600 0 0 0 0
1372226400 0 0 0 0
1372219200 0 0 0 0
1372204800 378 1687 4424 108674
1372118400 363 1264 8451 41656
1372032000 0 0 0 0
1371945600 0 0 0 0
1371859200 372 1434 21008 122673
1371772800 676 732 47811 26564
1371686400 363 999 14471 31934
1371600000 285 1015 3999 28217
1371513600 442 1614 20334 124709
1371427200 0 0 0 0
1371340800 0 0 0 0
1371254400 420 1000 15165 27113
1371168000 1308 1779 120563 86868
1371081600 301 1383 7833 137373
1370995200 0 0 0 19
1370908800 440 1206 6895 28478
1370822400 0 0 0 0
1370736000 0 0 0 0
1370649600 589 1260 10478 16480
1370563200 332 924 6115 24167
1370476800 497 1388 20484 82307
1370390400 445 2207 9878 107099
1370304000 0 0 0 0
1370217600 0 0 0 0
1370131200 0 0 0 0
1370044800 387 909 8644 23558
1369958400 0 0 0 0
1369872000 396 1108 15422 116935
1369785600 600 1913 50684 112716
1369699200 0 0 0 0
1369612800 0 0 0 0
1369526400 0 0 0 0
1369440000 201 658 5813 53976
1369353600 178 601 10070 26953
1369267200 238 2046 9954 369204
1369180800 275 651 3695 17718
1369094400 345 631 11150 13106
1369008000 0 0 0 0
1368921600 0 0 0 0
1368835200 325 1626 8610 222023
1368748800 429 1235 10384 19647
1368662400 259 1825 8295 211440
1368576000 355 934 3463 21328
1368489600 415 1016 27785 49995
1368403200 0 0 0 0
1368316800 0 0 0 0
1368230400 0 0 0 0
1368144000 495 616 60981 11331
1368057600 167 1090 6954 226143
1367971200 498 1171 29838 30578
1367884800 122 484 3185 16564
1367798400 0 0 0 0
1367712000 0 0 0 0
1367625600 302 788 7075 16778
1367539200 902 1177 87313 18538
1367452800 332 1147 5314 34916
1367366400 338 800 4645 24000
1367280000 460 1110 13475 123622
1367193600 0 0 0 0
1367107200 0 0 0 0
1367020800 255 602 7024 16340
1366934400 5064 658 1346795 48688
1366848000 437 1179 7928 78920
1366761600 311 755 9272 24730
1366675200 174 344 5012 9646
1366588800 0 0 0 0
1366502400 0 0 0 0
1366416000 423 1113 6240 24903
1366329600 407 1163 5956 25240
1366243200 362 815 7828 27365
1366156800 420 987 19770 36287
1366070400 275 627 6558 18022
1365984000 0 0 0 0
1365897600 0 0 0 0
1365811200 680 1150 99763 34151
1365724800 385 1143 22127 74044
1365638400 511 2235 13908 200434
1365552000 449 1025 17908 28309
1365465600 493 1091 7999 16474
1365379200 0 0 0 0
1365292800 0 0 0 0
1365206400 510 1515 10563 34219
1365120000 622 1199 17632 18844
1365033600 40 194 4270 37682
1364947200 288 924 3421 43356
1364860800 640 676 93955 27075
1364774400 0 0 0 0
1364688000 0 0 0 0
1364601600 421 1230 8200 32282
1364515200 708 1150 17020 12857
1364428800 16 22 4766 6148
1364342400 528 742 35856 24358
1364256000 460 1063 10835 35462
1364169600 0 0 0 0
1364083200 0 0 0 0
1363996800 430 748 29264 40604
1363910400 217 484 4456 9554
1363824000 272 624 11420 37820
1363737600 561 1605 7998 128965
1363651200 735 1936 9268 41000
1363564800 0 0 0 0
1363478400 0 0 0 0
1363392000 395 1052 6765 33435
1363305600 526 2086 8120 264727
1363219200 311 1625 13927 137097
1363132800 324 635 8753 14059
1363046400 0 0 0 0
1362960000 0 0 0 0
1362873600 0 0 0 0
1362787200 14 28 3846 4800
1362700800 399 805 13204 19046
1362614400 386 710 10071 19195
1362528000 429 505 22349 21182
1362441600 229 606 8346 7020
1362355200 0 0 0 0
1362268800 0 0 0 0
1362182400 68 95 3969 5447
1362096000 95 229 2450 6185
1362009600 95 670 2881 46542
1361923200 0 0 0 0
1361836800 417 370 73028 28780
1361750400 0 0 0 0
1361664000 0 0 0 0
1361577600 0 0 0 0
1361491200 0 0 0 0
1361404800 0 0 0 0
1361318400 0 0 0 0
1361232000 0 0 0 0
1361145600 0 0 0 0
1361059200 0 0 0 0
1360972800 391 547 14797 18118
1360886400 301 703 4871 46190
1360800000 275 1290 6706 179091
1360713600 223 537 4506 7845
1360627200 579 6945 33578 1384024
1360540800 0 0 0 0
1360454400 0 0 0 0
1360368000 156 445 5697 14729
1360281600 519 1255 29261 87867
1360195200 321 915 4526 27215
1360108800 488 762 67594 35938
1360022400 681 1407 19528 125734
1359936000 0 0 0 0
1359849600 0 0 0 0
1359763200 338 623 7582 13679
1359676800 455 626 13526 13662
1359590400 382 735 9101 31429
1359504000 962 791 157877 84200
1359417600 449 852 11688 87100
1359331200 0 0 0 0
1359244800 0 0 0 0
1359158400 357 935 5923 20219
1359072000 469 760 8735 12451
1358985600 558 814 33883 8924
1358899200 576 2272 8670 20946
1358812800 0 0 0 0
1358726400 0 0 0 0
1358640000 0 0 0 0
1358553600 296 601 5698 23351
1358467200 307 1122 4041 91443
1358380800 687 923 23455 37798
1358294400 339 818 5711 22054
1358208000 704 1241 98812 43608
1358121600 0 0 0 0
1358035200 0 0 0 0
1357948800 0 0 0 0
1357862400 0 0 0 0
1357776000 1069 1284 150107 103308
1357689600 552 952 7920 19071
1357603200 331 471 19720 11903
1357516800 0 0 0 0
1357430400 0 0 0 0
1357344000 0 0 0 0
1357257600 0 0 0 0
1357171200 0 0 0 0
1357084800 0 0 0 0
1356998400 0 0 0 0
1356912000 0 0 0 0
1356825600 0 0 0 0
1356739200 0 0 0 0
1356652800 0 0 0 0
1356566400 0 0 0 0
1356480000 0 0 0 0
1356393600 0 0 0 0
1356307200 0 0 0 0
1356220800 0 0 0 0
1356134400 0 0 0 0
1356048000 0 0 0 0
1355961600 0 0 0 0
1355875200 0 0 0 0
1355788800 0 0 0 0
1355702400 0 0 0 0
1355616000 0 0 0 0
1355529600 0 0 0 0
1355443200 0 0 0 0
1355356800 0 0 0 0
1355270400 0 0 0 0
1355184000 0 0 0 0
1355097600 0 0 0 0
1355011200 0 0 0 0
1354924800 0 0 0 0
1354838400 0 0 0 0
1354752000 0 0 0 0
1354665600 0 0 0 0
1354579200 0 0 0 0
1354492800 0 0 0 0
1354406400 0 0 0 0
1354320000 0 0 0 0
1354233600 0 0 0 0
1354147200 0 0 0 0
1354060800 0 0 0 0
1353974400 0 0 0 0
1353888000 0 0 0 0
1353801600 0 0 0 0
1353715200 0 0 0 0
1353628800 0 0 0 0
1353542400 0 0 0 0
1353456000 0 0 0 0
1353369600 0 0 0 0
1353283200 0 0 0 0
1353196800 0 0 0 0
1353110400 0 0 0 0
1353024000 0 0 0 0
1352937600 0 0 0 0
1352851200 0 0 0 0
1352764800 0 0 0 0
1352678400 0 0 0 0
1352592000 0 0 0 0
1352505600 0 0 0 0
1352419200 0 0 0 0
1352332800 0 0 0 0
1352246400 0 0 0 0
1352160000 0 0 0 0
1352073600 0 0 0 0
1351987200 0 0 0 0
1351900800 0 0 0 0
1351814400 0 0 0 0
1351728000 0 0 0 0
1351641600 0 0 0 0
1351555200 0 0 0 0
1351468800 0 0 0 0
1351382400 0 0 0 0
1351296000 0 0 0 0
1351209600 0 0 0 0
1351123200 0 0 0 0
1351036800 0 0 0 0
1350950400 0 0 0 0
1350864000 0 0 0 0
1350777600 0 0 0 0
1350691200 0 0 0 0
1350604800 76 1961 11249 400369
1350518400 0 0 0 0
1350432000 0 0 0 0
1350345600 0 0 0 0
1350259200 0 0 0 0
1350172800 0 0 0 0
1350086400 0 0 0 0
1350000000 0 0 0 0
1349913600 0 0 0 0
1349827200 3 8 711 1301
1349740800 0 0 0 0
1349654400 0 0 0 0
1349568000 0 0 0 0
1349481600 0 0 0 0
1349395200 0 0 0 0
1349308800 0 0 0 0
1349222400 0 0 0 0
1349136000 0 0 0 0
1349049600 0 0 0 0
1348963200 0 0 0 0
1348876800 0 0 0 0
1348790400 0 0 0 0
1348704000 0 0 0 0
1348617600 0 0 0 0
1348531200 0 0 0 0
1348444800 0 0 0 0
1348358400 0 0 0 0
1348272000 0 0 0 0
1348185600 0 0 0 0
1348099200 0 0 0 0
1348012800 0 0 0 0
1347926400 0 0 0 0
1347840000 0 0 0 0
1347753600 0 0 0 0
1347667200 0 0 0 0
1347580800 0 0 0 0
1347494400 0 0 0 0
1347408000 0 0 0 0
1347321600 0 0 0 0
1347235200 0 0 0 0
1347148800 0 0 0 0
1347062400 0 0 0 0
1346976000 0 0 0 0
1346889600 0 0 0 0
1346803200 0 0 0 0
1346716800 0 0 0 0
1346630400 0 0 0 0
1346544000 0 0 0 0
1346457600 0 0 0 0
1346371200 0 0 0 0
1346284800 0 0 0 0
1346198400 0 0 0 0
1346112000 0 0 0 0
1346025600 0 0 0 0
1345939200 0 0 0 0
1345852800 0 0 0 0
1345766400 0 0 0 0
1345680000 0 0 0 0
1345593600 0 0 0 0
1345507200 0 0 0 0
1345420800 0 0 0 0
1345334400 0 0 0 0
1345248000 0 0 0 0
1345161600 0 0 0 0
1345075200 0 0 0 0
1344988800 0 0 0 0
1344902400 0 0 0 0
1344816000 0 0 0 0
1344729600 0 0 0 0
1344643200 0 0 0 0
1344556800 0 0 0 0
1344470400 0 0 0 0
1344384000 0 0 0 0
1344297600 0 0 0 0
1344211200 0 0 0 0
1344124800 0 0 0 0
1344038400 0 0 0 0
1343952000 0 0 0 0
1343865600 0 0 0 0
1343779200 0 0 0 0
1343692800 0 0 0 0
1343606400 0 0 0 0
1343520000 0 0 0 0
1343433600 0 0 0 0
1343347200 0 0 0 0
1343260800 0 0 0 0
1343174400 0 0 0 0
1343088000 0 0 0 0
1343001600 0 0 0 0
1342915200 0 0 0 0
1342828800 0 0 0 0
1342742400 0 0 0 0
1342656000 0 0 0 0
1342569600 0 0 0 0
1342483200 0 0 0 0
1342396800 0 0 0 0
1342310400 0 0 0 0
1342224000 0 0 0 0
1342137600 0 0 0 0
1342051200 0 0 0 0
1341964800 0 0 0 0
1341878400 0 0 0 0
1341792000 0 0 0 0
1341705600 0 0 0 0
1341619200 0 0 0 0
1341532800 0 0 0 0
1341446400 0 0 0 0
1341360000 0 0 0 0
1341273600 0 0 0 0
1341187200 0 0 0 0
1341100800 0 0 0 0
1341014400 0 0 0 0
1340928000 0 0 0 0
1340841600 0 0 0 0
1340755200 0 0 0 0
1340668800 0 0 0 0
1340582400 0 0 0 0
1340496000 0 0 0 0
1340409600 0 0 0 0
1340323200 0 0 0 0
1340236800 0 0 0 0
1340150400 0 0 0 0
1340064000 0 0 0 0
1339977600 0 0 0 0
1339891200 0 0 0 0
1339804800 0 0 0 0
1339718400 0 0 0 0
1339632000 0 0 0 0
1339545600 0 0 0 0
1339459200 0 0 0 0
1339372800 0 0 0 0
1339286400 0 0 0 0
1339200000 0 0 0 0
1339113600 0 0 0 0
1339027200 0 0 0 0
1338940800 0 0 0 0
1338854400 0 0 0 0
1338768000 0 0 0 0
1338681600 0 0 0 0
1338595200 0 0 0 0
1338508800 0 0 0 0
1338422400 0 0 0 0
1338336000 0 0 0 0
1338249600 0 0 0 0
1338163200 0 0 0 0
1338076800 0 0 0 0
1337990400 0 0 0 0
1337904000 0 0 0 0
1337817600 0 0 0 0
1337731200 0 0 0 0
1337644800 0 0 0 0
1337558400 0 0 0 0
1337472000 0 0 0 0
1337385600 0 0 0 0
1337299200 0 0 0 0
1337212800 0 0 0 0
1337126400 0 0 0 0
1337040000 97 891 3556 61946
1336953600 0 0 0 0
1336867200 0 0 0 0
1336780800 0 0 0 0
1336694400 0 0 0 0
1336608000 0 0 0 0
1336521600 0 0 316 207
1336435200 0 0 0 0
1336348800 0 0 0 0
1336262400 0 0 0 0
1336176000 0 0 0 0
1336089600 0 0 0 0
1336003200 0 0 0 0
1335916800 0 0 0 0
1335830400 0 0 0 0
1335744000 0 0 0 0
1335657600 0 0 0 0
1335571200 0 0 0 0
1335484800 0 0 0 0
1335398400 0 0 0 0
1335312000 0 0 0 0
1335225600 0 0 0 0
1335139200 0 0 0 0
1335052800 0 0 0 0
1334966400 0 0 0 0
1334880000 0 0 0 0
1334793600 0 0 0 0
1334707200 0 0 0 0
1334620800 0 0 0 0
1334534400 0 0 0 0
1334448000 0 0 0 0
1334361600 0 0 0 0
1334275200 30 667 5152 168079
1334188800 484 616 72592 52387
1334102400 107 934 7409 69306
1334016000 413 1020 30695 88874
1333929600 0 0 0 0
1333843200 0 0 0 0
1333756800 197 459 30395 34373
1333670400 82 625 6712 36172
1333584000 1331 1169 166649 76641
1333497600 169 545 8887 22598
1333411200 173 652 5819 20402
1333324800 0 0 0 0
1333238400 0 0 0 0
1333152000 582 4220 28588 352140
1333065600 145 1983 9585 225463
1332979200 87 781 6025 119908
1332892800 270 1977 12079 90646
1332806400 454 2448 49219 107536
1332720000 0 0 0 0
1332633600 0 0 0 0
1332547200 0 0 0 0
1332460800 0 0 0 0
1332374400 0 0 0 0
1332288000 0 0 0 0
1332201600 0 0 0 0
1332115200 0 0 0 0
1332028800 0 0 0 0
1331942400 0 0 0 0
1331856000 0 0 0 0
1331769600 0 0 0 0
1331683200 0 0 0 0
1331596800 0 0 0 0
1331510400 0 0 0 0
1331424000 0 0 0 0
1331337600 9544 13741 1831678 413530
1331251200 431 842 7229 21521
1331164800 279 1005 7809 61485
1331078400 425 2412 9522 118853
1330992000 106 245 13088 13721
1330905600 0 0 0 0
1330819200 0 0 0 0
1330732800 0 0 0 0
1330646400 0 0 0 0
1330560000 0 0 0 0
1330473600 0 0 0 0
1330387200 0 0 0 0
1330300800 0 0 0 0
1330214400 0 0 0 0
1330128000 0 0 0 0
1330041600 0 0 0 0
1329955200 0 0 0 0
1329868800 0 0 0 0
1329782400 0 0 0 0
1329696000 0 0 0 0
1329609600 0 0 0 0
1329523200 0 0 0 0
1329436800 0 0 0 0
1329350400 0 0 0 0
1329264000 0 0 0 0
1329177600 0 0 0 0
1329091200 0 0 0 0
1329004800 0 0 0 0
1328918400 0 0 0 0
1328832000 0 0 0 0
1328745600 0 0 0 0
1328659200 0 0 0 0
1328572800 0 0 0 0
1328486400 0 0 0 0
1328400000 0 0 0 0
1328313600 0 0 0 0
1328227200 0 0 0 0
1328140800 0 0 0 0
1328054400 0 0 0 0
1327968000 0 0 0 0
1327881600 0 0 0 0
1327795200 0 0 0 0
1327708800 0 0 0 0
1327622400 0 0 0 0
1327536000 0 0 0 0
1327449600 0 0 0 0
1327363200 0 0 0 0
1327276800 0 0 0 0
1327190400 0 0 0 0
1327104000 0 0 0 0
1327017600 0 0 0 0
1326931200 0 0 0 0
1326844800 0 0 0 0
1326758400 0 0 0 0
1326672000 0 0 0 0
1326585600 0 0 0 0
1326499200 0 0 0 0
1326412800 0 0 0 0
1326326400 0 0 0 0
1326240000 0 0 0 0
1326153600 0 0 0 0
1326067200 0 0 0 0
1325980800 0 0 0 0
1325894400 0 0 0 0
1325808000 0 0 0 0
1325721600 0 0 0 0
1325635200 0 0 0 0
1325548800 0 0 0 0
1325462400 0 0 0 0
1325376000 0 0 0 0
1325289600 0 0 0 0
1325203200 0 0 0 0
1325116800 0 0 0 0
1325030400 0 0 0 0
1324944000 0 0 0 0
1324857600 0 0 0 0
1324771200 0 0 0 0
1324684800 0 0 0 0
1324598400 0 0 0 0
1324512000 0 0 0 0
1324425600 0 0 0 0
1324339200 0 0 0 0
1324252800 0 0 0 0
1324166400 0 0 0 0
1324080000 0 0 0 0
1323993600 0 0 0 0
1323907200 0 0 0 0
1323820800 0 0 0 0
1323734400 0 0 0 0
1323648000 0 0 0 0
1323561600 0 0 0 0
1323475200 0 0 0 0
1323388800 0 0 0 0
1323302400 475 936 26256 149659
1323216000 251 1511 14931 246422
1323129600 0 0 0 0
1323043200 0 0 0 0
1322956800 0 0 0 0
1322870400 0 0 0 0
1322784000 0 0 0 0
1322697600 0 0 0 0
1322611200 0 0 0 0
1322524800 0 0 0 0
1322438400 0 0 0 0
1322352000 0 0 0 0
1322265600 0 0 0 0
1322179200 0 0 0 0
1322092800 0 0 0 0
1322006400 0 0 0 0
1321920000 0 0 0 0
1321833600 0 0 0 0
1321747200 0 0 0 0
1321660800 0 0 0 0
1321574400 0 0 0 0
1321488000 381 3016 18653 436834
1321401600 225 1270 5563 84141
1321315200 494 2128 46865 300737
1321228800 0 0 0 0
1321142400 0 0 0 0
1321056000 0 0 0 0
1320969600 0 0 0 0
1320883200 0 0 0 0
1320796800 0 0 0 0
1320710400 0 0 0 0
1320624000 0 0 0 0
1320537600 0 0 0 0
1320451200 0 0 0 0
1320364800 0 0 0 0
1320278400 0 0 0 0
1320192000 0 0 0 0
1320105600 0 0 0 0
1320019200 0 0 0 0
1319932800 0 0 0 0
1319846400 0 0 0 0
1319760000 211 2106 7165 222440
1319673600 125 1049 16197 216157
1319587200 185 1798 7877 274034
1319500800 0 0 0 0
1319414400 0 0 0 0
1319328000 0 0 0 0
1319241600 0 0 0 0
1319155200 0 0 0 0
1319068800 0 0 0 0
1318982400 0 0 0 0
1318896000 0 0 0 0
1318809600 0 0 0 0
1318723200 0 0 0 0
1318636800 0 0 0 0
1318550400 0 0 0 0
1318464000 0 0 0 0
1318377600 0 0 0 0
1318291200 0 0 0 0
1318204800 0 0 0 0
1318118400 0 0 0 0
1318032000 0 0 0 0
1317945600 733 19814 21457 576959
1317859200 164 884 7144 28840
1317772800 0 0 0 0
1317686400 0 0 0 0
1317600000 0 0 0 0
1317513600 0 0 0 0
1317427200 0 0 0 0
1317340800 799 18344 21755 594529
1317254400 104 884 3467 39920
1317168000 225 2222 8607 180901
1317081600 0 0 0 0
1316995200 0 0 0 0
1316908800 0 0 0 0
1316822400 0 0 0 0
1316736000 0 0 0 0
1316649600 0 0 0 0
1316563200 0 0 0 0
1316476800 0 0 0 0
1316390400 0 0 0 0
1316304000 0 0 0 0
1316217600 0 0 0 0
1316131200 304 954 25621 48940
1316044800 63 350 6308 14229
1315958400 410 3212 10210 140580
1315872000 0 0 0 0
1315785600 0 0 0 0
1315699200 0 0 0 0
1315612800 0 0 0 0
1315526400 0 0 0 0
1315440000 0 0 0 0
1315353600 0 0 0 0
1315267200 0 0 0 0
1315180800 0 0 0 0
1315094400 0 0 0 0
1315008000 0 0 0 0
1314921600 0 0 0 0
1314835200 0 0 0 0
1314748800 0 0 0 0
1314662400 0 0 0 0
1314576000 0 0 0 0
1314489600 0 0 0 0
1314403200 0 0 0 0
1314316800 0 0 0 0
1314230400 98 470 4933 21026
1314144000 427 1070 24325 43528
1314057600 240 643 24262 20889
1313971200 0 0 0 0
1313884800 0 0 0 0
1313798400 0 0 0 0
1313712000 0 0 0 0
1313625600 0 0 0 0
1313539200 0 0 0 0
1313452800 0 0 0 0
1313366400 0 0 0 0
1313280000 0 0 0 0
1313193600 0 0 0 0
1313107200 472 412 85143 17875
1313020800 39 135 5885 7921
1312934400 89 615 8433 98667
1312848000 0 0 0 0
1312761600 0 0 0 0
1312675200 0 0 0 0
1312588800 0 0 0 0
1312502400 106 973 2629 57002
1312416000 277 1567 12945 112288
1312329600 92 483 6969 50095
1312243200 0 0 0 0
1312156800 0 0 0 0
1312070400 0 0 0 0
1311984000 0 0 0 0
1311897600 0 0 0 0
1311811200 0 0 0 0
1311724800 0 0 0 0
1311638400 0 0 0 0
1311552000 0 0 0 0
1311465600 0 0 0 0
1311379200 0 0 0 0
1311292800 0 0 0 0
1311206400 0 0 0 0
1311120000 0 0 0 0
1311033600 0 0 0 0
1310947200 0 0 0 0
1310860800 0 0 0 0
1310774400 0 0 0 0
1310688000 147 631 12937 35137
1310601600 108 526 9837 73305
1310515200 704 919 36061 89851
1310428800 0 0 0 0
1310342400 0 0 0 0
1310256000 0 0 0 0
1310169600 0 0 0 0
1310083200 0 0 0 0
1309996800 0 0 0 0
1309910400 0 0 0 0
1309824000 0 0 0 0
1309737600 0 0 0 0
1309651200 0 0 0 0
1309564800 0 0 0 0
1309478400 0 0 0 0
1309392000 71 339 5312 19560
1309305600 127 372 4655 11502
1309219200 77 457 1483 13594
1309132800 0 0 0 0
1309046400 0 0 0 0
