1377805801 401662743 2571263653
1377805801 764 1343 764 1343
1377805502 2173 72641 2173 72641
1377805500 2168 72402 2173 72641
1377805200 707 1231 791 1268
1377804900 790 1267 791 1268
1377804600 749 1239 750 1415
1377804300 721 1418 824 1968
1377804000 823 1968 824 2051
1377803700 773 2053 856 2414
1377803400 856 2416 926 3262
1377803100 925 3254 926 3262
1377802800 726 1078 752 1932
1377802500 752 1930 787 1932
1377802200 786 1381 787 1382
1377801900 776 1319 799 1320
1377801600 798 1166 799 1190
1377801300 796 1190 854 1373
1377801000 853 1371 854 1373
1377800700 809 1177 862 1178
1377800400 861 1164 862 1165
1377800100 813 1114 925 1945
1377799800 925 1952 970 4226
1377799500 969 4216 970 4226
1377799200 831 1374 861 2429
1377798900 861 2426 896 2429
1377798600 895 1745 896 1747
1377798300 845 1302 846 1303
1377798000 844 1248 981 1747
1377797700 980 1745 981 1747
1377797400 895 1416 896 1687
1377797100 859 1684 876 1687
1377796800 876 1270 1045 7410
1377796500 1045 7398 1304 7410
1377796200 1308 3925 2018 9943
1377795900 2024 10045 3017 25357
1377795600 3011 25290 3017 25357
1377795300 1325 5330 1326 5336
1377795000 1210 4492 1213 4515
1377794700 845 1197 866 3630
1377794400 866 3625 980 3630
1377794100 981 2199 1179 8236
1377793800 1199 8224 7322 8236
1377793500 7287 4641 7322 4650
1377793200 2138 3344 2141 4987
1377792900 1361 4969 1365 4987
1377792600 781 2417 1879 4758
1377792300 1875 4752 1879 4758
1377792000 903 3047 904 3049
1377791700 744 2553 908 7355
1377791400 912 7642 2363 93494
1377791100 2418 96936 10724 609802
1377790800 10691 607774 10724 609802
1377790500 941 1494 980 3675
1377790200 977 3663 980 3675
1377789900 654 2327 2603 121497
1377789600 2601 121167 2603 121497
1377789300 2278 22560 2289 22687
1377789000 759 3741 1027 12188
1377788700 1025 12154 1027 12188
1377788400 659 2194 1202 22568
1377788100 1200 22478 1202 22568
1377787800 943 9271 1355 29590
1377787500 1357 29805 1779 61984
1377787200 1777 61815 1779 61984
1377786900 1504 36494 2952 36707
1377786600 2942 4751 2952 4766
1377786300 105 492 106 493
1377786000 0 423 0 486
1377785700 0 486 0 545
1377785400 0 544 0 545
1377785100 0 396 0 430
1377784800 0 430 0 489
1377784500 0 488 0 489
1377784200 0 450 0 520
1377783900 0 519 0 520
1377783600 0 509 0 510
1377783300 0 422 0 478
1377783000 0 478 0 654
1377782700 0 653 0 654
1377782400 0 410 0 474
1377782100 0 474 0 535
1377781800 0 534 0 535
1377781500 0 484 0 511
1377781200 0 512 0 808
1377780900 0 806 0 808
1377780600 0 406 0 528
1377780300 0 527 0 528
1377780000 0 418 0 419
1377779700 0 363 0 439
1377779400 0 438 0 439
1377779100 0 388 0 389
1377778800 0 289 0 315
1377778500 0 315 0 337
1377778200 0 336 0 337
1377777900 0 262 0 371
1377777600 0 370 0 371
1377777300 0 324 0 325
1377777000 0 285 0 311
1377776700 0 311 0 329
1377776400 0 329 0 334
1377776100 0 333 0 334
1377775800 0 293 0 343
1377775500 0 343 0 352
1377775200 0 352 0 382
1377774900 0 381 0 382
1377774600 0 250 0 275
1377774300 0 274 0 275
1377774000 0 244 0 244
1377773700 0 243 0 244
1377773400 0 236 0 237
1377773100 0 224 0 279
1377772800 0 278 0 279
1377772500 0 239 0 246
1377772200 0 245 0 246
1377771900 0 233 0 234
1377771600 0 233 0 291
1377771300 0 290 0 291
1377771000 0 245 0 246
1377770700 0 233 0 234
1377770400 0 228 0 244
1377770100 0 243 0 244
1377769800 0 235 0 277
1377769500 0 276 0 277
1377769200 0 227 0 255
1377768900 0 254 0 255
1377768600 0 216 0 235
1377768300 0 235 0 270
1377768000 0 269 0 270
1377767700 0 241 0 242
1377767400 0 236 0 253
1377767100 0 252 0 253
1377766800 0 226 0 296
1377766500 0 295 0 296
1377766200 0 236 0 250
1377765900 0 249 0 250
1377765600 0 225 0 235
1377765300 0 234 0 235
1377765000 0 228 0 278
1377764700 0 277 0 278
1377764400 0 222 0 252
1377764100 0 251 0 252
1377763800 0 226 0 250
1377763500 0 250 0 265
1377763200 0 264 0 265
1377762900 0 240 0 241
1377762600 0 231 0 254
1377762300 0 253 0 254
1377762000 0 234 0 281
1377761700 0 280 0 281
1377761400 0 216 0 232
1377761100 0 231 0 232
1377760800 0 227 0 232
1377760500 0 232 0 236
1377760200 0 236 0 291
1377759900 0 290 0 291
1377759600 0 211 0 243
1377759300 0 242 0 243
1377759000 0 223 0 237
1377758700 0 237 0 269
1377758400 0 268 0 269
1377758100 0 229 0 241
1377757800 0 240 0 241
1377757500 0 218 0 228
1377757200 0 228 0 277
1377756900 0 276 0 277
1377756600 0 226 0 238
1377756300 0 237 0 238
1377756000 0 224 0 230
1377755700 0 230 0 233
1377755400 0 233 0 270
1377755100 0 269 0 270
1377754800 0 243 0 244
1377754500 0 235 0 236
1377754200 0 231 0 232
1377753900 0 222 0 259
1377753600 0 258 0 259
1377753300 0 229 0 249
1377753000 0 248 0 249
1377752700 0 231 0 232
1377752400 0 221 0 279
1377752100 0 278 0 279
1377751800 0 237 0 238
1377751500 0 228 0 229
1377751200 0 227 0 235
1377750900 0 235 0 274
1377750600 0 273 0 274
1377750300 0 245 0 246
1377750000 0 213 0 257
1377749700 0 256 0 257
1377749400 0 234 0 251
1377749100 0 251 0 264
1377748800 0 263 0 264
1377748500 0 228 0 236
1377748200 0 236 0 239
1377747900 0 238 0 239
1377747600 0 226 0 269
1377747300 0 268 0 269
1377747000 0 234 0 245
1377746700 0 244 0 245
1377746400 0 222 0 250
1377746100 0 250 0 285
1377745800 0 284 0 285
1377745500 0 233 0 234
1377745200 0 228 0 231
1377744900 0 230 0 231
1377744600 0 229 0 233
1377744300 0 233 0 273
1377744000 0 272 0 273
1377743700 0 225 0 243
1377743400 0 242 0 243
1377743100 0 231 0 235
1377742800 0 235 0 283
1377742500 0 282 0 283
1377742200 0 247 0 256
1377741900 0 255 0 256
1377741600 0 221 0 242
1377741300 0 242 0 281
1377741000 0 280 0 281
1377740700 0 247 0 248
1377740400 0 216 0 239
1377740100 0 239 0 246
1377739800 0 245 0 246
1377739500 0 241 0 270
1377739200 0 269 0 270
1377738900 0 248 0 268
1377738600 0 267 0 268
1377738300 0 238 0 239
1377738000 0 233 0 296
1377737700 0 295 0 296
1377737400 0 217 0 260
1377737100 0 259 0 260
1377736800 0 223 0 247
1377736500 0 247 0 274
1377736200 0 273 0 274
1377735900 0 241 0 242
1377735600 0 229 0 244
1377735300 0 244 0 244
1377735000 3 350 943 32191
1377734700 954 32418 2712 66280
1377734400 2709 66188 2712 66280
1377734100 1981 38732 1982 38742
1377733800 1890 36010 1891 36294
1377733500 1837 36312 1891 39061
1377733200 1888 38957 1891 39061
1377732900 1529 23556 1531 23593
1377732600 1305 18046 1307 18088
1377732300 958 5724 959 5750
1377732000 931 1908 1372 1910
1377731700 1371 1744 1372 6042
1377731400 1146 6023 1147 6042
1377731100 1003 3313 1194 9196
1377730800 1200 9610 2162 71310
1377730500 2157 70929 2162 71310
1377730200 1535 14260 1538 14294
1377729900 866 4254 867 4263
1377729600 839 1826 904 1828
1377729300 904 1465 1105 12779
1377729000 1104 12750 1105 12779
1377728700 897 4378 3598 5402
1377728400 3588 5389 3598 5402
1377728100 724 1665 865 2210
1377727800 866 2244 1438 12492
1377727500 1435 12472 1438 12492
1377727200 1119 9522 1120 9541
1377726900 1000 4027 1293 19900
1377726600 1291 19841 1293 19900
1377726300 955 2407 981 2410
1377726000 981 1688 1120 2726
1377725700 1119 2759 1120 7752
1377725400 1058 7789 1978 13314
1377725100 1977 13358 1978 19965
1377724800 1837 19922 1838 19965
1377724500 1669 7159 1674 7187
1377724200 1050 3078 1937 13771
1377723900 1934 13776 1937 15492
1377723600 1228 15399 1231 15492
1377723300 889 1642 1738 15494
1377723000 1735 15454 1738 15494
1377722700 1107 3648 1964 13417
1377722400 1965 13414 2153 13417
1377722100 2148 13019 2153 13059
1377721800 892 1244 901 2286
1377721500 901 2306 1031 5379
1377721200 1031 5409 1046 9987
1377720900 1045 9984 1046 9987
1377720600 1026 9969 5765 271948
1377720300 5748 271052 5765 271948
1377720000 850 3228 6252 9417
1377719700 6251 9390 6252 9417
1377719400 6035 3756 9905 363995
1377719100 9844 361579 9905 363995
1377718800 796 1723 852 1725
1377718500 857 1443 1690 17048
1377718200 1689 17026 1690 17048
1377717900 1637 10705 1640 10737
1377717600 838 1243 1864 9927
1377717300 1860 9902 1864 9927
1377717000 771 2454 943 2458
1377716700 943 1495 989 5554
1377716400 988 5549 989 5554
1377716100 861 4052 862 4063
1377715800 682 1046 750 1490
1377715500 750 1544 994 17980
1377715200 993 17904 994 17980
1377714900 982 6633 983 12323
1377714600 873 12285 874 12323
1377714300 603 942 655 1083
1377714000 654 1083 655 1125
1377713700 651 1124 652 1125
1377713400 612 1085 708 1197
1377713100 708 1195 708 1197
1377712800 707 961 708 962
1377712500 634 947 713 1206
1377712200 712 1204 713 1206
1377711900 610 907 635 1042
1377711600 636 1043 840 1272
1377711300 839 1271 840 1272
1377711000 618 1123 619 1124
1377710700 619 1019 692 1020
1377710400 691 978 692 979
1377710100 658 969 659 970
1377709800 617 849 759 1002
1377709500 758 1001 759 1002
1377709200 619 946 620 1016
1377708900 610 1016 689 1082
1377708600 688 1082 689 1122
1377708300 657 1125 658 1644
1377708000 640 1643 766 1644
1377707700 766 1542 791 3096
1377707400 791 3101 816 4702
1377707100 816 4715 936 6800
1377706800 938 6903 1281 22368
1377706500 1279 22312 1281 22368
1377706200 751 5782 752 5813
1377705900 666 1182 667 1183
1377705600 576 1083 1111 14899
1377705300 1112 14884 1283 14899
1377705000 1282 12740 1283 12774
1377704700 1195 7683 1200 7726
1377704400 516 1426 2586 22312
1377704100 2572 22168 2586 22312
1377703800 527 1310 6587 160614
1377703500 6691 168001 37818 2376924
1377703200 37896 2369015 61336 2376924
1377702900 61133 4301 61336 4301
1377702600 685 4298 929 4301
1377702300 928 3433 929 3441
1377702000 747 1126 748 1207
1377701700 618 1205 619 1207
1377701400 455 745 576 3728
1377701100 580 3757 1783 12600
1377700800 1792 12573 3208 12600
1377700500 3197 8623 3208 8651
1377700200 0 419 0 420
1377699900 0 403 0 418
1377699600 0 417 0 418
1377699300 0 417 0 499
1377699000 0 498 0 499
1377698700 0 418 0 419
1377698400 0 361 0 399
1377698100 0 399 0 481
1377697800 0 479 0 481
1377697500 0 320 0 470
1377697200 0 469 0 470
1377696900 0 444 0 445
1377696600 0 396 0 513
1377696300 0 512 0 513
1377696000 0 447 0 448
1377695700 0 405 0 407
1377695400 0 407 0 563
1377695100 0 562 0 563
1377694800 0 478 0 500
1377694500 0 499 0 500
1377694200 0 385 0 386
1377693900 0 319 0 474
1377693600 0 473 0 474
1377693300 0 355 0 356
1377693000 0 353 0 366
1377692700 0 365 0 366
1377692400 0 357 0 358
1377692100 0 289 0 410
1377691800 0 410 0 415
1377691500 0 414 0 415
1377691200 0 308 0 355
1377690900 0 355 0 376
1377690600 0 375 0 376
1377690300 0 299 0 430
1377690000 0 429 0 430
1377689700 0 381 0 576
1377689400 0 575 0 576
1377689100 0 439 0 605
1377688800 0 603 0 605
1377688500 0 253 0 350
1377688200 0 349 0 350
1377687900 0 282 0 287
1377687600 0 287 0 329
1377687300 0 328 0 329
1377687000 0 309 0 310
1377686700 0 308 0 309
1377686400 0 282 0 298
1377686100 0 297 0 298
1377685800 0 281 0 282
1377685500 0 281 0 342
1377685200 0 341 0 342
1377684900 0 299 0 310
1377684600 0 309 0 310
1377684300 0 305 0 306
1377684000 0 276 0 277
1377683700 0 270 0 337
1377683400 0 336 0 337
1377683100 0 252 0 300
1377682800 0 299 0 300
1377682500 0 273 0 314
1377682200 0 313 0 314
1377681900 0 311 0 312
1377681600 0 304 0 305
1377681300 0 270 0 300
1377681000 0 299 0 300
1377680700 0 263 0 359
1377680400 0 358 0 359
1377680100 0 286 0 292
1377679800 0 291 0 292
1377679500 0 279 0 293
1377679200 0 292 0 293
1377678900 0 265 0 326
1377678600 0 325 0 326
1377678300 0 302 0 303
1377678000 0 294 0 295
1377677700 0 286 0 307
1377677400 0 307 0 324
1377677100 0 323 0 324
1377676800 0 276 0 277
1377676500 0 276 0 287
1377676200 0 286 0 287
1377675900 0 282 0 351
1377675600 0 350 0 351
1377675300 0 274 0 278
1377675000 0 278 0 298
1377674700 0 297 0 298
1377674400 0 283 0 287
1377674100 0 287 0 346
1377673800 0 345 0 346
1377673500 0 291 0 295
1377673200 0 294 0 295
1377672900 0 271 0 286
1377672600 0 286 0 308
1377672300 0 307 0 308
1377672000 0 297 0 298
1377671700 0 280 0 286
1377671400 0 285 0 286
1377671100 0 284 0 316
1377670800 0 315 0 316
1377670500 0 282 0 287
1377670200 0 286 0 287
1377669900 0 275 0 277
1377669600 0 277 0 342
1377669300 0 341 0 342
1377669000 0 291 0 292
1377668700 0 289 0 290
1377668400 0 282 0 283
1377668100 0 274 0 277
1377667800 0 277 0 339
1377667500 0 338 0 339
1377667200 0 285 0 286
1377666900 0 285 0 301
1377666600 0 300 0 301
1377666300 0 286 0 331
1377666000 0 330 0 331
1377665700 0 282 0 302
1377665400 0 301 0 302
1377665100 0 271 0 278
1377664800 0 278 0 319
1377664500 0 318 0 319
1377664200 0 268 0 269
1377663900 0 263 0 288
1377663600 0 287 0 288
1377663300 0 247 0 274
1377663000 0 274 0 304
1377662700 0 303 0 304
1377662400 0 293 0 294
1377662100 0 255 0 288
1377661800 0 287 0 288
1377661500 0 274 0 327
1377661200 0 326 0 327
1377660900 0 271 0 284
1377660600 0 283 0 284
1377660300 0 273 0 329
1377660000 0 328 0 329
1377659700 0 308 0 309
1377659400 0 285 0 286
1377659100 0 281 0 292
1377658800 0 291 0 292
1377658500 0 285 0 287
1377658200 0 287 0 325
1377657900 0 324 0 325
1377657600 0 286 0 287
1377657300 0 265 0 271
1377657000 0 270 0 271
1377656700 0 239 0 335
1377656400 0 334 0 335
1377656100 0 262 0 286
1377655800 0 286 0 291
1377655500 0 290 0 291
1377655200 0 280 0 307
1377654900 0 306 0 307
1377654600 0 292 0 293
1377654300 0 268 0 288
1377654000 0 287 0 288
1377653700 0 286 0 351
1377653400 0 350 0 351
1377653100 0 328 0 329
1377652800 0 329 0 330
1377652500 0 330 0 343
1377652200 0 342 0 343
1377651900 0 329 0 377
1377651600 0 376 0 377
1377651300 0 322 0 360
1377651000 0 359 0 360
1377650700 0 348 0 349
1377650400 0 334 0 348
1377650100 0 347 0 348
1377649800 0 340 0 341
1377649500 1 320 216 493
1377649200 218 507 880 4857
1377648900 885 4863 2652 6744
1377648600 2652 6754 2822 9888
1377648300 2896 13585 13969 564519
1377648000 13952 563709 13969 564519
1377647700 8929 320796 8946 321621
1377647400 4135 73843 4144 74283
1377647100 2932 8358 3084 8361
1377646800 3084 7717 3181 19909
1377646500 3180 19888 3181 19909
1377646200 3155 13646 3174 13659
1377645900 3176 11982 3957 65879
1377645600 3957 65929 3997 73445
1377645300 3996 73442 3997 73445
1377645000 3941 72609 4069 72762
1377644700 4065 26939 4069 26999
1377644400 3024 8998 3026 9005
1377644100 2743 7960 3056 7961
1377643800 3057 7868 3551 18699
1377643500 3548 18659 3551 18699
1377643200 2760 6861 2851 8663
1377642900 2852 8688 3123 12533
1377642600 3122 12509 3123 12533
1377642300 3056 8964 3057 8969
1377642000 2780 7646 3621 22979
1377641700 4967 24175 205629 202409
1377641400 205249 202065 205629 202409
1377641100 91512 99205 91805 99469
1377640800 4154 20282 6570 22532
1377640500 6558 22485 6570 22532
1377640200 3169 8449 3170 8450
1377639900 3071 8459 3085 16394
1377639600 3083 16352 3085 16394
1377639300 2896 10221 3411 20361
1377639000 3405 20289 3411 20361
1377638700 2571 9705 3027 9709
1377638400 3027 9285 3053 25604
1377638100 3062 25612 5904 28234
1377637800 5969 28138 15743 28234
1377637500 15656 13881 15743 13924
1377637200 2734 7553 2744 8984
1377636900 2744 8979 2964 8984
1377636600 3290 28469 100830 6248542
1377636300 100174 6206932 100830 6248542
1377636000 2499 7156 3130 10834
1377635700 3198 15279 23626 1344450
1377635400 23819 1339997 81770 1344450
1377635100 81507 8674 81770 8674
1377634800 3122 8670 3126 8674
1377634500 2579 8241 3387 15047
1377634200 3389 15229 4242 69842
1377633900 4236 69631 4242 69842
1377633600 2577 6692 2578 8803
1377633300 2566 8803 2656 8829
1377633000 2656 8831 2794 9473
1377632700 2792 9463 2794 9473
1377632400 2413 6697 2467 8107
1377632100 2467 8111 2516 9443
1377631800 2517 9441 2825 9443
1377631500 2824 9046 2825 9051
1377631200 2701 7559 2702 7852
1377630900 2456 7864 3334 11647
1377630600 3333 11645 3334 11647
1377630300 3277 11196 3279 13166
1377630000 2870 13160 2871 13166
1377629700 2868 11493 3458 11511
1377629400 3455 8891 3458 9387
1377629100 2826 9374 2828 9387
1377628800 2629 7493 2631 8857
1377628500 2454 8840 2455 8857
1377628200 2395 6400 2471 7942
1377627900 2472 7941 2923 7942
1377627600 2922 7751 2923 9072
1377627300 2901 9064 2903 9072
1377627000 2497 7184 5414 141536
1377626700 5400 141079 5414 141536
1377626400 1309 4505 1310 4509
1377626100 1028 3468 1029 3481
1377625800 923 2174 1005 2867
1377624600 1565 3084 4761 6957
1377622800 1467 5267 4489 10905
1377621000 646 1832 824 5093
1377619200 781 6153 1151 20106
1377617400 994 13694 1590 43656
1377615600 783 6189 3138 17682
1377613800 549 1276 3138 4752
1377612000 0 595 0 691
1377610200 0 562 0 805
1377608400 0 502 0 805
1377606600 0 458 0 523
1377604800 0 430 0 647
1377603000 0 316 0 398
1377601200 0 331 0 398
1377599400 0 310 0 377
1377597600 0 308 0 341
1377595800 0 335 0 413
1377594000 0 325 0 369
1377592200 0 322 0 362
1377590400 0 320 0 353
1377588600 0 309 0 329
1377586800 0 297 0 321
1377585000 0 320 0 360
1377583200 0 315 0 336
1377581400 0 338 0 383
1377579600 0 316 0 336
1377577800 0 311 0 379
1377576000 0 311 0 344
1377574200 0 329 0 360
1377572400 0 332 0 413
1377570600 0 337 0 374
1377568800 0 313 0 374
1377567000 0 323 0 374
1377565200 0 326 608 808
1377563400 745 6806 1678 76641
1377561600 747 13491 1678 76641
1377559800 635 1236 1130 2360
1377558000 17413 1043039 73891 4747299
1377556200 828 12617 6109 160678
1377554400 2686 69003 6361 200708
1377552600 878 1932 1844 8832
1377550800 14930 962026 82853 5704380
1377549000 2641 110975 8109 534905
1377547200 774 1874 900 4433
1377545400 5315 279382 25611 1498534
1377543600 796 1384 869 1610
1377541800 823 2462 1032 8459
1377540000 945 8725 1645 45317
1377538200 901 3468 1101 5230
1377536400 1137 4831 1670 11391
1377534600 1313 6779 2783 18595
1377532800 2436 21281 9550 79561
1377531000 1624 62730 2149 80689
1377529200 777 2324 2213 5280
1377527400 0 471 0 515
1377525600 0 495 0 606
1377523800 0 543 0 642
1377522000 0 485 0 588
1377520200 0 395 0 464
1377518400 0 417 0 660
1377516600 0 246 0 278
1377514800 0 239 0 296
1377513000 0 251 0 294
1377511200 0 238 0 272
1377509400 0 242 0 292
1377507600 0 235 0 298
1377505800 0 241 0 266
1377504000 0 243 0 288
1377502200 0 247 0 293
1377500400 0 242 0 283
1377498600 0 246 0 294
1377496800 0 242 0 271
1377495000 0 243 0 275
1377493200 0 243 0 275
1377491400 0 243 0 279
1377489600 0 239 0 276
1377487800 0 232 0 290
1377486000 0 240 0 275
1377484200 0 253 0 291
1377482400 0 238 0 285
1377480600 0 246 0 289
1377478800 0 240 0 296
1377477000 0 241 0 267
1377475200 0 241 0 262
1377473400 0 242 0 288
1377471600 0 236 0 280
1377469800 0 244 0 280
1377468000 0 238 0 279
1377466200 0 242 0 274
1377464400 0 237 0 288
1377462600 0 234 0 273
1377460800 0 237 0 255
1377459000 0 238 0 287
1377457200 0 243 0 274
1377455400 0 237 0 289
1377453600 0 230 0 256
1377451800 0 239 0 266
1377450000 0 232 0 274
1377448200 0 237 0 273
1377446400 0 236 0 268
1377444600 0 235 0 283
1377442800 0 244 0 289
1377441000 0 236 0 286
1377439200 0 234 0 259
1377437400 0 236 0 264
1377435600 0 237 0 267
1377433800 0 236 0 282
1377432000 0 235 0 266
1377430200 0 243 0 269
1377428400 0 246 0 269
1377426600 0 244 0 272
1377424800 0 236 0 270
1377423000 0 241 0 279
1377421200 0 240 0 275
1377419400 0 239 0 267
1377417600 0 240 0 272
1377415800 0 246 0 272
1377414000 0 244 0 289
1377412200 0 238 0 273
1377410400 0 244 0 275
1377408600 0 244 0 271
1377406800 0 241 0 281
1377405000 0 246 0 289
1377403200 0 237 0 275
1377401400 0 248 0 284
1377399600 0 240 0 273
1377397800 0 241 0 264
1377396000 0 242 0 290
1377394200 0 239 0 283
1377392400 0 237 0 263
1377390600 0 245 0 283
1377388800 0 260 0 299
1377387000 0 258 0 279
1377385200 0 252 0 286
1377383400 0 253 0 288
1377381600 0 259 0 299
1377379800 0 251 0 330
1377378000 0 255 0 279
1377376200 0 282 0 307
1377374400 0 256 0 295
1377372600 0 255 0 294
1377370800 0 267 0 410
1377369000 0 251 0 297
1377367200 0 268 0 350
1377365400 0 239 0 287
1377363600 0 237 0 273
1377361800 0 236 0 301
1377360000 0 238 0 301
1377358200 0 239 0 273
1377356400 0 238 0 288
1377354600 0 239 0 283
1377352800 0 237 0 276
1377351000 0 237 0 292
1377349200 0 234 0 267
1377347400 0 238 0 294
1377345600 0 251 0 294
1377343800 0 242 0 280
1377342000 0 246 0 285
1377340200 0 241 0 258
1377338400 0 250 0 280
1377336600 0 245 0 299
1377334800 0 251 0 267
1377333000 0 249 0 292
1377331200 0 256 0 292
1377329400 0 251 0 272
1377327600 0 248 0 283
1377325800 0 252 0 268
1377324000 0 247 0 265
1377322200 0 245 0 304
1377320400 0 247 0 286
1377318600 0 248 0 289
1377316800 0 258 0 289
1377315000 0 250 0 279
1377313200 0 250 0 271
1377311400 0 244 0 297
1377309600 0 253 0 274
1377307800 0 247 0 284
1377306000 587 4312 1397 11439
1377304200 1210 7104 2335 11439
1377302400 1763 18637 4555 172339
1377300600 1672 32738 6231 284117
1377298800 1852 49219 6231 284117
1377297000 1389 3490 3786 7746
1377295200 696 2415 1439 8511
1377293400 1694 33721 3172 97580
1377291600 17488 5054 100479 10514
1377289800 28665 1752007 65351 4085634
1377288000 746 4016 912 8571
1377286200 770 7209 1077 15287
1377284400 770 6863 902 12032
1377282600 803 7854 903 13883
1377280800 1898 47282 7121 245733
1377279000 802 3136 1218 9554
1377277200 828 4284 917 10622
1377275400 756 2650 878 8110
1377273600 4198 109195 14322 417412
1377271800 2843 73565 7430 173808
1377270000 1223 15288 2675 36230
1377268200 4 523 30 575
1377266400 0 584 0 772
1377264600 0 469 0 531
1377262800 0 504 0 709
1377261000 0 480 0 789
1377259200 0 435 0 789
1377257400 0 285 0 323
1377255600 0 286 0 329
1377253800 0 286 0 323
1377252000 0 283 0 306
1377250200 0 285 0 325
1377248400 0 294 0 325
1377246600 0 285 0 333
1377244800 0 283 0 314
1377243000 0 285 0 319
1377241200 0 280 0 320
1377239400 0 282 0 316
1377237600 0 281 0 315
1377235800 0 287 0 326
1377234000 0 294 0 332
1377232200 0 284 0 331
1377230400 0 284 0 321
1377228600 0 287 0 341
1377226800 0 282 0 341
1377225000 0 281 0 317
1377223200 0 281 0 335
1377221400 0 290 0 346
1377219600 537 3720 1377 17592
1377217800 219791 233126 1270502 1182966
1377216000 1643 31896 3025 104486
1377214200 2357 70497 4035 163851
1377212400 1870 43968 2862 88916
1377210600 1733 30439 3270 76304
1377208800 1770 32650 2753 61875
1377207000 1557 33046 2029 56649
1377205200 1572 27379 2632 69100
1377203400 1857 38145 2632 69100
1377201600 1029 9826 6100 289606
1377199800 2651 99208 6100 289606
1377198000 1856 59350 4765 224052
1377196200 1076 18687 1411 33640
1377194400 1819 52847 2850 107442
1377192600 2103 25526 6151 308549
1377190800 2845 83360 6151 308549
1377189000 1853 30738 4072 95376
1377187200 1197 14184 1616 26363
1377185400 978 8389 1438 15759
1377183600 875 2844 2067 7031
1377181800 6 571 39 692
1377180000 0 564 0 621
1377178200 0 546 0 715
1377176400 0 508 0 549
1377174600 0 421 0 542
1377172800 0 416 0 675
1377171000 0 281 0 299
1377169200 0 288 0 311
1377167400 0 285 0 325
1377165600 0 283 0 325
1377163800 0 294 0 322
1377162000 0 287 0 300
1377160200 0 277 0 326
1377158400 0 281 0 303
1377156600 0 277 0 304
1377154800 0 280 0 317
1377153000 0 281 0 321
1377151200 0 279 0 324
1377149400 0 291 0 324
1377147600 0 282 0 304
1377145800 0 284 0 332
1377144000 0 280 0 323
1377142200 0 284 0 309
1377140400 0 280 0 316
1377138600 0 288 0 322
1377136800 0 288 0 317
1377135000 0 282 0 330
1377133200 540 10929 2100 58872
1377131400 1296 22701 1776 44727
1377129600 908 3451 1019 6615
1377127800 1043 8212 1397 20256
1377126000 1169 12189 2006 35000
1377124200 996 9317 1229 14526
1377122400 1033 10423 1417 23164
1377120600 1446 32279 2145 54599
1377118800 1314 26914 1915 47110
1377117000 2505 58848 5163 176705
1377115200 1177 24774 1609 47659
1377113400 1413 40733 42160 2194909
1377111600 552491 2447776 2969966 5496204
1377109800 7860 376890 39451 2092901
1377108000 1615 18798 2166 45811
1377106200 1379 20207 1887 45811
1377104400 1381 30385 1743 52367
1377102600 3818 34210 13863 70926
1377100800 1078 17940 2188 70926
1377099000 1061 24663 1860 72807
1377097200 930 4955 2504 21020
1377095400 0 481 0 673
1377093600 0 552 0 673
1377091800 0 511 0 756
1377090000 0 542 0 756
1377088200 0 429 0 583
1377086400 0 385 0 587
1377084600 0 283 0 325
1377082800 0 285 0 350
1377081000 0 288 0 331
1377079200 0 279 0 347
1377077400 0 291 0 351
1377075600 0 280 0 331
1377073800 0 279 0 310
1377072000 0 276 0 318
1377070200 0 283 0 322
1377068400 0 287 0 335
1377066600 0 300 0 378
1377064800 0 286 0 322
1377063000 0 287 0 319
1377061200 0 294 0 335
1377059400 0 294 0 343
1377057600 0 299 0 330
1377055800 0 286 0 332
1377054000 0 284 0 332
1377052200 0 290 0 323
1377050400 0 307 0 345
1377048600 0 278 0 326
1377046800 306 2461 1002 7666
1377045000 2877 64721 4789 178661
1377043200 1562 56926 2770 145346
1377041400 1335 30576 1834 57413
1377039600 1342 33929 2174 98136
1377037800 797 5795 1036 9428
1377036000 218742 208553 721768 665002
1377034200 886 8547 1643 25852
1377032400 1507 43888 6085 279000
1377030600 2730 97225 6085 279000
1377028800 806 3669 1402 16271
1377027000 956 8140 1237 21394
1377025200 665 2283 737 7695
1377023400 728 8797 1028 28923
1377021600 1269 34725 2862 113430
1377019800 1227 32491 2862 113430
1377018000 644 5916 905 17071
1377016200 545 2512 763 9067
1377014400 544 1870 690 5422
1377012600 2047 47020 5691 160733
1377010800 829 3366 2244 6278
1377009000 200 565 1214 949
1377007200 0 534 0 815
1377005400 0 652 0 777
1377003600 0 479 0 598
1377001800 0 367 0 408
1377000000 0 429 0 590
1376998200 0 308 0 445
1376996400 0 317 0 466
1376994600 0 250 0 304
1376992800 0 252 0 288
1376991000 0 253 0 288
1376989200 0 247 0 276
1376987400 0 253 0 295
1376985600 0 248 0 309
1376983800 0 268 0 309
1376982000 0 249 0 277
1376980200 0 256 0 289
1376978400 0 249 0 284
1376976600 0 254 0 303
1376974800 0 256 0 294
1376973000 0 252 0 283
1376971200 0 247 0 293
1376969400 0 258 0 285
1376967600 0 248 0 282
1376965800 0 259 0 296
1376964000 0 254 0 282
1376962200 0 256 0 285
1376960400 0 259 0 307
1376958600 0 262 0 303
1376956800 0 263 0 322
1376955000 1929 20749 7161 64683
1376953200 1082 6813 1385 23348
1376951400 1316 33752 2898 120595
1376949600 1452 24788 3378 117242
1376947800 2521 56063 5033 117242
1376946000 1455 34734 4164 158607
1376944200 4063 184813 20279 1064703
1376942400 2048 49996 5646 190396
1376940600 1306 28185 1955 64025
1376938800 787 3340 1331 10119
1376937000 634 1698 674 4935
1376935200 636 1239 702 2702
1376933400 631 1605 669 4934
1376931600 985 4288 2298 16624
1376929800 987 21460 1465 47713
1376928000 1053 16929 12779 49577
1376926200 32268 11392 177157 27970
1376924400 1343 12979 3326 27292
1376922600 0 400 0 484
1376920800 0 371 0 628
1376919000 0 510 0 628
1376917200 0 478 0 577
1376915400 0 428 0 860
1376913600 0 388 0 860
1376911800 0 251 0 309
1376910000 0 250 0 285
1376908200 0 256 0 296
1376906400 0 251 0 305
1376904600 0 254 0 290
1376902800 0 250 0 286
1376901000 0 254 0 286
1376899200 0 256 0 288
1376897400 0 256 0 281
1376895600 0 249 0 285
1376893800 0 256 0 285
1376892000 0 251 0 274
1376890200 0 256 0 286
1376888400 0 255 0 311
1376886600 0 256 0 291
1376884800 0 259 0 291
1376883000 0 257 0 287
1376881200 0 249 0 281
1376879400 0 263 0 300
1376877600 0 250 0 288
1376875800 0 255 0 303
1376874000 0 251 0 286
1376872200 0 262 0 305
1376870400 0 247 0 278
1376868600 0 255 0 290
1376866800 0 250 0 278
1376865000 0 256 0 290
1376863200 0 249 0 305
1376861400 0 253 0 286
1376859600 0 252 0 300
1376857800 0 264 0 300
1376856000 0 253 0 292
1376854200 0 254 0 283
1376852400 0 253 0 302
1376850600 0 254 0 268
1376848800 0 256 0 315
1376847000 0 254 0 296
1376845200 0 255 0 296
1376843400 0 258 0 278
1376841600 0 254 0 287
1376839800 0 254 0 299
1376838000 0 255 0 282
1376836200 0 256 0 297
1376834400 0 251 0 286
1376832600 0 257 0 294
1376830800 0 252 0 290
1376829000 0 261 0 290
1376827200 0 253 0 283
1376825400 0 255 0 271
1376823600 0 249 0 279
1376821800 0 255 0 289
1376820000 0 252 0 269
1376818200 0 255 0 308
1376816400 0 261 0 308
1376814600 0 258 0 294
1376812800 0 253 0 268
1376811000 0 259 0 290
1376809200 0 249 0 301
1376807400 0 262 0 289
1376805600 0 255 0 309
1376803800 0 253 0 304
1376802000 0 260 0 296
1376800200 0 257 0 297
1376798400 0 251 0 282
1376796600 0 253 0 275
1376794800 0 251 0 298
1376793000 0 260 0 284
1376791200 0 254 0 313
1376789400 0 253 0 281
1376787600 0 261 0 307
1376785800 0 268 0 335
1376784000 0 272 0 333
1376782200 0 270 0 352
1376780400 0 265 0 331
1376778600 0 274 0 306
1376776800 0 266 0 346
1376775000 0 278 0 342
1376773200 0 300 0 469
1376771400 0 277 0 301
1376769600 0 271 0 319
1376767800 0 271 0 313
1376766000 0 272 0 310
1376764200 0 286 0 347
1376762400 0 272 0 318
1376760600 0 279 0 311
1376758800 0 269 0 315
1376757000 0 283 0 318
1376755200 0 273 0 309
1376753400 0 299 0 489
1376751600 0 255 0 293
1376749800 0 265 0 304
1376748000 0 260 0 306
1376746200 0 266 0 319
1376744400 0 259 0 271
1376742600 0 257 0 287
1376740800 0 261 0 282
1376739000 0 259 0 304
1376737200 0 254 0 296
1376735400 0 261 0 302
1376733600 0 256 0 299
1376731800 0 265 0 289
1376730000 0 266 0 311
1376728200 0 256 0 290
1376726400 0 255 0 302
1376724600 0 266 0 306
1376722800 0 262 0 292
1376721000 0 253 0 314
1376719200 0 261 0 314
1376717400 0 267 0 288
1376715600 0 261 0 313
1376713800 0 259 0 287
1376712000 0 259 0 291
1376710200 0 261 0 311
1376708400 0 259 0 289
1376706600 0 263 0 300
1376704800 0 269 0 298
1376703000 0 260 0 292
1376701200 896 920 4315 4014
1376699400 1155 7450 2862 33736
1376697600 1255 17375 1735 39246
1376695800 1679 46918 3877 175938
1376694000 1070 16383 1322 35305
1376692200 1254 29891 1632 44136
1376690400 1020 18263 1224 37535
1376688600 1158 30939 1419 48561
1376686800 1227 15538 1786 34539
1376685000 1913 14047 2169 29581
1376683200 3933 39183 9563 200477
1376681400 1666 17212 3767 37857
1376679600 646 5896 875 14164
1376677800 1805 67486 6935 361903
1376676000 538 2738 663 4141
1376674200 1086 12094 2768 30168
1376672400 773 9409 1061 17075
1376670600 936 3440 3558 12106
1376668800 0 602 0 792
1376667000 0 538 0 629
1376665200 0 533 0 603
1376663400 0 547 0 603
1376661600 0 591 0 729
1376659800 0 535 0 742
1376658000 0 464 0 538
1376656200 0 471 0 870
1376654400 0 456 0 870
1376652600 0 296 0 337
1376650800 0 288 0 350
1376649000 0 303 0 362
1376647200 0 282 0 330
1376645400 0 289 0 350
1376643600 0 292 0 319
1376641800 0 293 0 322
1376640000 0 290 0 335
1376638200 0 288 0 354
1376636400 0 294 0 360
1376634600 0 300 0 360
1376632800 0 291 0 318
1376631000 0 291 0 307
1376629200 0 295 0 346
1376627400 0 291 0 320
1376625600 0 292 0 320
1376623800 0 295 0 365
1376622000 0 293 0 357
1376620200 0 306 0 362
1376618400 0 324 0 388
1376616600 0 306 0 356
1376614800 0 311 0 325
1376613000 922 4677 2724 19120
1376611200 814 3440 1444 11471
1376609400 1079 12700 2000 44629
1376607600 1672 29790 6473 160658
1376605800 869 4193 1010 10219
1376604000 1039 3696 2270 7990
1376602200 817 2468 939 3406
1376600400 1194 13232 2186 61912
1376598600 876 2998 1022 5297
1376596800 2317 75534 8419 438042
1376595000 1150 15736 2652 80228
1376593200 827 4747 1529 20306
1376591400 688 1639 756 1892
1376589600 640 1512 739 1679
1376587800 719 2344 1006 4675
1376586000 1591 6421 2349 10713
1376584200 1240 17080 1584 32788
1376582400 1302 18588 1601 35768
1376580600 736 5363 1168 9440
1376578800 779 4181 2292 15026
1376577000 379 1094 2292 4043
1376575200 0 541 0 823
1376573400 0 470 0 599
1376571600 0 428 0 516
1376569800 0 434 0 470
1376568000 0 473 0 584
1376566200 0 458 0 919
1376564400 0 288 0 352
1376562600 0 288 0 335
1376560800 0 283 0 342
1376559000 0 283 0 369
1376557200 0 287 0 323
1376555400 0 282 0 355
1376553600 0 287 0 350
1376551800 0 302 0 340
1376550000 0 282 0 342
1376548200 0 287 0 346
1376546400 0 287 0 316
1376544600 0 284 0 353
1376539200 0 285 0 359
1376532000 483 1481 3501 11613
1376524800 2423 4611 4195 9969
1376517600 2240 4897 3699 15112
1376510400 1990 2240 6605 28274
1376503200 57109 72811 1309896 1201093
1376496000 999 11671 3752 200466
1376488800 0 561 0 1263
1376481600 0 401 0 876
1376474400 0 328 0 400
1376467200 0 339 0 458
1376460000 0 331 0 412
1376452800 0 335 0 397
1376445600 126 1074 1510 14721
1376438400 1546 9144 5026 48265
1376431200 1324 13810 3939 178089
1376424000 1484 15442 4022 128919
1376416800 1650 10670 5619 165857
1376409600 1750 48098 5122 93364
1376402400 0 504 0 924
1376395200 0 326 0 697
1376388000 0 307 0 377
1376380800 0 306 0 375
1376373600 0 308 0 374
1376366400 0 315 0 371
1376359200 247 1835 2501 11061
1376352000 1481 12857 2501 101651
1376344800 1296 17306 3840 149901
1376337600 1399 16087 3547 37436
1376330400 1941 55704 19174 996544
1376323200 811 9358 5984 78454
1376316000 0 456 0 743
1376308800 0 296 0 362
1376301600 0 292 0 362
1376294400 0 294 0 356
1376287200 0 296 0 364
1376280000 0 291 0 355
1376272800 0 292 0 354
1376265600 0 293 0 359
1376258400 0 297 0 358
1376251200 0 294 0 368
1376244000 0 292 0 365
1376236800 0 291 0 364
1376229600 0 293 0 377
1376222400 0 298 0 359
1376215200 0 295 0 382
1376208000 0 297 0 357
1376200800 0 304 0 372
1376193600 0 303 0 368
1376186400 0 305 0 358
1376179200 0 317 0 383
1376172000 0 322 0 431
1376164800 0 329 0 414
1376157600 0 331 0 417
1376150400 0 327 0 527
1376143200 0 309 0 365
1376136000 0 301 0 364
1376128800 0 299 0 370
1376121600 0 303 0 374
1376114400 0 300 0 356
1376107200 0 302 0 366
1376100000 933 9938 2184 37793
1376092800 3024 49578 23337 394497
1376085600 1082 14543 8457 243232
1376078400 5515 284947 55797 3536947
1376071200 1028 10207 2054 66279
1376064000 1169 15506 4832 106631
1376056800 222 1929 4832 36788
1376049600 0 336 0 771
1376042400 0 309 0 381
1376035200 0 315 0 381
1376028000 0 317 0 389
1376020800 0 313 0 358
1376013600 1726 4155 30949 46751
1376006400 3271 137254 28188 1669662
1375999200 941 10041 2538 38401
1375992000 1311 32228 11655 607454
1375984800 1739 22179 13048 85693
1375977600 845 6828 3601 27262
1375970400 0 512 0 752
1375963200 0 347 0 489
1375956000 0 326 0 397
1375948800 0 325 0 400
1375941600 0 325 0 419
1375934400 0 325 0 400
1375927200 827 25630 3069 138059
1375920000 1434 29474 2136 66864
1375912800 1381 33070 11861 585943
1375905600 1222 22865 2162 68106
1375898400 1957 43133 5174 224402
1375891200 716 2928 3256 9995
1375884000 0 567 0 1112
1375876800 0 309 0 374
1375869600 0 311 0 374
1375862400 0 304 0 370
1375855200 0 307 0 374
1375848000 0 306 0 367
1375840800 837 24827 6088 268940
1375833600 2704 91527 12150 428909
1375826400 58205 72027 510454 471518
1375819200 2206 17089 16031 66147
1375812000 1430 17853 3606 77077
1375804800 904 12707 2814 83047
1375797600 0 595 0 965
1375790400 0 352 0 571
1375783200 0 306 0 371
1375776000 0 307 0 377
1375768800 0 310 0 377
1375761600 0 310 0 390
1375754400 456 13952 4013 168962
1375747200 1075 13226 2094 38066
1375740000 2186 70957 8484 368281
1375732800 1886 56408 10420 558663
1375725600 977 13411 2324 78219
1375718400 625 6715 3021 38674
1375711200 0 548 0 1132
1375704000 0 237 0 281
1375696800 0 239 0 284
1375689600 0 237 0 284
1375682400 0 240 0 289
1375675200 0 226 0 270
1375668000 0 225 0 270
1375660800 0 223 0 264
1375653600 0 225 0 272
1375646400 0 223 0 273
1375639200 0 227 0 274
1375632000 0 228 0 276
1375624800 0 235 0 282
1375617600 0 237 0 277
1375610400 0 233 0 282
1375603200 0 237 0 287
1375596000 0 236 0 286
1375588800 0 235 0 284
1375581600 0 237 0 284
1375574400 0 239 0 293
1375567200 0 237 0 281
1375560000 0 234 0 272
1375552800 0 232 0 270
1375545600 0 241 0 287
1375538400 0 242 0 295
1375531200 0 255 0 308
1375524000 0 251 0 306
1375516800 0 254 0 304
1375509600 0 251 0 303
1375502400 0 249 0 298
1375495200 1329 36365 4190 174579
1375488000 1486 33849 7823 435975
1375480800 2959 106806 37228 696541
1375473600 6528 27006 89147 69162
1375466400 2890 93411 8912 428762
1375459200 902 8568 3282 117744
1375452000 0 387 0 716
1375444800 0 255 0 296
1375437600 0 251 0 301
1375430400 0 270 0 319
1375423200 0 276 0 335
1375416000 0 272 0 332
1375408800 1316 36446 3409 180975
1375401600 1452 27576 3919 179027
1375394400 4521 27772 42542 68619
1375387200 3681 17943 7764 51674
1375380000 4545 32429 21272 89022
1375372800 818 19164 1858 59145
1375365600 0 366 0 605
1375358400 0 263 0 303
1375351200 0 268 0 309
1375344000 0 262 0 304
1375336800 0 264 0 326
1375329600 0 263 0 327
1375322400 57 1452 1648 39292
1375315200 1852 48924 8137 410797
1375308000 1476 32749 3383 88379
1375300800 1504 37896 3062 117187
1375293600 2085 69073 9987 519018
1375286400 621 3240 2998 20021
1375279200 0 355 0 639
1375272000 0 271 0 311
1375264800 0 271 0 322
1375257600 0 270 0 315
1375250400 0 276 0 317
1375243200 0 272 0 317
1375236000 1221 31143 7621 205867
1375228800 1409 37800 3643 172476
1375221600 40214 112568 873620 947702
1375214400 1354 25040 3907 203325
1375207200 1801 30869 8806 432045
1375200000 1236 34783 8806 432045
1375192800 0 344 0 553
1375185600 0 258 0 310
1375178400 0 254 0 293
1375171200 0 256 0 301
1375164000 0 255 0 301
1375156800 0 261 0 313
1375149600 441 5243 2151 44560
1375142400 1144 20212 2283 85427
1375135200 3418 37198 5350 146952
1375128000 1068 19827 2204 71447
1375120800 193 1966 1579 21972
1375113600 0 432 0 752
1375106400 0 306 0 486
1375099200 0 226 0 357
1375092000 0 210 0 256
1375084800 0 213 0 272
1375077600 0 212 0 264
1375070400 0 213 0 261
1375063200 0 211 0 260
1375056000 0 214 0 268
1375048800 0 213 0 270
1375041600 0 212 0 261
1375034400 0 211 0 267
1375027200 0 213 0 259
1375020000 0 212 0 253
1375012800 0 212 0 265
1375005600 0 211 0 255
1374998400 0 212 0 249
1374991200 0 216 0 294
1374984000 0 210 0 252
1374976800 0 212 0 259
1374969600 0 217 0 258
1374962400 0 234 0 271
1374955200 0 234 0 363
1374948000 0 227 0 272
1374940800 0 228 0 302
1374933600 0 212 0 262
1374926400 0 210 0 258
1374919200 0 213 0 258
1374912000 0 210 0 255
1374904800 0 214 0 251
1374897600 0 211 0 258
1374890400 566 14457 2239 75882
1374883200 1558 36304 3105 129506
1374876000 1892 63187 8388 433352
1374868800 1097 17005 2742 122913
1374861600 1460 38397 3644 154922
1374854400 678 10018 2464 76523
1374847200 0 317 0 492
1374840000 0 235 0 282
1374832800 0 238 0 282
1374825600 0 238 0 281
1374818400 0 240 0 294
1374811200 0 236 0 284
1374804000 167 750 863 6291
1374796800 92222 127788 1302937 1206220
1374789600 2218 43550 6334 347304
1374782400 2269 21560 3805 103826
1374775200 2725 10606 4729 45479
1374768000 1136 15408 4265 146978
1374760800 0 400 0 849
1374753600 0 365 0 571
1374746400 0 302 0 358
1374739200 0 300 0 355
1374732000 0 302 0 371
1374724800 0 305 0 352
1374717600 1266 29549 4645 165091
1374710400 4426 13778 61152 35069
1374703200 1576 13703 2839 31823
1374696000 17142 34265 355257 325810
1374688800 1151 6098 2178 17364
1374681600 4818 64468 55925 1024812
1374674400 0 530 0 702
1374667200 0 347 0 825
1374660000 0 295 0 377
1374652800 0 296 0 373
1374645600 0 302 0 371
1374638400 0 301 0 355
1374631200 751 12758 1904 54486
1374624000 1763 56828 4187 219795
1374616800 1413 32677 3689 187003
1374609600 1497 16696 6616 242395
1374602400 1701 57909 6806 385443
1374595200 92459 96265 865436 790549
1374588000 0 472 0 721
1374580800 0 282 0 347
1374573600 0 281 0 344
1374566400 0 278 0 331
1374559200 0 285 0 348
1374552000 0 283 0 346
1374544800 514 4867 2388 60705
1374537600 2239 64145 14384 782648
1374530400 1733 4604 6784 22599
1374523200 37489 37462 436899 412775
1374516000 16286 17719 366926 332339
1374508800 727 11175 2329 89061
1374501600 0 417 0 845
1374494400 0 238 0 845
1374487200 0 210 0 253
1374480000 0 211 0 265
1374472800 0 212 0 269
1374465600 0 210 0 265
1374458400 0 211 0 259
1374451200 0 210 0 245
1374444000 0 211 0 251
1374436800 0 208 0 258
1374429600 0 210 0 253
1374422400 0 210 0 263
1374415200 0 210 0 262
1374408000 0 209 0 250
1374400800 0 211 0 248
1374393600 0 208 0 266
1374386400 0 212 0 266
1374379200 0 208 0 257
1374372000 0 211 0 261
1374364800 0 206 0 250
1374357600 0 206 0 246
1374350400 0 210 0 256
1374343200 0 206 0 248
1374336000 0 212 0 258
1374328800 0 210 0 258
1374321600 0 212 0 253
1374314400 0 211 0 252
1374307200 0 213 0 266
1374300000 0 212 0 260
1374292800 0 214 0 247
1374285600 0 225 0 258
1374278400 1394 26771 8176 71688
1374271200 2206 23259 10614 325734
1374264000 953 9980 2879 56520
1374256800 907 11859 6345 159847
1374249600 60910 76029 1420015 1045181
1374242400 0 499 0 959
1374235200 0 324 0 400
1374228000 0 328 0 393
1374220800 0 325 0 400
1374213600 0 329 0 399
1374206400 0 330 0 405
1374199200 205 1509 1302 25205
1374192000 1588 30759 3296 99438
1374184800 929 14178 1970 64034
1374177600 1196 19439 2268 89279
1374170400 1275 33934 4083 220135
1374163200 1129 19764 4610 134087
1374156000 0 467 0 906
1374148800 0 314 0 381
1374141600 0 317 0 375
1374134400 0 314 0 382
1374127200 0 322 0 375
1374120000 0 334 0 445
1374112800 0 329 0 407
1374105600 1108 19031 2858 138758
1374098400 2337 52918 15143 875327
1374091200 1045 16094 2147 42745
1374084000 1070 23122 4881 211848
1374076800 927 18543 2391 70997
1374069600 0 507 0 740
1374062400 0 356 0 623
1374055200 0 300 0 369
1374048000 0 297 0 370
1374040800 0 300 0 370
1374033600 0 299 0 367
1374026400 0 313 0 385
1374019200 1804 53916 6095 257744
1374012000 2918 104813 9413 405871
1374004800 160829 42791 1634214 213141
1373997600 2592 60803 16443 226359
1373990400 23842 62521 549386 700172
1373983200 0 482 0 733
1373976000 0 321 0 641
1373968800 0 291 0 359
1373961600 0 291 0 356
1373954400 0 294 0 358
1373947200 0 293 0 370
1373940000 679 15203 7506 173328
1373932800 2385 75309 20754 1075253
1373925600 3264 113859 20754 1075253
1373918400 1089 11881 2996 46324
1373911200 2594 32407 26616 158741
1373904000 786 10377 2520 42508
1373896800 0 375 0 741
1373889600 0 220 0 430
1373882400 0 196 0 221
1373875200 0 196 0 221
1373868000 0 188 0 210
1373860800 0 194 0 219
1373853600 0 192 0 218
1373846400 0 195 0 213
1373839200 0 194 0 209
1373832000 0 196 0 209
1373824800 0 193 0 215
1373817600 0 190 0 207
1373810400 0 191 0 215
1373803200 0 191 0 206
1373796000 0 192 0 217
1373788800 0 191 0 215
1373781600 0 192 0 213
1373774400 0 191 0 210
1373767200 0 192 0 211
1373760000 0 193 0 214
1373752800 0 195 0 212
1373745600 0 193 0 212
1373738400 0 196 0 212
1373731200 0 194 0 215
1373724000 0 198 0 218
1373716800 0 197 0 220
1373709600 0 197 0 213
1373702400 0 198 0 215
1373695200 0 198 0 219
1373688000 0 212 0 279
1373680800 732 21029 5041 192303
1373673600 12162 41539 183817 200047
1373666400 55849 72823 871740 821282
1373659200 2694 7264 36531 21951
1373652000 1556 36704 6150 262257
1373644800 1404 38115 4860 196462
1373637600 0 488 0 966
1373630400 0 298 0 370
1373623200 0 300 0 361
1373616000 0 303 0 394
1373608800 0 298 0 345
1373601600 0 296 0 362
1373594400 1661 65402 6508 277517
1373587200 9805 32633 183637 271431
1373580000 3215 95252 4421 181093
1373572800 2535 59007 10096 326397
1373565600 1381 28243 3603 118316
1373558400 685 6979 2168 50712
1373551200 0 505 0 1039
1373544000 0 335 0 621
1373536800 0 292 0 357
1373529600 0 301 0 379
1373522400 0 299 0 367
1373515200 0 295 0 354
1373508000 1697 38111 3107 113426
1373500800 2142 29097 5110 48043
1373493600 19311 28482 438632 402335
1373486400 713 5550 1951 75641
1373479200 791 13200 5291 215072
1373472000 1813 68506 21003 1117182
1373464800 0 421 0 1134
1373457600 0 296 0 350
1373450400 0 300 0 360
1373443200 0 308 0 374
1373436000 0 295 0 372
1373428800 0 297 0 349
1373421600 1169 16163 7146 55991
1373414400 2718 36437 9202 132887
1373407200 229628 474606 2133595 4237103
1373400000 3562 98159 29887 1527159
1373392800 1199 16936 2664 70866
1373385600 40002 138816 441001 1234194
1373378400 0 403 0 608
1373371200 0 322 0 452
1373364000 0 292 0 388
1373356800 0 292 0 366
1373349600 0 294 0 394
1373342400 0 292 0 377
1373335200 1123 17521 6648 142271
1373328000 38887 83102 880756 975139
1373320800 624094 57109 5564173 259699
1373313600 1173 14595 3367 46701
1373306400 2997 118782 130006 7103023
1373299200 157912 692004 3553911 7103023
1373292000 0 385 0 798
1373284800 0 270 0 543
1373277600 0 241 0 273
1373270400 0 239 0 277
1373263200 0 240 0 274
1373256000 0 243 0 278
1373248800 0 243 0 280
1373241600 0 244 0 290
1373234400 0 241 0 289
1373227200 0 241 0 269
1373220000 0 241 0 281
1373212800 0 244 0 284
1373205600 0 242 0 279
1373198400 0 244 0 283
1373191200 0 243 0 277
1373184000 0 243 0 285
1373176800 0 246 0 289
1373169600 0 244 0 280
1373162400 0 245 0 285
1373155200 0 244 0 284
1373148000 0 246 0 287
1373140800 0 249 0 285
1373133600 0 246 0 284
1373126400 0 245 0 276
1373119200 0 244 0 276
1373112000 0 247 0 283
1373104800 0 246 0 284
1373097600 0 246 0 290
1373090400 0 246 0 281
1373083200 0 246 0 281
1373076000 0 247 0 287
1373068800 0 245 0 280
1373061600 0 244 0 292
1373054400 0 242 0 282
1373047200 0 243 0 277
1373040000 0 244 0 280
1373032800 0 242 0 277
1373025600 0 242 0 277
1373018400 0 243 0 287
1373011200 0 247 0 279
1373004000 0 242 0 278
1372996800 0 243 0 276
1372989600 0 242 0 279
1372982400 0 238 0 287
1372975200 0 241 0 276
1372968000 0 244 0 283
1372960800 0 244 0 281
1372953600 0 257 0 295
1372946400 0 258 0 297
1372939200 0 256 0 301
1372932000 0 257 0 301
1372924800 0 256 0 297
1372917600 0 259 0 305
1372910400 0 263 0 298
1372903200 298 5457 1964 55413
1372896000 1785 45535 4690 157072
1372888800 1783 38836 4540 101243
1372881600 1301 24010 3650 160259
1372874400 1510 26746 5560 179609
1372867200 750 10327 2561 31298
1372860000 0 581 0 821
1372852800 0 412 0 523
1372845600 0 411 0 515
1372838400 0 392 0 483
1372831200 0 405 0 500
1372824000 0 405 0 498
1372816800 1901 59810 5834 253673
1372809600 2604 49394 8120 253612
1372802400 1923 35168 4714 88287
1372795200 1258 27581 2356 89555
1372788000 1442 27795 3563 131180
1372780800 1364 14825 5107 63599
1372773600 0 407 0 621
1372766400 0 328 0 469
1372759200 0 320 0 383
1372752000 0 317 0 398
1372744800 0 323 0 399
1372737600 0 319 0 397
1372730400 39188 46316 441803 414204
1372723200 1573 9320 2765 25729
1372716000 1197 2762 4093 9920
1372708800 679 1700 2996 4523
1372701600 0 465 0 633
1372694400 0 473 0 578
1372687200 0 433 0 629
1372680000 0 325 0 426
1372672800 0 315 0 375
1372665600 0 314 0 400
1372658400 0 315 0 381
1372651200 0 318 0 386
1372644000 0 320 0 375
1372636800 0 317 0 387
1372629600 0 318 0 394
1372622400 0 320 0 378
1372615200 0 317 0 383
1372608000 0 321 0 399
1372600800 0 318 0 391
1372593600 0 314 0 371
1372586400 0 315 0 379
1372579200 0 316 0 382
1372572000 0 313 0 407
1372564800 0 318 0 361
1372557600 0 312 0 388
1372550400 0 317 0 393
1372543200 0 322 0 391
1372536000 0 319 0 385
1372528800 0 319 0 392
1372521600 0 321 0 392
1372514400 0 321 0 383
1372507200 0 325 0 378
1372500000 0 319 0 376
1372492800 0 322 0 397
1372485600 0 319 0 386
1372478400 0 323 0 399
1372471200 165 1166 1094 13826
1372464000 8441 346621 88119 5578241
1372456800 37325 41699 871927 795628
1372449600 8038 234248 88255 3952239
1372442400 252 2281 5526 42258
1372435200 0 438 0 635
1372428000 0 385 0 747
1372420800 0 320 0 394
1372413600 0 315 0 370
1372406400 0 313 0 387
1372399200 0 319 0 377
1372392000 0 319 0 409
1372384800 1081 38222 3617 175685
1372377600 2214 84947 4733 264370
1372370400 1292 33410 2926 121109
1372363200 1213 36468 5390 351262
1372356000 2602 109088 35595 2092409
1372348800 37712 45602 435734 422567
1372341600 0 432 0 724
1372334400 0 317 0 407
1372327200 0 318 0 389
1372320000 0 317 0 378
1372312800 0 324 0 383
1372305600 0 319 0 396
1372298400 1045 26295 3237 125875
1372291200 1403 33242 2552 96201
1372284000 3420 129834 30035 1565707
1372276800 1020 12915 3637 46520
1372269600 1920 59123 8158 430084
1372262400 1299 35757 7257 342580
1372255200 0 426 0 627
1372248000 0 320 0 407
1372240800 0 309 0 380
1372233600 0 310 0 380
1372226400 0 315 0 362
1372219200 752 23172 3711 173318
1372204800 3776 22252 869594 794960
1372118400 3705 22890 437630 403775
1372032000 0 303 0 392
1371945600 9 425 2046 23928
1371859200 4358 25387 441290 655143
1371772800 5317 19093 829250 759463
1371686400 2375 18380 234130 497195
1371600000 3671 10275 868225 809674
1371513600 701 21111 13028 653890
1371427200 0 289 0 469
1371340800 0 292 1 395
1371254400 5304 13150 869991 799436
1371168000 580 9284 23906 1327178
1371081600 5264 14592 1289989 1293077
1370995200 585 7536 11037 493786
1370908800 521 7410 3770 92376
1370822400 0 236 0 301
1370736000 106 2134 9822 336986
1370649600 834 11392 48064 391730
1370563200 36594 19721 7251132 447411
1370476800 548 11316 5728 251627
1370390400 40417 21952 9999889 701646
1370304000 4987 9173 434364 392074
1370217600 0 285 0 339
1370131200 0 288 0 342
1370044800 3394 13152 792118 803124
1369958400 42407 50397 2052437 2067989
1369872000 13820 17999 1450784 1302647
1369785600 979 9077 66945 275857
1369699200 0 266 0 318
1369612800 0 267 0 330
1369526400 550 5430 53272 382372
1369440000 9707 15033 1300116 1182398
1369353600 627 7646 10006 197157
1369267200 2395 17919 420963 387486
1369180800 7999 30016 777575 5532642
1369094400 2385 8557 410290 372591
1369008000 0 233 0 301
1368921600 23 682 2669 67985
1368835200 934 16428 80930 528186
1368748800 918 24490 51927 2215763
1368662400 434 6642 9422 366429
1368576000 3397 13662 409733 410710
1368489600 4680 10861 753864 842933
1368403200 0 278 0 347
1368316800 11 594 2385 80031
1368230400 514 7717 9183 449307
1368144000 803 11357 19082 978891
1368057600 711 8149 34732 420460
1367971200 457 5999 14336 313956
1367884800 4841 54596 501893 4761838
1367798400 0 383 0 482
1367712000 45 910 2684 26810
1367625600 3370 10487 408717 470319
1367539200 3649 27664 815359 1971277
1367452800 4278 119036 770083 1540750
1367366400 1958 9804 407891 369364
1367280000 1350 10414 17809 521150
1367193600 0 270 0 333
1367107200 1494 2906 390886 365975
1367020800 2706 12792 391056 362658
1366934400 729 10521 14874 788230
1366848000 2509 6631 397047 366119
1366761600 0 415 954 1920
1366675200 927 7950 17247 953738
1366588800 0 298 0 355
1366502400 0 306 6926 255669
1366416000 1877 11014 397280 556565
1366329600 1228 30435 17513 756774
1366243200 369 2576 5652 29735
1366156800 2587 5434 394836 356616
1366070400 2481 3610 398044 359716
1365984000 0 306 0 362
1365897600 0 310 0 539
1365811200 458 5931 4985 180212
1365724800 619 9164 15179 776781
1365638400 5701 15211 786510 1229681
1365552000 569 4133 9191 197641
1365465600 439 6698 12876 630556
1365379200 0 338 0 389
1365292800 1 381 1023 8795
1365206400 611 5074 17987 814624
1365120000 3314 7419 396330 507983
1365033600 2692 6059 226120 207784
1364947200 438 6093 9152 491500
1364860800 2592 5301 397467 361662
1364774400 0 357 0 414
1364688000 0 360 5216 9213
1364601600 2340 19260 397896 467774
1364515200 27755 13398 6587563 1906483
1364428800 272 1770 3019 37783
1364342400 1896 3902 395515 357305
1364256000 468 7112 7068 716070
1364169600 0 338 0 397
1364083200 0 341 0 516
1363996800 410 4080 6523 88747
1363910400 1414 9971 14998 604489
1363824000 1389 8205 21489 158538
1363737600 4093 12722 788244 712927
1363651200 1272 2029 20885 25539
1363564800 0 509 0 631
1363478400 0 510 0 611
1363392000 479 2491 12241 245560
1363305600 622 17345 12629 637460
1363219200 509 7320 9568 465391
1363132800 486 3555 11152 111928
1363046400 476 3892 7454 347235
1362960000 0 542 0 6743
1362873600 33 840 793839 719582
1362787200 3221 9156 793839 719582
1362700800 3907 14126 408131 665413
1362614400 546 4360 36498 156984
1362528000 602 4893 38562 122793
1362441600 437 6331 20378 1022523
1362355200 0 306 0 2168
1362268800 42 547 3479 29928
1362182400 3724 9269 409445 369721
1362096000 682 10594 31344 883017
1362009600 822 6113 31847 486717
1361923200 1886 7593 405896 368202
1361836800 508 11805 7784 374390
1361750400 0 333 0 4904
1361664000 36 510 2220 16648
1361577600 277 1604 3427 91985
1361491200 1094 47744 82653 5104565
1361404800 4698 13076 813165 745347
1361318400 306 3475 3225 95198
1361232000 0 300 0 465
1361145600 0 302 0 673
1361059200 89 2329 10855 675372
1360972800 1137 16487 13366 675372
1360886400 1368 4495 18773 181959
1360800000 961 10664 17574 805942
1360713600 0 422 0 3361
1360627200 0 453 0 5666
1360540800 0 328 0 1215
1360454400 0 336 0 1462
1360368000 218 1179 5736 27056
1360281600 912 7416 10521 562206
1360195200 781 3643 17418 108466
1360108800 1170 4227 17570 379380
1360022400 717 3664 11605 166226
1359936000 0 362 0 1873
1359849600 72 2839 3310 131490
1359763200 618 13120 15766 832242
1359676800 481 5457 8211 99153
1359590400 560 8453 5870 274091
1359504000 627 12866 15923 806596
1359417600 677 14412 6602 167192
1359331200 0 267 0 644
1359244800 131 1268 15937 71166
1359158400 44468 30129 5923749 4926479
1359072000 556 6799 8870 793023
1358985600 1327 16759 20240 249116
1358899200 536 7588 25788 239744
1358812800 0 302 0 954
1358726400 0 295 0 610
1358640000 123 1478 13244 79904
1358553600 595 7403 8528 248702
1358467200 751 18154 29350 1410561
1358380800 48880 50408 4286318 4135456
1358294400 747 15331 9958 336296
1358208000 590 8654 4620 103702
1358121600 0 293 0 358
1358035200 61 1716 4444 73661
1357948800 770 19360 7752 223414
1357862400 517 6676 5833 211391
1357776000 454 7632 8412 430473
1357689600 394 4178 4479 246339
1357603200 519 3340 10211 74418
1357516800 0 258 0 416
1357430400 21 418 1161 8865
1357344000 7647 9157 2093479 1780144
1357257600 390 2606 10178 138777
1357171200 61294 67963 8663124 8662776
1357084800 0 219 0 249
1356998400 0 255 0 527
1356912000 0 229 0 263
1356825600 0 233 0 291
1356739200 0 293 0 578
1356652800 0 299 0 677
1356566400 0 281 0 591
1356480000 0 217 0 248
1356393600 0 218 0 252
1356307200 0 218 0 249
1356220800 0 221 0 267
1356134400 94 641 5375 17148
1356048000 296 2127 5415 214847
1355961600 1895 5590 300557 273600
1355875200 496 5171 15399 616564
1355788800 458 1864 3980 31772
1355702400 0 286 0 343
1355616000 88 620 7994 21685
1355529600 404 3423 8671 456313
1355443200 2427 2688 295415 167038
1355356800 1453 4711 140712 751212
1355270400 901 2462 37118 262041
1355184000 703 10583 25844 950165
1355097600 0 252 0 306
1355011200 64 1039 2969 87844
1354924800 674 12071 24136 951343
1354838400 363 1617 7457 108346
1354752000 692 4925 4196 74743
1354665600 467 4337 7615 406954
1354579200 541 4050 7623 385636
1354492800 0 237 0 290
1354406400 64 719 4122 29781
1354320000 973 34647 44907 2855400
1354233600 434 2939 6815 319714
1354147200 556 3496 8577 360349
1354060800 531 6568 14112 452392
1353974400 0 306 0 798
1353888000 0 222 0 291
1353801600 0 223 0 283
1353715200 0 224 0 288
1353628800 0 229 0 295
1353542400 59 640 21229 1389258
1353456000 795 7557 30285 1389258
1353369600 11929 8644 2258912 1232393
1353283200 0 284 0 341
1353196800 60 401 4289 21424
1353110400 505 8021 7471 358443
1353024000 372 2336 7748 243648
1352937600 689 16671 7080 279202
1352851200 842 20030 6753 362987
1352764800 1792 58833 62512 3476349
1352678400 0 250 0 373
1352592000 3 289 3143 29774
1352505600 1586 44197 58306 3011386
1352419200 569 6077 14264 509837
1352332800 0 309 0 528
1352246400 0 338 0 721
1352160000 0 312 0 639
1352073600 0 229 0 276
1351987200 0 233 0 284
1351900800 0 290 0 641
1351814400 568 4752 19838 762085
1351728000 0 267 0 4521
1351641600 0 226 0 522
1351555200 0 219 0 400
1351468800 0 230 0 312
1351382400 13 319 2529 19401
1351296000 533 4305 7745 245825
1351209600 454 6883 10843 743045
1351123200 364 2582 4700 195517
1351036800 4161 18717 343752 671756
1350950400 666 5404 11634 268814
1350864000 0 273 0 491
1350777600 0 282 0 421
1350691200 576 6338 6154 264290
1350604800 531 5325 7952 292600
1350518400 514 4388 9238 253781
1350432000 557 4808 6910 203632
1350345600 935 10929 54447 1463224
1350259200 0 275 0 331
1350172800 16 387 3225 25189
1350086400 597 5291 13430 363217
1350000000 478 3722 6794 238778
1349913600 11303 17003 3053510 2046561
1349827200 20866 21677 391364 1912484
1349740800 388 2438 5700 307794
1349654400 0 255 0 299
1349568000 18 613 4258 88933
1349481600 19316 57206 4979071 8637404
1349395200 637 3506 13073 214313
1349308800 697 5472 20363 293793
1349222400 684 11661 9131 412039
1349136000 147559 101399 4183786 5437120
1349049600 0 359 0 397
1348963200 0 370 0 503
1348876800 505 7934 5389 224297
1348790400 611 6789 10906 368636
1348704000 454 2955 10548 200023
1348617600 20500 22032 370958 5696779
1348531200 491 6702 9750 462558
1348444800 0 222 0 313
1348358400 0 232 0 376
1348272000 1615 7218 159592 165292
1348185600 3773 6633 489315 362382
1348099200 442 4117 14115 289871
1348012800 801 23261 68203 3559911
1347926400 888 5862 38353 197092
1347840000 0 303 0 409
1347753600 0 306 0 375
1347667200 980 7587 75316 185889
1347580800 13967 4056 1920809 231308
1347494400 839 25864 48904 2654458
1347408000 883 6744 120177 59461
1347321600 1493 7131 120177 494784
1347235200 0 295 0 356
1347148800 0 303 0 522
1347062400 55 1707 3385 75642
1346976000 825 15242 48388 711612
1346889600 0 401 0 1398
1346803200 0 372 0 869
1346716800 0 283 0 334
1346630400 0 282 0 336
1346544000 0 281 0 349
1346457600 0 367 0 561
1346371200 0 576 0 22860
1346284800 0 569 0 35541
1346198400 0 427 0 1060
1346112000 471 6989 5969 173554
1346025600 0 359 0 425
1345939200 0 366 0 444
1345852800 15309 7454 3827872 163484
1345766400 10818 16928 1920912 1576785
1345680000 1571 8152 116957 105636
1345593600 625 11739 6837 198816
1345507200 0 485 0 1086
1345420800 0 371 0 479
1345334400 41 975 2186 37200
1345248000 1674 11471 95983 432765
1345161600 1663 7356 111401 275643
1345075200 4741 9415 1221643 390131
1344988800 517 4820 7226 209778
1344902400 2276 4177 282159 144445
1344816000 0 307 0 361
1344729600 0 363 0 443
1344643200 13502 58621 3423441 1051919
1344556800 541 10062 7822 310281
1344470400 1340 10422 196714 411122
1344384000 5664 10962 1415116 265306
1344297600 1413 8649 157817 221195
1344211200 0 292 0 329
1344124800 0 293 0 407
1344038400 1034 16805 75763 406019
1343952000 1032 33931 29476 1686789
1343865600 679 15939 18556 709143
1343779200 4571 7154 427006 387396
1343692800 1474 8768 162620 352704
1343606400 0 284 0 332
1343520000 0 289 0 531
1343433600 544 9860 11556 618730
1343347200 625 8369 15056 402508
1343260800 638 10900 6032 271132
1343174400 751 22509 9019 406998
1343088000 775 14879 36925 652631
1343001600 0 387 0 434
1342915200 28 1192 4160 116494
1342828800 1245 12424 69112 380581
1342742400 1233 34191 12624 717053
1342656000 892 18537 8364 442660
1342569600 533 6153 3781 117963
1342483200 1394 50709 15031 712360
1342396800 0 329 0 408
1342310400 0 337 6347 23493
1342224000 2827 5834 244134 122018
1342137600 944 4208 76884 121288
1342051200 458 3974 10181 207783
1341964800 680 10580 18858 1146820
1341878400 773 4820 18294 282833
1341792000 0 334 0 537
1341705600 21 465 2137 16726
1341619200 652 5889 6197 245738
1341532800 22956 49064 2278040 986133
1341446400 0 328 0 512
1341360000 474 4483 13548 714720
1341273600 606 3637 4669 104395
1341187200 0 335 0 405
1341100800 0 344 0 558
1341014400 544 3676 3965 126328
1340928000 933 19101 29427 1539770
1340841600 736 6660 9980 313287
1340755200 681 6331 9649 205838
1340668800 997 15813 10838 244357
1340582400 0 274 0 362
1340496000 0 291 0 480
1340409600 819 9182 17419 375220
1340323200 549 3180 5444 191269
1340236800 449 5248 14463 745128
1340150400 368 3085 5204 283894
1340064000 738 12741 5479 205591
1339977600 0 266 0 360
1339891200 0 272 0 518
1339804800 11 431 2117 16534
1339718400 681 21494 39035 2384614
1339632000 535 12230 13579 731412
1339545600 600 6805 9860 524836
1339459200 476 8870 8899 525970
1339372800 0 248 0 314
1339286400 0 251 0 396
1339200000 18415 12331 4930061 1604914
1339113600 1179 33347 25018 1575887
1339027200 507 4004 4112 49179
1338940800 378 1729 4482 23061
1338854400 963 3907 115100 114327
1338768000 0 252 0 310
1338681600 0 260 1938 20326
1338595200 493 7012 3654 191340
1338508800 754 7095 17182 302467
1338422400 557 12283 25472 1602310
1338336000 412 7543 8697 506403
1338249600 0 249 0 381
1338163200 0 260 0 328
1338076800 0 263 0 370
1337990400 387 2765 5095 193862
1337904000 429 8644 22260 1577000
1337817600 438 3379 22241 321273
1337731200 759 13444 52570 3136449
1337644800 641 5138 16998 294609
1337558400 0 303 0 361
1337472000 0 307 1056 1835
1337385600 615 4184 6812 370886
1337299200 674 15986 33971 1905876
1337212800 697 17020 39841 2681344
1337126400 1023 21249 25643 1036323
1337040000 901 8061 25926 109471
1336953600 0 318 0 384
1336867200 41 527 5098 23650
1336780800 530 4453 12810 228149
1336694400 837 6482 12900 291959
1336608000 353 2454 3124 51280
1336521600 650 5454 13011 319590
1336435200 1627 15359 137201 263179
1336348800 0 495 0 986
1336262400 52 1731 2911 88518
1336176000 1380 10544 46495 491879
1336089600 1542 12120 60918 469408
1336003200 1118 8929 66144 161138
1335916800 870 6931 31396 399487
1335830400 4695 4702 411860 84221
1335744000 0 287 0 354
1335657600 0 287 0 382
1335571200 850 7924 9357 75078
1335484800 741 7539 10535 386288
1335398400 960 4873 28768 95089
1335312000 790 6924 9601 108710
1335225600 891 7884 5586 247612
1335139200 0 287 0 347
1335052800 9 373 3227 24376
1334966400 593 4660 4934 73520
1334880000 11210 52894 1976173 1642485
1334793600 421 2996 4645 37564
1334707200 591 4936 5429 186076
1334620800 18772 20985 5200674 693075
1334534400 0 279 0 339
1334448000 0 283 0 380
1334361600 582 4836 22282 147599
1334275200 16988 8334 6510465 1217529
1334188800 8649 14503 2058642 2073642
1334102400 808 12854 9596 232932
1334016000 557 6563 13245 101451
1333929600 0 288 0 455
1333843200 0 295 18 418
1333756800 662 9665 7611 214797
1333670400 661 10518 11174 325725
1333584000 756 12264 12051 535667
1333497600 1950 7235 247613 293377
1333411200 511 5089 5914 308740
1333324800 0 269 0 330
1333238400 0 271 0 423
1333152000 505 5805 4951 84343
1333065600 585 8962 4950 254928
1332979200 669 13851 14747 869301
1332892800 1844 8869 341182 250665
1332806400 599 8484 4392 104587
1332720000 0 459 0 572
1332633600 0 536 86063 79350
1332547200 932 9143 86063 342178
1332460800 736 12946 10726 519157
1332374400 683 13014 7618 415713
1332288000 579 7779 5965 162892
1332201600 661 9131 6346 352137
1332115200 0 431 0 634
1332028800 0 439 0 608
1331942400 817 10435 15879 224677
1331856000 827 8339 30431 240740
1331769600 516 5664 3192 92499
1331683200 1186 4818 193693 181898
1331596800 599 6803 4123 85791
1331510400 0 447 0 569
1331424000 25 581 5022 22142
1331337600 622 8143 6625 114549
1331251200 553 6185 8474 208709
1331164800 377 4454 7616 66959
1331078400 536 9427 8573 527700
1330992000 567 7029 6323 110833
1330905600 0 442 0 507
1330819200 44 893 1911 28840
1330732800 49114 43129 4040658 3113132
1330646400 431 2789 2174 24272
1330560000 575 5111 6391 96815
1330473600 397 4191 4397 158636
1330387200 780 26131 88043 5702062
1330300800 0 439 0 515
1330214400 87 1817 2295 62037
1330128000 577 7704 29150 127480
1330041600 720 10655 14133 128027
1329955200 549 5865 5298 156063
1329868800 343 2939 5264 43183
1329782400 0 433 0 516
1329696000 0 446 0 541
1329609600 113 1829 4142 57236
1329523200 611 8667 8561 234366
1329436800 627 7760 20646 236107
1329350400 575 6874 4751 124270
1329264000 517 9138 3125 107253
1329177600 453 4037 14047 79398
1329091200 0 263 0 335
1329004800 100 1191 4167 50817
1328918400 1366 5151 143118 130055
1328832000 488 6120 3932 99145
1328745600 646 8510 5269 91291
1328659200 714 5632 16138 96303
1328572800 513 2903 6460 98912
1328486400 0 263 0 472
1328400000 87 798 2267 39266
1328313600 703 5534 19603 86363
1328227200 7176 4132 1951581 81581
1328140800 416 3264 7006 53383
1328054400 983 5329 138338 163196
1327968000 435 3095 20612 51926
1327881600 0 265 0 343
1327795200 65 973 4580 35362
1327708800 550 6618 17948 759970
1327622400 1436 3732 142377 130793
1327536000 361 5245 3425 155539
1327449600 335 3988 6414 80944
1327363200 655 17529 24913 1438811
1327276800 0 257 0 374
1327190400 76 1344 1902 47814
1327104000 3540 3763 913480 90481
1327017600 605 17022 35996 1956849
1326931200 458 7343 7294 306577
1326844800 449 8556 3997 138385
1326758400 0 238 0 289
1326672000 0 246 0 289
1326585600 89 2046 2218 70003
1326499200 523 4988 20843 100668
1326412800 925 6077 87887 131475
1326326400 393 2737 3791 72775
1326240000 399 1698 14520 35389
1326153600 390 3818 3709 147833
1326067200 0 260 0 420
1325980800 7 326 1415 13683
1325894400 349 1850 2995 39995
1325808000 63816 58355 2754457 3360424
1325721600 363 2739 3665 84865
1325635200 366 2210 3615 89920
1325548800 0 246 0 293
1325462400 0 248 0 298
1325376000 0 254 0 323
1325289600 0 285 0 499
1325203200 0 303 0 540
1325116800 0 307 0 949
1325030400 0 321 0 843
1324944000 0 257 0 310
1324857600 0 255 0 308
1324771200 0 254 0 309
1324684800 0 259 0 312
1324598400 0 351 0 842
1324512000 350 2270 3574 40651
1324425600 502 7114 6003 76808
1324339200 356 4421 2769 90227
1324252800 0 246 0 296
1324166400 58 847 3126 80913
1324080000 410 3312 2946 80913
1323993600 424 5898 4371 174832
1323907200 516 11245 6303 284727
1323820800 387 3441 7255 58386
1323734400 437 7168 12152 617492
1323648000 0 289 0 336
1323561600 51 1065 1858 43984
1323475200 423 5137 8835 443009
1323388800 440 4254 9566 508891
1323302400 751 4120 26246 84259
1323216000 484 2278 4237 177015
1323129600 397 4763 13878 724217
1323043200 0 295 0 341
1322956800 48 388 5118 11359
1322870400 506 5197 10169 488158
1322784000 724 10501 14678 395415
1322697600 5619 16436 1325478 1256023
1322611200 5474 15966 1320718 1560792
1322524800 0 335 0 697
1322438400 0 285 0 344
1322352000 0 284 0 340
1322265600 0 281 0 323
1322179200 0 284 0 333
1322092800 0 350 0 1002
1322006400 0 377 0 902
1321920000 0 357 0 732
1321833600 0 296 0 346
1321747200 89 3296 8104 474527
1321660800 568 7242 14418 570789
1321574400 1597 21648 225222 246939
1321488000 646 6485 11225 190472
1321401600 706 7775 14811 248896
1321315200 763 17901 13866 723867
1321228800 0 297 0 348
1321142400 40 1366 1833 50050
1321056000 742 21672 17368 842192
1320969600 585 8339 7479 302706
1320883200 665 8784 11402 305576
1320796800 771 10803 11930 303116
1320710400 434 4834 4686 231401
1320624000 0 376 0 460
1320537600 0 379 0 453
1320451200 613 7490 6841 236034
1320364800 754 9924 8113 191038
1320278400 483 3480 10326 157964
1320192000 22 826 2949 70243
1320105600 9973 11438 1384423 958850
1320019200 0 321 0 383
1319932800 0 337 0 407
1319846400 15 688 2273 35579
1319760000 2426 14525 391542 672178
1319673600 611 12013 10324 184224
1319587200 0 515 0 1038
1319500800 778 4361 24248 167460
1319414400 0 340 0 384
1319328000 0 360 0 428
1319241600 2118 15665 231953 595013
1319155200 793 7238 30204 179811
1319068800 474 7893 9195 143433
1318982400 506 10880 5814 254444
1318896000 736 5549 19455 493092
1318809600 0 409 0 460
1318723200 0 422 0 480
1318636800 505 7992 6167 225974
1318550400 637 8524 22611 560047
1318464000 690 8901 13018 272503
1318377600 2276 13093 441504 453054
1318291200 924 21634 44316 2126636
1318204800 0 331 0 375
1318118400 47 1087 6366 43799
1318032000 666 4811 10450 87121
1317945600 649 8907 5387 250836
1317859200 300 3376 6332 222470
1317772800 1072 8132 23748 297122
1317686400 5478 9504 189972 208035
1317600000 0 405 0 531
1317513600 0 424 0 570
1317427200 1386 5374 90452 83236
1317340800 2201 6304 13216 118683
1317254400 5468 11079 623734 631341
1317168000 1343 5185 112340 105110
1317081600 450 4153 8657 286895
1316995200 0 371 0 415
1316908800 1 387 14754 55378
1316822400 2025 12712 100476 214244
1316736000 890 3205 46055 103099
1316649600 849 15851 18351 270013
1316563200 1099 5700 41465 450490
1316476800 2183 5724 144024 63465
1316390400 0 284 0 319
1316304000 0 290 0 343
1316217600 6575 10861 901358 480262
1316131200 735 3956 24982 53350
1316044800 819 3963 15770 107813
1315958400 14760 10668 1646534 2262054
1315872000 10880 20108 1705630 592510
1315785600 0 444 0 485
1315699200 31 583 1496 11027
1315612800 401 2236 3569 60333
1315526400 2711 17299 205437 395403
1315440000 4488 19712 739425 1056249
1315353600 704 8972 42329 394917
1315267200 0 291 0 336
1315180800 0 292 0 331
1315094400 0 292 0 362
1315008000 515 3733 12915 56154
1314921600 1353 5834 72245 125985
1314835200 1043 11383 44109 112571
1314748800 1824 4452 359466 324915
1314662400 563 2502 31545 166397
1314576000 0 140 0 152
1314489600 0 139 0 155
1314403200 1617 12727 148293 534770
1314316800 7181 63192 1065420 3902538
1314230400 607 13416 12019 200091
1314144000 2481 9642 189477 285978
1314057600 1729 7416 64461 208022
1313971200 0 337 0 411
1313884800 7 463 2587 35872
1313798400 1326 43252 13790 405570
1313712000 1355 23613 22297 286394
1313625600 844 11570 29048 132120
1313539200 2262 10556 109767 166890
1313452800 2230 14470 93855 147881
1313366400 0 246 0 357
1313280000 77 1384 3477 76792
1313193600 682 6652 15333 98361
1313107200 2110 22912 93411 360908
1313020800 1744 16400 143246 549073
1312934400 1049 33479 8694 300750
1312848000 1972 26858 149885 283624
1312761600 0 360 0 397
1312675200 59 1426 5794 223066
1312588800 2547 11805 174102 255945
1312502400 837 10112 7097 100063
1312416000 1146 31788 79878 4384945
1312329600 982 24375 8996 366271
1312243200 980 12148 73379 383220
1312156800 0 421 0 473
1312070400 0 428 0 517
1311984000 6004 12143 1359576 974077
1311897600 1007 20793 18612 690655
1311811200 2154 30427 94079 353338
1311724800 1014 23282 16514 287077
1311638400 1837 16501 81574 286502
1311552000 31 323 31 373
1311465600 31 341 31 452
1311379200 4538 25869 692842 386668
1311292800 23329 35921 2459507 2152839
1311206400 1571 8051 57873 243260
1311120000 1949 22685 137668 982188
1311033600 5311 24572 1064966 2116468
1310947200 0 0 0 0
1310860800 11 187 31 474
1310774400 365 2908 5351 179456
1310688000 750 8308 69947 1749465
1310601600 2234 28346 197730 3548297
1310515200 2226 12408 112921 140243
1310428800 2478 11018 110518 629457
1310342400 31 438 31 493
1310256000 122 3259 5272 186730
1310169600 2376 29755 15975 361666
1310083200 5450 29347 458805 463419
1309996800 9269 17374 1245289 327691
1309910400 1233 5662 122519 94797
1309824000 31 334 31 409
1309737600 31 337 31 386
1309651200 38 414 21251 1068117
1309564800 18620 29993 1399524 1068117
1309478400 4859 9225 309669 218877
1309392000 3906 15804 112607 253215
1309305600 1056 7493 24644 114884
1309219200 3201 23466 125318 261297
1309132800 31 385 31 429
1309046400 1633 1116 198719 80605
