1377805801 4206485582 2555280165
1377805801 1670 9968 1670 9968
1377805502 3696 13281 3696 13281
1377805500 3694 13283 3696 14042
1377805200 3229 13965 3246 14042
1377804900 806 2574 810 2579
1377804600 251 1830 361 1831
1377804300 362 1533 540 1731
1377804000 539 1729 540 1731
1377803700 396 1295 975 2541
1377803400 979 2578 1615 8110
1377803100 1612 8106 1615 8110
1377802800 864 7152 1118 9493
1377802500 1117 9469 1118 9493
1377802200 860 2512 1967 21046
1377801900 1964 20937 1967 21046
1377801600 1602 4753 1606 4763
1377801300 594 1841 1166 5464
1377801000 1160 5437 1166 5464
1377800700 355 1455 550 1797
1377800400 548 1794 550 1797
1377800100 328 1425 772 3040
1377799800 770 3035 772 3040
1377799500 454 1743 455 1744
1377799200 278 1509 291 1512
1377798900 290 1191 291 1512
1377798600 285 1510 286 1512
1377798300 231 1234 394 1322
1377798000 393 1322 394 1463
1377797700 321 1463 349 1517
1377797400 348 1514 349 1517
1377797100 280 1152 446 1515
1377796800 445 1514 446 1515
1377796500 230 1361 343 1398
1377796200 342 1398 343 1405
1377795900 309 1406 310 1638
1377795600 294 1636 295 1638
1377795300 278 1086 280 1488
1377795000 280 1486 322 1488
1377794700 321 1273 322 1320
1377794400 306 1320 307 1448
1377794100 298 1449 310 1598
1377793800 310 1597 329 1598
1377793500 330 1363 512 1842
1377793200 511 1842 512 1925
1377792900 334 1921 335 1925
1377792600 316 1487 3088 4682
1377792300 3069 4661 3088 4682
1377792000 295 1622 377 1623
1377791700 377 1580 465 1703
1377791400 464 1701 465 1703
1377791100 365 1459 422 4211
1377790800 423 4204 878 4211
1377790500 876 2228 878 2229
1377790200 337 1963 420 1973
1377789900 421 1977 787 3249
1377789600 788 3252 955 3742
1377789300 954 3730 955 3742
1377789000 817 2048 1151 2225
1377788700 1151 2239 1161 6589
1377788400 1158 6559 1161 6589
1377788100 765 2177 822 2448
1377787800 821 2443 822 2448
1377787500 772 1764 830 2392
1377787200 833 2405 1419 4389
1377786900 1416 4385 1419 4389
1377786600 1067 3934 3241 21154
1377786300 3227 21035 3241 21154
1377786000 1184 3325 1187 3330
1377785700 495 2056 547 2532
1377785400 549 2536 1215 3783
1377785100 1210 3769 1215 3783
1377784800 540 1703 542 1920
1377784500 367 1916 368 1920
1377784200 340 1467 341 1640
1377783900 323 1638 373 1640
1377783600 373 1456 379 1881
1377783300 378 1878 379 1881
1377783000 371 1441 372 1442
1377782700 372 1376 525 1531
1377782400 524 1530 525 1531
1377782100 297 1383 326 1384
1377781800 326 1347 382 1487
1377781500 382 1485 429 1487
1377781200 428 1224 429 1249
1377780900 356 1249 435 1280
1377780600 434 1280 435 1322
1377780300 345 1321 369 1322
1377780000 369 1196 392 1393
1377779700 391 1391 392 1393
1377779400 359 1100 467 1951
1377779100 467 1949 548 1951
1377778800 547 1674 548 1676
1377778500 321 1114 322 1115
1377778200 278 1008 372 1272
1377777900 371 1271 372 1272
1377777600 359 1075 393 1212
1377777300 394 1212 892 1236
1377777000 888 1235 892 1236
1377776700 308 1155 376 1156
1377776400 376 1022 391 1144
1377776100 390 1142 391 1144
1377775800 333 970 418 1082
1377775500 418 1082 566 1221
1377775200 564 1219 566 1221
1377774900 340 999 341 1000
1377774600 264 916 393 1060
1377774300 392 1059 393 1060
1377774000 355 935 478 1116
1377773700 478 1116 513 1187
1377773400 512 1186 513 1187
1377773100 347 979 348 980
1377772800 332 936 343 1050
1377772500 342 1049 343 1050
1377772200 304 961 460 1085
1377771900 461 1086 698 1266
1377771600 695 1263 698 1266
1377771300 286 937 313 938
1377771000 313 922 378 1130
1377770700 377 1128 378 1130
1377770400 276 933 502 3190
1377770100 501 3183 502 3190
1377769800 481 1134 482 1135
1377769500 366 1099 367 1101
1377769200 272 890 415 1188
1377768900 414 1187 415 1188
1377768600 354 1078 355 1186
1377768300 345 1185 545 1186
1377768000 543 1133 545 1134
1377767700 347 1131 348 1132
1377767400 317 1067 365 1149
1377767100 365 1149 434 1152
1377766800 433 1151 434 1152
1377766500 395 1098 396 1145
1377766200 332 1145 447 1234
1377765900 446 1232 447 1234
1377765600 317 943 398 1142
1377765300 397 1141 398 1142
1377765000 295 1087 370 1088
1377764700 370 1073 611 1241
1377764400 609 1240 611 1241
1377764100 388 1158 401 1159
1377763800 400 1096 401 1151
1377763500 377 1150 378 1151
1377763200 280 1083 380 1093
1377762900 379 1093 380 1236
1377762600 339 1234 340 1236
1377762300 298 1018 387 1041
1377762000 387 1041 388 1157
1377761700 387 1156 388 1157
1377761400 294 1078 530 1491
1377761100 529 1489 530 1491
1377760800 481 1213 482 1214
1377760500 345 1015 346 1016
1377760200 329 973 552 1222
1377759900 550 1219 552 1222
1377759600 254 898 403 1123
1377759300 402 1122 403 1123
1377759000 335 1042 336 1043
1377758700 320 991 332 992
1377758400 333 920 482 1123
1377758100 481 1123 482 1220
1377757800 302 1219 370 1220
1377757500 370 1108 533 1574
1377757200 532 1572 533 1574
1377756900 328 1011 399 1042
1377756600 398 1042 399 1126
1377756300 385 1124 386 1126
1377756000 244 848 403 1053
1377755700 402 1053 403 1078
1377755400 338 1078 392 1116
1377755100 391 1114 392 1116
1377754800 319 932 580 1238
1377754500 579 1237 580 1238
1377754200 297 1018 364 1027
1377753900 364 1027 467 1197
1377753600 466 1196 467 1197
1377753300 387 1111 388 1354
1377753000 341 1353 478 1354
1377752700 477 1211 478 1213
1377752400 265 896 389 1054
1377752100 388 1054 389 1106
1377751800 332 1105 333 1106
1377751500 328 1078 329 1080
1377751200 304 893 419 1129
1377750900 418 1127 419 1129
1377750600 323 921 407 1125
1377750300 407 1125 506 1233
1377750000 505 1232 506 1233
1377749700 410 1133 411 1134
1377749400 368 1045 493 1314
1377749100 492 1312 493 1314
1377748800 366 1021 410 1083
1377748500 409 1084 410 1314
1377748200 347 1313 348 1314
1377747900 316 1022 317 1023
1377747600 309 890 415 1095
1377747300 414 1093 415 1095
1377747000 340 900 410 1127
1377746700 410 1150 543 4720
1377746400 542 4707 543 4720
1377746100 364 1031 365 1032
1377745800 328 1007 378 1101
1377745500 378 1100 379 1101
1377745200 378 1028 379 1029
1377744900 373 1024 374 1115
1377744600 346 1114 347 1115
1377744300 301 964 316 965
1377744000 316 954 541 1258
1377743700 539 1256 541 1258
1377743400 361 958 392 1064
1377743100 392 1064 666 1345
1377742800 665 1344 666 1345
1377742500 480 1161 482 1163
1377742200 318 958 452 1170
1377741900 450 1168 452 1170
1377741600 285 985 397 1029
1377741300 396 1029 397 1046
1377741000 344 1045 345 1046
1377740700 300 988 323 989
1377740400 323 861 412 1122
1377740100 411 1120 412 1122
1377739800 371 862 388 1088
1377739500 388 1087 470 1088
1377739200 469 1036 470 1048
1377738900 359 1046 360 1048
1377738600 303 874 363 1077
1377738300 363 1075 370 1077
1377738000 370 905 386 1018
1377737700 385 1017 386 1018
1377737400 349 997 425 1048
1377737100 424 1047 425 1048
1377736800 315 820 630 1255
1377736500 628 1253 630 1255
1377736200 282 835 386 1070
1377735900 386 1070 498 1122
1377735600 496 1120 498 1122
1377735300 326 938 327 939
1377735000 258 796 482 1060
1377734700 480 1057 482 1060
1377734400 240 754 360 1012
1377734100 360 1012 418 1095
1377733800 417 1093 418 1095
1377733500 303 937 336 938
1377733200 336 808 436 1033
1377732900 434 1031 436 1033
1377732600 255 834 303 896
1377732300 304 897 522 1051
1377732000 520 1050 522 1051
1377731700 363 1041 364 1200
1377731400 289 1199 482 1200
1377731100 480 1052 482 1053
1377730800 284 965 306 1158
1377730500 306 1158 446 1277
1377730200 445 1276 446 1277
1377729900 318 1133 564 1349
1377729600 563 1349 564 1494
1377729300 435 1492 436 1494
1377729000 301 1333 350 1334
1377728700 351 1225 667 2081
1377728400 666 2078 667 2081
1377728100 513 1486 1686 5065
1377727800 1679 5040 1686 5065
1377727500 650 1453 653 1454
1377727200 281 1329 974 3736
1377726900 973 3729 974 3736
1377726600 685 1654 870 2301
1377726300 872 2305 1506 3527
1377726000 1501 3517 1506 3527
1377725700 817 2141 819 2308
1377725400 620 2355 1321 9375
1377725100 1323 9357 1696 9375
1377724800 1692 6692 1696 6704
1377724500 796 3107 1165 3112
1377724200 1172 2570 2264 13717
1377723900 2269 13847 3076 33276
1377723600 3061 33066 3076 33276
1377723300 890 1812 911 1813
1377723000 909 1754 911 1756
1377722700 539 1624 1755 27298
1377722400 1746 27130 1755 27298
1377722100 510 2218 512 2225
1377721800 255 1313 263 1316
1377721500 265 1319 651 1780
1377721200 649 1778 651 1780
1377720900 407 1623 605 1624
1377720600 610 1629 1467 4930
1377720300 1464 4920 1467 4930
1377720000 678 2217 706 2414
1377719700 706 2413 865 2414
1377719400 872 2395 1994 5860
1377719100 1986 5834 1994 5860
1377718800 871 2032 872 2316
1377718500 769 2311 772 2316
1377718200 465 1570 814 1771
1377717900 813 1770 814 1771
1377717600 635 1606 636 1721
1377717300 503 1730 1669 4619
1377717000 1664 4608 1669 4619
1377716700 439 1577 440 1578
1377716400 297 1506 914 3416
1377716100 911 3403 914 3416
1377715800 514 1605 516 1607
1377715500 353 1396 584 1397
1377715200 583 1275 584 1349
1377714900 443 1349 445 1482
1377714600 223 1481 282 1482
1377714300 283 1330 484 1396
1377714000 482 1396 484 1454
1377713700 309 1455 849 1714
1377713400 850 1759 1272 15451
1377713100 1269 15379 1272 15451
1377712800 952 4698 953 4702
1377712500 946 3774 1057 8386
1377712200 1052 8341 1057 8386
1377711900 419 1718 1853 7479
1377711600 1843 7438 1853 7479
1377711300 363 1425 365 1426
1377711000 214 1308 243 1310
1377710700 243 1124 448 1326
1377710400 447 1326 448 1410
1377710100 370 1410 371 1468
1377709800 299 1466 321 1468
1377709500 320 1257 321 1258
1377709200 220 1188 230 1214
1377708900 232 1215 645 1463
1377708600 642 1461 645 1463
1377708300 271 1304 272 1321
1377708000 222 1322 376 1487
1377707700 375 1486 376 1487
1377707400 350 1479 362 1480
1377707100 369 1452 1475 12476
1377706800 1472 12412 1475 12476
1377706500 1024 2939 1027 2944
1377706200 369 1613 402 1614
1377705900 401 1505 402 1506
1377705600 393 1404 449 1666
1377705300 465 1748 2983 13995
1377705000 2972 13935 2983 13995
1377704700 1463 5111 1470 5136
1377704400 457 1527 458 1528
1377704100 353 1445 1322 8950
1377703800 1327 8955 2958 10744
1377703500 2961 10740 3910 10744
1377703200 3901 9785 3910 9804
1377702900 1213 4370 1217 4381
1377702600 647 2821 649 3098
1377702300 449 3093 450 3098
1377702000 368 1700 1005 13744
1377701700 1037 13794 5897 21322
1377701400 5861 21192 5897 21322
1377701100 518 1885 520 1886
1377700800 266 1777 425 1827
1377700500 427 1830 1266 2796
1377700200 1262 2802 1266 3836
1377699900 717 3990 5620 26956
1377699600 5601 26866 5620 26956
1377699300 0 20 0 21
1377699000 0 0 0 0
1377698700 0 0 0 0
1377698400 0 0 0 0
1377698100 0 0 0 0
1377697800 0 0 0 0
1377697500 0 0 0 0
1377697200 0 0 0 0
1377696900 0 0 0 0
1377696600 0 0 0 0
1377696300 0 0 0 0
1377696000 0 0 0 0
1377695700 0 0 0 0
1377695400 0 0 0 0
1377695100 0 0 0 0
1377694800 0 0 0 0
1377694500 0 0 0 0
1377694200 0 0 0 0
1377693900 0 0 0 0
1377693600 0 0 0 0
1377693300 0 0 0 0
1377693000 0 0 0 0
1377692700 0 0 0 0
1377692400 0 0 0 0
1377692100 0 0 0 0
1377691800 0 0 0 0
1377691500 0 0 0 0
1377691200 0 0 0 0
1377690900 0 0 0 0
1377690600 0 0 0 0
1377690300 0 0 0 0
1377690000 0 0 0 0
1377689700 0 0 0 0
1377689400 0 0 0 0
1377689100 0 0 0 0
1377688800 0 0 0 0
1377688500 0 0 0 0
1377688200 0 0 0 0
1377687900 0 0 0 0
1377687600 0 0 0 0
1377687300 0 0 0 0
1377687000 0 0 0 0
1377686700 0 0 0 0
1377686400 0 0 0 0
1377686100 0 0 0 0
1377685800 0 0 0 0
1377685500 0 0 0 0
1377685200 0 0 0 0
1377684900 0 0 0 0
1377684600 0 0 0 0
1377684300 0 0 0 0
1377684000 0 0 0 0
1377683700 0 0 0 0
1377683400 0 0 0 0
1377683100 0 0 0 0
1377682800 0 0 0 0
1377682500 0 0 0 0
1377682200 0 0 0 0
1377681900 0 0 0 0
1377681600 0 0 0 0
1377681300 0 0 0 0
1377681000 0 0 0 0
1377680700 0 0 0 0
1377680400 0 0 0 0
1377680100 0 0 0 0
1377679800 0 0 0 0
1377679500 0 0 0 0
1377679200 0 0 0 0
1377678900 0 0 0 0
1377678600 0 0 0 0
1377678300 0 0 0 0
1377678000 0 0 0 0
1377677700 0 0 0 0
1377677400 0 0 0 0
1377677100 0 0 0 0
1377676800 0 0 0 0
1377676500 0 0 0 0
1377676200 0 0 0 0
1377675900 0 0 0 0
1377675600 0 0 0 0
1377675300 0 0 0 0
1377675000 0 0 0 0
1377674700 0 0 0 0
1377674400 0 0 0 0
1377674100 0 0 0 0
1377673800 0 0 0 0
1377673500 0 0 0 0
1377673200 0 0 0 0
1377672900 0 0 0 0
1377672600 0 0 0 0
1377672300 0 0 0 0
1377672000 0 0 0 0
1377671700 0 0 0 0
1377671400 0 0 0 0
1377671100 0 0 0 0
1377670800 0 0 0 0
1377670500 0 0 0 0
1377670200 0 0 0 0
1377669900 0 0 0 0
1377669600 0 0 0 0
1377669300 0 0 0 0
1377669000 0 0 0 0
1377668700 0 0 0 0
1377668400 0 0 0 0
1377668100 0 0 0 0
1377667800 0 0 0 0
1377667500 0 0 0 0
1377667200 0 0 0 0
1377666900 0 0 0 0
1377666600 0 0 0 0
1377666300 0 0 0 0
1377666000 0 0 0 0
1377665700 0 0 0 0
1377665400 0 0 0 0
1377665100 0 0 0 0
1377664800 0 0 0 0
1377664500 0 0 0 0
1377664200 0 0 0 0
1377663900 0 0 0 0
1377663600 0 0 0 0
1377663300 0 0 0 0
1377663000 0 0 0 0
1377662700 0 0 0 0
1377662400 0 0 0 0
1377662100 0 0 0 0
1377661800 0 0 0 0
1377661500 0 0 0 0
1377661200 0 0 0 0
1377660900 0 0 0 0
1377660600 0 0 0 0
1377660300 0 0 0 0
1377660000 0 0 0 0
1377659700 0 0 0 0
1377659400 0 0 0 0
1377659100 0 0 0 0
1377658800 0 0 0 0
1377658500 0 0 0 0
1377658200 0 0 0 0
1377657900 0 0 0 0
1377657600 0 0 0 0
1377657300 0 0 0 0
1377657000 0 0 0 0
1377656700 0 0 0 0
1377656400 0 0 0 0
1377656100 0 0 0 0
1377655800 0 0 0 0
1377655500 0 0 0 0
1377655200 0 0 0 0
1377654900 0 0 0 0
1377654600 0 0 0 0
1377654300 0 0 0 0
1377654000 0 0 0 0
1377653700 0 0 0 0
1377653400 0 0 0 0
1377653100 0 0 0 0
1377652800 0 0 0 0
1377652500 0 0 0 0
1377652200 0 0 0 0
1377651900 0 0 0 0
1377651600 0 0 0 0
1377651300 0 0 0 0
1377651000 0 0 0 0
1377650700 0 0 0 0
1377650400 0 0 0 0
1377650100 0 0 0 0
1377649800 0 0 0 0
1377649500 0 0 0 0
1377649200 0 0 0 0
1377648900 0 0 0 0
1377648600 0 0 0 0
1377648300 0 0 0 0
1377648000 0 0 0 0
1377647700 0 0 0 0
1377647400 0 0 0 0
1377647100 0 0 0 0
1377646800 0 0 0 0
1377646500 0 0 0 0
1377646200 0 0 0 0
1377645900 0 0 0 0
1377645600 0 0 0 0
1377645300 0 0 0 0
1377645000 0 0 0 0
1377644700 0 0 0 0
1377644400 0 0 0 0
1377644100 0 0 0 0
1377643800 0 0 0 0
1377643500 0 0 0 0
1377643200 0 0 0 0
1377642900 0 0 0 0
1377642600 0 0 0 0
1377642300 0 0 0 0
1377642000 0 0 0 0
1377641700 0 0 0 0
1377641400 0 0 0 0
1377641100 0 0 0 0
1377640800 0 0 0 0
1377640500 0 0 0 0
1377640200 0 0 0 0
1377639900 0 0 0 0
1377639600 0 0 0 0
1377639300 0 0 0 0
1377639000 0 0 0 0
1377638700 0 0 0 0
1377638400 0 0 0 0
1377638100 0 0 0 0
1377637800 0 0 0 0
1377637500 0 0 0 0
1377637200 0 0 0 0
1377636900 0 0 0 0
1377636600 0 0 0 0
1377636300 0 0 0 0
1377636000 0 0 0 0
1377635700 0 0 0 0
1377635400 0 0 0 0
1377635100 0 0 0 0
1377634800 0 0 0 0
1377634500 0 0 0 0
1377634200 0 0 0 0
1377633900 0 0 0 0
1377633600 0 0 0 0
1377633300 0 0 0 0
1377633000 0 0 0 0
1377632700 0 0 0 0
1377632400 0 0 0 0
1377632100 0 0 0 0
1377631800 0 0 0 0
1377631500 0 0 0 0
1377631200 0 0 0 0
1377630900 0 0 0 0
1377630600 0 0 0 0
1377630300 0 0 0 0
1377630000 0 0 0 0
1377629700 0 0 0 0
1377629400 0 0 0 0
1377629100 0 0 0 0
1377628800 0 0 0 0
1377628500 0 0 0 0
1377628200 0 0 0 0
1377627900 0 0 0 0
1377627600 0 0 0 0
1377627300 0 0 0 0
1377627000 0 0 0 0
1377626700 0 0 0 0
1377626400 0 0 0 0
1377626100 0 0 0 0
1377625800 0 0 0 0
1377624600 0 0 0 0
1377622800 0 0 0 0
1377621000 0 0 0 0
1377619200 0 0 0 0
1377617400 0 0 0 0
1377615600 0 0 0 0
1377613800 0 0 0 0
1377612000 0 0 0 0
1377610200 0 0 0 0
1377608400 0 0 0 0
1377606600 0 0 0 0
1377604800 0 0 0 0
1377603000 0 0 0 0
1377601200 0 0 0 0
1377599400 0 0 0 0
1377597600 0 0 0 0
1377595800 0 0 0 0
1377594000 0 0 0 0
1377592200 0 0 0 0
1377590400 0 0 0 0
1377588600 0 0 0 0
1377586800 0 0 0 0
1377585000 0 0 0 0
1377583200 0 0 0 0
1377581400 0 0 0 0
1377579600 0 0 0 0
1377577800 0 0 0 0
1377576000 0 0 0 0
1377574200 0 0 0 0
1377572400 0 0 0 0
1377570600 0 0 0 0
1377568800 0 0 0 0
1377567000 0 0 0 0
1377565200 0 0 0 0
1377563400 0 0 0 0
1377561600 0 0 0 0
1377559800 0 0 1042 1505
1377558000 929 1784 1435 4887
1377556200 1144 3061 2472 16679
1377554400 2328 9636 3449 16679
1377552600 2142 7081 10830 30768
1377550800 2894 8173 10830 30768
1377549000 994 2146 3222 4800
1377547200 587 1613 788 1665
1377545400 642 1856 1097 2263
1377543600 803 3038 1505 7429
1377541800 852 5535 1264 18205
1377540000 1727 28510 3468 98670
1377538200 2312 71755 10154 418070
1377536400 1007 2927 1451 4468
1377534600 1230 3240 1998 5871
1377532800 810 2391 1441 3036
1377531000 706 3044 1385 8986
1377529200 1153 4395 6722 17111
1377527400 4349 20705 6722 36043
1377525600 0 0 0 0
1377523800 0 0 0 0
1377522000 0 0 0 0
1377520200 0 0 0 0
1377518400 0 0 0 0
1377516600 0 0 0 0
1377514800 0 0 0 0
1377513000 0 0 0 0
1377511200 0 0 0 0
1377509400 0 0 0 0
1377507600 0 0 0 0
1377505800 0 0 0 0
1377504000 0 0 0 0
1377502200 0 0 0 0
1377500400 0 0 0 0
1377498600 0 0 0 0
1377496800 0 0 0 0
1377495000 0 0 0 0
1377493200 0 0 0 0
1377491400 0 0 0 0
1377489600 0 0 0 0
1377487800 0 0 0 0
1377486000 0 0 0 0
1377484200 0 0 0 0
1377482400 0 0 0 0
1377480600 0 0 0 0
1377478800 0 0 0 0
1377477000 0 0 0 0
1377475200 0 0 0 0
1377473400 0 0 0 0
1377471600 0 0 0 0
1377469800 0 0 0 0
1377468000 0 0 0 0
1377466200 0 0 0 0
1377464400 0 0 0 0
1377462600 0 0 0 0
1377460800 0 0 0 0
1377459000 0 0 0 0
1377457200 0 0 0 0
1377455400 0 0 0 0
1377453600 0 0 0 0
1377451800 0 0 0 0
1377450000 0 0 0 0
1377448200 0 0 0 0
1377446400 0 0 0 0
1377444600 0 0 0 0
1377442800 0 0 0 0
1377441000 0 0 0 0
1377439200 0 0 0 0
1377437400 0 0 0 0
1377435600 0 0 0 0
1377433800 0 0 0 0
1377432000 0 0 0 0
1377430200 0 0 0 0
1377428400 0 0 0 0
1377426600 0 0 0 0
1377424800 0 0 0 0
1377423000 0 0 0 0
1377421200 0 0 0 0
1377419400 0 0 0 0
1377417600 0 0 0 0
1377415800 0 0 0 0
1377414000 0 0 0 0
1377412200 0 0 0 0
1377410400 0 0 0 0
1377408600 0 0 0 0
1377406800 0 0 0 0
1377405000 0 0 0 0
1377403200 0 0 0 0
1377401400 0 0 0 0
1377399600 0 0 0 0
1377397800 0 0 0 0
1377396000 0 0 0 0
1377394200 0 0 0 0
1377392400 0 0 0 0
1377390600 0 0 0 0
1377388800 0 0 0 0
1377387000 0 0 0 0
1377385200 0 0 0 0
1377383400 0 0 0 0
1377381600 0 0 0 0
1377379800 0 0 0 0
1377378000 0 0 0 0
1377376200 0 0 0 0
1377374400 0 0 0 0
1377372600 0 0 0 0
1377370800 0 0 0 0
1377369000 0 0 0 0
1377367200 0 0 0 0
1377365400 0 0 0 0
1377363600 0 0 0 0
1377361800 0 0 0 0
1377360000 0 0 0 0
1377358200 0 0 0 0
1377356400 0 0 0 0
1377354600 0 0 0 0
1377352800 0 0 0 0
1377351000 0 0 0 0
1377349200 0 0 0 0
1377347400 0 0 0 0
1377345600 0 0 0 0
1377343800 0 0 0 0
1377342000 0 0 0 0
1377340200 0 0 0 0
1377338400 0 0 0 0
1377336600 0 0 0 0
1377334800 0 0 0 0
1377333000 0 0 0 0
1377331200 0 0 0 0
1377329400 0 0 0 0
1377327600 0 0 0 0
1377325800 0 0 0 0
1377324000 0 0 0 0
1377322200 0 0 0 0
1377320400 0 0 0 0
1377318600 0 0 0 0
1377316800 0 0 0 0
1377315000 0 0 0 0
1377313200 0 0 0 0
1377311400 0 0 0 0
1377309600 0 0 0 0
1377307800 0 0 0 0
1377306000 0 0 0 0
1377304200 0 0 0 0
1377302400 0 0 0 0
1377300600 0 0 0 0
1377298800 402 4945 1237 18679
1377297000 670 2809 1052 5511
1377295200 415 1641 530 1946
1377293400 446 2329 656 6810
1377291600 542 1408 802 1821
1377289800 841 2533 1703 5229
1377288000 886 2471 1455 4351
1377286200 1485 4707 2845 7158
1377284400 1212 4214 2175 6161
1377282600 1003 3507 1654 4474
1377280800 590 2103 849 4474
1377279000 545 4053 1317 13673
1377277200 724 3523 1076 6566
1377275400 937 6268 1527 14632
1377273600 994 4025 1702 26335
1377271800 2188 44644 4666 141964
1377270000 1486 4980 3929 10237
1377268200 2084 16404 5734 124433
1377266400 1155 20992 5734 124433
1377264600 0 0 0 0
1377262800 0 0 0 0
1377261000 0 0 0 0
1377259200 0 0 0 0
1377257400 0 0 0 0
1377255600 0 0 0 0
1377253800 0 0 0 0
1377252000 0 0 0 0
1377250200 0 0 0 0
1377248400 0 0 0 0
1377246600 0 0 0 0
1377244800 0 0 0 0
1377243000 0 0 0 0
1377241200 0 0 0 0
1377239400 0 0 0 0
1377237600 0 0 0 0
1377235800 0 0 0 0
1377234000 0 0 0 0
1377232200 0 0 0 0
1377230400 0 0 0 0
1377228600 0 0 0 0
1377226800 0 0 0 0
1377225000 0 0 0 0
1377223200 0 0 0 0
1377221400 0 0 0 0
1377219600 0 0 0 0
1377217800 0 0 0 0
1377216000 0 0 0 0
1377214200 86 225 1067 2235
1377212400 1456 9214 2201 35955
1377210600 1008 4062 1872 9425
1377208800 906 3032 1284 5608
1377207000 1006 4364 2014 15416
1377205200 367 1308 462 1851
1377203400 581 2506 836 6095
1377201600 777 3414 1087 6511
1377199800 1024 4814 1304 8122
1377198000 1098 6249 1807 12243
1377196200 1553 4934 1963 7991
1377194400 10326 383559 23176 1186859
1377192600 3818 26159 9214 99018
1377190800 97579 125406 571669 523340
1377189000 1050 5396 2155 15641
1377187200 749 3111 1484 4932
1377185400 569 1925 745 2198
1377183600 1077 3804 4773 12325
1377181800 2287 8322 4773 19850
1377180000 0 0 0 0
1377178200 0 0 0 0
1377176400 0 0 0 0
1377174600 0 0 0 0
1377172800 0 0 0 0
1377171000 0 0 0 0
1377169200 0 0 0 0
1377167400 0 0 0 0
1377165600 0 0 0 0
1377163800 0 0 0 0
1377162000 0 0 0 0
1377160200 0 0 0 0
1377158400 0 0 0 0
1377156600 0 0 0 0
1377154800 0 0 0 0
1377153000 0 0 0 0
1377151200 0 0 0 0
1377149400 0 0 0 0
1377147600 0 0 0 0
1377145800 0 0 0 0
1377144000 0 0 0 0
1377142200 0 0 0 0
1377140400 0 0 0 0
1377138600 0 0 0 0
1377136800 0 0 0 0
1377135000 0 0 0 0
1377133200 0 0 0 0
1377131400 0 0 0 0
1377129600 0 0 0 0
1377127800 0 0 30 122
1377126000 1367 3618 3331 10347
1377124200 959 3392 2770 13473
1377122400 1720 4377 3205 14631
1377120600 2255 8819 3681 18264
1377118800 1166 4569 1540 14972
1377117000 1313 3123 1672 3390
1377115200 981 2463 1186 2644
1377113400 1320 3677 2253 6480
1377111600 1394 3898 1711 4971
1377109800 934 13121 2061 63806
1377108000 741 4121 2268 16401
1377106200 724 11972 1669 61629
1377104400 699 2029 1165 3008
1377102600 874 2913 1709 5220
1377100800 1338 9765 2500 17074
1377099000 413 901 2500 5446
1377097200 0 0 0 0
1377095400 0 0 0 0
1377093600 0 0 0 0
1377091800 0 0 0 0
1377090000 0 0 0 0
1377088200 0 0 0 0
1377086400 0 0 0 0
1377084600 0 0 0 0
1377082800 0 0 0 0
1377081000 0 0 0 0
1377079200 0 0 0 0
1377077400 0 0 0 0
1377075600 0 0 0 0
1377073800 0 0 0 0
1377072000 0 0 0 0
1377070200 0 0 0 0
1377068400 0 0 0 0
1377066600 0 0 0 0
1377064800 0 0 0 0
1377063000 0 0 0 0
1377061200 0 0 0 0
1377059400 0 0 0 0
1377057600 0 0 0 0
1377055800 0 0 0 0
1377054000 0 0 0 0
1377052200 0 0 0 0
1377050400 0 0 0 0
1377048600 0 0 0 0
1377046800 0 0 0 0
1377045000 0 0 0 0
1377043200 0 0 0 0
1377041400 0 0 0 0
1377039600 397 1063 2381 9619
1377037800 1275 7122 2058 13952
1377036000 974 4779 2811 13158
1377034200 1183 6014 2811 13158
1377032400 1042 6587 4375 15181
1377030600 1708 9200 4375 15181
1377028800 1320 11131 2243 15711
1377027000 1692 11432 2852 15946
1377025200 1359 8419 2407 10164
1377023400 1444 9319 3030 12012
1377021600 1657 9340 2624 10091
1377019800 3163 20158 6325 38482
1377018000 933 8494 1168 9276
1377016200 1454 10486 2150 15795
1377014400 1766 13440 3130 26688
1377012600 1297 11570 2071 18334
1377010800 1382 10351 1738 12476
1377009000 2853 19142 7141 42534
1377007200 0 0 0 0
1377005400 0 0 0 0
1377003600 0 0 0 0
1377001800 0 0 0 0
1377000000 0 0 0 0
1376998200 0 0 0 0
1376996400 0 0 0 0
1376994600 0 0 0 0
1376992800 0 0 0 0
1376991000 0 0 0 0
1376989200 0 0 0 0
1376987400 0 0 0 0
1376985600 0 0 0 0
1376983800 0 0 0 0
1376982000 0 0 0 0
1376980200 0 0 0 0
1376978400 0 0 0 0
1376976600 0 0 0 0
1376974800 0 0 0 0
1376973000 0 0 0 0
1376971200 0 0 0 0
1376969400 0 0 0 0
1376967600 0 0 0 0
1376965800 0 0 0 0
1376964000 0 0 0 0
1376962200 0 0 0 0
1376960400 0 0 0 0
1376958600 0 0 0 0
1376956800 0 0 0 0
1376955000 0 0 0 0
1376953200 0 0 320 671
1376951400 1013 3305 1688 6266
1376949600 530 1281 935 2829
1376947800 1158 3388 2058 8806
1376946000 930 4819 1520 8806
1376944200 4650 17731 18402 67099
1376942400 1717 7303 2524 13366
1376940600 1129 2901 1807 5207
1376938800 9259 13795 42453 59594
1376937000 509 3173 661 6715
1376935200 522 3393 593 6790
1376933400 560 3536 633 7257
1376931600 1195 23151 2740 112421
1376929800 1235 4978 3751 10797
1376928000 925 7699 1272 15250
1376926200 1213 6913 1509 12550
1376924400 1146 7801 3040 22601
1376922600 1027 4247 3158 11686
1376920800 0 0 0 0
1376919000 0 0 0 0
1376917200 0 0 0 0
1376915400 0 0 0 0
1376913600 0 0 0 0
1376911800 0 0 0 0
1376910000 0 0 0 0
1376908200 0 0 0 0
1376906400 0 0 0 0
1376904600 0 0 0 0
1376902800 0 0 0 0
1376901000 0 0 0 0
1376899200 0 0 0 0
1376897400 0 0 0 0
1376895600 0 0 0 0
1376893800 0 0 0 0
1376892000 0 0 0 0
1376890200 0 0 0 0
1376888400 0 0 0 0
1376886600 0 0 0 0
1376884800 0 0 0 0
1376883000 0 0 0 0
1376881200 0 0 0 0
1376879400 0 0 0 0
1376877600 0 0 0 0
1376875800 0 0 0 0
1376874000 0 0 0 0
1376872200 0 0 0 0
1376870400 0 0 0 0
1376868600 0 0 0 0
1376866800 0 0 0 0
1376865000 0 0 0 0
1376863200 0 0 0 0
1376861400 0 0 0 0
1376859600 0 0 0 0
1376857800 0 0 0 0
1376856000 0 0 0 0
1376854200 0 0 0 0
1376852400 0 0 0 0
1376850600 0 0 0 0
1376848800 0 0 0 0
1376847000 0 0 0 0
1376845200 0 0 0 0
1376843400 0 0 0 0
1376841600 0 0 0 0
1376839800 0 0 0 0
1376838000 0 0 0 0
1376836200 0 0 0 0
1376834400 0 0 0 0
1376832600 0 0 0 0
1376830800 0 0 0 0
1376829000 0 0 0 0
1376827200 0 0 0 0
1376825400 0 0 0 0
1376823600 0 0 0 0
1376821800 0 0 0 0
1376820000 0 0 0 0
1376818200 0 0 0 0
1376816400 0 0 0 0
1376814600 0 0 0 0
1376812800 0 0 0 0
1376811000 0 0 0 0
1376809200 0 0 0 0
1376807400 0 0 0 0
1376805600 0 0 0 0
1376803800 0 0 0 0
1376802000 0 0 0 0
1376800200 0 0 0 0
1376798400 0 0 0 0
1376796600 0 0 0 0
1376794800 0 0 0 0
1376793000 0 0 0 0
1376791200 0 0 0 0
1376789400 0 0 0 0
1376787600 0 0 0 0
1376785800 0 0 0 0
1376784000 0 0 0 0
1376782200 0 0 0 0
1376780400 0 0 0 0
1376778600 0 0 0 0
1376776800 0 0 0 0
1376775000 0 0 0 0
1376773200 0 0 0 0
1376771400 0 0 0 0
1376769600 0 0 0 0
1376767800 0 0 0 0
1376766000 0 0 0 0
1376764200 0 0 0 0
1376762400 0 0 0 0
1376760600 0 0 0 0
1376758800 0 0 0 0
1376757000 0 0 0 0
1376755200 0 0 0 0
1376753400 0 0 0 0
1376751600 0 0 0 0
1376749800 0 0 0 0
1376748000 0 0 0 0
1376746200 0 0 0 0
1376744400 0 0 0 0
1376742600 0 0 0 0
1376740800 0 0 0 0
1376739000 0 0 0 0
1376737200 0 0 0 0
1376735400 0 0 0 0
1376733600 0 0 0 0
1376731800 0 0 0 0
1376730000 0 0 0 0
1376728200 0 0 0 0
1376726400 0 0 0 0
1376724600 0 0 0 0
1376722800 0 0 0 0
1376721000 0 0 0 0
1376719200 0 0 0 0
1376717400 0 0 0 0
1376715600 0 0 0 0
1376713800 0 0 0 0
1376712000 0 0 0 0
1376710200 0 0 0 0
1376708400 0 0 0 0
1376706600 0 0 0 0
1376704800 0 0 0 0
1376703000 0 0 0 0
1376701200 0 0 0 0
1376699400 0 0 0 0
1376697600 0 0 0 0
1376695800 0 0 0 0
1376694000 580 1286 1076 2454
1376692200 830 2914 1504 9171
1376690400 1330 4406 2391 9171
1376688600 1952 7223 4206 13098
1376686800 2097 7117 3699 12402
1376685000 784 2062 1646 3785
1376683200 832 3056 1168 5394
1376681400 1049 7111 1649 27785
1376679600 1747 33394 3087 50700
1376677800 1556 41044 1725 47663
1376676000 2657 40277 4916 140831
1376674200 3765 63712 5494 140831
1376672400 1967 33723 2675 36842
1376670600 2255 31360 6319 38227
1376668800 2880 36024 5386 50461
1376667000 2082 41820 3458 48375
1376665200 2183 9881 5275 15126
1376663400 0 0 0 0
1376661600 0 0 0 0
1376659800 0 0 0 0
1376658000 0 0 0 0
1376656200 0 0 0 0
1376654400 0 0 0 0
1376652600 0 0 0 0
1376650800 0 0 0 0
1376649000 0 0 0 0
1376647200 0 0 0 0
1376645400 0 0 0 0
1376643600 0 0 0 0
1376641800 0 0 0 0
1376640000 0 0 0 0
1376638200 0 0 0 0
1376636400 0 0 0 0
1376634600 0 0 0 0
1376632800 0 0 0 0
1376631000 0 0 0 0
1376629200 0 0 0 0
1376627400 0 0 0 0
1376625600 0 0 0 0
1376623800 0 0 0 0
1376622000 0 0 0 0
1376620200 0 0 0 0
1376618400 0 0 0 0
1376616600 0 0 0 0
1376614800 0 0 0 0
1376613000 0 0 0 0
1376611200 0 0 0 0
1376609400 0 0 0 0
1376607600 0 0 0 0
1376605800 2115 5680 8162 14635
1376604000 1159 6492 3556 19954
1376602200 654 4849 1088 7582
1376600400 1468 11656 2461 31079
1376598600 2464 11194 4308 19851
1376596800 1818 12033 4297 18896
1376595000 1431 10678 2061 17964
1376593200 986 7483 2461 13551
1376591400 3207 16863 6795 46537
1376589600 1731 10319 2936 14361
1376587800 1528 22248 2364 74933
1376586000 1035 8076 2256 20443
1376584200 1140 10858 4501 34677
1376582400 1495 11424 4501 32373
1376580600 2105 12578 4419 18294
1376578800 2599 51250 5470 236518
1376577000 759 14033 4587 84765
1376575200 0 0 0 0
1376573400 0 0 0 0
1376571600 0 0 0 0
1376569800 0 0 0 0
1376568000 0 0 0 0
1376566200 0 0 0 0
1376564400 0 0 0 0
1376562600 0 0 0 0
1376560800 0 0 0 0
1376559000 0 0 0 0
1376557200 0 0 0 0
1376555400 0 0 0 0
1376553600 0 0 0 0
1376551800 0 0 0 0
1376550000 0 0 0 0
1376548200 0 0 0 0
1376546400 0 0 0 0
1376544600 0 0 0 0
1376539200 0 0 0 0
1376532000 0 0 0 0
1376524800 555 9558 10401 219029
1376517600 1228 6679 3537 15865
1376510400 1868 10220 4670 28063
1376503200 1972 9237 4442 22238
1376496000 1620 7157 6335 17433
1376488800 0 0 0 0
1376481600 0 0 0 0
1376474400 0 0 0 0
1376467200 0 0 0 0
1376460000 0 0 0 0
1376452800 0 0 0 0
1376445600 0 0 0 0
1376438400 1245 3673 9212 22565
1376431200 1070 3236 6743 17255
1376424000 1166 8153 3127 16433
1376416800 755 6369 1264 9146
1376409600 2684 11083 8938 105541
1376402400 0 0 0 0
1376395200 0 0 0 0
1376388000 0 0 0 0
1376380800 0 0 0 0
1376373600 0 0 0 0
1376366400 0 0 0 0
1376359200 0 0 0 0
1376352000 501 966 3341 5885
1376344800 1798 13543 4873 170948
1376337600 2064 22697 7478 210956
1376330400 1256 6462 7106 24521
1376323200 2257 20233 7945 232509
1376316000 0 0 0 0
1376308800 0 0 0 0
1376301600 0 0 0 0
1376294400 0 0 0 0
1376287200 0 0 0 0
1376280000 0 0 0 0
1376272800 0 0 0 0
1376265600 0 0 0 0
1376258400 0 0 0 0
1376251200 0 0 0 0
1376244000 0 0 0 0
1376236800 0 0 0 0
1376229600 0 0 0 0
1376222400 0 0 0 0
1376215200 0 0 0 0
1376208000 0 0 0 0
1376200800 0 0 0 0
1376193600 0 0 0 0
1376186400 0 0 0 0
1376179200 0 0 0 0
1376172000 0 0 0 0
1376164800 0 0 0 0
1376157600 0 0 0 0
1376150400 0 0 0 0
1376143200 0 0 0 0
1376136000 0 0 0 0
1376128800 0 0 0 0
1376121600 0 0 0 0
1376114400 0 0 0 0
1376107200 0 0 0 0
1376100000 0 0 0 0
1376092800 681 2397 9625 24927
1376085600 637 3444 2464 22275
1376078400 64259 63800 865598 766030
1376071200 1142 10870 5781 114609
1376064000 1026 6094 4190 26190
1376056800 0 0 0 0
1376049600 0 0 0 0
1376042400 0 0 0 0
1376035200 0 0 0 0
1376028000 0 0 0 0
1376020800 0 0 0 0
1376013600 0 0 0 0
1376006400 165 3290 2476 55142
1375999200 703 6547 1347 11431
1375992000 1066 10477 2986 48231
1375984800 72996 69708 855458 409116
1375977600 940 5408 3093 24985
1375970400 0 0 0 0
1375963200 0 0 0 0
1375956000 0 0 0 0
1375948800 0 0 0 0
1375941600 0 0 0 0
1375934400 0 0 0 0
1375927200 0 0 0 0
1375920000 183 966 2674 11960
1375912800 2236 15684 11862 217960
1375905600 1418 4975 6093 17503
1375898400 36791 1372983 185235 11311830
1375891200 1180 5724 7539 29626
1375884000 0 0 0 0
1375876800 0 0 0 0
1375869600 0 0 0 0
1375862400 0 0 0 0
1375855200 0 0 0 0
1375848000 0 0 0 0
1375840800 0 0 0 0
1375833600 278 982 1425 7320
1375826400 901 3233 3951 8381
1375819200 794 4033 2622 13951
1375812000 1035 4953 3194 19313
1375804800 699 2878 4399 14019
1375797600 0 0 0 0
1375790400 0 0 0 0
1375783200 0 0 0 0
1375776000 0 0 0 0
1375768800 0 0 0 0
1375761600 0 0 0 0
1375754400 0 0 0 0
1375747200 303 2086 1077 10728
1375740000 772 4859 1677 12131
1375732800 839 5113 1907 15367
1375725600 570 3150 2119 8886
1375718400 865 4395 4135 14668
1375711200 0 0 0 0
1375704000 0 0 0 0
1375696800 0 0 0 0
1375689600 0 0 0 0
1375682400 0 0 0 0
1375675200 0 0 0 0
1375668000 0 0 0 0
1375660800 0 0 0 0
1375653600 0 0 0 0
1375646400 0 0 0 0
1375639200 0 0 0 0
1375632000 0 0 0 0
1375624800 0 0 0 0
1375617600 0 0 0 0
1375610400 0 0 0 0
1375603200 0 0 0 0
1375596000 0 0 0 0
1375588800 0 0 0 0
1375581600 0 0 0 0
1375574400 0 0 0 0
1375567200 0 0 0 0
1375560000 0 0 0 0
1375552800 0 0 0 0
1375545600 0 0 0 0
1375538400 0 0 0 0
1375531200 0 0 0 0
1375524000 0 0 0 0
1375516800 0 0 0 0
1375509600 0 0 0 0
1375502400 0 0 0 0
1375495200 0 0 0 0
1375488000 459 5688 2035 66045
1375480800 633 3182 1729 9057
1375473600 515 3635 1148 31887
1375466400 584 3329 1713 15567
1375459200 996 4524 5779 24923
1375452000 0 0 0 0
1375444800 0 0 0 0
1375437600 0 0 0 0
1375430400 0 0 0 0
1375423200 0 0 0 0
1375416000 0 0 0 0
1375408800 0 0 0 0
1375401600 417 1629 1501 6562
1375394400 760 2925 2633 5228
1375387200 683 4246 1672 32655
1375380000 1191 5559 5294 23462
1375372800 672 3160 5225 12020
1375365600 0 0 0 0
1375358400 0 0 0 0
1375351200 0 0 0 0
1375344000 0 0 0 0
1375336800 0 0 0 0
1375329600 0 0 0 0
1375322400 0 0 0 0
1375315200 385 2644 1168 15444
1375308000 1525 7722 5130 16500
1375300800 1545 7541 5094 40329
1375293600 1187 10747 5025 102405
1375286400 988 5113 4868 15459
1375279200 0 0 0 0
1375272000 0 0 0 0
1375264800 0 0 0 0
1375257600 0 0 0 0
1375250400 0 0 0 0
1375243200 0 0 0 0
1375236000 0 0 0 0
1375228800 429 1465 1604 11428
1375221600 2419 21582 16741 230002
1375214400 3192 9326 11431 20528
1375207200 2304 31492 8469 182519
1375200000 1655 6343 5207 17425
1375192800 0 0 0 0
1375185600 0 0 0 0
1375178400 0 0 0 0
1375171200 0 0 0 0
1375164000 0 0 0 0
1375156800 0 0 0 0
1375149600 0 0 0 0
1375142400 330 1419 1574 8798
1375135200 773 3882 1973 9013
1375128000 938 7994 2117 15947
1375120800 1414 9713 4092 88411
1375113600 849 5077 4831 49325
1375106400 0 0 0 0
1375099200 0 0 0 0
1375092000 0 0 0 0
1375084800 0 0 0 0
1375077600 0 0 0 0
1375070400 0 0 0 0
1375063200 0 0 0 0
1375056000 0 0 0 0
1375048800 0 0 0 0
1375041600 0 0 0 0
1375034400 0 0 0 0
1375027200 0 0 0 0
1375020000 0 0 0 0
1375012800 0 0 0 0
1375005600 0 0 0 0
1374998400 0 0 0 0
1374991200 0 0 0 0
1374984000 0 0 0 0
1374976800 0 0 0 0
1374969600 0 0 0 0
1374962400 0 0 0 0
1374955200 0 0 0 0
1374948000 0 0 0 0
1374940800 0 0 0 0
1374933600 0 0 0 0
1374926400 0 0 0 0
1374919200 0 0 0 0
1374912000 0 0 0 0
1374904800 0 0 0 0
1374897600 0 0 0 0
1374890400 0 0 0 0
1374883200 319 4342 979 16099
1374876000 863 7976 3116 55989
1374868800 1176 5284 4511 11925
1374861600 599 2043 2246 7241
1374854400 697 3014 4329 15002
1374847200 0 0 0 0
1374840000 0 0 0 0
1374832800 0 0 0 0
1374825600 0 0 0 0
1374818400 0 0 0 0
1374811200 0 0 0 0
1374804000 0 0 0 0
1374796800 179 1263 1096 9973
1374789600 1002 10005 3588 92251
1374782400 1364 9682 3447 47763
1374775200 1181 15972 4784 139997
1374768000 1589 8564 6359 29303
1374760800 0 0 0 0
1374753600 0 0 0 0
1374746400 0 0 0 0
1374739200 0 0 0 0
1374732000 0 0 0 0
1374724800 0 0 0 0
1374717600 0 0 0 0
1374710400 855 5391 8399 36938
1374703200 710 3562 1911 8875
1374696000 332 1565 468 2331
1374688800 343 1851 475 6201
1374681600 363 1889 558 3727
1374674400 376 1631 490 3389
1374667200 358 1098 527 3220
1374660000 350 1202 487 1862
1374652800 431 1337 2529 5567
1374645600 342 1082 473 1897
1374638400 367 1102 510 1943
1374631200 424 1199 894 2196
1374624000 477 1468 1726 6326
1374616800 2798 10162 18912 45851
1374609600 950 11641 4627 139299
1374602400 1491 13221 4901 89882
1374595200 2968 9976 16202 37495
1374588000 344 1335 800 2258
1374580800 291 881 409 1698
1374573600 304 987 537 2373
1374566400 302 930 537 1834
1374559200 299 958 436 2606
1374552000 299 962 609 2060
1374544800 296 962 519 2758
1374537600 456 2224 3048 25966
1374530400 3138 96601 22235 1592400
1374523200 2774 72490 17645 1273508
1374516000 0 0 0 0
1374508800 0 0 0 0
1374501600 0 0 0 0
1374494400 0 0 0 0
1374487200 0 0 0 0
1374480000 0 0 0 0
1374472800 0 0 0 0
1374465600 0 0 0 0
1374458400 0 0 0 0
1374451200 0 0 0 0
1374444000 0 0 0 0
1374436800 0 0 0 0
1374429600 0 0 0 0
1374422400 0 0 0 0
1374415200 0 0 0 0
1374408000 0 0 0 0
1374400800 0 0 0 0
1374393600 0 0 0 0
1374386400 0 0 0 0
1374379200 0 0 0 0
1374372000 0 0 0 0
1374364800 0 0 0 0
1374357600 0 0 0 0
1374350400 0 0 0 0
1374343200 0 0 0 0
1374336000 0 0 0 0
1374328800 0 0 0 0
1374321600 0 0 0 0
1374314400 0 0 0 0
1374307200 0 0 0 0
1374300000 0 0 0 0
1374292800 0 0 0 0
1374285600 0 0 0 0
1374278400 573 2157 3742 20849
1374271200 2023 7117 6756 31203
1374264000 2451 48167 12730 782790
1374256800 4168 53367 10762 189702
1374249600 4288 136429 7732 416062
1374242400 260 1076 819 1834
1374235200 235 799 606 1355
1374228000 225 775 385 1066
1374220800 220 774 302 993
1374213600 235 757 379 944
1374206400 221 786 409 1197
1374199200 232 809 436 1241
1374192000 852 2513 4879 11409
1374184800 799 3445 3159 19494
1374177600 2561 13811 4680 34510
1374170400 3073 15376 19513 62780
1374163200 1735 20635 4707 85633
1374156000 603 6667 907 17064
1374148800 527 5022 856 14690
1374141600 466 2878 594 3938
1374134400 441 2713 597 7054
1374127200 406 2298 580 7408
1374120000 445 3697 1042 38751
1374112800 972 2702 1325 6153
1374105600 1919 4551 17453 30774
1374098400 3288 18578 12563 89004
1374091200 2199 11530 6397 24925
1374084000 1087 9617 2970 63754
1374076800 1372 5829 3311 13478
1374069600 367 1663 629 2417
1374062400 377 1738 1764 8757
1374055200 454 3015 2270 33373
1374048000 304 1265 1654 8736
1374040800 300 2098 505 8350
1374033600 581 3005 1851 34479
1374026400 526 5212 3410 79968
1374019200 715 3780 2381 17962
1374012000 2882 74977 20778 1328072
1374004800 2363 10984 5886 22320
1373997600 1445 6761 5048 13212
1373990400 2183 11558 7531 41318
1373983200 1130 7234 2163 18718
1373976000 1006 4371 1720 9814
1373968800 1029 3407 1902 5836
1373961600 956 3057 1884 7138
1373954400 841 2624 1533 7047
1373947200 926 2439 1736 3699
1373940000 923 2707 1558 3799
1373932800 1246 4151 3962 18492
1373925600 2343 13372 5375 35474
1373918400 1991 8907 14172 25540
1373911200 2933 14357 9377 98216
1373904000 2023 16396 6770 98216
1373896800 0 0 0 0
1373889600 0 0 0 0
1373882400 0 0 0 0
1373875200 0 0 0 0
1373868000 0 0 0 0
1373860800 0 0 0 0
1373853600 0 0 0 0
1373846400 0 0 0 0
1373839200 0 0 0 0
1373832000 0 0 0 0
1373824800 0 0 0 0
1373817600 0 0 0 0
1373810400 0 0 0 0
1373803200 0 0 0 0
1373796000 0 0 0 0
1373788800 0 0 0 0
1373781600 0 0 0 0
1373774400 0 0 0 0
1373767200 0 0 0 0
1373760000 0 0 0 0
1373752800 0 0 0 0
1373745600 0 0 0 0
1373738400 0 0 0 0
1373731200 0 0 0 0
1373724000 0 0 0 0
1373716800 0 0 0 0
1373709600 0 0 0 0
1373702400 0 0 0 0
1373695200 0 0 0 0
1373688000 0 0 0 0
1373680800 0 0 0 0
1373673600 211 454 597 1370
1373666400 1062 3254 6980 20185
1373659200 2240 17322 9796 169325
1373652000 883 9579 5295 169325
1373644800 2962 13106 10634 94361
1373637600 63 623 562 1140
1373630400 44 529 169 1100
1373623200 54 1442 482 23952
1373616000 399 2071 1683 6601
1373608800 493 2167 1683 6601
1373601600 397 1904 821 2942
1373594400 428 1990 812 2893
1373587200 672 3448 2192 13232
1373580000 976 5854 2352 33628
1373572800 2176 30606 6720 56470
1373565600 1674 29710 4165 44338
1373558400 2207 34534 6171 73997
1373551200 0 0 0 0
1373544000 0 0 0 0
1373536800 0 0 0 0
1373529600 0 0 0 0
1373522400 0 0 0 0
1373515200 0 0 0 0
1373508000 0 0 0 0
1373500800 660 5607 2979 43619
1373493600 4208 22159 14916 68887
1373486400 2057 20572 3965 91701
1373479200 1776 29333 5743 249075
1373472000 1461 16744 6131 121011
1373464800 0 0 0 0
1373457600 0 0 0 0
1373450400 0 0 0 0
1373443200 0 0 0 0
1373436000 0 0 0 0
1373428800 0 0 0 0
1373421600 0 0 0 0
1373414400 253 590 1461 5063
1373407200 2024 10360 6441 66121
1373400000 2394 48688 5038 70656
1373392800 1162 27613 4110 42485
1373385600 1478 35784 5681 55263
1373378400 0 0 0 0
1373371200 0 0 0 0
1373364000 0 0 0 0
1373356800 0 0 0 0
1373349600 0 0 0 0
1373342400 0 0 0 0
1373335200 0 0 0 0
1373328000 241 1376 4450 41710
1373320800 1155 6822 4450 41710
1373313600 1039 4729 3330 15202
1373306400 615 2255 2663 13359
1373299200 5909 44593 84713 877405
1373292000 0 0 0 0
1373284800 0 0 0 0
1373277600 0 0 0 0
1373270400 0 0 0 0
1373263200 0 0 0 0
1373256000 0 0 0 0
1373248800 0 0 0 0
1373241600 0 0 0 0
1373234400 0 0 0 0
1373227200 0 0 0 0
1373220000 0 0 0 0
1373212800 0 0 0 0
1373205600 0 0 0 0
1373198400 0 0 0 0
1373191200 0 0 0 0
1373184000 0 0 0 0
1373176800 0 0 0 0
1373169600 0 0 0 0
1373162400 0 0 0 0
1373155200 0 0 0 0
1373148000 0 0 0 0
1373140800 0 0 0 0
1373133600 0 0 0 0
1373126400 0 0 0 0
1373119200 0 0 0 0
1373112000 0 0 0 0
1373104800 0 0 0 0
1373097600 0 0 0 0
1373090400 0 0 0 0
1373083200 0 0 0 0
1373076000 0 0 0 0
1373068800 0 0 0 0
1373061600 0 0 0 0
1373054400 0 0 0 0
1373047200 0 0 0 0
1373040000 0 0 0 0
1373032800 0 0 0 0
1373025600 0 0 0 0
1373018400 0 0 0 0
1373011200 0 0 0 0
1373004000 0 0 0 0
1372996800 0 0 0 0
1372989600 0 0 0 0
1372982400 0 0 0 0
1372975200 0 0 0 0
1372968000 0 0 0 0
1372960800 0 0 0 0
1372953600 0 0 0 0
1372946400 0 0 0 0
1372939200 0 0 0 0
1372932000 0 0 0 0
1372924800 0 0 0 0
1372917600 0 0 0 0
1372910400 0 0 0 0
1372903200 0 0 0 0
1372896000 0 0 0 0
1372888800 0 0 0 0
1372881600 416 1779 2949 22626
1372874400 574 2602 1958 18958
1372867200 1401 7062 6119 55059
1372860000 0 0 0 0
1372852800 0 0 0 0
1372845600 0 0 0 0
1372838400 0 0 0 0
1372831200 0 0 0 0
1372824000 0 0 0 0
1372816800 0 0 0 0
1372809600 158 766 1726 11662
1372802400 906 9522 3327 108855
1372795200 743 4246 2033 38491
1372788000 1733 6974 9319 31868
1372780800 1174 16704 7535 300348
1372773600 186 769 3017 10818
1372766400 0 0 0 0
1372759200 0 0 0 0
1372752000 0 0 0 0
1372744800 0 0 0 0
1372737600 0 0 0 0
1372730400 0 0 0 0
1372723200 0 0 0 0
1372716000 175 570 1785 5748
1372708800 1440 5814 3826 15506
1372701600 2280 8740 12375 21895
1372694400 798 7696 4206 59074
1372687200 0 0 0 0
1372680000 0 0 0 0
1372672800 0 0 0 0
1372665600 0 0 0 0
1372658400 0 0 0 0
1372651200 0 0 0 0
1372644000 0 0 0 0
1372636800 0 0 0 0
1372629600 0 0 0 0
1372622400 0 0 0 0
1372615200 0 0 0 0
1372608000 0 0 0 0
1372600800 0 0 0 0
1372593600 0 0 0 0
1372586400 0 0 0 0
1372579200 0 0 0 0
1372572000 0 0 0 0
1372564800 0 0 0 0
1372557600 0 0 0 0
1372550400 0 0 0 0
1372543200 0 0 0 0
1372536000 0 0 0 0
1372528800 0 0 0 0
1372521600 0 0 0 0
1372514400 0 0 0 0
1372507200 0 0 0 0
1372500000 0 0 0 0
1372492800 0 0 0 0
1372485600 0 0 0 0
1372478400 0 0 0 0
1372471200 0 0 0 0
1372464000 195 906 1795 7572
1372456800 1546 6156 7575 21141
1372449600 1225 4881 5351 21583
1372442400 730 2984 4039 17773
1372435200 1385 6046 5263 27621
1372428000 0 0 0 0
1372420800 0 0 0 0
1372413600 0 0 0 0
1372406400 0 0 0 0
1372399200 0 0 0 0
1372392000 0 0 0 0
1372384800 0 0 0 0
1372377600 579 2814 5263 38052
1372370400 2032 10510 7423 41602
1372363200 1845 13395 7061 74450
1372356000 1651 9814 5884 32228
1372348800 770 7267 5457 103886
1372341600 0 0 0 0
1372334400 0 0 0 0
1372327200 0 0 0 0
1372320000 0 0 0 0
1372312800 0 0 0 0
1372305600 0 0 0 0
1372298400 0 0 0 0
1372291200 1004 3417 7907 38040
1372284000 909 3260 3625 18955
1372276800 2376 13827 5066 64453
1372269600 2142 10739 8841 72320
1372262400 1676 11570 5779 93801
1372255200 0 0 0 0
1372248000 0 0 0 0
1372240800 0 0 0 0
1372233600 0 0 0 0
1372226400 0 0 0 0
1372219200 0 0 0 0
1372204800 740 3174 9427 72019
1372118400 601 1669 21207 34169
1372032000 0 0 0 0
1371945600 0 0 0 0
1371859200 524 2263 11077 59656
1371772800 837 3790 16894 221853
1371686400 1177 6070 24257 202617
1371600000 691 9227 9109 146862
1371513600 642 5079 11723 131902
1371427200 0 0 0 0
1371340800 0 0 0 0
1371254400 0 0 0 0
1371168000 995 2717 94548 232182
1371081600 542 3399 12823 187832
1370995200 1731 2968 248923 74509
1370908800 914 10827 15679 161473
1370822400 0 0 0 0
1370736000 0 0 0 0
1370649600 477 1939 7268 57040
1370563200 1488 16710 20031 1024624
1370476800 924 4730 33802 390156
1370390400 517 3275 9041 126475
1370304000 422 2765 9428 222734
1370217600 0 0 0 0
1370131200 0 0 0 0
1370044800 690 3758 11030 54961
1369958400 1403 7443 37700 823474
1369872000 565 4256 11615 221362
1369785600 669 4388 9486 171228
1369699200 0 0 0 0
1369612800 0 0 0 0
1369526400 0 0 0 0
1369440000 1006 6523 28911 217258
1369353600 395 4635 14878 903361
1369267200 856 8649 20159 180527
1369180800 2600 13640 22654 195697
1369094400 281 1965 15525 190179
1369008000 0 0 0 0
1368921600 0 0 0 0
1368835200 662 4140 11803 211435
1368748800 238 1144 3639 31161
1368662400 470 6431 19910 365774
1368576000 243 2013 3702 142339
1368489600 0 0 0 0
1368403200 0 0 0 0
1368316800 0 0 0 0
1368230400 2478 5655 596750 541547
1368144000 515 2752 5943 185720
1368057600 1522 8990 21793 144482
1367971200 499 1782 20246 34687
1367884800 1710 5137 61262 125493
1367798400 0 0 0 0
1367712000 0 0 0 0
1367625600 473 1597 7452 38295
1367539200 510 1853 16827 64864
1367452800 325 1770 5533 81329
1367366400 429 1859 5579 48296
1367280000 346 2375 6211 102575
1367193600 0 0 0 0
1367107200 0 0 0 0
1367020800 281 1192 3424 25701
1366934400 521 7214 6855 83336
1366848000 455 7063 17499 905491
1366761600 305 1519 6090 82850
1366675200 411 1868 5064 60067
1366588800 0 0 0 0
1366502400 0 0 0 0
1366416000 1986 3732 340864 300020
1366329600 294 953 5049 24320
1366243200 276 1235 5210 102237
1366156800 420 3082 13776 376915
1366070400 562 8205 28808 166248
1365984000 0 0 0 0
1365897600 0 0 0 0
1365811200 1395 8638 36935 152924
1365724800 491 1948 22709 81745
1365638400 721 4157 13313 511997
1365552000 739 3717 12498 222970
1365465600 274 1313 4470 34779
1365379200 0 0 0 0
1365292800 0 0 0 0
1365206400 382 3089 10135 127464
1365120000 595 4645 9618 147550
1365033600 614 2402 10693 109123
1364947200 469 2449 7171 114302
1364860800 669 4746 11194 274253
1364774400 0 0 0 0
1364688000 0 0 0 0
1364601600 708 3952 13301 165703
1364515200 579 6573 7161 199797
1364428800 550 2131 11698 70775
1364342400 437 1779 6587 33952
1364256000 576 4054 6632 200482
1364169600 0 0 0 0
1364083200 0 0 0 0
1363996800 410 1805 10947 43037
1363910400 443 6263 13994 806952
1363824000 683 7504 11098 426287
1363737600 528 4430 12002 117076
1363651200 3362 4688 497853 353005
1363564800 0 0 0 0
1363478400 0 0 0 0
1363392000 384 1464 5635 75233
1363305600 283 2048 9603 220026
1363219200 264 1428 6185 60473
1363132800 452 2850 10955 218730
1363046400 435 3923 9462 270251
1362960000 0 0 0 0
1362873600 7 11 1473 2124
1362787200 515 2972 8709 148218
1362700800 1108 10768 60939 1340854
1362614400 664 4079 5764 145317
1362528000 589 3410 6932 87608
1362441600 4944 6622 1326701 1205987
1362355200 0 0 0 0
1362268800 5 19 2210 6408
1362182400 1875 6392 5630 67883
1362096000 1688 5224 17457 90958
1362009600 1525 9326 8723 110279
1361923200 975 8541 32840 92550
1361836800 365 3019 8623 214370
1361750400 0 0 0 0
1361664000 8 44 925 3629
1361577600 528 3448 3472 46448
1361491200 45492 14156 856297 489636
1361404800 723 7439 4493 102645
1361318400 497 4863 8504 134824
1361232000 0 0 0 0
1361145600 0 0 0 0
1361059200 128 678 9348 55426
1360972800 755 7481 5576 79941
1360886400 870 8616 27544 112511
1360800000 756 10643 7690 200882
1360713600 328 4075 6054 60660
1360627200 0 0 0 0
1360540800 0 0 0 0
1360454400 0 0 0 0
1360368000 0 0 0 0
1360281600 1132 8069 9571 94688
1360195200 724 2803 7219 218844
1360108800 1210 3811 27997 36851
1360022400 1018 4179 17723 117833
1359936000 632 764 1186 2554
1359849600 641 840 1454 21431
1359763200 839 3384 7199 97634
1359676800 796 3190 11026 92180
1359590400 2582 5877 347002 316368
1359504000 784 5771 10411 236370
1359417600 377 2977 2648 126036
1359331200 231 661 815 2367
1359244800 286 851 3366 18416
1359158400 628 3483 6206 59398
1359072000 520 2979 7527 68262
1358985600 577 3202 5169 28875
1358899200 283 2044 3972 16404
1358812800 0 0 0 0
1358726400 0 0 0 0
1358640000 0 0 0 0
1358553600 1383 4097 7536 37766
1358467200 1327 3129 43867 145506
1358380800 1201 2687 4544 15352
1358294400 673 2646 7582 26323
1358208000 309 2132 6057 51193
1358121600 0 0 0 0
1358035200 40 833 2740 113528
1357948800 1790 9011 336103 1008884
1357862400 1395 4729 72376 182669
1357776000 741 21850 27700 1557197
1357689600 423 2223 5901 55549
1357603200 290 1886 6819 33896
1357516800 0 0 0 0
1357430400 18 53 2653 7506
1357344000 382 2235 6570 46587
1357257600 506 5636 20371 840665
1357171200 0 0 0 0
1357084800 0 0 0 0
1356998400 0 0 0 0
1356912000 0 0 0 0
1356825600 0 0 0 0
1356739200 0 0 0 0
1356652800 0 0 0 0
1356566400 0 0 0 0
1356480000 0 0 0 0
1356393600 0 0 0 0
1356307200 0 0 0 0
1356220800 0 0 0 0
1356134400 0 0 0 0
1356048000 0 0 0 0
1355961600 0 0 0 0
1355875200 0 0 0 0
1355788800 348 3990 5713 99226
1355702400 0 0 0 0
1355616000 0 0 0 0
1355529600 6 22 1717 5855
1355443200 501 10110 6498 177135
1355356800 496 4809 5046 69930
1355270400 529 9046 6696 137276
1355184000 419 3172 5453 116194
1355097600 0 0 0 0
1355011200 0 0 469 742
1354924800 623 6573 20247 484415
1354838400 582 3913 6749 84067
1354752000 763 7076 9107 137160
1354665600 728 4883 6301 71723
1354579200 557 3344 7313 63482
1354492800 0 0 0 0
1354406400 0 0 0 0
1354320000 653 6254 8507 431635
1354233600 542 4655 7635 75580
1354147200 530 4329 10697 129019
1354060800 473 2634 4891 20734
1353974400 604 6247 11355 417244
1353888000 0 0 0 0
1353801600 0 0 0 0
1353715200 0 0 0 0
1353628800 0 0 0 0
1353542400 510 7078 23824 817801
1353456000 0 0 0 0
1353369600 0 0 0 0
1353283200 0 0 0 0
1353196800 0 0 0 0
1353110400 0 0 0 0
1353024000 0 0 0 0
1352937600 0 0 0 0
1352851200 211 553 8802 19138
1352764800 575 3703 4864 77902
1352678400 0 0 0 0
1352592000 0 0 0 0
1352505600 483 3085 5202 27950
1352419200 550 4402 5525 167432
1352332800 512 6224 8836 345744
1352246400 798 8951 6274 124594
1352160000 516 2463 7451 113244
1352073600 0 0 0 0
1351987200 0 0 0 0
1351900800 0 0 0 0
1351814400 0 0 0 0
1351728000 0 0 0 0
1351641600 881 12808 12290 234143
1351555200 0 0 0 0
1351468800 0 0 0 0
1351382400 0 0 0 0
1351296000 542 2394 5789 199227
1351209600 640 2756 7053 130629
1351123200 540 1816 6769 65563
1351036800 696 1727 7557 32175
1350950400 342 1469 5543 50196
1350864000 0 0 0 0
1350777600 0 0 0 0
1350691200 570 1932 6625 73790
1350604800 536 2360 5019 84914
1350518400 536 1642 6879 93755
1350432000 743 3821 29509 166651
1350345600 544 1705 8652 42006
1350259200 0 0 0 0
1350172800 0 0 0 0
1350086400 502 1560 4861 60196
1350000000 582 1769 6134 49638
1349913600 438 2485 6797 154299
1349827200 608 1582 7300 31996
1349740800 487 3439 6328 129087
1349654400 0 0 0 0
1349568000 0 0 0 0
1349481600 0 0 0 0
1349395200 633 4854 7023 67568
1349308800 469 1261 10655 29989
1349222400 475 7016 6423 72723
1349136000 386 1232 7803 33408
1349049600 0 0 0 0
1348963200 0 0 0 0
1348876800 451 1820 3987 63718
1348790400 522 3120 5499 88618
1348704000 337 1358 5145 66707
1348617600 633 4693 13058 747774
1348531200 947 3523 33628 146681
1348444800 0 0 0 0
1348358400 0 0 0 0
1348272000 194 1024 7691 71749
1348185600 715 2909 43044 60291
1348099200 512 2574 9578 114379
1348012800 622 1604 6083 133916
1347926400 716 1853 6424 58370
1347840000 0 0 0 0
1347753600 0 0 0 0
1347667200 471 4016 5953 209349
1347580800 673 2205 8259 63856
1347494400 758 2300 6852 50598
1347408000 526 1546 5499 62154
1347321600 602 3392 11826 132101
1347235200 0 0 0 0
1347148800 0 0 0 0
1347062400 355 1949 4412 56025
1346976000 555 4474 10940 629565
1346889600 406 1462 8491 36779
1346803200 503 2564 12318 72781
1346716800 0 0 0 0
1346630400 0 0 0 0
1346544000 0 0 0 0
1346457600 297 1346 8543 34781
1346371200 544 2666 7624 135147
1346284800 396 5165 14541 738062
1346198400 471 2325 7712 42935
1346112000 424 2012 5532 26641
1346025600 0 0 0 0
1345939200 0 0 0 0
1345852800 328 2391 5282 73408
1345766400 668 2294 5350 105439
1345680000 584 2026 5826 71787
1345593600 351 1790 5842 61887
1345507200 0 0 0 0
1345420800 0 0 0 0
1345334400 0 0 0 0
1345248000 0 0 0 0
1345161600 0 0 0 0
1345075200 0 0 0 0
1344988800 0 0 0 0
1344902400 0 0 0 0
1344816000 0 0 0 0
1344729600 0 0 0 0
1344643200 0 0 0 0
1344556800 0 0 0 0
1344470400 0 0 0 0
1344384000 279 1470 7147 38010
1344297600 293 907 4468 20827
1344211200 0 0 0 0
1344124800 0 0 0 0
1344038400 317 1049 3901 43010
1343952000 197 972 3923 34880
1343865600 315 1659 10948 61191
1343779200 312 1346 4958 35378
1343692800 296 1023 4275 22040
1343606400 0 0 0 0
1343520000 0 0 0 0
1343433600 270 2080 4897 140231
1343347200 319 1572 6349 55620
1343260800 388 1231 30546 21585
1343174400 368 1663 9105 90242
1343088000 330 1429 6338 103914
1343001600 0 0 0 0
1342915200 0 0 0 0
1342828800 581 1857 5294 33083
1342742400 437 2238 7997 42997
1342656000 366 1060 5571 15137
1342569600 245 1238 4257 36769
1342483200 0 0 0 0
1342396800 0 0 0 0
1342310400 0 0 0 0
1342224000 334 2700 3044 53005
1342137600 486 3044 11736 29830
1342051200 287 3409 3935 92734
1341964800 476 4012 4992 31291
1341878400 392 3414 5447 62713
1341792000 0 0 0 0
1341705600 0 0 0 0
1341619200 580 3355 23173 63153
1341532800 496 3661 8836 40160
1341446400 0 0 0 0
1341360000 459 4041 2745 28454
1341273600 447 3267 18951 48511
1341187200 0 0 0 0
1341100800 0 0 0 0
1341014400 355 2986 3634 29903
1340928000 435 3371 4120 23187
1340841600 54964 5515 5281459 221563
1340755200 390 3063 4498 36784
1340668800 485 3554 5603 53265
1340582400 0 0 0 0
1340496000 0 0 0 0
1340409600 421 2659 5912 36783
1340323200 421 3457 7743 38329
1340236800 485 6975 4278 190695
1340150400 597 5569 7303 142912
1340064000 459 3323 5911 37311
1339977600 0 0 0 0
1339891200 0 0 0 0
1339804800 555 2555 5789 115781
1339718400 324 1238 34562 87565
1339632000 1065 4005 155979 60279
1339545600 506 3796 9654 93286
1339459200 0 0 0 0
1339372800 0 0 0 0
1339286400 0 0 0 0
1339200000 0 0 0 0
1339113600 0 0 0 0
1339027200 0 0 0 0
1338940800 0 0 0 0
1338854400 0 0 0 0
1338768000 0 0 0 0
1338681600 0 0 0 0
1338595200 306 3408 6016 39676
1338508800 727 3523 51367 29989
1338422400 655 6259 15429 703751
1338336000 463 6330 7555 387325
1338249600 0 0 0 0
1338163200 0 0 0 0
1338076800 0 0 0 0
1337990400 517 6673 11713 101728
1337904000 1184 19742 169397 3273805
1337817600 422 4882 3866 60630
1337731200 435 6152 6601 339662
1337644800 570 7620 46931 550377
1337558400 0 0 0 0
1337472000 0 0 0 0
1337385600 312 14069 5261 969997
1337299200 448 8034 10350 322293
1337212800 389 6199 6298 54836
1337126400 431 3913 4928 70723
1337040000 554 3662 6160 35567
1336953600 0 0 0 0
1336867200 0 0 0 0
1336780800 467 3513 5541 52465
1336694400 437 9024 5013 1282286
1336608000 542 7227 8591 438926
1336521600 805 8030 5434 52609
1336435200 443 4232 6835 49848
1336348800 0 0 0 0
1336262400 0 0 0 0
1336176000 496 4761 5910 49792
1336089600 405 5467 5433 77463
1336003200 341 2889 11704 50846
1335916800 284 3740 2811 82368
1335830400 329 3603 13128 219455
1335744000 0 0 0 0
1335657600 0 0 0 0
1335571200 413 3956 20539 149979
1335484800 116907 84308 3925210 6558658
1335398400 330 3500 4185 100109
1335312000 959 6292 145962 159126
1335225600 451 4833 9737 36322
1335139200 0 0 0 0
1335052800 0 0 0 0
1334966400 345 2469 5955 43998
1334880000 0 0 0 0
1334793600 324 4248 3700 29989
1334707200 340 4444 4449 25068
1334620800 1364 5908 96433 37397
1334534400 0 0 0 0
1334448000 0 0 0 0
1334361600 425 4243 5623 28256
1334275200 438 5986 3830 111551
1334188800 433 5940 6444 231631
1334102400 570 9484 4651 179668
1334016000 503 6467 4781 68314
1333929600 0 0 0 0
1333843200 0 0 0 0
1333756800 353 3162 7476 405159
1333670400 448 5202 4670 139584
1333584000 456 5813 3914 41029
1333497600 392 5476 5778 69567
1333411200 308 4710 3072 38394
1333324800 0 0 0 0
1333238400 0 0 0 0
1333152000 338 5562 4168 141537
1333065600 466 5125 29476 35056
1332979200 518 3554 30009 37776
1332892800 424 4366 5343 83450
1332806400 274 3327 4262 60253
1332720000 0 0 0 0
1332633600 0 0 0 0
1332547200 308 4100 4472 85973
1332460800 495 15819 3575 119928
1332374400 432 3884 4351 82159
1332288000 344 3433 3460 77019
1332201600 411 5540 6298 114953
1332115200 0 0 0 0
1332028800 0 0 0 0
1331942400 315 6160 4181 152802
1331856000 806 6765 6198 35195
1331769600 1558 4305 328299 299395
1331683200 388 3086 13504 165301
1331596800 529 2454 16639 171894
1331510400 0 0 0 0
1331424000 0 0 0 0
1331337600 461 2466 5032 159422
1331251200 374 2848 4063 163772
1331164800 339 1545 5017 46395
1331078400 602 1851 62288 60797
1330992000 500 2185 6562 96400
1330905600 0 0 0 0
1330819200 0 0 0 0
1330732800 2120 1701 155962 74761
1330646400 1000 2183 63545 120594
1330560000 885 3927 6750 121148
1330473600 606 1758 6134 65421
1330387200 427 1546 5997 31789
1330300800 0 0 0 0
1330214400 0 0 0 0
1330128000 646 12871 9842 671137
1330041600 264 27624 3199 3840022
1329955200 407 3008 13039 69520
1329868800 269 1075 4431 41937
1329782400 0 0 0 0
1329696000 0 0 0 0
1329609600 0 0 0 0
1329523200 503 7627 17026 281207
1329436800 827 2471 111245 226718
1329350400 689 2096 57305 96729
1329264000 431 2499 14816 128793
1329177600 40205 3869 5744266 233329
1329091200 0 0 0 0
1329004800 0 0 0 0
1328918400 1129 46481 97089 5776791
1328832000 630 5781 79557 793036
1328745600 349 2964 9313 71821
1328659200 319 2832 5061 58894
1328572800 0 0 0 0
1328486400 0 0 0 0
1328400000 0 0 0 0
1328313600 453 9670 6765 223499
1328227200 343 2876 7864 41891
1328140800 357 3375 10689 116191
1328054400 480 5284 9722 145618
1327968000 660 2924 31945 65219
1327881600 0 0 0 0
1327795200 0 0 0 0
1327708800 517 2274 15754 97875
1327622400 484 5729 16470 203558
1327536000 579 4792 7739 198028
1327449600 0 0 0 0
1327363200 416 6189 11744 200504
1327276800 0 0 0 0
1327190400 14 52 5493 58891
1327104000 479 9933 9840 707631
1327017600 571 2959 10528 78076
1326931200 542 3613 18836 197358
1326844800 601 2802 9314 45973
1326758400 0 0 0 0
1326672000 0 0 0 0
1326585600 0 0 0 0
1326499200 750 25643 5683 202938
1326412800 617 3187 12731 84626
1326326400 874 3762 115551 74082
1326240000 527 5294 14362 120322
1326153600 424 4962 5816 131212
1326067200 0 0 0 0
1325980800 0 0 0 0
1325894400 497 5212 5548 136027
1325808000 672 3601 10824 60557
1325721600 425 3572 4566 61180
1325635200 490 3171 6995 32868
1325548800 0 0 0 0
1325462400 0 0 0 0
1325376000 0 0 0 0
1325289600 281 1149 9330 29829
1325203200 548 3557 8245 77946
1325116800 700 5725 14182 93715
1325030400 509 4677 11353 593726
1324944000 0 0 0 0
1324857600 0 0 0 0
1324771200 0 0 0 0
1324684800 0 0 0 0
1324598400 0 0 0 0
1324512000 563 3516 12717 137119
1324425600 717 4377 11846 73204
1324339200 537 2913 13216 32308
1324252800 0 0 0 0
1324166400 0 0 0 0
1324080000 595 3558 12938 157645
1323993600 706 4815 12567 429476
1323907200 518 2540 31262 44627
1323820800 748 3246 9526 58963
1323734400 535 3454 24246 158323
1323648000 0 0 0 0
1323561600 0 0 0 0
1323475200 472 3175 7544 76022
1323388800 549 4764 19977 167142
1323302400 584 3108 6532 46043
1323216000 558 4428 8453 178568
1323129600 608 4384 8490 86924
1323043200 0 0 0 0
1322956800 0 0 0 0
1322870400 598 3698 9614 148255
1322784000 535 4102 8775 96094
1322697600 457 1961 4940 52237
1322611200 453 2473 8434 87908
1322524800 730 3475 18013 158220
1322438400 0 0 0 0
1322352000 0 0 0 0
1322265600 0 0 0 0
1322179200 0 0 0 0
1322092800 209 1229 5015 60094
1322006400 410 3765 6883 116092
1321920000 469 3253 16839 113623
1321833600 0 0 0 0
1321747200 0 0 0 0
1321660800 422 3426 5953 91323
1321574400 354 2445 7904 44177
1321488000 453 3858 8777 391609
1321401600 333 2694 7812 67874
1321315200 299 2095 3381 29945
1321228800 0 0 0 0
1321142400 0 0 0 0
1321056000 504 4121 14326 224593
1320969600 396 2856 7099 66760
1320883200 427 4585 6566 216560
1320796800 472 5199 12135 774449
1320710400 382 2382 4235 28557
1320624000 0 0 0 0
1320537600 0 0 0 0
1320451200 342 2714 6851 41187
1320364800 485 3630 6926 74310
1320278400 381 3606 8954 126459
1320192000 401 3174 5920 78999
1320105600 424 2880 14968 88774
1320019200 0 0 0 0
1319932800 0 0 0 0
1319846400 691 3122 59188 67654
1319760000 367 2899 7247 51059
1319673600 414 4249 9681 258252
1319587200 612 3838 31278 151644
1319500800 449 2677 9542 37849
1319414400 0 0 0 0
1319328000 0 0 0 0
1319241600 0 0 0 0
1319155200 336 1924 9546 25895
1319068800 185 2323 3771 124502
1318982400 367 2508 6694 99202
1318896000 396 1764 6705 47343
1318809600 0 0 0 0
1318723200 0 0 0 0
1318636800 314 1967 5809 66372
1318550400 266 1459 7943 32830
1318464000 366 2780 7422 158183
1318377600 100 1071 2537 44402
1318291200 920 2083 75931 39497
1318204800 0 0 0 0
1318118400 0 0 0 0
1318032000 461 2546 11048 64000
1317945600 327 1204 7670 49854
1317859200 403 1867 6945 89874
1317772800 0 0 0 0
1317686400 283 1290 9302 29332
1317600000 0 0 0 0
1317513600 0 0 0 0
1317427200 437 1564 20179 40920
1317340800 402 1508 7190 34595
1317254400 370 1792 10376 55394
1317168000 1753 4863 230669 314769
1317081600 423 1868 9106 34561
1316995200 0 0 0 0
1316908800 0 0 0 0
1316822400 563 2567 9892 57031
1316736000 409 1543 8586 52958
1316649600 420 3421 6657 178533
1316563200 475 1893 5306 48305
1316476800 511 1900 5748 28556
1316390400 0 0 0 0
1316304000 0 0 0 0
1316217600 412 2379 5775 67970
1316131200 346 2654 8816 342358
1316044800 376 2354 4481 88761
1315958400 403 3104 8619 121242
1315872000 430 1830 7096 109837
1315785600 0 0 0 0
1315699200 0 0 0 0
1315612800 504 2925 4903 49808
1315526400 317 2331 4013 79747
1315440000 401 2058 7977 111077
1315353600 363 2023 4582 52954
1315267200 0 0 0 0
1315180800 0 0 0 0
1315094400 0 0 0 0
1315008000 253 3839 4845 188373
1314921600 0 0 0 0
1314835200 139 1265 3420 92912
1314748800 367 3006 5443 117940
1314662400 133 1378 2992 70966
1314576000 0 0 0 0
1314489600 0 0 0 0
1314403200 99 864 5275 47618
1314316800 193 2337 3004 105951
1314230400 343 2301 3451 69388
1314144000 256 2238 3285 50903
1314057600 787 15553 38124 1156466
1313971200 0 0 0 0
1313884800 0 0 0 0
1313798400 387 12312 5432 409597
1313712000 312 2788 7396 107927
1313625600 372 3467 6183 79798
1313539200 317 5160 9429 380359
1313452800 316 5068 9542 417345
1313366400 0 0 0 0
1313280000 0 0 0 0
1313193600 0 0 0 0
1313107200 0 0 0 0
1313020800 0 0 0 0
1312934400 0 0 0 0
1312848000 0 0 0 0
1312761600 0 0 0 0
1312675200 0 0 0 0
1312588800 0 0 0 0
1312502400 0 0 0 0
1312416000 0 0 0 0
1312329600 0 0 0 0
1312243200 0 0 0 0
1312156800 0 0 0 0
1312070400 0 0 0 0
1311984000 0 0 0 0
1311897600 0 0 0 0
1311811200 0 0 0 0
1311724800 0 0 0 0
1311638400 179 3425 6471 217860
1311552000 100 2547 561 24524
1311465600 97 2574 907 26563
1311379200 106 2808 619 24870
1311292800 106 2795 588 24978
1311206400 81 1080 923 24696
1311120000 77 815 389 5428
1311033600 76 714 320 4717
1310947200 74 570 366 1509
1310860800 75 642 307 3856
1310774400 80 885 309 14086
1310688000 82 891 488 14832
1310601600 81 875 299 3823
1310515200 80 810 389 3741
1310428800 307 3493 5834 11937
1310342400 1094 4754 2386 55923
1310256000 1123 5405 2000 11280
1310169600 1030 5334 11283 215458
1310083200 1064 15878 26919 1091172
1309996800 17157 17296 4111891 3626698
1309910400 290 1069 491 3899
1309824000 280 833 480 1412
1309737600 282 835 475 1341
1309651200 282 864 490 4816
1309564800 738 1820 3003 19351
1309478400 5316 8614 1262845 1117981
1309392000 905 44071 70079 4614138
1309305600 4345 12723 371062 1261433
1309219200 13728 13688 1784759 1593118
1309132800 213 2406 470 7808
1309046400 451 8925 809 19679
