1377805801 3327841824 3148501677
1377805801 2346 11164 2346 11164
1377805502 1030 3499 1030 3499
1377805500 1034 3524 2264 11086
1377805200 2272 11147 3590 20336
1377804900 3587 20260 3590 20336
1377804600 3217 8938 3228 8968
1377804300 1 9 272 1402
1377804000 271 1402 272 1587
1377803700 207 1605 347 4332
1377803400 346 4323 347 4332
1377803100 272 1812 292 1924
1377802800 292 1924 311 2043
1377802500 311 2050 451 4271
1377802200 451 4255 488 4271
1377801900 487 1996 488 2817
1377801600 480 2813 481 2817
1377801300 255 1727 476 4349
1377801000 485 4480 1851 24010
1377800700 1844 23886 1851 24010
1377800400 870 5495 875 5521
1377800100 277 1778 3431 9392
1377799800 3419 9360 3431 9392
1377799500 0 0 0 0
1377799200 0 0 0 0
1377798900 0 0 0 0
1377798600 0 0 0 0
1377798300 0 0 0 0
1377798000 0 0 0 0
1377797700 0 0 0 0
1377797400 0 0 0 0
1377797100 0 2 114 311
1377796800 114 317 340 2155
1377796500 339 2150 340 2155
1377796200 217 1533 457 4498
1377795900 455 4481 457 4498
1377795600 203 1958 204 1960
1377795300 193 1474 253 1857
1377795000 253 1872 302 4222
1377794700 301 4213 302 4222
1377794400 280 1618 293 1854
1377794100 292 1855 293 2037
1377793800 239 2043 306 4079
1377793500 305 4065 306 4079
1377793200 255 1982 593 2122
1377792900 591 2119 593 2122
1377792600 366 1822 953 5747
1377792300 952 5744 953 5747
1377792000 741 4996 2656 18992
1377791700 2648 18943 2656 18992
1377791400 302 4504 303 4506
1377791100 287 4148 300 4165
1377790800 299 1684 300 1882
1377790500 272 1883 273 2320
1377790200 219 2333 322 4371
1377789900 322 4363 383 4371
1377789600 394 2229 2113 5393
1377789300 2124 5397 3910 6135
1377789000 3914 6145 4526 7680
1377788700 4517 7669 4526 7680
1377788400 2083 4409 2092 4519
1377788100 756 4501 759 4519
1377787800 368 1947 2830 12082
1377787500 2821 12037 2830 12082
1377787200 1548 5393 4658 7023
1377786900 4671 7085 6623 16397
1377786600 6612 16409 6623 20179
1377786300 3503 20061 3523 20179
1377786000 554 2630 1055 3346
1377785700 1049 3337 1055 3346
1377785400 180 2200 3641 23689
1377785100 3616 23531 3641 23689
1377784800 0 0 0 0
1377784500 0 0 0 0
1377784200 0 0 0 0
1377783900 0 0 0 0
1377783600 0 0 0 0
1377783300 0 0 0 0
1377783000 0 0 0 0
1377782700 0 0 0 0
1377782400 0 0 0 0
1377782100 0 0 0 0
1377781800 0 0 0 0
1377781500 0 0 0 0
1377781200 0 0 0 0
1377780900 0 0 0 0
1377780600 0 0 0 0
1377780300 0 0 0 0
1377780000 0 0 0 0
1377779700 0 0 0 0
1377779400 0 0 0 0
1377779100 0 0 0 0
1377778800 0 0 0 0
1377778500 0 0 0 0
1377778200 0 0 0 0
1377777900 0 0 0 0
1377777600 0 0 0 0
1377777300 0 0 0 0
1377777000 0 0 0 0
1377776700 0 0 0 0
1377776400 0 0 0 0
1377776100 0 0 0 0
1377775800 0 0 0 0
1377775500 0 0 0 0
1377775200 0 0 0 0
1377774900 0 0 0 0
1377774600 0 0 0 0
1377774300 0 0 0 0
1377774000 0 0 0 0
1377773700 0 0 0 0
1377773400 0 0 0 0
1377773100 0 0 0 0
1377772800 0 0 0 0
1377772500 0 0 0 0
1377772200 0 0 0 0
1377771900 0 0 0 0
1377771600 0 0 0 0
1377771300 0 0 0 0
1377771000 0 0 0 0
1377770700 0 0 0 0
1377770400 0 0 0 0
1377770100 0 0 0 0
1377769800 0 0 0 0
1377769500 0 0 0 0
1377769200 0 0 0 0
1377768900 0 0 0 0
1377768600 0 0 0 0
1377768300 0 0 0 0
1377768000 0 0 0 0
1377767700 0 0 0 0
1377767400 0 0 0 0
1377767100 0 0 0 0
1377766800 0 0 0 0
1377766500 0 0 0 0
1377766200 0 0 0 0
1377765900 0 0 0 0
1377765600 0 0 0 0
1377765300 0 0 0 0
1377765000 0 0 0 0
1377764700 0 0 0 0
1377764400 0 0 0 0
1377764100 0 0 0 0
1377763800 0 0 0 0
1377763500 0 0 0 0
1377763200 0 0 0 0
1377762900 0 0 0 0
1377762600 0 0 0 0
1377762300 0 0 0 0
1377762000 0 0 0 0
1377761700 0 0 0 0
1377761400 0 0 0 0
1377761100 0 0 0 0
1377760800 0 0 0 0
1377760500 0 0 0 0
1377760200 0 0 0 0
1377759900 0 0 0 0
1377759600 0 0 0 0
1377759300 0 0 0 0
1377759000 0 0 0 0
1377758700 0 0 0 0
1377758400 0 0 0 0
1377758100 0 0 0 0
1377757800 0 0 0 0
1377757500 0 0 0 0
1377757200 0 0 0 0
1377756900 0 0 0 0
1377756600 0 0 0 0
1377756300 0 0 0 0
1377756000 0 0 0 0
1377755700 0 0 0 0
1377755400 0 0 0 0
1377755100 0 0 0 0
1377754800 0 0 0 0
1377754500 0 0 0 0
1377754200 0 0 0 0
1377753900 0 0 0 0
1377753600 0 0 0 0
1377753300 0 0 0 0
1377753000 0 0 0 0
1377752700 0 0 0 0
1377752400 0 0 0 0
1377752100 0 0 0 0
1377751800 0 0 0 0
1377751500 0 0 0 0
1377751200 0 0 0 0
1377750900 0 0 0 0
1377750600 0 0 0 0
1377750300 0 0 0 0
1377750000 0 0 0 0
1377749700 0 0 0 0
1377749400 0 0 0 0
1377749100 0 0 0 0
1377748800 0 0 0 0
1377748500 0 0 0 0
1377748200 0 0 0 0
1377747900 0 0 0 0
1377747600 0 0 0 0
1377747300 0 0 0 0
1377747000 0 0 0 0
1377746700 0 0 0 0
1377746400 0 0 0 0
1377746100 0 0 0 0
1377745800 0 0 0 0
1377745500 0 0 0 0
1377745200 0 0 0 0
1377744900 0 0 0 0
1377744600 0 0 0 0
1377744300 0 0 0 0
1377744000 0 0 0 0
1377743700 0 0 0 0
1377743400 0 0 0 0
1377743100 0 0 0 0
1377742800 0 0 0 0
1377742500 0 0 0 0
1377742200 0 0 0 0
1377741900 0 0 0 0
1377741600 0 0 0 0
1377741300 0 0 0 0
1377741000 0 0 0 0
1377740700 0 0 0 0
1377740400 0 0 0 0
1377740100 0 0 0 0
1377739800 0 0 0 0
1377739500 0 0 0 0
1377739200 0 0 0 0
1377738900 0 0 0 0
1377738600 0 0 0 0
1377738300 0 0 0 0
1377738000 0 0 0 0
1377737700 0 0 0 0
1377737400 0 0 0 0
1377737100 0 0 0 0
1377736800 0 0 0 0
1377736500 0 0 0 0
1377736200 0 0 0 0
1377735900 0 0 0 0
1377735600 0 0 0 0
1377735300 0 0 0 0
1377735000 0 0 0 0
1377734700 0 0 0 0
1377734400 0 0 0 0
1377734100 0 0 0 0
1377733800 0 0 0 0
1377733500 0 0 0 0
1377733200 0 0 0 0
1377732900 0 0 0 0
1377732600 0 0 0 0
1377732300 0 0 0 0
1377732000 0 0 0 0
1377731700 0 0 0 0
1377731400 0 0 0 0
1377731100 0 0 0 0
1377730800 0 0 0 0
1377730500 0 0 0 0
1377730200 0 0 0 0
1377729900 0 0 0 0
1377729600 0 0 0 0
1377729300 0 0 0 0
1377729000 0 0 0 0
1377728700 0 0 0 0
1377728400 0 0 0 0
1377728100 0 0 0 0
1377727800 0 0 0 0
1377727500 0 0 0 0
1377727200 0 0 0 0
1377726900 0 0 0 0
1377726600 0 0 0 0
1377726300 0 0 0 0
1377726000 0 0 0 0
1377725700 0 0 0 0
1377725400 0 0 0 0
1377725100 0 0 0 0
1377724800 0 0 0 0
1377724500 0 0 0 0
1377724200 0 0 0 0
1377723900 0 0 0 0
1377723600 0 0 0 0
1377723300 0 0 0 0
1377723000 0 0 0 0
1377722700 0 0 0 0
1377722400 0 0 0 0
1377722100 0 0 0 0
1377721800 0 0 0 0
1377721500 0 0 0 0
1377721200 0 0 0 0
1377720900 0 0 0 0
1377720600 0 0 0 0
1377720300 0 0 0 0
1377720000 0 0 0 0
1377719700 0 0 0 0
1377719400 0 0 0 0
1377719100 0 0 0 0
1377718800 0 0 0 0
1377718500 0 0 0 0
1377718200 0 0 0 0
1377717900 0 0 0 0
1377717600 0 0 0 0
1377717300 0 0 0 0
1377717000 0 0 0 0
1377716700 0 0 0 0
1377716400 0 0 0 0
1377716100 0 0 0 0
1377715800 0 0 0 0
1377715500 0 0 0 0
1377715200 0 0 0 0
1377714900 0 0 0 0
1377714600 0 0 0 0
1377714300 0 0 0 0
1377714000 0 0 0 0
1377713700 0 0 0 0
1377713400 0 0 0 0
1377713100 0 0 0 0
1377712800 0 0 0 0
1377712500 0 0 0 0
1377712200 0 0 0 0
1377711900 0 0 0 0
1377711600 0 0 0 0
1377711300 0 0 0 0
1377711000 0 0 0 0
1377710700 0 0 0 0
1377710400 0 0 0 0
1377710100 0 0 0 0
1377709800 0 0 0 0
1377709500 0 0 0 0
1377709200 0 0 0 0
1377708900 0 0 0 0
1377708600 0 0 0 0
1377708300 0 0 0 0
1377708000 0 0 0 0
1377707700 0 0 0 0
1377707400 0 0 0 0
1377707100 0 0 0 0
1377706800 0 0 0 0
1377706500 0 0 0 0
1377706200 0 0 0 0
1377705900 0 0 0 0
1377705600 0 0 0 0
1377705300 0 0 0 0
1377705000 0 0 0 0
1377704700 0 0 0 0
1377704400 0 0 0 0
1377704100 0 0 0 0
1377703800 0 0 0 0
1377703500 0 0 0 0
1377703200 0 0 0 0
1377702900 0 0 0 0
1377702600 0 0 0 0
1377702300 0 0 0 0
1377702000 0 0 0 0
1377701700 0 0 0 0
1377701400 0 0 0 0
1377701100 0 0 0 0
1377700800 0 0 0 0
1377700500 0 0 0 0
1377700200 0 0 0 0
1377699900 0 0 0 0
1377699600 0 0 0 0
1377699300 0 0 0 0
1377699000 0 0 0 0
1377698700 0 0 0 0
1377698400 0 0 0 0
1377698100 0 0 0 0
1377697800 0 0 0 0
1377697500 0 0 0 0
1377697200 0 0 0 0
1377696900 0 0 0 0
1377696600 0 0 0 0
1377696300 0 0 0 0
1377696000 0 0 0 0
1377695700 0 0 0 0
1377695400 0 0 0 0
1377695100 0 0 0 0
1377694800 0 0 0 0
1377694500 0 0 0 0
1377694200 0 0 0 0
1377693900 0 0 0 0
1377693600 0 0 0 0
1377693300 0 0 0 0
1377693000 0 0 0 0
1377692700 0 0 0 0
1377692400 0 0 0 0
1377692100 0 0 0 0
1377691800 0 0 0 0
1377691500 0 0 0 0
1377691200 0 0 0 0
1377690900 0 0 0 0
1377690600 0 0 0 0
1377690300 0 0 0 0
1377690000 0 0 0 0
1377689700 0 0 0 0
1377689400 0 0 0 0
1377689100 0 0 0 0
1377688800 0 0 0 0
1377688500 0 0 0 0
1377688200 0 0 0 0
1377687900 0 0 0 0
1377687600 0 0 0 0
1377687300 0 0 0 0
1377687000 0 0 0 0
1377686700 0 0 0 0
1377686400 0 0 0 0
1377686100 0 0 0 0
1377685800 0 0 0 0
1377685500 0 0 0 0
1377685200 0 0 0 0
1377684900 0 0 0 0
1377684600 0 0 0 0
1377684300 0 0 0 0
1377684000 0 0 0 0
1377683700 0 0 0 0
1377683400 0 0 0 0
1377683100 0 0 0 0
1377682800 0 0 0 0
1377682500 0 0 0 0
1377682200 0 0 0 0
1377681900 0 0 0 0
1377681600 0 0 0 0
1377681300 0 0 0 0
1377681000 0 0 0 0
1377680700 0 0 0 0
1377680400 0 0 0 0
1377680100 0 0 0 0
1377679800 0 0 0 0
1377679500 0 0 0 0
1377679200 0 0 0 0
1377678900 0 0 0 0
1377678600 0 0 0 0
1377678300 0 0 0 0
1377678000 0 0 0 0
1377677700 0 0 0 0
1377677400 0 0 0 0
1377677100 0 0 0 0
1377676800 0 0 0 0
1377676500 0 0 0 0
1377676200 0 0 0 0
1377675900 0 0 0 0
1377675600 0 0 0 0
1377675300 0 0 0 0
1377675000 0 0 0 0
1377674700 0 0 0 0
1377674400 0 0 0 0
1377674100 0 0 0 0
1377673800 0 0 0 0
1377673500 0 0 0 0
1377673200 0 0 0 0
1377672900 0 0 0 0
1377672600 0 0 0 0
1377672300 0 0 0 0
1377672000 0 0 0 0
1377671700 0 0 0 0
1377671400 0 0 0 0
1377671100 0 0 0 0
1377670800 0 0 0 0
1377670500 0 0 0 0
1377670200 0 0 0 0
1377669900 0 0 0 0
1377669600 0 0 0 0
1377669300 0 0 0 0
1377669000 0 0 0 0
1377668700 0 0 0 0
1377668400 0 0 0 0
1377668100 0 0 0 0
1377667800 0 0 0 0
1377667500 0 0 0 0
1377667200 0 0 0 0
1377666900 0 0 0 0
1377666600 0 0 0 0
1377666300 0 0 0 0
1377666000 0 0 0 0
1377665700 0 0 0 0
1377665400 0 0 0 0
1377665100 0 0 0 0
1377664800 0 0 0 0
1377664500 0 0 0 0
1377664200 0 0 0 0
1377663900 0 0 0 0
1377663600 0 0 0 0
1377663300 0 0 0 0
1377663000 0 0 0 0
1377662700 0 0 0 0
1377662400 0 0 0 0
1377662100 0 0 0 0
1377661800 0 0 0 0
1377661500 0 0 0 0
1377661200 0 0 0 0
1377660900 0 0 0 0
1377660600 0 0 0 0
1377660300 0 0 0 0
1377660000 0 0 0 0
1377659700 0 0 0 0
1377659400 0 0 0 0
1377659100 0 0 0 0
1377658800 0 0 0 0
1377658500 0 0 0 0
1377658200 0 0 0 0
1377657900 0 0 0 0
1377657600 0 0 0 0
1377657300 0 0 0 0
1377657000 0 0 0 0
1377656700 0 0 0 0
1377656400 0 0 0 0
1377656100 0 0 0 0
1377655800 0 0 0 0
1377655500 0 0 0 0
1377655200 0 0 0 0
1377654900 0 0 0 0
1377654600 0 0 0 0
1377654300 0 0 0 0
1377654000 0 0 0 0
1377653700 0 0 0 0
1377653400 0 0 0 0
1377653100 0 0 0 0
1377652800 0 0 0 0
1377652500 0 0 0 0
1377652200 0 0 0 0
1377651900 0 0 0 0
1377651600 0 0 0 0
1377651300 0 0 0 0
1377651000 0 0 0 0
1377650700 0 0 0 0
1377650400 0 0 0 0
1377650100 0 0 0 0
1377649800 0 0 0 0
1377649500 0 0 0 0
1377649200 0 0 0 0
1377648900 0 0 0 0
1377648600 0 0 0 0
1377648300 0 0 0 0
1377648000 0 0 0 0
1377647700 0 0 0 0
1377647400 0 0 0 0
1377647100 0 0 0 0
1377646800 0 0 0 0
1377646500 0 0 0 0
1377646200 0 0 0 0
1377645900 0 0 0 0
1377645600 0 0 0 0
1377645300 0 0 0 0
1377645000 0 0 0 0
1377644700 0 0 0 0
1377644400 0 0 0 0
1377644100 0 0 0 0
1377643800 0 0 0 0
1377643500 0 0 0 0
1377643200 0 0 0 0
1377642900 0 0 0 0
1377642600 0 0 0 0
1377642300 0 0 0 0
1377642000 0 0 0 0
1377641700 0 0 0 0
1377641400 0 0 0 0
1377641100 0 0 0 0
1377640800 0 0 0 0
1377640500 0 0 0 0
1377640200 0 0 0 0
1377639900 0 0 0 0
1377639600 0 0 0 0
1377639300 0 0 0 0
1377639000 0 0 0 0
1377638700 0 0 0 0
1377638400 0 0 0 0
1377638100 0 0 0 0
1377637800 0 0 0 0
1377637500 0 0 0 0
1377637200 0 0 0 0
1377636900 0 0 0 0
1377636600 0 0 0 0
1377636300 0 0 0 0
1377636000 0 0 0 0
1377635700 0 0 0 0
1377635400 0 0 0 0
1377635100 0 0 0 0
1377634800 0 0 0 0
1377634500 0 0 0 0
1377634200 0 0 0 0
1377633900 0 0 0 0
1377633600 0 0 0 0
1377633300 0 0 0 0
1377633000 0 0 0 0
1377632700 0 0 0 0
1377632400 0 0 0 0
1377632100 0 0 0 0
1377631800 0 0 0 0
1377631500 0 0 0 0
1377631200 0 0 0 0
1377630900 0 0 0 0
1377630600 0 0 0 0
1377630300 0 0 0 0
1377630000 0 0 0 0
1377629700 0 0 0 0
1377629400 0 0 0 0
1377629100 0 0 0 0
1377628800 0 0 0 0
1377628500 0 0 0 0
1377628200 0 0 0 0
1377627900 0 0 0 0
1377627600 0 0 0 0
1377627300 0 0 0 0
1377627000 0 0 0 0
1377626700 0 0 0 0
1377626400 0 0 0 0
1377626100 0 0 0 0
1377625800 0 0 0 0
1377624600 0 0 0 0
1377622800 0 0 0 0
1377621000 0 0 0 0
1377619200 0 0 0 0
1377617400 0 0 0 0
1377615600 0 0 0 0
1377613800 0 0 0 0
1377612000 0 0 0 0
1377610200 0 0 0 0
1377608400 0 0 0 0
1377606600 0 0 0 0
1377604800 0 0 0 0
1377603000 0 0 0 0
1377601200 0 0 0 0
1377599400 0 0 0 0
1377597600 0 0 0 0
1377595800 0 0 0 0
1377594000 0 0 0 0
1377592200 0 0 0 0
1377590400 0 0 0 0
1377588600 0 0 0 0
1377586800 0 0 0 0
1377585000 0 0 0 0
1377583200 0 0 0 0
1377581400 0 0 0 0
1377579600 0 0 0 0
1377577800 0 0 0 0
1377576000 0 0 0 0
1377574200 0 0 0 0
1377572400 0 0 0 0
1377570600 0 0 0 0
1377568800 0 0 0 0
1377567000 0 0 0 0
1377565200 0 0 0 0
1377563400 0 0 0 0
1377561600 0 0 0 0
1377559800 2 7 513 1853
1377558000 387 2335 796 4530
1377556200 426 3586 597 6222
1377554400 496 3722 925 5981
1377552600 1645 13997 2621 36906
1377550800 458 2535 564 4699
1377549000 632 3556 1585 6093
1377547200 449 2390 1213 4370
1377545400 923 3095 2677 4664
1377543600 499 2239 800 4492
1377541800 566 3316 800 6136
1377540000 543 3761 1113 7750
1377538200 845 5012 1335 7822
1377536400 624 2993 3084 15628
1377534600 1297 4978 3084 15628
1377532800 663 2895 1685 6163
1377531000 2401 8599 6231 17341
1377529200 1446 17299 2903 59300
1377527400 1146 12773 3714 46379
1377525600 0 0 0 0
1377523800 0 0 0 0
1377522000 0 0 0 0
1377520200 0 0 0 0
1377518400 0 0 0 0
1377516600 0 0 0 0
1377514800 0 0 0 0
1377513000 0 0 0 0
1377511200 0 0 0 0
1377509400 0 0 0 0
1377507600 0 0 0 0
1377505800 0 0 0 0
1377504000 0 0 0 0
1377502200 0 0 0 0
1377500400 0 0 0 0
1377498600 0 0 0 0
1377496800 0 0 0 0
1377495000 0 0 0 0
1377493200 0 0 0 0
1377491400 0 0 0 0
1377489600 0 0 0 0
1377487800 0 0 0 0
1377486000 0 0 0 0
1377484200 0 0 0 0
1377482400 0 0 0 0
1377480600 0 0 0 0
1377478800 0 0 0 0
1377477000 0 0 0 0
1377475200 0 0 0 0
1377473400 0 0 0 0
1377471600 0 0 0 0
1377469800 0 0 0 0
1377468000 0 0 0 0
1377466200 0 0 0 0
1377464400 0 0 0 0
1377462600 0 0 0 0
1377460800 0 0 0 0
1377459000 0 0 0 0
1377457200 0 0 0 0
1377455400 0 0 0 0
1377453600 0 0 0 0
1377451800 0 0 0 0
1377450000 0 0 0 0
1377448200 0 0 0 0
1377446400 0 0 0 0
1377444600 0 0 0 0
1377442800 0 0 0 0
1377441000 0 0 0 0
1377439200 0 0 0 0
1377437400 0 0 0 0
1377435600 0 0 0 0
1377433800 0 0 0 0
1377432000 0 0 0 0
1377430200 0 0 0 0
1377428400 0 0 0 0
1377426600 0 0 0 0
1377424800 0 0 0 0
1377423000 0 0 0 0
1377421200 0 0 0 0
1377419400 0 0 0 0
1377417600 0 0 0 0
1377415800 0 0 0 0
1377414000 0 0 0 0
1377412200 0 0 0 0
1377410400 0 0 0 0
1377408600 0 0 0 0
1377406800 0 0 0 0
1377405000 0 0 0 0
1377403200 0 0 0 0
1377401400 0 0 0 0
1377399600 0 0 0 0
1377397800 0 0 0 0
1377396000 0 0 0 0
1377394200 0 0 0 0
1377392400 0 0 0 0
1377390600 0 0 0 0
1377388800 0 0 0 0
1377387000 0 0 0 0
1377385200 0 0 0 0
1377383400 0 0 0 0
1377381600 0 0 0 0
1377379800 0 0 0 0
1377378000 0 0 0 0
1377376200 0 0 0 0
1377374400 0 0 0 0
1377372600 0 0 0 0
1377370800 0 0 0 0
1377369000 0 0 0 0
1377367200 0 0 0 0
1377365400 0 0 0 0
1377363600 0 0 0 0
1377361800 0 0 0 0
1377360000 0 0 0 0
1377358200 0 0 0 0
1377356400 0 0 0 0
1377354600 0 0 0 0
1377352800 0 0 0 0
1377351000 0 0 0 0
1377349200 0 0 0 0
1377347400 0 0 0 0
1377345600 0 0 0 0
1377343800 0 0 0 0
1377342000 0 0 0 0
1377340200 0 0 0 0
1377338400 0 0 0 0
1377336600 0 0 0 0
1377334800 0 0 0 0
1377333000 0 0 0 0
1377331200 0 0 0 0
1377329400 0 0 0 0
1377327600 0 0 0 0
1377325800 0 0 0 0
1377324000 0 0 0 0
1377322200 0 0 0 0
1377320400 0 0 0 0
1377318600 0 0 0 0
1377316800 0 0 0 0
1377315000 0 0 0 0
1377313200 0 0 0 0
1377311400 0 0 0 0
1377309600 0 0 0 0
1377307800 0 0 0 0
1377306000 0 0 0 0
1377304200 0 0 0 0
1377302400 0 0 0 0
1377300600 0 0 0 0
1377298800 516 1585 2207 4463
1377297000 389 3006 578 5050
1377295200 720 5628 949 8164
1377293400 427 3613 527 6097
1377291600 458 3525 646 5856
1377289800 611 5925 1206 14792
1377288000 477 4456 608 7703
1377286200 438 3247 702 4989
1377284400 431 3553 594 5295
1377282600 786 4636 1584 9881
1377280800 694 5031 948 8069
1377279000 381 3152 712 5843
1377277200 1036 7650 1604 14179
1377275400 1061 5254 4464 17772
1377273600 725 6123 2249 19912
1377271800 841 4578 1852 13910
1377270000 706 5548 1557 13910
1377268200 598 3502 951 5089
1377266400 581 7807 2730 42467
1377264600 0 0 0 0
1377262800 0 0 0 0
1377261000 0 0 0 0
1377259200 0 0 0 0
1377257400 0 0 0 0
1377255600 0 0 0 0
1377253800 0 0 0 0
1377252000 0 0 0 0
1377250200 0 0 0 0
1377248400 0 0 0 0
1377246600 0 0 0 0
1377244800 0 0 0 0
1377243000 0 0 0 0
1377241200 0 0 0 0
1377239400 0 0 0 0
1377237600 0 0 0 0
1377235800 0 0 0 0
1377234000 0 0 0 0
1377232200 0 0 0 0
1377230400 0 0 0 0
1377228600 0 0 0 0
1377226800 0 0 0 0
1377225000 0 0 0 0
1377223200 0 0 0 0
1377221400 0 0 0 0
1377219600 0 0 0 0
1377217800 0 0 0 0
1377216000 0 0 0 0
1377214200 140 426 849 2552
1377212400 629 2407 2669 4414
1377210600 451 2217 837 3954
1377208800 532 3447 642 5299
1377207000 756 5540 1749 18928
1377205200 598 4304 936 8171
1377203400 614 2965 1233 5624
1377201600 511 3116 775 6295
1377199800 566 3708 779 6295
1377198000 805 6676 2764 29341
1377196200 1143 7809 2764 29341
1377194400 677 3056 2158 7773
1377192600 360 735 5118 9476
1377190800 4413 10313 5200 18381
1377189000 2837 17874 5106 82068
1377187200 3163 4313 4754 64692
1377185400 3525 13751 4754 64692
1377183600 3470 3998 4753 63281
1377181800 2805 14541 4753 63281
1377180000 0 0 0 0
1377178200 0 0 0 0
1377176400 0 0 0 0
1377174600 0 0 0 0
1377172800 0 0 0 0
1377171000 0 0 0 0
1377169200 0 0 0 0
1377167400 0 0 0 0
1377165600 0 0 0 0
1377163800 0 0 0 0
1377162000 0 0 0 0
1377160200 0 0 0 0
1377158400 0 0 0 0
1377156600 0 0 0 0
1377154800 0 0 0 0
1377153000 0 0 0 0
1377151200 0 0 0 0
1377149400 0 0 0 0
1377147600 0 0 0 0
1377145800 0 0 0 0
1377144000 0 0 0 0
1377142200 0 0 0 0
1377140400 0 0 0 0
1377138600 0 0 0 0
1377136800 0 0 0 0
1377135000 0 0 0 0
1377133200 0 0 0 0
1377131400 0 0 0 0
1377129600 0 0 0 0
1377127800 0 0 0 0
1377126000 3877 13792 5529 24303
1377124200 2271 2787 3531 5934
1377122400 4499 9377 6175 14703
1377120600 5736 9035 7587 13457
1377118800 7331 10647 8416 24378
1377117000 7663 10865 8515 15131
1377115200 6407 9833 7950 18131
1377113400 3820 3088 6461 6587
1377111600 5654 6012 6461 9413
1377109800 3028 5840 4225 9413
1377108000 2455 4419 3260 6043
1377106200 2198 4169 2468 5732
1377104400 3094 31984 4971 153495
1377102600 1408 3474 2621 7915
1377100800 2844 6443 4980 24284
1377099000 993 6677 3182 24284
1377097200 0 0 0 0
1377095400 0 0 0 0
1377093600 0 0 0 0
1377091800 0 0 0 0
1377090000 0 0 0 0
1377088200 0 0 0 0
1377086400 0 0 0 0
1377084600 0 0 0 0
1377082800 0 0 0 0
1377081000 0 0 0 0
1377079200 0 0 0 0
1377077400 0 0 0 0
1377075600 0 0 0 0
1377073800 0 0 0 0
1377072000 0 0 0 0
1377070200 0 0 0 0
1377068400 0 0 0 0
1377066600 0 0 0 0
1377064800 0 0 0 0
1377063000 0 0 0 0
1377061200 0 0 0 0
1377059400 0 0 0 0
1377057600 0 0 0 0
1377055800 0 0 0 0
1377054000 0 0 0 0
1377052200 0 0 0 0
1377050400 0 0 0 0
1377048600 0 0 0 0
1377046800 0 0 0 0
1377045000 0 0 0 0
1377043200 0 0 0 0
1377041400 0 0 0 0
1377039600 104 426 1315 13650
1377037800 1168 9342 2636 32115
1377036000 1089 25413 2456 60956
1377034200 1198 9901 2061 20101
1377032400 797 3370 1825 8630
1377030600 583 4795 1607 27486
1377028800 1561 28195 2470 36310
1377027000 1369 26711 2060 28690
1377025200 1896 29605 8674 124937
1377023400 2543 43963 8674 124937
1377021600 564 3758 907 5732
1377019800 584 3877 1437 8842
1377018000 589 6164 1601 18552
1377016200 1230 7639 3687 25736
1377014400 556 2617 874 4850
1377012600 1085 7518 2414 19133
1377010800 1143 10697 2203 20069
1377009000 1390 10654 2398 20069
1377007200 0 0 0 0
1377005400 0 0 0 0
1377003600 0 0 0 0
1377001800 0 0 0 0
1377000000 0 0 0 0
1376998200 0 0 0 0
1376996400 0 0 0 0
1376994600 0 0 0 0
1376992800 0 0 0 0
1376991000 0 0 0 0
1376989200 0 0 0 0
1376987400 0 0 0 0
1376985600 0 0 0 0
1376983800 0 0 0 0
1376982000 0 0 0 0
1376980200 0 0 0 0
1376978400 0 0 0 0
1376976600 0 0 0 0
1376974800 0 0 0 0
1376973000 0 0 0 0
1376971200 0 0 0 0
1376969400 0 0 0 0
1376967600 0 0 0 0
1376965800 0 0 0 0
1376964000 0 0 0 0
1376962200 0 0 0 0
1376960400 0 0 0 0
1376958600 0 0 0 0
1376956800 0 0 0 0
1376955000 0 0 0 0
1376953200 0 73 1444 66912
1376951400 3035 146645 3717 181168
1376949600 3366 163771 3836 180920
1376947800 3639 160444 4514 200909
1376946000 3259 167098 3455 191393
1376944200 3556 170423 4046 193390
1376942400 3628 172418 4046 194384
1376940600 1727 32675 3920 183018
1376938800 445 4375 1144 26477
1376937000 608 5614 2516 26477
1376935200 0 0 0 0
1376933400 215 1584 414 4024
1376931600 784 6745 1566 16103
1376929800 822 7064 2038 13743
1376928000 669 7116 2038 9746
1376926200 604 7033 1053 10292
1376924400 672 7202 1161 14929
1376922600 1149 7374 3067 17773
1376920800 0 0 0 0
1376919000 0 0 0 0
1376917200 0 0 0 0
1376915400 0 0 0 0
1376913600 0 0 0 0
1376911800 0 0 0 0
1376910000 0 0 0 0
1376908200 0 0 0 0
1376906400 0 0 0 0
1376904600 0 0 0 0
1376902800 0 0 0 0
1376901000 0 0 0 0
1376899200 0 0 0 0
1376897400 0 0 0 0
1376895600 0 0 0 0
1376893800 0 0 0 0
1376892000 0 0 0 0
1376890200 0 0 0 0
1376888400 0 0 0 0
1376886600 0 0 0 0
1376884800 0 0 0 0
1376883000 0 0 0 0
1376881200 0 0 0 0
1376879400 0 0 0 0
1376877600 0 0 0 0
1376875800 0 0 0 0
1376874000 0 0 0 0
1376872200 0 0 0 0
1376870400 0 0 0 0
1376868600 0 0 0 0
1376866800 0 0 0 0
1376865000 0 0 0 0
1376863200 0 0 0 0
1376861400 0 0 0 0
1376859600 0 0 0 0
1376857800 0 0 0 0
1376856000 0 0 0 0
1376854200 0 0 0 0
1376852400 0 0 0 0
1376850600 0 0 0 0
1376848800 0 0 0 0
1376847000 0 0 0 0
1376845200 0 0 0 0
1376843400 0 0 0 0
1376841600 0 0 0 0
1376839800 0 0 0 0
1376838000 0 0 0 0
1376836200 0 0 0 0
1376834400 0 0 0 0
1376832600 0 0 0 0
1376830800 0 0 0 0
1376829000 0 0 0 0
1376827200 0 0 0 0
1376825400 0 0 0 0
1376823600 0 0 0 0
1376821800 0 0 0 0
1376820000 0 0 0 0
1376818200 0 0 0 0
1376816400 0 0 0 0
1376814600 0 0 0 0
1376812800 0 0 0 0
1376811000 0 0 0 0
1376809200 0 0 0 0
1376807400 0 0 0 0
1376805600 0 0 0 0
1376803800 0 0 0 0
1376802000 0 0 0 0
1376800200 0 0 0 0
1376798400 0 0 0 0
1376796600 0 0 0 0
1376794800 0 0 0 0
1376793000 0 0 0 0
1376791200 0 0 0 0
1376789400 0 0 0 0
1376787600 0 0 0 0
1376785800 0 0 0 0
1376784000 0 0 0 0
1376782200 0 0 0 0
1376780400 0 0 0 0
1376778600 0 0 0 0
1376776800 0 0 0 0
1376775000 0 0 0 0
1376773200 0 0 0 0
1376771400 0 0 0 0
1376769600 0 0 0 0
1376767800 0 0 0 0
1376766000 0 0 0 0
1376764200 0 0 0 0
1376762400 0 0 0 0
1376760600 0 0 0 0
1376758800 0 0 0 0
1376757000 0 0 0 0
1376755200 0 0 0 0
1376753400 0 0 0 0
1376751600 0 0 0 0
1376749800 0 0 0 0
1376748000 0 0 0 0
1376746200 0 0 0 0
1376744400 0 0 0 0
1376742600 0 0 0 0
1376740800 0 0 0 0
1376739000 0 0 0 0
1376737200 0 0 0 0
1376735400 0 0 0 0
1376733600 0 0 0 0
1376731800 0 0 0 0
1376730000 0 0 0 0
1376728200 0 0 0 0
1376726400 0 0 0 0
1376724600 0 0 0 0
1376722800 0 0 0 0
1376721000 0 0 0 0
1376719200 0 0 0 0
1376717400 0 0 0 0
1376715600 0 0 0 0
1376713800 0 0 0 0
1376712000 0 0 0 0
1376710200 0 0 0 0
1376708400 0 0 0 0
1376706600 0 0 0 0
1376704800 0 0 0 0
1376703000 0 0 0 0
1376701200 0 0 0 0
1376699400 0 0 0 0
1376697600 0 0 0 0
1376695800 0 0 0 0
1376694000 530 2197 1289 14783
1376692200 1221 6554 2852 14783
1376690400 567 3090 811 5369
1376688600 1267 6401 2765 16808
1376686800 2064 14134 3422 25063
1376685000 1113 5863 2350 12388
1376683200 655 4570 852 6180
1376681400 1004 4324 3613 15606
1376679600 600 3474 1295 9139
1376677800 1203 8760 2713 20830
1376676000 896 5547 3610 23789
1376674200 1925 17292 3610 40395
1376672400 4768 33806 8375 124352
1376670600 1775 13959 3962 42131
1376668800 322 2238 455 4466
1376667000 1007 9317 2246 25190
1376665200 1747 12023 2606 20211
1376663400 0 0 0 0
1376661600 0 0 0 0
1376659800 0 0 0 0
1376658000 0 0 0 0
1376656200 0 0 0 0
1376654400 0 0 0 0
1376652600 0 0 0 0
1376650800 0 0 0 0
1376649000 0 0 0 0
1376647200 0 0 0 0
1376645400 0 0 0 0
1376643600 0 0 0 0
1376641800 76 462 225 680
1376640000 174 722 304 1374
1376638200 216 833 855 2030
1376636400 0 0 0 0
1376634600 0 0 0 0
1376632800 0 0 0 0
1376631000 0 0 0 0
1376629200 0 0 0 0
1376627400 0 0 0 0
1376625600 0 0 0 0
1376623800 0 0 0 0
1376622000 0 0 0 0
1376620200 0 0 0 0
1376618400 0 0 0 0
1376616600 0 0 0 0
1376614800 0 0 0 0
1376613000 0 0 0 0
1376611200 0 0 0 0
1376609400 0 0 0 0
1376607600 0 0 0 0
1376605800 585 1995 1520 6509
1376604000 329 1380 1177 17064
1376602200 1195 9914 3780 28970
1376600400 987 7803 2497 26987
1376598600 783 4251 1468 7995
1376596800 1132 3949 2299 10634
1376595000 734 1914 1578 3453
1376593200 823 2386 1587 7535
1376591400 1905 15573 4578 72398
1376589600 1893 10217 3730 26967
1376587800 1241 4175 2663 10282
1376586000 27545 35868 150164 122841
1376584200 16191 40672 83826 122841
1376582400 421 1582 1688 6756
1376580600 31630 134717 143880 408725
1376578800 1713 43220 3943 149455
1376577000 267 1436 1613 8674
1376575200 0 0 0 0
1376573400 0 0 0 0
1376571600 0 0 0 0
1376569800 0 0 0 0
1376568000 0 0 0 0
1376566200 0 0 0 0
1376564400 0 0 0 0
1376562600 0 0 0 0
1376560800 0 0 0 0
1376559000 0 0 0 0
1376557200 0 0 0 0
1376555400 0 0 0 0
1376553600 0 0 0 0
1376551800 0 0 0 0
1376550000 0 0 0 0
1376548200 0 0 0 0
1376546400 0 0 0 0
1376544600 0 0 0 0
1376539200 0 0 0 0
1376532000 0 0 0 0
1376524800 0 0 0 0
1376517600 0 0 0 0
1376510400 0 0 0 0
1376503200 0 0 0 0
1376496000 0 0 0 0
1376488800 0 0 0 0
1376481600 0 0 0 0
1376474400 0 0 0 0
1376467200 0 0 0 0
1376460000 0 0 0 0
1376452800 0 0 0 0
1376445600 0 0 0 0
1376438400 147 3595 1008 21273
1376431200 1445 36704 6333 230897
1376424000 428 2834 2180 21532
1376416800 9 70 157 1061
1376409600 7874 18457 172056 239170
1376402400 0 0 0 0
1376395200 0 0 0 0
1376388000 0 0 0 0
1376380800 0 0 0 0
1376373600 0 0 0 0
1376366400 0 0 0 0
1376359200 0 0 0 0
1376352000 4151 23323 89053 250546
1376344800 12091 17686 95667 96891
1376337600 922 10311 5129 189929
1376330400 492 2468 2783 18369
1376323200 954 8356 4107 90196
1376316000 0 0 0 0
1376308800 0 0 0 0
1376301600 0 0 0 0
1376294400 0 0 0 0
1376287200 0 0 0 0
1376280000 0 0 0 0
1376272800 0 0 0 0
1376265600 0 0 0 0
1376258400 0 0 0 0
1376251200 0 0 0 0
1376244000 0 0 0 0
1376236800 0 0 0 0
1376229600 0 0 0 0
1376222400 0 0 0 0
1376215200 0 0 0 0
1376208000 0 0 0 0
1376200800 0 0 0 0
1376193600 0 0 0 0
1376186400 0 0 0 0
1376179200 0 0 0 0
1376172000 0 0 0 0
1376164800 0 0 0 0
1376157600 0 0 0 0
1376150400 0 0 0 0
1376143200 0 0 0 0
1376136000 0 0 0 0
1376128800 0 0 0 0
1376121600 0 0 0 0
1376114400 0 0 0 0
1376107200 0 0 0 0
1376100000 0 0 0 0
1376092800 1365 1266 25852 15698
1376085600 1118 18160 2562 108341
1376078400 1603 10605 38013 48908
1376071200 2520 4626 38013 31291
1376064000 3975 5065 52665 32194
1376056800 0 0 0 0
1376049600 0 0 0 0
1376042400 0 0 0 0
1376035200 0 0 0 0
1376028000 0 0 0 0
1376020800 0 0 0 0
1376013600 0 0 0 0
1376006400 69 269 804 3129
1375999200 3394 43201 23035 358843
1375992000 2255 12261 6955 40449
1375984800 5171 26773 85892 95555
1375977600 923 5120 3061 19787
1375970400 0 0 0 0
1375963200 0 0 0 0
1375956000 0 0 0 0
1375948800 0 0 0 0
1375941600 0 0 0 0
1375934400 0 0 0 0
1375927200 0 0 0 0
1375920000 145 670 698 2964
1375912800 1715 12574 6053 63998
1375905600 2790 30693 28089 119348
1375898400 1427 17726 3380 119348
1375891200 1386 5639 5293 36968
1375884000 0 0 0 0
1375876800 0 0 0 0
1375869600 0 0 0 0
1375862400 0 0 0 0
1375855200 0 0 0 0
1375848000 0 0 0 0
1375840800 0 0 0 0
1375833600 13089 14934 163549 173352
1375826400 7811 27534 86154 194674
1375819200 2467 35067 15490 533453
1375812000 6352 9728 37765 31728
1375804800 2379 9934 34839 29509
1375797600 0 0 0 0
1375790400 0 0 0 0
1375783200 0 0 0 0
1375776000 0 0 0 0
1375768800 0 0 0 0
1375761600 0 0 0 0
1375754400 0 0 0 0
1375747200 704 4251 3424 31480
1375740000 1097 21702 7352 387152
1375732800 1147 5952 4060 31664
1375725600 1657 9469 4262 88781
1375718400 932 4003 3876 17451
1375711200 0 0 0 0
1375704000 0 0 0 0
1375696800 0 0 0 0
1375689600 0 0 0 0
1375682400 0 0 0 0
1375675200 0 0 0 0
1375668000 0 0 0 0
1375660800 0 0 0 0
1375653600 0 0 0 0
1375646400 0 0 0 0
1375639200 0 0 0 0
1375632000 0 0 0 0
1375624800 0 0 0 0
1375617600 0 0 0 0
1375610400 0 0 0 0
1375603200 0 0 0 0
1375596000 0 0 0 0
1375588800 0 0 0 0
1375581600 0 0 0 0
1375574400 0 0 0 0
1375567200 0 0 0 0
1375560000 0 0 0 0
1375552800 0 0 0 0
1375545600 0 0 0 0
1375538400 0 0 0 0
1375531200 0 0 0 0
1375524000 0 0 0 0
1375516800 0 0 0 0
1375509600 0 0 0 0
1375502400 0 0 0 0
1375495200 0 0 0 0
1375488000 488 1783 3897 11969
1375480800 1173 26505 3640 167919
1375473600 1286 13935 3296 101804
1375466400 1266 29543 4196 129295
1375459200 1458 10051 9033 52585
1375452000 0 0 0 0
1375444800 0 0 0 0
1375437600 0 0 0 0
1375430400 0 0 0 0
1375423200 0 0 0 0
1375416000 0 0 0 0
1375408800 0 0 0 0
1375401600 632 5016 1977 21759
1375394400 799 3768 2884 39958
1375387200 1169 13891 4207 155854
1375380000 3995 7241 62049 21237
1375372800 762 4803 2517 25569
1375365600 0 0 0 0
1375358400 0 0 0 0
1375351200 0 0 0 0
1375344000 0 0 0 0
1375336800 0 0 0 0
1375329600 0 0 0 0
1375322400 0 0 0 0
1375315200 672 9378 3621 59020
1375308000 1178 15710 4678 114286
1375300800 1845 11851 7039 31392
1375293600 964 5418 2597 11904
1375286400 1007 5244 3599 17464
1375279200 0 0 0 0
1375272000 0 0 0 0
1375264800 0 0 0 0
1375257600 0 0 0 0
1375250400 0 0 0 0
1375243200 0 0 0 0
1375236000 0 0 0 0
1375228800 958 12399 4412 38418
1375221600 1066 6224 2980 21063
1375214400 1396 6591 3839 12772
1375207200 729 4351 2269 12851
1375200000 871 5976 3254 20064
1375192800 0 0 0 0
1375185600 0 0 0 0
1375178400 0 0 0 0
1375171200 0 0 0 0
1375164000 0 0 0 0
1375156800 0 0 0 0
1375149600 0 0 0 0
1375142400 705 9195 6868 88497
1375135200 872 3940 3805 10113
1375128000 586 3347 2670 10150
1375120800 634 3910 2824 11832
1375113600 917 8306 4385 49533
1375106400 0 0 0 0
1375099200 0 0 0 0
1375092000 0 0 0 0
1375084800 0 0 0 0
1375077600 0 0 0 0
1375070400 0 0 0 0
1375063200 0 0 0 0
1375056000 0 0 0 0
1375048800 0 0 0 0
1375041600 0 0 0 0
1375034400 0 0 0 0
1375027200 0 0 0 0
1375020000 0 0 0 0
1375012800 0 0 0 0
1375005600 0 0 0 0
1374998400 0 0 0 0
1374991200 0 0 0 0
1374984000 0 0 0 0
1374976800 0 0 0 0
1374969600 0 0 0 0
1374962400 0 0 0 0
1374955200 0 0 0 0
1374948000 0 0 0 0
1374940800 0 0 0 0
1374933600 0 0 0 0
1374926400 0 0 0 0
1374919200 0 0 0 0
1374912000 0 0 0 0
1374904800 0 0 0 0
1374897600 0 0 0 0
1374890400 0 0 0 0
1374883200 2610 28407 7368 189088
1374876000 5054 27227 87334 118030
1374868800 14779 27302 324482 158186
1374861600 1853 64224 13826 1071182
1374854400 4093 73225 14693 220583
1374847200 0 0 0 0
1374840000 0 0 0 0
1374832800 0 0 0 0
1374825600 0 0 0 0
1374818400 0 0 0 0
1374811200 0 0 0 0
1374804000 0 0 0 0
1374796800 188 612 2274 6303
1374789600 750 6042 5912 44708
1374782400 680 4204 2133 20203
1374775200 1128 9705 2771 105977
1374768000 744 6290 3023 48731
1374760800 0 0 0 0
1374753600 0 0 0 0
1374746400 0 0 0 0
1374739200 0 0 0 0
1374732000 0 0 0 0
1374724800 0 0 0 0
1374717600 0 0 0 0
1374710400 0 0 0 0
1374703200 0 0 0 0
1374696000 0 0 0 0
1374688800 0 0 0 0
1374681600 0 0 0 0
1374674400 0 0 0 0
1374667200 0 0 0 0
1374660000 0 0 0 0
1374652800 0 0 0 0
1374645600 0 0 0 0
1374638400 0 0 0 0
1374631200 0 0 0 0
1374624000 45 137 2247 6412
1374616800 1583 5624 12386 15117
1374609600 519 3491 1616 6984
1374602400 1131 8256 5510 32051
1374595200 751 4218 2926 16721
1374588000 0 0 0 0
1374580800 0 0 0 0
1374573600 0 0 0 0
1374566400 0 0 0 0
1374559200 0 0 0 0
1374552000 0 0 0 0
1374544800 0 0 0 0
1374537600 0 0 0 0
1374530400 0 0 0 0
1374523200 0 0 0 0
1374516000 0 0 0 0
1374508800 0 0 0 0
1374501600 0 0 0 0
1374494400 0 0 0 0
1374487200 0 0 0 0
1374480000 0 0 0 0
1374472800 0 0 0 0
1374465600 0 0 0 0
1374458400 0 0 0 0
1374451200 0 0 0 0
1374444000 0 0 0 0
1374436800 0 0 0 0
1374429600 0 0 0 0
1374422400 0 0 0 0
1374415200 0 0 0 0
1374408000 0 0 0 0
1374400800 0 0 0 0
1374393600 0 0 0 0
1374386400 0 0 0 0
1374379200 0 0 0 0
1374372000 0 0 0 0
1374364800 0 0 0 0
1374357600 0 0 0 0
1374350400 0 0 0 0
1374343200 0 0 0 0
1374336000 0 0 0 0
1374328800 0 0 0 0
1374321600 0 0 0 0
1374314400 0 0 0 0
1374307200 0 0 0 0
1374300000 0 0 0 0
1374292800 0 0 0 0
1374285600 0 0 0 0
1374278400 318 1335 3353 11034
1374271200 727 3720 1837 9327
1374264000 692 3313 1429 7206
1374256800 1327 5144 2759 13087
1374249600 1085 4623 3524 17405
1374242400 0 0 0 0
1374235200 0 0 0 0
1374228000 0 0 0 0
1374220800 0 0 0 0
1374213600 0 0 0 0
1374206400 0 0 0 0
1374199200 0 0 0 0
1374192000 454 1399 2513 7578
1374184800 1410 5094 2901 12906
1374177600 1396 6091 4730 23349
1374170400 1853 4800 10376 16970
1374163200 1617 5560 5202 17866
1374156000 0 0 0 0
1374148800 0 0 0 0
1374141600 0 0 0 0
1374134400 0 0 0 0
1374127200 0 0 0 0
1374120000 0 0 0 0
1374112800 0 0 0 0
1374105600 259 2004 1919 25191
1374098400 3526 75597 8206 221666
1374091200 1548 7549 3330 30705
1374084000 2111 15129 6456 88364
1374076800 804 6751 3229 57318
1374069600 0 0 0 0
1374062400 0 0 0 0
1374055200 0 0 0 0
1374048000 0 0 0 0
1374040800 0 0 0 0
1374033600 0 0 0 0
1374026400 0 0 0 0
1374019200 336 1559 1788 13446
1374012000 798 5642 1910 60854
1374004800 541 2827 2494 9411
1373997600 445 3038 2653 9993
1373990400 556 3952 2235 19613
1373983200 0 0 0 0
1373976000 0 0 0 0
1373968800 0 0 0 0
1373961600 0 0 0 0
1373954400 0 0 0 0
1373947200 0 0 0 0
1373940000 0 0 0 0
1373932800 264 5483 3377 71875
1373925600 1179 8418 2779 32504
1373918400 1167 7826 2763 29779
1373911200 1218 5914 5858 21068
1373904000 864 6369 3429 52755
1373896800 0 0 0 0
1373889600 0 0 0 0
1373882400 0 0 0 0
1373875200 0 0 0 0
1373868000 0 0 0 0
1373860800 0 0 0 0
1373853600 0 0 0 0
1373846400 0 0 0 0
1373839200 0 0 0 0
1373832000 0 0 0 0
1373824800 0 0 0 0
1373817600 0 0 0 0
1373810400 0 0 0 0
1373803200 0 0 0 0
1373796000 0 0 0 0
1373788800 0 0 0 0
1373781600 0 0 0 0
1373774400 0 0 0 0
1373767200 0 0 0 0
1373760000 0 0 0 0
1373752800 0 0 0 0
1373745600 0 0 0 0
1373738400 0 0 0 0
1373731200 0 0 0 0
1373724000 0 0 0 0
1373716800 0 0 0 0
1373709600 0 0 0 0
1373702400 0 0 0 0
1373695200 0 0 0 0
1373688000 0 0 0 0
1373680800 0 0 0 0
1373673600 342 1757 2756 11039
1373666400 4804 32442 85750 157807
1373659200 9653 40869 89364 171313
1373652000 35331 69979 166505 190862
1373644800 4922 27975 90887 206812
1373637600 0 0 0 0
1373630400 0 0 0 0
1373623200 0 0 0 0
1373616000 0 0 0 0
1373608800 0 0 0 0
1373601600 0 0 0 0
1373594400 0 0 0 0
1373587200 438 6951 3125 34202
1373580000 11950 31811 87519 145076
1373572800 8178 11779 86335 95125
1373565600 1163 5102 3879 30894
1373558400 15712 41903 88825 169945
1373551200 0 0 0 0
1373544000 4 67 38 432
1373536800 78 549 273 1300
1373529600 157 518 2335 6030
1373522400 0 0 0 0
1373515200 0 0 0 0
1373508000 0 0 0 0
1373500800 25935 37668 171502 267684
1373493600 18562 28030 170536 179570
1373486400 8093 19312 86963 106232
1373479200 7876 12815 88238 111684
1373472000 1057 15820 6209 268128
1373464800 0 0 0 0
1373457600 0 0 0 0
1373450400 0 0 0 0
1373443200 0 0 0 0
1373436000 0 0 0 0
1373428800 0 0 0 0
1373421600 0 0 0 0
1373414400 432 2991 2506 20361
1373407200 3765 4224 41248 17567
1373400000 796 6122 3798 33037
1373392800 1418 13297 4051 57154
1373385600 1837 57799 13426 785198
1373378400 0 0 0 0
1373371200 0 0 0 0
1373364000 0 0 0 0
1373356800 0 0 0 0
1373349600 0 0 0 0
1373342400 0 0 0 0
1373335200 0 0 0 0
1373328000 429 2287 2457 18227
1373320800 907 5935 3306 34042
1373313600 1025 6916 5341 43791
1373306400 1360 8411 3930 14040
1373299200 797 5270 3752 31414
1373292000 0 0 0 0
1373284800 0 0 0 0
1373277600 0 0 0 0
1373270400 0 0 0 0
1373263200 0 0 0 0
1373256000 0 0 0 0
1373248800 0 0 0 0
1373241600 0 0 0 0
1373234400 0 0 0 0
1373227200 0 0 0 0
1373220000 344 1504 2728 22475
1373212800 0 0 0 11
1373205600 0 0 0 0
1373198400 0 0 0 0
1373191200 0 0 0 0
1373184000 0 0 0 0
1373176800 0 0 0 0
1373169600 0 0 0 0
1373162400 0 0 0 0
1373155200 0 0 0 0
1373148000 0 0 0 0
1373140800 0 0 0 0
1373133600 0 0 0 0
1373126400 0 0 0 0
1373119200 0 0 0 0
1373112000 0 0 0 0
1373104800 0 0 0 0
1373097600 0 0 0 0
1373090400 0 0 0 0
1373083200 0 0 0 0
1373076000 0 0 0 0
1373068800 0 0 0 0
1373061600 0 0 0 0
1373054400 0 0 0 0
1373047200 0 0 0 0
1373040000 0 0 0 0
1373032800 0 0 0 0
1373025600 0 0 0 0
1373018400 0 0 0 0
1373011200 0 0 0 0
1373004000 0 0 0 0
1372996800 0 0 0 0
1372989600 0 0 0 0
1372982400 0 0 0 0
1372975200 0 0 0 0
1372968000 0 0 0 0
1372960800 0 0 0 0
1372953600 0 0 0 0
1372946400 0 0 0 0
1372939200 0 0 0 0
1372932000 0 0 0 0
1372924800 0 0 0 0
1372917600 0 0 0 0
1372910400 0 0 0 0
1372903200 0 0 0 0
1372896000 0 0 0 0
1372888800 0 0 0 0
1372881600 4965 176161 13772 401883
1372874400 2296 31612 9379 364399
1372867200 1636 6836 6578 20050
1372860000 0 0 0 0
1372852800 0 0 0 0
1372845600 3 21 114 527
1372838400 508 4475 4816 83623
1372831200 0 0 0 0
1372824000 0 0 0 0
1372816800 0 0 0 0
1372809600 1155 4246 7098 21718
1372802400 3204 19196 6376 54111
1372795200 1619 12705 8430 59994
1372788000 1222 16509 4222 161206
1372780800 0 0 0 0
1372773600 0 0 0 0
1372766400 0 0 0 0
1372759200 0 0 0 0
1372752000 0 0 0 0
1372744800 0 0 0 0
1372737600 0 0 0 0
1372730400 0 0 0 0
1372723200 0 0 0 0
1372716000 984 9345 3461 125509
1372708800 838 4899 3662 17028
1372701600 1332 6576 5427 42441
1372694400 820 7734 3850 63158
1372687200 0 0 0 0
1372680000 0 0 0 0
1372672800 0 0 0 0
1372665600 0 0 0 0
1372658400 0 0 0 0
1372651200 0 0 0 0
1372644000 0 0 0 0
1372636800 0 0 0 0
1372629600 0 0 0 0
1372622400 0 0 0 0
1372615200 0 0 0 0
1372608000 0 0 0 0
1372600800 0 0 0 0
1372593600 0 0 0 0
1372586400 0 0 0 0
1372579200 0 0 0 0
1372572000 0 0 0 0
1372564800 0 0 0 0
1372557600 0 0 0 0
1372550400 0 0 0 0
1372543200 0 0 0 0
1372536000 0 0 0 0
1372528800 0 0 0 0
1372521600 0 0 0 0
1372514400 0 0 0 0
1372507200 0 0 0 0
1372500000 0 0 0 0
1372492800 0 0 0 0
1372485600 0 0 0 0
1372478400 0 0 0 0
1372471200 0 0 0 0
1372464000 114 605 2013 7196
1372456800 562 3878 5664 19076
1372449600 546 3091 3123 12862
1372442400 554 3865 2027 21214
1372435200 946 6138 3094 24239
1372428000 0 0 0 0
1372420800 0 0 0 0
1372413600 0 0 0 0
1372406400 0 0 0 0
1372399200 0 0 0 0
1372392000 0 0 0 0
1372384800 0 0 0 0
1372377600 6789 13116 153790 134115
1372370400 4777 29148 86220 94827
1372363200 5234 14186 86954 98722
1372356000 5247 7306 88456 95897
1372348800 588 9125 1664 101010
1372341600 0 0 0 0
1372334400 0 0 0 0
1372327200 0 0 0 0
1372320000 0 0 0 0
1372312800 0 0 0 0
1372305600 0 0 0 0
1372298400 0 0 0 0
1372291200 3918 5967 87056 98293
1372284000 1446 22489 5684 103982
1372276800 1282 9727 5684 57324
1372269600 1060 7114 2477 15446
1372262400 780 5521 2730 25744
1372255200 0 0 0 0
1372248000 0 0 0 0
1372240800 0 0 0 0
1372233600 0 0 0 0
1372226400 0 0 0 0
1372219200 0 0 0 0
1372204800 1222 4197 263747 290071
1372118400 313 1763 4339 16581
1372032000 0 0 0 0
1371945600 0 0 0 0
1371859200 446 6462 4855 297435
1371772800 335 2911 4119 98045
1371686400 638 3965 41334 265851
1371600000 614 3105 3830 17430
1371513600 479 3255 7470 47258
1371427200 0 0 0 0
1371340800 0 0 0 0
1371254400 0 0 0 0
1371168000 643 6423 7657 111834
1371081600 359 6892 4456 154796
1370995200 1502 6438 223086 326620
1370908800 569 17709 27133 2358507
1370822400 0 0 0 0
1370736000 0 0 0 0
1370649600 2131 8445 431173 393307
1370563200 1374 3455 88755 114000
1370476800 10823 4874 1438508 242343
1370390400 525 3795 6156 147440
1370304000 383 2590 4525 220169
1370217600 0 0 0 0
1370131200 0 0 0 0
1370044800 278 2366 4945 65882
1369958400 807 7873 5561 62320
1369872000 732 2612 65241 192683
1369785600 223 1335 3338 50138
1369699200 0 0 0 0
1369612800 0 0 0 0
1369526400 0 0 0 0
1369440000 530 1134 56683 57401
1369353600 3448 5276 932547 1174417
1369267200 206 848 2437 14750
1369180800 528 1129 51031 25492
1369094400 790 1847 107754 195079
1369008000 0 0 0 0
1368921600 0 0 0 0
1368835200 0 0 0 0
1368748800 0 0 0 0
1368662400 0 0 0 0
1368576000 0 0 0 0
1368489600 0 0 0 0
1368403200 0 0 0 0
1368316800 0 0 0 0
1368230400 0 0 0 0
1368144000 0 0 0 0
1368057600 0 0 0 0
1367971200 0 0 0 0
1367884800 0 0 0 0
1367798400 0 0 0 0
1367712000 0 0 0 0
1367625600 0 0 0 0
1367539200 0 0 0 0
1367452800 0 0 0 0
1367366400 382 8479 18880 842347
1367280000 725 7246 102542 839831
1367193600 0 0 0 0
1367107200 0 0 0 0
1367020800 2166 5619 127544 835587
1366934400 515 3304 18524 84831
1366848000 8112 9049 1327456 1020271
1366761600 549 2818 10849 79610
1366675200 293 1316 4542 32542
1366588800 0 0 0 0
1366502400 0 0 0 0
1366416000 333 6077 4215 63868
1366329600 0 0 0 0
1366243200 0 0 0 0
1366156800 1836 3952 421205 417093
1366070400 2016 2635 423966 433529
1365984000 0 0 0 0
1365897600 0 0 0 0
1365811200 1160 3754 86457 107788
1365724800 2653 5784 306031 126138
1365638400 260 2610 4209 99431
1365552000 1596 17955 90743 339068
1365465600 773 9128 19280 445597
1365379200 108 542 3229 15922
1365292800 0 0 0 0
1365206400 162 820 14755 41540
1365120000 731 3349 90296 107052
1365033600 1335 9592 63490 146723
1364947200 589 5372 14385 670079
1364860800 447 2653 6311 365371
1364774400 0 0 0 0
1364688000 0 0 0 0
1364601600 1416 4814 176930 208377
1364515200 413 4553 29221 620365
1364428800 604 1704 87013 92927
1364342400 1625 49185 105749 4692286
1364256000 294 981 7328 15308
1364169600 0 0 0 0
1364083200 0 0 0 0
1363996800 526 1388 31880 46611
1363910400 314 1450 16812 58288
1363824000 1740 3126 441878 457536
1363737600 951 3249 9433 45239
1363651200 393 1313 6047 38236
1363564800 0 0 0 0
1363478400 0 0 0 0
1363392000 622 1448 8674 23821
1363305600 2011 3704 361997 374418
1363219200 264 2228 3739 124452
1363132800 1826 3198 441459 456271
1363046400 2251 4444 503896 507362
1362960000 0 0 0 0
1362873600 0 0 0 0
1362787200 0 0 0 0
1362700800 0 0 0 0
1362614400 0 0 0 0
1362528000 0 0 0 0
1362441600 0 0 0 0
1362355200 0 0 0 0
1362268800 0 0 0 0
1362182400 0 0 0 0
1362096000 0 0 0 0
1362009600 0 0 0 0
1361923200 0 0 0 0
1361836800 0 0 0 0
1361750400 0 0 0 0
1361664000 0 0 0 0
1361577600 0 0 0 0
1361491200 0 0 0 0
1361404800 0 0 0 0
1361318400 0 0 0 0
1361232000 0 0 0 0
1361145600 0 0 0 0
1361059200 0 0 0 0
1360972800 0 0 0 0
1360886400 0 0 0 0
1360800000 0 0 0 0
1360713600 0 0 0 0
1360627200 0 0 0 0
1360540800 0 0 0 0
1360454400 0 0 0 0
1360368000 0 0 0 0
1360281600 0 0 0 0
1360195200 0 0 0 0
1360108800 0 0 0 0
1360022400 0 0 0 0
1359936000 0 0 0 0
1359849600 0 0 0 0
1359763200 0 0 0 0
1359676800 0 0 0 0
1359590400 0 0 0 0
1359504000 0 0 0 0
1359417600 0 0 0 0
1359331200 0 0 0 0
1359244800 0 0 0 0
1359158400 0 0 0 0
1359072000 0 0 0 0
1358985600 0 0 0 0
1358899200 0 0 0 0
1358812800 0 0 0 0
1358726400 0 0 0 0
1358640000 0 0 0 0
1358553600 0 0 0 0
1358467200 0 0 0 0
1358380800 0 0 0 0
1358294400 0 0 0 0
1358208000 0 0 0 0
1358121600 0 0 0 0
1358035200 0 0 0 0
1357948800 0 0 0 0
1357862400 0 0 0 0
1357776000 0 0 0 0
1357689600 0 0 0 0
1357603200 0 0 0 0
1357516800 0 0 0 0
1357430400 0 0 0 0
1357344000 0 0 0 0
1357257600 0 0 0 0
1357171200 0 0 0 0
1357084800 0 0 0 0
1356998400 0 0 0 0
1356912000 0 0 0 0
1356825600 0 0 0 0
1356739200 0 0 0 0
1356652800 0 0 0 0
1356566400 0 0 0 0
1356480000 0 0 0 0
1356393600 0 0 0 0
1356307200 0 0 0 0
1356220800 0 0 0 0
1356134400 0 0 0 0
1356048000 0 0 0 0
1355961600 0 0 0 0
1355875200 0 0 0 0
1355788800 0 0 0 0
1355702400 0 0 0 0
1355616000 0 0 0 0
1355529600 0 0 0 0
1355443200 0 0 0 0
1355356800 0 0 0 0
1355270400 0 0 0 0
1355184000 0 0 0 0
1355097600 0 0 0 0
1355011200 0 0 106 281
1354924800 114 292 3943 8495
1354838400 385 3212 12471 38512
1354752000 403 3698 5927 150611
1354665600 0 0 0 0
1354579200 412 6167 5953 294171
1354492800 0 0 0 0
1354406400 0 0 0 0
1354320000 1039 5908 202344 668770
1354233600 22487 29953 2596316 2615868
1354147200 0 0 0 0
1354060800 194 939 3563 46815
1353974400 303 3960 16275 801081
1353888000 0 0 0 0
1353801600 0 0 0 0
1353715200 0 0 0 0
1353628800 0 0 0 0
1353542400 205 1881 4352 112036
1353456000 0 0 0 0
1353369600 0 0 0 0
1353283200 0 0 0 0
1353196800 0 0 0 0
1353110400 0 0 0 0
1353024000 0 0 0 0
1352937600 0 0 0 0
1352851200 3212 5230 443040 497507
1352764800 1892 8676 441501 495579
1352678400 0 0 0 0
1352592000 0 0 0 0
1352505600 1898 3137 439979 446074
1352419200 251 1796 4470 61740
1352332800 212 2610 3884 60275
1352246400 4142 5958 728853 714852
1352160000 440 2238 11620 63984
1352073600 0 0 0 0
1351987200 0 0 0 0
1351900800 0 0 0 0
1351814400 0 0 0 0
1351728000 0 0 0 0
1351641600 373 1976 18863 180194
1351555200 0 0 0 0
1351468800 0 0 0 0
1351382400 0 0 0 0
1351296000 811 5474 80784 199362
1351209600 23426 32035 3020157 4261049
1351123200 318 2262 3809 38449
1351036800 223 745 3338 17068
1350950400 251 1196 3534 31899
1350864000 0 0 0 0
1350777600 0 0 0 0
1350691200 444 5194 7535 487535
1350604800 467 1889 3907 34654
1350518400 224 722 4588 16028
1350432000 207 686 2544 12246
1350345600 162 682 3200 17793
1350259200 0 0 0 0
1350172800 0 0 0 0
1350086400 700 9634 6365 221593
1350000000 333 1874 5521 38981
1349913600 234 1919 4729 121623
1349827200 259 1065 3500 24253
1349740800 324 1206 4596 18233
1349654400 20 94 2309 7172
1349568000 0 0 0 0
1349481600 0 0 0 0
1349395200 264 1103 3477 21742
1349308800 327 1588 3571 65083
1349222400 326 1357 4442 38763
1349136000 182 988 3133 29485
1349049600 0 0 0 0
1348963200 0 0 0 0
1348876800 975 3235 7985 24310
1348790400 919 2682 23350 58475
1348704000 15006 11011 2088752 1742536
1348617600 233 1711 6304 191716
1348531200 278 1847 3372 170558
1348444800 0 0 0 0
1348358400 0 0 0 0
1348272000 63 592 3101 21826
1348185600 952 2358 7417 30679
1348099200 950 2267 16370 98574
1348012800 875 6313 17242 1167878
1347926400 1644 2417 5700 17190
1347840000 0 0 0 0
1347753600 0 0 0 0
1347667200 612 4540 17091 199427
1347580800 485 3543 5662 193619
1347494400 1216 32279 148972 4734586
1347408000 284 2913 3896 230951
1347321600 345 2252 4144 86039
1347235200 0 0 0 0
1347148800 0 0 0 0
1347062400 1912 44872 300096 472923
1346976000 1975 2903 307427 298017
1346889600 672 3454 87970 178033
1346803200 338 2241 4241 45465
1346716800 0 0 0 0
1346630400 0 0 0 0
1346544000 0 0 0 0
1346457600 183 681 2700 14570
1346371200 213 2202 3028 149705
1346284800 684 6726 87263 446952
1346198400 1096 2838 7049 110481
1346112000 287 1362 6029 54400
1346025600 0 0 0 0
1345939200 0 0 0 0
1345852800 37581 29548 5148694 7488293
1345766400 177 924 3034 13130
1345680000 213 1528 2614 56881
1345593600 165 895 4551 20468
1345507200 0 0 0 0
1345420800 0 0 0 0
1345334400 0 0 0 0
1345248000 0 0 0 0
1345161600 0 0 0 0
1345075200 0 0 0 0
1344988800 0 0 0 0
1344902400 0 0 0 0
1344816000 0 0 0 0
1344729600 0 0 0 0
1344643200 0 0 0 0
1344556800 0 0 0 0
1344470400 0 0 0 0
1344384000 460 4984 17020 240966
1344297600 465 5774 9307 280016
1344211200 0 0 0 0
1344124800 0 0 0 0
1344038400 445 3413 8020 46740
1343952000 386 1063 4990 10725
1343865600 418 4874 3585 89779
1343779200 359 1122 25625 52307
1343692800 1351 5338 12242 174153
1343606400 0 0 0 0
1343520000 0 0 0 0
1343433600 911 4261 89216 128149
1343347200 1299 40048 149734 3198982
1343260800 34198 38359 3889429 3928150
1343174400 296 2919 3626 39309
1343088000 853 6258 87790 164344
1343001600 0 0 0 0
1342915200 0 0 0 0
1342828800 549 6635 6585 36540
1342742400 294 1795 7493 47727
1342656000 420 3413 7420 122349
1342569600 33787 55311 3419325 7572376
1342483200 0 0 0 0
1342396800 0 0 0 0
1342310400 0 0 0 0
1342224000 345 6850 5487 125465
1342137600 932 3187 29960 91518
1342051200 615 1737 10996 180530
1341964800 844 1240 26910 26739
1341878400 986 1449 110940 117728
1341792000 0 0 0 0
1341705600 0 0 0 0
1341619200 1786 3777 353389 372884
1341532800 459 2977 24136 25437
1341446400 0 0 0 0
1341360000 976 1356 88458 91220
1341273600 260 958 4510 22541
1341187200 0 0 0 0
1341100800 0 0 0 0
1341014400 386 3804 5238 95015
1340928000 219 1171 3239 113959
1340841600 1947 6975 336060 378407
1340755200 594 5800 3107 109380
1340668800 1651 3076 302641 100762
1340582400 0 0 0 0
1340496000 0 0 0 0
1340409600 6015 29559 356604 1691276
1340323200 1834 3477 7562 97542
1340236800 1047 40198 71113 3682035
1340150400 702 7919 7190 123583
1340064000 486 1498 10874 27272
1339977600 0 0 0 0
1339891200 0 0 0 0
1339804800 345 1959 4383 107348
1339718400 142 1420 6911 157792
1339632000 1119 2765 12123 391029
1339545600 960 5431 17322 770584
1339459200 0 0 0 0
1339372800 0 0 0 0
1339286400 0 0 0 0
1339200000 0 0 0 0
1339113600 0 0 0 0
1339027200 0 0 0 0
1338940800 0 0 0 0
1338854400 0 0 0 0
1338768000 0 0 0 0
1338681600 0 0 0 0
1338595200 725 2978 9999 57800
1338508800 1998 34147 100379 4732255
1338422400 1488 3879 118812 73075
1338336000 452 1195 17184 21791
1338249600 0 0 0 0
1338163200 0 0 0 0
1338076800 0 0 0 0
1337990400 4983 2904 1281594 50870
1337904000 516 6419 4578 207464
1337817600 514 3413 5311 37670
1337731200 507 5461 7183 374326
1337644800 513 4556 4209 542536
1337558400 0 0 0 0
1337472000 0 0 0 0
1337385600 282 5000 3186 969230
1337299200 364 3288 4901 163770
1337212800 475 5158 4457 191369
1337126400 514 5098 20148 155948
1337040000 321 3344 3038 40391
1336953600 0 0 0 0
1336867200 0 0 0 0
1336780800 446 7968 5209 281054
1336694400 538 11109 20833 1324902
1336608000 1540 3471 335234 178587
1336521600 3895 7674 344440 432136
1336435200 0 0 0 0
1336348800 0 0 0 0
1336262400 0 0 0 0
1336176000 359 3691 11489 40725
1336089600 0 0 0 0
1336003200 79 488 3377 42479
1335916800 364 1540 10346 47602
1335830400 8798 18779 1845247 1789550
1335744000 0 0 0 0
1335657600 0 0 0 0
1335571200 323 4257 2486 67567
1335484800 370 3149 13496 94725
1335398400 352 3609 5110 44132
1335312000 481 7506 3353 84145
1335225600 52284 10574 2481414 195137
1335139200 0 0 0 0
1335052800 0 0 0 0
1334966400 1127 4461 16423 35527
1334880000 0 0 0 0
1334793600 79782 13699 4959016 729273
1334707200 423 4529 10820 106056
1334620800 320 1494 3751 21518
1334534400 0 0 0 0
1334448000 0 0 0 0
1334361600 220 1521 2187 20946
1334275200 244 2819 2375 28302
1334188800 356 5438 5622 117350
1334102400 290 1190 18520 20522
1334016000 479 4936 10127 123050
1333929600 0 0 0 0
1333843200 0 0 0 0
1333756800 0 0 0 0
1333670400 773 3786 86723 240043
1333584000 853 4960 12941 194903
1333497600 958 4571 7563 78521
1333411200 2163 5704 13199 204043
1333324800 0 0 0 0
1333238400 0 0 0 0
1333152000 4987 4599 777864 80709
1333065600 700 4118 6826 34544
1332979200 1413 6030 17578 813475
1332892800 542 5015 9622 315078
1332806400 818 5114 7374 98673
1332720000 0 0 0 0
1332633600 0 0 0 0
1332547200 1144 2018 10078 16771
1332460800 669 1798 5696 17804
1332374400 603 1496 6168 51942
1332288000 415 1737 6387 49378
1332201600 1390 2874 86533 92729
1332115200 0 0 0 0
1332028800 0 0 0 0
1331942400 2434 4296 174839 160129
1331856000 669 6739 28153 807335
1331769600 926 2716 8995 74795
1331683200 697 3187 142108 280334
1331596800 320 1675 7798 28068
1331510400 0 0 0 0
1331424000 0 0 0 0
1331337600 178 742 2393 16806
1331251200 261 2172 3306 95834
1331164800 214 1474 4447 34952
1331078400 398 5449 3512 96772
1330992000 5604 9887 1275161 729876
1330905600 0 0 0 0
1330819200 0 0 0 0
1330732800 682 4492 21694 43060
1330646400 1222 5103 78748 77394
1330560000 1172 5081 236756 222425
1330473600 2564 4304 637231 80732
1330387200 328 5980 3635 40104
1330300800 0 0 0 0
1330214400 0 0 0 0
1330128000 491 5912 8463 36385
1330041600 605 32588 9271 3864623
1329955200 461 4113 11780 28369
1329868800 408 6394 6025 62028
1329782400 0 0 0 0
1329696000 0 0 0 0
1329609600 0 0 0 0
1329523200 588 6589 30506 145274
1329436800 340 1897 3948 102278
1329350400 358 2420 18228 99533
1329264000 4745 10320 122089 223743
1329177600 337 1856 3858 41330
1329091200 0 0 0 0
1329004800 0 0 0 0
1328918400 1543 4818 96843 170800
1328832000 2047 11792 103961 420787
1328745600 235 2998 2642 127462
1328659200 295 3206 3669 140302
1328572800 0 0 0 0
1328486400 0 0 0 0
1328400000 0 0 0 0
1328313600 276 4279 3319 55620
1328227200 300 4352 5035 112084
1328140800 328 2195 4306 21176
1328054400 544 2708 4489 27600
1327968000 625 2518 5446 65312
1327881600 0 0 0 0
1327795200 0 0 0 0
1327708800 531 3153 6016 35550
1327622400 253 3867 3333 44115
1327536000 5674 2483 1487626 129882
1327449600 5809 11134 524211 2173531
1327363200 909 4429 86408 167580
1327276800 0 0 0 0
1327190400 33 6 19667 34356
1327104000 17426 12708 1662856 618596
1327017600 1114 6115 164524 378335
1326931200 1541 5166 86477 189917
1326844800 93231 105776 4199008 3535743
1326758400 0 0 0 0
1326672000 0 0 0 0
1326585600 0 0 0 0
1326499200 669 5531 85966 105755
1326412800 876 4479 90344 239755
1326326400 429 4225 7453 126137
1326240000 194 1675 3899 27319
1326153600 183 1488 3534 16337
1326067200 0 0 0 0
1325980800 0 0 0 0
1325894400 197 1849 2372 60764
1325808000 360 1808 26567 38749
1325721600 214 1712 3520 49269
1325635200 389 1850 30465 53762
1325548800 0 0 0 0
1325462400 0 0 0 0
1325376000 0 0 0 0
1325289600 198 1867 4684 191838
1325203200 407 3914 7433 116279
1325116800 264 4505 2945 90879
1325030400 314 7011 13722 603895
1324944000 0 0 0 0
1324857600 0 0 0 0
1324771200 0 0 0 0
1324684800 0 0 0 0
1324598400 0 0 0 0
1324512000 366 3153 4641 56470
1324425600 353 3522 7141 48175
1324339200 766 2673 67930 62497
1324252800 0 0 0 0
1324166400 0 0 0 0
1324080000 384 2994 28086 44721
1323993600 1383 4687 85672 378872
1323907200 346 4123 8916 264533
1323820800 13827 20974 1330640 3214430
1323734400 1549 3977 40536 62758
1323648000 0 0 0 0
1323561600 0 0 0 0
1323475200 299 3262 3756 41144
1323388800 235 2777 4583 30433
1323302400 394 7068 4096 117294
1323216000 233 2712 4091 152597
1323129600 791 6825 85833 268699
1323043200 0 0 0 0
1322956800 0 0 0 0
1322870400 950 6015 8803 194591
1322784000 2311 5852 106540 117787
1322697600 650 4336 6816 82033
1322611200 218 833 3243 12181
1322524800 389 4898 8473 405823
1322438400 0 0 0 0
1322352000 0 0 0 0
1322265600 0 0 0 0
1322179200 0 0 0 0
1322092800 429 1149 85301 90260
1322006400 688 3440 12078 54758
1321920000 1606 4572 105786 135235
1321833600 0 0 0 0
1321747200 0 0 0 0
1321660800 479 9843 4232 141809
1321574400 302 4139 3323 85390
1321488000 459 2923 25793 44932
1321401600 249 1760 3846 22221
1321315200 1058 3074 65391 80565
1321228800 0 0 0 0
1321142400 0 0 0 0
1321056000 909 14828 86650 3200367
1320969600 2518 10198 453079 466011
1320883200 1919 13067 271415 336649
1320796800 373 8549 4381 223875
1320710400 344 3811 4377 82219
1320624000 0 0 0 0
1320537600 0 0 0 0
1320451200 662 14483 60601 440930
1320364800 660 9156 59828 221874
1320278400 4325 20687 451851 1278703
1320192000 658 5747 37889 141992
1320105600 371 5120 6057 86187
1320019200 0 0 0 0
1319932800 0 0 0 0
1319846400 399 6445 4512 110325
1319760000 324 3501 2965 70246
1319673600 275 2833 2917 41244
1319587200 633 14139 19627 1449112
1319500800 367 4493 4445 81757
1319414400 0 0 0 0
1319328000 0 0 0 0
1319241600 0 0 0 0
1319155200 635 15470 12274 801928
1319068800 554 14416 9770 321057
1318982400 658 19100 6608 314272
1318896000 4265 14419 204816 232526
1318809600 0 0 0 0
1318723200 0 0 0 0
1318636800 2015 9882 106267 164762
1318550400 1512 4675 114098 96375
1318464000 510 9773 8955 478075
1318377600 909 5069 5587 58303
1318291200 2049 6741 102179 290890
1318204800 0 0 0 0
1318118400 0 0 0 0
1318032000 2158 6497 16596 69243
1317945600 370 2537 9547 75579
1317859200 236 2730 3285 144853
1317772800 282 3748 7697 178753
1317686400 329 3423 8506 64555
1317600000 0 0 0 0
1317513600 0 0 0 0
1317427200 310 2962 5943 225017
1317340800 60797 13634 7870924 239048
1317254400 561 1184 14870 33225
1317168000 728 3187 20431 48658
1317081600 652 3787 42880 187793
1316995200 0 0 0 0
1316908800 0 0 0 0
1316822400 421 3923 5223 63557
1316736000 1827 6308 88216 222886
1316649600 1951 9780 119901 373737
1316563200 383 5684 5141 320339
1316476800 344 3342 3791 72675
1316390400 0 0 0 0
1316304000 0 0 0 0
1316217600 486 5831 4444 205609
1316131200 363 1454 4595 22253
1316044800 347 2988 7776 392422
1315958400 387 2549 5059 167161
1315872000 580 2427 6451 38258
1315785600 0 0 0 0
1315699200 0 0 0 0
1315612800 123239 25131 6926644 422311
1315526400 1623 47065 18373 1083934
1315440000 1447 28351 56428 1131023
1315353600 3410 8918 684765 669733
1315267200 0 0 0 0
1315180800 0 0 0 0
1315094400 0 0 0 0
1315008000 383 5360 7398 108231
1314921600 0 0 0 0
1314835200 5341 6431 399803 380775
1314748800 1052 6973 14702 59633
1314662400 504 10201 10821 531969
1314576000 0 0 0 0
1314489600 0 0 0 0
1314403200 1293 6260 122245 349333
1314316800 2655 7364 311949 332242
1314230400 5721 11597 162214 284292
1314144000 2242 18250 83872 1832073
1314057600 6544 6797 930285 466318
1313971200 0 0 0 0
1313884800 0 0 0 0
1313798400 333 7246 3434 72398
1313712000 40774 42806 2064915 1965542
1313625600 306 4702 3755 57497
1313539200 605 4873 50503 132501
1313452800 548 3686 28841 71173
1313366400 0 0 0 0
1313280000 0 0 0 0
1313193600 324 7679 2798 122764
1313107200 528 8191 60134 215566
1313020800 598 6925 49609 343491
1312934400 963 11070 44400 134577
1312848000 6611 33194 1104947 5889599
1312761600 0 0 0 0
1312675200 0 0 0 0
1312588800 472 6631 4753 72449
1312502400 365 5675 23047 67317
1312416000 2219 14531 409914 385600
1312329600 266 5401 8495 110242
1312243200 1532 4700 22663 210579
1312156800 0 0 0 0
1312070400 0 0 0 0
1311984000 2419 3490 589948 163083
1311897600 340 6130 9371 480390
1311811200 259 3741 3589 124110
1311724800 250 2445 6286 32965
1311638400 349 1650 6081 57454
1311552000 0 0 0 0
1311465600 0 0 0 0
1311379200 756 5979 92344 287215
1311292800 742 4995 86502 141712
1311206400 421 4778 8942 138478
1311120000 887 11770 38589 744456
1311033600 1078 10689 50129 416494
1310947200 0 0 0 0
1310860800 0 0 0 0
1310774400 916 9500 46671 284041
1310688000 429 8285 6492 252109
1310601600 274 1237 2838 19760
1310515200 1287 15620 27124 666775
1310428800 381 5188 26338 140755
1310342400 0 0 0 0
1310256000 0 0 0 0
1310169600 366 1266 17492 53884
1310083200 370 3652 3728 43012
1309996800 1057 6319 48852 59515
1309910400 1663 11445 48594 370123
1309824000 0 0 0 0
1309737600 0 0 0 0
1309651200 0 0 0 0
1309564800 407 3213 6658 74648
1309478400 633 4211 28307 38205
1309392000 583 6751 5495 184123
1309305600 17726 15372 2035793 2067932
1309219200 472 4501 2598 47486
1309132800 0 0 0 0
1309046400 0 0 0 0
