1377805801 3391945382 1038620156
1377805801 2250 76885 2250 76885
1377805502 1583 32729 1583 32729
1377805500 1581 32745 1583 37705
1377805200 1033 37536 1569 37705
1377804900 1573 12723 2262 62668
1377804600 2260 62679 2262 66239
1377804300 1950 66263 4185 69957
1377804000 4172 69727 4185 69957
1377803700 326 1287 1134 42504
1377803400 1143 42825 2517 90761
1377803100 2520 90800 3677 102735
1377802800 3663 102459 3677 102735
1377802500 1690 61340 1691 61345
1377802200 1481 60376 3586 96098
1377801900 3577 95623 3586 96098
1377801600 2257 24800 2264 24873
1377801300 217 3207 218 3217
1377801000 120 457 146 458
1377800700 145 449 146 451
1377800400 109 292 110 292
1377800100 101 397 1300 16183
1377799800 1306 16178 3164 16183
1377799500 3157 14808 3164 14837
1377799200 1191 6426 2899 21349
1377798900 2902 21300 3838 21349
1377798600 3831 6806 3838 23363
1377798300 2816 23394 6491 32765
1377798000 6469 32761 6491 32765
1377797700 3292 32339 3302 55975
1377797400 1838 55659 1840 55975
1377797100 1569 8535 1574 8580
1377796800 968 1944 971 1949
1377796500 223 620 224 622
1377796200 107 343 148 423
1377795900 147 423 148 474
1377795600 98 473 104 474
1377795300 104 378 107 379
1377795000 106 319 107 534
1377794700 104 533 105 534
1377794400 102 339 149 426
1377794100 148 425 149 426
1377793800 108 302 117 479
1377793500 116 478 117 479
1377793200 106 355 124 641
1377792900 133 658 1540 3287
1377792600 1541 3298 1774 5039
1377792300 1785 5047 3539 6281
1377792000 3516 6241 3539 6281
1377791700 101 319 105 356
1377791400 105 356 121 367
1377791100 120 366 121 367
1377790800 98 349 750 7330
1377790500 756 7555 2628 74925
1377790200 2637 74728 4051 74925
1377789900 4048 45368 4051 45466
1377789600 3198 16051 3219 16157
1377789300 139 363 1735 4383
1377789000 1737 4424 2585 16845
1377788700 2601 16984 7549 58636
1377788400 7528 58416 7549 58636
1377788100 4488 25625 4516 25766
1377787800 434 4675 3549 5497
1377787500 3527 5474 3549 5497
1377787200 384 2050 396 2059
1377786900 395 803 396 804
1377786600 264 741 1391 2167
1377786300 1384 2165 1391 2167
1377786000 465 1913 3095 7052
1377785700 3079 7019 3095 7052
1377785400 824 2103 827 2108
1377785100 193 641 338 643
1377784800 339 452 539 987
1377784500 539 996 613 2375
1377784200 620 2407 2749 12163
1377783900 2761 12300 4579 32750
1377783600 4570 32602 4579 32750
1377783300 3249 10675 3252 11536
1377783000 2907 11506 2910 11536
1377782700 2061 3261 6346 67713
1377782400 6332 67506 6346 67713
1377782100 2237 5864 2241 5882
1377781800 1176 991 5303 34503
1377781500 5279 34335 5303 34503
1377781200 1764 9243 1776 9304
1377780900 42 281 43 282
1377780600 35 239 46 240
1377780300 45 240 46 242
1377780000 31 241 40 242
1377779700 39 241 40 272
1377779400 34 271 51 272
1377779100 50 225 51 264
1377778800 35 263 36 264
1377778500 31 224 49 332
1377778200 49 331 52 332
1377777900 51 252 52 262
1377777600 44 261 45 262
1377777300 29 236 39 251
1377777000 39 250 45 251
1377776700 44 219 45 255
1377776400 36 255 68 397
1377776100 67 396 68 397
1377775800 44 263 48 264
1377775500 47 238 48 248
1377775200 34 247 35 248
1377774900 33 241 44 274
1377774600 44 274 56 292
1377774300 55 291 56 292
1377774000 44 276 54 292
1377773700 53 291 54 292
1377773400 32 233 48 236
1377773100 47 235 48 236
1377772800 31 232 36 233
1377772500 36 229 43 258
1377772200 43 258 61 264
1377771900 60 263 61 264
1377771600 41 251 42 252
1377771300 37 232 48 283
1377771000 48 282 51 283
1377770700 50 243 51 295
1377770400 36 294 39 295
1377770100 39 237 41 238
1377769800 41 229 47 265
1377769500 46 264 47 265
1377769200 34 219 35 232
1377768900 35 232 43 258
1377768600 43 257 43 258
1377768300 42 238 43 271
1377768000 39 271 46 277
1377767700 45 276 46 277
1377767400 29 221 61 315
1377767100 60 314 61 315
1377766800 38 284 39 287
1377766500 30 286 35 287
1377766200 35 236 52 236
1377765900 51 235 52 236
1377765600 34 229 35 245
1377765300 34 245 44 254
1377765000 44 253 45 254
1377764700 44 239 45 240
1377764400 28 228 42 241
1377764100 41 240 42 241
1377763800 32 233 69 308
1377763500 68 307 69 308
1377763200 38 260 39 261
1377762900 29 240 33 277
1377762600 33 276 49 277
1377762300 48 261 49 262
1377762000 35 234 36 241
1377761700 34 241 42 252
1377761400 42 253 263 776
1377761100 261 772 263 776
1377760800 28 229 40 230
1377760500 39 229 40 238
1377760200 34 238 63 382
1377759900 62 381 63 382
1377759600 47 266 48 267
1377759300 29 199 36 223
1377759000 36 223 38 242
1377758700 37 241 38 242
1377758400 30 205 39 223
1377758100 38 223 39 230
1377757800 35 229 46 230
1377757500 45 214 46 215
1377757200 29 195 36 215
1377756900 35 214 36 215
1377756600 26 195 59 274
1377756300 58 273 59 274
1377756000 32 210 43 230
1377755700 42 229 43 230
1377755400 28 201 44 242
1377755100 43 241 44 242
1377754800 33 222 34 223
1377754500 29 202 32 221
1377754200 32 221 54 240
1377753900 53 239 54 240
1377753600 38 195 44 268
1377753300 43 267 44 268
1377753000 30 205 105 271
1377752700 104 270 105 271
1377752400 36 212 40 242
1377752100 39 241 40 242
1377751800 34 209 43 210
1377751500 42 209 43 255
1377751200 31 254 35 255
1377750900 34 207 35 208
1377750600 27 202 55 237
1377750300 54 236 55 237
1377750000 26 202 34 206
1377749700 34 205 38 206
1377749400 38 203 74 283
1377749100 73 282 74 283
1377748800 31 202 38 238
1377748500 37 237 38 238
1377748200 36 209 44 210
1377747900 43 202 44 229
1377747600 35 229 36 236
1377747300 33 235 34 236
1377747000 31 213 54 238
1377746700 53 237 54 238
1377746400 36 209 36 227
1377746100 35 226 36 227
1377745800 29 206 65 270
1377745500 64 269 65 270
1377745200 34 212 41 224
1377744900 41 223 41 224
1377744600 40 211 41 212
1377744300 37 210 38 211
1377744000 25 200 45 271
1377743700 44 270 45 271
1377743400 28 240 53 241
1377743100 52 235 53 236
1377742800 28 212 42 215
1377742500 41 214 42 215
1377742200 29 196 92 335
1377741900 91 334 92 335
1377741600 29 233 37 234
1377741300 36 222 37 223
1377741000 34 212 49 212
1377740700 48 212 49 216
1377740400 42 216 43 255
1377740100 40 254 41 255
1377739800 32 223 69 342
1377739500 68 341 69 342
1377739200 28 204 36 229
1377738900 36 229 47 237
1377738600 46 236 47 237
1377738300 43 212 44 213
1377738000 33 209 40 234
1377737700 39 233 40 234
1377737400 32 211 43 216
1377737100 42 215 43 216
1377736800 37 212 45 274
1377736500 44 273 45 274
1377736200 28 190 53 264
1377735900 52 263 53 264
1377735600 42 238 43 239
1377735300 28 210 29 211
1377735000 28 202 54 211
1377734700 53 211 54 217
1377734400 29 217 35 246
1377734100 35 245 36 246
1377733800 36 229 42 230
1377733500 41 206 42 249
1377733200 41 249 43 330
1377732900 42 329 43 330
1377732600 35 250 61 282
1377732300 60 282 61 304
1377732000 34 304 38 311
1377731700 37 311 38 350
1377731400 28 350 65 470
1377731100 64 468 65 470
1377730800 36 311 37 380
1377730500 35 379 36 380
1377730200 33 351 67 405
1377729900 66 404 67 405
1377729600 39 378 45 400
1377729300 44 399 45 400
1377729000 28 303 71 507
1377728700 70 506 71 507
1377728400 26 348 26 349
1377728100 26 339 31 340
1377727800 31 340 65 470
1377727500 64 468 65 470
1377727200 51 299 6397 8438
1377726900 6376 8449 6397 10140
1377726600 3351 10132 3355 10140
1377726300 2270 7781 2283 7829
1377726000 420 735 938 9279
1377725700 938 9278 969 9279
1377725400 1002 9630 6053 81883
1377725100 6030 81377 6053 81883
1377724800 2680 6007 2684 6008
1377724500 1705 5912 1715 5946
1377724200 364 899 378 2758
1377723900 384 2790 1341 7663
1377723600 1338 7633 1341 7663
1377723300 1011 3247 1014 3257
1377723000 275 536 276 537
1377722700 208 448 760 1337
1377722400 766 1365 1691 5540
1377722100 1690 5562 1691 8917
1377721800 1686 8981 2132 18657
1377721500 2133 18580 2296 18657
1377721200 2341 7189 9176 8186
1377720900 9138 8155 9176 8186
1377720600 3502 3600 3515 3615
1377720300 1598 1478 1854 1695
1377720000 1857 1712 2995 6837
1377719700 2986 6816 2995 6837
1377719400 446 844 789 3349
1377719100 788 3380 789 8036
1377718800 745 7988 748 8036
1377718500 322 955 323 959
1377718200 184 458 994 6598
1377717900 994 6599 1279 6954
1377717600 1278 6937 1279 6954
1377717300 1027 2043 3205 6256
1377717000 3203 6275 3205 12049
1377716700 2592 11973 2607 12049
1377716400 373 776 670 1657
1377716100 666 1648 670 1657
1377715800 186 440 219 459
1377715500 219 459 326 499
1377715200 337 508 2040 1871
1377714900 2059 2116 4976 38651
1377714600 4965 38541 4976 38651
1377714300 1672 5778 1678 5801
1377714000 795 2482 799 2495
1377713700 250 617 474 1034
1377713400 481 1038 2590 2334
1377713100 2574 2322 2590 2334
1377712800 226 587 1739 13000
1377712500 1739 12983 1812 13000
1377712200 1810 7988 1812 8020
1377711900 1541 3248 2686 6819
1377711600 2684 6850 2686 11570
1377711300 2463 11496 2478 11570
1377711000 339 662 5155 17017
1377710700 5141 16982 5155 17017
1377710400 1227 6789 1932 6792
1377710100 1922 6086 1932 6117
1377709800 509 1554 511 1559
1377709500 254 837 258 838
1377709200 258 828 383 1413
1377708900 387 1436 1096 4948
1377708600 1097 4927 1340 4948
1377708300 1361 1878 4630 3451
1377708000 4605 3436 4630 3451
1377707700 1036 1350 2749 13365
1377707400 2747 13368 2749 13824
1377707100 2473 13743 2485 13824
1377706800 712 1833 2945 11426
1377706500 2936 11390 2945 11426
1377706200 496 812 1734 8965
1377705900 1736 8936 2108 8965
1377705600 2125 4802 4780 15135
1377705300 4783 15130 5356 15135
1377705000 5332 14406 5356 14485
1377704700 1900 2662 1901 3720
1377704400 1892 3774 3315 11936
1377704100 3303 11870 3315 11936
1377703800 1537 2047 2438 3624
1377703500 2437 3660 2438 14518
1377703200 2163 14570 5374 30155
1377702900 5374 30023 5469 30155
1377702600 5433 10345 5469 10412
1377702300 109 427 110 428
1377702000 103 566 1367 28979
1377701700 1358 28788 1367 28979
1377701400 93 397 184 1152
1377701100 196 1176 1985 4843
1377700800 1997 4913 3888 15483
1377700500 3892 15606 5332 52497
1377700200 5298 52154 5332 52497
1377699900 318 1059 420 1061
1377699600 419 827 420 828
1377699300 171 636 1593 5721
1377699000 1596 5715 2165 5721
1377698700 2162 4869 2165 7390
1377698400 1547 7486 2557 21915
1377698100 2552 21847 2557 21915
1377697800 1246 1629 1248 5905
1377697500 1053 6160 1536 44268
1377697200 1526 43978 1536 44268
1377696900 165 896 2481 9283
1377696600 2488 9314 4752 18832
1377696300 4720 18708 4752 18832
1377696000 35 291 38 313
1377695700 38 313 39 349
1377695400 38 348 39 349
1377695100 36 286 39 299
1377694800 38 299 39 308
1377694500 27 307 28 308
1377694200 24 271 36 283
1377693900 36 283 47 308
1377693600 46 308 47 314
1377693300 26 313 27 314
1377693000 22 265 37 312
1377692700 37 311 40 312
1377692400 39 292 40 293
1377692100 24 282 30 283
1377691800 30 272 41 316
1377691500 40 315 41 316
1377691200 33 270 34 287
1377690900 30 286 31 287
1377690600 31 278 37 305
1377690300 36 304 37 305
1377690000 36 281 38 341
1377689700 37 340 38 341
1377689400 31 308 31 309
1377689100 31 283 34 289
1377688800 34 289 37 301
1377688500 36 300 37 301
1377688200 28 280 36 293
1377687900 36 293 36 307
1377687600 35 306 36 307
1377687300 30 288 32 289
1377687000 31 282 32 283
1377686700 26 273 34 285
1377686400 33 284 34 285
1377686100 26 281 31 313
1377685800 31 313 36 314
1377685500 35 313 36 314
1377685200 33 284 35 285
1377684900 34 274 35 292
1377684600 25 292 32 295
1377684300 32 294 38 295
1377684000 37 282 38 283
1377683700 25 278 26 280
1377683400 26 280 35 292
1377683100 35 292 35 293
1377682800 35 292 37 293
1377682500 36 290 37 291
1377682200 25 286 43 341
1377681900 42 340 43 341
1377681600 40 283 43 324
1377681300 42 323 43 324
1377681000 22 270 32 280
1377680700 32 280 41 335
1377680400 40 334 41 335
1377680100 38 292 39 293
1377679800 26 265 35 290
1377679500 35 290 43 323
1377679200 42 322 43 323
1377678900 28 277 29 278
1377678600 23 263 36 306
1377678300 36 306 39 330
1377678000 38 329 39 330
1377677700 27 268 28 280
1377677400 24 280 32 300
1377677100 31 299 32 300
1377676800 28 273 29 275
1377676500 26 275 45 327
1377676200 44 326 45 327
1377675900 31 277 39 286
1377675600 38 286 39 289
1377675300 27 289 30 297
1377675000 31 300 245 856
1377674700 243 851 245 856
1377674400 33 251 40 327
1377674100 39 326 40 327
1377673800 26 249 34 260
1377673500 34 260 37 262
1377673200 36 261 37 262
1377672900 22 256 33 275
1377672600 33 274 35 275
1377672300 34 259 35 264
1377672000 28 263 29 264
1377671700 19 248 27 259
1377671400 27 258 30 259
1377671100 30 253 32 253
1377670800 31 253 32 274
1377670500 26 274 29 277
1377670200 29 276 29 277
1377669900 29 275 29 276
1377669600 28 252 29 257
1377669300 27 256 28 257
1377669000 26 244 26 266
1377668700 26 265 38 266
1377668400 37 261 38 262
1377668100 23 248 26 260
1377667800 26 259 30 260
1377667500 30 253 32 262
1377667200 31 261 32 262
1377666900 24 260 72 430
1377666600 72 429 84 430
1377666300 83 289 84 290
1377666000 28 251 29 257
1377665700 26 256 27 257
1377665400 26 253 39 269
1377665100 38 268 39 269
1377664800 27 257 35 258
1377664500 34 254 35 256
1377664200 26 255 31 256
1377663900 31 254 35 255
1377663600 34 252 35 275
1377663300 33 274 33 275
1377663000 33 264 33 299
1377662700 33 298 34 299
1377662400 33 265 34 270
1377662100 32 269 33 270
1377661800 27 251 30 257
1377661500 30 257 57 312
1377661200 56 311 57 312
1377660900 26 343 452 23627
1377660600 450 23549 452 23627
1377660300 31 271 35 272
1377660000 35 262 37 281
1377659700 36 280 37 281
1377659400 19 250 32 274
1377659100 31 274 32 296
1377658800 31 295 32 296
1377658500 31 259 32 262
1377658200 27 262 29 269
1377657900 29 268 38 269
1377657600 37 260 38 273
1377657300 24 272 25 273
1377657000 20 260 43 298
1377656700 42 297 43 298
1377656400 37 279 38 280
1377656100 26 277 27 290
1377655800 23 289 49 290
1377655500 48 288 49 306
1377655200 36 306 37 333
1377654900 30 332 30 333
1377654600 30 278 34 296
1377654300 34 296 38 307
1377654000 37 306 38 307
1377653700 25 283 30 284
1377653400 30 266 34 287
1377653100 34 287 36 296
1377652800 36 296 42 299
1377652500 41 298 42 299
1377652200 24 328 172 7070
1377651900 171 7024 172 7070
1377651600 35 301 36 302
1377651300 21 272 38 339
1377651000 37 338 38 339
1377650700 34 294 35 295
1377650400 33 271 34 317
1377650100 32 316 33 317
1377649800 23 275 31 280
1377649500 31 280 39 283
1377649200 38 283 39 284
1377648900 33 284 34 290
1377648600 23 289 32 290
1377648300 32 284 42 313
1377648000 41 312 42 313
1377647700 25 276 29 292
1377647400 29 292 35 340
1377647100 35 339 37 340
1377646800 36 284 37 293
1377646500 29 292 30 293
1377646200 30 281 35 332
1377645900 35 331 40 332
1377645600 39 321 40 335
1377645300 36 334 37 335
1377645000 35 305 36 315
1377644700 34 315 35 322
1377644400 30 322 31 355
1377644100 30 354 31 355
1377643800 31 324 36 344
1377643500 36 343 37 344
1377643200 37 315 40 321
1377642900 39 320 40 321
1377642600 30 307 33 308
1377642300 33 308 37 319
1377642000 36 319 37 337
1377641700 29 336 30 337
1377641400 26 306 42 308
1377641100 41 308 42 321
1377640800 30 320 31 321
1377640500 29 287 32 312
1377640200 32 312 34 324
1377639900 34 324 35 363
1377639600 34 362 35 363
1377639300 23 332 37 333
1377639000 36 325 37 326
1377638700 33 320 35 321
1377638400 35 318 36 334
1377638100 36 334 41 371
1377637800 40 370 41 371
1377637500 39 323 40 352
1377637200 34 351 35 352
1377636900 29 348 30 349
1377636600 28 313 34 314
1377636300 33 302 34 303
1377636000 31 302 32 381
1377635700 24 380 30 381
1377635400 30 311 46 339
1377635100 45 338 46 339
1377634800 34 311 35 318
1377634500 34 317 35 318
1377634200 30 293 42 349
1377633900 41 348 42 349
1377633600 31 317 32 318
1377633300 30 310 33 311
1377633000 33 292 35 328
1377632700 34 327 35 328
1377632400 30 284 31 298
1377632100 28 298 29 329
1377631800 29 328 30 329
1377631500 30 300 40 301
1377631200 40 285 43 360
1377630900 42 359 43 360
1377630600 26 307 36 308
1377630300 36 305 56 633
1377630000 55 631 56 633
1377629700 21 371 31 399
1377629400 31 398 52 399
1377629100 51 377 52 440
1377628800 40 439 41 440
1377628500 22 382 23 383
1377628200 21 308 45 455
1377627900 44 454 45 455
1377627600 42 453 43 454
1377627300 36 354 37 382
1377627000 32 382 40 471
1377626700 40 470 45 471
1377626400 44 397 45 418
1377626100 23 417 32 418
1377625800 35 412 48 453
1377624600 35 419 46 497
1377622800 34 413 44 472
1377621000 37 419 59 497
1377619200 32 407 48 466
1377617400 38 423 52 489
1377615600 40 468 67 713
1377613800 39 425 49 574
1377612000 31 298 44 427
1377610200 36 281 52 353
1377608400 31 240 39 255
1377606600 32 243 43 267
1377604800 32 245 43 270
1377603000 33 242 42 280
1377601200 32 248 38 280
1377599400 29 232 39 244
1377597600 31 243 39 276
1377595800 30 240 39 260
1377594000 30 244 38 277
1377592200 32 240 49 251
1377590400 30 244 37 284
1377588600 71 335 274 914
1377586800 28 217 40 257
1377585000 28 212 44 230
1377583200 30 224 42 254
1377581400 38 226 77 256
1377579600 31 238 40 261
1377577800 33 238 41 261
1377576000 34 235 43 267
1377574200 35 248 49 267
1377572400 29 232 40 253
1377570600 30 243 41 284
1377568800 33 237 43 251
1377567000 33 245 41 283
1377565200 30 238 40 257
1377563400 31 242 41 276
1377561600 32 231 41 258
1377559800 166 6583 829 37754
1377558000 173 6647 845 37945
1377556200 33 353 63 459
1377554400 37 354 66 443
1377552600 34 362 52 503
1377550800 37 354 56 503
1377549000 32 334 63 439
1377547200 36 332 63 432
1377545400 34 316 57 431
1377543600 36 354 53 431
1377541800 33 302 59 450
1377540000 36 331 56 450
1377538200 36 320 72 411
1377536400 38 335 63 432
1377534600 34 339 55 455
1377532800 35 339 65 455
1377531000 36 324 47 385
1377529200 60 722 129 2562
1377527400 33 334 44 469
1377525600 33 352 46 597
1377523800 31 230 38 250
1377522000 32 222 40 234
1377520200 29 221 40 240
1377518400 33 221 39 227
1377516600 34 224 48 249
1377514800 31 218 40 233
1377513000 31 217 46 225
1377511200 31 213 38 224
1377509400 32 219 40 232
1377507600 32 216 40 225
1377505800 28 222 40 254
1377504000 33 214 40 251
1377502200 179 6777 898 39536
1377500400 30 217 39 228
1377498600 30 214 42 233
1377496800 31 214 43 224
1377495000 41 229 80 277
1377493200 34 220 42 240
1377491400 29 218 42 238
1377489600 35 223 43 238
1377487800 30 217 43 263
1377486000 33 227 47 261
1377484200 32 213 47 228
1377482400 32 217 40 228
1377480600 30 219 43 234
1377478800 32 225 43 237
1377477000 31 221 42 249
1377475200 32 211 39 225
1377473400 31 221 40 245
1377471600 31 212 40 229
1377469800 32 229 48 282
1377468000 30 216 33 226
1377466200 32 223 39 244
1377464400 31 217 38 229
1377462600 28 211 35 228
1377460800 32 215 43 229
1377459000 32 219 40 234
1377457200 32 218 40 233
1377455400 28 214 40 229
1377453600 31 215 40 229
1377451800 30 216 37 227
1377450000 31 216 38 230
1377448200 28 214 50 224
1377446400 33 216 39 232
1377444600 30 218 42 231
1377442800 38 225 59 256
1377441000 35 231 49 249
1377439200 31 222 41 237
1377437400 34 238 42 283
1377435600 33 228 40 237
1377433800 29 223 41 231
1377432000 31 214 41 259
1377430200 31 228 43 259
1377428400 31 220 44 255
1377426600 29 209 38 223
1377424800 31 212 46 225
1377423000 30 218 42 256
1377421200 32 214 37 221
1377419400 31 215 40 238
1377417600 31 210 41 226
1377415800 32 216 45 247
1377414000 31 210 40 220
1377412200 28 210 41 225
1377410400 30 211 36 226
1377408600 40 225 85 263
1377406800 33 214 42 231
1377405000 33 213 43 224
1377403200 31 218 46 240
1377401400 32 214 41 235
1377399600 30 213 38 222
1377397800 32 214 45 225
1377396000 30 211 37 217
1377394200 31 216 43 235
1377392400 33 214 43 225
1377390600 29 214 41 226
1377388800 32 212 43 239
1377387000 30 219 43 251
1377385200 32 215 43 235
1377383400 31 213 42 220
1377381600 30 212 36 225
1377379800 32 223 36 260
1377378000 31 216 37 232
1377376200 32 215 47 225
1377374400 31 217 41 228
1377372600 30 220 42 252
1377370800 31 214 43 227
1377369000 29 215 38 234
1377367200 33 217 48 234
1377365400 29 220 40 228
1377363600 32 215 41 227
1377361800 34 221 47 227
1377360000 31 216 55 227
1377358200 33 219 45 249
1377356400 41 234 53 275
1377354600 31 210 45 237
1377352800 32 215 41 229
1377351000 34 224 49 274
1377349200 33 212 40 218
1377347400 30 215 40 232
1377345600 36 217 56 232
1377343800 30 220 38 246
1377342000 30 215 40 221
1377340200 33 215 45 223
1377338400 30 210 40 221
1377336600 33 216 40 233
1377334800 32 212 49 224
1377333000 33 217 43 232
1377331200 28 212 41 228
1377329400 34 220 47 245
1377327600 30 215 35 224
1377325800 30 210 39 221
1377324000 31 215 43 231
1377322200 42 220 79 255
1377320400 31 213 42 224
1377318600 32 215 42 236
1377316800 35 217 42 230
1377315000 33 221 44 244
1377313200 31 220 45 233
1377311400 34 218 43 229
1377309600 29 213 46 228
1377307800 35 226 46 249
1377306000 31 216 45 239
1377304200 33 219 45 230
1377302400 29 218 40 233
1377300600 34 222 46 249
1377298800 31 226 49 269
1377297000 31 297 47 387
1377295200 34 348 47 406
1377293400 33 344 56 430
1377291600 35 338 47 388
1377289800 35 333 44 396
1377288000 36 364 53 432
1377286200 36 343 46 375
1377284400 34 350 47 416
1377282600 32 338 43 398
1377280800 37 358 48 449
1377279000 35 353 51 407
1377277200 34 348 46 407
1377275400 37 333 48 378
1377273600 36 347 55 421
1377271800 35 335 46 409
1377270000 44 372 52 476
1377268200 35 311 44 476
1377266400 29 298 43 395
1377264600 33 256 43 303
1377262800 31 236 45 284
1377261000 33 246 48 284
1377259200 33 238 49 266
1377257400 30 239 39 293
1377255600 31 228 38 240
1377253800 31 242 38 278
1377252000 31 235 45 257
1377250200 30 236 36 266
1377248400 30 231 47 255
1377246600 31 243 41 264
1377244800 32 237 43 247
1377243000 33 270 43 378
1377241200 30 231 44 254
1377239400 32 244 39 279
1377237600 31 235 45 252
1377235800 40 240 74 276
1377234000 32 239 39 276
1377232200 113 4820 517 27667
1377230400 31 242 49 285
1377228600 39 248 55 266
1377226800 32 239 46 278
1377225000 32 235 46 253
1377223200 31 248 41 275
1377221400 32 236 39 252
1377219600 31 239 39 257
1377217800 31 234 34 243
1377216000 32 242 47 267
1377214200 33 240 45 267
1377212400 31 285 44 424
1377210600 2495 74138 5899 175134
1377208800 832 14916 2010 40394
1377207000 827 2821 1491 7113
1377205200 144 557 235 851
1377203400 146 561 207 849
1377201600 838 9473 4323 187021
1377199800 3792 157585 4528 187021
1377198000 2230 56990 5204 157539
1377196200 1046 35140 2347 114230
1377194400 333 1124 1302 4323
1377192600 176 541 402 794
1377190800 157 506 242 778
1377189000 779 23399 1527 56862
1377187200 1439 21677 3107 37449
1377185400 823 2418 3107 8778
1377183600 552 2247 2275 20883
1377181800 612 19913 2090 93541
1377180000 1789 7540 4158 31243
1377178200 772 5431 4158 31243
1377176400 132 421 206 712
1377174600 109 326 138 420
1377172800 106 310 132 429
1377171000 104 291 286 971
1377169200 133 397 286 971
1377167400 116 333 177 559
1377165600 115 332 184 590
1377163800 102 283 138 374
1377162000 127 308 216 374
1377160200 104 287 144 403
1377158400 118 359 202 597
1377156600 103 291 222 3035
1377154800 145 846 273 3035
1377153000 106 300 146 363
1377151200 102 307 126 350
1377149400 120 318 158 468
1377147600 104 314 200 620
1377145800 119 343 200 620
1377144000 107 315 141 380
1377142200 121 389 198 793
1377140400 133 431 200 780
1377138600 113 323 142 393
1377136800 116 336 175 519
1377135000 120 376 201 751
1377133200 106 300 143 351
1377131400 104 294 140 349
1377129600 103 295 149 368
1377127800 126 468 218 822
1377126000 116 435 148 493
1377124200 888 3293 3574 15895
1377122400 955 31450 3457 130192
1377120600 3755 77609 5895 130192
1377118800 7093 343095 416243 2398493
1377117000 99631 818780 416243 2398493
1377115200 2737 73018 5826 106917
1377113400 1594 22848 5826 97816
1377111600 1156 6361 2007 28347
1377109800 1610 34705 8394 53129
1377108000 4957 40874 11080 100759
1377106200 1620 19146 3468 47136
1377104400 1330 6782 4661 30118
1377102600 1211 25219 3845 54848
1377100800 2604 40761 3845 52219
1377099000 1284 26541 1894 46337
1377097200 1471 11756 2536 30305
1377095400 2332 13465 6184 52340
1377093600 65 717 78 839
1377091800 67 597 98 804
1377090000 73 593 100 669
1377088200 61 553 71 594
1377086400 64 570 107 769
1377084600 59 550 66 578
1377082800 59 540 72 576
1377081000 60 545 69 593
1377079200 57 549 70 591
1377077400 57 553 68 591
1377075600 56 545 73 588
1377073800 59 559 74 594
1377072000 58 548 73 613
1377070200 75 582 167 844
1377068400 53 478 66 530
1377066600 51 470 62 529
1377064800 54 485 64 545
1377063000 60 476 107 539
1377061200 50 483 57 539
1377059400 59 474 78 497
1377057600 52 482 59 520
1377055800 53 471 58 498
1377054000 53 489 69 540
1377052200 210 5425 132191 4444682
1377050400 151564 4704219 178838 5481199
1377048600 139724 5228059 172037 7841873
1377046800 159795 5277413 172037 7841873
1377045000 149946 4491947 160329 6050565
1377043200 154144 4601077 169404 4860833
1377041400 128342 4783743 145145 5617146
1377039600 85749 3607269 108651 5209865
1377037800 3165 13047 8557 37035
1377036000 2460 15425 5201 37137
1377034200 1545 36864 2861 86965
1377032400 919 21687 2712 56910
1377030600 1334 24018 4476 93026
1377028800 1104 22340 3003 55461
1377027000 1208 23866 2830 57397
1377025200 2144 29203 5194 57196
1377023400 118 464 144 568
1377021600 110 443 150 508
1377019800 108 430 150 485
1377018000 725 12534 1810 67274
1377016200 1179 6234 3124 25268
1377014400 1257 2350 2450 8425
1377012600 2195 5738 6106 19468
1377010800 532 3560 2980 19423
1377009000 59 482 101 636
1377007200 44 380 97 615
1377005400 38 297 52 363
1377003600 32 298 62 358
1377001800 45 311 71 358
1377000000 40 316 64 427
1376998200 39 284 56 340
1376996400 34 287 71 390
1376994600 48 353 71 390
1376992800 41 351 62 433
1376991000 46 354 62 433
1376989200 40 338 65 401
1376987400 44 339 65 401
1376985600 41 343 52 389
1376983800 75 379 250 842
1376982000 34 272 44 343
1376980200 41 296 54 343
1376978400 36 275 46 324
1376976600 48 297 94 350
1376974800 32 275 55 319
1376973000 46 300 67 379
1376971200 34 278 48 316
1376969400 38 291 55 339
1376967600 34 273 46 289
1376965800 46 308 87 381
1376964000 32 293 52 319
1376962200 39 289 50 322
1376960400 32 287 47 366
1376958600 39 298 51 328
1376956800 37 273 48 304
1376955000 40 339 56 418
1376953200 37 382 61 402
1376951400 505 2082 1587 5869
1376949600 1789 8205 3495 20739
1376947800 2121 20521 4765 90598
1376946000 610 3646 1548 16675
1376944200 1623 6920 3250 19567
1376942400 1789 9346 3977 19567
1376940600 43 420 68 598
1376938800 216 665 1386 2499
1376937000 1292 2560 2974 5663
1376935200 1425 5925 2852 15184
1376933400 3446 15846 6426 44657
1376931600 1005 2529 3132 6797
1376929800 1639 3184 3132 6797
1376928000 175 594 235 1180
1376926200 172 602 865 2205
1376924400 1066 3485 2246 9166
1376922600 1414 6066 5000 20305
1376920800 368 1023 1188 2486
1376919000 1953 4070 4565 10817
1376917200 976 1548 1090 2071
1376915400 1020 1894 1215 3245
1376913600 959 1931 1079 2326
1376911800 8484 266922 32809 1482623
1376910000 846 1469 1023 2095
1376908200 912 1624 1147 2629
1376906400 906 1511 1520 1853
1376904600 1093 1785 1706 3043
1376902800 1275 1643 2539 2084
1376901000 967 1842 1092 2459
1376899200 790 1548 944 2459
1376897400 923 1531 1149 2532
1376895600 810 1406 903 1686
1376893800 763 1372 871 2432
1376892000 763 1469 820 1850
1376890200 1288 1653 3713 2356
1376888400 689 939 993 2481
1376886600 789 1578 993 2922
1376884800 830 1249 1123 1977
1376883000 7509 351097 10470 511232
1376881200 734 1435 850 2257
1376879400 774 1354 859 1956
1376877600 748 1163 839 2070
1376875800 771 1485 852 2105
1376874000 850 1367 1127 1706
1376872200 741 1117 815 1885
1376870400 1129 1617 2355 2149
1376868600 742 1312 826 1789
1376866800 1145 2164 10364 440647
1376865000 8619 350173 12522 528065
1376863200 945 1765 1142 2348
1376861400 741 1317 832 1937
1376859600 998 2087 1110 4278
1376857800 1030 1646 1386 2588
1376856000 916 1543 3487 2180
1376854200 3180 1657 10776 2036
1376852400 968 1656 1458 2510
1376850600 3513 1611 12005 2278
1376848800 749 1335 957 2117
1376847000 810 1463 1073 1919
1376845200 1045 1822 2048 2807
1376843400 899 1228 1217 2309
1376841600 1080 1899 1469 2534
1376839800 725 1077 903 1615
1376838000 880 1646 1100 2138
1376836200 1175 2001 1782 64952
1376834400 7124 350083 10116 511804
1376832600 1106 1467 2249 2269
1376830800 696 987 983 1739
1376829000 970 1321 1756 1792
1376827200 17628 14907 54408 44370
1376825400 705 1093 877 2148
1376823600 620 1116 694 1363
1376821800 582 921 774 1836
1376820000 2611 85467 12558 540896
1376818200 6582 266124 12558 540896
1376816400 623 1081 768 1533
1376814600 567 943 841 1771
1376812800 533 954 680 1296
1376811000 600 1065 852 1379
1376809200 716 1321 852 1465
1376807400 677 1236 822 2073
1376805600 737 1267 993 2073
1376803800 794 1321 993 1710
1376802000 701 1129 838 2065
1376800200 629 1051 805 2065
1376798400 778 1361 890 1910
1376796600 832 1595 970 2418
1376794800 900 1777 1139 3585
1376793000 620 964 786 1923
1376791200 559 987 839 1830
1376789400 500 699 991 1511
1376787600 861 1802 4277 191654
1376785800 7182 350469 9838 504594
1376784000 743 1185 980 1840
1376782200 845 1440 963 2070
1376780400 789 1565 963 1969
1376778600 960 1737 1305 2415
1376776800 903 1466 1161 1871
1376775000 972 1737 1340 2355
1376773200 5130 184138 12616 534366
1376771400 4504 168365 12430 516972
1376769600 566 848 658 1295
1376767800 549 927 599 1601
1376766000 706 1184 831 1601
1376764200 877 1514 1377 2190
1376762400 872 1476 1177 2146
1376760600 904 1478 1009 2101
1376758800 782 1359 881 1925
1376757000 927 1596 1119 1849
1376755200 942 1458 1484 2109
1376753400 746 1236 884 2008
1376751600 872 1481 1017 2853
1376749800 888 1721 982 2259
1376748000 1048 1442 2405 1908
1376746200 822 1382 906 1711
1376744400 816 1371 1030 2283
1376742600 836 1579 904 2235
1376740800 763 1302 835 1923
1376739000 873 3048 6623 331384
1376737200 7088 341689 10013 491006
1376735400 800 1366 993 1915
1376733600 935 1499 1591 2168
1376731800 890 1592 989 1946
1376730000 842 1590 989 2268
1376728200 1019 1584 1298 2371
1376726400 6988 279296 12853 545611
1376724600 2413 72873 10087 420605
1376722800 733 1279 876 2023
1376721000 666 1090 749 2044
1376719200 732 1215 1021 1804
1376717400 777 1461 1021 1785
1376715600 647 1193 739 1839
1376713800 678 1143 805 1821
1376712000 672 1057 844 1742
1376710200 878 1471 1056 1698
1376708400 809 3211 1361 7437
1376706600 1085 6843 1375 7437
1376704800 921 1667 1366 2455
1376703000 1060 1419 1869 1894
1376701200 1007 1921 1451 2852
1376699400 795 1451 994 1781
1376697600 1362 1960 2467 3519
1376695800 983 1537 1670 2075
1376694000 937 1306 2940 3519
1376692200 7804 7748 16014 13927
1376690400 4162 57214 12228 110874
1376688600 7478 328114 17955 588643
1376686800 2770 47475 7733 238717
1376685000 1442 3144 2549 14363
1376683200 1634 7113 5904 20250
1376681400 1940 10422 3681 25941
1376679600 9154 355921 14386 531395
1376677800 326 600 415 766
1376676000 433 761 2271 9005
1376674200 2718 8324 7406 14647
1376672400 1622 2561 7406 11289
1376670600 1028 1950 3143 6984
1376668800 1345 3549 2590 8666
1376667000 2307 8993 5693 36545
1376665200 2059 16143 5693 56668
1376663400 1397 4871 4091 18948
1376661600 240 650 1097 1862
1376659800 59 318 98 407
1376658000 72 350 93 407
1376656200 64 319 105 403
1376654400 68 350 121 476
1376652600 65 330 105 446
1376650800 62 328 106 427
1376649000 65 325 102 402
1376647200 67 379 116 498
1376645400 63 357 83 386
1376643600 74 379 89 424
1376641800 63 370 321 453
1376640000 6576 348826 25142 1357698
1376638200 95 400 253 814
1376636400 61 314 90 362
1376634600 91 567 9221 433923
1376632800 7722 349206 11543 524513
1376631000 75 333 165 375
1376629200 58 310 73 343
1376627400 158 510 456 963
1376625600 62 309 92 385
1376623800 62 329 101 452
1376622000 60 308 90 389
1376620200 78 352 107 437
1376618400 58 307 77 347
1376616600 60 316 94 384
1376614800 68 322 104 405
1376613000 64 322 106 399
1376611200 62 320 102 404
1376609400 202 1257 996 5952
1376607600 962 4656 2378 9864
1376605800 134 406 176 452
1376604000 135 513 168 699
1376602200 670 1667 1879 16653
1376600400 441 3336 1879 16653
1376598600 952 2223 1661 3687
1376596800 503 979 664 2039
1376595000 1845 4885 4790 15426
1376593200 3853 167637 20012 997665
1376591400 4791 176117 19714 997665
1376589600 213 695 402 1097
1376587800 4585 208107 26570 1240022
1376586000 3182 141535 18402 851731
1376584200 135 570 1553 13757
1376582400 1300 5307 2909 13757
1376580600 1997 18242 3963 133051
1376578800 3584 127679 4432 159783
1376577000 7966 191444 18255 560209
1376575200 1750 7709 3835 16965
1376573400 50 350 74 431
1376571600 50 316 65 425
1376569800 50 298 66 344
1376568000 61 340 107 507
1376566200 59 311 90 372
1376564400 47 297 72 395
1376562600 60 360 81 410
1376560800 57 360 71 394
1376559000 60 379 88 431
1376557200 56 364 67 401
1376555400 58 375 76 401
1376553600 58 376 73 502
1376551800 87 438 237 839
1376550000 49 304 72 353
1376548200 56 321 78 354
1376546400 46 302 191 345
1376544600 4809 233046 11927 530033
1376539200 52 320 83 426
1376532000 52 318 77 416
1376524800 946 5680 3955 66104
1376517600 1706 5529 5954 21742
1376510400 1438 4082 7554 14048
1376503200 1042 9027 6616 65999
1376496000 4883 146099 24972 1060919
1376488800 1986 93327 19628 971830
1376481600 58 362 112 624
1376474400 1998 87671 11691 527462
1376467200 60 371 197 717
1376460000 58 330 94 406
1376452800 62 357 241 792
1376445600 1690 87439 20216 1065862
1376438400 953 2926 5938 27402
1376431200 2804 92731 12306 503159
1376424000 1249 4044 5906 17147
1376416800 1244 11666 6245 153305
1376409600 5638 81267 65984 400179
1376402400 3556 3459 65984 59313
1376395200 1788 87546 20906 1102483
1376388000 137 409 243 675
1376380800 1997 73871 25465 880511
1376373600 136 376 201 518
1376366400 141 391 311 798
1376359200 138 388 295 798
1376352000 142 437 292 906
1376344800 1975 88405 9459 501002
1376337600 3541 97588 24075 1095256
1376330400 1083 3962 4527 18452
1376323200 1086 4546 6289 42438
1376316000 375 1596 5866 26537
1376308800 60 282 80 404
1376301600 1698 87439 22010 1176632
1376294400 1916 87404 27522 1310801
1376287200 61 259 111 311
1376280000 66 288 182 702
1376272800 55 258 82 348
1376265600 56 262 86 350
1376258400 60 264 111 356
1376251200 1680 87513 9142 497398
1376244000 1997 72682 11489 513558
1376236800 60 264 105 349
1376229600 56 258 89 369
1376222400 58 274 96 381
1376215200 57 280 94 407
1376208000 60 283 309 953
1376200800 3636 174822 11593 520184
1376193600 59 263 104 380
1376186400 57 262 92 374
1376179200 65 281 234 731
1376172000 60 270 89 358
1376164800 57 264 108 387
1376157600 1697 87396 21315 1147204
1376150400 1920 87387 28561 1348853
1376143200 57 271 87 415
1376136000 61 300 123 527
1376128800 59 293 93 347
1376121600 66 293 267 834
1376114400 62 271 103 396
1376107200 3554 174578 35394 1753566
1376100000 70 299 253 743
1376092800 60 282 130 399
1376085600 1542 10352 20816 106313
1376078400 2360 12359 20816 106313
1376071200 612 1637 2869 8827
1376064000 2023 35026 15323 651433
1376056800 4304 168589 15323 651433
1376049600 132 341 175 446
1376042400 139 371 256 521
1376035200 142 361 309 789
1376028000 138 327 184 418
1376020800 142 353 309 773
1376013600 3624 174552 23337 1093046
1376006400 137 361 239 591
1375999200 1314 8314 4634 120128
1375992000 1233 5688 5281 39768
1375984800 848 4739 5867 39768
1375977600 1063 4518 4149 26113
1375970400 2356 89134 29664 1411212
1375963200 1696 87401 19177 1031677
1375956000 56 277 99 364
1375948800 69 294 250 739
1375941600 70 292 244 746
1375934400 64 273 202 520
1375927200 53 258 83 346
1375920000 1995 87436 11634 520207
1375912800 1691 87582 9358 504140
1375905600 55 360 83 429
1375898400 57 371 117 551
1375891200 66 391 119 578
1375884000 69 320 138 516
1375876800 1998 87573 12024 533968
1375869600 149 2089 9210 483777
1375862400 1671 85809 9513 512637
1375855200 55 264 110 298
1375848000 53 267 104 394
1375840800 52 271 81 334
1375833600 556 2837 10800 27271
1375826400 3822 95483 27096 1169560
1375819200 3191 98561 9656 481235
1375812000 71 478 133 725
1375804800 170 805 1860 7254
1375797600 67 337 132 532
1375790400 54 286 73 384
1375783200 1992 87571 11899 533996
1375776000 61 296 251 1001
1375768800 1693 66025 24175 787926
1375761600 58 271 128 443
1375754400 52 270 85 381
1375747200 1114 4107 8220 33233
1375740000 3130 95185 24628 1098936
1375732800 889 2578 5266 11098
1375725600 600 2806 2456 15172
1375718400 2978 90405 22383 1203309
1375711200 744 4299 7680 71373
1375704000 54 266 86 329
1375696800 56 266 87 369
1375689600 1915 87373 28019 1308054
1375682400 53 236 86 338
1375675200 1689 87349 23193 1241906
1375668000 56 257 247 778
1375660800 51 242 93 316
1375653600 51 240 104 358
1375646400 1998 87612 11720 532176
1375639200 51 255 91 521
1375632000 57 253 87 357
1375624800 1668 86635 9615 515269
1375617600 55 267 118 456
1375610400 53 267 87 380
1375603200 54 265 268 828
1375596000 1918 87377 25095 1193426
1375588800 50 242 77 305
1375581600 51 241 82 313
1375574400 1686 87351 24867 1341395
1375567200 51 241 77 302
1375560000 51 240 79 287
1375552800 1907 87369 30839 1460704
1375545600 68 315 219 784
1375538400 54 268 89 356
1375531200 1682 87520 9461 514380
1375524000 53 260 109 331
1375516800 61 267 300 875
1375509600 1548 67174 11722 529912
1375502400 506 20635 9615 432101
1375495200 49 240 98 344
1375488000 56 269 107 454
1375480800 1764 88042 9810 519261
1375473600 60 363 109 507
1375466400 59 376 112 767
1375459200 2041 86522 11945 504969
1375452000 59 364 98 517
1375444800 54 343 80 423
1375437600 56 345 84 437
1375430400 1691 87599 10013 532595
1375423200 65 338 233 747
1375416000 1909 87424 25378 1205212
1375408800 482 10637 9088 207868
1375401600 1902 47778 6174 211428
1375394400 782 1297 2817 7008
1375387200 1494 44880 9663 497261
1375380000 1115 45755 9101 478768
1375372800 1396 35124 4236 61863
1375365600 1987 88207 29648 1373883
1375358400 51 392 79 509
1375351200 60 420 229 854
1375344000 60 403 262 1004
1375336800 1675 72823 9417 511432
1375329600 51 374 82 477
1375322400 1987 87653 11123 505070
1375315200 48 390 75 632
1375308000 61 495 113 668
1375300800 53 474 103 850
1375293600 58 472 263 1138
1375286400 1758 88128 9251 484935
1375279200 66 427 254 687
1375272000 1903 87494 24536 1163940
1375264800 56 400 107 557
1375257600 66 414 251 933
1375250400 62 393 267 939
1375243200 54 378 108 573
1375236000 1671 87629 9207 498246
1375228800 2311 90623 12318 531942
1375221600 2184 17322 7642 94568
1375214400 632 3394 6260 39275
1375207200 394 1549 2333 8162
1375200000 1530 19401 9542 216990
1375192800 2316 86737 9542 514887
1375185600 1567 70950 12004 541493
1375178400 581 23383 9941 446396
1375171200 63 411 255 956
1375164000 71 969 492 15567
1375156800 68 1005 442 15567
1375149600 206 1013 3570 15623
1375142400 2354 90513 10136 514791
1375135200 3390 117012 12808 540078
1375128000 1573 26722 13085 421397
1375120800 200 1128 2811 14736
1375113600 66 522 185 2878
1375106400 59 280 220 648
1375099200 92 275 415 607
1375092000 3536 174452 28377 1338084
1375084800 63 266 252 761
1375077600 49 215 100 267
1375070400 45 216 71 263
1375063200 45 215 88 285
1375056000 57 243 230 677
1375048800 1701 87330 21420 1141533
1375041600 2796 118020 24834 1016521
1375034400 60 266 224 669
1375027200 52 230 97 294
1375020000 51 251 85 372
1375012800 51 245 94 366
1375005600 50 240 93 328
1374998400 3628 174805 21481 1050115
1374991200 59 239 269 795
1374984000 47 220 80 317
1374976800 58 252 232 701
1374969600 50 222 90 335
1374962400 91 264 417 798
1374955200 60 325 8673 394764
1374948000 3610 174735 11687 522066
1374940800 53 241 91 329
1374933600 55 245 111 420
1374926400 49 236 95 363
1374919200 48 231 83 331
1374912000 57 241 244 777
1374904800 2153 96308 11776 534012
1374897600 1506 76232 9143 483675
1374890400 46 210 72 252
1374883200 341 3876 11182 60313
1374876000 5003 114137 11182 315975
1374868800 4324 82934 58074 190340
1374861600 5877 35596 58074 502198
1374854400 5230 140634 19669 559114
1374847200 702 22103 8765 429328
1374840000 44 290 76 791
1374832800 42 268 70 336
1374825600 50 275 272 856
1374818400 44 252 85 426
1374811200 1978 87542 11797 530930
1374804000 1691 78486 9325 496848
1374796800 41 263 70 380
1374789600 59 352 218 746
1374782400 42 316 65 372
1374775200 46 338 93 696
1374768000 1915 87482 29362 1378952
1374760800 44 286 77 513
1374753600 1671 87402 19813 1073675
1374746400 43 269 74 323
1374739200 50 276 274 905
1374732000 42 246 86 291
1374724800 39 243 63 275
1374717600 2107 95575 25773 1211746
1374710400 1119 26112 9131 490060
1374703200 4461 186594 9600 508673
1374696000 738 2635 3137 12513
1374688800 328 1092 1469 4335
1374681600 17180 29804 375476 391516
1374674400 2898 91175 11796 533534
1374667200 1394 89427 8231 508531
1374660000 50 292 79 332
1374652800 56 295 261 862
1374645600 57 285 245 749
1374638400 50 290 91 858
1374631200 48 266 179 358
1374624000 5278 223364 12165 534553
1374616800 2405 60866 26947 515005
1374609600 1530 6195 4915 25819
1374602400 1797 3904 5253 19552
1374595200 5085 55938 23804 289521
1374588000 137 411 252 653
1374580800 2016 89414 32405 1532824
1374573600 1786 89041 9579 501777
1374566400 143 388 436 1408
1374559200 124 319 309 665
1374552000 128 338 224 717
1374544800 129 349 261 844
1374537600 138 390 422 892
1374530400 3744 93462 29849 1399990
1374523200 2926 104537 25695 1277682
1374516000 822 3523 4945 38331
1374508800 1564 8411 5502 44647
1374501600 332 1629 3136 24666
1374494400 120 329 175 494
1374487200 2017 89410 28284 1346480
1374480000 129 663 452 6069
1374472800 1779 89447 23999 1293284
1374465600 120 349 252 822
1374458400 126 358 293 817
1374451200 123 351 244 638
1374444000 2003 89396 30945 1465639
1374436800 125 352 198 475
1374429600 1772 64755 23395 1270915
1374422400 133 358 237 505
1374415200 125 361 262 677
1374408000 133 352 230 583
1374400800 128 356 235 653
1374393600 2106 89616 12321 555449
1374386400 130 361 328 669
1374379200 1764 89551 9664 528497
1374372000 119 339 204 581
1374364800 115 328 150 449
1374357600 120 330 182 470
1374350400 2029 89454 27349 1283147
1374343200 123 361 201 688
1374336000 149 603 13808 746253
1374328800 1795 89356 22464 1195701
1374321600 269 456 1645 1306
1374314400 118 333 189 518
1374307200 144 514 23964 1138694
1374300000 1995 89210 23964 1138694
1374292800 121 324 298 708
1374285600 1772 89370 24333 1303106
1374278400 143 404 248 852
1374271200 135 443 207 631
1374264000 148 546 333 1985
1374256800 2058 49187 31221 497853
1374249600 1074 8247 7960 94662
1374242400 335 1415 2961 16153
1374235200 1748 89502 26092 1435066
1374228000 120 408 197 665
1374220800 143 448 309 767
1374213600 2028 89495 28844 1355486
1374206400 151 477 496 1346
1374199200 119 426 218 795
1374192000 908 30005 11536 521522
1374184800 4064 77117 16070 502045
1374177600 1947 2736 3815 5708
1374170400 29683 26584 418713 460335
1374163200 6441 208221 27879 1410447
1374156000 599 12420 5101 167133
1374148800 53 396 76 563
1374141600 54 407 75 608
1374134400 54 398 78 507
1374127200 57 403 264 947
1374120000 3081 146999 33104 1573939
1374112800 1371 70765 26617 1430462
1374105600 56 423 102 835
1374098400 57 418 123 615
1374091200 74 1139 474 14630
1374084000 235 6022 892 28963
1374076800 463 13966 5999 216017
1374069600 4418 217607 33381 1582582
1374062400 49 318 78 389
1374055200 46 311 69 370
1374048000 47 296 87 333
1374040800 50 313 98 379
1374033600 58 339 254 878
1374026400 2349 74824 34458 1640482
1374019200 4471 242100 25124 1428628
1374012000 1236 46281 4334 203341
1374004800 1052 32530 4378 188404
1373997600 495 2573 1702 11551
1373990400 971 3909 5120 26052
1373983200 180 663 1974 6617
1373976000 2382 108729 32775 1555498
1373968800 2098 108729 26799 1436389
1373961600 76 265 165 572
1373954400 80 259 229 732
1373947200 81 280 250 771
1373940000 86 312 46512 373825
1373932800 18140 82356 331370 540926
1373925600 497 2445 2044 9280
1373918400 2282 109602 23865 1329226
1373911200 1417 19958 7830 313127
1373904000 43856 37800 656772 768322
1373896800 210 1013 1748 8375
1373889600 129 3480 1109 39623
1373882400 4594 219269 51862 2413698
1373875200 59 242 246 767
1373868000 51 210 106 278
1373860800 49 203 82 248
1373853600 230 6930 2072 80296
1373846400 409 13570 3394 118837
1373839200 2527 88863 31797 1511887
1373832000 2274 116606 21992 1204396
1373824800 392 13834 2014 75614
1373817600 632 22530 4236 163663
1373810400 124 3162 1829 70995
1373803200 47 206 81 283
1373796000 53 236 87 318
1373788800 2352 108678 31629 1499434
1373781600 2057 108652 26567 1457342
1373774400 51 210 82 295
1373767200 56 301 1743 66691
1373760000 537 18864 3205 123871
1373752800 57 226 238 646
1373745600 2428 111566 28366 1351124
1373738400 864 42265 24005 919747
1373731200 1360 32838 24005 392676
1373724000 47 209 73 258
1373716800 50 228 80 304
1373709600 56 268 83 334
1373702400 59 257 270 894
1373695200 2358 108627 26043 1238523
1373688000 2026 106456 20536 1099160
1373680800 99 2799 1241 62386
1373673600 61 273 221 702
1373666400 60 338 95 488
1373659200 69 419 235 643
1373652000 2388 108965 31510 1476543
1373644800 96 569 294 3112
1373637600 2075 108712 24885 1348259
1373630400 55 284 112 425
1373623200 54 287 97 371
1373616000 58 267 263 850
1373608800 56 242 121 313
1373601600 2358 108672 32303 1530360
1373594400 417 243 8627 341
1373587200 18728 125220 369942 1164612
1373580000 17110 37676 374578 555275
1373572800 112098 122113 1495563 1236966
1373565600 859 1449 3833 27469
1373558400 3413 113246 27404 1270154
1373551200 61 280 173 714
1373544000 74 1312 511 25398
1373536800 2140 109226 27135 1450916
1373529600 56 275 243 815
1373522400 52 266 108 611
1373515200 53 260 229 726
1373508000 2387 75422 30876 1435436
1373500800 1230 7201 4840 54126
1373493600 15734 23904 276610 364543
1373486400 3076 114730 25789 1359792
1373479200 230 543 369 1079
1373472000 653 2318 2936 11675
1373464800 1838 60864 27697 1308785
1373457600 1226 50286 26479 1207818
1373450400 151 390 309 1037
1373443200 351 8038 2850 93852
1373436000 2058 108743 23168 1259744
1373428800 131 279 250 830
1373421600 138 300 352 950
1373414400 15453 717180 33847 1575017
1373407200 6436 280627 32918 1502334
1373400000 1876 5389 15243 45164
1373392800 20022 748554 55923 1816298
1373385600 13453 408365 48269 1492733
1373378400 376 917 2502 7995
1373371200 134 357 252 848
1373364000 2445 108785 29228 1370071
1373356800 143 372 439 1366
1373349600 126 288 243 652
1373342400 121 275 324 766
1373335200 2150 108708 23634 1283111
1373328000 119 297 305 798
1373320800 135 386 334 901
1373313600 3383 113978 36234 1564379
1373306400 561 1518 3952 10276
1373299200 1189 6887 5390 31098
1373292000 299 2279 3609 24160
1373284800 2072 67562 27435 1467815
1373277600 50 244 94 317
1373270400 2362 108640 32606 1541184
1373263200 54 227 219 650
1373256000 54 244 192 1003
1373248800 49 217 88 428
1373241600 239 8516 2757 131907
1373234400 2076 108628 24406 1321360
1373227200 55 227 180 443
1373220000 2445 111875 32791 1559195
1373212800 122 3336 1733 75123
1373205600 44 207 67 262
1373198400 49 211 81 292
1373191200 51 241 89 534
1373184000 2070 108716 23160 1236754
1373176800 2353 69415 31197 1490089
1373169600 52 225 217 672
1373162400 60 303 135 956
1373155200 49 222 79 509
1373148000 59 305 98 559
1373140800 58 325 96 1027
1373133600 2171 112962 24323 1305290
1373126400 2383 108736 24956 1191428
1373119200 326 12663 1482 63988
1373112000 52 250 106 373
1373104800 49 243 76 314
1373097600 58 247 249 746
1373090400 53 217 117 310
1373083200 9160 483384 26247 1433428
1373076000 8021 206258 16440 695478
1373068800 8679 153936 17868 751773
1373061600 7465 65681 12383 155275
1373054400 12170 360509 64847 2153152
1373047200 16706 587299 76000 2475447
1373040000 4081 169575 26203 931986
1373032800 9498 499709 35291 1869338
1373025600 21564 853920 71744 2461780
1373018400 22136 1065023 45820 2016560
1373011200 19375 839096 70692 1597978
1373004000 48 217 108 419
1372996800 119 1820 1014 22029
1372989600 309 5333 1369 29852
1372982400 146 3407 687 21194
1372975200 124 2413 673 18198
1372968000 1631 84552 14970 799428
1372960800 1836 84487 31865 1505499
1372953600 57 340 135 3025
1372946400 166 5141 2834 118014
1372939200 53 252 78 302
1372932000 54 266 73 328
1372924800 60 269 258 851
1372917600 3428 168794 35102 1732617
1372910400 50 239 80 343
1372903200 50 233 75 307
1372896000 58 254 231 693
1372888800 49 258 66 347
1372881600 571 2061 3214 11048
1372874400 2885 40719 28002 583739
1372867200 3887 175543 12723 836246
1372860000 742 4729 6010 70084
1372852800 46 254 73 302
1372845600 51 298 68 350
1372838400 56 293 262 902
1372831200 1614 84532 22140 1195659
1372824000 1854 84670 31560 1479945
1372816800 48 263 86 402
1372809600 1056 33472 13798 564053
1372802400 1758 47780 3290 118601
1372795200 681 7475 4133 67236
1372788000 1161 6849 4734 45989
1372780800 4378 170149 21980 1179459
1372773600 1833 84580 30741 1455496
1372766400 1602 84529 24125 1309978
1372759200 43 275 54 316
1372752000 49 280 226 799
1372744800 42 242 105 281
1372737600 56 283 407 1197
1372730400 1822 84534 26254 1253017
1372723200 241290 341493 2265679 2285766
1372716000 5805 237946 46791 2285766
1372708800 1580 16751 5411 119913
1372701600 969 3796 5173 40117
1372694400 724 3516 4591 34165
1372687200 2109 86322 24626 1324316
1372680000 1809 84300 22865 1096089
1372672800 43 261 60 301
1372665600 50 257 225 735
1372658400 43 235 95 289
1372651200 41 229 59 278
1372644000 42 224 60 292
1372636800 3377 129897 22359 1049529
1372629600 41 227 56 263
1372622400 47 244 222 689
1372615200 41 229 58 284
1372608000 46 239 86 308
1372600800 41 228 60 280
1372593600 1595 84310 22176 1198738
1372586400 1833 84555 25925 1221357
1372579200 45 278 224 726
1372572000 52 249 224 726
1372564800 240 7483 4663 174022
1372557600 41 227 80 314
1372550400 129 592 1070 5780
1372543200 3788 171987 56514 2493734
1372536000 40 229 64 263
1372528800 1433 20343 5297 119496
1372521600 63 277 243 747
1372514400 49 248 86 332
1372507200 52 271 74 343
1372500000 1820 84351 31597 1498113
1372492800 1610 48709 25770 543337
1372485600 53 250 85 312
1372478400 62 274 232 755
1372471200 56 265 221 718
1372464000 49 288 77 494
1372456800 62 460 120 1816
1372449600 4768 173425 29008 1343547
1372442400 325 1186 3683 14162
1372435200 1251 6234 3890 28758
1372428000 60 328 224 764
1372420800 47 262 87 379
1372413600 48 268 112 509
1372406400 1830 84346 25272 1205816
1372399200 1609 84346 21922 1206782
1372392000 54 278 87 381
1372384800 48 263 74 372
1372377600 1823 76588 28579 1239257
1372370400 2206 95369 31267 1423033
1372363200 3793 150218 50582 2052952
1372356000 7531 320277 50582 2052952
1372348800 8479 395068 38685 1311466
1372341600 56 310 253 808
1372334400 49 285 79 381
1372327200 50 299 83 368
1372320000 57 295 268 1013
1372312800 1821 84325 27826 1327623
1372305600 536 390 972 1028
1372298400 2079 84482 20736 1218136
1372291200 678 486 819 1019
1372284000 713 926 931 4813
1372276800 923 3055 3579 24162
1372269600 2435 86023 22555 1040065
1372262400 1582 25727 6447 183627
1372255200 2139 137400 26181 1422726
1372248000 47 291 65 376
1372240800 49 295 75 392
1372233600 111 3363 1542 73911
1372226400 52 307 142 507
1372219200 1148 53985 23776 1119047
1372204800 2389 112426 32180 1650655
1372118400 1304 28752 27512 1259880
1372032000 1043 25848 26476 1403887
1371945600 1235 25203 26527 1240451
1371859200 5057 31212 152867 1289312
1371772800 786 35503 26533 1277822
1371686400 1061 27038 27676 1349471
1371600000 1727 74804 30857 1285857
1371513600 826 25195 26371 1311037
1371427200 464 21117 30904 1460900
1371340800 487 19115 31908 1506335
1371254400 5321 78258 476875 1700392
1371168000 1059 48729 30745 1462268
1371081600 319 16081 26148 1226148
1370995200 517 21391 30223 1444682
1370908800 2429 73595 57984 2480065
1370822400 3468 54468 54428 1922031
1370736000 597 278 117303 5829
1370649600 1129 11719 59236 883040
1370563200 1864 1634 242929 105305
1370476800 7062 30790 316056 1417485
1370390400 1313 3787 86679 689227
1370304000 3169 6630 147353 759347
1370217600 1141 466 242527 11972
1370131200 19059 37548 298959 1587449
1370044800 10938 3271 245005 41513
1369958400 8882 58583 301978 1375250
1369872000 84 428 562 18532
1369785600 79 346 288 936
1369699200 81 357 312 6313
1369612800 78 320 275 861
1369526400 114 329 7990 836
1369440000 3471 6189 149446 649049
1369353600 351 448 15039 2525
1369267200 3385 12642 123788 646952
1369180800 673 670 32842 32487
1369094400 8477 15243 186726 674229
1369008000 66 288 106 379
1368921600 66 292 113 426
1368835200 1895 469 16056 1509
1368748800 7806 35714 210893 297827
1368662400 1116 44012 21482 891569
1368576000 1284 55471 26320 1090535
1368489600 805 18109 12051 558233
1368403200 2358 76779 75181 2506300
1368316800 388 12516 11447 538249
1368230400 520 8878 11079 504904
1368144000 3629 120405 69174 2362965
1368057600 652 16188 20939 698953
1367971200 1252 42276 75154 2466327
1367884800 4808 9006 152289 538022
1367798400 9331 97664 461841 758882
1367712000 655 24040 11541 537926
1367625600 7714 305335 71359 2376187
1367539200 540582 276591 2068470 2469165
1367452800 538 8828 11889 532404
1367366400 7838 125114 211759 2189108
1367280000 6837 66482 238016 1633226
1367193600 1036 36419 21244 1064274
1367107200 3502 118653 73732 2484240
1367020800 6524 147102 228790 1995305
1366934400 14202 188514 238452 2108069
1366848000 1182 10328 70048 531100
1366761600 620 14583 33285 1570153
1366675200 7225 18692 248285 745591
1366588800 417 14294 11180 524360
1366502400 374 13992 9759 515617
1366416000 1339 39514 43962 1700050
1366329600 5052 17280 215818 372888
1366243200 1472 45095 38793 1595589
1366156800 4252 18229 223672 524167
1366070400 3010 113964 51251 2054004
1365984000 4270 12888 483739 477342
1365897600 294 9328 10101 469646
1365811200 602 14573 9813 458596
1365724800 538 10844 8959 411111
1365638400 1610 9708 152301 488960
1365552000 1172 10843 156579 540352
1365465600 3289 16499 136583 670020
1365379200 2602 10571 220296 525739
1365292800 187 7543 10722 504499
1365206400 3340 65073 253488 897276
1365120000 8695 391697 36417 1659149
1365033600 10964 481238 21706 910148
1364947200 9179 405510 18482 836538
1364860800 13256 591866 21974 949489
1364774400 13967 637030 20636 941256
1364688000 15284 698384 21413 976637
1364601600 13757 624399 20896 971262
1364515200 11591 291866 366618 1050402
1364428800 8289 234854 95796 2412808
1364342400 7378 5483 193328 408168
1364256000 4034 5487 188293 523738
1364169600 247 9071 8733 436245
1364083200 254 9476 9837 486565
1363996800 308 5148 6572 276636
1363910400 232 4376 9773 525406
1363824000 474 5929 10940 468903
1363737600 361 5214 9065 460916
1363651200 533 14068 7980 377355
1363564800 308 13785 6933 372968
1363478400 231 10103 8870 477347
1363392000 228 4494 10951 399115
1363305600 777 20280 62284 3694014
1363219200 342 5347 9702 523638
1363132800 1668 10699 208917 693758
1363046400 5323 29608 240145 1295234
1362960000 117 3825 10086 526136
1362873600 401 17013 14116 748475
1362787200 342 4619 8039 375079
1362700800 1402 5181 64668 518425
1362614400 122 3892 9708 494832
1362528000 524 8425 14047 636461
1362441600 883 5498 69511 523643
1362355200 170 5894 7493 398654
1362268800 115 3871 9910 529903
1362182400 2366 7941 87298 438454
1362096000 4692 14724 120762 708489
1362009600 373 5994 9215 488333
1361923200 617 11061 11335 556680
1361836800 1016 15529 78870 371679
1361750400 647 20214 9954 486174
1361664000 391 7108 6804 353506
1361577600 469 8854 8381 436228
1361491200 4508 11946 271341 452623
1361404800 734 5402 78615 523239
1361318400 7819 9247 313545 472450
1361232000 346 11948 9224 490506
1361145600 437 16637 9875 525245
1361059200 352 12625 13053 690186
1360972800 200 4299 9950 526665
1360886400 4223 9631 178618 526485
1360800000 6189 15760 180842 524665
1360713600 3871 17254 220795 524799
1360627200 1198 54444 17138 897646
1360540800 319 10771 9778 514969
1360454400 738 29569 9824 523136
1360368000 682 19958 11994 523657
1360281600 9173 32827 180358 875255
1360195200 2315 30653 127112 526439
1360108800 3432 22176 144137 545168
1360022400 3006 20779 231424 523837
1359936000 860 27682 11903 525371
1359849600 1668 21237 104542 1096761
1359763200 9950 82987 159197 1132553
1359676800 65755 65260 866994 812981
1359590400 1573 7597 66967 526393
1359504000 16132 24604 524977 1421272
1359417600 530 5307 6570 163073
1359331200 251 3235 3428 166366
1359244800 261 3649 4282 185250
1359158400 216 3511 4927 211155
1359072000 586 9471 21998 636028
1358985600 1477 33671 56851 2188478
1358899200 299 3885 4823 227694
1358812800 163 3440 4325 224026
1358726400 169 3436 4967 220078
1358640000 188 3552 6872 314715
1358553600 404 4528 7999 346741
1358467200 2274 102523 30483 1363763
1358380800 2356 99565 30605 1362153
1358294400 16101 96755 549780 731865
1358208000 7380 348877 27525 1386434
1358121600 190 3397 4150 201986
1358035200 170 3197 4630 199525
1357948800 564 5673 7203 263361
1357862400 384660 547861 674692 1199611
1357776000 354544 452668 655562 742482
1357689600 138717 249465 594678 1137537
1357603200 1807 47645 17232 686851
1357516800 12 123 1079 1541
1357430400 14 129 1279 2813
1357344000 41872 68791 583719 240304
1357257600 77049 197535 710222 262475
1357171200 11754 44588 302918 220855
1357084800 10 119 914 1095
1356998400 12 127 1098 763
1356912000 17 122 1468 935
1356825600 13 125 1463 1524
1356739200 10 145 886 1244
1356652800 11 145 1096 895
1356566400 11 164 1088 1057
1356480000 17 151 1466 1135
1356393600 9 146 893 654
1356307200 10 149 497 1459
1356220800 11 146 1100 2767
1356134400 13 138 1474 681
1356048000 366 2558 7392 168079
1355961600 1395 42431 58113 2427654
1355875200 354 1489 4879 48065
1355788800 264 1255 4537 97947
1355702400 45 174 923 3446
1355616000 96 263 1111 2158
1355529600 435 3475 5312 200306
1355443200 91 916 3452 151699
1355356800 231 1744 3972 79621
1355270400 310 1552 8078 38305
1355184000 281 1161 5580 56013
1355097600 61 302 1116 1368
1355011200 60 293 1485 1618
1354924800 78 458 1483 1669
1354838400 261 1934 3019 101809
1354752000 76 299 1039 3334
1354665600 186 676 3765 23142
1354579200 194 1103 3348 109672
1354492800 77 236 1577 1358
1354406400 67 238 1322 1525
1354320000 257 833 7097 56715
1354233600 142 307 1062 2445
1354147200 157 356 1597 7983
1354060800 273 1045 7167 37645
1353974400 391 1865 11329 148639
1353888000 70 243 701 1555
1353801600 73 243 1090 1696
1353715200 241 3216 9995 164762
1353628800 4149 428 263166 13109
1353542400 2824 1974 232564 62334
1353456000 414 2643 7615 132832
1353369600 290 1061 4367 19710
1353283200 86 738 3217 139987
1353196800 94 358 1747 21042
1353110400 371 1607 4052 47496
1353024000 2939 1809 329070 51628
1352937600 3160 3177 223316 283996
1352851200 511 2005 12222 35316
1352764800 165 584 4993 15431
1352678400 77 339 1554 2018
1352592000 57 212 1438 2582
1352505600 334 2028 6095 157918
1352419200 436 1382 17498 46402
1352332800 245 824 8652 40219
1352246400 455 1891 8957 69045
1352160000 419 1673 5441 57230
1352073600 110 480 3879 28827
1351987200 52 201 1444 3495
1351900800 469 2238 5367 42619
1351814400 439 2672 8500 106109
1351728000 393 1713 6334 31547
1351641600 13 133 1426 684
1351555200 75 308 1514 13683
1351468800 70 327 596 15344
1351382400 76 267 1450 2476
1351296000 303 1466 8369 83126
1351209600 479 7973 6135 148260
1351123200 615 4448 7126 134301
1351036800 372 1555 5723 44026
1350950400 384 4828 6477 175387
1350864000 72 251 1284 2300
1350777600 67 259 1082 6040
1350691200 308 1014 7203 20348
1350604800 515 4259 12017 176064
1350518400 4236 2405 237795 26785
1350432000 345 1067 6545 25811
1350345600 421 2020 6902 76632
1350259200 119 477 3965 25482
1350172800 178 718 7260 39864
1350086400 679 1918 39577 73411
1350000000 376 1712 6680 92630
1349913600 499 2246 9421 109114
1349827200 177 591 1108 35957
1349740800 402 1294 5834 41331
1349654400 77 226 1041 1507
1349568000 110 360 4407 14368
1349481600 426 2314 8277 51263
1349395200 407 1258 6292 21203
1349308800 485 3703 7799 137981
1349222400 895 7761 49701 173306
1349136000 548 6959 10479 132535
1349049600 124 359 4097 10517
1348963200 146 745 10794 84592
1348876800 580 4494 8034 81855
1348790400 706 9655 11073 355135
1348704000 4420 2340 259248 69185
1348617600 659 4261 15150 169552
1348531200 796 10475 14635 299421
1348444800 357 11072 8110 205763
1348358400 70 542 2872 99007
1348272000 299 1782 4487 86120
1348185600 4116 2069 496300 88369
1348099200 2889 1684 286942 43396
1348012800 1097 1413 209198 53824
1347926400 309 910 5027 18012
1347840000 69 216 1068 1582
1347753600 71 230 1664 2820
1347667200 599 14007 7216 373172
1347580800 460 1601 7369 30583
1347494400 495 2453 6845 75724
1347408000 502 1963 6634 66536
1347321600 296 1191 7478 53512
1347235200 1076 5603 231121 194009
1347148800 6205 6025 546272 190354
1347062400 43590 21090 801404 1931782
1346976000 46105 38625 927930 1801744
1346889600 756 6200 19530 574478
1346803200 2249 1565 484703 62671
1346716800 29 162 248 322
1346630400 28 179 266 5806
1346544000 65 563 1911 99331
1346457600 84 306 356 1058
1346371200 397 1621 8745 66769
1346284800 407 1522 14957 75387
1346198400 378 1386 9520 34784
1346112000 301 1583 5446 153670
1346025600 211 404 26067 8097
1345939200 142 649 3764 30372
1345852800 387 1406 4308 23159
1345766400 353 1068 8014 33295
1345680000 471 1765 6020 20747
1345593600 537 2655 7821 139560
1345507200 284 1210 7200 43580
1345420800 26 187 370 998
1345334400 29 193 353 1047
1345248000 248 823 5667 21785
1345161600 336 3730 5856 90948
1345075200 861 2784 72920 107112
1344988800 603 2236 27161 89096
1344902400 3411 1159 354400 23358
1344816000 51 237 437 2468
1344729600 32934 1555 480584 14255
1344643200 5610 72406 276898 8506665
1344556800 601 2258 15861 73153
1344470400 1292 38872 54853 2419948
1344384000 497 3904 10328 81259
1344297600 441 3231 10808 73166
1344211200 38 219 381 1708
1344124800 28 189 363 1055
1344038400 860 21209 45499 2294098
1343952000 329 1955 5975 102300
1343865600 397 2299 8416 103340
1343779200 554 2114 10291 92507
1343692800 518 1440 22425 39289
1343606400 71 362 405 4821
1343520000 52 235 598 2437
1343433600 168 807 3550 34211
1343347200 384 1334 5407 23718
1343260800 281 1032 4512 36745
1343174400 479 1704 8112 68530
1343088000 261 1069 3652 35576
1343001600 47 203 291 785
1342915200 49 210 342 829
1342828800 265 1051 4573 27985
1342742400 666 9447 12929 281681
1342656000 488 1948 8459 47159
1342569600 539 3144 41492 172209
1342483200 1920 39949 24685 378049
1342396800 10 147 64 196
1342310400 57 288 1192 2398
1342224000 182 740 445 3478
1342137600 433 6779 6497 170916
1342051200 357 1279 8137 89105
1341964800 340 1163 5311 28334
1341878400 428 2266 10791 146099
1341792000 20 165 229 710
1341705600 21 167 231 770
1341619200 19 186 230 674
1341532800 23 189 494 2004
1341446400 42 215 4428 13792
1341360000 293 1116 4026 36056
1341273600 449 1550 5679 31743
1341187200 195 871 497 1631
1341100800 212 980 536 15602
1341014400 291 1295 7620 30044
1340928000 314 1952 7132 195327
1340841600 390 2405 7267 93047
1340755200 315 1505 5778 19225
1340668800 323 1381 5258 30454
1340582400 104 414 4366 12129
1340496000 52 239 378 1061
1340409600 298 1569 5369 45558
1340323200 402 1577 9000 28103
1340236800 178 1058 5219 56269
1340150400 372 2004 7912 56925
1340064000 451 5149 7690 263076
1339977600 58 225 354 899
1339891200 65 238 448 956
1339804800 435 1923 9509 29377
1339718400 444 3117 6758 66577
1339632000 360 4058 5827 123827
1339545600 531 7508 7177 177962
1339459200 295 1321 7989 112312
1339372800 42 230 328 1960
1339286400 42 211 747 3128
1339200000 3143 5880 756560 491006
1339113600 53 298 717 2699
1339027200 378 2354 8602 237555
1338940800 338 4504 7360 183773
1338854400 423 1398 4648 41038
1338768000 130 429 1848 6442
1338681600 1461 556 174487 13322
1338595200 511 931 83882 47837
1338508800 400 1593 6592 65578
1338422400 349 3494 6918 209885
1338336000 337 1804 4787 67034
1338249600 268 5081 12556 103115
1338163200 166 2106 1869 58909
1338076800 72 489 1399 40088
1337990400 419 1739 28611 89771
1337904000 108 1018 2923 65994
1337817600 531 1019 75058 27897
1337731200 600 9302 9322 348415
1337644800 515 3272 15519 273173
1337558400 226 902 2379 15276
1337472000 201 706 1595 10002
1337385600 413 1415 4317 34703
1337299200 437 1351 4414 22570
1337212800 442 1697 6025 67075
1337126400 353 1176 4266 37215
1337040000 465 2567 7733 256057
1336953600 85 334 381 1533
1336867200 87 289 3593 8848
1336780800 383 4970 11597 297457
1336694400 14 223 511 1044
1336608000 1801 6094 228710 143022
1336521600 539 2191 8261 38789
1336435200 241 847 3811 29373
1336348800 118 411 3432 19633
1336262400 1338 323 292762 13352
1336176000 334 1952 5754 119166
1336089600 334 2073 6328 124791
1336003200 512 7415 8720 228947
1335916800 1126 22423 8852 99219
1335830400 524 7611 9664 297717
1335744000 36 235 511 1073
1335657600 31 180 458 825
1335571200 188 895 5183 55423
1335484800 371 3359 5942 190903
1335398400 393 5374 8579 118666
1335312000 458 4643 6684 162683
1335225600 402 3975 7504 169782
1335139200 69 228 511 1020
1335052800 76 253 1287 3748
1334966400 187 704 5286 20023
1334880000 618 7809 8413 239995
1334793600 609 11583 6279 207008
1334707200 529 1888 7406 31362
1334620800 355 1401 7017 55362
1334534400 82 337 476 9544
1334448000 19940 1943 399742 36485
1334361600 328 1015 8036 20086
1334275200 377 3042 8474 156436
1334188800 381 2127 6131 113106
1334102400 433 3427 8813 105740
1334016000 432 1252 5977 23807
1333929600 89 334 836 11033
1333843200 473 12876 11246 211101
1333756800 89 504 1851 32852
1333670400 327 1298 4481 56542
1333584000 427 5354 4939 122588
1333497600 466 2089 32926 137251
1333411200 409 1812 4899 53486
1333324800 226 1031 1035 4116
1333238400 234 1211 1635 49245
1333152000 380 1568 6539 32213
1333065600 107 639 2923 55816
1332979200 379 3026 6458 215042
1332892800 496 2542 7741 77207
1332806400 360 2059 5247 142695
1332720000 280 1056 649 4140
1332633600 220 998 635 1482
1332547200 794 10194 7152 182925
1332460800 520 4219 7226 125751
1332374400 264 1248 5187 84361
1332288000 442 2820 10994 173632
1332201600 458 1898 13577 55586
1332115200 78 299 626 10457
1332028800 91 293 1795 4337
1331942400 1043 17770 9525 106339
1331856000 360 3983 3810 60064
1331769600 292 2199 7125 101919
1331683200 494 3810 12725 73186
1331596800 465 5593 9378 301319
1331510400 139 360 568 842
1331424000 67 234 523 1141
1331337600 266 1041 4699 25126
1331251200 455 4216 6119 74944
1331164800 615 7490 7061 66516
1331078400 701 8342 8808 120065
1330992000 4752 1022 224098 49896
1330905600 94 660 658 15993
1330819200 94 1365 3621 160266
1330732800 332 1265 3253 37293
1330646400 271 903 6803 30779
1330560000 512 2501 6101 196156
1330473600 1091 5389 121579 83352
1330387200 414 1997 4520 40233
1330300800 87 639 512 1518
1330214400 93 665 703 3459
1330128000 287 1431 6245 24365
1330041600 224 1017 5179 27763
1329955200 420 1090 8178 27692
1329868800 428 1295 7543 40290
1329782400 168 401 523 2640
1329696000 474 14132 4065 187844
1329609600 148 352 538 1515
1329523200 348 1499 4166 17876
1329436800 191 736 5240 16534
1329350400 433 2201 4674 63849
1329264000 407 1877 4755 44082
1329177600 358 1668 6215 51564
1329091200 78 261 771 2066
1329004800 95 299 1194 4407
1328918400 444 1523 4844 34038
1328832000 270 861 3683 21835
1328745600 345 957 3996 13458
1328659200 259 4237 15041 614905
1328572800 426 2255 16579 128105
1328486400 14350 799 324085 12617
1328400000 80122 3621 346722 17389
1328313600 209022 10859 236229 51255
1328227200 1908 1296 188666 57645
1328140800 447 2196 11817 60677
1328054400 163 613 2988 16807
1327968000 1017 2065 130177 111399
1327881600 126 270 509 2726
1327795200 123 281 909 4035
1327708800 539 1973 13049 57785
1327622400 291 1099 3568 17744
1327536000 284 1167 6288 23545
1327449600 173 901 3323 25688
1327363200 209 690 3882 15255
1327276800 94 351 2052 6467
1327190400 78 304 454 2961
1327104000 192 689 4441 36002
1327017600 82 310 465 2523
1326931200 120 439 2981 9096
1326844800 305 629 28232 35879
1326758400 169 494 3237 8546
1326672000 314 350 57968 4011
1326585600 729 325 143791 6345
1326499200 454 2557 5107 53376
1326412800 421 1997 5796 136706
1326326400 161 849 4156 32328
1326240000 401 982 25253 25801
1326153600 277 797 15199 21927
1326067200 68 234 490 2681
1325980800 76 270 791 5792
1325894400 3869 137988 11745 313408
1325808000 3242 105271 11813 233743
1325721600 2295 78992 11354 341954
1325635200 1141 31093 9324 208717
1325548800 48 182 449 2420
1325462400 46 183 437 2412
1325376000 44 173 448 448
1325289600 53 248 505 5554
1325203200 68 274 563 3064
1325116800 64 260 475 2327
1325030400 87 288 557 7328
1324944000 118 240 517 2312
1324857600 114 230 568 2323
1324771200 114 230 525 2400
1324684800 126 354 738 19145
1324598400 60526 4245 329631 32657
1324512000 9610 2396 222603 84170
1324425600 974 1139 109261 16064
1324339200 390 1992 11622 39625
1324252800 30718 2276 309840 16131
1324166400 99 663 619 5401
1324080000 28882 3077 350469 30478
1323993600 27127 3180 325605 79839
1323907200 499 2033 5625 31497
1323820800 446 2754 4718 128048
1323734400 2167 69027 13001 393251
1323648000 2471 781 80860 5501
1323561600 78 616 506 1580
1323475200 400 2467 7039 44128
1323388800 413 2093 16971 53075
1323302400 542 2472 4421 25295
1323216000 18667 2631 378443 20546
1323129600 652 1952 44960 24250
1323043200 358 7863 4707 206146
1322956800 199 978 585 1576
1322870400 399 2026 5227 56922
1322784000 2985 3971 243218 105379
1322697600 1824 1923 246352 36783
1322611200 347 1677 6514 28711
1322524800 421 2121 5721 143646
1322438400 96 642 594 1180
1322352000 423 766 49115 8429
1322265600 145 896 7396 48986
1322179200 114 691 1519 4695
1322092800 18378 2335 230802 15211
1322006400 739 7017 17568 617227
1321920000 1264 1698 100195 50617
1321833600 406 802 21942 6648
1321747200 1034 852 148238 8598
1321660800 37299 3720 346845 41041
1321574400 588 1778 3889 14767
1321488000 1385 19111 21611 309604
1321401600 13251 2472 291103 22677
1321315200 431 2881 4469 81178
1321228800 260 1411 817 2465
1321142400 266 1467 651 13418
1321056000 8736 26792 180691 448757
1320969600 429 3839 7192 216363
1320883200 3593 112215 140795 4470431
1320796800 320 3373 9518 136872
1320710400 7742 2375 438991 72758
1320624000 1441 12077 105183 191764
1320537600 568 16936 5362 211920
1320451200 727 4292 51852 208432
1320364800 54491 39200 240260 260307
1320278400 2426 80853 29051 212508
1320192000 698 14308 12065 224792
1320105600 435 3436 7066 221620
1320019200 162 313 521 1133
1319932800 151 303 533 2993
1319846400 300 1316 6755 45225
1319760000 2009 28026 158400 194376
1319673600 24527 30042 319164 204407
1319587200 1191 1554 247432 87442
1319500800 1947 36231 95958 254381
1319414400 160 1246 3011 119273
1319328000 275 3131 9549 154706
1319241600 10309 21396 219662 189382
1319155200 40775 4441 464966 163712
1319068800 1844 1407 218853 23146
1318982400 220 936 3818 23009
1318896000 474 1145 24781 56820
1318809600 3093 3645 195404 172301
1318723200 185 310 741 1757
1318636800 361 1068 7051 23002
1318550400 2043 1282 201104 131840
1318464000 6251 2003 236290 102441
1318377600 393 4139 6793 150005
1318291200 144 552 4434 23423
1318204800 57 200 466 454
1318118400 58 218 590 3812
1318032000 322 1388 4800 51998
1317945600 343 1479 4135 25152
1317859200 239 1553 3359 57230
1317772800 316 1837 4259 30251
1317686400 329 1682 6674 40503
1317600000 73 236 453 890
1317513600 73 235 532 766
1317427200 260 1172 4352 33824
1317340800 413 1642 5188 42012
1317254400 346 1406 4705 25874
1317168000 76 331 573 3954
1317081600 248 1371 4944 41091
1316995200 78 270 518 1286
1316908800 100 292 593 2354
1316822400 438 2343 8002 179322
1316736000 490 1497 8474 33511
1316649600 367 1548 3408 62757
1316563200 368 1552 5042 49447
1316476800 365 2077 7086 82227
1316390400 78 298 1738 2664
1316304000 84 359 532 17850
1316217600 510 2361 7833 37634
1316131200 476 2926 4933 160361
1316044800 435 2086 6164 143053
1315958400 377 1672 5474 32846
1315872000 287 1751 3227 90147
1315785600 82 285 393 813
1315699200 83 285 464 1970
1315612800 158 626 3534 13806
1315526400 307 1307 4116 29499
1315440000 311 1051 3981 25324
1315353600 262 861 3459 19526
1315267200 90 296 586 3694
1315180800 83 265 421 986
1315094400 86 287 419 1514
1315008000 254 864 2810 16689
1314921600 238 1069 2468 39208
1314835200 58 282 402 2488
1314748800 224 856 9943 36910
1314662400 229 1347 8900 155379
1314576000 0 130 0 139
1314489600 0 130 0 139
1314403200 327 1511 7687 56654
1314316800 282 1254 4312 29242
1314230400 258 1649 3875 117236
1314144000 240 2771 3414 101885
1314057600 326 1845 3217 61559
1313971200 76 310 472 2673
1313884800 88 375 1085 14423
1313798400 170 934 3713 46841
1313712000 286 1381 4819 43546
1313625600 183 927 2330 17632
1313539200 418 1923 3541 50607
1313452800 86 330 603 1137
1313366400 86 266 451 860
1313280000 85 277 434 1092
1313193600 349 2052 3303 110443
1313107200 290 1247 5029 71777
1313020800 286 1120 3989 37362
1312934400 1032 3578 166642 149661
1312848000 466 2854 9661 101856
1312761600 101 287 634 3449
1312675200 112 295 579 1008
1312588800 344 1422 4948 76666
1312502400 391 1706 6640 102259
1312416000 28632 4815 7684316 554370
1312329600 375 1395 4912 89389
1312243200 5547 1999 335893 39514
1312156800 144 346 503 1352
1312070400 145 352 753 1557
1311984000 1642 2629 109973 60574
1311897600 974 6171 21804 171613
1311811200 523 1659 13921 48249
1311724800 489 1368 8045 31535
1311638400 415 1524 8947 55090
1311552000 163 324 779 2049
1311465600 169 339 741 1288
1311379200 604 2363 18459 59156
1311292800 423 1250 11075 26367
1311206400 196 718 5858 9540
1311120000 484 1101 9276 15934
1311033600 82 282 441 1263
1310947200 84 258 448 1010
1310860800 81 256 519 1199
1310774400 244 760 6069 24679
1310688000 125 516 629 2673
1310601600 575 2016 7683 27769
1310515200 137 854 1553 21827
1310428800 433 1219 8254 18154
1310342400 83 269 564 1144
1310256000 85 271 632 1773
1310169600 241 726 5908 19883
1310083200 596 2190 9781 45931
1309996800 514 1605 36434 55142
1309910400 282 1038 8009 37229
1309824000 89 292 495 1364
1309737600 90 302 555 1873
1309651200 115 444 546 2122
1309564800 162 738 912 4015
1309478400 341 1363 11403 86631
1309392000 530 1836 4422 24308
1309305600 728 1919 13361 33428
1309219200 439 1232 9719 47750
1309132800 150 309 775 2000
1309046400 172 397 594 1860
